info|2025-10-27 01:22:44.961922|fisco-bcos-0x00007f5e197c9dc0|[INITIALIZER][initGlobalConfig],enableCompress=true,compatibilityVersion=2.11.0,versionNumber=34275328,enableStat=false,chainId=1,useSMCrypto=true,IgnoreObserverWriteRequest=false
info|2025-10-27 01:22:44.962842|fisco-bcos-0x00007f5e197c9dc0|[INITIALIZER][SecureInitializerGM]get pub of node,nodeID=064cb676a36047a4b52ecbf9c01664b1e987d91b438110ba6a12d96972726622e824d295b1de8b0298b5afe7bbbc0bd04a3890e1a36eae028c1cfbe07971b995
info|2025-10-27 01:22:44.963723|fisco-bcos-0x00007f5e197c9dc0|[NETWORK][Host]Connecting to node,endpoint=127.0.0.1:30300
info|2025-10-27 01:22:44.963866|fisco-bcos-0x00007f5e197c9dc0|[NETWORK][Host]Connecting to node,endpoint=127.0.0.1:30301
info|2025-10-27 01:22:44.963939|fisco-bcos-0x00007f5e197c9dc0|[NETWORK][Host]Connecting to node,endpoint=127.0.0.1:30302
info|2025-10-27 01:22:44.963982|fisco-bcos-0x00007f5e197c9dc0|[NETWORK][Host]Connecting to node,endpoint=127.0.0.1:30303
info|2025-10-27 01:22:44.964024|fisco-bcos-0x00007f5e197c9dc0|[P2P][Service] heartBeat,connected count=0
info|2025-10-27 01:22:44.964056|fisco-bcos-0x00007f5e197c9dc0|[INITIALIZER][RPCInitializer],network_security.check_cert_issuer=true
info|2025-10-27 01:22:44.964763|fisco-bcos-0x00007f5e197c9dc0|[CHANNEL][ChannelServer::run],threadPoolSize=8
info|2025-10-27 01:22:44.964856|fisco-bcos-0x00007f5e197c9dc0|[CHANNEL]ChannelRPCServer started
info|2025-10-27 01:22:44.964864|fisco-bcos-0x00007f5e197c9dc0|[INITIALIZER][RPCInitializer: ChannelRPCHttpServer started.],disableDynamicGroup=false,uncheckGroupMember=false,threadSize=8
info|2025-10-27 01:22:44.964872|fisco-bcos-0x00007f5e197c9dc0|[INITIALIZER][LedgerInitializer]initConfig
info|2025-10-27 01:22:44.964888|fisco-bcos-0x00007f5e197c9dc0|[LedgerInitializer],groupConfigPath=conf/
info|2025-10-27 01:22:44.965091|fisco-bcos-0x00007f5e197c9dc0|[INITIALIZER][initSingleLedger] [GroupId], LedgerConstructor:  1,configFileName=conf/group.1.genesis,dataDir=data/
info|2025-10-27 01:22:44.965166|fisco-bcos-0x00007f5e197c9dc0|[g:1][LedgerParam][parseGenesisConfig]initConsensusConfig/initStorageConfig/initTxConfig,configFile=conf/group.1.genesis
info|2025-10-27 01:22:44.965181|fisco-bcos-0x00007f5e197c9dc0|[g:1][LedgerParam][initConsensusConfig],type=pbft,consensusTimeout=3,maxTxNum=1000,txGasLimit=300000000
info|2025-10-27 01:22:44.965197|fisco-bcos-0x00007f5e197c9dc0|[g:1][LedgerParam][parsePublicKeyListOfSection],sectionName=consensus,it.first=73994dae9e8b8da733108a4153dfe79151d701dff425f84c87b5324e8ebd02ab6a0ebc9e4f1e0298a7ddca50f94a8f95c62b6997226d571e470e8f2b0600634a
info|2025-10-27 01:22:44.965210|fisco-bcos-0x00007f5e197c9dc0|[g:1][LedgerParam][parsePublicKeyListOfSection],sectionName=consensus,it.first=374bdfe969e1d8ea1200ade93e5d8cf1a7d5741f238011004b0f43ca818706f194b2f067e1708125f7ffc536610b9a72addbd56b238d65f18912be39037ffcc5
info|2025-10-27 01:22:44.965221|fisco-bcos-0x00007f5e197c9dc0|[g:1][LedgerParam][parsePublicKeyListOfSection],sectionName=consensus,it.first=87d00b98321fc70a5abc85ad9e80db10cce315194133697bf74aace1d3f8430957a766240f751752708f4282f46110d6ea56c3eb5d1c02ce98a66f327f595270
info|2025-10-27 01:22:44.965239|fisco-bcos-0x00007f5e197c9dc0|[g:1][LedgerParam][parsePublicKeyListOfSection],sectionName=consensus,it.first=064cb676a36047a4b52ecbf9c01664b1e987d91b438110ba6a12d96972726622e824d295b1de8b0298b5afe7bbbc0bd04a3890e1a36eae028c1cfbe07971b995
info|2025-10-27 01:22:44.965246|fisco-bcos-0x00007f5e197c9dc0|[g:1][LedgerParam][parsePublicKeyListOfSection],totalPubKeySize=4
info|2025-10-27 01:22:44.965267|fisco-bcos-0x00007f5e197c9dc0|[g:1][LedgerParam][max_block_range],maxBlockRange=0,maxBlockPerProcess=3
info|2025-10-27 01:22:44.965273|fisco-bcos-0x00007f5e197c9dc0|[g:1][LedgerParam][parseGenesisConfig],timestamp=1759762229000
info|2025-10-27 01:22:44.965283|fisco-bcos-0x00007f5e197c9dc0|[g:1][LedgerParam]setEVMFlags,enableFreeStorageVMSchedule=false,evmFlags=0
info|2025-10-27 01:22:44.965296|fisco-bcos-0x00007f5e197c9dc0|[g:1][LedgerParam]store evmFlag,evmFlag=0
info|2025-10-27 01:22:44.965301|fisco-bcos-0x00007f5e197c9dc0|[g:1][LedgerParam]store consensus time,consensusTimeout=3
info|2025-10-27 01:22:44.965305|fisco-bcos-0x00007f5e197c9dc0|[g:1][LedgerParam][initMark],genesisMark=1-064cb676a36047a4b52ecbf9c01664b1e987d91b438110ba6a12d96972726622e824d295b1de8b0298b5afe7bbbc0bd04a3890e1a36eae028c1cfbe07971b995,374bdfe969e1d8ea1200ade93e5d8cf1a7d5741f238011004b0f43ca818706f194b2f067e1708125f7ffc536610b9a72addbd56b238d65f18912be39037ffcc5,73994dae9e8b8da733108a4153dfe79151d701dff425f84c87b5324e8ebd02ab6a0ebc9e4f1e0298a7ddca50f94a8f95c62b6997226d571e470e8f2b0600634a,87d00b98321fc70a5abc85ad9e80db10cce315194133697bf74aace1d3f8430957a766240f751752708f4282f46110d6ea56c3eb5d1c02ce98a66f327f595270,-pbft-storage-0-1000-300000000-3
info|2025-10-27 01:22:44.965317|fisco-bcos-0x00007f5e197c9dc0|[g:1][LedgerParam][initIniConfig]initTxPoolConfig/initSyncConfig/initTxExecuteConfig,configFile=conf/group.1.ini
info|2025-10-27 01:22:44.965466|fisco-bcos-0x00007f5e197c9dc0|[g:1][LedgerParam][initStorageConfig],stateType=storage,storageDB=rocksdb,storagePath=data//group1/block/RocksDB,baseDir=data//group1,dbtype=mysql,dbip=127.0.0.1,dbport=3306,dbcharset=utf8mb4,initconnections=15,maxconnections=50,scrollThreshold=2000,enableReconfirmCommittee=false
info|2025-10-27 01:22:44.965482|fisco-bcos-0x00007f5e197c9dc0|[g:1][LedgerParam][initTxPoolConfig],txPoolLimit=150000,memorySizeLimit(MB)=512,notifyWorkerNum=2,txsExpirationTime(ms)=600000
info|2025-10-27 01:22:44.965490|fisco-bcos-0x00007f5e197c9dc0|[g:1][LedgerParam][initSyncConfig],idleWaitMs=200
info|2025-10-27 01:22:44.965499|fisco-bcos-0x00007f5e197c9dc0|[g:1][LedgerParam][initSyncConfig],enableSendTxsByTree=true,enableSendBlockStatusByTree=true
info|2025-10-27 01:22:44.965506|fisco-bcos-0x00007f5e197c9dc0|[g:1][LedgerParam][initSyncConfig],gossipInterval=1000
info|2025-10-27 01:22:44.965518|fisco-bcos-0x00007f5e197c9dc0|[g:1][LedgerParam][initSyncConfig],enableSendBlockStatusByTree=true,gossipInterval=1000,gossipPeers=3,syncTreeWidth=3,maxQueueSizeForBlockSync=536870912,txsStatusGossipMaxPeers=5,syncInfoPrintInterval=10,freeNodeRead=false
info|2025-10-27 01:22:44.965525|fisco-bcos-0x00007f5e197c9dc0|[g:1][LedgerParam][InitTxExecuteConfig],enableParallel=true
info|2025-10-27 01:22:44.965550|fisco-bcos-0x00007f5e197c9dc0|[g:1][LedgerParam][initConsensusIniConfig],maxTTL=2,minBlockGenerationTime=500,enablDynamicBlockSize=true,blockSizeIncreaseRatio=0.5,enableTTLOptimize=true,enablePrepareWithTxsHash=true
info|2025-10-27 01:22:44.965578|fisco-bcos-0x00007f5e197c9dc0|[g:1][LedgerParam][initRPBFTConsensusIniConfig],broadcastPrepareByTree=true,prepareStatusBroadcastPercent=33,maxRequestMissedTxsWaitTime=100,maxRequestPrepareWaitTime=100
info|2025-10-27 01:22:44.965584|fisco-bcos-0x00007f5e197c9dc0|[g:1][LedgerParam][initFlowControlConfig],maxQPS=9223372036854775807,outGoingBandwidth(Bytes)=9223372036854775807
info|2025-10-27 01:22:44.965590|fisco-bcos-0x00007f5e197c9dc0|[g:1][LedgerParam]parseSDKAllowList,sdkAllowList=[],enableSDKAllowListControl=false
info|2025-10-27 01:22:44.965606|fisco-bcos-0x00007f5e197c9dc0|[g:1][LEDGER][initLedger][DBInitializer]
info|2025-10-27 01:22:44.965610|fisco-bcos-0x00007f5e197c9dc0|[g:1][LEDGER]setSDKAllowList,groupId=1,sdkAllowListSize=0
info|2025-10-27 01:22:44.965614|fisco-bcos-0x00007f5e197c9dc0|[g:1][CHANNEL]registerSDKAllowListByGroupId,groupId=1,size=0
info|2025-10-27 01:22:44.965618|fisco-bcos-0x00007f5e197c9dc0|[g:1][CHANNEL]Disable group-level sdk permission control for sdk allowlist is empty
info|2025-10-27 01:22:44.965630|fisco-bcos-0x00007f5e197c9dc0|[g:1][DBINITIALIZER] [initStorageDB]
info|2025-10-27 01:22:44.965635|fisco-bcos-0x00007f5e197c9dc0|[g:1][DBINITIALIZER] [initRocksDBStorage]
info|2025-10-27 01:22:44.965657|fisco-bcos-0x00007f5e197c9dc0|[g:1][ROCKSDB]open rocksDB handler,path=data//group1/block/RocksDB
info|2025-10-27 01:22:44.973475|io_service-0x00007f5e16a50700|[NETWORK][Host]P2P StartAccept,Host=0.0.0.0:30303
info|2025-10-27 01:22:44.973664|io_service-0x00007f5e16a50700|[NETWORK][ASIO]asyncResolveConnect,endpoint=127.0.0.1:30300
info|2025-10-27 01:22:44.973709|io_service-0x00007f5e16a50700|[NETWORK][ASIO]asyncResolveConnect,endpoint=127.0.0.1:30301
info|2025-10-27 01:22:44.973745|io_service-0x00007f5e16a50700|[NETWORK][ASIO]asyncResolveConnect,endpoint=127.0.0.1:30302
info|2025-10-27 01:22:44.973789|io_service-0x00007f5e16a50700|[NETWORK][ASIO]asyncResolveConnect,endpoint=127.0.0.1:30303
info|2025-10-27 01:22:44.974034|io_service-0x00007f5e16a50700|[NETWORK][Host]P2P Recv Connect, From=127.0.0.1:47830
info|2025-10-27 01:22:44.974075|io_service-0x00007f5e16a50700|[NETWORK][Host]P2P StartAccept,Host=0.0.0.0:30303
info|2025-10-27 01:22:45.022954|fisco-bcos-0x00007f5e197c9dc0|[g:1][g:1][STORAGE][CachedStorage]Init flushStorage thread
info|2025-10-27 01:22:45.023041|fisco-bcos-0x00007f5e197c9dc0|[g:1][DBINITIALIZER] [init CachedStorage],maxCapacity=32,maxForwardBlock=10
info|2025-10-27 01:22:45.023049|fisco-bcos-0x00007f5e197c9dc0|[g:1][LEDGER][initLedger][initBlockChain]
info|2025-10-27 01:22:45.023275|fisco-bcos-0x00007f5e197c9dc0|[g:1][LEDGER]set enableHexBlock to be false,version=34275328
info|2025-10-27 01:22:45.023289|fisco-bcos-0x00007f5e197c9dc0|[g:1][BLOCKCHAIN][#checkAndBuildGenesisBlock],shouldBuild=false
info|2025-10-27 01:22:45.023592|fisco-bcos-0x00007f5e197c9dc0|[g:1][BLOCKCHAIN][#checkAndBuildGenesisBlock]Already have the 0th block, 0th groupMark is equal to file groupMark.
info|2025-10-27 01:22:45.023600|fisco-bcos-0x00007f5e197c9dc0|[g:1][LEDGER][initLedger]initBlockChain SUCC
info|2025-10-27 01:22:45.023638|fisco-bcos-0x00007f5e197c9dc0|[g:1][DBINITIALIZER] [createStateFactory],type=storage
info|2025-10-27 01:22:45.023643|fisco-bcos-0x00007f5e197c9dc0|[g:1][DBINITIALIZER] createStorageState SUCC
info|2025-10-27 01:22:45.023646|fisco-bcos-0x00007f5e197c9dc0|[g:1][DBINITIALIZER] [createStateFactory SUCC]
info|2025-10-27 01:22:45.023649|fisco-bcos-0x00007f5e197c9dc0|[g:1][DBINITIALIZER] createExecutiveContext...
info|2025-10-27 01:22:45.023663|fisco-bcos-0x00007f5e197c9dc0|[g:1][LEDGER]createGasMetric,vmFlagType=0
info|2025-10-27 01:22:45.023667|fisco-bcos-0x00007f5e197c9dc0|[g:1][LEDGER]createGasMetric
info|2025-10-27 01:22:45.023679|fisco-bcos-0x00007f5e197c9dc0|[g:1][DBINITIALIZER] create precompiledGasFactory and precompiledResultFactory
info|2025-10-27 01:22:45.023683|fisco-bcos-0x00007f5e197c9dc0|[g:1][DBINITIALIZER] createExecutiveContext SUCC
info|2025-10-27 01:22:45.023691|fisco-bcos-0x00007f5e197c9dc0|[g:1][DBINITIALIZER] [setSyncNumForCachedStorage],syncNum=708
info|2025-10-27 01:22:45.023696|fisco-bcos-0x00007f5e197c9dc0|[g:1][LEDGER][initNetworkBandWidthLimiter: outGoingBandwidthLimit has been disabled],groupId=1
info|2025-10-27 01:22:45.023699|fisco-bcos-0x00007f5e197c9dc0|[g:1][LEDGER][QPSLimit has been disabled],groupId=1
info|2025-10-27 01:22:45.023703|fisco-bcos-0x00007f5e197c9dc0|[g:1][LEDGER][initLedger][initBlockVerifier]
info|2025-10-27 01:22:45.023744|fisco-bcos-0x00007f5e197c9dc0|[g:1][LEDGER][initLedger][initBlockVerifier SUCC],evmFlags=0
info|2025-10-27 01:22:45.023748|fisco-bcos-0x00007f5e197c9dc0|[g:1][LEDGER][initLedger][initTxPool],txPoolLimit=150000
info|2025-10-27 01:22:45.136817|io_service-0x00007f5e16a50700|[NETWORK][Host]handshakeClient succ,local endpoint=127.0.0.1:49768
info|2025-10-27 01:22:45.137023|P2P-0x00007f5e18a54700|[P2P][Service] Connection established,nodeID=73994dae...,endpoint=127.0.0.1:30300
info|2025-10-27 01:22:45.137100|io_service-0x00007f5e16a50700|[NETWORK][Host]startPeerSession, Remote=127.0.0.1:30300,local endpoint=127.0.0.1:49768,nodeID=73994dae...
info|2025-10-27 01:22:45.137610|io_service-0x00007f5e16a50700|[NETWORK][Host]handshakeServer succ,remote endpoint=127.0.0.1:47830
info|2025-10-27 01:22:45.138029|io_service-0x00007f5e16a50700|[NETWORK][Host]startPeerSession, Remote=127.0.0.1:47830,local endpoint=127.0.0.1:30303,nodeID=064cb676...
info|2025-10-27 01:22:45.139062|io_service-0x00007f5e16a50700|[NETWORK][Host]handshakeClient succ,local endpoint=127.0.0.1:47830
info|2025-10-27 01:22:45.140100|io_service-0x00007f5e16a50700|[NETWORK][Host]startPeerSession, Remote=127.0.0.1:30303,local endpoint=127.0.0.1:47830,nodeID=064cb676...
info|2025-10-27 01:22:45.141537|io_service-0x00007f5e16a50700|[NETWORK][Host]handshakeClient succ,local endpoint=127.0.0.1:37300
info|2025-10-27 01:22:45.142996|P2P-0x00007f5e17251700|[P2P][Service] Connection established,nodeID=374bdfe9...,endpoint=127.0.0.1:30301
info|2025-10-27 01:22:45.143102|io_service-0x00007f5e16a50700|[NETWORK][Host]startPeerSession, Remote=127.0.0.1:30301,local endpoint=127.0.0.1:37300,nodeID=374bdfe9...
info|2025-10-27 01:22:45.143323|io_service-0x00007f5e16a50700|[NETWORK][Host]handshakeClient succ,local endpoint=127.0.0.1:41424
info|2025-10-27 01:22:45.143644|P2P-0x00007f5e18a54700|[P2P][Service] Connection established,nodeID=87d00b98...,endpoint=127.0.0.1:30302
info|2025-10-27 01:22:45.143711|io_service-0x00007f5e16a50700|[NETWORK][Host]startPeerSession, Remote=127.0.0.1:30302,local endpoint=127.0.0.1:41424,nodeID=87d00b98...
info|2025-10-27 01:22:45.155144|fisco-bcos-0x00007f5e197c9dc0|[g:1][LEDGER][initLedger]initTxPool SUCC
info|2025-10-27 01:22:45.155197|fisco-bcos-0x00007f5e197c9dc0|[g:1][LEDGER][initLedger][initSync],idleWaitMs=200,gossipInterval=1000,gossipPeers=3
info|2025-10-27 01:22:45.155207|fisco-bcos-0x00007f5e197c9dc0|[g:1][LEDGER]Init sync master,enableSendBlockStatusByTree=true,enableSendTxsByTree=true
info|2025-10-27 01:22:45.158104|fisco-bcos-0x00007f5e197c9dc0|[g:1][LEDGER][initLedger]initSync SUCC
info|2025-10-27 01:22:45.158118|fisco-bcos-0x00007f5e197c9dc0|[g:1][LEDGER][initLedger][consensusInitFactory]
info|2025-10-27 01:22:45.158122|fisco-bcos-0x00007f5e197c9dc0|[g:1][LEDGER][initLedger][createPBFTSealer]
info|2025-10-27 01:22:45.158128|fisco-bcos-0x00007f5e197c9dc0|[g:1][LEDGER][initLedger][createPBFTSealer],baseDir=data//group1,Protocol=65544
info|2025-10-27 01:22:45.158178|fisco-bcos-0x00007f5e197c9dc0|[g:1][LEDGER][initLedger]createPBFTSealer for PBFT or rPBFT,consensusType=pbft
info|2025-10-27 01:22:45.158183|fisco-bcos-0x00007f5e197c9dc0|[g:1][LEDGER]createConsensusEngine: create PBFTEngine
info|2025-10-27 01:22:45.158191|fisco-bcos-0x00007f5e197c9dc0|[g:1][CONSENSUS][PBFT]Register handler for PBFTEngine
info|2025-10-27 01:22:45.158600|fisco-bcos-0x00007f5e197c9dc0|[g:1][CONSENSUS][PBFT]setMinBlockGenerationTime,minBlockGenerationTime=500,consensusTime=1000
info|2025-10-27 01:22:45.158613|fisco-bcos-0x00007f5e197c9dc0|[g:1][LEDGER][initEventLogFilterManager]initEventLogFilterManager SUCC
info|2025-10-27 01:22:45.158618|fisco-bcos-0x00007f5e197c9dc0|[LedgerInitializer init group succ],groupID=1
info|2025-10-27 01:22:45.158803|fisco-bcos-0x00007f5e197c9dc0|[SafeHttpServer::StartListening]use default epoll
info|2025-10-27 01:22:45.159068|fisco-bcos-0x00007f5e197c9dc0|[INITIALIZER][RPCInitializer JsonrpcHttpServer started],jsonrpc_IP=127.0.0.1,jsonrpc_listen_port=8548,jsonrpc_thread_count=8,ipv6=false,disableDynamicGroup=false,uncheckGroupMember=false
info|2025-10-27 01:22:45.159081|fisco-bcos-0x00007f5e197c9dc0|[g:1][LEDGER]startAll...
info|2025-10-27 01:22:45.187472|alignTime-1-0x00007f5e07231700|[g:1][NodeTimeMaintenance]updateTimeInfo: update median time offset,updatedMedianTimeOffset=-11,peer=73994dae...,peerTime=1761553365176,peerOffset=-11,utcTime=1761553365187
info|2025-10-27 01:22:45.197529|fisco-bcos-0x00007f5e197c9dc0|[g:1][GossipBlockStatus]start GossipBlockStatus succ
info|2025-10-27 01:22:45.197575|fisco-bcos-0x00007f5e197c9dc0|[g:1][CONSENSUS][ConsensusEngine][Start ConsensusEngineBase]
info|2025-10-27 01:22:45.205666|fisco-bcos-0x00007f5e197c9dc0|[g:1][CONSENSUS][PBFT]^^^^^^^^Report,num=708,sealerIdx=2,hash=698a8deb...,next=709,tx=1,nodeIdx=0
info|2025-10-27 01:22:45.205843|fisco-bcos-0x00007f5e197c9dc0|[g:1][ROCKSDB]open rocksDB handler,path=data//group1/pbftMsgBackup/RocksDB
info|2025-10-27 01:22:45.233065|fisco-bcos-0x00007f5e197c9dc0|[g:1][CONSENSUS][PBFT][PBFT init env successfully]
info|2025-10-27 01:22:45.233184|fisco-bcos-0x00007f5e197c9dc0|[g:1][CONSENSUS][PBFT][Start PBFTEngine...]
info|2025-10-27 01:22:45.233189|fisco-bcos-0x00007f5e197c9dc0|[g:1][CONSENSUS][SEALER][Start sealer module]
info|2025-10-27 01:22:45.239633|fisco-bcos-0x00007f5e197c9dc0|[g:1][EVENT][EventLogFilterManager]start,m_maxBlockRange=0,m_maxBlockPerLoopFilter=3
info|2025-10-27 01:22:45.297168|alignTime-1-0x00007f5e07231700|[g:1][NodeTimeMaintenance]updateTimeInfo: update median time offset,updatedMedianTimeOffset=-6,peer=87d00b98...,peerTime=1761553365296,peerOffset=-1,utcTime=1761553365297
info|2025-10-27 01:22:46.070703|alignTime-1-0x00007f5e07231700|[g:1][NodeTimeMaintenance]updateTimeInfo: update median time offset,updatedMedianTimeOffset=-1,peer=374bdfe9...,peerTime=1761553366070,peerOffset=0,utcTime=1761553366070
info|2025-10-27 01:22:46.206440|PBFTSeal-1-0x00007f5df520d700|[g:1][CONSENSUS][SEALER]++++++++++++++++ Generating seal on,blkNum=709,tx=0,nodeIdx=0,hash=31ec50d7...
info|2025-10-27 01:22:46.215303|PBFT-1-0x00007f5dfca1c700|[g:1][CONSENSUS][PBFT]checkTimeout Succ,view=0,toView=1,nodeIdx=0,changeCycle=1,myNode=064cb676...,timecost=2
info|2025-10-27 01:22:46.218093|PBFT-1-0x00007f5dfca1c700|[g:1][CONSENSUS][PBFT]checkAndChangeView: Reach consensus,org_view=0,cur_changeCycle=1,curView=0,view=1
info|2025-10-27 01:22:50.007970|P2P-0x00007f5e18a54700|[NETWORK][Session]Received topic: [3	_block_notify_1] from 73994dae9e8b8da733108a4153dfe79151d701dff425f84c87b5324e8ebd02ab6a0ebc9e4f1e0298a7ddca50f94a8f95c62b6997226d571e470e8f2b0600634a
info|2025-10-27 01:22:50.098802|P2P-0x00007f5e18a54700|[NETWORK][Session]Received topic: [2	_block_notify_1] from 374bdfe969e1d8ea1200ade93e5d8cf1a7d5741f238011004b0f43ca818706f194b2f067e1708125f7ffc536610b9a72addbd56b238d65f18912be39037ffcc5
warning|2025-10-27 01:22:50.721041|PBFT-1-0x00007f5dfca1c700|[g:1][CONSENSUS][PBFT]ViewChangeWarning: not caused by omit empty block ,v=1,toV=2,curNum=708,hash=698a8deb...,nodeIdx=0,myNode=064cb676...
info|2025-10-27 01:22:50.722230|PBFT-1-0x00007f5dfca1c700|[g:1][CONSENSUS][PBFT]checkTimeout Succ,view=1,toView=2,nodeIdx=0,changeCycle=2,myNode=064cb676...,timecost=3
info|2025-10-27 01:22:50.726719|PBFT-1-0x00007f5dfca1c700|[g:1][CONSENSUS][PBFT]checkAndChangeView: Reach consensus,org_view=1,cur_changeCycle=2,curView=1,view=2
info|2025-10-27 01:22:51.734306|PBFT-1-0x00007f5dfca1c700|[g:1][CONSENSUS]addRawPrepare,height=709,reqIdx=2,hash=3002d888...,time=0
info|2025-10-27 01:22:51.738635|PBFT-1-0x00007f5dfca1c700|[g:1][CONSENSUS][PBFT]checkTimeout Succ,view=2,toView=3,nodeIdx=0,changeCycle=1,myNode=064cb676...,timecost=4
info|2025-10-27 01:22:51.741934|PBFT-1-0x00007f5dfca1c700|[g:1][CONSENSUS][PBFT]checkAndChangeView: Reach consensus,org_view=2,cur_changeCycle=1,curView=2,view=3
info|2025-10-27 01:22:52.748925|PBFT-1-0x00007f5dfca1c700|[g:1][CONSENSUS]addRawPrepare,height=709,reqIdx=3,hash=0b9da0dd...,time=0
info|2025-10-27 01:22:52.751996|PBFT-1-0x00007f5dfca1c700|[g:1][CONSENSUS][PBFT]checkTimeout Succ,view=3,toView=4,nodeIdx=0,changeCycle=1,myNode=064cb676...,timecost=3
info|2025-10-27 01:22:52.755152|PBFT-1-0x00007f5dfca1c700|[g:1][CONSENSUS][PBFT]checkAndChangeView: Reach consensus,org_view=3,cur_changeCycle=1,curView=3,view=4
info|2025-10-27 01:22:53.755126|PBFTSeal-1-0x00007f5df520d700|[g:1][CONSENSUS][SEALER]++++++++++++++++ Generating seal on,blkNum=709,tx=0,nodeIdx=0,hash=f16bc0f0...
info|2025-10-27 01:22:53.764080|PBFT-1-0x00007f5dfca1c700|[g:1][CONSENSUS][PBFT]checkTimeout Succ,view=4,toView=5,nodeIdx=0,changeCycle=1,myNode=064cb676...,timecost=2
info|2025-10-27 01:22:53.768068|PBFT-1-0x00007f5dfca1c700|[g:1][CONSENSUS][PBFT]checkAndChangeView: Reach consensus,org_view=4,cur_changeCycle=1,curView=4,view=5
info|2025-10-27 01:22:54.921241|io_service-0x00007f5e16a50700|[NETWORK][Host]P2P Recv Connect, From=127.0.0.1:39980
info|2025-10-27 01:22:54.921366|io_service-0x00007f5e16a50700|[NETWORK][Host]P2P StartAccept,Host=0.0.0.0:30303
info|2025-10-27 01:22:54.924011|io_service-0x00007f5e16a50700|[NETWORK][Host]P2P Recv Connect, From=127.0.0.1:39996
info|2025-10-27 01:22:54.924079|io_service-0x00007f5e16a50700|[NETWORK][Host]P2P StartAccept,Host=0.0.0.0:30303
info|2025-10-27 01:22:54.932418|io_service-0x00007f5e16a50700|[NETWORK][Host]handshakeServer succ,remote endpoint=127.0.0.1:39996
info|2025-10-27 01:22:54.934506|io_service-0x00007f5e16a50700|[NETWORK][Host]startPeerSession, Remote=127.0.0.1:39996,local endpoint=127.0.0.1:30303,nodeID=73994dae...
info|2025-10-27 01:22:54.937703|io_service-0x00007f5e16a50700|[NETWORK][Host]handshakeServer succ,remote endpoint=127.0.0.1:39980
info|2025-10-27 01:22:54.938378|io_service-0x00007f5e16a50700|[NETWORK][Host]startPeerSession, Remote=127.0.0.1:39980,local endpoint=127.0.0.1:30303,nodeID=374bdfe9...
info|2025-10-27 01:22:54.943822|io_service-0x00007f5e16a50700|[NETWORK][Host]P2P Recv Connect, From=127.0.0.1:40010
info|2025-10-27 01:22:54.943914|io_service-0x00007f5e16a50700|[NETWORK][Host]P2P StartAccept,Host=0.0.0.0:30303
info|2025-10-27 01:22:54.951994|io_service-0x00007f5e16a50700|[NETWORK][Host]handshakeServer succ,remote endpoint=127.0.0.1:40010
info|2025-10-27 01:22:54.952074|io_service-0x00007f5e16a50700|[NETWORK][Host]startPeerSession, Remote=127.0.0.1:40010,local endpoint=127.0.0.1:30303,nodeID=87d00b98...
info|2025-10-27 01:22:54.964687|io_service-0x00007f5e16a50700|[P2P][Service] heartBeat,connected count=3
warning|2025-10-27 01:22:58.278644|PBFT-1-0x00007f5dfca1c700|[g:1][CONSENSUS][PBFT]ViewChangeWarning: not caused by omit empty block ,v=5,toV=6,curNum=708,hash=698a8deb...,nodeIdx=0,myNode=064cb676...
info|2025-10-27 01:22:58.279650|PBFT-1-0x00007f5dfca1c700|[g:1][CONSENSUS][PBFT]checkTimeout Succ,view=5,toView=6,nodeIdx=0,changeCycle=2,myNode=064cb676...,timecost=3
info|2025-10-27 01:22:58.285911|PBFT-1-0x00007f5dfca1c700|[g:1][CONSENSUS][PBFT]checkAndChangeView: Reach consensus,org_view=5,cur_changeCycle=2,curView=5,view=6
info|2025-10-27 01:22:59.288923|PBFT-1-0x00007f5dfca1c700|[g:1][CONSENSUS]addRawPrepare,height=709,reqIdx=2,hash=c15967d5...,time=0
info|2025-10-27 01:22:59.294792|PBFT-1-0x00007f5dfca1c700|[g:1][CONSENSUS][PBFT]checkTimeout Succ,view=6,toView=7,nodeIdx=0,changeCycle=1,myNode=064cb676...,timecost=6
info|2025-10-27 01:22:59.297747|PBFT-1-0x00007f5dfca1c700|[g:1][CONSENSUS][PBFT]checkAndChangeView: Reach consensus,org_view=6,cur_changeCycle=1,curView=6,view=7
info|2025-10-27 01:23:00.304670|PBFT-1-0x00007f5dfca1c700|[g:1][CONSENSUS]addRawPrepare,height=709,reqIdx=3,hash=da37ba58...,time=0
info|2025-10-27 01:23:00.306839|PBFT-1-0x00007f5dfca1c700|[g:1][CONSENSUS][PBFT]checkTimeout Succ,view=7,toView=8,nodeIdx=0,changeCycle=1,myNode=064cb676...,timecost=2
info|2025-10-27 01:23:00.309948|PBFT-1-0x00007f5dfca1c700|[g:1][CONSENSUS][PBFT]checkAndChangeView: Reach consensus,org_view=7,cur_changeCycle=1,curView=7,view=8
info|2025-10-27 01:23:01.080235|PBFTSeal-1-0x00007f5df520d700|[g:1][CONSENSUS][SEALER]++++++++++++++++ Generating seal on,blkNum=709,tx=1,nodeIdx=0,hash=466eb078...
info|2025-10-27 01:23:01.082620|sealerWorker-0x00007f5e04a2c700|[CONSENSUS]addRawPrepare,height=709,reqIdx=0,hash=466eb078...,time=0
info|2025-10-27 01:23:01.090008|sealerWorker-0x00007f5e04a2c700|[BLOCKVERIFIER][executeBlock]Executing block,txNum=1,num=709,parentHash=698a8deb3dd6d989fd7d9428bd898529ada4d007bd30338feba083490b1c9392,parentNum=708,parentStateRoot=59fd7160b1f4c8799d26632166aa393cfbf8e20d87638d58bfdd60dd9c446494
info|2025-10-27 01:23:01.090520|sealerWorker-0x00007f5e04a2c700|[PRECOMPILED]init GasChargeManagePrecompiled
info|2025-10-27 01:23:01.091364|sealerWorker-0x00007f5e04a2c700|[STORAGE][MemoryTableFactory2]createTable,table name=c_81af498c7badf0ceacffcf5e8fa3b57435808de0,keyField=key,valueField=value
info|2025-10-27 01:23:01.092418|sealerWorker-0x00007f5e04a2c700|[CONSENSUS][PBFT]execBlock,blkNum=709,reqIdx=0,hash=b10c076a...,nodeIdx=0,myNode=064cb676...,decodeCost=0,checkCost=0,notifyCost=0,noteSealingCost=0,currentCycle=1,verifyAndSetSenderCost=0,execCost=3,execPerTx=3,totalCost=3
info|2025-10-27 01:23:01.096068|sealerWorker-0x00007f5e04a2c700|[CONSENSUS][PBFT]handlePrepareMsg Succ,timecost=4,INFO=handlePrepareMsg,reqIdx=0,view=8,reqNum=709,curNum=708,consNum=709,curView=8,fromIp=self,hash=466eb078...,nodeIdx=0,myNode=064cb676...,curChangeCycle=1
info|2025-10-27 01:23:01.096112|sealerWorker-0x00007f5e04a2c700|[CONSENSUS][PBFT]generateLocalPrepare,hash=466eb078...,H=709,nodeIdx=0,myNode=064cb676...
info|2025-10-27 01:23:01.098463|PBFT-1-0x00007f5dfca1c700|[g:1][CONSENSUS][PBFT]handleSignMsg Succ,Timecost=1,INFO=handleSignMsg,num=709,curNum=708,GenIdx=2,Sview=8,view=8,fromIdx=2,fromNode=73994dae...,fromIp=127.0.0.1:30300,hash=b10c076a...,nodeIdx=0,myNode=064cb676...
info|2025-10-27 01:23:01.099895|PBFT-1-0x00007f5dfca1c700|[g:1][CONSENSUS][PBFT]checkAndCommit: backup/updateCommittedPrepare,reqNum=709,hash=466eb078...,nodeIdx=0,myNode=064cb676...
info|2025-10-27 01:23:01.102084|PBFT-1-0x00007f5dfca1c700|[g:1][CONSENSUS][PBFT]handleSignMsg Succ,Timecost=4,INFO=handleSignMsg,num=709,curNum=708,GenIdx=3,Sview=8,view=8,fromIdx=3,fromNode=87d00b98...,fromIp=127.0.0.1:30302,hash=b10c076a...,nodeIdx=0,myNode=064cb676...
info|2025-10-27 01:23:01.107044|PBFT-1-0x00007f5dfca1c700|[g:1][CONSENSUS][PBFT]handleCommitMsg Succ,INFO=handleCommitMsg,reqNum=709,curNum=708,GenIdx=2,Cview=8,view=8,fromIdx=2,fromNode=73994dae...,fromIp=127.0.0.1:30300,hash=b10c076a...,nodeIdx=0,myNode=064cb676...,Timecost=2
info|2025-10-27 01:23:01.114083|PBFT-1-0x00007f5dfca1c700|[g:1][CONSENSUS][PBFT]checkAndSave: CommitReq enough,prepareHeight=709,commitSize=3,hash=b10c076a...,nodeIdx=0,myNode=064cb676...
info|2025-10-27 01:23:01.114603|PBFT-1-0x00007f5dfca1c700|[g:1][g:1][STORAGE][CachedStorage]commit: 9 num: 709
info|2025-10-27 01:23:01.124494|taskPool-1-0x00007f5e05a2e700|[g:1][g:1][STORAGE][CachedStorage]Start commit block: 709 to backend storage
info|2025-10-27 01:23:01.124429|PBFT-1-0x00007f5dfca1c700|[g:1][g:1][STORAGE][CachedStorage]Submited block task: 709, current syncd block: 708
info|2025-10-27 01:23:01.124590|PBFT-1-0x00007f5dfca1c700|[g:1]Push block notify: 1-709
info|2025-10-27 01:23:01.124779|PBFT-1-0x00007f5dfca1c700|[g:1][CONSENSUS][PBFT]CommitBlock Succ,prepareHeight=709,reqIdx=0,hash=b10c076a...,nodeIdx=0,myNode=064cb676...,genSigTimeCost=0,commitBlockTimeCost=10,dropTxsTimeCost=0,noteSealingTimeCost=0,totalTimeCost=10
info|2025-10-27 01:23:01.124803|PBFT-1-0x00007f5dfca1c700|[g:1][CONSENSUS][PBFT]handleCommitMsg Succ,INFO=handleCommitMsg,reqNum=709,curNum=708,GenIdx=3,Cview=8,view=8,fromIdx=3,fromNode=87d00b98...,fromIp=127.0.0.1:30302,hash=b10c076a...,nodeIdx=0,myNode=064cb676...,Timecost=16
info|2025-10-27 01:23:01.125046|taskPool-1-0x00007f5e05a2e700|[g:1][g:1][STORAGE][CachedStorage]
---------------------------------------------------------------------
Commit block: 709 to backend storage finished, current cached block: 709
Flush elapsed time: 0.0006s
---------------------------------------------------------------------
info|2025-10-27 01:23:01.125261|PBFTSeal-1-0x00007f5df520d700|[g:1][CONSENSUS][SEALER]increase maxNoTimeoutTx,maxNoTimeoutTx=1
info|2025-10-27 01:23:01.125272|PBFTSeal-1-0x00007f5df520d700|[g:1][CONSENSUS][PBFT]^^^^^^^^Report,num=709,sealerIdx=0,hash=b10c076a...,next=710,tx=1,nodeIdx=0
warning|2025-10-27 01:23:04.130206|PBFT-1-0x00007f5dfca1c700|[g:1][CONSENSUS][PBFT]ViewChangeWarning: not caused by omit empty block ,v=0,toV=1,curNum=709,hash=b10c076a...,nodeIdx=0,myNode=064cb676...
info|2025-10-27 01:23:04.132245|PBFT-1-0x00007f5dfca1c700|[g:1][CONSENSUS][PBFT]checkTimeout Succ,view=0,toView=1,nodeIdx=0,changeCycle=1,myNode=064cb676...,timecost=3
info|2025-10-27 01:23:04.135437|PBFT-1-0x00007f5dfca1c700|[g:1][CONSENSUS][PBFT]checkAndChangeView: Reach consensus,org_view=0,cur_changeCycle=1,curView=0,view=1
info|2025-10-27 01:23:04.965139|io_service-0x00007f5e16a50700|[P2P][Service] heartBeat,connected count=3
info|2025-10-27 01:23:05.140732|PBFT-1-0x00007f5dfca1c700|[g:1][CONSENSUS]addRawPrepare,height=710,reqIdx=2,hash=4107c51d...,time=0
info|2025-10-27 01:23:05.145979|PBFT-1-0x00007f5dfca1c700|[g:1][CONSENSUS][PBFT]checkTimeout Succ,view=1,toView=2,nodeIdx=0,changeCycle=1,myNode=064cb676...,timecost=5
info|2025-10-27 01:23:05.150454|PBFT-1-0x00007f5dfca1c700|[g:1][CONSENSUS][PBFT]checkAndChangeView: Reach consensus,org_view=1,cur_changeCycle=1,curView=1,view=2
info|2025-10-27 01:23:06.152762|PBFT-1-0x00007f5dfca1c700|[g:1][CONSENSUS]addRawPrepare,height=710,reqIdx=3,hash=eb470f89...,time=0
info|2025-10-27 01:23:06.155817|PBFT-1-0x00007f5dfca1c700|[g:1][CONSENSUS][PBFT]checkTimeout Succ,view=2,toView=3,nodeIdx=0,changeCycle=1,myNode=064cb676...,timecost=2
info|2025-10-27 01:23:06.159944|PBFT-1-0x00007f5dfca1c700|[g:1][CONSENSUS][PBFT]checkAndChangeView: Reach consensus,org_view=2,cur_changeCycle=1,curView=2,view=3
info|2025-10-27 01:23:07.160149|PBFTSeal-1-0x00007f5df520d700|[g:1][CONSENSUS][SEALER]++++++++++++++++ Generating seal on,blkNum=710,tx=0,nodeIdx=0,hash=654fb323...
info|2025-10-27 01:23:07.163101|PBFT-1-0x00007f5dfca1c700|[g:1][CONSENSUS][PBFT]checkTimeout Succ,view=3,toView=4,nodeIdx=0,changeCycle=1,myNode=064cb676...,timecost=2
info|2025-10-27 01:23:07.172767|PBFT-1-0x00007f5dfca1c700|[g:1][CONSENSUS][PBFT]checkAndChangeView: Reach consensus,org_view=3,cur_changeCycle=1,curView=3,view=4
warning|2025-10-27 01:23:11.676406|PBFT-1-0x00007f5dfca1c700|[g:1][CONSENSUS][PBFT]ViewChangeWarning: not caused by omit empty block ,v=4,toV=5,curNum=709,hash=b10c076a...,nodeIdx=0,myNode=064cb676...
info|2025-10-27 01:23:11.678075|PBFT-1-0x00007f5dfca1c700|[g:1][CONSENSUS][PBFT]checkTimeout Succ,view=4,toView=5,nodeIdx=0,changeCycle=2,myNode=064cb676...,timecost=5
info|2025-10-27 01:23:11.682249|PBFT-1-0x00007f5dfca1c700|[g:1][CONSENSUS][PBFT]checkAndChangeView: Reach consensus,org_view=4,cur_changeCycle=2,curView=4,view=5
info|2025-10-27 01:23:12.687221|PBFT-1-0x00007f5dfca1c700|[g:1][CONSENSUS]addRawPrepare,height=710,reqIdx=2,hash=d68b05ac...,time=0
info|2025-10-27 01:23:12.689624|PBFT-1-0x00007f5dfca1c700|[g:1][CONSENSUS][PBFT]checkTimeout Succ,view=5,toView=6,nodeIdx=0,changeCycle=1,myNode=064cb676...,timecost=2
info|2025-10-27 01:23:12.693394|PBFT-1-0x00007f5dfca1c700|[g:1][CONSENSUS][PBFT]checkAndChangeView: Reach consensus,org_view=5,cur_changeCycle=1,curView=5,view=6
info|2025-10-27 01:23:13.699749|PBFT-1-0x00007f5dfca1c700|[g:1][CONSENSUS]addRawPrepare,height=710,reqIdx=3,hash=df741b2c...,time=0
info|2025-10-27 01:23:13.701257|PBFT-1-0x00007f5dfca1c700|[g:1][CONSENSUS][PBFT]checkTimeout Succ,view=6,toView=7,nodeIdx=0,changeCycle=1,myNode=064cb676...,timecost=2
info|2025-10-27 01:23:13.708864|PBFT-1-0x00007f5dfca1c700|[g:1][CONSENSUS][PBFT]checkAndChangeView: Reach consensus,org_view=6,cur_changeCycle=1,curView=6,view=7
info|2025-10-27 01:23:14.709553|PBFTSeal-1-0x00007f5df520d700|[g:1][CONSENSUS][SEALER]++++++++++++++++ Generating seal on,blkNum=710,tx=0,nodeIdx=0,hash=f5175107...
info|2025-10-27 01:23:14.715023|PBFT-1-0x00007f5dfca1c700|[g:1][CONSENSUS][PBFT]checkTimeout Succ,view=7,toView=8,nodeIdx=0,changeCycle=1,myNode=064cb676...,timecost=4
info|2025-10-27 01:23:14.720506|PBFT-1-0x00007f5dfca1c700|[g:1][CONSENSUS][PBFT]checkAndChangeView: Reach consensus,org_view=7,cur_changeCycle=1,curView=7,view=8
info|2025-10-27 01:23:14.966062|io_service-0x00007f5e16a50700|[P2P][Service] heartBeat,connected count=3
info|2025-10-27 01:23:15.010466|P2P-0x00007f5e17a52700|[NETWORK][Session]Received topic: [4] from 73994dae9e8b8da733108a4153dfe79151d701dff425f84c87b5324e8ebd02ab6a0ebc9e4f1e0298a7ddca50f94a8f95c62b6997226d571e470e8f2b0600634a
info|2025-10-27 01:23:15.100942|P2P-0x00007f5e17a52700|[NETWORK][Session]Received topic: [3] from 374bdfe969e1d8ea1200ade93e5d8cf1a7d5741f238011004b0f43ca818706f194b2f067e1708125f7ffc536610b9a72addbd56b238d65f18912be39037ffcc5
warning|2025-10-27 01:23:19.230667|PBFT-1-0x00007f5dfca1c700|[g:1][CONSENSUS][PBFT]ViewChangeWarning: not caused by omit empty block ,v=8,toV=9,curNum=709,hash=b10c076a...,nodeIdx=0,myNode=064cb676...
info|2025-10-27 01:23:19.230792|PBFT-1-0x00007f5dfca1c700|[g:1][CONSENSUS][PBFT]checkTimeout Succ,view=8,toView=9,nodeIdx=0,changeCycle=2,myNode=064cb676...,timecost=1
info|2025-10-27 01:23:19.238260|PBFT-1-0x00007f5dfca1c700|[g:1][CONSENSUS][PBFT]checkAndChangeView: Reach consensus,org_view=8,cur_changeCycle=2,curView=8,view=9
info|2025-10-27 01:23:20.238634|PBFT-1-0x00007f5dfca1c700|[g:1][CONSENSUS]addRawPrepare,height=710,reqIdx=2,hash=16c8fb60...,time=0
info|2025-10-27 01:23:20.240496|PBFT-1-0x00007f5dfca1c700|[g:1][CONSENSUS][PBFT]checkTimeout Succ,view=9,toView=10,nodeIdx=0,changeCycle=1,myNode=064cb676...,timecost=2
info|2025-10-27 01:23:20.267523|PBFT-1-0x00007f5dfca1c700|[g:1][CONSENSUS][PBFT]checkAndChangeView: Reach consensus,org_view=9,cur_changeCycle=1,curView=9,view=10
info|2025-10-27 01:23:20.523054|P2P-0x00007f5e17251700|[g:1] [SYNC][id:064cb676...][Download][Request]Receive block request,peer=374bdfe9...,from=184,to=184
info|2025-10-27 01:23:20.523748|SyncSend-1-0x00007f5e09235700|[g:1][SYNC][id:064cb676...][Download][Request][BlockSync]Batch blocks for sending,blockSize=24480,number=184,peer=374bdfe9...,timeCost=0
info|2025-10-27 01:23:20.523866|SyncSend-1-0x00007f5e09235700|[g:1][g:1] [SYNC][id:374bdfe9...][Download][Request][BlockSync]Send block packet,peer=374bdfe9...,blocks=1,bytes(V)=24487
info|2025-10-27 01:23:21.272676|PBFT-1-0x00007f5dfca1c700|[g:1][CONSENSUS]addRawPrepare,height=710,reqIdx=3,hash=73464d4b...,time=0
info|2025-10-27 01:23:21.277857|PBFT-1-0x00007f5dfca1c700|[g:1][CONSENSUS][PBFT]checkTimeout Succ,view=10,toView=11,nodeIdx=0,changeCycle=1,myNode=064cb676...,timecost=4
info|2025-10-27 01:23:21.281321|PBFT-1-0x00007f5dfca1c700|[g:1][CONSENSUS][PBFT]checkAndChangeView: Reach consensus,org_view=10,cur_changeCycle=1,curView=10,view=11
info|2025-10-27 01:23:22.281905|PBFTSeal-1-0x00007f5df520d700|[g:1][CONSENSUS][SEALER]++++++++++++++++ Generating seal on,blkNum=710,tx=0,nodeIdx=0,hash=76273f9f...
info|2025-10-27 01:23:22.288571|PBFT-1-0x00007f5dfca1c700|[g:1][CONSENSUS][PBFT]checkTimeout Succ,view=11,toView=12,nodeIdx=0,changeCycle=1,myNode=064cb676...,timecost=2
info|2025-10-27 01:23:22.293273|PBFT-1-0x00007f5dfca1c700|[g:1][CONSENSUS][PBFT]checkAndChangeView: Reach consensus,org_view=11,cur_changeCycle=1,curView=11,view=12
info|2025-10-27 01:23:24.966613|io_service-0x00007f5e16a50700|[P2P][Service] heartBeat,connected count=3
warning|2025-10-27 01:23:26.801745|PBFT-1-0x00007f5dfca1c700|[g:1][CONSENSUS][PBFT]ViewChangeWarning: not caused by omit empty block ,v=12,toV=13,curNum=709,hash=b10c076a...,nodeIdx=0,myNode=064cb676...
info|2025-10-27 01:23:26.810783|PBFT-1-0x00007f5dfca1c700|[g:1][CONSENSUS][PBFT]checkTimeout Succ,view=12,toView=13,nodeIdx=0,changeCycle=2,myNode=064cb676...,timecost=11
info|2025-10-27 01:23:26.818353|PBFT-1-0x00007f5dfca1c700|[g:1][CONSENSUS][PBFT]checkAndChangeView: Reach consensus,org_view=12,cur_changeCycle=2,curView=12,view=13
info|2025-10-27 01:23:27.819792|PBFT-1-0x00007f5dfca1c700|[g:1][CONSENSUS]addRawPrepare,height=710,reqIdx=2,hash=82b4bf19...,time=0
info|2025-10-27 01:23:27.821867|PBFT-1-0x00007f5dfca1c700|[g:1][CONSENSUS][PBFT]checkTimeout Succ,view=13,toView=14,nodeIdx=0,changeCycle=1,myNode=064cb676...,timecost=2
info|2025-10-27 01:23:27.826885|PBFT-1-0x00007f5dfca1c700|[g:1][CONSENSUS][PBFT]checkAndChangeView: Reach consensus,org_view=13,cur_changeCycle=1,curView=13,view=14
info|2025-10-27 01:23:28.839337|PBFT-1-0x00007f5dfca1c700|[g:1][CONSENSUS]addRawPrepare,height=710,reqIdx=3,hash=27387835...,time=0
info|2025-10-27 01:23:28.841945|PBFT-1-0x00007f5dfca1c700|[g:1][CONSENSUS][PBFT]checkTimeout Succ,view=14,toView=15,nodeIdx=0,changeCycle=1,myNode=064cb676...,timecost=2
info|2025-10-27 01:23:28.844795|PBFT-1-0x00007f5dfca1c700|[g:1][CONSENSUS][PBFT]checkAndChangeView: Reach consensus,org_view=14,cur_changeCycle=1,curView=14,view=15
info|2025-10-27 01:23:29.846005|PBFTSeal-1-0x00007f5df520d700|[g:1][CONSENSUS][SEALER]++++++++++++++++ Generating seal on,blkNum=710,tx=0,nodeIdx=0,hash=cd36d8b7...
info|2025-10-27 01:23:29.852034|PBFT-1-0x00007f5dfca1c700|[g:1][CONSENSUS][PBFT]checkTimeout Succ,view=15,toView=16,nodeIdx=0,changeCycle=1,myNode=064cb676...,timecost=3
info|2025-10-27 01:23:29.856309|PBFT-1-0x00007f5dfca1c700|[g:1][CONSENSUS][PBFT]checkAndChangeView: Reach consensus,org_view=15,cur_changeCycle=1,curView=15,view=16
info|2025-10-27 01:23:33.530482|P2P-0x00007f5e17a52700|[g:1] [SYNC][id:064cb676...][Download][Request]Receive block request,peer=374bdfe9...,from=184,to=184
info|2025-10-27 01:23:33.531508|SyncSend-1-0x00007f5e09235700|[g:1][SYNC][id:064cb676...][Download][Request][BlockSync]Batch blocks for sending,blockSize=24480,number=184,peer=374bdfe9...,timeCost=1
info|2025-10-27 01:23:33.531630|SyncSend-1-0x00007f5e09235700|[g:1][g:1] [SYNC][id:374bdfe9...][Download][Request][BlockSync]Send block packet,peer=374bdfe9...,blocks=1,bytes(V)=24487
warning|2025-10-27 01:23:34.361633|PBFT-1-0x00007f5dfca1c700|[g:1][CONSENSUS][PBFT]ViewChangeWarning: not caused by omit empty block ,v=16,toV=17,curNum=709,hash=b10c076a...,nodeIdx=0,myNode=064cb676...
info|2025-10-27 01:23:34.362373|PBFT-1-0x00007f5dfca1c700|[g:1][CONSENSUS][PBFT]checkTimeout Succ,view=16,toView=17,nodeIdx=0,changeCycle=2,myNode=064cb676...,timecost=3
info|2025-10-27 01:23:34.370731|PBFT-1-0x00007f5dfca1c700|[g:1][CONSENSUS][PBFT]checkAndChangeView: Reach consensus,org_view=16,cur_changeCycle=2,curView=16,view=17
info|2025-10-27 01:23:34.966833|io_service-0x00007f5e16a50700|[P2P][Service] heartBeat,connected count=3
info|2025-10-27 01:23:35.012931|P2P-0x00007f5e18253700|[NETWORK][Session]Received topic: [7	_block_notify_1] from 73994dae9e8b8da733108a4153dfe79151d701dff425f84c87b5324e8ebd02ab6a0ebc9e4f1e0298a7ddca50f94a8f95c62b6997226d571e470e8f2b0600634a
info|2025-10-27 01:23:35.103486|P2P-0x00007f5e17251700|[NETWORK][Session]Received topic: [6	_block_notify_1] from 374bdfe969e1d8ea1200ade93e5d8cf1a7d5741f238011004b0f43ca818706f194b2f067e1708125f7ffc536610b9a72addbd56b238d65f18912be39037ffcc5
info|2025-10-27 01:23:35.372802|PBFT-1-0x00007f5dfca1c700|[g:1][CONSENSUS]addRawPrepare,height=710,reqIdx=2,hash=ad4eb828...,time=0
info|2025-10-27 01:23:35.374184|PBFT-1-0x00007f5dfca1c700|[g:1][CONSENSUS][PBFT]checkTimeout Succ,view=17,toView=18,nodeIdx=0,changeCycle=1,myNode=064cb676...,timecost=1
info|2025-10-27 01:23:35.381148|PBFT-1-0x00007f5dfca1c700|[g:1][CONSENSUS][PBFT]checkAndChangeView: Reach consensus,org_view=17,cur_changeCycle=1,curView=17,view=18
info|2025-10-27 01:23:36.385150|PBFT-1-0x00007f5dfca1c700|[g:1][CONSENSUS]addRawPrepare,height=710,reqIdx=3,hash=7c1285c5...,time=0
info|2025-10-27 01:23:36.386434|PBFT-1-0x00007f5dfca1c700|[g:1][CONSENSUS][PBFT]checkTimeout Succ,view=18,toView=19,nodeIdx=0,changeCycle=1,myNode=064cb676...,timecost=1
info|2025-10-27 01:23:36.393815|PBFT-1-0x00007f5dfca1c700|[g:1][CONSENSUS][PBFT]checkAndChangeView: Reach consensus,org_view=18,cur_changeCycle=1,curView=18,view=19
info|2025-10-27 01:23:37.394795|PBFTSeal-1-0x00007f5df520d700|[g:1][CONSENSUS][SEALER]++++++++++++++++ Generating seal on,blkNum=710,tx=0,nodeIdx=0,hash=c514d525...
info|2025-10-27 01:23:37.399455|PBFT-1-0x00007f5dfca1c700|[g:1][CONSENSUS][PBFT]checkTimeout Succ,view=19,toView=20,nodeIdx=0,changeCycle=1,myNode=064cb676...,timecost=3
info|2025-10-27 01:23:37.404378|PBFT-1-0x00007f5dfca1c700|[g:1][CONSENSUS][PBFT]checkAndChangeView: Reach consensus,org_view=19,cur_changeCycle=1,curView=19,view=20
info|2025-10-27 01:23:39.935537|P2P-0x00007f5e18253700|[g:1] [SYNC][id:064cb676...][Download][Request]Receive block request,peer=374bdfe9...,from=184,to=184
info|2025-10-27 01:23:39.935905|SyncSend-1-0x00007f5e09235700|[g:1][SYNC][id:064cb676...][Download][Request][BlockSync]Batch blocks for sending,blockSize=24480,number=184,peer=374bdfe9...,timeCost=0
info|2025-10-27 01:23:39.935997|SyncSend-1-0x00007f5e09235700|[g:1][g:1] [SYNC][id:374bdfe9...][Download][Request][BlockSync]Send block packet,peer=374bdfe9...,blocks=1,bytes(V)=24487
warning|2025-10-27 01:23:41.908943|PBFT-1-0x00007f5dfca1c700|[g:1][CONSENSUS][PBFT]ViewChangeWarning: not caused by omit empty block ,v=20,toV=21,curNum=709,hash=b10c076a...,nodeIdx=0,myNode=064cb676...
info|2025-10-27 01:23:41.909131|PBFT-1-0x00007f5dfca1c700|[g:1][CONSENSUS][PBFT]checkTimeout Succ,view=20,toView=21,nodeIdx=0,changeCycle=2,myNode=064cb676...,timecost=2
info|2025-10-27 01:23:41.917426|PBFT-1-0x00007f5dfca1c700|[g:1][CONSENSUS][PBFT]checkAndChangeView: Reach consensus,org_view=20,cur_changeCycle=2,curView=20,view=21
info|2025-10-27 01:23:42.923140|PBFT-1-0x00007f5dfca1c700|[g:1][CONSENSUS]addRawPrepare,height=710,reqIdx=2,hash=9da9b023...,time=0
info|2025-10-27 01:23:42.927744|PBFT-1-0x00007f5dfca1c700|[g:1][CONSENSUS][PBFT]checkTimeout Succ,view=21,toView=22,nodeIdx=0,changeCycle=1,myNode=064cb676...,timecost=4
info|2025-10-27 01:23:42.933513|PBFT-1-0x00007f5dfca1c700|[g:1][CONSENSUS][PBFT]checkAndChangeView: Reach consensus,org_view=21,cur_changeCycle=1,curView=21,view=22
info|2025-10-27 01:23:43.937724|PBFT-1-0x00007f5dfca1c700|[g:1][CONSENSUS]addRawPrepare,height=710,reqIdx=3,hash=343dfde8...,time=0
info|2025-10-27 01:23:43.939172|PBFT-1-0x00007f5dfca1c700|[g:1][CONSENSUS][PBFT]checkTimeout Succ,view=22,toView=23,nodeIdx=0,changeCycle=1,myNode=064cb676...,timecost=2
info|2025-10-27 01:23:43.948233|PBFT-1-0x00007f5dfca1c700|[g:1][CONSENSUS][PBFT]checkAndChangeView: Reach consensus,org_view=22,cur_changeCycle=1,curView=22,view=23
info|2025-10-27 01:23:44.949647|PBFTSeal-1-0x00007f5df520d700|[g:1][CONSENSUS][SEALER]++++++++++++++++ Generating seal on,blkNum=710,tx=0,nodeIdx=0,hash=12d190fc...
info|2025-10-27 01:23:44.954965|PBFT-1-0x00007f5dfca1c700|[g:1][CONSENSUS][PBFT]checkTimeout Succ,view=23,toView=24,nodeIdx=0,changeCycle=1,myNode=064cb676...,timecost=3
info|2025-10-27 01:23:44.961520|PBFT-1-0x00007f5dfca1c700|[g:1][CONSENSUS][PBFT]checkAndChangeView: Reach consensus,org_view=23,cur_changeCycle=1,curView=23,view=24
info|2025-10-27 01:23:44.967510|io_service-0x00007f5e16a50700|[P2P][Service] heartBeat,connected count=3
info|2025-10-27 01:23:46.425868|P2P-0x00007f5e17251700|[g:1] [SYNC][id:064cb676...][Download][Request]Receive block request,peer=374bdfe9...,from=184,to=184
info|2025-10-27 01:23:46.426491|SyncSend-1-0x00007f5e09235700|[g:1][SYNC][id:064cb676...][Download][Request][BlockSync]Batch blocks for sending,blockSize=24480,number=184,peer=374bdfe9...,timeCost=0
info|2025-10-27 01:23:46.426577|SyncSend-1-0x00007f5e09235700|[g:1][g:1] [SYNC][id:374bdfe9...][Download][Request][BlockSync]Send block packet,peer=374bdfe9...,blocks=1,bytes(V)=24487
warning|2025-10-27 01:23:49.466096|PBFT-1-0x00007f5dfca1c700|[g:1][CONSENSUS][PBFT]ViewChangeWarning: not caused by omit empty block ,v=24,toV=25,curNum=709,hash=b10c076a...,nodeIdx=0,myNode=064cb676...
info|2025-10-27 01:23:49.466241|PBFT-1-0x00007f5dfca1c700|[g:1][CONSENSUS][PBFT]checkTimeout Succ,view=24,toView=25,nodeIdx=0,changeCycle=2,myNode=064cb676...,timecost=3
info|2025-10-27 01:23:49.468121|PBFT-1-0x00007f5dfca1c700|[g:1][CONSENSUS][PBFT]checkAndChangeView: Reach consensus,org_view=24,cur_changeCycle=2,curView=24,view=25
info|2025-10-27 01:23:49.976983|PBFTWork-1-0x00007f5e03229700|[g:1][CONSENSUS][PartiallyPBFTReqCache]addPartiallyRawPrepare,height=710,reqIdx=2,hash=a274ae43...
info|2025-10-27 01:23:49.977329|PBFTWork-1-0x00007f5e03229700|[g:1][BLOCKVERIFIER][executeBlock]Executing block,txNum=1,num=710,parentHash=b10c076a1a3f6a3a46eec831bd4ea595cf4d1b210b807bfc77e88c22b03e0dc7,parentNum=709,parentStateRoot=818bd81e9786b1de13aa96040e869cc762bf7600f7b590dff2b3a841a4a485cc
info|2025-10-27 01:23:49.977486|PBFTWork-1-0x00007f5e03229700|[g:1][PRECOMPILED]init GasChargeManagePrecompiled
info|2025-10-27 01:23:49.977756|PBFTWork-1-0x00007f5e03229700|[g:1][STORAGE][MemoryTableFactory2]createTable,table name=c_b0e2852561f747f4aa50e712e64fe106e6795b81,keyField=key,valueField=value
info|2025-10-27 01:23:49.978140|PBFTWork-1-0x00007f5e03229700|[g:1][CONSENSUS][PBFT]execBlock,blkNum=710,reqIdx=2,hash=2db7067a...,nodeIdx=0,myNode=064cb676...,decodeCost=0,checkCost=0,notifyCost=0,noteSealingCost=0,currentCycle=2,verifyAndSetSenderCost=0,execCost=1,execPerTx=1,totalCost=1
info|2025-10-27 01:23:49.980749|PBFTWork-1-0x00007f5e03229700|[g:1][CONSENSUS][PBFT]handlePrepareMsg Succ,timecost=2,INFO=handlePartiallyPrepare,reqIdx=2,view=25,reqNum=710,curNum=709,consNum=710,hash=a274ae43...,nodeIdx=0,myNode=064cb676...,curChangeCycle=2
info|2025-10-27 01:23:49.985938|PBFT-1-0x00007f5dfca1c700|[g:1][CONSENSUS][PBFT]handleSignMsg Succ,Timecost=1,INFO=handleSignMsg,num=710,curNum=709,GenIdx=3,Sview=25,view=25,fromIdx=3,fromNode=87d00b98...,fromIp=127.0.0.1:30302,hash=2db7067a...,nodeIdx=0,myNode=064cb676...
info|2025-10-27 01:23:49.987876|PBFT-1-0x00007f5dfca1c700|[g:1][CONSENSUS][PBFT]checkAndCommit: backup/updateCommittedPrepare,reqNum=710,hash=a274ae43...,nodeIdx=0,myNode=064cb676...
info|2025-10-27 01:23:49.996492|PBFT-1-0x00007f5dfca1c700|[g:1][CONSENSUS][PBFT]handleSignMsg Succ,Timecost=10,INFO=handleSignMsg,num=710,curNum=709,GenIdx=2,Sview=25,view=25,fromIdx=2,fromNode=73994dae...,fromIp=127.0.0.1:30300,hash=2db7067a...,nodeIdx=0,myNode=064cb676...
info|2025-10-27 01:23:50.000119|PBFT-1-0x00007f5dfca1c700|[g:1][CONSENSUS][PBFT]handleCommitMsg Succ,INFO=handleCommitMsg,reqNum=710,curNum=709,GenIdx=2,Cview=25,view=25,fromIdx=2,fromNode=73994dae...,fromIp=127.0.0.1:30300,hash=2db7067a...,nodeIdx=0,myNode=064cb676...,Timecost=4
info|2025-10-27 01:23:50.001911|PBFT-1-0x00007f5dfca1c700|[g:1][CONSENSUS][PBFT]checkAndSave: CommitReq enough,prepareHeight=710,commitSize=3,hash=2db7067a...,nodeIdx=0,myNode=064cb676...
info|2025-10-27 01:23:50.004678|PBFT-1-0x00007f5dfca1c700|[g:1][g:1][STORAGE][CachedStorage]commit: 9 num: 710
info|2025-10-27 01:23:50.009388|taskPool-1-0x00007f5e05a2e700|[g:1][g:1][STORAGE][CachedStorage]Start commit block: 710 to backend storage
info|2025-10-27 01:23:50.009834|taskPool-1-0x00007f5e05a2e700|[g:1][g:1][STORAGE][CachedStorage]
---------------------------------------------------------------------
Commit block: 710 to backend storage finished, current cached block: 710
Flush elapsed time: 0.0005s
---------------------------------------------------------------------
info|2025-10-27 01:23:50.010005|PBFT-1-0x00007f5dfca1c700|[g:1][g:1][STORAGE][CachedStorage]Submited block task: 710, current syncd block: 710
info|2025-10-27 01:23:50.010073|PBFT-1-0x00007f5dfca1c700|[g:1]Push block notify: 1-710
info|2025-10-27 01:23:50.015290|PBFT-1-0x00007f5dfca1c700|[g:1][CONSENSUS][PBFT]CommitBlock Succ,prepareHeight=710,reqIdx=2,hash=2db7067a...,nodeIdx=0,myNode=064cb676...,genSigTimeCost=0,commitBlockTimeCost=12,dropTxsTimeCost=1,noteSealingTimeCost=1,totalTimeCost=14
info|2025-10-27 01:23:50.015386|PBFT-1-0x00007f5dfca1c700|[g:1][CONSENSUS][PBFT]handleCommitMsg Succ,INFO=handleCommitMsg,reqNum=710,curNum=709,GenIdx=3,Cview=25,view=25,fromIdx=3,fromNode=87d00b98...,fromIp=127.0.0.1:30302,hash=2db7067a...,nodeIdx=0,myNode=064cb676...,Timecost=15
info|2025-10-27 01:23:50.015657|PBFTSeal-1-0x00007f5df520d700|[g:1][CONSENSUS][PBFT]^^^^^^^^Report,num=710,sealerIdx=2,hash=2db7067a...,next=711,tx=1,nodeIdx=0
info|2025-10-27 01:23:51.018977|PBFT-1-0x00007f5dfca1c700|[g:1][CONSENSUS]addRawPrepare,height=711,reqIdx=2,hash=9a7739b7...,time=0
info|2025-10-27 01:23:51.021965|PBFT-1-0x00007f5dfca1c700|[g:1][CONSENSUS][PBFT]checkTimeout Succ,view=0,toView=1,nodeIdx=0,changeCycle=1,myNode=064cb676...,timecost=2
info|2025-10-27 01:23:51.029771|PBFT-1-0x00007f5dfca1c700|[g:1][CONSENSUS][PBFT]checkAndChangeView: Reach consensus,org_view=0,cur_changeCycle=1,curView=0,view=1
info|2025-10-27 01:23:52.032408|PBFT-1-0x00007f5dfca1c700|[g:1][CONSENSUS]addRawPrepare,height=711,reqIdx=3,hash=327c2ac3...,time=0
info|2025-10-27 01:23:52.037847|PBFT-1-0x00007f5dfca1c700|[g:1][CONSENSUS][PBFT]checkTimeout Succ,view=1,toView=2,nodeIdx=0,changeCycle=1,myNode=064cb676...,timecost=5
info|2025-10-27 01:23:52.042857|PBFT-1-0x00007f5dfca1c700|[g:1][CONSENSUS][PBFT]checkAndChangeView: Reach consensus,org_view=1,cur_changeCycle=1,curView=1,view=2
info|2025-10-27 01:23:52.825915|P2P-0x00007f5e17251700|[g:1] [SYNC][id:064cb676...][Download][Request]Receive block request,peer=374bdfe9...,from=184,to=184
info|2025-10-27 01:23:52.826295|SyncSend-1-0x00007f5e09235700|[g:1][SYNC][id:064cb676...][Download][Request][BlockSync]Batch blocks for sending,blockSize=24480,number=184,peer=374bdfe9...,timeCost=0
info|2025-10-27 01:23:52.826344|SyncSend-1-0x00007f5e09235700|[g:1][g:1] [SYNC][id:374bdfe9...][Download][Request][BlockSync]Send block packet,peer=374bdfe9...,blocks=1,bytes(V)=24487
info|2025-10-27 01:23:53.044618|PBFTSeal-1-0x00007f5df520d700|[g:1][CONSENSUS][SEALER]++++++++++++++++ Generating seal on,blkNum=711,tx=0,nodeIdx=0,hash=e53c78e3...
info|2025-10-27 01:23:53.047875|PBFT-1-0x00007f5dfca1c700|[g:1][CONSENSUS][PBFT]checkTimeout Succ,view=2,toView=3,nodeIdx=0,changeCycle=1,myNode=064cb676...,timecost=1
info|2025-10-27 01:23:53.057287|PBFT-1-0x00007f5dfca1c700|[g:1][CONSENSUS][PBFT]checkAndChangeView: Reach consensus,org_view=2,cur_changeCycle=1,curView=2,view=3
info|2025-10-27 01:23:54.967887|io_service-0x00007f5e16a50700|[P2P][Service] heartBeat,connected count=3
warning|2025-10-27 01:23:57.562196|PBFT-1-0x00007f5dfca1c700|[g:1][CONSENSUS][PBFT]ViewChangeWarning: not caused by omit empty block ,v=3,toV=4,curNum=710,hash=2db7067a...,nodeIdx=0,myNode=064cb676...
info|2025-10-27 01:23:57.562663|PBFT-1-0x00007f5dfca1c700|[g:1][CONSENSUS][PBFT]checkTimeout Succ,view=3,toView=4,nodeIdx=0,changeCycle=2,myNode=064cb676...,timecost=2
info|2025-10-27 01:23:57.573542|PBFT-1-0x00007f5dfca1c700|[g:1][CONSENSUS][PBFT]checkAndChangeView: Reach consensus,org_view=3,cur_changeCycle=2,curView=3,view=4
info|2025-10-27 01:23:58.578431|PBFT-1-0x00007f5dfca1c700|[g:1][CONSENSUS]addRawPrepare,height=711,reqIdx=2,hash=9cce27cf...,time=0
info|2025-10-27 01:23:58.580257|PBFT-1-0x00007f5dfca1c700|[g:1][CONSENSUS][PBFT]checkTimeout Succ,view=4,toView=5,nodeIdx=0,changeCycle=1,myNode=064cb676...,timecost=2
info|2025-10-27 01:23:58.592424|PBFT-1-0x00007f5dfca1c700|[g:1][CONSENSUS][PBFT]checkAndChangeView: Reach consensus,org_view=4,cur_changeCycle=1,curView=4,view=5
info|2025-10-27 01:23:59.594379|PBFT-1-0x00007f5dfca1c700|[g:1][CONSENSUS]addRawPrepare,height=711,reqIdx=3,hash=4924da29...,time=0
info|2025-10-27 01:23:59.605955|PBFT-1-0x00007f5dfca1c700|[g:1][CONSENSUS][PBFT]checkTimeout Succ,view=5,toView=6,nodeIdx=0,changeCycle=1,myNode=064cb676...,timecost=11
info|2025-10-27 01:23:59.609450|PBFT-1-0x00007f5dfca1c700|[g:1][CONSENSUS][PBFT]checkAndChangeView: Reach consensus,org_view=5,cur_changeCycle=1,curView=5,view=6
info|2025-10-27 01:24:00.609334|PBFTSeal-1-0x00007f5df520d700|[g:1][CONSENSUS][SEALER]++++++++++++++++ Generating seal on,blkNum=711,tx=0,nodeIdx=0,hash=c70a4ded...
info|2025-10-27 01:24:00.616779|PBFT-1-0x00007f5dfca1c700|[g:1][CONSENSUS][PBFT]checkTimeout Succ,view=6,toView=7,nodeIdx=0,changeCycle=1,myNode=064cb676...,timecost=5
info|2025-10-27 01:24:00.621421|PBFT-1-0x00007f5dfca1c700|[g:1][CONSENSUS][PBFT]checkAndChangeView: Reach consensus,org_view=6,cur_changeCycle=1,curView=6,view=7
info|2025-10-27 01:24:04.968345|io_service-0x00007f5e16a50700|[P2P][Service] heartBeat,connected count=3
warning|2025-10-27 01:24:05.127754|PBFT-1-0x00007f5dfca1c700|[g:1][CONSENSUS][PBFT]ViewChangeWarning: not caused by omit empty block ,v=7,toV=8,curNum=710,hash=2db7067a...,nodeIdx=0,myNode=064cb676...
info|2025-10-27 01:24:05.129207|PBFT-1-0x00007f5dfca1c700|[g:1][CONSENSUS][PBFT]checkTimeout Succ,view=7,toView=8,nodeIdx=0,changeCycle=2,myNode=064cb676...,timecost=6
info|2025-10-27 01:24:05.160367|PBFT-1-0x00007f5dfca1c700|[g:1][CONSENSUS][PBFT]checkAndChangeView: Reach consensus,org_view=7,cur_changeCycle=2,curView=7,view=8
info|2025-10-27 01:24:05.665680|PBFTWork-1-0x00007f5e03229700|[g:1][CONSENSUS][PartiallyPBFTReqCache]addPartiallyRawPrepare,height=711,reqIdx=2,hash=a01b24a5...
info|2025-10-27 01:24:05.665928|PBFTWork-1-0x00007f5e03229700|[g:1][BLOCKVERIFIER][executeBlock]Executing block,txNum=1,num=711,parentHash=2db7067a6cd3bcccf76a883e3a15919b48f5157b355b0b17fcb7865bf4798a89,parentNum=710,parentStateRoot=c1ca2222e43e83c1641f0e0be52ee7f4d0568d4ad88b04ecd9d93cf9b4629641
info|2025-10-27 01:24:05.666109|PBFTWork-1-0x00007f5e03229700|[g:1][PRECOMPILED]init GasChargeManagePrecompiled
info|2025-10-27 01:24:05.680705|PBFTWork-1-0x00007f5e03229700|[g:1][CONSENSUS][PBFT]execBlock,blkNum=711,reqIdx=2,hash=20d34783...,nodeIdx=0,myNode=064cb676...,decodeCost=0,checkCost=0,notifyCost=0,noteSealingCost=0,currentCycle=2,verifyAndSetSenderCost=0,execCost=15,execPerTx=15,totalCost=15
info|2025-10-27 01:24:05.681402|P2P-0x00007f5e18a54700|[g:1] [SYNC][id:064cb676...][Download][Request]Receive block request,peer=374bdfe9...,from=184,to=184
info|2025-10-27 01:24:05.681795|SyncSend-1-0x00007f5e09235700|[g:1][SYNC][id:064cb676...][Download][Request][BlockSync]Batch blocks for sending,blockSize=24480,number=184,peer=374bdfe9...,timeCost=0
info|2025-10-27 01:24:05.681866|SyncSend-1-0x00007f5e09235700|[g:1][g:1] [SYNC][id:374bdfe9...][Download][Request][BlockSync]Send block packet,peer=374bdfe9...,blocks=1,bytes(V)=24487
info|2025-10-27 01:24:05.685407|PBFTWork-1-0x00007f5e03229700|[g:1][CONSENSUS][PBFT]handlePrepareMsg Succ,timecost=5,INFO=handlePartiallyPrepare,reqIdx=2,view=8,reqNum=711,curNum=710,consNum=711,hash=a01b24a5...,nodeIdx=0,myNode=064cb676...,curChangeCycle=2
info|2025-10-27 01:24:05.685486|PBFT-1-0x00007f5dfca1c700|[g:1][CONSENSUS][PBFT]checkReq: Recv future request,prepHash=20d34783...,INFO=handleSignMsg,num=711,curNum=710,GenIdx=3,Sview=8,view=8,fromIdx=3,fromNode=87d00b98...,fromIp=127.0.0.1:30302,hash=c05f98f8...,nodeIdx=0,myNode=064cb676...
info|2025-10-27 01:24:05.685509|PBFT-1-0x00007f5dfca1c700|[g:1][CONSENSUS][PBFT]FutureBlock,INFO=handleSignMsg,num=711,curNum=710,GenIdx=3,Sview=8,view=8,fromIdx=3,fromNode=87d00b98...,fromIp=127.0.0.1:30302,hash=c05f98f8...,nodeIdx=0,myNode=064cb676...
info|2025-10-27 01:24:05.685539|PBFT-1-0x00007f5dfca1c700|[g:1][CONSENSUS][PBFT]checkReq: Recv future request,prepHash=20d34783...,INFO=handleSignMsg,num=711,curNum=710,GenIdx=2,Sview=8,view=8,fromIdx=2,fromNode=73994dae...,fromIp=127.0.0.1:30300,hash=c05f98f8...,nodeIdx=0,myNode=064cb676...
info|2025-10-27 01:24:05.685556|PBFT-1-0x00007f5dfca1c700|[g:1][CONSENSUS][PBFT]FutureBlock,INFO=handleSignMsg,num=711,curNum=710,GenIdx=2,Sview=8,view=8,fromIdx=2,fromNode=73994dae...,fromIp=127.0.0.1:30300,hash=c05f98f8...,nodeIdx=0,myNode=064cb676...
info|2025-10-27 01:24:12.428914|PBFT-1-0x00007f5dfca1c700|[g:1][CONSENSUS][PBFT]Trigger fast-viewchange,view=8,toView=8,minView=9,INFO=,reqNum=710,curNum=710,GenIdx=3,Cview=9,view=8,fromIdx=3,fromNode=87d00b98...,fromIp=127.0.0.1:30302,hash=2db7067a...,nodeIdx=0,myNode=064cb676...
info|2025-10-27 01:24:12.430266|PBFT-1-0x00007f5dfca1c700|[g:1][CONSENSUS][PBFT]checkAndChangeView: Reach consensus,org_view=8,cur_changeCycle=3,curView=8,view=9
info|2025-10-27 01:24:12.430826|PBFT-1-0x00007f5dfca1c700|[g:1][CONSENSUS][PBFT]checkTimeout Succ,view=9,toView=9,nodeIdx=0,changeCycle=3,myNode=064cb676...,timecost=2
info|2025-10-27 01:24:12.937108|PBFTWork-1-0x00007f5e03229700|[g:1][CONSENSUS][PartiallyPBFTReqCache]addPartiallyRawPrepare,height=711,reqIdx=3,hash=a7e8c3aa...
info|2025-10-27 01:24:12.937729|PBFTWork-1-0x00007f5e03229700|[g:1][BLOCKVERIFIER][executeBlock]Executing block,txNum=1,num=711,parentHash=2db7067a6cd3bcccf76a883e3a15919b48f5157b355b0b17fcb7865bf4798a89,parentNum=710,parentStateRoot=c1ca2222e43e83c1641f0e0be52ee7f4d0568d4ad88b04ecd9d93cf9b4629641
info|2025-10-27 01:24:12.938227|PBFTWork-1-0x00007f5e03229700|[g:1][PRECOMPILED]init GasChargeManagePrecompiled
info|2025-10-27 01:24:12.947390|PBFTWork-1-0x00007f5e03229700|[g:1][CONSENSUS][PBFT]execBlock,blkNum=711,reqIdx=3,hash=bef3e517...,nodeIdx=0,myNode=064cb676...,decodeCost=0,checkCost=0,notifyCost=0,noteSealingCost=0,currentCycle=3,verifyAndSetSenderCost=0,execCost=10,execPerTx=10,totalCost=10
info|2025-10-27 01:24:12.950761|PBFTWork-1-0x00007f5e03229700|[g:1][CONSENSUS][PBFT]handlePrepareMsg Succ,timecost=3,INFO=handlePartiallyPrepare,reqIdx=3,view=9,reqNum=711,curNum=710,consNum=711,hash=a7e8c3aa...,nodeIdx=0,myNode=064cb676...,curChangeCycle=3
info|2025-10-27 01:24:12.951637|PBFT-1-0x00007f5dfca1c700|[g:1][CONSENSUS][PBFT]checkReq: Recv future request,prepHash=bef3e517...,INFO=handleSignMsg,num=711,curNum=710,GenIdx=2,Sview=9,view=9,fromIdx=2,fromNode=73994dae...,fromIp=127.0.0.1:30300,hash=d04b9ac0...,nodeIdx=0,myNode=064cb676...
info|2025-10-27 01:24:12.951655|PBFT-1-0x00007f5dfca1c700|[g:1][CONSENSUS][PBFT]FutureBlock,INFO=handleSignMsg,num=711,curNum=710,GenIdx=2,Sview=9,view=9,fromIdx=2,fromNode=73994dae...,fromIp=127.0.0.1:30300,hash=d04b9ac0...,nodeIdx=0,myNode=064cb676...
info|2025-10-27 01:24:12.954399|PBFT-1-0x00007f5dfca1c700|[g:1][CONSENSUS][PBFT]checkReq: Recv future request,prepHash=bef3e517...,INFO=handleSignMsg,num=711,curNum=710,GenIdx=3,Sview=9,view=9,fromIdx=3,fromNode=87d00b98...,fromIp=127.0.0.1:30302,hash=aa11338e...,nodeIdx=0,myNode=064cb676...
info|2025-10-27 01:24:12.954417|PBFT-1-0x00007f5dfca1c700|[g:1][CONSENSUS][PBFT]FutureBlock,INFO=handleSignMsg,num=711,curNum=710,GenIdx=3,Sview=9,view=9,fromIdx=3,fromNode=87d00b98...,fromIp=127.0.0.1:30302,hash=aa11338e...,nodeIdx=0,myNode=064cb676...
info|2025-10-27 01:24:14.969118|io_service-0x00007f5e16a50700|[P2P][Service] heartBeat,connected count=3
info|2025-10-27 01:24:18.447644|P2P-0x00007f5e18253700|[g:1] [SYNC][id:064cb676...][Download][Request]Receive block request,peer=374bdfe9...,from=184,to=184
info|2025-10-27 01:24:18.448080|SyncSend-1-0x00007f5e09235700|[g:1][SYNC][id:064cb676...][Download][Request][BlockSync]Batch blocks for sending,blockSize=24480,number=184,peer=374bdfe9...,timeCost=1
info|2025-10-27 01:24:18.448138|SyncSend-1-0x00007f5e09235700|[g:1][g:1] [SYNC][id:374bdfe9...][Download][Request][BlockSync]Send block packet,peer=374bdfe9...,blocks=1,bytes(V)=24487
info|2025-10-27 01:24:23.083499|PBFT-1-0x00007f5dfca1c700|[g:1][CONSENSUS][SEALER]decrease maxBlockCanSeal to half for PBFT timeout,org_maxBlockCanSeal=1000,halfed_maxBlockCanSeal=500,timeoutCount=1,lastTimeoutTx=1
warning|2025-10-27 01:24:23.086704|PBFT-1-0x00007f5dfca1c700|[g:1][CONSENSUS][PBFT]ViewChangeWarning: not caused by omit empty block ,v=9,toV=10,curNum=710,hash=2db7067a...,nodeIdx=0,myNode=064cb676...
info|2025-10-27 01:24:23.086846|PBFT-1-0x00007f5dfca1c700|[g:1][CONSENSUS][PBFT]checkTimeout Succ,view=9,toView=10,nodeIdx=0,changeCycle=4,myNode=064cb676...,timecost=3
info|2025-10-27 01:24:23.089715|PBFT-1-0x00007f5dfca1c700|[g:1][CONSENSUS][PBFT]checkAndChangeView: Reach consensus,org_view=9,cur_changeCycle=4,curView=9,view=10
info|2025-10-27 01:24:23.590456|PBFTSeal-1-0x00007f5df520d700|[g:1][CONSENSUS][SEALER]++++++++++++++++ Generating seal on,blkNum=711,tx=1,nodeIdx=0,hash=d3bf0e65...
info|2025-10-27 01:24:23.594280|sealerWorker-0x00007f5e04a2c700|[CONSENSUS]addRawPrepare,height=711,reqIdx=0,hash=d3bf0e65...,time=0
info|2025-10-27 01:24:23.594632|sealerWorker-0x00007f5e04a2c700|[BLOCKVERIFIER][executeBlock]Executing block,txNum=1,num=711,parentHash=2db7067a6cd3bcccf76a883e3a15919b48f5157b355b0b17fcb7865bf4798a89,parentNum=710,parentStateRoot=c1ca2222e43e83c1641f0e0be52ee7f4d0568d4ad88b04ecd9d93cf9b4629641
info|2025-10-27 01:24:23.594837|sealerWorker-0x00007f5e04a2c700|[PRECOMPILED]init GasChargeManagePrecompiled
info|2025-10-27 01:24:23.608957|sealerWorker-0x00007f5e04a2c700|[CONSENSUS][PBFT]execBlock,blkNum=711,reqIdx=0,hash=89221b95...,nodeIdx=0,myNode=064cb676...,decodeCost=0,checkCost=0,notifyCost=0,noteSealingCost=0,currentCycle=4,verifyAndSetSenderCost=0,execCost=14,execPerTx=14,totalCost=14
info|2025-10-27 01:24:23.611593|sealerWorker-0x00007f5e04a2c700|[CONSENSUS][PBFT]handlePrepareMsg Succ,timecost=2,INFO=handlePrepareMsg,reqIdx=0,view=10,reqNum=711,curNum=710,consNum=711,curView=10,fromIp=self,hash=d3bf0e65...,nodeIdx=0,myNode=064cb676...,curChangeCycle=4
info|2025-10-27 01:24:23.611871|sealerWorker-0x00007f5e04a2c700|[CONSENSUS][PBFT]generateLocalPrepare,hash=d3bf0e65...,H=711,nodeIdx=0,myNode=064cb676...
info|2025-10-27 01:24:23.612376|PBFT-1-0x00007f5dfca1c700|[g:1][CONSENSUS][PBFT]checkReq: Recv future request,prepHash=89221b95...,INFO=handleSignMsg,num=711,curNum=710,GenIdx=2,Sview=10,view=10,fromIdx=2,fromNode=73994dae...,fromIp=127.0.0.1:30300,hash=91a468ca...,nodeIdx=0,myNode=064cb676...
info|2025-10-27 01:24:23.612408|PBFT-1-0x00007f5dfca1c700|[g:1][CONSENSUS][PBFT]FutureBlock,INFO=handleSignMsg,num=711,curNum=710,GenIdx=2,Sview=10,view=10,fromIdx=2,fromNode=73994dae...,fromIp=127.0.0.1:30300,hash=91a468ca...,nodeIdx=0,myNode=064cb676...
info|2025-10-27 01:24:23.617573|PBFT-1-0x00007f5dfca1c700|[g:1][CONSENSUS][PBFT]checkReq: Recv future request,prepHash=89221b95...,INFO=handleSignMsg,num=711,curNum=710,GenIdx=3,Sview=10,view=10,fromIdx=3,fromNode=87d00b98...,fromIp=127.0.0.1:30302,hash=9ba91896...,nodeIdx=0,myNode=064cb676...
info|2025-10-27 01:24:23.617608|PBFT-1-0x00007f5dfca1c700|[g:1][CONSENSUS][PBFT]FutureBlock,INFO=handleSignMsg,num=711,curNum=710,GenIdx=3,Sview=10,view=10,fromIdx=3,fromNode=87d00b98...,fromIp=127.0.0.1:30302,hash=9ba91896...,nodeIdx=0,myNode=064cb676...
info|2025-10-27 01:24:24.970396|io_service-0x00007f5e16a50700|[P2P][Service] heartBeat,connected count=3
info|2025-10-27 01:24:34.970904|io_service-0x00007f5e16a50700|[P2P][Service] heartBeat,connected count=3
info|2025-10-27 01:24:38.803737|PBFT-1-0x00007f5dfca1c700|[g:1][CONSENSUS][SEALER]decrease maxBlockCanSeal to half for PBFT timeout,org_maxBlockCanSeal=500,halfed_maxBlockCanSeal=250,timeoutCount=2,lastTimeoutTx=1
warning|2025-10-27 01:24:38.804943|PBFT-1-0x00007f5dfca1c700|[g:1][CONSENSUS][PBFT]ViewChangeWarning: not caused by omit empty block ,v=10,toV=11,curNum=710,hash=2db7067a...,nodeIdx=0,myNode=064cb676...
info|2025-10-27 01:24:38.805070|PBFT-1-0x00007f5dfca1c700|[g:1][CONSENSUS][PBFT]checkTimeout Succ,view=10,toView=11,nodeIdx=0,changeCycle=5,myNode=064cb676...,timecost=2
info|2025-10-27 01:24:38.808996|PBFT-1-0x00007f5dfca1c700|[g:1][CONSENSUS][PBFT]checkAndChangeView: Reach consensus,org_view=10,cur_changeCycle=5,curView=10,view=11
info|2025-10-27 01:24:44.971803|io_service-0x00007f5e16a50700|[P2P][Service] heartBeat,connected count=3
info|2025-10-27 01:24:54.972717|io_service-0x00007f5e16a50700|[P2P][Service] heartBeat,connected count=3
info|2025-10-27 01:24:57.072049|P2P-0x00007f5e17a52700|[g:1] [SYNC][id:064cb676...][Download][Request]Receive block request,peer=374bdfe9...,from=184,to=184
info|2025-10-27 01:24:57.072419|SyncSend-1-0x00007f5e09235700|[g:1][SYNC][id:064cb676...][Download][Request][BlockSync]Batch blocks for sending,blockSize=24480,number=184,peer=374bdfe9...,timeCost=0
info|2025-10-27 01:24:57.072499|SyncSend-1-0x00007f5e09235700|[g:1][g:1] [SYNC][id:374bdfe9...][Download][Request][BlockSync]Send block packet,peer=374bdfe9...,blocks=1,bytes(V)=24487
warning|2025-10-27 01:25:01.596507|PBFT-1-0x00007f5dfca1c700|[g:1][CONSENSUS][PBFT]ViewChangeWarning: not caused by omit empty block ,v=11,toV=12,curNum=710,hash=2db7067a...,nodeIdx=0,myNode=064cb676...
info|2025-10-27 01:25:01.596679|PBFT-1-0x00007f5dfca1c700|[g:1][CONSENSUS][PBFT]checkTimeout Succ,view=11,toView=12,nodeIdx=0,changeCycle=6,myNode=064cb676...,timecost=1
info|2025-10-27 01:25:01.617889|PBFT-1-0x00007f5dfca1c700|[g:1][CONSENSUS][PBFT]checkAndChangeView: Reach consensus,org_view=11,cur_changeCycle=6,curView=11,view=12
info|2025-10-27 01:25:02.120148|PBFTWork-1-0x00007f5e03229700|[g:1][CONSENSUS][PartiallyPBFTReqCache]addPartiallyRawPrepare,height=711,reqIdx=2,hash=4ad4e604...
info|2025-10-27 01:25:02.120452|PBFTWork-1-0x00007f5e03229700|[g:1][BLOCKVERIFIER][executeBlock]Executing block,txNum=1,num=711,parentHash=2db7067a6cd3bcccf76a883e3a15919b48f5157b355b0b17fcb7865bf4798a89,parentNum=710,parentStateRoot=c1ca2222e43e83c1641f0e0be52ee7f4d0568d4ad88b04ecd9d93cf9b4629641
info|2025-10-27 01:25:02.120614|PBFTWork-1-0x00007f5e03229700|[g:1][PRECOMPILED]init GasChargeManagePrecompiled
info|2025-10-27 01:25:02.128352|PBFTWork-1-0x00007f5e03229700|[g:1][CONSENSUS][PBFT]execBlock,blkNum=711,reqIdx=2,hash=f5c2b874...,nodeIdx=0,myNode=064cb676...,decodeCost=0,checkCost=0,notifyCost=0,noteSealingCost=0,currentCycle=6,verifyAndSetSenderCost=0,execCost=8,execPerTx=8,totalCost=8
info|2025-10-27 01:25:02.132790|PBFTWork-1-0x00007f5e03229700|[g:1][CONSENSUS][PBFT]handlePrepareMsg Succ,timecost=4,INFO=handlePartiallyPrepare,reqIdx=2,view=12,reqNum=711,curNum=710,consNum=711,hash=4ad4e604...,nodeIdx=0,myNode=064cb676...,curChangeCycle=6
info|2025-10-27 01:25:02.132867|PBFT-1-0x00007f5dfca1c700|[g:1][CONSENSUS][PBFT]checkReq: Recv future request,prepHash=f5c2b874...,INFO=handleSignMsg,num=711,curNum=710,GenIdx=3,Sview=12,view=12,fromIdx=3,fromNode=87d00b98...,fromIp=127.0.0.1:30302,hash=086f451f...,nodeIdx=0,myNode=064cb676...
info|2025-10-27 01:25:02.132912|PBFT-1-0x00007f5dfca1c700|[g:1][CONSENSUS][PBFT]FutureBlock,INFO=handleSignMsg,num=711,curNum=710,GenIdx=3,Sview=12,view=12,fromIdx=3,fromNode=87d00b98...,fromIp=127.0.0.1:30302,hash=086f451f...,nodeIdx=0,myNode=064cb676...
info|2025-10-27 01:25:02.132934|PBFT-1-0x00007f5dfca1c700|[g:1][CONSENSUS][PBFT]checkReq: Recv future request,prepHash=f5c2b874...,INFO=handleSignMsg,num=711,curNum=710,GenIdx=2,Sview=12,view=12,fromIdx=2,fromNode=73994dae...,fromIp=127.0.0.1:30300,hash=086f451f...,nodeIdx=0,myNode=064cb676...
info|2025-10-27 01:25:02.132941|PBFT-1-0x00007f5dfca1c700|[g:1][CONSENSUS][PBFT]FutureBlock,INFO=handleSignMsg,num=711,curNum=710,GenIdx=2,Sview=12,view=12,fromIdx=2,fromNode=73994dae...,fromIp=127.0.0.1:30300,hash=086f451f...,nodeIdx=0,myNode=064cb676...
info|2025-10-27 01:25:04.973534|io_service-0x00007f5e16a50700|[P2P][Service] heartBeat,connected count=3
info|2025-10-27 01:25:09.880715|P2P-0x00007f5e17a52700|[g:1] [SYNC][id:064cb676...][Download][Request]Receive block request,peer=374bdfe9...,from=184,to=184
info|2025-10-27 01:25:09.881187|SyncSend-1-0x00007f5e09235700|[g:1][SYNC][id:064cb676...][Download][Request][BlockSync]Batch blocks for sending,blockSize=24480,number=184,peer=374bdfe9...,timeCost=1
info|2025-10-27 01:25:09.881267|SyncSend-1-0x00007f5e09235700|[g:1][g:1] [SYNC][id:374bdfe9...][Download][Request][BlockSync]Send block packet,peer=374bdfe9...,blocks=1,bytes(V)=24487
info|2025-10-27 01:25:14.973954|io_service-0x00007f5e16a50700|[P2P][Service] heartBeat,connected count=3
info|2025-10-27 01:25:16.303159|P2P-0x00007f5e18253700|[g:1] [SYNC][id:064cb676...][Download][Request]Receive block request,peer=374bdfe9...,from=184,to=184
info|2025-10-27 01:25:16.303420|SyncSend-1-0x00007f5e09235700|[g:1][SYNC][id:064cb676...][Download][Request][BlockSync]Batch blocks for sending,blockSize=24480,number=184,peer=374bdfe9...,timeCost=0
info|2025-10-27 01:25:16.303638|SyncSend-1-0x00007f5e09235700|[g:1][g:1] [SYNC][id:374bdfe9...][Download][Request][BlockSync]Send block packet,peer=374bdfe9...,blocks=1,bytes(V)=24487
info|2025-10-27 01:25:24.974244|io_service-0x00007f5e16a50700|[P2P][Service] heartBeat,connected count=3
info|2025-10-27 01:25:29.294924|P2P-0x00007f5e17251700|[g:1] [SYNC][id:064cb676...][Download][Request]Receive block request,peer=374bdfe9...,from=184,to=184
info|2025-10-27 01:25:29.295329|SyncSend-1-0x00007f5e09235700|[g:1][SYNC][id:064cb676...][Download][Request][BlockSync]Batch blocks for sending,blockSize=24480,number=184,peer=374bdfe9...,timeCost=0
info|2025-10-27 01:25:29.295376|SyncSend-1-0x00007f5e09235700|[g:1][g:1] [SYNC][id:374bdfe9...][Download][Request][BlockSync]Send block packet,peer=374bdfe9...,blocks=1,bytes(V)=24487
info|2025-10-27 01:25:34.975177|io_service-0x00007f5e16a50700|[P2P][Service] heartBeat,connected count=3
info|2025-10-27 01:25:36.301214|PBFT-1-0x00007f5dfca1c700|[g:1][CONSENSUS][SEALER]decrease maxBlockCanSeal to half for PBFT timeout,org_maxBlockCanSeal=250,halfed_maxBlockCanSeal=125,timeoutCount=3,lastTimeoutTx=1
warning|2025-10-27 01:25:36.302326|PBFT-1-0x00007f5dfca1c700|[g:1][CONSENSUS][PBFT]ViewChangeWarning: not caused by omit empty block ,v=12,toV=13,curNum=710,hash=2db7067a...,nodeIdx=0,myNode=064cb676...
info|2025-10-27 01:25:36.302446|PBFT-1-0x00007f5dfca1c700|[g:1][CONSENSUS][PBFT]checkTimeout Succ,view=12,toView=13,nodeIdx=0,changeCycle=7,myNode=064cb676...,timecost=1
info|2025-10-27 01:25:36.308691|PBFT-1-0x00007f5dfca1c700|[g:1][CONSENSUS][PBFT]checkAndChangeView: Reach consensus,org_view=12,cur_changeCycle=7,curView=12,view=13
info|2025-10-27 01:25:36.810736|PBFTWork-1-0x00007f5e03229700|[g:1][CONSENSUS][PartiallyPBFTReqCache]addPartiallyRawPrepare,height=711,reqIdx=3,hash=9de2078e...
info|2025-10-27 01:25:36.811001|PBFTWork-1-0x00007f5e03229700|[g:1][BLOCKVERIFIER][executeBlock]Executing block,txNum=2,num=711,parentHash=2db7067a6cd3bcccf76a883e3a15919b48f5157b355b0b17fcb7865bf4798a89,parentNum=710,parentStateRoot=c1ca2222e43e83c1641f0e0be52ee7f4d0568d4ad88b04ecd9d93cf9b4629641
info|2025-10-27 01:25:36.811136|PBFTWork-1-0x00007f5e03229700|[g:1][PRECOMPILED]init GasChargeManagePrecompiled
info|2025-10-27 01:25:36.818378|PBFTWork-1-0x00007f5e03229700|[g:1][STORAGE][MemoryTableFactory2]createTable,table name=c_983b9e5edf441553bf2a8d3a34338a7c5f7a832e,keyField=key,valueField=value
info|2025-10-27 01:25:36.819059|PBFTWork-1-0x00007f5e03229700|[g:1][CONSENSUS][PBFT]execBlock,blkNum=711,reqIdx=3,hash=d9cc68e7...,nodeIdx=0,myNode=064cb676...,decodeCost=0,checkCost=0,notifyCost=0,noteSealingCost=0,currentCycle=7,verifyAndSetSenderCost=0,execCost=9,execPerTx=4.5,totalCost=9
info|2025-10-27 01:25:36.822151|PBFTWork-1-0x00007f5e03229700|[g:1][CONSENSUS][PBFT]handlePrepareMsg Succ,timecost=3,INFO=handlePartiallyPrepare,reqIdx=3,view=13,reqNum=711,curNum=710,consNum=711,hash=9de2078e...,nodeIdx=0,myNode=064cb676...,curChangeCycle=7
info|2025-10-27 01:25:36.822260|PBFT-1-0x00007f5dfca1c700|[g:1][CONSENSUS][PBFT]checkReq: Recv future request,prepHash=d9cc68e7...,INFO=handleSignMsg,num=711,curNum=710,GenIdx=3,Sview=13,view=13,fromIdx=3,fromNode=87d00b98...,fromIp=127.0.0.1:30302,hash=0290a64a...,nodeIdx=0,myNode=064cb676...
info|2025-10-27 01:25:36.822274|PBFT-1-0x00007f5dfca1c700|[g:1][CONSENSUS][PBFT]FutureBlock,INFO=handleSignMsg,num=711,curNum=710,GenIdx=3,Sview=13,view=13,fromIdx=3,fromNode=87d00b98...,fromIp=127.0.0.1:30302,hash=0290a64a...,nodeIdx=0,myNode=064cb676...
info|2025-10-27 01:25:36.823882|PBFT-1-0x00007f5dfca1c700|[g:1][CONSENSUS][PBFT]checkReq: Recv future request,prepHash=d9cc68e7...,INFO=handleSignMsg,num=711,curNum=710,GenIdx=2,Sview=13,view=13,fromIdx=2,fromNode=73994dae...,fromIp=127.0.0.1:30300,hash=be7dc8ef...,nodeIdx=0,myNode=064cb676...
info|2025-10-27 01:25:36.823914|PBFT-1-0x00007f5dfca1c700|[g:1][CONSENSUS][PBFT]FutureBlock,INFO=handleSignMsg,num=711,curNum=710,GenIdx=2,Sview=13,view=13,fromIdx=2,fromNode=73994dae...,fromIp=127.0.0.1:30300,hash=be7dc8ef...,nodeIdx=0,myNode=064cb676...
info|2025-10-27 01:25:42.102011|P2P-0x00007f5e17a52700|[g:1] [SYNC][id:064cb676...][Download][Request]Receive block request,peer=374bdfe9...,from=184,to=184
info|2025-10-27 01:25:42.102518|SyncSend-1-0x00007f5e09235700|[g:1][SYNC][id:064cb676...][Download][Request][BlockSync]Batch blocks for sending,blockSize=24480,number=184,peer=374bdfe9...,timeCost=0
info|2025-10-27 01:25:42.102590|SyncSend-1-0x00007f5e09235700|[g:1][g:1] [SYNC][id:374bdfe9...][Download][Request][BlockSync]Send block packet,peer=374bdfe9...,blocks=1,bytes(V)=24487
info|2025-10-27 01:25:44.976074|io_service-0x00007f5e16a50700|[P2P][Service] heartBeat,connected count=3
info|2025-10-27 01:25:54.976796|io_service-0x00007f5e16a50700|[P2P][Service] heartBeat,connected count=3
info|2025-10-27 01:25:56.410178|fisco-bcos-0x00007f5e197c9dc0|[LEDGER]stop sealer,groupID=1
info|2025-10-27 01:25:56.410222|fisco-bcos-0x00007f5e197c9dc0|[CONSENSUS][SEALER]Stop sealer module...
info|2025-10-27 01:25:56.413954|fisco-bcos-0x00007f5e197c9dc0|[CONSENSUS][ConsensusEngine][Stop ConsensusEngineBase]
info|2025-10-27 01:25:56.419157|fisco-bcos-0x00007f5e197c9dc0|[CONSENSUS][ConsensusEngine]ConsensusEngineBase stopped
info|2025-10-27 01:25:56.419174|fisco-bcos-0x00007f5e197c9dc0|[LEDGER]sealer stopped. stop sync,groupID=1
info|2025-10-27 01:25:56.419528|fisco-bcos-0x00007f5e197c9dc0|[g:1] [SYNC][id:064cb676...]SyncMsgEngine stopped
info|2025-10-27 01:25:56.420441|fisco-bcos-0x00007f5e197c9dc0|[GossipBlockStatus]stop GossipBlockStatus succ
info|2025-10-27 01:25:56.822413|fisco-bcos-0x00007f5e197c9dc0|[SYNC][id:064cb676...][g:1]SyncMaster stopped
info|2025-10-27 01:25:56.822448|fisco-bcos-0x00007f5e197c9dc0|[LEDGER]sync stopped. stop event filter manager,groupID=1
info|2025-10-27 01:25:56.837573|fisco-bcos-0x00007f5e197c9dc0|[EVENT][EventLogFilterManager]stop
info|2025-10-27 01:25:56.837615|fisco-bcos-0x00007f5e197c9dc0|[LEDGER]event filter manager stopped. stop tx pool,groupID=1
info|2025-10-27 01:25:56.838386|fisco-bcos-0x00007f5e197c9dc0|[LEDGER]removeNetworkStatHandlerByGroupID and removeGroupBandwidthLimiter for service,groupID=1
info|2025-10-27 01:25:56.838402|fisco-bcos-0x00007f5e197c9dc0|[CHANNEL]removeSDKAllowListByGroupId,groupId=1
info|2025-10-27 01:25:56.838408|fisco-bcos-0x00007f5e197c9dc0|[INITIALIZER]ledgerInitializer stopped
info|2025-10-27 01:25:57.839373|fisco-bcos-0x00007f5e197c9dc0|[INITIALIZER]ChannelRPCHttpServer deleted.
info|2025-10-27 01:25:57.839888|fisco-bcos-0x00007f5e197c9dc0|[INITIALIZER]JsonrpcHttpServer deleted.
info|2025-10-27 01:25:57.839929|fisco-bcos-0x00007f5e197c9dc0|[INITIALIZER]RPCInitializer stopped
info|2025-10-27 01:25:57.840017|io_service-0x00007f5e16a50700|[NETWORK][Host]Host exit
info|2025-10-27 01:25:57.840992|fisco-bcos-0x00007f5e197c9dc0|[INITIALIZER]P2PInitializer stopped
info|2025-10-27 01:25:57.841713|fisco-bcos-0x00007f5e197c9dc0|[LEDGER]stop sealer,groupID=1
info|2025-10-27 01:25:57.841725|fisco-bcos-0x00007f5e197c9dc0|[LEDGER]sealer stopped. stop sync,groupID=1
info|2025-10-27 01:25:57.841735|fisco-bcos-0x00007f5e197c9dc0|[g:1] [SYNC][id:064cb676...]SyncMsgEngine stopped
info|2025-10-27 01:25:57.841745|fisco-bcos-0x00007f5e197c9dc0|[GossipBlockStatus]GossipBlockStatus already stopped
info|2025-10-27 01:25:57.841749|fisco-bcos-0x00007f5e197c9dc0|[SYNC][id:064cb676...][g:1]SyncMaster stopped
info|2025-10-27 01:25:57.841753|fisco-bcos-0x00007f5e197c9dc0|[LEDGER]sync stopped. stop event filter manager,groupID=1
info|2025-10-27 01:25:57.841758|fisco-bcos-0x00007f5e197c9dc0|[LEDGER]event filter manager stopped. stop tx pool,groupID=1
info|2025-10-27 01:25:57.841765|fisco-bcos-0x00007f5e197c9dc0|[LEDGER]removeNetworkStatHandlerByGroupID and removeGroupBandwidthLimiter for service,groupID=1
info|2025-10-27 01:25:57.841777|fisco-bcos-0x00007f5e197c9dc0|[g:1][STORAGE][CachedStorage]Stopping flushStorage thread
info|2025-10-27 01:25:58.809825|fisco-bcos-0x00007f5e197c9dc0|[g:1][STORAGE][CachedStorage]flushStorage thread stopped.
info|2025-10-27 01:25:58.809850|fisco-bcos-0x00007f5e197c9dc0|[DBINITIALIZER] storage stopped
info|2025-10-27 01:25:58.815411|fisco-bcos-0x00007f5e197c9dc0|[g:1] [SYNC][id:064cb676...]SyncMsgEngine stopped
info|2025-10-27 01:25:58.815450|fisco-bcos-0x00007f5e197c9dc0|[GossipBlockStatus]GossipBlockStatus already stopped
info|2025-10-27 01:25:58.815454|fisco-bcos-0x00007f5e197c9dc0|[SYNC][id:064cb676...][g:1]SyncMaster stopped
info|2025-10-27 01:25:58.815470|fisco-bcos-0x00007f5e197c9dc0|[g:1] [SYNC][id:064cb676...]SyncMsgEngine stopped
