info|2025-10-28 02:00:00.083491|Sync-1-0x00007f0ecdab3700|[g:1][SYNC][id:064cb676...]print sync info,peersCount=3,infoJson={"blockNumber":893,"genesisHash":"f0d3e67991e2c3d83533c031601c30c4741aba35d7d8017900779abe4ae22efe","isSyncing":false,"knownHighestNumber":893,"knownLatestHash":"661352b2e24b1d18123a3f42b5c5b6f18b03993a0a961d13eaa0452b9870df3d","latestHash":"661352b2e24b1d18123a3f42b5c5b6f18b03993a0a961d13eaa0452b9870df3d","nodeId":"064cb676a36047a4b52ecbf9c01664b1e987d91b438110ba6a12d96972726622e824d295b1de8b0298b5afe7bbbc0bd04a3890e1a36eae028c1cfbe07971b995","peers":[{"blockNumber":183,"genesisHash":"f0d3e67991e2c3d83533c031601c30c4741aba35d7d8017900779abe4ae22efe","latestHash":"84b9e5d996bf7a5eb7a7af1e23a8308230a576a20d5c81a92b78a013e510177d","nodeId":"374bdfe969e1d8ea1200ade93e5d8cf1a7d5741f238011004b0f43ca818706f194b2f067e1708125f7ffc536610b9a72addbd56b238d65f18912be39037ffcc5"},{"blockNumber":893,"genesisHash":"f0d3e67991e2c3d83533c031601c30c4741aba35d7d8017900779abe4ae22efe","latestHash":"661352b2e24b1d18123a3f42b5c5b6f18b03993a0a961d13eaa0452b9870df3d","nodeId":"73994dae9e8b8da733108a4153dfe79151d701dff425f84c87b5324e8ebd02ab6a0ebc9e4f1e0298a7ddca50f94a8f95c62b6997226d571e470e8f2b0600634a"},{"blockNumber":893,"genesisHash":"f0d3e67991e2c3d83533c031601c30c4741aba35d7d8017900779abe4ae22efe","latestHash":"661352b2e24b1d18123a3f42b5c5b6f18b03993a0a961d13eaa0452b9870df3d","nodeId":"87d00b98321fc70a5abc85ad9e80db10cce315194133697bf74aace1d3f8430957a766240f751752708f4282f46110d6ea56c3eb5d1c02ce98a66f327f595270"}],"protocolId":65545,"txPoolSize":"1"}
info|2025-10-28 02:00:04.297395|io_service-0x00007f0ee62e4700|[P2P][Service] heartBeat,connected count=3
info|2025-10-28 02:00:05.863657|PBFT-1-0x00007f0ecc2b0700|[g:1][CONSENSUS][PBFT]Trigger fast-viewchange,view=7,toView=7,minView=8,INFO=,reqNum=893,curNum=893,GenIdx=3,Cview=8,view=7,fromIdx=3,fromNode=87d00b98...,fromIp=127.0.0.1:30302,hash=661352b2...,nodeIdx=0,myNode=064cb676...
info|2025-10-28 02:00:05.865279|PBFT-1-0x00007f0ecc2b0700|[g:1][CONSENSUS][PBFT]checkAndChangeView: Reach consensus,org_view=7,cur_changeCycle=5,curView=7,view=8
info|2025-10-28 02:00:05.865411|PBFT-1-0x00007f0ecc2b0700|[g:1][CONSENSUS][PBFT]checkTimeout Succ,view=8,toView=8,nodeIdx=0,changeCycle=5,myNode=064cb676...,timecost=2
info|2025-10-28 02:00:14.298568|io_service-0x00007f0ee62e4700|[P2P][Service] heartBeat,connected count=3
info|2025-10-28 02:00:24.299318|io_service-0x00007f0ee62e4700|[P2P][Service] heartBeat,connected count=3
warning|2025-10-28 02:00:28.653090|PBFT-1-0x00007f0ecc2b0700|[g:1][CONSENSUS][PBFT]ViewChangeWarning: not caused by omit empty block ,v=8,toV=9,curNum=893,hash=661352b2...,nodeIdx=0,myNode=064cb676...
info|2025-10-28 02:00:28.653226|PBFT-1-0x00007f0ecc2b0700|[g:1][CONSENSUS][PBFT]checkTimeout Succ,view=8,toView=9,nodeIdx=0,changeCycle=6,myNode=064cb676...,timecost=3
info|2025-10-28 02:00:28.656114|PBFT-1-0x00007f0ecc2b0700|[g:1][CONSENSUS][PBFT]checkAndChangeView: Reach consensus,org_view=8,cur_changeCycle=6,curView=8,view=9
info|2025-10-28 02:00:29.159860|PBFTWork-1-0x00007f0ed2abd700|[g:1][CONSENSUS][PartiallyPBFTReqCache]addPartiallyRawPrepare,height=894,reqIdx=2,hash=e31b2080...
info|2025-10-28 02:00:29.160219|PBFTWork-1-0x00007f0ed2abd700|[g:1][BLOCKVERIFIER][executeBlock]Executing block,txNum=1,num=894,parentHash=661352b2e24b1d18123a3f42b5c5b6f18b03993a0a961d13eaa0452b9870df3d,parentNum=893,parentStateRoot=6aafdc7cb53cf9f3c35aeabde17603619dae504e7750e69ada834cce49036721
info|2025-10-28 02:00:29.160439|PBFTWork-1-0x00007f0ed2abd700|[g:1][PRECOMPILED]init GasChargeManagePrecompiled
info|2025-10-28 02:00:29.186259|PBFTWork-1-0x00007f0ed2abd700|[g:1][CONSENSUS][PBFT]execBlock,blkNum=894,reqIdx=2,hash=c1aefc22...,nodeIdx=0,myNode=064cb676...,decodeCost=0,checkCost=1,notifyCost=0,noteSealingCost=0,currentCycle=6,verifyAndSetSenderCost=0,execCost=26,execPerTx=26,totalCost=27
info|2025-10-28 02:00:29.189014|PBFTWork-1-0x00007f0ed2abd700|[g:1][CONSENSUS][PBFT]handlePrepareMsg Succ,timecost=3,INFO=handlePartiallyPrepare,reqIdx=2,view=9,reqNum=894,curNum=893,consNum=894,hash=e31b2080...,nodeIdx=0,myNode=064cb676...,curChangeCycle=6
info|2025-10-28 02:00:29.189175|PBFT-1-0x00007f0ecc2b0700|[g:1][CONSENSUS][PBFT]checkReq: Recv future request,prepHash=c1aefc22...,INFO=handleSignMsg,num=894,curNum=893,GenIdx=2,Sview=9,view=9,fromIdx=2,fromNode=73994dae...,fromIp=127.0.0.1:30300,hash=2f7bd9e8...,nodeIdx=0,myNode=064cb676...
info|2025-10-28 02:00:29.189200|PBFT-1-0x00007f0ecc2b0700|[g:1][CONSENSUS][PBFT]FutureBlock,INFO=handleSignMsg,num=894,curNum=893,GenIdx=2,Sview=9,view=9,fromIdx=2,fromNode=73994dae...,fromIp=127.0.0.1:30300,hash=2f7bd9e8...,nodeIdx=0,myNode=064cb676...
info|2025-10-28 02:00:29.190311|PBFT-1-0x00007f0ecc2b0700|[g:1][CONSENSUS][PBFT]checkReq: Recv future request,prepHash=c1aefc22...,INFO=handleSignMsg,num=894,curNum=893,GenIdx=3,Sview=9,view=9,fromIdx=3,fromNode=87d00b98...,fromIp=127.0.0.1:30302,hash=2f7bd9e8...,nodeIdx=0,myNode=064cb676...
info|2025-10-28 02:00:29.190351|PBFT-1-0x00007f0ecc2b0700|[g:1][CONSENSUS][PBFT]FutureBlock,INFO=handleSignMsg,num=894,curNum=893,GenIdx=3,Sview=9,view=9,fromIdx=3,fromNode=87d00b98...,fromIp=127.0.0.1:30302,hash=2f7bd9e8...,nodeIdx=0,myNode=064cb676...
info|2025-10-28 02:00:34.300314|io_service-0x00007f0ee62e4700|[P2P][Service] heartBeat,connected count=3
info|2025-10-28 02:00:44.301176|io_service-0x00007f0ee62e4700|[P2P][Service] heartBeat,connected count=3
info|2025-10-28 02:00:54.301396|io_service-0x00007f0ee62e4700|[P2P][Service] heartBeat,connected count=3
info|2025-10-28 02:01:00.377432|P2P-0x00007f0ee82e8700|[g:1] [SYNC][id:064cb676...][Download][Request]Receive block request,peer=374bdfe9...,from=184,to=184
info|2025-10-28 02:01:00.378122|SyncSend-1-0x00007f0ed8ac9700|[g:1][SYNC][id:064cb676...][Download][Request][BlockSync]Batch blocks for sending,blockSize=24480,number=184,peer=374bdfe9...,timeCost=1
info|2025-10-28 02:01:00.378207|SyncSend-1-0x00007f0ed8ac9700|[g:1][g:1] [SYNC][id:374bdfe9...][Download][Request][BlockSync]Send block packet,peer=374bdfe9...,blocks=1,bytes(V)=24487
info|2025-10-28 02:01:03.362339|PBFT-1-0x00007f0ecc2b0700|[g:1][CONSENSUS][SEALER]decrease maxBlockCanSeal to half for PBFT timeout,org_maxBlockCanSeal=250,halfed_maxBlockCanSeal=125,timeoutCount=3,lastTimeoutTx=1
warning|2025-10-28 02:01:03.363620|PBFT-1-0x00007f0ecc2b0700|[g:1][CONSENSUS][PBFT]ViewChangeWarning: not caused by omit empty block ,v=9,toV=10,curNum=893,hash=661352b2...,nodeIdx=0,myNode=064cb676...
info|2025-10-28 02:01:03.364891|PBFT-1-0x00007f0ecc2b0700|[g:1][CONSENSUS][PBFT]checkTimeout Succ,view=9,toView=10,nodeIdx=0,changeCycle=7,myNode=064cb676...,timecost=2
info|2025-10-28 02:01:03.369157|PBFT-1-0x00007f0ecc2b0700|[g:1][CONSENSUS][PBFT]checkAndChangeView: Reach consensus,org_view=9,cur_changeCycle=7,curView=9,view=10
info|2025-10-28 02:01:03.872605|PBFTWork-1-0x00007f0ed2abd700|[g:1][CONSENSUS][PartiallyPBFTReqCache]addPartiallyRawPrepare,height=894,reqIdx=3,hash=b2a86fbf...
info|2025-10-28 02:01:03.872856|PBFTWork-1-0x00007f0ed2abd700|[g:1][BLOCKVERIFIER][executeBlock]Executing block,txNum=1,num=894,parentHash=661352b2e24b1d18123a3f42b5c5b6f18b03993a0a961d13eaa0452b9870df3d,parentNum=893,parentStateRoot=6aafdc7cb53cf9f3c35aeabde17603619dae504e7750e69ada834cce49036721
info|2025-10-28 02:01:03.872978|PBFTWork-1-0x00007f0ed2abd700|[g:1][PRECOMPILED]init GasChargeManagePrecompiled
info|2025-10-28 02:01:03.895487|PBFTWork-1-0x00007f0ed2abd700|[g:1][CONSENSUS][PBFT]execBlock,blkNum=894,reqIdx=3,hash=22e58232...,nodeIdx=0,myNode=064cb676...,decodeCost=0,checkCost=0,notifyCost=0,noteSealingCost=0,currentCycle=7,verifyAndSetSenderCost=0,execCost=23,execPerTx=23,totalCost=23
info|2025-10-28 02:01:03.898830|PBFTWork-1-0x00007f0ed2abd700|[g:1][CONSENSUS][PBFT]handlePrepareMsg Succ,timecost=3,INFO=handlePartiallyPrepare,reqIdx=3,view=10,reqNum=894,curNum=893,consNum=894,hash=b2a86fbf...,nodeIdx=0,myNode=064cb676...,curChangeCycle=7
info|2025-10-28 02:01:03.898945|PBFT-1-0x00007f0ecc2b0700|[g:1][CONSENSUS][PBFT]checkReq: Recv future request,prepHash=22e58232...,INFO=handleSignMsg,num=894,curNum=893,GenIdx=3,Sview=10,view=10,fromIdx=3,fromNode=87d00b98...,fromIp=127.0.0.1:30302,hash=a12431cc...,nodeIdx=0,myNode=064cb676...
info|2025-10-28 02:01:03.898980|PBFT-1-0x00007f0ecc2b0700|[g:1][CONSENSUS][PBFT]FutureBlock,INFO=handleSignMsg,num=894,curNum=893,GenIdx=3,Sview=10,view=10,fromIdx=3,fromNode=87d00b98...,fromIp=127.0.0.1:30302,hash=a12431cc...,nodeIdx=0,myNode=064cb676...
info|2025-10-28 02:01:03.901696|PBFT-1-0x00007f0ecc2b0700|[g:1][CONSENSUS][PBFT]checkReq: Recv future request,prepHash=22e58232...,INFO=handleSignMsg,num=894,curNum=893,GenIdx=2,Sview=10,view=10,fromIdx=2,fromNode=73994dae...,fromIp=127.0.0.1:30300,hash=2b037c0c...,nodeIdx=0,myNode=064cb676...
info|2025-10-28 02:01:03.901737|PBFT-1-0x00007f0ecc2b0700|[g:1][CONSENSUS][PBFT]FutureBlock,INFO=handleSignMsg,num=894,curNum=893,GenIdx=2,Sview=10,view=10,fromIdx=2,fromNode=73994dae...,fromIp=127.0.0.1:30300,hash=2b037c0c...,nodeIdx=0,myNode=064cb676...
info|2025-10-28 02:01:04.304956|io_service-0x00007f0ee62e4700|[P2P][Service] heartBeat,connected count=3
info|2025-10-28 02:01:14.305429|io_service-0x00007f0ee62e4700|[P2P][Service] heartBeat,connected count=3
info|2025-10-28 02:01:19.792318|P2P-0x00007f0ee6ae5700|[g:1] [SYNC][id:064cb676...][Download][Request]Receive block request,peer=374bdfe9...,from=184,to=184
info|2025-10-28 02:01:19.792599|SyncSend-1-0x00007f0ed8ac9700|[g:1][SYNC][id:064cb676...][Download][Request][BlockSync]Batch blocks for sending,blockSize=24480,number=184,peer=374bdfe9...,timeCost=0
info|2025-10-28 02:01:19.792691|SyncSend-1-0x00007f0ed8ac9700|[g:1][g:1] [SYNC][id:374bdfe9...][Download][Request][BlockSync]Send block packet,peer=374bdfe9...,blocks=1,bytes(V)=24487
info|2025-10-28 02:01:24.305768|io_service-0x00007f0ee62e4700|[P2P][Service] heartBeat,connected count=3
info|2025-10-28 02:01:24.659775|fisco-bcos-0x00007f0ee905ddc0|[LEDGER]stop sealer,groupID=1
info|2025-10-28 02:01:24.659847|fisco-bcos-0x00007f0ee905ddc0|[CONSENSUS][SEALER]Stop sealer module...
info|2025-10-28 02:01:24.668671|fisco-bcos-0x00007f0ee905ddc0|[CONSENSUS][ConsensusEngine][Stop ConsensusEngineBase]
info|2025-10-28 02:01:24.674299|fisco-bcos-0x00007f0ee905ddc0|[CONSENSUS][ConsensusEngine]ConsensusEngineBase stopped
info|2025-10-28 02:01:24.674344|fisco-bcos-0x00007f0ee905ddc0|[LEDGER]sealer stopped. stop sync,groupID=1
info|2025-10-28 02:01:24.674861|fisco-bcos-0x00007f0ee905ddc0|[g:1] [SYNC][id:064cb676...]SyncMsgEngine stopped
info|2025-10-28 02:01:24.858672|fisco-bcos-0x00007f0ee905ddc0|[GossipBlockStatus]stop GossipBlockStatus succ
info|2025-10-28 02:01:25.616003|fisco-bcos-0x00007f0ee905ddc0|[SYNC][id:064cb676...][g:1]SyncMaster stopped
info|2025-10-28 02:01:25.616074|fisco-bcos-0x00007f0ee905ddc0|[LEDGER]sync stopped. stop event filter manager,groupID=1
info|2025-10-28 02:01:25.666902|fisco-bcos-0x00007f0ee905ddc0|[EVENT][EventLogFilterManager]stop
info|2025-10-28 02:01:25.666944|fisco-bcos-0x00007f0ee905ddc0|[LEDGER]event filter manager stopped. stop tx pool,groupID=1
info|2025-10-28 02:01:25.667284|fisco-bcos-0x00007f0ee905ddc0|[LEDGER]removeNetworkStatHandlerByGroupID and removeGroupBandwidthLimiter for service,groupID=1
info|2025-10-28 02:01:25.667313|fisco-bcos-0x00007f0ee905ddc0|[CHANNEL]removeSDKAllowListByGroupId,groupId=1
info|2025-10-28 02:01:25.667337|fisco-bcos-0x00007f0ee905ddc0|[INITIALIZER]ledgerInitializer stopped
info|2025-10-28 02:01:26.666399|io_service-0x00007f0ee62e4700|[NETWORK][Session]doRead failed,endpoint=127.0.0.1:30301,message=short read (SSL routines, SSL routines)
info|2025-10-28 02:01:26.666454|io_service-0x00007f0ee62e4700|[NETWORK][Session]drop, call and erase all callbackFunc of the session!,endpoint=127.0.0.1:30301
info|2025-10-28 02:01:26.666470|io_service-0x00007f0ee62e4700|[NETWORK][Session][drop] closing remote 127.0.0.1:30301,reason=Low-level TCP communication failed.,endpoint=127.0.0.1:30301
info|2025-10-28 02:01:26.666519|P2P-0x00007f0ee6ae5700|[P2P][Service] disconnect inactive P2PSession,nodeID=374bdfe9...,endpoint=127.0.0.1:30301,code=3,what=Disconnect
info|2025-10-28 02:01:26.666538|P2P-0x00007f0ee6ae5700|[P2P][Service] onDisconnect,code=3,what=Dynamic exception type: dev::network::NetworkException
std::exception::what: Disconnect
info|2025-10-28 02:01:26.666556|io_service-0x00007f0ee62e4700|[NETWORK][Session]Session inactive
info|2025-10-28 02:01:26.666567|io_service-0x00007f0ee62e4700|[NETWORK][Session][drop] shutdown failed ,code=9,message=Bad file descriptor
info|2025-10-28 02:01:26.668270|fisco-bcos-0x00007f0ee905ddc0|[INITIALIZER]ChannelRPCHttpServer deleted.
info|2025-10-28 02:01:26.668708|fisco-bcos-0x00007f0ee905ddc0|[INITIALIZER]JsonrpcHttpServer deleted.
info|2025-10-28 02:01:26.668736|fisco-bcos-0x00007f0ee905ddc0|[INITIALIZER]RPCInitializer stopped
info|2025-10-28 02:01:26.668814|io_service-0x00007f0ee62e4700|[NETWORK][Host]Host exit
info|2025-10-28 02:01:26.669597|fisco-bcos-0x00007f0ee905ddc0|[INITIALIZER]P2PInitializer stopped
info|2025-10-28 02:01:26.669629|fisco-bcos-0x00007f0ee905ddc0|[LEDGER]stop sealer,groupID=1
info|2025-10-28 02:01:26.669638|fisco-bcos-0x00007f0ee905ddc0|[LEDGER]sealer stopped. stop sync,groupID=1
info|2025-10-28 02:01:26.669646|fisco-bcos-0x00007f0ee905ddc0|[g:1] [SYNC][id:064cb676...]SyncMsgEngine stopped
info|2025-10-28 02:01:26.669655|fisco-bcos-0x00007f0ee905ddc0|[GossipBlockStatus]GossipBlockStatus already stopped
info|2025-10-28 02:01:26.669659|fisco-bcos-0x00007f0ee905ddc0|[SYNC][id:064cb676...][g:1]SyncMaster stopped
info|2025-10-28 02:01:26.669665|fisco-bcos-0x00007f0ee905ddc0|[LEDGER]sync stopped. stop event filter manager,groupID=1
info|2025-10-28 02:01:26.669669|fisco-bcos-0x00007f0ee905ddc0|[LEDGER]event filter manager stopped. stop tx pool,groupID=1
info|2025-10-28 02:01:26.669675|fisco-bcos-0x00007f0ee905ddc0|[LEDGER]removeNetworkStatHandlerByGroupID and removeGroupBandwidthLimiter for service,groupID=1
info|2025-10-28 02:01:26.669686|fisco-bcos-0x00007f0ee905ddc0|[g:1][STORAGE][CachedStorage]Stopping flushStorage thread
info|2025-10-28 02:01:27.459147|fisco-bcos-0x00007f0ee905ddc0|[g:1][STORAGE][CachedStorage]flushStorage thread stopped.
info|2025-10-28 02:01:27.459249|fisco-bcos-0x00007f0ee905ddc0|[DBINITIALIZER] storage stopped
info|2025-10-28 02:01:27.467131|fisco-bcos-0x00007f0ee905ddc0|[g:1] [SYNC][id:064cb676...]SyncMsgEngine stopped
info|2025-10-28 02:01:27.467207|fisco-bcos-0x00007f0ee905ddc0|[GossipBlockStatus]GossipBlockStatus already stopped
info|2025-10-28 02:01:27.467218|fisco-bcos-0x00007f0ee905ddc0|[SYNC][id:064cb676...][g:1]SyncMaster stopped
info|2025-10-28 02:01:27.467249|fisco-bcos-0x00007f0ee905ddc0|[g:1] [SYNC][id:064cb676...]SyncMsgEngine stopped
