info|2025-10-10 04:29:16.245895|fisco-bcos-0x00007fbf22fdfdc0|[INITIALIZER][initGlobalConfig],enableCompress=true,compatibilityVersion=2.11.0,versionNumber=34275328,enableStat=false,chainId=1,useSMCrypto=true,IgnoreObserverWriteRequest=false
info|2025-10-10 04:29:16.247149|fisco-bcos-0x00007fbf22fdfdc0|[INITIALIZER][SecureInitializerGM]get pub of node,nodeID=064cb676a36047a4b52ecbf9c01664b1e987d91b438110ba6a12d96972726622e824d295b1de8b0298b5afe7bbbc0bd04a3890e1a36eae028c1cfbe07971b995
info|2025-10-10 04:29:16.256874|fisco-bcos-0x00007fbf22fdfdc0|[NETWORK][Host]Connecting to node,endpoint=127.0.0.1:30300
info|2025-10-10 04:29:16.257191|fisco-bcos-0x00007fbf22fdfdc0|[NETWORK][Host]Connecting to node,endpoint=127.0.0.1:30301
info|2025-10-10 04:29:16.257329|fisco-bcos-0x00007fbf22fdfdc0|[NETWORK][Host]Connecting to node,endpoint=127.0.0.1:30302
info|2025-10-10 04:29:16.257431|fisco-bcos-0x00007fbf22fdfdc0|[NETWORK][Host]Connecting to node,endpoint=127.0.0.1:30303
info|2025-10-10 04:29:16.257533|fisco-bcos-0x00007fbf22fdfdc0|[P2P][Service] heartBeat,connected count=0
info|2025-10-10 04:29:16.257611|fisco-bcos-0x00007fbf22fdfdc0|[INITIALIZER][RPCInitializer],network_security.check_cert_issuer=true
info|2025-10-10 04:29:16.258837|fisco-bcos-0x00007fbf22fdfdc0|[CHANNEL][ChannelServer::run],threadPoolSize=8
info|2025-10-10 04:29:16.265160|io_service-0x00007fbf20266700|[NETWORK][Host]P2P StartAccept,Host=0.0.0.0:30303
info|2025-10-10 04:29:16.266823|io_service-0x00007fbf20266700|[NETWORK][ASIO]asyncResolveConnect,endpoint=127.0.0.1:30300
info|2025-10-10 04:29:16.267034|io_service-0x00007fbf20266700|[NETWORK][ASIO]asyncResolveConnect,endpoint=127.0.0.1:30301
info|2025-10-10 04:29:16.267201|io_service-0x00007fbf20266700|[NETWORK][ASIO]asyncResolveConnect,endpoint=127.0.0.1:30302
info|2025-10-10 04:29:16.267429|io_service-0x00007fbf20266700|[NETWORK][ASIO]asyncResolveConnect,endpoint=127.0.0.1:30303
info|2025-10-10 04:29:16.269700|io_service-0x00007fbf20266700|[NETWORK][Host]P2P Recv Connect, From=127.0.0.1:36756
info|2025-10-10 04:29:16.269859|io_service-0x00007fbf20266700|[NETWORK][Host]P2P StartAccept,Host=0.0.0.0:30303
info|2025-10-10 04:29:16.271763|fisco-bcos-0x00007fbf22fdfdc0|[CHANNEL]ChannelRPCServer started
info|2025-10-10 04:29:16.274715|fisco-bcos-0x00007fbf22fdfdc0|[INITIALIZER][RPCInitializer: ChannelRPCHttpServer started.],disableDynamicGroup=false,uncheckGroupMember=false,threadSize=8
info|2025-10-10 04:29:16.274876|fisco-bcos-0x00007fbf22fdfdc0|[INITIALIZER][LedgerInitializer]initConfig
info|2025-10-10 04:29:16.275008|fisco-bcos-0x00007fbf22fdfdc0|[LedgerInitializer],groupConfigPath=conf/
info|2025-10-10 04:29:16.275489|fisco-bcos-0x00007fbf22fdfdc0|[INITIALIZER][initSingleLedger] [GroupId], LedgerConstructor:  1,configFileName=conf/group.1.genesis,dataDir=data/
info|2025-10-10 04:29:16.277070|fisco-bcos-0x00007fbf22fdfdc0|[g:1][LedgerParam][parseGenesisConfig]initConsensusConfig/initStorageConfig/initTxConfig,configFile=conf/group.1.genesis
info|2025-10-10 04:29:16.277189|fisco-bcos-0x00007fbf22fdfdc0|[g:1][LedgerParam][initConsensusConfig],type=pbft,consensusTimeout=3,maxTxNum=1000,txGasLimit=300000000
info|2025-10-10 04:29:16.277247|fisco-bcos-0x00007fbf22fdfdc0|[g:1][LedgerParam][parsePublicKeyListOfSection],sectionName=consensus,it.first=73994dae9e8b8da733108a4153dfe79151d701dff425f84c87b5324e8ebd02ab6a0ebc9e4f1e0298a7ddca50f94a8f95c62b6997226d571e470e8f2b0600634a
info|2025-10-10 04:29:16.277408|fisco-bcos-0x00007fbf22fdfdc0|[g:1][LedgerParam][parsePublicKeyListOfSection],sectionName=consensus,it.first=374bdfe969e1d8ea1200ade93e5d8cf1a7d5741f238011004b0f43ca818706f194b2f067e1708125f7ffc536610b9a72addbd56b238d65f18912be39037ffcc5
info|2025-10-10 04:29:16.277459|fisco-bcos-0x00007fbf22fdfdc0|[g:1][LedgerParam][parsePublicKeyListOfSection],sectionName=consensus,it.first=87d00b98321fc70a5abc85ad9e80db10cce315194133697bf74aace1d3f8430957a766240f751752708f4282f46110d6ea56c3eb5d1c02ce98a66f327f595270
info|2025-10-10 04:29:16.277557|fisco-bcos-0x00007fbf22fdfdc0|[g:1][LedgerParam][parsePublicKeyListOfSection],sectionName=consensus,it.first=064cb676a36047a4b52ecbf9c01664b1e987d91b438110ba6a12d96972726622e824d295b1de8b0298b5afe7bbbc0bd04a3890e1a36eae028c1cfbe07971b995
info|2025-10-10 04:29:16.277689|fisco-bcos-0x00007fbf22fdfdc0|[g:1][LedgerParam][parsePublicKeyListOfSection],totalPubKeySize=4
info|2025-10-10 04:29:16.277751|fisco-bcos-0x00007fbf22fdfdc0|[g:1][LedgerParam][max_block_range],maxBlockRange=0,maxBlockPerProcess=3
info|2025-10-10 04:29:16.277891|fisco-bcos-0x00007fbf22fdfdc0|[g:1][LedgerParam][parseGenesisConfig],timestamp=1759762229000
info|2025-10-10 04:29:16.278058|fisco-bcos-0x00007fbf22fdfdc0|[g:1][LedgerParam]setEVMFlags,enableFreeStorageVMSchedule=false,evmFlags=0
info|2025-10-10 04:29:16.278117|fisco-bcos-0x00007fbf22fdfdc0|[g:1][LedgerParam]store evmFlag,evmFlag=0
info|2025-10-10 04:29:16.278302|fisco-bcos-0x00007fbf22fdfdc0|[g:1][LedgerParam]store consensus time,consensusTimeout=3
info|2025-10-10 04:29:16.278354|fisco-bcos-0x00007fbf22fdfdc0|[g:1][LedgerParam][initMark],genesisMark=1-064cb676a36047a4b52ecbf9c01664b1e987d91b438110ba6a12d96972726622e824d295b1de8b0298b5afe7bbbc0bd04a3890e1a36eae028c1cfbe07971b995,374bdfe969e1d8ea1200ade93e5d8cf1a7d5741f238011004b0f43ca818706f194b2f067e1708125f7ffc536610b9a72addbd56b238d65f18912be39037ffcc5,73994dae9e8b8da733108a4153dfe79151d701dff425f84c87b5324e8ebd02ab6a0ebc9e4f1e0298a7ddca50f94a8f95c62b6997226d571e470e8f2b0600634a,87d00b98321fc70a5abc85ad9e80db10cce315194133697bf74aace1d3f8430957a766240f751752708f4282f46110d6ea56c3eb5d1c02ce98a66f327f595270,-pbft-storage-0-1000-300000000-3
info|2025-10-10 04:29:16.278420|fisco-bcos-0x00007fbf22fdfdc0|[g:1][LedgerParam][initIniConfig]initTxPoolConfig/initSyncConfig/initTxExecuteConfig,configFile=conf/group.1.ini
info|2025-10-10 04:29:16.282018|fisco-bcos-0x00007fbf22fdfdc0|[g:1][LedgerParam][initStorageConfig],stateType=storage,storageDB=rocksdb,storagePath=data//group1/block/RocksDB,baseDir=data//group1,dbtype=mysql,dbip=127.0.0.1,dbport=3306,dbcharset=utf8mb4,initconnections=15,maxconnections=50,scrollThreshold=2000,enableReconfirmCommittee=false
info|2025-10-10 04:29:16.285480|fisco-bcos-0x00007fbf22fdfdc0|[g:1][LedgerParam][initTxPoolConfig],txPoolLimit=150000,memorySizeLimit(MB)=512,notifyWorkerNum=2,txsExpirationTime(ms)=600000
info|2025-10-10 04:29:16.285771|io_service-0x00007fbf20266700|[NETWORK][Host]P2P Recv Connect, From=127.0.0.1:36760
info|2025-10-10 04:29:16.285826|fisco-bcos-0x00007fbf22fdfdc0|[g:1][LedgerParam][initSyncConfig],idleWaitMs=200
info|2025-10-10 04:29:16.285861|fisco-bcos-0x00007fbf22fdfdc0|[g:1][LedgerParam][initSyncConfig],enableSendTxsByTree=true,enableSendBlockStatusByTree=true
info|2025-10-10 04:29:16.286095|fisco-bcos-0x00007fbf22fdfdc0|[g:1][LedgerParam][initSyncConfig],gossipInterval=1000
info|2025-10-10 04:29:16.286155|fisco-bcos-0x00007fbf22fdfdc0|[g:1][LedgerParam][initSyncConfig],enableSendBlockStatusByTree=true,gossipInterval=1000,gossipPeers=3,syncTreeWidth=3,maxQueueSizeForBlockSync=536870912,txsStatusGossipMaxPeers=5,syncInfoPrintInterval=10,freeNodeRead=false
info|2025-10-10 04:29:16.286185|fisco-bcos-0x00007fbf22fdfdc0|[g:1][LedgerParam][InitTxExecuteConfig],enableParallel=true
info|2025-10-10 04:29:16.286228|fisco-bcos-0x00007fbf22fdfdc0|[g:1][LedgerParam][initConsensusIniConfig],maxTTL=2,minBlockGenerationTime=500,enablDynamicBlockSize=true,blockSizeIncreaseRatio=0.5,enableTTLOptimize=true,enablePrepareWithTxsHash=true
info|2025-10-10 04:29:16.286350|io_service-0x00007fbf20266700|[NETWORK][Host]P2P StartAccept,Host=0.0.0.0:30303
info|2025-10-10 04:29:16.286397|fisco-bcos-0x00007fbf22fdfdc0|[g:1][LedgerParam][initRPBFTConsensusIniConfig],broadcastPrepareByTree=true,prepareStatusBroadcastPercent=33,maxRequestMissedTxsWaitTime=100,maxRequestPrepareWaitTime=100
info|2025-10-10 04:29:16.286425|fisco-bcos-0x00007fbf22fdfdc0|[g:1][LedgerParam][initFlowControlConfig],maxQPS=9223372036854775807,outGoingBandwidth(Bytes)=9223372036854775807
info|2025-10-10 04:29:16.286449|fisco-bcos-0x00007fbf22fdfdc0|[g:1][LedgerParam]parseSDKAllowList,sdkAllowList=[],enableSDKAllowListControl=false
info|2025-10-10 04:29:16.286489|fisco-bcos-0x00007fbf22fdfdc0|[g:1][LEDGER][initLedger][DBInitializer]
info|2025-10-10 04:29:16.287409|fisco-bcos-0x00007fbf22fdfdc0|[g:1][LEDGER]setSDKAllowList,groupId=1,sdkAllowListSize=0
info|2025-10-10 04:29:16.287762|fisco-bcos-0x00007fbf22fdfdc0|[g:1][CHANNEL]registerSDKAllowListByGroupId,groupId=1,size=0
info|2025-10-10 04:29:16.287800|fisco-bcos-0x00007fbf22fdfdc0|[g:1][CHANNEL]Disable group-level sdk permission control for sdk allowlist is empty
info|2025-10-10 04:29:16.287824|fisco-bcos-0x00007fbf22fdfdc0|[g:1][DBINITIALIZER] [initStorageDB]
info|2025-10-10 04:29:16.287847|fisco-bcos-0x00007fbf22fdfdc0|[g:1][DBINITIALIZER] [initRocksDBStorage]
info|2025-10-10 04:29:16.287900|fisco-bcos-0x00007fbf22fdfdc0|[g:1][ROCKSDB]open rocksDB handler,path=data//group1/block/RocksDB
info|2025-10-10 04:29:16.360428|fisco-bcos-0x00007fbf22fdfdc0|[g:1][g:1][STORAGE][CachedStorage]Init flushStorage thread
info|2025-10-10 04:29:16.360606|fisco-bcos-0x00007fbf22fdfdc0|[g:1][DBINITIALIZER] [init CachedStorage],maxCapacity=32,maxForwardBlock=10
info|2025-10-10 04:29:16.360640|fisco-bcos-0x00007fbf22fdfdc0|[g:1][LEDGER][initLedger][initBlockChain]
info|2025-10-10 04:29:16.361066|fisco-bcos-0x00007fbf22fdfdc0|[g:1][LEDGER]set enableHexBlock to be false,version=34275328
info|2025-10-10 04:29:16.361157|fisco-bcos-0x00007fbf22fdfdc0|[g:1][BLOCKCHAIN][#checkAndBuildGenesisBlock],shouldBuild=false
info|2025-10-10 04:29:16.361613|fisco-bcos-0x00007fbf22fdfdc0|[g:1][BLOCKCHAIN][#checkAndBuildGenesisBlock]Already have the 0th block, 0th groupMark is equal to file groupMark.
info|2025-10-10 04:29:16.361681|fisco-bcos-0x00007fbf22fdfdc0|[g:1][LEDGER][initLedger]initBlockChain SUCC
info|2025-10-10 04:29:16.361754|fisco-bcos-0x00007fbf22fdfdc0|[g:1][DBINITIALIZER] [createStateFactory],type=storage
info|2025-10-10 04:29:16.361779|fisco-bcos-0x00007fbf22fdfdc0|[g:1][DBINITIALIZER] createStorageState SUCC
info|2025-10-10 04:29:16.361797|fisco-bcos-0x00007fbf22fdfdc0|[g:1][DBINITIALIZER] [createStateFactory SUCC]
info|2025-10-10 04:29:16.361814|fisco-bcos-0x00007fbf22fdfdc0|[g:1][DBINITIALIZER] createExecutiveContext...
info|2025-10-10 04:29:16.361843|fisco-bcos-0x00007fbf22fdfdc0|[g:1][LEDGER]createGasMetric,vmFlagType=0
info|2025-10-10 04:29:16.361862|fisco-bcos-0x00007fbf22fdfdc0|[g:1][LEDGER]createGasMetric
info|2025-10-10 04:29:16.361884|fisco-bcos-0x00007fbf22fdfdc0|[g:1][DBINITIALIZER] create precompiledGasFactory and precompiledResultFactory
info|2025-10-10 04:29:16.361901|fisco-bcos-0x00007fbf22fdfdc0|[g:1][DBINITIALIZER] createExecutiveContext SUCC
info|2025-10-10 04:29:16.361919|fisco-bcos-0x00007fbf22fdfdc0|[g:1][DBINITIALIZER] [setSyncNumForCachedStorage],syncNum=289
info|2025-10-10 04:29:16.361939|fisco-bcos-0x00007fbf22fdfdc0|[g:1][LEDGER][initNetworkBandWidthLimiter: outGoingBandwidthLimit has been disabled],groupId=1
info|2025-10-10 04:29:16.362093|fisco-bcos-0x00007fbf22fdfdc0|[g:1][LEDGER][QPSLimit has been disabled],groupId=1
info|2025-10-10 04:29:16.362146|fisco-bcos-0x00007fbf22fdfdc0|[g:1][LEDGER][initLedger][initBlockVerifier]
info|2025-10-10 04:29:16.362176|fisco-bcos-0x00007fbf22fdfdc0|[g:1][LEDGER][initLedger][initBlockVerifier SUCC],evmFlags=0
info|2025-10-10 04:29:16.362193|fisco-bcos-0x00007fbf22fdfdc0|[g:1][LEDGER][initLedger][initTxPool],txPoolLimit=150000
info|2025-10-10 04:29:16.434296|fisco-bcos-0x00007fbf22fdfdc0|[g:1][LEDGER][initLedger]initTxPool SUCC
info|2025-10-10 04:29:16.438555|fisco-bcos-0x00007fbf22fdfdc0|[g:1][LEDGER][initLedger][initSync],idleWaitMs=200,gossipInterval=1000,gossipPeers=3
info|2025-10-10 04:29:16.438652|fisco-bcos-0x00007fbf22fdfdc0|[g:1][LEDGER]Init sync master,enableSendBlockStatusByTree=true,enableSendTxsByTree=true
info|2025-10-10 04:29:16.440406|fisco-bcos-0x00007fbf22fdfdc0|[g:1][LEDGER][initLedger]initSync SUCC
info|2025-10-10 04:29:16.440507|fisco-bcos-0x00007fbf22fdfdc0|[g:1][LEDGER][initLedger][consensusInitFactory]
info|2025-10-10 04:29:16.440540|fisco-bcos-0x00007fbf22fdfdc0|[g:1][LEDGER][initLedger][createPBFTSealer]
info|2025-10-10 04:29:16.440569|fisco-bcos-0x00007fbf22fdfdc0|[g:1][LEDGER][initLedger][createPBFTSealer],baseDir=data//group1,Protocol=65544
info|2025-10-10 04:29:16.440703|fisco-bcos-0x00007fbf22fdfdc0|[g:1][LEDGER][initLedger]createPBFTSealer for PBFT or rPBFT,consensusType=pbft
info|2025-10-10 04:29:16.440747|fisco-bcos-0x00007fbf22fdfdc0|[g:1][LEDGER]createConsensusEngine: create PBFTEngine
info|2025-10-10 04:29:16.440789|fisco-bcos-0x00007fbf22fdfdc0|[g:1][CONSENSUS][PBFT]Register handler for PBFTEngine
info|2025-10-10 04:29:16.442243|fisco-bcos-0x00007fbf22fdfdc0|[g:1][CONSENSUS][PBFT]setMinBlockGenerationTime,minBlockGenerationTime=500,consensusTime=1000
info|2025-10-10 04:29:16.442353|fisco-bcos-0x00007fbf22fdfdc0|[g:1][LEDGER][initEventLogFilterManager]initEventLogFilterManager SUCC
info|2025-10-10 04:29:16.442387|fisco-bcos-0x00007fbf22fdfdc0|[LedgerInitializer init group succ],groupID=1
info|2025-10-10 04:29:16.442786|fisco-bcos-0x00007fbf22fdfdc0|[SafeHttpServer::StartListening]use default epoll
info|2025-10-10 04:29:16.443551|fisco-bcos-0x00007fbf22fdfdc0|[INITIALIZER][RPCInitializer JsonrpcHttpServer started],jsonrpc_IP=127.0.0.1,jsonrpc_listen_port=8548,jsonrpc_thread_count=8,ipv6=false,disableDynamicGroup=false,uncheckGroupMember=false
info|2025-10-10 04:29:16.443764|fisco-bcos-0x00007fbf22fdfdc0|[g:1][LEDGER]startAll...
info|2025-10-10 04:29:16.450440|fisco-bcos-0x00007fbf22fdfdc0|[g:1][GossipBlockStatus]start GossipBlockStatus succ
info|2025-10-10 04:29:16.450513|fisco-bcos-0x00007fbf22fdfdc0|[g:1][CONSENSUS][ConsensusEngine][Start ConsensusEngineBase]
info|2025-10-10 04:29:16.459436|fisco-bcos-0x00007fbf22fdfdc0|[g:1][CONSENSUS][PBFT]^^^^^^^^Report,num=289,sealerIdx=2,hash=1f5dc3d5...,next=290,tx=1,nodeIdx=0
info|2025-10-10 04:29:16.459529|fisco-bcos-0x00007fbf22fdfdc0|[g:1][ROCKSDB]open rocksDB handler,path=data//group1/pbftMsgBackup/RocksDB
info|2025-10-10 04:29:16.484309|fisco-bcos-0x00007fbf22fdfdc0|[g:1][CONSENSUS][PBFT][PBFT init env successfully]
info|2025-10-10 04:29:16.484396|fisco-bcos-0x00007fbf22fdfdc0|[g:1][CONSENSUS][PBFT][Start PBFTEngine...]
info|2025-10-10 04:29:16.484428|fisco-bcos-0x00007fbf22fdfdc0|[g:1][CONSENSUS][SEALER][Start sealer module]
info|2025-10-10 04:29:16.497464|fisco-bcos-0x00007fbf22fdfdc0|[g:1][EVENT][EventLogFilterManager]start,m_maxBlockRange=0,m_maxBlockPerLoopFilter=3
info|2025-10-10 04:29:16.514152|io_service-0x00007fbf20266700|[NETWORK][Host]handshakeServer succ,remote endpoint=127.0.0.1:36756
info|2025-10-10 04:29:16.514239|io_service-0x00007fbf20266700|[NETWORK][Host]startPeerSession, Remote=127.0.0.1:36756,local endpoint=127.0.0.1:30303,nodeID=064cb676...
info|2025-10-10 04:29:16.514387|io_service-0x00007fbf20266700|[NETWORK][Host]handshakeClient succ,local endpoint=127.0.0.1:49364
info|2025-10-10 04:29:16.514432|io_service-0x00007fbf20266700|[NETWORK][Host]startPeerSession, Remote=127.0.0.1:30302,local endpoint=127.0.0.1:49364,nodeID=87d00b98...
info|2025-10-10 04:29:16.514585|io_service-0x00007fbf20266700|[NETWORK][Host]handshakeClient succ,local endpoint=127.0.0.1:36756
info|2025-10-10 04:29:16.514861|P2P-0x00007fbf21a69700|[P2P][Service] Connection established,nodeID=87d00b98...,endpoint=127.0.0.1:30302
info|2025-10-10 04:29:16.529016|io_service-0x00007fbf20266700|[NETWORK][Host]startPeerSession, Remote=127.0.0.1:30303,local endpoint=127.0.0.1:36756,nodeID=064cb676...
info|2025-10-10 04:29:16.554480|io_service-0x00007fbf20266700|[NETWORK][Host]handshakeClient succ,local endpoint=127.0.0.1:47754
info|2025-10-10 04:29:16.554644|io_service-0x00007fbf20266700|[NETWORK][Host]startPeerSession, Remote=127.0.0.1:30300,local endpoint=127.0.0.1:47754,nodeID=73994dae...
info|2025-10-10 04:29:16.554760|P2P-0x00007fbf21a69700|[P2P][Service] Connection established,nodeID=73994dae...,endpoint=127.0.0.1:30300
info|2025-10-10 04:29:16.555198|io_service-0x00007fbf20266700|[NETWORK][Host]handshakeClient succ,local endpoint=127.0.0.1:51366
info|2025-10-10 04:29:16.555286|io_service-0x00007fbf20266700|[NETWORK][Host]startPeerSession, Remote=127.0.0.1:30301,local endpoint=127.0.0.1:51366,nodeID=374bdfe9...
info|2025-10-10 04:29:16.555372|io_service-0x00007fbf20266700|[NETWORK][Host]handshakeServer succ,remote endpoint=127.0.0.1:36760
info|2025-10-10 04:29:16.555413|io_service-0x00007fbf20266700|[NETWORK][Host]startPeerSession, Remote=127.0.0.1:36760,local endpoint=127.0.0.1:30303,nodeID=87d00b98...
info|2025-10-10 04:29:16.555483|P2P-0x00007fbf21268700|[P2P][Service] Connection established,nodeID=374bdfe9...,endpoint=127.0.0.1:30301
info|2025-10-10 04:29:16.558291|alignTime-1-0x00007fbf10a47700|[g:1][NodeTimeMaintenance]updateTimeInfo: update median time offset,updatedMedianTimeOffset=-5,peer=73994dae...,peerTime=1760095756553,peerOffset=-5,utcTime=1760095756558
info|2025-10-10 04:29:16.567453|alignTime-1-0x00007fbf10a47700|[g:1][NodeTimeMaintenance]updateTimeInfo: update median time offset,updatedMedianTimeOffset=-59,peer=87d00b98...,peerTime=1760095756454,peerOffset=-113,utcTime=1760095756567
info|2025-10-10 04:29:16.572099|alignTime-1-0x00007fbf10a47700|[g:1][NodeTimeMaintenance]updateTimeInfo: update median time offset,updatedMedianTimeOffset=-5,peer=374bdfe9...,peerTime=1760095756570,peerOffset=-2,utcTime=1760095756572
info|2025-10-10 04:29:16.687759|P2P-0x00007fbf21a69700|[g:1] [SYNC][id:064cb676...][Download][Request]Receive block request,peer=374bdfe9...,from=184,to=191
info|2025-10-10 04:29:16.687805|P2P-0x00007fbf21a69700|[g:1] [SYNC][id:064cb676...][Download][Request]Receive block request,peer=374bdfe9...,from=192,to=199
info|2025-10-10 04:29:16.687822|P2P-0x00007fbf21a69700|[g:1] [SYNC][id:064cb676...][Download][Request]Receive block request,peer=374bdfe9...,from=200,to=207
info|2025-10-10 04:29:16.687833|P2P-0x00007fbf21a69700|[g:1] [SYNC][id:064cb676...][Download][Request]Receive block request,peer=374bdfe9...,from=208,to=215
info|2025-10-10 04:29:16.688673|SyncSend-1-0x00007fbf12a4b700|[g:1][SYNC][id:064cb676...][Download][Request][BlockSync]Batch blocks for sending,blockSize=24480,number=184,peer=374bdfe9...,timeCost=0
info|2025-10-10 04:29:16.688991|SyncSend-1-0x00007fbf12a4b700|[g:1][SYNC][id:064cb676...][Download][Request][BlockSync]Batch blocks for sending,blockSize=3195,number=185,peer=374bdfe9...,timeCost=1
info|2025-10-10 04:29:16.689303|SyncSend-1-0x00007fbf12a4b700|[g:1][SYNC][id:064cb676...][Download][Request][BlockSync]Batch blocks for sending,blockSize=24479,number=186,peer=374bdfe9...,timeCost=0
info|2025-10-10 04:29:16.689576|SyncSend-1-0x00007fbf12a4b700|[g:1][SYNC][id:064cb676...][Download][Request][BlockSync]Batch blocks for sending,blockSize=3711,number=187,peer=374bdfe9...,timeCost=0
info|2025-10-10 04:29:16.690076|SyncSend-1-0x00007fbf12a4b700|[g:1][SYNC][id:064cb676...][Download][Request][BlockSync]Batch blocks for sending,blockSize=47009,number=188,peer=374bdfe9...,timeCost=1
info|2025-10-10 04:29:16.690316|SyncSend-1-0x00007fbf12a4b700|[g:1][SYNC][id:064cb676...][Download][Request][BlockSync]Batch blocks for sending,blockSize=3711,number=189,peer=374bdfe9...,timeCost=0
info|2025-10-10 04:29:16.691151|SyncSend-1-0x00007fbf12a4b700|[g:1][SYNC][id:064cb676...][Download][Request][BlockSync]Batch blocks for sending,blockSize=47009,number=190,peer=374bdfe9...,timeCost=1
info|2025-10-10 04:29:16.691546|SyncSend-1-0x00007fbf12a4b700|[g:1][SYNC][id:064cb676...][Download][Request][BlockSync]Batch blocks for sending,blockSize=3727,number=191,peer=374bdfe9...,timeCost=0
info|2025-10-10 04:29:16.692577|SyncSend-1-0x00007fbf12a4b700|[g:1][SYNC][id:064cb676...][Download][Request][BlockSync]Batch blocks for sending,blockSize=1796,number=192,peer=374bdfe9...,timeCost=1
info|2025-10-10 04:29:16.693087|SyncSend-1-0x00007fbf12a4b700|[g:1][SYNC][id:064cb676...][Download][Request][BlockSync]Batch blocks for sending,blockSize=3726,number=193,peer=374bdfe9...,timeCost=1
info|2025-10-10 04:29:16.693433|SyncSend-1-0x00007fbf12a4b700|[g:1][SYNC][id:064cb676...][Download][Request][BlockSync]Batch blocks for sending,blockSize=1795,number=194,peer=374bdfe9...,timeCost=0
info|2025-10-10 04:29:16.693896|SyncSend-1-0x00007fbf12a4b700|[g:1][SYNC][id:064cb676...][Download][Request][BlockSync]Batch blocks for sending,blockSize=3727,number=195,peer=374bdfe9...,timeCost=0
info|2025-10-10 04:29:16.694364|SyncSend-1-0x00007fbf12a4b700|[g:1][SYNC][id:064cb676...][Download][Request][BlockSync]Batch blocks for sending,blockSize=1796,number=196,peer=374bdfe9...,timeCost=0
info|2025-10-10 04:29:16.694784|SyncSend-1-0x00007fbf12a4b700|[g:1][SYNC][id:064cb676...][Download][Request][BlockSync]Batch blocks for sending,blockSize=3726,number=197,peer=374bdfe9...,timeCost=0
info|2025-10-10 04:29:16.695141|SyncSend-1-0x00007fbf12a4b700|[g:1][SYNC][id:064cb676...][Download][Request][BlockSync]Batch blocks for sending,blockSize=1796,number=198,peer=374bdfe9...,timeCost=1
info|2025-10-10 04:29:16.695495|SyncSend-1-0x00007fbf12a4b700|[g:1][SYNC][id:064cb676...][Download][Request][BlockSync]Batch blocks for sending,blockSize=4182,number=199,peer=374bdfe9...,timeCost=0
info|2025-10-10 04:29:16.695987|SyncSend-1-0x00007fbf12a4b700|[g:1][SYNC][id:064cb676...][Download][Request][BlockSync]Batch blocks for sending,blockSize=1797,number=200,peer=374bdfe9...,timeCost=1
info|2025-10-10 04:29:16.696871|SyncSend-1-0x00007fbf12a4b700|[g:1][SYNC][id:064cb676...][Download][Request][BlockSync]Batch blocks for sending,blockSize=3660,number=201,peer=374bdfe9...,timeCost=0
info|2025-10-10 04:29:16.697532|SyncSend-1-0x00007fbf12a4b700|[g:1][SYNC][id:064cb676...][Download][Request][BlockSync]Batch blocks for sending,blockSize=1980,number=202,peer=374bdfe9...,timeCost=1
info|2025-10-10 04:29:16.698692|SyncSend-1-0x00007fbf12a4b700|[g:1][SYNC][id:064cb676...][Download][Request][BlockSync]Batch blocks for sending,blockSize=3647,number=203,peer=374bdfe9...,timeCost=1
info|2025-10-10 04:29:16.699147|SyncSend-1-0x00007fbf12a4b700|[g:1][SYNC][id:064cb676...][Download][Request][BlockSync]Batch blocks for sending,blockSize=3647,number=204,peer=374bdfe9...,timeCost=1
info|2025-10-10 04:29:16.699499|SyncSend-1-0x00007fbf12a4b700|[g:1][SYNC][id:064cb676...][Download][Request][BlockSync]Batch blocks for sending,blockSize=1980,number=205,peer=374bdfe9...,timeCost=0
info|2025-10-10 04:29:16.700061|SyncSend-1-0x00007fbf12a4b700|[g:1][SYNC][id:064cb676...][Download][Request][BlockSync]Batch blocks for sending,blockSize=3647,number=206,peer=374bdfe9...,timeCost=1
info|2025-10-10 04:29:16.700479|SyncSend-1-0x00007fbf12a4b700|[g:1][SYNC][id:064cb676...][Download][Request][BlockSync]Batch blocks for sending,blockSize=3647,number=207,peer=374bdfe9...,timeCost=0
info|2025-10-10 04:29:16.700999|SyncSend-1-0x00007fbf12a4b700|[g:1][SYNC][id:064cb676...][Download][Request][BlockSync]Batch blocks for sending,blockSize=1981,number=208,peer=374bdfe9...,timeCost=1
info|2025-10-10 04:29:16.701357|SyncSend-1-0x00007fbf12a4b700|[g:1][SYNC][id:064cb676...][Download][Request][BlockSync]Batch blocks for sending,blockSize=3646,number=209,peer=374bdfe9...,timeCost=0
info|2025-10-10 04:29:16.701822|SyncSend-1-0x00007fbf12a4b700|[g:1][SYNC][id:064cb676...][Download][Request][BlockSync]Batch blocks for sending,blockSize=3646,number=210,peer=374bdfe9...,timeCost=0
info|2025-10-10 04:29:16.702208|SyncSend-1-0x00007fbf12a4b700|[g:1][SYNC][id:064cb676...][Download][Request][BlockSync]Batch blocks for sending,blockSize=1981,number=211,peer=374bdfe9...,timeCost=1
info|2025-10-10 04:29:16.702552|SyncSend-1-0x00007fbf12a4b700|[g:1][SYNC][id:064cb676...][Download][Request][BlockSync]Batch blocks for sending,blockSize=3647,number=212,peer=374bdfe9...,timeCost=0
info|2025-10-10 04:29:16.703475|SyncSend-1-0x00007fbf12a4b700|[g:1][SYNC][id:064cb676...][Download][Request][BlockSync]Batch blocks for sending,blockSize=3647,number=213,peer=374bdfe9...,timeCost=1
info|2025-10-10 04:29:16.704341|SyncSend-1-0x00007fbf12a4b700|[g:1][SYNC][id:064cb676...][Download][Request][BlockSync]Batch blocks for sending,blockSize=3647,number=214,peer=374bdfe9...,timeCost=1
info|2025-10-10 04:29:16.705030|SyncSend-1-0x00007fbf12a4b700|[g:1][SYNC][id:064cb676...][Download][Request][BlockSync]Batch blocks for sending,blockSize=3645,number=215,peer=374bdfe9...,timeCost=1
info|2025-10-10 04:29:16.707134|SyncSend-1-0x00007fbf12a4b700|[g:1][g:1] [SYNC][id:374bdfe9...][Download][Request][BlockSync]Send block packet,peer=374bdfe9...,blocks=32,bytes(V)=229811
warning|2025-10-10 04:29:19.465288|PBFT-1-0x00007fbf06232700|[g:1][CONSENSUS][PBFT]ViewChangeWarning: not caused by omit empty block ,v=0,toV=1,curNum=289,hash=1f5dc3d5...,nodeIdx=0,myNode=064cb676...
info|2025-10-10 04:29:19.466127|PBFT-1-0x00007fbf06232700|[g:1][CONSENSUS][PBFT]checkTimeout Succ,view=0,toView=1,nodeIdx=0,changeCycle=1,myNode=064cb676...,timecost=4
info|2025-10-10 04:29:19.485813|PBFT-1-0x00007fbf06232700|[g:1][CONSENSUS][PBFT]checkAndChangeView: Reach consensus,org_view=0,cur_changeCycle=1,curView=0,view=1
info|2025-10-10 04:29:20.497561|PBFT-1-0x00007fbf06232700|[g:1][CONSENSUS]addRawPrepare,height=290,reqIdx=2,hash=5ecf59ab...,time=0
info|2025-10-10 04:29:20.499676|PBFT-1-0x00007fbf06232700|[g:1][CONSENSUS][PBFT]checkTimeout Succ,view=1,toView=2,nodeIdx=0,changeCycle=1,myNode=064cb676...,timecost=5
info|2025-10-10 04:29:20.506184|PBFT-1-0x00007fbf06232700|[g:1][CONSENSUS][PBFT]checkAndChangeView: Reach consensus,org_view=1,cur_changeCycle=1,curView=1,view=2
info|2025-10-10 04:29:21.502289|P2P-0x00007fbf21a69700|[NETWORK][Session]Received topic: [2	_block_notify_1] from 73994dae9e8b8da733108a4153dfe79151d701dff425f84c87b5324e8ebd02ab6a0ebc9e4f1e0298a7ddca50f94a8f95c62b6997226d571e470e8f2b0600634a
info|2025-10-10 04:29:21.508724|PBFT-1-0x00007fbf06232700|[g:1][CONSENSUS]addRawPrepare,height=290,reqIdx=3,hash=243a55f2...,time=0
info|2025-10-10 04:29:21.511731|PBFT-1-0x00007fbf06232700|[g:1][CONSENSUS][PBFT]checkTimeout Succ,view=2,toView=3,nodeIdx=0,changeCycle=1,myNode=064cb676...,timecost=3
info|2025-10-10 04:29:21.527889|PBFT-1-0x00007fbf06232700|[g:1][CONSENSUS][PBFT]checkAndChangeView: Reach consensus,org_view=2,cur_changeCycle=1,curView=2,view=3
info|2025-10-10 04:29:22.528495|PBFTSeal-1-0x00007fbefea23700|[g:1][CONSENSUS][SEALER]++++++++++++++++ Generating seal on,blkNum=290,tx=0,nodeIdx=0,hash=2fff570b...
info|2025-10-10 04:29:22.531288|PBFT-1-0x00007fbf06232700|[g:1][CONSENSUS][PBFT]checkTimeout Succ,view=3,toView=4,nodeIdx=0,changeCycle=1,myNode=064cb676...,timecost=1
info|2025-10-10 04:29:22.544090|PBFT-1-0x00007fbf06232700|[g:1][CONSENSUS][PBFT]checkAndChangeView: Reach consensus,org_view=3,cur_changeCycle=1,curView=3,view=4
info|2025-10-10 04:29:26.241570|io_service-0x00007fbf20266700|[NETWORK][Host]P2P Recv Connect, From=127.0.0.1:45834
info|2025-10-10 04:29:26.241654|io_service-0x00007fbf20266700|[NETWORK][Host]P2P StartAccept,Host=0.0.0.0:30303
info|2025-10-10 04:29:26.247952|io_service-0x00007fbf20266700|[NETWORK][Host]P2P Recv Connect, From=127.0.0.1:45848
info|2025-10-10 04:29:26.248183|io_service-0x00007fbf20266700|[NETWORK][Host]P2P StartAccept,Host=0.0.0.0:30303
info|2025-10-10 04:29:26.258390|io_service-0x00007fbf20266700|[P2P][Service] heartBeat,connected count=3
info|2025-10-10 04:29:26.267665|io_service-0x00007fbf20266700|[NETWORK][Host]handshakeServer succ,remote endpoint=127.0.0.1:45848
info|2025-10-10 04:29:26.267758|io_service-0x00007fbf20266700|[NETWORK][Host]startPeerSession, Remote=127.0.0.1:45848,local endpoint=127.0.0.1:30303,nodeID=374bdfe9...
info|2025-10-10 04:29:26.272903|io_service-0x00007fbf20266700|[NETWORK][Host]handshakeServer succ,remote endpoint=127.0.0.1:45834
info|2025-10-10 04:29:26.272988|io_service-0x00007fbf20266700|[NETWORK][Host]startPeerSession, Remote=127.0.0.1:45834,local endpoint=127.0.0.1:30303,nodeID=73994dae...
warning|2025-10-10 04:29:27.049744|PBFT-1-0x00007fbf06232700|[g:1][CONSENSUS][PBFT]ViewChangeWarning: not caused by omit empty block ,v=4,toV=5,curNum=289,hash=1f5dc3d5...,nodeIdx=0,myNode=064cb676...
info|2025-10-10 04:29:27.049874|PBFT-1-0x00007fbf06232700|[g:1][CONSENSUS][PBFT]checkTimeout Succ,view=4,toView=5,nodeIdx=0,changeCycle=2,myNode=064cb676...,timecost=2
info|2025-10-10 04:29:27.058514|PBFT-1-0x00007fbf06232700|[g:1][CONSENSUS][PBFT]checkAndChangeView: Reach consensus,org_view=4,cur_changeCycle=2,curView=4,view=5
info|2025-10-10 04:29:28.066841|PBFT-1-0x00007fbf06232700|[g:1][CONSENSUS]addRawPrepare,height=290,reqIdx=2,hash=4071e052...,time=0
info|2025-10-10 04:29:28.070435|PBFT-1-0x00007fbf06232700|[g:1][CONSENSUS][PBFT]checkTimeout Succ,view=5,toView=6,nodeIdx=0,changeCycle=1,myNode=064cb676...,timecost=3
info|2025-10-10 04:29:28.076068|PBFT-1-0x00007fbf06232700|[g:1][CONSENSUS][PBFT]checkAndChangeView: Reach consensus,org_view=5,cur_changeCycle=1,curView=5,view=6
info|2025-10-10 04:29:29.080689|PBFT-1-0x00007fbf06232700|[g:1][CONSENSUS]addRawPrepare,height=290,reqIdx=3,hash=4426e48d...,time=0
info|2025-10-10 04:29:29.084776|PBFT-1-0x00007fbf06232700|[g:1][CONSENSUS][PBFT]checkTimeout Succ,view=6,toView=7,nodeIdx=0,changeCycle=1,myNode=064cb676...,timecost=4
info|2025-10-10 04:29:29.096656|PBFT-1-0x00007fbf06232700|[g:1][CONSENSUS][PBFT]checkAndChangeView: Reach consensus,org_view=6,cur_changeCycle=1,curView=6,view=7
info|2025-10-10 04:29:30.099516|PBFTSeal-1-0x00007fbefea23700|[g:1][CONSENSUS][SEALER]++++++++++++++++ Generating seal on,blkNum=290,tx=0,nodeIdx=0,hash=46fc1991...
info|2025-10-10 04:29:30.127119|PBFT-1-0x00007fbf06232700|[g:1][CONSENSUS][PBFT]checkTimeout Succ,view=7,toView=8,nodeIdx=0,changeCycle=1,myNode=064cb676...,timecost=6
info|2025-10-10 04:29:30.135408|PBFT-1-0x00007fbf06232700|[g:1][CONSENSUS][PBFT]checkAndChangeView: Reach consensus,org_view=7,cur_changeCycle=1,curView=7,view=8
info|2025-10-10 04:29:32.781279|P2P-0x00007fbf20a67700|[g:1] [SYNC][id:064cb676...][Download][Request]Receive block request,peer=374bdfe9...,from=184,to=184
info|2025-10-10 04:29:32.782332|SyncSend-1-0x00007fbf12a4b700|[g:1][SYNC][id:064cb676...][Download][Request][BlockSync]Batch blocks for sending,blockSize=24480,number=184,peer=374bdfe9...,timeCost=1
info|2025-10-10 04:29:32.782536|SyncSend-1-0x00007fbf12a4b700|[g:1][g:1] [SYNC][id:374bdfe9...][Download][Request][BlockSync]Send block packet,peer=374bdfe9...,blocks=1,bytes(V)=24487
warning|2025-10-10 04:29:34.645187|PBFT-1-0x00007fbf06232700|[g:1][CONSENSUS][PBFT]ViewChangeWarning: not caused by omit empty block ,v=8,toV=9,curNum=289,hash=1f5dc3d5...,nodeIdx=0,myNode=064cb676...
info|2025-10-10 04:29:34.649201|PBFT-1-0x00007fbf06232700|[g:1][CONSENSUS][PBFT]checkTimeout Succ,view=8,toView=9,nodeIdx=0,changeCycle=2,myNode=064cb676...,timecost=7
info|2025-10-10 04:29:34.654255|PBFT-1-0x00007fbf06232700|[g:1][CONSENSUS][PBFT]checkAndChangeView: Reach consensus,org_view=8,cur_changeCycle=2,curView=8,view=9
info|2025-10-10 04:29:35.660570|PBFT-1-0x00007fbf06232700|[g:1][CONSENSUS]addRawPrepare,height=290,reqIdx=2,hash=cf601315...,time=0
info|2025-10-10 04:29:35.664014|PBFT-1-0x00007fbf06232700|[g:1][CONSENSUS][PBFT]checkTimeout Succ,view=9,toView=10,nodeIdx=0,changeCycle=1,myNode=064cb676...,timecost=2
info|2025-10-10 04:29:35.670484|PBFT-1-0x00007fbf06232700|[g:1][CONSENSUS][PBFT]checkAndChangeView: Reach consensus,org_view=9,cur_changeCycle=1,curView=9,view=10
info|2025-10-10 04:29:36.259500|io_service-0x00007fbf20266700|[P2P][Service] heartBeat,connected count=3
info|2025-10-10 04:29:36.671874|PBFT-1-0x00007fbf06232700|[g:1][CONSENSUS]addRawPrepare,height=290,reqIdx=3,hash=47a4b45d...,time=0
info|2025-10-10 04:29:36.673307|PBFT-1-0x00007fbf06232700|[g:1][CONSENSUS][PBFT]checkTimeout Succ,view=10,toView=11,nodeIdx=0,changeCycle=1,myNode=064cb676...,timecost=2
info|2025-10-10 04:29:36.684712|PBFT-1-0x00007fbf06232700|[g:1][CONSENSUS][PBFT]checkAndChangeView: Reach consensus,org_view=10,cur_changeCycle=1,curView=10,view=11
info|2025-10-10 04:29:37.686658|PBFTSeal-1-0x00007fbefea23700|[g:1][CONSENSUS][SEALER]++++++++++++++++ Generating seal on,blkNum=290,tx=0,nodeIdx=0,hash=5485a70c...
info|2025-10-10 04:29:37.694965|PBFT-1-0x00007fbf06232700|[g:1][CONSENSUS][PBFT]checkTimeout Succ,view=11,toView=12,nodeIdx=0,changeCycle=1,myNode=064cb676...,timecost=1
info|2025-10-10 04:29:37.702169|PBFT-1-0x00007fbf06232700|[g:1][CONSENSUS][PBFT]checkAndChangeView: Reach consensus,org_view=11,cur_changeCycle=1,curView=11,view=12
warning|2025-10-10 04:29:42.206841|PBFT-1-0x00007fbf06232700|[g:1][CONSENSUS][PBFT]ViewChangeWarning: not caused by omit empty block ,v=12,toV=13,curNum=289,hash=1f5dc3d5...,nodeIdx=0,myNode=064cb676...
info|2025-10-10 04:29:42.207764|PBFT-1-0x00007fbf06232700|[g:1][CONSENSUS][PBFT]checkTimeout Succ,view=12,toView=13,nodeIdx=0,changeCycle=2,myNode=064cb676...,timecost=3
info|2025-10-10 04:29:42.215775|PBFT-1-0x00007fbf06232700|[g:1][CONSENSUS][PBFT]checkAndChangeView: Reach consensus,org_view=12,cur_changeCycle=2,curView=12,view=13
info|2025-10-10 04:29:43.220980|PBFT-1-0x00007fbf06232700|[g:1][CONSENSUS]addRawPrepare,height=290,reqIdx=2,hash=69738f08...,time=1
info|2025-10-10 04:29:43.222215|PBFT-1-0x00007fbf06232700|[g:1][CONSENSUS][PBFT]checkTimeout Succ,view=13,toView=14,nodeIdx=0,changeCycle=1,myNode=064cb676...,timecost=1
info|2025-10-10 04:29:43.227279|PBFT-1-0x00007fbf06232700|[g:1][CONSENSUS][PBFT]checkAndChangeView: Reach consensus,org_view=13,cur_changeCycle=1,curView=13,view=14
info|2025-10-10 04:29:44.236754|PBFT-1-0x00007fbf06232700|[g:1][CONSENSUS]addRawPrepare,height=290,reqIdx=3,hash=374e5b42...,time=0
info|2025-10-10 04:29:44.255863|PBFT-1-0x00007fbf06232700|[g:1][CONSENSUS][PBFT]checkTimeout Succ,view=14,toView=15,nodeIdx=0,changeCycle=1,myNode=064cb676...,timecost=19
info|2025-10-10 04:29:44.268226|PBFT-1-0x00007fbf06232700|[g:1][CONSENSUS][PBFT]checkAndChangeView: Reach consensus,org_view=14,cur_changeCycle=1,curView=14,view=15
info|2025-10-10 04:29:45.268641|PBFTSeal-1-0x00007fbefea23700|[g:1][CONSENSUS][SEALER]++++++++++++++++ Generating seal on,blkNum=290,tx=0,nodeIdx=0,hash=eca83021...
info|2025-10-10 04:29:45.286217|PBFT-1-0x00007fbf06232700|[g:1][CONSENSUS][PBFT]checkTimeout Succ,view=15,toView=16,nodeIdx=0,changeCycle=1,myNode=064cb676...,timecost=10
info|2025-10-10 04:29:45.291687|PBFT-1-0x00007fbf06232700|[g:1][CONSENSUS][PBFT]checkAndChangeView: Reach consensus,org_view=15,cur_changeCycle=1,curView=15,view=16
info|2025-10-10 04:29:46.260093|io_service-0x00007fbf20266700|[P2P][Service] heartBeat,connected count=3
warning|2025-10-10 04:29:49.794661|PBFT-1-0x00007fbf06232700|[g:1][CONSENSUS][PBFT]ViewChangeWarning: not caused by omit empty block ,v=16,toV=17,curNum=289,hash=1f5dc3d5...,nodeIdx=0,myNode=064cb676...
info|2025-10-10 04:29:49.796435|PBFT-1-0x00007fbf06232700|[g:1][CONSENSUS][PBFT]checkTimeout Succ,view=16,toView=17,nodeIdx=0,changeCycle=2,myNode=064cb676...,timecost=3
info|2025-10-10 04:29:49.809438|PBFT-1-0x00007fbf06232700|[g:1][CONSENSUS][PBFT]checkAndChangeView: Reach consensus,org_view=16,cur_changeCycle=2,curView=16,view=17
info|2025-10-10 04:29:50.815908|PBFT-1-0x00007fbf06232700|[g:1][CONSENSUS]addRawPrepare,height=290,reqIdx=2,hash=3c9635a7...,time=0
info|2025-10-10 04:29:50.831577|PBFT-1-0x00007fbf06232700|[g:1][CONSENSUS][PBFT]checkTimeout Succ,view=17,toView=18,nodeIdx=0,changeCycle=1,myNode=064cb676...,timecost=15
info|2025-10-10 04:29:50.842186|PBFT-1-0x00007fbf06232700|[g:1][CONSENSUS][PBFT]checkAndChangeView: Reach consensus,org_view=17,cur_changeCycle=1,curView=17,view=18
info|2025-10-10 04:29:51.844611|PBFT-1-0x00007fbf06232700|[g:1][CONSENSUS]addRawPrepare,height=290,reqIdx=3,hash=67234afc...,time=1
info|2025-10-10 04:29:51.849996|PBFT-1-0x00007fbf06232700|[g:1][CONSENSUS][PBFT]checkTimeout Succ,view=18,toView=19,nodeIdx=0,changeCycle=1,myNode=064cb676...,timecost=5
info|2025-10-10 04:29:51.858483|PBFT-1-0x00007fbf06232700|[g:1][CONSENSUS][PBFT]checkAndChangeView: Reach consensus,org_view=18,cur_changeCycle=1,curView=18,view=19
info|2025-10-10 04:29:52.860574|PBFTSeal-1-0x00007fbefea23700|[g:1][CONSENSUS][SEALER]++++++++++++++++ Generating seal on,blkNum=290,tx=0,nodeIdx=0,hash=4b14093d...
info|2025-10-10 04:29:52.864940|PBFT-1-0x00007fbf06232700|[g:1][CONSENSUS][PBFT]checkTimeout Succ,view=19,toView=20,nodeIdx=0,changeCycle=1,myNode=064cb676...,timecost=1
info|2025-10-10 04:29:52.882203|PBFT-1-0x00007fbf06232700|[g:1][CONSENSUS][PBFT]checkAndChangeView: Reach consensus,org_view=19,cur_changeCycle=1,curView=19,view=20
info|2025-10-10 04:29:56.261050|io_service-0x00007fbf20266700|[P2P][Service] heartBeat,connected count=3
warning|2025-10-10 04:29:57.390206|PBFT-1-0x00007fbf06232700|[g:1][CONSENSUS][PBFT]ViewChangeWarning: not caused by omit empty block ,v=20,toV=21,curNum=289,hash=1f5dc3d5...,nodeIdx=0,myNode=064cb676...
info|2025-10-10 04:29:57.391845|PBFT-1-0x00007fbf06232700|[g:1][CONSENSUS][PBFT]checkTimeout Succ,view=20,toView=21,nodeIdx=0,changeCycle=2,myNode=064cb676...,timecost=3
info|2025-10-10 04:29:57.395730|PBFT-1-0x00007fbf06232700|[g:1][CONSENSUS][PBFT]checkAndChangeView: Reach consensus,org_view=20,cur_changeCycle=2,curView=20,view=21
info|2025-10-10 04:29:58.411289|PBFT-1-0x00007fbf06232700|[g:1][CONSENSUS]addRawPrepare,height=290,reqIdx=2,hash=4767a2fa...,time=0
info|2025-10-10 04:29:58.416924|PBFT-1-0x00007fbf06232700|[g:1][CONSENSUS][PBFT]checkTimeout Succ,view=21,toView=22,nodeIdx=0,changeCycle=1,myNode=064cb676...,timecost=1
info|2025-10-10 04:29:58.421628|PBFT-1-0x00007fbf06232700|[g:1][CONSENSUS][PBFT]checkAndChangeView: Reach consensus,org_view=21,cur_changeCycle=1,curView=21,view=22
info|2025-10-10 04:29:59.428191|PBFT-1-0x00007fbf06232700|[g:1][CONSENSUS]addRawPrepare,height=290,reqIdx=3,hash=337c993b...,time=0
info|2025-10-10 04:29:59.432182|PBFT-1-0x00007fbf06232700|[g:1][CONSENSUS][PBFT]checkTimeout Succ,view=22,toView=23,nodeIdx=0,changeCycle=1,myNode=064cb676...,timecost=4
info|2025-10-10 04:29:59.440160|PBFT-1-0x00007fbf06232700|[g:1][CONSENSUS][PBFT]checkAndChangeView: Reach consensus,org_view=22,cur_changeCycle=1,curView=22,view=23
info|2025-10-10 04:30:00.042880|Sync-1-0x00007fbf07a35700|[g:1][SYNC][id:064cb676...]print sync info,peersCount=3,infoJson={"blockNumber":289,"genesisHash":"f0d3e67991e2c3d83533c031601c30c4741aba35d7d8017900779abe4ae22efe","isSyncing":false,"knownHighestNumber":289,"knownLatestHash":"1f5dc3d5081e583a1d494a22125c01a3d44e0ef0027318df5231a97cd03b6b2f","latestHash":"1f5dc3d5081e583a1d494a22125c01a3d44e0ef0027318df5231a97cd03b6b2f","nodeId":"064cb676a36047a4b52ecbf9c01664b1e987d91b438110ba6a12d96972726622e824d295b1de8b0298b5afe7bbbc0bd04a3890e1a36eae028c1cfbe07971b995","peers":[{"blockNumber":183,"genesisHash":"f0d3e67991e2c3d83533c031601c30c4741aba35d7d8017900779abe4ae22efe","latestHash":"84b9e5d996bf7a5eb7a7af1e23a8308230a576a20d5c81a92b78a013e510177d","nodeId":"374bdfe969e1d8ea1200ade93e5d8cf1a7d5741f238011004b0f43ca818706f194b2f067e1708125f7ffc536610b9a72addbd56b238d65f18912be39037ffcc5"},{"blockNumber":289,"genesisHash":"f0d3e67991e2c3d83533c031601c30c4741aba35d7d8017900779abe4ae22efe","latestHash":"1f5dc3d5081e583a1d494a22125c01a3d44e0ef0027318df5231a97cd03b6b2f","nodeId":"73994dae9e8b8da733108a4153dfe79151d701dff425f84c87b5324e8ebd02ab6a0ebc9e4f1e0298a7ddca50f94a8f95c62b6997226d571e470e8f2b0600634a"},{"blockNumber":289,"genesisHash":"f0d3e67991e2c3d83533c031601c30c4741aba35d7d8017900779abe4ae22efe","latestHash":"1f5dc3d5081e583a1d494a22125c01a3d44e0ef0027318df5231a97cd03b6b2f","nodeId":"87d00b98321fc70a5abc85ad9e80db10cce315194133697bf74aace1d3f8430957a766240f751752708f4282f46110d6ea56c3eb5d1c02ce98a66f327f595270"}],"protocolId":65545,"txPoolSize":"0"}
info|2025-10-10 04:30:00.440885|PBFTSeal-1-0x00007fbefea23700|[g:1][CONSENSUS][SEALER]++++++++++++++++ Generating seal on,blkNum=290,tx=0,nodeIdx=0,hash=cb5e2d40...
info|2025-10-10 04:30:00.453807|PBFT-1-0x00007fbf06232700|[g:1][CONSENSUS][PBFT]checkTimeout Succ,view=23,toView=24,nodeIdx=0,changeCycle=1,myNode=064cb676...,timecost=11
info|2025-10-10 04:30:00.456527|PBFT-1-0x00007fbf06232700|[g:1][CONSENSUS][PBFT]checkAndChangeView: Reach consensus,org_view=23,cur_changeCycle=1,curView=23,view=24
info|2025-10-10 04:30:04.816535|P2P-0x00007fbf20a67700|[g:1] [SYNC][id:064cb676...][Download][Request]Receive block request,peer=374bdfe9...,from=184,to=184
info|2025-10-10 04:30:04.817171|SyncSend-1-0x00007fbf12a4b700|[g:1][SYNC][id:064cb676...][Download][Request][BlockSync]Batch blocks for sending,blockSize=24480,number=184,peer=374bdfe9...,timeCost=1
info|2025-10-10 04:30:04.817283|SyncSend-1-0x00007fbf12a4b700|[g:1][g:1] [SYNC][id:374bdfe9...][Download][Request][BlockSync]Send block packet,peer=374bdfe9...,blocks=1,bytes(V)=24487
warning|2025-10-10 04:30:04.967462|PBFT-1-0x00007fbf06232700|[g:1][CONSENSUS][PBFT]ViewChangeWarning: not caused by omit empty block ,v=24,toV=25,curNum=289,hash=1f5dc3d5...,nodeIdx=0,myNode=064cb676...
info|2025-10-10 04:30:04.969582|PBFT-1-0x00007fbf06232700|[g:1][CONSENSUS][PBFT]checkTimeout Succ,view=24,toView=25,nodeIdx=0,changeCycle=2,myNode=064cb676...,timecost=5
info|2025-10-10 04:30:04.973665|PBFT-1-0x00007fbf06232700|[g:1][CONSENSUS][PBFT]checkAndChangeView: Reach consensus,org_view=24,cur_changeCycle=2,curView=24,view=25
info|2025-10-10 04:30:05.977986|PBFT-1-0x00007fbf06232700|[g:1][CONSENSUS]addRawPrepare,height=290,reqIdx=2,hash=58d6a443...,time=1
info|2025-10-10 04:30:05.982985|PBFT-1-0x00007fbf06232700|[g:1][CONSENSUS][PBFT]checkTimeout Succ,view=25,toView=26,nodeIdx=0,changeCycle=1,myNode=064cb676...,timecost=5
info|2025-10-10 04:30:05.987544|PBFT-1-0x00007fbf06232700|[g:1][CONSENSUS][PBFT]checkAndChangeView: Reach consensus,org_view=25,cur_changeCycle=1,curView=25,view=26
info|2025-10-10 04:30:06.261315|io_service-0x00007fbf20266700|[P2P][Service] heartBeat,connected count=3
info|2025-10-10 04:30:06.995659|PBFT-1-0x00007fbf06232700|[g:1][CONSENSUS]addRawPrepare,height=290,reqIdx=3,hash=d499fde4...,time=0
info|2025-10-10 04:30:06.997893|PBFT-1-0x00007fbf06232700|[g:1][CONSENSUS][PBFT]checkTimeout Succ,view=26,toView=27,nodeIdx=0,changeCycle=1,myNode=064cb676...,timecost=2
info|2025-10-10 04:30:07.005454|PBFT-1-0x00007fbf06232700|[g:1][CONSENSUS][PBFT]checkAndChangeView: Reach consensus,org_view=26,cur_changeCycle=1,curView=26,view=27
info|2025-10-10 04:30:08.006820|PBFTSeal-1-0x00007fbefea23700|[g:1][CONSENSUS][SEALER]++++++++++++++++ Generating seal on,blkNum=290,tx=0,nodeIdx=0,hash=e907f5ca...
info|2025-10-10 04:30:08.018271|PBFT-1-0x00007fbf06232700|[g:1][CONSENSUS][PBFT]checkTimeout Succ,view=27,toView=28,nodeIdx=0,changeCycle=1,myNode=064cb676...,timecost=3
info|2025-10-10 04:30:08.025872|PBFT-1-0x00007fbf06232700|[g:1][CONSENSUS][PBFT]checkAndChangeView: Reach consensus,org_view=27,cur_changeCycle=1,curView=27,view=28
warning|2025-10-10 04:30:12.529791|PBFT-1-0x00007fbf06232700|[g:1][CONSENSUS][PBFT]ViewChangeWarning: not caused by omit empty block ,v=28,toV=29,curNum=289,hash=1f5dc3d5...,nodeIdx=0,myNode=064cb676...
info|2025-10-10 04:30:12.530730|PBFT-1-0x00007fbf06232700|[g:1][CONSENSUS][PBFT]checkTimeout Succ,view=28,toView=29,nodeIdx=0,changeCycle=2,myNode=064cb676...,timecost=2
info|2025-10-10 04:30:12.534890|PBFT-1-0x00007fbf06232700|[g:1][CONSENSUS][PBFT]checkAndChangeView: Reach consensus,org_view=28,cur_changeCycle=2,curView=28,view=29
info|2025-10-10 04:30:13.582806|PBFT-1-0x00007fbf06232700|[g:1][CONSENSUS]addRawPrepare,height=290,reqIdx=2,hash=c16b611e...,time=0
info|2025-10-10 04:30:13.585216|PBFT-1-0x00007fbf06232700|[g:1][CONSENSUS][PBFT]checkTimeout Succ,view=29,toView=30,nodeIdx=0,changeCycle=1,myNode=064cb676...,timecost=3
info|2025-10-10 04:30:13.627269|PBFT-1-0x00007fbf06232700|[g:1][CONSENSUS][PBFT]checkAndChangeView: Reach consensus,org_view=29,cur_changeCycle=1,curView=29,view=30
info|2025-10-10 04:30:14.642312|PBFT-1-0x00007fbf06232700|[g:1][CONSENSUS]addRawPrepare,height=290,reqIdx=3,hash=a4a24a17...,time=0
info|2025-10-10 04:30:14.644417|PBFT-1-0x00007fbf06232700|[g:1][CONSENSUS][PBFT]checkTimeout Succ,view=30,toView=31,nodeIdx=0,changeCycle=1,myNode=064cb676...,timecost=2
info|2025-10-10 04:30:14.655217|PBFT-1-0x00007fbf06232700|[g:1][CONSENSUS][PBFT]checkAndChangeView: Reach consensus,org_view=30,cur_changeCycle=1,curView=30,view=31
info|2025-10-10 04:30:15.655356|PBFTSeal-1-0x00007fbefea23700|[g:1][CONSENSUS][SEALER]++++++++++++++++ Generating seal on,blkNum=290,tx=0,nodeIdx=0,hash=e78fcc6e...
info|2025-10-10 04:30:15.664246|PBFT-1-0x00007fbf06232700|[g:1][CONSENSUS][PBFT]checkTimeout Succ,view=31,toView=32,nodeIdx=0,changeCycle=1,myNode=064cb676...,timecost=2
info|2025-10-10 04:30:15.670136|PBFT-1-0x00007fbf06232700|[g:1][CONSENSUS][PBFT]checkAndChangeView: Reach consensus,org_view=31,cur_changeCycle=1,curView=31,view=32
info|2025-10-10 04:30:16.261832|io_service-0x00007fbf20266700|[P2P][Service] heartBeat,connected count=3
warning|2025-10-10 04:30:20.173729|PBFT-1-0x00007fbf06232700|[g:1][CONSENSUS][PBFT]ViewChangeWarning: not caused by omit empty block ,v=32,toV=33,curNum=289,hash=1f5dc3d5...,nodeIdx=0,myNode=064cb676...
info|2025-10-10 04:30:20.176368|PBFT-1-0x00007fbf06232700|[g:1][CONSENSUS][PBFT]checkTimeout Succ,view=32,toView=33,nodeIdx=0,changeCycle=2,myNode=064cb676...,timecost=4
info|2025-10-10 04:30:20.188551|PBFT-1-0x00007fbf06232700|[g:1][CONSENSUS][PBFT]checkAndChangeView: Reach consensus,org_view=32,cur_changeCycle=2,curView=32,view=33
info|2025-10-10 04:30:21.231908|PBFT-1-0x00007fbf06232700|[g:1][CONSENSUS]addRawPrepare,height=290,reqIdx=2,hash=41ef7f43...,time=0
info|2025-10-10 04:30:21.237467|PBFT-1-0x00007fbf06232700|[g:1][CONSENSUS][PBFT]checkTimeout Succ,view=33,toView=34,nodeIdx=0,changeCycle=1,myNode=064cb676...,timecost=5
info|2025-10-10 04:30:21.245378|PBFT-1-0x00007fbf06232700|[g:1][CONSENSUS][PBFT]checkAndChangeView: Reach consensus,org_view=33,cur_changeCycle=1,curView=33,view=34
info|2025-10-10 04:30:22.251194|PBFT-1-0x00007fbf06232700|[g:1][CONSENSUS]addRawPrepare,height=290,reqIdx=3,hash=740ed5fd...,time=0
info|2025-10-10 04:30:22.253495|PBFT-1-0x00007fbf06232700|[g:1][CONSENSUS][PBFT]checkTimeout Succ,view=34,toView=35,nodeIdx=0,changeCycle=1,myNode=064cb676...,timecost=2
info|2025-10-10 04:30:22.269985|PBFT-1-0x00007fbf06232700|[g:1][CONSENSUS][PBFT]checkAndChangeView: Reach consensus,org_view=34,cur_changeCycle=1,curView=34,view=35
info|2025-10-10 04:30:23.271180|PBFTSeal-1-0x00007fbefea23700|[g:1][CONSENSUS][SEALER]++++++++++++++++ Generating seal on,blkNum=290,tx=0,nodeIdx=0,hash=3c973d19...
info|2025-10-10 04:30:23.292937|PBFT-1-0x00007fbf06232700|[g:1][CONSENSUS][PBFT]checkTimeout Succ,view=35,toView=36,nodeIdx=0,changeCycle=1,myNode=064cb676...,timecost=4
info|2025-10-10 04:30:23.311255|PBFT-1-0x00007fbf06232700|[g:1][CONSENSUS][PBFT]checkAndChangeView: Reach consensus,org_view=35,cur_changeCycle=1,curView=35,view=36
info|2025-10-10 04:30:26.262022|io_service-0x00007fbf20266700|[P2P][Service] heartBeat,connected count=3
warning|2025-10-10 04:30:27.820890|PBFT-1-0x00007fbf06232700|[g:1][CONSENSUS][PBFT]ViewChangeWarning: not caused by omit empty block ,v=36,toV=37,curNum=289,hash=1f5dc3d5...,nodeIdx=0,myNode=064cb676...
info|2025-10-10 04:30:27.821228|PBFT-1-0x00007fbf06232700|[g:1][CONSENSUS][PBFT]checkTimeout Succ,view=36,toView=37,nodeIdx=0,changeCycle=2,myNode=064cb676...,timecost=3
info|2025-10-10 04:30:27.842080|PBFT-1-0x00007fbf06232700|[g:1][CONSENSUS][PBFT]checkAndChangeView: Reach consensus,org_view=36,cur_changeCycle=2,curView=36,view=37
info|2025-10-10 04:30:28.348690|PBFTWork-1-0x00007fbf0ca3f700|[g:1][CONSENSUS][PartiallyPBFTReqCache]addPartiallyRawPrepare,height=290,reqIdx=2,hash=170f1936...
info|2025-10-10 04:30:28.349389|PBFTWork-1-0x00007fbf0ca3f700|[g:1][BLOCKVERIFIER][executeBlock]Executing block,txNum=1,num=290,parentHash=1f5dc3d5081e583a1d494a22125c01a3d44e0ef0027318df5231a97cd03b6b2f,parentNum=289,parentStateRoot=1b7819584082f816b9068f10687d222f889c83ca184b4451628030d7cfd0bb94
info|2025-10-10 04:30:28.350038|PBFTWork-1-0x00007fbf0ca3f700|[g:1][PRECOMPILED]init GasChargeManagePrecompiled
info|2025-10-10 04:30:28.351649|SyncMsgE-1-0x00007fbeffa25700|[STORAGE][MemoryTableFactory2]createTable,table name=c_9c2ca918ec948bec8776f512491d356209d23eae,keyField=key,valueField=value
info|2025-10-10 04:30:28.352706|PBFTWork-1-0x00007fbf0ca3f700|[g:1][CONSENSUS][PBFT]execBlock,blkNum=290,reqIdx=2,hash=3304936b...,nodeIdx=0,myNode=064cb676...,decodeCost=1,checkCost=0,notifyCost=0,noteSealingCost=0,currentCycle=2,verifyAndSetSenderCost=0,execCost=3,execPerTx=3,totalCost=4
info|2025-10-10 04:30:28.358960|PBFTWork-1-0x00007fbf0ca3f700|[g:1][CONSENSUS][PBFT]handlePrepareMsg Succ,timecost=6,INFO=handlePartiallyPrepare,reqIdx=2,view=37,reqNum=290,curNum=289,consNum=290,hash=170f1936...,nodeIdx=0,myNode=064cb676...,curChangeCycle=2
info|2025-10-10 04:30:28.369384|PBFT-1-0x00007fbf06232700|[g:1][CONSENSUS][PBFT]handleSignMsg Succ,Timecost=2,INFO=handleSignMsg,num=290,curNum=289,GenIdx=3,Sview=37,view=37,fromIdx=3,fromNode=87d00b98...,fromIp=127.0.0.1:30302,hash=3304936b...,nodeIdx=0,myNode=064cb676...
info|2025-10-10 04:30:28.382700|PBFT-1-0x00007fbf06232700|[g:1][CONSENSUS][PBFT]checkAndCommit: backup/updateCommittedPrepare,reqNum=290,hash=170f1936...,nodeIdx=0,myNode=064cb676...
info|2025-10-10 04:30:28.387052|PBFT-1-0x00007fbf06232700|[g:1][CONSENSUS][PBFT]handleSignMsg Succ,Timecost=9,INFO=handleSignMsg,num=290,curNum=289,GenIdx=2,Sview=37,view=37,fromIdx=2,fromNode=73994dae...,fromIp=127.0.0.1:30300,hash=3304936b...,nodeIdx=0,myNode=064cb676...
info|2025-10-10 04:30:28.389019|PBFT-1-0x00007fbf06232700|[g:1][CONSENSUS][PBFT]handleCommitMsg Succ,INFO=handleCommitMsg,reqNum=290,curNum=289,GenIdx=3,Cview=37,view=37,fromIdx=3,fromNode=87d00b98...,fromIp=127.0.0.1:30302,hash=3304936b...,nodeIdx=0,myNode=064cb676...,Timecost=2
info|2025-10-10 04:30:28.392438|PBFT-1-0x00007fbf06232700|[g:1][CONSENSUS][PBFT]checkAndSave: CommitReq enough,prepareHeight=290,commitSize=3,hash=3304936b...,nodeIdx=0,myNode=064cb676...
info|2025-10-10 04:30:28.393310|PBFT-1-0x00007fbf06232700|[g:1][g:1][STORAGE][CachedStorage]commit: 9 num: 290
info|2025-10-10 04:30:28.393976|PBFT-1-0x00007fbf06232700|[g:1][g:1][STORAGE][CachedStorage]Submited block task: 290, current syncd block: 289
info|2025-10-10 04:30:28.394054|taskPool-1-0x00007fbf0f244700|[g:1][g:1][STORAGE][CachedStorage]Start commit block: 290 to backend storage
info|2025-10-10 04:30:28.394210|PBFT-1-0x00007fbf06232700|[g:1]Push block notify: 1-290
info|2025-10-10 04:30:28.394486|PBFT-1-0x00007fbf06232700|[g:1][CONSENSUS][PBFT]CommitBlock Succ,prepareHeight=290,reqIdx=2,hash=3304936b...,nodeIdx=0,myNode=064cb676...,genSigTimeCost=0,commitBlockTimeCost=2,dropTxsTimeCost=0,noteSealingTimeCost=0,totalTimeCost=2
info|2025-10-10 04:30:28.394547|PBFT-1-0x00007fbf06232700|[g:1][CONSENSUS][PBFT]handleCommitMsg Succ,INFO=handleCommitMsg,reqNum=290,curNum=289,GenIdx=2,Cview=37,view=37,fromIdx=2,fromNode=73994dae...,fromIp=127.0.0.1:30300,hash=3304936b...,nodeIdx=0,myNode=064cb676...,Timecost=5
info|2025-10-10 04:30:28.395072|PBFTSeal-1-0x00007fbefea23700|[g:1][CONSENSUS][SEALER]increase maxNoTimeoutTx,maxNoTimeoutTx=1
info|2025-10-10 04:30:28.395101|PBFTSeal-1-0x00007fbefea23700|[g:1][CONSENSUS][PBFT]^^^^^^^^Report,num=290,sealerIdx=2,hash=3304936b...,next=291,tx=1,nodeIdx=0
info|2025-10-10 04:30:28.395160|taskPool-1-0x00007fbf0f244700|[g:1][g:1][STORAGE][CachedStorage]
---------------------------------------------------------------------
Commit block: 290 to backend storage finished, current cached block: 290
Flush elapsed time: 0.0012s
---------------------------------------------------------------------
info|2025-10-10 04:30:29.413468|PBFT-1-0x00007fbf06232700|[g:1][CONSENSUS]addRawPrepare,height=291,reqIdx=2,hash=801253e4...,time=0
info|2025-10-10 04:30:29.418020|PBFT-1-0x00007fbf06232700|[g:1][CONSENSUS][PBFT]checkTimeout Succ,view=0,toView=1,nodeIdx=0,changeCycle=1,myNode=064cb676...,timecost=5
info|2025-10-10 04:30:29.423605|PBFT-1-0x00007fbf06232700|[g:1][CONSENSUS][PBFT]checkAndChangeView: Reach consensus,org_view=0,cur_changeCycle=1,curView=0,view=1
info|2025-10-10 04:30:30.433900|PBFT-1-0x00007fbf06232700|[g:1][CONSENSUS]addRawPrepare,height=291,reqIdx=3,hash=58311632...,time=0
info|2025-10-10 04:30:30.440365|PBFT-1-0x00007fbf06232700|[g:1][CONSENSUS][PBFT]checkTimeout Succ,view=1,toView=2,nodeIdx=0,changeCycle=1,myNode=064cb676...,timecost=6
info|2025-10-10 04:30:30.449817|PBFT-1-0x00007fbf06232700|[g:1][CONSENSUS][PBFT]checkAndChangeView: Reach consensus,org_view=1,cur_changeCycle=1,curView=1,view=2
info|2025-10-10 04:30:30.626477|P2P-0x00007fbf21268700|[g:1] [SYNC][id:064cb676...][Download][Request]Receive block request,peer=374bdfe9...,from=184,to=184
info|2025-10-10 04:30:30.627004|SyncSend-1-0x00007fbf12a4b700|[g:1][SYNC][id:064cb676...][Download][Request][BlockSync]Batch blocks for sending,blockSize=24480,number=184,peer=374bdfe9...,timeCost=1
info|2025-10-10 04:30:30.627244|SyncSend-1-0x00007fbf12a4b700|[g:1][g:1] [SYNC][id:374bdfe9...][Download][Request][BlockSync]Send block packet,peer=374bdfe9...,blocks=1,bytes(V)=24487
info|2025-10-10 04:30:31.450271|PBFTSeal-1-0x00007fbefea23700|[g:1][CONSENSUS][SEALER]++++++++++++++++ Generating seal on,blkNum=291,tx=0,nodeIdx=0,hash=e73c4c14...
info|2025-10-10 04:30:31.453566|PBFT-1-0x00007fbf06232700|[g:1][CONSENSUS][PBFT]checkTimeout Succ,view=2,toView=3,nodeIdx=0,changeCycle=1,myNode=064cb676...,timecost=1
info|2025-10-10 04:30:31.469280|PBFT-1-0x00007fbf06232700|[g:1][CONSENSUS][PBFT]checkAndChangeView: Reach consensus,org_view=2,cur_changeCycle=1,curView=2,view=3
warning|2025-10-10 04:30:35.970496|PBFT-1-0x00007fbf06232700|[g:1][CONSENSUS][PBFT]ViewChangeWarning: not caused by omit empty block ,v=3,toV=4,curNum=290,hash=3304936b...,nodeIdx=0,myNode=064cb676...
info|2025-10-10 04:30:35.973385|PBFT-1-0x00007fbf06232700|[g:1][CONSENSUS][PBFT]checkTimeout Succ,view=3,toView=4,nodeIdx=0,changeCycle=2,myNode=064cb676...,timecost=4
info|2025-10-10 04:30:35.987769|PBFT-1-0x00007fbf06232700|[g:1][CONSENSUS][PBFT]checkAndChangeView: Reach consensus,org_view=3,cur_changeCycle=2,curView=3,view=4
info|2025-10-10 04:30:36.263530|io_service-0x00007fbf20266700|[P2P][Service] heartBeat,connected count=3
info|2025-10-10 04:30:36.994522|PBFT-1-0x00007fbf06232700|[g:1][CONSENSUS]addRawPrepare,height=291,reqIdx=2,hash=821bf5a6...,time=0
info|2025-10-10 04:30:36.997264|PBFT-1-0x00007fbf06232700|[g:1][CONSENSUS][PBFT]checkTimeout Succ,view=4,toView=5,nodeIdx=0,changeCycle=1,myNode=064cb676...,timecost=3
info|2025-10-10 04:30:37.006464|PBFT-1-0x00007fbf06232700|[g:1][CONSENSUS][PBFT]checkAndChangeView: Reach consensus,org_view=4,cur_changeCycle=1,curView=4,view=5
info|2025-10-10 04:30:37.780836|PBFTWork-1-0x00007fbf0ca3f700|[g:1][CONSENSUS][PartiallyPBFTReqCache]addPartiallyRawPrepare,height=291,reqIdx=3,hash=51384648...
info|2025-10-10 04:30:37.782916|PBFTWork-1-0x00007fbf0ca3f700|[g:1][BLOCKVERIFIER][executeBlock]Executing block,txNum=1,num=291,parentHash=3304936b58cfd1ceea83648f14e61a7e68664cb843576496ac1661a710f37761,parentNum=290,parentStateRoot=bf1b90168bd7bad499c4c42bbd73ce8d54b11f0b34a634d4f98f00463bc43885
info|2025-10-10 04:30:37.783689|PBFTWork-1-0x00007fbf0ca3f700|[g:1][PRECOMPILED]init GasChargeManagePrecompiled
info|2025-10-10 04:30:37.800130|SyncMsgE-1-0x00007fbeffa25700|[PRECOMPILED][TimerPrecompiled]getCurrentTimeMillis,timeMillis=1760095837800
info|2025-10-10 04:30:37.809615|SyncMsgE-1-0x00007fbeffa25700|[PRECOMPILED][TimerPrecompiled]getCurrentTimeMillis,timeMillis=1760095837809
info|2025-10-10 04:30:37.816685|PBFTWork-1-0x00007fbf0ca3f700|[g:1][CONSENSUS][PBFT]execBlock,blkNum=291,reqIdx=3,hash=89612f77...,nodeIdx=0,myNode=064cb676...,decodeCost=0,checkCost=0,notifyCost=0,noteSealingCost=0,currentCycle=1,verifyAndSetSenderCost=0,execCost=35,execPerTx=35,totalCost=35
info|2025-10-10 04:30:37.823132|PBFTWork-1-0x00007fbf0ca3f700|[g:1][CONSENSUS][PBFT]handlePrepareMsg Succ,timecost=5,INFO=handlePartiallyPrepare,reqIdx=3,view=5,reqNum=291,curNum=290,consNum=291,hash=51384648...,nodeIdx=0,myNode=064cb676...,curChangeCycle=1
info|2025-10-10 04:30:37.823299|PBFT-1-0x00007fbf06232700|[g:1][CONSENSUS][PBFT]checkReq: Recv future request,prepHash=89612f77...,INFO=handleSignMsg,num=291,curNum=290,GenIdx=3,Sview=5,view=5,fromIdx=3,fromNode=87d00b98...,fromIp=127.0.0.1:30302,hash=3a117bbd...,nodeIdx=0,myNode=064cb676...
info|2025-10-10 04:30:37.823332|PBFT-1-0x00007fbf06232700|[g:1][CONSENSUS][PBFT]FutureBlock,INFO=handleSignMsg,num=291,curNum=290,GenIdx=3,Sview=5,view=5,fromIdx=3,fromNode=87d00b98...,fromIp=127.0.0.1:30302,hash=3a117bbd...,nodeIdx=0,myNode=064cb676...
info|2025-10-10 04:30:37.823369|PBFT-1-0x00007fbf06232700|[g:1][CONSENSUS][PBFT]checkReq: Recv future request,prepHash=89612f77...,INFO=handleSignMsg,num=291,curNum=290,GenIdx=2,Sview=5,view=5,fromIdx=2,fromNode=73994dae...,fromIp=127.0.0.1:30300,hash=cbe240c8...,nodeIdx=0,myNode=064cb676...
info|2025-10-10 04:30:37.823377|PBFT-1-0x00007fbf06232700|[g:1][CONSENSUS][PBFT]FutureBlock,INFO=handleSignMsg,num=291,curNum=290,GenIdx=2,Sview=5,view=5,fromIdx=2,fromNode=73994dae...,fromIp=127.0.0.1:30300,hash=cbe240c8...,nodeIdx=0,myNode=064cb676...
info|2025-10-10 04:30:42.318492|PBFT-1-0x00007fbf06232700|[g:1][CONSENSUS][SEALER]decrease maxBlockCanSeal to half for PBFT timeout,org_maxBlockCanSeal=1000,halfed_maxBlockCanSeal=500,timeoutCount=1,lastTimeoutTx=1
warning|2025-10-10 04:30:42.322939|PBFT-1-0x00007fbf06232700|[g:1][CONSENSUS][PBFT]ViewChangeWarning: not caused by omit empty block ,v=5,toV=6,curNum=290,hash=3304936b...,nodeIdx=0,myNode=064cb676...
info|2025-10-10 04:30:42.323893|PBFT-1-0x00007fbf06232700|[g:1][CONSENSUS][PBFT]checkTimeout Succ,view=5,toView=6,nodeIdx=0,changeCycle=2,myNode=064cb676...,timecost=3
info|2025-10-10 04:30:42.327640|PBFT-1-0x00007fbf06232700|[g:1][CONSENSUS][PBFT]checkAndChangeView: Reach consensus,org_view=5,cur_changeCycle=2,curView=5,view=6
info|2025-10-10 04:30:42.829063|PBFTSeal-1-0x00007fbefea23700|[g:1][CONSENSUS][SEALER]++++++++++++++++ Generating seal on,blkNum=291,tx=1,nodeIdx=0,hash=edb915cb...
info|2025-10-10 04:30:42.843357|sealerWorker-0x00007fbf0e242700|[CONSENSUS]addRawPrepare,height=291,reqIdx=0,hash=edb915cb...,time=0
info|2025-10-10 04:30:42.843750|sealerWorker-0x00007fbf0e242700|[BLOCKVERIFIER][executeBlock]Executing block,txNum=1,num=291,parentHash=3304936b58cfd1ceea83648f14e61a7e68664cb843576496ac1661a710f37761,parentNum=290,parentStateRoot=bf1b90168bd7bad499c4c42bbd73ce8d54b11f0b34a634d4f98f00463bc43885
info|2025-10-10 04:30:42.844087|sealerWorker-0x00007fbf0e242700|[PRECOMPILED]init GasChargeManagePrecompiled
info|2025-10-10 04:30:42.851833|SyncMsgE-1-0x00007fbeffa25700|[PRECOMPILED][TimerPrecompiled]getCurrentTimeMillis,timeMillis=1760095842851
info|2025-10-10 04:30:42.855367|SyncMsgE-1-0x00007fbeffa25700|[PRECOMPILED][TimerPrecompiled]getCurrentTimeMillis,timeMillis=1760095842855
info|2025-10-10 04:30:42.860016|sealerWorker-0x00007fbf0e242700|[CONSENSUS][PBFT]execBlock,blkNum=291,reqIdx=0,hash=b19547d8...,nodeIdx=0,myNode=064cb676...,decodeCost=0,checkCost=0,notifyCost=0,noteSealingCost=0,currentCycle=2,verifyAndSetSenderCost=0,execCost=17,execPerTx=17,totalCost=17
info|2025-10-10 04:30:42.864088|sealerWorker-0x00007fbf0e242700|[CONSENSUS][PBFT]handlePrepareMsg Succ,timecost=4,INFO=handlePrepareMsg,reqIdx=0,view=6,reqNum=291,curNum=290,consNum=291,curView=6,fromIp=self,hash=edb915cb...,nodeIdx=0,myNode=064cb676...,curChangeCycle=2
info|2025-10-10 04:30:42.864161|sealerWorker-0x00007fbf0e242700|[CONSENSUS][PBFT]generateLocalPrepare,hash=edb915cb...,H=291,nodeIdx=0,myNode=064cb676...
info|2025-10-10 04:30:42.865994|PBFT-1-0x00007fbf06232700|[g:1][CONSENSUS][PBFT]checkReq: Recv future request,prepHash=b19547d8...,INFO=handleSignMsg,num=291,curNum=290,GenIdx=2,Sview=6,view=6,fromIdx=2,fromNode=73994dae...,fromIp=127.0.0.1:30300,hash=868f6aae...,nodeIdx=0,myNode=064cb676...
info|2025-10-10 04:30:42.866048|PBFT-1-0x00007fbf06232700|[g:1][CONSENSUS][PBFT]FutureBlock,INFO=handleSignMsg,num=291,curNum=290,GenIdx=2,Sview=6,view=6,fromIdx=2,fromNode=73994dae...,fromIp=127.0.0.1:30300,hash=868f6aae...,nodeIdx=0,myNode=064cb676...
info|2025-10-10 04:30:42.875277|PBFT-1-0x00007fbf06232700|[g:1][CONSENSUS][PBFT]checkReq: Recv future request,prepHash=b19547d8...,INFO=handleSignMsg,num=291,curNum=290,GenIdx=3,Sview=6,view=6,fromIdx=3,fromNode=87d00b98...,fromIp=127.0.0.1:30302,hash=868f6aae...,nodeIdx=0,myNode=064cb676...
info|2025-10-10 04:30:42.875320|PBFT-1-0x00007fbf06232700|[g:1][CONSENSUS][PBFT]FutureBlock,INFO=handleSignMsg,num=291,curNum=290,GenIdx=3,Sview=6,view=6,fromIdx=3,fromNode=87d00b98...,fromIp=127.0.0.1:30302,hash=868f6aae...,nodeIdx=0,myNode=064cb676...
info|2025-10-10 04:30:46.264058|io_service-0x00007fbf20266700|[P2P][Service] heartBeat,connected count=3
info|2025-10-10 04:30:49.610901|PBFT-1-0x00007fbf06232700|[g:1][CONSENSUS][SEALER]decrease maxBlockCanSeal to half for PBFT timeout,org_maxBlockCanSeal=500,halfed_maxBlockCanSeal=250,timeoutCount=2,lastTimeoutTx=1
warning|2025-10-10 04:30:49.612032|PBFT-1-0x00007fbf06232700|[g:1][CONSENSUS][PBFT]ViewChangeWarning: not caused by omit empty block ,v=6,toV=7,curNum=290,hash=3304936b...,nodeIdx=0,myNode=064cb676...
info|2025-10-10 04:30:49.612171|PBFT-1-0x00007fbf06232700|[g:1][CONSENSUS][PBFT]checkTimeout Succ,view=6,toView=7,nodeIdx=0,changeCycle=3,myNode=064cb676...,timecost=2
info|2025-10-10 04:30:49.623857|PBFT-1-0x00007fbf06232700|[g:1][CONSENSUS][PBFT]checkAndChangeView: Reach consensus,org_view=6,cur_changeCycle=3,curView=6,view=7
info|2025-10-10 04:30:49.841367|P2P-0x00007fbf2226a700|[g:1] [SYNC][id:064cb676...][Download][Request]Receive block request,peer=374bdfe9...,from=184,to=184
info|2025-10-10 04:30:49.841847|SyncSend-1-0x00007fbf12a4b700|[g:1][SYNC][id:064cb676...][Download][Request][BlockSync]Batch blocks for sending,blockSize=24480,number=184,peer=374bdfe9...,timeCost=0
info|2025-10-10 04:30:49.841944|SyncSend-1-0x00007fbf12a4b700|[g:1][g:1] [SYNC][id:374bdfe9...][Download][Request][BlockSync]Send block packet,peer=374bdfe9...,blocks=1,bytes(V)=24487
info|2025-10-10 04:30:56.273040|P2P-0x00007fbf21a69700|[g:1] [SYNC][id:064cb676...][Download][Request]Receive block request,peer=374bdfe9...,from=184,to=184
info|2025-10-10 04:30:56.279821|SyncSend-1-0x00007fbf12a4b700|[g:1][SYNC][id:064cb676...][Download][Request][BlockSync]Batch blocks for sending,blockSize=24480,number=184,peer=374bdfe9...,timeCost=0
info|2025-10-10 04:30:56.280033|SyncSend-1-0x00007fbf12a4b700|[g:1][g:1] [SYNC][id:374bdfe9...][Download][Request][BlockSync]Send block packet,peer=374bdfe9...,blocks=1,bytes(V)=24487
info|2025-10-10 04:30:56.286088|io_service-0x00007fbf20266700|[P2P][Service] heartBeat,connected count=3
warning|2025-10-10 04:30:59.757023|PBFT-1-0x00007fbf06232700|[g:1][CONSENSUS][PBFT]ViewChangeWarning: not caused by omit empty block ,v=7,toV=8,curNum=290,hash=3304936b...,nodeIdx=0,myNode=064cb676...
info|2025-10-10 04:30:59.759691|PBFT-1-0x00007fbf06232700|[g:1][CONSENSUS][PBFT]checkTimeout Succ,view=7,toView=8,nodeIdx=0,changeCycle=4,myNode=064cb676...,timecost=7
info|2025-10-10 04:30:59.777077|PBFT-1-0x00007fbf06232700|[g:1][CONSENSUS][PBFT]checkAndChangeView: Reach consensus,org_view=7,cur_changeCycle=4,curView=7,view=8
info|2025-10-10 04:31:00.289010|PBFTWork-1-0x00007fbf0ca3f700|[g:1][CONSENSUS][PartiallyPBFTReqCache]addPartiallyRawPrepare,height=291,reqIdx=2,hash=c98aafb3...
info|2025-10-10 04:31:00.289385|PBFTWork-1-0x00007fbf0ca3f700|[g:1][BLOCKVERIFIER][executeBlock]Executing block,txNum=1,num=291,parentHash=3304936b58cfd1ceea83648f14e61a7e68664cb843576496ac1661a710f37761,parentNum=290,parentStateRoot=bf1b90168bd7bad499c4c42bbd73ce8d54b11f0b34a634d4f98f00463bc43885
info|2025-10-10 04:31:00.289543|PBFTWork-1-0x00007fbf0ca3f700|[g:1][PRECOMPILED]init GasChargeManagePrecompiled
info|2025-10-10 04:31:00.312663|PBFTWork-1-0x00007fbf0ca3f700|[g:1][PRECOMPILED][TimerPrecompiled]getCurrentTimeMillis,timeMillis=1760095860312
info|2025-10-10 04:31:00.318211|PBFTWork-1-0x00007fbf0ca3f700|[g:1][PRECOMPILED][TimerPrecompiled]getCurrentTimeMillis,timeMillis=1760095860318
info|2025-10-10 04:31:00.320978|PBFTWork-1-0x00007fbf0ca3f700|[g:1][CONSENSUS][PBFT]execBlock,blkNum=291,reqIdx=2,hash=f4ed1656...,nodeIdx=0,myNode=064cb676...,decodeCost=0,checkCost=0,notifyCost=0,noteSealingCost=0,currentCycle=4,verifyAndSetSenderCost=0,execCost=31,execPerTx=31,totalCost=32
info|2025-10-10 04:31:00.326985|PBFTWork-1-0x00007fbf0ca3f700|[g:1][CONSENSUS][PBFT]handlePrepareMsg Succ,timecost=6,INFO=handlePartiallyPrepare,reqIdx=2,view=8,reqNum=291,curNum=290,consNum=291,hash=c98aafb3...,nodeIdx=0,myNode=064cb676...,curChangeCycle=4
info|2025-10-10 04:31:00.328701|PBFT-1-0x00007fbf06232700|[g:1][CONSENSUS][PBFT]handleSignMsg Succ,Timecost=1,INFO=handleSignMsg,num=291,curNum=290,GenIdx=3,Sview=8,view=8,fromIdx=3,fromNode=87d00b98...,fromIp=127.0.0.1:30302,hash=f4ed1656...,nodeIdx=0,myNode=064cb676...
info|2025-10-10 04:31:00.328795|PBFT-1-0x00007fbf06232700|[g:1][CONSENSUS][PBFT]checkReq: Recv future request,prepHash=f4ed1656...,INFO=handleSignMsg,num=291,curNum=290,GenIdx=2,Sview=8,view=8,fromIdx=2,fromNode=73994dae...,fromIp=127.0.0.1:30300,hash=5fe3aea7...,nodeIdx=0,myNode=064cb676...
info|2025-10-10 04:31:00.328807|PBFT-1-0x00007fbf06232700|[g:1][CONSENSUS][PBFT]FutureBlock,INFO=handleSignMsg,num=291,curNum=290,GenIdx=2,Sview=8,view=8,fromIdx=2,fromNode=73994dae...,fromIp=127.0.0.1:30300,hash=5fe3aea7...,nodeIdx=0,myNode=064cb676...
info|2025-10-10 04:31:02.851194|P2P-0x00007fbf21a69700|[g:1] [SYNC][id:064cb676...][Download][Request]Receive block request,peer=374bdfe9...,from=184,to=184
info|2025-10-10 04:31:02.851661|SyncSend-1-0x00007fbf12a4b700|[g:1][SYNC][id:064cb676...][Download][Request][BlockSync]Batch blocks for sending,blockSize=24480,number=184,peer=374bdfe9...,timeCost=0
info|2025-10-10 04:31:02.851828|SyncSend-1-0x00007fbf12a4b700|[g:1][g:1] [SYNC][id:374bdfe9...][Download][Request][BlockSync]Send block packet,peer=374bdfe9...,blocks=1,bytes(V)=24487
info|2025-10-10 04:31:06.287046|io_service-0x00007fbf20266700|[P2P][Service] heartBeat,connected count=3
info|2025-10-10 04:31:09.275204|P2P-0x00007fbf2226a700|[g:1] [SYNC][id:064cb676...][Download][Request]Receive block request,peer=374bdfe9...,from=184,to=184
info|2025-10-10 04:31:09.275651|SyncSend-1-0x00007fbf12a4b700|[g:1][SYNC][id:064cb676...][Download][Request][BlockSync]Batch blocks for sending,blockSize=24480,number=184,peer=374bdfe9...,timeCost=0
info|2025-10-10 04:31:09.275765|SyncSend-1-0x00007fbf12a4b700|[g:1][g:1] [SYNC][id:374bdfe9...][Download][Request][BlockSync]Send block packet,peer=374bdfe9...,blocks=1,bytes(V)=24487
info|2025-10-10 04:31:15.515806|PBFT-1-0x00007fbf06232700|[g:1][CONSENSUS][SEALER]decrease maxBlockCanSeal to half for PBFT timeout,org_maxBlockCanSeal=250,halfed_maxBlockCanSeal=125,timeoutCount=3,lastTimeoutTx=1
warning|2025-10-10 04:31:15.517615|PBFT-1-0x00007fbf06232700|[g:1][CONSENSUS][PBFT]ViewChangeWarning: not caused by omit empty block ,v=8,toV=9,curNum=290,hash=3304936b...,nodeIdx=0,myNode=064cb676...
info|2025-10-10 04:31:15.521387|PBFT-1-0x00007fbf06232700|[g:1][CONSENSUS][PBFT]checkTimeout Succ,view=8,toView=9,nodeIdx=0,changeCycle=5,myNode=064cb676...,timecost=6
info|2025-10-10 04:31:15.527853|PBFT-1-0x00007fbf06232700|[g:1][CONSENSUS][PBFT]checkAndChangeView: Reach consensus,org_view=8,cur_changeCycle=5,curView=8,view=9
info|2025-10-10 04:31:16.036026|PBFTWork-1-0x00007fbf0ca3f700|[g:1][CONSENSUS][PartiallyPBFTReqCache]addPartiallyRawPrepare,height=291,reqIdx=3,hash=e02e78f6...
info|2025-10-10 04:31:16.036311|PBFTWork-1-0x00007fbf0ca3f700|[g:1][BLOCKVERIFIER][executeBlock]Executing block,txNum=1,num=291,parentHash=3304936b58cfd1ceea83648f14e61a7e68664cb843576496ac1661a710f37761,parentNum=290,parentStateRoot=bf1b90168bd7bad499c4c42bbd73ce8d54b11f0b34a634d4f98f00463bc43885
info|2025-10-10 04:31:16.036516|PBFTWork-1-0x00007fbf0ca3f700|[g:1][PRECOMPILED]init GasChargeManagePrecompiled
info|2025-10-10 04:31:16.052021|SyncMsgE-1-0x00007fbeffa25700|[PRECOMPILED][TimerPrecompiled]getCurrentTimeMillis,timeMillis=1760095876052
info|2025-10-10 04:31:16.056053|SyncMsgE-1-0x00007fbeffa25700|[PRECOMPILED][TimerPrecompiled]getCurrentTimeMillis,timeMillis=1760095876056
info|2025-10-10 04:31:16.056427|PBFTWork-1-0x00007fbf0ca3f700|[g:1][CONSENSUS][PBFT]execBlock,blkNum=291,reqIdx=3,hash=48466c00...,nodeIdx=0,myNode=064cb676...,decodeCost=0,checkCost=0,notifyCost=0,noteSealingCost=0,currentCycle=5,verifyAndSetSenderCost=0,execCost=20,execPerTx=20,totalCost=20
info|2025-10-10 04:31:16.060053|PBFTWork-1-0x00007fbf0ca3f700|[g:1][CONSENSUS][PBFT]handlePrepareMsg Succ,timecost=4,INFO=handlePartiallyPrepare,reqIdx=3,view=9,reqNum=291,curNum=290,consNum=291,hash=e02e78f6...,nodeIdx=0,myNode=064cb676...,curChangeCycle=5
info|2025-10-10 04:31:16.072867|PBFT-1-0x00007fbf06232700|[g:1][CONSENSUS][PBFT]checkReq: Recv future request,prepHash=48466c00...,INFO=handleSignMsg,num=291,curNum=290,GenIdx=2,Sview=9,view=9,fromIdx=2,fromNode=73994dae...,fromIp=127.0.0.1:30300,hash=5c83da48...,nodeIdx=0,myNode=064cb676...
info|2025-10-10 04:31:16.072907|PBFT-1-0x00007fbf06232700|[g:1][CONSENSUS][PBFT]FutureBlock,INFO=handleSignMsg,num=291,curNum=290,GenIdx=2,Sview=9,view=9,fromIdx=2,fromNode=73994dae...,fromIp=127.0.0.1:30300,hash=5c83da48...,nodeIdx=0,myNode=064cb676...
info|2025-10-10 04:31:16.081986|PBFT-1-0x00007fbf06232700|[g:1][CONSENSUS][PBFT]checkReq: Recv future request,prepHash=48466c00...,INFO=handleSignMsg,num=291,curNum=290,GenIdx=3,Sview=9,view=9,fromIdx=3,fromNode=87d00b98...,fromIp=127.0.0.1:30302,hash=5c83da48...,nodeIdx=0,myNode=064cb676...
info|2025-10-10 04:31:16.082047|PBFT-1-0x00007fbf06232700|[g:1][CONSENSUS][PBFT]FutureBlock,INFO=handleSignMsg,num=291,curNum=290,GenIdx=3,Sview=9,view=9,fromIdx=3,fromNode=87d00b98...,fromIp=127.0.0.1:30302,hash=5c83da48...,nodeIdx=0,myNode=064cb676...
info|2025-10-10 04:31:16.287537|io_service-0x00007fbf20266700|[P2P][Service] heartBeat,connected count=3
info|2025-10-10 04:31:22.107627|P2P-0x00007fbf2226a700|[g:1] [SYNC][id:064cb676...][Download][Request]Receive block request,peer=374bdfe9...,from=184,to=184
info|2025-10-10 04:31:22.108205|SyncSend-1-0x00007fbf12a4b700|[g:1][SYNC][id:064cb676...][Download][Request][BlockSync]Batch blocks for sending,blockSize=24480,number=184,peer=374bdfe9...,timeCost=1
info|2025-10-10 04:31:22.108332|SyncSend-1-0x00007fbf12a4b700|[g:1][g:1] [SYNC][id:374bdfe9...][Download][Request][BlockSync]Send block packet,peer=374bdfe9...,blocks=1,bytes(V)=24487
info|2025-10-10 04:31:26.297135|io_service-0x00007fbf20266700|[P2P][Service] heartBeat,connected count=3
info|2025-10-10 04:31:28.514675|P2P-0x00007fbf21268700|[g:1] [SYNC][id:064cb676...][Download][Request]Receive block request,peer=374bdfe9...,from=184,to=184
info|2025-10-10 04:31:28.515298|SyncSend-1-0x00007fbf12a4b700|[g:1][SYNC][id:064cb676...][Download][Request][BlockSync]Batch blocks for sending,blockSize=24480,number=184,peer=374bdfe9...,timeCost=0
info|2025-10-10 04:31:28.515403|SyncSend-1-0x00007fbf12a4b700|[g:1][g:1] [SYNC][id:374bdfe9...][Download][Request][BlockSync]Send block packet,peer=374bdfe9...,blocks=1,bytes(V)=24487
info|2025-10-10 04:31:30.173374|fisco-bcos-0x00007fbf22fdfdc0|[LEDGER]stop sealer,groupID=1
info|2025-10-10 04:31:30.173439|fisco-bcos-0x00007fbf22fdfdc0|[CONSENSUS][SEALER]Stop sealer module...
info|2025-10-10 04:31:30.180799|fisco-bcos-0x00007fbf22fdfdc0|[CONSENSUS][ConsensusEngine][Stop ConsensusEngineBase]
info|2025-10-10 04:31:30.183669|fisco-bcos-0x00007fbf22fdfdc0|[CONSENSUS][ConsensusEngine]ConsensusEngineBase stopped
info|2025-10-10 04:31:30.183720|fisco-bcos-0x00007fbf22fdfdc0|[LEDGER]sealer stopped. stop sync,groupID=1
info|2025-10-10 04:31:30.184150|fisco-bcos-0x00007fbf22fdfdc0|[g:1] [SYNC][id:064cb676...]SyncMsgEngine stopped
info|2025-10-10 04:31:30.227573|fisco-bcos-0x00007fbf22fdfdc0|[GossipBlockStatus]stop GossipBlockStatus succ
info|2025-10-10 04:31:30.723599|fisco-bcos-0x00007fbf22fdfdc0|[SYNC][id:064cb676...][g:1]SyncMaster stopped
info|2025-10-10 04:31:30.723648|fisco-bcos-0x00007fbf22fdfdc0|[LEDGER]sync stopped. stop event filter manager,groupID=1
info|2025-10-10 04:31:30.807765|fisco-bcos-0x00007fbf22fdfdc0|[EVENT][EventLogFilterManager]stop
info|2025-10-10 04:31:30.807807|fisco-bcos-0x00007fbf22fdfdc0|[LEDGER]event filter manager stopped. stop tx pool,groupID=1
info|2025-10-10 04:31:30.808267|fisco-bcos-0x00007fbf22fdfdc0|[LEDGER]removeNetworkStatHandlerByGroupID and removeGroupBandwidthLimiter for service,groupID=1
info|2025-10-10 04:31:30.808308|fisco-bcos-0x00007fbf22fdfdc0|[CHANNEL]removeSDKAllowListByGroupId,groupId=1
info|2025-10-10 04:31:30.808319|fisco-bcos-0x00007fbf22fdfdc0|[INITIALIZER]ledgerInitializer stopped
warning|2025-10-10 04:31:30.808397|ChannelServer-0x00007fbf17254700|[CHANNEL]Accept failed,message=Operation canceled
info|2025-10-10 04:31:31.798418|io_service-0x00007fbf20266700|[NETWORK][Session]doRead failed,endpoint=127.0.0.1:30302,message=short read (SSL routines, SSL routines)
info|2025-10-10 04:31:31.798474|io_service-0x00007fbf20266700|[NETWORK][Session]drop, call and erase all callbackFunc of the session!,endpoint=127.0.0.1:30302
info|2025-10-10 04:31:31.798800|io_service-0x00007fbf20266700|[NETWORK][Session][drop] closing remote 127.0.0.1:30302,reason=Low-level TCP communication failed.,endpoint=127.0.0.1:30302
info|2025-10-10 04:31:31.799062|io_service-0x00007fbf20266700|[NETWORK][Session]Session inactive
info|2025-10-10 04:31:31.799080|io_service-0x00007fbf20266700|[NETWORK][Session]Session inactive
info|2025-10-10 04:31:31.799089|io_service-0x00007fbf20266700|[NETWORK][Session][drop] shutdown failed ,code=9,message=Bad file descriptor
info|2025-10-10 04:31:31.799144|P2P-0x00007fbf21268700|[P2P][Service] disconnect inactive P2PSession,nodeID=87d00b98...,endpoint=127.0.0.1:30302,code=3,what=Disconnect
info|2025-10-10 04:31:31.799170|P2P-0x00007fbf21268700|[P2P][Service] onDisconnect,code=3,what=Dynamic exception type: dev::network::NetworkException
std::exception::what: Disconnect
info|2025-10-10 04:31:31.810061|fisco-bcos-0x00007fbf22fdfdc0|[INITIALIZER]ChannelRPCHttpServer deleted.
info|2025-10-10 04:31:31.810552|fisco-bcos-0x00007fbf22fdfdc0|[INITIALIZER]JsonrpcHttpServer deleted.
info|2025-10-10 04:31:31.810572|fisco-bcos-0x00007fbf22fdfdc0|[INITIALIZER]RPCInitializer stopped
info|2025-10-10 04:31:31.810728|io_service-0x00007fbf20266700|[NETWORK][Host]Host exit
info|2025-10-10 04:31:31.811903|fisco-bcos-0x00007fbf22fdfdc0|[INITIALIZER]P2PInitializer stopped
info|2025-10-10 04:31:31.811934|fisco-bcos-0x00007fbf22fdfdc0|[LEDGER]stop sealer,groupID=1
info|2025-10-10 04:31:31.811941|fisco-bcos-0x00007fbf22fdfdc0|[LEDGER]sealer stopped. stop sync,groupID=1
info|2025-10-10 04:31:31.811951|fisco-bcos-0x00007fbf22fdfdc0|[g:1] [SYNC][id:064cb676...]SyncMsgEngine stopped
info|2025-10-10 04:31:31.811962|fisco-bcos-0x00007fbf22fdfdc0|[GossipBlockStatus]GossipBlockStatus already stopped
info|2025-10-10 04:31:31.811966|fisco-bcos-0x00007fbf22fdfdc0|[SYNC][id:064cb676...][g:1]SyncMaster stopped
info|2025-10-10 04:31:31.811970|fisco-bcos-0x00007fbf22fdfdc0|[LEDGER]sync stopped. stop event filter manager,groupID=1
info|2025-10-10 04:31:31.811975|fisco-bcos-0x00007fbf22fdfdc0|[LEDGER]event filter manager stopped. stop tx pool,groupID=1
info|2025-10-10 04:31:31.811984|fisco-bcos-0x00007fbf22fdfdc0|[LEDGER]removeNetworkStatHandlerByGroupID and removeGroupBandwidthLimiter for service,groupID=1
info|2025-10-10 04:31:31.811999|fisco-bcos-0x00007fbf22fdfdc0|[g:1][STORAGE][CachedStorage]Stopping flushStorage thread
info|2025-10-10 04:31:32.497308|fisco-bcos-0x00007fbf22fdfdc0|[g:1][STORAGE][CachedStorage]flushStorage thread stopped.
info|2025-10-10 04:31:32.497327|fisco-bcos-0x00007fbf22fdfdc0|[DBINITIALIZER] storage stopped
info|2025-10-10 04:31:32.504726|fisco-bcos-0x00007fbf22fdfdc0|[g:1] [SYNC][id:064cb676...]SyncMsgEngine stopped
info|2025-10-10 04:31:32.504799|fisco-bcos-0x00007fbf22fdfdc0|[GossipBlockStatus]GossipBlockStatus already stopped
info|2025-10-10 04:31:32.504807|fisco-bcos-0x00007fbf22fdfdc0|[SYNC][id:064cb676...][g:1]SyncMaster stopped
info|2025-10-10 04:31:32.504829|fisco-bcos-0x00007fbf22fdfdc0|[g:1] [SYNC][id:064cb676...]SyncMsgEngine stopped
