info|2025-10-13 03:24:58.141338|PBFT-1-0x00007f43e3a33700|[g:1][CONSENSUS][PBFT]checkTimeout Succ,view=1752,toView=1753,nodeIdx=0,changeCycle=2,myNode=064cb676...,timecost=3
info|2025-10-13 03:24:58.145969|PBFT-1-0x00007f43e3a33700|[g:1][CONSENSUS][PBFT]checkAndChangeView: Reach consensus,org_view=1752,cur_changeCycle=2,curView=1752,view=1753
info|2025-10-13 03:24:58.676810|io_service-0x00007f43fda67700|[P2P][Service] heartBeat,connected count=3
info|2025-10-13 03:24:59.154898|PBFT-1-0x00007f43e3a33700|[g:1][CONSENSUS]addRawPrepare,height=594,reqIdx=2,hash=bd6c6f32...,time=0
info|2025-10-13 03:24:59.158454|PBFT-1-0x00007f43e3a33700|[g:1][CONSENSUS][PBFT]checkTimeout Succ,view=1753,toView=1754,nodeIdx=0,changeCycle=1,myNode=064cb676...,timecost=3
info|2025-10-13 03:24:59.172882|PBFT-1-0x00007f43e3a33700|[g:1][CONSENSUS][PBFT]checkAndChangeView: Reach consensus,org_view=1753,cur_changeCycle=1,curView=1753,view=1754
info|2025-10-13 03:25:00.180554|PBFT-1-0x00007f43e3a33700|[g:1][CONSENSUS]addRawPrepare,height=594,reqIdx=3,hash=bd5660bd...,time=0
info|2025-10-13 03:25:00.188535|PBFT-1-0x00007f43e3a33700|[g:1][CONSENSUS][PBFT]checkTimeout Succ,view=1754,toView=1755,nodeIdx=0,changeCycle=1,myNode=064cb676...,timecost=8
info|2025-10-13 03:25:00.203826|PBFT-1-0x00007f43e3a33700|[g:1][CONSENSUS][PBFT]checkAndChangeView: Reach consensus,org_view=1754,cur_changeCycle=1,curView=1754,view=1755
info|2025-10-13 03:25:01.204015|PBFTSeal-1-0x00007f43dc224700|[g:1][CONSENSUS][SEALER]++++++++++++++++ Generating seal on,blkNum=594,tx=0,nodeIdx=0,hash=f1d4d1df...
info|2025-10-13 03:25:01.218771|PBFT-1-0x00007f43e3a33700|[g:1][CONSENSUS][PBFT]checkTimeout Succ,view=1755,toView=1756,nodeIdx=0,changeCycle=1,myNode=064cb676...,timecost=5
info|2025-10-13 03:25:01.224671|PBFT-1-0x00007f43e3a33700|[g:1][CONSENSUS][PBFT]checkAndChangeView: Reach consensus,org_view=1755,cur_changeCycle=1,curView=1755,view=1756
warning|2025-10-13 03:25:05.741933|PBFT-1-0x00007f43e3a33700|[g:1][CONSENSUS][PBFT]ViewChangeWarning: not caused by omit empty block ,v=1756,toV=1757,curNum=593,hash=fe40cc28...,nodeIdx=0,myNode=064cb676...
info|2025-10-13 03:25:05.742140|PBFT-1-0x00007f43e3a33700|[g:1][CONSENSUS][PBFT]checkTimeout Succ,view=1756,toView=1757,nodeIdx=0,changeCycle=2,myNode=064cb676...,timecost=6
info|2025-10-13 03:25:05.764519|PBFT-1-0x00007f43e3a33700|[g:1][CONSENSUS][PBFT]checkAndChangeView: Reach consensus,org_view=1756,cur_changeCycle=2,curView=1756,view=1757
info|2025-10-13 03:25:06.760206|PBFT-1-0x00007f43e3a33700|[g:1][CONSENSUS]addRawPrepare,height=594,reqIdx=2,hash=97b15219...,time=0
info|2025-10-13 03:25:06.772989|PBFT-1-0x00007f43e3a33700|[g:1][CONSENSUS][PBFT]checkTimeout Succ,view=1757,toView=1758,nodeIdx=0,changeCycle=1,myNode=064cb676...,timecost=13
info|2025-10-13 03:25:06.786193|PBFT-1-0x00007f43e3a33700|[g:1][CONSENSUS][PBFT]checkAndChangeView: Reach consensus,org_view=1757,cur_changeCycle=1,curView=1757,view=1758
info|2025-10-13 03:25:07.807080|PBFT-1-0x00007f43e3a33700|[g:1][CONSENSUS]addRawPrepare,height=594,reqIdx=3,hash=645b6941...,time=0
info|2025-10-13 03:25:07.808820|PBFT-1-0x00007f43e3a33700|[g:1][CONSENSUS][PBFT]checkTimeout Succ,view=1758,toView=1759,nodeIdx=0,changeCycle=1,myNode=064cb676...,timecost=1
info|2025-10-13 03:25:07.834670|PBFT-1-0x00007f43e3a33700|[g:1][CONSENSUS][PBFT]checkAndChangeView: Reach consensus,org_view=1758,cur_changeCycle=1,curView=1758,view=1759
info|2025-10-13 03:25:08.187721|P2P-0x00007f43fea69700|[g:1] [SYNC][id:064cb676...][Download][Request]Receive block request,peer=374bdfe9...,from=184,to=184
info|2025-10-13 03:25:08.188624|SyncSend-1-0x00007f43f024c700|[g:1][SYNC][id:064cb676...][Download][Request][BlockSync]Batch blocks for sending,blockSize=24480,number=184,peer=374bdfe9...,timeCost=0
info|2025-10-13 03:25:08.188837|SyncSend-1-0x00007f43f024c700|[g:1][g:1] [SYNC][id:374bdfe9...][Download][Request][BlockSync]Send block packet,peer=374bdfe9...,blocks=1,bytes(V)=24487
info|2025-10-13 03:25:08.677233|io_service-0x00007f43fda67700|[P2P][Service] heartBeat,connected count=3
info|2025-10-13 03:25:08.83528