info|2025-10-10 18:27:46.837823|fisco-bcos-0x00007fe9181e8dc0|[INITIALIZER][initGlobalConfig],enableCompress=true,compatibilityVersion=2.11.0,versionNumber=34275328,enableStat=false,chainId=1,useSMCrypto=true,IgnoreObserverWriteRequest=false
info|2025-10-10 18:27:46.838667|fisco-bcos-0x00007fe9181e8dc0|[INITIALIZER][SecureInitializerGM]get pub of node,nodeID=064cb676a36047a4b52ecbf9c01664b1e987d91b438110ba6a12d96972726622e824d295b1de8b0298b5afe7bbbc0bd04a3890e1a36eae028c1cfbe07971b995
info|2025-10-10 18:27:46.839477|fisco-bcos-0x00007fe9181e8dc0|[NETWORK][Host]Connecting to node,endpoint=127.0.0.1:30300
info|2025-10-10 18:27:46.839573|fisco-bcos-0x00007fe9181e8dc0|[NETWORK][Host]Connecting to node,endpoint=127.0.0.1:30301
info|2025-10-10 18:27:46.839642|fisco-bcos-0x00007fe9181e8dc0|[NETWORK][Host]Connecting to node,endpoint=127.0.0.1:30302
info|2025-10-10 18:27:46.839735|fisco-bcos-0x00007fe9181e8dc0|[NETWORK][Host]Connecting to node,endpoint=127.0.0.1:30303
info|2025-10-10 18:27:46.839786|fisco-bcos-0x00007fe9181e8dc0|[P2P][Service] heartBeat,connected count=0
info|2025-10-10 18:27:46.839819|fisco-bcos-0x00007fe9181e8dc0|[INITIALIZER][RPCInitializer],network_security.check_cert_issuer=true
info|2025-10-10 18:27:46.864562|io_service-0x00007fe91546f700|[NETWORK][Host]P2P StartAccept,Host=0.0.0.0:30303
info|2025-10-10 18:27:46.864880|io_service-0x00007fe91546f700|[NETWORK][Host]P2P Recv Connect, From=127.0.0.1:49726
info|2025-10-10 18:27:46.864982|io_service-0x00007fe91546f700|[NETWORK][Host]P2P StartAccept,Host=0.0.0.0:30303
info|2025-10-10 18:27:46.866447|io_service-0x00007fe91546f700|[NETWORK][Host]P2P Recv Connect, From=127.0.0.1:49732
info|2025-10-10 18:27:46.866502|io_service-0x00007fe91546f700|[NETWORK][Host]P2P StartAccept,Host=0.0.0.0:30303
info|2025-10-10 18:27:46.898008|fisco-bcos-0x00007fe9181e8dc0|[CHANNEL][ChannelServer::run],threadPoolSize=8
info|2025-10-10 18:27:46.898151|fisco-bcos-0x00007fe9181e8dc0|[CHANNEL]ChannelRPCServer started
info|2025-10-10 18:27:46.898179|fisco-bcos-0x00007fe9181e8dc0|[INITIALIZER][RPCInitializer: ChannelRPCHttpServer started.],disableDynamicGroup=false,uncheckGroupMember=false,threadSize=8
info|2025-10-10 18:27:46.898205|fisco-bcos-0x00007fe9181e8dc0|[INITIALIZER][LedgerInitializer]initConfig
info|2025-10-10 18:27:46.898229|fisco-bcos-0x00007fe9181e8dc0|[LedgerInitializer],groupConfigPath=conf/
info|2025-10-10 18:27:46.908541|fisco-bcos-0x00007fe9181e8dc0|[INITIALIZER][initSingleLedger] [GroupId], LedgerConstructor:  1,configFileName=conf/group.1.genesis,dataDir=data/
info|2025-10-10 18:27:46.908768|fisco-bcos-0x00007fe9181e8dc0|[g:1][LedgerParam][parseGenesisConfig]initConsensusConfig/initStorageConfig/initTxConfig,configFile=conf/group.1.genesis
info|2025-10-10 18:27:46.908802|fisco-bcos-0x00007fe9181e8dc0|[g:1][LedgerParam][initConsensusConfig],type=pbft,consensusTimeout=3,maxTxNum=1000,txGasLimit=300000000
info|2025-10-10 18:27:46.908828|fisco-bcos-0x00007fe9181e8dc0|[g:1][LedgerParam][parsePublicKeyListOfSection],sectionName=consensus,it.first=73994dae9e8b8da733108a4153dfe79151d701dff425f84c87b5324e8ebd02ab6a0ebc9e4f1e0298a7ddca50f94a8f95c62b6997226d571e470e8f2b0600634a
info|2025-10-10 18:27:46.908847|fisco-bcos-0x00007fe9181e8dc0|[g:1][LedgerParam][parsePublicKeyListOfSection],sectionName=consensus,it.first=374bdfe969e1d8ea1200ade93e5d8cf1a7d5741f238011004b0f43ca818706f194b2f067e1708125f7ffc536610b9a72addbd56b238d65f18912be39037ffcc5
info|2025-10-10 18:27:46.908865|fisco-bcos-0x00007fe9181e8dc0|[g:1][LedgerParam][parsePublicKeyListOfSection],sectionName=consensus,it.first=87d00b98321fc70a5abc85ad9e80db10cce315194133697bf74aace1d3f8430957a766240f751752708f4282f46110d6ea56c3eb5d1c02ce98a66f327f595270
info|2025-10-10 18:27:46.908883|fisco-bcos-0x00007fe9181e8dc0|[g:1][LedgerParam][parsePublicKeyListOfSection],sectionName=consensus,it.first=064cb676a36047a4b52ecbf9c01664b1e987d91b438110ba6a12d96972726622e824d295b1de8b0298b5afe7bbbc0bd04a3890e1a36eae028c1cfbe07971b995
info|2025-10-10 18:27:46.908897|fisco-bcos-0x00007fe9181e8dc0|[g:1][LedgerParam][parsePublicKeyListOfSection],totalPubKeySize=4
info|2025-10-10 18:27:46.908944|fisco-bcos-0x00007fe9181e8dc0|[g:1][LedgerParam][max_block_range],maxBlockRange=0,maxBlockPerProcess=3
info|2025-10-10 18:27:46.908961|fisco-bcos-0x00007fe9181e8dc0|[g:1][LedgerParam][parseGenesisConfig],timestamp=1759762229000
info|2025-10-10 18:27:46.908980|fisco-bcos-0x00007fe9181e8dc0|[g:1][LedgerParam]setEVMFlags,enableFreeStorageVMSchedule=false,evmFlags=0
info|2025-10-10 18:27:46.909001|fisco-bcos-0x00007fe9181e8dc0|[g:1][LedgerParam]store evmFlag,evmFlag=0
info|2025-10-10 18:27:46.909015|fisco-bcos-0x00007fe9181e8dc0|[g:1][LedgerParam]store consensus time,consensusTimeout=3
info|2025-10-10 18:27:46.909027|fisco-bcos-0x00007fe9181e8dc0|[g:1][LedgerParam][initMark],genesisMark=1-064cb676a36047a4b52ecbf9c01664b1e987d91b438110ba6a12d96972726622e824d295b1de8b0298b5afe7bbbc0bd04a3890e1a36eae028c1cfbe07971b995,374bdfe969e1d8ea1200ade93e5d8cf1a7d5741f238011004b0f43ca818706f194b2f067e1708125f7ffc536610b9a72addbd56b238d65f18912be39037ffcc5,73994dae9e8b8da733108a4153dfe79151d701dff425f84c87b5324e8ebd02ab6a0ebc9e4f1e0298a7ddca50f94a8f95c62b6997226d571e470e8f2b0600634a,87d00b98321fc70a5abc85ad9e80db10cce315194133697bf74aace1d3f8430957a766240f751752708f4282f46110d6ea56c3eb5d1c02ce98a66f327f595270,-pbft-storage-0-1000-300000000-3
info|2025-10-10 18:27:46.909043|fisco-bcos-0x00007fe9181e8dc0|[g:1][LedgerParam][initIniConfig]initTxPoolConfig/initSyncConfig/initTxExecuteConfig,configFile=conf/group.1.ini
info|2025-10-10 18:27:46.909190|fisco-bcos-0x00007fe9181e8dc0|[g:1][LedgerParam][initStorageConfig],stateType=storage,storageDB=rocksdb,storagePath=data//group1/block/RocksDB,baseDir=data//group1,dbtype=mysql,dbip=127.0.0.1,dbport=3306,dbcharset=utf8mb4,initconnections=15,maxconnections=50,scrollThreshold=2000,enableReconfirmCommittee=false
info|2025-10-10 18:27:46.909220|fisco-bcos-0x00007fe9181e8dc0|[g:1][LedgerParam][initTxPoolConfig],txPoolLimit=150000,memorySizeLimit(MB)=512,notifyWorkerNum=2,txsExpirationTime(ms)=600000
info|2025-10-10 18:27:46.909237|fisco-bcos-0x00007fe9181e8dc0|[g:1][LedgerParam][initSyncConfig],idleWaitMs=200
info|2025-10-10 18:27:46.909254|fisco-bcos-0x00007fe9181e8dc0|[g:1][LedgerParam][initSyncConfig],enableSendTxsByTree=true,enableSendBlockStatusByTree=true
info|2025-10-10 18:27:46.909269|fisco-bcos-0x00007fe9181e8dc0|[g:1][LedgerParam][initSyncConfig],gossipInterval=1000
info|2025-10-10 18:27:46.909288|fisco-bcos-0x00007fe9181e8dc0|[g:1][LedgerParam][initSyncConfig],enableSendBlockStatusByTree=true,gossipInterval=1000,gossipPeers=3,syncTreeWidth=3,maxQueueSizeForBlockSync=536870912,txsStatusGossipMaxPeers=5,syncInfoPrintInterval=10,freeNodeRead=false
info|2025-10-10 18:27:46.909303|fisco-bcos-0x00007fe9181e8dc0|[g:1][LedgerParam][InitTxExecuteConfig],enableParallel=true
info|2025-10-10 18:27:46.909329|fisco-bcos-0x00007fe9181e8dc0|[g:1][LedgerParam][initConsensusIniConfig],maxTTL=2,minBlockGenerationTime=500,enablDynamicBlockSize=true,blockSizeIncreaseRatio=0.5,enableTTLOptimize=true,enablePrepareWithTxsHash=true
info|2025-10-10 18:27:46.909393|fisco-bcos-0x00007fe9181e8dc0|[g:1][LedgerParam][initRPBFTConsensusIniConfig],broadcastPrepareByTree=true,prepareStatusBroadcastPercent=33,maxRequestMissedTxsWaitTime=100,maxRequestPrepareWaitTime=100
info|2025-10-10 18:27:46.909410|fisco-bcos-0x00007fe9181e8dc0|[g:1][LedgerParam][initFlowControlConfig],maxQPS=9223372036854775807,outGoingBandwidth(Bytes)=9223372036854775807
info|2025-10-10 18:27:46.909426|fisco-bcos-0x00007fe9181e8dc0|[g:1][LedgerParam]parseSDKAllowList,sdkAllowList=[],enableSDKAllowListControl=false
info|2025-10-10 18:27:46.909455|fisco-bcos-0x00007fe9181e8dc0|[g:1][LEDGER][initLedger][DBInitializer]
info|2025-10-10 18:27:46.909468|fisco-bcos-0x00007fe9181e8dc0|[g:1][LEDGER]setSDKAllowList,groupId=1,sdkAllowListSize=0
info|2025-10-10 18:27:46.909481|fisco-bcos-0x00007fe9181e8dc0|[g:1][CHANNEL]registerSDKAllowListByGroupId,groupId=1,size=0
info|2025-10-10 18:27:46.909494|fisco-bcos-0x00007fe9181e8dc0|[g:1][CHANNEL]Disable group-level sdk permission control for sdk allowlist is empty
info|2025-10-10 18:27:46.909507|fisco-bcos-0x00007fe9181e8dc0|[g:1][DBINITIALIZER] [initStorageDB]
info|2025-10-10 18:27:46.909526|fisco-bcos-0x00007fe9181e8dc0|[g:1][DBINITIALIZER] [initRocksDBStorage]
info|2025-10-10 18:27:46.909560|fisco-bcos-0x00007fe9181e8dc0|[g:1][ROCKSDB]open rocksDB handler,path=data//group1/block/RocksDB
info|2025-10-10 18:27:46.928791|io_service-0x00007fe91546f700|[NETWORK][ASIO]asyncResolveConnect,endpoint=127.0.0.1:30300
info|2025-10-10 18:27:46.929229|io_service-0x00007fe91546f700|[NETWORK][ASIO]asyncResolveConnect,endpoint=127.0.0.1:30301
info|2025-10-10 18:27:46.929521|io_service-0x00007fe91546f700|[NETWORK][ASIO]asyncResolveConnect,endpoint=127.0.0.1:30302
info|2025-10-10 18:27:46.929641|io_service-0x00007fe91546f700|[NETWORK][ASIO]asyncResolveConnect,endpoint=127.0.0.1:30303
info|2025-10-10 18:27:46.929809|io_service-0x00007fe91546f700|[NETWORK][Host]P2P Recv Connect, From=127.0.0.1:49746
info|2025-10-10 18:27:46.929917|io_service-0x00007fe91546f700|[NETWORK][Host]P2P StartAccept,Host=0.0.0.0:30303
info|2025-10-10 18:27:46.931268|io_service-0x00007fe91546f700|[NETWORK][Host]P2P Recv Connect, From=127.0.0.1:49748
info|2025-10-10 18:27:46.931813|io_service-0x00007fe91546f700|[NETWORK][Host]P2P StartAccept,Host=0.0.0.0:30303
info|2025-10-10 18:27:46.947425|io_service-0x00007fe91546f700|[NETWORK][Host]handshakeServer succ,remote endpoint=127.0.0.1:49748
info|2025-10-10 18:27:46.947504|io_service-0x00007fe91546f700|[NETWORK][Host]startPeerSession, Remote=127.0.0.1:49748,local endpoint=127.0.0.1:30303,nodeID=064cb676...
info|2025-10-10 18:27:46.947610|io_service-0x00007fe91546f700|[NETWORK][Host]handshakeClient succ,local endpoint=127.0.0.1:49748
info|2025-10-10 18:27:46.947643|io_service-0x00007fe91546f700|[NETWORK][Host]startPeerSession, Remote=127.0.0.1:30303,local endpoint=127.0.0.1:49748,nodeID=064cb676...
info|2025-10-10 18:27:46.956151|io_service-0x00007fe91546f700|[NETWORK][Host]handshakeServer succ,remote endpoint=127.0.0.1:49746
info|2025-10-10 18:27:46.956261|io_service-0x00007fe91546f700|[NETWORK][Host]startPeerSession, Remote=127.0.0.1:49746,local endpoint=127.0.0.1:30303,nodeID=73994dae...
info|2025-10-10 18:27:46.964912|P2P-0x00007fe916471700|[P2P][Service] Connection established,nodeID=73994dae...,endpoint=127.0.0.1:49746
info|2025-10-10 18:27:46.972470|io_service-0x00007fe91546f700|[NETWORK][Host]handshakeClient succ,local endpoint=127.0.0.1:51352
info|2025-10-10 18:27:46.972627|io_service-0x00007fe91546f700|[NETWORK][Host]startPeerSession, Remote=127.0.0.1:30300,local endpoint=127.0.0.1:51352,nodeID=73994dae...
info|2025-10-10 18:27:46.982378|io_service-0x00007fe91546f700|[NETWORK][Host]handshakeServer succ,remote endpoint=127.0.0.1:49726
info|2025-10-10 18:27:46.982619|io_service-0x00007fe91546f700|[NETWORK][Host]startPeerSession, Remote=127.0.0.1:49726,local endpoint=127.0.0.1:30303,nodeID=87d00b98...
info|2025-10-10 18:27:46.988507|P2P-0x00007fe916471700|[P2P][Service] Connection established,nodeID=87d00b98...,endpoint=127.0.0.1:49726
info|2025-10-10 18:27:46.991338|fisco-bcos-0x00007fe9181e8dc0|[g:1][g:1][STORAGE][CachedStorage]Init flushStorage thread
info|2025-10-10 18:27:46.991470|fisco-bcos-0x00007fe9181e8dc0|[g:1][DBINITIALIZER] [init CachedStorage],maxCapacity=32,maxForwardBlock=10
info|2025-10-10 18:27:46.991481|fisco-bcos-0x00007fe9181e8dc0|[g:1][LEDGER][initLedger][initBlockChain]
info|2025-10-10 18:27:46.991772|fisco-bcos-0x00007fe9181e8dc0|[g:1][LEDGER]set enableHexBlock to be false,version=34275328
info|2025-10-10 18:27:46.991783|fisco-bcos-0x00007fe9181e8dc0|[g:1][BLOCKCHAIN][#checkAndBuildGenesisBlock],shouldBuild=false
info|2025-10-10 18:27:46.992306|fisco-bcos-0x00007fe9181e8dc0|[g:1][BLOCKCHAIN][#checkAndBuildGenesisBlock]Already have the 0th block, 0th groupMark is equal to file groupMark.
info|2025-10-10 18:27:46.992314|fisco-bcos-0x00007fe9181e8dc0|[g:1][LEDGER][initLedger]initBlockChain SUCC
info|2025-10-10 18:27:46.992349|fisco-bcos-0x00007fe9181e8dc0|[g:1][DBINITIALIZER] [createStateFactory],type=storage
info|2025-10-10 18:27:46.992355|fisco-bcos-0x00007fe9181e8dc0|[g:1][DBINITIALIZER] createStorageState SUCC
info|2025-10-10 18:27:46.992358|fisco-bcos-0x00007fe9181e8dc0|[g:1][DBINITIALIZER] [createStateFactory SUCC]
info|2025-10-10 18:27:46.992395|fisco-bcos-0x00007fe9181e8dc0|[g:1][DBINITIALIZER] createExecutiveContext...
info|2025-10-10 18:27:46.992413|fisco-bcos-0x00007fe9181e8dc0|[g:1][LEDGER]createGasMetric,vmFlagType=0
info|2025-10-10 18:27:46.992418|fisco-bcos-0x00007fe9181e8dc0|[g:1][LEDGER]createGasMetric
info|2025-10-10 18:27:46.992438|fisco-bcos-0x00007fe9181e8dc0|[g:1][DBINITIALIZER] create precompiledGasFactory and precompiledResultFactory
info|2025-10-10 18:27:46.992442|fisco-bcos-0x00007fe9181e8dc0|[g:1][DBINITIALIZER] createExecutiveContext SUCC
info|2025-10-10 18:27:46.992447|fisco-bcos-0x00007fe9181e8dc0|[g:1][DBINITIALIZER] [setSyncNumForCachedStorage],syncNum=345
info|2025-10-10 18:27:46.992452|fisco-bcos-0x00007fe9181e8dc0|[g:1][LEDGER][initNetworkBandWidthLimiter: outGoingBandwidthLimit has been disabled],groupId=1
info|2025-10-10 18:27:46.992457|fisco-bcos-0x00007fe9181e8dc0|[g:1][LEDGER][QPSLimit has been disabled],groupId=1
info|2025-10-10 18:27:46.992461|fisco-bcos-0x00007fe9181e8dc0|[g:1][LEDGER][initLedger][initBlockVerifier]
info|2025-10-10 18:27:46.992467|fisco-bcos-0x00007fe9181e8dc0|[g:1][LEDGER][initLedger][initBlockVerifier SUCC],evmFlags=0
info|2025-10-10 18:27:46.992471|fisco-bcos-0x00007fe9181e8dc0|[g:1][LEDGER][initLedger][initTxPool],txPoolLimit=150000
info|2025-10-10 18:27:47.009267|io_service-0x00007fe91546f700|[NETWORK][Host]handshakeServer succ,remote endpoint=127.0.0.1:49732
info|2025-10-10 18:27:47.009348|io_service-0x00007fe91546f700|[NETWORK][Host]startPeerSession, Remote=127.0.0.1:49732,local endpoint=127.0.0.1:30303,nodeID=374bdfe9...
info|2025-10-10 18:27:47.016942|P2P-0x00007fe917473700|[P2P][Service] Connection established,nodeID=374bdfe9...,endpoint=127.0.0.1:49732
info|2025-10-10 18:27:47.049394|io_service-0x00007fe91546f700|[NETWORK][Host]handshakeClient succ,local endpoint=127.0.0.1:52686
info|2025-10-10 18:27:47.049454|io_service-0x00007fe91546f700|[NETWORK][Host]startPeerSession, Remote=127.0.0.1:30302,local endpoint=127.0.0.1:52686,nodeID=87d00b98...
info|2025-10-10 18:27:47.069337|io_service-0x00007fe91546f700|[NETWORK][Host]handshakeClient succ,local endpoint=127.0.0.1:60986
info|2025-10-10 18:27:47.069410|io_service-0x00007fe91546f700|[NETWORK][Host]startPeerSession, Remote=127.0.0.1:30301,local endpoint=127.0.0.1:60986,nodeID=374bdfe9...
info|2025-10-10 18:27:47.213471|fisco-bcos-0x00007fe9181e8dc0|[g:1][LEDGER][initLedger]initTxPool SUCC
info|2025-10-10 18:27:47.213530|fisco-bcos-0x00007fe9181e8dc0|[g:1][LEDGER][initLedger][initSync],idleWaitMs=200,gossipInterval=1000,gossipPeers=3
info|2025-10-10 18:27:47.213541|fisco-bcos-0x00007fe9181e8dc0|[g:1][LEDGER]Init sync master,enableSendBlockStatusByTree=true,enableSendTxsByTree=true
info|2025-10-10 18:27:47.214478|fisco-bcos-0x00007fe9181e8dc0|[g:1][LEDGER][initLedger]initSync SUCC
info|2025-10-10 18:27:47.214494|fisco-bcos-0x00007fe9181e8dc0|[g:1][LEDGER][initLedger][consensusInitFactory]
info|2025-10-10 18:27:47.214499|fisco-bcos-0x00007fe9181e8dc0|[g:1][LEDGER][initLedger][createPBFTSealer]
info|2025-10-10 18:27:47.214502|fisco-bcos-0x00007fe9181e8dc0|[g:1][LEDGER][initLedger][createPBFTSealer],baseDir=data//group1,Protocol=65544
info|2025-10-10 18:27:47.214543|fisco-bcos-0x00007fe9181e8dc0|[g:1][LEDGER][initLedger]createPBFTSealer for PBFT or rPBFT,consensusType=pbft
info|2025-10-10 18:27:47.214549|fisco-bcos-0x00007fe9181e8dc0|[g:1][LEDGER]createConsensusEngine: create PBFTEngine
info|2025-10-10 18:27:47.214571|fisco-bcos-0x00007fe9181e8dc0|[g:1][CONSENSUS][PBFT]Register handler for PBFTEngine
info|2025-10-10 18:27:47.215157|fisco-bcos-0x00007fe9181e8dc0|[g:1][CONSENSUS][PBFT]setMinBlockGenerationTime,minBlockGenerationTime=500,consensusTime=1000
info|2025-10-10 18:27:47.215173|fisco-bcos-0x00007fe9181e8dc0|[g:1][LEDGER][initEventLogFilterManager]initEventLogFilterManager SUCC
info|2025-10-10 18:27:47.215177|fisco-bcos-0x00007fe9181e8dc0|[LedgerInitializer init group succ],groupID=1
info|2025-10-10 18:27:47.215372|fisco-bcos-0x00007fe9181e8dc0|[SafeHttpServer::StartListening]use default epoll
info|2025-10-10 18:27:47.215623|fisco-bcos-0x00007fe9181e8dc0|[INITIALIZER][RPCInitializer JsonrpcHttpServer started],jsonrpc_IP=127.0.0.1,jsonrpc_listen_port=8548,jsonrpc_thread_count=8,ipv6=false,disableDynamicGroup=false,uncheckGroupMember=false
info|2025-10-10 18:27:47.215642|fisco-bcos-0x00007fe9181e8dc0|[g:1][LEDGER]startAll...
info|2025-10-10 18:27:47.217898|fisco-bcos-0x00007fe9181e8dc0|[g:1][GossipBlockStatus]start GossipBlockStatus succ
info|2025-10-10 18:27:47.217960|fisco-bcos-0x00007fe9181e8dc0|[g:1][CONSENSUS][ConsensusEngine][Start ConsensusEngineBase]
info|2025-10-10 18:27:47.218146|fisco-bcos-0x00007fe9181e8dc0|[g:1][CONSENSUS][PBFT]^^^^^^^^Report,num=345,sealerIdx=0,hash=8ccf6227...,next=346,tx=1,nodeIdx=0
info|2025-10-10 18:27:47.218194|fisco-bcos-0x00007fe9181e8dc0|[g:1][ROCKSDB]open rocksDB handler,path=data//group1/pbftMsgBackup/RocksDB
info|2025-10-10 18:27:47.220185|P2P-0x00007fe916c72700|[g:1] [SYNC][id:064cb676...][Download][Request]Receive block request,peer=374bdfe9...,from=192,to=199
info|2025-10-10 18:27:47.220239|P2P-0x00007fe916c72700|[g:1] [SYNC][id:064cb676...][Download][Request]Receive block request,peer=374bdfe9...,from=200,to=207
info|2025-10-10 18:27:47.220250|P2P-0x00007fe916c72700|[g:1] [SYNC][id:064cb676...][Download][Request]Receive block request,peer=374bdfe9...,from=208,to=215
info|2025-10-10 18:27:47.221747|P2P-0x00007fe916471700|[g:1] [SYNC][id:064cb676...][Download][Request]Receive block request,peer=374bdfe9...,from=184,to=191
info|2025-10-10 18:27:47.222150|SyncSend-1-0x00007fe907c54700|[g:1][SYNC][id:064cb676...][Download][Request][BlockSync]Batch blocks for sending,blockSize=1796,number=192,peer=374bdfe9...,timeCost=2
info|2025-10-10 18:27:47.223971|SyncSend-1-0x00007fe907c54700|[g:1][SYNC][id:064cb676...][Download][Request][BlockSync]Batch blocks for sending,blockSize=3726,number=193,peer=374bdfe9...,timeCost=1
info|2025-10-10 18:27:47.225420|SyncSend-1-0x00007fe907c54700|[g:1][SYNC][id:064cb676...][Download][Request][BlockSync]Batch blocks for sending,blockSize=1795,number=194,peer=374bdfe9...,timeCost=2
info|2025-10-10 18:27:47.226029|SyncSend-1-0x00007fe907c54700|[g:1][SYNC][id:064cb676...][Download][Request][BlockSync]Batch blocks for sending,blockSize=3727,number=195,peer=374bdfe9...,timeCost=1
info|2025-10-10 18:27:47.226511|SyncSend-1-0x00007fe907c54700|[g:1][SYNC][id:064cb676...][Download][Request][BlockSync]Batch blocks for sending,blockSize=1796,number=196,peer=374bdfe9...,timeCost=0
info|2025-10-10 18:27:47.259170|fisco-bcos-0x00007fe9181e8dc0|[g:1][CONSENSUS][PBFT][PBFT init env successfully]
info|2025-10-10 18:27:47.259363|fisco-bcos-0x00007fe9181e8dc0|[g:1][CONSENSUS][PBFT][Start PBFTEngine...]
info|2025-10-10 18:27:47.259397|fisco-bcos-0x00007fe9181e8dc0|[g:1][CONSENSUS][SEALER][Start sealer module]
info|2025-10-10 18:27:47.278566|fisco-bcos-0x00007fe9181e8dc0|[g:1][EVENT][EventLogFilterManager]start,m_maxBlockRange=0,m_maxBlockPerLoopFilter=3
info|2025-10-10 18:27:47.304179|alignTime-1-0x00007fe905c50700|[g:1][NodeTimeMaintenance]updateTimeInfo: update median time offset,updatedMedianTimeOffset=-3,peer=87d00b98...,peerTime=1760146067301,peerOffset=-3,utcTime=1760146067304
info|2025-10-10 18:27:47.319252|alignTime-1-0x00007fe905c50700|[g:1][NodeTimeMaintenance]updateTimeInfo: update median time offset,updatedMedianTimeOffset=-2,peer=73994dae...,peerTime=1760146067318,peerOffset=-1,utcTime=1760146067319
info|2025-10-10 18:27:47.423241|SyncSend-1-0x00007fe907c54700|[g:1][SYNC][id:064cb676...][Download][Request][BlockSync]Batch blocks for sending,blockSize=3726,number=197,peer=374bdfe9...,timeCost=197
info|2025-10-10 18:27:47.425024|SyncSend-1-0x00007fe907c54700|[g:1][SYNC][id:064cb676...][Download][Request][BlockSync]Batch blocks for sending,blockSize=1796,number=198,peer=374bdfe9...,timeCost=2
info|2025-10-10 18:27:47.425787|SyncSend-1-0x00007fe907c54700|[g:1][SYNC][id:064cb676...][Download][Request][BlockSync]Batch blocks for sending,blockSize=4182,number=199,peer=374bdfe9...,timeCost=0
info|2025-10-10 18:27:47.442082|SyncSend-1-0x00007fe907c54700|[g:1][SYNC][id:064cb676...][Download][Request][BlockSync]Batch blocks for sending,blockSize=1797,number=200,peer=374bdfe9...,timeCost=17
info|2025-10-10 18:27:47.444863|SyncSend-1-0x00007fe907c54700|[g:1][SYNC][id:064cb676...][Download][Request][BlockSync]Batch blocks for sending,blockSize=3660,number=201,peer=374bdfe9...,timeCost=2
info|2025-10-10 18:27:47.445758|SyncSend-1-0x00007fe907c54700|[g:1][SYNC][id:064cb676...][Download][Request][BlockSync]Batch blocks for sending,blockSize=1980,number=202,peer=374bdfe9...,timeCost=0
info|2025-10-10 18:27:47.450039|SyncSend-1-0x00007fe907c54700|[g:1][SYNC][id:064cb676...][Download][Request][BlockSync]Batch blocks for sending,blockSize=3647,number=203,peer=374bdfe9...,timeCost=5
info|2025-10-10 18:27:47.452292|SyncSend-1-0x00007fe907c54700|[g:1][SYNC][id:064cb676...][Download][Request][BlockSync]Batch blocks for sending,blockSize=3647,number=204,peer=374bdfe9...,timeCost=2
info|2025-10-10 18:27:47.456464|SyncSend-1-0x00007fe907c54700|[g:1][SYNC][id:064cb676...][Download][Request][BlockSync]Batch blocks for sending,blockSize=1980,number=205,peer=374bdfe9...,timeCost=4
info|2025-10-10 18:27:47.456909|SyncSend-1-0x00007fe907c54700|[g:1][SYNC][id:064cb676...][Download][Request][BlockSync]Batch blocks for sending,blockSize=3647,number=206,peer=374bdfe9...,timeCost=0
info|2025-10-10 18:27:47.457632|SyncSend-1-0x00007fe907c54700|[g:1][SYNC][id:064cb676...][Download][Request][BlockSync]Batch blocks for sending,blockSize=3647,number=207,peer=374bdfe9...,timeCost=1
info|2025-10-10 18:27:47.460418|SyncSend-1-0x00007fe907c54700|[g:1][SYNC][id:064cb676...][Download][Request][BlockSync]Batch blocks for sending,blockSize=1981,number=208,peer=374bdfe9...,timeCost=2
info|2025-10-10 18:27:47.462327|SyncSend-1-0x00007fe907c54700|[g:1][SYNC][id:064cb676...][Download][Request][BlockSync]Batch blocks for sending,blockSize=3646,number=209,peer=374bdfe9...,timeCost=2
info|2025-10-10 18:27:47.463626|SyncSend-1-0x00007fe907c54700|[g:1][SYNC][id:064cb676...][Download][Request][BlockSync]Batch blocks for sending,blockSize=3646,number=210,peer=374bdfe9...,timeCost=1
info|2025-10-10 18:27:47.468019|SyncSend-1-0x00007fe907c54700|[g:1][SYNC][id:064cb676...][Download][Request][BlockSync]Batch blocks for sending,blockSize=1981,number=211,peer=374bdfe9...,timeCost=5
info|2025-10-10 18:27:47.469982|SyncSend-1-0x00007fe907c54700|[g:1][SYNC][id:064cb676...][Download][Request][BlockSync]Batch blocks for sending,blockSize=3647,number=212,peer=374bdfe9...,timeCost=1
info|2025-10-10 18:27:47.472786|SyncSend-1-0x00007fe907c54700|[g:1][SYNC][id:064cb676...][Download][Request][BlockSync]Batch blocks for sending,blockSize=3647,number=213,peer=374bdfe9...,timeCost=2
info|2025-10-10 18:27:47.474627|SyncSend-1-0x00007fe907c54700|[g:1][SYNC][id:064cb676...][Download][Request][BlockSync]Batch blocks for sending,blockSize=3647,number=214,peer=374bdfe9...,timeCost=2
info|2025-10-10 18:27:47.478409|SyncSend-1-0x00007fe907c54700|[g:1][SYNC][id:064cb676...][Download][Request][BlockSync]Batch blocks for sending,blockSize=3645,number=215,peer=374bdfe9...,timeCost=4
info|2025-10-10 18:27:47.480506|SyncSend-1-0x00007fe907c54700|[g:1][SYNC][id:064cb676...][Download][Request][BlockSync]Batch blocks for sending,blockSize=24480,number=184,peer=374bdfe9...,timeCost=2
info|2025-10-10 18:27:47.482179|SyncSend-1-0x00007fe907c54700|[g:1][SYNC][id:064cb676...][Download][Request][BlockSync]Batch blocks for sending,blockSize=3195,number=185,peer=374bdfe9...,timeCost=2
info|2025-10-10 18:27:47.483328|SyncSend-1-0x00007fe907c54700|[g:1][SYNC][id:064cb676...][Download][Request][BlockSync]Batch blocks for sending,blockSize=24479,number=186,peer=374bdfe9...,timeCost=1
info|2025-10-10 18:27:47.483676|SyncSend-1-0x00007fe907c54700|[g:1][SYNC][id:064cb676...][Download][Request][BlockSync]Batch blocks for sending,blockSize=3711,number=187,peer=374bdfe9...,timeCost=0
info|2025-10-10 18:27:47.486483|SyncSend-1-0x00007fe907c54700|[g:1][SYNC][id:064cb676...][Download][Request][BlockSync]Batch blocks for sending,blockSize=47009,number=188,peer=374bdfe9...,timeCost=2
info|2025-10-10 18:27:47.486862|SyncSend-1-0x00007fe907c54700|[g:1][SYNC][id:064cb676...][Download][Request][BlockSync]Batch blocks for sending,blockSize=3711,number=189,peer=374bdfe9...,timeCost=0
info|2025-10-10 18:27:47.488012|SyncSend-1-0x00007fe907c54700|[g:1][SYNC][id:064cb676...][Download][Request][BlockSync]Batch blocks for sending,blockSize=47009,number=190,peer=374bdfe9...,timeCost=2
info|2025-10-10 18:27:47.490067|SyncSend-1-0x00007fe907c54700|[g:1][SYNC][id:064cb676...][Download][Request][BlockSync]Batch blocks for sending,blockSize=3727,number=191,peer=374bdfe9...,timeCost=2
info|2025-10-10 18:27:47.504575|SyncSend-1-0x00007fe907c54700|[g:1][g:1] [SYNC][id:374bdfe9...][Download][Request][BlockSync]Send block packet,peer=374bdfe9...,blocks=32,bytes(V)=229811
info|2025-10-10 18:27:48.084822|alignTime-1-0x00007fe905c50700|[g:1][NodeTimeMaintenance]updateTimeInfo: update median time offset,updatedMedianTimeOffset=-1,peer=374bdfe9...,peerTime=1760146068084,peerOffset=0,utcTime=1760146068084
warning|2025-10-10 18:27:50.231744|PBFT-1-0x00007fe8fb43b700|[g:1][CONSENSUS][PBFT]ViewChangeWarning: not caused by omit empty block ,v=0,toV=1,curNum=345,hash=8ccf6227...,nodeIdx=0,myNode=064cb676...
info|2025-10-10 18:27:50.234111|PBFT-1-0x00007fe8fb43b700|[g:1][CONSENSUS][PBFT]checkTimeout Succ,view=0,toView=1,nodeIdx=0,changeCycle=1,myNode=064cb676...,timecost=6
info|2025-10-10 18:27:50.337063|PBFT-1-0x00007fe8fb43b700|[g:1][CONSENSUS][PBFT]checkAndChangeView: Reach consensus,org_view=0,cur_changeCycle=1,curView=0,view=1
info|2025-10-10 18:27:51.343137|PBFT-1-0x00007fe8fb43b700|[g:1][CONSENSUS]addRawPrepare,height=346,reqIdx=2,hash=42113cec...,time=0
info|2025-10-10 18:27:51.350176|PBFT-1-0x00007fe8fb43b700|[g:1][CONSENSUS][PBFT]checkTimeout Succ,view=1,toView=2,nodeIdx=0,changeCycle=1,myNode=064cb676...,timecost=7
info|2025-10-10 18:27:51.368291|PBFT-1-0x00007fe8fb43b700|[g:1][CONSENSUS][PBFT]checkAndChangeView: Reach consensus,org_view=1,cur_changeCycle=1,curView=1,view=2
info|2025-10-10 18:27:52.388717|PBFT-1-0x00007fe8fb43b700|[g:1][CONSENSUS]addRawPrepare,height=346,reqIdx=3,hash=e17a6515...,time=0
info|2025-10-10 18:27:52.398072|PBFT-1-0x00007fe8fb43b700|[g:1][CONSENSUS][PBFT]checkTimeout Succ,view=2,toView=3,nodeIdx=0,changeCycle=1,myNode=064cb676...,timecost=8
info|2025-10-10 18:27:52.401531|PBFT-1-0x00007fe8fb43b700|[g:1][CONSENSUS][PBFT]checkAndChangeView: Reach consensus,org_view=2,cur_changeCycle=1,curView=2,view=3
info|2025-10-10 18:27:53.401383|PBFTSeal-1-0x00007fe8f3c2c700|[g:1][CONSENSUS][SEALER]++++++++++++++++ Generating seal on,blkNum=346,tx=0,nodeIdx=0,hash=f24bb6a7...
info|2025-10-10 18:27:53.409767|PBFT-1-0x00007fe8fb43b700|[g:1][CONSENSUS][PBFT]checkTimeout Succ,view=3,toView=4,nodeIdx=0,changeCycle=1,myNode=064cb676...,timecost=1
info|2025-10-10 18:27:53.412425|PBFT-1-0x00007fe8fb43b700|[g:1][CONSENSUS][PBFT]checkAndChangeView: Reach consensus,org_view=3,cur_changeCycle=1,curView=3,view=4
info|2025-10-10 18:27:56.839960|io_service-0x00007fe91546f700|[P2P][Service] heartBeat,connected count=3
warning|2025-10-10 18:27:57.914411|PBFT-1-0x00007fe8fb43b700|[g:1][CONSENSUS][PBFT]ViewChangeWarning: not caused by omit empty block ,v=4,toV=5,curNum=345,hash=8ccf6227...,nodeIdx=0,myNode=064cb676...
info|2025-10-10 18:27:57.915444|PBFT-1-0x00007fe8fb43b700|[g:1][CONSENSUS][PBFT]checkTimeout Succ,view=4,toView=5,nodeIdx=0,changeCycle=2,myNode=064cb676...,timecost=3
info|2025-10-10 18:27:57.923281|PBFT-1-0x00007fe8fb43b700|[g:1][CONSENSUS][PBFT]checkAndChangeView: Reach consensus,org_view=4,cur_changeCycle=2,curView=4,view=5
info|2025-10-10 18:27:58.929772|PBFT-1-0x00007fe8fb43b700|[g:1][CONSENSUS]addRawPrepare,height=346,reqIdx=2,hash=6242e6af...,time=0
info|2025-10-10 18:27:58.931455|PBFT-1-0x00007fe8fb43b700|[g:1][CONSENSUS][PBFT]checkTimeout Succ,view=5,toView=6,nodeIdx=0,changeCycle=1,myNode=064cb676...,timecost=2
info|2025-10-10 18:27:58.935532|PBFT-1-0x00007fe8fb43b700|[g:1][CONSENSUS][PBFT]checkAndChangeView: Reach consensus,org_view=5,cur_changeCycle=1,curView=5,view=6
info|2025-10-10 18:27:59.950115|PBFT-1-0x00007fe8fb43b700|[g:1][CONSENSUS]addRawPrepare,height=346,reqIdx=3,hash=7b7f9425...,time=0
info|2025-10-10 18:27:59.951930|PBFT-1-0x00007fe8fb43b700|[g:1][CONSENSUS][PBFT]checkTimeout Succ,view=6,toView=7,nodeIdx=0,changeCycle=1,myNode=064cb676...,timecost=1
info|2025-10-10 18:27:59.955989|PBFT-1-0x00007fe8fb43b700|[g:1][CONSENSUS][PBFT]checkAndChangeView: Reach consensus,org_view=6,cur_changeCycle=1,curView=6,view=7
info|2025-10-10 18:28:00.955926|PBFTSeal-1-0x00007fe8f3c2c700|[g:1][CONSENSUS][SEALER]++++++++++++++++ Generating seal on,blkNum=346,tx=0,nodeIdx=0,hash=16795b3b...
info|2025-10-10 18:28:00.965989|PBFT-1-0x00007fe8fb43b700|[g:1][CONSENSUS][PBFT]checkTimeout Succ,view=7,toView=8,nodeIdx=0,changeCycle=1,myNode=064cb676...,timecost=2
info|2025-10-10 18:28:00.970319|PBFT-1-0x00007fe8fb43b700|[g:1][CONSENSUS][PBFT]checkAndChangeView: Reach consensus,org_view=7,cur_changeCycle=1,curView=7,view=8
warning|2025-10-10 18:28:05.478430|PBFT-1-0x00007fe8fb43b700|[g:1][CONSENSUS][PBFT]ViewChangeWarning: not caused by omit empty block ,v=8,toV=9,curNum=345,hash=8ccf6227...,nodeIdx=0,myNode=064cb676...
info|2025-10-10 18:28:05.478625|PBFT-1-0x00007fe8fb43b700|[g:1][CONSENSUS][PBFT]checkTimeout Succ,view=8,toView=9,nodeIdx=0,changeCycle=2,myNode=064cb676...,timecost=1
info|2025-10-10 18:28:05.493696|PBFT-1-0x00007fe8fb43b700|[g:1][CONSENSUS][PBFT]checkAndChangeView: Reach consensus,org_view=8,cur_changeCycle=2,curView=8,view=9
info|2025-10-10 18:28:06.496360|PBFT-1-0x00007fe8fb43b700|[g:1][CONSENSUS]addRawPrepare,height=346,reqIdx=2,hash=70b3bf9e...,time=0
info|2025-10-10 18:28:06.498206|PBFT-1-0x00007fe8fb43b700|[g:1][CONSENSUS][PBFT]checkTimeout Succ,view=9,toView=10,nodeIdx=0,changeCycle=1,myNode=064cb676...,timecost=2
info|2025-10-10 18:28:06.503811|PBFT-1-0x00007fe8fb43b700|[g:1][CONSENSUS][PBFT]checkAndChangeView: Reach consensus,org_view=9,cur_changeCycle=1,curView=9,view=10
info|2025-10-10 18:28:06.840690|io_service-0x00007fe91546f700|[P2P][Service] heartBeat,connected count=3
info|2025-10-10 18:28:07.009188|P2P-0x00007fe917473700|[NETWORK][Session]Received topic: [2	_block_notify_1] from 73994dae9e8b8da733108a4153dfe79151d701dff425f84c87b5324e8ebd02ab6a0ebc9e4f1e0298a7ddca50f94a8f95c62b6997226d571e470e8f2b0600634a
info|2025-10-10 18:28:07.509577|PBFT-1-0x00007fe8fb43b700|[g:1][CONSENSUS]addRawPrepare,height=346,reqIdx=3,hash=7d82610e...,time=0
info|2025-10-10 18:28:07.511415|PBFT-1-0x00007fe8fb43b700|[g:1][CONSENSUS][PBFT]checkTimeout Succ,view=10,toView=11,nodeIdx=0,changeCycle=1,myNode=064cb676...,timecost=2
info|2025-10-10 18:28:07.519041|PBFT-1-0x00007fe8fb43b700|[g:1][CONSENSUS][PBFT]checkAndChangeView: Reach consensus,org_view=10,cur_changeCycle=1,curView=10,view=11
info|2025-10-10 18:28:08.519083|PBFTSeal-1-0x00007fe8f3c2c700|[g:1][CONSENSUS][SEALER]++++++++++++++++ Generating seal on,blkNum=346,tx=0,nodeIdx=0,hash=ae181575...
info|2025-10-10 18:28:08.527915|PBFT-1-0x00007fe8fb43b700|[g:1][CONSENSUS][PBFT]checkTimeout Succ,view=11,toView=12,nodeIdx=0,changeCycle=1,myNode=064cb676...,timecost=6
info|2025-10-10 18:28:08.530872|PBFT-1-0x00007fe8fb43b700|[g:1][CONSENSUS][PBFT]checkAndChangeView: Reach consensus,org_view=11,cur_changeCycle=1,curView=11,view=12
warning|2025-10-10 18:28:13.036095|PBFT-1-0x00007fe8fb43b700|[g:1][CONSENSUS][PBFT]ViewChangeWarning: not caused by omit empty block ,v=12,toV=13,curNum=345,hash=8ccf6227...,nodeIdx=0,myNode=064cb676...
info|2025-10-10 18:28:13.036288|PBFT-1-0x00007fe8fb43b700|[g:1][CONSENSUS][PBFT]checkTimeout Succ,view=12,toView=13,nodeIdx=0,changeCycle=2,myNode=064cb676...,timecost=2
info|2025-10-10 18:28:13.047648|PBFT-1-0x00007fe8fb43b700|[g:1][CONSENSUS][PBFT]checkAndChangeView: Reach consensus,org_view=12,cur_changeCycle=2,curView=12,view=13
info|2025-10-10 18:28:14.049080|PBFT-1-0x00007fe8fb43b700|[g:1][CONSENSUS]addRawPrepare,height=346,reqIdx=2,hash=b77fba0b...,time=0
info|2025-10-10 18:28:14.050521|PBFT-1-0x00007fe8fb43b700|[g:1][CONSENSUS][PBFT]checkTimeout Succ,view=13,toView=14,nodeIdx=0,changeCycle=1,myNode=064cb676...,timecost=1
info|2025-10-10 18:28:14.058778|PBFT-1-0x00007fe8fb43b700|[g:1][CONSENSUS][PBFT]checkAndChangeView: Reach consensus,org_view=13,cur_changeCycle=1,curView=13,view=14
info|2025-10-10 18:28:15.067537|PBFT-1-0x00007fe8fb43b700|[g:1][CONSENSUS]addRawPrepare,height=346,reqIdx=3,hash=6c049cb8...,time=0
info|2025-10-10 18:28:15.074483|PBFT-1-0x00007fe8fb43b700|[g:1][CONSENSUS][PBFT]checkTimeout Succ,view=14,toView=15,nodeIdx=0,changeCycle=1,myNode=064cb676...,timecost=6
info|2025-10-10 18:28:15.084752|PBFT-1-0x00007fe8fb43b700|[g:1][CONSENSUS][PBFT]checkAndChangeView: Reach consensus,org_view=14,cur_changeCycle=1,curView=14,view=15
info|2025-10-10 18:28:16.086448|PBFTSeal-1-0x00007fe8f3c2c700|[g:1][CONSENSUS][SEALER]++++++++++++++++ Generating seal on,blkNum=346,tx=0,nodeIdx=0,hash=0f29e851...
info|2025-10-10 18:28:16.091033|PBFT-1-0x00007fe8fb43b700|[g:1][CONSENSUS][PBFT]checkTimeout Succ,view=15,toView=16,nodeIdx=0,changeCycle=1,myNode=064cb676...,timecost=3
info|2025-10-10 18:28:16.101031|PBFT-1-0x00007fe8fb43b700|[g:1][CONSENSUS][PBFT]checkAndChangeView: Reach consensus,org_view=15,cur_changeCycle=1,curView=15,view=16
info|2025-10-10 18:28:16.841171|io_service-0x00007fe91546f700|[P2P][Service] heartBeat,connected count=3
warning|2025-10-10 18:28:20.602103|PBFT-1-0x00007fe8fb43b700|[g:1][CONSENSUS][PBFT]ViewChangeWarning: not caused by omit empty block ,v=16,toV=17,curNum=345,hash=8ccf6227...,nodeIdx=0,myNode=064cb676...
info|2025-10-10 18:28:20.602285|PBFT-1-0x00007fe8fb43b700|[g:1][CONSENSUS][PBFT]checkTimeout Succ,view=16,toView=17,nodeIdx=0,changeCycle=2,myNode=064cb676...,timecost=2
info|2025-10-10 18:28:20.610306|PBFT-1-0x00007fe8fb43b700|[g:1][CONSENSUS][PBFT]checkAndChangeView: Reach consensus,org_view=16,cur_changeCycle=2,curView=16,view=17
info|2025-10-10 18:28:21.613967|PBFT-1-0x00007fe8fb43b700|[g:1][CONSENSUS]addRawPrepare,height=346,reqIdx=2,hash=1115da8b...,time=0
info|2025-10-10 18:28:21.616094|PBFT-1-0x00007fe8fb43b700|[g:1][CONSENSUS][PBFT]checkTimeout Succ,view=17,toView=18,nodeIdx=0,changeCycle=1,myNode=064cb676...,timecost=2
info|2025-10-10 18:28:21.621806|PBFT-1-0x00007fe8fb43b700|[g:1][CONSENSUS][PBFT]checkAndChangeView: Reach consensus,org_view=17,cur_changeCycle=1,curView=17,view=18
info|2025-10-10 18:28:22.625885|PBFT-1-0x00007fe8fb43b700|[g:1][CONSENSUS]addRawPrepare,height=346,reqIdx=3,hash=34cf8c05...,time=0
info|2025-10-10 18:28:22.627937|PBFT-1-0x00007fe8fb43b700|[g:1][CONSENSUS][PBFT]checkTimeout Succ,view=18,toView=19,nodeIdx=0,changeCycle=1,myNode=064cb676...,timecost=1
info|2025-10-10 18:28:22.636691|PBFT-1-0x00007fe8fb43b700|[g:1][CONSENSUS][PBFT]checkAndChangeView: Reach consensus,org_view=18,cur_changeCycle=1,curView=18,view=19
info|2025-10-10 18:28:23.636980|PBFTSeal-1-0x00007fe8f3c2c700|[g:1][CONSENSUS][SEALER]++++++++++++++++ Generating seal on,blkNum=346,tx=0,nodeIdx=0,hash=feeb7846...
info|2025-10-10 18:28:23.640359|PBFT-1-0x00007fe8fb43b700|[g:1][CONSENSUS][PBFT]checkTimeout Succ,view=19,toView=20,nodeIdx=0,changeCycle=1,myNode=064cb676...,timecost=2
info|2025-10-10 18:28:23.650545|PBFT-1-0x00007fe8fb43b700|[g:1][CONSENSUS][PBFT]checkAndChangeView: Reach consensus,org_view=19,cur_changeCycle=1,curView=19,view=20
info|2025-10-10 18:28:26.841620|io_service-0x00007fe91546f700|[P2P][Service] heartBeat,connected count=3
warning|2025-10-10 18:28:28.154115|PBFT-1-0x00007fe8fb43b700|[g:1][CONSENSUS][PBFT]ViewChangeWarning: not caused by omit empty block ,v=20,toV=21,curNum=345,hash=8ccf6227...,nodeIdx=0,myNode=064cb676...
info|2025-10-10 18:28:28.155149|PBFT-1-0x00007fe8fb43b700|[g:1][CONSENSUS][PBFT]checkTimeout Succ,view=20,toView=21,nodeIdx=0,changeCycle=2,myNode=064cb676...,timecost=4
info|2025-10-10 18:28:28.163486|PBFT-1-0x00007fe8fb43b700|[g:1][CONSENSUS][PBFT]checkAndChangeView: Reach consensus,org_view=20,cur_changeCycle=2,curView=20,view=21
info|2025-10-10 18:28:28.666511|PBFTWork-1-0x00007fe901c48700|[g:1][CONSENSUS][PartiallyPBFTReqCache]addPartiallyRawPrepare,height=346,reqIdx=2,hash=460593bf...
info|2025-10-10 18:28:28.666832|PBFTWork-1-0x00007fe901c48700|[g:1][BLOCKVERIFIER][executeBlock]Executing block,txNum=1,num=346,parentHash=8ccf6227778b99d19f0ff36ebdb697c4b398e998486304feb5e4f4bbae6eae1f,parentNum=345,parentStateRoot=0000000000000000000000000000000000000000000000000000000000000000
info|2025-10-10 18:28:28.667150|PBFTWork-1-0x00007fe901c48700|[g:1][PRECOMPILED]init GasChargeManagePrecompiled
info|2025-10-10 18:28:28.667735|SyncMsgE-1-0x00007fe8f4c2e700|[STORAGE][MemoryTableFactory2]createTable,table name=c_3a573621675cb601dd3a78ecf99d625480b137b7,keyField=key,valueField=value
info|2025-10-10 18:28:28.672514|PBFTWork-1-0x00007fe901c48700|[g:1][CONSENSUS][PBFT]execBlock,blkNum=346,reqIdx=2,hash=38c2f0f5...,nodeIdx=0,myNode=064cb676...,decodeCost=0,checkCost=0,notifyCost=0,noteSealingCost=0,currentCycle=2,verifyAndSetSenderCost=0,execCost=6,execPerTx=6,totalCost=6
info|2025-10-10 18:28:28.675465|PBFTWork-1-0x00007fe901c48700|[g:1][CONSENSUS][PBFT]handlePrepareMsg Succ,timecost=3,INFO=handlePartiallyPrepare,reqIdx=2,view=21,reqNum=346,curNum=345,consNum=346,hash=460593bf...,nodeIdx=0,myNode=064cb676...,curChangeCycle=2
info|2025-10-10 18:28:28.676734|PBFT-1-0x00007fe8fb43b700|[g:1][CONSENSUS][PBFT]handleSignMsg Succ,Timecost=1,INFO=handleSignMsg,num=346,curNum=345,GenIdx=2,Sview=21,view=21,fromIdx=2,fromNode=73994dae...,fromIp=127.0.0.1:49746,hash=38c2f0f5...,nodeIdx=0,myNode=064cb676...
info|2025-10-10 18:28:28.682901|PBFT-1-0x00007fe8fb43b700|[g:1][CONSENSUS][PBFT]checkAndCommit: backup/updateCommittedPrepare,reqNum=346,hash=460593bf...,nodeIdx=0,myNode=064cb676...
info|2025-10-10 18:28:28.686863|PBFT-1-0x00007fe8fb43b700|[g:1][CONSENSUS][PBFT]handleSignMsg Succ,Timecost=5,INFO=handleSignMsg,num=346,curNum=345,GenIdx=3,Sview=21,view=21,fromIdx=3,fromNode=87d00b98...,fromIp=127.0.0.1:49726,hash=38c2f0f5...,nodeIdx=0,myNode=064cb676...
info|2025-10-10 18:28:28.706115|PBFT-1-0x00007fe8fb43b700|[g:1][CONSENSUS][PBFT]handleCommitMsg Succ,INFO=handleCommitMsg,reqNum=346,curNum=345,GenIdx=3,Cview=21,view=21,fromIdx=3,fromNode=87d00b98...,fromIp=127.0.0.1:49726,hash=38c2f0f5...,nodeIdx=0,myNode=064cb676...,Timecost=17
info|2025-10-10 18:28:28.709062|PBFT-1-0x00007fe8fb43b700|[g:1][CONSENSUS][PBFT]checkAndSave: CommitReq enough,prepareHeight=346,commitSize=3,hash=38c2f0f5...,nodeIdx=0,myNode=064cb676...
info|2025-10-10 18:28:28.710521|PBFT-1-0x00007fe8fb43b700|[g:1][g:1][STORAGE][CachedStorage]commit: 9 num: 346
info|2025-10-10 18:28:28.716124|PBFT-1-0x00007fe8fb43b700|[g:1][g:1][STORAGE][CachedStorage]Submited block task: 346, current syncd block: 345
info|2025-10-10 18:28:28.716331|taskPool-1-0x00007fe90444d700|[g:1][g:1][STORAGE][CachedStorage]Start commit block: 346 to backend storage
info|2025-10-10 18:28:28.723803|PBFT-1-0x00007fe8fb43b700|[g:1]Push block notify: 1-346
info|2025-10-10 18:28:28.728738|PBFT-1-0x00007fe8fb43b700|[g:1][CONSENSUS][PBFT]CommitBlock Succ,prepareHeight=346,reqIdx=2,hash=38c2f0f5...,nodeIdx=0,myNode=064cb676...,genSigTimeCost=0,commitBlockTimeCost=14,dropTxsTimeCost=5,noteSealingTimeCost=0,totalTimeCost=19
info|2025-10-10 18:28:28.728817|PBFT-1-0x00007fe8fb43b700|[g:1][CONSENSUS][PBFT]handleCommitMsg Succ,INFO=handleCommitMsg,reqNum=346,curNum=345,GenIdx=2,Cview=21,view=21,fromIdx=2,fromNode=73994dae...,fromIp=127.0.0.1:49746,hash=38c2f0f5...,nodeIdx=0,myNode=064cb676...,Timecost=21
info|2025-10-10 18:28:28.731193|PBFTSeal-1-0x00007fe8f3c2c700|[g:1][CONSENSUS][SEALER]increase maxNoTimeoutTx,maxNoTimeoutTx=1
info|2025-10-10 18:28:28.731216|PBFTSeal-1-0x00007fe8f3c2c700|[g:1][CONSENSUS][PBFT]^^^^^^^^Report,num=346,sealerIdx=2,hash=38c2f0f5...,next=347,tx=1,nodeIdx=0
info|2025-10-10 18:28:29.281510|taskPool-1-0x00007fe90444d700|[g:1][g:1][STORAGE][CachedStorage]
---------------------------------------------------------------------
Commit block: 346 to backend storage finished, current cached block: 346
Flush elapsed time: 0.5652s
---------------------------------------------------------------------
info|2025-10-10 18:28:29.711552|PBFT-1-0x00007fe8fb43b700|[g:1][CONSENSUS]addRawPrepare,height=347,reqIdx=2,hash=2c638be5...,time=0
info|2025-10-10 18:28:29.714831|PBFT-1-0x00007fe8fb43b700|[g:1][CONSENSUS][PBFT]checkTimeout Succ,view=0,toView=1,nodeIdx=0,changeCycle=1,myNode=064cb676...,timecost=3
info|2025-10-10 18:28:29.724652|PBFT-1-0x00007fe8fb43b700|[g:1][CONSENSUS][PBFT]checkAndChangeView: Reach consensus,org_view=0,cur_changeCycle=1,curView=0,view=1
info|2025-10-10 18:28:30.732227|PBFT-1-0x00007fe8fb43b700|[g:1][CONSENSUS]addRawPrepare,height=347,reqIdx=3,hash=62bddf83...,time=0
info|2025-10-10 18:28:30.733284|PBFT-1-0x00007fe8fb43b700|[g:1][CONSENSUS][PBFT]checkTimeout Succ,view=1,toView=2,nodeIdx=0,changeCycle=1,myNode=064cb676...,timecost=1
info|2025-10-10 18:28:30.781114|PBFT-1-0x00007fe8fb43b700|[g:1][CONSENSUS][PBFT]checkAndChangeView: Reach consensus,org_view=1,cur_changeCycle=1,curView=1,view=2
info|2025-10-10 18:28:31.782618|PBFTSeal-1-0x00007fe8f3c2c700|[g:1][CONSENSUS][SEALER]++++++++++++++++ Generating seal on,blkNum=347,tx=0,nodeIdx=0,hash=58bd58db...
info|2025-10-10 18:28:31.791509|PBFT-1-0x00007fe8fb43b700|[g:1][CONSENSUS][PBFT]checkTimeout Succ,view=2,toView=3,nodeIdx=0,changeCycle=1,myNode=064cb676...,timecost=1
info|2025-10-10 18:28:31.798766|PBFT-1-0x00007fe8fb43b700|[g:1][CONSENSUS][PBFT]checkAndChangeView: Reach consensus,org_view=2,cur_changeCycle=1,curView=2,view=3
warning|2025-10-10 18:28:36.309778|PBFT-1-0x00007fe8fb43b700|[g:1][CONSENSUS][PBFT]ViewChangeWarning: not caused by omit empty block ,v=3,toV=4,curNum=346,hash=38c2f0f5...,nodeIdx=0,myNode=064cb676...
info|2025-10-10 18:28:36.309983|PBFT-1-0x00007fe8fb43b700|[g:1][CONSENSUS][PBFT]checkTimeout Succ,view=3,toView=4,nodeIdx=0,changeCycle=2,myNode=064cb676...,timecost=2
info|2025-10-10 18:28:36.315263|PBFT-1-0x00007fe8fb43b700|[g:1][CONSENSUS][PBFT]checkAndChangeView: Reach consensus,org_view=3,cur_changeCycle=2,curView=3,view=4
info|2025-10-10 18:28:36.842250|io_service-0x00007fe91546f700|[P2P][Service] heartBeat,connected count=3
info|2025-10-10 18:28:37.319996|PBFT-1-0x00007fe8fb43b700|[g:1][CONSENSUS]addRawPrepare,height=347,reqIdx=2,hash=80f8b5e0...,time=1
info|2025-10-10 18:28:37.321612|PBFT-1-0x00007fe8fb43b700|[g:1][CONSENSUS][PBFT]checkTimeout Succ,view=4,toView=5,nodeIdx=0,changeCycle=1,myNode=064cb676...,timecost=1
info|2025-10-10 18:28:37.329143|PBFT-1-0x00007fe8fb43b700|[g:1][CONSENSUS][PBFT]checkAndChangeView: Reach consensus,org_view=4,cur_changeCycle=1,curView=4,view=5
info|2025-10-10 18:28:38.330842|PBFT-1-0x00007fe8fb43b700|[g:1][CONSENSUS]addRawPrepare,height=347,reqIdx=3,hash=9c459bec...,time=0
info|2025-10-10 18:28:38.332417|PBFT-1-0x00007fe8fb43b700|[g:1][CONSENSUS][PBFT]checkTimeout Succ,view=5,toView=6,nodeIdx=0,changeCycle=1,myNode=064cb676...,timecost=2
info|2025-10-10 18:28:38.339383|PBFT-1-0x00007fe8fb43b700|[g:1][CONSENSUS][PBFT]checkAndChangeView: Reach consensus,org_view=5,cur_changeCycle=1,curView=5,view=6
info|2025-10-10 18:28:39.339379|PBFTSeal-1-0x00007fe8f3c2c700|[g:1][CONSENSUS][SEALER]++++++++++++++++ Generating seal on,blkNum=347,tx=0,nodeIdx=0,hash=2b7f4dbe...
info|2025-10-10 18:28:39.346239|PBFT-1-0x00007fe8fb43b700|[g:1][CONSENSUS][PBFT]checkTimeout Succ,view=6,toView=7,nodeIdx=0,changeCycle=1,myNode=064cb676...,timecost=2
info|2025-10-10 18:28:39.349388|PBFT-1-0x00007fe8fb43b700|[g:1][CONSENSUS][PBFT]checkAndChangeView: Reach consensus,org_view=6,cur_changeCycle=1,curView=6,view=7
warning|2025-10-10 18:28:43.850612|PBFT-1-0x00007fe8fb43b700|[g:1][CONSENSUS][PBFT]ViewChangeWarning: not caused by omit empty block ,v=7,toV=8,curNum=346,hash=38c2f0f5...,nodeIdx=0,myNode=064cb676...
info|2025-10-10 18:28:43.850853|PBFT-1-0x00007fe8fb43b700|[g:1][CONSENSUS][PBFT]checkTimeout Succ,view=7,toView=8,nodeIdx=0,changeCycle=2,myNode=064cb676...,timecost=1
info|2025-10-10 18:28:43.860525|PBFT-1-0x00007fe8fb43b700|[g:1][CONSENSUS][PBFT]checkAndChangeView: Reach consensus,org_view=7,cur_changeCycle=2,curView=7,view=8
info|2025-10-10 18:28:44.366433|PBFTWork-1-0x00007fe901c48700|[g:1][CONSENSUS][PartiallyPBFTReqCache]addPartiallyRawPrepare,height=347,reqIdx=2,hash=918d153a...
info|2025-10-10 18:28:44.366663|PBFTWork-1-0x00007fe901c48700|[g:1][BLOCKVERIFIER][executeBlock]Executing block,txNum=1,num=347,parentHash=38c2f0f541e0af40eaf2e94eea05212af7fc3069870e6aeedd840b5372e075b6,parentNum=346,parentStateRoot=2b17a305907e8b38bbf9f3209737bc6ff5ca525221995cec576c7407dbef5850
info|2025-10-10 18:28:44.366787|PBFTWork-1-0x00007fe901c48700|[g:1][PRECOMPILED]init GasChargeManagePrecompiled
info|2025-10-10 18:28:44.371724|PBFTWork-1-0x00007fe901c48700|[g:1][PRECOMPILED][TimerPrecompiled]getCurrentTimeMillis,timeMillis=1760146124371
info|2025-10-10 18:28:44.373236|PBFTWork-1-0x00007fe901c48700|[g:1][PRECOMPILED][TimerPrecompiled]getCurrentTimeMillis,timeMillis=1760146124373
info|2025-10-10 18:28:44.382122|PBFTWork-1-0x00007fe901c48700|[g:1][CONSENSUS][PBFT]execBlock,blkNum=347,reqIdx=2,hash=ada3807b...,nodeIdx=0,myNode=064cb676...,decodeCost=0,checkCost=0,notifyCost=0,noteSealingCost=0,currentCycle=2,verifyAndSetSenderCost=0,execCost=16,execPerTx=16,totalCost=16
info|2025-10-10 18:28:44.385906|PBFTWork-1-0x00007fe901c48700|[g:1][CONSENSUS][PBFT]handlePrepareMsg Succ,timecost=3,INFO=handlePartiallyPrepare,reqIdx=2,view=8,reqNum=347,curNum=346,consNum=347,hash=918d153a...,nodeIdx=0,myNode=064cb676...,curChangeCycle=2
info|2025-10-10 18:28:44.386192|PBFT-1-0x00007fe8fb43b700|[g:1][CONSENSUS][PBFT]checkReq: Recv future request,prepHash=ada3807b...,INFO=handleSignMsg,num=347,curNum=346,GenIdx=2,Sview=8,view=8,fromIdx=2,fromNode=73994dae...,fromIp=127.0.0.1:49746,hash=72b7d14b...,nodeIdx=0,myNode=064cb676...
info|2025-10-10 18:28:44.386229|PBFT-1-0x00007fe8fb43b700|[g:1][CONSENSUS][PBFT]FutureBlock,INFO=handleSignMsg,num=347,curNum=346,GenIdx=2,Sview=8,view=8,fromIdx=2,fromNode=73994dae...,fromIp=127.0.0.1:49746,hash=72b7d14b...,nodeIdx=0,myNode=064cb676...
info|2025-10-10 18:28:44.387643|PBFT-1-0x00007fe8fb43b700|[g:1][CONSENSUS][PBFT]handleSignMsg Succ,Timecost=1,INFO=handleSignMsg,num=347,curNum=346,GenIdx=3,Sview=8,view=8,fromIdx=3,fromNode=87d00b98...,fromIp=127.0.0.1:49726,hash=ada3807b...,nodeIdx=0,myNode=064cb676...
info|2025-10-10 18:28:46.842874|io_service-0x00007fe91546f700|[P2P][Service] heartBeat,connected count=3
info|2025-10-10 18:28:48.381261|P2P-0x00007fe916c72700|[g:1] [SYNC][id:064cb676...][Download][Request]Receive block request,peer=374bdfe9...,from=184,to=184
info|2025-10-10 18:28:48.381701|SyncSend-1-0x00007fe907c54700|[g:1][SYNC][id:064cb676...][Download][Request][BlockSync]Batch blocks for sending,blockSize=24480,number=184,peer=374bdfe9...,timeCost=0
info|2025-10-10 18:28:48.381855|SyncSend-1-0x00007fe907c54700|[g:1][g:1] [SYNC][id:374bdfe9...][Download][Request][BlockSync]Send block packet,peer=374bdfe9...,blocks=1,bytes(V)=24487
info|2025-10-10 18:28:51.135648|PBFT-1-0x00007fe8fb43b700|[g:1][CONSENSUS][SEALER]decrease maxBlockCanSeal to half for PBFT timeout,org_maxBlockCanSeal=1000,halfed_maxBlockCanSeal=500,timeoutCount=1,lastTimeoutTx=1
warning|2025-10-10 18:28:51.136868|PBFT-1-0x00007fe8fb43b700|[g:1][CONSENSUS][PBFT]ViewChangeWarning: not caused by omit empty block ,v=8,toV=9,curNum=346,hash=38c2f0f5...,nodeIdx=0,myNode=064cb676...
info|2025-10-10 18:28:51.136980|PBFT-1-0x00007fe8fb43b700|[g:1][CONSENSUS][PBFT]checkTimeout Succ,view=8,toView=9,nodeIdx=0,changeCycle=3,myNode=064cb676...,timecost=1
info|2025-10-10 18:28:51.140034|PBFT-1-0x00007fe8fb43b700|[g:1][CONSENSUS][PBFT]checkAndChangeView: Reach consensus,org_view=8,cur_changeCycle=3,curView=8,view=9
info|2025-10-10 18:28:51.645956|PBFTWork-1-0x00007fe901c48700|[g:1][CONSENSUS][PartiallyPBFTReqCache]addPartiallyRawPrepare,height=347,reqIdx=3,hash=8f3ec7ef...
info|2025-10-10 18:28:51.646141|PBFTWork-1-0x00007fe901c48700|[g:1][BLOCKVERIFIER][executeBlock]Executing block,txNum=1,num=347,parentHash=38c2f0f541e0af40eaf2e94eea05212af7fc3069870e6aeedd840b5372e075b6,parentNum=346,parentStateRoot=2b17a305907e8b38bbf9f3209737bc6ff5ca525221995cec576c7407dbef5850
info|2025-10-10 18:28:51.646251|PBFTWork-1-0x00007fe901c48700|[g:1][PRECOMPILED]init GasChargeManagePrecompiled
info|2025-10-10 18:28:51.654546|PBFTWork-1-0x00007fe901c48700|[g:1][PRECOMPILED][TimerPrecompiled]getCurrentTimeMillis,timeMillis=1760146131654
info|2025-10-10 18:28:51.655942|PBFTWork-1-0x00007fe901c48700|[g:1][PRECOMPILED][TimerPrecompiled]getCurrentTimeMillis,timeMillis=1760146131655
info|2025-10-10 18:28:51.656958|PBFTWork-1-0x00007fe901c48700|[g:1][CONSENSUS][PBFT]execBlock,blkNum=347,reqIdx=3,hash=b2df85fe...,nodeIdx=0,myNode=064cb676...,decodeCost=0,checkCost=0,notifyCost=0,noteSealingCost=0,currentCycle=3,verifyAndSetSenderCost=0,execCost=10,execPerTx=10,totalCost=10
info|2025-10-10 18:28:51.659133|PBFTWork-1-0x00007fe901c48700|[g:1][CONSENSUS][PBFT]handlePrepareMsg Succ,timecost=2,INFO=handlePartiallyPrepare,reqIdx=3,view=9,reqNum=347,curNum=346,consNum=347,hash=8f3ec7ef...,nodeIdx=0,myNode=064cb676...,curChangeCycle=3
info|2025-10-10 18:28:51.659198|PBFT-1-0x00007fe8fb43b700|[g:1][CONSENSUS][PBFT]checkReq: Recv future request,prepHash=b2df85fe...,INFO=handleSignMsg,num=347,curNum=346,GenIdx=3,Sview=9,view=9,fromIdx=3,fromNode=87d00b98...,fromIp=127.0.0.1:49726,hash=dcc40298...,nodeIdx=0,myNode=064cb676...
info|2025-10-10 18:28:51.659230|PBFT-1-0x00007fe8fb43b700|[g:1][CONSENSUS][PBFT]FutureBlock,INFO=handleSignMsg,num=347,curNum=346,GenIdx=3,Sview=9,view=9,fromIdx=3,fromNode=87d00b98...,fromIp=127.0.0.1:49726,hash=dcc40298...,nodeIdx=0,myNode=064cb676...
info|2025-10-10 18:28:51.661888|PBFT-1-0x00007fe8fb43b700|[g:1][CONSENSUS][PBFT]handleSignMsg Succ,Timecost=1,INFO=handleSignMsg,num=347,curNum=346,GenIdx=2,Sview=9,view=9,fromIdx=2,fromNode=73994dae...,fromIp=127.0.0.1:49746,hash=b2df85fe...,nodeIdx=0,myNode=064cb676...
info|2025-10-10 18:28:56.843477|io_service-0x00007fe91546f700|[P2P][Service] heartBeat,connected count=3
info|2025-10-10 18:29:01.785994|PBFT-1-0x00007fe8fb43b700|[g:1][CONSENSUS][SEALER]decrease maxBlockCanSeal to half for PBFT timeout,org_maxBlockCanSeal=500,halfed_maxBlockCanSeal=250,timeoutCount=2,lastTimeoutTx=1
warning|2025-10-10 18:29:01.787610|PBFT-1-0x00007fe8fb43b700|[g:1][CONSENSUS][PBFT]ViewChangeWarning: not caused by omit empty block ,v=9,toV=10,curNum=346,hash=38c2f0f5...,nodeIdx=0,myNode=064cb676...
info|2025-10-10 18:29:01.793688|PBFT-1-0x00007fe8fb43b700|[g:1][CONSENSUS][PBFT]checkTimeout Succ,view=9,toView=10,nodeIdx=0,changeCycle=4,myNode=064cb676...,timecost=7
info|2025-10-10 18:29:01.797062|PBFT-1-0x00007fe8fb43b700|[g:1][CONSENSUS][PBFT]checkAndChangeView: Reach consensus,org_view=9,cur_changeCycle=4,curView=9,view=10
info|2025-10-10 18:29:02.297786|PBFTSeal-1-0x00007fe8f3c2c700|[g:1][CONSENSUS][SEALER]++++++++++++++++ Generating seal on,blkNum=347,tx=1,nodeIdx=0,hash=0db379b0...
info|2025-10-10 18:29:02.300531|sealerWorker-0x00007fe90344b700|[CONSENSUS]addRawPrepare,height=347,reqIdx=0,hash=0db379b0...,time=0
info|2025-10-10 18:29:02.300871|sealerWorker-0x00007fe90344b700|[BLOCKVERIFIER][executeBlock]Executing block,txNum=1,num=347,parentHash=38c2f0f541e0af40eaf2e94eea05212af7fc3069870e6aeedd840b5372e075b6,parentNum=346,parentStateRoot=2b17a305907e8b38bbf9f3209737bc6ff5ca525221995cec576c7407dbef5850
info|2025-10-10 18:29:02.301027|sealerWorker-0x00007fe90344b700|[PRECOMPILED]init GasChargeManagePrecompiled
info|2025-10-10 18:29:02.305698|sealerWorker-0x00007fe90344b700|[PRECOMPILED][TimerPrecompiled]getCurrentTimeMillis,timeMillis=1760146142305
info|2025-10-10 18:29:02.307615|sealerWorker-0x00007fe90344b700|[PRECOMPILED][TimerPrecompiled]getCurrentTimeMillis,timeMillis=1760146142307
info|2025-10-10 18:29:02.307859|sealerWorker-0x00007fe90344b700|[CONSENSUS][PBFT]execBlock,blkNum=347,reqIdx=0,hash=08fcf6b5...,nodeIdx=0,myNode=064cb676...,decodeCost=0,checkCost=0,notifyCost=0,noteSealingCost=0,currentCycle=4,verifyAndSetSenderCost=0,execCost=7,execPerTx=7,totalCost=7
info|2025-10-10 18:29:02.311294|sealerWorker-0x00007fe90344b700|[CONSENSUS][PBFT]handlePrepareMsg Succ,timecost=4,INFO=handlePrepareMsg,reqIdx=0,view=10,reqNum=347,curNum=346,consNum=347,curView=10,fromIp=self,hash=0db379b0...,nodeIdx=0,myNode=064cb676...,curChangeCycle=4
info|2025-10-10 18:29:02.311404|sealerWorker-0x00007fe90344b700|[CONSENSUS][PBFT]generateLocalPrepare,hash=0db379b0...,H=347,nodeIdx=0,myNode=064cb676...
info|2025-10-10 18:29:02.313913|PBFT-1-0x00007fe8fb43b700|[g:1][CONSENSUS][PBFT]handleSignMsg Succ,Timecost=1,INFO=handleSignMsg,num=347,curNum=346,GenIdx=2,Sview=10,view=10,fromIdx=2,fromNode=73994dae...,fromIp=127.0.0.1:49746,hash=08fcf6b5...,nodeIdx=0,myNode=064cb676...
info|2025-10-10 18:29:02.339511|PBFT-1-0x00007fe8fb43b700|[g:1][CONSENSUS][PBFT]checkReq: Recv future request,prepHash=08fcf6b5...,INFO=handleSignMsg,num=347,curNum=346,GenIdx=3,Sview=10,view=10,fromIdx=3,fromNode=87d00b98...,fromIp=127.0.0.1:49726,hash=bace19a8...,nodeIdx=0,myNode=064cb676...
info|2025-10-10 18:29:02.339530|PBFT-1-0x00007fe8fb43b700|[g:1][CONSENSUS][PBFT]FutureBlock,INFO=handleSignMsg,num=347,curNum=346,GenIdx=3,Sview=10,view=10,fromIdx=3,fromNode=87d00b98...,fromIp=127.0.0.1:49726,hash=bace19a8...,nodeIdx=0,myNode=064cb676...
info|2025-10-10 18:29:06.844204|io_service-0x00007fe91546f700|[P2P][Service] heartBeat,connected count=3
info|2025-10-10 18:29:14.203113|P2P-0x00007fe916471700|[g:1] [SYNC][id:064cb676...][Download][Request]Receive block request,peer=374bdfe9...,from=184,to=184
info|2025-10-10 18:29:14.203689|SyncSend-1-0x00007fe907c54700|[g:1][SYNC][id:064cb676...][Download][Request][BlockSync]Batch blocks for sending,blockSize=24480,number=184,peer=374bdfe9...,timeCost=0
info|2025-10-10 18:29:14.203783|SyncSend-1-0x00007fe907c54700|[g:1][g:1] [SYNC][id:374bdfe9...][Download][Request][BlockSync]Send block packet,peer=374bdfe9...,blocks=1,bytes(V)=24487
info|2025-10-10 18:29:16.844850|io_service-0x00007fe91546f700|[P2P][Service] heartBeat,connected count=3
info|2025-10-10 18:29:17.498709|PBFT-1-0x00007fe8fb43b700|[g:1][CONSENSUS][SEALER]decrease maxBlockCanSeal to half for PBFT timeout,org_maxBlockCanSeal=250,halfed_maxBlockCanSeal=125,timeoutCount=3,lastTimeoutTx=1
warning|2025-10-10 18:29:17.499837|PBFT-1-0x00007fe8fb43b700|[g:1][CONSENSUS][PBFT]ViewChangeWarning: not caused by omit empty block ,v=10,toV=11,curNum=346,hash=38c2f0f5...,nodeIdx=0,myNode=064cb676...
info|2025-10-10 18:29:17.499968|PBFT-1-0x00007fe8fb43b700|[g:1][CONSENSUS][PBFT]checkTimeout Succ,view=10,toView=11,nodeIdx=0,changeCycle=5,myNode=064cb676...,timecost=1
info|2025-10-10 18:29:17.507355|PBFT-1-0x00007fe8fb43b700|[g:1][CONSENSUS][PBFT]checkAndChangeView: Reach consensus,org_view=10,cur_changeCycle=5,curView=10,view=11
info|2025-10-10 18:29:20.605312|P2P-0x00007fe915c70700|[g:1] [SYNC][id:064cb676...][Download][Request]Receive block request,peer=374bdfe9...,from=184,to=184
info|2025-10-10 18:29:20.605808|SyncSend-1-0x00007fe907c54700|[g:1][SYNC][id:064cb676...][Download][Request][BlockSync]Batch blocks for sending,blockSize=24480,number=184,peer=374bdfe9...,timeCost=0
info|2025-10-10 18:29:20.605862|SyncSend-1-0x00007fe907c54700|[g:1][g:1] [SYNC][id:374bdfe9...][Download][Request][BlockSync]Send block packet,peer=374bdfe9...,blocks=1,bytes(V)=24487
info|2025-10-10 18:29:26.845157|io_service-0x00007fe91546f700|[P2P][Service] heartBeat,connected count=3
info|2025-10-10 18:29:36.845355|io_service-0x00007fe91546f700|[P2P][Service] heartBeat,connected count=3
warning|2025-10-10 18:29:40.296075|PBFT-1-0x00007fe8fb43b700|[g:1][CONSENSUS][PBFT]ViewChangeWarning: not caused by omit empty block ,v=11,toV=12,curNum=346,hash=38c2f0f5...,nodeIdx=0,myNode=064cb676...
info|2025-10-10 18:29:40.297345|PBFT-1-0x00007fe8fb43b700|[g:1][CONSENSUS][PBFT]checkTimeout Succ,view=11,toView=12,nodeIdx=0,changeCycle=6,myNode=064cb676...,timecost=3
info|2025-10-10 18:29:40.302660|PBFT-1-0x00007fe8fb43b700|[g:1][CONSENSUS][PBFT]checkAndChangeView: Reach consensus,org_view=11,cur_changeCycle=6,curView=11,view=12
info|2025-10-10 18:29:40.805507|PBFTWork-1-0x00007fe901c48700|[g:1][CONSENSUS][PartiallyPBFTReqCache]addPartiallyRawPrepare,height=347,reqIdx=2,hash=9c33a77f...
info|2025-10-10 18:29:40.805790|PBFTWork-1-0x00007fe901c48700|[g:1][BLOCKVERIFIER][executeBlock]Executing block,txNum=1,num=347,parentHash=38c2f0f541e0af40eaf2e94eea05212af7fc3069870e6aeedd840b5372e075b6,parentNum=346,parentStateRoot=2b17a305907e8b38bbf9f3209737bc6ff5ca525221995cec576c7407dbef5850
info|2025-10-10 18:29:40.806000|PBFTWork-1-0x00007fe901c48700|[g:1][PRECOMPILED]init GasChargeManagePrecompiled
info|2025-10-10 18:29:40.811099|PBFTWork-1-0x00007fe901c48700|[g:1][PRECOMPILED][TimerPrecompiled]getCurrentTimeMillis,timeMillis=1760146180811
info|2025-10-10 18:29:40.812929|PBFTWork-1-0x00007fe901c48700|[g:1][PRECOMPILED][TimerPrecompiled]getCurrentTimeMillis,timeMillis=1760146180812
info|2025-10-10 18:29:40.820298|PBFTWork-1-0x00007fe901c48700|[g:1][CONSENSUS][PBFT]execBlock,blkNum=347,reqIdx=2,hash=dd9eee66...,nodeIdx=0,myNode=064cb676...,decodeCost=0,checkCost=0,notifyCost=0,noteSealingCost=0,currentCycle=6,verifyAndSetSenderCost=0,execCost=15,execPerTx=15,totalCost=15
info|2025-10-10 18:29:40.825711|PBFTWork-1-0x00007fe901c48700|[g:1][CONSENSUS][PBFT]handlePrepareMsg Succ,timecost=5,INFO=handlePartiallyPrepare,reqIdx=2,view=12,reqNum=347,curNum=346,consNum=347,hash=9c33a77f...,nodeIdx=0,myNode=064cb676...,curChangeCycle=6
info|2025-10-10 18:29:40.829142|PBFT-1-0x00007fe8fb43b700|[g:1][CONSENSUS][PBFT]handleSignMsg Succ,Timecost=2,INFO=handleSignMsg,num=347,curNum=346,GenIdx=2,Sview=12,view=12,fromIdx=2,fromNode=73994dae...,fromIp=127.0.0.1:49746,hash=dd9eee66...,nodeIdx=0,myNode=064cb676...
info|2025-10-10 18:29:40.833963|PBFT-1-0x00007fe8fb43b700|[g:1][CONSENSUS][PBFT]checkAndCommit: backup/updateCommittedPrepare,reqNum=347,hash=9c33a77f...,nodeIdx=0,myNode=064cb676...
info|2025-10-10 18:29:40.835850|PBFT-1-0x00007fe8fb43b700|[g:1][CONSENSUS][PBFT]handleSignMsg Succ,Timecost=3,INFO=handleSignMsg,num=347,curNum=346,GenIdx=3,Sview=12,view=12,fromIdx=3,fromNode=87d00b98...,fromIp=127.0.0.1:49726,hash=dd9eee66...,nodeIdx=0,myNode=064cb676...
info|2025-10-10 18:29:40.837572|PBFT-1-0x00007fe8fb43b700|[g:1][CONSENSUS][PBFT]handleCommitMsg Succ,INFO=handleCommitMsg,reqNum=347,curNum=346,GenIdx=2,Cview=12,view=12,fromIdx=2,fromNode=73994dae...,fromIp=127.0.0.1:49746,hash=dd9eee66...,nodeIdx=0,myNode=064cb676...,Timecost=2
info|2025-10-10 18:29:40.838841|PBFT-1-0x00007fe8fb43b700|[g:1][CONSENSUS][PBFT]checkAndSave: CommitReq enough,prepareHeight=347,commitSize=3,hash=dd9eee66...,nodeIdx=0,myNode=064cb676...
info|2025-10-10 18:29:40.839281|PBFT-1-0x00007fe8fb43b700|[g:1][g:1][STORAGE][CachedStorage]commit: 6 num: 347
info|2025-10-10 18:29:40.839538|PBFT-1-0x00007fe8fb43b700|[g:1][g:1][STORAGE][CachedStorage]Submited block task: 347, current syncd block: 346
info|2025-10-10 18:29:40.839557|taskPool-1-0x00007fe90444d700|[g:1][g:1][STORAGE][CachedStorage]Start commit block: 347 to backend storage
info|2025-10-10 18:29:40.839636|PBFT-1-0x00007fe8fb43b700|[g:1]Push block notify: 1-347
info|2025-10-10 18:29:40.840272|taskPool-1-0x00007fe90444d700|[g:1][g:1][STORAGE][CachedStorage]
---------------------------------------------------------------------
Commit block: 347 to backend storage finished, current cached block: 347
Flush elapsed time: 0.0007s
---------------------------------------------------------------------
info|2025-10-10 18:29:40.842233|P2P-0x00007fe916471700|[g:1] [SYNC][id:064cb676...][Download][Request]Receive block request,peer=87d00b98...,from=347,to=347
info|2025-10-10 18:29:40.842618|SyncSend-1-0x00007fe907c54700|[g:1][SYNC][id:064cb676...][Download][Request][BlockSync]Batch blocks for sending,blockSize=1885,number=347,peer=87d00b98...,timeCost=0
info|2025-10-10 18:29:40.842692|SyncSend-1-0x00007fe907c54700|[g:1][g:1] [SYNC][id:87d00b98...][Download][Request][BlockSync]Send block packet,peer=87d00b98...,blocks=1,bytes(V)=1892
info|2025-10-10 18:29:40.844467|PBFT-1-0x00007fe8fb43b700|[g:1][CONSENSUS][PBFT]CommitBlock Succ,prepareHeight=347,reqIdx=2,hash=dd9eee66...,nodeIdx=0,myNode=064cb676...,genSigTimeCost=0,commitBlockTimeCost=4,dropTxsTimeCost=2,noteSealingTimeCost=0,totalTimeCost=6
info|2025-10-10 18:29:40.844517|PBFT-1-0x00007fe8fb43b700|[g:1][CONSENSUS][PBFT]handleCommitMsg Succ,INFO=handleCommitMsg,reqNum=347,curNum=346,GenIdx=3,Cview=12,view=12,fromIdx=3,fromNode=87d00b98...,fromIp=127.0.0.1:49726,hash=dd9eee66...,nodeIdx=0,myNode=064cb676...,Timecost=7
info|2025-10-10 18:29:40.844694|PBFTSeal-1-0x00007fe8f3c2c700|[g:1][CONSENSUS][PBFT]^^^^^^^^Report,num=347,sealerIdx=2,hash=dd9eee66...,next=348,tx=1,nodeIdx=0
info|2025-10-10 18:29:41.853522|PBFT-1-0x00007fe8fb43b700|[g:1][CONSENSUS]addRawPrepare,height=348,reqIdx=3,hash=0510ee12...,time=0
info|2025-10-10 18:29:41.861310|PBFT-1-0x00007fe8fb43b700|[g:1][CONSENSUS][PBFT]checkTimeout Succ,view=0,toView=1,nodeIdx=0,changeCycle=1,myNode=064cb676...,timecost=8
info|2025-10-10 18:29:41.866540|PBFT-1-0x00007fe8fb43b700|[g:1][CONSENSUS][PBFT]checkAndChangeView: Reach consensus,org_view=0,cur_changeCycle=1,curView=0,view=1
info|2025-10-10 18:29:42.867161|PBFTSeal-1-0x00007fe8f3c2c700|[g:1][CONSENSUS][SEALER]++++++++++++++++ Generating seal on,blkNum=348,tx=0,nodeIdx=0,hash=b9d3724a...
info|2025-10-10 18:29:42.877285|PBFT-1-0x00007fe8fb43b700|[g:1][CONSENSUS][PBFT]checkTimeout Succ,view=1,toView=2,nodeIdx=0,changeCycle=1,myNode=064cb676...,timecost=3
info|2025-10-10 18:29:42.878825|PBFT-1-0x00007fe8fb43b700|[g:1][CONSENSUS][PBFT]checkAndChangeView: Reach consensus,org_view=1,cur_changeCycle=1,curView=1,view=2
info|2025-10-10 18:29:46.294322|P2P-0x00007fe917473700|[g:1] [SYNC][id:064cb676...][Download][Request]Receive block request,peer=374bdfe9...,from=184,to=184
info|2025-10-10 18:29:46.294667|SyncSend-1-0x00007fe907c54700|[g:1][SYNC][id:064cb676...][Download][Request][BlockSync]Batch blocks for sending,blockSize=24480,number=184,peer=374bdfe9...,timeCost=0
info|2025-10-10 18:29:46.294739|SyncSend-1-0x00007fe907c54700|[g:1][g:1] [SYNC][id:374bdfe9...][Download][Request][BlockSync]Send block packet,peer=374bdfe9...,blocks=1,bytes(V)=24487
info|2025-10-10 18:29:46.845503|io_service-0x00007fe91546f700|[P2P][Service] heartBeat,connected count=3
warning|2025-10-10 18:29:47.387837|PBFT-1-0x00007fe8fb43b700|[g:1][CONSENSUS][PBFT]ViewChangeWarning: not caused by omit empty block ,v=2,toV=3,curNum=347,hash=dd9eee66...,nodeIdx=0,myNode=064cb676...
info|2025-10-10 18:29:47.390279|PBFT-1-0x00007fe8fb43b700|[g:1][CONSENSUS][PBFT]checkTimeout Succ,view=2,toView=3,nodeIdx=0,changeCycle=2,myNode=064cb676...,timecost=4
info|2025-10-10 18:29:47.398645|PBFT-1-0x00007fe8fb43b700|[g:1][CONSENSUS][PBFT]checkAndChangeView: Reach consensus,org_view=2,cur_changeCycle=2,curView=2,view=3
info|2025-10-10 18:29:48.407050|PBFT-1-0x00007fe8fb43b700|[g:1][CONSENSUS]addRawPrepare,height=348,reqIdx=2,hash=8b9e8fec...,time=0
info|2025-10-10 18:29:48.409576|PBFT-1-0x00007fe8fb43b700|[g:1][CONSENSUS][PBFT]checkTimeout Succ,view=3,toView=4,nodeIdx=0,changeCycle=1,myNode=064cb676...,timecost=2
info|2025-10-10 18:29:48.418216|PBFT-1-0x00007fe8fb43b700|[g:1][CONSENSUS][PBFT]checkAndChangeView: Reach consensus,org_view=3,cur_changeCycle=1,curView=3,view=4
info|2025-10-10 18:29:49.420259|PBFT-1-0x00007fe8fb43b700|[g:1][CONSENSUS]addRawPrepare,height=348,reqIdx=3,hash=68ffa8d0...,time=0
info|2025-10-10 18:29:49.421941|PBFT-1-0x00007fe8fb43b700|[g:1][CONSENSUS][PBFT]checkTimeout Succ,view=4,toView=5,nodeIdx=0,changeCycle=1,myNode=064cb676...,timecost=2
info|2025-10-10 18:29:49.433856|PBFT-1-0x00007fe8fb43b700|[g:1][CONSENSUS][PBFT]checkAndChangeView: Reach consensus,org_view=4,cur_changeCycle=1,curView=4,view=5
info|2025-10-10 18:29:50.434892|PBFTSeal-1-0x00007fe8f3c2c700|[g:1][CONSENSUS][SEALER]++++++++++++++++ Generating seal on,blkNum=348,tx=0,nodeIdx=0,hash=2ef57e15...
info|2025-10-10 18:29:50.437674|PBFT-1-0x00007fe8fb43b700|[g:1][CONSENSUS][PBFT]checkTimeout Succ,view=5,toView=6,nodeIdx=0,changeCycle=1,myNode=064cb676...,timecost=1
info|2025-10-10 18:29:50.446729|PBFT-1-0x00007fe8fb43b700|[g:1][CONSENSUS][PBFT]checkAndChangeView: Reach consensus,org_view=5,cur_changeCycle=1,curView=5,view=6
warning|2025-10-10 18:29:54.958140|PBFT-1-0x00007fe8fb43b700|[g:1][CONSENSUS][PBFT]ViewChangeWarning: not caused by omit empty block ,v=6,toV=7,curNum=347,hash=dd9eee66...,nodeIdx=0,myNode=064cb676...
info|2025-10-10 18:29:54.958435|PBFT-1-0x00007fe8fb43b700|[g:1][CONSENSUS][PBFT]checkTimeout Succ,view=6,toView=7,nodeIdx=0,changeCycle=2,myNode=064cb676...,timecost=3
info|2025-10-10 18:29:54.962630|PBFT-1-0x00007fe8fb43b700|[g:1][CONSENSUS][PBFT]checkAndChangeView: Reach consensus,org_view=6,cur_changeCycle=2,curView=6,view=7
info|2025-10-10 18:29:55.972276|PBFT-1-0x00007fe8fb43b700|[g:1][CONSENSUS]addRawPrepare,height=348,reqIdx=2,hash=1963b8df...,time=0
info|2025-10-10 18:29:55.976993|PBFT-1-0x00007fe8fb43b700|[g:1][CONSENSUS][PBFT]checkTimeout Succ,view=7,toView=8,nodeIdx=0,changeCycle=1,myNode=064cb676...,timecost=5
info|2025-10-10 18:29:55.984963|PBFT-1-0x00007fe8fb43b700|[g:1][CONSENSUS][PBFT]checkAndChangeView: Reach consensus,org_view=7,cur_changeCycle=1,curView=7,view=8
info|2025-10-10 18:29:56.846179|io_service-0x00007fe91546f700|[P2P][Service] heartBeat,connected count=3
info|2025-10-10 18:29:56.982985|PBFT-1-0x00007fe8fb43b700|[g:1][CONSENSUS]addRawPrepare,height=348,reqIdx=3,hash=582dccf8...,time=0
info|2025-10-10 18:29:56.984505|PBFT-1-0x00007fe8fb43b700|[g:1][CONSENSUS][PBFT]checkTimeout Succ,view=8,toView=9,nodeIdx=0,changeCycle=1,myNode=064cb676...,timecost=1
info|2025-10-10 18:29:56.993328|PBFT-1-0x00007fe8fb43b700|[g:1][CONSENSUS][PBFT]checkAndChangeView: Reach consensus,org_view=8,cur_changeCycle=1,curView=8,view=9
info|2025-10-10 18:29:57.994194|PBFTSeal-1-0x00007fe8f3c2c700|[g:1][CONSENSUS][SEALER]++++++++++++++++ Generating seal on,blkNum=348,tx=0,nodeIdx=0,hash=d60633c6...
info|2025-10-10 18:29:58.001696|PBFT-1-0x00007fe8fb43b700|[g:1][CONSENSUS][PBFT]checkTimeout Succ,view=9,toView=10,nodeIdx=0,changeCycle=1,myNode=064cb676...,timecost=2
info|2025-10-10 18:29:58.004471|PBFT-1-0x00007fe8fb43b700|[g:1][CONSENSUS][PBFT]checkAndChangeView: Reach consensus,org_view=9,cur_changeCycle=1,curView=9,view=10
info|2025-10-10 18:30:00.014011|Sync-1-0x00007fe8fcc3e700|[g:1][SYNC][id:064cb676...]print sync info,peersCount=3,infoJson={"blockNumber":347,"genesisHash":"f0d3e67991e2c3d83533c031601c30c4741aba35d7d8017900779abe4ae22efe","isSyncing":false,"knownHighestNumber":347,"knownLatestHash":"dd9eee6612ff4a092b2ef826ef514f424b3004809b40f3a2e4eb66843a06ba63","latestHash":"dd9eee6612ff4a092b2ef826ef514f424b3004809b40f3a2e4eb66843a06ba63","nodeId":"064cb676a36047a4b52ecbf9c01664b1e987d91b438110ba6a12d96972726622e824d295b1de8b0298b5afe7bbbc0bd04a3890e1a36eae028c1cfbe07971b995","peers":[{"blockNumber":183,"genesisHash":"f0d3e67991e2c3d83533c031601c30c4741aba35d7d8017900779abe4ae22efe","latestHash":"84b9e5d996bf7a5eb7a7af1e23a8308230a576a20d5c81a92b78a013e510177d","nodeId":"374bdfe969e1d8ea1200ade93e5d8cf1a7d5741f238011004b0f43ca818706f194b2f067e1708125f7ffc536610b9a72addbd56b238d65f18912be39037ffcc5"},{"blockNumber":347,"genesisHash":"f0d3e67991e2c3d83533c031601c30c4741aba35d7d8017900779abe4ae22efe","latestHash":"dd9eee6612ff4a092b2ef826ef514f424b3004809b40f3a2e4eb66843a06ba63","nodeId":"73994dae9e8b8da733108a4153dfe79151d701dff425f84c87b5324e8ebd02ab6a0ebc9e4f1e0298a7ddca50f94a8f95c62b6997226d571e470e8f2b0600634a"},{"blockNumber":347,"genesisHash":"f0d3e67991e2c3d83533c031601c30c4741aba35d7d8017900779abe4ae22efe","latestHash":"dd9eee6612ff4a092b2ef826ef514f424b3004809b40f3a2e4eb66843a06ba63","nodeId":"87d00b98321fc70a5abc85ad9e80db10cce315194133697bf74aace1d3f8430957a766240f751752708f4282f46110d6ea56c3eb5d1c02ce98a66f327f595270"}],"protocolId":65545,"txPoolSize":"0"}
warning|2025-10-10 18:30:02.509889|PBFT-1-0x00007fe8fb43b700|[g:1][CONSENSUS][PBFT]ViewChangeWarning: not caused by omit empty block ,v=10,toV=11,curNum=347,hash=dd9eee66...,nodeIdx=0,myNode=064cb676...
info|2025-10-10 18:30:02.510362|PBFT-1-0x00007fe8fb43b700|[g:1][CONSENSUS][PBFT]checkTimeout Succ,view=10,toView=11,nodeIdx=0,changeCycle=2,myNode=064cb676...,timecost=2
info|2025-10-10 18:30:02.516233|PBFT-1-0x00007fe8fb43b700|[g:1][CONSENSUS][PBFT]checkAndChangeView: Reach consensus,org_view=10,cur_changeCycle=2,curView=10,view=11
info|2025-10-10 18:30:03.520137|PBFT-1-0x00007fe8fb43b700|[g:1][CONSENSUS]addRawPrepare,height=348,reqIdx=2,hash=c73a7cf0...,time=0
info|2025-10-10 18:30:03.522445|PBFT-1-0x00007fe8fb43b700|[g:1][CONSENSUS][PBFT]checkTimeout Succ,view=11,toView=12,nodeIdx=0,changeCycle=1,myNode=064cb676...,timecost=2
info|2025-10-10 18:30:03.530071|PBFT-1-0x00007fe8fb43b700|[g:1][CONSENSUS][PBFT]checkAndChangeView: Reach consensus,org_view=11,cur_changeCycle=1,curView=11,view=12
info|2025-10-10 18:30:04.536802|PBFT-1-0x00007fe8fb43b700|[g:1][CONSENSUS]addRawPrepare,height=348,reqIdx=3,hash=ddb16cf4...,time=0
info|2025-10-10 18:30:04.538247|PBFT-1-0x00007fe8fb43b700|[g:1][CONSENSUS][PBFT]checkTimeout Succ,view=12,toView=13,nodeIdx=0,changeCycle=1,myNode=064cb676...,timecost=2
info|2025-10-10 18:30:04.544321|PBFT-1-0x00007fe8fb43b700|[g:1][CONSENSUS][PBFT]checkAndChangeView: Reach consensus,org_view=12,cur_changeCycle=1,curView=12,view=13
info|2025-10-10 18:30:05.545052|PBFTSeal-1-0x00007fe8f3c2c700|[g:1][CONSENSUS][SEALER]++++++++++++++++ Generating seal on,blkNum=348,tx=0,nodeIdx=0,hash=2294a210...
info|2025-10-10 18:30:05.547875|PBFT-1-0x00007fe8fb43b700|[g:1][CONSENSUS][PBFT]checkTimeout Succ,view=13,toView=14,nodeIdx=0,changeCycle=1,myNode=064cb676...,timecost=1
info|2025-10-10 18:30:05.557107|PBFT-1-0x00007fe8fb43b700|[g:1][CONSENSUS][PBFT]checkAndChangeView: Reach consensus,org_view=13,cur_changeCycle=1,curView=13,view=14
info|2025-10-10 18:30:06.847250|io_service-0x00007fe91546f700|[P2P][Service] heartBeat,connected count=3
warning|2025-10-10 18:30:10.062752|PBFT-1-0x00007fe8fb43b700|[g:1][CONSENSUS][PBFT]ViewChangeWarning: not caused by omit empty block ,v=14,toV=15,curNum=347,hash=dd9eee66...,nodeIdx=0,myNode=064cb676...
info|2025-10-10 18:30:10.063183|PBFT-1-0x00007fe8fb43b700|[g:1][CONSENSUS][PBFT]checkTimeout Succ,view=14,toView=15,nodeIdx=0,changeCycle=2,myNode=064cb676...,timecost=3
info|2025-10-10 18:30:10.067850|PBFT-1-0x00007fe8fb43b700|[g:1][CONSENSUS][PBFT]checkAndChangeView: Reach consensus,org_view=14,cur_changeCycle=2,curView=14,view=15
info|2025-10-10 18:30:11.072844|PBFT-1-0x00007fe8fb43b700|[g:1][CONSENSUS]addRawPrepare,height=348,reqIdx=2,hash=a6f59c42...,time=0
info|2025-10-10 18:30:11.074895|PBFT-1-0x00007fe8fb43b700|[g:1][CONSENSUS][PBFT]checkTimeout Succ,view=15,toView=16,nodeIdx=0,changeCycle=1,myNode=064cb676...,timecost=2
info|2025-10-10 18:30:11.078743|PBFT-1-0x00007fe8fb43b700|[g:1][CONSENSUS][PBFT]checkAndChangeView: Reach consensus,org_view=15,cur_changeCycle=1,curView=15,view=16
info|2025-10-10 18:30:12.087328|PBFT-1-0x00007fe8fb43b700|[g:1][CONSENSUS]addRawPrepare,height=348,reqIdx=3,hash=b05820e2...,time=0
info|2025-10-10 18:30:12.089769|PBFT-1-0x00007fe8fb43b700|[g:1][CONSENSUS][PBFT]checkTimeout Succ,view=16,toView=17,nodeIdx=0,changeCycle=1,myNode=064cb676...,timecost=2
info|2025-10-10 18:30:12.099966|PBFT-1-0x00007fe8fb43b700|[g:1][CONSENSUS][PBFT]checkAndChangeView: Reach consensus,org_view=16,cur_changeCycle=1,curView=16,view=17
info|2025-10-10 18:30:13.099809|PBFTSeal-1-0x00007fe8f3c2c700|[g:1][CONSENSUS][SEALER]++++++++++++++++ Generating seal on,blkNum=348,tx=0,nodeIdx=0,hash=77985c96...
info|2025-10-10 18:30:13.105128|PBFT-1-0x00007fe8fb43b700|[g:1][CONSENSUS][PBFT]checkTimeout Succ,view=17,toView=18,nodeIdx=0,changeCycle=1,myNode=064cb676...,timecost=4
info|2025-10-10 18:30:13.122827|PBFT-1-0x00007fe8fb43b700|[g:1][CONSENSUS][PBFT]checkAndChangeView: Reach consensus,org_view=17,cur_changeCycle=1,curView=17,view=18
info|2025-10-10 18:30:16.847476|io_service-0x00007fe91546f700|[P2P][Service] heartBeat,connected count=3
warning|2025-10-10 18:30:17.628696|PBFT-1-0x00007fe8fb43b700|[g:1][CONSENSUS][PBFT]ViewChangeWarning: not caused by omit empty block ,v=18,toV=19,curNum=347,hash=dd9eee66...,nodeIdx=0,myNode=064cb676...
info|2025-10-10 18:30:17.628997|PBFT-1-0x00007fe8fb43b700|[g:1][CONSENSUS][PBFT]checkTimeout Succ,view=18,toView=19,nodeIdx=0,changeCycle=2,myNode=064cb676...,timecost=4
info|2025-10-10 18:30:17.638226|PBFT-1-0x00007fe8fb43b700|[g:1][CONSENSUS][PBFT]checkAndChangeView: Reach consensus,org_view=18,cur_changeCycle=2,curView=18,view=19
info|2025-10-10 18:30:18.639209|PBFT-1-0x00007fe8fb43b700|[g:1][CONSENSUS]addRawPrepare,height=348,reqIdx=2,hash=aa175af5...,time=0
info|2025-10-10 18:30:18.641581|PBFT-1-0x00007fe8fb43b700|[g:1][CONSENSUS][PBFT]checkTimeout Succ,view=19,toView=20,nodeIdx=0,changeCycle=1,myNode=064cb676...,timecost=2
info|2025-10-10 18:30:18.644415|PBFT-1-0x00007fe8fb43b700|[g:1][CONSENSUS][PBFT]checkAndChangeView: Reach consensus,org_view=19,cur_changeCycle=1,curView=19,view=20
info|2025-10-10 18:30:19.654188|PBFT-1-0x00007fe8fb43b700|[g:1][CONSENSUS]addRawPrepare,height=348,reqIdx=3,hash=41255e0a...,time=0
info|2025-10-10 18:30:19.656353|PBFT-1-0x00007fe8fb43b700|[g:1][CONSENSUS][PBFT]checkTimeout Succ,view=20,toView=21,nodeIdx=0,changeCycle=1,myNode=064cb676...,timecost=2
info|2025-10-10 18:30:19.662868|PBFT-1-0x00007fe8fb43b700|[g:1][CONSENSUS][PBFT]checkAndChangeView: Reach consensus,org_view=20,cur_changeCycle=1,curView=20,view=21
info|2025-10-10 18:30:20.663491|PBFTSeal-1-0x00007fe8f3c2c700|[g:1][CONSENSUS][SEALER]++++++++++++++++ Generating seal on,blkNum=348,tx=0,nodeIdx=0,hash=24e16997...
info|2025-10-10 18:30:20.673449|PBFT-1-0x00007fe8fb43b700|[g:1][CONSENSUS][PBFT]checkTimeout Succ,view=21,toView=22,nodeIdx=0,changeCycle=1,myNode=064cb676...,timecost=2
info|2025-10-10 18:30:20.681830|PBFT-1-0x00007fe8fb43b700|[g:1][CONSENSUS][PBFT]checkAndChangeView: Reach consensus,org_view=21,cur_changeCycle=1,curView=21,view=22
info|2025-10-10 18:30:24.922463|fisco-bcos-0x00007fe9181e8dc0|[LEDGER]stop sealer,groupID=1
info|2025-10-10 18:30:24.922500|fisco-bcos-0x00007fe9181e8dc0|[CONSENSUS][SEALER]Stop sealer module...
info|2025-10-10 18:30:24.934080|fisco-bcos-0x00007fe9181e8dc0|[CONSENSUS][ConsensusEngine][Stop ConsensusEngineBase]
info|2025-10-10 18:30:24.939714|fisco-bcos-0x00007fe9181e8dc0|[CONSENSUS][ConsensusEngine]ConsensusEngineBase stopped
info|2025-10-10 18:30:24.939744|fisco-bcos-0x00007fe9181e8dc0|[LEDGER]sealer stopped. stop sync,groupID=1
info|2025-10-10 18:30:24.940382|fisco-bcos-0x00007fe9181e8dc0|[g:1] [SYNC][id:064cb676...]SyncMsgEngine stopped
info|2025-10-10 18:30:25.101712|fisco-bcos-0x00007fe9181e8dc0|[GossipBlockStatus]stop GossipBlockStatus succ
info|2025-10-10 18:30:25.503082|fisco-bcos-0x00007fe9181e8dc0|[SYNC][id:064cb676...][g:1]SyncMaster stopped
info|2025-10-10 18:30:25.503138|fisco-bcos-0x00007fe9181e8dc0|[LEDGER]sync stopped. stop event filter manager,groupID=1
info|2025-10-10 18:30:25.578176|fisco-bcos-0x00007fe9181e8dc0|[EVENT][EventLogFilterManager]stop
info|2025-10-10 18:30:25.578226|fisco-bcos-0x00007fe9181e8dc0|[LEDGER]event filter manager stopped. stop tx pool,groupID=1
info|2025-10-10 18:30:25.578495|fisco-bcos-0x00007fe9181e8dc0|[LEDGER]removeNetworkStatHandlerByGroupID and removeGroupBandwidthLimiter for service,groupID=1
info|2025-10-10 18:30:25.578510|fisco-bcos-0x00007fe9181e8dc0|[CHANNEL]removeSDKAllowListByGroupId,groupId=1
info|2025-10-10 18:30:25.578516|fisco-bcos-0x00007fe9181e8dc0|[INITIALIZER]ledgerInitializer stopped
info|2025-10-10 18:30:26.327964|io_service-0x00007fe91546f700|[NETWORK][Session]doRead failed,endpoint=127.0.0.1:49732,message=short read (SSL routines, SSL routines)
info|2025-10-10 18:30:26.328110|io_service-0x00007fe91546f700|[NETWORK][Session]drop, call and erase all callbackFunc of the session!,endpoint=127.0.0.1:49732
info|2025-10-10 18:30:26.328183|io_service-0x00007fe91546f700|[NETWORK][Session][drop] closing remote 127.0.0.1:49732,reason=Low-level TCP communication failed.,endpoint=127.0.0.1:49732
info|2025-10-10 18:30:26.328323|io_service-0x00007fe91546f700|[NETWORK][Session]Session inactive
info|2025-10-10 18:30:26.328333|io_service-0x00007fe91546f700|[NETWORK][Session]Session inactive
info|2025-10-10 18:30:26.328338|io_service-0x00007fe91546f700|[NETWORK][Session][drop] shutdown failed ,code=9,message=Bad file descriptor
info|2025-10-10 18:30:26.328565|P2P-0x00007fe917473700|[P2P][Service] disconnect inactive P2PSession,nodeID=374bdfe9...,endpoint=127.0.0.1:49732,code=3,what=Disconnect
info|2025-10-10 18:30:26.328591|P2P-0x00007fe917473700|[P2P][Service] onDisconnect,code=3,what=Dynamic exception type: dev::network::NetworkException
std::exception::what: Disconnect
info|2025-10-10 18:30:26.553598|io_service-0x00007fe91546f700|[NETWORK][Session]doRead failed,endpoint=127.0.0.1:49726,message=short read (SSL routines, SSL routines)
info|2025-10-10 18:30:26.553628|io_service-0x00007fe91546f700|[NETWORK][Session]drop, call and erase all callbackFunc of the session!,endpoint=127.0.0.1:49726
info|2025-10-10 18:30:26.553658|io_service-0x00007fe91546f700|[NETWORK][Session][drop] closing remote 127.0.0.1:49726,reason=Low-level TCP communication failed.,endpoint=127.0.0.1:49726
info|2025-10-10 18:30:26.553718|P2P-0x00007fe915c70700|[P2P][Service] disconnect inactive P2PSession,nodeID=87d00b98...,endpoint=127.0.0.1:49726,code=3,what=Disconnect
info|2025-10-10 18:30:26.553735|io_service-0x00007fe91546f700|[NETWORK][Session]Session inactive
info|2025-10-10 18:30:26.553764|io_service-0x00007fe91546f700|[NETWORK][Session]Session inactive
info|2025-10-10 18:30:26.553769|io_service-0x00007fe91546f700|[NETWORK][Session][drop] shutdown failed ,code=9,message=Bad file descriptor
info|2025-10-10 18:30:26.553812|P2P-0x00007fe915c70700|[P2P][Service] onDisconnect,code=3,what=Dynamic exception type: dev::network::NetworkException
std::exception::what: Disconnect
info|2025-10-10 18:30:26.568670|io_service-0x00007fe91546f700|[NETWORK][Session]doRead failed,endpoint=127.0.0.1:49746,message=short read (SSL routines, SSL routines)
info|2025-10-10 18:30:26.568753|io_service-0x00007fe91546f700|[NETWORK][Session]drop, call and erase all callbackFunc of the session!,endpoint=127.0.0.1:49746
info|2025-10-10 18:30:26.568783|io_service-0x00007fe91546f700|[NETWORK][Session][drop] closing remote 127.0.0.1:49746,reason=Low-level TCP communication failed.,endpoint=127.0.0.1:49746
info|2025-10-10 18:30:26.568811|P2P-0x00007fe916c72700|[P2P][Service] disconnect inactive P2PSession,nodeID=73994dae...,endpoint=127.0.0.1:49746,code=3,what=Disconnect
info|2025-10-10 18:30:26.568835|P2P-0x00007fe916c72700|[P2P][Service] onDisconnect,code=3,what=Dynamic exception type: dev::network::NetworkException
std::exception::what: Disconnect
info|2025-10-10 18:30:26.568924|io_service-0x00007fe91546f700|[NETWORK][Session][drop] shutdown failed ,code=9,message=Bad file descriptor
info|2025-10-10 18:30:26.579433|fisco-bcos-0x00007fe9181e8dc0|[INITIALIZER]ChannelRPCHttpServer deleted.
info|2025-10-10 18:30:26.579815|fisco-bcos-0x00007fe9181e8dc0|[INITIALIZER]JsonrpcHttpServer deleted.
info|2025-10-10 18:30:26.579841|fisco-bcos-0x00007fe9181e8dc0|[INITIALIZER]RPCInitializer stopped
info|2025-10-10 18:30:26.579879|io_service-0x00007fe91546f700|[NETWORK][Host]Host exit
info|2025-10-10 18:30:26.580775|fisco-bcos-0x00007fe9181e8dc0|[INITIALIZER]P2PInitializer stopped
info|2025-10-10 18:30:26.580820|fisco-bcos-0x00007fe9181e8dc0|[LEDGER]stop sealer,groupID=1
info|2025-10-10 18:30:26.580829|fisco-bcos-0x00007fe9181e8dc0|[LEDGER]sealer stopped. stop sync,groupID=1
info|2025-10-10 18:30:26.580838|fisco-bcos-0x00007fe9181e8dc0|[g:1] [SYNC][id:064cb676...]SyncMsgEngine stopped
info|2025-10-10 18:30:26.580850|fisco-bcos-0x00007fe9181e8dc0|[GossipBlockStatus]GossipBlockStatus already stopped
info|2025-10-10 18:30:26.580854|fisco-bcos-0x00007fe9181e8dc0|[SYNC][id:064cb676...][g:1]SyncMaster stopped
info|2025-10-10 18:30:26.580858|fisco-bcos-0x00007fe9181e8dc0|[LEDGER]sync stopped. stop event filter manager,groupID=1
info|2025-10-10 18:30:26.580863|fisco-bcos-0x00007fe9181e8dc0|[LEDGER]event filter manager stopped. stop tx pool,groupID=1
info|2025-10-10 18:30:26.580869|fisco-bcos-0x00007fe9181e8dc0|[LEDGER]removeNetworkStatHandlerByGroupID and removeGroupBandwidthLimiter for service,groupID=1
info|2025-10-10 18:30:26.580882|fisco-bcos-0x00007fe9181e8dc0|[g:1][STORAGE][CachedStorage]Stopping flushStorage thread
info|2025-10-10 18:30:27.148549|fisco-bcos-0x00007fe9181e8dc0|[g:1][STORAGE][CachedStorage]flushStorage thread stopped.
info|2025-10-10 18:30:27.148598|fisco-bcos-0x00007fe9181e8dc0|[DBINITIALIZER] storage stopped
info|2025-10-10 18:30:27.455081|fisco-bcos-0x00007fe9181e8dc0|[g:1] [SYNC][id:064cb676...]SyncMsgEngine stopped
info|2025-10-10 18:30:27.455124|fisco-bcos-0x00007fe9181e8dc0|[GossipBlockStatus]GossipBlockStatus already stopped
info|2025-10-10 18:30:27.455130|fisco-bcos-0x00007fe9181e8dc0|[SYNC][id:064cb676...][g:1]SyncMaster stopped
info|2025-10-10 18:30:27.455148|fisco-bcos-0x00007fe9181e8dc0|[g:1] [SYNC][id:064cb676...]SyncMsgEngine stopped
