info|2025-10-07 07:48:30.231190|fisco-bcos-0x00007f135dea8dc0|[INITIALIZER][initGlobalConfig],enableCompress=true,compatibilityVersion=2.11.0,versionNumber=34275328,enableStat=false,chainId=1,useSMCrypto=true,IgnoreObserverWriteRequest=false
info|2025-10-07 07:48:30.232344|fisco-bcos-0x00007f135dea8dc0|[INITIALIZER][SecureInitializerGM]get pub of node,nodeID=064cb676a36047a4b52ecbf9c01664b1e987d91b438110ba6a12d96972726622e824d295b1de8b0298b5afe7bbbc0bd04a3890e1a36eae028c1cfbe07971b995
info|2025-10-07 07:48:30.233365|fisco-bcos-0x00007f135dea8dc0|[NETWORK][Host]Connecting to node,endpoint=127.0.0.1:30300
info|2025-10-07 07:48:30.233550|fisco-bcos-0x00007f135dea8dc0|[NETWORK][Host]Connecting to node,endpoint=127.0.0.1:30301
info|2025-10-07 07:48:30.233642|fisco-bcos-0x00007f135dea8dc0|[NETWORK][Host]Connecting to node,endpoint=127.0.0.1:30302
info|2025-10-07 07:48:30.233692|fisco-bcos-0x00007f135dea8dc0|[NETWORK][Host]Connecting to node,endpoint=127.0.0.1:30303
info|2025-10-07 07:48:30.233905|fisco-bcos-0x00007f135dea8dc0|[P2P][Service] heartBeat,connected count=0
info|2025-10-07 07:48:30.233951|fisco-bcos-0x00007f135dea8dc0|[INITIALIZER][RPCInitializer],network_security.check_cert_issuer=true
info|2025-10-07 07:48:30.235039|fisco-bcos-0x00007f135dea8dc0|[CHANNEL][ChannelServer::run],threadPoolSize=8
info|2025-10-07 07:48:30.235109|fisco-bcos-0x00007f135dea8dc0|[CHANNEL]ChannelRPCServer started
info|2025-10-07 07:48:30.235115|fisco-bcos-0x00007f135dea8dc0|[INITIALIZER][RPCInitializer: ChannelRPCHttpServer started.],disableDynamicGroup=false,uncheckGroupMember=false,threadSize=8
info|2025-10-07 07:48:30.235124|fisco-bcos-0x00007f135dea8dc0|[INITIALIZER][LedgerInitializer]initConfig
info|2025-10-07 07:48:30.235143|fisco-bcos-0x00007f135dea8dc0|[LedgerInitializer],groupConfigPath=conf/
info|2025-10-07 07:48:30.235414|fisco-bcos-0x00007f135dea8dc0|[INITIALIZER][initSingleLedger] [GroupId], LedgerConstructor:  1,configFileName=conf/group.1.genesis,dataDir=data/
info|2025-10-07 07:48:30.235531|fisco-bcos-0x00007f135dea8dc0|[g:1][LedgerParam][parseGenesisConfig]initConsensusConfig/initStorageConfig/initTxConfig,configFile=conf/group.1.genesis
info|2025-10-07 07:48:30.235556|fisco-bcos-0x00007f135dea8dc0|[g:1][LedgerParam][initConsensusConfig],type=pbft,consensusTimeout=3,maxTxNum=1000,txGasLimit=300000000
info|2025-10-07 07:48:30.235574|fisco-bcos-0x00007f135dea8dc0|[g:1][LedgerParam][parsePublicKeyListOfSection],sectionName=consensus,it.first=73994dae9e8b8da733108a4153dfe79151d701dff425f84c87b5324e8ebd02ab6a0ebc9e4f1e0298a7ddca50f94a8f95c62b6997226d571e470e8f2b0600634a
info|2025-10-07 07:48:30.235589|fisco-bcos-0x00007f135dea8dc0|[g:1][LedgerParam][parsePublicKeyListOfSection],sectionName=consensus,it.first=374bdfe969e1d8ea1200ade93e5d8cf1a7d5741f238011004b0f43ca818706f194b2f067e1708125f7ffc536610b9a72addbd56b238d65f18912be39037ffcc5
info|2025-10-07 07:48:30.235601|fisco-bcos-0x00007f135dea8dc0|[g:1][LedgerParam][parsePublicKeyListOfSection],sectionName=consensus,it.first=87d00b98321fc70a5abc85ad9e80db10cce315194133697bf74aace1d3f8430957a766240f751752708f4282f46110d6ea56c3eb5d1c02ce98a66f327f595270
info|2025-10-07 07:48:30.235621|fisco-bcos-0x00007f135dea8dc0|[g:1][LedgerParam][parsePublicKeyListOfSection],sectionName=consensus,it.first=064cb676a36047a4b52ecbf9c01664b1e987d91b438110ba6a12d96972726622e824d295b1de8b0298b5afe7bbbc0bd04a3890e1a36eae028c1cfbe07971b995
info|2025-10-07 07:48:30.235628|fisco-bcos-0x00007f135dea8dc0|[g:1][LedgerParam][parsePublicKeyListOfSection],totalPubKeySize=4
info|2025-10-07 07:48:30.235651|fisco-bcos-0x00007f135dea8dc0|[g:1][LedgerParam][max_block_range],maxBlockRange=0,maxBlockPerProcess=3
info|2025-10-07 07:48:30.235658|fisco-bcos-0x00007f135dea8dc0|[g:1][LedgerParam][parseGenesisConfig],timestamp=1759762229000
info|2025-10-07 07:48:30.235668|fisco-bcos-0x00007f135dea8dc0|[g:1][LedgerParam]setEVMFlags,enableFreeStorageVMSchedule=false,evmFlags=0
info|2025-10-07 07:48:30.235682|fisco-bcos-0x00007f135dea8dc0|[g:1][LedgerParam]store evmFlag,evmFlag=0
info|2025-10-07 07:48:30.235687|fisco-bcos-0x00007f135dea8dc0|[g:1][LedgerParam]store consensus time,consensusTimeout=3
info|2025-10-07 07:48:30.235692|fisco-bcos-0x00007f135dea8dc0|[g:1][LedgerParam][initMark],genesisMark=1-064cb676a36047a4b52ecbf9c01664b1e987d91b438110ba6a12d96972726622e824d295b1de8b0298b5afe7bbbc0bd04a3890e1a36eae028c1cfbe07971b995,374bdfe969e1d8ea1200ade93e5d8cf1a7d5741f238011004b0f43ca818706f194b2f067e1708125f7ffc536610b9a72addbd56b238d65f18912be39037ffcc5,73994dae9e8b8da733108a4153dfe79151d701dff425f84c87b5324e8ebd02ab6a0ebc9e4f1e0298a7ddca50f94a8f95c62b6997226d571e470e8f2b0600634a,87d00b98321fc70a5abc85ad9e80db10cce315194133697bf74aace1d3f8430957a766240f751752708f4282f46110d6ea56c3eb5d1c02ce98a66f327f595270,-pbft-storage-0-1000-300000000-3
info|2025-10-07 07:48:30.235706|fisco-bcos-0x00007f135dea8dc0|[g:1][LedgerParam][initIniConfig]initTxPoolConfig/initSyncConfig/initTxExecuteConfig,configFile=conf/group.1.ini
info|2025-10-07 07:48:30.235872|fisco-bcos-0x00007f135dea8dc0|[g:1][LedgerParam][initStorageConfig],stateType=storage,storageDB=rocksdb,storagePath=data//group1/block/RocksDB,baseDir=data//group1,dbtype=mysql,dbip=127.0.0.1,dbport=3306,dbcharset=utf8mb4,initconnections=15,maxconnections=50,scrollThreshold=2000,enableReconfirmCommittee=false
info|2025-10-07 07:48:30.235890|fisco-bcos-0x00007f135dea8dc0|[g:1][LedgerParam][initTxPoolConfig],txPoolLimit=150000,memorySizeLimit(MB)=512,notifyWorkerNum=2,txsExpirationTime(ms)=600000
info|2025-10-07 07:48:30.235898|fisco-bcos-0x00007f135dea8dc0|[g:1][LedgerParam][initSyncConfig],idleWaitMs=200
info|2025-10-07 07:48:30.235908|fisco-bcos-0x00007f135dea8dc0|[g:1][LedgerParam][initSyncConfig],enableSendTxsByTree=true,enableSendBlockStatusByTree=true
info|2025-10-07 07:48:30.235915|fisco-bcos-0x00007f135dea8dc0|[g:1][LedgerParam][initSyncConfig],gossipInterval=1000
info|2025-10-07 07:48:30.235928|fisco-bcos-0x00007f135dea8dc0|[g:1][LedgerParam][initSyncConfig],enableSendBlockStatusByTree=true,gossipInterval=1000,gossipPeers=3,syncTreeWidth=3,maxQueueSizeForBlockSync=536870912,txsStatusGossipMaxPeers=5,syncInfoPrintInterval=10,freeNodeRead=false
info|2025-10-07 07:48:30.235936|fisco-bcos-0x00007f135dea8dc0|[g:1][LedgerParam][InitTxExecuteConfig],enableParallel=true
info|2025-10-07 07:48:30.235962|fisco-bcos-0x00007f135dea8dc0|[g:1][LedgerParam][initConsensusIniConfig],maxTTL=2,minBlockGenerationTime=500,enablDynamicBlockSize=true,blockSizeIncreaseRatio=0.5,enableTTLOptimize=true,enablePrepareWithTxsHash=true
info|2025-10-07 07:48:30.235991|fisco-bcos-0x00007f135dea8dc0|[g:1][LedgerParam][initRPBFTConsensusIniConfig],broadcastPrepareByTree=true,prepareStatusBroadcastPercent=33,maxRequestMissedTxsWaitTime=100,maxRequestPrepareWaitTime=100
info|2025-10-07 07:48:30.235999|fisco-bcos-0x00007f135dea8dc0|[g:1][LedgerParam][initFlowControlConfig],maxQPS=9223372036854775807,outGoingBandwidth(Bytes)=9223372036854775807
info|2025-10-07 07:48:30.236005|fisco-bcos-0x00007f135dea8dc0|[g:1][LedgerParam]parseSDKAllowList,sdkAllowList=[],enableSDKAllowListControl=false
info|2025-10-07 07:48:30.236023|fisco-bcos-0x00007f135dea8dc0|[g:1][LEDGER][initLedger][DBInitializer]
info|2025-10-07 07:48:30.236027|fisco-bcos-0x00007f135dea8dc0|[g:1][LEDGER]setSDKAllowList,groupId=1,sdkAllowListSize=0
info|2025-10-07 07:48:30.236032|fisco-bcos-0x00007f135dea8dc0|[g:1][CHANNEL]registerSDKAllowListByGroupId,groupId=1,size=0
info|2025-10-07 07:48:30.236037|fisco-bcos-0x00007f135dea8dc0|[g:1][CHANNEL]Disable group-level sdk permission control for sdk allowlist is empty
info|2025-10-07 07:48:30.236049|fisco-bcos-0x00007f135dea8dc0|[g:1][DBINITIALIZER] [initStorageDB]
info|2025-10-07 07:48:30.236054|fisco-bcos-0x00007f135dea8dc0|[g:1][DBINITIALIZER] [initRocksDBStorage]
info|2025-10-07 07:48:30.236080|fisco-bcos-0x00007f135dea8dc0|[g:1][ROCKSDB]open rocksDB handler,path=data//group1/block/RocksDB
info|2025-10-07 07:48:30.243177|io_service-0x00007f135b12f700|[NETWORK][Host]P2P StartAccept,Host=0.0.0.0:30303
info|2025-10-07 07:48:30.245320|io_service-0x00007f135b12f700|[NETWORK][Host]P2P Recv Connect, From=127.0.0.1:38790
info|2025-10-07 07:48:30.245939|io_service-0x00007f135b12f700|[NETWORK][Host]P2P StartAccept,Host=0.0.0.0:30303
info|2025-10-07 07:48:30.250874|fisco-bcos-0x00007f135dea8dc0|[g:1][g:1][STORAGE][CachedStorage]Init flushStorage thread
info|2025-10-07 07:48:30.251009|fisco-bcos-0x00007f135dea8dc0|[g:1][DBINITIALIZER] [init CachedStorage],maxCapacity=32,maxForwardBlock=10
info|2025-10-07 07:48:30.251041|fisco-bcos-0x00007f135dea8dc0|[g:1][LEDGER][initLedger][initBlockChain]
info|2025-10-07 07:48:30.251829|fisco-bcos-0x00007f135dea8dc0|[g:1][LEDGER]set enableHexBlock to be false,version=34275328
info|2025-10-07 07:48:30.251890|fisco-bcos-0x00007f135dea8dc0|[g:1][BLOCKCHAIN][#checkAndBuildGenesisBlock],shouldBuild=false
info|2025-10-07 07:48:30.252982|fisco-bcos-0x00007f135dea8dc0|[g:1][BLOCKCHAIN][#checkAndBuildGenesisBlock]Already have the 0th block, 0th groupMark is equal to file groupMark.
info|2025-10-07 07:48:30.253031|fisco-bcos-0x00007f135dea8dc0|[g:1][LEDGER][initLedger]initBlockChain SUCC
info|2025-10-07 07:48:30.253294|fisco-bcos-0x00007f135dea8dc0|[g:1][DBINITIALIZER] [createStateFactory],type=storage
info|2025-10-07 07:48:30.253490|fisco-bcos-0x00007f135dea8dc0|[g:1][DBINITIALIZER] createStorageState SUCC
info|2025-10-07 07:48:30.253618|fisco-bcos-0x00007f135dea8dc0|[g:1][DBINITIALIZER] [createStateFactory SUCC]
info|2025-10-07 07:48:30.253648|fisco-bcos-0x00007f135dea8dc0|[g:1][DBINITIALIZER] createExecutiveContext...
info|2025-10-07 07:48:30.253678|fisco-bcos-0x00007f135dea8dc0|[g:1][LEDGER]createGasMetric,vmFlagType=0
info|2025-10-07 07:48:30.253698|fisco-bcos-0x00007f135dea8dc0|[g:1][LEDGER]createGasMetric
info|2025-10-07 07:48:30.253719|fisco-bcos-0x00007f135dea8dc0|[g:1][DBINITIALIZER] create precompiledGasFactory and precompiledResultFactory
info|2025-10-07 07:48:30.253735|fisco-bcos-0x00007f135dea8dc0|[g:1][DBINITIALIZER] createExecutiveContext SUCC
info|2025-10-07 07:48:30.253753|fisco-bcos-0x00007f135dea8dc0|[g:1][DBINITIALIZER] [setSyncNumForCachedStorage],syncNum=49
info|2025-10-07 07:48:30.253772|fisco-bcos-0x00007f135dea8dc0|[g:1][LEDGER][initNetworkBandWidthLimiter: outGoingBandwidthLimit has been disabled],groupId=1
info|2025-10-07 07:48:30.253790|fisco-bcos-0x00007f135dea8dc0|[g:1][LEDGER][QPSLimit has been disabled],groupId=1
info|2025-10-07 07:48:30.253806|fisco-bcos-0x00007f135dea8dc0|[g:1][LEDGER][initLedger][initBlockVerifier]
info|2025-10-07 07:48:30.253826|fisco-bcos-0x00007f135dea8dc0|[g:1][LEDGER][initLedger][initBlockVerifier SUCC],evmFlags=0
info|2025-10-07 07:48:30.253843|fisco-bcos-0x00007f135dea8dc0|[g:1][LEDGER][initLedger][initTxPool],txPoolLimit=150000
info|2025-10-07 07:48:30.258803|io_service-0x00007f135b12f700|[NETWORK][ASIO]asyncResolveConnect,endpoint=127.0.0.1:30300
info|2025-10-07 07:48:30.260133|io_service-0x00007f135b12f700|[NETWORK][ASIO]asyncResolveConnect,endpoint=127.0.0.1:30301
info|2025-10-07 07:48:30.261977|io_service-0x00007f135b12f700|[NETWORK][ASIO]asyncResolveConnect,endpoint=127.0.0.1:30302
info|2025-10-07 07:48:30.262207|io_service-0x00007f135b12f700|[NETWORK][ASIO]asyncResolveConnect,endpoint=127.0.0.1:30303
warning|2025-10-07 07:48:30.263031|io_service-0x00007f135b12f700|[NETWORK][Host]TCP Connection refused by node,endpoint=127.0.0.1:30301,message=Connection refused
warning|2025-10-07 07:48:30.263301|P2P-0x00007f135d133700|[P2P][Service] onConnect,code=5,nodeID=00000000...,nodeName=,endpoint=unknown,what=Connect failed
info|2025-10-07 07:48:30.263694|io_service-0x00007f135b12f700|[NETWORK][Host]P2P Recv Connect, From=127.0.0.1:38804
info|2025-10-07 07:48:30.263790|io_service-0x00007f135b12f700|[NETWORK][Host]P2P StartAccept,Host=0.0.0.0:30303
info|2025-10-07 07:48:30.281723|io_service-0x00007f135b12f700|[NETWORK][Host]handshakeClient succ,local endpoint=127.0.0.1:41540
info|2025-10-07 07:48:30.281989|P2P-0x00007f135c932700|[P2P][Service] Connection established,nodeID=87d00b98...,endpoint=127.0.0.1:30302
info|2025-10-07 07:48:30.282062|io_service-0x00007f135b12f700|[NETWORK][Host]startPeerSession, Remote=127.0.0.1:30302,local endpoint=127.0.0.1:41540,nodeID=87d00b98...
info|2025-10-07 07:48:30.282114|io_service-0x00007f135b12f700|[NETWORK][Host]handshakeServer succ,remote endpoint=127.0.0.1:38804
info|2025-10-07 07:48:30.282174|io_service-0x00007f135b12f700|[NETWORK][Host]startPeerSession, Remote=127.0.0.1:38804,local endpoint=127.0.0.1:30303,nodeID=064cb676...
info|2025-10-07 07:48:30.282491|io_service-0x00007f135b12f700|[NETWORK][Host]handshakeClient succ,local endpoint=127.0.0.1:38804
info|2025-10-07 07:48:30.282567|io_service-0x00007f135b12f700|[NETWORK][Host]startPeerSession, Remote=127.0.0.1:30303,local endpoint=127.0.0.1:38804,nodeID=064cb676...
info|2025-10-07 07:48:30.286946|fisco-bcos-0x00007f135dea8dc0|[g:1][LEDGER][initLedger]initTxPool SUCC
info|2025-10-07 07:48:30.286998|fisco-bcos-0x00007f135dea8dc0|[g:1][LEDGER][initLedger][initSync],idleWaitMs=200,gossipInterval=1000,gossipPeers=3
info|2025-10-07 07:48:30.287007|fisco-bcos-0x00007f135dea8dc0|[g:1][LEDGER]Init sync master,enableSendBlockStatusByTree=true,enableSendTxsByTree=true
info|2025-10-07 07:48:30.287507|fisco-bcos-0x00007f135dea8dc0|[g:1][LEDGER][initLedger]initSync SUCC
info|2025-10-07 07:48:30.287532|fisco-bcos-0x00007f135dea8dc0|[g:1][LEDGER][initLedger][consensusInitFactory]
info|2025-10-07 07:48:30.287537|fisco-bcos-0x00007f135dea8dc0|[g:1][LEDGER][initLedger][createPBFTSealer]
info|2025-10-07 07:48:30.287540|fisco-bcos-0x00007f135dea8dc0|[g:1][LEDGER][initLedger][createPBFTSealer],baseDir=data//group1,Protocol=65544
info|2025-10-07 07:48:30.287590|fisco-bcos-0x00007f135dea8dc0|[g:1][LEDGER][initLedger]createPBFTSealer for PBFT or rPBFT,consensusType=pbft
info|2025-10-07 07:48:30.287611|fisco-bcos-0x00007f135dea8dc0|[g:1][LEDGER]createConsensusEngine: create PBFTEngine
info|2025-10-07 07:48:30.287621|fisco-bcos-0x00007f135dea8dc0|[g:1][CONSENSUS][PBFT]Register handler for PBFTEngine
info|2025-10-07 07:48:30.287913|fisco-bcos-0x00007f135dea8dc0|[g:1][CONSENSUS][PBFT]setMinBlockGenerationTime,minBlockGenerationTime=500,consensusTime=1000
info|2025-10-07 07:48:30.287940|fisco-bcos-0x00007f135dea8dc0|[g:1][LEDGER][initEventLogFilterManager]initEventLogFilterManager SUCC
info|2025-10-07 07:48:30.287946|fisco-bcos-0x00007f135dea8dc0|[LedgerInitializer init group succ],groupID=1
info|2025-10-07 07:48:30.288102|fisco-bcos-0x00007f135dea8dc0|[SafeHttpServer::StartListening]use default epoll
info|2025-10-07 07:48:30.288347|fisco-bcos-0x00007f135dea8dc0|[INITIALIZER][RPCInitializer JsonrpcHttpServer started],jsonrpc_IP=127.0.0.1,jsonrpc_listen_port=8548,jsonrpc_thread_count=8,ipv6=false,disableDynamicGroup=false,uncheckGroupMember=false
info|2025-10-07 07:48:30.288379|fisco-bcos-0x00007f135dea8dc0|[g:1][LEDGER]startAll...
info|2025-10-07 07:48:30.298305|fisco-bcos-0x00007f135dea8dc0|[g:1][GossipBlockStatus]start GossipBlockStatus succ
info|2025-10-07 07:48:30.298381|fisco-bcos-0x00007f135dea8dc0|[g:1][CONSENSUS][ConsensusEngine][Start ConsensusEngineBase]
info|2025-10-07 07:48:30.299075|io_service-0x00007f135b12f700|[NETWORK][Host]P2P Recv Connect, From=127.0.0.1:38812
info|2025-10-07 07:48:30.299122|io_service-0x00007f135b12f700|[NETWORK][Host]P2P StartAccept,Host=0.0.0.0:30303
info|2025-10-07 07:48:30.301677|fisco-bcos-0x00007f135dea8dc0|[g:1][CONSENSUS][PBFT]^^^^^^^^Report,num=49,sealerIdx=2,hash=3422f704...,next=50,tx=1,nodeIdx=0
info|2025-10-07 07:48:30.301858|fisco-bcos-0x00007f135dea8dc0|[g:1][ROCKSDB]open rocksDB handler,path=data//group1/pbftMsgBackup/RocksDB
info|2025-10-07 07:48:30.313159|io_service-0x00007f135b12f700|[NETWORK][Host]handshakeServer succ,remote endpoint=127.0.0.1:38812
info|2025-10-07 07:48:30.313289|P2P-0x00007f135c932700|[P2P][Service] Connection established,nodeID=374bdfe9...,endpoint=127.0.0.1:38812
info|2025-10-07 07:48:30.313314|io_service-0x00007f135b12f700|[NETWORK][Host]startPeerSession, Remote=127.0.0.1:38812,local endpoint=127.0.0.1:30303,nodeID=374bdfe9...
info|2025-10-07 07:48:30.324417|fisco-bcos-0x00007f135dea8dc0|[g:1][CONSENSUS][PBFT][PBFT init env successfully]
info|2025-10-07 07:48:30.324458|fisco-bcos-0x00007f135dea8dc0|[g:1][CONSENSUS][PBFT][Start PBFTEngine...]
info|2025-10-07 07:48:30.324464|fisco-bcos-0x00007f135dea8dc0|[g:1][CONSENSUS][SEALER][Start sealer module]
info|2025-10-07 07:48:30.326915|io_service-0x00007f135b12f700|[NETWORK][Host]handshakeServer succ,remote endpoint=127.0.0.1:38790
info|2025-10-07 07:48:30.329154|P2P-0x00007f135c131700|[P2P][Service] Connection established,nodeID=73994dae...,endpoint=127.0.0.1:38790
info|2025-10-07 07:48:30.329210|io_service-0x00007f135b12f700|[NETWORK][Host]startPeerSession, Remote=127.0.0.1:38790,local endpoint=127.0.0.1:30303,nodeID=73994dae...
info|2025-10-07 07:48:30.335420|fisco-bcos-0x00007f135dea8dc0|[g:1][EVENT][EventLogFilterManager]start,m_maxBlockRange=0,m_maxBlockPerLoopFilter=3
info|2025-10-07 07:48:30.345867|io_service-0x00007f135b12f700|[NETWORK][Host]handshakeClient succ,local endpoint=127.0.0.1:53654
info|2025-10-07 07:48:30.345905|io_service-0x00007f135b12f700|[NETWORK][Host]startPeerSession, Remote=127.0.0.1:30300,local endpoint=127.0.0.1:53654,nodeID=73994dae...
info|2025-10-07 07:48:30.347014|alignTime-1-0x00007f134b910700|[g:1][NodeTimeMaintenance]updateTimeInfo: update median time offset,updatedMedianTimeOffset=-1,peer=73994dae...,peerTime=1759848510346,peerOffset=-1,utcTime=1759848510347
info|2025-10-07 07:48:30.350247|alignTime-1-0x00007f134b910700|[g:1][NodeTimeMaintenance]updateTimeInfo: update median time offset,updatedMedianTimeOffset=0,peer=374bdfe9...,peerTime=1759848510350,peerOffset=0,utcTime=1759848510350
info|2025-10-07 07:48:30.472798|alignTime-1-0x00007f134b910700|[g:1][NodeTimeMaintenance]updateTimeInfo: update median time offset,updatedMedianTimeOffset=0,peer=87d00b98...,peerTime=1759848510472,peerOffset=0,utcTime=1759848510472
info|2025-10-07 07:48:31.359216|PBFT-1-0x00007f13410fb700|[g:1][CONSENSUS]addRawPrepare,height=50,reqIdx=1,hash=4f139c06...,time=0
info|2025-10-07 07:48:31.361134|PBFT-1-0x00007f13410fb700|[g:1][CONSENSUS][PBFT]checkTimeout Succ,view=0,toView=1,nodeIdx=0,changeCycle=1,myNode=064cb676...,timecost=2
info|2025-10-07 07:48:31.366650|PBFT-1-0x00007f13410fb700|[g:1][CONSENSUS][PBFT]checkAndChangeView: Reach consensus,org_view=0,cur_changeCycle=1,curView=0,view=1
info|2025-10-07 07:48:32.371191|PBFT-1-0x00007f13410fb700|[g:1][CONSENSUS]addRawPrepare,height=50,reqIdx=2,hash=a2375056...,time=0
info|2025-10-07 07:48:32.373605|PBFT-1-0x00007f13410fb700|[g:1][CONSENSUS][PBFT]checkTimeout Succ,view=1,toView=2,nodeIdx=0,changeCycle=1,myNode=064cb676...,timecost=2
info|2025-10-07 07:48:32.382065|PBFT-1-0x00007f13410fb700|[g:1][CONSENSUS][PBFT]checkAndChangeView: Reach consensus,org_view=1,cur_changeCycle=1,curView=1,view=2
info|2025-10-07 07:48:33.392676|PBFT-1-0x00007f13410fb700|[g:1][CONSENSUS]addRawPrepare,height=50,reqIdx=3,hash=5ec35e3b...,time=0
info|2025-10-07 07:48:33.394027|PBFT-1-0x00007f13410fb700|[g:1][CONSENSUS][PBFT]checkTimeout Succ,view=2,toView=3,nodeIdx=0,changeCycle=1,myNode=064cb676...,timecost=2
info|2025-10-07 07:48:33.400742|PBFT-1-0x00007f13410fb700|[g:1][CONSENSUS][PBFT]checkAndChangeView: Reach consensus,org_view=2,cur_changeCycle=1,curView=2,view=3
info|2025-10-07 07:48:34.402597|PBFTSeal-1-0x00007f13398ec700|[g:1][CONSENSUS][SEALER]++++++++++++++++ Generating seal on,blkNum=50,tx=0,nodeIdx=0,hash=adb598da...
info|2025-10-07 07:48:34.410555|PBFT-1-0x00007f13410fb700|[g:1][CONSENSUS][PBFT]checkTimeout Succ,view=3,toView=4,nodeIdx=0,changeCycle=1,myNode=064cb676...,timecost=2
info|2025-10-07 07:48:34.419025|PBFT-1-0x00007f13410fb700|[g:1][CONSENSUS][PBFT]checkAndChangeView: Reach consensus,org_view=3,cur_changeCycle=1,curView=3,view=4
info|2025-10-07 07:48:35.424099|PBFT-1-0x00007f13410fb700|[g:1][CONSENSUS]addRawPrepare,height=50,reqIdx=1,hash=141a8a3d...,time=0
info|2025-10-07 07:48:35.432695|PBFT-1-0x00007f13410fb700|[g:1][CONSENSUS][PBFT]checkTimeout Succ,view=4,toView=5,nodeIdx=0,changeCycle=1,myNode=064cb676...,timecost=8
info|2025-10-07 07:48:35.436742|PBFT-1-0x00007f13410fb700|[g:1][CONSENSUS][PBFT]checkAndChangeView: Reach consensus,org_view=4,cur_changeCycle=1,curView=4,view=5
info|2025-10-07 07:48:36.443774|PBFT-1-0x00007f13410fb700|[g:1][CONSENSUS]addRawPrepare,height=50,reqIdx=2,hash=1bbbf031...,time=0
info|2025-10-07 07:48:36.447383|PBFT-1-0x00007f13410fb700|[g:1][CONSENSUS][PBFT]checkTimeout Succ,view=5,toView=6,nodeIdx=0,changeCycle=1,myNode=064cb676...,timecost=4
info|2025-10-07 07:48:36.459208|PBFT-1-0x00007f13410fb700|[g:1][CONSENSUS][PBFT]checkAndChangeView: Reach consensus,org_view=5,cur_changeCycle=1,curView=5,view=6
info|2025-10-07 07:48:37.468321|PBFT-1-0x00007f13410fb700|[g:1][CONSENSUS]addRawPrepare,height=50,reqIdx=3,hash=50cd7ea0...,time=0
info|2025-10-07 07:48:37.472982|PBFT-1-0x00007f13410fb700|[g:1][CONSENSUS][PBFT]checkTimeout Succ,view=6,toView=7,nodeIdx=0,changeCycle=1,myNode=064cb676...,timecost=4
info|2025-10-07 07:48:37.477201|PBFT-1-0x00007f13410fb700|[g:1][CONSENSUS][PBFT]checkAndChangeView: Reach consensus,org_view=6,cur_changeCycle=1,curView=6,view=7
info|2025-10-07 07:48:38.478243|PBFTSeal-1-0x00007f13398ec700|[g:1][CONSENSUS][SEALER]++++++++++++++++ Generating seal on,blkNum=50,tx=0,nodeIdx=0,hash=aa24f3b1...
info|2025-10-07 07:48:38.481211|PBFT-1-0x00007f13410fb700|[g:1][CONSENSUS][PBFT]checkTimeout Succ,view=7,toView=8,nodeIdx=0,changeCycle=1,myNode=064cb676...,timecost=2
info|2025-10-07 07:48:38.491893|PBFT-1-0x00007f13410fb700|[g:1][CONSENSUS][PBFT]checkAndChangeView: Reach consensus,org_view=7,cur_changeCycle=1,curView=7,view=8
info|2025-10-07 07:48:39.496660|PBFT-1-0x00007f13410fb700|[g:1][CONSENSUS]addRawPrepare,height=50,reqIdx=1,hash=7f4a021e...,time=2
info|2025-10-07 07:48:39.500444|PBFT-1-0x00007f13410fb700|[g:1][CONSENSUS][PBFT]checkTimeout Succ,view=8,toView=9,nodeIdx=0,changeCycle=1,myNode=064cb676...,timecost=2
info|2025-10-07 07:48:39.510630|PBFT-1-0x00007f13410fb700|[g:1][CONSENSUS][PBFT]checkAndChangeView: Reach consensus,org_view=8,cur_changeCycle=1,curView=8,view=9
info|2025-10-07 07:48:40.174731|io_service-0x00007f135b12f700|[NETWORK][Host]P2P Recv Connect, From=127.0.0.1:38124
info|2025-10-07 07:48:40.174806|io_service-0x00007f135b12f700|[NETWORK][Host]P2P StartAccept,Host=0.0.0.0:30303
info|2025-10-07 07:48:40.183562|io_service-0x00007f135b12f700|[NETWORK][Host]handshakeServer succ,remote endpoint=127.0.0.1:38124
info|2025-10-07 07:48:40.183676|io_service-0x00007f135b12f700|[NETWORK][Host]startPeerSession, Remote=127.0.0.1:38124,local endpoint=127.0.0.1:30303,nodeID=87d00b98...
info|2025-10-07 07:48:40.234338|io_service-0x00007f135b12f700|[NETWORK][Host]Connecting to node,endpoint=127.0.0.1:30301
info|2025-10-07 07:48:40.234448|io_service-0x00007f135b12f700|[P2P][Service] heartBeat,connected count=3
info|2025-10-07 07:48:40.234640|io_service-0x00007f135b12f700|[NETWORK][ASIO]asyncResolveConnect,endpoint=127.0.0.1:30301
info|2025-10-07 07:48:40.245737|io_service-0x00007f135b12f700|[NETWORK][Host]handshakeClient succ,local endpoint=127.0.0.1:35866
info|2025-10-07 07:48:40.245809|io_service-0x00007f135b12f700|[NETWORK][Host]startPeerSession, Remote=127.0.0.1:30301,local endpoint=127.0.0.1:35866,nodeID=374bdfe9...
info|2025-10-07 07:48:40.561459|PBFT-1-0x00007f13410fb700|[g:1][CONSENSUS]addRawPrepare,height=50,reqIdx=2,hash=0accde69...,time=0
info|2025-10-07 07:48:40.564532|PBFT-1-0x00007f13410fb700|[g:1][CONSENSUS][PBFT]checkTimeout Succ,view=9,toView=10,nodeIdx=0,changeCycle=1,myNode=064cb676...,timecost=3
info|2025-10-07 07:48:40.566445|PBFT-1-0x00007f13410fb700|[g:1][CONSENSUS][PBFT]checkAndChangeView: Reach consensus,org_view=9,cur_changeCycle=1,curView=9,view=10
info|2025-10-07 07:48:41.574020|PBFT-1-0x00007f13410fb700|[g:1][CONSENSUS]addRawPrepare,height=50,reqIdx=3,hash=0a62d318...,time=0
info|2025-10-07 07:48:41.575932|PBFT-1-0x00007f13410fb700|[g:1][CONSENSUS][PBFT]checkTimeout Succ,view=10,toView=11,nodeIdx=0,changeCycle=1,myNode=064cb676...,timecost=1
info|2025-10-07 07:48:41.588670|PBFT-1-0x00007f13410fb700|[g:1][CONSENSUS][PBFT]checkAndChangeView: Reach consensus,org_view=10,cur_changeCycle=1,curView=10,view=11
info|2025-10-07 07:48:42.589006|PBFTSeal-1-0x00007f13398ec700|[g:1][CONSENSUS][SEALER]++++++++++++++++ Generating seal on,blkNum=50,tx=0,nodeIdx=0,hash=a677bac8...
info|2025-10-07 07:48:42.596080|PBFT-1-0x00007f13410fb700|[g:1][CONSENSUS][PBFT]checkTimeout Succ,view=11,toView=12,nodeIdx=0,changeCycle=1,myNode=064cb676...,timecost=6
info|2025-10-07 07:48:42.605762|PBFT-1-0x00007f13410fb700|[g:1][CONSENSUS][PBFT]checkAndChangeView: Reach consensus,org_view=11,cur_changeCycle=1,curView=11,view=12
info|2025-10-07 07:48:43.616632|PBFT-1-0x00007f13410fb700|[g:1][CONSENSUS]addRawPrepare,height=50,reqIdx=1,hash=755e54d0...,time=0
info|2025-10-07 07:48:43.620573|PBFT-1-0x00007f13410fb700|[g:1][CONSENSUS][PBFT]checkTimeout Succ,view=12,toView=13,nodeIdx=0,changeCycle=1,myNode=064cb676...,timecost=4
info|2025-10-07 07:48:43.623442|PBFT-1-0x00007f13410fb700|[g:1][CONSENSUS][PBFT]checkAndChangeView: Reach consensus,org_view=12,cur_changeCycle=1,curView=12,view=13
info|2025-10-07 07:48:44.631145|PBFT-1-0x00007f13410fb700|[g:1][CONSENSUS]addRawPrepare,height=50,reqIdx=2,hash=8533f7e2...,time=0
info|2025-10-07 07:48:44.632764|PBFT-1-0x00007f13410fb700|[g:1][CONSENSUS][PBFT]checkTimeout Succ,view=13,toView=14,nodeIdx=0,changeCycle=1,myNode=064cb676...,timecost=1
info|2025-10-07 07:48:44.640518|PBFT-1-0x00007f13410fb700|[g:1][CONSENSUS][PBFT]checkAndChangeView: Reach consensus,org_view=13,cur_changeCycle=1,curView=13,view=14
info|2025-10-07 07:48:45.645870|PBFT-1-0x00007f13410fb700|[g:1][CONSENSUS]addRawPrepare,height=50,reqIdx=3,hash=ba33055c...,time=0
info|2025-10-07 07:48:45.650158|PBFT-1-0x00007f13410fb700|[g:1][CONSENSUS][PBFT]checkTimeout Succ,view=14,toView=15,nodeIdx=0,changeCycle=1,myNode=064cb676...,timecost=3
info|2025-10-07 07:48:45.655179|PBFT-1-0x00007f13410fb700|[g:1][CONSENSUS][PBFT]checkAndChangeView: Reach consensus,org_view=14,cur_changeCycle=1,curView=14,view=15
info|2025-10-07 07:48:46.657626|PBFTSeal-1-0x00007f13398ec700|[g:1][CONSENSUS][SEALER]++++++++++++++++ Generating seal on,blkNum=50,tx=0,nodeIdx=0,hash=b6993a0b...
info|2025-10-07 07:48:46.663570|PBFT-1-0x00007f13410fb700|[g:1][CONSENSUS][PBFT]checkTimeout Succ,view=15,toView=16,nodeIdx=0,changeCycle=1,myNode=064cb676...,timecost=4
info|2025-10-07 07:48:46.672683|PBFT-1-0x00007f13410fb700|[g:1][CONSENSUS][PBFT]checkAndChangeView: Reach consensus,org_view=15,cur_changeCycle=1,curView=15,view=16
info|2025-10-07 07:48:47.678996|PBFT-1-0x00007f13410fb700|[g:1][CONSENSUS]addRawPrepare,height=50,reqIdx=1,hash=8724c69f...,time=1
info|2025-10-07 07:48:47.683302|PBFT-1-0x00007f13410fb700|[g:1][CONSENSUS][PBFT]checkTimeout Succ,view=16,toView=17,nodeIdx=0,changeCycle=1,myNode=064cb676...,timecost=4
info|2025-10-07 07:48:47.688421|PBFT-1-0x00007f13410fb700|[g:1][CONSENSUS][PBFT]checkAndChangeView: Reach consensus,org_view=16,cur_changeCycle=1,curView=16,view=17
info|2025-10-07 07:48:48.689591|PBFT-1-0x00007f13410fb700|[g:1][CONSENSUS]addRawPrepare,height=50,reqIdx=2,hash=3e886868...,time=0
info|2025-10-07 07:48:48.691300|PBFT-1-0x00007f13410fb700|[g:1][CONSENSUS][PBFT]checkTimeout Succ,view=17,toView=18,nodeIdx=0,changeCycle=1,myNode=064cb676...,timecost=2
info|2025-10-07 07:48:48.700661|PBFT-1-0x00007f13410fb700|[g:1][CONSENSUS][PBFT]checkAndChangeView: Reach consensus,org_view=17,cur_changeCycle=1,curView=17,view=18
info|2025-10-07 07:48:49.707861|PBFT-1-0x00007f13410fb700|[g:1][CONSENSUS]addRawPrepare,height=50,reqIdx=3,hash=25cf1e08...,time=0
info|2025-10-07 07:48:49.713633|PBFT-1-0x00007f13410fb700|[g:1][CONSENSUS][PBFT]checkTimeout Succ,view=18,toView=19,nodeIdx=0,changeCycle=1,myNode=064cb676...,timecost=4
info|2025-10-07 07:48:49.721797|PBFT-1-0x00007f13410fb700|[g:1][CONSENSUS][PBFT]checkAndChangeView: Reach consensus,org_view=18,cur_changeCycle=1,curView=18,view=19
info|2025-10-07 07:48:50.234730|io_service-0x00007f135b12f700|[P2P][Service] heartBeat,connected count=3
info|2025-10-07 07:48:50.329283|P2P-0x00007f135c131700|[NETWORK][Session]Received topic: [2	_block_notify_1] from 73994dae9e8b8da733108a4153dfe79151d701dff425f84c87b5324e8ebd02ab6a0ebc9e4f1e0298a7ddca50f94a8f95c62b6997226d571e470e8f2b0600634a
info|2025-10-07 07:48:50.723133|PBFTSeal-1-0x00007f13398ec700|[g:1][CONSENSUS][SEALER]++++++++++++++++ Generating seal on,blkNum=50,tx=0,nodeIdx=0,hash=b13419da...
info|2025-10-07 07:48:50.734941|PBFT-1-0x00007f13410fb700|[g:1][CONSENSUS][PBFT]checkTimeout Succ,view=19,toView=20,nodeIdx=0,changeCycle=1,myNode=064cb676...,timecost=4
info|2025-10-07 07:48:50.740555|PBFT-1-0x00007f13410fb700|[g:1][CONSENSUS][PBFT]checkAndChangeView: Reach consensus,org_view=19,cur_changeCycle=1,curView=19,view=20
info|2025-10-07 07:48:51.743510|PBFT-1-0x00007f13410fb700|[g:1][CONSENSUS]addRawPrepare,height=50,reqIdx=1,hash=c49ae6e7...,time=0
info|2025-10-07 07:48:51.749098|PBFT-1-0x00007f13410fb700|[g:1][CONSENSUS][PBFT]checkTimeout Succ,view=20,toView=21,nodeIdx=0,changeCycle=1,myNode=064cb676...,timecost=6
info|2025-10-07 07:48:51.754767|PBFT-1-0x00007f13410fb700|[g:1][CONSENSUS][PBFT]checkAndChangeView: Reach consensus,org_view=20,cur_changeCycle=1,curView=20,view=21
info|2025-10-07 07:48:52.759971|PBFT-1-0x00007f13410fb700|[g:1][CONSENSUS]addRawPrepare,height=50,reqIdx=2,hash=fbcf397c...,time=0
info|2025-10-07 07:48:52.761913|PBFT-1-0x00007f13410fb700|[g:1][CONSENSUS][PBFT]checkTimeout Succ,view=21,toView=22,nodeIdx=0,changeCycle=1,myNode=064cb676...,timecost=1
info|2025-10-07 07:48:52.774102|PBFT-1-0x00007f13410fb700|[g:1][CONSENSUS][PBFT]checkAndChangeView: Reach consensus,org_view=21,cur_changeCycle=1,curView=21,view=22
info|2025-10-07 07:48:53.784498|PBFT-1-0x00007f13410fb700|[g:1][CONSENSUS]addRawPrepare,height=50,reqIdx=3,hash=d93c4010...,time=0
info|2025-10-07 07:48:53.788345|PBFT-1-0x00007f13410fb700|[g:1][CONSENSUS][PBFT]checkTimeout Succ,view=22,toView=23,nodeIdx=0,changeCycle=1,myNode=064cb676...,timecost=4
info|2025-10-07 07:48:53.792261|PBFT-1-0x00007f13410fb700|[g:1][CONSENSUS][PBFT]checkAndChangeView: Reach consensus,org_view=22,cur_changeCycle=1,curView=22,view=23
info|2025-10-07 07:48:54.792204|PBFTSeal-1-0x00007f13398ec700|[g:1][CONSENSUS][SEALER]++++++++++++++++ Generating seal on,blkNum=50,tx=0,nodeIdx=0,hash=d351847e...
info|2025-10-07 07:48:54.799850|PBFT-1-0x00007f13410fb700|[g:1][CONSENSUS][PBFT]checkTimeout Succ,view=23,toView=24,nodeIdx=0,changeCycle=1,myNode=064cb676...,timecost=2
info|2025-10-07 07:48:54.810375|PBFT-1-0x00007f13410fb700|[g:1][CONSENSUS][PBFT]checkAndChangeView: Reach consensus,org_view=23,cur_changeCycle=1,curView=23,view=24
info|2025-10-07 07:48:55.814942|PBFT-1-0x00007f13410fb700|[g:1][CONSENSUS]addRawPrepare,height=50,reqIdx=1,hash=0662a36f...,time=0
info|2025-10-07 07:48:55.818139|PBFT-1-0x00007f13410fb700|[g:1][CONSENSUS][PBFT]checkTimeout Succ,view=24,toView=25,nodeIdx=0,changeCycle=1,myNode=064cb676...,timecost=2
info|2025-10-07 07:48:55.821329|PBFT-1-0x00007f13410fb700|[g:1][CONSENSUS][PBFT]checkAndChangeView: Reach consensus,org_view=24,cur_changeCycle=1,curView=24,view=25
info|2025-10-07 07:48:56.869551|PBFT-1-0x00007f13410fb700|[g:1][CONSENSUS]addRawPrepare,height=50,reqIdx=2,hash=61586fa8...,time=0
info|2025-10-07 07:48:56.871056|PBFT-1-0x00007f13410fb700|[g:1][CONSENSUS][PBFT]checkTimeout Succ,view=25,toView=26,nodeIdx=0,changeCycle=1,myNode=064cb676...,timecost=2
info|2025-10-07 07:48:56.875685|PBFT-1-0x00007f13410fb700|[g:1][CONSENSUS][PBFT]checkAndChangeView: Reach consensus,org_view=25,cur_changeCycle=1,curView=25,view=26
info|2025-10-07 07:48:57.885126|PBFT-1-0x00007f13410fb700|[g:1][CONSENSUS]addRawPrepare,height=50,reqIdx=3,hash=751cb036...,time=0
info|2025-10-07 07:48:57.890866|PBFT-1-0x00007f13410fb700|[g:1][CONSENSUS][PBFT]checkTimeout Succ,view=26,toView=27,nodeIdx=0,changeCycle=1,myNode=064cb676...,timecost=4
info|2025-10-07 07:48:57.894554|PBFT-1-0x00007f13410fb700|[g:1][CONSENSUS][PBFT]checkAndChangeView: Reach consensus,org_view=26,cur_changeCycle=1,curView=26,view=27
info|2025-10-07 07:48:58.895942|PBFTSeal-1-0x00007f13398ec700|[g:1][CONSENSUS][SEALER]++++++++++++++++ Generating seal on,blkNum=50,tx=0,nodeIdx=0,hash=ccf176c6...
info|2025-10-07 07:48:58.905020|PBFT-1-0x00007f13410fb700|[g:1][CONSENSUS][PBFT]checkTimeout Succ,view=27,toView=28,nodeIdx=0,changeCycle=1,myNode=064cb676...,timecost=2
info|2025-10-07 07:48:58.907157|PBFT-1-0x00007f13410fb700|[g:1][CONSENSUS][PBFT]checkAndChangeView: Reach consensus,org_view=27,cur_changeCycle=1,curView=27,view=28
info|2025-10-07 07:48:59.916073|PBFT-1-0x00007f13410fb700|[g:1][CONSENSUS]addRawPrepare,height=50,reqIdx=1,hash=3521183e...,time=0
info|2025-10-07 07:48:59.927924|PBFT-1-0x00007f13410fb700|[g:1][CONSENSUS][PBFT]checkTimeout Succ,view=28,toView=29,nodeIdx=0,changeCycle=1,myNode=064cb676...,timecost=11
info|2025-10-07 07:48:59.932543|PBFT-1-0x00007f13410fb700|[g:1][CONSENSUS][PBFT]checkAndChangeView: Reach consensus,org_view=28,cur_changeCycle=1,curView=28,view=29
info|2025-10-07 07:49:00.235489|io_service-0x00007f135b12f700|[P2P][Service] heartBeat,connected count=3
info|2025-10-07 07:49:00.943544|PBFT-1-0x00007f13410fb700|[g:1][CONSENSUS]addRawPrepare,height=50,reqIdx=2,hash=f68dee9d...,time=0
info|2025-10-07 07:49:00.945993|PBFT-1-0x00007f13410fb700|[g:1][CONSENSUS][PBFT]checkTimeout Succ,view=29,toView=30,nodeIdx=0,changeCycle=1,myNode=064cb676...,timecost=3
info|2025-10-07 07:49:00.949557|PBFT-1-0x00007f13410fb700|[g:1][CONSENSUS][PBFT]checkAndChangeView: Reach consensus,org_view=29,cur_changeCycle=1,curView=29,view=30
info|2025-10-07 07:49:01.958897|PBFT-1-0x00007f13410fb700|[g:1][CONSENSUS]addRawPrepare,height=50,reqIdx=3,hash=a180bedc...,time=0
info|2025-10-07 07:49:01.965336|PBFT-1-0x00007f13410fb700|[g:1][CONSENSUS][PBFT]checkTimeout Succ,view=30,toView=31,nodeIdx=0,changeCycle=1,myNode=064cb676...,timecost=7
info|2025-10-07 07:49:01.974091|PBFT-1-0x00007f13410fb700|[g:1][CONSENSUS][PBFT]checkAndChangeView: Reach consensus,org_view=30,cur_changeCycle=1,curView=30,view=31
info|2025-10-07 07:49:02.973952|PBFTSeal-1-0x00007f13398ec700|[g:1][CONSENSUS][SEALER]++++++++++++++++ Generating seal on,blkNum=50,tx=0,nodeIdx=0,hash=de1613f2...
info|2025-10-07 07:49:02.981574|PBFT-1-0x00007f13410fb700|[g:1][CONSENSUS][PBFT]checkTimeout Succ,view=31,toView=32,nodeIdx=0,changeCycle=1,myNode=064cb676...,timecost=6
info|2025-10-07 07:49:02.991216|PBFT-1-0x00007f13410fb700|[g:1][CONSENSUS][PBFT]checkAndChangeView: Reach consensus,org_view=31,cur_changeCycle=1,curView=31,view=32
info|2025-10-07 07:49:03.997932|PBFT-1-0x00007f13410fb700|[g:1][CONSENSUS]addRawPrepare,height=50,reqIdx=1,hash=4fb9a534...,time=0
info|2025-10-07 07:49:04.002753|PBFT-1-0x00007f13410fb700|[g:1][CONSENSUS][PBFT]checkTimeout Succ,view=32,toView=33,nodeIdx=0,changeCycle=1,myNode=064cb676...,timecost=4
info|2025-10-07 07:49:04.007966|PBFT-1-0x00007f13410fb700|[g:1][CONSENSUS][PBFT]checkAndChangeView: Reach consensus,org_view=32,cur_changeCycle=1,curView=32,view=33
info|2025-10-07 07:49:05.015157|PBFT-1-0x00007f13410fb700|[g:1][CONSENSUS]addRawPrepare,height=50,reqIdx=2,hash=22575170...,time=0
info|2025-10-07 07:49:05.019253|PBFT-1-0x00007f13410fb700|[g:1][CONSENSUS][PBFT]checkTimeout Succ,view=33,toView=34,nodeIdx=0,changeCycle=1,myNode=064cb676...,timecost=4
info|2025-10-07 07:49:05.024164|PBFT-1-0x00007f13410fb700|[g:1][CONSENSUS][PBFT]checkAndChangeView: Reach consensus,org_view=33,cur_changeCycle=1,curView=33,view=34
info|2025-10-07 07:49:06.031090|PBFT-1-0x00007f13410fb700|[g:1][CONSENSUS]addRawPrepare,height=50,reqIdx=3,hash=2ccd631f...,time=0
info|2025-10-07 07:49:06.032698|PBFT-1-0x00007f13410fb700|[g:1][CONSENSUS][PBFT]checkTimeout Succ,view=34,toView=35,nodeIdx=0,changeCycle=1,myNode=064cb676...,timecost=1
info|2025-10-07 07:49:06.045376|PBFT-1-0x00007f13410fb700|[g:1][CONSENSUS][PBFT]checkAndChangeView: Reach consensus,org_view=34,cur_changeCycle=1,curView=34,view=35
info|2025-10-07 07:49:07.046013|PBFTSeal-1-0x00007f13398ec700|[g:1][CONSENSUS][SEALER]++++++++++++++++ Generating seal on,blkNum=50,tx=0,nodeIdx=0,hash=f80484b1...
info|2025-10-07 07:49:07.050071|PBFT-1-0x00007f13410fb700|[g:1][CONSENSUS][PBFT]checkTimeout Succ,view=35,toView=36,nodeIdx=0,changeCycle=1,myNode=064cb676...,timecost=3
info|2025-10-07 07:49:07.057681|PBFT-1-0x00007f13410fb700|[g:1][CONSENSUS][PBFT]checkAndChangeView: Reach consensus,org_view=35,cur_changeCycle=1,curView=35,view=36
info|2025-10-07 07:49:08.070025|PBFT-1-0x00007f13410fb700|[g:1][CONSENSUS]addRawPrepare,height=50,reqIdx=1,hash=f8067363...,time=0
info|2025-10-07 07:49:08.076030|PBFT-1-0x00007f13410fb700|[g:1][CONSENSUS][PBFT]checkTimeout Succ,view=36,toView=37,nodeIdx=0,changeCycle=1,myNode=064cb676...,timecost=5
info|2025-10-07 07:49:08.081615|PBFT-1-0x00007f13410fb700|[g:1][CONSENSUS][PBFT]checkAndChangeView: Reach consensus,org_view=36,cur_changeCycle=1,curView=36,view=37
info|2025-10-07 07:49:09.089542|PBFT-1-0x00007f13410fb700|[g:1][CONSENSUS]addRawPrepare,height=50,reqIdx=2,hash=3f4a1fc8...,time=0
info|2025-10-07 07:49:09.094028|PBFT-1-0x00007f13410fb700|[g:1][CONSENSUS][PBFT]checkTimeout Succ,view=37,toView=38,nodeIdx=0,changeCycle=1,myNode=064cb676...,timecost=5
info|2025-10-07 07:49:09.097637|PBFT-1-0x00007f13410fb700|[g:1][CONSENSUS][PBFT]checkAndChangeView: Reach consensus,org_view=37,cur_changeCycle=1,curView=37,view=38
info|2025-10-07 07:49:10.108097|PBFT-1-0x00007f13410fb700|[g:1][CONSENSUS]addRawPrepare,height=50,reqIdx=3,hash=fc3c93ea...,time=0
info|2025-10-07 07:49:10.116422|PBFT-1-0x00007f13410fb700|[g:1][CONSENSUS][PBFT]checkTimeout Succ,view=38,toView=39,nodeIdx=0,changeCycle=1,myNode=064cb676...,timecost=8
info|2025-10-07 07:49:10.120625|PBFT-1-0x00007f13410fb700|[g:1][CONSENSUS][PBFT]checkAndChangeView: Reach consensus,org_view=38,cur_changeCycle=1,curView=38,view=39
info|2025-10-07 07:49:10.235742|io_service-0x00007f135b12f700|[P2P][Service] heartBeat,connected count=3
info|2025-10-07 07:49:11.120832|PBFTSeal-1-0x00007f13398ec700|[g:1][CONSENSUS][SEALER]++++++++++++++++ Generating seal on,blkNum=50,tx=0,nodeIdx=0,hash=a800d191...
info|2025-10-07 07:49:11.129377|PBFT-1-0x00007f13410fb700|[g:1][CONSENSUS][PBFT]checkTimeout Succ,view=39,toView=40,nodeIdx=0,changeCycle=1,myNode=064cb676...,timecost=5
info|2025-10-07 07:49:11.132537|PBFT-1-0x00007f13410fb700|[g:1][CONSENSUS][PBFT]checkAndChangeView: Reach consensus,org_view=39,cur_changeCycle=1,curView=39,view=40
info|2025-10-07 07:49:12.178307|PBFT-1-0x00007f13410fb700|[g:1][CONSENSUS]addRawPrepare,height=50,reqIdx=1,hash=03135028...,time=0
info|2025-10-07 07:49:12.183838|PBFT-1-0x00007f13410fb700|[g:1][CONSENSUS][PBFT]checkTimeout Succ,view=40,toView=41,nodeIdx=0,changeCycle=1,myNode=064cb676...,timecost=5
info|2025-10-07 07:49:12.190166|PBFT-1-0x00007f13410fb700|[g:1][CONSENSUS][PBFT]checkAndChangeView: Reach consensus,org_view=40,cur_changeCycle=1,curView=40,view=41
info|2025-10-07 07:49:13.196542|PBFT-1-0x00007f13410fb700|[g:1][CONSENSUS]addRawPrepare,height=50,reqIdx=2,hash=1455eb03...,time=0
info|2025-10-07 07:49:13.202858|PBFT-1-0x00007f13410fb700|[g:1][CONSENSUS][PBFT]checkTimeout Succ,view=41,toView=42,nodeIdx=0,changeCycle=1,myNode=064cb676...,timecost=6
info|2025-10-07 07:49:13.215176|PBFT-1-0x00007f13410fb700|[g:1][CONSENSUS][PBFT]checkAndChangeView: Reach consensus,org_view=41,cur_changeCycle=1,curView=41,view=42
info|2025-10-07 07:49:14.219344|PBFT-1-0x00007f13410fb700|[g:1][CONSENSUS]addRawPrepare,height=50,reqIdx=3,hash=5b7a1e26...,time=0
info|2025-10-07 07:49:14.221202|PBFT-1-0x00007f13410fb700|[g:1][CONSENSUS][PBFT]checkTimeout Succ,view=42,toView=43,nodeIdx=0,changeCycle=1,myNode=064cb676...,timecost=2
info|2025-10-07 07:49:14.229587|PBFT-1-0x00007f13410fb700|[g:1][CONSENSUS][PBFT]checkAndChangeView: Reach consensus,org_view=42,cur_changeCycle=1,curView=42,view=43
info|2025-10-07 07:49:15.230696|PBFTSeal-1-0x00007f13398ec700|[g:1][CONSENSUS][SEALER]++++++++++++++++ Generating seal on,blkNum=50,tx=0,nodeIdx=0,hash=551abecb...
info|2025-10-07 07:49:15.236372|PBFT-1-0x00007f13410fb700|[g:1][CONSENSUS][PBFT]checkTimeout Succ,view=43,toView=44,nodeIdx=0,changeCycle=1,myNode=064cb676...,timecost=4
info|2025-10-07 07:49:15.246703|PBFT-1-0x00007f13410fb700|[g:1][CONSENSUS][PBFT]checkAndChangeView: Reach consensus,org_view=43,cur_changeCycle=1,curView=43,view=44
info|2025-10-07 07:49:16.257067|PBFT-1-0x00007f13410fb700|[g:1][CONSENSUS]addRawPrepare,height=50,reqIdx=1,hash=60a8e18b...,time=0
info|2025-10-07 07:49:16.261657|PBFT-1-0x00007f13410fb700|[g:1][CONSENSUS][PBFT]checkTimeout Succ,view=44,toView=45,nodeIdx=0,changeCycle=1,myNode=064cb676...,timecost=3
info|2025-10-07 07:49:16.268094|PBFT-1-0x00007f13410fb700|[g:1][CONSENSUS][PBFT]checkAndChangeView: Reach consensus,org_view=44,cur_changeCycle=1,curView=44,view=45
info|2025-10-07 07:49:17.271944|PBFT-1-0x00007f13410fb700|[g:1][CONSENSUS]addRawPrepare,height=50,reqIdx=2,hash=586dfbbe...,time=0
info|2025-10-07 07:49:17.274162|PBFT-1-0x00007f13410fb700|[g:1][CONSENSUS][PBFT]checkTimeout Succ,view=45,toView=46,nodeIdx=0,changeCycle=1,myNode=064cb676...,timecost=2
info|2025-10-07 07:49:17.282425|PBFT-1-0x00007f13410fb700|[g:1][CONSENSUS][PBFT]checkAndChangeView: Reach consensus,org_view=45,cur_changeCycle=1,curView=45,view=46
info|2025-10-07 07:49:18.300332|PBFT-1-0x00007f13410fb700|[g:1][CONSENSUS][PBFT]Trigger fast-viewchange,view=46,toView=46,minView=47,INFO=,reqNum=49,curNum=49,GenIdx=1,Cview=47,view=46,fromIdx=1,fromNode=374bdfe9...,fromIp=127.0.0.1:38812,hash=3422f704...,nodeIdx=0,myNode=064cb676...
info|2025-10-07 07:49:18.304972|PBFT-1-0x00007f13410fb700|[g:1][CONSENSUS][PBFT]checkAndChangeView: Reach consensus,org_view=46,cur_changeCycle=2,curView=46,view=47
info|2025-10-07 07:49:18.305159|PBFT-1-0x00007f13410fb700|[g:1][CONSENSUS][PBFT]checkTimeout Succ,view=47,toView=47,nodeIdx=0,changeCycle=2,myNode=064cb676...,timecost=5
info|2025-10-07 07:49:19.306667|PBFTSeal-1-0x00007f13398ec700|[g:1][CONSENSUS][SEALER]++++++++++++++++ Generating seal on,blkNum=50,tx=0,nodeIdx=0,hash=9b3ff89e...
info|2025-10-07 07:49:19.315969|PBFT-1-0x00007f13410fb700|[g:1][CONSENSUS][PBFT]checkTimeout Succ,view=47,toView=48,nodeIdx=0,changeCycle=1,myNode=064cb676...,timecost=2
info|2025-10-07 07:49:19.324360|PBFT-1-0x00007f13410fb700|[g:1][CONSENSUS][PBFT]checkAndChangeView: Reach consensus,org_view=47,cur_changeCycle=1,curView=47,view=48
info|2025-10-07 07:49:20.236880|io_service-0x00007f135b12f700|[P2P][Service] heartBeat,connected count=3
info|2025-10-07 07:49:20.339031|PBFT-1-0x00007f13410fb700|[g:1][CONSENSUS]addRawPrepare,height=50,reqIdx=1,hash=f73be601...,time=0
info|2025-10-07 07:49:20.340742|PBFT-1-0x00007f13410fb700|[g:1][CONSENSUS][PBFT]checkTimeout Succ,view=48,toView=49,nodeIdx=0,changeCycle=1,myNode=064cb676...,timecost=1
info|2025-10-07 07:49:20.343419|PBFT-1-0x00007f13410fb700|[g:1][CONSENSUS][PBFT]checkAndChangeView: Reach consensus,org_view=48,cur_changeCycle=1,curView=48,view=49
info|2025-10-07 07:49:21.352768|PBFT-1-0x00007f13410fb700|[g:1][CONSENSUS]addRawPrepare,height=50,reqIdx=2,hash=610bc43a...,time=2
info|2025-10-07 07:49:21.355061|PBFT-1-0x00007f13410fb700|[g:1][CONSENSUS][PBFT]checkTimeout Succ,view=49,toView=50,nodeIdx=0,changeCycle=1,myNode=064cb676...,timecost=3
info|2025-10-07 07:49:21.358710|PBFT-1-0x00007f13410fb700|[g:1][CONSENSUS][PBFT]checkAndChangeView: Reach consensus,org_view=49,cur_changeCycle=1,curView=49,view=50
info|2025-10-07 07:49:22.357930|PBFT-1-0x00007f13410fb700|[g:1][CONSENSUS]addRawPrepare,height=50,reqIdx=3,hash=288a0193...,time=0
info|2025-10-07 07:49:22.362835|PBFT-1-0x00007f13410fb700|[g:1][CONSENSUS][PBFT]checkTimeout Succ,view=50,toView=51,nodeIdx=0,changeCycle=1,myNode=064cb676...,timecost=4
info|2025-10-07 07:49:22.366919|PBFT-1-0x00007f13410fb700|[g:1][CONSENSUS][PBFT]checkAndChangeView: Reach consensus,org_view=50,cur_changeCycle=1,curView=50,view=51
info|2025-10-07 07:49:23.370630|PBFTSeal-1-0x00007f13398ec700|[g:1][CONSENSUS][SEALER]++++++++++++++++ Generating seal on,blkNum=50,tx=0,nodeIdx=0,hash=8162a2ad...
info|2025-10-07 07:49:23.378112|PBFT-1-0x00007f13410fb700|[g:1][CONSENSUS][PBFT]checkTimeout Succ,view=51,toView=52,nodeIdx=0,changeCycle=1,myNode=064cb676...,timecost=2
info|2025-10-07 07:49:23.392058|PBFT-1-0x00007f13410fb700|[g:1][CONSENSUS][PBFT]checkAndChangeView: Reach consensus,org_view=51,cur_changeCycle=1,curView=51,view=52
info|2025-10-07 07:49:24.401107|PBFT-1-0x00007f13410fb700|[g:1][CONSENSUS]addRawPrepare,height=50,reqIdx=1,hash=0db02f02...,time=0
info|2025-10-07 07:49:24.406961|PBFT-1-0x00007f13410fb700|[g:1][CONSENSUS][PBFT]checkTimeout Succ,view=52,toView=53,nodeIdx=0,changeCycle=1,myNode=064cb676...,timecost=5
info|2025-10-07 07:49:24.414134|PBFT-1-0x00007f13410fb700|[g:1][CONSENSUS][PBFT]checkAndChangeView: Reach consensus,org_view=52,cur_changeCycle=1,curView=52,view=53
info|2025-10-07 07:49:25.417276|PBFT-1-0x00007f13410fb700|[g:1][CONSENSUS]addRawPrepare,height=50,reqIdx=2,hash=586f4ca8...,time=0
info|2025-10-07 07:49:25.420842|PBFT-1-0x00007f13410fb700|[g:1][CONSENSUS][PBFT]checkTimeout Succ,view=53,toView=54,nodeIdx=0,changeCycle=1,myNode=064cb676...,timecost=1
info|2025-10-07 07:49:25.426897|PBFT-1-0x00007f13410fb700|[g:1][CONSENSUS][PBFT]checkAndChangeView: Reach consensus,org_view=53,cur_changeCycle=1,curView=53,view=54
info|2025-10-07 07:49:26.433382|PBFT-1-0x00007f13410fb700|[g:1][CONSENSUS]addRawPrepare,height=50,reqIdx=3,hash=3d696a35...,time=0
info|2025-10-07 07:49:26.434761|PBFT-1-0x00007f13410fb700|[g:1][CONSENSUS][PBFT]checkTimeout Succ,view=54,toView=55,nodeIdx=0,changeCycle=1,myNode=064cb676...,timecost=1
info|2025-10-07 07:49:26.442697|PBFT-1-0x00007f13410fb700|[g:1][CONSENSUS][PBFT]checkAndChangeView: Reach consensus,org_view=54,cur_changeCycle=1,curView=54,view=55
info|2025-10-07 07:49:27.443869|PBFTSeal-1-0x00007f13398ec700|[g:1][CONSENSUS][SEALER]++++++++++++++++ Generating seal on,blkNum=50,tx=0,nodeIdx=0,hash=395bc24e...
info|2025-10-07 07:49:27.451090|PBFT-1-0x00007f13410fb700|[g:1][CONSENSUS][PBFT]checkTimeout Succ,view=55,toView=56,nodeIdx=0,changeCycle=1,myNode=064cb676...,timecost=2
info|2025-10-07 07:49:27.457220|PBFT-1-0x00007f13410fb700|[g:1][CONSENSUS][PBFT]checkAndChangeView: Reach consensus,org_view=55,cur_changeCycle=1,curView=55,view=56
info|2025-10-07 07:49:28.461152|PBFT-1-0x00007f13410fb700|[g:1][CONSENSUS]addRawPrepare,height=50,reqIdx=1,hash=396042c9...,time=0
info|2025-10-07 07:49:28.463121|PBFT-1-0x00007f13410fb700|[g:1][CONSENSUS][PBFT]checkTimeout Succ,view=56,toView=57,nodeIdx=0,changeCycle=1,myNode=064cb676...,timecost=2
info|2025-10-07 07:49:28.471914|PBFT-1-0x00007f13410fb700|[g:1][CONSENSUS][PBFT]checkAndChangeView: Reach consensus,org_view=56,cur_changeCycle=1,curView=56,view=57
info|2025-10-07 07:49:29.476179|PBFT-1-0x00007f13410fb700|[g:1][CONSENSUS]addRawPrepare,height=50,reqIdx=2,hash=66b6c1e5...,time=0
info|2025-10-07 07:49:29.481523|PBFT-1-0x00007f13410fb700|[g:1][CONSENSUS][PBFT]checkTimeout Succ,view=57,toView=58,nodeIdx=0,changeCycle=1,myNode=064cb676...,timecost=5
info|2025-10-07 07:49:29.486782|PBFT-1-0x00007f13410fb700|[g:1][CONSENSUS][PBFT]checkAndChangeView: Reach consensus,org_view=57,cur_changeCycle=1,curView=57,view=58
info|2025-10-07 07:49:30.237248|io_service-0x00007f135b12f700|[P2P][Service] heartBeat,connected count=3
info|2025-10-07 07:49:30.495533|PBFT-1-0x00007f13410fb700|[g:1][CONSENSUS]addRawPrepare,height=50,reqIdx=3,hash=ea9877b6...,time=0
info|2025-10-07 07:49:30.500713|PBFT-1-0x00007f13410fb700|[g:1][CONSENSUS][PBFT]checkTimeout Succ,view=58,toView=59,nodeIdx=0,changeCycle=1,myNode=064cb676...,timecost=5
info|2025-10-07 07:49:30.506067|PBFT-1-0x00007f13410fb700|[g:1][CONSENSUS][PBFT]checkAndChangeView: Reach consensus,org_view=58,cur_changeCycle=1,curView=58,view=59
info|2025-10-07 07:49:31.507136|PBFTSeal-1-0x00007f13398ec700|[g:1][CONSENSUS][SEALER]++++++++++++++++ Generating seal on,blkNum=50,tx=0,nodeIdx=0,hash=fdec6c3d...
info|2025-10-07 07:49:31.516543|PBFT-1-0x00007f13410fb700|[g:1][CONSENSUS][PBFT]checkTimeout Succ,view=59,toView=60,nodeIdx=0,changeCycle=1,myNode=064cb676...,timecost=7
info|2025-10-07 07:49:31.526331|PBFT-1-0x00007f13410fb700|[g:1][CONSENSUS][PBFT]checkAndChangeView: Reach consensus,org_view=59,cur_changeCycle=1,curView=59,view=60
info|2025-10-07 07:49:32.535973|PBFT-1-0x00007f13410fb700|[g:1][CONSENSUS]addRawPrepare,height=50,reqIdx=1,hash=b523d003...,time=0
info|2025-10-07 07:49:32.538136|PBFT-1-0x00007f13410fb700|[g:1][CONSENSUS][PBFT]checkTimeout Succ,view=60,toView=61,nodeIdx=0,changeCycle=1,myNode=064cb676...,timecost=2
info|2025-10-07 07:49:32.544241|PBFT-1-0x00007f13410fb700|[g:1][CONSENSUS][PBFT]checkAndChangeView: Reach consensus,org_view=60,cur_changeCycle=1,curView=60,view=61
info|2025-10-07 07:49:33.552355|PBFT-1-0x00007f13410fb700|[g:1][CONSENSUS]addRawPrepare,height=50,reqIdx=2,hash=c6db70cf...,time=0
info|2025-10-07 07:49:33.554579|PBFT-1-0x00007f13410fb700|[g:1][CONSENSUS][PBFT]checkTimeout Succ,view=61,toView=62,nodeIdx=0,changeCycle=1,myNode=064cb676...,timecost=2
info|2025-10-07 07:49:33.558044|PBFT-1-0x00007f13410fb700|[g:1][CONSENSUS][PBFT]checkAndChangeView: Reach consensus,org_view=61,cur_changeCycle=1,curView=61,view=62
info|2025-10-07 07:49:34.567359|PBFT-1-0x00007f13410fb700|[g:1][CONSENSUS]addRawPrepare,height=50,reqIdx=3,hash=5a66f5fe...,time=0
info|2025-10-07 07:49:34.569197|PBFT-1-0x00007f13410fb700|[g:1][CONSENSUS][PBFT]checkTimeout Succ,view=62,toView=63,nodeIdx=0,changeCycle=1,myNode=064cb676...,timecost=2
info|2025-10-07 07:49:34.580204|PBFT-1-0x00007f13410fb700|[g:1][CONSENSUS][PBFT]checkAndChangeView: Reach consensus,org_view=62,cur_changeCycle=1,curView=62,view=63
info|2025-10-07 07:49:35.580942|PBFTSeal-1-0x00007f13398ec700|[g:1][CONSENSUS][SEALER]++++++++++++++++ Generating seal on,blkNum=50,tx=0,nodeIdx=0,hash=45d3f110...
info|2025-10-07 07:49:35.584962|PBFT-1-0x00007f13410fb700|[g:1][CONSENSUS][PBFT]checkTimeout Succ,view=63,toView=64,nodeIdx=0,changeCycle=1,myNode=064cb676...,timecost=2
info|2025-10-07 07:49:35.595059|PBFT-1-0x00007f13410fb700|[g:1][CONSENSUS][PBFT]checkAndChangeView: Reach consensus,org_view=63,cur_changeCycle=1,curView=63,view=64
info|2025-10-07 07:49:36.103801|PBFTWork-1-0x00007f1347908700|[g:1][CONSENSUS][PartiallyPBFTReqCache]addPartiallyRawPrepare,height=50,reqIdx=1,hash=1c46b0a2...
info|2025-10-07 07:49:36.104147|PBFTWork-1-0x00007f1347908700|[g:1][BLOCKVERIFIER][executeBlock]Executing block,txNum=1,num=50,parentHash=3422f70494ba5dbbfd51728a1cad162400d67f4ed56db4a46d1a3c4810a53093,parentNum=49,parentStateRoot=187be2056728a39fd62217d7c52a816b49e8561a93925379d60d6cab9c657ae4
info|2025-10-07 07:49:36.104419|PBFTWork-1-0x00007f1347908700|[g:1][PRECOMPILED]init GasChargeManagePrecompiled
info|2025-10-07 07:49:36.105010|PBFTWork-1-0x00007f1347908700|[g:1][STORAGE][MemoryTableFactory2]createTable,table name=c_4e6a89c144454dd8b5200c183491fc885878b3cf,keyField=key,valueField=value
info|2025-10-07 07:49:40.127469|PBFTWork-1-0x00007f1347908700|[g:1][CONSENSUS][PBFT]execBlock,blkNum=50,reqIdx=1,hash=de015020...,nodeIdx=0,myNode=064cb676...,decodeCost=0,checkCost=1,notifyCost=0,noteSealingCost=0,currentCycle=1,verifyAndSetSenderCost=0,execCost=4023,execPerTx=4023,totalCost=4024
info|2025-10-07 07:49:40.129782|PBFTWork-1-0x00007f1347908700|[g:1][CONSENSUS][PBFT]handlePrepareMsg Succ,timecost=2,INFO=handlePartiallyPrepare,reqIdx=1,view=64,reqNum=50,curNum=49,consNum=50,hash=1c46b0a2...,nodeIdx=0,myNode=064cb676...,curChangeCycle=1
info|2025-10-07 07:49:40.237541|io_service-0x00007f135b12f700|[P2P][Service] heartBeat,connected count=3
info|2025-10-07 07:49:40.606533|PBFT-1-0x00007f13410fb700|[g:1][CONSENSUS][PBFT]checkReq: Recv future request,prepHash=de015020...,INFO=handleSignMsg,num=50,curNum=49,GenIdx=3,Sview=64,view=64,fromIdx=3,fromNode=87d00b98...,fromIp=127.0.0.1:30302,hash=445add97...,nodeIdx=0,myNode=064cb676...
info|2025-10-07 07:49:40.606568|PBFT-1-0x00007f13410fb700|[g:1][CONSENSUS][PBFT]FutureBlock,INFO=handleSignMsg,num=50,curNum=49,GenIdx=3,Sview=64,view=64,fromIdx=3,fromNode=87d00b98...,fromIp=127.0.0.1:30302,hash=445add97...,nodeIdx=0,myNode=064cb676...
info|2025-10-07 07:49:40.676064|PBFT-1-0x00007f13410fb700|[g:1][CONSENSUS][PBFT]checkReq: Recv future request,prepHash=de015020...,INFO=handleSignMsg,num=50,curNum=49,GenIdx=2,Sview=64,view=64,fromIdx=2,fromNode=73994dae...,fromIp=127.0.0.1:38790,hash=84c92774...,nodeIdx=0,myNode=064cb676...
info|2025-10-07 07:49:40.676090|PBFT-1-0x00007f13410fb700|[g:1][CONSENSUS][PBFT]FutureBlock,INFO=handleSignMsg,num=50,curNum=49,GenIdx=2,Sview=64,view=64,fromIdx=2,fromNode=73994dae...,fromIp=127.0.0.1:38790,hash=84c92774...,nodeIdx=0,myNode=064cb676...
info|2025-10-07 07:49:40.678234|PBFT-1-0x00007f13410fb700|[g:1][CONSENSUS][PBFT]checkReq: Recv future request,prepHash=de015020...,INFO=handleSignMsg,num=50,curNum=49,GenIdx=1,Sview=64,view=64,fromIdx=1,fromNode=374bdfe9...,fromIp=127.0.0.1:38812,hash=fb1252ac...,nodeIdx=0,myNode=064cb676...
info|2025-10-07 07:49:40.678284|PBFT-1-0x00007f13410fb700|[g:1][CONSENSUS][PBFT]FutureBlock,INFO=handleSignMsg,num=50,curNum=49,GenIdx=1,Sview=64,view=64,fromIdx=1,fromNode=374bdfe9...,fromIp=127.0.0.1:38812,hash=fb1252ac...,nodeIdx=0,myNode=064cb676...
info|2025-10-07 07:49:44.629619|PBFT-1-0x00007f13410fb700|[g:1][CONSENSUS][SEALER]decrease maxBlockCanSeal to half for PBFT timeout,org_maxBlockCanSeal=1000,halfed_maxBlockCanSeal=500,timeoutCount=1,lastTimeoutTx=1
warning|2025-10-07 07:49:44.630734|PBFT-1-0x00007f13410fb700|[g:1][CONSENSUS][PBFT]ViewChangeWarning: not caused by omit empty block ,v=64,toV=65,curNum=49,hash=3422f704...,nodeIdx=0,myNode=064cb676...
info|2025-10-07 07:49:44.630844|PBFT-1-0x00007f13410fb700|[g:1][CONSENSUS][PBFT]checkTimeout Succ,view=64,toView=65,nodeIdx=0,changeCycle=2,myNode=064cb676...,timecost=1
info|2025-10-07 07:49:45.117949|PBFT-1-0x00007f13410fb700|[g:1][CONSENSUS][PBFT]checkAndChangeView: Reach consensus,org_view=64,cur_changeCycle=2,curView=64,view=65
info|2025-10-07 07:49:45.619114|PBFTWork-1-0x00007f1347908700|[g:1][CONSENSUS][PartiallyPBFTReqCache]addPartiallyRawPrepare,height=50,reqIdx=2,hash=9f0b8206...
info|2025-10-07 07:49:45.619391|PBFTWork-1-0x00007f1347908700|[g:1][BLOCKVERIFIER][executeBlock]Executing block,txNum=1,num=50,parentHash=3422f70494ba5dbbfd51728a1cad162400d67f4ed56db4a46d1a3c4810a53093,parentNum=49,parentStateRoot=187be2056728a39fd62217d7c52a816b49e8561a93925379d60d6cab9c657ae4
info|2025-10-07 07:49:45.630737|PBFTWork-1-0x00007f1347908700|[g:1][PRECOMPILED]init GasChargeManagePrecompiled
info|2025-10-07 07:49:45.631092|PBFTWork-1-0x00007f1347908700|[g:1][STORAGE][MemoryTableFactory2]createTable,table name=c_4e6a89c144454dd8b5200c183491fc885878b3cf,keyField=key,valueField=value
info|2025-10-07 07:49:49.567734|PBFTWork-1-0x00007f1347908700|[g:1][CONSENSUS][PBFT]execBlock,blkNum=50,reqIdx=2,hash=532b8699...,nodeIdx=0,myNode=064cb676...,decodeCost=0,checkCost=0,notifyCost=0,noteSealingCost=0,currentCycle=2,verifyAndSetSenderCost=0,execCost=3948,execPerTx=3948,totalCost=3948
info|2025-10-07 07:49:49.575548|PBFTWork-1-0x00007f1347908700|[g:1][CONSENSUS][PBFT]handlePrepareMsg Succ,timecost=8,INFO=handlePartiallyPrepare,reqIdx=2,view=65,reqNum=50,curNum=49,consNum=50,hash=9f0b8206...,nodeIdx=0,myNode=064cb676...,curChangeCycle=2
info|2025-10-07 07:49:49.575678|PBFT-1-0x00007f13410fb700|[g:1][CONSENSUS][PBFT]checkReq: Recv future request,prepHash=532b8699...,INFO=handleSignMsg,num=50,curNum=49,GenIdx=1,Sview=65,view=65,fromIdx=1,fromNode=374bdfe9...,fromIp=127.0.0.1:38812,hash=902afcd8...,nodeIdx=0,myNode=064cb676...
info|2025-10-07 07:49:49.575688|PBFT-1-0x00007f13410fb700|[g:1][CONSENSUS][PBFT]FutureBlock,INFO=handleSignMsg,num=50,curNum=49,GenIdx=1,Sview=65,view=65,fromIdx=1,fromNode=374bdfe9...,fromIp=127.0.0.1:38812,hash=902afcd8...,nodeIdx=0,myNode=064cb676...
info|2025-10-07 07:49:49.586127|PBFT-1-0x00007f13410fb700|[g:1][CONSENSUS][PBFT]checkReq: Recv future request,prepHash=532b8699...,INFO=handleSignMsg,num=50,curNum=49,GenIdx=2,Sview=65,view=65,fromIdx=2,fromNode=73994dae...,fromIp=127.0.0.1:38790,hash=3cb61fa5...,nodeIdx=0,myNode=064cb676...
info|2025-10-07 07:49:49.586160|PBFT-1-0x00007f13410fb700|[g:1][CONSENSUS][PBFT]FutureBlock,INFO=handleSignMsg,num=50,curNum=49,GenIdx=2,Sview=65,view=65,fromIdx=2,fromNode=73994dae...,fromIp=127.0.0.1:38790,hash=3cb61fa5...,nodeIdx=0,myNode=064cb676...
info|2025-10-07 07:49:49.676292|PBFT-1-0x00007f13410fb700|[g:1][CONSENSUS][PBFT]checkReq: Recv future request,prepHash=532b8699...,INFO=handleSignMsg,num=50,curNum=49,GenIdx=3,Sview=65,view=65,fromIdx=3,fromNode=87d00b98...,fromIp=127.0.0.1:30302,hash=13706431...,nodeIdx=0,myNode=064cb676...
info|2025-10-07 07:49:49.676443|PBFT-1-0x00007f13410fb700|[g:1][CONSENSUS][PBFT]FutureBlock,INFO=handleSignMsg,num=50,curNum=49,GenIdx=3,Sview=65,view=65,fromIdx=3,fromNode=87d00b98...,fromIp=127.0.0.1:30302,hash=13706431...,nodeIdx=0,myNode=064cb676...
info|2025-10-07 07:49:50.237888|io_service-0x00007f135b12f700|[P2P][Service] heartBeat,connected count=3
info|2025-10-07 07:49:56.322160|PBFT-1-0x00007f13410fb700|[g:1][CONSENSUS][SEALER]decrease maxBlockCanSeal to half for PBFT timeout,org_maxBlockCanSeal=500,halfed_maxBlockCanSeal=250,timeoutCount=2,lastTimeoutTx=1
warning|2025-10-07 07:49:56.323287|PBFT-1-0x00007f13410fb700|[g:1][CONSENSUS][PBFT]ViewChangeWarning: not caused by omit empty block ,v=65,toV=66,curNum=49,hash=3422f704...,nodeIdx=0,myNode=064cb676...
info|2025-10-07 07:49:56.323413|PBFT-1-0x00007f13410fb700|[g:1][CONSENSUS][PBFT]checkTimeout Succ,view=65,toView=66,nodeIdx=0,changeCycle=3,myNode=064cb676...,timecost=1
info|2025-10-07 07:49:56.331176|PBFT-1-0x00007f13410fb700|[g:1][CONSENSUS][PBFT]checkAndChangeView: Reach consensus,org_view=65,cur_changeCycle=3,curView=65,view=66
info|2025-10-07 07:49:56.838685|PBFTWork-1-0x00007f1347908700|[g:1][CONSENSUS][PartiallyPBFTReqCache]addPartiallyRawPrepare,height=50,reqIdx=3,hash=9810cb17...
info|2025-10-07 07:49:56.838963|PBFTWork-1-0x00007f1347908700|[g:1][BLOCKVERIFIER][executeBlock]Executing block,txNum=1,num=50,parentHash=3422f70494ba5dbbfd51728a1cad162400d67f4ed56db4a46d1a3c4810a53093,parentNum=49,parentStateRoot=187be2056728a39fd62217d7c52a816b49e8561a93925379d60d6cab9c657ae4
info|2025-10-07 07:49:56.839128|PBFTWork-1-0x00007f1347908700|[g:1][PRECOMPILED]init GasChargeManagePrecompiled
info|2025-10-07 07:49:56.839358|PBFTWork-1-0x00007f1347908700|[g:1][STORAGE][MemoryTableFactory2]createTable,table name=c_4e6a89c144454dd8b5200c183491fc885878b3cf,keyField=key,valueField=value
info|2025-10-07 07:49:59.857356|PBFTWork-1-0x00007f1347908700|[g:1][CONSENSUS][PBFT]execBlock,blkNum=50,reqIdx=3,hash=cb1ac381...,nodeIdx=0,myNode=064cb676...,decodeCost=0,checkCost=0,notifyCost=0,noteSealingCost=0,currentCycle=3,verifyAndSetSenderCost=0,execCost=3019,execPerTx=3019,totalCost=3019
info|2025-10-07 07:49:59.861837|PBFTWork-1-0x00007f1347908700|[g:1][CONSENSUS][PBFT]handlePrepareMsg Succ,timecost=4,INFO=handlePartiallyPrepare,reqIdx=3,view=66,reqNum=50,curNum=49,consNum=50,hash=9810cb17...,nodeIdx=0,myNode=064cb676...,curChangeCycle=3
info|2025-10-07 07:49:59.862130|PBFT-1-0x00007f13410fb700|[g:1][CONSENSUS][PBFT]checkReq: Recv future request,prepHash=cb1ac381...,INFO=handleSignMsg,num=50,curNum=49,GenIdx=2,Sview=66,view=66,fromIdx=2,fromNode=73994dae...,fromIp=127.0.0.1:38790,hash=76c4c5e0...,nodeIdx=0,myNode=064cb676...
info|2025-10-07 07:49:59.862171|PBFT-1-0x00007f13410fb700|[g:1][CONSENSUS][PBFT]FutureBlock,INFO=handleSignMsg,num=50,curNum=49,GenIdx=2,Sview=66,view=66,fromIdx=2,fromNode=73994dae...,fromIp=127.0.0.1:38790,hash=76c4c5e0...,nodeIdx=0,myNode=064cb676...
info|2025-10-07 07:50:00.046378|Sync-1-0x00007f13428fe700|[g:1][SYNC][id:064cb676...]print sync info,peersCount=3,infoJson={"blockNumber":49,"genesisHash":"f0d3e67991e2c3d83533c031601c30c4741aba35d7d8017900779abe4ae22efe","isSyncing":false,"knownHighestNumber":49,"knownLatestHash":"3422f70494ba5dbbfd51728a1cad162400d67f4ed56db4a46d1a3c4810a53093","latestHash":"3422f70494ba5dbbfd51728a1cad162400d67f4ed56db4a46d1a3c4810a53093","nodeId":"064cb676a36047a4b52ecbf9c01664b1e987d91b438110ba6a12d96972726622e824d295b1de8b0298b5afe7bbbc0bd04a3890e1a36eae028c1cfbe07971b995","peers":[{"blockNumber":49,"genesisHash":"f0d3e67991e2c3d83533c031601c30c4741aba35d7d8017900779abe4ae22efe","latestHash":"3422f70494ba5dbbfd51728a1cad162400d67f4ed56db4a46d1a3c4810a53093","nodeId":"374bdfe969e1d8ea1200ade93e5d8cf1a7d5741f238011004b0f43ca818706f194b2f067e1708125f7ffc536610b9a72addbd56b238d65f18912be39037ffcc5"},{"blockNumber":49,"genesisHash":"f0d3e67991e2c3d83533c031601c30c4741aba35d7d8017900779abe4ae22efe","latestHash":"3422f70494ba5dbbfd51728a1cad162400d67f4ed56db4a46d1a3c4810a53093","nodeId":"73994dae9e8b8da733108a4153dfe79151d701dff425f84c87b5324e8ebd02ab6a0ebc9e4f1e0298a7ddca50f94a8f95c62b6997226d571e470e8f2b0600634a"},{"blockNumber":49,"genesisHash":"f0d3e67991e2c3d83533c031601c30c4741aba35d7d8017900779abe4ae22efe","latestHash":"3422f70494ba5dbbfd51728a1cad162400d67f4ed56db4a46d1a3c4810a53093","nodeId":"87d00b98321fc70a5abc85ad9e80db10cce315194133697bf74aace1d3f8430957a766240f751752708f4282f46110d6ea56c3eb5d1c02ce98a66f327f595270"}],"protocolId":65545,"txPoolSize":"1"}
info|2025-10-07 07:50:00.052570|PBFT-1-0x00007f13410fb700|[g:1][CONSENSUS][PBFT]checkReq: Recv future request,prepHash=cb1ac381...,INFO=handleSignMsg,num=50,curNum=49,GenIdx=1,Sview=66,view=66,fromIdx=1,fromNode=374bdfe9...,fromIp=127.0.0.1:38812,hash=62e6d73d...,nodeIdx=0,myNode=064cb676...
info|2025-10-07 07:50:00.052602|PBFT-1-0x00007f13410fb700|[g:1][CONSENSUS][PBFT]FutureBlock,INFO=handleSignMsg,num=50,curNum=49,GenIdx=1,Sview=66,view=66,fromIdx=1,fromNode=374bdfe9...,fromIp=127.0.0.1:38812,hash=62e6d73d...,nodeIdx=0,myNode=064cb676...
info|2025-10-07 07:50:00.160334|PBFT-1-0x00007f13410fb700|[g:1][CONSENSUS][PBFT]checkReq: Recv future request,prepHash=cb1ac381...,INFO=handleSignMsg,num=50,curNum=49,GenIdx=3,Sview=66,view=66,fromIdx=3,fromNode=87d00b98...,fromIp=127.0.0.1:30302,hash=b4427d71...,nodeIdx=0,myNode=064cb676...
info|2025-10-07 07:50:00.160395|PBFT-1-0x00007f13410fb700|[g:1][CONSENSUS][PBFT]FutureBlock,INFO=handleSignMsg,num=50,curNum=49,GenIdx=3,Sview=66,view=66,fromIdx=3,fromNode=87d00b98...,fromIp=127.0.0.1:30302,hash=b4427d71...,nodeIdx=0,myNode=064cb676...
info|2025-10-07 07:50:00.238644|io_service-0x00007f135b12f700|[P2P][Service] heartBeat,connected count=3
info|2025-10-07 07:50:09.990494|PBFT-1-0x00007f13410fb700|[g:1][CONSENSUS][SEALER]decrease maxBlockCanSeal to half for PBFT timeout,org_maxBlockCanSeal=250,halfed_maxBlockCanSeal=125,timeoutCount=3,lastTimeoutTx=1
warning|2025-10-07 07:50:09.991842|PBFT-1-0x00007f13410fb700|[g:1][CONSENSUS][PBFT]ViewChangeWarning: not caused by omit empty block ,v=66,toV=67,curNum=49,hash=3422f704...,nodeIdx=0,myNode=064cb676...
info|2025-10-07 07:50:09.991978|PBFT-1-0x00007f13410fb700|[g:1][CONSENSUS][PBFT]checkTimeout Succ,view=66,toView=67,nodeIdx=0,changeCycle=4,myNode=064cb676...,timecost=1
info|2025-10-07 07:50:10.000263|PBFT-1-0x00007f13410fb700|[g:1][CONSENSUS][PBFT]checkAndChangeView: Reach consensus,org_view=66,cur_changeCycle=4,curView=66,view=67
info|2025-10-07 07:50:10.239271|io_service-0x00007f135b12f700|[P2P][Service] heartBeat,connected count=3
info|2025-10-07 07:50:10.499907|PBFTSeal-1-0x00007f13398ec700|[g:1][CONSENSUS][SEALER]++++++++++++++++ Generating seal on,blkNum=50,tx=1,nodeIdx=0,hash=e3ade424...
info|2025-10-07 07:50:10.502507|sealerWorker-0x00007f134910b700|[CONSENSUS]addRawPrepare,height=50,reqIdx=0,hash=e3ade424...,time=0
info|2025-10-07 07:50:10.506697|sealerWorker-0x00007f134910b700|[BLOCKVERIFIER][executeBlock]Executing block,txNum=1,num=50,parentHash=3422f70494ba5dbbfd51728a1cad162400d67f4ed56db4a46d1a3c4810a53093,parentNum=49,parentStateRoot=187be2056728a39fd62217d7c52a816b49e8561a93925379d60d6cab9c657ae4
info|2025-10-07 07:50:10.514440|sealerWorker-0x00007f134910b700|[PRECOMPILED]init GasChargeManagePrecompiled
info|2025-10-07 07:50:10.515019|sealerWorker-0x00007f134910b700|[STORAGE][MemoryTableFactory2]createTable,table name=c_4e6a89c144454dd8b5200c183491fc885878b3cf,keyField=key,valueField=value
info|2025-10-07 07:50:12.847917|sealerWorker-0x00007f134910b700|[CONSENSUS][PBFT]execBlock,blkNum=50,reqIdx=0,hash=490775b3...,nodeIdx=0,myNode=064cb676...,decodeCost=0,checkCost=0,notifyCost=0,noteSealingCost=0,currentCycle=4,verifyAndSetSenderCost=0,execCost=2341,execPerTx=2341,totalCost=2341
info|2025-10-07 07:50:12.853882|sealerWorker-0x00007f134910b700|[CONSENSUS][PBFT]handlePrepareMsg Succ,timecost=5,INFO=handlePrepareMsg,reqIdx=0,view=67,reqNum=50,curNum=49,consNum=50,curView=67,fromIp=self,hash=e3ade424...,nodeIdx=0,myNode=064cb676...,curChangeCycle=4
info|2025-10-07 07:50:12.853941|sealerWorker-0x00007f134910b700|[CONSENSUS][PBFT]generateLocalPrepare,hash=e3ade424...,H=50,nodeIdx=0,myNode=064cb676...
info|2025-10-07 07:50:13.670111|PBFT-1-0x00007f13410fb700|[g:1][CONSENSUS][PBFT]checkReq: Recv future request,prepHash=490775b3...,INFO=handleSignMsg,num=50,curNum=49,GenIdx=1,Sview=67,view=67,fromIdx=1,fromNode=374bdfe9...,fromIp=127.0.0.1:38812,hash=839c5970...,nodeIdx=0,myNode=064cb676...
info|2025-10-07 07:50:13.670142|PBFT-1-0x00007f13410fb700|[g:1][CONSENSUS][PBFT]FutureBlock,INFO=handleSignMsg,num=50,curNum=49,GenIdx=1,Sview=67,view=67,fromIdx=1,fromNode=374bdfe9...,fromIp=127.0.0.1:38812,hash=839c5970...,nodeIdx=0,myNode=064cb676...
info|2025-10-07 07:50:14.483896|PBFT-1-0x00007f13410fb700|[g:1][CONSENSUS][PBFT]checkReq: Recv future request,prepHash=490775b3...,INFO=handleSignMsg,num=50,curNum=49,GenIdx=2,Sview=67,view=67,fromIdx=2,fromNode=73994dae...,fromIp=127.0.0.1:38790,hash=e6adeb02...,nodeIdx=0,myNode=064cb676...
info|2025-10-07 07:50:14.483931|PBFT-1-0x00007f13410fb700|[g:1][CONSENSUS][PBFT]FutureBlock,INFO=handleSignMsg,num=50,curNum=49,GenIdx=2,Sview=67,view=67,fromIdx=2,fromNode=73994dae...,fromIp=127.0.0.1:38790,hash=e6adeb02...,nodeIdx=0,myNode=064cb676...
info|2025-10-07 07:50:14.538077|PBFT-1-0x00007f13410fb700|[g:1][CONSENSUS][PBFT]checkReq: Recv future request,prepHash=490775b3...,INFO=handleSignMsg,num=50,curNum=49,GenIdx=3,Sview=67,view=67,fromIdx=3,fromNode=87d00b98...,fromIp=127.0.0.1:30302,hash=00d6b239...,nodeIdx=0,myNode=064cb676...
info|2025-10-07 07:50:14.538131|PBFT-1-0x00007f13410fb700|[g:1][CONSENSUS][PBFT]FutureBlock,INFO=handleSignMsg,num=50,curNum=49,GenIdx=3,Sview=67,view=67,fromIdx=3,fromNode=87d00b98...,fromIp=127.0.0.1:30302,hash=00d6b239...,nodeIdx=0,myNode=064cb676...
info|2025-10-07 07:50:20.239759|io_service-0x00007f135b12f700|[P2P][Service] heartBeat,connected count=3
info|2025-10-07 07:50:20.339409|P2P-0x00007f135c131700|[NETWORK][Session]Received topic: [3] from 73994dae9e8b8da733108a4153dfe79151d701dff425f84c87b5324e8ebd02ab6a0ebc9e4f1e0298a7ddca50f94a8f95c62b6997226d571e470e8f2b0600634a
info|2025-10-07 07:50:26.790241|fisco-bcos-0x00007f135dea8dc0|[LEDGER]stop sealer,groupID=1
info|2025-10-07 07:50:26.790270|fisco-bcos-0x00007f135dea8dc0|[CONSENSUS][SEALER]Stop sealer module...
info|2025-10-07 07:50:26.798681|fisco-bcos-0x00007f135dea8dc0|[CONSENSUS][ConsensusEngine][Stop ConsensusEngineBase]
info|2025-10-07 07:50:26.803638|fisco-bcos-0x00007f135dea8dc0|[CONSENSUS][ConsensusEngine]ConsensusEngineBase stopped
info|2025-10-07 07:50:26.803656|fisco-bcos-0x00007f135dea8dc0|[LEDGER]sealer stopped. stop sync,groupID=1
info|2025-10-07 07:50:26.804008|fisco-bcos-0x00007f135dea8dc0|[g:1] [SYNC][id:064cb676...]SyncMsgEngine stopped
info|2025-10-07 07:50:26.866856|fisco-bcos-0x00007f135dea8dc0|[GossipBlockStatus]stop GossipBlockStatus succ
info|2025-10-07 07:50:27.485039|fisco-bcos-0x00007f135dea8dc0|[SYNC][id:064cb676...][g:1]SyncMaster stopped
info|2025-10-07 07:50:27.485074|fisco-bcos-0x00007f135dea8dc0|[LEDGER]sync stopped. stop event filter manager,groupID=1
info|2025-10-07 07:50:27.579211|fisco-bcos-0x00007f135dea8dc0|[EVENT][EventLogFilterManager]stop
info|2025-10-07 07:50:27.579248|fisco-bcos-0x00007f135dea8dc0|[LEDGER]event filter manager stopped. stop tx pool,groupID=1
info|2025-10-07 07:50:27.579713|fisco-bcos-0x00007f135dea8dc0|[LEDGER]removeNetworkStatHandlerByGroupID and removeGroupBandwidthLimiter for service,groupID=1
info|2025-10-07 07:50:27.579752|fisco-bcos-0x00007f135dea8dc0|[CHANNEL]removeSDKAllowListByGroupId,groupId=1
info|2025-10-07 07:50:27.579760|fisco-bcos-0x00007f135dea8dc0|[INITIALIZER]ledgerInitializer stopped
info|2025-10-07 07:50:28.089805|io_service-0x00007f135b12f700|[NETWORK][Session]doRead failed,endpoint=127.0.0.1:38812,message=short read (SSL routines, SSL routines)
info|2025-10-07 07:50:28.089853|io_service-0x00007f135b12f700|[NETWORK][Session]drop, call and erase all callbackFunc of the session!,endpoint=127.0.0.1:38812
info|2025-10-07 07:50:28.089873|io_service-0x00007f135b12f700|[NETWORK][Session][drop] closing remote 127.0.0.1:38812,reason=Low-level TCP communication failed.,endpoint=127.0.0.1:38812
info|2025-10-07 07:50:28.089942|io_service-0x00007f135b12f700|[NETWORK][Session]Session inactive
info|2025-10-07 07:50:28.089949|io_service-0x00007f135b12f700|[NETWORK][Session]Session inactive
info|2025-10-07 07:50:28.089953|io_service-0x00007f135b12f700|[NETWORK][Session][drop] shutdown failed ,code=9,message=Bad file descriptor
info|2025-10-07 07:50:28.090167|P2P-0x00007f135d133700|[P2P][Service] disconnect inactive P2PSession,nodeID=374bdfe9...,endpoint=127.0.0.1:38812,code=3,what=Disconnect
info|2025-10-07 07:50:28.090203|P2P-0x00007f135d133700|[P2P][Service] onDisconnect,code=3,what=Dynamic exception type: dev::network::NetworkException
std::exception::what: Disconnect
info|2025-10-07 07:50:28.492053|io_service-0x00007f135b12f700|[NETWORK][Session]doRead failed,endpoint=127.0.0.1:38790,message=short read (SSL routines, SSL routines)
info|2025-10-07 07:50:28.492101|io_service-0x00007f135b12f700|[NETWORK][Session]drop, call and erase all callbackFunc of the session!,endpoint=127.0.0.1:38790
info|2025-10-07 07:50:28.492119|io_service-0x00007f135b12f700|[NETWORK][Session][drop] closing remote 127.0.0.1:38790,reason=Low-level TCP communication failed.,endpoint=127.0.0.1:38790
info|2025-10-07 07:50:28.492194|io_service-0x00007f135b12f700|[NETWORK][Session]Session inactive
info|2025-10-07 07:50:28.492203|io_service-0x00007f135b12f700|[NETWORK][Session]Session inactive
info|2025-10-07 07:50:28.492208|io_service-0x00007f135b12f700|[NETWORK][Session][drop] shutdown failed ,code=9,message=Bad file descriptor
info|2025-10-07 07:50:28.492236|P2P-0x00007f135b930700|[P2P][Service] disconnect inactive P2PSession,nodeID=73994dae...,endpoint=127.0.0.1:38790,code=3,what=Disconnect
info|2025-10-07 07:50:28.492274|P2P-0x00007f135b930700|[P2P][Service] onDisconnect,code=3,what=Dynamic exception type: dev::network::NetworkException
std::exception::what: Disconnect
info|2025-10-07 07:50:28.523646|io_service-0x00007f135b12f700|[NETWORK][Session]doRead failed,endpoint=127.0.0.1:30302,message=short read (SSL routines, SSL routines)
info|2025-10-07 07:50:28.523704|io_service-0x00007f135b12f700|[NETWORK][Session]drop, call and erase all callbackFunc of the session!,endpoint=127.0.0.1:30302
info|2025-10-07 07:50:28.523731|io_service-0x00007f135b12f700|[NETWORK][Session][drop] closing remote 127.0.0.1:30302,reason=Low-level TCP communication failed.,endpoint=127.0.0.1:30302
info|2025-10-07 07:50:28.523836|io_service-0x00007f135b12f700|[NETWORK][Session]Session inactive
info|2025-10-07 07:50:28.523844|io_service-0x00007f135b12f700|[NETWORK][Session]Session inactive
info|2025-10-07 07:50:28.523875|io_service-0x00007f135b12f700|[NETWORK][Session][drop] shutdown failed ,code=9,message=Bad file descriptor
info|2025-10-07 07:50:28.523893|P2P-0x00007f135c932700|[P2P][Service] disconnect inactive P2PSession,nodeID=87d00b98...,endpoint=127.0.0.1:30302,code=3,what=Disconnect
info|2025-10-07 07:50:28.523940|P2P-0x00007f135c932700|[P2P][Service] onDisconnect,code=3,what=Dynamic exception type: dev::network::NetworkException
std::exception::what: Disconnect
info|2025-10-07 07:50:28.580443|fisco-bcos-0x00007f135dea8dc0|[INITIALIZER]ChannelRPCHttpServer deleted.
info|2025-10-07 07:50:28.580896|fisco-bcos-0x00007f135dea8dc0|[INITIALIZER]JsonrpcHttpServer deleted.
info|2025-10-07 07:50:28.580924|fisco-bcos-0x00007f135dea8dc0|[INITIALIZER]RPCInitializer stopped
info|2025-10-07 07:50:28.580991|io_service-0x00007f135b12f700|[NETWORK][Host]Host exit
info|2025-10-07 07:50:28.581548|fisco-bcos-0x00007f135dea8dc0|[INITIALIZER]P2PInitializer stopped
info|2025-10-07 07:50:28.581651|fisco-bcos-0x00007f135dea8dc0|[LEDGER]stop sealer,groupID=1
info|2025-10-07 07:50:28.581665|fisco-bcos-0x00007f135dea8dc0|[LEDGER]sealer stopped. stop sync,groupID=1
info|2025-10-07 07:50:28.581674|fisco-bcos-0x00007f135dea8dc0|[g:1] [SYNC][id:064cb676...]SyncMsgEngine stopped
info|2025-10-07 07:50:28.581685|fisco-bcos-0x00007f135dea8dc0|[GossipBlockStatus]GossipBlockStatus already stopped
info|2025-10-07 07:50:28.581689|fisco-bcos-0x00007f135dea8dc0|[SYNC][id:064cb676...][g:1]SyncMaster stopped
info|2025-10-07 07:50:28.581693|fisco-bcos-0x00007f135dea8dc0|[LEDGER]sync stopped. stop event filter manager,groupID=1
info|2025-10-07 07:50:28.581697|fisco-bcos-0x00007f135dea8dc0|[LEDGER]event filter manager stopped. stop tx pool,groupID=1
info|2025-10-07 07:50:28.581704|fisco-bcos-0x00007f135dea8dc0|[LEDGER]removeNetworkStatHandlerByGroupID and removeGroupBandwidthLimiter for service,groupID=1
info|2025-10-07 07:50:28.581717|fisco-bcos-0x00007f135dea8dc0|[g:1][STORAGE][CachedStorage]Stopping flushStorage thread
info|2025-10-07 07:50:29.135288|fisco-bcos-0x00007f135dea8dc0|[g:1][STORAGE][CachedStorage]flushStorage thread stopped.
info|2025-10-07 07:50:29.135322|fisco-bcos-0x00007f135dea8dc0|[DBINITIALIZER] storage stopped
info|2025-10-07 07:50:29.137966|fisco-bcos-0x00007f135dea8dc0|[g:1] [SYNC][id:064cb676...]SyncMsgEngine stopped
info|2025-10-07 07:50:29.138021|fisco-bcos-0x00007f135dea8dc0|[GossipBlockStatus]GossipBlockStatus already stopped
info|2025-10-07 07:50:29.138027|fisco-bcos-0x00007f135dea8dc0|[SYNC][id:064cb676...][g:1]SyncMaster stopped
info|2025-10-07 07:50:29.138046|fisco-bcos-0x00007f135dea8dc0|[g:1] [SYNC][id:064cb676...]SyncMsgEngine stopped
