info|2025-10-27 01:43:45.997128|fisco-bcos-0x00007f190a7addc0|[INITIALIZER][initGlobalConfig],enableCompress=true,compatibilityVersion=2.11.0,versionNumber=34275328,enableStat=false,chainId=1,useSMCrypto=true,IgnoreObserverWriteRequest=false
info|2025-10-27 01:43:46.008333|fisco-bcos-0x00007f190a7addc0|[INITIALIZER][SecureInitializerGM]get pub of node,nodeID=064cb676a36047a4b52ecbf9c01664b1e987d91b438110ba6a12d96972726622e824d295b1de8b0298b5afe7bbbc0bd04a3890e1a36eae028c1cfbe07971b995
info|2025-10-27 01:43:46.009988|fisco-bcos-0x00007f190a7addc0|[NETWORK][Host]Connecting to node,endpoint=127.0.0.1:30300
info|2025-10-27 01:43:46.010143|fisco-bcos-0x00007f190a7addc0|[NETWORK][Host]Connecting to node,endpoint=127.0.0.1:30301
info|2025-10-27 01:43:46.010212|fisco-bcos-0x00007f190a7addc0|[NETWORK][Host]Connecting to node,endpoint=127.0.0.1:30302
info|2025-10-27 01:43:46.010255|fisco-bcos-0x00007f190a7addc0|[NETWORK][Host]Connecting to node,endpoint=127.0.0.1:30303
info|2025-10-27 01:43:46.010286|fisco-bcos-0x00007f190a7addc0|[P2P][Service] heartBeat,connected count=0
info|2025-10-27 01:43:46.010318|fisco-bcos-0x00007f190a7addc0|[INITIALIZER][RPCInitializer],network_security.check_cert_issuer=true
info|2025-10-27 01:43:46.011003|fisco-bcos-0x00007f190a7addc0|[CHANNEL][ChannelServer::run],threadPoolSize=8
info|2025-10-27 01:43:46.011090|fisco-bcos-0x00007f190a7addc0|[CHANNEL]ChannelRPCServer started
info|2025-10-27 01:43:46.011099|fisco-bcos-0x00007f190a7addc0|[INITIALIZER][RPCInitializer: ChannelRPCHttpServer started.],disableDynamicGroup=false,uncheckGroupMember=false,threadSize=8
info|2025-10-27 01:43:46.011106|fisco-bcos-0x00007f190a7addc0|[INITIALIZER][LedgerInitializer]initConfig
info|2025-10-27 01:43:46.011122|fisco-bcos-0x00007f190a7addc0|[LedgerInitializer],groupConfigPath=conf/
info|2025-10-27 01:43:46.014226|io_service-0x00007f1907a34700|[NETWORK][Host]P2P StartAccept,Host=0.0.0.0:30303
info|2025-10-27 01:43:46.014527|io_service-0x00007f1907a34700|[NETWORK][ASIO]asyncResolveConnect,endpoint=127.0.0.1:30300
info|2025-10-27 01:43:46.014585|io_service-0x00007f1907a34700|[NETWORK][ASIO]asyncResolveConnect,endpoint=127.0.0.1:30301
info|2025-10-27 01:43:46.014625|io_service-0x00007f1907a34700|[NETWORK][ASIO]asyncResolveConnect,endpoint=127.0.0.1:30302
info|2025-10-27 01:43:46.014661|io_service-0x00007f1907a34700|[NETWORK][ASIO]asyncResolveConnect,endpoint=127.0.0.1:30303
warning|2025-10-27 01:43:46.014677|io_service-0x00007f1907a34700|[NETWORK][Host]TCP Connection refused by node,endpoint=127.0.0.1:30300,message=Connection refused
info|2025-10-27 01:43:46.015025|io_service-0x00007f1907a34700|[NETWORK][Host]P2P Recv Connect, From=127.0.0.1:54860
info|2025-10-27 01:43:46.015060|io_service-0x00007f1907a34700|[NETWORK][Host]P2P StartAccept,Host=0.0.0.0:30303
warning|2025-10-27 01:43:46.015387|P2P-0x00007f1909237700|[P2P][Service] onConnect,code=5,nodeID=00000000...,nodeName=,endpoint=unknown,what=Connect failed
info|2025-10-27 01:43:46.037045|io_service-0x00007f1907a34700|[NETWORK][Host]handshakeServer succ,remote endpoint=127.0.0.1:54860
info|2025-10-27 01:43:46.037099|io_service-0x00007f1907a34700|[NETWORK][Host]startPeerSession, Remote=127.0.0.1:54860,local endpoint=127.0.0.1:30303,nodeID=064cb676...
info|2025-10-27 01:43:46.041236|io_service-0x00007f1907a34700|[NETWORK][Host]handshakeClient succ,local endpoint=127.0.0.1:54860
info|2025-10-27 01:43:46.041292|io_service-0x00007f1907a34700|[NETWORK][Host]startPeerSession, Remote=127.0.0.1:30303,local endpoint=127.0.0.1:54860,nodeID=064cb676...
info|2025-10-27 01:43:46.041392|io_service-0x00007f1907a34700|[NETWORK][Host]handshakeClient succ,local endpoint=127.0.0.1:59306
info|2025-10-27 01:43:46.041428|io_service-0x00007f1907a34700|[NETWORK][Host]startPeerSession, Remote=127.0.0.1:30301,local endpoint=127.0.0.1:59306,nodeID=374bdfe9...
info|2025-10-27 01:43:46.041497|P2P-0x00007f1908235700|[P2P][Service] Connection established,nodeID=374bdfe9...,endpoint=127.0.0.1:30301
info|2025-10-27 01:43:46.044696|io_service-0x00007f1907a34700|[NETWORK][Host]handshakeClient succ,local endpoint=127.0.0.1:34774
info|2025-10-27 01:43:46.044746|io_service-0x00007f1907a34700|[NETWORK][Host]startPeerSession, Remote=127.0.0.1:30302,local endpoint=127.0.0.1:34774,nodeID=87d00b98...
info|2025-10-27 01:43:46.044811|P2P-0x00007f1908a36700|[P2P][Service] Connection established,nodeID=87d00b98...,endpoint=127.0.0.1:30302
info|2025-10-27 01:43:46.068024|fisco-bcos-0x00007f190a7addc0|[INITIALIZER][initSingleLedger] [GroupId], LedgerConstructor:  1,configFileName=conf/group.1.genesis,dataDir=data/
info|2025-10-27 01:43:46.068155|fisco-bcos-0x00007f190a7addc0|[g:1][LedgerParam][parseGenesisConfig]initConsensusConfig/initStorageConfig/initTxConfig,configFile=conf/group.1.genesis
info|2025-10-27 01:43:46.068169|fisco-bcos-0x00007f190a7addc0|[g:1][LedgerParam][initConsensusConfig],type=pbft,consensusTimeout=3,maxTxNum=1000,txGasLimit=300000000
info|2025-10-27 01:43:46.068185|fisco-bcos-0x00007f190a7addc0|[g:1][LedgerParam][parsePublicKeyListOfSection],sectionName=consensus,it.first=73994dae9e8b8da733108a4153dfe79151d701dff425f84c87b5324e8ebd02ab6a0ebc9e4f1e0298a7ddca50f94a8f95c62b6997226d571e470e8f2b0600634a
info|2025-10-27 01:43:46.068199|fisco-bcos-0x00007f190a7addc0|[g:1][LedgerParam][parsePublicKeyListOfSection],sectionName=consensus,it.first=374bdfe969e1d8ea1200ade93e5d8cf1a7d5741f238011004b0f43ca818706f194b2f067e1708125f7ffc536610b9a72addbd56b238d65f18912be39037ffcc5
info|2025-10-27 01:43:46.068211|fisco-bcos-0x00007f190a7addc0|[g:1][LedgerParam][parsePublicKeyListOfSection],sectionName=consensus,it.first=87d00b98321fc70a5abc85ad9e80db10cce315194133697bf74aace1d3f8430957a766240f751752708f4282f46110d6ea56c3eb5d1c02ce98a66f327f595270
info|2025-10-27 01:43:46.068223|fisco-bcos-0x00007f190a7addc0|[g:1][LedgerParam][parsePublicKeyListOfSection],sectionName=consensus,it.first=064cb676a36047a4b52ecbf9c01664b1e987d91b438110ba6a12d96972726622e824d295b1de8b0298b5afe7bbbc0bd04a3890e1a36eae028c1cfbe07971b995
info|2025-10-27 01:43:46.068229|fisco-bcos-0x00007f190a7addc0|[g:1][LedgerParam][parsePublicKeyListOfSection],totalPubKeySize=4
info|2025-10-27 01:43:46.068255|fisco-bcos-0x00007f190a7addc0|[g:1][LedgerParam][max_block_range],maxBlockRange=0,maxBlockPerProcess=3
info|2025-10-27 01:43:46.068261|fisco-bcos-0x00007f190a7addc0|[g:1][LedgerParam][parseGenesisConfig],timestamp=1759762229000
info|2025-10-27 01:43:46.068270|fisco-bcos-0x00007f190a7addc0|[g:1][LedgerParam]setEVMFlags,enableFreeStorageVMSchedule=false,evmFlags=0
info|2025-10-27 01:43:46.068284|fisco-bcos-0x00007f190a7addc0|[g:1][LedgerParam]store evmFlag,evmFlag=0
info|2025-10-27 01:43:46.068288|fisco-bcos-0x00007f190a7addc0|[g:1][LedgerParam]store consensus time,consensusTimeout=3
info|2025-10-27 01:43:46.068292|fisco-bcos-0x00007f190a7addc0|[g:1][LedgerParam][initMark],genesisMark=1-064cb676a36047a4b52ecbf9c01664b1e987d91b438110ba6a12d96972726622e824d295b1de8b0298b5afe7bbbc0bd04a3890e1a36eae028c1cfbe07971b995,374bdfe969e1d8ea1200ade93e5d8cf1a7d5741f238011004b0f43ca818706f194b2f067e1708125f7ffc536610b9a72addbd56b238d65f18912be39037ffcc5,73994dae9e8b8da733108a4153dfe79151d701dff425f84c87b5324e8ebd02ab6a0ebc9e4f1e0298a7ddca50f94a8f95c62b6997226d571e470e8f2b0600634a,87d00b98321fc70a5abc85ad9e80db10cce315194133697bf74aace1d3f8430957a766240f751752708f4282f46110d6ea56c3eb5d1c02ce98a66f327f595270,-pbft-storage-0-1000-300000000-3
info|2025-10-27 01:43:46.068297|fisco-bcos-0x00007f190a7addc0|[g:1][LedgerParam][initIniConfig]initTxPoolConfig/initSyncConfig/initTxExecuteConfig,configFile=conf/group.1.ini
info|2025-10-27 01:43:46.068789|fisco-bcos-0x00007f190a7addc0|[g:1][LedgerParam][initStorageConfig],stateType=storage,storageDB=rocksdb,storagePath=data//group1/block/RocksDB,baseDir=data//group1,dbtype=mysql,dbip=127.0.0.1,dbport=3306,dbcharset=utf8mb4,initconnections=15,maxconnections=50,scrollThreshold=2000,enableReconfirmCommittee=false
info|2025-10-27 01:43:46.068810|fisco-bcos-0x00007f190a7addc0|[g:1][LedgerParam][initTxPoolConfig],txPoolLimit=150000,memorySizeLimit(MB)=512,notifyWorkerNum=2,txsExpirationTime(ms)=600000
info|2025-10-27 01:43:46.068817|fisco-bcos-0x00007f190a7addc0|[g:1][LedgerParam][initSyncConfig],idleWaitMs=200
info|2025-10-27 01:43:46.068827|fisco-bcos-0x00007f190a7addc0|[g:1][LedgerParam][initSyncConfig],enableSendTxsByTree=true,enableSendBlockStatusByTree=true
info|2025-10-27 01:43:46.068833|fisco-bcos-0x00007f190a7addc0|[g:1][LedgerParam][initSyncConfig],gossipInterval=1000
info|2025-10-27 01:43:46.068843|fisco-bcos-0x00007f190a7addc0|[g:1][LedgerParam][initSyncConfig],enableSendBlockStatusByTree=true,gossipInterval=1000,gossipPeers=3,syncTreeWidth=3,maxQueueSizeForBlockSync=536870912,txsStatusGossipMaxPeers=5,syncInfoPrintInterval=10,freeNodeRead=false
info|2025-10-27 01:43:46.068849|fisco-bcos-0x00007f190a7addc0|[g:1][LedgerParam][InitTxExecuteConfig],enableParallel=true
info|2025-10-27 01:43:46.068863|fisco-bcos-0x00007f190a7addc0|[g:1][LedgerParam][initConsensusIniConfig],maxTTL=2,minBlockGenerationTime=500,enablDynamicBlockSize=true,blockSizeIncreaseRatio=0.5,enableTTLOptimize=true,enablePrepareWithTxsHash=true
info|2025-10-27 01:43:46.068889|fisco-bcos-0x00007f190a7addc0|[g:1][LedgerParam][initRPBFTConsensusIniConfig],broadcastPrepareByTree=true,prepareStatusBroadcastPercent=33,maxRequestMissedTxsWaitTime=100,maxRequestPrepareWaitTime=100
info|2025-10-27 01:43:46.068895|fisco-bcos-0x00007f190a7addc0|[g:1][LedgerParam][initFlowControlConfig],maxQPS=9223372036854775807,outGoingBandwidth(Bytes)=9223372036854775807
info|2025-10-27 01:43:46.068900|fisco-bcos-0x00007f190a7addc0|[g:1][LedgerParam]parseSDKAllowList,sdkAllowList=[],enableSDKAllowListControl=false
info|2025-10-27 01:43:46.068922|fisco-bcos-0x00007f190a7addc0|[g:1][LEDGER][initLedger][DBInitializer]
info|2025-10-27 01:43:46.068926|fisco-bcos-0x00007f190a7addc0|[g:1][LEDGER]setSDKAllowList,groupId=1,sdkAllowListSize=0
info|2025-10-27 01:43:46.068930|fisco-bcos-0x00007f190a7addc0|[g:1][CHANNEL]registerSDKAllowListByGroupId,groupId=1,size=0
info|2025-10-27 01:43:46.068935|fisco-bcos-0x00007f190a7addc0|[g:1][CHANNEL]Disable group-level sdk permission control for sdk allowlist is empty
info|2025-10-27 01:43:46.068940|fisco-bcos-0x00007f190a7addc0|[g:1][DBINITIALIZER] [initStorageDB]
info|2025-10-27 01:43:46.068944|fisco-bcos-0x00007f190a7addc0|[g:1][DBINITIALIZER] [initRocksDBStorage]
info|2025-10-27 01:43:46.069247|fisco-bcos-0x00007f190a7addc0|[g:1][ROCKSDB]open rocksDB handler,path=data//group1/block/RocksDB
info|2025-10-27 01:43:46.278976|io_service-0x00007f1907a34700|[NETWORK][Host]P2P Recv Connect, From=127.0.0.1:54862
info|2025-10-27 01:43:46.279103|io_service-0x00007f1907a34700|[NETWORK][Host]P2P StartAccept,Host=0.0.0.0:30303
info|2025-10-27 01:43:46.317143|io_service-0x00007f1907a34700|[NETWORK][Host]handshakeServer succ,remote endpoint=127.0.0.1:54862
info|2025-10-27 01:43:46.317280|io_service-0x00007f1907a34700|[NETWORK][Host]startPeerSession, Remote=127.0.0.1:54862,local endpoint=127.0.0.1:30303,nodeID=73994dae...
info|2025-10-27 01:43:46.317372|P2P-0x00007f1908235700|[P2P][Service] Connection established,nodeID=73994dae...,endpoint=127.0.0.1:54862
info|2025-10-27 01:43:46.357255|fisco-bcos-0x00007f190a7addc0|[g:1][g:1][STORAGE][CachedStorage]Init flushStorage thread
info|2025-10-27 01:43:46.357373|fisco-bcos-0x00007f190a7addc0|[g:1][DBINITIALIZER] [init CachedStorage],maxCapacity=32,maxForwardBlock=10
info|2025-10-27 01:43:46.357401|fisco-bcos-0x00007f190a7addc0|[g:1][LEDGER][initLedger][initBlockChain]
info|2025-10-27 01:43:46.357635|fisco-bcos-0x00007f190a7addc0|[g:1][LEDGER]set enableHexBlock to be false,version=34275328
info|2025-10-27 01:43:46.357676|fisco-bcos-0x00007f190a7addc0|[g:1][BLOCKCHAIN][#checkAndBuildGenesisBlock],shouldBuild=false
info|2025-10-27 01:43:46.610479|fisco-bcos-0x00007f190a7addc0|[g:1][BLOCKCHAIN][#checkAndBuildGenesisBlock]Already have the 0th block, 0th groupMark is equal to file groupMark.
info|2025-10-27 01:43:46.610504|fisco-bcos-0x00007f190a7addc0|[g:1][LEDGER][initLedger]initBlockChain SUCC
info|2025-10-27 01:43:46.610584|fisco-bcos-0x00007f190a7addc0|[g:1][DBINITIALIZER] [createStateFactory],type=storage
info|2025-10-27 01:43:46.610592|fisco-bcos-0x00007f190a7addc0|[g:1][DBINITIALIZER] createStorageState SUCC
info|2025-10-27 01:43:46.610595|fisco-bcos-0x00007f190a7addc0|[g:1][DBINITIALIZER] [createStateFactory SUCC]
info|2025-10-27 01:43:46.610599|fisco-bcos-0x00007f190a7addc0|[g:1][DBINITIALIZER] createExecutiveContext...
info|2025-10-27 01:43:46.610615|fisco-bcos-0x00007f190a7addc0|[g:1][LEDGER]createGasMetric,vmFlagType=0
info|2025-10-27 01:43:46.610620|fisco-bcos-0x00007f190a7addc0|[g:1][LEDGER]createGasMetric
info|2025-10-27 01:43:46.610629|fisco-bcos-0x00007f190a7addc0|[g:1][DBINITIALIZER] create precompiledGasFactory and precompiledResultFactory
info|2025-10-27 01:43:46.610632|fisco-bcos-0x00007f190a7addc0|[g:1][DBINITIALIZER] createExecutiveContext SUCC
info|2025-10-27 01:43:46.610636|fisco-bcos-0x00007f190a7addc0|[g:1][DBINITIALIZER] [setSyncNumForCachedStorage],syncNum=711
info|2025-10-27 01:43:46.610642|fisco-bcos-0x00007f190a7addc0|[g:1][LEDGER][initNetworkBandWidthLimiter: outGoingBandwidthLimit has been disabled],groupId=1
info|2025-10-27 01:43:46.610646|fisco-bcos-0x00007f190a7addc0|[g:1][LEDGER][QPSLimit has been disabled],groupId=1
info|2025-10-27 01:43:46.610649|fisco-bcos-0x00007f190a7addc0|[g:1][LEDGER][initLedger][initBlockVerifier]
info|2025-10-27 01:43:46.610656|fisco-bcos-0x00007f190a7addc0|[g:1][LEDGER][initLedger][initBlockVerifier SUCC],evmFlags=0
info|2025-10-27 01:43:46.610660|fisco-bcos-0x00007f190a7addc0|[g:1][LEDGER][initLedger][initTxPool],txPoolLimit=150000
info|2025-10-27 01:43:46.695739|fisco-bcos-0x00007f190a7addc0|[g:1][LEDGER][initLedger]initTxPool SUCC
info|2025-10-27 01:43:46.695778|fisco-bcos-0x00007f190a7addc0|[g:1][LEDGER][initLedger][initSync],idleWaitMs=200,gossipInterval=1000,gossipPeers=3
info|2025-10-27 01:43:46.695824|fisco-bcos-0x00007f190a7addc0|[g:1][LEDGER]Init sync master,enableSendBlockStatusByTree=true,enableSendTxsByTree=true
info|2025-10-27 01:43:46.696568|fisco-bcos-0x00007f190a7addc0|[g:1][LEDGER][initLedger]initSync SUCC
info|2025-10-27 01:43:46.696584|fisco-bcos-0x00007f190a7addc0|[g:1][LEDGER][initLedger][consensusInitFactory]
info|2025-10-27 01:43:46.696588|fisco-bcos-0x00007f190a7addc0|[g:1][LEDGER][initLedger][createPBFTSealer]
info|2025-10-27 01:43:46.696591|fisco-bcos-0x00007f190a7addc0|[g:1][LEDGER][initLedger][createPBFTSealer],baseDir=data//group1,Protocol=65544
info|2025-10-27 01:43:46.696636|fisco-bcos-0x00007f190a7addc0|[g:1][LEDGER][initLedger]createPBFTSealer for PBFT or rPBFT,consensusType=pbft
info|2025-10-27 01:43:46.696643|fisco-bcos-0x00007f190a7addc0|[g:1][LEDGER]createConsensusEngine: create PBFTEngine
info|2025-10-27 01:43:46.696665|fisco-bcos-0x00007f190a7addc0|[g:1][CONSENSUS][PBFT]Register handler for PBFTEngine
info|2025-10-27 01:43:46.697114|fisco-bcos-0x00007f190a7addc0|[g:1][CONSENSUS][PBFT]setMinBlockGenerationTime,minBlockGenerationTime=500,consensusTime=1000
info|2025-10-27 01:43:46.697150|fisco-bcos-0x00007f190a7addc0|[g:1][LEDGER][initEventLogFilterManager]initEventLogFilterManager SUCC
info|2025-10-27 01:43:46.697158|fisco-bcos-0x00007f190a7addc0|[LedgerInitializer init group succ],groupID=1
info|2025-10-27 01:43:46.697342|fisco-bcos-0x00007f190a7addc0|[SafeHttpServer::StartListening]use default epoll
info|2025-10-27 01:43:46.697717|fisco-bcos-0x00007f190a7addc0|[INITIALIZER][RPCInitializer JsonrpcHttpServer started],jsonrpc_IP=127.0.0.1,jsonrpc_listen_port=8548,jsonrpc_thread_count=8,ipv6=false,disableDynamicGroup=false,uncheckGroupMember=false
info|2025-10-27 01:43:46.697756|fisco-bcos-0x00007f190a7addc0|[g:1][LEDGER]startAll...
info|2025-10-27 01:43:46.698656|fisco-bcos-0x00007f190a7addc0|[g:1][GossipBlockStatus]start GossipBlockStatus succ
info|2025-10-27 01:43:46.698715|fisco-bcos-0x00007f190a7addc0|[g:1][CONSENSUS][ConsensusEngine][Start ConsensusEngineBase]
info|2025-10-27 01:43:46.699696|fisco-bcos-0x00007f190a7addc0|[g:1][CONSENSUS][PBFT]^^^^^^^^Report,num=711,sealerIdx=2,hash=2f3221c3...,next=712,tx=1,nodeIdx=0
info|2025-10-27 01:43:46.700012|P2P-0x00007f1908a36700|[g:1] [SYNC][id:064cb676...][Download][Request]Receive block request,peer=374bdfe9...,from=192,to=199
info|2025-10-27 01:43:46.700908|P2P-0x00007f1909a38700|[g:1] [SYNC][id:064cb676...][Download][Request]Receive block request,peer=374bdfe9...,from=184,to=191
info|2025-10-27 01:43:46.701552|fisco-bcos-0x00007f190a7addc0|[g:1][ROCKSDB]open rocksDB handler,path=data//group1/pbftMsgBackup/RocksDB
info|2025-10-27 01:43:46.726149|SyncSend-1-0x00007f18fa219700|[g:1][SYNC][id:064cb676...][Download][Request][BlockSync]Batch blocks for sending,blockSize=1796,number=192,peer=374bdfe9...,timeCost=26
info|2025-10-27 01:43:46.726953|SyncSend-1-0x00007f18fa219700|[g:1][SYNC][id:064cb676...][Download][Request][BlockSync]Batch blocks for sending,blockSize=3726,number=193,peer=374bdfe9...,timeCost=0
info|2025-10-27 01:43:46.727659|SyncSend-1-0x00007f18fa219700|[g:1][SYNC][id:064cb676...][Download][Request][BlockSync]Batch blocks for sending,blockSize=1795,number=194,peer=374bdfe9...,timeCost=1
info|2025-10-27 01:43:46.728258|SyncSend-1-0x00007f18fa219700|[g:1][SYNC][id:064cb676...][Download][Request][BlockSync]Batch blocks for sending,blockSize=3727,number=195,peer=374bdfe9...,timeCost=1
info|2025-10-27 01:43:46.729053|SyncSend-1-0x00007f18fa219700|[g:1][SYNC][id:064cb676...][Download][Request][BlockSync]Batch blocks for sending,blockSize=1796,number=196,peer=374bdfe9...,timeCost=1
info|2025-10-27 01:43:46.729784|SyncSend-1-0x00007f18fa219700|[g:1][SYNC][id:064cb676...][Download][Request][BlockSync]Batch blocks for sending,blockSize=3726,number=197,peer=374bdfe9...,timeCost=0
info|2025-10-27 01:43:46.730634|SyncSend-1-0x00007f18fa219700|[g:1][SYNC][id:064cb676...][Download][Request][BlockSync]Batch blocks for sending,blockSize=1796,number=198,peer=374bdfe9...,timeCost=1
info|2025-10-27 01:43:46.731909|SyncSend-1-0x00007f18fa219700|[g:1][SYNC][id:064cb676...][Download][Request][BlockSync]Batch blocks for sending,blockSize=4182,number=199,peer=374bdfe9...,timeCost=1
info|2025-10-27 01:43:46.732806|SyncSend-1-0x00007f18fa219700|[g:1][SYNC][id:064cb676...][Download][Request][BlockSync]Batch blocks for sending,blockSize=24480,number=184,peer=374bdfe9...,timeCost=1
info|2025-10-27 01:43:46.733992|SyncSend-1-0x00007f18fa219700|[g:1][SYNC][id:064cb676...][Download][Request][BlockSync]Batch blocks for sending,blockSize=3195,number=185,peer=374bdfe9...,timeCost=2
info|2025-10-27 01:43:46.734875|SyncSend-1-0x00007f18fa219700|[g:1][SYNC][id:064cb676...][Download][Request][BlockSync]Batch blocks for sending,blockSize=24479,number=186,peer=374bdfe9...,timeCost=0
info|2025-10-27 01:43:46.735759|SyncSend-1-0x00007f18fa219700|[g:1][SYNC][id:064cb676...][Download][Request][BlockSync]Batch blocks for sending,blockSize=3711,number=187,peer=374bdfe9...,timeCost=1
info|2025-10-27 01:43:46.736674|SyncSend-1-0x00007f18fa219700|[g:1][SYNC][id:064cb676...][Download][Request][BlockSync]Batch blocks for sending,blockSize=47009,number=188,peer=374bdfe9...,timeCost=1
info|2025-10-27 01:43:46.737492|SyncSend-1-0x00007f18fa219700|[g:1][SYNC][id:064cb676...][Download][Request][BlockSync]Batch blocks for sending,blockSize=3711,number=189,peer=374bdfe9...,timeCost=1
info|2025-10-27 01:43:46.738318|SyncSend-1-0x00007f18fa219700|[g:1][SYNC][id:064cb676...][Download][Request][BlockSync]Batch blocks for sending,blockSize=47009,number=190,peer=374bdfe9...,timeCost=1
info|2025-10-27 01:43:46.739053|SyncSend-1-0x00007f18fa219700|[g:1][SYNC][id:064cb676...][Download][Request][BlockSync]Batch blocks for sending,blockSize=3727,number=191,peer=374bdfe9...,timeCost=1
info|2025-10-27 01:43:46.740013|SyncSend-1-0x00007f18fa219700|[g:1][g:1] [SYNC][id:374bdfe9...][Download][Request][BlockSync]Send block packet,peer=374bdfe9...,blocks=16,bytes(V)=179918
info|2025-10-27 01:43:46.740589|P2P-0x00007f1909237700|[g:1] [SYNC][id:064cb676...][Download][Request]Receive block request,peer=374bdfe9...,from=200,to=207
info|2025-10-27 01:43:46.740614|P2P-0x00007f1909237700|[g:1] [SYNC][id:064cb676...][Download][Request]Receive block request,peer=374bdfe9...,from=208,to=215
info|2025-10-27 01:43:46.754770|SyncSend-1-0x00007f18fa219700|[g:1][SYNC][id:064cb676...][Download][Request][BlockSync]Batch blocks for sending,blockSize=1797,number=200,peer=374bdfe9...,timeCost=14
info|2025-10-27 01:43:46.755565|SyncSend-1-0x00007f18fa219700|[g:1][SYNC][id:064cb676...][Download][Request][BlockSync]Batch blocks for sending,blockSize=3660,number=201,peer=374bdfe9...,timeCost=1
info|2025-10-27 01:43:46.756330|SyncSend-1-0x00007f18fa219700|[g:1][SYNC][id:064cb676...][Download][Request][BlockSync]Batch blocks for sending,blockSize=1980,number=202,peer=374bdfe9...,timeCost=1
info|2025-10-27 01:43:46.756955|SyncSend-1-0x00007f18fa219700|[g:1][SYNC][id:064cb676...][Download][Request][BlockSync]Batch blocks for sending,blockSize=3647,number=203,peer=374bdfe9...,timeCost=0
info|2025-10-27 01:43:46.766176|SyncSend-1-0x00007f18fa219700|[g:1][SYNC][id:064cb676...][Download][Request][BlockSync]Batch blocks for sending,blockSize=3647,number=204,peer=374bdfe9...,timeCost=10
info|2025-10-27 01:43:46.767148|SyncSend-1-0x00007f18fa219700|[g:1][SYNC][id:064cb676...][Download][Request][BlockSync]Batch blocks for sending,blockSize=1980,number=205,peer=374bdfe9...,timeCost=1
info|2025-10-27 01:43:46.768061|SyncSend-1-0x00007f18fa219700|[g:1][SYNC][id:064cb676...][Download][Request][BlockSync]Batch blocks for sending,blockSize=3647,number=206,peer=374bdfe9...,timeCost=1
info|2025-10-27 01:43:46.769127|SyncSend-1-0x00007f18fa219700|[g:1][SYNC][id:064cb676...][Download][Request][BlockSync]Batch blocks for sending,blockSize=3647,number=207,peer=374bdfe9...,timeCost=1
info|2025-10-27 01:43:46.770162|SyncSend-1-0x00007f18fa219700|[g:1][SYNC][id:064cb676...][Download][Request][BlockSync]Batch blocks for sending,blockSize=1981,number=208,peer=374bdfe9...,timeCost=1
info|2025-10-27 01:43:46.771014|SyncSend-1-0x00007f18fa219700|[g:1][SYNC][id:064cb676...][Download][Request][BlockSync]Batch blocks for sending,blockSize=3646,number=209,peer=374bdfe9...,timeCost=1
info|2025-10-27 01:43:46.772060|SyncSend-1-0x00007f18fa219700|[g:1][SYNC][id:064cb676...][Download][Request][BlockSync]Batch blocks for sending,blockSize=3646,number=210,peer=374bdfe9...,timeCost=1
info|2025-10-27 01:43:46.773261|SyncSend-1-0x00007f18fa219700|[g:1][SYNC][id:064cb676...][Download][Request][BlockSync]Batch blocks for sending,blockSize=1981,number=211,peer=374bdfe9...,timeCost=1
info|2025-10-27 01:43:46.788893|SyncSend-1-0x00007f18fa219700|[g:1][SYNC][id:064cb676...][Download][Request][BlockSync]Batch blocks for sending,blockSize=3647,number=212,peer=374bdfe9...,timeCost=15
info|2025-10-27 01:43:46.789618|SyncSend-1-0x00007f18fa219700|[g:1][SYNC][id:064cb676...][Download][Request][BlockSync]Batch blocks for sending,blockSize=3647,number=213,peer=374bdfe9...,timeCost=1
info|2025-10-27 01:43:46.790399|SyncSend-1-0x00007f18fa219700|[g:1][SYNC][id:064cb676...][Download][Request][BlockSync]Batch blocks for sending,blockSize=3647,number=214,peer=374bdfe9...,timeCost=1
info|2025-10-27 01:43:46.791168|SyncSend-1-0x00007f18fa219700|[g:1][SYNC][id:064cb676...][Download][Request][BlockSync]Batch blocks for sending,blockSize=3645,number=215,peer=374bdfe9...,timeCost=1
info|2025-10-27 01:43:46.791354|SyncSend-1-0x00007f18fa219700|[g:1][g:1] [SYNC][id:374bdfe9...][Download][Request][BlockSync]Send block packet,peer=374bdfe9...,blocks=16,bytes(V)=49897
info|2025-10-27 01:43:46.817673|fisco-bcos-0x00007f190a7addc0|[g:1][CONSENSUS][PBFT][PBFT init env successfully]
info|2025-10-27 01:43:46.817731|fisco-bcos-0x00007f190a7addc0|[g:1][CONSENSUS][PBFT][Start PBFTEngine...]
info|2025-10-27 01:43:46.817744|fisco-bcos-0x00007f190a7addc0|[g:1][CONSENSUS][SEALER][Start sealer module]
info|2025-10-27 01:43:46.845147|fisco-bcos-0x00007f190a7addc0|[g:1][EVENT][EventLogFilterManager]start,m_maxBlockRange=0,m_maxBlockPerLoopFilter=3
info|2025-10-27 01:43:46.882952|alignTime-1-0x00007f18f8215700|[g:1][NodeTimeMaintenance]updateTimeInfo: update median time offset,updatedMedianTimeOffset=0,peer=73994dae...,peerTime=1761554626882,peerOffset=0,utcTime=1761554626883
info|2025-10-27 01:43:46.886810|alignTime-1-0x00007f18f8215700|[g:1][NodeTimeMaintenance]updateTimeInfo: update median time offset,updatedMedianTimeOffset=0,peer=87d00b98...,peerTime=1761554626886,peerOffset=0,utcTime=1761554626886
info|2025-10-27 01:43:47.233401|alignTime-1-0x00007f18f8215700|[g:1][NodeTimeMaintenance]updateTimeInfo: update median time offset,updatedMedianTimeOffset=0,peer=374bdfe9...,peerTime=1761554627232,peerOffset=-1,utcTime=1761554627233
info|2025-10-27 01:43:47.892149|PBFT-1-0x00007f18eda00700|[g:1][CONSENSUS]addRawPrepare,height=712,reqIdx=3,hash=7c98c61a...,time=0
info|2025-10-27 01:43:47.893806|PBFT-1-0x00007f18eda00700|[g:1][CONSENSUS][PBFT]checkTimeout Succ,view=0,toView=1,nodeIdx=0,changeCycle=1,myNode=064cb676...,timecost=1
info|2025-10-27 01:43:47.902832|PBFT-1-0x00007f18eda00700|[g:1][CONSENSUS][PBFT]checkAndChangeView: Reach consensus,org_view=0,cur_changeCycle=1,curView=0,view=1
info|2025-10-27 01:43:48.904578|PBFTSeal-1-0x00007f18e61f1700|[g:1][CONSENSUS][SEALER]++++++++++++++++ Generating seal on,blkNum=712,tx=0,nodeIdx=0,hash=97e7a4e4...
info|2025-10-27 01:43:48.912715|PBFT-1-0x00007f18eda00700|[g:1][CONSENSUS][PBFT]checkTimeout Succ,view=1,toView=2,nodeIdx=0,changeCycle=1,myNode=064cb676...,timecost=2
info|2025-10-27 01:43:48.916439|PBFT-1-0x00007f18eda00700|[g:1][CONSENSUS][PBFT]checkAndChangeView: Reach consensus,org_view=1,cur_changeCycle=1,curView=1,view=2
info|2025-10-27 01:43:51.034370|P2P-0x00007f1909a38700|[NETWORK][Session]Received topic: [3	_block_notify_1] from 374bdfe969e1d8ea1200ade93e5d8cf1a7d5741f238011004b0f43ca818706f194b2f067e1708125f7ffc536610b9a72addbd56b238d65f18912be39037ffcc5
info|2025-10-27 01:43:51.319552|P2P-0x00007f1909237700|[NETWORK][Session]Received topic: [3	_block_notify_1] from 73994dae9e8b8da733108a4153dfe79151d701dff425f84c87b5324e8ebd02ab6a0ebc9e4f1e0298a7ddca50f94a8f95c62b6997226d571e470e8f2b0600634a
warning|2025-10-27 01:43:53.422544|PBFT-1-0x00007f18eda00700|[g:1][CONSENSUS][PBFT]ViewChangeWarning: not caused by omit empty block ,v=2,toV=3,curNum=711,hash=2f3221c3...,nodeIdx=0,myNode=064cb676...
info|2025-10-27 01:43:53.423554|PBFT-1-0x00007f18eda00700|[g:1][CONSENSUS][PBFT]checkTimeout Succ,view=2,toView=3,nodeIdx=0,changeCycle=2,myNode=064cb676...,timecost=2
info|2025-10-27 01:43:53.428940|PBFT-1-0x00007f18eda00700|[g:1][CONSENSUS][PBFT]checkAndChangeView: Reach consensus,org_view=2,cur_changeCycle=2,curView=2,view=3
info|2025-10-27 01:43:54.432678|PBFT-1-0x00007f18eda00700|[g:1][CONSENSUS]addRawPrepare,height=712,reqIdx=2,hash=62a256cd...,time=0
info|2025-10-27 01:43:54.434105|PBFT-1-0x00007f18eda00700|[g:1][CONSENSUS][PBFT]checkTimeout Succ,view=3,toView=4,nodeIdx=0,changeCycle=1,myNode=064cb676...,timecost=2
info|2025-10-27 01:43:54.444019|PBFT-1-0x00007f18eda00700|[g:1][CONSENSUS][PBFT]checkAndChangeView: Reach consensus,org_view=3,cur_changeCycle=1,curView=3,view=4
info|2025-10-27 01:43:55.445659|PBFT-1-0x00007f18eda00700|[g:1][CONSENSUS]addRawPrepare,height=712,reqIdx=3,hash=d8dca635...,time=0
info|2025-10-27 01:43:55.447773|PBFT-1-0x00007f18eda00700|[g:1][CONSENSUS][PBFT]checkTimeout Succ,view=4,toView=5,nodeIdx=0,changeCycle=1,myNode=064cb676...,timecost=2
info|2025-10-27 01:43:55.452781|PBFT-1-0x00007f18eda00700|[g:1][CONSENSUS][PBFT]checkAndChangeView: Reach consensus,org_view=4,cur_changeCycle=1,curView=4,view=5
info|2025-10-27 01:43:56.003988|io_service-0x00007f1907a34700|[NETWORK][Host]P2P Recv Connect, From=127.0.0.1:35600
info|2025-10-27 01:43:56.004065|io_service-0x00007f1907a34700|[NETWORK][Host]P2P StartAccept,Host=0.0.0.0:30303
info|2025-10-27 01:43:56.007740|io_service-0x00007f1907a34700|[NETWORK][Host]P2P Recv Connect, From=127.0.0.1:35608
info|2025-10-27 01:43:56.007810|io_service-0x00007f1907a34700|[NETWORK][Host]P2P StartAccept,Host=0.0.0.0:30303
info|2025-10-27 01:43:56.010699|io_service-0x00007f1907a34700|[NETWORK][Host]Connecting to node,endpoint=127.0.0.1:30300
info|2025-10-27 01:43:56.010803|io_service-0x00007f1907a34700|[P2P][Service] heartBeat,connected count=3
info|2025-10-27 01:43:56.010915|io_service-0x00007f1907a34700|[NETWORK][ASIO]asyncResolveConnect,endpoint=127.0.0.1:30300
info|2025-10-27 01:43:56.017702|io_service-0x00007f1907a34700|[NETWORK][Host]handshakeServer succ,remote endpoint=127.0.0.1:35600
info|2025-10-27 01:43:56.017838|io_service-0x00007f1907a34700|[NETWORK][Host]startPeerSession, Remote=127.0.0.1:35600,local endpoint=127.0.0.1:30303,nodeID=87d00b98...
info|2025-10-27 01:43:56.026587|io_service-0x00007f1907a34700|[NETWORK][Host]handshakeServer succ,remote endpoint=127.0.0.1:35608
info|2025-10-27 01:43:56.028008|io_service-0x00007f1907a34700|[NETWORK][Host]startPeerSession, Remote=127.0.0.1:35608,local endpoint=127.0.0.1:30303,nodeID=374bdfe9...
info|2025-10-27 01:43:56.028375|io_service-0x00007f1907a34700|[NETWORK][Host]handshakeClient succ,local endpoint=127.0.0.1:59680
info|2025-10-27 01:43:56.028421|io_service-0x00007f1907a34700|[NETWORK][Host]startPeerSession, Remote=127.0.0.1:30300,local endpoint=127.0.0.1:59680,nodeID=73994dae...
info|2025-10-27 01:43:56.454615|PBFTSeal-1-0x00007f18e61f1700|[g:1][CONSENSUS][SEALER]++++++++++++++++ Generating seal on,blkNum=712,tx=0,nodeIdx=0,hash=1a6cf334...
info|2025-10-27 01:43:56.457174|PBFT-1-0x00007f18eda00700|[g:1][CONSENSUS][PBFT]checkTimeout Succ,view=5,toView=6,nodeIdx=0,changeCycle=1,myNode=064cb676...,timecost=2
info|2025-10-27 01:43:56.465891|PBFT-1-0x00007f18eda00700|[g:1][CONSENSUS][PBFT]checkAndChangeView: Reach consensus,org_view=5,cur_changeCycle=1,curView=5,view=6
warning|2025-10-27 01:44:00.976553|PBFT-1-0x00007f18eda00700|[g:1][CONSENSUS][PBFT]ViewChangeWarning: not caused by omit empty block ,v=6,toV=7,curNum=711,hash=2f3221c3...,nodeIdx=0,myNode=064cb676...
info|2025-10-27 01:44:00.976680|PBFT-1-0x00007f18eda00700|[g:1][CONSENSUS][PBFT]checkTimeout Succ,view=6,toView=7,nodeIdx=0,changeCycle=2,myNode=064cb676...,timecost=5
info|2025-10-27 01:44:00.979555|PBFT-1-0x00007f18eda00700|[g:1][CONSENSUS][PBFT]checkAndChangeView: Reach consensus,org_view=6,cur_changeCycle=2,curView=6,view=7
info|2025-10-27 01:44:01.985632|PBFT-1-0x00007f18eda00700|[g:1][CONSENSUS]addRawPrepare,height=712,reqIdx=2,hash=e8476eea...,time=0
info|2025-10-27 01:44:01.988213|PBFT-1-0x00007f18eda00700|[g:1][CONSENSUS][PBFT]checkTimeout Succ,view=7,toView=8,nodeIdx=0,changeCycle=1,myNode=064cb676...,timecost=3
info|2025-10-27 01:44:01.991688|PBFT-1-0x00007f18eda00700|[g:1][CONSENSUS][PBFT]checkAndChangeView: Reach consensus,org_view=7,cur_changeCycle=1,curView=7,view=8
info|2025-10-27 01:44:02.712735|P2P-0x00007f1908235700|[g:1] [SYNC][id:064cb676...][Download][Request]Receive block request,peer=374bdfe9...,from=184,to=184
info|2025-10-27 01:44:02.713090|SyncSend-1-0x00007f18fa219700|[g:1][SYNC][id:064cb676...][Download][Request][BlockSync]Batch blocks for sending,blockSize=24480,number=184,peer=374bdfe9...,timeCost=1
info|2025-10-27 01:44:02.713203|SyncSend-1-0x00007f18fa219700|[g:1][g:1] [SYNC][id:374bdfe9...][Download][Request][BlockSync]Send block packet,peer=374bdfe9...,blocks=1,bytes(V)=24487
info|2025-10-27 01:44:02.997730|PBFT-1-0x00007f18eda00700|[g:1][CONSENSUS]addRawPrepare,height=712,reqIdx=3,hash=35efa88b...,time=0
info|2025-10-27 01:44:03.002682|PBFT-1-0x00007f18eda00700|[g:1][CONSENSUS][PBFT]checkTimeout Succ,view=8,toView=9,nodeIdx=0,changeCycle=1,myNode=064cb676...,timecost=5
info|2025-10-27 01:44:03.007346|PBFT-1-0x00007f18eda00700|[g:1][CONSENSUS][PBFT]checkAndChangeView: Reach consensus,org_view=8,cur_changeCycle=1,curView=8,view=9
info|2025-10-27 01:44:04.008296|PBFTSeal-1-0x00007f18e61f1700|[g:1][CONSENSUS][SEALER]++++++++++++++++ Generating seal on,blkNum=712,tx=0,nodeIdx=0,hash=23e3cd76...
info|2025-10-27 01:44:04.011381|PBFT-1-0x00007f18eda00700|[g:1][CONSENSUS][PBFT]checkTimeout Succ,view=9,toView=10,nodeIdx=0,changeCycle=1,myNode=064cb676...,timecost=2
info|2025-10-27 01:44:04.018845|PBFT-1-0x00007f18eda00700|[g:1][CONSENSUS][PBFT]checkAndChangeView: Reach consensus,org_view=9,cur_changeCycle=1,curView=9,view=10
info|2025-10-27 01:44:06.011491|io_service-0x00007f1907a34700|[P2P][Service] heartBeat,connected count=3
warning|2025-10-27 01:44:08.525532|PBFT-1-0x00007f18eda00700|[g:1][CONSENSUS][PBFT]ViewChangeWarning: not caused by omit empty block ,v=10,toV=11,curNum=711,hash=2f3221c3...,nodeIdx=0,myNode=064cb676...
info|2025-10-27 01:44:08.526369|PBFT-1-0x00007f18eda00700|[g:1][CONSENSUS][PBFT]checkTimeout Succ,view=10,toView=11,nodeIdx=0,changeCycle=2,myNode=064cb676...,timecost=2
info|2025-10-27 01:44:08.529413|PBFT-1-0x00007f18eda00700|[g:1][CONSENSUS][PBFT]checkAndChangeView: Reach consensus,org_view=10,cur_changeCycle=2,curView=10,view=11
info|2025-10-27 01:44:09.305988|P2P-0x00007f1908235700|[g:1] [SYNC][id:064cb676...][Download][Request]Receive block request,peer=374bdfe9...,from=184,to=184
info|2025-10-27 01:44:09.306327|SyncSend-1-0x00007f18fa219700|[g:1][SYNC][id:064cb676...][Download][Request][BlockSync]Batch blocks for sending,blockSize=24480,number=184,peer=374bdfe9...,timeCost=0
info|2025-10-27 01:44:09.306432|SyncSend-1-0x00007f18fa219700|[g:1][g:1] [SYNC][id:374bdfe9...][Download][Request][BlockSync]Send block packet,peer=374bdfe9...,blocks=1,bytes(V)=24487
info|2025-10-27 01:44:09.535679|PBFT-1-0x00007f18eda00700|[g:1][CONSENSUS]addRawPrepare,height=712,reqIdx=2,hash=3bc54384...,time=0
info|2025-10-27 01:44:09.537611|PBFT-1-0x00007f18eda00700|[g:1][CONSENSUS][PBFT]checkTimeout Succ,view=11,toView=12,nodeIdx=0,changeCycle=1,myNode=064cb676...,timecost=2
info|2025-10-27 01:44:09.541783|PBFT-1-0x00007f18eda00700|[g:1][CONSENSUS][PBFT]checkAndChangeView: Reach consensus,org_view=11,cur_changeCycle=1,curView=11,view=12
info|2025-10-27 01:44:10.548384|PBFT-1-0x00007f18eda00700|[g:1][CONSENSUS]addRawPrepare,height=712,reqIdx=3,hash=31c9c776...,time=0
info|2025-10-27 01:44:10.550388|PBFT-1-0x00007f18eda00700|[g:1][CONSENSUS][PBFT]checkTimeout Succ,view=12,toView=13,nodeIdx=0,changeCycle=1,myNode=064cb676...,timecost=2
info|2025-10-27 01:44:10.554207|PBFT-1-0x00007f18eda00700|[g:1][CONSENSUS][PBFT]checkAndChangeView: Reach consensus,org_view=12,cur_changeCycle=1,curView=12,view=13
info|2025-10-27 01:44:11.555463|PBFTSeal-1-0x00007f18e61f1700|[g:1][CONSENSUS][SEALER]++++++++++++++++ Generating seal on,blkNum=712,tx=0,nodeIdx=0,hash=0e7b62ab...
info|2025-10-27 01:44:11.558692|PBFT-1-0x00007f18eda00700|[g:1][CONSENSUS][PBFT]checkTimeout Succ,view=13,toView=14,nodeIdx=0,changeCycle=1,myNode=064cb676...,timecost=2
info|2025-10-27 01:44:11.563822|PBFT-1-0x00007f18eda00700|[g:1][CONSENSUS][PBFT]checkAndChangeView: Reach consensus,org_view=13,cur_changeCycle=1,curView=13,view=14
info|2025-10-27 01:44:16.012003|io_service-0x00007f1907a34700|[P2P][Service] heartBeat,connected count=3
warning|2025-10-27 01:44:16.070863|PBFT-1-0x00007f18eda00700|[g:1][CONSENSUS][PBFT]ViewChangeWarning: not caused by omit empty block ,v=14,toV=15,curNum=711,hash=2f3221c3...,nodeIdx=0,myNode=064cb676...
info|2025-10-27 01:44:16.071031|PBFT-1-0x00007f18eda00700|[g:1][CONSENSUS][PBFT]checkTimeout Succ,view=14,toView=15,nodeIdx=0,changeCycle=2,myNode=064cb676...,timecost=2
info|2025-10-27 01:44:16.075067|PBFT-1-0x00007f18eda00700|[g:1][CONSENSUS][PBFT]checkAndChangeView: Reach consensus,org_view=14,cur_changeCycle=2,curView=14,view=15
info|2025-10-27 01:44:17.083853|PBFT-1-0x00007f18eda00700|[g:1][CONSENSUS]addRawPrepare,height=712,reqIdx=2,hash=698afab8...,time=0
info|2025-10-27 01:44:17.088198|PBFT-1-0x00007f18eda00700|[g:1][CONSENSUS][PBFT]checkTimeout Succ,view=15,toView=16,nodeIdx=0,changeCycle=1,myNode=064cb676...,timecost=3
info|2025-10-27 01:44:17.092104|PBFT-1-0x00007f18eda00700|[g:1][CONSENSUS][PBFT]checkAndChangeView: Reach consensus,org_view=15,cur_changeCycle=1,curView=15,view=16
info|2025-10-27 01:44:18.098397|PBFT-1-0x00007f18eda00700|[g:1][CONSENSUS]addRawPrepare,height=712,reqIdx=3,hash=f5011998...,time=0
info|2025-10-27 01:44:18.100374|PBFT-1-0x00007f18eda00700|[g:1][CONSENSUS][PBFT]checkTimeout Succ,view=16,toView=17,nodeIdx=0,changeCycle=1,myNode=064cb676...,timecost=2
info|2025-10-27 01:44:18.104118|PBFT-1-0x00007f18eda00700|[g:1][CONSENSUS][PBFT]checkAndChangeView: Reach consensus,org_view=16,cur_changeCycle=1,curView=16,view=17
info|2025-10-27 01:44:19.106023|PBFTSeal-1-0x00007f18e61f1700|[g:1][CONSENSUS][SEALER]++++++++++++++++ Generating seal on,blkNum=712,tx=0,nodeIdx=0,hash=15842889...
info|2025-10-27 01:44:19.113618|PBFT-1-0x00007f18eda00700|[g:1][CONSENSUS][PBFT]checkTimeout Succ,view=17,toView=18,nodeIdx=0,changeCycle=1,myNode=064cb676...,timecost=2
info|2025-10-27 01:44:19.117667|PBFT-1-0x00007f18eda00700|[g:1][CONSENSUS][PBFT]checkAndChangeView: Reach consensus,org_view=17,cur_changeCycle=1,curView=17,view=18
warning|2025-10-27 01:44:23.625139|PBFT-1-0x00007f18eda00700|[g:1][CONSENSUS][PBFT]ViewChangeWarning: not caused by omit empty block ,v=18,toV=19,curNum=711,hash=2f3221c3...,nodeIdx=0,myNode=064cb676...
info|2025-10-27 01:44:23.626591|PBFT-1-0x00007f18eda00700|[g:1][CONSENSUS][PBFT]checkTimeout Succ,view=18,toView=19,nodeIdx=0,changeCycle=2,myNode=064cb676...,timecost=4
info|2025-10-27 01:44:23.630162|PBFT-1-0x00007f18eda00700|[g:1][CONSENSUS][PBFT]checkAndChangeView: Reach consensus,org_view=18,cur_changeCycle=2,curView=18,view=19
info|2025-10-27 01:44:24.636480|PBFT-1-0x00007f18eda00700|[g:1][CONSENSUS]addRawPrepare,height=712,reqIdx=2,hash=4c8c7af7...,time=0
info|2025-10-27 01:44:24.638005|PBFT-1-0x00007f18eda00700|[g:1][CONSENSUS][PBFT]checkTimeout Succ,view=19,toView=20,nodeIdx=0,changeCycle=1,myNode=064cb676...,timecost=2
info|2025-10-27 01:44:24.645528|PBFT-1-0x00007f18eda00700|[g:1][CONSENSUS][PBFT]checkAndChangeView: Reach consensus,org_view=19,cur_changeCycle=1,curView=19,view=20
info|2025-10-27 01:44:25.647132|PBFT-1-0x00007f18eda00700|[g:1][CONSENSUS]addRawPrepare,height=712,reqIdx=3,hash=816e5151...,time=0
info|2025-10-27 01:44:25.652297|PBFT-1-0x00007f18eda00700|[g:1][CONSENSUS][PBFT]checkTimeout Succ,view=20,toView=21,nodeIdx=0,changeCycle=1,myNode=064cb676...,timecost=5
info|2025-10-27 01:44:25.656940|PBFT-1-0x00007f18eda00700|[g:1][CONSENSUS][PBFT]checkAndChangeView: Reach consensus,org_view=20,cur_changeCycle=1,curView=20,view=21
info|2025-10-27 01:44:26.013164|io_service-0x00007f1907a34700|[P2P][Service] heartBeat,connected count=3
info|2025-10-27 01:44:26.657306|PBFTSeal-1-0x00007f18e61f1700|[g:1][CONSENSUS][SEALER]++++++++++++++++ Generating seal on,blkNum=712,tx=0,nodeIdx=0,hash=85c14b5d...
info|2025-10-27 01:44:26.667386|PBFT-1-0x00007f18eda00700|[g:1][CONSENSUS][PBFT]checkTimeout Succ,view=21,toView=22,nodeIdx=0,changeCycle=1,myNode=064cb676...,timecost=4
info|2025-10-27 01:44:26.674757|PBFT-1-0x00007f18eda00700|[g:1][CONSENSUS][PBFT]checkAndChangeView: Reach consensus,org_view=21,cur_changeCycle=1,curView=21,view=22
info|2025-10-27 01:44:28.518390|P2P-0x00007f1909237700|[g:1] [SYNC][id:064cb676...][Download][Request]Receive block request,peer=374bdfe9...,from=184,to=184
info|2025-10-27 01:44:28.518805|SyncSend-1-0x00007f18fa219700|[g:1][SYNC][id:064cb676...][Download][Request][BlockSync]Batch blocks for sending,blockSize=24480,number=184,peer=374bdfe9...,timeCost=0
info|2025-10-27 01:44:28.518857|SyncSend-1-0x00007f18fa219700|[g:1][g:1] [SYNC][id:374bdfe9...][Download][Request][BlockSync]Send block packet,peer=374bdfe9...,blocks=1,bytes(V)=24487
info|2025-10-27 01:44:31.036743|P2P-0x00007f1908a36700|[NETWORK][Session]Received topic: [4	_block_notify_1] from 374bdfe969e1d8ea1200ade93e5d8cf1a7d5741f238011004b0f43ca818706f194b2f067e1708125f7ffc536610b9a72addbd56b238d65f18912be39037ffcc5
warning|2025-10-27 01:44:31.176427|PBFT-1-0x00007f18eda00700|[g:1][CONSENSUS][PBFT]ViewChangeWarning: not caused by omit empty block ,v=22,toV=23,curNum=711,hash=2f3221c3...,nodeIdx=0,myNode=064cb676...
info|2025-10-27 01:44:31.177274|PBFT-1-0x00007f18eda00700|[g:1][CONSENSUS][PBFT]checkTimeout Succ,view=22,toView=23,nodeIdx=0,changeCycle=2,myNode=064cb676...,timecost=2
info|2025-10-27 01:44:31.185441|PBFT-1-0x00007f18eda00700|[g:1][CONSENSUS][PBFT]checkAndChangeView: Reach consensus,org_view=22,cur_changeCycle=2,curView=22,view=23
info|2025-10-27 01:44:31.322609|P2P-0x00007f1909237700|[NETWORK][Session]Received topic: [4	_block_notify_1] from 73994dae9e8b8da733108a4153dfe79151d701dff425f84c87b5324e8ebd02ab6a0ebc9e4f1e0298a7ddca50f94a8f95c62b6997226d571e470e8f2b0600634a
info|2025-10-27 01:44:32.190882|PBFT-1-0x00007f18eda00700|[g:1][CONSENSUS]addRawPrepare,height=712,reqIdx=2,hash=8b7487ff...,time=0
info|2025-10-27 01:44:32.192173|PBFT-1-0x00007f18eda00700|[g:1][CONSENSUS][PBFT]checkTimeout Succ,view=23,toView=24,nodeIdx=0,changeCycle=1,myNode=064cb676...,timecost=2
info|2025-10-27 01:44:32.197832|PBFT-1-0x00007f18eda00700|[g:1][CONSENSUS][PBFT]checkAndChangeView: Reach consensus,org_view=23,cur_changeCycle=1,curView=23,view=24
info|2025-10-27 01:44:33.204370|PBFT-1-0x00007f18eda00700|[g:1][CONSENSUS]addRawPrepare,height=712,reqIdx=3,hash=9ff66347...,time=0
info|2025-10-27 01:44:33.207004|PBFT-1-0x00007f18eda00700|[g:1][CONSENSUS][PBFT]checkTimeout Succ,view=24,toView=25,nodeIdx=0,changeCycle=1,myNode=064cb676...,timecost=2
info|2025-10-27 01:44:33.215125|PBFT-1-0x00007f18eda00700|[g:1][CONSENSUS][PBFT]checkAndChangeView: Reach consensus,org_view=24,cur_changeCycle=1,curView=24,view=25
info|2025-10-27 01:44:34.216347|PBFTSeal-1-0x00007f18e61f1700|[g:1][CONSENSUS][SEALER]++++++++++++++++ Generating seal on,blkNum=712,tx=0,nodeIdx=0,hash=ca2293b9...
info|2025-10-27 01:44:34.224314|PBFT-1-0x00007f18eda00700|[g:1][CONSENSUS][PBFT]checkTimeout Succ,view=25,toView=26,nodeIdx=0,changeCycle=1,myNode=064cb676...,timecost=3
info|2025-10-27 01:44:34.227241|PBFT-1-0x00007f18eda00700|[g:1][CONSENSUS][PBFT]checkAndChangeView: Reach consensus,org_view=25,cur_changeCycle=1,curView=25,view=26
info|2025-10-27 01:44:34.920365|P2P-0x00007f1908a36700|[g:1] [SYNC][id:064cb676...][Download][Request]Receive block request,peer=374bdfe9...,from=184,to=184
info|2025-10-27 01:44:34.920774|SyncSend-1-0x00007f18fa219700|[g:1][SYNC][id:064cb676...][Download][Request][BlockSync]Batch blocks for sending,blockSize=24480,number=184,peer=374bdfe9...,timeCost=0
info|2025-10-27 01:44:34.920840|SyncSend-1-0x00007f18fa219700|[g:1][g:1] [SYNC][id:374bdfe9...][Download][Request][BlockSync]Send block packet,peer=374bdfe9...,blocks=1,bytes(V)=24487
info|2025-10-27 01:44:36.013362|io_service-0x00007f1907a34700|[P2P][Service] heartBeat,connected count=3
warning|2025-10-27 01:44:38.736373|PBFT-1-0x00007f18eda00700|[g:1][CONSENSUS][PBFT]ViewChangeWarning: not caused by omit empty block ,v=26,toV=27,curNum=711,hash=2f3221c3...,nodeIdx=0,myNode=064cb676...
info|2025-10-27 01:44:38.736900|PBFT-1-0x00007f18eda00700|[g:1][CONSENSUS][PBFT]checkTimeout Succ,view=26,toView=27,nodeIdx=0,changeCycle=2,myNode=064cb676...,timecost=1
info|2025-10-27 01:44:38.740238|PBFT-1-0x00007f18eda00700|[g:1][CONSENSUS][PBFT]checkAndChangeView: Reach consensus,org_view=26,cur_changeCycle=2,curView=26,view=27
info|2025-10-27 01:44:39.743146|PBFT-1-0x00007f18eda00700|[g:1][CONSENSUS]addRawPrepare,height=712,reqIdx=2,hash=f1f72048...,time=0
info|2025-10-27 01:44:39.745022|PBFT-1-0x00007f18eda00700|[g:1][CONSENSUS][PBFT]checkTimeout Succ,view=27,toView=28,nodeIdx=0,changeCycle=1,myNode=064cb676...,timecost=2
info|2025-10-27 01:44:39.751317|PBFT-1-0x00007f18eda00700|[g:1][CONSENSUS][PBFT]checkAndChangeView: Reach consensus,org_view=27,cur_changeCycle=1,curView=27,view=28
info|2025-10-27 01:44:40.756654|PBFT-1-0x00007f18eda00700|[g:1][CONSENSUS]addRawPrepare,height=712,reqIdx=3,hash=6a7f1f99...,time=0
info|2025-10-27 01:44:40.758567|PBFT-1-0x00007f18eda00700|[g:1][CONSENSUS][PBFT]checkTimeout Succ,view=28,toView=29,nodeIdx=0,changeCycle=1,myNode=064cb676...,timecost=2
info|2025-10-27 01:44:40.761661|PBFT-1-0x00007f18eda00700|[g:1][CONSENSUS][PBFT]checkAndChangeView: Reach consensus,org_view=28,cur_changeCycle=1,curView=28,view=29
info|2025-10-27 01:44:41.261812|PBFTSeal-1-0x00007f18e61f1700|[g:1][CONSENSUS][SEALER]++++++++++++++++ Generating seal on,blkNum=712,tx=1,nodeIdx=0,hash=63e0618b...
info|2025-10-27 01:44:41.264457|sealerWorker-0x00007f18f5a10700|[CONSENSUS]addRawPrepare,height=712,reqIdx=0,hash=63e0618b...,time=0
info|2025-10-27 01:44:41.267056|sealerWorker-0x00007f18f5a10700|[BLOCKVERIFIER][executeBlock]Executing block,txNum=1,num=712,parentHash=2f3221c3cab7009207e94c706553fa2d89d6872fb34442b50efcefc055cb9f7d,parentNum=711,parentStateRoot=9630b9a7947b9925aa2e076ddc0a85d681cac7c15b6af538b17ef66c54f31249
info|2025-10-27 01:44:41.267358|sealerWorker-0x00007f18f5a10700|[PRECOMPILED]init GasChargeManagePrecompiled
info|2025-10-27 01:44:41.300315|SyncMsgE-1-0x00007f18e71f3700|[STORAGE][MemoryTableFactory2]createTable,table name=c_5802d6bfdff0c9da93a6c16ae08fa1c2060f8fe1,keyField=key,valueField=value
info|2025-10-27 01:44:41.301652|sealerWorker-0x00007f18f5a10700|[CONSENSUS][PBFT]execBlock,blkNum=712,reqIdx=0,hash=a8c4d6a5...,nodeIdx=0,myNode=064cb676...,decodeCost=0,checkCost=0,notifyCost=0,noteSealingCost=1,currentCycle=1,verifyAndSetSenderCost=0,execCost=34,execPerTx=34,totalCost=35
info|2025-10-27 01:44:41.303918|sealerWorker-0x00007f18f5a10700|[CONSENSUS][PBFT]handlePrepareMsg Succ,timecost=2,INFO=handlePrepareMsg,reqIdx=0,view=29,reqNum=712,curNum=711,consNum=712,curView=29,fromIp=self,hash=63e0618b...,nodeIdx=0,myNode=064cb676...,curChangeCycle=1
info|2025-10-27 01:44:41.303955|sealerWorker-0x00007f18f5a10700|[CONSENSUS][PBFT]generateLocalPrepare,hash=63e0618b...,H=712,nodeIdx=0,myNode=064cb676...
info|2025-10-27 01:44:41.337368|PBFT-1-0x00007f18eda00700|[g:1][CONSENSUS][PBFT]handleSignMsg Succ,Timecost=1,INFO=handleSignMsg,num=712,curNum=711,GenIdx=3,Sview=29,view=29,fromIdx=3,fromNode=87d00b98...,fromIp=127.0.0.1:30302,hash=a8c4d6a5...,nodeIdx=0,myNode=064cb676...
info|2025-10-27 01:44:41.344707|PBFT-1-0x00007f18eda00700|[g:1][CONSENSUS][PBFT]checkAndCommit: backup/updateCommittedPrepare,reqNum=712,hash=63e0618b...,nodeIdx=0,myNode=064cb676...
info|2025-10-27 01:44:41.346947|PBFT-1-0x00007f18eda00700|[g:1][CONSENSUS][PBFT]handleSignMsg Succ,Timecost=3,INFO=handleSignMsg,num=712,curNum=711,GenIdx=2,Sview=29,view=29,fromIdx=2,fromNode=73994dae...,fromIp=127.0.0.1:54862,hash=a8c4d6a5...,nodeIdx=0,myNode=064cb676...
info|2025-10-27 01:44:41.348279|PBFT-1-0x00007f18eda00700|[g:1][CONSENSUS][PBFT]handleCommitMsg Succ,INFO=handleCommitMsg,reqNum=712,curNum=711,GenIdx=2,Cview=29,view=29,fromIdx=2,fromNode=73994dae...,fromIp=127.0.0.1:54862,hash=a8c4d6a5...,nodeIdx=0,myNode=064cb676...,Timecost=1
info|2025-10-27 01:44:41.349482|PBFT-1-0x00007f18eda00700|[g:1][CONSENSUS][PBFT]checkAndSave: CommitReq enough,prepareHeight=712,commitSize=3,hash=a8c4d6a5...,nodeIdx=0,myNode=064cb676...
info|2025-10-27 01:44:41.352446|PBFT-1-0x00007f18eda00700|[g:1][g:1][STORAGE][CachedStorage]commit: 9 num: 712
info|2025-10-27 01:44:41.353468|taskPool-1-0x00007f18f6a12700|[g:1][g:1][STORAGE][CachedStorage]Start commit block: 712 to backend storage
info|2025-10-27 01:44:41.354124|PBFT-1-0x00007f18eda00700|[g:1][g:1][STORAGE][CachedStorage]Submited block task: 712, current syncd block: 711
info|2025-10-27 01:44:41.354285|taskPool-1-0x00007f18f6a12700|[g:1][g:1][STORAGE][CachedStorage]
---------------------------------------------------------------------
Commit block: 712 to backend storage finished, current cached block: 712
Flush elapsed time: 0.0008s
---------------------------------------------------------------------
info|2025-10-27 01:44:41.354386|PBFT-1-0x00007f18eda00700|[g:1]Push block notify: 1-712
info|2025-10-27 01:44:41.354597|PBFT-1-0x00007f18eda00700|[g:1][CONSENSUS][PBFT]CommitBlock Succ,prepareHeight=712,reqIdx=0,hash=a8c4d6a5...,nodeIdx=0,myNode=064cb676...,genSigTimeCost=0,commitBlockTimeCost=5,dropTxsTimeCost=0,noteSealingTimeCost=0,totalTimeCost=5
info|2025-10-27 01:44:41.354821|PBFT-1-0x00007f18eda00700|[g:1][CONSENSUS][PBFT]handleCommitMsg Succ,INFO=handleCommitMsg,reqNum=712,curNum=711,GenIdx=3,Cview=29,view=29,fromIdx=3,fromNode=87d00b98...,fromIp=127.0.0.1:30302,hash=a8c4d6a5...,nodeIdx=0,myNode=064cb676...,Timecost=6
info|2025-10-27 01:44:41.355662|PBFTSeal-1-0x00007f18e61f1700|[g:1][CONSENSUS][SEALER]increase maxNoTimeoutTx,maxNoTimeoutTx=1
info|2025-10-27 01:44:41.355682|PBFTSeal-1-0x00007f18e61f1700|[g:1][CONSENSUS][PBFT]^^^^^^^^Report,num=712,sealerIdx=0,hash=a8c4d6a5...,next=713,tx=1,nodeIdx=0
info|2025-10-27 01:44:42.356272|PBFTSeal-1-0x00007f18e61f1700|[g:1][CONSENSUS][SEALER]++++++++++++++++ Generating seal on,blkNum=713,tx=0,nodeIdx=0,hash=bc8505a1...
info|2025-10-27 01:44:42.360359|PBFT-1-0x00007f18eda00700|[g:1][CONSENSUS][PBFT]checkTimeout Succ,view=0,toView=1,nodeIdx=0,changeCycle=1,myNode=064cb676...,timecost=2
info|2025-10-27 01:44:42.367431|PBFT-1-0x00007f18eda00700|[g:1][CONSENSUS][PBFT]checkAndChangeView: Reach consensus,org_view=0,cur_changeCycle=1,curView=0,view=1
info|2025-10-27 01:44:46.014113|io_service-0x00007f1907a34700|[P2P][Service] heartBeat,connected count=3
warning|2025-10-27 01:44:46.877474|PBFT-1-0x00007f18eda00700|[g:1][CONSENSUS][PBFT]ViewChangeWarning: not caused by omit empty block ,v=1,toV=2,curNum=712,hash=a8c4d6a5...,nodeIdx=0,myNode=064cb676...
info|2025-10-27 01:44:46.879407|PBFT-1-0x00007f18eda00700|[g:1][CONSENSUS][PBFT]checkTimeout Succ,view=1,toView=2,nodeIdx=0,changeCycle=2,myNode=064cb676...,timecost=5
info|2025-10-27 01:44:46.883837|PBFT-1-0x00007f18eda00700|[g:1][CONSENSUS][PBFT]checkAndChangeView: Reach consensus,org_view=1,cur_changeCycle=2,curView=1,view=2
info|2025-10-27 01:44:47.883434|PBFT-1-0x00007f18eda00700|[g:1][CONSENSUS]addRawPrepare,height=713,reqIdx=2,hash=6beaddca...,time=0
info|2025-10-27 01:44:47.888510|PBFT-1-0x00007f18eda00700|[g:1][CONSENSUS][PBFT]checkTimeout Succ,view=2,toView=3,nodeIdx=0,changeCycle=1,myNode=064cb676...,timecost=5
info|2025-10-27 01:44:47.897526|PBFT-1-0x00007f18eda00700|[g:1][CONSENSUS][PBFT]checkAndChangeView: Reach consensus,org_view=2,cur_changeCycle=1,curView=2,view=3
info|2025-10-27 01:44:48.909428|PBFT-1-0x00007f18eda00700|[g:1][CONSENSUS]addRawPrepare,height=713,reqIdx=3,hash=7bb3546a...,time=0
info|2025-10-27 01:44:48.910796|PBFT-1-0x00007f18eda00700|[g:1][CONSENSUS][PBFT]checkTimeout Succ,view=3,toView=4,nodeIdx=0,changeCycle=1,myNode=064cb676...,timecost=1
info|2025-10-27 01:44:48.925486|PBFT-1-0x00007f18eda00700|[g:1][CONSENSUS][PBFT]checkAndChangeView: Reach consensus,org_view=3,cur_changeCycle=1,curView=3,view=4
info|2025-10-27 01:44:49.663992|PBFTSeal-1-0x00007f18e61f1700|[g:1][CONSENSUS][SEALER]++++++++++++++++ Generating seal on,blkNum=713,tx=1,nodeIdx=0,hash=c75d9826...
info|2025-10-27 01:44:49.668467|sealerWorker-0x00007f18f5a10700|[CONSENSUS]addRawPrepare,height=713,reqIdx=0,hash=c75d9826...,time=0
info|2025-10-27 01:44:49.668795|sealerWorker-0x00007f18f5a10700|[BLOCKVERIFIER][executeBlock]Executing block,txNum=1,num=713,parentHash=a8c4d6a5597b54bdc43f13025f145cf5a722ed2bf5d130aef918c76aea83cc35,parentNum=712,parentStateRoot=4f15413dc64b08eb3a077affa9f4d13f3dc16081092b8bda7447d678bdf1e8af
info|2025-10-27 01:44:49.669212|sealerWorker-0x00007f18f5a10700|[PRECOMPILED]init GasChargeManagePrecompiled
info|2025-10-27 01:44:49.788473|sealerWorker-0x00007f18f5a10700|[CONSENSUS][PBFT]execBlock,blkNum=713,reqIdx=0,hash=75a887b2...,nodeIdx=0,myNode=064cb676...,decodeCost=0,checkCost=0,notifyCost=0,noteSealingCost=0,currentCycle=1,verifyAndSetSenderCost=0,execCost=120,execPerTx=120,totalCost=120
info|2025-10-27 01:44:49.791599|sealerWorker-0x00007f18f5a10700|[CONSENSUS][PBFT]handlePrepareMsg Succ,timecost=3,INFO=handlePrepareMsg,reqIdx=0,view=4,reqNum=713,curNum=712,consNum=713,curView=4,fromIp=self,hash=c75d9826...,nodeIdx=0,myNode=064cb676...,curChangeCycle=1
info|2025-10-27 01:44:49.793036|sealerWorker-0x00007f18f5a10700|[CONSENSUS][PBFT]generateLocalPrepare,hash=c75d9826...,H=713,nodeIdx=0,myNode=064cb676...
info|2025-10-27 01:44:49.794275|PBFT-1-0x00007f18eda00700|[g:1][CONSENSUS][PBFT]handleSignMsg Succ,Timecost=1,INFO=handleSignMsg,num=713,curNum=712,GenIdx=3,Sview=4,view=4,fromIdx=3,fromNode=87d00b98...,fromIp=127.0.0.1:30302,hash=75a887b2...,nodeIdx=0,myNode=064cb676...
info|2025-10-27 01:44:49.794413|PBFT-1-0x00007f18eda00700|[g:1][CONSENSUS][PBFT]checkReq: Recv future request,prepHash=75a887b2...,INFO=handleSignMsg,num=713,curNum=712,GenIdx=2,Sview=4,view=4,fromIdx=2,fromNode=73994dae...,fromIp=127.0.0.1:54862,hash=fba975c2...,nodeIdx=0,myNode=064cb676...
info|2025-10-27 01:44:49.794446|PBFT-1-0x00007f18eda00700|[g:1][CONSENSUS][PBFT]FutureBlock,INFO=handleSignMsg,num=713,curNum=712,GenIdx=2,Sview=4,view=4,fromIdx=2,fromNode=73994dae...,fromIp=127.0.0.1:54862,hash=fba975c2...,nodeIdx=0,myNode=064cb676...
info|2025-10-27 01:44:54.291287|PBFT-1-0x00007f18eda00700|[g:1][CONSENSUS][SEALER]decrease maxBlockCanSeal to half for PBFT timeout,org_maxBlockCanSeal=1000,halfed_maxBlockCanSeal=500,timeoutCount=1,lastTimeoutTx=1
warning|2025-10-27 01:44:54.292662|PBFT-1-0x00007f18eda00700|[g:1][CONSENSUS][PBFT]ViewChangeWarning: not caused by omit empty block ,v=4,toV=5,curNum=712,hash=a8c4d6a5...,nodeIdx=0,myNode=064cb676...
info|2025-10-27 01:44:54.292932|PBFT-1-0x00007f18eda00700|[g:1][CONSENSUS][PBFT]checkTimeout Succ,view=4,toView=5,nodeIdx=0,changeCycle=2,myNode=064cb676...,timecost=1
info|2025-10-27 01:44:54.296334|PBFT-1-0x00007f18eda00700|[g:1][CONSENSUS][PBFT]checkAndChangeView: Reach consensus,org_view=4,cur_changeCycle=2,curView=4,view=5
info|2025-10-27 01:44:56.014669|io_service-0x00007f1907a34700|[P2P][Service] heartBeat,connected count=3
info|2025-10-27 01:45:00.542145|P2P-0x00007f1909237700|[g:1] [SYNC][id:064cb676...][Download][Request]Receive block request,peer=374bdfe9...,from=184,to=184
info|2025-10-27 01:45:00.542640|SyncSend-1-0x00007f18fa219700|[g:1][SYNC][id:064cb676...][Download][Request][BlockSync]Batch blocks for sending,blockSize=24480,number=184,peer=374bdfe9...,timeCost=0
info|2025-10-27 01:45:00.542734|SyncSend-1-0x00007f18fa219700|[g:1][g:1] [SYNC][id:374bdfe9...][Download][Request][BlockSync]Send block packet,peer=374bdfe9...,blocks=1,bytes(V)=24487
warning|2025-10-27 01:45:01.051528|PBFT-1-0x00007f18eda00700|[g:1][CONSENSUS][PBFT]ViewChangeWarning: not caused by omit empty block ,v=5,toV=6,curNum=712,hash=a8c4d6a5...,nodeIdx=0,myNode=064cb676...
info|2025-10-27 01:45:01.051713|PBFT-1-0x00007f18eda00700|[g:1][CONSENSUS][PBFT]checkTimeout Succ,view=5,toView=6,nodeIdx=0,changeCycle=3,myNode=064cb676...,timecost=1
info|2025-10-27 01:45:01.055532|PBFT-1-0x00007f18eda00700|[g:1][CONSENSUS][PBFT]checkAndChangeView: Reach consensus,org_view=5,cur_changeCycle=3,curView=5,view=6
info|2025-10-27 01:45:01.563693|PBFTWork-1-0x00007f18f420d700|[g:1][CONSENSUS][PartiallyPBFTReqCache]addPartiallyRawPrepare,height=713,reqIdx=2,hash=cf96862a...
info|2025-10-27 01:45:01.564139|PBFTWork-1-0x00007f18f420d700|[g:1][BLOCKVERIFIER][executeBlock]Executing block,txNum=1,num=713,parentHash=a8c4d6a5597b54bdc43f13025f145cf5a722ed2bf5d130aef918c76aea83cc35,parentNum=712,parentStateRoot=4f15413dc64b08eb3a077affa9f4d13f3dc16081092b8bda7447d678bdf1e8af
info|2025-10-27 01:45:01.564264|PBFTWork-1-0x00007f18f420d700|[g:1][PRECOMPILED]init GasChargeManagePrecompiled
info|2025-10-27 01:45:01.576901|PBFTWork-1-0x00007f18f420d700|[g:1][CONSENSUS][PBFT]execBlock,blkNum=713,reqIdx=2,hash=1e82d2b5...,nodeIdx=0,myNode=064cb676...,decodeCost=0,checkCost=0,notifyCost=0,noteSealingCost=1,currentCycle=3,verifyAndSetSenderCost=0,execCost=12,execPerTx=12,totalCost=13
info|2025-10-27 01:45:01.579152|PBFTWork-1-0x00007f18f420d700|[g:1][CONSENSUS][PBFT]handlePrepareMsg Succ,timecost=3,INFO=handlePartiallyPrepare,reqIdx=2,view=6,reqNum=713,curNum=712,consNum=713,hash=cf96862a...,nodeIdx=0,myNode=064cb676...,curChangeCycle=3
info|2025-10-27 01:45:01.579219|PBFT-1-0x00007f18eda00700|[g:1][CONSENSUS][PBFT]checkReq: Recv future request,prepHash=1e82d2b5...,INFO=handleSignMsg,num=713,curNum=712,GenIdx=3,Sview=6,view=6,fromIdx=3,fromNode=87d00b98...,fromIp=127.0.0.1:30302,hash=2b6f7dca...,nodeIdx=0,myNode=064cb676...
info|2025-10-27 01:45:01.579230|PBFT-1-0x00007f18eda00700|[g:1][CONSENSUS][PBFT]FutureBlock,INFO=handleSignMsg,num=713,curNum=712,GenIdx=3,Sview=6,view=6,fromIdx=3,fromNode=87d00b98...,fromIp=127.0.0.1:30302,hash=2b6f7dca...,nodeIdx=0,myNode=064cb676...
info|2025-10-27 01:45:01.579558|PBFT-1-0x00007f18eda00700|[g:1][CONSENSUS][PBFT]checkReq: Recv future request,prepHash=1e82d2b5...,INFO=handleSignMsg,num=713,curNum=712,GenIdx=2,Sview=6,view=6,fromIdx=2,fromNode=73994dae...,fromIp=127.0.0.1:54862,hash=eaa59012...,nodeIdx=0,myNode=064cb676...
info|2025-10-27 01:45:01.579576|PBFT-1-0x00007f18eda00700|[g:1][CONSENSUS][PBFT]FutureBlock,INFO=handleSignMsg,num=713,curNum=712,GenIdx=2,Sview=6,view=6,fromIdx=2,fromNode=73994dae...,fromIp=127.0.0.1:54862,hash=eaa59012...,nodeIdx=0,myNode=064cb676...
info|2025-10-27 01:45:06.034894|io_service-0x00007f1907a34700|[P2P][Service] heartBeat,connected count=3
info|2025-10-27 01:45:11.708955|PBFT-1-0x00007f18eda00700|[g:1][CONSENSUS][SEALER]decrease maxBlockCanSeal to half for PBFT timeout,org_maxBlockCanSeal=500,halfed_maxBlockCanSeal=250,timeoutCount=2,lastTimeoutTx=1
warning|2025-10-27 01:45:11.710175|PBFT-1-0x00007f18eda00700|[g:1][CONSENSUS][PBFT]ViewChangeWarning: not caused by omit empty block ,v=6,toV=7,curNum=712,hash=a8c4d6a5...,nodeIdx=0,myNode=064cb676...
info|2025-10-27 01:45:11.710351|PBFT-1-0x00007f18eda00700|[g:1][CONSENSUS][PBFT]checkTimeout Succ,view=6,toView=7,nodeIdx=0,changeCycle=4,myNode=064cb676...,timecost=1
info|2025-10-27 01:45:11.716094|PBFT-1-0x00007f18eda00700|[g:1][CONSENSUS][PBFT]checkAndChangeView: Reach consensus,org_view=6,cur_changeCycle=4,curView=6,view=7
info|2025-10-27 01:45:12.219894|PBFTWork-1-0x00007f18f420d700|[g:1][CONSENSUS][PartiallyPBFTReqCache]addPartiallyRawPrepare,height=713,reqIdx=3,hash=31804e2d...
info|2025-10-27 01:45:12.220182|PBFTWork-1-0x00007f18f420d700|[g:1][BLOCKVERIFIER][executeBlock]Executing block,txNum=1,num=713,parentHash=a8c4d6a5597b54bdc43f13025f145cf5a722ed2bf5d130aef918c76aea83cc35,parentNum=712,parentStateRoot=4f15413dc64b08eb3a077affa9f4d13f3dc16081092b8bda7447d678bdf1e8af
info|2025-10-27 01:45:12.220306|PBFTWork-1-0x00007f18f420d700|[g:1][PRECOMPILED]init GasChargeManagePrecompiled
info|2025-10-27 01:45:12.224329|PBFTWork-1-0x00007f18f420d700|[g:1][CONSENSUS][PBFT]execBlock,blkNum=713,reqIdx=3,hash=86bc752d...,nodeIdx=0,myNode=064cb676...,decodeCost=0,checkCost=0,notifyCost=0,noteSealingCost=0,currentCycle=4,verifyAndSetSenderCost=0,execCost=4,execPerTx=4,totalCost=4
info|2025-10-27 01:45:12.227491|PBFTWork-1-0x00007f18f420d700|[g:1][CONSENSUS][PBFT]handlePrepareMsg Succ,timecost=3,INFO=handlePartiallyPrepare,reqIdx=3,view=7,reqNum=713,curNum=712,consNum=713,hash=31804e2d...,nodeIdx=0,myNode=064cb676...,curChangeCycle=4
info|2025-10-27 01:45:12.234312|PBFT-1-0x00007f18eda00700|[g:1][CONSENSUS][PBFT]handleSignMsg Succ,Timecost=2,INFO=handleSignMsg,num=713,curNum=712,GenIdx=2,Sview=7,view=7,fromIdx=2,fromNode=73994dae...,fromIp=127.0.0.1:54862,hash=86bc752d...,nodeIdx=0,myNode=064cb676...
info|2025-10-27 01:45:12.234365|PBFT-1-0x00007f18eda00700|[g:1][CONSENSUS][PBFT]checkReq: Recv future request,prepHash=86bc752d...,INFO=handleSignMsg,num=713,curNum=712,GenIdx=3,Sview=7,view=7,fromIdx=3,fromNode=87d00b98...,fromIp=127.0.0.1:30302,hash=83e71cf5...,nodeIdx=0,myNode=064cb676...
info|2025-10-27 01:45:12.234375|PBFT-1-0x00007f18eda00700|[g:1][CONSENSUS][PBFT]FutureBlock,INFO=handleSignMsg,num=713,curNum=712,GenIdx=3,Sview=7,view=7,fromIdx=3,fromNode=87d00b98...,fromIp=127.0.0.1:30302,hash=83e71cf5...,nodeIdx=0,myNode=064cb676...
info|2025-10-27 01:45:13.348149|P2P-0x00007f1909a38700|[g:1] [SYNC][id:064cb676...][Download][Request]Receive block request,peer=374bdfe9...,from=184,to=184
info|2025-10-27 01:45:13.348580|SyncSend-1-0x00007f18fa219700|[g:1][SYNC][id:064cb676...][Download][Request][BlockSync]Batch blocks for sending,blockSize=24480,number=184,peer=374bdfe9...,timeCost=0
info|2025-10-27 01:45:13.348656|SyncSend-1-0x00007f18fa219700|[g:1][g:1] [SYNC][id:374bdfe9...][Download][Request][BlockSync]Send block packet,peer=374bdfe9...,blocks=1,bytes(V)=24487
info|2025-10-27 01:45:16.035330|io_service-0x00007f1907a34700|[P2P][Service] heartBeat,connected count=3
info|2025-10-27 01:45:26.035763|io_service-0x00007f1907a34700|[P2P][Service] heartBeat,connected count=3
info|2025-10-27 01:45:27.416446|PBFT-1-0x00007f18eda00700|[g:1][CONSENSUS][SEALER]decrease maxBlockCanSeal to half for PBFT timeout,org_maxBlockCanSeal=250,halfed_maxBlockCanSeal=125,timeoutCount=3,lastTimeoutTx=1
warning|2025-10-27 01:45:27.419049|PBFT-1-0x00007f18eda00700|[g:1][CONSENSUS][PBFT]ViewChangeWarning: not caused by omit empty block ,v=7,toV=8,curNum=712,hash=a8c4d6a5...,nodeIdx=0,myNode=064cb676...
info|2025-10-27 01:45:27.420424|PBFT-1-0x00007f18eda00700|[g:1][CONSENSUS][PBFT]checkTimeout Succ,view=7,toView=8,nodeIdx=0,changeCycle=5,myNode=064cb676...,timecost=4
info|2025-10-27 01:45:27.424951|PBFT-1-0x00007f18eda00700|[g:1][CONSENSUS][PBFT]checkAndChangeView: Reach consensus,org_view=7,cur_changeCycle=5,curView=7,view=8
info|2025-10-27 01:45:27.925103|PBFTSeal-1-0x00007f18e61f1700|[g:1][CONSENSUS][SEALER]++++++++++++++++ Generating seal on,blkNum=713,tx=1,nodeIdx=0,hash=1999c092...
info|2025-10-27 01:45:27.931462|sealerWorker-0x00007f18f5a10700|[CONSENSUS]addRawPrepare,height=713,reqIdx=0,hash=1999c092...,time=0
info|2025-10-27 01:45:27.933086|sealerWorker-0x00007f18f5a10700|[BLOCKVERIFIER][executeBlock]Executing block,txNum=1,num=713,parentHash=a8c4d6a5597b54bdc43f13025f145cf5a722ed2bf5d130aef918c76aea83cc35,parentNum=712,parentStateRoot=4f15413dc64b08eb3a077affa9f4d13f3dc16081092b8bda7447d678bdf1e8af
info|2025-10-27 01:45:27.933273|sealerWorker-0x00007f18f5a10700|[PRECOMPILED]init GasChargeManagePrecompiled
info|2025-10-27 01:45:27.936433|sealerWorker-0x00007f18f5a10700|[CONSENSUS][PBFT]execBlock,blkNum=713,reqIdx=0,hash=730e8803...,nodeIdx=0,myNode=064cb676...,decodeCost=0,checkCost=0,notifyCost=0,noteSealingCost=1,currentCycle=5,verifyAndSetSenderCost=0,execCost=3,execPerTx=3,totalCost=4
info|2025-10-27 01:45:27.940713|sealerWorker-0x00007f18f5a10700|[CONSENSUS][PBFT]handlePrepareMsg Succ,timecost=4,INFO=handlePrepareMsg,reqIdx=0,view=8,reqNum=713,curNum=712,consNum=713,curView=8,fromIp=self,hash=1999c092...,nodeIdx=0,myNode=064cb676...,curChangeCycle=5
info|2025-10-27 01:45:27.940787|sealerWorker-0x00007f18f5a10700|[CONSENSUS][PBFT]generateLocalPrepare,hash=1999c092...,H=713,nodeIdx=0,myNode=064cb676...
info|2025-10-27 01:45:27.955045|PBFT-1-0x00007f18eda00700|[g:1][CONSENSUS][PBFT]handleSignMsg Succ,Timecost=2,INFO=handleSignMsg,num=713,curNum=712,GenIdx=3,Sview=8,view=8,fromIdx=3,fromNode=87d00b98...,fromIp=127.0.0.1:30302,hash=730e8803...,nodeIdx=0,myNode=064cb676...
info|2025-10-27 01:45:27.955234|PBFT-1-0x00007f18eda00700|[g:1][CONSENSUS][PBFT]checkReq: Recv future request,prepHash=730e8803...,INFO=handleSignMsg,num=713,curNum=712,GenIdx=2,Sview=8,view=8,fromIdx=2,fromNode=73994dae...,fromIp=127.0.0.1:54862,hash=c9a9a421...,nodeIdx=0,myNode=064cb676...
info|2025-10-27 01:45:27.955279|PBFT-1-0x00007f18eda00700|[g:1][CONSENSUS][PBFT]FutureBlock,INFO=handleSignMsg,num=713,curNum=712,GenIdx=2,Sview=8,view=8,fromIdx=2,fromNode=73994dae...,fromIp=127.0.0.1:54862,hash=c9a9a421...,nodeIdx=0,myNode=064cb676...
info|2025-10-27 01:45:36.036920|io_service-0x00007f1907a34700|[P2P][Service] heartBeat,connected count=3
info|2025-10-27 01:45:38.718897|fisco-bcos-0x00007f190a7addc0|[LEDGER]stop sealer,groupID=1
info|2025-10-27 01:45:38.718947|fisco-bcos-0x00007f190a7addc0|[CONSENSUS][SEALER]Stop sealer module...
info|2025-10-27 01:45:38.722864|fisco-bcos-0x00007f190a7addc0|[CONSENSUS][ConsensusEngine][Stop ConsensusEngineBase]
info|2025-10-27 01:45:38.725482|fisco-bcos-0x00007f190a7addc0|[CONSENSUS][ConsensusEngine]ConsensusEngineBase stopped
info|2025-10-27 01:45:38.725505|fisco-bcos-0x00007f190a7addc0|[LEDGER]sealer stopped. stop sync,groupID=1
info|2025-10-27 01:45:38.725846|fisco-bcos-0x00007f190a7addc0|[g:1] [SYNC][id:064cb676...]SyncMsgEngine stopped
info|2025-10-27 01:45:38.853732|fisco-bcos-0x00007f190a7addc0|[GossipBlockStatus]stop GossipBlockStatus succ
info|2025-10-27 01:45:39.975973|fisco-bcos-0x00007f190a7addc0|[SYNC][id:064cb676...][g:1]SyncMaster stopped
info|2025-10-27 01:45:39.976005|fisco-bcos-0x00007f190a7addc0|[LEDGER]sync stopped. stop event filter manager,groupID=1
info|2025-10-27 01:45:39.991874|fisco-bcos-0x00007f190a7addc0|[EVENT][EventLogFilterManager]stop
info|2025-10-27 01:45:39.991907|fisco-bcos-0x00007f190a7addc0|[LEDGER]event filter manager stopped. stop tx pool,groupID=1
info|2025-10-27 01:45:39.992522|fisco-bcos-0x00007f190a7addc0|[LEDGER]removeNetworkStatHandlerByGroupID and removeGroupBandwidthLimiter for service,groupID=1
info|2025-10-27 01:45:39.992547|fisco-bcos-0x00007f190a7addc0|[CHANNEL]removeSDKAllowListByGroupId,groupId=1
info|2025-10-27 01:45:39.992554|fisco-bcos-0x00007f190a7addc0|[INITIALIZER]ledgerInitializer stopped
info|2025-10-27 01:45:40.022570|io_service-0x00007f1907a34700|[NETWORK][Session]doRead failed,endpoint=127.0.0.1:54862,message=short read (SSL routines, SSL routines)
info|2025-10-27 01:45:40.022610|io_service-0x00007f1907a34700|[NETWORK][Session]drop, call and erase all callbackFunc of the session!,endpoint=127.0.0.1:54862
info|2025-10-27 01:45:40.022642|io_service-0x00007f1907a34700|[NETWORK][Session][drop] closing remote 127.0.0.1:54862,reason=Low-level TCP communication failed.,endpoint=127.0.0.1:54862
info|2025-10-27 01:45:40.022743|io_service-0x00007f1907a34700|[NETWORK][Session]Session inactive
info|2025-10-27 01:45:40.022749|io_service-0x00007f1907a34700|[NETWORK][Session]Session inactive
info|2025-10-27 01:45:40.022796|io_service-0x00007f1907a34700|[NETWORK][Session][drop] shutdown failed ,code=9,message=Bad file descriptor
info|2025-10-27 01:45:40.023037|P2P-0x00007f1909a38700|[P2P][Service] disconnect inactive P2PSession,nodeID=73994dae...,endpoint=127.0.0.1:54862,code=3,what=Disconnect
info|2025-10-27 01:45:40.023055|P2P-0x00007f1909a38700|[P2P][Service] onDisconnect,code=3,what=Dynamic exception type: dev::network::NetworkException
std::exception::what: Disconnect
info|2025-10-27 01:45:40.058158|io_service-0x00007f1907a34700|[NETWORK][Session]doRead failed,endpoint=127.0.0.1:30302,message=short read (SSL routines, SSL routines)
info|2025-10-27 01:45:40.058191|io_service-0x00007f1907a34700|[NETWORK][Session]drop, call and erase all callbackFunc of the session!,endpoint=127.0.0.1:30302
info|2025-10-27 01:45:40.058224|io_service-0x00007f1907a34700|[NETWORK][Session][drop] closing remote 127.0.0.1:30302,reason=Low-level TCP communication failed.,endpoint=127.0.0.1:30302
info|2025-10-27 01:45:40.058278|P2P-0x00007f1908a36700|[P2P][Service] disconnect inactive P2PSession,nodeID=87d00b98...,endpoint=127.0.0.1:30302,code=3,what=Disconnect
info|2025-10-27 01:45:40.058301|io_service-0x00007f1907a34700|[NETWORK][Session]Session inactive
info|2025-10-27 01:45:40.058327|io_service-0x00007f1907a34700|[NETWORK][Session]Session inactive
info|2025-10-27 01:45:40.058333|io_service-0x00007f1907a34700|[NETWORK][Session][drop] shutdown failed ,code=9,message=Bad file descriptor
info|2025-10-27 01:45:40.058340|P2P-0x00007f1908a36700|[P2P][Service] onDisconnect,code=3,what=Dynamic exception type: dev::network::NetworkException
std::exception::what: Disconnect
info|2025-10-27 01:45:40.425643|io_service-0x00007f1907a34700|[NETWORK][Session]doRead failed,endpoint=127.0.0.1:30301,message=short read (SSL routines, SSL routines)
info|2025-10-27 01:45:40.425678|io_service-0x00007f1907a34700|[NETWORK][Session]drop, call and erase all callbackFunc of the session!,endpoint=127.0.0.1:30301
info|2025-10-27 01:45:40.425708|io_service-0x00007f1907a34700|[NETWORK][Session][drop] closing remote 127.0.0.1:30301,reason=Low-level TCP communication failed.,endpoint=127.0.0.1:30301
info|2025-10-27 01:45:40.425765|P2P-0x00007f1909237700|[P2P][Service] disconnect inactive P2PSession,nodeID=374bdfe9...,endpoint=127.0.0.1:30301,code=3,what=Disconnect
info|2025-10-27 01:45:40.425801|io_service-0x00007f1907a34700|[NETWORK][Session]Session inactive
info|2025-10-27 01:45:40.425808|io_service-0x00007f1907a34700|[NETWORK][Session]Session inactive
info|2025-10-27 01:45:40.425787|P2P-0x00007f1909237700|[P2P][Service] onDisconnect,code=3,what=Dynamic exception type: dev::network::NetworkException
std::exception::what: Disconnect
info|2025-10-27 01:45:40.425812|io_service-0x00007f1907a34700|[NETWORK][Session][drop] shutdown failed ,code=9,message=Bad file descriptor
info|2025-10-27 01:45:40.993351|fisco-bcos-0x00007f190a7addc0|[INITIALIZER]ChannelRPCHttpServer deleted.
info|2025-10-27 01:45:40.993842|fisco-bcos-0x00007f190a7addc0|[INITIALIZER]JsonrpcHttpServer deleted.
info|2025-10-27 01:45:40.993888|fisco-bcos-0x00007f190a7addc0|[INITIALIZER]RPCInitializer stopped
info|2025-10-27 01:45:40.993942|io_service-0x00007f1907a34700|[NETWORK][Host]Host exit
info|2025-10-27 01:45:40.994446|fisco-bcos-0x00007f190a7addc0|[INITIALIZER]P2PInitializer stopped
info|2025-10-27 01:45:40.994482|fisco-bcos-0x00007f190a7addc0|[LEDGER]stop sealer,groupID=1
info|2025-10-27 01:45:40.994492|fisco-bcos-0x00007f190a7addc0|[LEDGER]sealer stopped. stop sync,groupID=1
info|2025-10-27 01:45:40.994502|fisco-bcos-0x00007f190a7addc0|[g:1] [SYNC][id:064cb676...]SyncMsgEngine stopped
info|2025-10-27 01:45:40.994513|fisco-bcos-0x00007f190a7addc0|[GossipBlockStatus]GossipBlockStatus already stopped
info|2025-10-27 01:45:40.994517|fisco-bcos-0x00007f190a7addc0|[SYNC][id:064cb676...][g:1]SyncMaster stopped
info|2025-10-27 01:45:40.994522|fisco-bcos-0x00007f190a7addc0|[LEDGER]sync stopped. stop event filter manager,groupID=1
info|2025-10-27 01:45:40.994527|fisco-bcos-0x00007f190a7addc0|[LEDGER]event filter manager stopped. stop tx pool,groupID=1
info|2025-10-27 01:45:40.994535|fisco-bcos-0x00007f190a7addc0|[LEDGER]removeNetworkStatHandlerByGroupID and removeGroupBandwidthLimiter for service,groupID=1
info|2025-10-27 01:45:40.994545|fisco-bcos-0x00007f190a7addc0|[g:1][STORAGE][CachedStorage]Stopping flushStorage thread
info|2025-10-27 01:45:41.432183|fisco-bcos-0x00007f190a7addc0|[g:1][STORAGE][CachedStorage]flushStorage thread stopped.
info|2025-10-27 01:45:41.432236|fisco-bcos-0x00007f190a7addc0|[DBINITIALIZER] storage stopped
info|2025-10-27 01:45:41.438405|fisco-bcos-0x00007f190a7addc0|[g:1] [SYNC][id:064cb676...]SyncMsgEngine stopped
info|2025-10-27 01:45:41.438474|fisco-bcos-0x00007f190a7addc0|[GossipBlockStatus]GossipBlockStatus already stopped
info|2025-10-27 01:45:41.438481|fisco-bcos-0x00007f190a7addc0|[SYNC][id:064cb676...][g:1]SyncMaster stopped
info|2025-10-27 01:45:41.438499|fisco-bcos-0x00007f190a7addc0|[g:1] [SYNC][id:064cb676...]SyncMsgEngine stopped
