info|2025-10-11 01:55:50.180843|fisco-bcos-0x00007f41e9e43dc0|[INITIALIZER][initGlobalConfig],enableCompress=true,compatibilityVersion=2.11.0,versionNumber=34275328,enableStat=false,chainId=1,useSMCrypto=true,IgnoreObserverWriteRequest=false
info|2025-10-11 01:55:50.181985|fisco-bcos-0x00007f41e9e43dc0|[INITIALIZER][SecureInitializerGM]get pub of node,nodeID=064cb676a36047a4b52ecbf9c01664b1e987d91b438110ba6a12d96972726622e824d295b1de8b0298b5afe7bbbc0bd04a3890e1a36eae028c1cfbe07971b995
info|2025-10-11 01:55:50.183252|fisco-bcos-0x00007f41e9e43dc0|[NETWORK][Host]Connecting to node,endpoint=127.0.0.1:30300
info|2025-10-11 01:55:50.183386|fisco-bcos-0x00007f41e9e43dc0|[NETWORK][Host]Connecting to node,endpoint=127.0.0.1:30301
info|2025-10-11 01:55:50.183475|fisco-bcos-0x00007f41e9e43dc0|[NETWORK][Host]Connecting to node,endpoint=127.0.0.1:30302
info|2025-10-11 01:55:50.183534|fisco-bcos-0x00007f41e9e43dc0|[NETWORK][Host]Connecting to node,endpoint=127.0.0.1:30303
info|2025-10-11 01:55:50.183635|fisco-bcos-0x00007f41e9e43dc0|[P2P][Service] heartBeat,connected count=0
info|2025-10-11 01:55:50.183679|fisco-bcos-0x00007f41e9e43dc0|[INITIALIZER][RPCInitializer],network_security.check_cert_issuer=true
info|2025-10-11 01:55:50.197160|io_service-0x00007f41e70ca700|[NETWORK][Host]P2P StartAccept,Host=0.0.0.0:30303
info|2025-10-11 01:55:50.197219|fisco-bcos-0x00007f41e9e43dc0|[CHANNEL][ChannelServer::run],threadPoolSize=8
info|2025-10-11 01:55:50.199189|io_service-0x00007f41e70ca700|[NETWORK][ASIO]asyncResolveConnect,endpoint=127.0.0.1:30300
info|2025-10-11 01:55:50.199244|io_service-0x00007f41e70ca700|[NETWORK][ASIO]asyncResolveConnect,endpoint=127.0.0.1:30301
info|2025-10-11 01:55:50.199276|io_service-0x00007f41e70ca700|[NETWORK][ASIO]asyncResolveConnect,endpoint=127.0.0.1:30302
info|2025-10-11 01:55:50.199335|io_service-0x00007f41e70ca700|[NETWORK][ASIO]asyncResolveConnect,endpoint=127.0.0.1:30303
info|2025-10-11 01:55:50.199380|fisco-bcos-0x00007f41e9e43dc0|[CHANNEL]ChannelRPCServer started
info|2025-10-11 01:55:50.199390|fisco-bcos-0x00007f41e9e43dc0|[INITIALIZER][RPCInitializer: ChannelRPCHttpServer started.],disableDynamicGroup=false,uncheckGroupMember=false,threadSize=8
info|2025-10-11 01:55:50.199400|fisco-bcos-0x00007f41e9e43dc0|[INITIALIZER][LedgerInitializer]initConfig
info|2025-10-11 01:55:50.199409|fisco-bcos-0x00007f41e9e43dc0|[LedgerInitializer],groupConfigPath=conf/
info|2025-10-11 01:55:50.199590|fisco-bcos-0x00007f41e9e43dc0|[INITIALIZER][initSingleLedger] [GroupId], LedgerConstructor:  1,configFileName=conf/group.1.genesis,dataDir=data/
warning|2025-10-11 01:55:50.199470|io_service-0x00007f41e70ca700|[NETWORK][Host]TCP Connection refused by node,endpoint=127.0.0.1:30302,message=Connection refused
warning|2025-10-11 01:55:50.199692|P2P-0x00007f41e90ce700|[P2P][Service] onConnect,code=5,nodeID=00000000...,nodeName=,endpoint=unknown,what=Connect failed
info|2025-10-11 01:55:50.199725|io_service-0x00007f41e70ca700|[NETWORK][Host]P2P Recv Connect, From=127.0.0.1:43020
info|2025-10-11 01:55:50.199736|fisco-bcos-0x00007f41e9e43dc0|[g:1][LedgerParam][parseGenesisConfig]initConsensusConfig/initStorageConfig/initTxConfig,configFile=conf/group.1.genesis
info|2025-10-11 01:55:50.199750|fisco-bcos-0x00007f41e9e43dc0|[g:1][LedgerParam][initConsensusConfig],type=pbft,consensusTimeout=3,maxTxNum=1000,txGasLimit=300000000
info|2025-10-11 01:55:50.199759|io_service-0x00007f41e70ca700|[NETWORK][Host]P2P StartAccept,Host=0.0.0.0:30303
info|2025-10-11 01:55:50.199765|fisco-bcos-0x00007f41e9e43dc0|[g:1][LedgerParam][parsePublicKeyListOfSection],sectionName=consensus,it.first=73994dae9e8b8da733108a4153dfe79151d701dff425f84c87b5324e8ebd02ab6a0ebc9e4f1e0298a7ddca50f94a8f95c62b6997226d571e470e8f2b0600634a
info|2025-10-11 01:55:50.199784|fisco-bcos-0x00007f41e9e43dc0|[g:1][LedgerParam][parsePublicKeyListOfSection],sectionName=consensus,it.first=374bdfe969e1d8ea1200ade93e5d8cf1a7d5741f238011004b0f43ca818706f194b2f067e1708125f7ffc536610b9a72addbd56b238d65f18912be39037ffcc5
info|2025-10-11 01:55:50.199793|fisco-bcos-0x00007f41e9e43dc0|[g:1][LedgerParam][parsePublicKeyListOfSection],sectionName=consensus,it.first=87d00b98321fc70a5abc85ad9e80db10cce315194133697bf74aace1d3f8430957a766240f751752708f4282f46110d6ea56c3eb5d1c02ce98a66f327f595270
info|2025-10-11 01:55:50.199804|fisco-bcos-0x00007f41e9e43dc0|[g:1][LedgerParam][parsePublicKeyListOfSection],sectionName=consensus,it.first=064cb676a36047a4b52ecbf9c01664b1e987d91b438110ba6a12d96972726622e824d295b1de8b0298b5afe7bbbc0bd04a3890e1a36eae028c1cfbe07971b995
info|2025-10-11 01:55:50.199809|fisco-bcos-0x00007f41e9e43dc0|[g:1][LedgerParam][parsePublicKeyListOfSection],totalPubKeySize=4
info|2025-10-11 01:55:50.199829|fisco-bcos-0x00007f41e9e43dc0|[g:1][LedgerParam][max_block_range],maxBlockRange=0,maxBlockPerProcess=3
info|2025-10-11 01:55:50.199834|fisco-bcos-0x00007f41e9e43dc0|[g:1][LedgerParam][parseGenesisConfig],timestamp=1759762229000
info|2025-10-11 01:55:50.199843|fisco-bcos-0x00007f41e9e43dc0|[g:1][LedgerParam]setEVMFlags,enableFreeStorageVMSchedule=false,evmFlags=0
info|2025-10-11 01:55:50.199853|fisco-bcos-0x00007f41e9e43dc0|[g:1][LedgerParam]store evmFlag,evmFlag=0
info|2025-10-11 01:55:50.199862|fisco-bcos-0x00007f41e9e43dc0|[g:1][LedgerParam]store consensus time,consensusTimeout=3
info|2025-10-11 01:55:50.199866|fisco-bcos-0x00007f41e9e43dc0|[g:1][LedgerParam][initMark],genesisMark=1-064cb676a36047a4b52ecbf9c01664b1e987d91b438110ba6a12d96972726622e824d295b1de8b0298b5afe7bbbc0bd04a3890e1a36eae028c1cfbe07971b995,374bdfe969e1d8ea1200ade93e5d8cf1a7d5741f238011004b0f43ca818706f194b2f067e1708125f7ffc536610b9a72addbd56b238d65f18912be39037ffcc5,73994dae9e8b8da733108a4153dfe79151d701dff425f84c87b5324e8ebd02ab6a0ebc9e4f1e0298a7ddca50f94a8f95c62b6997226d571e470e8f2b0600634a,87d00b98321fc70a5abc85ad9e80db10cce315194133697bf74aace1d3f8430957a766240f751752708f4282f46110d6ea56c3eb5d1c02ce98a66f327f595270,-pbft-storage-0-1000-300000000-3
info|2025-10-11 01:55:50.199872|fisco-bcos-0x00007f41e9e43dc0|[g:1][LedgerParam][initIniConfig]initTxPoolConfig/initSyncConfig/initTxExecuteConfig,configFile=conf/group.1.ini
info|2025-10-11 01:55:50.200008|fisco-bcos-0x00007f41e9e43dc0|[g:1][LedgerParam][initStorageConfig],stateType=storage,storageDB=rocksdb,storagePath=data//group1/block/RocksDB,baseDir=data//group1,dbtype=mysql,dbip=127.0.0.1,dbport=3306,dbcharset=utf8mb4,initconnections=15,maxconnections=50,scrollThreshold=2000,enableReconfirmCommittee=false
info|2025-10-11 01:55:50.200023|fisco-bcos-0x00007f41e9e43dc0|[g:1][LedgerParam][initTxPoolConfig],txPoolLimit=150000,memorySizeLimit(MB)=512,notifyWorkerNum=2,txsExpirationTime(ms)=600000
info|2025-10-11 01:55:50.200030|fisco-bcos-0x00007f41e9e43dc0|[g:1][LedgerParam][initSyncConfig],idleWaitMs=200
info|2025-10-11 01:55:50.200037|fisco-bcos-0x00007f41e9e43dc0|[g:1][LedgerParam][initSyncConfig],enableSendTxsByTree=true,enableSendBlockStatusByTree=true
info|2025-10-11 01:55:50.200043|fisco-bcos-0x00007f41e9e43dc0|[g:1][LedgerParam][initSyncConfig],gossipInterval=1000
info|2025-10-11 01:55:50.200058|fisco-bcos-0x00007f41e9e43dc0|[g:1][LedgerParam][initSyncConfig],enableSendBlockStatusByTree=true,gossipInterval=1000,gossipPeers=3,syncTreeWidth=3,maxQueueSizeForBlockSync=536870912,txsStatusGossipMaxPeers=5,syncInfoPrintInterval=10,freeNodeRead=false
info|2025-10-11 01:55:50.200065|fisco-bcos-0x00007f41e9e43dc0|[g:1][LedgerParam][InitTxExecuteConfig],enableParallel=true
info|2025-10-11 01:55:50.200078|fisco-bcos-0x00007f41e9e43dc0|[g:1][LedgerParam][initConsensusIniConfig],maxTTL=2,minBlockGenerationTime=500,enablDynamicBlockSize=true,blockSizeIncreaseRatio=0.5,enableTTLOptimize=true,enablePrepareWithTxsHash=true
info|2025-10-11 01:55:50.200106|fisco-bcos-0x00007f41e9e43dc0|[g:1][LedgerParam][initRPBFTConsensusIniConfig],broadcastPrepareByTree=true,prepareStatusBroadcastPercent=33,maxRequestMissedTxsWaitTime=100,maxRequestPrepareWaitTime=100
info|2025-10-11 01:55:50.200112|fisco-bcos-0x00007f41e9e43dc0|[g:1][LedgerParam][initFlowControlConfig],maxQPS=9223372036854775807,outGoingBandwidth(Bytes)=9223372036854775807
info|2025-10-11 01:55:50.200117|fisco-bcos-0x00007f41e9e43dc0|[g:1][LedgerParam]parseSDKAllowList,sdkAllowList=[],enableSDKAllowListControl=false
info|2025-10-11 01:55:50.200131|fisco-bcos-0x00007f41e9e43dc0|[g:1][LEDGER][initLedger][DBInitializer]
info|2025-10-11 01:55:50.200134|fisco-bcos-0x00007f41e9e43dc0|[g:1][LEDGER]setSDKAllowList,groupId=1,sdkAllowListSize=0
info|2025-10-11 01:55:50.200143|fisco-bcos-0x00007f41e9e43dc0|[g:1][CHANNEL]registerSDKAllowListByGroupId,groupId=1,size=0
info|2025-10-11 01:55:50.200147|fisco-bcos-0x00007f41e9e43dc0|[g:1][CHANNEL]Disable group-level sdk permission control for sdk allowlist is empty
info|2025-10-11 01:55:50.200151|fisco-bcos-0x00007f41e9e43dc0|[g:1][DBINITIALIZER] [initStorageDB]
info|2025-10-11 01:55:50.200155|fisco-bcos-0x00007f41e9e43dc0|[g:1][DBINITIALIZER] [initRocksDBStorage]
info|2025-10-11 01:55:50.200182|fisco-bcos-0x00007f41e9e43dc0|[g:1][ROCKSDB]open rocksDB handler,path=data//group1/block/RocksDB
info|2025-10-11 01:55:50.214544|io_service-0x00007f41e70ca700|[NETWORK][Host]handshakeServer succ,remote endpoint=127.0.0.1:43020
info|2025-10-11 01:55:50.214671|io_service-0x00007f41e70ca700|[NETWORK][Host]startPeerSession, Remote=127.0.0.1:43020,local endpoint=127.0.0.1:30303,nodeID=064cb676...
info|2025-10-11 01:55:50.230674|io_service-0x00007f41e70ca700|[NETWORK][Host]handshakeClient succ,local endpoint=127.0.0.1:43020
info|2025-10-11 01:55:50.230790|io_service-0x00007f41e70ca700|[NETWORK][Host]startPeerSession, Remote=127.0.0.1:30303,local endpoint=127.0.0.1:43020,nodeID=064cb676...
info|2025-10-11 01:55:50.244730|io_service-0x00007f41e70ca700|[NETWORK][Host]P2P Recv Connect, From=127.0.0.1:43024
info|2025-10-11 01:55:50.244832|io_service-0x00007f41e70ca700|[NETWORK][Host]P2P StartAccept,Host=0.0.0.0:30303
info|2025-10-11 01:55:50.245045|io_service-0x00007f41e70ca700|[NETWORK][Host]handshakeClient succ,local endpoint=127.0.0.1:46264
info|2025-10-11 01:55:50.245202|P2P-0x00007f41e78cb700|[P2P][Service] Connection established,nodeID=374bdfe9...,endpoint=127.0.0.1:30301
info|2025-10-11 01:55:50.245247|io_service-0x00007f41e70ca700|[NETWORK][Host]startPeerSession, Remote=127.0.0.1:30301,local endpoint=127.0.0.1:46264,nodeID=374bdfe9...
info|2025-10-11 01:55:50.248671|fisco-bcos-0x00007f41e9e43dc0|[g:1][g:1][STORAGE][CachedStorage]Init flushStorage thread
info|2025-10-11 01:55:50.248820|fisco-bcos-0x00007f41e9e43dc0|[g:1][DBINITIALIZER] [init CachedStorage],maxCapacity=32,maxForwardBlock=10
info|2025-10-11 01:55:50.248840|fisco-bcos-0x00007f41e9e43dc0|[g:1][LEDGER][initLedger][initBlockChain]
info|2025-10-11 01:55:50.249040|fisco-bcos-0x00007f41e9e43dc0|[g:1][LEDGER]set enableHexBlock to be false,version=34275328
info|2025-10-11 01:55:50.249067|fisco-bcos-0x00007f41e9e43dc0|[g:1][BLOCKCHAIN][#checkAndBuildGenesisBlock],shouldBuild=false
info|2025-10-11 01:55:50.249334|fisco-bcos-0x00007f41e9e43dc0|[g:1][BLOCKCHAIN][#checkAndBuildGenesisBlock]Already have the 0th block, 0th groupMark is equal to file groupMark.
info|2025-10-11 01:55:50.249357|fisco-bcos-0x00007f41e9e43dc0|[g:1][LEDGER][initLedger]initBlockChain SUCC
info|2025-10-11 01:55:50.249395|fisco-bcos-0x00007f41e9e43dc0|[g:1][DBINITIALIZER] [createStateFactory],type=storage
info|2025-10-11 01:55:50.249411|fisco-bcos-0x00007f41e9e43dc0|[g:1][DBINITIALIZER] createStorageState SUCC
info|2025-10-11 01:55:50.249421|fisco-bcos-0x00007f41e9e43dc0|[g:1][DBINITIALIZER] [createStateFactory SUCC]
info|2025-10-11 01:55:50.249432|fisco-bcos-0x00007f41e9e43dc0|[g:1][DBINITIALIZER] createExecutiveContext...
info|2025-10-11 01:55:50.249454|fisco-bcos-0x00007f41e9e43dc0|[g:1][LEDGER]createGasMetric,vmFlagType=0
info|2025-10-11 01:55:50.249466|fisco-bcos-0x00007f41e9e43dc0|[g:1][LEDGER]createGasMetric
info|2025-10-11 01:55:50.249480|fisco-bcos-0x00007f41e9e43dc0|[g:1][DBINITIALIZER] create precompiledGasFactory and precompiledResultFactory
info|2025-10-11 01:55:50.249492|fisco-bcos-0x00007f41e9e43dc0|[g:1][DBINITIALIZER] createExecutiveContext SUCC
info|2025-10-11 01:55:50.249504|fisco-bcos-0x00007f41e9e43dc0|[g:1][DBINITIALIZER] [setSyncNumForCachedStorage],syncNum=420
info|2025-10-11 01:55:50.249517|fisco-bcos-0x00007f41e9e43dc0|[g:1][LEDGER][initNetworkBandWidthLimiter: outGoingBandwidthLimit has been disabled],groupId=1
info|2025-10-11 01:55:50.249539|fisco-bcos-0x00007f41e9e43dc0|[g:1][LEDGER][QPSLimit has been disabled],groupId=1
info|2025-10-11 01:55:50.249569|fisco-bcos-0x00007f41e9e43dc0|[g:1][LEDGER][initLedger][initBlockVerifier]
info|2025-10-11 01:55:50.249595|fisco-bcos-0x00007f41e9e43dc0|[g:1][LEDGER][initLedger][initBlockVerifier SUCC],evmFlags=0
info|2025-10-11 01:55:50.249607|fisco-bcos-0x00007f41e9e43dc0|[g:1][LEDGER][initLedger][initTxPool],txPoolLimit=150000
info|2025-10-11 01:55:50.266143|io_service-0x00007f41e70ca700|[NETWORK][Host]handshakeClient succ,local endpoint=127.0.0.1:60520
info|2025-10-11 01:55:50.266901|P2P-0x00007f41e90ce700|[P2P][Service] Connection established,nodeID=73994dae...,endpoint=127.0.0.1:30300
info|2025-10-11 01:55:50.267069|io_service-0x00007f41e70ca700|[NETWORK][Host]startPeerSession, Remote=127.0.0.1:30300,local endpoint=127.0.0.1:60520,nodeID=73994dae...
info|2025-10-11 01:55:50.300284|io_service-0x00007f41e70ca700|[NETWORK][Host]handshakeServer succ,remote endpoint=127.0.0.1:43024
info|2025-10-11 01:55:50.300416|P2P-0x00007f41e88cd700|[P2P][Service] Connection established,nodeID=87d00b98...,endpoint=127.0.0.1:43024
info|2025-10-11 01:55:50.300452|io_service-0x00007f41e70ca700|[NETWORK][Host]startPeerSession, Remote=127.0.0.1:43024,local endpoint=127.0.0.1:30303,nodeID=87d00b98...
info|2025-10-11 01:55:50.365084|fisco-bcos-0x00007f41e9e43dc0|[g:1][LEDGER][initLedger]initTxPool SUCC
info|2025-10-11 01:55:50.365125|fisco-bcos-0x00007f41e9e43dc0|[g:1][LEDGER][initLedger][initSync],idleWaitMs=200,gossipInterval=1000,gossipPeers=3
info|2025-10-11 01:55:50.365135|fisco-bcos-0x00007f41e9e43dc0|[g:1][LEDGER]Init sync master,enableSendBlockStatusByTree=true,enableSendTxsByTree=true
info|2025-10-11 01:55:50.366065|fisco-bcos-0x00007f41e9e43dc0|[g:1][LEDGER][initLedger]initSync SUCC
info|2025-10-11 01:55:50.366101|fisco-bcos-0x00007f41e9e43dc0|[g:1][LEDGER][initLedger][consensusInitFactory]
info|2025-10-11 01:55:50.366110|fisco-bcos-0x00007f41e9e43dc0|[g:1][LEDGER][initLedger][createPBFTSealer]
info|2025-10-11 01:55:50.366116|fisco-bcos-0x00007f41e9e43dc0|[g:1][LEDGER][initLedger][createPBFTSealer],baseDir=data//group1,Protocol=65544
info|2025-10-11 01:55:50.366176|fisco-bcos-0x00007f41e9e43dc0|[g:1][LEDGER][initLedger]createPBFTSealer for PBFT or rPBFT,consensusType=pbft
info|2025-10-11 01:55:50.366207|fisco-bcos-0x00007f41e9e43dc0|[g:1][LEDGER]createConsensusEngine: create PBFTEngine
info|2025-10-11 01:55:50.366220|fisco-bcos-0x00007f41e9e43dc0|[g:1][CONSENSUS][PBFT]Register handler for PBFTEngine
info|2025-10-11 01:55:50.366990|fisco-bcos-0x00007f41e9e43dc0|[g:1][CONSENSUS][PBFT]setMinBlockGenerationTime,minBlockGenerationTime=500,consensusTime=1000
info|2025-10-11 01:55:50.367025|fisco-bcos-0x00007f41e9e43dc0|[g:1][LEDGER][initEventLogFilterManager]initEventLogFilterManager SUCC
info|2025-10-11 01:55:50.367034|fisco-bcos-0x00007f41e9e43dc0|[LedgerInitializer init group succ],groupID=1
info|2025-10-11 01:55:50.367256|fisco-bcos-0x00007f41e9e43dc0|[SafeHttpServer::StartListening]use default epoll
info|2025-10-11 01:55:50.367673|fisco-bcos-0x00007f41e9e43dc0|[INITIALIZER][RPCInitializer JsonrpcHttpServer started],jsonrpc_IP=127.0.0.1,jsonrpc_listen_port=8548,jsonrpc_thread_count=8,ipv6=false,disableDynamicGroup=false,uncheckGroupMember=false
info|2025-10-11 01:55:50.367716|fisco-bcos-0x00007f41e9e43dc0|[g:1][LEDGER]startAll...
info|2025-10-11 01:55:50.372230|fisco-bcos-0x00007f41e9e43dc0|[g:1][GossipBlockStatus]start GossipBlockStatus succ
info|2025-10-11 01:55:50.372319|fisco-bcos-0x00007f41e9e43dc0|[g:1][CONSENSUS][ConsensusEngine][Start ConsensusEngineBase]
info|2025-10-11 01:55:50.372572|fisco-bcos-0x00007f41e9e43dc0|[g:1][CONSENSUS][PBFT]^^^^^^^^Report,num=420,sealerIdx=3,hash=bb8b235d...,next=421,tx=1,nodeIdx=0
info|2025-10-11 01:55:50.372639|fisco-bcos-0x00007f41e9e43dc0|[g:1][ROCKSDB]open rocksDB handler,path=data//group1/pbftMsgBackup/RocksDB
info|2025-10-11 01:55:50.403246|alignTime-1-0x00007f41d78ab700|[g:1][NodeTimeMaintenance]updateTimeInfo: update median time offset,updatedMedianTimeOffset=-1,peer=87d00b98...,peerTime=1760172950402,peerOffset=-1,utcTime=1760172950403
info|2025-10-11 01:55:50.405395|fisco-bcos-0x00007f41e9e43dc0|[g:1][CONSENSUS][PBFT][PBFT init env successfully]
info|2025-10-11 01:55:50.405431|fisco-bcos-0x00007f41e9e43dc0|[g:1][CONSENSUS][PBFT][Start PBFTEngine...]
info|2025-10-11 01:55:50.405437|fisco-bcos-0x00007f41e9e43dc0|[g:1][CONSENSUS][SEALER][Start sealer module]
info|2025-10-11 01:55:50.409704|fisco-bcos-0x00007f41e9e43dc0|[g:1][EVENT][EventLogFilterManager]start,m_maxBlockRange=0,m_maxBlockPerLoopFilter=3
info|2025-10-11 01:55:51.272495|alignTime-1-0x00007f41d78ab700|[g:1][NodeTimeMaintenance]updateTimeInfo: update median time offset,updatedMedianTimeOffset=-1,peer=374bdfe9...,peerTime=1760172951270,peerOffset=-2,utcTime=1760172951272
info|2025-10-11 01:55:51.370838|alignTime-1-0x00007f41d78ab700|[g:1][NodeTimeMaintenance]updateTimeInfo: update median time offset,updatedMedianTimeOffset=-2,peer=73994dae...,peerTime=1760172951368,peerOffset=-2,utcTime=1760172951370
info|2025-10-11 01:55:51.372477|PBFTSeal-1-0x00007f41c5887700|[g:1][CONSENSUS][SEALER]++++++++++++++++ Generating seal on,blkNum=421,tx=0,nodeIdx=0,hash=1a825e51...
info|2025-10-11 01:55:51.377899|PBFT-1-0x00007f41cd096700|[g:1][CONSENSUS][PBFT]checkTimeout Succ,view=0,toView=1,nodeIdx=0,changeCycle=1,myNode=064cb676...,timecost=1
info|2025-10-11 01:55:51.411953|PBFT-1-0x00007f41cd096700|[g:1][CONSENSUS][PBFT]checkAndChangeView: Reach consensus,org_view=0,cur_changeCycle=1,curView=0,view=1
info|2025-10-11 01:55:55.265274|P2P-0x00007f41e80cc700|[NETWORK][Session]Received topic: [2	_block_notify_1] from 73994dae9e8b8da733108a4153dfe79151d701dff425f84c87b5324e8ebd02ab6a0ebc9e4f1e0298a7ddca50f94a8f95c62b6997226d571e470e8f2b0600634a
warning|2025-10-11 01:55:55.916910|PBFT-1-0x00007f41cd096700|[g:1][CONSENSUS][PBFT]ViewChangeWarning: not caused by omit empty block ,v=1,toV=2,curNum=420,hash=bb8b235d...,nodeIdx=0,myNode=064cb676...
info|2025-10-11 01:55:55.918780|PBFT-1-0x00007f41cd096700|[g:1][CONSENSUS][PBFT]checkTimeout Succ,view=1,toView=2,nodeIdx=0,changeCycle=2,myNode=064cb676...,timecost=4
info|2025-10-11 01:55:55.924756|PBFT-1-0x00007f41cd096700|[g:1][CONSENSUS][PBFT]checkAndChangeView: Reach consensus,org_view=1,cur_changeCycle=2,curView=1,view=2
info|2025-10-11 01:55:56.930195|PBFT-1-0x00007f41cd096700|[g:1][CONSENSUS]addRawPrepare,height=421,reqIdx=2,hash=2cf09448...,time=0
info|2025-10-11 01:55:56.933508|PBFT-1-0x00007f41cd096700|[g:1][CONSENSUS][PBFT]checkTimeout Succ,view=2,toView=3,nodeIdx=0,changeCycle=1,myNode=064cb676...,timecost=3
info|2025-10-11 01:55:56.936873|PBFT-1-0x00007f41cd096700|[g:1][CONSENSUS][PBFT]checkAndChangeView: Reach consensus,org_view=2,cur_changeCycle=1,curView=2,view=3
info|2025-10-11 01:55:57.944545|PBFT-1-0x00007f41cd096700|[g:1][CONSENSUS]addRawPrepare,height=421,reqIdx=3,hash=afba627e...,time=0
info|2025-10-11 01:55:57.947276|PBFT-1-0x00007f41cd096700|[g:1][CONSENSUS][PBFT]checkTimeout Succ,view=3,toView=4,nodeIdx=0,changeCycle=1,myNode=064cb676...,timecost=2
info|2025-10-11 01:55:57.953809|PBFT-1-0x00007f41cd096700|[g:1][CONSENSUS][PBFT]checkAndChangeView: Reach consensus,org_view=3,cur_changeCycle=1,curView=3,view=4
info|2025-10-11 01:55:58.954501|PBFTSeal-1-0x00007f41c5887700|[g:1][CONSENSUS][SEALER]++++++++++++++++ Generating seal on,blkNum=421,tx=0,nodeIdx=0,hash=2c61fc88...
info|2025-10-11 01:55:58.958118|PBFT-1-0x00007f41cd096700|[g:1][CONSENSUS][PBFT]checkTimeout Succ,view=4,toView=5,nodeIdx=0,changeCycle=1,myNode=064cb676...,timecost=2
info|2025-10-11 01:55:58.965234|PBFT-1-0x00007f41cd096700|[g:1][CONSENSUS][PBFT]checkAndChangeView: Reach consensus,org_view=4,cur_changeCycle=1,curView=4,view=5
info|2025-10-11 01:56:00.160009|io_service-0x00007f41e70ca700|[NETWORK][Host]P2P Recv Connect, From=127.0.0.1:38050
info|2025-10-11 01:56:00.160084|io_service-0x00007f41e70ca700|[NETWORK][Host]P2P StartAccept,Host=0.0.0.0:30303
info|2025-10-11 01:56:00.167876|io_service-0x00007f41e70ca700|[NETWORK][Host]P2P Recv Connect, From=127.0.0.1:38060
info|2025-10-11 01:56:00.167962|io_service-0x00007f41e70ca700|[NETWORK][Host]P2P StartAccept,Host=0.0.0.0:30303
info|2025-10-11 01:56:00.176394|io_service-0x00007f41e70ca700|[NETWORK][Host]handshakeServer succ,remote endpoint=127.0.0.1:38060
info|2025-10-11 01:56:00.176793|io_service-0x00007f41e70ca700|[NETWORK][Host]startPeerSession, Remote=127.0.0.1:38060,local endpoint=127.0.0.1:30303,nodeID=73994dae...
info|2025-10-11 01:56:00.179815|io_service-0x00007f41e70ca700|[NETWORK][Host]handshakeServer succ,remote endpoint=127.0.0.1:38050
info|2025-10-11 01:56:00.179878|io_service-0x00007f41e70ca700|[NETWORK][Host]startPeerSession, Remote=127.0.0.1:38050,local endpoint=127.0.0.1:30303,nodeID=374bdfe9...
info|2025-10-11 01:56:00.183778|io_service-0x00007f41e70ca700|[NETWORK][Host]Connecting to node,endpoint=127.0.0.1:30302
info|2025-10-11 01:56:00.183933|io_service-0x00007f41e70ca700|[P2P][Service] heartBeat,connected count=3
info|2025-10-11 01:56:00.184104|io_service-0x00007f41e70ca700|[NETWORK][ASIO]asyncResolveConnect,endpoint=127.0.0.1:30302
info|2025-10-11 01:56:00.193251|io_service-0x00007f41e70ca700|[NETWORK][Host]handshakeClient succ,local endpoint=127.0.0.1:46240
info|2025-10-11 01:56:00.193407|io_service-0x00007f41e70ca700|[NETWORK][Host]startPeerSession, Remote=127.0.0.1:30302,local endpoint=127.0.0.1:46240,nodeID=87d00b98...
warning|2025-10-11 01:56:03.469902|PBFT-1-0x00007f41cd096700|[g:1][CONSENSUS][PBFT]ViewChangeWarning: not caused by omit empty block ,v=5,toV=6,curNum=420,hash=bb8b235d...,nodeIdx=0,myNode=064cb676...
info|2025-10-11 01:56:03.474110|PBFT-1-0x00007f41cd096700|[g:1][CONSENSUS][PBFT]checkTimeout Succ,view=5,toView=6,nodeIdx=0,changeCycle=2,myNode=064cb676...,timecost=6
info|2025-10-11 01:56:03.479316|PBFT-1-0x00007f41cd096700|[g:1][CONSENSUS][PBFT]checkAndChangeView: Reach consensus,org_view=5,cur_changeCycle=2,curView=5,view=6
info|2025-10-11 01:56:04.485305|PBFT-1-0x00007f41cd096700|[g:1][CONSENSUS]addRawPrepare,height=421,reqIdx=2,hash=9d9d017d...,time=0
info|2025-10-11 01:56:04.489989|PBFT-1-0x00007f41cd096700|[g:1][CONSENSUS][PBFT]checkTimeout Succ,view=6,toView=7,nodeIdx=0,changeCycle=1,myNode=064cb676...,timecost=5
info|2025-10-11 01:56:04.492766|PBFT-1-0x00007f41cd096700|[g:1][CONSENSUS][PBFT]checkAndChangeView: Reach consensus,org_view=6,cur_changeCycle=1,curView=6,view=7
info|2025-10-11 01:56:05.493863|PBFT-1-0x00007f41cd096700|[g:1][CONSENSUS]addRawPrepare,height=421,reqIdx=3,hash=3ef7811b...,time=0
info|2025-10-11 01:56:05.495997|PBFT-1-0x00007f41cd096700|[g:1][CONSENSUS][PBFT]checkTimeout Succ,view=7,toView=8,nodeIdx=0,changeCycle=1,myNode=064cb676...,timecost=3
info|2025-10-11 01:56:05.502647|PBFT-1-0x00007f41cd096700|[g:1][CONSENSUS][PBFT]checkAndChangeView: Reach consensus,org_view=7,cur_changeCycle=1,curView=7,view=8
info|2025-10-11 01:56:06.502891|PBFTSeal-1-0x00007f41c5887700|[g:1][CONSENSUS][SEALER]++++++++++++++++ Generating seal on,blkNum=421,tx=0,nodeIdx=0,hash=dedf8e74...
info|2025-10-11 01:56:06.510500|PBFT-1-0x00007f41cd096700|[g:1][CONSENSUS][PBFT]checkTimeout Succ,view=8,toView=9,nodeIdx=0,changeCycle=1,myNode=064cb676...,timecost=5
info|2025-10-11 01:56:06.514752|PBFT-1-0x00007f41cd096700|[g:1][CONSENSUS][PBFT]checkAndChangeView: Reach consensus,org_view=8,cur_changeCycle=1,curView=8,view=9
info|2025-10-11 01:56:10.184751|io_service-0x00007f41e70ca700|[P2P][Service] heartBeat,connected count=3
warning|2025-10-11 01:56:11.015558|PBFT-1-0x00007f41cd096700|[g:1][CONSENSUS][PBFT]ViewChangeWarning: not caused by omit empty block ,v=9,toV=10,curNum=420,hash=bb8b235d...,nodeIdx=0,myNode=064cb676...
info|2025-10-11 01:56:11.015705|PBFT-1-0x00007f41cd096700|[g:1][CONSENSUS][PBFT]checkTimeout Succ,view=9,toView=10,nodeIdx=0,changeCycle=2,myNode=064cb676...,timecost=1
info|2025-10-11 01:56:11.023154|PBFT-1-0x00007f41cd096700|[g:1][CONSENSUS][PBFT]checkAndChangeView: Reach consensus,org_view=9,cur_changeCycle=2,curView=9,view=10
info|2025-10-11 01:56:12.024829|PBFT-1-0x00007f41cd096700|[g:1][CONSENSUS]addRawPrepare,height=421,reqIdx=2,hash=42cebe4e...,time=0
info|2025-10-11 01:56:12.026334|PBFT-1-0x00007f41cd096700|[g:1][CONSENSUS][PBFT]checkTimeout Succ,view=10,toView=11,nodeIdx=0,changeCycle=1,myNode=064cb676...,timecost=2
info|2025-10-11 01:56:12.032395|PBFT-1-0x00007f41cd096700|[g:1][CONSENSUS][PBFT]checkAndChangeView: Reach consensus,org_view=10,cur_changeCycle=1,curView=10,view=11
info|2025-10-11 01:56:13.041694|PBFT-1-0x00007f41cd096700|[g:1][CONSENSUS]addRawPrepare,height=421,reqIdx=3,hash=eb8422f1...,time=0
info|2025-10-11 01:56:13.044062|PBFT-1-0x00007f41cd096700|[g:1][CONSENSUS][PBFT]checkTimeout Succ,view=11,toView=12,nodeIdx=0,changeCycle=1,myNode=064cb676...,timecost=3
info|2025-10-11 01:56:13.052899|PBFT-1-0x00007f41cd096700|[g:1][CONSENSUS][PBFT]checkAndChangeView: Reach consensus,org_view=11,cur_changeCycle=1,curView=11,view=12
info|2025-10-11 01:56:14.052410|PBFTSeal-1-0x00007f41c5887700|[g:1][CONSENSUS][SEALER]++++++++++++++++ Generating seal on,blkNum=421,tx=0,nodeIdx=0,hash=9575aaf3...
info|2025-10-11 01:56:14.058762|PBFT-1-0x00007f41cd096700|[g:1][CONSENSUS][PBFT]checkTimeout Succ,view=12,toView=13,nodeIdx=0,changeCycle=1,myNode=064cb676...,timecost=1
info|2025-10-11 01:56:14.063358|PBFT-1-0x00007f41cd096700|[g:1][CONSENSUS][PBFT]checkAndChangeView: Reach consensus,org_view=12,cur_changeCycle=1,curView=12,view=13
warning|2025-10-11 01:56:18.571825|PBFT-1-0x00007f41cd096700|[g:1][CONSENSUS][PBFT]ViewChangeWarning: not caused by omit empty block ,v=13,toV=14,curNum=420,hash=bb8b235d...,nodeIdx=0,myNode=064cb676...
info|2025-10-11 01:56:18.572673|PBFT-1-0x00007f41cd096700|[g:1][CONSENSUS][PBFT]checkTimeout Succ,view=13,toView=14,nodeIdx=0,changeCycle=2,myNode=064cb676...,timecost=4
info|2025-10-11 01:56:18.581421|PBFT-1-0x00007f41cd096700|[g:1][CONSENSUS][PBFT]checkAndChangeView: Reach consensus,org_view=13,cur_changeCycle=2,curView=13,view=14
info|2025-10-11 01:56:19.583563|PBFT-1-0x00007f41cd096700|[g:1][CONSENSUS]addRawPrepare,height=421,reqIdx=2,hash=4835a77a...,time=0
info|2025-10-11 01:56:19.586364|PBFT-1-0x00007f41cd096700|[g:1][CONSENSUS][PBFT]checkTimeout Succ,view=14,toView=15,nodeIdx=0,changeCycle=1,myNode=064cb676...,timecost=2
info|2025-10-11 01:56:19.591589|PBFT-1-0x00007f41cd096700|[g:1][CONSENSUS][PBFT]checkAndChangeView: Reach consensus,org_view=14,cur_changeCycle=1,curView=14,view=15
info|2025-10-11 01:56:20.185607|io_service-0x00007f41e70ca700|[P2P][Service] heartBeat,connected count=3
info|2025-10-11 01:56:20.595832|PBFT-1-0x00007f41cd096700|[g:1][CONSENSUS]addRawPrepare,height=421,reqIdx=3,hash=8d916ab4...,time=0
info|2025-10-11 01:56:20.597399|PBFT-1-0x00007f41cd096700|[g:1][CONSENSUS][PBFT]checkTimeout Succ,view=15,toView=16,nodeIdx=0,changeCycle=1,myNode=064cb676...,timecost=2
info|2025-10-11 01:56:20.603944|PBFT-1-0x00007f41cd096700|[g:1][CONSENSUS][PBFT]checkAndChangeView: Reach consensus,org_view=15,cur_changeCycle=1,curView=15,view=16
info|2025-10-11 01:56:21.604550|PBFTSeal-1-0x00007f41c5887700|[g:1][CONSENSUS][SEALER]++++++++++++++++ Generating seal on,blkNum=421,tx=0,nodeIdx=0,hash=0e65f985...
info|2025-10-11 01:56:21.613221|PBFT-1-0x00007f41cd096700|[g:1][CONSENSUS][PBFT]checkTimeout Succ,view=16,toView=17,nodeIdx=0,changeCycle=1,myNode=064cb676...,timecost=7
info|2025-10-11 01:56:21.617032|PBFT-1-0x00007f41cd096700|[g:1][CONSENSUS][PBFT]checkAndChangeView: Reach consensus,org_view=16,cur_changeCycle=1,curView=16,view=17
info|2025-10-11 01:56:25.628943|P2P-0x00007f41e90ce700|[g:1] [SYNC][id:064cb676...][Download][Request]Receive block request,peer=374bdfe9...,from=184,to=184
info|2025-10-11 01:56:25.629750|SyncSend-1-0x00007f41d98af700|[g:1][SYNC][id:064cb676...][Download][Request][BlockSync]Batch blocks for sending,blockSize=24480,number=184,peer=374bdfe9...,timeCost=0
info|2025-10-11 01:56:25.629878|SyncSend-1-0x00007f41d98af700|[g:1][g:1] [SYNC][id:374bdfe9...][Download][Request][BlockSync]Send block packet,peer=374bdfe9...,blocks=1,bytes(V)=24487
warning|2025-10-11 01:56:26.119904|PBFT-1-0x00007f41cd096700|[g:1][CONSENSUS][PBFT]ViewChangeWarning: not caused by omit empty block ,v=17,toV=18,curNum=420,hash=bb8b235d...,nodeIdx=0,myNode=064cb676...
info|2025-10-11 01:56:26.122338|PBFT-1-0x00007f41cd096700|[g:1][CONSENSUS][PBFT]checkTimeout Succ,view=17,toView=18,nodeIdx=0,changeCycle=2,myNode=064cb676...,timecost=4
info|2025-10-11 01:56:26.126982|PBFT-1-0x00007f41cd096700|[g:1][CONSENSUS][PBFT]checkAndChangeView: Reach consensus,org_view=17,cur_changeCycle=2,curView=17,view=18
info|2025-10-11 01:56:27.130630|PBFT-1-0x00007f41cd096700|[g:1][CONSENSUS]addRawPrepare,height=421,reqIdx=2,hash=ceb8b64f...,time=0
info|2025-10-11 01:56:27.133824|PBFT-1-0x00007f41cd096700|[g:1][CONSENSUS][PBFT]checkTimeout Succ,view=18,toView=19,nodeIdx=0,changeCycle=1,myNode=064cb676...,timecost=3
info|2025-10-11 01:56:27.138942|PBFT-1-0x00007f41cd096700|[g:1][CONSENSUS][PBFT]checkAndChangeView: Reach consensus,org_view=18,cur_changeCycle=1,curView=18,view=19
info|2025-10-11 01:56:28.142484|PBFT-1-0x00007f41cd096700|[g:1][CONSENSUS]addRawPrepare,height=421,reqIdx=3,hash=138f36a1...,time=0
info|2025-10-11 01:56:28.143982|PBFT-1-0x00007f41cd096700|[g:1][CONSENSUS][PBFT]checkTimeout Succ,view=19,toView=20,nodeIdx=0,changeCycle=1,myNode=064cb676...,timecost=1
info|2025-10-11 01:56:28.150155|PBFT-1-0x00007f41cd096700|[g:1][CONSENSUS][PBFT]checkAndChangeView: Reach consensus,org_view=19,cur_changeCycle=1,curView=19,view=20
info|2025-10-11 01:56:29.151310|PBFTSeal-1-0x00007f41c5887700|[g:1][CONSENSUS][SEALER]++++++++++++++++ Generating seal on,blkNum=421,tx=0,nodeIdx=0,hash=e652389b...
info|2025-10-11 01:56:29.158943|PBFT-1-0x00007f41cd096700|[g:1][CONSENSUS][PBFT]checkTimeout Succ,view=20,toView=21,nodeIdx=0,changeCycle=1,myNode=064cb676...,timecost=2
info|2025-10-11 01:56:29.165408|PBFT-1-0x00007f41cd096700|[g:1][CONSENSUS][PBFT]checkAndChangeView: Reach consensus,org_view=20,cur_changeCycle=1,curView=20,view=21
info|2025-10-11 01:56:30.186485|io_service-0x00007f41e70ca700|[P2P][Service] heartBeat,connected count=3
warning|2025-10-11 01:56:33.667717|PBFT-1-0x00007f41cd096700|[g:1][CONSENSUS][PBFT]ViewChangeWarning: not caused by omit empty block ,v=21,toV=22,curNum=420,hash=bb8b235d...,nodeIdx=0,myNode=064cb676...
info|2025-10-11 01:56:33.669861|PBFT-1-0x00007f41cd096700|[g:1][CONSENSUS][PBFT]checkTimeout Succ,view=21,toView=22,nodeIdx=0,changeCycle=2,myNode=064cb676...,timecost=3
info|2025-10-11 01:56:33.676272|PBFT-1-0x00007f41cd096700|[g:1][CONSENSUS][PBFT]checkAndChangeView: Reach consensus,org_view=21,cur_changeCycle=2,curView=21,view=22
info|2025-10-11 01:56:34.680078|PBFT-1-0x00007f41cd096700|[g:1][CONSENSUS]addRawPrepare,height=421,reqIdx=2,hash=f048bff6...,time=0
info|2025-10-11 01:56:34.681994|PBFT-1-0x00007f41cd096700|[g:1][CONSENSUS][PBFT]checkTimeout Succ,view=22,toView=23,nodeIdx=0,changeCycle=1,myNode=064cb676...,timecost=2
info|2025-10-11 01:56:34.685375|PBFT-1-0x00007f41cd096700|[g:1][CONSENSUS][PBFT]checkAndChangeView: Reach consensus,org_view=22,cur_changeCycle=1,curView=22,view=23
info|2025-10-11 01:56:35.692085|PBFT-1-0x00007f41cd096700|[g:1][CONSENSUS]addRawPrepare,height=421,reqIdx=3,hash=80b06951...,time=0
info|2025-10-11 01:56:35.693701|PBFT-1-0x00007f41cd096700|[g:1][CONSENSUS][PBFT]checkTimeout Succ,view=23,toView=24,nodeIdx=0,changeCycle=1,myNode=064cb676...,timecost=1
info|2025-10-11 01:56:35.697394|PBFT-1-0x00007f41cd096700|[g:1][CONSENSUS][PBFT]checkAndChangeView: Reach consensus,org_view=23,cur_changeCycle=1,curView=23,view=24
info|2025-10-11 01:56:36.699211|PBFTSeal-1-0x00007f41c5887700|[g:1][CONSENSUS][SEALER]++++++++++++++++ Generating seal on,blkNum=421,tx=0,nodeIdx=0,hash=01f3c117...
info|2025-10-11 01:56:36.702360|PBFT-1-0x00007f41cd096700|[g:1][CONSENSUS][PBFT]checkTimeout Succ,view=24,toView=25,nodeIdx=0,changeCycle=1,myNode=064cb676...,timecost=2
info|2025-10-11 01:56:36.711423|PBFT-1-0x00007f41cd096700|[g:1][CONSENSUS][PBFT]checkAndChangeView: Reach consensus,org_view=24,cur_changeCycle=1,curView=24,view=25
info|2025-10-11 01:56:38.436922|P2P-0x00007f41e78cb700|[g:1] [SYNC][id:064cb676...][Download][Request]Receive block request,peer=374bdfe9...,from=184,to=184
info|2025-10-11 01:56:38.437340|SyncSend-1-0x00007f41d98af700|[g:1][SYNC][id:064cb676...][Download][Request][BlockSync]Batch blocks for sending,blockSize=24480,number=184,peer=374bdfe9...,timeCost=0
info|2025-10-11 01:56:38.437444|SyncSend-1-0x00007f41d98af700|[g:1][g:1] [SYNC][id:374bdfe9...][Download][Request][BlockSync]Send block packet,peer=374bdfe9...,blocks=1,bytes(V)=24487
info|2025-10-11 01:56:40.187036|io_service-0x00007f41e70ca700|[P2P][Service] heartBeat,connected count=3
warning|2025-10-11 01:56:41.220070|PBFT-1-0x00007f41cd096700|[g:1][CONSENSUS][PBFT]ViewChangeWarning: not caused by omit empty block ,v=25,toV=26,curNum=420,hash=bb8b235d...,nodeIdx=0,myNode=064cb676...
info|2025-10-11 01:56:41.220244|PBFT-1-0x00007f41cd096700|[g:1][CONSENSUS][PBFT]checkTimeout Succ,view=25,toView=26,nodeIdx=0,changeCycle=2,myNode=064cb676...,timecost=2
info|2025-10-11 01:56:41.223730|PBFT-1-0x00007f41cd096700|[g:1][CONSENSUS][PBFT]checkAndChangeView: Reach consensus,org_view=25,cur_changeCycle=2,curView=25,view=26
info|2025-10-11 01:56:42.231177|PBFT-1-0x00007f41cd096700|[g:1][CONSENSUS]addRawPrepare,height=421,reqIdx=2,hash=e3dfe6ca...,time=0
info|2025-10-11 01:56:42.234327|PBFT-1-0x00007f41cd096700|[g:1][CONSENSUS][PBFT]checkTimeout Succ,view=26,toView=27,nodeIdx=0,changeCycle=1,myNode=064cb676...,timecost=3
info|2025-10-11 01:56:42.242221|PBFT-1-0x00007f41cd096700|[g:1][CONSENSUS][PBFT]checkAndChangeView: Reach consensus,org_view=26,cur_changeCycle=1,curView=26,view=27
info|2025-10-11 01:56:43.245227|PBFT-1-0x00007f41cd096700|[g:1][CONSENSUS]addRawPrepare,height=421,reqIdx=3,hash=f1d1edd9...,time=0
info|2025-10-11 01:56:43.248521|PBFT-1-0x00007f41cd096700|[g:1][CONSENSUS][PBFT]checkTimeout Succ,view=27,toView=28,nodeIdx=0,changeCycle=1,myNode=064cb676...,timecost=3
info|2025-10-11 01:56:43.251538|PBFT-1-0x00007f41cd096700|[g:1][CONSENSUS][PBFT]checkAndChangeView: Reach consensus,org_view=27,cur_changeCycle=1,curView=27,view=28
info|2025-10-11 01:56:44.254115|PBFTSeal-1-0x00007f41c5887700|[g:1][CONSENSUS][SEALER]++++++++++++++++ Generating seal on,blkNum=421,tx=0,nodeIdx=0,hash=4278b70f...
info|2025-10-11 01:56:44.261845|PBFT-1-0x00007f41cd096700|[g:1][CONSENSUS][PBFT]checkTimeout Succ,view=28,toView=29,nodeIdx=0,changeCycle=1,myNode=064cb676...,timecost=2
info|2025-10-11 01:56:44.264953|PBFT-1-0x00007f41cd096700|[g:1][CONSENSUS][PBFT]checkAndChangeView: Reach consensus,org_view=28,cur_changeCycle=1,curView=28,view=29
info|2025-10-11 01:56:44.843768|P2P-0x00007f41e88cd700|[g:1] [SYNC][id:064cb676...][Download][Request]Receive block request,peer=374bdfe9...,from=184,to=184
info|2025-10-11 01:56:44.844318|SyncSend-1-0x00007f41d98af700|[g:1][SYNC][id:064cb676...][Download][Request][BlockSync]Batch blocks for sending,blockSize=24480,number=184,peer=374bdfe9...,timeCost=0
info|2025-10-11 01:56:44.844379|SyncSend-1-0x00007f41d98af700|[g:1][g:1] [SYNC][id:374bdfe9...][Download][Request][BlockSync]Send block packet,peer=374bdfe9...,blocks=1,bytes(V)=24487
warning|2025-10-11 01:56:48.767916|PBFT-1-0x00007f41cd096700|[g:1][CONSENSUS][PBFT]ViewChangeWarning: not caused by omit empty block ,v=29,toV=30,curNum=420,hash=bb8b235d...,nodeIdx=0,myNode=064cb676...
info|2025-10-11 01:56:48.768198|PBFT-1-0x00007f41cd096700|[g:1][CONSENSUS][PBFT]checkTimeout Succ,view=29,toView=30,nodeIdx=0,changeCycle=2,myNode=064cb676...,timecost=2
info|2025-10-11 01:56:48.775388|PBFT-1-0x00007f41cd096700|[g:1][CONSENSUS][PBFT]checkAndChangeView: Reach consensus,org_view=29,cur_changeCycle=2,curView=29,view=30
info|2025-10-11 01:56:49.779588|PBFT-1-0x00007f41cd096700|[g:1][CONSENSUS]addRawPrepare,height=421,reqIdx=2,hash=d75af97a...,time=0
info|2025-10-11 01:56:49.782775|PBFT-1-0x00007f41cd096700|[g:1][CONSENSUS][PBFT]checkTimeout Succ,view=30,toView=31,nodeIdx=0,changeCycle=1,myNode=064cb676...,timecost=3
info|2025-10-11 01:56:49.787260|PBFT-1-0x00007f41cd096700|[g:1][CONSENSUS][PBFT]checkAndChangeView: Reach consensus,org_view=30,cur_changeCycle=1,curView=30,view=31
info|2025-10-11 01:56:50.187889|io_service-0x00007f41e70ca700|[P2P][Service] heartBeat,connected count=3
info|2025-10-11 01:56:50.790215|PBFT-1-0x00007f41cd096700|[g:1][CONSENSUS]addRawPrepare,height=421,reqIdx=3,hash=19a4cc46...,time=0
info|2025-10-11 01:56:50.792143|PBFT-1-0x00007f41cd096700|[g:1][CONSENSUS][PBFT]checkTimeout Succ,view=31,toView=32,nodeIdx=0,changeCycle=1,myNode=064cb676...,timecost=2
info|2025-10-11 01:56:50.798233|PBFT-1-0x00007f41cd096700|[g:1][CONSENSUS][PBFT]checkAndChangeView: Reach consensus,org_view=31,cur_changeCycle=1,curView=31,view=32
info|2025-10-11 01:56:51.799080|PBFTSeal-1-0x00007f41c5887700|[g:1][CONSENSUS][SEALER]++++++++++++++++ Generating seal on,blkNum=421,tx=0,nodeIdx=0,hash=285ae228...
info|2025-10-11 01:56:51.806418|PBFT-1-0x00007f41cd096700|[g:1][CONSENSUS][PBFT]checkTimeout Succ,view=32,toView=33,nodeIdx=0,changeCycle=1,myNode=064cb676...,timecost=5
info|2025-10-11 01:56:51.812249|PBFT-1-0x00007f41cd096700|[g:1][CONSENSUS][PBFT]checkAndChangeView: Reach consensus,org_view=32,cur_changeCycle=1,curView=32,view=33
warning|2025-10-11 01:56:56.313720|PBFT-1-0x00007f41cd096700|[g:1][CONSENSUS][PBFT]ViewChangeWarning: not caused by omit empty block ,v=33,toV=34,curNum=420,hash=bb8b235d...,nodeIdx=0,myNode=064cb676...
info|2025-10-11 01:56:56.314433|PBFT-1-0x00007f41cd096700|[g:1][CONSENSUS][PBFT]checkTimeout Succ,view=33,toView=34,nodeIdx=0,changeCycle=2,myNode=064cb676...,timecost=2
info|2025-10-11 01:56:56.327128|PBFT-1-0x00007f41cd096700|[g:1][CONSENSUS][PBFT]checkAndChangeView: Reach consensus,org_view=33,cur_changeCycle=2,curView=33,view=34
info|2025-10-11 01:56:57.330093|PBFT-1-0x00007f41cd096700|[g:1][CONSENSUS]addRawPrepare,height=421,reqIdx=2,hash=9f867622...,time=0
info|2025-10-11 01:56:57.331811|PBFT-1-0x00007f41cd096700|[g:1][CONSENSUS][PBFT]checkTimeout Succ,view=34,toView=35,nodeIdx=0,changeCycle=1,myNode=064cb676...,timecost=1
info|2025-10-11 01:56:57.339324|PBFT-1-0x00007f41cd096700|[g:1][CONSENSUS][PBFT]checkAndChangeView: Reach consensus,org_view=34,cur_changeCycle=1,curView=34,view=35
info|2025-10-11 01:56:58.343819|PBFT-1-0x00007f41cd096700|[g:1][CONSENSUS]addRawPrepare,height=421,reqIdx=3,hash=d80f441c...,time=0
info|2025-10-11 01:56:58.346458|PBFT-1-0x00007f41cd096700|[g:1][CONSENSUS][PBFT]checkTimeout Succ,view=35,toView=36,nodeIdx=0,changeCycle=1,myNode=064cb676...,timecost=3
info|2025-10-11 01:56:58.349848|PBFT-1-0x00007f41cd096700|[g:1][CONSENSUS][PBFT]checkAndChangeView: Reach consensus,org_view=35,cur_changeCycle=1,curView=35,view=36
info|2025-10-11 01:56:59.351044|PBFTSeal-1-0x00007f41c5887700|[g:1][CONSENSUS][SEALER]++++++++++++++++ Generating seal on,blkNum=421,tx=0,nodeIdx=0,hash=d58cdec2...
info|2025-10-11 01:56:59.359293|PBFT-1-0x00007f41cd096700|[g:1][CONSENSUS][PBFT]checkTimeout Succ,view=36,toView=37,nodeIdx=0,changeCycle=1,myNode=064cb676...,timecost=2
info|2025-10-11 01:56:59.360646|PBFT-1-0x00007f41cd096700|[g:1][CONSENSUS][PBFT]checkAndChangeView: Reach consensus,org_view=36,cur_changeCycle=1,curView=36,view=37
info|2025-10-11 01:57:00.188448|io_service-0x00007f41e70ca700|[P2P][Service] heartBeat,connected count=3
warning|2025-10-11 01:57:03.867476|PBFT-1-0x00007f41cd096700|[g:1][CONSENSUS][PBFT]ViewChangeWarning: not caused by omit empty block ,v=37,toV=38,curNum=420,hash=bb8b235d...,nodeIdx=0,myNode=064cb676...
info|2025-10-11 01:57:03.867968|PBFT-1-0x00007f41cd096700|[g:1][CONSENSUS][PBFT]checkTimeout Succ,view=37,toView=38,nodeIdx=0,changeCycle=2,myNode=064cb676...,timecost=1
info|2025-10-11 01:57:03.873139|PBFT-1-0x00007f41cd096700|[g:1][CONSENSUS][PBFT]checkAndChangeView: Reach consensus,org_view=37,cur_changeCycle=2,curView=37,view=38
info|2025-10-11 01:57:04.876992|PBFT-1-0x00007f41cd096700|[g:1][CONSENSUS]addRawPrepare,height=421,reqIdx=2,hash=87f7da83...,time=1
info|2025-10-11 01:57:04.879277|PBFT-1-0x00007f41cd096700|[g:1][CONSENSUS][PBFT]checkTimeout Succ,view=38,toView=39,nodeIdx=0,changeCycle=1,myNode=064cb676...,timecost=2
info|2025-10-11 01:57:04.883562|PBFT-1-0x00007f41cd096700|[g:1][CONSENSUS][PBFT]checkAndChangeView: Reach consensus,org_view=38,cur_changeCycle=1,curView=38,view=39
info|2025-10-11 01:57:05.891172|PBFT-1-0x00007f41cd096700|[g:1][CONSENSUS]addRawPrepare,height=421,reqIdx=3,hash=58c60c0b...,time=0
info|2025-10-11 01:57:05.892555|PBFT-1-0x00007f41cd096700|[g:1][CONSENSUS][PBFT]checkTimeout Succ,view=39,toView=40,nodeIdx=0,changeCycle=1,myNode=064cb676...,timecost=1
info|2025-10-11 01:57:05.897276|PBFT-1-0x00007f41cd096700|[g:1][CONSENSUS][PBFT]checkAndChangeView: Reach consensus,org_view=39,cur_changeCycle=1,curView=39,view=40
info|2025-10-11 01:57:06.898938|PBFTSeal-1-0x00007f41c5887700|[g:1][CONSENSUS][SEALER]++++++++++++++++ Generating seal on,blkNum=421,tx=0,nodeIdx=0,hash=27332f74...
info|2025-10-11 01:57:06.903881|PBFT-1-0x00007f41cd096700|[g:1][CONSENSUS][PBFT]checkTimeout Succ,view=40,toView=41,nodeIdx=0,changeCycle=1,myNode=064cb676...,timecost=3
info|2025-10-11 01:57:06.910481|PBFT-1-0x00007f41cd096700|[g:1][CONSENSUS][PBFT]checkAndChangeView: Reach consensus,org_view=40,cur_changeCycle=1,curView=40,view=41
info|2025-10-11 01:57:10.189155|io_service-0x00007f41e70ca700|[P2P][Service] heartBeat,connected count=3
warning|2025-10-11 01:57:11.413595|PBFT-1-0x00007f41cd096700|[g:1][CONSENSUS][PBFT]ViewChangeWarning: not caused by omit empty block ,v=41,toV=42,curNum=420,hash=bb8b235d...,nodeIdx=0,myNode=064cb676...
info|2025-10-11 01:57:11.414475|PBFT-1-0x00007f41cd096700|[g:1][CONSENSUS][PBFT]checkTimeout Succ,view=41,toView=42,nodeIdx=0,changeCycle=2,myNode=064cb676...,timecost=2
info|2025-10-11 01:57:11.421459|PBFT-1-0x00007f41cd096700|[g:1][CONSENSUS][PBFT]checkAndChangeView: Reach consensus,org_view=41,cur_changeCycle=2,curView=41,view=42
info|2025-10-11 01:57:12.424028|PBFT-1-0x00007f41cd096700|[g:1][CONSENSUS]addRawPrepare,height=421,reqIdx=2,hash=e0148e04...,time=0
info|2025-10-11 01:57:12.426095|PBFT-1-0x00007f41cd096700|[g:1][CONSENSUS][PBFT]checkTimeout Succ,view=42,toView=43,nodeIdx=0,changeCycle=1,myNode=064cb676...,timecost=2
info|2025-10-11 01:57:12.431448|PBFT-1-0x00007f41cd096700|[g:1][CONSENSUS][PBFT]checkAndChangeView: Reach consensus,org_view=42,cur_changeCycle=1,curView=42,view=43
info|2025-10-11 01:57:13.471767|PBFT-1-0x00007f41cd096700|[g:1][CONSENSUS]addRawPrepare,height=421,reqIdx=3,hash=5eca8f51...,time=0
info|2025-10-11 01:57:13.473108|PBFT-1-0x00007f41cd096700|[g:1][CONSENSUS][PBFT]checkTimeout Succ,view=43,toView=44,nodeIdx=0,changeCycle=1,myNode=064cb676...,timecost=2
info|2025-10-11 01:57:13.517746|PBFT-1-0x00007f41cd096700|[g:1][CONSENSUS][PBFT]checkAndChangeView: Reach consensus,org_view=43,cur_changeCycle=1,curView=43,view=44
info|2025-10-11 01:57:14.518524|PBFTSeal-1-0x00007f41c5887700|[g:1][CONSENSUS][SEALER]++++++++++++++++ Generating seal on,blkNum=421,tx=0,nodeIdx=0,hash=479486e1...
info|2025-10-11 01:57:14.527196|PBFT-1-0x00007f41cd096700|[g:1][CONSENSUS][PBFT]checkTimeout Succ,view=44,toView=45,nodeIdx=0,changeCycle=1,myNode=064cb676...,timecost=2
info|2025-10-11 01:57:14.528730|PBFT-1-0x00007f41cd096700|[g:1][CONSENSUS][PBFT]checkAndChangeView: Reach consensus,org_view=44,cur_changeCycle=1,curView=44,view=45
warning|2025-10-11 01:57:19.031583|PBFT-1-0x00007f41cd096700|[g:1][CONSENSUS][PBFT]ViewChangeWarning: not caused by omit empty block ,v=45,toV=46,curNum=420,hash=bb8b235d...,nodeIdx=0,myNode=064cb676...
info|2025-10-11 01:57:19.032545|PBFT-1-0x00007f41cd096700|[g:1][CONSENSUS][PBFT]checkTimeout Succ,view=45,toView=46,nodeIdx=0,changeCycle=2,myNode=064cb676...,timecost=2
info|2025-10-11 01:57:19.039246|PBFT-1-0x00007f41cd096700|[g:1][CONSENSUS][PBFT]checkAndChangeView: Reach consensus,org_view=45,cur_changeCycle=2,curView=45,view=46
info|2025-10-11 01:57:20.042740|PBFT-1-0x00007f41cd096700|[g:1][CONSENSUS]addRawPrepare,height=421,reqIdx=2,hash=e34d4599...,time=0
info|2025-10-11 01:57:20.044639|PBFT-1-0x00007f41cd096700|[g:1][CONSENSUS][PBFT]checkTimeout Succ,view=46,toView=47,nodeIdx=0,changeCycle=1,myNode=064cb676...,timecost=1
info|2025-10-11 01:57:20.049966|PBFT-1-0x00007f41cd096700|[g:1][CONSENSUS][PBFT]checkAndChangeView: Reach consensus,org_view=46,cur_changeCycle=1,curView=46,view=47
info|2025-10-11 01:57:20.190417|io_service-0x00007f41e70ca700|[P2P][Service] heartBeat,connected count=3
info|2025-10-11 01:57:20.556673|PBFTWork-1-0x00007f41d38a3700|[g:1][CONSENSUS][PartiallyPBFTReqCache]addPartiallyRawPrepare,height=421,reqIdx=3,hash=36128ac2...
info|2025-10-11 01:57:20.556974|PBFTWork-1-0x00007f41d38a3700|[g:1][BLOCKVERIFIER][executeBlock]Executing block,txNum=1,num=421,parentHash=bb8b235d002cbfb5e87b72dcc10280c526fd9adf550bec784016df4f343212ff,parentNum=420,parentStateRoot=ee74dc538b2ce621bd3d5ec6dfa944f442a481b210b48b37746c1616da89f1b7
info|2025-10-11 01:57:20.557260|PBFTWork-1-0x00007f41d38a3700|[g:1][PRECOMPILED]init GasChargeManagePrecompiled
info|2025-10-11 01:57:20.557856|PBFTWork-1-0x00007f41d38a3700|[g:1][STORAGE][MemoryTableFactory2]createTable,table name=c_cb6342e9bfd76524bcbf178203ee5d6b5caf1852,keyField=key,valueField=value
info|2025-10-11 01:57:20.558515|PBFTWork-1-0x00007f41d38a3700|[g:1][CONSENSUS][PBFT]execBlock,blkNum=421,reqIdx=3,hash=4a9a2f4c...,nodeIdx=0,myNode=064cb676...,decodeCost=0,checkCost=0,notifyCost=0,noteSealingCost=0,currentCycle=1,verifyAndSetSenderCost=0,execCost=2,execPerTx=2,totalCost=2
info|2025-10-11 01:57:20.564546|PBFTWork-1-0x00007f41d38a3700|[g:1][CONSENSUS][PBFT]handlePrepareMsg Succ,timecost=6,INFO=handlePartiallyPrepare,reqIdx=3,view=47,reqNum=421,curNum=420,consNum=421,hash=36128ac2...,nodeIdx=0,myNode=064cb676...,curChangeCycle=1
info|2025-10-11 01:57:20.566252|PBFT-1-0x00007f41cd096700|[g:1][CONSENSUS][PBFT]handleSignMsg Succ,Timecost=2,INFO=handleSignMsg,num=421,curNum=420,GenIdx=3,Sview=47,view=47,fromIdx=3,fromNode=87d00b98...,fromIp=127.0.0.1:43024,hash=4a9a2f4c...,nodeIdx=0,myNode=064cb676...
info|2025-10-11 01:57:20.573350|PBFT-1-0x00007f41cd096700|[g:1][CONSENSUS][PBFT]checkAndCommit: backup/updateCommittedPrepare,reqNum=421,hash=36128ac2...,nodeIdx=0,myNode=064cb676...
info|2025-10-11 01:57:20.576903|PBFT-1-0x00007f41cd096700|[g:1][CONSENSUS][PBFT]handleSignMsg Succ,Timecost=7,INFO=handleSignMsg,num=421,curNum=420,GenIdx=2,Sview=47,view=47,fromIdx=2,fromNode=73994dae...,fromIp=127.0.0.1:30300,hash=4a9a2f4c...,nodeIdx=0,myNode=064cb676...
info|2025-10-11 01:57:20.580965|PBFT-1-0x00007f41cd096700|[g:1][CONSENSUS][PBFT]handleCommitMsg Succ,INFO=handleCommitMsg,reqNum=421,curNum=420,GenIdx=3,Cview=47,view=47,fromIdx=3,fromNode=87d00b98...,fromIp=127.0.0.1:43024,hash=4a9a2f4c...,nodeIdx=0,myNode=064cb676...,Timecost=4
info|2025-10-11 01:57:20.582175|PBFT-1-0x00007f41cd096700|[g:1][CONSENSUS][PBFT]checkAndSave: CommitReq enough,prepareHeight=421,commitSize=3,hash=4a9a2f4c...,nodeIdx=0,myNode=064cb676...
info|2025-10-11 01:57:20.602780|PBFT-1-0x00007f41cd096700|[g:1][g:1][STORAGE][CachedStorage]commit: 9 num: 421
info|2025-10-11 01:57:20.604860|taskPool-1-0x00007f41d60a8700|[g:1][g:1][STORAGE][CachedStorage]Start commit block: 421 to backend storage
info|2025-10-11 01:57:20.605583|PBFT-1-0x00007f41cd096700|[g:1][g:1][STORAGE][CachedStorage]Submited block task: 421, current syncd block: 420
info|2025-10-11 01:57:20.605682|PBFT-1-0x00007f41cd096700|[g:1]Push block notify: 1-421
info|2025-10-11 01:57:20.605997|PBFT-1-0x00007f41cd096700|[g:1][CONSENSUS][PBFT]CommitBlock Succ,prepareHeight=421,reqIdx=3,hash=4a9a2f4c...,nodeIdx=0,myNode=064cb676...,genSigTimeCost=0,commitBlockTimeCost=23,dropTxsTimeCost=0,noteSealingTimeCost=0,totalTimeCost=24
info|2025-10-11 01:57:20.606065|PBFT-1-0x00007f41cd096700|[g:1][CONSENSUS][PBFT]handleCommitMsg Succ,INFO=handleCommitMsg,reqNum=421,curNum=420,GenIdx=2,Cview=47,view=47,fromIdx=2,fromNode=73994dae...,fromIp=127.0.0.1:30300,hash=4a9a2f4c...,nodeIdx=0,myNode=064cb676...,Timecost=25
info|2025-10-11 01:57:20.606601|PBFTSeal-1-0x00007f41c5887700|[g:1][CONSENSUS][SEALER]increase maxNoTimeoutTx,maxNoTimeoutTx=1
info|2025-10-11 01:57:20.606627|PBFTSeal-1-0x00007f41c5887700|[g:1][CONSENSUS][PBFT]^^^^^^^^Report,num=421,sealerIdx=3,hash=4a9a2f4c...,next=422,tx=1,nodeIdx=0
info|2025-10-11 01:57:20.681230|taskPool-1-0x00007f41d60a8700|[g:1][g:1][STORAGE][CachedStorage]
---------------------------------------------------------------------
Commit block: 421 to backend storage finished, current cached block: 421
Flush elapsed time: 0.0764s
---------------------------------------------------------------------
info|2025-10-11 01:57:23.606350|PBFT-1-0x00007f41cd096700|[g:1][CONSENSUS][PBFT]Trigger fast-viewchange,view=0,toView=0,minView=1,INFO=,reqNum=421,curNum=421,GenIdx=3,Cview=1,view=0,fromIdx=3,fromNode=87d00b98...,fromIp=127.0.0.1:43024,hash=4a9a2f4c...,nodeIdx=0,myNode=064cb676...
info|2025-10-11 01:57:23.608606|PBFT-1-0x00007f41cd096700|[g:1][CONSENSUS][PBFT]checkAndChangeView: Reach consensus,org_view=0,cur_changeCycle=1,curView=0,view=1
info|2025-10-11 01:57:23.611096|PBFT-1-0x00007f41cd096700|[g:1][CONSENSUS][PBFT]checkTimeout Succ,view=1,toView=1,nodeIdx=0,changeCycle=1,myNode=064cb676...,timecost=5
info|2025-10-11 01:57:24.614161|PBFT-1-0x00007f41cd096700|[g:1][CONSENSUS]addRawPrepare,height=422,reqIdx=2,hash=53da3950...,time=0
info|2025-10-11 01:57:24.615923|PBFT-1-0x00007f41cd096700|[g:1][CONSENSUS][PBFT]checkTimeout Succ,view=1,toView=2,nodeIdx=0,changeCycle=1,myNode=064cb676...,timecost=1
info|2025-10-11 01:57:24.627056|PBFT-1-0x00007f41cd096700|[g:1][CONSENSUS][PBFT]checkAndChangeView: Reach consensus,org_view=1,cur_changeCycle=1,curView=1,view=2
info|2025-10-11 01:57:25.632459|PBFT-1-0x00007f41cd096700|[g:1][CONSENSUS]addRawPrepare,height=422,reqIdx=3,hash=2c7070f7...,time=0
info|2025-10-11 01:57:25.633790|PBFT-1-0x00007f41cd096700|[g:1][CONSENSUS][PBFT]checkTimeout Succ,view=2,toView=3,nodeIdx=0,changeCycle=1,myNode=064cb676...,timecost=1
info|2025-10-11 01:57:25.644133|PBFT-1-0x00007f41cd096700|[g:1][CONSENSUS][PBFT]checkAndChangeView: Reach consensus,org_view=2,cur_changeCycle=1,curView=2,view=3
info|2025-10-11 01:57:26.645233|PBFTSeal-1-0x00007f41c5887700|[g:1][CONSENSUS][SEALER]++++++++++++++++ Generating seal on,blkNum=422,tx=0,nodeIdx=0,hash=a3a38d41...
info|2025-10-11 01:57:26.650993|PBFT-1-0x00007f41cd096700|[g:1][CONSENSUS][PBFT]checkTimeout Succ,view=3,toView=4,nodeIdx=0,changeCycle=1,myNode=064cb676...,timecost=6
info|2025-10-11 01:57:26.657040|PBFT-1-0x00007f41cd096700|[g:1][CONSENSUS][PBFT]checkAndChangeView: Reach consensus,org_view=3,cur_changeCycle=1,curView=3,view=4
info|2025-10-11 01:57:30.191202|io_service-0x00007f41e70ca700|[P2P][Service] heartBeat,connected count=3
warning|2025-10-11 01:57:31.167075|PBFT-1-0x00007f41cd096700|[g:1][CONSENSUS][PBFT]ViewChangeWarning: not caused by omit empty block ,v=4,toV=5,curNum=421,hash=4a9a2f4c...,nodeIdx=0,myNode=064cb676...
info|2025-10-11 01:57:31.167549|PBFT-1-0x00007f41cd096700|[g:1][CONSENSUS][PBFT]checkTimeout Succ,view=4,toView=5,nodeIdx=0,changeCycle=2,myNode=064cb676...,timecost=2
info|2025-10-11 01:57:31.173573|PBFT-1-0x00007f41cd096700|[g:1][CONSENSUS][PBFT]checkAndChangeView: Reach consensus,org_view=4,cur_changeCycle=2,curView=4,view=5
info|2025-10-11 01:57:32.178840|PBFT-1-0x00007f41cd096700|[g:1][CONSENSUS]addRawPrepare,height=422,reqIdx=2,hash=ce568cc0...,time=0
info|2025-10-11 01:57:32.186714|PBFT-1-0x00007f41cd096700|[g:1][CONSENSUS][PBFT]checkTimeout Succ,view=5,toView=6,nodeIdx=0,changeCycle=1,myNode=064cb676...,timecost=6
info|2025-10-11 01:57:32.190559|PBFT-1-0x00007f41cd096700|[g:1][CONSENSUS][PBFT]checkAndChangeView: Reach consensus,org_view=5,cur_changeCycle=1,curView=5,view=6
info|2025-10-11 01:57:33.193826|PBFT-1-0x00007f41cd096700|[g:1][CONSENSUS]addRawPrepare,height=422,reqIdx=3,hash=64f0ab8f...,time=0
info|2025-10-11 01:57:33.196989|PBFT-1-0x00007f41cd096700|[g:1][CONSENSUS][PBFT]checkTimeout Succ,view=6,toView=7,nodeIdx=0,changeCycle=1,myNode=064cb676...,timecost=2
info|2025-10-11 01:57:33.202959|PBFT-1-0x00007f41cd096700|[g:1][CONSENSUS][PBFT]checkAndChangeView: Reach consensus,org_view=6,cur_changeCycle=1,curView=6,view=7
info|2025-10-11 01:57:34.202372|PBFTSeal-1-0x00007f41c5887700|[g:1][CONSENSUS][SEALER]++++++++++++++++ Generating seal on,blkNum=422,tx=0,nodeIdx=0,hash=edaf2f30...
info|2025-10-11 01:57:34.209922|PBFT-1-0x00007f41cd096700|[g:1][CONSENSUS][PBFT]checkTimeout Succ,view=7,toView=8,nodeIdx=0,changeCycle=1,myNode=064cb676...,timecost=1
info|2025-10-11 01:57:34.212838|PBFT-1-0x00007f41cd096700|[g:1][CONSENSUS][PBFT]checkAndChangeView: Reach consensus,org_view=7,cur_changeCycle=1,curView=7,view=8
info|2025-10-11 01:57:36.224027|P2P-0x00007f41e80cc700|[g:1] [SYNC][id:064cb676...][Download][Request]Receive block request,peer=374bdfe9...,from=184,to=184
info|2025-10-11 01:57:36.224430|SyncSend-1-0x00007f41d98af700|[g:1][SYNC][id:064cb676...][Download][Request][BlockSync]Batch blocks for sending,blockSize=24480,number=184,peer=374bdfe9...,timeCost=0
info|2025-10-11 01:57:36.224518|SyncSend-1-0x00007f41d98af700|[g:1][g:1] [SYNC][id:374bdfe9...][Download][Request][BlockSync]Send block packet,peer=374bdfe9...,blocks=1,bytes(V)=24487
warning|2025-10-11 01:57:38.715377|PBFT-1-0x00007f41cd096700|[g:1][CONSENSUS][PBFT]ViewChangeWarning: not caused by omit empty block ,v=8,toV=9,curNum=421,hash=4a9a2f4c...,nodeIdx=0,myNode=064cb676...
info|2025-10-11 01:57:38.715942|PBFT-1-0x00007f41cd096700|[g:1][CONSENSUS][PBFT]checkTimeout Succ,view=8,toView=9,nodeIdx=0,changeCycle=2,myNode=064cb676...,timecost=1
info|2025-10-11 01:57:38.722665|PBFT-1-0x00007f41cd096700|[g:1][CONSENSUS][PBFT]checkAndChangeView: Reach consensus,org_view=8,cur_changeCycle=2,curView=8,view=9
info|2025-10-11 01:57:39.728938|PBFT-1-0x00007f41cd096700|[g:1][CONSENSUS]addRawPrepare,height=422,reqIdx=2,hash=b5193320...,time=0
info|2025-10-11 01:57:39.731900|PBFT-1-0x00007f41cd096700|[g:1][CONSENSUS][PBFT]checkTimeout Succ,view=9,toView=10,nodeIdx=0,changeCycle=1,myNode=064cb676...,timecost=2
info|2025-10-11 01:57:39.736471|PBFT-1-0x00007f41cd096700|[g:1][CONSENSUS][PBFT]checkAndChangeView: Reach consensus,org_view=9,cur_changeCycle=1,curView=9,view=10
info|2025-10-11 01:57:40.192088|io_service-0x00007f41e70ca700|[P2P][Service] heartBeat,connected count=3
info|2025-10-11 01:57:40.737903|PBFT-1-0x00007f41cd096700|[g:1][CONSENSUS]addRawPrepare,height=422,reqIdx=3,hash=2192ed19...,time=0
info|2025-10-11 01:57:40.742343|PBFT-1-0x00007f41cd096700|[g:1][CONSENSUS][PBFT]checkTimeout Succ,view=10,toView=11,nodeIdx=0,changeCycle=1,myNode=064cb676...,timecost=4
info|2025-10-11 01:57:40.746627|PBFT-1-0x00007f41cd096700|[g:1][CONSENSUS][PBFT]checkAndChangeView: Reach consensus,org_view=10,cur_changeCycle=1,curView=10,view=11
info|2025-10-11 01:57:41.747090|PBFTSeal-1-0x00007f41c5887700|[g:1][CONSENSUS][SEALER]++++++++++++++++ Generating seal on,blkNum=422,tx=0,nodeIdx=0,hash=078867ee...
info|2025-10-11 01:57:41.754577|PBFT-1-0x00007f41cd096700|[g:1][CONSENSUS][PBFT]checkTimeout Succ,view=11,toView=12,nodeIdx=0,changeCycle=1,myNode=064cb676...,timecost=2
info|2025-10-11 01:57:41.759709|PBFT-1-0x00007f41cd096700|[g:1][CONSENSUS][PBFT]checkAndChangeView: Reach consensus,org_view=11,cur_changeCycle=1,curView=11,view=12
info|2025-10-11 01:57:42.692865|P2P-0x00007f41e90ce700|[g:1] [SYNC][id:064cb676...][Download][Request]Receive block request,peer=374bdfe9...,from=184,to=184
info|2025-10-11 01:57:42.693305|SyncSend-1-0x00007f41d98af700|[g:1][SYNC][id:064cb676...][Download][Request][BlockSync]Batch blocks for sending,blockSize=24480,number=184,peer=374bdfe9...,timeCost=0
info|2025-10-11 01:57:42.693391|SyncSend-1-0x00007f41d98af700|[g:1][g:1] [SYNC][id:374bdfe9...][Download][Request][BlockSync]Send block packet,peer=374bdfe9...,blocks=1,bytes(V)=24487
warning|2025-10-11 01:57:46.266190|PBFT-1-0x00007f41cd096700|[g:1][CONSENSUS][PBFT]ViewChangeWarning: not caused by omit empty block ,v=12,toV=13,curNum=421,hash=4a9a2f4c...,nodeIdx=0,myNode=064cb676...
info|2025-10-11 01:57:46.266601|PBFT-1-0x00007f41cd096700|[g:1][CONSENSUS][PBFT]checkTimeout Succ,view=12,toView=13,nodeIdx=0,changeCycle=2,myNode=064cb676...,timecost=2
info|2025-10-11 01:57:46.268561|PBFT-1-0x00007f41cd096700|[g:1][CONSENSUS][PBFT]checkAndChangeView: Reach consensus,org_view=12,cur_changeCycle=2,curView=12,view=13
info|2025-10-11 01:57:47.275616|PBFT-1-0x00007f41cd096700|[g:1][CONSENSUS]addRawPrepare,height=422,reqIdx=2,hash=49c62f8d...,time=0
info|2025-10-11 01:57:47.277646|PBFT-1-0x00007f41cd096700|[g:1][CONSENSUS][PBFT]checkTimeout Succ,view=13,toView=14,nodeIdx=0,changeCycle=1,myNode=064cb676...,timecost=2
info|2025-10-11 01:57:47.280848|PBFT-1-0x00007f41cd096700|[g:1][CONSENSUS][PBFT]checkAndChangeView: Reach consensus,org_view=13,cur_changeCycle=1,curView=13,view=14
info|2025-10-11 01:57:48.283891|PBFT-1-0x00007f41cd096700|[g:1][CONSENSUS]addRawPrepare,height=422,reqIdx=3,hash=a1f40da9...,time=0
info|2025-10-11 01:57:48.285835|PBFT-1-0x00007f41cd096700|[g:1][CONSENSUS][PBFT]checkTimeout Succ,view=14,toView=15,nodeIdx=0,changeCycle=1,myNode=064cb676...,timecost=2
info|2025-10-11 01:57:48.291788|PBFT-1-0x00007f41cd096700|[g:1][CONSENSUS][PBFT]checkAndChangeView: Reach consensus,org_view=14,cur_changeCycle=1,curView=14,view=15
info|2025-10-11 01:57:49.292543|PBFTSeal-1-0x00007f41c5887700|[g:1][CONSENSUS][SEALER]++++++++++++++++ Generating seal on,blkNum=422,tx=0,nodeIdx=0,hash=c6d272a7...
info|2025-10-11 01:57:49.295528|PBFT-1-0x00007f41cd096700|[g:1][CONSENSUS][PBFT]checkTimeout Succ,view=15,toView=16,nodeIdx=0,changeCycle=1,myNode=064cb676...,timecost=2
info|2025-10-11 01:57:49.304450|PBFT-1-0x00007f41cd096700|[g:1][CONSENSUS][PBFT]checkAndChangeView: Reach consensus,org_view=15,cur_changeCycle=1,curView=15,view=16
info|2025-10-11 01:57:50.192687|io_service-0x00007f41e70ca700|[P2P][Service] heartBeat,connected count=3
warning|2025-10-11 01:57:53.808196|PBFT-1-0x00007f41cd096700|[g:1][CONSENSUS][PBFT]ViewChangeWarning: not caused by omit empty block ,v=16,toV=17,curNum=421,hash=4a9a2f4c...,nodeIdx=0,myNode=064cb676...
info|2025-10-11 01:57:53.810946|PBFT-1-0x00007f41cd096700|[g:1][CONSENSUS][PBFT]checkTimeout Succ,view=16,toView=17,nodeIdx=0,changeCycle=2,myNode=064cb676...,timecost=4
info|2025-10-11 01:57:53.817090|PBFT-1-0x00007f41cd096700|[g:1][CONSENSUS][PBFT]checkAndChangeView: Reach consensus,org_view=16,cur_changeCycle=2,curView=16,view=17
info|2025-10-11 01:57:54.822025|PBFT-1-0x00007f41cd096700|[g:1][CONSENSUS]addRawPrepare,height=422,reqIdx=2,hash=5717fb23...,time=0
info|2025-10-11 01:57:54.824873|PBFT-1-0x00007f41cd096700|[g:1][CONSENSUS][PBFT]checkTimeout Succ,view=17,toView=18,nodeIdx=0,changeCycle=1,myNode=064cb676...,timecost=9
info|2025-10-11 01:57:54.836134|PBFT-1-0x00007f41cd096700|[g:1][CONSENSUS][PBFT]checkAndChangeView: Reach consensus,org_view=17,cur_changeCycle=1,curView=17,view=18
info|2025-10-11 01:57:55.836766|PBFT-1-0x00007f41cd096700|[g:1][CONSENSUS]addRawPrepare,height=422,reqIdx=3,hash=9ad22bc9...,time=0
info|2025-10-11 01:57:55.840565|PBFT-1-0x00007f41cd096700|[g:1][CONSENSUS][PBFT]checkTimeout Succ,view=18,toView=19,nodeIdx=0,changeCycle=1,myNode=064cb676...,timecost=4
info|2025-10-11 01:57:55.846288|PBFT-1-0x00007f41cd096700|[g:1][CONSENSUS][PBFT]checkAndChangeView: Reach consensus,org_view=18,cur_changeCycle=1,curView=18,view=19
info|2025-10-11 01:57:56.847281|PBFTSeal-1-0x00007f41c5887700|[g:1][CONSENSUS][SEALER]++++++++++++++++ Generating seal on,blkNum=422,tx=0,nodeIdx=0,hash=8ee15022...
info|2025-10-11 01:57:56.855140|PBFT-1-0x00007f41cd096700|[g:1][CONSENSUS][PBFT]checkTimeout Succ,view=19,toView=20,nodeIdx=0,changeCycle=1,myNode=064cb676...,timecost=2
info|2025-10-11 01:57:56.858125|PBFT-1-0x00007f41cd096700|[g:1][CONSENSUS][PBFT]checkAndChangeView: Reach consensus,org_view=19,cur_changeCycle=1,curView=19,view=20
info|2025-10-11 01:58:00.192868|io_service-0x00007f41e70ca700|[P2P][Service] heartBeat,connected count=3
warning|2025-10-11 01:58:01.362516|PBFT-1-0x00007f41cd096700|[g:1][CONSENSUS][PBFT]ViewChangeWarning: not caused by omit empty block ,v=20,toV=21,curNum=421,hash=4a9a2f4c...,nodeIdx=0,myNode=064cb676...
info|2025-10-11 01:58:01.362815|PBFT-1-0x00007f41cd096700|[g:1][CONSENSUS][PBFT]checkTimeout Succ,view=20,toView=21,nodeIdx=0,changeCycle=2,myNode=064cb676...,timecost=2
info|2025-10-11 01:58:01.378679|PBFT-1-0x00007f41cd096700|[g:1][CONSENSUS][PBFT]checkAndChangeView: Reach consensus,org_view=20,cur_changeCycle=2,curView=20,view=21
info|2025-10-11 01:58:02.383657|PBFT-1-0x00007f41cd096700|[g:1][CONSENSUS]addRawPrepare,height=422,reqIdx=2,hash=0a7a238e...,time=0
info|2025-10-11 01:58:02.389320|PBFT-1-0x00007f41cd096700|[g:1][CONSENSUS][PBFT]checkTimeout Succ,view=21,toView=22,nodeIdx=0,changeCycle=1,myNode=064cb676...,timecost=6
info|2025-10-11 01:58:02.404670|PBFT-1-0x00007f41cd096700|[g:1][CONSENSUS][PBFT]checkAndChangeView: Reach consensus,org_view=21,cur_changeCycle=1,curView=21,view=22
info|2025-10-11 01:58:03.410557|PBFT-1-0x00007f41cd096700|[g:1][CONSENSUS]addRawPrepare,height=422,reqIdx=3,hash=e671505a...,time=0
info|2025-10-11 01:58:03.413925|PBFT-1-0x00007f41cd096700|[g:1][CONSENSUS][PBFT]checkTimeout Succ,view=22,toView=23,nodeIdx=0,changeCycle=1,myNode=064cb676...,timecost=2
info|2025-10-11 01:58:03.417647|PBFT-1-0x00007f41cd096700|[g:1][CONSENSUS][PBFT]checkAndChangeView: Reach consensus,org_view=22,cur_changeCycle=1,curView=22,view=23
info|2025-10-11 01:58:04.417550|PBFTSeal-1-0x00007f41c5887700|[g:1][CONSENSUS][SEALER]++++++++++++++++ Generating seal on,blkNum=422,tx=0,nodeIdx=0,hash=0a50a50b...
info|2025-10-11 01:58:04.424083|PBFT-1-0x00007f41cd096700|[g:1][CONSENSUS][PBFT]checkTimeout Succ,view=23,toView=24,nodeIdx=0,changeCycle=1,myNode=064cb676...,timecost=2
info|2025-10-11 01:58:04.429667|PBFT-1-0x00007f41cd096700|[g:1][CONSENSUS][PBFT]checkAndChangeView: Reach consensus,org_view=23,cur_changeCycle=1,curView=23,view=24
info|2025-10-11 01:58:08.315213|P2P-0x00007f41e88cd700|[g:1] [SYNC][id:064cb676...][Download][Request]Receive block request,peer=374bdfe9...,from=184,to=184
info|2025-10-11 01:58:08.315561|SyncSend-1-0x00007f41d98af700|[g:1][SYNC][id:064cb676...][Download][Request][BlockSync]Batch blocks for sending,blockSize=24480,number=184,peer=374bdfe9...,timeCost=0
info|2025-10-11 01:58:08.315640|SyncSend-1-0x00007f41d98af700|[g:1][g:1] [SYNC][id:374bdfe9...][Download][Request][BlockSync]Send block packet,peer=374bdfe9...,blocks=1,bytes(V)=24487
warning|2025-10-11 01:58:08.932080|PBFT-1-0x00007f41cd096700|[g:1][CONSENSUS][PBFT]ViewChangeWarning: not caused by omit empty block ,v=24,toV=25,curNum=421,hash=4a9a2f4c...,nodeIdx=0,myNode=064cb676...
info|2025-10-11 01:58:08.932780|PBFT-1-0x00007f41cd096700|[g:1][CONSENSUS][PBFT]checkTimeout Succ,view=24,toView=25,nodeIdx=0,changeCycle=2,myNode=064cb676...,timecost=2
info|2025-10-11 01:58:08.940152|PBFT-1-0x00007f41cd096700|[g:1][CONSENSUS][PBFT]checkAndChangeView: Reach consensus,org_view=24,cur_changeCycle=2,curView=24,view=25
info|2025-10-11 01:58:09.944223|PBFT-1-0x00007f41cd096700|[g:1][CONSENSUS]addRawPrepare,height=422,reqIdx=2,hash=bc233856...,time=0
info|2025-10-11 01:58:09.947477|PBFT-1-0x00007f41cd096700|[g:1][CONSENSUS][PBFT]checkTimeout Succ,view=25,toView=26,nodeIdx=0,changeCycle=1,myNode=064cb676...,timecost=3
info|2025-10-11 01:58:09.952841|PBFT-1-0x00007f41cd096700|[g:1][CONSENSUS][PBFT]checkAndChangeView: Reach consensus,org_view=25,cur_changeCycle=1,curView=25,view=26
info|2025-10-11 01:58:10.193127|io_service-0x00007f41e70ca700|[P2P][Service] heartBeat,connected count=3
info|2025-10-11 01:58:10.954119|PBFT-1-0x00007f41cd096700|[g:1][CONSENSUS]addRawPrepare,height=422,reqIdx=3,hash=cd26c3d4...,time=0
info|2025-10-11 01:58:10.955324|PBFT-1-0x00007f41cd096700|[g:1][CONSENSUS][PBFT]checkTimeout Succ,view=26,toView=27,nodeIdx=0,changeCycle=1,myNode=064cb676...,timecost=1
info|2025-10-11 01:58:10.962230|PBFT-1-0x00007f41cd096700|[g:1][CONSENSUS][PBFT]checkAndChangeView: Reach consensus,org_view=26,cur_changeCycle=1,curView=26,view=27
info|2025-10-11 01:58:11.962532|PBFTSeal-1-0x00007f41c5887700|[g:1][CONSENSUS][SEALER]++++++++++++++++ Generating seal on,blkNum=422,tx=0,nodeIdx=0,hash=8296b1a3...
info|2025-10-11 01:58:11.968445|PBFT-1-0x00007f41cd096700|[g:1][CONSENSUS][PBFT]checkTimeout Succ,view=27,toView=28,nodeIdx=0,changeCycle=1,myNode=064cb676...,timecost=4
info|2025-10-11 01:58:11.974665|PBFT-1-0x00007f41cd096700|[g:1][CONSENSUS][PBFT]checkAndChangeView: Reach consensus,org_view=27,cur_changeCycle=1,curView=27,view=28
info|2025-10-11 01:58:14.717715|P2P-0x00007f41e80cc700|[g:1] [SYNC][id:064cb676...][Download][Request]Receive block request,peer=374bdfe9...,from=184,to=184
info|2025-10-11 01:58:14.718210|SyncSend-1-0x00007f41d98af700|[g:1][SYNC][id:064cb676...][Download][Request][BlockSync]Batch blocks for sending,blockSize=24480,number=184,peer=374bdfe9...,timeCost=0
info|2025-10-11 01:58:14.718363|SyncSend-1-0x00007f41d98af700|[g:1][g:1] [SYNC][id:374bdfe9...][Download][Request][BlockSync]Send block packet,peer=374bdfe9...,blocks=1,bytes(V)=24487
warning|2025-10-11 01:58:16.475371|PBFT-1-0x00007f41cd096700|[g:1][CONSENSUS][PBFT]ViewChangeWarning: not caused by omit empty block ,v=28,toV=29,curNum=421,hash=4a9a2f4c...,nodeIdx=0,myNode=064cb676...
info|2025-10-11 01:58:16.475562|PBFT-1-0x00007f41cd096700|[g:1][CONSENSUS][PBFT]checkTimeout Succ,view=28,toView=29,nodeIdx=0,changeCycle=2,myNode=064cb676...,timecost=1
info|2025-10-11 01:58:16.482446|PBFT-1-0x00007f41cd096700|[g:1][CONSENSUS][PBFT]checkAndChangeView: Reach consensus,org_view=28,cur_changeCycle=2,curView=28,view=29
info|2025-10-11 01:58:17.486680|PBFT-1-0x00007f41cd096700|[g:1][CONSENSUS]addRawPrepare,height=422,reqIdx=2,hash=fdcc3c95...,time=0
info|2025-10-11 01:58:17.487946|PBFT-1-0x00007f41cd096700|[g:1][CONSENSUS][PBFT]checkTimeout Succ,view=29,toView=30,nodeIdx=0,changeCycle=1,myNode=064cb676...,timecost=1
info|2025-10-11 01:58:17.496196|PBFT-1-0x00007f41cd096700|[g:1][CONSENSUS][PBFT]checkAndChangeView: Reach consensus,org_view=29,cur_changeCycle=1,curView=29,view=30
info|2025-10-11 01:58:18.497584|PBFT-1-0x00007f41cd096700|[g:1][CONSENSUS]addRawPrepare,height=422,reqIdx=3,hash=d791e1ce...,time=0
info|2025-10-11 01:58:18.500117|PBFT-1-0x00007f41cd096700|[g:1][CONSENSUS][PBFT]checkTimeout Succ,view=30,toView=31,nodeIdx=0,changeCycle=1,myNode=064cb676...,timecost=3
info|2025-10-11 01:58:18.505268|PBFT-1-0x00007f41cd096700|[g:1][CONSENSUS][PBFT]checkAndChangeView: Reach consensus,org_view=30,cur_changeCycle=1,curView=30,view=31
info|2025-10-11 01:58:19.506989|PBFTSeal-1-0x00007f41c5887700|[g:1][CONSENSUS][SEALER]++++++++++++++++ Generating seal on,blkNum=422,tx=0,nodeIdx=0,hash=4b0152a3...
info|2025-10-11 01:58:19.510790|PBFT-1-0x00007f41cd096700|[g:1][CONSENSUS][PBFT]checkTimeout Succ,view=31,toView=32,nodeIdx=0,changeCycle=1,myNode=064cb676...,timecost=1
info|2025-10-11 01:58:19.529079|PBFT-1-0x00007f41cd096700|[g:1][CONSENSUS][PBFT]checkAndChangeView: Reach consensus,org_view=31,cur_changeCycle=1,curView=31,view=32
info|2025-10-11 01:58:20.193895|io_service-0x00007f41e70ca700|[P2P][Service] heartBeat,connected count=3
warning|2025-10-11 01:58:24.042694|PBFT-1-0x00007f41cd096700|[g:1][CONSENSUS][PBFT]ViewChangeWarning: not caused by omit empty block ,v=32,toV=33,curNum=421,hash=4a9a2f4c...,nodeIdx=0,myNode=064cb676...
info|2025-10-11 01:58:24.045027|PBFT-1-0x00007f41cd096700|[g:1][CONSENSUS][PBFT]checkTimeout Succ,view=32,toView=33,nodeIdx=0,changeCycle=2,myNode=064cb676...,timecost=5
info|2025-10-11 01:58:24.049220|PBFT-1-0x00007f41cd096700|[g:1][CONSENSUS][PBFT]checkAndChangeView: Reach consensus,org_view=32,cur_changeCycle=2,curView=32,view=33
info|2025-10-11 01:58:25.051981|PBFT-1-0x00007f41cd096700|[g:1][CONSENSUS]addRawPrepare,height=422,reqIdx=2,hash=a0f6d402...,time=0
info|2025-10-11 01:58:25.053595|PBFT-1-0x00007f41cd096700|[g:1][CONSENSUS][PBFT]checkTimeout Succ,view=33,toView=34,nodeIdx=0,changeCycle=1,myNode=064cb676...,timecost=1
info|2025-10-11 01:58:25.057805|PBFT-1-0x00007f41cd096700|[g:1][CONSENSUS][PBFT]checkAndChangeView: Reach consensus,org_view=33,cur_changeCycle=1,curView=33,view=34
info|2025-10-11 01:58:26.069031|PBFT-1-0x00007f41cd096700|[g:1][CONSENSUS]addRawPrepare,height=422,reqIdx=3,hash=2d2b0d35...,time=0
info|2025-10-11 01:58:26.071543|PBFT-1-0x00007f41cd096700|[g:1][CONSENSUS][PBFT]checkTimeout Succ,view=34,toView=35,nodeIdx=0,changeCycle=1,myNode=064cb676...,timecost=2
info|2025-10-11 01:58:26.075207|PBFT-1-0x00007f41cd096700|[g:1][CONSENSUS][PBFT]checkAndChangeView: Reach consensus,org_view=34,cur_changeCycle=1,curView=34,view=35
info|2025-10-11 01:58:27.076349|PBFTSeal-1-0x00007f41c5887700|[g:1][CONSENSUS][SEALER]++++++++++++++++ Generating seal on,blkNum=422,tx=0,nodeIdx=0,hash=be8c8603...
info|2025-10-11 01:58:27.085149|PBFT-1-0x00007f41cd096700|[g:1][CONSENSUS][PBFT]checkTimeout Succ,view=35,toView=36,nodeIdx=0,changeCycle=1,myNode=064cb676...,timecost=8
info|2025-10-11 01:58:27.089576|PBFT-1-0x00007f41cd096700|[g:1][CONSENSUS][PBFT]checkAndChangeView: Reach consensus,org_view=35,cur_changeCycle=1,curView=35,view=36
info|2025-10-11 01:58:27.524376|P2P-0x00007f41e80cc700|[g:1] [SYNC][id:064cb676...][Download][Request]Receive block request,peer=374bdfe9...,from=184,to=184
info|2025-10-11 01:58:27.524737|SyncSend-1-0x00007f41d98af700|[g:1][SYNC][id:064cb676...][Download][Request][BlockSync]Batch blocks for sending,blockSize=24480,number=184,peer=374bdfe9...,timeCost=0
info|2025-10-11 01:58:27.524806|SyncSend-1-0x00007f41d98af700|[g:1][g:1] [SYNC][id:374bdfe9...][Download][Request][BlockSync]Send block packet,peer=374bdfe9...,blocks=1,bytes(V)=24487
info|2025-10-11 01:58:30.194615|io_service-0x00007f41e70ca700|[P2P][Service] heartBeat,connected count=3
warning|2025-10-11 01:58:31.592512|PBFT-1-0x00007f41cd096700|[g:1][CONSENSUS][PBFT]ViewChangeWarning: not caused by omit empty block ,v=36,toV=37,curNum=421,hash=4a9a2f4c...,nodeIdx=0,myNode=064cb676...
info|2025-10-11 01:58:31.594804|PBFT-1-0x00007f41cd096700|[g:1][CONSENSUS][PBFT]checkTimeout Succ,view=36,toView=37,nodeIdx=0,changeCycle=2,myNode=064cb676...,timecost=3
info|2025-10-11 01:58:31.600682|PBFT-1-0x00007f41cd096700|[g:1][CONSENSUS][PBFT]checkAndChangeView: Reach consensus,org_view=36,cur_changeCycle=2,curView=36,view=37
info|2025-10-11 01:58:32.606508|PBFT-1-0x00007f41cd096700|[g:1][CONSENSUS]addRawPrepare,height=422,reqIdx=2,hash=2e04db5c...,time=0
info|2025-10-11 01:58:32.608379|PBFT-1-0x00007f41cd096700|[g:1][CONSENSUS][PBFT]checkTimeout Succ,view=37,toView=38,nodeIdx=0,changeCycle=1,myNode=064cb676...,timecost=2
info|2025-10-11 01:58:32.614803|PBFT-1-0x00007f41cd096700|[g:1][CONSENSUS][PBFT]checkAndChangeView: Reach consensus,org_view=37,cur_changeCycle=1,curView=37,view=38
info|2025-10-11 01:58:33.619436|PBFT-1-0x00007f41cd096700|[g:1][CONSENSUS]addRawPrepare,height=422,reqIdx=3,hash=ef62ee47...,time=0
info|2025-10-11 01:58:33.621309|PBFT-1-0x00007f41cd096700|[g:1][CONSENSUS][PBFT]checkTimeout Succ,view=38,toView=39,nodeIdx=0,changeCycle=1,myNode=064cb676...,timecost=2
info|2025-10-11 01:58:33.627769|PBFT-1-0x00007f41cd096700|[g:1][CONSENSUS][PBFT]checkAndChangeView: Reach consensus,org_view=38,cur_changeCycle=1,curView=38,view=39
info|2025-10-11 01:58:34.628351|PBFTSeal-1-0x00007f41c5887700|[g:1][CONSENSUS][SEALER]++++++++++++++++ Generating seal on,blkNum=422,tx=0,nodeIdx=0,hash=d1c1bde4...
info|2025-10-11 01:58:34.643165|PBFT-1-0x00007f41cd096700|[g:1][CONSENSUS][PBFT]checkTimeout Succ,view=39,toView=40,nodeIdx=0,changeCycle=1,myNode=064cb676...,timecost=8
info|2025-10-11 01:58:34.645310|PBFT-1-0x00007f41cd096700|[g:1][CONSENSUS][PBFT]checkAndChangeView: Reach consensus,org_view=39,cur_changeCycle=1,curView=39,view=40
warning|2025-10-11 01:58:39.150938|PBFT-1-0x00007f41cd096700|[g:1][CONSENSUS][PBFT]ViewChangeWarning: not caused by omit empty block ,v=40,toV=41,curNum=421,hash=4a9a2f4c...,nodeIdx=0,myNode=064cb676...
info|2025-10-11 01:58:39.151120|PBFT-1-0x00007f41cd096700|[g:1][CONSENSUS][PBFT]checkTimeout Succ,view=40,toView=41,nodeIdx=0,changeCycle=2,myNode=064cb676...,timecost=2
info|2025-10-11 01:58:39.161043|PBFT-1-0x00007f41cd096700|[g:1][CONSENSUS][PBFT]checkAndChangeView: Reach consensus,org_view=40,cur_changeCycle=2,curView=40,view=41
info|2025-10-11 01:58:39.663423|PBFTWork-1-0x00007f41d38a3700|[g:1][CONSENSUS][PartiallyPBFTReqCache]addPartiallyRawPrepare,height=422,reqIdx=2,hash=6397fb4d...
info|2025-10-11 01:58:39.663762|PBFTWork-1-0x00007f41d38a3700|[g:1][BLOCKVERIFIER][executeBlock]Executing block,txNum=1,num=422,parentHash=4a9a2f4c5a5f481d3bbb42cd767161e737f7dd64f1159f4e553e0eb15f0adc8a,parentNum=421,parentStateRoot=3fdc04cf0a70aceae20714c93e0b92a7036cb90344008676acc3e2bd2a5b6ba3
info|2025-10-11 01:58:39.664904|PBFTWork-1-0x00007f41d38a3700|[g:1][PRECOMPILED]init GasChargeManagePrecompiled
info|2025-10-11 01:58:39.666591|SyncMsgE-1-0x00007f41c6889700|[PRECOMPILED][TimerPrecompiled]getCurrentTimeMillis,timeMillis=1760173119666
info|2025-10-11 01:58:39.667826|SyncMsgE-1-0x00007f41c6889700|[PRECOMPILED][TimerPrecompiled]getCurrentTimeMillis,timeMillis=1760173119667
info|2025-10-11 01:58:39.668598|PBFTWork-1-0x00007f41d38a3700|[g:1][CONSENSUS][PBFT]execBlock,blkNum=422,reqIdx=2,hash=456436d5...,nodeIdx=0,myNode=064cb676...,decodeCost=0,checkCost=0,notifyCost=0,noteSealingCost=0,currentCycle=2,verifyAndSetSenderCost=0,execCost=5,execPerTx=5,totalCost=5
info|2025-10-11 01:58:39.670681|PBFTWork-1-0x00007f41d38a3700|[g:1][CONSENSUS][PBFT]handlePrepareMsg Succ,timecost=2,INFO=handlePartiallyPrepare,reqIdx=2,view=41,reqNum=422,curNum=421,consNum=422,hash=6397fb4d...,nodeIdx=0,myNode=064cb676...,curChangeCycle=2
info|2025-10-11 01:58:39.675196|PBFT-1-0x00007f41cd096700|[g:1][CONSENSUS][PBFT]handleSignMsg Succ,Timecost=2,INFO=handleSignMsg,num=422,curNum=421,GenIdx=3,Sview=41,view=41,fromIdx=3,fromNode=87d00b98...,fromIp=127.0.0.1:43024,hash=456436d5...,nodeIdx=0,myNode=064cb676...
info|2025-10-11 01:58:39.677450|PBFT-1-0x00007f41cd096700|[g:1][CONSENSUS][PBFT]checkReq: Recv future request,prepHash=456436d5...,INFO=handleSignMsg,num=422,curNum=421,GenIdx=2,Sview=41,view=41,fromIdx=2,fromNode=73994dae...,fromIp=127.0.0.1:30300,hash=e0723091...,nodeIdx=0,myNode=064cb676...
info|2025-10-11 01:58:39.677482|PBFT-1-0x00007f41cd096700|[g:1][CONSENSUS][PBFT]FutureBlock,INFO=handleSignMsg,num=422,curNum=421,GenIdx=2,Sview=41,view=41,fromIdx=2,fromNode=73994dae...,fromIp=127.0.0.1:30300,hash=e0723091...,nodeIdx=0,myNode=064cb676...
info|2025-10-11 01:58:40.195506|io_service-0x00007f41e70ca700|[P2P][Service] heartBeat,connected count=3
info|2025-10-11 01:58:46.421206|PBFT-1-0x00007f41cd096700|[g:1][CONSENSUS][SEALER]decrease maxBlockCanSeal to half for PBFT timeout,org_maxBlockCanSeal=1000,halfed_maxBlockCanSeal=500,timeoutCount=1,lastTimeoutTx=1
warning|2025-10-11 01:58:46.423031|PBFT-1-0x00007f41cd096700|[g:1][CONSENSUS][PBFT]ViewChangeWarning: not caused by omit empty block ,v=41,toV=42,curNum=421,hash=4a9a2f4c...,nodeIdx=0,myNode=064cb676...
info|2025-10-11 01:58:46.423155|PBFT-1-0x00007f41cd096700|[g:1][CONSENSUS][PBFT]checkTimeout Succ,view=41,toView=42,nodeIdx=0,changeCycle=3,myNode=064cb676...,timecost=2
info|2025-10-11 01:58:46.431937|PBFT-1-0x00007f41cd096700|[g:1][CONSENSUS][PBFT]checkAndChangeView: Reach consensus,org_view=41,cur_changeCycle=3,curView=41,view=42
info|2025-10-11 01:58:46.939701|PBFTWork-1-0x00007f41d38a3700|[g:1][CONSENSUS][PartiallyPBFTReqCache]addPartiallyRawPrepare,height=422,reqIdx=3,hash=f23e58b9...
info|2025-10-11 01:58:46.939930|PBFTWork-1-0x00007f41d38a3700|[g:1][BLOCKVERIFIER][executeBlock]Executing block,txNum=1,num=422,parentHash=4a9a2f4c5a5f481d3bbb42cd767161e737f7dd64f1159f4e553e0eb15f0adc8a,parentNum=421,parentStateRoot=3fdc04cf0a70aceae20714c93e0b92a7036cb90344008676acc3e2bd2a5b6ba3
info|2025-10-11 01:58:46.940107|PBFTWork-1-0x00007f41d38a3700|[g:1][PRECOMPILED]init GasChargeManagePrecompiled
info|2025-10-11 01:58:46.941948|PBFTWork-1-0x00007f41d38a3700|[g:1][PRECOMPILED][TimerPrecompiled]getCurrentTimeMillis,timeMillis=1760173126941
info|2025-10-11 01:58:46.944775|PBFTWork-1-0x00007f41d38a3700|[g:1][PRECOMPILED][TimerPrecompiled]getCurrentTimeMillis,timeMillis=1760173126944
info|2025-10-11 01:58:46.948086|PBFTWork-1-0x00007f41d38a3700|[g:1][CONSENSUS][PBFT]execBlock,blkNum=422,reqIdx=3,hash=685404de...,nodeIdx=0,myNode=064cb676...,decodeCost=0,checkCost=0,notifyCost=0,noteSealingCost=0,currentCycle=3,verifyAndSetSenderCost=0,execCost=9,execPerTx=9,totalCost=9
info|2025-10-11 01:58:46.950566|PBFTWork-1-0x00007f41d38a3700|[g:1][CONSENSUS][PBFT]handlePrepareMsg Succ,timecost=2,INFO=handlePartiallyPrepare,reqIdx=3,view=42,reqNum=422,curNum=421,consNum=422,hash=f23e58b9...,nodeIdx=0,myNode=064cb676...,curChangeCycle=3
info|2025-10-11 01:58:46.950688|PBFT-1-0x00007f41cd096700|[g:1][CONSENSUS][PBFT]checkReq: Recv future request,prepHash=685404de...,INFO=handleSignMsg,num=422,curNum=421,GenIdx=2,Sview=42,view=42,fromIdx=2,fromNode=73994dae...,fromIp=127.0.0.1:30300,hash=32144822...,nodeIdx=0,myNode=064cb676...
info|2025-10-11 01:58:46.950701|PBFT-1-0x00007f41cd096700|[g:1][CONSENSUS][PBFT]FutureBlock,INFO=handleSignMsg,num=422,curNum=421,GenIdx=2,Sview=42,view=42,fromIdx=2,fromNode=73994dae...,fromIp=127.0.0.1:30300,hash=32144822...,nodeIdx=0,myNode=064cb676...
info|2025-10-11 01:58:46.952117|PBFT-1-0x00007f41cd096700|[g:1][CONSENSUS][PBFT]checkReq: Recv future request,prepHash=685404de...,INFO=handleSignMsg,num=422,curNum=421,GenIdx=3,Sview=42,view=42,fromIdx=3,fromNode=87d00b98...,fromIp=127.0.0.1:43024,hash=32144822...,nodeIdx=0,myNode=064cb676...
info|2025-10-11 01:58:46.952134|PBFT-1-0x00007f41cd096700|[g:1][CONSENSUS][PBFT]FutureBlock,INFO=handleSignMsg,num=422,curNum=421,GenIdx=3,Sview=42,view=42,fromIdx=3,fromNode=87d00b98...,fromIp=127.0.0.1:43024,hash=32144822...,nodeIdx=0,myNode=064cb676...
info|2025-10-11 01:58:50.196874|io_service-0x00007f41e70ca700|[P2P][Service] heartBeat,connected count=3
info|2025-10-11 01:58:53.143188|P2P-0x00007f41e88cd700|[g:1] [SYNC][id:064cb676...][Download][Request]Receive block request,peer=374bdfe9...,from=184,to=184
info|2025-10-11 01:58:53.143685|SyncSend-1-0x00007f41d98af700|[g:1][SYNC][id:064cb676...][Download][Request][BlockSync]Batch blocks for sending,blockSize=24480,number=184,peer=374bdfe9...,timeCost=0
info|2025-10-11 01:58:53.143780|SyncSend-1-0x00007f41d98af700|[g:1][g:1] [SYNC][id:374bdfe9...][Download][Request][BlockSync]Send block packet,peer=374bdfe9...,blocks=1,bytes(V)=24487
info|2025-10-11 01:58:57.081702|PBFT-1-0x00007f41cd096700|[g:1][CONSENSUS][SEALER]decrease maxBlockCanSeal to half for PBFT timeout,org_maxBlockCanSeal=500,halfed_maxBlockCanSeal=250,timeoutCount=2,lastTimeoutTx=1
warning|2025-10-11 01:58:57.082927|PBFT-1-0x00007f41cd096700|[g:1][CONSENSUS][PBFT]ViewChangeWarning: not caused by omit empty block ,v=42,toV=43,curNum=421,hash=4a9a2f4c...,nodeIdx=0,myNode=064cb676...
info|2025-10-11 01:58:57.083051|PBFT-1-0x00007f41cd096700|[g:1][CONSENSUS][PBFT]checkTimeout Succ,view=42,toView=43,nodeIdx=0,changeCycle=4,myNode=064cb676...,timecost=2
info|2025-10-11 01:58:57.087168|PBFT-1-0x00007f41cd096700|[g:1][CONSENSUS][PBFT]checkAndChangeView: Reach consensus,org_view=42,cur_changeCycle=4,curView=42,view=43
info|2025-10-11 01:58:57.588746|PBFTSeal-1-0x00007f41c5887700|[g:1][CONSENSUS][SEALER]++++++++++++++++ Generating seal on,blkNum=422,tx=1,nodeIdx=0,hash=4d448453...
info|2025-10-11 01:58:57.591740|sealerWorker-0x00007f41d50a6700|[CONSENSUS]addRawPrepare,height=422,reqIdx=0,hash=4d448453...,time=0
info|2025-10-11 01:58:57.592248|sealerWorker-0x00007f41d50a6700|[BLOCKVERIFIER][executeBlock]Executing block,txNum=1,num=422,parentHash=4a9a2f4c5a5f481d3bbb42cd767161e737f7dd64f1159f4e553e0eb15f0adc8a,parentNum=421,parentStateRoot=3fdc04cf0a70aceae20714c93e0b92a7036cb90344008676acc3e2bd2a5b6ba3
info|2025-10-11 01:58:57.592499|sealerWorker-0x00007f41d50a6700|[PRECOMPILED]init GasChargeManagePrecompiled
info|2025-10-11 01:58:57.594312|sealerWorker-0x00007f41d50a6700|[PRECOMPILED][TimerPrecompiled]getCurrentTimeMillis,timeMillis=1760173137594
info|2025-10-11 01:58:57.596025|sealerWorker-0x00007f41d50a6700|[PRECOMPILED][TimerPrecompiled]getCurrentTimeMillis,timeMillis=1760173137596
info|2025-10-11 01:58:57.596192|sealerWorker-0x00007f41d50a6700|[CONSENSUS][PBFT]execBlock,blkNum=422,reqIdx=0,hash=4443da1d...,nodeIdx=0,myNode=064cb676...,decodeCost=0,checkCost=0,notifyCost=0,noteSealingCost=1,currentCycle=4,verifyAndSetSenderCost=0,execCost=4,execPerTx=4,totalCost=5
info|2025-10-11 01:58:57.598548|sealerWorker-0x00007f41d50a6700|[CONSENSUS][PBFT]handlePrepareMsg Succ,timecost=2,INFO=handlePrepareMsg,reqIdx=0,view=43,reqNum=422,curNum=421,consNum=422,curView=43,fromIp=self,hash=4d448453...,nodeIdx=0,myNode=064cb676...,curChangeCycle=4
info|2025-10-11 01:58:57.598602|sealerWorker-0x00007f41d50a6700|[CONSENSUS][PBFT]generateLocalPrepare,hash=4d448453...,H=422,nodeIdx=0,myNode=064cb676...
info|2025-10-11 01:58:57.603551|PBFT-1-0x00007f41cd096700|[g:1][CONSENSUS][PBFT]checkReq: Recv future request,prepHash=4443da1d...,INFO=handleSignMsg,num=422,curNum=421,GenIdx=3,Sview=43,view=43,fromIdx=3,fromNode=87d00b98...,fromIp=127.0.0.1:43024,hash=3f47cd6f...,nodeIdx=0,myNode=064cb676...
info|2025-10-11 01:58:57.603586|PBFT-1-0x00007f41cd096700|[g:1][CONSENSUS][PBFT]FutureBlock,INFO=handleSignMsg,num=422,curNum=421,GenIdx=3,Sview=43,view=43,fromIdx=3,fromNode=87d00b98...,fromIp=127.0.0.1:43024,hash=3f47cd6f...,nodeIdx=0,myNode=064cb676...
info|2025-10-11 01:58:57.606070|PBFT-1-0x00007f41cd096700|[g:1][CONSENSUS][PBFT]handleSignMsg Succ,Timecost=2,INFO=handleSignMsg,num=422,curNum=421,GenIdx=2,Sview=43,view=43,fromIdx=2,fromNode=73994dae...,fromIp=127.0.0.1:30300,hash=4443da1d...,nodeIdx=0,myNode=064cb676...
info|2025-10-11 01:59:00.197543|io_service-0x00007f41e70ca700|[P2P][Service] heartBeat,connected count=3
info|2025-10-11 01:59:10.198466|io_service-0x00007f41e70ca700|[P2P][Service] heartBeat,connected count=3
info|2025-10-11 01:59:12.388550|P2P-0x00007f41e88cd700|[g:1] [SYNC][id:064cb676...][Download][Request]Receive block request,peer=374bdfe9...,from=184,to=184
info|2025-10-11 01:59:12.388932|SyncSend-1-0x00007f41d98af700|[g:1][SYNC][id:064cb676...][Download][Request][BlockSync]Batch blocks for sending,blockSize=24480,number=184,peer=374bdfe9...,timeCost=0
info|2025-10-11 01:59:12.388991|SyncSend-1-0x00007f41d98af700|[g:1][g:1] [SYNC][id:374bdfe9...][Download][Request][BlockSync]Send block packet,peer=374bdfe9...,blocks=1,bytes(V)=24487
info|2025-10-11 01:59:12.786284|PBFT-1-0x00007f41cd096700|[g:1][CONSENSUS][SEALER]decrease maxBlockCanSeal to half for PBFT timeout,org_maxBlockCanSeal=250,halfed_maxBlockCanSeal=125,timeoutCount=3,lastTimeoutTx=1
warning|2025-10-11 01:59:12.787377|PBFT-1-0x00007f41cd096700|[g:1][CONSENSUS][PBFT]ViewChangeWarning: not caused by omit empty block ,v=43,toV=44,curNum=421,hash=4a9a2f4c...,nodeIdx=0,myNode=064cb676...
info|2025-10-11 01:59:12.788776|PBFT-1-0x00007f41cd096700|[g:1][CONSENSUS][PBFT]checkTimeout Succ,view=43,toView=44,nodeIdx=0,changeCycle=5,myNode=064cb676...,timecost=2
info|2025-10-11 01:59:12.796692|PBFT-1-0x00007f41cd096700|[g:1][CONSENSUS][PBFT]checkAndChangeView: Reach consensus,org_view=43,cur_changeCycle=5,curView=43,view=44
info|2025-10-11 01:59:16.170447|fisco-bcos-0x00007f41e9e43dc0|[LEDGER]stop sealer,groupID=1
info|2025-10-11 01:59:16.170475|fisco-bcos-0x00007f41e9e43dc0|[CONSENSUS][SEALER]Stop sealer module...
info|2025-10-11 01:59:16.181042|fisco-bcos-0x00007f41e9e43dc0|[CONSENSUS][ConsensusEngine][Stop ConsensusEngineBase]
info|2025-10-11 01:59:16.182141|fisco-bcos-0x00007f41e9e43dc0|[CONSENSUS][ConsensusEngine]ConsensusEngineBase stopped
info|2025-10-11 01:59:16.182155|fisco-bcos-0x00007f41e9e43dc0|[LEDGER]sealer stopped. stop sync,groupID=1
info|2025-10-11 01:59:16.182770|fisco-bcos-0x00007f41e9e43dc0|[g:1] [SYNC][id:064cb676...]SyncMsgEngine stopped
info|2025-10-11 01:59:16.232573|fisco-bcos-0x00007f41e9e43dc0|[GossipBlockStatus]stop GossipBlockStatus succ
info|2025-10-11 01:59:16.610183|fisco-bcos-0x00007f41e9e43dc0|[SYNC][id:064cb676...][g:1]SyncMaster stopped
info|2025-10-11 01:59:16.610207|fisco-bcos-0x00007f41e9e43dc0|[LEDGER]sync stopped. stop event filter manager,groupID=1
info|2025-10-11 01:59:16.631602|fisco-bcos-0x00007f41e9e43dc0|[EVENT][EventLogFilterManager]stop
info|2025-10-11 01:59:16.631635|fisco-bcos-0x00007f41e9e43dc0|[LEDGER]event filter manager stopped. stop tx pool,groupID=1
info|2025-10-11 01:59:16.631954|fisco-bcos-0x00007f41e9e43dc0|[LEDGER]removeNetworkStatHandlerByGroupID and removeGroupBandwidthLimiter for service,groupID=1
info|2025-10-11 01:59:16.631974|fisco-bcos-0x00007f41e9e43dc0|[CHANNEL]removeSDKAllowListByGroupId,groupId=1
info|2025-10-11 01:59:16.631981|fisco-bcos-0x00007f41e9e43dc0|[INITIALIZER]ledgerInitializer stopped
info|2025-10-11 01:59:17.575198|io_service-0x00007f41e70ca700|[NETWORK][Session]doRead failed,endpoint=127.0.0.1:30301,message=short read (SSL routines, SSL routines)
info|2025-10-11 01:59:17.575255|io_service-0x00007f41e70ca700|[NETWORK][Session]drop, call and erase all callbackFunc of the session!,endpoint=127.0.0.1:30301
info|2025-10-11 01:59:17.575282|io_service-0x00007f41e70ca700|[NETWORK][Session][drop] closing remote 127.0.0.1:30301,reason=Low-level TCP communication failed.,endpoint=127.0.0.1:30301
info|2025-10-11 01:59:17.575384|io_service-0x00007f41e70ca700|[NETWORK][Session]Session inactive
info|2025-10-11 01:59:17.575390|io_service-0x00007f41e70ca700|[NETWORK][Session]Session inactive
info|2025-10-11 01:59:17.575395|io_service-0x00007f41e70ca700|[NETWORK][Session][drop] shutdown failed ,code=9,message=Bad file descriptor
info|2025-10-11 01:59:17.575954|P2P-0x00007f41e90ce700|[P2P][Service] disconnect inactive P2PSession,nodeID=374bdfe9...,endpoint=127.0.0.1:30301,code=3,what=Disconnect
info|2025-10-11 01:59:17.575975|P2P-0x00007f41e90ce700|[P2P][Service] onDisconnect,code=3,what=Dynamic exception type: dev::network::NetworkException
std::exception::what: Disconnect
info|2025-10-11 01:59:17.632500|fisco-bcos-0x00007f41e9e43dc0|[INITIALIZER]ChannelRPCHttpServer deleted.
info|2025-10-11 01:59:17.633058|fisco-bcos-0x00007f41e9e43dc0|[INITIALIZER]JsonrpcHttpServer deleted.
info|2025-10-11 01:59:17.633085|fisco-bcos-0x00007f41e9e43dc0|[INITIALIZER]RPCInitializer stopped
info|2025-10-11 01:59:17.633224|io_service-0x00007f41e70ca700|[NETWORK][Host]Host exit
info|2025-10-11 01:59:17.634273|fisco-bcos-0x00007f41e9e43dc0|[INITIALIZER]P2PInitializer stopped
info|2025-10-11 01:59:17.634315|fisco-bcos-0x00007f41e9e43dc0|[LEDGER]stop sealer,groupID=1
info|2025-10-11 01:59:17.634323|fisco-bcos-0x00007f41e9e43dc0|[LEDGER]sealer stopped. stop sync,groupID=1
info|2025-10-11 01:59:17.634331|fisco-bcos-0x00007f41e9e43dc0|[g:1] [SYNC][id:064cb676...]SyncMsgEngine stopped
info|2025-10-11 01:59:17.634340|fisco-bcos-0x00007f41e9e43dc0|[GossipBlockStatus]GossipBlockStatus already stopped
info|2025-10-11 01:59:17.634344|fisco-bcos-0x00007f41e9e43dc0|[SYNC][id:064cb676...][g:1]SyncMaster stopped
info|2025-10-11 01:59:17.634348|fisco-bcos-0x00007f41e9e43dc0|[LEDGER]sync stopped. stop event filter manager,groupID=1
info|2025-10-11 01:59:17.634351|fisco-bcos-0x00007f41e9e43dc0|[LEDGER]event filter manager stopped. stop tx pool,groupID=1
info|2025-10-11 01:59:17.634357|fisco-bcos-0x00007f41e9e43dc0|[LEDGER]removeNetworkStatHandlerByGroupID and removeGroupBandwidthLimiter for service,groupID=1
info|2025-10-11 01:59:17.634366|fisco-bcos-0x00007f41e9e43dc0|[g:1][STORAGE][CachedStorage]Stopping flushStorage thread
info|2025-10-11 01:59:18.442072|fisco-bcos-0x00007f41e9e43dc0|[g:1][STORAGE][CachedStorage]flushStorage thread stopped.
info|2025-10-11 01:59:18.442113|fisco-bcos-0x00007f41e9e43dc0|[DBINITIALIZER] storage stopped
info|2025-10-11 01:59:18.451858|fisco-bcos-0x00007f41e9e43dc0|[g:1] [SYNC][id:064cb676...]SyncMsgEngine stopped
info|2025-10-11 01:59:18.451901|fisco-bcos-0x00007f41e9e43dc0|[GossipBlockStatus]GossipBlockStatus already stopped
info|2025-10-11 01:59:18.451907|fisco-bcos-0x00007f41e9e43dc0|[SYNC][id:064cb676...][g:1]SyncMaster stopped
info|2025-10-11 01:59:18.451922|fisco-bcos-0x00007f41e9e43dc0|[g:1] [SYNC][id:064cb676...]SyncMsgEngine stopped
