info|2025-10-10 02:00:00.126258|Sync-1-0x00007f6d2eeff700|[g:1][SYNC][id:064cb676...]print sync info,peersCount=3,infoJson={"blockNumber":266,"genesisHash":"f0d3e67991e2c3d83533c031601c30c4741aba35d7d8017900779abe4ae22efe","isSyncing":false,"knownHighestNumber":266,"knownLatestHash":"128b4c6d4df1c7a66a5233094b5613352a5b5a3e88bc475771c46707af38980a","latestHash":"128b4c6d4df1c7a66a5233094b5613352a5b5a3e88bc475771c46707af38980a","nodeId":"064cb676a36047a4b52ecbf9c01664b1e987d91b438110ba6a12d96972726622e824d295b1de8b0298b5afe7bbbc0bd04a3890e1a36eae028c1cfbe07971b995","peers":[{"blockNumber":183,"genesisHash":"f0d3e67991e2c3d83533c031601c30c4741aba35d7d8017900779abe4ae22efe","latestHash":"84b9e5d996bf7a5eb7a7af1e23a8308230a576a20d5c81a92b78a013e510177d","nodeId":"374bdfe969e1d8ea1200ade93e5d8cf1a7d5741f238011004b0f43ca818706f194b2f067e1708125f7ffc536610b9a72addbd56b238d65f18912be39037ffcc5"},{"blockNumber":266,"genesisHash":"f0d3e67991e2c3d83533c031601c30c4741aba35d7d8017900779abe4ae22efe","latestHash":"128b4c6d4df1c7a66a5233094b5613352a5b5a3e88bc475771c46707af38980a","nodeId":"73994dae9e8b8da733108a4153dfe79151d701dff425f84c87b5324e8ebd02ab6a0ebc9e4f1e0298a7ddca50f94a8f95c62b6997226d571e470e8f2b0600634a"},{"blockNumber":266,"genesisHash":"f0d3e67991e2c3d83533c031601c30c4741aba35d7d8017900779abe4ae22efe","latestHash":"128b4c6d4df1c7a66a5233094b5613352a5b5a3e88bc475771c46707af38980a","nodeId":"87d00b98321fc70a5abc85ad9e80db10cce315194133697bf74aace1d3f8430957a766240f751752708f4282f46110d6ea56c3eb5d1c02ce98a66f327f595270"}],"protocolId":65545,"txPoolSize":"0"}
info|2025-10-10 02:00:00.731399|PBFT-1-0x00007f6d2d6fc700|[g:1][CONSENSUS]addRawPrepare,height=267,reqIdx=3,hash=dc533de2...,time=0
info|2025-10-10 02:00:00.732977|PBFT-1-0x00007f6d2d6fc700|[g:1][CONSENSUS][PBFT]checkTimeout Succ,view=25,toView=26,nodeIdx=0,changeCycle=1,myNode=064cb676...,timecost=1
info|2025-10-10 02:00:00.740030|PBFT-1-0x00007f6d2d6fc700|[g:1][CONSENSUS][PBFT]checkAndChangeView: Reach consensus,org_view=25,cur_changeCycle=1,curView=25,view=26
info|2025-10-10 02:00:01.740554|PBFTSeal-1-0x00007f6d25eed700|[g:1][CONSENSUS][SEALER]++++++++++++++++ Generating seal on,blkNum=267,tx=0,nodeIdx=0,hash=ea915bb8...
info|2025-10-10 02:00:01.747330|PBFT-1-0x00007f6d2d6fc700|[g:1][CONSENSUS][PBFT]checkTimeout Succ,view=26,toView=27,nodeIdx=0,changeCycle=1,myNode=064cb676...,timecost=1
info|2025-10-10 02:00:01.772373|PBFT-1-0x00007f6d2d6fc700|[g:1][CONSENSUS][PBFT]checkAndChangeView: Reach consensus,org_view=26,cur_changeCycle=1,curView=26,view=27
info|2025-10-10 02:00:02.515643|io_service-0x00007f6d47730700|[P2P][Service] heartBeat,connected count=3
warning|2025-10-10 02:00:06.280724|PBFT-1-0x00007f6d2d6fc700|[g:1][CONSENSUS][PBFT]ViewChangeWarning: not caused by omit empty block ,v=27,toV=28,curNum=266,hash=128b4c6d...,nodeIdx=0,myNode=064cb676...
info|2025-10-10 02:00:06.280863|PBFT-1-0x00007f6d2d6fc700|[g:1][CONSENSUS][PBFT]checkTimeout Succ,view=27,toView=28,nodeIdx=0,changeCycle=2,myNode=064cb676...,timecost=1
info|2025-10-10 02:00:06.286199|PBFT-1-0x00007f6d2d6fc700|[g:1][CONSENSUS][PBFT]checkAndChangeView: Reach consensus,org_view=27,cur_changeCycle=2,curView=27,view=28
info|2025-10-10 02:00:07.290256|PBFT-1-0x00007f6d2d6fc700|[g:1][CONSENSUS]addRawPrepare,height=267,reqIdx=2,hash=1931ab6a...,time=0
info|2025-10-10 02:00:07.293571|PBFT-1-0x00007f6d2d6fc700|[g:1][CONSENSUS][PBFT]checkTimeout Succ,view=28,toView=29,nodeIdx=0,changeCycle=1,myNode=064cb676...,timecost=3
info|2025-10-10 02:00:07.299151|PBFT-1-0x00007f6d2d6fc700|[g:1][CONSENSUS][PBFT]checkAndChangeView: Reach consensus,org_view=28,cur_changeCycle=1,curView=28,view=29
info|2025-10-10 02:00:08.300738|PBFT-1-0x00007f6d2d6fc700|[g:1][CONSENSUS]addRawPrepare,height=267,reqIdx=3,hash=1fb8ea80...,time=0
info|2025-10-10 02:00:08.302629|PBFT-1-0x00007f6d2d6fc700|[g:1][CONSENSUS][PBFT]checkTimeout Succ,view=29,toView=30,nodeIdx=0,changeCycle=1,myNode=064cb676...,timecost=2
info|2025-10-10 02:00:08.311036|PBFT-1-0x00007f6d2d6fc700|[g:1][CONSENSUS][PBFT]checkAndChangeView: Reach consensus,org_view=29,cur_changeCycle=1,curView=29,view=30
info|2025-10-10 02:00:09.312082|PBFTSeal-1-0x00007f6d25eed700|[g:1][CONSENSUS][SEALER]++++++++++++++++ Generating seal on,blkNum=267,tx=0,nodeIdx=0,hash=e1cc102b...
info|2025-10-10 02:00:09.321850|PBFT-1-0x00007f6d2d6fc700|[g:1][CONSENSUS][PBFT]checkTimeout Succ,view=30,toView=31,nodeIdx=0,changeCycle=1,myNode=064cb676...,timecost=4
info|2025-10-10 02:00:09.325468|PBFT-1-0x00007f6d2d6fc700|[g:1][CONSENSUS][PBFT]checkAndChangeView: Reach consensus,org_view=30,cur_changeCycle=1,curView=30,view=31
info|2025-10-10 02:00:12.516359|io_service-0x00007f6d47730700|[P2P][Service] heartBeat,connected count=3
warning|2025-10-10 02:00:13.832100|PBFT-1-0x00007f6d2d6fc700|[g:1][CONSENSUS][PBFT]ViewChangeWarning: not caused by omit empty block ,v=31,toV=32,curNum=266,hash=128b4c6d...,nodeIdx=0,myNode=064cb676...
info|2025-10-10 02:00:13.832262|PBFT-1-0x00007f6d2d6fc700|[g:1][CONSENSUS][PBFT]checkTimeout Succ,view=31,toView=32,nodeIdx=0,changeCycle=2,myNode=064cb676...,timecost=3
info|2025-10-10 02:00:13.837097|PBFT-1-0x00007f6d2d6fc700|[g:1][CONSENSUS][PBFT]checkAndChangeView: Reach consensus,org_view=31,cur_changeCycle=2,curView=31,view=32
info|2025-10-10 02:00:14.842720|PBFT-1-0x00007f6d2d6fc700|[g:1][CONSENSUS]addRawPrepare,height=267,reqIdx=2,hash=ec0500f5...,time=1
info|2025-10-10 02:00:14.846599|PBFT-1-0x00007f6d2d6fc700|[g:1][CONSENSUS][PBFT]checkTimeout Succ,view=32,toView=33,nodeIdx=0,changeCycle=1,myNode=064cb676...,timecost=3
info|2025-10-10 02:00:14.855669|PBFT-1-0x00007f6d2d6fc700|[g:1][CONSENSUS][PBFT]checkAndChangeView: Reach consensus,org_view=32,cur_changeCycle=1,curView=32,view=33
info|2025-10-10 02:00:15.606036|P2P-0x00007f6d47f31700|[g:1] [SYNC][id:064cb676...][Download][Request]Receive block request,peer=374bdfe9...,from=184,to=184
info|2025-10-10 02:00:15.606478|SyncSend-1-0x00007f6d39f15700|[g:1][SYNC][id:064cb676...][Download][Request][BlockSync]Batch blocks for sending,blockSize=24480,number=184,peer=374bdfe9...,timeCost=0
info|2025-10-10 02:00:15.606532|SyncSend-1-0x00007f6d39f15700|[g:1][g:1] [SYNC][id:374bdfe9...][Download][Request][BlockSync]Send block packet,peer=374bdfe9...,blocks=1,bytes(V)=24487
info|2025-10-10 02:00:15.857452|PBFT-1-0x00007f6d2d6fc700|[g:1][CONSENSUS]addRawPrepare,height=267,reqIdx=3,hash=37686eb7...,time=0
info|2025-10-10 02:00:15.861999|PBFT-1-0x00007f6d2d6fc700|[g:1][CONSENSUS][PBFT]checkTimeout Succ,view=33,toView=34,nodeIdx=0,changeCycle=1,myNode=064cb676...,timecost=5
info|2025-10-10 02:00:15.867139|PBFT-1-0x00007f6d2d6fc700|[g:1][CONSENSUS][PBFT]checkAndChangeView: Reach consensus,org_view=33,cur_changeCycle=1,curView=33,view=34
info|2025-10-10 02:00:16.867911|PBFTSeal-1-0x00007f6d25eed700|[g:1][CONSENSUS][SEALER]++++++++++++++++ Generating seal on,blkNum=267,tx=0,nodeIdx=0,hash=d9f0e5eb...
info|2025-10-10 02:00:16.876376|PBFT-1-0x00007f6d2d6fc700|[g:1][CONSENSUS][PBFT]checkTimeout Succ,view=34,toView=35,nodeIdx=0,changeCycle=1,myNode=064cb676...,timecost=3
info|2025-10-10 02:00:16.881682|PBFT-1-0x00007f6d2d6fc700|[g:1][CONSENSUS][PBFT]checkAndChangeView: Reach consensus,org_view=34,cur_changeCycle=1,curView=34,view=35
warning|2025-10-10 02:00:21.384405|PBFT-1-0x00007f6d2d6fc700|[g:1][CONSENSUS][PBFT]ViewChangeWarning: not caused by omit empty block ,v=35,toV=36,curNum=266,hash=128b4c6d...,nodeIdx=0,myNode=064cb676...
info|2025-10-10 02:00:21.384535|PBFT-1-0x00007f6d2d6fc700|[g:1][CONSENSUS][PBFT]checkTimeout Succ,view=35,toView=36,nodeIdx=0,changeCycle=2,myNode=064cb676...,timecost=2
info|2025-10-10 02:00:21.387320|PBFT-1-0x00007f6d2d6fc700|[g:1][CONSENSUS][PBFT]checkAndChangeView: Reach consensus,org_view=35,cur_changeCycle=2,curView=35,view=36
info|2025-10-10 02:00:22.392204|PBFT-1-0x00007f6d2d6fc700|[g:1][CONSENSUS]addRawPrepare,height=267,reqIdx=2,hash=772988e2...,time=0
info|2025-10-10 02:00:22.394671|PBFT-1-0x00007f6d2d6fc700|[g:1][CONSENSUS][PBFT]checkTimeout Succ,view=36,toView=37,nodeIdx=0,changeCycle=1,myNode=064cb676...,timecost=2
info|2025-10-10 02:00:22.399420|PBFT-1-0x00007f6d2d6fc700|[g:1][CONSENSUS][PBFT]checkAndChangeView: Reach consensus,org_view=36,cur_changeCycle=1,curView=36,view=37
info|2025-10-10 02:00:22.517351|io_service-0x00007f6d47730700|[P2P][Service] heartBeat,connected count=3
info|2025-10-10 02:00:23.405232|PBFT-1-0x00007f6d2d6fc700|[g:1][CONSENSUS]addRawPrepare,height=267,reqIdx=3,hash=745060e3...,time=0
info|2025-10-10 02:00:23.408032|PBFT-1-0x00007f6d2d6fc700|[g:1][CONSENSUS][PBFT]checkTimeout Succ,view=37,toView=38,nodeIdx=0,changeCycle=1,myNode=064cb676...,timecost=3
info|2025-10-10 02:00:23.457592|PBFT-1-0x00007f6d2d6fc700|[g:1][CONSENSUS][PBFT]checkAndChangeView: Reach consensus,org_view=37,cur_changeCycle=1,curView=37,view=38
info|2025-10-10 02:00:24.458247|PBFTSeal-1-0x00007f6d25eed700|[g:1][CONSENSUS][SEALER]++++++++++++++++ Generating seal on,blkNum=267,tx=0,nodeIdx=0,hash=66ef632e...
info|2025-10-10 02:00:24.465215|PBFT-1-0x00007f6d2d6fc700|[g:1][CONSENSUS][PBFT]checkTimeout Succ,view=38,toView=39,nodeIdx=0,changeCycle=1,myNode=064cb676...,timecost=2
info|2025-10-10 02:00:24.469250|PBFT-1-0x00007f6d2d6fc700|[g:1][CONSENSUS][PBFT]checkAndChangeView: Reach consensus,org_view=38,cur_changeCycle=1,curView=38,view=39
info|2025-10-10 02:00:28.613374|P2P-0x00007f6d48f33700|[g:1] [SYNC][id:064cb676...][Download][Request]Receive block request,peer=374bdfe9...,from=184,to=184
info|2025-10-10 02:00:28.613804|SyncSend-1-0x00007f6d39f15700|[g:1][SYNC][id:064cb676...][Download][Request][BlockSync]Batch blocks for sending,blockSize=24480,number=184,peer=374bdfe9...,timeCost=0
info|2025-10-10 02:00:28.613886|SyncSend-1-0x00007f6d39f15700|[g:1][g:1] [SYNC][id:374bdfe9...][Download][Request][BlockSync]Send block packet,peer=374bdfe9...,blocks=1,bytes(V)=24487
warning|2025-10-10 02:00:28.971115|PBFT-1-0x00007f6d2d6fc700|[g:1][CONSENSUS][PBFT]ViewChangeWarning: not caused by omit empty block ,v=39,toV=40,curNum=266,hash=128b4c6d...,nodeIdx=0,myNode=064cb676...
info|2025-10-10 02:00:28.971293|PBFT-1-0x00007f6d2d6fc700|[g:1][CONSENSUS][PBFT]checkTimeout Succ,view=39,toView=40,nodeIdx=0,changeCycle=2,myNode=064cb676...,timecost=2
info|2025-10-10 02:00:28.979220|PBFT-1-0x00007f6d2d6fc700|[g:1][CONSENSUS][PBFT]checkAndChangeView: Reach consensus,org_view=39,cur_changeCycle=2,curView=39,view=40
info|2025-10-10 02:00:29.985230|PBFT-1-0x00007f6d2d6fc700|[g:1][CONSENSUS]addRawPrepare,height=267,reqIdx=2,hash=41447df7...,time=0
info|2025-10-10 02:00:29.987749|PBFT-1-0x00007f6d2d6fc700|[g:1][CONSENSUS][PBFT]checkTimeout Succ,view=40,toView=41,nodeIdx=0,changeCycle=1,myNode=064cb676...,timecost=2
info|2025-10-10 02:00:29.994164|PBFT-1-0x00007f6d2d6fc700|[g:1][CONSENSUS][PBFT]checkAndChangeView: Reach consensus,org_view=40,cur_changeCycle=1,curView=40,view=41
info|2025-10-10 02:00:30.997926|PBFT-1-0x00007f6d2d6fc700|[g:1][CONSENSUS]addRawPrepare,height=267,reqIdx=3,hash=db4e5b63...,time=0
info|2025-10-10 02:00:31.001751|PBFT-1-0x00007f6d2d6fc700|[g:1][CONSENSUS][PBFT]checkTimeout Succ,view=41,toView=42,nodeIdx=0,changeCycle=1,myNode=064cb676...,timecost=4
info|2025-10-10 02:00:31.006705|PBFT-1-0x00007f6d2d6fc700|[g:1][CONSENSUS][PBFT]checkAndChangeView: Reach consensus,org_view=41,cur_changeCycle=1,curView=41,view=42
info|2025-10-10 02:00:32.007210|PBFTSeal-1-0x00007f6d25eed700|[g:1][CONSENSUS][SEALER]++++++++++++++++ Generating seal on,blkNum=267,tx=0,nodeIdx=0,hash=d5284773...
info|2025-10-10 02:00:32.014929|PBFT-1-0x00007f6d2d6fc700|[g:1][CONSENSUS][PBFT]checkTimeout Succ,view=42,toView=43,nodeIdx=0,changeCycle=1,myNode=064cb676...,timecost=2
info|2025-10-10 02:00:32.017651|PBFT-1-0x00007f6d2d6fc700|[g:1][CONSENSUS][PBFT]checkAndChangeView: Reach consensus,org_view=42,cur_changeCycle=1,curView=42,view=43
info|2025-10-10 02:00:32.518168|io_service-0x00007f6d47730700|[P2P][Service] heartBeat,connected count=3
warning|2025-10-10 02:00:36.525496|PBFT-1-0x00007f6d2d6fc700|[g:1][CONSENSUS][PBFT]ViewChangeWarning: not caused by omit empty block ,v=43,toV=44,curNum=266,hash=128b4c6d...,nodeIdx=0,myNode=064cb676...
info|2025-10-10 02:00:36.525635|PBFT-1-0x00007f6d2d6fc700|[g:1][CONSENSUS][PBFT]checkTimeout Succ,view=43,toView=44,nodeIdx=0,changeCycle=2,myNode=064cb676...,timecost=2
info|2025-10-10 02:00:36.532782|PBFT-1-0x00007f6d2d6fc700|[g:1][CONSENSUS][PBFT]checkAndChangeView: Reach consensus,org_view=43,cur_changeCycle=2,curView=43,view=44
info|2025-10-10 02:00:37.538337|PBFT-1-0x00007f6d2d6fc700|[g:1][CONSENSUS]addRawPrepare,height=267,reqIdx=2,hash=8cbd4e37...,time=0
info|2025-10-10 02:00:37.539720|PBFT-1-0x00007f6d2d6fc700|[g:1][CONSENSUS][PBFT]checkTimeout Succ,view=44,toView=45,nodeIdx=0,changeCycle=1,myNode=064cb676...,timecost=1
info|2025-10-10 02:00:37.546481|PBFT-1-0x00007f6d2d6fc700|[g:1][CONSENSUS][PBFT]checkAndChangeView: Reach consensus,org_view=44,cur_changeCycle=1,curView=44,view=45
info|2025-10-10 02:00:38.550177|PBFT-1-0x00007f6d2d6fc700|[g:1][CONSENSUS]addRawPrepare,height=267,reqIdx=3,hash=c894995d...,time=0
info|2025-10-10 02:00:38.555376|PBFT-1-0x00007f6d2d6fc700|[g:1][CONSENSUS][PBFT]checkTimeout Succ,view=45,toView=46,nodeIdx=0,changeCycle=1,myNode=064cb676...,timecost=5
info|2025-10-10 02:00:38.558079|PBFT-1-0x00007f6d2d6fc700|[g:1][CONSENSUS][PBFT]checkAndChangeView: Reach consensus,org_view=45,cur_changeCycle=1,curView=45,view=46
info|2025-10-10 02:00:39.559169|PBFTSeal-1-0x00007f6d25eed700|[g:1][CONSENSUS][SEALER]++++++++++++++++ Generating seal on,blkNum=267,tx=0,nodeIdx=0,hash=7f01679e...
info|2025-10-10 02:00:39.567975|PBFT-1-0x00007f6d2d6fc700|[g:1][CONSENSUS][PBFT]checkTimeout Succ,view=46,toView=47,nodeIdx=0,changeCycle=1,myNode=064cb676...,timecost=1
info|2025-10-10 02:00:39.571122|PBFT-1-0x00007f6d2d6fc700|[g:1][CONSENSUS][PBFT]checkAndChangeView: Reach consensus,org_view=46,cur_changeCycle=1,curView=46,view=47
info|2025-10-10 02:00:41.619843|P2P-0x00007f6d48f33700|[g:1] [SYNC][id:064cb676...][Download][Request]Receive block request,peer=374bdfe9...,from=184,to=184
info|2025-10-10 02:00:41.620370|SyncSend-1-0x00007f6d39f15700|[g:1][SYNC][id:064cb676...][Download][Request][BlockSync]Batch blocks for sending,blockSize=24480,number=184,peer=374bdfe9...,timeCost=0
info|2025-10-10 02:00:41.620441|SyncSend-1-0x00007f6d39f15700|[g:1][g:1] [SYNC][id:374bdfe9...][Download][Request][BlockSync]Send block packet,peer=374bdfe9...,blocks=1,bytes(V)=24487
info|2025-10-10 02:00:42.519289|io_service-0x00007f6d47730700|[P2P][Service] heartBeat,connected count=3
warning|2025-10-10 02:00:44.071629|PBFT-1-0x00007f6d2d6fc700|[g:1][CONSENSUS][PBFT]ViewChangeWarning: not caused by omit empty block ,v=47,toV=48,curNum=266,hash=128b4c6d...,nodeIdx=0,myNode=064cb676...
info|2025-10-10 02:00:44.071774|PBFT-1-0x00007f6d2d6fc700|[g:1][CONSENSUS][PBFT]checkTimeout Succ,view=47,toView=48,nodeIdx=0,changeCycle=2,myNode=064cb676...,timecost=1
info|2025-10-10 02:00:44.078615|PBFT-1-0x00007f6d2d6fc700|[g:1][CONSENSUS][PBFT]checkAndChangeView: Reach consensus,org_view=47,cur_changeCycle=2,curView=47,view=48
info|2025-10-10 02:00:45.083164|PBFT-1-0x00007f6d2d6fc700|[g:1][CONSENSUS]addRawPrepare,height=267,reqIdx=2,hash=e16a52e4...,time=0
info|2025-10-10 02:00:45.084624|PBFT-1-0x00007f6d2d6fc700|[g:1][CONSENSUS][PBFT]checkTimeout Succ,view=48,toView=49,nodeIdx=0,changeCycle=1,myNode=064cb676...,timecost=1
info|2025-10-10 02:00:45.091498|PBFT-1-0x00007f6d2d6fc700|[g:1][CONSENSUS][PBFT]checkAndChangeView: Reach consensus,org_view=48,cur_changeCycle=1,curView=48,view=49
info|2025-10-10 02:00:46.094974|PBFT-1-0x00007f6d2d6fc700|[g:1][CONSENSUS]addRawPrepare,height=267,reqIdx=3,hash=4e5740e2...,time=0
info|2025-10-10 02:00:46.096716|PBFT-1-0x00007f6d2d6fc700|[g:1][CONSENSUS][PBFT]checkTimeout Succ,view=49,toView=50,nodeIdx=0,changeCycle=1,myNode=064cb676...,timecost=1
info|2025-10-10 02:00:46.101152|PBFT-1-0x00007f6d2d6fc700|[g:1][CONSENSUS][PBFT]checkAndChangeView: Reach consensus,org_view=49,cur_changeCycle=1,curView=49,view=50
info|2025-10-10 02:00:47.101352|PBFTSeal-1-0x00007f6d25eed700|[g:1][CONSENSUS][SEALER]++++++++++++++++ Generating seal on,blkNum=267,tx=0,nodeIdx=0,hash=f8e50bea...
info|2025-10-10 02:00:47.113834|PBFT-1-0x00007f6d2d6fc700|[g:1][CONSENSUS][PBFT]checkTimeout Succ,view=50,toView=51,nodeIdx=0,changeCycle=1,myNode=064cb676...,timecost=1
info|2025-10-10 02:00:47.115464|PBFT-1-0x00007f6d2d6fc700|[g:1][CONSENSUS][PBFT]checkAndChangeView: Reach consensus,org_view=50,cur_changeCycle=1,curView=50,view=51
warning|2025-10-10 02:00:51.620921|PBFT-1-0x00007f6d2d6fc700|[g:1][CONSENSUS][PBFT]ViewChangeWarning: not caused by omit empty block ,v=51,toV=52,curNum=266,hash=128b4c6d...,nodeIdx=0,myNode=064cb676...
info|2025-10-10 02:00:51.622065|PBFT-1-0x00007f6d2d6fc700|[g:1][CONSENSUS][PBFT]checkTimeout Succ,view=51,toView=52,nodeIdx=0,changeCycle=2,myNode=064cb676...,timecost=3
info|2025-10-10 02:00:51.629026|PBFT-1-0x00007f6d2d6fc700|[g:1][CONSENSUS][PBFT]checkAndChangeView: Reach consensus,org_view=51,cur_changeCycle=2,curView=51,view=52
info|2025-10-10 02:00:52.519798|io_service-0x00007f6d47730700|[P2P][Service] heartBeat,connected count=3
info|2025-10-10 02:00:52.631294|PBFT-1-0x00007f6d2d6fc700|[g:1][CONSENSUS]addRawPrepare,height=267,reqIdx=2,hash=9732da73...,time=0
info|2025-10-10 02:00:52.632653|PBFT-1-0x00007f6d2d6fc700|[g:1][CONSENSUS][PBFT]checkTimeout Succ,view=52,toView=53,nodeIdx=0,changeCycle=1,myNode=064cb676...,timecost=1
info|2025-10-10 02:00:52.639838|PBFT-1-0x00007f6d2d6fc700|[g:1][CONSENSUS][PBFT]checkAndChangeView: Reach consensus,org_view=52,cur_changeCycle=1,curView=52,view=53
info|2025-10-10 02:00:53.642001|PBFT-1-0x00007f6d2d6fc700|[g:1][CONSENSUS]addRawPrepare,height=267,reqIdx=3,hash=ba8667a5...,time=1
info|2025-10-10 02:00:53.645803|PBFT-1-0x00007f6d2d6fc700|[g:1][CONSENSUS][PBFT]checkTimeout Succ,view=53,toView=54,nodeIdx=0,changeCycle=1,myNode=064cb676...,timecost=3
info|2025-10-10 02:00:53.650658|PBFT-1-0x00007f6d2d6fc700|[g:1][CONSENSUS][PBFT]checkAndChangeView: Reach consensus,org_view=53,cur_changeCycle=1,curView=53,view=54
info|2025-10-10 02:00:54.631298|P2P-0x00007f6d49734700|[g:1] [SYNC][id:064cb676...][Download][Request]Receive block request,peer=374bdfe9...,from=184,to=184
info|2025-10-10 02:00:54.631771|SyncSend-1-0x00007f6d39f15700|[g:1][SYNC][id:064cb676...][Download][Request][BlockSync]Batch blocks for sending,blockSize=24480,number=184,peer=374bdfe9...,timeCost=0
info|2025-10-10 02:00:54.631828|SyncSend-1-0x00007f6d39f15700|[g:1][g:1] [SYNC][id:374bdfe9...][Download][Request][BlockSync]Send block packet,peer=374bdfe9...,blocks=1,bytes(V)=24487
info|2025-10-10 02:00:54.651211|PBFTSeal-1-0x00007f6d25eed700|[g:1][CONSENSUS][SEALER]++++++++++++++++ Generating seal on,blkNum=267,tx=0,nodeIdx=0,hash=cd2cf15e...
info|2025-10-10 02:00:54.659897|PBFT-1-0x00007f6d2d6fc700|[g:1][CONSENSUS][PBFT]checkTimeout Succ,view=54,toView=55,nodeIdx=0,changeCycle=1,myNode=064cb676...,timecost=2
info|2025-10-10 02:00:54.664711|PBFT-1-0x00007f6d2d6fc700|[g:1][CONSENSUS][PBFT]checkAndChangeView: Reach consensus,org_view=54,cur_changeCycle=1,curView=54,view=55
warning|2025-10-10 02:00:59.168608|PBFT-1-0x00007f6d2d6fc700|[g:1][CONSENSUS][PBFT]ViewChangeWarning: not caused by omit empty block ,v=55,toV=56,curNum=266,hash=128b4c6d...,nodeIdx=0,myNode=064cb676...
info|2025-10-10 02:00:59.168812|PBFT-1-0x00007f6d2d6fc700|[g:1][CONSENSUS][PBFT]checkTimeout Succ,view=55,toView=56,nodeIdx=0,changeCycle=2,myNode=064cb676...,timecost=1
info|2025-10-10 02:00:59.176194|PBFT-1-0x00007f6d2d6fc700|[g:1][CONSENSUS][PBFT]checkAndChangeView: Reach consensus,org_view=55,cur_changeCycle=2,curView=55,view=56
info|2025-10-10 02:01:00.184126|PBFT-1-0x00007f6d2d6fc700|[g:1][CONSENSUS]addRawPrepare,height=267,reqIdx=2,hash=55bb1747...,time=0
info|2025-10-10 02:01:00.187663|PBFT-1-0x00007f6d2d6fc700|[g:1][CONSENSUS][PBFT]checkTimeout Succ,view=56,toView=57,nodeIdx=0,changeCycle=1,myNode=064cb676...,timecost=1
info|2025-10-10 02:01:00.192251|PBFT-1-0x00007f6d2d6fc700|[g:1][CONSENSUS][PBFT]checkAndChangeView: Reach consensus,org_view=56,cur_changeCycle=1,curView=56,view=57
info|2025-10-10 02:01:01.171875|P2P-0x00007f6d47f31700|[g:1] [SYNC][id:064cb676...][Download][Request]Receive block request,peer=374bdfe9...,from=184,to=184
info|2025-10-10 02:01:01.172278|SyncSend-1-0x00007f6d39f15700|[g:1][SYNC][id:064cb676...][Download][Request][BlockSync]Batch blocks for sending,blockSize=24480,number=184,peer=374bdfe9...,timeCost=0
info|2025-10-10 02:01:01.172334|SyncSend-1-0x00007f6d39f15700|[g:1][g:1] [SYNC][id:374bdfe9...][Download][Request][BlockSync]Send block packet,peer=374bdfe9...,blocks=1,bytes(V)=24487
info|2025-10-10 02:01:01.194874|PBFT-1-0x00007f6d2d6fc700|[g:1][CONSENSUS]addRawPrepare,height=267,reqIdx=3,hash=ee014061...,time=0
info|2025-10-10 02:01:01.196039|PBFT-1-0x00007f6d2d6fc700|[g:1][CONSENSUS][PBFT]checkTimeout Succ,view=57,toView=58,nodeIdx=0,changeCycle=1,myNode=064cb676...,timecost=2
info|2025-10-10 02:01:01.204527|PBFT-1-0x00007f6d2d6fc700|[g:1][CONSENSUS][PBFT]checkAndChangeView: Reach consensus,org_view=57,cur_changeCycle=1,curView=57,view=58
info|2025-10-10 02:01:02.204992|PBFTSeal-1-0x00007f6d25eed700|[g:1][CONSENSUS][SEALER]++++++++++++++++ Generating seal on,blkNum=267,tx=0,nodeIdx=0,hash=3941c59e...
info|2025-10-10 02:01:02.212063|PBFT-1-0x00007f6d2d6fc700|[g:1][CONSENSUS][PBFT]checkTimeout Succ,view=58,toView=59,nodeIdx=0,changeCycle=1,myNode=064cb676...,timecost=4
info|2025-10-10 02:01:02.220635|PBFT-1-0x00007f6d2d6fc700|[g:1][CONSENSUS][PBFT]checkAndChangeView: Reach consensus,org_view=58,cur_changeCycle=1,curView=58,view=59
info|2025-10-10 02:01:02.520934|io_service-0x00007f6d47730700|[P2P][Service] heartBeat,connected count=3
warning|2025-10-10 02:01:06.725431|PBFT-1-0x00007f6d2d6fc700|[g:1][CONSENSUS][PBFT]ViewChangeWarning: not caused by omit empty block ,v=59,toV=60,curNum=266,hash=128b4c6d...,nodeIdx=0,myNode=064cb676...
info|2025-10-10 02:01:06.726967|PBFT-1-0x00007f6d2d6fc700|[g:1][CONSENSUS][PBFT]checkTimeout Succ,view=59,toView=60,nodeIdx=0,changeCycle=2,myNode=064cb676...,timecost=2
info|2025-10-10 02:01:06.730414|PBFT-1-0x00007f6d2d6fc700|[g:1][CONSENSUS][PBFT]checkAndChangeView: Reach consensus,org_view=59,cur_changeCycle=2,curView=59,view=60
info|2025-10-10 02:01:07.739514|PBFT-1-0x00007f6d2d6fc700|[g:1][CONSENSUS]addRawPrepare,height=267,reqIdx=2,hash=ad95df08...,time=0
info|2025-10-10 02:01:07.740835|PBFT-1-0x00007f6d2d6fc700|[g:1][CONSENSUS][PBFT]checkTimeout Succ,view=60,toView=61,nodeIdx=0,changeCycle=1,myNode=064cb676...,timecost=1
info|2025-10-10 02:01:07.749887|PBFT-1-0x00007f6d2d6fc700|[g:1][CONSENSUS][PBFT]checkAndChangeView: Reach consensus,org_view=60,cur_changeCycle=1,curView=60,view=61
info|2025-10-10 02:01:08.757799|PBFT-1-0x00007f6d2d6fc700|[g:1][CONSENSUS]addRawPrepare,height=267,reqIdx=3,hash=22d63184...,time=0
info|2025-10-10 02:01:08.760726|PBFT-1-0x00007f6d2d6fc700|[g:1][CONSENSUS][PBFT]checkTimeout Succ,view=61,toView=62,nodeIdx=0,changeCycle=1,myNode=064cb676...,timecost=3
info|2025-10-10 02:01:08.767290|PBFT-1-0x00007f6d2d6fc700|[g:1][CONSENSUS][PBFT]checkAndChangeView: Reach consensus,org_view=61,cur_changeCycle=1,curView=61,view=62
info|2025-10-10 02:01:09.769929|PBFTSeal-1-0x00007f6d25eed700|[g:1][CONSENSUS][SEALER]++++++++++++++++ Generating seal on,blkNum=267,tx=0,nodeIdx=0,hash=bcd15024...
info|2025-10-10 02:01:09.779126|PBFT-1-0x00007f6d2d6fc700|[g:1][CONSENSUS][PBFT]checkTimeout Succ,view=62,toView=63,nodeIdx=0,changeCycle=1,myNode=064cb676...,timecost=2
info|2025-10-10 02:01:09.780644|PBFT-1-0x00007f6d2d6fc700|[g:1][CONSENSUS][PBFT]checkAndChangeView: Reach consensus,org_view=62,cur_changeCycle=1,curView=62,view=63
info|2025-10-10 02:01:12.521921|io_service-0x00007f6d47730700|[P2P][Service] heartBeat,connected count=3
info|2025-10-10 02:01:14.180455|P2P-0x00007f6d48f33700|[g:1] [SYNC][id:064cb676...][Download][Request]Receive block request,peer=374bdfe9...,from=184,to=184
info|2025-10-10 02:01:14.180805|SyncSend-1-0x00007f6d39f15700|[g:1][SYNC][id:064cb676...][Download][Request][BlockSync]Batch blocks for sending,blockSize=24480,number=184,peer=374bdfe9...,timeCost=0
info|2025-10-10 02:01:14.180890|SyncSend-1-0x00007f6d39f15700|[g:1][g:1] [SYNC][id:374bdfe9...][Download][Request][BlockSync]Send block packet,peer=374bdfe9...,blocks=1,bytes(V)=24487
warning|2025-10-10 02:01:14.286429|PBFT-1-0x00007f6d2d6fc700|[g:1][CONSENSUS][PBFT]ViewChangeWarning: not caused by omit empty block ,v=63,toV=64,curNum=266,hash=128b4c6d...,nodeIdx=0,myNode=064cb676...
info|2025-10-10 02:01:14.286657|PBFT-1-0x00007f6d2d6fc700|[g:1][CONSENSUS][PBFT]checkTimeout Succ,view=63,toView=64,nodeIdx=0,changeCycle=2,myNode=064cb676...,timecost=1
info|2025-10-10 02:01:14.330047|PBFT-1-0x00007f6d2d6fc700|[g:1][CONSENSUS][PBFT]checkAndChangeView: Reach consensus,org_view=63,cur_changeCycle=2,curView=63,view=64
info|2025-10-10 02:01:15.337691|PBFT-1-0x00007f6d2d6fc700|[g:1][CONSENSUS]addRawPrepare,height=267,reqIdx=2,hash=ad8c7dfc...,time=0
info|2025-10-10 02:01:15.339004|PBFT-1-0x00007f6d2d6fc700|[g:1][CONSENSUS][PBFT]checkTimeout Succ,view=64,toView=65,nodeIdx=0,changeCycle=1,myNode=064cb676...,timecost=2
info|2025-10-10 02:01:15.381045|PBFT-1-0x00007f6d2d6fc700|[g:1][CONSENSUS][PBFT]checkAndChangeView: Reach consensus,org_view=64,cur_changeCycle=1,curView=64,view=65
info|2025-10-10 02:01:16.389072|PBFT-1-0x00007f6d2d6fc700|[g:1][CONSENSUS]addRawPrepare,height=267,reqIdx=3,hash=146e5f61...,time=0
info|2025-10-10 02:01:16.391071|PBFT-1-0x00007f6d2d6fc700|[g:1][CONSENSUS][PBFT]checkTimeout Succ,view=65,toView=66,nodeIdx=0,changeCycle=1,myNode=064cb676...,timecost=2
info|2025-10-10 02:01:16.395753|PBFT-1-0x00007f6d2d6fc700|[g:1][CONSENSUS][PBFT]checkAndChangeView: Reach consensus,org_view=65,cur_changeCycle=1,curView=65,view=66
info|2025-10-10 02:01:17.397000|PBFTSeal-1-0x00007f6d25eed700|[g:1][CONSENSUS][SEALER]++++++++++++++++ Generating seal on,blkNum=267,tx=0,nodeIdx=0,hash=0f9f810c...
info|2025-10-10 02:01:17.405191|PBFT-1-0x00007f6d2d6fc700|[g:1][CONSENSUS][PBFT]checkTimeout Succ,view=66,toView=67,nodeIdx=0,changeCycle=1,myNode=064cb676...,timecost=2
info|2025-10-10 02:01:17.408165|PBFT-1-0x00007f6d2d6fc700|[g:1][CONSENSUS][PBFT]checkAndChangeView: Reach consensus,org_view=66,cur_changeCycle=1,curView=66,view=67
warning|2025-10-10 02:01:21.910416|PBFT-1-0x00007f6d2d6fc700|[g:1][CONSENSUS][PBFT]ViewChangeWarning: not caused by omit empty block ,v=67,toV=68,curNum=266,hash=128b4c6d...,nodeIdx=0,myNode=064cb676...
info|2025-10-10 02:01:21.911638|PBFT-1-0x00007f6d2d6fc700|[g:1][CONSENSUS][PBFT]checkTimeout Succ,view=67,toView=68,nodeIdx=0,changeCycle=2,myNode=064cb676...,timecost=2
info|2025-10-10 02:01:21.918910|PBFT-1-0x00007f6d2d6fc700|[g:1][CONSENSUS][PBFT]checkAndChangeView: Reach consensus,org_view=67,cur_changeCycle=2,curView=67,view=68
info|2025-10-10 02:01:22.522084|io_service-0x00007f6d47730700|[P2P][Service] heartBeat,connected count=3
info|2025-10-10 02:01:22.925941|PBFT-1-0x00007f6d2d6fc700|[g:1][CONSENSUS]addRawPrepare,height=267,reqIdx=2,hash=f85f4fb0...,time=0
info|2025-10-10 02:01:22.928212|PBFT-1-0x00007f6d2d6fc700|[g:1][CONSENSUS][PBFT]checkTimeout Succ,view=68,toView=69,nodeIdx=0,changeCycle=1,myNode=064cb676...,timecost=2
info|2025-10-10 02:01:22.931212|PBFT-1-0x00007f6d2d6fc700|[g:1][CONSENSUS][PBFT]checkAndChangeView: Reach consensus,org_view=68,cur_changeCycle=1,curView=68,view=69
info|2025-10-10 02:01:23.936962|PBFT-1-0x00007f6d2d6fc700|[g:1][CONSENSUS]addRawPrepare,height=267,reqIdx=3,hash=5e04f184...,time=0
info|2025-10-10 02:01:23.938439|PBFT-1-0x00007f6d2d6fc700|[g:1][CONSENSUS][PBFT]checkTimeout Succ,view=69,toView=70,nodeIdx=0,changeCycle=1,myNode=064cb676...,timecost=1
info|2025-10-10 02:01:23.946137|PBFT-1-0x00007f6d2d6fc700|[g:1][CONSENSUS][PBFT]checkAndChangeView: Reach consensus,org_view=69,cur_changeCycle=1,curView=69,view=70
info|2025-10-10 02:01:24.947611|PBFTSeal-1-0x00007f6d25eed700|[g:1][CONSENSUS][SEALER]++++++++++++++++ Generating seal on,blkNum=267,tx=0,nodeIdx=0,hash=f611e13f...
info|2025-10-10 02:01:24.954948|PBFT-1-0x00007f6d2d6fc700|[g:1][CONSENSUS][PBFT]checkTimeout Succ,view=70,toView=71,nodeIdx=0,changeCycle=1,myNode=064cb676...,timecost=1
info|2025-10-10 02:01:24.959669|PBFT-1-0x00007f6d2d6fc700|[g:1][CONSENSUS][PBFT]checkAndChangeView: Reach consensus,org_view=70,cur_changeCycle=1,curView=70,view=71
warning|2025-10-10 02:01:29.465024|PBFT-1-0x00007f6d2d6fc700|[g:1][CONSENSUS][PBFT]ViewChangeWarning: not caused by omit empty block ,v=71,toV=72,curNum=266,hash=128b4c6d...,nodeIdx=0,myNode=064cb676...
info|2025-10-10 02:01:29.465453|PBFT-1-0x00007f6d2d6fc700|[g:1][CONSENSUS][PBFT]checkTimeout Succ,view=71,toView=72,nodeIdx=0,changeCycle=2,myNode=064cb676...,timecost=2
info|2025-10-10 02:01:29.470948|PBFT-1-0x00007f6d2d6fc700|[g:1][CONSENSUS][PBFT]checkAndChangeView: Reach consensus,org_view=71,cur_changeCycle=2,curView=71,view=72
info|2025-10-10 02:01:30.474806|PBFT-1-0x00007f6d2d6fc700|[g:1][CONSENSUS]addRawPrepare,height=267,reqIdx=2,hash=1e44041c...,time=0
info|2025-10-10 02:01:30.477902|PBFT-1-0x00007f6d2d6fc700|[g:1][CONSENSUS][PBFT]checkTimeout Succ,view=72,toView=73,nodeIdx=0,changeCycle=1,myNode=064cb676...,timecost=3
info|2025-10-10 02:01:30.482349|PBFT-1-0x00007f6d2d6fc700|[g:1][CONSENSUS][PBFT]checkAndChangeView: Reach consensus,org_view=72,cur_changeCycle=1,curView=72,view=73
info|2025-10-10 02:01:31.485116|PBFT-1-0x00007f6d2d6fc700|[g:1][CONSENSUS]addRawPrepare,height=267,reqIdx=3,hash=1a6aa226...,time=0
info|2025-10-10 02:01:31.487664|PBFT-1-0x00007f6d2d6fc700|[g:1][CONSENSUS][PBFT]checkTimeout Succ,view=73,toView=74,nodeIdx=0,changeCycle=1,myNode=064cb676...,timecost=2
info|2025-10-10 02:01:31.491604|PBFT-1-0x00007f6d2d6fc700|[g:1][CONSENSUS][PBFT]checkAndChangeView: Reach consensus,org_view=73,cur_changeCycle=1,curView=73,view=74
info|2025-10-10 02:01:32.492946|PBFTSeal-1-0x00007f6d25eed700|[g:1][CONSENSUS][SEALER]++++++++++++++++ Generating seal on,blkNum=267,tx=0,nodeIdx=0,hash=70623639...
info|2025-10-10 02:01:32.500061|PBFT-1-0x00007f6d2d6fc700|[g:1][CONSENSUS][PBFT]checkTimeout Succ,view=74,toView=75,nodeIdx=0,changeCycle=1,myNode=064cb676...,timecost=2
info|2025-10-10 02:01:32.507910|PBFT-1-0x00007f6d2d6fc700|[g:1][CONSENSUS][PBFT]checkAndChangeView: Reach consensus,org_view=74,cur_changeCycle=1,curView=74,view=75
info|2025-10-10 02:01:32.522759|io_service-0x00007f6d47730700|[P2P][Service] heartBeat,connected count=3
warning|2025-10-10 02:01:37.017043|PBFT-1-0x00007f6d2d6fc700|[g:1][CONSENSUS][PBFT]ViewChangeWarning: not caused by omit empty block ,v=75,toV=76,curNum=266,hash=128b4c6d...,nodeIdx=0,myNode=064cb676...
info|2025-10-10 02:01:37.017546|PBFT-1-0x00007f6d2d6fc700|[g:1][CONSENSUS][PBFT]checkTimeout Succ,view=75,toView=76,nodeIdx=0,changeCycle=2,myNode=064cb676...,timecost=4
info|2025-10-10 02:01:37.020354|PBFT-1-0x00007f6d2d6fc700|[g:1][CONSENSUS][PBFT]checkAndChangeView: Reach consensus,org_view=75,cur_changeCycle=2,curView=75,view=76
info|2025-10-10 02:01:38.026425|PBFT-1-0x00007f6d2d6fc700|[g:1][CONSENSUS]addRawPrepare,height=267,reqIdx=2,hash=68a18372...,time=0
info|2025-10-10 02:01:38.027994|PBFT-1-0x00007f6d2d6fc700|[g:1][CONSENSUS][PBFT]checkTimeout Succ,view=76,toView=77,nodeIdx=0,changeCycle=1,myNode=064cb676...,timecost=2
info|2025-10-10 02:01:38.035153|PBFT-1-0x00007f6d2d6fc700|[g:1][CONSENSUS][PBFT]checkAndChangeView: Reach consensus,org_view=76,cur_changeCycle=1,curView=76,view=77
info|2025-10-10 02:01:39.042160|PBFT-1-0x00007f6d2d6fc700|[g:1][CONSENSUS]addRawPrepare,height=267,reqIdx=3,hash=ba499190...,time=0
info|2025-10-10 02:01:39.050309|PBFT-1-0x00007f6d2d6fc700|[g:1][CONSENSUS][PBFT]checkTimeout Succ,view=77,toView=78,nodeIdx=0,changeCycle=1,myNode=064cb676...,timecost=8
info|2025-10-10 02:01:39.053419|PBFT-1-0x00007f6d2d6fc700|[g:1][CONSENSUS][PBFT]checkAndChangeView: Reach consensus,org_view=77,cur_changeCycle=1,curView=77,view=78
info|2025-10-10 02:01:40.053596|PBFTSeal-1-0x00007f6d25eed700|[g:1][CONSENSUS][SEALER]++++++++++++++++ Generating seal on,blkNum=267,tx=0,nodeIdx=0,hash=81b4c77e...
info|2025-10-10 02:01:40.056764|PBFT-1-0x00007f6d2d6fc700|[g:1][CONSENSUS][PBFT]checkTimeout Succ,view=78,toView=79,nodeIdx=0,changeCycle=1,myNode=064cb676...,timecost=1
info|2025-10-10 02:01:40.065120|PBFT-1-0x00007f6d2d6fc700|[g:1][CONSENSUS][PBFT]checkAndChangeView: Reach consensus,org_view=78,cur_changeCycle=1,curView=78,view=79
info|2025-10-10 02:01:40.208680|P2P-0x00007f6d47f31700|[g:1] [SYNC][id:064cb676...][Download][Request]Receive block request,peer=374bdfe9...,from=184,to=184
info|2025-10-10 02:01:40.209013|SyncSend-1-0x00007f6d39f15700|[g:1][SYNC][id:064cb676...][Download][Request][BlockSync]Batch blocks for sending,blockSize=24480,number=184,peer=374bdfe9...,timeCost=1
info|2025-10-10 02:01:40.209172|SyncSend-1-0x00007f6d39f15700|[g:1][g:1] [SYNC][id:374bdfe9...][Download][Request][BlockSync]Send block packet,peer=374bdfe9...,blocks=1,bytes(V)=24487
info|2025-10-10 02:01:42.523815|io_service-0x00007f6d47730700|[P2P][Service] heartBeat,connected count=3
warning|2025-10-10 02:01:44.570738|PBFT-1-0x00007f6d2d6fc700|[g:1][CONSENSUS][PBFT]ViewChangeWarning: not caused by omit empty block ,v=79,toV=80,curNum=266,hash=128b4c6d...,nodeIdx=0,myNode=064cb676...
info|2025-10-10 02:01:44.570914|PBFT-1-0x00007f6d2d6fc700|[g:1][CONSENSUS][PBFT]checkTimeout Succ,view=79,toView=80,nodeIdx=0,changeCycle=2,myNode=064cb676...,timecost=1
info|2025-10-10 02:01:44.575110|PBFT-1-0x00007f6d2d6fc700|[g:1][CONSENSUS][PBFT]checkAndChangeView: Reach consensus,org_view=79,cur_changeCycle=2,curView=79,view=80
info|2025-10-10 02:01:45.582978|PBFT-1-0x00007f6d2d6fc700|[g:1][CONSENSUS]addRawPrepare,height=267,reqIdx=2,hash=0c2392b7...,time=0
info|2025-10-10 02:01:45.586801|PBFT-1-0x00007f6d2d6fc700|[g:1][CONSENSUS][PBFT]checkTimeout Succ,view=80,toView=81,nodeIdx=0,changeCycle=1,myNode=064cb676...,timecost=3
info|2025-10-10 02:01:45.590826|PBFT-1-0x00007f6d2d6fc700|[g:1][CONSENSUS][PBFT]checkAndChangeView: Reach consensus,org_view=80,cur_changeCycle=1,curView=80,view=81
info|2025-10-10 02:01:46.592509|PBFT-1-0x00007f6d2d6fc700|[g:1][CONSENSUS]addRawPrepare,height=267,reqIdx=3,hash=4653ce75...,time=0
info|2025-10-10 02:01:46.594117|PBFT-1-0x00007f6d2d6fc700|[g:1][CONSENSUS][PBFT]checkTimeout Succ,view=81,toView=82,nodeIdx=0,changeCycle=1,myNode=064cb676...,timecost=2
info|2025-10-10 02:01:46.598894|PBFT-1-0x00007f6d2d6fc700|[g:1][CONSENSUS][PBFT]checkAndChangeView: Reach consensus,org_view=81,cur_changeCycle=1,curView=81,view=82
info|2025-10-10 02:01:47.599184|PBFTSeal-1-0x00007f6d25eed700|[g:1][CONSENSUS][SEALER]++++++++++++++++ Generating seal on,blkNum=267,tx=0,nodeIdx=0,hash=7eb379af...
info|2025-10-10 02:01:47.606949|PBFT-1-0x00007f6d2d6fc700|[g:1][CONSENSUS][PBFT]checkTimeout Succ,view=82,toView=83,nodeIdx=0,changeCycle=1,myNode=064cb676...,timecost=6
info|2025-10-10 02:01:47.610425|PBFT-1-0x00007f6d2d6fc700|[g:1][CONSENSUS][PBFT]checkAndChangeView: Reach consensus,org_view=82,cur_changeCycle=1,curView=82,view=83
warning|2025-10-10 02:01:52.113055|PBFT-1-0x00007f6d2d6fc700|[g:1][CONSENSUS][PBFT]ViewChangeWarning: not caused by omit empty block ,v=83,toV=84,curNum=266,hash=128b4c6d...,nodeIdx=0,myNode=064cb676...
info|2025-10-10 02:01:52.114054|PBFT-1-0x00007f6d2d6fc700|[g:1][CONSENSUS][PBFT]checkTimeout Succ,view=83,toView=84,nodeIdx=0,changeCycle=2,myNode=064cb676...,timecost=3
info|2025-10-10 02:01:52.120643|PBFT-1-0x00007f6d2d6fc700|[g:1][CONSENSUS][PBFT]checkAndChangeView: Reach consensus,org_view=83,cur_changeCycle=2,curView=83,view=84
info|2025-10-10 02:01:52.524208|io_service-0x00007f6d47730700|[P2P][Service] heartBeat,connected count=3
info|2025-10-10 02:01:53.130131|PBFT-1-0x00007f6d2d6fc700|[g:1][CONSENSUS]addRawPrepare,height=267,reqIdx=2,hash=33891f2f...,time=2
info|2025-10-10 02:01:53.133260|PBFT-1-0x00007f6d2d6fc700|[g:1][CONSENSUS][PBFT]checkTimeout Succ,view=84,toView=85,nodeIdx=0,changeCycle=1,myNode=064cb676...,timecost=3
info|2025-10-10 02:01:53.137751|PBFT-1-0x00007f6d2d6fc700|[g:1][CONSENSUS][PBFT]checkAndChangeView: Reach consensus,org_view=84,cur_changeCycle=1,curView=84,view=85
info|2025-10-10 02:01:54.138792|PBFT-1-0x00007f6d2d6fc700|[g:1][CONSENSUS]addRawPrepare,height=267,reqIdx=3,hash=4a3c089a...,time=0
info|2025-10-10 02:01:54.141238|PBFT-1-0x00007f6d2d6fc700|[g:1][CONSENSUS][PBFT]checkTimeout Succ,view=85,toView=86,nodeIdx=0,changeCycle=1,myNode=064cb676...,timecost=2
info|2025-10-10 02:01:54.147429|PBFT-1-0x00007f6d2d6fc700|[g:1][CONSENSUS][PBFT]checkAndChangeView: Reach consensus,org_view=85,cur_changeCycle=1,curView=85,view=86
info|2025-10-10 02:01:55.149309|PBFTSeal-1-0x00007f6d25eed700|[g:1][CONSENSUS][SEALER]++++++++++++++++ Generating seal on,blkNum=267,tx=0,nodeIdx=0,hash=e33c9fe9...
info|2025-10-10 02:01:55.158269|PBFT-1-0x00007f6d2d6fc700|[g:1][CONSENSUS][PBFT]checkTimeout Succ,view=86,toView=87,nodeIdx=0,changeCycle=1,myNode=064cb676...,timecost=2
info|2025-10-10 02:01:55.162008|PBFT-1-0x00007f6d2d6fc700|[g:1][CONSENSUS][PBFT]checkAndChangeView: Reach consensus,org_view=86,cur_changeCycle=1,curView=86,view=87
warning|2025-10-10 02:01:59.670081|PBFT-1-0x00007f6d2d6fc700|[g:1][CONSENSUS][PBFT]ViewChangeWarning: not caused by omit empty block ,v=87,toV=88,curNum=266,hash=128b4c6d...,nodeIdx=0,myNode=064cb676...
info|2025-10-10 02:01:59.672565|PBFT-1-0x00007f6d2d6fc700|[g:1][CONSENSUS][PBFT]checkTimeout Succ,view=87,toView=88,nodeIdx=0,changeCycle=2,myNode=064cb676...,timecost=5
info|2025-10-10 02:01:59.677586|PBFT-1-0x00007f6d2d6fc700|[g:1][CONSENSUS][PBFT]checkAndChangeView: Reach consensus,org_view=87,cur_changeCycle=2,curView=87,view=88
info|2025-10-10 02:01:59.681238|P2P-0x00007f6d48732700|[g:1] [SYNC][id:064cb676...][Download][Request]Receive block request,peer=374bdfe9...,from=184,to=184
info|2025-10-10 02:01:59.681550|SyncSend-1-0x00007f6d39f15700|[g:1][SYNC][id:064cb676...][Download][Request][BlockSync]Batch blocks for sending,blockSize=24480,number=184,peer=374bdfe9...,timeCost=0
info|2025-10-10 02:01:59.681617|SyncSend-1-0x00007f6d39f15700|[g:1][g:1] [SYNC][id:374bdfe9...][Download][Request][BlockSync]Send block packet,peer=374bdfe9...,blocks=1,bytes(V)=24487
info|2025-10-10 02:02:00.681573|PBFT-1-0x00007f6d2d6fc700|[g:1][CONSENSUS]addRawPrepare,height=267,reqIdx=2,hash=4dd25cc7...,time=1
info|2025-10-10 02:02:00.687703|PBFT-1-0x00007f6d2d6fc700|[g:1][CONSENSUS][PBFT]checkTimeout Succ,view=88,toView=89,nodeIdx=0,changeCycle=1,myNode=064cb676...,timecost=6
info|2025-10-10 02:02:00.691350|PBFT-1-0x00007f6d2d6fc700|[g:1][CONSENSUS][PBFT]checkAndChangeView: Reach consensus,org_view=88,cur_changeCycle=1,curView=88,view=89
info|2025-10-10 02:02:01.694973|PBFT-1-0x00007f6d2d6fc700|[g:1][CONSENSUS]addRawPrepare,height=267,reqIdx=3,hash=015a8067...,time=1
info|2025-10-10 02:02:01.698072|PBFT-1-0x00007f6d2d6fc700|[g:1][CONSENSUS][PBFT]checkTimeout Succ,view=89,toView=90,nodeIdx=0,changeCycle=1,myNode=064cb676...,timecost=3
info|2025-10-10 02:02:01.700921|PBFT-1-0x00007f6d2d6fc700|[g:1][CONSENSUS][PBFT]checkAndChangeView: Reach consensus,org_view=89,cur_changeCycle=1,curView=89,view=90
info|2025-10-10 02:02:02.524700|io_service-0x00007f6d47730700|[P2P][Service] heartBeat,connected count=3
info|2025-10-10 02:02:02.702277|PBFTSeal-1-0x00007f6d25eed700|[g:1][CONSENSUS][SEALER]++++++++++++++++ Generating seal on,blkNum=267,tx=0,nodeIdx=0,hash=99baa993...
info|2025-10-10 02:02:02.709352|PBFT-1-0x00007f6d2d6fc700|[g:1][CONSENSUS][PBFT]checkTimeout Succ,view=90,toView=91,nodeIdx=0,changeCycle=1,myNode=064cb676...,timecost=2
info|2025-10-10 02:02:02.713255|PBFT-1-0x00007f6d2d6fc700|[g:1][CONSENSUS][PBFT]checkAndChangeView: Reach consensus,org_view=90,cur_changeCycle=1,curView=90,view=91
warning|2025-10-10 02:02:07.215151|PBFT-1-0x00007f6d2d6fc700|[g:1][CONSENSUS][PBFT]ViewChangeWarning: not caused by omit empty block ,v=91,toV=92,curNum=266,hash=128b4c6d...,nodeIdx=0,myNode=064cb676...
info|2025-10-10 02:02:07.215330|PBFT-1-0x00007f6d2d6fc700|[g:1][CONSENSUS][PBFT]checkTimeout Succ,view=91,toView=92,nodeIdx=0,changeCycle=2,myNode=064cb676...,timecost=2
info|2025-10-10 02:02:07.222150|PBFT-1-0x00007f6d2d6fc700|[g:1][CONSENSUS][PBFT]checkAndChangeView: Reach consensus,org_view=91,cur_changeCycle=2,curView=91,view=92
info|2025-10-10 02:02:08.228105|PBFT-1-0x00007f6d2d6fc700|[g:1][CONSENSUS]addRawPrepare,height=267,reqIdx=2,hash=11ed270b...,time=0
info|2025-10-10 02:02:08.230746|PBFT-1-0x00007f6d2d6fc700|[g:1][CONSENSUS][PBFT]checkTimeout Succ,view=92,toView=93,nodeIdx=0,changeCycle=1,myNode=064cb676...,timecost=2
info|2025-10-10 02:02:08.236913|PBFT-1-0x00007f6d2d6fc700|[g:1][CONSENSUS][PBFT]checkAndChangeView: Reach consensus,org_view=92,cur_changeCycle=1,curView=92,view=93
info|2025-10-10 02:02:09.240204|PBFT-1-0x00007f6d2d6fc700|[g:1][CONSENSUS]addRawPrepare,height=267,reqIdx=3,hash=ba730ff8...,time=0
info|2025-10-10 02:02:09.242476|PBFT-1-0x00007f6d2d6fc700|[g:1][CONSENSUS][PBFT]checkTimeout Succ,view=93,toView=94,nodeIdx=0,changeCycle=1,myNode=064cb676...,timecost=2
info|2025-10-10 02:02:09.250613|PBFT-1-0x00007f6d2d6fc700|[g:1][CONSENSUS][PBFT]checkAndChangeView: Reach consensus,org_view=93,cur_changeCycle=1,curView=93,view=94
info|2025-10-10 02:02:10.252912|PBFTSeal-1-0x00007f6d25eed700|[g:1][CONSENSUS][SEALER]++++++++++++++++ Generating seal on,blkNum=267,tx=0,nodeIdx=0,hash=5533d678...
info|2025-10-10 02:02:10.260396|PBFT-1-0x00007f6d2d6fc700|[g:1][CONSENSUS][PBFT]checkTimeout Succ,view=94,toView=95,nodeIdx=0,changeCycle=1,myNode=064cb676...,timecost=2
info|2025-10-10 02:02:10.262928|PBFT-1-0x00007f6d2d6fc700|[g:1][CONSENSUS][PBFT]checkAndChangeView: Reach consensus,org_view=94,cur_changeCycle=1,curView=94,view=95
info|2025-10-10 02:02:12.525042|io_service-0x00007f6d47730700|[P2P][Service] heartBeat,connected count=3
info|2025-10-10 02:02:12.704235|P2P-0x00007f6d49734700|[g:1] [SYNC][id:064cb676...][Download][Request]Receive block request,peer=374bdfe9...,from=184,to=184
info|2025-10-10 02:02:12.704635|SyncSend-1-0x00007f6d39f15700|[g:1][SYNC][id:064cb676...][Download][Request][BlockSync]Batch blocks for sending,blockSize=24480,number=184,peer=374bdfe9...,timeCost=0
info|2025-10-10 02:02:12.704766|SyncSend-1-0x00007f6d39f15700|[g:1][g:1] [SYNC][id:374bdfe9...][Download][Request][BlockSync]Send block packet,peer=374bdfe9...,blocks=1,bytes(V)=24487
warning|2025-10-10 02:02:14.771211|PBFT-1-0x00007f6d2d6fc700|[g:1][CONSENSUS][PBFT]ViewChangeWarning: not caused by omit empty block ,v=95,toV=96,curNum=266,hash=128b4c6d...,nodeIdx=0,myNode=064cb676...
info|2025-10-10 02:02:14.772123|PBFT-1-0x00007f6d2d6fc700|[g:1][CONSENSUS][PBFT]checkTimeout Succ,view=95,toView=96,nodeIdx=0,changeCycle=2,myNode=064cb676...,timecost=3
info|2025-10-10 02:02:14.779785|PBFT-1-0x00007f6d2d6fc700|[g:1][CONSENSUS][PBFT]checkAndChangeView: Reach consensus,org_view=95,cur_changeCycle=2,curView=95,view=96
info|2025-10-10 02:02:15.785328|PBFT-1-0x00007f6d2d6fc700|[g:1][CONSENSUS]addRawPrepare,height=267,reqIdx=2,hash=dfc26aa4...,time=0
info|2025-10-10 02:02:15.789420|PBFT-1-0x00007f6d2d6fc700|[g:1][CONSENSUS][PBFT]checkTimeout Succ,view=96,toView=97,nodeIdx=0,changeCycle=1,myNode=064cb676...,timecost=4
info|2025-10-10 02:02:15.795007|PBFT-1-0x00007f6d2d6fc700|[g:1][CONSENSUS][PBFT]checkAndChangeView: Reach consensus,org_view=96,cur_changeCycle=1,curView=96,view=97
info|2025-10-10 02:02:16.804924|PBFT-1-0x00007f6d2d6fc700|[g:1][CONSENSUS]addRawPrepare,height=267,reqIdx=3,hash=d08f3abc...,time=0
info|2025-10-10 02:02:16.808804|PBFT-1-0x00007f6d2d6fc700|[g:1][CONSENSUS][PBFT]checkTimeout Succ,view=97,toView=98,nodeIdx=0,changeCycle=1,myNode=064cb676...,timecost=3
info|2025-10-10 02:02:16.813788|PBFT-1-0x00007f6d2d6fc700|[g:1][CONSENSUS][PBFT]checkAndChangeView: Reach consensus,org_view=97,cur_changeCycle=1,curView=97,view=98
info|2025-10-10 02:02:17.814715|PBFTSeal-1-0x00007f6d25eed700|[g:1][CONSENSUS][SEALER]++++++++++++++++ Generating seal on,blkNum=267,tx=0,nodeIdx=0,hash=7fbb7e37...
info|2025-10-10 02:02:17.824257|PBFT-1-0x00007f6d2d6fc700|[g:1][CONSENSUS][PBFT]checkTimeout Succ,view=98,toView=99,nodeIdx=0,changeCycle=1,myNode=064cb676...,timecost=3
info|2025-10-10 02:02:17.830790|PBFT-1-0x00007f6d2d6fc700|[g:1][CONSENSUS][PBFT]checkAndChangeView: Reach consensus,org_view=98,cur_changeCycle=1,curView=98,view=99
info|2025-10-10 02:02:19.239184|P2P-0x00007f6d48732700|[g:1] [SYNC][id:064cb676...][Download][Request]Receive block request,peer=374bdfe9...,from=184,to=184
info|2025-10-10 02:02:19.239604|SyncSend-1-0x00007f6d39f15700|[g:1][SYNC][id:064cb676...][Download][Request][BlockSync]Batch blocks for sending,blockSize=24480,number=184,peer=374bdfe9...,timeCost=0
info|2025-10-10 02:02:19.239656|SyncSend-1-0x00007f6d39f15700|[g:1][g:1] [SYNC][id:374bdfe9...][Download][Request][BlockSync]Send block packet,peer=374bdfe9...,blocks=1,bytes(V)=24487
warning|2025-10-10 02:02:22.334709|PBFT-1-0x00007f6d2d6fc700|[g:1][CONSENSUS][PBFT]ViewChangeWarning: not caused by omit empty block ,v=99,toV=100,curNum=266,hash=128b4c6d...,nodeIdx=0,myNode=064cb676...
info|2025-10-10 02:02:22.335311|PBFT-1-0x00007f6d2d6fc700|[g:1][CONSENSUS][PBFT]checkTimeout Succ,view=99,toView=100,nodeIdx=0,changeCycle=2,myNode=064cb676...,timecost=3
info|2025-10-10 02:02:22.337864|PBFT-1-0x00007f6d2d6fc700|[g:1][CONSENSUS][PBFT]checkAndChangeView: Reach consensus,org_view=99,cur_changeCycle=2,curView=99,view=100
info|2025-10-10 02:02:22.525602|io_service-0x00007f6d47730700|[P2P][Service] heartBeat,connected count=3
info|2025-10-10 02:02:23.344981|PBFT-1-0x00007f6d2d6fc700|[g:1][CONSENSUS]addRawPrepare,height=267,reqIdx=2,hash=00e4e15c...,time=0
info|2025-10-10 02:02:23.347167|PBFT-1-0x00007f6d2d6fc700|[g:1][CONSENSUS][PBFT]checkTimeout Succ,view=100,toView=101,nodeIdx=0,changeCycle=1,myNode=064cb676...,timecost=2
info|2025-10-10 02:02:23.352461|PBFT-1-0x00007f6d2d6fc700|[g:1][CONSENSUS][PBFT]checkAndChangeView: Reach consensus,org_view=100,cur_changeCycle=1,curView=100,view=101
info|2025-10-10 02:02:24.359875|PBFT-1-0x00007f6d2d6fc700|[g:1][CONSENSUS]addRawPrepare,height=267,reqIdx=3,hash=4f1db103...,time=0
info|2025-10-10 02:02:24.362548|PBFT-1-0x00007f6d2d6fc700|[g:1][CONSENSUS][PBFT]checkTimeout Succ,view=101,toView=102,nodeIdx=0,changeCycle=1,myNode=064cb676...,timecost=3
info|2025-10-10 02:02:24.368212|PBFT-1-0x00007f6d2d6fc700|[g:1][CONSENSUS][PBFT]checkAndChangeView: Reach consensus,org_view=101,cur_changeCycle=1,curView=101,view=102
info|2025-10-10 02:02:25.368977|PBFTSeal-1-0x00007f6d25eed700|[g:1][CONSENSUS][SEALER]++++++++++++++++ Generating seal on,blkNum=267,tx=0,nodeIdx=0,hash=9214cf54...
info|2025-10-10 02:02:25.374445|PBFT-1-0x00007f6d2d6fc700|[g:1][CONSENSUS][PBFT]checkTimeout Succ,view=102,toView=103,nodeIdx=0,changeCycle=1,myNode=064cb676...,timecost=4
info|2025-10-10 02:02:25.379537|PBFT-1-0x00007f6d2d6fc700|[g:1][CONSENSUS][PBFT]checkAndChangeView: Reach consensus,org_view=102,cur_changeCycle=1,curView=102,view=103
warning|2025-10-10 02:02:29.888474|PBFT-1-0x00007f6d2d6fc700|[g:1][CONSENSUS][PBFT]ViewChangeWarning: not caused by omit empty block ,v=103,toV=104,curNum=266,hash=128b4c6d...,nodeIdx=0,myNode=064cb676...
info|2025-10-10 02:02:29.888738|PBFT-1-0x00007f6d2d6fc700|[g:1][CONSENSUS][PBFT]checkTimeout Succ,view=103,toView=104,nodeIdx=0,changeCycle=2,myNode=064cb676...,timecost=3
info|2025-10-10 02:02:29.894493|PBFT-1-0x00007f6d2d6fc700|[g:1][CONSENSUS][PBFT]checkAndChangeView: Reach consensus,org_view=103,cur_changeCycle=2,curView=103,view=104
info|2025-10-10 02:02:30.896464|PBFT-1-0x00007f6d2d6fc700|[g:1][CONSENSUS]addRawPrepare,height=267,reqIdx=2,hash=7510b9a9...,time=0
info|2025-10-10 02:02:30.899560|PBFT-1-0x00007f6d2d6fc700|[g:1][CONSENSUS][PBFT]checkTimeout Succ,view=104,toView=105,nodeIdx=0,changeCycle=1,myNode=064cb676...,timecost=3
info|2025-10-10 02:02:30.904222|PBFT-1-0x00007f6d2d6fc700|[g:1][CONSENSUS][PBFT]checkAndChangeView: Reach consensus,org_view=104,cur_changeCycle=1,curView=104,view=105
info|2025-10-10 02:02:31.907148|PBFT-1-0x00007f6d2d6fc700|[g:1][CONSENSUS]addRawPrepare,height=267,reqIdx=3,hash=c8984238...,time=0
info|2025-10-10 02:02:31.909557|PBFT-1-0x00007f6d2d6fc700|[g:1][CONSENSUS][PBFT]checkTimeout Succ,view=105,toView=106,nodeIdx=0,changeCycle=1,myNode=064cb676...,timecost=2
info|2025-10-10 02:02:31.912949|PBFT-1-0x00007f6d2d6fc700|[g:1][CONSENSUS][PBFT]checkAndChangeView: Reach consensus,org_view=105,cur_changeCycle=1,curView=105,view=106
info|2025-10-10 02:02:32.526380|io_service-0x00007f6d47730700|[P2P][Service] heartBeat,connected count=3
info|2025-10-10 02:02:32.913018|PBFTSeal-1-0x00007f6d25eed700|[g:1][CONSENSUS][SEALER]++++++++++++++++ Generating seal on,blkNum=267,tx=0,nodeIdx=0,hash=2c26728d...
info|2025-10-10 02:02:32.920958|PBFT-1-0x00007f6d2d6fc700|[g:1][CONSENSUS][PBFT]checkTimeout Succ,view=106,toView=107,nodeIdx=0,changeCycle=1,myNode=064cb676...,timecost=1
info|2025-10-10 02:02:32.932322|PBFT-1-0x00007f6d2d6fc700|[g:1][CONSENSUS][PBFT]checkAndChangeView: Reach consensus,org_view=106,cur_changeCycle=1,curView=106,view=107
warning|2025-10-10 02:02:37.439208|PBFT-1-0x00007f6d2d6fc700|[g:1][CONSENSUS][PBFT]ViewChangeWarning: not caused by omit empty block ,v=107,toV=108,curNum=266,hash=128b4c6d...,nodeIdx=0,myNode=064cb676...
info|2025-10-10 02:02:37.439304|PBFT-1-0x00007f6d2d6fc700|[g:1][CONSENSUS][PBFT]checkTimeout Succ,view=107,toView=108,nodeIdx=0,changeCycle=2,myNode=064cb676...,timecost=1
info|2025-10-10 02:02:37.444850|PBFT-1-0x00007f6d2d6fc700|[g:1][CONSENSUS][PBFT]checkAndChangeView: Reach consensus,org_view=107,cur_changeCycle=2,curView=107,view=108
info|2025-10-10 02:02:38.446380|PBFT-1-0x00007f6d2d6fc700|[g:1][CONSENSUS]addRawPrepare,height=267,reqIdx=2,hash=94b3b4d6...,time=0
info|2025-10-10 02:02:38.447535|PBFT-1-0x00007f6d2d6fc700|[g:1][CONSENSUS][PBFT]checkTimeout Succ,view=108,toView=109,nodeIdx=0,changeCycle=1,myNode=064cb676...,timecost=1
info|2025-10-10 02:02:38.454063|PBFT-1-0x00007f6d2d6fc700|[g:1][CONSENSUS][PBFT]checkAndChangeView: Reach consensus,org_view=108,cur_changeCycle=1,curView=108,view=109
info|2025-10-10 02:02:38.722241|P2P-0x00007f6d49734700|[g:1] [SYNC][id:064cb676...][Download][Request]Receive block request,peer=374bdfe9...,from=184,to=184
info|2025-10-10 02:02:38.722708|SyncSend-1-0x00007f6d39f15700|[g:1][SYNC][id:064cb676...][Download][Request][BlockSync]Batch blocks for sending,blockSize=24480,number=184,peer=374bdfe9...,timeCost=0
info|2025-10-10 02:02:38.722800|SyncSend-1-0x00007f6d39f15700|[g:1][g:1] [SYNC][id:374bdfe9...][Download][Request][BlockSync]Send block packet,peer=374bdfe9...,blocks=1,bytes(V)=24487
info|2025-10-10 02:02:39.450807|fisco-bcos-0x00007f6d4a4a9dc0|[LEDGER]stop sealer,groupID=1
info|2025-10-10 02:02:39.450905|fisco-bcos-0x00007f6d4a4a9dc0|[CONSENSUS][SEALER]Stop sealer module...
info|2025-10-10 02:02:39.460966|fisco-bcos-0x00007f6d4a4a9dc0|[CONSENSUS][ConsensusEngine][Stop ConsensusEngineBase]
info|2025-10-10 02:02:39.465353|fisco-bcos-0x00007f6d4a4a9dc0|[CONSENSUS][ConsensusEngine]ConsensusEngineBase stopped
info|2025-10-10 02:02:39.465394|fisco-bcos-0x00007f6d4a4a9dc0|[LEDGER]sealer stopped. stop sync,groupID=1
info|2025-10-10 02:02:39.468490|fisco-bcos-0x00007f6d4a4a9dc0|[g:1] [SYNC][id:064cb676...]SyncMsgEngine stopped
info|2025-10-10 02:02:39.514145|fisco-bcos-0x00007f6d4a4a9dc0|[GossipBlockStatus]stop GossipBlockStatus succ
info|2025-10-10 02:02:39.927093|fisco-bcos-0x00007f6d4a4a9dc0|[SYNC][id:064cb676...][g:1]SyncMaster stopped
info|2025-10-10 02:02:39.927132|fisco-bcos-0x00007f6d4a4a9dc0|[LEDGER]sync stopped. stop event filter manager,groupID=1
info|2025-10-10 02:02:39.927635|fisco-bcos-0x00007f6d4a4a9dc0|[EVENT][EventLogFilterManager]stop
info|2025-10-10 02:02:39.927956|fisco-bcos-0x00007f6d4a4a9dc0|[LEDGER]event filter manager stopped. stop tx pool,groupID=1
info|2025-10-10 02:02:39.929121|fisco-bcos-0x00007f6d4a4a9dc0|[LEDGER]removeNetworkStatHandlerByGroupID and removeGroupBandwidthLimiter for service,groupID=1
info|2025-10-10 02:02:39.929152|fisco-bcos-0x00007f6d4a4a9dc0|[CHANNEL]removeSDKAllowListByGroupId,groupId=1
info|2025-10-10 02:02:39.929161|fisco-bcos-0x00007f6d4a4a9dc0|[INITIALIZER]ledgerInitializer stopped
warning|2025-10-10 02:02:39.929965|ChannelServer-0x00007f6d3e71e700|[CHANNEL]Accept failed,message=Operation canceled
info|2025-10-10 02:02:40.759697|io_service-0x00007f6d47730700|[NETWORK][Session]doRead failed,endpoint=127.0.0.1:44256,message=short read (SSL routines, SSL routines)
info|2025-10-10 02:02:40.759751|io_service-0x00007f6d47730700|[NETWORK][Session]drop, call and erase all callbackFunc of the session!,endpoint=127.0.0.1:44256
info|2025-10-10 02:02:40.759779|io_service-0x00007f6d47730700|[NETWORK][Session][drop] closing remote 127.0.0.1:44256,reason=Low-level TCP communication failed.,endpoint=127.0.0.1:44256
info|2025-10-10 02:02:40.759896|io_service-0x00007f6d47730700|[NETWORK][Session]Session inactive
info|2025-10-10 02:02:40.759904|io_service-0x00007f6d47730700|[NETWORK][Session]Session inactive
info|2025-10-10 02:02:40.759909|io_service-0x00007f6d47730700|[NETWORK][Session][drop] shutdown failed ,code=9,message=Bad file descriptor
info|2025-10-10 02:02:40.760060|P2P-0x00007f6d48732700|[P2P][Service] disconnect inactive P2PSession,nodeID=73994dae...,endpoint=127.0.0.1:44256,code=3,what=Disconnect
info|2025-10-10 02:02:40.760081|P2P-0x00007f6d48732700|[P2P][Service] onDisconnect,code=3,what=Dynamic exception type: dev::network::NetworkException
std::exception::what: Disconnect
info|2025-10-10 02:02:40.932838|fisco-bcos-0x00007f6d4a4a9dc0|[INITIALIZER]ChannelRPCHttpServer deleted.
info|2025-10-10 02:02:40.936386|fisco-bcos-0x00007f6d4a4a9dc0|[INITIALIZER]JsonrpcHttpServer deleted.
info|2025-10-10 02:02:40.936434|fisco-bcos-0x00007f6d4a4a9dc0|[INITIALIZER]RPCInitializer stopped
info|2025-10-10 02:02:40.936486|io_service-0x00007f6d47730700|[NETWORK][Host]Host exit
info|2025-10-10 02:02:41.138962|fisco-bcos-0x00007f6d4a4a9dc0|[INITIALIZER]P2PInitializer stopped
info|2025-10-10 02:02:41.138989|fisco-bcos-0x00007f6d4a4a9dc0|[LEDGER]stop sealer,groupID=1
info|2025-10-10 02:02:41.139036|fisco-bcos-0x00007f6d4a4a9dc0|[LEDGER]sealer stopped. stop sync,groupID=1
info|2025-10-10 02:02:41.139049|fisco-bcos-0x00007f6d4a4a9dc0|[g:1] [SYNC][id:064cb676...]SyncMsgEngine stopped
info|2025-10-10 02:02:41.139059|fisco-bcos-0x00007f6d4a4a9dc0|[GossipBlockStatus]GossipBlockStatus already stopped
info|2025-10-10 02:02:41.139068|fisco-bcos-0x00007f6d4a4a9dc0|[SYNC][id:064cb676...][g:1]SyncMaster stopped
info|2025-10-10 02:02:41.139073|fisco-bcos-0x00007f6d4a4a9dc0|[LEDGER]sync stopped. stop event filter manager,groupID=1
info|2025-10-10 02:02:41.139077|fisco-bcos-0x00007f6d4a4a9dc0|[LEDGER]event filter manager stopped. stop tx pool,groupID=1
info|2025-10-10 02:02:41.139085|fisco-bcos-0x00007f6d4a4a9dc0|[LEDGER]removeNetworkStatHandlerByGroupID and removeGroupBandwidthLimiter for service,groupID=1
info|2025-10-10 02:02:41.139097|fisco-bcos-0x00007f6d4a4a9dc0|[g:1][STORAGE][CachedStorage]Stopping flushStorage thread
info|2025-10-10 02:02:41.406078|fisco-bcos-0x00007f6d4a4a9dc0|[g:1][STORAGE][CachedStorage]flushStorage thread stopped.
info|2025-10-10 02:02:41.406118|fisco-bcos-0x00007f6d4a4a9dc0|[DBINITIALIZER] storage stopped
info|2025-10-10 02:02:41.701576|fisco-bcos-0x00007f6d4a4a9dc0|[g:1] [SYNC][id:064cb676...]SyncMsgEngine stopped
info|2025-10-10 02:02:41.701629|fisco-bcos-0x00007f6d4a4a9dc0|[GossipBlockStatus]GossipBlockStatus already stopped
info|2025-10-10 02:02:41.701635|fisco-bcos-0x00007f6d4a4a9dc0|[SYNC][id:064cb676...][g:1]SyncMaster stopped
info|2025-10-10 02:02:41.701653|fisco-bcos-0x00007f6d4a4a9dc0|[g:1] [SYNC][id:064cb676...]SyncMsgEngine stopped
