info|2025-10-10 20:51:20.643400|fisco-bcos-0x00007fb2a8bdbdc0|[INITIALIZER][initGlobalConfig],enableCompress=true,compatibilityVersion=2.11.0,versionNumber=34275328,enableStat=false,chainId=1,useSMCrypto=true,IgnoreObserverWriteRequest=false
info|2025-10-10 20:51:20.644363|fisco-bcos-0x00007fb2a8bdbdc0|[INITIALIZER][SecureInitializerGM]get pub of node,nodeID=064cb676a36047a4b52ecbf9c01664b1e987d91b438110ba6a12d96972726622e824d295b1de8b0298b5afe7bbbc0bd04a3890e1a36eae028c1cfbe07971b995
info|2025-10-10 20:51:20.650839|fisco-bcos-0x00007fb2a8bdbdc0|[NETWORK][Host]Connecting to node,endpoint=127.0.0.1:30300
info|2025-10-10 20:51:20.650951|fisco-bcos-0x00007fb2a8bdbdc0|[NETWORK][Host]Connecting to node,endpoint=127.0.0.1:30301
info|2025-10-10 20:51:20.651026|fisco-bcos-0x00007fb2a8bdbdc0|[NETWORK][Host]Connecting to node,endpoint=127.0.0.1:30302
info|2025-10-10 20:51:20.651074|fisco-bcos-0x00007fb2a8bdbdc0|[NETWORK][Host]Connecting to node,endpoint=127.0.0.1:30303
info|2025-10-10 20:51:20.651122|fisco-bcos-0x00007fb2a8bdbdc0|[P2P][Service] heartBeat,connected count=0
info|2025-10-10 20:51:20.651153|fisco-bcos-0x00007fb2a8bdbdc0|[INITIALIZER][RPCInitializer],network_security.check_cert_issuer=true
info|2025-10-10 20:51:20.651928|fisco-bcos-0x00007fb2a8bdbdc0|[CHANNEL][ChannelServer::run],threadPoolSize=8
info|2025-10-10 20:51:20.651996|fisco-bcos-0x00007fb2a8bdbdc0|[CHANNEL]ChannelRPCServer started
info|2025-10-10 20:51:20.652005|fisco-bcos-0x00007fb2a8bdbdc0|[INITIALIZER][RPCInitializer: ChannelRPCHttpServer started.],disableDynamicGroup=false,uncheckGroupMember=false,threadSize=8
info|2025-10-10 20:51:20.652015|fisco-bcos-0x00007fb2a8bdbdc0|[INITIALIZER][LedgerInitializer]initConfig
info|2025-10-10 20:51:20.652035|fisco-bcos-0x00007fb2a8bdbdc0|[LedgerInitializer],groupConfigPath=conf/
info|2025-10-10 20:51:20.652263|fisco-bcos-0x00007fb2a8bdbdc0|[INITIALIZER][initSingleLedger] [GroupId], LedgerConstructor:  1,configFileName=conf/group.1.genesis,dataDir=data/
info|2025-10-10 20:51:20.652358|fisco-bcos-0x00007fb2a8bdbdc0|[g:1][LedgerParam][parseGenesisConfig]initConsensusConfig/initStorageConfig/initTxConfig,configFile=conf/group.1.genesis
info|2025-10-10 20:51:20.652376|fisco-bcos-0x00007fb2a8bdbdc0|[g:1][LedgerParam][initConsensusConfig],type=pbft,consensusTimeout=3,maxTxNum=1000,txGasLimit=300000000
info|2025-10-10 20:51:20.652401|fisco-bcos-0x00007fb2a8bdbdc0|[g:1][LedgerParam][parsePublicKeyListOfSection],sectionName=consensus,it.first=73994dae9e8b8da733108a4153dfe79151d701dff425f84c87b5324e8ebd02ab6a0ebc9e4f1e0298a7ddca50f94a8f95c62b6997226d571e470e8f2b0600634a
info|2025-10-10 20:51:20.652419|fisco-bcos-0x00007fb2a8bdbdc0|[g:1][LedgerParam][parsePublicKeyListOfSection],sectionName=consensus,it.first=374bdfe969e1d8ea1200ade93e5d8cf1a7d5741f238011004b0f43ca818706f194b2f067e1708125f7ffc536610b9a72addbd56b238d65f18912be39037ffcc5
info|2025-10-10 20:51:20.652437|fisco-bcos-0x00007fb2a8bdbdc0|[g:1][LedgerParam][parsePublicKeyListOfSection],sectionName=consensus,it.first=87d00b98321fc70a5abc85ad9e80db10cce315194133697bf74aace1d3f8430957a766240f751752708f4282f46110d6ea56c3eb5d1c02ce98a66f327f595270
info|2025-10-10 20:51:20.652463|fisco-bcos-0x00007fb2a8bdbdc0|[g:1][LedgerParam][parsePublicKeyListOfSection],sectionName=consensus,it.first=064cb676a36047a4b52ecbf9c01664b1e987d91b438110ba6a12d96972726622e824d295b1de8b0298b5afe7bbbc0bd04a3890e1a36eae028c1cfbe07971b995
info|2025-10-10 20:51:20.652470|fisco-bcos-0x00007fb2a8bdbdc0|[g:1][LedgerParam][parsePublicKeyListOfSection],totalPubKeySize=4
info|2025-10-10 20:51:20.652501|fisco-bcos-0x00007fb2a8bdbdc0|[g:1][LedgerParam][max_block_range],maxBlockRange=0,maxBlockPerProcess=3
info|2025-10-10 20:51:20.652510|fisco-bcos-0x00007fb2a8bdbdc0|[g:1][LedgerParam][parseGenesisConfig],timestamp=1759762229000
info|2025-10-10 20:51:20.652522|fisco-bcos-0x00007fb2a8bdbdc0|[g:1][LedgerParam]setEVMFlags,enableFreeStorageVMSchedule=false,evmFlags=0
info|2025-10-10 20:51:20.652538|fisco-bcos-0x00007fb2a8bdbdc0|[g:1][LedgerParam]store evmFlag,evmFlag=0
info|2025-10-10 20:51:20.652672|fisco-bcos-0x00007fb2a8bdbdc0|[g:1][LedgerParam]store consensus time,consensusTimeout=3
info|2025-10-10 20:51:20.652686|fisco-bcos-0x00007fb2a8bdbdc0|[g:1][LedgerParam][initMark],genesisMark=1-064cb676a36047a4b52ecbf9c01664b1e987d91b438110ba6a12d96972726622e824d295b1de8b0298b5afe7bbbc0bd04a3890e1a36eae028c1cfbe07971b995,374bdfe969e1d8ea1200ade93e5d8cf1a7d5741f238011004b0f43ca818706f194b2f067e1708125f7ffc536610b9a72addbd56b238d65f18912be39037ffcc5,73994dae9e8b8da733108a4153dfe79151d701dff425f84c87b5324e8ebd02ab6a0ebc9e4f1e0298a7ddca50f94a8f95c62b6997226d571e470e8f2b0600634a,87d00b98321fc70a5abc85ad9e80db10cce315194133697bf74aace1d3f8430957a766240f751752708f4282f46110d6ea56c3eb5d1c02ce98a66f327f595270,-pbft-storage-0-1000-300000000-3
info|2025-10-10 20:51:20.652711|fisco-bcos-0x00007fb2a8bdbdc0|[g:1][LedgerParam][initIniConfig]initTxPoolConfig/initSyncConfig/initTxExecuteConfig,configFile=conf/group.1.ini
info|2025-10-10 20:51:20.652849|fisco-bcos-0x00007fb2a8bdbdc0|[g:1][LedgerParam][initStorageConfig],stateType=storage,storageDB=rocksdb,storagePath=data//group1/block/RocksDB,baseDir=data//group1,dbtype=mysql,dbip=127.0.0.1,dbport=3306,dbcharset=utf8mb4,initconnections=15,maxconnections=50,scrollThreshold=2000,enableReconfirmCommittee=false
info|2025-10-10 20:51:20.652863|fisco-bcos-0x00007fb2a8bdbdc0|[g:1][LedgerParam][initTxPoolConfig],txPoolLimit=150000,memorySizeLimit(MB)=512,notifyWorkerNum=2,txsExpirationTime(ms)=600000
info|2025-10-10 20:51:20.652870|fisco-bcos-0x00007fb2a8bdbdc0|[g:1][LedgerParam][initSyncConfig],idleWaitMs=200
info|2025-10-10 20:51:20.652877|fisco-bcos-0x00007fb2a8bdbdc0|[g:1][LedgerParam][initSyncConfig],enableSendTxsByTree=true,enableSendBlockStatusByTree=true
info|2025-10-10 20:51:20.652883|fisco-bcos-0x00007fb2a8bdbdc0|[g:1][LedgerParam][initSyncConfig],gossipInterval=1000
info|2025-10-10 20:51:20.652893|fisco-bcos-0x00007fb2a8bdbdc0|[g:1][LedgerParam][initSyncConfig],enableSendBlockStatusByTree=true,gossipInterval=1000,gossipPeers=3,syncTreeWidth=3,maxQueueSizeForBlockSync=536870912,txsStatusGossipMaxPeers=5,syncInfoPrintInterval=10,freeNodeRead=false
info|2025-10-10 20:51:20.652899|fisco-bcos-0x00007fb2a8bdbdc0|[g:1][LedgerParam][InitTxExecuteConfig],enableParallel=true
info|2025-10-10 20:51:20.652923|fisco-bcos-0x00007fb2a8bdbdc0|[g:1][LedgerParam][initConsensusIniConfig],maxTTL=2,minBlockGenerationTime=500,enablDynamicBlockSize=true,blockSizeIncreaseRatio=0.5,enableTTLOptimize=true,enablePrepareWithTxsHash=true
info|2025-10-10 20:51:20.652947|fisco-bcos-0x00007fb2a8bdbdc0|[g:1][LedgerParam][initRPBFTConsensusIniConfig],broadcastPrepareByTree=true,prepareStatusBroadcastPercent=33,maxRequestMissedTxsWaitTime=100,maxRequestPrepareWaitTime=100
info|2025-10-10 20:51:20.652953|fisco-bcos-0x00007fb2a8bdbdc0|[g:1][LedgerParam][initFlowControlConfig],maxQPS=9223372036854775807,outGoingBandwidth(Bytes)=9223372036854775807
info|2025-10-10 20:51:20.652957|fisco-bcos-0x00007fb2a8bdbdc0|[g:1][LedgerParam]parseSDKAllowList,sdkAllowList=[],enableSDKAllowListControl=false
info|2025-10-10 20:51:20.652972|fisco-bcos-0x00007fb2a8bdbdc0|[g:1][LEDGER][initLedger][DBInitializer]
info|2025-10-10 20:51:20.652975|fisco-bcos-0x00007fb2a8bdbdc0|[g:1][LEDGER]setSDKAllowList,groupId=1,sdkAllowListSize=0
info|2025-10-10 20:51:20.652979|fisco-bcos-0x00007fb2a8bdbdc0|[g:1][CHANNEL]registerSDKAllowListByGroupId,groupId=1,size=0
info|2025-10-10 20:51:20.652983|fisco-bcos-0x00007fb2a8bdbdc0|[g:1][CHANNEL]Disable group-level sdk permission control for sdk allowlist is empty
info|2025-10-10 20:51:20.652996|fisco-bcos-0x00007fb2a8bdbdc0|[g:1][DBINITIALIZER] [initStorageDB]
info|2025-10-10 20:51:20.653001|fisco-bcos-0x00007fb2a8bdbdc0|[g:1][DBINITIALIZER] [initRocksDBStorage]
info|2025-10-10 20:51:20.653027|fisco-bcos-0x00007fb2a8bdbdc0|[g:1][ROCKSDB]open rocksDB handler,path=data//group1/block/RocksDB
info|2025-10-10 20:51:20.658714|io_service-0x00007fb2a5e62700|[NETWORK][Host]P2P StartAccept,Host=0.0.0.0:30303
info|2025-10-10 20:51:20.662480|io_service-0x00007fb2a5e62700|[NETWORK][ASIO]asyncResolveConnect,endpoint=127.0.0.1:30300
info|2025-10-10 20:51:20.671216|io_service-0x00007fb2a5e62700|[NETWORK][ASIO]asyncResolveConnect,endpoint=127.0.0.1:30301
info|2025-10-10 20:51:20.671700|io_service-0x00007fb2a5e62700|[NETWORK][ASIO]asyncResolveConnect,endpoint=127.0.0.1:30302
info|2025-10-10 20:51:20.671852|io_service-0x00007fb2a5e62700|[NETWORK][ASIO]asyncResolveConnect,endpoint=127.0.0.1:30303
info|2025-10-10 20:51:20.671884|io_service-0x00007fb2a5e62700|[NETWORK][Host]P2P Recv Connect, From=127.0.0.1:59812
info|2025-10-10 20:51:20.672003|io_service-0x00007fb2a5e62700|[NETWORK][Host]P2P StartAccept,Host=0.0.0.0:30303
info|2025-10-10 20:51:20.698308|io_service-0x00007fb2a5e62700|[NETWORK][Host]P2P Recv Connect, From=127.0.0.1:59824
info|2025-10-10 20:51:20.698402|io_service-0x00007fb2a5e62700|[NETWORK][Host]P2P StartAccept,Host=0.0.0.0:30303
info|2025-10-10 20:51:20.702601|io_service-0x00007fb2a5e62700|[NETWORK][Host]P2P Recv Connect, From=127.0.0.1:59836
info|2025-10-10 20:51:20.702684|io_service-0x00007fb2a5e62700|[NETWORK][Host]P2P StartAccept,Host=0.0.0.0:30303
info|2025-10-10 20:51:20.750475|fisco-bcos-0x00007fb2a8bdbdc0|[g:1][g:1][STORAGE][CachedStorage]Init flushStorage thread
info|2025-10-10 20:51:20.750641|fisco-bcos-0x00007fb2a8bdbdc0|[g:1][DBINITIALIZER] [init CachedStorage],maxCapacity=32,maxForwardBlock=10
info|2025-10-10 20:51:20.750675|fisco-bcos-0x00007fb2a8bdbdc0|[g:1][LEDGER][initLedger][initBlockChain]
info|2025-10-10 20:51:20.750904|fisco-bcos-0x00007fb2a8bdbdc0|[g:1][LEDGER]set enableHexBlock to be false,version=34275328
info|2025-10-10 20:51:20.750948|fisco-bcos-0x00007fb2a8bdbdc0|[g:1][BLOCKCHAIN][#checkAndBuildGenesisBlock],shouldBuild=false
info|2025-10-10 20:51:20.751399|fisco-bcos-0x00007fb2a8bdbdc0|[g:1][BLOCKCHAIN][#checkAndBuildGenesisBlock]Already have the 0th block, 0th groupMark is equal to file groupMark.
info|2025-10-10 20:51:20.751427|fisco-bcos-0x00007fb2a8bdbdc0|[g:1][LEDGER][initLedger]initBlockChain SUCC
info|2025-10-10 20:51:20.751468|fisco-bcos-0x00007fb2a8bdbdc0|[g:1][DBINITIALIZER] [createStateFactory],type=storage
info|2025-10-10 20:51:20.751475|fisco-bcos-0x00007fb2a8bdbdc0|[g:1][DBINITIALIZER] createStorageState SUCC
info|2025-10-10 20:51:20.751478|fisco-bcos-0x00007fb2a8bdbdc0|[g:1][DBINITIALIZER] [createStateFactory SUCC]
info|2025-10-10 20:51:20.751481|fisco-bcos-0x00007fb2a8bdbdc0|[g:1][DBINITIALIZER] createExecutiveContext...
info|2025-10-10 20:51:20.751498|fisco-bcos-0x00007fb2a8bdbdc0|[g:1][LEDGER]createGasMetric,vmFlagType=0
info|2025-10-10 20:51:20.751502|fisco-bcos-0x00007fb2a8bdbdc0|[g:1][LEDGER]createGasMetric
info|2025-10-10 20:51:20.751509|fisco-bcos-0x00007fb2a8bdbdc0|[g:1][DBINITIALIZER] create precompiledGasFactory and precompiledResultFactory
info|2025-10-10 20:51:20.751514|fisco-bcos-0x00007fb2a8bdbdc0|[g:1][DBINITIALIZER] createExecutiveContext SUCC
info|2025-10-10 20:51:20.751519|fisco-bcos-0x00007fb2a8bdbdc0|[g:1][DBINITIALIZER] [setSyncNumForCachedStorage],syncNum=393
info|2025-10-10 20:51:20.751525|fisco-bcos-0x00007fb2a8bdbdc0|[g:1][LEDGER][initNetworkBandWidthLimiter: outGoingBandwidthLimit has been disabled],groupId=1
info|2025-10-10 20:51:20.751530|fisco-bcos-0x00007fb2a8bdbdc0|[g:1][LEDGER][QPSLimit has been disabled],groupId=1
info|2025-10-10 20:51:20.751533|fisco-bcos-0x00007fb2a8bdbdc0|[g:1][LEDGER][initLedger][initBlockVerifier]
info|2025-10-10 20:51:20.751541|fisco-bcos-0x00007fb2a8bdbdc0|[g:1][LEDGER][initLedger][initBlockVerifier SUCC],evmFlags=0
info|2025-10-10 20:51:20.751545|fisco-bcos-0x00007fb2a8bdbdc0|[g:1][LEDGER][initLedger][initTxPool],txPoolLimit=150000
info|2025-10-10 20:51:20.855673|fisco-bcos-0x00007fb2a8bdbdc0|[g:1][LEDGER][initLedger]initTxPool SUCC
info|2025-10-10 20:51:20.855716|fisco-bcos-0x00007fb2a8bdbdc0|[g:1][LEDGER][initLedger][initSync],idleWaitMs=200,gossipInterval=1000,gossipPeers=3
info|2025-10-10 20:51:20.855724|fisco-bcos-0x00007fb2a8bdbdc0|[g:1][LEDGER]Init sync master,enableSendBlockStatusByTree=true,enableSendTxsByTree=true
info|2025-10-10 20:51:20.856621|fisco-bcos-0x00007fb2a8bdbdc0|[g:1][LEDGER][initLedger]initSync SUCC
info|2025-10-10 20:51:20.856655|fisco-bcos-0x00007fb2a8bdbdc0|[g:1][LEDGER][initLedger][consensusInitFactory]
info|2025-10-10 20:51:20.856661|fisco-bcos-0x00007fb2a8bdbdc0|[g:1][LEDGER][initLedger][createPBFTSealer]
info|2025-10-10 20:51:20.856665|fisco-bcos-0x00007fb2a8bdbdc0|[g:1][LEDGER][initLedger][createPBFTSealer],baseDir=data//group1,Protocol=65544
info|2025-10-10 20:51:20.856724|fisco-bcos-0x00007fb2a8bdbdc0|[g:1][LEDGER][initLedger]createPBFTSealer for PBFT or rPBFT,consensusType=pbft
info|2025-10-10 20:51:20.856731|fisco-bcos-0x00007fb2a8bdbdc0|[g:1][LEDGER]createConsensusEngine: create PBFTEngine
info|2025-10-10 20:51:20.856741|fisco-bcos-0x00007fb2a8bdbdc0|[g:1][CONSENSUS][PBFT]Register handler for PBFTEngine
info|2025-10-10 20:51:20.857333|fisco-bcos-0x00007fb2a8bdbdc0|[g:1][CONSENSUS][PBFT]setMinBlockGenerationTime,minBlockGenerationTime=500,consensusTime=1000
info|2025-10-10 20:51:20.857366|fisco-bcos-0x00007fb2a8bdbdc0|[g:1][LEDGER][initEventLogFilterManager]initEventLogFilterManager SUCC
info|2025-10-10 20:51:20.857376|fisco-bcos-0x00007fb2a8bdbdc0|[LedgerInitializer init group succ],groupID=1
info|2025-10-10 20:51:20.857559|fisco-bcos-0x00007fb2a8bdbdc0|[SafeHttpServer::StartListening]use default epoll
info|2025-10-10 20:51:20.857904|fisco-bcos-0x00007fb2a8bdbdc0|[INITIALIZER][RPCInitializer JsonrpcHttpServer started],jsonrpc_IP=127.0.0.1,jsonrpc_listen_port=8548,jsonrpc_thread_count=8,ipv6=false,disableDynamicGroup=false,uncheckGroupMember=false
info|2025-10-10 20:51:20.857957|fisco-bcos-0x00007fb2a8bdbdc0|[g:1][LEDGER]startAll...
info|2025-10-10 20:51:20.875831|io_service-0x00007fb2a5e62700|[NETWORK][Host]handshakeClient succ,local endpoint=127.0.0.1:50392
info|2025-10-10 20:51:20.878210|fisco-bcos-0x00007fb2a8bdbdc0|[g:1][GossipBlockStatus]start GossipBlockStatus succ
info|2025-10-10 20:51:20.878266|fisco-bcos-0x00007fb2a8bdbdc0|[g:1][CONSENSUS][ConsensusEngine][Start ConsensusEngineBase]
info|2025-10-10 20:51:20.884366|P2P-0x00007fb2a6e64700|[P2P][Service] Connection established,nodeID=87d00b98...,endpoint=127.0.0.1:30302
info|2025-10-10 20:51:20.884741|io_service-0x00007fb2a5e62700|[NETWORK][Host]startPeerSession, Remote=127.0.0.1:30302,local endpoint=127.0.0.1:50392,nodeID=87d00b98...
info|2025-10-10 20:51:20.885590|io_service-0x00007fb2a5e62700|[NETWORK][Host]handshakeServer succ,remote endpoint=127.0.0.1:59812
info|2025-10-10 20:51:20.886377|P2P-0x00007fb2a6663700|[P2P][Service] Connection established,nodeID=73994dae...,endpoint=127.0.0.1:59812
info|2025-10-10 20:51:20.886511|io_service-0x00007fb2a5e62700|[NETWORK][Host]startPeerSession, Remote=127.0.0.1:59812,local endpoint=127.0.0.1:30303,nodeID=73994dae...
info|2025-10-10 20:51:20.887417|io_service-0x00007fb2a5e62700|[NETWORK][Host]handshakeServer succ,remote endpoint=127.0.0.1:59824
info|2025-10-10 20:51:20.888110|io_service-0x00007fb2a5e62700|[NETWORK][Host]startPeerSession, Remote=127.0.0.1:59824,local endpoint=127.0.0.1:30303,nodeID=064cb676...
info|2025-10-10 20:51:20.896295|fisco-bcos-0x00007fb2a8bdbdc0|[g:1][CONSENSUS][PBFT]^^^^^^^^Report,num=393,sealerIdx=2,hash=b1cfca47...,next=394,tx=1,nodeIdx=0
info|2025-10-10 20:51:20.896361|fisco-bcos-0x00007fb2a8bdbdc0|[g:1][ROCKSDB]open rocksDB handler,path=data//group1/pbftMsgBackup/RocksDB
info|2025-10-10 20:51:20.910455|io_service-0x00007fb2a5e62700|[NETWORK][Host]handshakeClient succ,local endpoint=127.0.0.1:59824
info|2025-10-10 20:51:20.910545|io_service-0x00007fb2a5e62700|[NETWORK][Host]startPeerSession, Remote=127.0.0.1:30303,local endpoint=127.0.0.1:59824,nodeID=064cb676...
info|2025-10-10 20:51:20.911083|io_service-0x00007fb2a5e62700|[NETWORK][Host]handshakeClient succ,local endpoint=127.0.0.1:55440
info|2025-10-10 20:51:20.911146|io_service-0x00007fb2a5e62700|[NETWORK][Host]startPeerSession, Remote=127.0.0.1:30301,local endpoint=127.0.0.1:55440,nodeID=374bdfe9...
info|2025-10-10 20:51:20.911223|P2P-0x00007fb2a6e64700|[P2P][Service] Connection established,nodeID=374bdfe9...,endpoint=127.0.0.1:30301
info|2025-10-10 20:51:20.911238|io_service-0x00007fb2a5e62700|[NETWORK][Host]handshakeClient succ,local endpoint=127.0.0.1:45596
info|2025-10-10 20:51:20.911268|io_service-0x00007fb2a5e62700|[NETWORK][Host]startPeerSession, Remote=127.0.0.1:30300,local endpoint=127.0.0.1:45596,nodeID=73994dae...
info|2025-10-10 20:51:20.911292|io_service-0x00007fb2a5e62700|[NETWORK][Host]handshakeServer succ,remote endpoint=127.0.0.1:59836
info|2025-10-10 20:51:20.911379|io_service-0x00007fb2a5e62700|[NETWORK][Host]startPeerSession, Remote=127.0.0.1:59836,local endpoint=127.0.0.1:30303,nodeID=374bdfe9...
info|2025-10-10 20:51:20.917470|alignTime-1-0x00007fb296643700|[g:1][NodeTimeMaintenance]updateTimeInfo: update median time offset,updatedMedianTimeOffset=-6,peer=73994dae...,peerTime=1760154680911,peerOffset=-6,utcTime=1760154680917
info|2025-10-10 20:51:20.920609|alignTime-1-0x00007fb296643700|[g:1][NodeTimeMaintenance]updateTimeInfo: update median time offset,updatedMedianTimeOffset=-3,peer=374bdfe9...,peerTime=1760154680919,peerOffset=-1,utcTime=1760154680920
info|2025-10-10 20:51:20.930826|fisco-bcos-0x00007fb2a8bdbdc0|[g:1][CONSENSUS][PBFT][PBFT init env successfully]
info|2025-10-10 20:51:20.930883|fisco-bcos-0x00007fb2a8bdbdc0|[g:1][CONSENSUS][PBFT][Start PBFTEngine...]
info|2025-10-10 20:51:20.930892|fisco-bcos-0x00007fb2a8bdbdc0|[g:1][CONSENSUS][SEALER][Start sealer module]
info|2025-10-10 20:51:20.934008|P2P-0x00007fb2a6663700|[g:1] [SYNC][id:064cb676...][Download][Request]Receive block request,peer=374bdfe9...,from=192,to=199
info|2025-10-10 20:51:20.934323|fisco-bcos-0x00007fb2a8bdbdc0|[g:1][EVENT][EventLogFilterManager]start,m_maxBlockRange=0,m_maxBlockPerLoopFilter=3
info|2025-10-10 20:51:20.935193|SyncSend-1-0x00007fb298647700|[g:1][SYNC][id:064cb676...][Download][Request][BlockSync]Batch blocks for sending,blockSize=1796,number=192,peer=374bdfe9...,timeCost=1
info|2025-10-10 20:51:20.935528|SyncSend-1-0x00007fb298647700|[g:1][SYNC][id:064cb676...][Download][Request][BlockSync]Batch blocks for sending,blockSize=3726,number=193,peer=374bdfe9...,timeCost=0
info|2025-10-10 20:51:20.935799|SyncSend-1-0x00007fb298647700|[g:1][SYNC][id:064cb676...][Download][Request][BlockSync]Batch blocks for sending,blockSize=1795,number=194,peer=374bdfe9...,timeCost=0
info|2025-10-10 20:51:20.936035|SyncSend-1-0x00007fb298647700|[g:1][SYNC][id:064cb676...][Download][Request][BlockSync]Batch blocks for sending,blockSize=3727,number=195,peer=374bdfe9...,timeCost=1
info|2025-10-10 20:51:20.936358|SyncSend-1-0x00007fb298647700|[g:1][SYNC][id:064cb676...][Download][Request][BlockSync]Batch blocks for sending,blockSize=1796,number=196,peer=374bdfe9...,timeCost=0
info|2025-10-10 20:51:20.936610|SyncSend-1-0x00007fb298647700|[g:1][SYNC][id:064cb676...][Download][Request][BlockSync]Batch blocks for sending,blockSize=3726,number=197,peer=374bdfe9...,timeCost=0
info|2025-10-10 20:51:20.937976|SyncSend-1-0x00007fb298647700|[g:1][SYNC][id:064cb676...][Download][Request][BlockSync]Batch blocks for sending,blockSize=1796,number=198,peer=374bdfe9...,timeCost=1
info|2025-10-10 20:51:20.938323|SyncSend-1-0x00007fb298647700|[g:1][SYNC][id:064cb676...][Download][Request][BlockSync]Batch blocks for sending,blockSize=4182,number=199,peer=374bdfe9...,timeCost=1
info|2025-10-10 20:51:20.938541|SyncSend-1-0x00007fb298647700|[g:1][g:1] [SYNC][id:374bdfe9...][Download][Request][BlockSync]Send block packet,peer=374bdfe9...,blocks=8,bytes(V)=22572
info|2025-10-10 20:51:20.939319|P2P-0x00007fb2a6e64700|[g:1] [SYNC][id:064cb676...][Download][Request]Receive block request,peer=374bdfe9...,from=200,to=207
info|2025-10-10 20:51:20.942519|SyncSend-1-0x00007fb298647700|[g:1][SYNC][id:064cb676...][Download][Request][BlockSync]Batch blocks for sending,blockSize=1797,number=200,peer=374bdfe9...,timeCost=2
info|2025-10-10 20:51:20.942681|SyncSend-1-0x00007fb298647700|[g:1][SYNC][id:064cb676...][Download][Request][BlockSync]Batch blocks for sending,blockSize=3660,number=201,peer=374bdfe9...,timeCost=0
info|2025-10-10 20:51:20.942818|SyncSend-1-0x00007fb298647700|[g:1][SYNC][id:064cb676...][Download][Request][BlockSync]Batch blocks for sending,blockSize=1980,number=202,peer=374bdfe9...,timeCost=0
info|2025-10-10 20:51:20.942971|SyncSend-1-0x00007fb298647700|[g:1][SYNC][id:064cb676...][Download][Request][BlockSync]Batch blocks for sending,blockSize=3647,number=203,peer=374bdfe9...,timeCost=0
info|2025-10-10 20:51:20.943108|SyncSend-1-0x00007fb298647700|[g:1][SYNC][id:064cb676...][Download][Request][BlockSync]Batch blocks for sending,blockSize=3647,number=204,peer=374bdfe9...,timeCost=1
info|2025-10-10 20:51:20.943249|SyncSend-1-0x00007fb298647700|[g:1][SYNC][id:064cb676...][Download][Request][BlockSync]Batch blocks for sending,blockSize=1980,number=205,peer=374bdfe9...,timeCost=0
info|2025-10-10 20:51:20.943493|SyncSend-1-0x00007fb298647700|[g:1][SYNC][id:064cb676...][Download][Request][BlockSync]Batch blocks for sending,blockSize=3647,number=206,peer=374bdfe9...,timeCost=0
info|2025-10-10 20:51:20.943667|SyncSend-1-0x00007fb298647700|[g:1][SYNC][id:064cb676...][Download][Request][BlockSync]Batch blocks for sending,blockSize=3647,number=207,peer=374bdfe9...,timeCost=0
info|2025-10-10 20:51:20.943821|SyncSend-1-0x00007fb298647700|[g:1][g:1] [SYNC][id:374bdfe9...][Download][Request][BlockSync]Send block packet,peer=374bdfe9...,blocks=8,bytes(V)=24033
info|2025-10-10 20:51:20.957752|alignTime-1-0x00007fb296643700|[g:1][NodeTimeMaintenance]updateTimeInfo: update median time offset,updatedMedianTimeOffset=-1,peer=87d00b98...,peerTime=1760154680957,peerOffset=0,utcTime=1760154680957
warning|2025-10-10 20:51:23.910163|PBFT-1-0x00007fb28be2e700|[g:1][CONSENSUS][PBFT]ViewChangeWarning: not caused by omit empty block ,v=0,toV=1,curNum=393,hash=b1cfca47...,nodeIdx=0,myNode=064cb676...
info|2025-10-10 20:51:23.910503|PBFT-1-0x00007fb28be2e700|[g:1][CONSENSUS][PBFT]checkTimeout Succ,view=0,toView=1,nodeIdx=0,changeCycle=1,myNode=064cb676...,timecost=4
info|2025-10-10 20:51:23.969411|PBFT-1-0x00007fb28be2e700|[g:1][CONSENSUS][PBFT]checkAndChangeView: Reach consensus,org_view=0,cur_changeCycle=1,curView=0,view=1
info|2025-10-10 20:51:24.971628|PBFT-1-0x00007fb28be2e700|[g:1][CONSENSUS]addRawPrepare,height=394,reqIdx=2,hash=44af04af...,time=0
info|2025-10-10 20:51:24.974079|PBFT-1-0x00007fb28be2e700|[g:1][CONSENSUS][PBFT]checkTimeout Succ,view=1,toView=2,nodeIdx=0,changeCycle=1,myNode=064cb676...,timecost=3
info|2025-10-10 20:51:24.985216|PBFT-1-0x00007fb28be2e700|[g:1][CONSENSUS][PBFT]checkAndChangeView: Reach consensus,org_view=1,cur_changeCycle=1,curView=1,view=2
info|2025-10-10 20:51:25.992093|PBFT-1-0x00007fb28be2e700|[g:1][CONSENSUS]addRawPrepare,height=394,reqIdx=3,hash=7fa10c22...,time=0
info|2025-10-10 20:51:25.993700|PBFT-1-0x00007fb28be2e700|[g:1][CONSENSUS][PBFT]checkTimeout Succ,view=2,toView=3,nodeIdx=0,changeCycle=1,myNode=064cb676...,timecost=1
info|2025-10-10 20:51:26.041912|PBFT-1-0x00007fb28be2e700|[g:1][CONSENSUS][PBFT]checkAndChangeView: Reach consensus,org_view=2,cur_changeCycle=1,curView=2,view=3
info|2025-10-10 20:51:27.042264|PBFTSeal-1-0x00007fb28461f700|[g:1][CONSENSUS][SEALER]++++++++++++++++ Generating seal on,blkNum=394,tx=0,nodeIdx=0,hash=2871ce74...
info|2025-10-10 20:51:27.050747|PBFT-1-0x00007fb28be2e700|[g:1][CONSENSUS][PBFT]checkTimeout Succ,view=3,toView=4,nodeIdx=0,changeCycle=1,myNode=064cb676...,timecost=1
info|2025-10-10 20:51:27.054622|PBFT-1-0x00007fb28be2e700|[g:1][CONSENSUS][PBFT]checkAndChangeView: Reach consensus,org_view=3,cur_changeCycle=1,curView=3,view=4
info|2025-10-10 20:51:30.634212|io_service-0x00007fb2a5e62700|[NETWORK][Host]P2P Recv Connect, From=127.0.0.1:38632
info|2025-10-10 20:51:30.634291|io_service-0x00007fb2a5e62700|[NETWORK][Host]P2P StartAccept,Host=0.0.0.0:30303
info|2025-10-10 20:51:30.646956|io_service-0x00007fb2a5e62700|[NETWORK][Host]handshakeServer succ,remote endpoint=127.0.0.1:38632
info|2025-10-10 20:51:30.647066|io_service-0x00007fb2a5e62700|[NETWORK][Host]startPeerSession, Remote=127.0.0.1:38632,local endpoint=127.0.0.1:30303,nodeID=87d00b98...
info|2025-10-10 20:51:30.651474|io_service-0x00007fb2a5e62700|[P2P][Service] heartBeat,connected count=3
warning|2025-10-10 20:51:31.562291|PBFT-1-0x00007fb28be2e700|[g:1][CONSENSUS][PBFT]ViewChangeWarning: not caused by omit empty block ,v=4,toV=5,curNum=393,hash=b1cfca47...,nodeIdx=0,myNode=064cb676...
info|2025-10-10 20:51:31.562642|PBFT-1-0x00007fb28be2e700|[g:1][CONSENSUS][PBFT]checkTimeout Succ,view=4,toView=5,nodeIdx=0,changeCycle=2,myNode=064cb676...,timecost=2
info|2025-10-10 20:51:31.571080|PBFT-1-0x00007fb28be2e700|[g:1][CONSENSUS][PBFT]checkAndChangeView: Reach consensus,org_view=4,cur_changeCycle=2,curView=4,view=5
info|2025-10-10 20:51:32.580469|PBFT-1-0x00007fb28be2e700|[g:1][CONSENSUS]addRawPrepare,height=394,reqIdx=2,hash=b4ee3993...,time=0
info|2025-10-10 20:51:32.583803|PBFT-1-0x00007fb28be2e700|[g:1][CONSENSUS][PBFT]checkTimeout Succ,view=5,toView=6,nodeIdx=0,changeCycle=1,myNode=064cb676...,timecost=2
info|2025-10-10 20:51:32.588304|PBFT-1-0x00007fb28be2e700|[g:1][CONSENSUS][PBFT]checkAndChangeView: Reach consensus,org_view=5,cur_changeCycle=1,curView=5,view=6
info|2025-10-10 20:51:33.592147|PBFT-1-0x00007fb28be2e700|[g:1][CONSENSUS]addRawPrepare,height=394,reqIdx=3,hash=ef49ba5d...,time=0
info|2025-10-10 20:51:33.593973|PBFT-1-0x00007fb28be2e700|[g:1][CONSENSUS][PBFT]checkTimeout Succ,view=6,toView=7,nodeIdx=0,changeCycle=1,myNode=064cb676...,timecost=1
info|2025-10-10 20:51:33.599778|PBFT-1-0x00007fb28be2e700|[g:1][CONSENSUS][PBFT]checkAndChangeView: Reach consensus,org_view=6,cur_changeCycle=1,curView=6,view=7
info|2025-10-10 20:51:34.599813|PBFTSeal-1-0x00007fb28461f700|[g:1][CONSENSUS][SEALER]++++++++++++++++ Generating seal on,blkNum=394,tx=0,nodeIdx=0,hash=d3379ceb...
info|2025-10-10 20:51:34.605049|PBFT-1-0x00007fb28be2e700|[g:1][CONSENSUS][PBFT]checkTimeout Succ,view=7,toView=8,nodeIdx=0,changeCycle=1,myNode=064cb676...,timecost=4
info|2025-10-10 20:51:34.612661|PBFT-1-0x00007fb28be2e700|[g:1][CONSENSUS][PBFT]checkAndChangeView: Reach consensus,org_view=7,cur_changeCycle=1,curView=7,view=8
warning|2025-10-10 20:51:39.139966|PBFT-1-0x00007fb28be2e700|[g:1][CONSENSUS][PBFT]ViewChangeWarning: not caused by omit empty block ,v=8,toV=9,curNum=393,hash=b1cfca47...,nodeIdx=0,myNode=064cb676...
info|2025-10-10 20:51:39.140265|PBFT-1-0x00007fb28be2e700|[g:1][CONSENSUS][PBFT]checkTimeout Succ,view=8,toView=9,nodeIdx=0,changeCycle=2,myNode=064cb676...,timecost=8
info|2025-10-10 20:51:39.145492|PBFT-1-0x00007fb28be2e700|[g:1][CONSENSUS][PBFT]checkAndChangeView: Reach consensus,org_view=8,cur_changeCycle=2,curView=8,view=9
info|2025-10-10 20:51:39.649224|PBFTWork-1-0x00007fb29263b700|[g:1][CONSENSUS][PartiallyPBFTReqCache]addPartiallyRawPrepare,height=394,reqIdx=2,hash=d87b6904...
info|2025-10-10 20:51:39.649862|PBFTWork-1-0x00007fb29263b700|[g:1][BLOCKVERIFIER][executeBlock]Executing block,txNum=1,num=394,parentHash=b1cfca47cc4eb57c1de3ece4d23ec5bac37c6cd5a80aeb98420d02c186eabd07,parentNum=393,parentStateRoot=afa16eba4c5396571939657ae47a09c4e7f11a64a10da3cb1d5d3a4c304c3c29
info|2025-10-10 20:51:39.650241|PBFTWork-1-0x00007fb29263b700|[g:1][PRECOMPILED]init GasChargeManagePrecompiled
info|2025-10-10 20:51:39.651290|PBFTWork-1-0x00007fb29263b700|[g:1][STORAGE][MemoryTableFactory2]createTable,table name=c_4adaba8d2e83d1a12b9f0e69c3eaab6eb52f4eba,keyField=key,valueField=value
info|2025-10-10 20:51:39.652325|PBFTWork-1-0x00007fb29263b700|[g:1][CONSENSUS][PBFT]execBlock,blkNum=394,reqIdx=2,hash=a74ec9f8...,nodeIdx=0,myNode=064cb676...,decodeCost=0,checkCost=0,notifyCost=0,noteSealingCost=0,currentCycle=2,verifyAndSetSenderCost=0,execCost=3,execPerTx=3,totalCost=3
info|2025-10-10 20:51:39.656952|PBFTWork-1-0x00007fb29263b700|[g:1][CONSENSUS][PBFT]handlePrepareMsg Succ,timecost=4,INFO=handlePartiallyPrepare,reqIdx=2,view=9,reqNum=394,curNum=393,consNum=394,hash=d87b6904...,nodeIdx=0,myNode=064cb676...,curChangeCycle=2
info|2025-10-10 20:51:39.659937|PBFT-1-0x00007fb28be2e700|[g:1][CONSENSUS][PBFT]handleSignMsg Succ,Timecost=1,INFO=handleSignMsg,num=394,curNum=393,GenIdx=3,Sview=9,view=9,fromIdx=3,fromNode=87d00b98...,fromIp=127.0.0.1:30302,hash=a74ec9f8...,nodeIdx=0,myNode=064cb676...
info|2025-10-10 20:51:39.666121|PBFT-1-0x00007fb28be2e700|[g:1][CONSENSUS][PBFT]checkAndCommit: backup/updateCommittedPrepare,reqNum=394,hash=d87b6904...,nodeIdx=0,myNode=064cb676...
info|2025-10-10 20:51:39.677471|PBFT-1-0x00007fb28be2e700|[g:1][CONSENSUS][PBFT]handleSignMsg Succ,Timecost=15,INFO=handleSignMsg,num=394,curNum=393,GenIdx=2,Sview=9,view=9,fromIdx=2,fromNode=73994dae...,fromIp=127.0.0.1:59812,hash=a74ec9f8...,nodeIdx=0,myNode=064cb676...
info|2025-10-10 20:51:39.679589|PBFT-1-0x00007fb28be2e700|[g:1][CONSENSUS][PBFT]handleCommitMsg Succ,INFO=handleCommitMsg,reqNum=394,curNum=393,GenIdx=2,Cview=9,view=9,fromIdx=2,fromNode=73994dae...,fromIp=127.0.0.1:59812,hash=a74ec9f8...,nodeIdx=0,myNode=064cb676...,Timecost=2
info|2025-10-10 20:51:39.680598|PBFT-1-0x00007fb28be2e700|[g:1][CONSENSUS][PBFT]checkAndSave: CommitReq enough,prepareHeight=394,commitSize=3,hash=a74ec9f8...,nodeIdx=0,myNode=064cb676...
info|2025-10-10 20:51:39.684934|PBFT-1-0x00007fb28be2e700|[g:1][g:1][STORAGE][CachedStorage]commit: 9 num: 394
info|2025-10-10 20:51:39.703279|PBFT-1-0x00007fb28be2e700|[g:1][g:1][STORAGE][CachedStorage]Submited block task: 394, current syncd block: 393
info|2025-10-10 20:51:39.703441|PBFT-1-0x00007fb28be2e700|[g:1]Push block notify: 1-394
info|2025-10-10 20:51:39.703727|PBFT-1-0x00007fb28be2e700|[g:1][CONSENSUS][PBFT]CommitBlock Succ,prepareHeight=394,reqIdx=2,hash=a74ec9f8...,nodeIdx=0,myNode=064cb676...,genSigTimeCost=0,commitBlockTimeCost=23,dropTxsTimeCost=0,noteSealingTimeCost=0,totalTimeCost=23
info|2025-10-10 20:51:39.703758|PBFT-1-0x00007fb28be2e700|[g:1][CONSENSUS][PBFT]handleCommitMsg Succ,INFO=handleCommitMsg,reqNum=394,curNum=393,GenIdx=3,Cview=9,view=9,fromIdx=3,fromNode=87d00b98...,fromIp=127.0.0.1:30302,hash=a74ec9f8...,nodeIdx=0,myNode=064cb676...,Timecost=24
info|2025-10-10 20:51:39.704224|PBFTSeal-1-0x00007fb28461f700|[g:1][CONSENSUS][SEALER]increase maxNoTimeoutTx,maxNoTimeoutTx=1
info|2025-10-10 20:51:39.704241|PBFTSeal-1-0x00007fb28461f700|[g:1][CONSENSUS][PBFT]^^^^^^^^Report,num=394,sealerIdx=2,hash=a74ec9f8...,next=395,tx=1,nodeIdx=0
info|2025-10-10 20:51:39.705230|taskPool-1-0x00007fb294e40700|[g:1][g:1][STORAGE][CachedStorage]Start commit block: 394 to backend storage
info|2025-10-10 20:51:39.754906|taskPool-1-0x00007fb294e40700|[g:1][g:1][STORAGE][CachedStorage]
---------------------------------------------------------------------
Commit block: 394 to backend storage finished, current cached block: 394
Flush elapsed time: 0.0497s
---------------------------------------------------------------------
info|2025-10-10 20:51:40.652108|io_service-0x00007fb2a5e62700|[P2P][Service] heartBeat,connected count=3
info|2025-10-10 20:51:40.700100|PBFT-1-0x00007fb28be2e700|[g:1][CONSENSUS]addRawPrepare,height=395,reqIdx=2,hash=2bfd6ad1...,time=0
info|2025-10-10 20:51:40.709185|PBFT-1-0x00007fb28be2e700|[g:1][CONSENSUS][PBFT]checkTimeout Succ,view=0,toView=1,nodeIdx=0,changeCycle=1,myNode=064cb676...,timecost=9
info|2025-10-10 20:51:40.713343|PBFT-1-0x00007fb28be2e700|[g:1][CONSENSUS][PBFT]checkAndChangeView: Reach consensus,org_view=0,cur_changeCycle=1,curView=0,view=1
info|2025-10-10 20:51:40.816687|P2P-0x00007fb2a6663700|[NETWORK][Session]Received topic: [2	_block_notify_1] from 73994dae9e8b8da733108a4153dfe79151d701dff425f84c87b5324e8ebd02ab6a0ebc9e4f1e0298a7ddca50f94a8f95c62b6997226d571e470e8f2b0600634a
info|2025-10-10 20:51:41.716759|PBFT-1-0x00007fb28be2e700|[g:1][CONSENSUS]addRawPrepare,height=395,reqIdx=3,hash=517ea90f...,time=0
info|2025-10-10 20:51:41.718062|PBFT-1-0x00007fb28be2e700|[g:1][CONSENSUS][PBFT]checkTimeout Succ,view=1,toView=2,nodeIdx=0,changeCycle=1,myNode=064cb676...,timecost=2
info|2025-10-10 20:51:41.725440|PBFT-1-0x00007fb28be2e700|[g:1][CONSENSUS][PBFT]checkAndChangeView: Reach consensus,org_view=1,cur_changeCycle=1,curView=1,view=2
info|2025-10-10 20:51:42.726936|PBFTSeal-1-0x00007fb28461f700|[g:1][CONSENSUS][SEALER]++++++++++++++++ Generating seal on,blkNum=395,tx=0,nodeIdx=0,hash=e785e563...
info|2025-10-10 20:51:42.737330|PBFT-1-0x00007fb28be2e700|[g:1][CONSENSUS][PBFT]checkTimeout Succ,view=2,toView=3,nodeIdx=0,changeCycle=1,myNode=064cb676...,timecost=9
info|2025-10-10 20:51:42.740244|PBFT-1-0x00007fb28be2e700|[g:1][CONSENSUS][PBFT]checkAndChangeView: Reach consensus,org_view=2,cur_changeCycle=1,curView=2,view=3
warning|2025-10-10 20:51:47.246874|PBFT-1-0x00007fb28be2e700|[g:1][CONSENSUS][PBFT]ViewChangeWarning: not caused by omit empty block ,v=3,toV=4,curNum=394,hash=a74ec9f8...,nodeIdx=0,myNode=064cb676...
info|2025-10-10 20:51:47.247026|PBFT-1-0x00007fb28be2e700|[g:1][CONSENSUS][PBFT]checkTimeout Succ,view=3,toView=4,nodeIdx=0,changeCycle=2,myNode=064cb676...,timecost=2
info|2025-10-10 20:51:47.253218|PBFT-1-0x00007fb28be2e700|[g:1][CONSENSUS][PBFT]checkAndChangeView: Reach consensus,org_view=3,cur_changeCycle=2,curView=3,view=4
info|2025-10-10 20:51:48.256034|PBFT-1-0x00007fb28be2e700|[g:1][CONSENSUS]addRawPrepare,height=395,reqIdx=2,hash=c7afcec1...,time=0
info|2025-10-10 20:51:48.258392|PBFT-1-0x00007fb28be2e700|[g:1][CONSENSUS][PBFT]checkTimeout Succ,view=4,toView=5,nodeIdx=0,changeCycle=1,myNode=064cb676...,timecost=2
info|2025-10-10 20:51:48.262674|PBFT-1-0x00007fb28be2e700|[g:1][CONSENSUS][PBFT]checkAndChangeView: Reach consensus,org_view=4,cur_changeCycle=1,curView=4,view=5
info|2025-10-10 20:51:49.270477|PBFT-1-0x00007fb28be2e700|[g:1][CONSENSUS]addRawPrepare,height=395,reqIdx=3,hash=0f25cc32...,time=0
info|2025-10-10 20:51:49.275288|PBFT-1-0x00007fb28be2e700|[g:1][CONSENSUS][PBFT]checkTimeout Succ,view=5,toView=6,nodeIdx=0,changeCycle=1,myNode=064cb676...,timecost=5
info|2025-10-10 20:51:49.280115|PBFT-1-0x00007fb28be2e700|[g:1][CONSENSUS][PBFT]checkAndChangeView: Reach consensus,org_view=5,cur_changeCycle=1,curView=5,view=6
info|2025-10-10 20:51:50.280990|PBFTSeal-1-0x00007fb28461f700|[g:1][CONSENSUS][SEALER]++++++++++++++++ Generating seal on,blkNum=395,tx=0,nodeIdx=0,hash=ad2f6be4...
info|2025-10-10 20:51:50.290130|PBFT-1-0x00007fb28be2e700|[g:1][CONSENSUS][PBFT]checkTimeout Succ,view=6,toView=7,nodeIdx=0,changeCycle=1,myNode=064cb676...,timecost=7
info|2025-10-10 20:51:50.293257|PBFT-1-0x00007fb28be2e700|[g:1][CONSENSUS][PBFT]checkAndChangeView: Reach consensus,org_view=6,cur_changeCycle=1,curView=6,view=7
info|2025-10-10 20:51:50.652837|io_service-0x00007fb2a5e62700|[P2P][Service] heartBeat,connected count=3
warning|2025-10-10 20:51:54.802072|PBFT-1-0x00007fb28be2e700|[g:1][CONSENSUS][PBFT]ViewChangeWarning: not caused by omit empty block ,v=7,toV=8,curNum=394,hash=a74ec9f8...,nodeIdx=0,myNode=064cb676...
info|2025-10-10 20:51:54.806341|PBFT-1-0x00007fb28be2e700|[g:1][CONSENSUS][PBFT]checkTimeout Succ,view=7,toView=8,nodeIdx=0,changeCycle=2,myNode=064cb676...,timecost=7
info|2025-10-10 20:51:54.812184|PBFT-1-0x00007fb28be2e700|[g:1][CONSENSUS][PBFT]checkAndChangeView: Reach consensus,org_view=7,cur_changeCycle=2,curView=7,view=8
info|2025-10-10 20:51:55.814711|PBFT-1-0x00007fb28be2e700|[g:1][CONSENSUS]addRawPrepare,height=395,reqIdx=2,hash=de4cea41...,time=0
info|2025-10-10 20:51:55.817012|PBFT-1-0x00007fb28be2e700|[g:1][CONSENSUS][PBFT]checkTimeout Succ,view=8,toView=9,nodeIdx=0,changeCycle=1,myNode=064cb676...,timecost=3
info|2025-10-10 20:51:55.850367|PBFT-1-0x00007fb28be2e700|[g:1][CONSENSUS][PBFT]checkAndChangeView: Reach consensus,org_view=8,cur_changeCycle=1,curView=8,view=9
info|2025-10-10 20:51:56.388759|P2P-0x00007fb2a7e66700|[g:1] [SYNC][id:064cb676...][Download][Request]Receive block request,peer=374bdfe9...,from=184,to=184
info|2025-10-10 20:51:56.389474|SyncSend-1-0x00007fb298647700|[g:1][SYNC][id:064cb676...][Download][Request][BlockSync]Batch blocks for sending,blockSize=24480,number=184,peer=374bdfe9...,timeCost=0
info|2025-10-10 20:51:56.389937|SyncSend-1-0x00007fb298647700|[g:1][g:1] [SYNC][id:374bdfe9...][Download][Request][BlockSync]Send block packet,peer=374bdfe9...,blocks=1,bytes(V)=24487
info|2025-10-10 20:51:56.857042|PBFT-1-0x00007fb28be2e700|[g:1][CONSENSUS]addRawPrepare,height=395,reqIdx=3,hash=b0d9b3a8...,time=0
info|2025-10-10 20:51:56.858724|PBFT-1-0x00007fb28be2e700|[g:1][CONSENSUS][PBFT]checkTimeout Succ,view=9,toView=10,nodeIdx=0,changeCycle=1,myNode=064cb676...,timecost=1
info|2025-10-10 20:51:56.866245|PBFT-1-0x00007fb28be2e700|[g:1][CONSENSUS][PBFT]checkAndChangeView: Reach consensus,org_view=9,cur_changeCycle=1,curView=9,view=10
info|2025-10-10 20:51:57.866415|PBFTSeal-1-0x00007fb28461f700|[g:1][CONSENSUS][SEALER]++++++++++++++++ Generating seal on,blkNum=395,tx=0,nodeIdx=0,hash=070d0537...
info|2025-10-10 20:51:57.874049|PBFT-1-0x00007fb28be2e700|[g:1][CONSENSUS][PBFT]checkTimeout Succ,view=10,toView=11,nodeIdx=0,changeCycle=1,myNode=064cb676...,timecost=3
info|2025-10-10 20:51:57.876926|PBFT-1-0x00007fb28be2e700|[g:1][CONSENSUS][PBFT]checkAndChangeView: Reach consensus,org_view=10,cur_changeCycle=1,curView=10,view=11
info|2025-10-10 20:52:00.653189|io_service-0x00007fb2a5e62700|[P2P][Service] heartBeat,connected count=3
warning|2025-10-10 20:52:02.379003|PBFT-1-0x00007fb28be2e700|[g:1][CONSENSUS][PBFT]ViewChangeWarning: not caused by omit empty block ,v=11,toV=12,curNum=394,hash=a74ec9f8...,nodeIdx=0,myNode=064cb676...
info|2025-10-10 20:52:02.379206|PBFT-1-0x00007fb28be2e700|[g:1][CONSENSUS][PBFT]checkTimeout Succ,view=11,toView=12,nodeIdx=0,changeCycle=2,myNode=064cb676...,timecost=2
info|2025-10-10 20:52:02.387263|PBFT-1-0x00007fb28be2e700|[g:1][CONSENSUS][PBFT]checkAndChangeView: Reach consensus,org_view=11,cur_changeCycle=2,curView=11,view=12
info|2025-10-10 20:52:02.795823|P2P-0x00007fb2a6e64700|[g:1] [SYNC][id:064cb676...][Download][Request]Receive block request,peer=374bdfe9...,from=184,to=184
info|2025-10-10 20:52:02.796200|SyncSend-1-0x00007fb298647700|[g:1][SYNC][id:064cb676...][Download][Request][BlockSync]Batch blocks for sending,blockSize=24480,number=184,peer=374bdfe9...,timeCost=0
info|2025-10-10 20:52:02.796255|SyncSend-1-0x00007fb298647700|[g:1][g:1] [SYNC][id:374bdfe9...][Download][Request][BlockSync]Send block packet,peer=374bdfe9...,blocks=1,bytes(V)=24487
info|2025-10-10 20:52:03.392224|PBFT-1-0x00007fb28be2e700|[g:1][CONSENSUS]addRawPrepare,height=395,reqIdx=2,hash=e8ed0eb8...,time=0
info|2025-10-10 20:52:03.394963|PBFT-1-0x00007fb28be2e700|[g:1][CONSENSUS][PBFT]checkTimeout Succ,view=12,toView=13,nodeIdx=0,changeCycle=1,myNode=064cb676...,timecost=2
info|2025-10-10 20:52:03.399584|PBFT-1-0x00007fb28be2e700|[g:1][CONSENSUS][PBFT]checkAndChangeView: Reach consensus,org_view=12,cur_changeCycle=1,curView=12,view=13
info|2025-10-10 20:52:04.408657|PBFT-1-0x00007fb28be2e700|[g:1][CONSENSUS]addRawPrepare,height=395,reqIdx=3,hash=c3d35d6c...,time=0
info|2025-10-10 20:52:04.410408|PBFT-1-0x00007fb28be2e700|[g:1][CONSENSUS][PBFT]checkTimeout Succ,view=13,toView=14,nodeIdx=0,changeCycle=1,myNode=064cb676...,timecost=2
info|2025-10-10 20:52:04.416139|PBFT-1-0x00007fb28be2e700|[g:1][CONSENSUS][PBFT]checkAndChangeView: Reach consensus,org_view=13,cur_changeCycle=1,curView=13,view=14
info|2025-10-10 20:52:05.416866|PBFTSeal-1-0x00007fb28461f700|[g:1][CONSENSUS][SEALER]++++++++++++++++ Generating seal on,blkNum=395,tx=0,nodeIdx=0,hash=98967831...
info|2025-10-10 20:52:05.420890|PBFT-1-0x00007fb28be2e700|[g:1][CONSENSUS][PBFT]checkTimeout Succ,view=14,toView=15,nodeIdx=0,changeCycle=1,myNode=064cb676...,timecost=2
info|2025-10-10 20:52:05.429152|PBFT-1-0x00007fb28be2e700|[g:1][CONSENSUS][PBFT]checkAndChangeView: Reach consensus,org_view=14,cur_changeCycle=1,curView=14,view=15
info|2025-10-10 20:52:09.199842|P2P-0x00007fb2a7e66700|[g:1] [SYNC][id:064cb676...][Download][Request]Receive block request,peer=374bdfe9...,from=184,to=184
info|2025-10-10 20:52:09.200253|SyncSend-1-0x00007fb298647700|[g:1][SYNC][id:064cb676...][Download][Request][BlockSync]Batch blocks for sending,blockSize=24480,number=184,peer=374bdfe9...,timeCost=0
info|2025-10-10 20:52:09.200351|SyncSend-1-0x00007fb298647700|[g:1][g:1] [SYNC][id:374bdfe9...][Download][Request][BlockSync]Send block packet,peer=374bdfe9...,blocks=1,bytes(V)=24487
warning|2025-10-10 20:52:09.934534|PBFT-1-0x00007fb28be2e700|[g:1][CONSENSUS][PBFT]ViewChangeWarning: not caused by omit empty block ,v=15,toV=16,curNum=394,hash=a74ec9f8...,nodeIdx=0,myNode=064cb676...
info|2025-10-10 20:52:09.935627|PBFT-1-0x00007fb28be2e700|[g:1][CONSENSUS][PBFT]checkTimeout Succ,view=15,toView=16,nodeIdx=0,changeCycle=2,myNode=064cb676...,timecost=2
info|2025-10-10 20:52:09.942973|PBFT-1-0x00007fb28be2e700|[g:1][CONSENSUS][PBFT]checkAndChangeView: Reach consensus,org_view=15,cur_changeCycle=2,curView=15,view=16
info|2025-10-10 20:52:10.653992|io_service-0x00007fb2a5e62700|[P2P][Service] heartBeat,connected count=3
info|2025-10-10 20:52:10.951962|PBFT-1-0x00007fb28be2e700|[g:1][CONSENSUS]addRawPrepare,height=395,reqIdx=2,hash=a99d7934...,time=0
info|2025-10-10 20:52:10.954863|PBFT-1-0x00007fb28be2e700|[g:1][CONSENSUS][PBFT]checkTimeout Succ,view=16,toView=17,nodeIdx=0,changeCycle=1,myNode=064cb676...,timecost=2
info|2025-10-10 20:52:10.959976|PBFT-1-0x00007fb28be2e700|[g:1][CONSENSUS][PBFT]checkAndChangeView: Reach consensus,org_view=16,cur_changeCycle=1,curView=16,view=17
info|2025-10-10 20:52:11.967526|PBFT-1-0x00007fb28be2e700|[g:1][CONSENSUS]addRawPrepare,height=395,reqIdx=3,hash=a4d3cabd...,time=1
info|2025-10-10 20:52:11.972334|PBFT-1-0x00007fb28be2e700|[g:1][CONSENSUS][PBFT]checkTimeout Succ,view=17,toView=18,nodeIdx=0,changeCycle=1,myNode=064cb676...,timecost=4
info|2025-10-10 20:52:11.977647|PBFT-1-0x00007fb28be2e700|[g:1][CONSENSUS][PBFT]checkAndChangeView: Reach consensus,org_view=17,cur_changeCycle=1,curView=17,view=18
info|2025-10-10 20:52:12.977741|PBFTSeal-1-0x00007fb28461f700|[g:1][CONSENSUS][SEALER]++++++++++++++++ Generating seal on,blkNum=395,tx=0,nodeIdx=0,hash=3523672c...
info|2025-10-10 20:52:12.992566|PBFT-1-0x00007fb28be2e700|[g:1][CONSENSUS][PBFT]checkTimeout Succ,view=18,toView=19,nodeIdx=0,changeCycle=1,myNode=064cb676...,timecost=2
info|2025-10-10 20:52:12.994682|PBFT-1-0x00007fb28be2e700|[g:1][CONSENSUS][PBFT]checkAndChangeView: Reach consensus,org_view=18,cur_changeCycle=1,curView=18,view=19
warning|2025-10-10 20:52:17.501908|PBFT-1-0x00007fb28be2e700|[g:1][CONSENSUS][PBFT]ViewChangeWarning: not caused by omit empty block ,v=19,toV=20,curNum=394,hash=a74ec9f8...,nodeIdx=0,myNode=064cb676...
info|2025-10-10 20:52:17.502036|PBFT-1-0x00007fb28be2e700|[g:1][CONSENSUS][PBFT]checkTimeout Succ,view=19,toView=20,nodeIdx=0,changeCycle=2,myNode=064cb676...,timecost=2
info|2025-10-10 20:52:17.506272|PBFT-1-0x00007fb28be2e700|[g:1][CONSENSUS][PBFT]checkAndChangeView: Reach consensus,org_view=19,cur_changeCycle=2,curView=19,view=20
info|2025-10-10 20:52:18.517497|PBFT-1-0x00007fb28be2e700|[g:1][CONSENSUS]addRawPrepare,height=395,reqIdx=2,hash=d3bad811...,time=0
info|2025-10-10 20:52:18.520764|PBFT-1-0x00007fb28be2e700|[g:1][CONSENSUS][PBFT]checkTimeout Succ,view=20,toView=21,nodeIdx=0,changeCycle=1,myNode=064cb676...,timecost=3
info|2025-10-10 20:52:18.525806|PBFT-1-0x00007fb28be2e700|[g:1][CONSENSUS][PBFT]checkAndChangeView: Reach consensus,org_view=20,cur_changeCycle=1,curView=20,view=21
info|2025-10-10 20:52:19.536385|PBFT-1-0x00007fb28be2e700|[g:1][CONSENSUS]addRawPrepare,height=395,reqIdx=3,hash=d5f74aaf...,time=0
info|2025-10-10 20:52:19.538133|PBFT-1-0x00007fb28be2e700|[g:1][CONSENSUS][PBFT]checkTimeout Succ,view=21,toView=22,nodeIdx=0,changeCycle=1,myNode=064cb676...,timecost=2
info|2025-10-10 20:52:19.547848|PBFT-1-0x00007fb28be2e700|[g:1][CONSENSUS][PBFT]checkAndChangeView: Reach consensus,org_view=21,cur_changeCycle=1,curView=21,view=22
info|2025-10-10 20:52:20.548430|PBFTSeal-1-0x00007fb28461f700|[g:1][CONSENSUS][SEALER]++++++++++++++++ Generating seal on,blkNum=395,tx=0,nodeIdx=0,hash=5bec5670...
info|2025-10-10 20:52:20.554096|PBFT-1-0x00007fb28be2e700|[g:1][CONSENSUS][PBFT]checkTimeout Succ,view=22,toView=23,nodeIdx=0,changeCycle=1,myNode=064cb676...,timecost=4
info|2025-10-10 20:52:20.560313|PBFT-1-0x00007fb28be2e700|[g:1][CONSENSUS][PBFT]checkAndChangeView: Reach consensus,org_view=22,cur_changeCycle=1,curView=22,view=23
info|2025-10-10 20:52:20.654710|io_service-0x00007fb2a5e62700|[P2P][Service] heartBeat,connected count=3
warning|2025-10-10 20:52:25.066384|PBFT-1-0x00007fb28be2e700|[g:1][CONSENSUS][PBFT]ViewChangeWarning: not caused by omit empty block ,v=23,toV=24,curNum=394,hash=a74ec9f8...,nodeIdx=0,myNode=064cb676...
info|2025-10-10 20:52:25.067217|PBFT-1-0x00007fb28be2e700|[g:1][CONSENSUS][PBFT]checkTimeout Succ,view=23,toView=24,nodeIdx=0,changeCycle=2,myNode=064cb676...,timecost=2
info|2025-10-10 20:52:25.072468|PBFT-1-0x00007fb28be2e700|[g:1][CONSENSUS][PBFT]checkAndChangeView: Reach consensus,org_view=23,cur_changeCycle=2,curView=23,view=24
info|2025-10-10 20:52:26.074659|PBFT-1-0x00007fb28be2e700|[g:1][CONSENSUS]addRawPrepare,height=395,reqIdx=2,hash=2983e346...,time=0
info|2025-10-10 20:52:26.076314|PBFT-1-0x00007fb28be2e700|[g:1][CONSENSUS][PBFT]checkTimeout Succ,view=24,toView=25,nodeIdx=0,changeCycle=1,myNode=064cb676...,timecost=2
info|2025-10-10 20:52:26.087552|PBFT-1-0x00007fb28be2e700|[g:1][CONSENSUS][PBFT]checkAndChangeView: Reach consensus,org_view=24,cur_changeCycle=1,curView=24,view=25
info|2025-10-10 20:52:27.092996|PBFT-1-0x00007fb28be2e700|[g:1][CONSENSUS]addRawPrepare,height=395,reqIdx=3,hash=9d94241d...,time=1
info|2025-10-10 20:52:27.095096|PBFT-1-0x00007fb28be2e700|[g:1][CONSENSUS][PBFT]checkTimeout Succ,view=25,toView=26,nodeIdx=0,changeCycle=1,myNode=064cb676...,timecost=6
info|2025-10-10 20:52:27.102377|PBFT-1-0x00007fb28be2e700|[g:1][CONSENSUS][PBFT]checkAndChangeView: Reach consensus,org_view=25,cur_changeCycle=1,curView=25,view=26
info|2025-10-10 20:52:28.102726|PBFTSeal-1-0x00007fb28461f700|[g:1][CONSENSUS][SEALER]++++++++++++++++ Generating seal on,blkNum=395,tx=0,nodeIdx=0,hash=67097215...
info|2025-10-10 20:52:28.114270|PBFT-1-0x00007fb28be2e700|[g:1][CONSENSUS][PBFT]checkTimeout Succ,view=26,toView=27,nodeIdx=0,changeCycle=1,myNode=064cb676...,timecost=3
info|2025-10-10 20:52:28.117067|PBFT-1-0x00007fb28be2e700|[g:1][CONSENSUS][PBFT]checkAndChangeView: Reach consensus,org_view=26,cur_changeCycle=1,curView=26,view=27
info|2025-10-10 20:52:28.416415|P2P-0x00007fb2a6663700|[g:1] [SYNC][id:064cb676...][Download][Request]Receive block request,peer=374bdfe9...,from=184,to=184
info|2025-10-10 20:52:28.416848|SyncSend-1-0x00007fb298647700|[g:1][SYNC][id:064cb676...][Download][Request][BlockSync]Batch blocks for sending,blockSize=24480,number=184,peer=374bdfe9...,timeCost=0
info|2025-10-10 20:52:28.416935|SyncSend-1-0x00007fb298647700|[g:1][g:1] [SYNC][id:374bdfe9...][Download][Request][BlockSync]Send block packet,peer=374bdfe9...,blocks=1,bytes(V)=24487
info|2025-10-10 20:52:30.655173|io_service-0x00007fb2a5e62700|[P2P][Service] heartBeat,connected count=3
warning|2025-10-10 20:52:32.621111|PBFT-1-0x00007fb28be2e700|[g:1][CONSENSUS][PBFT]ViewChangeWarning: not caused by omit empty block ,v=27,toV=28,curNum=394,hash=a74ec9f8...,nodeIdx=0,myNode=064cb676...
info|2025-10-10 20:52:32.623945|PBFT-1-0x00007fb28be2e700|[g:1][CONSENSUS][PBFT]checkTimeout Succ,view=27,toView=28,nodeIdx=0,changeCycle=2,myNode=064cb676...,timecost=4
info|2025-10-10 20:52:32.630492|PBFT-1-0x00007fb28be2e700|[g:1][CONSENSUS][PBFT]checkAndChangeView: Reach consensus,org_view=27,cur_changeCycle=2,curView=27,view=28
info|2025-10-10 20:52:33.637534|PBFT-1-0x00007fb28be2e700|[g:1][CONSENSUS]addRawPrepare,height=395,reqIdx=2,hash=456e1fa3...,time=0
info|2025-10-10 20:52:33.639220|PBFT-1-0x00007fb28be2e700|[g:1][CONSENSUS][PBFT]checkTimeout Succ,view=28,toView=29,nodeIdx=0,changeCycle=1,myNode=064cb676...,timecost=2
info|2025-10-10 20:52:33.645488|PBFT-1-0x00007fb28be2e700|[g:1][CONSENSUS][PBFT]checkAndChangeView: Reach consensus,org_view=28,cur_changeCycle=1,curView=28,view=29
info|2025-10-10 20:52:34.646533|PBFT-1-0x00007fb28be2e700|[g:1][CONSENSUS]addRawPrepare,height=395,reqIdx=3,hash=2cac438f...,time=0
info|2025-10-10 20:52:34.648033|PBFT-1-0x00007fb28be2e700|[g:1][CONSENSUS][PBFT]checkTimeout Succ,view=29,toView=30,nodeIdx=0,changeCycle=1,myNode=064cb676...,timecost=2
info|2025-10-10 20:52:34.655041|PBFT-1-0x00007fb28be2e700|[g:1][CONSENSUS][PBFT]checkAndChangeView: Reach consensus,org_view=29,cur_changeCycle=1,curView=29,view=30
info|2025-10-10 20:52:35.654785|PBFTSeal-1-0x00007fb28461f700|[g:1][CONSENSUS][SEALER]++++++++++++++++ Generating seal on,blkNum=395,tx=0,nodeIdx=0,hash=9f1ae0a1...
info|2025-10-10 20:52:35.663216|PBFT-1-0x00007fb28be2e700|[g:1][CONSENSUS][PBFT]checkTimeout Succ,view=30,toView=31,nodeIdx=0,changeCycle=1,myNode=064cb676...,timecost=2
info|2025-10-10 20:52:35.668352|PBFT-1-0x00007fb28be2e700|[g:1][CONSENSUS][PBFT]checkAndChangeView: Reach consensus,org_view=30,cur_changeCycle=1,curView=30,view=31
warning|2025-10-10 20:52:40.173069|PBFT-1-0x00007fb28be2e700|[g:1][CONSENSUS][PBFT]ViewChangeWarning: not caused by omit empty block ,v=31,toV=32,curNum=394,hash=a74ec9f8...,nodeIdx=0,myNode=064cb676...
info|2025-10-10 20:52:40.174070|PBFT-1-0x00007fb28be2e700|[g:1][CONSENSUS][PBFT]checkTimeout Succ,view=31,toView=32,nodeIdx=0,changeCycle=2,myNode=064cb676...,timecost=3
info|2025-10-10 20:52:40.180510|PBFT-1-0x00007fb28be2e700|[g:1][CONSENSUS][PBFT]checkAndChangeView: Reach consensus,org_view=31,cur_changeCycle=2,curView=31,view=32
info|2025-10-10 20:52:40.656053|io_service-0x00007fb2a5e62700|[P2P][Service] heartBeat,connected count=3
info|2025-10-10 20:52:40.685642|PBFTWork-1-0x00007fb29263b700|[g:1][CONSENSUS][PartiallyPBFTReqCache]addPartiallyRawPrepare,height=395,reqIdx=2,hash=00e77837...
info|2025-10-10 20:52:40.685929|PBFTWork-1-0x00007fb29263b700|[g:1][BLOCKVERIFIER][executeBlock]Executing block,txNum=1,num=395,parentHash=a74ec9f84a27e2d529cc7ffe6326485192a7d2c26f217170a1902910905e8c87,parentNum=394,parentStateRoot=4fec56d58626fee1446b83c57959122460ebf05d6c4e34bd69821c5e9bfc8ad4
info|2025-10-10 20:52:40.686142|PBFTWork-1-0x00007fb29263b700|[g:1][PRECOMPILED]init GasChargeManagePrecompiled
info|2025-10-10 20:52:40.700242|PBFTWork-1-0x00007fb29263b700|[g:1][PRECOMPILED][TimerPrecompiled]getCurrentTimeMillis,timeMillis=1760154760700
info|2025-10-10 20:52:40.701877|PBFTWork-1-0x00007fb29263b700|[g:1][PRECOMPILED][TimerPrecompiled]getCurrentTimeMillis,timeMillis=1760154760701
info|2025-10-10 20:52:40.709099|PBFTWork-1-0x00007fb29263b700|[g:1][CONSENSUS][PBFT]execBlock,blkNum=395,reqIdx=2,hash=160eb160...,nodeIdx=0,myNode=064cb676...,decodeCost=0,checkCost=0,notifyCost=0,noteSealingCost=0,currentCycle=2,verifyAndSetSenderCost=0,execCost=24,execPerTx=24,totalCost=24
info|2025-10-10 20:52:40.714403|PBFTWork-1-0x00007fb29263b700|[g:1][CONSENSUS][PBFT]handlePrepareMsg Succ,timecost=5,INFO=handlePartiallyPrepare,reqIdx=2,view=32,reqNum=395,curNum=394,consNum=395,hash=00e77837...,nodeIdx=0,myNode=064cb676...,curChangeCycle=2
info|2025-10-10 20:52:40.714524|PBFT-1-0x00007fb28be2e700|[g:1][CONSENSUS][PBFT]checkReq: Recv future request,prepHash=160eb160...,INFO=handleSignMsg,num=395,curNum=394,GenIdx=3,Sview=32,view=32,fromIdx=3,fromNode=87d00b98...,fromIp=127.0.0.1:30302,hash=0500c818...,nodeIdx=0,myNode=064cb676...
info|2025-10-10 20:52:40.714538|PBFT-1-0x00007fb28be2e700|[g:1][CONSENSUS][PBFT]FutureBlock,INFO=handleSignMsg,num=395,curNum=394,GenIdx=3,Sview=32,view=32,fromIdx=3,fromNode=87d00b98...,fromIp=127.0.0.1:30302,hash=0500c818...,nodeIdx=0,myNode=064cb676...
info|2025-10-10 20:52:40.714554|PBFT-1-0x00007fb28be2e700|[g:1][CONSENSUS][PBFT]checkReq: Recv future request,prepHash=160eb160...,INFO=handleSignMsg,num=395,curNum=394,GenIdx=2,Sview=32,view=32,fromIdx=2,fromNode=73994dae...,fromIp=127.0.0.1:59812,hash=0500c818...,nodeIdx=0,myNode=064cb676...
info|2025-10-10 20:52:40.714560|PBFT-1-0x00007fb28be2e700|[g:1][CONSENSUS][PBFT]FutureBlock,INFO=handleSignMsg,num=395,curNum=394,GenIdx=2,Sview=32,view=32,fromIdx=2,fromNode=73994dae...,fromIp=127.0.0.1:59812,hash=0500c818...,nodeIdx=0,myNode=064cb676...
info|2025-10-10 20:52:47.459393|PBFT-1-0x00007fb28be2e700|[g:1][CONSENSUS][SEALER]decrease maxBlockCanSeal to half for PBFT timeout,org_maxBlockCanSeal=1000,halfed_maxBlockCanSeal=500,timeoutCount=1,lastTimeoutTx=1
warning|2025-10-10 20:52:47.461080|PBFT-1-0x00007fb28be2e700|[g:1][CONSENSUS][PBFT]ViewChangeWarning: not caused by omit empty block ,v=32,toV=33,curNum=394,hash=a74ec9f8...,nodeIdx=0,myNode=064cb676...
info|2025-10-10 20:52:47.461715|PBFT-1-0x00007fb28be2e700|[g:1][CONSENSUS][PBFT]checkTimeout Succ,view=32,toView=33,nodeIdx=0,changeCycle=3,myNode=064cb676...,timecost=2
info|2025-10-10 20:52:47.465272|PBFT-1-0x00007fb28be2e700|[g:1][CONSENSUS][PBFT]checkAndChangeView: Reach consensus,org_view=32,cur_changeCycle=3,curView=32,view=33
info|2025-10-10 20:52:47.971782|PBFTWork-1-0x00007fb29263b700|[g:1][CONSENSUS][PartiallyPBFTReqCache]addPartiallyRawPrepare,height=395,reqIdx=3,hash=aa1f9461...
info|2025-10-10 20:52:47.972037|PBFTWork-1-0x00007fb29263b700|[g:1][BLOCKVERIFIER][executeBlock]Executing block,txNum=1,num=395,parentHash=a74ec9f84a27e2d529cc7ffe6326485192a7d2c26f217170a1902910905e8c87,parentNum=394,parentStateRoot=4fec56d58626fee1446b83c57959122460ebf05d6c4e34bd69821c5e9bfc8ad4
info|2025-10-10 20:52:47.972166|PBFTWork-1-0x00007fb29263b700|[g:1][PRECOMPILED]init GasChargeManagePrecompiled
info|2025-10-10 20:52:47.978952|PBFTWork-1-0x00007fb29263b700|[g:1][PRECOMPILED][TimerPrecompiled]getCurrentTimeMillis,timeMillis=1760154767978
info|2025-10-10 20:52:47.980586|PBFTWork-1-0x00007fb29263b700|[g:1][PRECOMPILED][TimerPrecompiled]getCurrentTimeMillis,timeMillis=1760154767980
info|2025-10-10 20:52:47.983701|PBFTWork-1-0x00007fb29263b700|[g:1][CONSENSUS][PBFT]execBlock,blkNum=395,reqIdx=3,hash=3c1603fc...,nodeIdx=0,myNode=064cb676...,decodeCost=0,checkCost=0,notifyCost=0,noteSealingCost=0,currentCycle=3,verifyAndSetSenderCost=1,execCost=11,execPerTx=11,totalCost=12
info|2025-10-10 20:52:47.987696|PBFTWork-1-0x00007fb29263b700|[g:1][CONSENSUS][PBFT]handlePrepareMsg Succ,timecost=4,INFO=handlePartiallyPrepare,reqIdx=3,view=33,reqNum=395,curNum=394,consNum=395,hash=aa1f9461...,nodeIdx=0,myNode=064cb676...,curChangeCycle=3
info|2025-10-10 20:52:47.990164|PBFT-1-0x00007fb28be2e700|[g:1][CONSENSUS][PBFT]checkReq: Recv future request,prepHash=3c1603fc...,INFO=handleSignMsg,num=395,curNum=394,GenIdx=2,Sview=33,view=33,fromIdx=2,fromNode=73994dae...,fromIp=127.0.0.1:59812,hash=6dc76727...,nodeIdx=0,myNode=064cb676...
info|2025-10-10 20:52:47.990193|PBFT-1-0x00007fb28be2e700|[g:1][CONSENSUS][PBFT]FutureBlock,INFO=handleSignMsg,num=395,curNum=394,GenIdx=2,Sview=33,view=33,fromIdx=2,fromNode=73994dae...,fromIp=127.0.0.1:59812,hash=6dc76727...,nodeIdx=0,myNode=064cb676...
info|2025-10-10 20:52:47.995159|PBFT-1-0x00007fb28be2e700|[g:1][CONSENSUS][PBFT]handleSignMsg Succ,Timecost=2,INFO=handleSignMsg,num=395,curNum=394,GenIdx=3,Sview=33,view=33,fromIdx=3,fromNode=87d00b98...,fromIp=127.0.0.1:30302,hash=3c1603fc...,nodeIdx=0,myNode=064cb676...
info|2025-10-10 20:52:50.657223|io_service-0x00007fb2a5e62700|[P2P][Service] heartBeat,connected count=3
info|2025-10-10 20:52:54.033842|P2P-0x00007fb2a7e66700|[g:1] [SYNC][id:064cb676...][Download][Request]Receive block request,peer=374bdfe9...,from=184,to=184
info|2025-10-10 20:52:54.034171|SyncSend-1-0x00007fb298647700|[g:1][SYNC][id:064cb676...][Download][Request][BlockSync]Batch blocks for sending,blockSize=24480,number=184,peer=374bdfe9...,timeCost=0
info|2025-10-10 20:52:54.034257|SyncSend-1-0x00007fb298647700|[g:1][g:1] [SYNC][id:374bdfe9...][Download][Request][BlockSync]Send block packet,peer=374bdfe9...,blocks=1,bytes(V)=24487
info|2025-10-10 20:52:58.115374|PBFT-1-0x00007fb28be2e700|[g:1][CONSENSUS][SEALER]decrease maxBlockCanSeal to half for PBFT timeout,org_maxBlockCanSeal=500,halfed_maxBlockCanSeal=250,timeoutCount=2,lastTimeoutTx=1
warning|2025-10-10 20:52:58.117507|PBFT-1-0x00007fb28be2e700|[g:1][CONSENSUS][PBFT]ViewChangeWarning: not caused by omit empty block ,v=33,toV=34,curNum=394,hash=a74ec9f8...,nodeIdx=0,myNode=064cb676...
info|2025-10-10 20:52:58.117640|PBFT-1-0x00007fb28be2e700|[g:1][CONSENSUS][PBFT]checkTimeout Succ,view=33,toView=34,nodeIdx=0,changeCycle=4,myNode=064cb676...,timecost=2
info|2025-10-10 20:52:58.130580|PBFT-1-0x00007fb28be2e700|[g:1][CONSENSUS][PBFT]checkAndChangeView: Reach consensus,org_view=33,cur_changeCycle=4,curView=33,view=34
info|2025-10-10 20:52:58.630750|PBFTSeal-1-0x00007fb28461f700|[g:1][CONSENSUS][SEALER]++++++++++++++++ Generating seal on,blkNum=395,tx=1,nodeIdx=0,hash=f3c84128...
info|2025-10-10 20:52:58.633542|sealerWorker-0x00007fb293e3e700|[CONSENSUS]addRawPrepare,height=395,reqIdx=0,hash=f3c84128...,time=0
info|2025-10-10 20:52:58.643360|sealerWorker-0x00007fb293e3e700|[BLOCKVERIFIER][executeBlock]Executing block,txNum=1,num=395,parentHash=a74ec9f84a27e2d529cc7ffe6326485192a7d2c26f217170a1902910905e8c87,parentNum=394,parentStateRoot=4fec56d58626fee1446b83c57959122460ebf05d6c4e34bd69821c5e9bfc8ad4
info|2025-10-10 20:52:58.643659|sealerWorker-0x00007fb293e3e700|[PRECOMPILED]init GasChargeManagePrecompiled
info|2025-10-10 20:52:58.648984|SyncMsgE-1-0x00007fb285621700|[PRECOMPILED][TimerPrecompiled]getCurrentTimeMillis,timeMillis=1760154778648
info|2025-10-10 20:52:58.650525|SyncMsgE-1-0x00007fb285621700|[PRECOMPILED][TimerPrecompiled]getCurrentTimeMillis,timeMillis=1760154778650
info|2025-10-10 20:52:58.650801|sealerWorker-0x00007fb293e3e700|[CONSENSUS][PBFT]execBlock,blkNum=395,reqIdx=0,hash=8041f35b...,nodeIdx=0,myNode=064cb676...,decodeCost=0,checkCost=0,notifyCost=0,noteSealingCost=0,currentCycle=4,verifyAndSetSenderCost=0,execCost=7,execPerTx=7,totalCost=7
info|2025-10-10 20:52:58.656347|sealerWorker-0x00007fb293e3e700|[CONSENSUS][PBFT]handlePrepareMsg Succ,timecost=6,INFO=handlePrepareMsg,reqIdx=0,view=34,reqNum=395,curNum=394,consNum=395,curView=34,fromIp=self,hash=f3c84128...,nodeIdx=0,myNode=064cb676...,curChangeCycle=4
info|2025-10-10 20:52:58.656417|sealerWorker-0x00007fb293e3e700|[CONSENSUS][PBFT]generateLocalPrepare,hash=f3c84128...,H=395,nodeIdx=0,myNode=064cb676...
info|2025-10-10 20:52:58.663947|PBFT-1-0x00007fb28be2e700|[g:1][CONSENSUS][PBFT]checkReq: Recv future request,prepHash=8041f35b...,INFO=handleSignMsg,num=395,curNum=394,GenIdx=3,Sview=34,view=34,fromIdx=3,fromNode=87d00b98...,fromIp=127.0.0.1:30302,hash=b65f7acf...,nodeIdx=0,myNode=064cb676...
info|2025-10-10 20:52:58.663966|PBFT-1-0x00007fb28be2e700|[g:1][CONSENSUS][PBFT]FutureBlock,INFO=handleSignMsg,num=395,curNum=394,GenIdx=3,Sview=34,view=34,fromIdx=3,fromNode=87d00b98...,fromIp=127.0.0.1:30302,hash=b65f7acf...,nodeIdx=0,myNode=064cb676...
info|2025-10-10 20:52:58.666562|PBFT-1-0x00007fb28be2e700|[g:1][CONSENSUS][PBFT]checkReq: Recv future request,prepHash=8041f35b...,INFO=handleSignMsg,num=395,curNum=394,GenIdx=2,Sview=34,view=34,fromIdx=2,fromNode=73994dae...,fromIp=127.0.0.1:59812,hash=bea62a44...,nodeIdx=0,myNode=064cb676...
info|2025-10-10 20:52:58.666579|PBFT-1-0x00007fb28be2e700|[g:1][CONSENSUS][PBFT]FutureBlock,INFO=handleSignMsg,num=395,curNum=394,GenIdx=2,Sview=34,view=34,fromIdx=2,fromNode=73994dae...,fromIp=127.0.0.1:59812,hash=bea62a44...,nodeIdx=0,myNode=064cb676...
info|2025-10-10 20:53:00.657681|io_service-0x00007fb2a5e62700|[P2P][Service] heartBeat,connected count=3
info|2025-10-10 20:53:10.657924|io_service-0x00007fb2a5e62700|[P2P][Service] heartBeat,connected count=3
info|2025-10-10 20:53:13.452494|P2P-0x00007fb2a6e64700|[g:1] [SYNC][id:064cb676...][Download][Request]Receive block request,peer=374bdfe9...,from=184,to=184
info|2025-10-10 20:53:13.453053|SyncSend-1-0x00007fb298647700|[g:1][SYNC][id:064cb676...][Download][Request][BlockSync]Batch blocks for sending,blockSize=24480,number=184,peer=374bdfe9...,timeCost=1
info|2025-10-10 20:53:13.453168|SyncSend-1-0x00007fb298647700|[g:1][g:1] [SYNC][id:374bdfe9...][Download][Request][BlockSync]Send block packet,peer=374bdfe9...,blocks=1,bytes(V)=24487
info|2025-10-10 20:53:13.837470|PBFT-1-0x00007fb28be2e700|[g:1][CONSENSUS][SEALER]decrease maxBlockCanSeal to half for PBFT timeout,org_maxBlockCanSeal=250,halfed_maxBlockCanSeal=125,timeoutCount=3,lastTimeoutTx=1
warning|2025-10-10 20:53:13.838652|PBFT-1-0x00007fb28be2e700|[g:1][CONSENSUS][PBFT]ViewChangeWarning: not caused by omit empty block ,v=34,toV=35,curNum=394,hash=a74ec9f8...,nodeIdx=0,myNode=064cb676...
info|2025-10-10 20:53:13.838811|PBFT-1-0x00007fb28be2e700|[g:1][CONSENSUS][PBFT]checkTimeout Succ,view=34,toView=35,nodeIdx=0,changeCycle=5,myNode=064cb676...,timecost=1
info|2025-10-10 20:53:13.858126|PBFT-1-0x00007fb28be2e700|[g:1][CONSENSUS][PBFT]checkAndChangeView: Reach consensus,org_view=34,cur_changeCycle=5,curView=34,view=35
info|2025-10-10 20:53:20.658137|io_service-0x00007fb2a5e62700|[P2P][Service] heartBeat,connected count=3
info|2025-10-10 20:53:30.658672|io_service-0x00007fb2a5e62700|[P2P][Service] heartBeat,connected count=3
warning|2025-10-10 20:53:36.652443|PBFT-1-0x00007fb28be2e700|[g:1][CONSENSUS][PBFT]ViewChangeWarning: not caused by omit empty block ,v=35,toV=36,curNum=394,hash=a74ec9f8...,nodeIdx=0,myNode=064cb676...
info|2025-10-10 20:53:36.654727|PBFT-1-0x00007fb28be2e700|[g:1][CONSENSUS][PBFT]checkTimeout Succ,view=35,toView=36,nodeIdx=0,changeCycle=6,myNode=064cb676...,timecost=6
info|2025-10-10 20:53:36.669862|PBFT-1-0x00007fb28be2e700|[g:1][CONSENSUS][PBFT]checkAndChangeView: Reach consensus,org_view=35,cur_changeCycle=6,curView=35,view=36
info|2025-10-10 20:53:37.193510|PBFTWork-1-0x00007fb29263b700|[g:1][CONSENSUS][PartiallyPBFTReqCache]addPartiallyRawPrepare,height=395,reqIdx=2,hash=9975d115...
info|2025-10-10 20:53:37.193749|PBFTWork-1-0x00007fb29263b700|[g:1][BLOCKVERIFIER][executeBlock]Executing block,txNum=1,num=395,parentHash=a74ec9f84a27e2d529cc7ffe6326485192a7d2c26f217170a1902910905e8c87,parentNum=394,parentStateRoot=4fec56d58626fee1446b83c57959122460ebf05d6c4e34bd69821c5e9bfc8ad4
info|2025-10-10 20:53:37.193874|PBFTWork-1-0x00007fb29263b700|[g:1][PRECOMPILED]init GasChargeManagePrecompiled
info|2025-10-10 20:53:37.217885|PBFTWork-1-0x00007fb29263b700|[g:1][PRECOMPILED][TimerPrecompiled]getCurrentTimeMillis,timeMillis=1760154817217
info|2025-10-10 20:53:37.221481|PBFTWork-1-0x00007fb29263b700|[g:1][PRECOMPILED][TimerPrecompiled]getCurrentTimeMillis,timeMillis=1760154817221
info|2025-10-10 20:53:37.228408|PBFTWork-1-0x00007fb29263b700|[g:1][CONSENSUS][PBFT]execBlock,blkNum=395,reqIdx=2,hash=557d9496...,nodeIdx=0,myNode=064cb676...,decodeCost=0,checkCost=0,notifyCost=0,noteSealingCost=0,currentCycle=6,verifyAndSetSenderCost=0,execCost=35,execPerTx=35,totalCost=35
info|2025-10-10 20:53:37.233020|PBFTWork-1-0x00007fb29263b700|[g:1][CONSENSUS][PBFT]handlePrepareMsg Succ,timecost=5,INFO=handlePartiallyPrepare,reqIdx=2,view=36,reqNum=395,curNum=394,consNum=395,hash=9975d115...,nodeIdx=0,myNode=064cb676...,curChangeCycle=6
info|2025-10-10 20:53:37.233104|PBFT-1-0x00007fb28be2e700|[g:1][CONSENSUS][PBFT]checkReq: Recv future request,prepHash=557d9496...,INFO=handleSignMsg,num=395,curNum=394,GenIdx=2,Sview=36,view=36,fromIdx=2,fromNode=73994dae...,fromIp=127.0.0.1:59812,hash=cfa938e3...,nodeIdx=0,myNode=064cb676...
info|2025-10-10 20:53:37.233117|PBFT-1-0x00007fb28be2e700|[g:1][CONSENSUS][PBFT]FutureBlock,INFO=handleSignMsg,num=395,curNum=394,GenIdx=2,Sview=36,view=36,fromIdx=2,fromNode=73994dae...,fromIp=127.0.0.1:59812,hash=cfa938e3...,nodeIdx=0,myNode=064cb676...
info|2025-10-10 20:53:37.233138|PBFT-1-0x00007fb28be2e700|[g:1][CONSENSUS][PBFT]checkReq: Recv future request,prepHash=557d9496...,INFO=handleSignMsg,num=395,curNum=394,GenIdx=3,Sview=36,view=36,fromIdx=3,fromNode=87d00b98...,fromIp=127.0.0.1:30302,hash=534107f1...,nodeIdx=0,myNode=064cb676...
info|2025-10-10 20:53:37.233145|PBFT-1-0x00007fb28be2e700|[g:1][CONSENSUS][PBFT]FutureBlock,INFO=handleSignMsg,num=395,curNum=394,GenIdx=3,Sview=36,view=36,fromIdx=3,fromNode=87d00b98...,fromIp=127.0.0.1:30302,hash=534107f1...,nodeIdx=0,myNode=064cb676...
info|2025-10-10 20:53:40.659199|io_service-0x00007fb2a5e62700|[P2P][Service] heartBeat,connected count=3
info|2025-10-10 20:53:50.659771|io_service-0x00007fb2a5e62700|[P2P][Service] heartBeat,connected count=3
info|2025-10-10 20:54:00.660342|io_service-0x00007fb2a5e62700|[P2P][Service] heartBeat,connected count=3
info|2025-10-10 20:54:04.892582|P2P-0x00007fb2a6e64700|[g:1] [SYNC][id:064cb676...][Download][Request]Receive block request,peer=374bdfe9...,from=184,to=184
info|2025-10-10 20:54:04.893440|SyncSend-1-0x00007fb298647700|[g:1][SYNC][id:064cb676...][Download][Request][BlockSync]Batch blocks for sending,blockSize=24480,number=184,peer=374bdfe9...,timeCost=0
info|2025-10-10 20:54:04.893572|SyncSend-1-0x00007fb298647700|[g:1][g:1] [SYNC][id:374bdfe9...][Download][Request][BlockSync]Send block packet,peer=374bdfe9...,blocks=1,bytes(V)=24487
info|2025-10-10 20:54:10.660971|io_service-0x00007fb2a5e62700|[P2P][Service] heartBeat,connected count=3
info|2025-10-10 20:54:11.404462|PBFT-1-0x00007fb28be2e700|[g:1][CONSENSUS][SEALER]decrease maxBlockCanSeal to half for PBFT timeout,org_maxBlockCanSeal=124,halfed_maxBlockCanSeal=62,timeoutCount=4,lastTimeoutTx=1
warning|2025-10-10 20:54:11.406129|PBFT-1-0x00007fb28be2e700|[g:1][CONSENSUS][PBFT]ViewChangeWarning: not caused by omit empty block ,v=36,toV=37,curNum=394,hash=a74ec9f8...,nodeIdx=0,myNode=064cb676...
info|2025-10-10 20:54:11.406305|PBFT-1-0x00007fb28be2e700|[g:1][CONSENSUS][PBFT]checkTimeout Succ,view=36,toView=37,nodeIdx=0,changeCycle=7,myNode=064cb676...,timecost=2
info|2025-10-10 20:54:11.427269|PBFT-1-0x00007fb28be2e700|[g:1][CONSENSUS][PBFT]checkAndChangeView: Reach consensus,org_view=36,cur_changeCycle=7,curView=36,view=37
info|2025-10-10 20:54:11.930240|PBFTWork-1-0x00007fb29263b700|[g:1][CONSENSUS][PartiallyPBFTReqCache]addPartiallyRawPrepare,height=395,reqIdx=3,hash=2463eef2...
info|2025-10-10 20:54:11.930556|PBFTWork-1-0x00007fb29263b700|[g:1][BLOCKVERIFIER][executeBlock]Executing block,txNum=1,num=395,parentHash=a74ec9f84a27e2d529cc7ffe6326485192a7d2c26f217170a1902910905e8c87,parentNum=394,parentStateRoot=4fec56d58626fee1446b83c57959122460ebf05d6c4e34bd69821c5e9bfc8ad4
info|2025-10-10 20:54:11.930690|PBFTWork-1-0x00007fb29263b700|[g:1][PRECOMPILED]init GasChargeManagePrecompiled
info|2025-10-10 20:54:11.954931|PBFTWork-1-0x00007fb29263b700|[g:1][PRECOMPILED][TimerPrecompiled]getCurrentTimeMillis,timeMillis=1760154851954
info|2025-10-10 20:54:11.965835|PBFTWork-1-0x00007fb29263b700|[g:1][PRECOMPILED][TimerPrecompiled]getCurrentTimeMillis,timeMillis=1760154851965
info|2025-10-10 20:54:11.981631|PBFTWork-1-0x00007fb29263b700|[g:1][CONSENSUS][PBFT]execBlock,blkNum=395,reqIdx=3,hash=0456a37f...,nodeIdx=0,myNode=064cb676...,decodeCost=0,checkCost=0,notifyCost=0,noteSealingCost=0,currentCycle=7,verifyAndSetSenderCost=0,execCost=51,execPerTx=51,totalCost=51
info|2025-10-10 20:54:11.992111|PBFTWork-1-0x00007fb29263b700|[g:1][CONSENSUS][PBFT]handlePrepareMsg Succ,timecost=11,INFO=handlePartiallyPrepare,reqIdx=3,view=37,reqNum=395,curNum=394,consNum=395,hash=2463eef2...,nodeIdx=0,myNode=064cb676...,curChangeCycle=7
info|2025-10-10 20:54:11.992292|PBFT-1-0x00007fb28be2e700|[g:1][CONSENSUS][PBFT]checkReq: Recv future request,prepHash=0456a37f...,INFO=handleSignMsg,num=395,curNum=394,GenIdx=2,Sview=37,view=37,fromIdx=2,fromNode=73994dae...,fromIp=127.0.0.1:59812,hash=31ed6e66...,nodeIdx=0,myNode=064cb676...
info|2025-10-10 20:54:11.992305|PBFT-1-0x00007fb28be2e700|[g:1][CONSENSUS][PBFT]FutureBlock,INFO=handleSignMsg,num=395,curNum=394,GenIdx=2,Sview=37,view=37,fromIdx=2,fromNode=73994dae...,fromIp=127.0.0.1:59812,hash=31ed6e66...,nodeIdx=0,myNode=064cb676...
info|2025-10-10 20:54:11.992737|PBFT-1-0x00007fb28be2e700|[g:1][CONSENSUS][PBFT]checkReq: Recv future request,prepHash=0456a37f...,INFO=handleSignMsg,num=395,curNum=394,GenIdx=3,Sview=37,view=37,fromIdx=3,fromNode=87d00b98...,fromIp=127.0.0.1:30302,hash=173372c3...,nodeIdx=0,myNode=064cb676...
info|2025-10-10 20:54:11.992753|PBFT-1-0x00007fb28be2e700|[g:1][CONSENSUS][PBFT]FutureBlock,INFO=handleSignMsg,num=395,curNum=394,GenIdx=3,Sview=37,view=37,fromIdx=3,fromNode=87d00b98...,fromIp=127.0.0.1:30302,hash=173372c3...,nodeIdx=0,myNode=064cb676...
info|2025-10-10 20:54:20.661200|io_service-0x00007fb2a5e62700|[P2P][Service] heartBeat,connected count=3
info|2025-10-10 20:54:24.306815|P2P-0x00007fb2a6663700|[g:1] [SYNC][id:064cb676...][Download][Request]Receive block request,peer=374bdfe9...,from=184,to=184
info|2025-10-10 20:54:24.307453|SyncSend-1-0x00007fb298647700|[g:1][SYNC][id:064cb676...][Download][Request][BlockSync]Batch blocks for sending,blockSize=24480,number=184,peer=374bdfe9...,timeCost=0
info|2025-10-10 20:54:24.307537|SyncSend-1-0x00007fb298647700|[g:1][g:1] [SYNC][id:374bdfe9...][Download][Request][BlockSync]Send block packet,peer=374bdfe9...,blocks=1,bytes(V)=24487
info|2025-10-10 20:54:30.662152|io_service-0x00007fb2a5e62700|[P2P][Service] heartBeat,connected count=3
info|2025-10-10 20:54:40.662382|io_service-0x00007fb2a5e62700|[P2P][Service] heartBeat,connected count=3
info|2025-10-10 20:54:50.662918|io_service-0x00007fb2a5e62700|[P2P][Service] heartBeat,connected count=3
info|2025-10-10 20:54:56.330971|P2P-0x00007fb2a6663700|[g:1] [SYNC][id:064cb676...][Download][Request]Receive block request,peer=374bdfe9...,from=184,to=184
info|2025-10-10 20:54:56.331868|SyncSend-1-0x00007fb298647700|[g:1][SYNC][id:064cb676...][Download][Request][BlockSync]Batch blocks for sending,blockSize=24480,number=184,peer=374bdfe9...,timeCost=0
info|2025-10-10 20:54:56.332032|SyncSend-1-0x00007fb298647700|[g:1][g:1] [SYNC][id:374bdfe9...][Download][Request][BlockSync]Send block packet,peer=374bdfe9...,blocks=1,bytes(V)=24487
info|2025-10-10 20:55:00.663767|io_service-0x00007fb2a5e62700|[P2P][Service] heartBeat,connected count=3
info|2025-10-10 20:55:03.247137|PBFT-1-0x00007fb28be2e700|[g:1][CONSENSUS][SEALER]decrease maxBlockCanSeal to half for PBFT timeout,org_maxBlockCanSeal=62,halfed_maxBlockCanSeal=31,timeoutCount=5,lastTimeoutTx=1
warning|2025-10-10 20:55:03.262586|PBFT-1-0x00007fb28be2e700|[g:1][CONSENSUS][PBFT]ViewChangeWarning: not caused by omit empty block ,v=37,toV=38,curNum=394,hash=a74ec9f8...,nodeIdx=0,myNode=064cb676...
info|2025-10-10 20:55:03.263698|PBFT-1-0x00007fb28be2e700|[g:1][CONSENSUS][PBFT]checkTimeout Succ,view=37,toView=38,nodeIdx=0,changeCycle=8,myNode=064cb676...,timecost=16
info|2025-10-10 20:55:03.283683|PBFT-1-0x00007fb28be2e700|[g:1][CONSENSUS][PBFT]checkAndChangeView: Reach consensus,org_view=37,cur_changeCycle=8,curView=37,view=38
info|2025-10-10 20:55:03.786397|PBFTSeal-1-0x00007fb28461f700|[g:1][CONSENSUS][SEALER]++++++++++++++++ Generating seal on,blkNum=395,tx=2,nodeIdx=0,hash=2a988cbb...
info|2025-10-10 20:55:03.789298|sealerWorker-0x00007fb293e3e700|[CONSENSUS]addRawPrepare,height=395,reqIdx=0,hash=2a988cbb...,time=0
info|2025-10-10 20:55:03.789502|sealerWorker-0x00007fb293e3e700|[BLOCKVERIFIER][executeBlock]Executing block,txNum=2,num=395,parentHash=a74ec9f84a27e2d529cc7ffe6326485192a7d2c26f217170a1902910905e8c87,parentNum=394,parentStateRoot=4fec56d58626fee1446b83c57959122460ebf05d6c4e34bd69821c5e9bfc8ad4
info|2025-10-10 20:55:03.789641|sealerWorker-0x00007fb293e3e700|[PRECOMPILED]init GasChargeManagePrecompiled
info|2025-10-10 20:55:03.804913|sealerWorker-0x00007fb293e3e700|[PRECOMPILED][TimerPrecompiled]getCurrentTimeMillis,timeMillis=1760154903804
info|2025-10-10 20:55:03.806362|sealerWorker-0x00007fb293e3e700|[PRECOMPILED][TimerPrecompiled]getCurrentTimeMillis,timeMillis=1760154903806
info|2025-10-10 20:55:03.816546|sealerWorker-0x00007fb293e3e700|[STORAGE][MemoryTableFactory2]createTable,table name=c_8c7f382bd105965cc6fc4b9dda08d00f97911d17,keyField=key,valueField=value
info|2025-10-10 20:55:03.829432|sealerWorker-0x00007fb293e3e700|[CONSENSUS][PBFT]execBlock,blkNum=395,reqIdx=0,hash=651165c4...,nodeIdx=0,myNode=064cb676...,decodeCost=0,checkCost=0,notifyCost=0,noteSealingCost=0,currentCycle=8,verifyAndSetSenderCost=0,execCost=40,execPerTx=20,totalCost=40
info|2025-10-10 20:55:03.841092|sealerWorker-0x00007fb293e3e700|[CONSENSUS][PBFT]handlePrepareMsg Succ,timecost=12,INFO=handlePrepareMsg,reqIdx=0,view=38,reqNum=395,curNum=394,consNum=395,curView=38,fromIp=self,hash=2a988cbb...,nodeIdx=0,myNode=064cb676...,curChangeCycle=8
info|2025-10-10 20:55:03.841144|sealerWorker-0x00007fb293e3e700|[CONSENSUS][PBFT]generateLocalPrepare,hash=2a988cbb...,H=395,nodeIdx=0,myNode=064cb676...
info|2025-10-10 20:55:03.841388|PBFT-1-0x00007fb28be2e700|[g:1][CONSENSUS][PBFT]checkReq: Recv future request,prepHash=651165c4...,INFO=handleSignMsg,num=395,curNum=394,GenIdx=2,Sview=38,view=38,fromIdx=2,fromNode=73994dae...,fromIp=127.0.0.1:59812,hash=c3c6c2dd...,nodeIdx=0,myNode=064cb676...
info|2025-10-10 20:55:03.841412|PBFT-1-0x00007fb28be2e700|[g:1][CONSENSUS][PBFT]FutureBlock,INFO=handleSignMsg,num=395,curNum=394,GenIdx=2,Sview=38,view=38,fromIdx=2,fromNode=73994dae...,fromIp=127.0.0.1:59812,hash=c3c6c2dd...,nodeIdx=0,myNode=064cb676...
info|2025-10-10 20:55:03.841442|PBFT-1-0x00007fb28be2e700|[g:1][CONSENSUS][PBFT]checkReq: Recv future request,prepHash=651165c4...,INFO=handleSignMsg,num=395,curNum=394,GenIdx=3,Sview=38,view=38,fromIdx=3,fromNode=87d00b98...,fromIp=127.0.0.1:30302,hash=7bf8e7e3...,nodeIdx=0,myNode=064cb676...
info|2025-10-10 20:55:03.841456|PBFT-1-0x00007fb28be2e700|[g:1][CONSENSUS][PBFT]FutureBlock,INFO=handleSignMsg,num=395,curNum=394,GenIdx=3,Sview=38,view=38,fromIdx=3,fromNode=87d00b98...,fromIp=127.0.0.1:30302,hash=7bf8e7e3...,nodeIdx=0,myNode=064cb676...
info|2025-10-10 20:55:09.343048|P2P-0x00007fb2a7e66700|[g:1] [SYNC][id:064cb676...][Download][Request]Receive block request,peer=374bdfe9...,from=184,to=184
info|2025-10-10 20:55:09.343951|SyncSend-1-0x00007fb298647700|[g:1][SYNC][id:064cb676...][Download][Request][BlockSync]Batch blocks for sending,blockSize=24480,number=184,peer=374bdfe9...,timeCost=0
info|2025-10-10 20:55:09.344105|SyncSend-1-0x00007fb298647700|[g:1][g:1] [SYNC][id:374bdfe9...][Download][Request][BlockSync]Send block packet,peer=374bdfe9...,blocks=1,bytes(V)=24487
info|2025-10-10 20:55:10.664191|io_service-0x00007fb2a5e62700|[P2P][Service] heartBeat,connected count=3
info|2025-10-10 20:55:20.664766|io_service-0x00007fb2a5e62700|[P2P][Service] heartBeat,connected count=3
info|2025-10-10 20:55:28.557177|P2P-0x00007fb2a7665700|[g:1] [SYNC][id:064cb676...][Download][Request]Receive block request,peer=374bdfe9...,from=184,to=184
info|2025-10-10 20:55:28.557948|SyncSend-1-0x00007fb298647700|[g:1][SYNC][id:064cb676...][Download][Request][BlockSync]Batch blocks for sending,blockSize=24480,number=184,peer=374bdfe9...,timeCost=0
info|2025-10-10 20:55:28.558139|SyncSend-1-0x00007fb298647700|[g:1][g:1] [SYNC][id:374bdfe9...][Download][Request][BlockSync]Send block packet,peer=374bdfe9...,blocks=1,bytes(V)=24487
info|2025-10-10 20:55:30.665633|io_service-0x00007fb2a5e62700|[P2P][Service] heartBeat,connected count=3
info|2025-10-10 20:55:40.665932|io_service-0x00007fb2a5e62700|[P2P][Service] heartBeat,connected count=3
info|2025-10-10 20:55:50.666534|io_service-0x00007fb2a5e62700|[P2P][Service] heartBeat,connected count=3
info|2025-10-10 20:55:52.065476|fisco-bcos-0x00007fb2a8bdbdc0|[LEDGER]stop sealer,groupID=1
info|2025-10-10 20:55:52.065528|fisco-bcos-0x00007fb2a8bdbdc0|[CONSENSUS][SEALER]Stop sealer module...
info|2025-10-10 20:55:52.067558|fisco-bcos-0x00007fb2a8bdbdc0|[CONSENSUS][ConsensusEngine][Stop ConsensusEngineBase]
info|2025-10-10 20:55:52.068994|fisco-bcos-0x00007fb2a8bdbdc0|[CONSENSUS][ConsensusEngine]ConsensusEngineBase stopped
info|2025-10-10 20:55:52.069039|fisco-bcos-0x00007fb2a8bdbdc0|[LEDGER]sealer stopped. stop sync,groupID=1
info|2025-10-10 20:55:52.069461|fisco-bcos-0x00007fb2a8bdbdc0|[g:1] [SYNC][id:064cb676...]SyncMsgEngine stopped
info|2025-10-10 20:55:52.196739|fisco-bcos-0x00007fb2a8bdbdc0|[GossipBlockStatus]stop GossipBlockStatus succ
info|2025-10-10 20:55:53.251122|fisco-bcos-0x00007fb2a8bdbdc0|[SYNC][id:064cb676...][g:1]SyncMaster stopped
info|2025-10-10 20:55:53.251209|fisco-bcos-0x00007fb2a8bdbdc0|[LEDGER]sync stopped. stop event filter manager,groupID=1
info|2025-10-10 20:55:53.331933|fisco-bcos-0x00007fb2a8bdbdc0|[EVENT][EventLogFilterManager]stop
info|2025-10-10 20:55:53.331986|fisco-bcos-0x00007fb2a8bdbdc0|[LEDGER]event filter manager stopped. stop tx pool,groupID=1
info|2025-10-10 20:55:53.332602|fisco-bcos-0x00007fb2a8bdbdc0|[LEDGER]removeNetworkStatHandlerByGroupID and removeGroupBandwidthLimiter for service,groupID=1
info|2025-10-10 20:55:53.332640|fisco-bcos-0x00007fb2a8bdbdc0|[CHANNEL]removeSDKAllowListByGroupId,groupId=1
info|2025-10-10 20:55:53.332650|fisco-bcos-0x00007fb2a8bdbdc0|[INITIALIZER]ledgerInitializer stopped
warning|2025-10-10 20:55:53.332704|ChannelServer-0x00007fb29ce50700|[CHANNEL]Accept failed,message=Operation canceled
info|2025-10-10 20:55:54.268624|io_service-0x00007fb2a5e62700|[NETWORK][Session]doRead failed,endpoint=127.0.0.1:30302,message=short read (SSL routines, SSL routines)
info|2025-10-10 20:55:54.268679|io_service-0x00007fb2a5e62700|[NETWORK][Session]drop, call and erase all callbackFunc of the session!,endpoint=127.0.0.1:30302
info|2025-10-10 20:55:54.268711|io_service-0x00007fb2a5e62700|[NETWORK][Session][drop] closing remote 127.0.0.1:30302,reason=Low-level TCP communication failed.,endpoint=127.0.0.1:30302
info|2025-10-10 20:55:54.268833|io_service-0x00007fb2a5e62700|[NETWORK][Session]Session inactive
info|2025-10-10 20:55:54.268842|io_service-0x00007fb2a5e62700|[NETWORK][Session]Session inactive
info|2025-10-10 20:55:54.268848|io_service-0x00007fb2a5e62700|[NETWORK][Session][drop] shutdown failed ,code=9,message=Bad file descriptor
info|2025-10-10 20:55:54.268865|io_service-0x00007fb2a5e62700|[NETWORK][Session]doRead failed,endpoint=127.0.0.1:30301,message=short read (SSL routines, SSL routines)
info|2025-10-10 20:55:54.268874|io_service-0x00007fb2a5e62700|[NETWORK][Session]drop, call and erase all callbackFunc of the session!,endpoint=127.0.0.1:30301
info|2025-10-10 20:55:54.268885|io_service-0x00007fb2a5e62700|[NETWORK][Session][drop] closing remote 127.0.0.1:30301,reason=Low-level TCP communication failed.,endpoint=127.0.0.1:30301
info|2025-10-10 20:55:54.268943|io_service-0x00007fb2a5e62700|[NETWORK][Session]Session inactive
info|2025-10-10 20:55:54.268949|io_service-0x00007fb2a5e62700|[NETWORK][Session]Session inactive
info|2025-10-10 20:55:54.268953|io_service-0x00007fb2a5e62700|[NETWORK][Session][drop] shutdown failed ,code=9,message=Bad file descriptor
info|2025-10-10 20:55:54.268976|P2P-0x00007fb2a7665700|[P2P][Service] disconnect inactive P2PSession,nodeID=87d00b98...,endpoint=127.0.0.1:30302,code=3,what=Disconnect
info|2025-10-10 20:55:54.269019|P2P-0x00007fb2a7665700|[P2P][Service] onDisconnect,code=3,what=Dynamic exception type: dev::network::NetworkException
std::exception::what: Disconnect
info|2025-10-10 20:55:54.269213|P2P-0x00007fb2a7665700|[P2P][Service] disconnect inactive P2PSession,nodeID=374bdfe9...,endpoint=127.0.0.1:30301,code=3,what=Disconnect
info|2025-10-10 20:55:54.269224|P2P-0x00007fb2a7665700|[P2P][Service] onDisconnect,code=3,what=Dynamic exception type: dev::network::NetworkException
std::exception::what: Disconnect
info|2025-10-10 20:55:54.273225|io_service-0x00007fb2a5e62700|[NETWORK][Session]doRead failed,endpoint=127.0.0.1:59812,message=short read (SSL routines, SSL routines)
info|2025-10-10 20:55:54.273285|io_service-0x00007fb2a5e62700|[NETWORK][Session]drop, call and erase all callbackFunc of the session!,endpoint=127.0.0.1:59812
info|2025-10-10 20:55:54.273304|io_service-0x00007fb2a5e62700|[NETWORK][Session][drop] closing remote 127.0.0.1:59812,reason=Low-level TCP communication failed.,endpoint=127.0.0.1:59812
info|2025-10-10 20:55:54.273416|io_service-0x00007fb2a5e62700|[NETWORK][Session]Session inactive
info|2025-10-10 20:55:54.273446|io_service-0x00007fb2a5e62700|[NETWORK][Session]Session inactive
info|2025-10-10 20:55:54.273455|io_service-0x00007fb2a5e62700|[NETWORK][Session][drop] shutdown failed ,code=9,message=Bad file descriptor
info|2025-10-10 20:55:54.273428|P2P-0x00007fb2a7e66700|[P2P][Service] disconnect inactive P2PSession,nodeID=73994dae...,endpoint=127.0.0.1:59812,code=3,what=Disconnect
info|2025-10-10 20:55:54.273476|P2P-0x00007fb2a7e66700|[P2P][Service] onDisconnect,code=3,what=Dynamic exception type: dev::network::NetworkException
std::exception::what: Disconnect
info|2025-10-10 20:55:54.333631|fisco-bcos-0x00007fb2a8bdbdc0|[INITIALIZER]ChannelRPCHttpServer deleted.
info|2025-10-10 20:55:54.334447|fisco-bcos-0x00007fb2a8bdbdc0|[INITIALIZER]JsonrpcHttpServer deleted.
info|2025-10-10 20:55:54.334468|fisco-bcos-0x00007fb2a8bdbdc0|[INITIALIZER]RPCInitializer stopped
info|2025-10-10 20:55:54.334528|io_service-0x00007fb2a5e62700|[NETWORK][Host]Host exit
info|2025-10-10 20:55:54.335055|fisco-bcos-0x00007fb2a8bdbdc0|[INITIALIZER]P2PInitializer stopped
info|2025-10-10 20:55:54.335079|fisco-bcos-0x00007fb2a8bdbdc0|[LEDGER]stop sealer,groupID=1
info|2025-10-10 20:55:54.335087|fisco-bcos-0x00007fb2a8bdbdc0|[LEDGER]sealer stopped. stop sync,groupID=1
info|2025-10-10 20:55:54.335095|fisco-bcos-0x00007fb2a8bdbdc0|[g:1] [SYNC][id:064cb676...]SyncMsgEngine stopped
info|2025-10-10 20:55:54.335107|fisco-bcos-0x00007fb2a8bdbdc0|[GossipBlockStatus]GossipBlockStatus already stopped
info|2025-10-10 20:55:54.335112|fisco-bcos-0x00007fb2a8bdbdc0|[SYNC][id:064cb676...][g:1]SyncMaster stopped
info|2025-10-10 20:55:54.335116|fisco-bcos-0x00007fb2a8bdbdc0|[LEDGER]sync stopped. stop event filter manager,groupID=1
info|2025-10-10 20:55:54.335121|fisco-bcos-0x00007fb2a8bdbdc0|[LEDGER]event filter manager stopped. stop tx pool,groupID=1
info|2025-10-10 20:55:54.335128|fisco-bcos-0x00007fb2a8bdbdc0|[LEDGER]removeNetworkStatHandlerByGroupID and removeGroupBandwidthLimiter for service,groupID=1
info|2025-10-10 20:55:54.335146|fisco-bcos-0x00007fb2a8bdbdc0|[g:1][STORAGE][CachedStorage]Stopping flushStorage thread
info|2025-10-10 20:55:54.969457|fisco-bcos-0x00007fb2a8bdbdc0|[g:1][STORAGE][CachedStorage]flushStorage thread stopped.
info|2025-10-10 20:55:54.969489|fisco-bcos-0x00007fb2a8bdbdc0|[DBINITIALIZER] storage stopped
info|2025-10-10 20:55:54.988201|fisco-bcos-0x00007fb2a8bdbdc0|[g:1] [SYNC][id:064cb676...]SyncMsgEngine stopped
info|2025-10-10 20:55:54.988281|fisco-bcos-0x00007fb2a8bdbdc0|[GossipBlockStatus]GossipBlockStatus already stopped
info|2025-10-10 20:55:54.988297|fisco-bcos-0x00007fb2a8bdbdc0|[SYNC][id:064cb676...][g:1]SyncMaster stopped
info|2025-10-10 20:55:54.988328|fisco-bcos-0x00007fb2a8bdbdc0|[g:1] [SYNC][id:064cb676...]SyncMsgEngine stopped
