info|2025-10-27 19:52:28.933582|fisco-bcos-0x00007f46832abdc0|[INITIALIZER][initGlobalConfig],enableCompress=true,compatibilityVersion=2.11.0,versionNumber=34275328,enableStat=false,chainId=1,useSMCrypto=true,IgnoreObserverWriteRequest=false
info|2025-10-27 19:52:28.934843|fisco-bcos-0x00007f46832abdc0|[INITIALIZER][SecureInitializerGM]get pub of node,nodeID=064cb676a36047a4b52ecbf9c01664b1e987d91b438110ba6a12d96972726622e824d295b1de8b0298b5afe7bbbc0bd04a3890e1a36eae028c1cfbe07971b995
info|2025-10-27 19:52:28.936465|fisco-bcos-0x00007f46832abdc0|[NETWORK][Host]Connecting to node,endpoint=127.0.0.1:30300
info|2025-10-27 19:52:28.936708|fisco-bcos-0x00007f46832abdc0|[NETWORK][Host]Connecting to node,endpoint=127.0.0.1:30301
info|2025-10-27 19:52:28.936925|fisco-bcos-0x00007f46832abdc0|[NETWORK][Host]Connecting to node,endpoint=127.0.0.1:30302
info|2025-10-27 19:52:28.936996|fisco-bcos-0x00007f46832abdc0|[NETWORK][Host]Connecting to node,endpoint=127.0.0.1:30303
info|2025-10-27 19:52:28.937079|fisco-bcos-0x00007f46832abdc0|[P2P][Service] heartBeat,connected count=0
info|2025-10-27 19:52:28.937134|fisco-bcos-0x00007f46832abdc0|[INITIALIZER][RPCInitializer],network_security.check_cert_issuer=true
info|2025-10-27 19:52:28.938381|fisco-bcos-0x00007f46832abdc0|[CHANNEL][ChannelServer::run],threadPoolSize=8
info|2025-10-27 19:52:28.938462|fisco-bcos-0x00007f46832abdc0|[CHANNEL]ChannelRPCServer started
info|2025-10-27 19:52:28.938471|fisco-bcos-0x00007f46832abdc0|[INITIALIZER][RPCInitializer: ChannelRPCHttpServer started.],disableDynamicGroup=false,uncheckGroupMember=false,threadSize=8
info|2025-10-27 19:52:28.938485|fisco-bcos-0x00007f46832abdc0|[INITIALIZER][LedgerInitializer]initConfig
info|2025-10-27 19:52:28.938532|fisco-bcos-0x00007f46832abdc0|[LedgerInitializer],groupConfigPath=conf/
info|2025-10-27 19:52:28.938757|fisco-bcos-0x00007f46832abdc0|[INITIALIZER][initSingleLedger] [GroupId], LedgerConstructor:  1,configFileName=conf/group.1.genesis,dataDir=data/
info|2025-10-27 19:52:28.938861|fisco-bcos-0x00007f46832abdc0|[g:1][LedgerParam][parseGenesisConfig]initConsensusConfig/initStorageConfig/initTxConfig,configFile=conf/group.1.genesis
info|2025-10-27 19:52:28.938891|fisco-bcos-0x00007f46832abdc0|[g:1][LedgerParam][initConsensusConfig],type=pbft,consensusTimeout=3,maxTxNum=1000,txGasLimit=300000000
info|2025-10-27 19:52:28.938915|fisco-bcos-0x00007f46832abdc0|[g:1][LedgerParam][parsePublicKeyListOfSection],sectionName=consensus,it.first=73994dae9e8b8da733108a4153dfe79151d701dff425f84c87b5324e8ebd02ab6a0ebc9e4f1e0298a7ddca50f94a8f95c62b6997226d571e470e8f2b0600634a
info|2025-10-27 19:52:28.938934|fisco-bcos-0x00007f46832abdc0|[g:1][LedgerParam][parsePublicKeyListOfSection],sectionName=consensus,it.first=374bdfe969e1d8ea1200ade93e5d8cf1a7d5741f238011004b0f43ca818706f194b2f067e1708125f7ffc536610b9a72addbd56b238d65f18912be39037ffcc5
info|2025-10-27 19:52:28.938950|fisco-bcos-0x00007f46832abdc0|[g:1][LedgerParam][parsePublicKeyListOfSection],sectionName=consensus,it.first=87d00b98321fc70a5abc85ad9e80db10cce315194133697bf74aace1d3f8430957a766240f751752708f4282f46110d6ea56c3eb5d1c02ce98a66f327f595270
info|2025-10-27 19:52:28.938975|fisco-bcos-0x00007f46832abdc0|[g:1][LedgerParam][parsePublicKeyListOfSection],sectionName=consensus,it.first=064cb676a36047a4b52ecbf9c01664b1e987d91b438110ba6a12d96972726622e824d295b1de8b0298b5afe7bbbc0bd04a3890e1a36eae028c1cfbe07971b995
info|2025-10-27 19:52:28.938984|fisco-bcos-0x00007f46832abdc0|[g:1][LedgerParam][parsePublicKeyListOfSection],totalPubKeySize=4
info|2025-10-27 19:52:28.939020|fisco-bcos-0x00007f46832abdc0|[g:1][LedgerParam][max_block_range],maxBlockRange=0,maxBlockPerProcess=3
info|2025-10-27 19:52:28.939029|fisco-bcos-0x00007f46832abdc0|[g:1][LedgerParam][parseGenesisConfig],timestamp=1759762229000
info|2025-10-27 19:52:28.939042|fisco-bcos-0x00007f46832abdc0|[g:1][LedgerParam]setEVMFlags,enableFreeStorageVMSchedule=false,evmFlags=0
info|2025-10-27 19:52:28.939059|fisco-bcos-0x00007f46832abdc0|[g:1][LedgerParam]store evmFlag,evmFlag=0
info|2025-10-27 19:52:28.939067|fisco-bcos-0x00007f46832abdc0|[g:1][LedgerParam]store consensus time,consensusTimeout=3
info|2025-10-27 19:52:28.939073|fisco-bcos-0x00007f46832abdc0|[g:1][LedgerParam][initMark],genesisMark=1-064cb676a36047a4b52ecbf9c01664b1e987d91b438110ba6a12d96972726622e824d295b1de8b0298b5afe7bbbc0bd04a3890e1a36eae028c1cfbe07971b995,374bdfe969e1d8ea1200ade93e5d8cf1a7d5741f238011004b0f43ca818706f194b2f067e1708125f7ffc536610b9a72addbd56b238d65f18912be39037ffcc5,73994dae9e8b8da733108a4153dfe79151d701dff425f84c87b5324e8ebd02ab6a0ebc9e4f1e0298a7ddca50f94a8f95c62b6997226d571e470e8f2b0600634a,87d00b98321fc70a5abc85ad9e80db10cce315194133697bf74aace1d3f8430957a766240f751752708f4282f46110d6ea56c3eb5d1c02ce98a66f327f595270,-pbft-storage-0-1000-300000000-3
info|2025-10-27 19:52:28.939095|fisco-bcos-0x00007f46832abdc0|[g:1][LedgerParam][initIniConfig]initTxPoolConfig/initSyncConfig/initTxExecuteConfig,configFile=conf/group.1.ini
info|2025-10-27 19:52:28.939726|fisco-bcos-0x00007f46832abdc0|[g:1][LedgerParam][initStorageConfig],stateType=storage,storageDB=rocksdb,storagePath=data//group1/block/RocksDB,baseDir=data//group1,dbtype=mysql,dbip=127.0.0.1,dbport=3306,dbcharset=utf8mb4,initconnections=15,maxconnections=50,scrollThreshold=2000,enableReconfirmCommittee=false
info|2025-10-27 19:52:28.939755|fisco-bcos-0x00007f46832abdc0|[g:1][LedgerParam][initTxPoolConfig],txPoolLimit=150000,memorySizeLimit(MB)=512,notifyWorkerNum=2,txsExpirationTime(ms)=600000
info|2025-10-27 19:52:28.939767|fisco-bcos-0x00007f46832abdc0|[g:1][LedgerParam][initSyncConfig],idleWaitMs=200
info|2025-10-27 19:52:28.939782|fisco-bcos-0x00007f46832abdc0|[g:1][LedgerParam][initSyncConfig],enableSendTxsByTree=true,enableSendBlockStatusByTree=true
info|2025-10-27 19:52:28.939792|fisco-bcos-0x00007f46832abdc0|[g:1][LedgerParam][initSyncConfig],gossipInterval=1000
info|2025-10-27 19:52:28.939810|fisco-bcos-0x00007f46832abdc0|[g:1][LedgerParam][initSyncConfig],enableSendBlockStatusByTree=true,gossipInterval=1000,gossipPeers=3,syncTreeWidth=3,maxQueueSizeForBlockSync=536870912,txsStatusGossipMaxPeers=5,syncInfoPrintInterval=10,freeNodeRead=false
info|2025-10-27 19:52:28.939820|fisco-bcos-0x00007f46832abdc0|[g:1][LedgerParam][InitTxExecuteConfig],enableParallel=true
info|2025-10-27 19:52:28.939845|fisco-bcos-0x00007f46832abdc0|[g:1][LedgerParam][initConsensusIniConfig],maxTTL=2,minBlockGenerationTime=500,enablDynamicBlockSize=true,blockSizeIncreaseRatio=0.5,enableTTLOptimize=true,enablePrepareWithTxsHash=true
info|2025-10-27 19:52:28.939882|fisco-bcos-0x00007f46832abdc0|[g:1][LedgerParam][initRPBFTConsensusIniConfig],broadcastPrepareByTree=true,prepareStatusBroadcastPercent=33,maxRequestMissedTxsWaitTime=100,maxRequestPrepareWaitTime=100
info|2025-10-27 19:52:28.939893|fisco-bcos-0x00007f46832abdc0|[g:1][LedgerParam][initFlowControlConfig],maxQPS=9223372036854775807,outGoingBandwidth(Bytes)=9223372036854775807
info|2025-10-27 19:52:28.939902|fisco-bcos-0x00007f46832abdc0|[g:1][LedgerParam]parseSDKAllowList,sdkAllowList=[],enableSDKAllowListControl=false
info|2025-10-27 19:52:28.939924|fisco-bcos-0x00007f46832abdc0|[g:1][LEDGER][initLedger][DBInitializer]
info|2025-10-27 19:52:28.939931|fisco-bcos-0x00007f46832abdc0|[g:1][LEDGER]setSDKAllowList,groupId=1,sdkAllowListSize=0
info|2025-10-27 19:52:28.939948|fisco-bcos-0x00007f46832abdc0|[g:1][CHANNEL]registerSDKAllowListByGroupId,groupId=1,size=0
info|2025-10-27 19:52:28.939955|fisco-bcos-0x00007f46832abdc0|[g:1][CHANNEL]Disable group-level sdk permission control for sdk allowlist is empty
info|2025-10-27 19:52:28.939961|fisco-bcos-0x00007f46832abdc0|[g:1][DBINITIALIZER] [initStorageDB]
info|2025-10-27 19:52:28.939968|fisco-bcos-0x00007f46832abdc0|[g:1][DBINITIALIZER] [initRocksDBStorage]
info|2025-10-27 19:52:28.940002|fisco-bcos-0x00007f46832abdc0|[g:1][ROCKSDB]open rocksDB handler,path=data//group1/block/RocksDB
info|2025-10-27 19:52:28.943900|io_service-0x00007f4680532700|[NETWORK][Host]P2P StartAccept,Host=0.0.0.0:30303
info|2025-10-27 19:52:28.944132|io_service-0x00007f4680532700|[NETWORK][ASIO]asyncResolveConnect,endpoint=127.0.0.1:30300
info|2025-10-27 19:52:28.945342|io_service-0x00007f4680532700|[NETWORK][ASIO]asyncResolveConnect,endpoint=127.0.0.1:30301
info|2025-10-27 19:52:28.945456|io_service-0x00007f4680532700|[NETWORK][ASIO]asyncResolveConnect,endpoint=127.0.0.1:30302
info|2025-10-27 19:52:28.945549|io_service-0x00007f4680532700|[NETWORK][ASIO]asyncResolveConnect,endpoint=127.0.0.1:30303
warning|2025-10-27 19:52:28.945742|io_service-0x00007f4680532700|[NETWORK][Host]TCP Connection refused by node,endpoint=127.0.0.1:30301,message=Connection refused
info|2025-10-27 19:52:28.946216|io_service-0x00007f4680532700|[NETWORK][Host]P2P Recv Connect, From=127.0.0.1:34558
info|2025-10-27 19:52:28.946303|io_service-0x00007f4680532700|[NETWORK][Host]P2P StartAccept,Host=0.0.0.0:30303
warning|2025-10-27 19:52:28.949028|P2P-0x00007f4680d33700|[P2P][Service] onConnect,code=5,nodeID=00000000...,nodeName=,endpoint=unknown,what=Connect failed
info|2025-10-27 19:52:28.965090|io_service-0x00007f4680532700|[NETWORK][Host]P2P Recv Connect, From=127.0.0.1:34560
info|2025-10-27 19:52:28.965248|io_service-0x00007f4680532700|[NETWORK][Host]P2P StartAccept,Host=0.0.0.0:30303
info|2025-10-27 19:52:28.970569|io_service-0x00007f4680532700|[NETWORK][Host]handshakeServer succ,remote endpoint=127.0.0.1:34558
info|2025-10-27 19:52:28.970674|io_service-0x00007f4680532700|[NETWORK][Host]startPeerSession, Remote=127.0.0.1:34558,local endpoint=127.0.0.1:30303,nodeID=064cb676...
info|2025-10-27 19:52:28.970945|io_service-0x00007f4680532700|[NETWORK][Host]handshakeClient succ,local endpoint=127.0.0.1:55576
info|2025-10-27 19:52:28.971100|P2P-0x00007f4681d35700|[P2P][Service] Connection established,nodeID=73994dae...,endpoint=127.0.0.1:30300
info|2025-10-27 19:52:28.971211|io_service-0x00007f4680532700|[NETWORK][Host]startPeerSession, Remote=127.0.0.1:30300,local endpoint=127.0.0.1:55576,nodeID=73994dae...
info|2025-10-27 19:52:28.971354|io_service-0x00007f4680532700|[NETWORK][Host]handshakeClient succ,local endpoint=127.0.0.1:34558
info|2025-10-27 19:52:28.971415|io_service-0x00007f4680532700|[NETWORK][Host]startPeerSession, Remote=127.0.0.1:30303,local endpoint=127.0.0.1:34558,nodeID=064cb676...
info|2025-10-27 19:52:28.971773|io_service-0x00007f4680532700|[NETWORK][Host]handshakeClient succ,local endpoint=127.0.0.1:34232
info|2025-10-27 19:52:28.971822|io_service-0x00007f4680532700|[NETWORK][Host]startPeerSession, Remote=127.0.0.1:30302,local endpoint=127.0.0.1:34232,nodeID=87d00b98...
info|2025-10-27 19:52:28.971890|P2P-0x00007f4680d33700|[P2P][Service] Connection established,nodeID=87d00b98...,endpoint=127.0.0.1:30302
info|2025-10-27 19:52:28.980983|io_service-0x00007f4680532700|[NETWORK][Host]handshakeServer succ,remote endpoint=127.0.0.1:34560
info|2025-10-27 19:52:28.981088|P2P-0x00007f4682536700|[P2P][Service] Connection established,nodeID=374bdfe9...,endpoint=127.0.0.1:34560
info|2025-10-27 19:52:28.981106|io_service-0x00007f4680532700|[NETWORK][Host]startPeerSession, Remote=127.0.0.1:34560,local endpoint=127.0.0.1:30303,nodeID=374bdfe9...
info|2025-10-27 19:52:29.059655|fisco-bcos-0x00007f46832abdc0|[g:1][g:1][STORAGE][CachedStorage]Init flushStorage thread
info|2025-10-27 19:52:29.059781|fisco-bcos-0x00007f46832abdc0|[g:1][DBINITIALIZER] [init CachedStorage],maxCapacity=32,maxForwardBlock=10
info|2025-10-27 19:52:29.059813|fisco-bcos-0x00007f46832abdc0|[g:1][LEDGER][initLedger][initBlockChain]
info|2025-10-27 19:52:29.060109|fisco-bcos-0x00007f46832abdc0|[g:1][LEDGER]set enableHexBlock to be false,version=34275328
info|2025-10-27 19:52:29.060185|fisco-bcos-0x00007f46832abdc0|[g:1][BLOCKCHAIN][#checkAndBuildGenesisBlock],shouldBuild=false
info|2025-10-27 19:52:29.060731|fisco-bcos-0x00007f46832abdc0|[g:1][BLOCKCHAIN][#checkAndBuildGenesisBlock]Already have the 0th block, 0th groupMark is equal to file groupMark.
info|2025-10-27 19:52:29.060751|fisco-bcos-0x00007f46832abdc0|[g:1][LEDGER][initLedger]initBlockChain SUCC
info|2025-10-27 19:52:29.060794|fisco-bcos-0x00007f46832abdc0|[g:1][DBINITIALIZER] [createStateFactory],type=storage
info|2025-10-27 19:52:29.060800|fisco-bcos-0x00007f46832abdc0|[g:1][DBINITIALIZER] createStorageState SUCC
info|2025-10-27 19:52:29.060804|fisco-bcos-0x00007f46832abdc0|[g:1][DBINITIALIZER] [createStateFactory SUCC]
info|2025-10-27 19:52:29.060808|fisco-bcos-0x00007f46832abdc0|[g:1][DBINITIALIZER] createExecutiveContext...
info|2025-10-27 19:52:29.060822|fisco-bcos-0x00007f46832abdc0|[g:1][LEDGER]createGasMetric,vmFlagType=0
info|2025-10-27 19:52:29.060827|fisco-bcos-0x00007f46832abdc0|[g:1][LEDGER]createGasMetric
info|2025-10-27 19:52:29.060835|fisco-bcos-0x00007f46832abdc0|[g:1][DBINITIALIZER] create precompiledGasFactory and precompiledResultFactory
info|2025-10-27 19:52:29.060839|fisco-bcos-0x00007f46832abdc0|[g:1][DBINITIALIZER] createExecutiveContext SUCC
info|2025-10-27 19:52:29.060843|fisco-bcos-0x00007f46832abdc0|[g:1][DBINITIALIZER] [setSyncNumForCachedStorage],syncNum=823
info|2025-10-27 19:52:29.060850|fisco-bcos-0x00007f46832abdc0|[g:1][LEDGER][initNetworkBandWidthLimiter: outGoingBandwidthLimit has been disabled],groupId=1
info|2025-10-27 19:52:29.060855|fisco-bcos-0x00007f46832abdc0|[g:1][LEDGER][QPSLimit has been disabled],groupId=1
info|2025-10-27 19:52:29.060859|fisco-bcos-0x00007f46832abdc0|[g:1][LEDGER][initLedger][initBlockVerifier]
info|2025-10-27 19:52:29.060911|fisco-bcos-0x00007f46832abdc0|[g:1][LEDGER][initLedger][initBlockVerifier SUCC],evmFlags=0
info|2025-10-27 19:52:29.060941|fisco-bcos-0x00007f46832abdc0|[g:1][LEDGER][initLedger][initTxPool],txPoolLimit=150000
info|2025-10-27 19:52:29.172826|fisco-bcos-0x00007f46832abdc0|[g:1][LEDGER][initLedger]initTxPool SUCC
info|2025-10-27 19:52:29.172852|fisco-bcos-0x00007f46832abdc0|[g:1][LEDGER][initLedger][initSync],idleWaitMs=200,gossipInterval=1000,gossipPeers=3
info|2025-10-27 19:52:29.172860|fisco-bcos-0x00007f46832abdc0|[g:1][LEDGER]Init sync master,enableSendBlockStatusByTree=true,enableSendTxsByTree=true
info|2025-10-27 19:52:29.173830|fisco-bcos-0x00007f46832abdc0|[g:1][LEDGER][initLedger]initSync SUCC
info|2025-10-27 19:52:29.173860|fisco-bcos-0x00007f46832abdc0|[g:1][LEDGER][initLedger][consensusInitFactory]
info|2025-10-27 19:52:29.173869|fisco-bcos-0x00007f46832abdc0|[g:1][LEDGER][initLedger][createPBFTSealer]
info|2025-10-27 19:52:29.173873|fisco-bcos-0x00007f46832abdc0|[g:1][LEDGER][initLedger][createPBFTSealer],baseDir=data//group1,Protocol=65544
info|2025-10-27 19:52:29.173925|fisco-bcos-0x00007f46832abdc0|[g:1][LEDGER][initLedger]createPBFTSealer for PBFT or rPBFT,consensusType=pbft
info|2025-10-27 19:52:29.173947|fisco-bcos-0x00007f46832abdc0|[g:1][LEDGER]createConsensusEngine: create PBFTEngine
info|2025-10-27 19:52:29.173960|fisco-bcos-0x00007f46832abdc0|[g:1][CONSENSUS][PBFT]Register handler for PBFTEngine
info|2025-10-27 19:52:29.174702|fisco-bcos-0x00007f46832abdc0|[g:1][CONSENSUS][PBFT]resetConsensusTimeout,updatedConsensusTimeout=20000,minBlockGenTime=500
info|2025-10-27 19:52:29.174741|fisco-bcos-0x00007f46832abdc0|[g:1][CONSENSUS][PBFT]setMinBlockGenerationTime,minBlockGenerationTime=500,consensusTime=1000
info|2025-10-27 19:52:29.174752|fisco-bcos-0x00007f46832abdc0|[g:1][LEDGER][initEventLogFilterManager]initEventLogFilterManager SUCC
info|2025-10-27 19:52:29.174758|fisco-bcos-0x00007f46832abdc0|[LedgerInitializer init group succ],groupID=1
info|2025-10-27 19:52:29.174925|fisco-bcos-0x00007f46832abdc0|[SafeHttpServer::StartListening]use default epoll
info|2025-10-27 19:52:29.175312|fisco-bcos-0x00007f46832abdc0|[INITIALIZER][RPCInitializer JsonrpcHttpServer started],jsonrpc_IP=127.0.0.1,jsonrpc_listen_port=8548,jsonrpc_thread_count=8,ipv6=false,disableDynamicGroup=false,uncheckGroupMember=false
info|2025-10-27 19:52:29.175345|fisco-bcos-0x00007f46832abdc0|[g:1][LEDGER]startAll...
info|2025-10-27 19:52:29.179483|fisco-bcos-0x00007f46832abdc0|[g:1][GossipBlockStatus]start GossipBlockStatus succ
info|2025-10-27 19:52:29.179543|fisco-bcos-0x00007f46832abdc0|[g:1][CONSENSUS][ConsensusEngine][Start ConsensusEngineBase]
info|2025-10-27 19:52:29.179776|fisco-bcos-0x00007f46832abdc0|[g:1][CONSENSUS][PBFT]resetConsensusTimeout,updatedConsensusTimeout=20000,minBlockGenTime=500
info|2025-10-27 19:52:29.179794|fisco-bcos-0x00007f46832abdc0|[g:1][CONSENSUS][PBFT]^^^^^^^^Report,num=823,sealerIdx=2,hash=985329d4...,next=824,tx=1,nodeIdx=0
info|2025-10-27 19:52:29.179848|fisco-bcos-0x00007f46832abdc0|[g:1][ROCKSDB]open rocksDB handler,path=data//group1/pbftMsgBackup/RocksDB
info|2025-10-27 19:52:29.180365|alignTime-1-0x00007f4670d13700|[g:1][NodeTimeMaintenance]updateTimeInfo: update median time offset,updatedMedianTimeOffset=-1,peer=73994dae...,peerTime=1761619949179,peerOffset=-1,utcTime=1761619949180
info|2025-10-27 19:52:29.216505|fisco-bcos-0x00007f46832abdc0|[g:1][CONSENSUS][PBFT][PBFT init env successfully]
info|2025-10-27 19:52:29.216536|fisco-bcos-0x00007f46832abdc0|[g:1][CONSENSUS][PBFT][Start PBFTEngine...]
info|2025-10-27 19:52:29.216540|fisco-bcos-0x00007f46832abdc0|[g:1][CONSENSUS][SEALER][Start sealer module]
info|2025-10-27 19:52:29.216997|fisco-bcos-0x00007f46832abdc0|[g:1][EVENT][EventLogFilterManager]start,m_maxBlockRange=0,m_maxBlockPerLoopFilter=3
info|2025-10-27 19:52:30.144424|alignTime-1-0x00007f4670d13700|[g:1][NodeTimeMaintenance]updateTimeInfo: update median time offset,updatedMedianTimeOffset=-1,peer=374bdfe9...,peerTime=1761619950143,peerOffset=-1,utcTime=1761619950144
info|2025-10-27 19:52:30.152249|alignTime-1-0x00007f4670d13700|[g:1][NodeTimeMaintenance]updateTimeInfo: update median time offset,updatedMedianTimeOffset=-1,peer=87d00b98...,peerTime=1761619950151,peerOffset=-1,utcTime=1761619950152
info|2025-10-27 19:52:30.155925|PBFT-1-0x00007f46664fe700|[g:1][CONSENSUS]addRawPrepare,height=824,reqIdx=3,hash=4397c38a...,time=1
info|2025-10-27 19:52:30.158028|PBFT-1-0x00007f46664fe700|[g:1][CONSENSUS][PBFT]checkTimeout Succ,view=0,toView=1,nodeIdx=0,changeCycle=1,myNode=064cb676...,timecost=2
info|2025-10-27 19:52:30.161885|PBFT-1-0x00007f46664fe700|[g:1][CONSENSUS][PBFT]checkAndChangeView: Reach consensus,org_view=0,cur_changeCycle=1,curView=0,view=1
info|2025-10-27 19:52:31.161653|PBFTSeal-1-0x00007f465ecef700|[g:1][CONSENSUS][SEALER]++++++++++++++++ Generating seal on,blkNum=824,tx=0,nodeIdx=0,hash=8299b255...
info|2025-10-27 19:52:31.164373|PBFT-1-0x00007f46664fe700|[g:1][CONSENSUS][PBFT]checkTimeout Succ,view=1,toView=2,nodeIdx=0,changeCycle=1,myNode=064cb676...,timecost=1
info|2025-10-27 19:52:31.170682|PBFT-1-0x00007f46664fe700|[g:1][CONSENSUS][PBFT]checkAndChangeView: Reach consensus,org_view=1,cur_changeCycle=1,curView=1,view=2
warning|2025-10-27 19:52:35.675315|PBFT-1-0x00007f46664fe700|[g:1][CONSENSUS][PBFT]ViewChangeWarning: not caused by omit empty block ,v=2,toV=3,curNum=823,hash=985329d4...,nodeIdx=0,myNode=064cb676...
info|2025-10-27 19:52:35.675429|PBFT-1-0x00007f46664fe700|[g:1][CONSENSUS][PBFT]checkTimeout Succ,view=2,toView=3,nodeIdx=0,changeCycle=2,myNode=064cb676...,timecost=1
info|2025-10-27 19:52:35.678182|PBFT-1-0x00007f46664fe700|[g:1][CONSENSUS][PBFT]checkAndChangeView: Reach consensus,org_view=2,cur_changeCycle=2,curView=2,view=3
info|2025-10-27 19:52:36.683089|PBFT-1-0x00007f46664fe700|[g:1][CONSENSUS]addRawPrepare,height=824,reqIdx=2,hash=60056934...,time=0
info|2025-10-27 19:52:36.684814|PBFT-1-0x00007f46664fe700|[g:1][CONSENSUS][PBFT]checkTimeout Succ,view=3,toView=4,nodeIdx=0,changeCycle=1,myNode=064cb676...,timecost=1
info|2025-10-27 19:52:36.687572|PBFT-1-0x00007f46664fe700|[g:1][CONSENSUS][PBFT]checkAndChangeView: Reach consensus,org_view=3,cur_changeCycle=1,curView=3,view=4
info|2025-10-27 19:52:37.693023|PBFT-1-0x00007f46664fe700|[g:1][CONSENSUS]addRawPrepare,height=824,reqIdx=3,hash=2d5b466e...,time=0
info|2025-10-27 19:52:37.695443|PBFT-1-0x00007f46664fe700|[g:1][CONSENSUS][PBFT]checkTimeout Succ,view=4,toView=5,nodeIdx=0,changeCycle=1,myNode=064cb676...,timecost=2
info|2025-10-27 19:52:37.698743|PBFT-1-0x00007f46664fe700|[g:1][CONSENSUS][PBFT]checkAndChangeView: Reach consensus,org_view=4,cur_changeCycle=1,curView=4,view=5
info|2025-10-27 19:52:38.698595|PBFTSeal-1-0x00007f465ecef700|[g:1][CONSENSUS][SEALER]++++++++++++++++ Generating seal on,blkNum=824,tx=0,nodeIdx=0,hash=4dae56ff...
info|2025-10-27 19:52:38.706947|PBFT-1-0x00007f46664fe700|[g:1][CONSENSUS][PBFT]checkTimeout Succ,view=5,toView=6,nodeIdx=0,changeCycle=1,myNode=064cb676...,timecost=1
info|2025-10-27 19:52:38.711780|PBFT-1-0x00007f46664fe700|[g:1][CONSENSUS][PBFT]checkAndChangeView: Reach consensus,org_view=5,cur_changeCycle=1,curView=5,view=6
info|2025-10-27 19:52:38.921119|io_service-0x00007f4680532700|[NETWORK][Host]P2P Recv Connect, From=127.0.0.1:51354
info|2025-10-27 19:52:38.921190|io_service-0x00007f4680532700|[NETWORK][Host]P2P StartAccept,Host=0.0.0.0:30303
info|2025-10-27 19:52:38.922938|io_service-0x00007f4680532700|[NETWORK][Host]P2P Recv Connect, From=127.0.0.1:51368
info|2025-10-27 19:52:38.922996|io_service-0x00007f4680532700|[NETWORK][Host]P2P StartAccept,Host=0.0.0.0:30303
info|2025-10-27 19:52:38.933417|io_service-0x00007f4680532700|[NETWORK][Host]handshakeServer succ,remote endpoint=127.0.0.1:51368
info|2025-10-27 19:52:38.933504|io_service-0x00007f4680532700|[NETWORK][Host]startPeerSession, Remote=127.0.0.1:51368,local endpoint=127.0.0.1:30303,nodeID=87d00b98...
info|2025-10-27 19:52:38.937249|io_service-0x00007f4680532700|[NETWORK][Host]handshakeServer succ,remote endpoint=127.0.0.1:51354
info|2025-10-27 19:52:38.937349|io_service-0x00007f4680532700|[NETWORK][Host]startPeerSession, Remote=127.0.0.1:51354,local endpoint=127.0.0.1:30303,nodeID=73994dae...
info|2025-10-27 19:52:38.937484|io_service-0x00007f4680532700|[NETWORK][Host]Connecting to node,endpoint=127.0.0.1:30301
info|2025-10-27 19:52:38.937615|io_service-0x00007f4680532700|[P2P][Service] heartBeat,connected count=3
info|2025-10-27 19:52:38.937762|io_service-0x00007f4680532700|[NETWORK][ASIO]asyncResolveConnect,endpoint=127.0.0.1:30301
info|2025-10-27 19:52:38.944908|io_service-0x00007f4680532700|[NETWORK][Host]handshakeClient succ,local endpoint=127.0.0.1:57210
info|2025-10-27 19:52:38.944973|io_service-0x00007f4680532700|[NETWORK][Host]startPeerSession, Remote=127.0.0.1:30301,local endpoint=127.0.0.1:57210,nodeID=374bdfe9...
warning|2025-10-27 19:52:43.217675|PBFT-1-0x00007f46664fe700|[g:1][CONSENSUS][PBFT]ViewChangeWarning: not caused by omit empty block ,v=6,toV=7,curNum=823,hash=985329d4...,nodeIdx=0,myNode=064cb676...
info|2025-10-27 19:52:43.218624|PBFT-1-0x00007f46664fe700|[g:1][CONSENSUS][PBFT]checkTimeout Succ,view=6,toView=7,nodeIdx=0,changeCycle=2,myNode=064cb676...,timecost=4
info|2025-10-27 19:52:43.224338|PBFT-1-0x00007f46664fe700|[g:1][CONSENSUS][PBFT]checkAndChangeView: Reach consensus,org_view=6,cur_changeCycle=2,curView=6,view=7
info|2025-10-27 19:52:43.964409|P2P-0x00007f4682536700|[NETWORK][Session]Received topic: [3	_block_notify_1] from 73994dae9e8b8da733108a4153dfe79151d701dff425f84c87b5324e8ebd02ab6a0ebc9e4f1e0298a7ddca50f94a8f95c62b6997226d571e470e8f2b0600634a
info|2025-10-27 19:52:43.982825|P2P-0x00007f4681d35700|[NETWORK][Session]Received topic: [2	_block_notify_1] from 374bdfe969e1d8ea1200ade93e5d8cf1a7d5741f238011004b0f43ca818706f194b2f067e1708125f7ffc536610b9a72addbd56b238d65f18912be39037ffcc5
info|2025-10-27 19:52:44.237799|PBFT-1-0x00007f46664fe700|[g:1][CONSENSUS]addRawPrepare,height=824,reqIdx=2,hash=cfb54d06...,time=0
info|2025-10-27 19:52:44.239080|PBFT-1-0x00007f46664fe700|[g:1][CONSENSUS][PBFT]checkTimeout Succ,view=7,toView=8,nodeIdx=0,changeCycle=1,myNode=064cb676...,timecost=2
info|2025-10-27 19:52:44.240756|PBFT-1-0x00007f46664fe700|[g:1][CONSENSUS][PBFT]checkAndChangeView: Reach consensus,org_view=7,cur_changeCycle=1,curView=7,view=8
info|2025-10-27 19:52:45.247210|PBFT-1-0x00007f46664fe700|[g:1][CONSENSUS]addRawPrepare,height=824,reqIdx=3,hash=f93b458f...,time=0
info|2025-10-27 19:52:45.252651|PBFT-1-0x00007f46664fe700|[g:1][CONSENSUS][PBFT]checkTimeout Succ,view=8,toView=9,nodeIdx=0,changeCycle=1,myNode=064cb676...,timecost=5
info|2025-10-27 19:52:45.256537|PBFT-1-0x00007f46664fe700|[g:1][CONSENSUS][PBFT]checkAndChangeView: Reach consensus,org_view=8,cur_changeCycle=1,curView=8,view=9
info|2025-10-27 19:52:46.256852|PBFTSeal-1-0x00007f465ecef700|[g:1][CONSENSUS][SEALER]++++++++++++++++ Generating seal on,blkNum=824,tx=0,nodeIdx=0,hash=7e474285...
info|2025-10-27 19:52:46.263085|PBFT-1-0x00007f46664fe700|[g:1][CONSENSUS][PBFT]checkTimeout Succ,view=9,toView=10,nodeIdx=0,changeCycle=1,myNode=064cb676...,timecost=4
info|2025-10-27 19:52:46.269170|PBFT-1-0x00007f46664fe700|[g:1][CONSENSUS][PBFT]checkAndChangeView: Reach consensus,org_view=9,cur_changeCycle=1,curView=9,view=10
info|2025-10-27 19:52:48.938488|io_service-0x00007f4680532700|[P2P][Service] heartBeat,connected count=3
warning|2025-10-27 19:52:50.775819|PBFT-1-0x00007f46664fe700|[g:1][CONSENSUS][PBFT]ViewChangeWarning: not caused by omit empty block ,v=10,toV=11,curNum=823,hash=985329d4...,nodeIdx=0,myNode=064cb676...
info|2025-10-27 19:52:50.776005|PBFT-1-0x00007f46664fe700|[g:1][CONSENSUS][PBFT]checkTimeout Succ,view=10,toView=11,nodeIdx=0,changeCycle=2,myNode=064cb676...,timecost=2
info|2025-10-27 19:52:50.783944|PBFT-1-0x00007f46664fe700|[g:1][CONSENSUS][PBFT]checkAndChangeView: Reach consensus,org_view=10,cur_changeCycle=2,curView=10,view=11
info|2025-10-27 19:52:51.786911|PBFT-1-0x00007f46664fe700|[g:1][CONSENSUS]addRawPrepare,height=824,reqIdx=2,hash=ece70631...,time=0
info|2025-10-27 19:52:51.789228|PBFT-1-0x00007f46664fe700|[g:1][CONSENSUS][PBFT]checkTimeout Succ,view=11,toView=12,nodeIdx=0,changeCycle=1,myNode=064cb676...,timecost=2
info|2025-10-27 19:52:51.793673|PBFT-1-0x00007f46664fe700|[g:1][CONSENSUS][PBFT]checkAndChangeView: Reach consensus,org_view=11,cur_changeCycle=1,curView=11,view=12
info|2025-10-27 19:52:52.800638|PBFT-1-0x00007f46664fe700|[g:1][CONSENSUS]addRawPrepare,height=824,reqIdx=3,hash=9df787bc...,time=0
info|2025-10-27 19:52:52.802846|PBFT-1-0x00007f46664fe700|[g:1][CONSENSUS][PBFT]checkTimeout Succ,view=12,toView=13,nodeIdx=0,changeCycle=1,myNode=064cb676...,timecost=2
info|2025-10-27 19:52:52.810393|PBFT-1-0x00007f46664fe700|[g:1][CONSENSUS][PBFT]checkAndChangeView: Reach consensus,org_view=12,cur_changeCycle=1,curView=12,view=13
info|2025-10-27 19:52:53.811596|PBFTSeal-1-0x00007f465ecef700|[g:1][CONSENSUS][SEALER]++++++++++++++++ Generating seal on,blkNum=824,tx=0,nodeIdx=0,hash=b2372d5c...
info|2025-10-27 19:52:53.818884|PBFT-1-0x00007f46664fe700|[g:1][CONSENSUS][PBFT]checkTimeout Succ,view=13,toView=14,nodeIdx=0,changeCycle=1,myNode=064cb676...,timecost=1
info|2025-10-27 19:52:53.821492|PBFT-1-0x00007f46664fe700|[g:1][CONSENSUS][PBFT]checkAndChangeView: Reach consensus,org_view=13,cur_changeCycle=1,curView=13,view=14
warning|2025-10-27 19:52:58.328504|PBFT-1-0x00007f46664fe700|[g:1][CONSENSUS][PBFT]ViewChangeWarning: not caused by omit empty block ,v=14,toV=15,curNum=823,hash=985329d4...,nodeIdx=0,myNode=064cb676...
info|2025-10-27 19:52:58.328701|PBFT-1-0x00007f46664fe700|[g:1][CONSENSUS][PBFT]checkTimeout Succ,view=14,toView=15,nodeIdx=0,changeCycle=2,myNode=064cb676...,timecost=3
info|2025-10-27 19:52:58.334275|PBFT-1-0x00007f46664fe700|[g:1][CONSENSUS][PBFT]checkAndChangeView: Reach consensus,org_view=14,cur_changeCycle=2,curView=14,view=15
info|2025-10-27 19:52:58.939489|io_service-0x00007f4680532700|[P2P][Service] heartBeat,connected count=3
info|2025-10-27 19:52:59.343258|PBFT-1-0x00007f46664fe700|[g:1][CONSENSUS]addRawPrepare,height=824,reqIdx=2,hash=9c925edd...,time=0
info|2025-10-27 19:52:59.344767|PBFT-1-0x00007f46664fe700|[g:1][CONSENSUS][PBFT]checkTimeout Succ,view=15,toView=16,nodeIdx=0,changeCycle=1,myNode=064cb676...,timecost=1
info|2025-10-27 19:52:59.347507|PBFT-1-0x00007f46664fe700|[g:1][CONSENSUS][PBFT]checkAndChangeView: Reach consensus,org_view=15,cur_changeCycle=1,curView=15,view=16
info|2025-10-27 19:53:00.351212|PBFT-1-0x00007f46664fe700|[g:1][CONSENSUS]addRawPrepare,height=824,reqIdx=3,hash=111b1a8c...,time=0
info|2025-10-27 19:53:00.352472|PBFT-1-0x00007f46664fe700|[g:1][CONSENSUS][PBFT]checkTimeout Succ,view=16,toView=17,nodeIdx=0,changeCycle=1,myNode=064cb676...,timecost=1
info|2025-10-27 19:53:00.355332|PBFT-1-0x00007f46664fe700|[g:1][CONSENSUS][PBFT]checkAndChangeView: Reach consensus,org_view=16,cur_changeCycle=1,curView=16,view=17
info|2025-10-27 19:53:01.355733|PBFTSeal-1-0x00007f465ecef700|[g:1][CONSENSUS][SEALER]++++++++++++++++ Generating seal on,blkNum=824,tx=0,nodeIdx=0,hash=aad43f92...
info|2025-10-27 19:53:01.364116|PBFT-1-0x00007f46664fe700|[g:1][CONSENSUS][PBFT]checkTimeout Succ,view=17,toView=18,nodeIdx=0,changeCycle=1,myNode=064cb676...,timecost=2
info|2025-10-27 19:53:01.366859|PBFT-1-0x00007f46664fe700|[g:1][CONSENSUS][PBFT]checkAndChangeView: Reach consensus,org_view=17,cur_changeCycle=1,curView=17,view=18
warning|2025-10-27 19:53:05.870093|PBFT-1-0x00007f46664fe700|[g:1][CONSENSUS][PBFT]ViewChangeWarning: not caused by omit empty block ,v=18,toV=19,curNum=823,hash=985329d4...,nodeIdx=0,myNode=064cb676...
info|2025-10-27 19:53:05.870754|PBFT-1-0x00007f46664fe700|[g:1][CONSENSUS][PBFT]checkTimeout Succ,view=18,toView=19,nodeIdx=0,changeCycle=2,myNode=064cb676...,timecost=2
info|2025-10-27 19:53:05.873576|PBFT-1-0x00007f46664fe700|[g:1][CONSENSUS][PBFT]checkAndChangeView: Reach consensus,org_view=18,cur_changeCycle=2,curView=18,view=19
info|2025-10-27 19:53:06.877379|PBFT-1-0x00007f46664fe700|[g:1][CONSENSUS]addRawPrepare,height=824,reqIdx=2,hash=cd17cef5...,time=0
info|2025-10-27 19:53:06.879117|PBFT-1-0x00007f46664fe700|[g:1][CONSENSUS][PBFT]checkTimeout Succ,view=19,toView=20,nodeIdx=0,changeCycle=1,myNode=064cb676...,timecost=2
info|2025-10-27 19:53:06.881721|PBFT-1-0x00007f46664fe700|[g:1][CONSENSUS][PBFT]checkAndChangeView: Reach consensus,org_view=19,cur_changeCycle=1,curView=19,view=20
info|2025-10-27 19:53:07.887209|PBFT-1-0x00007f46664fe700|[g:1][CONSENSUS]addRawPrepare,height=824,reqIdx=3,hash=2fd993ab...,time=0
info|2025-10-27 19:53:07.888807|PBFT-1-0x00007f46664fe700|[g:1][CONSENSUS][PBFT]checkTimeout Succ,view=20,toView=21,nodeIdx=0,changeCycle=1,myNode=064cb676...,timecost=1
info|2025-10-27 19:53:07.894553|PBFT-1-0x00007f46664fe700|[g:1][CONSENSUS][PBFT]checkAndChangeView: Reach consensus,org_view=20,cur_changeCycle=1,curView=20,view=21
info|2025-10-27 19:53:08.896185|PBFTSeal-1-0x00007f465ecef700|[g:1][CONSENSUS][SEALER]++++++++++++++++ Generating seal on,blkNum=824,tx=0,nodeIdx=0,hash=a2bebeb3...
info|2025-10-27 19:53:08.901397|PBFT-1-0x00007f46664fe700|[g:1][CONSENSUS][PBFT]checkTimeout Succ,view=21,toView=22,nodeIdx=0,changeCycle=1,myNode=064cb676...,timecost=4
info|2025-10-27 19:53:08.905399|PBFT-1-0x00007f46664fe700|[g:1][CONSENSUS][PBFT]checkAndChangeView: Reach consensus,org_view=21,cur_changeCycle=1,curView=21,view=22
info|2025-10-27 19:53:08.940419|io_service-0x00007f4680532700|[P2P][Service] heartBeat,connected count=3
warning|2025-10-27 19:53:13.412158|PBFT-1-0x00007f46664fe700|[g:1][CONSENSUS][PBFT]ViewChangeWarning: not caused by omit empty block ,v=22,toV=23,curNum=823,hash=985329d4...,nodeIdx=0,myNode=064cb676...
info|2025-10-27 19:53:13.412315|PBFT-1-0x00007f46664fe700|[g:1][CONSENSUS][PBFT]checkTimeout Succ,view=22,toView=23,nodeIdx=0,changeCycle=2,myNode=064cb676...,timecost=1
info|2025-10-27 19:53:13.419242|PBFT-1-0x00007f46664fe700|[g:1][CONSENSUS][PBFT]checkAndChangeView: Reach consensus,org_view=22,cur_changeCycle=2,curView=22,view=23
info|2025-10-27 19:53:14.419982|PBFT-1-0x00007f46664fe700|[g:1][CONSENSUS]addRawPrepare,height=824,reqIdx=2,hash=81d93426...,time=1
info|2025-10-27 19:53:14.421583|PBFT-1-0x00007f46664fe700|[g:1][CONSENSUS][PBFT]checkTimeout Succ,view=23,toView=24,nodeIdx=0,changeCycle=1,myNode=064cb676...,timecost=1
info|2025-10-27 19:53:14.425375|PBFT-1-0x00007f46664fe700|[g:1][CONSENSUS][PBFT]checkAndChangeView: Reach consensus,org_view=23,cur_changeCycle=1,curView=23,view=24
info|2025-10-27 19:53:15.429223|PBFT-1-0x00007f46664fe700|[g:1][CONSENSUS]addRawPrepare,height=824,reqIdx=3,hash=8d26cbde...,time=0
info|2025-10-27 19:53:15.430490|PBFT-1-0x00007f46664fe700|[g:1][CONSENSUS][PBFT]checkTimeout Succ,view=24,toView=25,nodeIdx=0,changeCycle=1,myNode=064cb676...,timecost=2
info|2025-10-27 19:53:15.433576|PBFT-1-0x00007f46664fe700|[g:1][CONSENSUS][PBFT]checkAndChangeView: Reach consensus,org_view=24,cur_changeCycle=1,curView=24,view=25
info|2025-10-27 19:53:16.433718|PBFTSeal-1-0x00007f465ecef700|[g:1][CONSENSUS][SEALER]++++++++++++++++ Generating seal on,blkNum=824,tx=0,nodeIdx=0,hash=f2616545...
info|2025-10-27 19:53:16.441283|PBFT-1-0x00007f46664fe700|[g:1][CONSENSUS][PBFT]checkTimeout Succ,view=25,toView=26,nodeIdx=0,changeCycle=1,myNode=064cb676...,timecost=1
info|2025-10-27 19:53:16.442718|PBFT-1-0x00007f46664fe700|[g:1][CONSENSUS][PBFT]checkAndChangeView: Reach consensus,org_view=25,cur_changeCycle=1,curView=25,view=26
info|2025-10-27 19:53:17.221287|P2P-0x00007f4681534700|[g:1] [SYNC][id:064cb676...][Download][Request]Receive block request,peer=374bdfe9...,from=184,to=184
info|2025-10-27 19:53:17.222031|SyncSend-1-0x00007f4672d17700|[g:1][SYNC][id:064cb676...][Download][Request][BlockSync]Batch blocks for sending,blockSize=24480,number=184,peer=374bdfe9...,timeCost=1
info|2025-10-27 19:53:17.222193|SyncSend-1-0x00007f4672d17700|[g:1][g:1] [SYNC][id:374bdfe9...][Download][Request][BlockSync]Send block packet,peer=374bdfe9...,blocks=1,bytes(V)=24487
info|2025-10-27 19:53:18.941353|io_service-0x00007f4680532700|[P2P][Service] heartBeat,connected count=3
warning|2025-10-27 19:53:20.945993|PBFT-1-0x00007f46664fe700|[g:1][CONSENSUS][PBFT]ViewChangeWarning: not caused by omit empty block ,v=26,toV=27,curNum=823,hash=985329d4...,nodeIdx=0,myNode=064cb676...
info|2025-10-27 19:53:20.946263|PBFT-1-0x00007f46664fe700|[g:1][CONSENSUS][PBFT]checkTimeout Succ,view=26,toView=27,nodeIdx=0,changeCycle=2,myNode=064cb676...,timecost=2
info|2025-10-27 19:53:20.950836|PBFT-1-0x00007f46664fe700|[g:1][CONSENSUS][PBFT]checkAndChangeView: Reach consensus,org_view=26,cur_changeCycle=2,curView=26,view=27
info|2025-10-27 19:53:21.956205|PBFT-1-0x00007f46664fe700|[g:1][CONSENSUS]addRawPrepare,height=824,reqIdx=2,hash=94e15e77...,time=0
info|2025-10-27 19:53:21.957476|PBFT-1-0x00007f46664fe700|[g:1][CONSENSUS][PBFT]checkTimeout Succ,view=27,toView=28,nodeIdx=0,changeCycle=1,myNode=064cb676...,timecost=1
info|2025-10-27 19:53:21.960575|PBFT-1-0x00007f46664fe700|[g:1][CONSENSUS][PBFT]checkAndChangeView: Reach consensus,org_view=27,cur_changeCycle=1,curView=27,view=28
info|2025-10-27 19:53:22.965174|PBFT-1-0x00007f46664fe700|[g:1][CONSENSUS]addRawPrepare,height=824,reqIdx=3,hash=bd138635...,time=0
info|2025-10-27 19:53:22.967656|PBFT-1-0x00007f46664fe700|[g:1][CONSENSUS][PBFT]checkTimeout Succ,view=28,toView=29,nodeIdx=0,changeCycle=1,myNode=064cb676...,timecost=2
info|2025-10-27 19:53:22.970563|PBFT-1-0x00007f46664fe700|[g:1][CONSENSUS][PBFT]checkAndChangeView: Reach consensus,org_view=28,cur_changeCycle=1,curView=28,view=29
info|2025-10-27 19:53:23.628397|P2P-0x00007f4681d35700|[g:1] [SYNC][id:064cb676...][Download][Request]Receive block request,peer=374bdfe9...,from=184,to=184
info|2025-10-27 19:53:23.628861|SyncSend-1-0x00007f4672d17700|[g:1][SYNC][id:064cb676...][Download][Request][BlockSync]Batch blocks for sending,blockSize=24480,number=184,peer=374bdfe9...,timeCost=0
info|2025-10-27 19:53:23.628964|SyncSend-1-0x00007f4672d17700|[g:1][g:1] [SYNC][id:374bdfe9...][Download][Request][BlockSync]Send block packet,peer=374bdfe9...,blocks=1,bytes(V)=24487
info|2025-10-27 19:53:23.971858|PBFTSeal-1-0x00007f465ecef700|[g:1][CONSENSUS][SEALER]++++++++++++++++ Generating seal on,blkNum=824,tx=0,nodeIdx=0,hash=9f1831c5...
info|2025-10-27 19:53:23.978790|PBFT-1-0x00007f46664fe700|[g:1][CONSENSUS][PBFT]checkTimeout Succ,view=29,toView=30,nodeIdx=0,changeCycle=1,myNode=064cb676...,timecost=1
info|2025-10-27 19:53:23.985708|PBFT-1-0x00007f46664fe700|[g:1][CONSENSUS][PBFT]checkAndChangeView: Reach consensus,org_view=29,cur_changeCycle=1,curView=29,view=30
warning|2025-10-27 19:53:28.492722|PBFT-1-0x00007f46664fe700|[g:1][CONSENSUS][PBFT]ViewChangeWarning: not caused by omit empty block ,v=30,toV=31,curNum=823,hash=985329d4...,nodeIdx=0,myNode=064cb676...
info|2025-10-27 19:53:28.492877|PBFT-1-0x00007f46664fe700|[g:1][CONSENSUS][PBFT]checkTimeout Succ,view=30,toView=31,nodeIdx=0,changeCycle=2,myNode=064cb676...,timecost=1
info|2025-10-27 19:53:28.495726|PBFT-1-0x00007f46664fe700|[g:1][CONSENSUS][PBFT]checkAndChangeView: Reach consensus,org_view=30,cur_changeCycle=2,curView=30,view=31
info|2025-10-27 19:53:28.942332|io_service-0x00007f4680532700|[P2P][Service] heartBeat,connected count=3
info|2025-10-27 19:53:29.499984|PBFT-1-0x00007f46664fe700|[g:1][CONSENSUS]addRawPrepare,height=824,reqIdx=2,hash=22d8b1fe...,time=1
info|2025-10-27 19:53:29.501832|PBFT-1-0x00007f46664fe700|[g:1][CONSENSUS][PBFT]checkTimeout Succ,view=31,toView=32,nodeIdx=0,changeCycle=1,myNode=064cb676...,timecost=1
info|2025-10-27 19:53:29.505669|PBFT-1-0x00007f46664fe700|[g:1][CONSENSUS][PBFT]checkAndChangeView: Reach consensus,org_view=31,cur_changeCycle=1,curView=31,view=32
info|2025-10-27 19:53:30.508344|PBFT-1-0x00007f46664fe700|[g:1][CONSENSUS]addRawPrepare,height=824,reqIdx=3,hash=5f4b2209...,time=0
info|2025-10-27 19:53:30.509595|PBFT-1-0x00007f46664fe700|[g:1][CONSENSUS][PBFT]checkTimeout Succ,view=32,toView=33,nodeIdx=0,changeCycle=1,myNode=064cb676...,timecost=1
info|2025-10-27 19:53:30.512486|PBFT-1-0x00007f46664fe700|[g:1][CONSENSUS][PBFT]checkAndChangeView: Reach consensus,org_view=32,cur_changeCycle=1,curView=32,view=33
info|2025-10-27 19:53:31.513433|PBFTSeal-1-0x00007f465ecef700|[g:1][CONSENSUS][SEALER]++++++++++++++++ Generating seal on,blkNum=824,tx=0,nodeIdx=0,hash=052f9796...
info|2025-10-27 19:53:31.516576|PBFT-1-0x00007f46664fe700|[g:1][CONSENSUS][PBFT]checkTimeout Succ,view=33,toView=34,nodeIdx=0,changeCycle=1,myNode=064cb676...,timecost=1
info|2025-10-27 19:53:31.523469|PBFT-1-0x00007f46664fe700|[g:1][CONSENSUS][PBFT]checkAndChangeView: Reach consensus,org_view=33,cur_changeCycle=1,curView=33,view=34
warning|2025-10-27 19:53:36.035026|PBFT-1-0x00007f46664fe700|[g:1][CONSENSUS][PBFT]ViewChangeWarning: not caused by omit empty block ,v=34,toV=35,curNum=823,hash=985329d4...,nodeIdx=0,myNode=064cb676...
info|2025-10-27 19:53:36.035243|PBFT-1-0x00007f46664fe700|[g:1][CONSENSUS][PBFT]checkTimeout Succ,view=34,toView=35,nodeIdx=0,changeCycle=2,myNode=064cb676...,timecost=3
info|2025-10-27 19:53:36.038981|PBFT-1-0x00007f46664fe700|[g:1][CONSENSUS][PBFT]checkAndChangeView: Reach consensus,org_view=34,cur_changeCycle=2,curView=34,view=35
info|2025-10-27 19:53:36.438130|P2P-0x00007f4680d33700|[g:1] [SYNC][id:064cb676...][Download][Request]Receive block request,peer=374bdfe9...,from=184,to=184
info|2025-10-27 19:53:36.438655|SyncSend-1-0x00007f4672d17700|[g:1][SYNC][id:064cb676...][Download][Request][BlockSync]Batch blocks for sending,blockSize=24480,number=184,peer=374bdfe9...,timeCost=0
info|2025-10-27 19:53:36.438737|SyncSend-1-0x00007f4672d17700|[g:1][g:1] [SYNC][id:374bdfe9...][Download][Request][BlockSync]Send block packet,peer=374bdfe9...,blocks=1,bytes(V)=24487
info|2025-10-27 19:53:37.042892|PBFT-1-0x00007f46664fe700|[g:1][CONSENSUS]addRawPrepare,height=824,reqIdx=2,hash=3fc1cc4b...,time=0
info|2025-10-27 19:53:37.044061|PBFT-1-0x00007f46664fe700|[g:1][CONSENSUS][PBFT]checkTimeout Succ,view=35,toView=36,nodeIdx=0,changeCycle=1,myNode=064cb676...,timecost=2
info|2025-10-27 19:53:37.047981|PBFT-1-0x00007f46664fe700|[g:1][CONSENSUS][PBFT]checkAndChangeView: Reach consensus,org_view=35,cur_changeCycle=1,curView=35,view=36
info|2025-10-27 19:53:38.053069|PBFT-1-0x00007f46664fe700|[g:1][CONSENSUS]addRawPrepare,height=824,reqIdx=3,hash=c847d0b9...,time=0
info|2025-10-27 19:53:38.055165|PBFT-1-0x00007f46664fe700|[g:1][CONSENSUS][PBFT]checkTimeout Succ,view=36,toView=37,nodeIdx=0,changeCycle=1,myNode=064cb676...,timecost=2
info|2025-10-27 19:53:38.058038|PBFT-1-0x00007f46664fe700|[g:1][CONSENSUS][PBFT]checkAndChangeView: Reach consensus,org_view=36,cur_changeCycle=1,curView=36,view=37
info|2025-10-27 19:53:38.943532|io_service-0x00007f4680532700|[P2P][Service] heartBeat,connected count=3
info|2025-10-27 19:53:39.060143|PBFTSeal-1-0x00007f465ecef700|[g:1][CONSENSUS][SEALER]++++++++++++++++ Generating seal on,blkNum=824,tx=0,nodeIdx=0,hash=0d047702...
info|2025-10-27 19:53:39.063712|PBFT-1-0x00007f46664fe700|[g:1][CONSENSUS][PBFT]checkTimeout Succ,view=37,toView=38,nodeIdx=0,changeCycle=1,myNode=064cb676...,timecost=1
info|2025-10-27 19:53:39.068510|PBFT-1-0x00007f46664fe700|[g:1][CONSENSUS][PBFT]checkAndChangeView: Reach consensus,org_view=37,cur_changeCycle=1,curView=37,view=38
warning|2025-10-27 19:53:43.574375|PBFT-1-0x00007f46664fe700|[g:1][CONSENSUS][PBFT]ViewChangeWarning: not caused by omit empty block ,v=38,toV=39,curNum=823,hash=985329d4...,nodeIdx=0,myNode=064cb676...
info|2025-10-27 19:53:43.574583|PBFT-1-0x00007f46664fe700|[g:1][CONSENSUS][PBFT]checkTimeout Succ,view=38,toView=39,nodeIdx=0,changeCycle=2,myNode=064cb676...,timecost=1
info|2025-10-27 19:53:43.578041|PBFT-1-0x00007f46664fe700|[g:1][CONSENSUS][PBFT]checkAndChangeView: Reach consensus,org_view=38,cur_changeCycle=2,curView=38,view=39
info|2025-10-27 19:53:44.581749|PBFT-1-0x00007f46664fe700|[g:1][CONSENSUS]addRawPrepare,height=824,reqIdx=2,hash=0c7dfab0...,time=0
info|2025-10-27 19:53:44.586806|PBFT-1-0x00007f46664fe700|[g:1][CONSENSUS][PBFT]checkTimeout Succ,view=39,toView=40,nodeIdx=0,changeCycle=1,myNode=064cb676...,timecost=3
info|2025-10-27 19:53:44.589903|PBFT-1-0x00007f46664fe700|[g:1][CONSENSUS][PBFT]checkAndChangeView: Reach consensus,org_view=39,cur_changeCycle=1,curView=39,view=40
info|2025-10-27 19:53:45.642670|PBFT-1-0x00007f46664fe700|[g:1][CONSENSUS][PBFT]Trigger fast-viewchange,view=40,toView=40,minView=41,INFO=,reqNum=823,curNum=823,GenIdx=2,Cview=41,view=40,fromIdx=2,fromNode=73994dae...,fromIp=127.0.0.1:30300,hash=985329d4...,nodeIdx=0,myNode=064cb676...
info|2025-10-27 19:53:45.643877|PBFT-1-0x00007f46664fe700|[g:1][CONSENSUS][PBFT]checkAndChangeView: Reach consensus,org_view=40,cur_changeCycle=2,curView=40,view=41
info|2025-10-27 19:53:45.643928|PBFT-1-0x00007f46664fe700|[g:1][CONSENSUS][PBFT]checkTimeout Succ,view=41,toView=41,nodeIdx=0,changeCycle=2,myNode=064cb676...,timecost=1
info|2025-10-27 19:53:46.643429|PBFTSeal-1-0x00007f465ecef700|[g:1][CONSENSUS][SEALER]++++++++++++++++ Generating seal on,blkNum=824,tx=0,nodeIdx=0,hash=d514688f...
info|2025-10-27 19:53:46.646744|PBFT-1-0x00007f46664fe700|[g:1][CONSENSUS][PBFT]checkTimeout Succ,view=41,toView=42,nodeIdx=0,changeCycle=1,myNode=064cb676...,timecost=1
info|2025-10-27 19:53:46.652053|PBFT-1-0x00007f46664fe700|[g:1][CONSENSUS][PBFT]checkAndChangeView: Reach consensus,org_view=41,cur_changeCycle=1,curView=41,view=42
info|2025-10-27 19:53:48.944046|io_service-0x00007f4680532700|[P2P][Service] heartBeat,connected count=3
warning|2025-10-27 19:53:51.156016|PBFT-1-0x00007f46664fe700|[g:1][CONSENSUS][PBFT]ViewChangeWarning: not caused by omit empty block ,v=42,toV=43,curNum=823,hash=985329d4...,nodeIdx=0,myNode=064cb676...
info|2025-10-27 19:53:51.156141|PBFT-1-0x00007f46664fe700|[g:1][CONSENSUS][PBFT]checkTimeout Succ,view=42,toView=43,nodeIdx=0,changeCycle=2,myNode=064cb676...,timecost=2
info|2025-10-27 19:53:51.163439|PBFT-1-0x00007f46664fe700|[g:1][CONSENSUS][PBFT]checkAndChangeView: Reach consensus,org_view=42,cur_changeCycle=2,curView=42,view=43
info|2025-10-27 19:53:52.169323|PBFT-1-0x00007f46664fe700|[g:1][CONSENSUS]addRawPrepare,height=824,reqIdx=2,hash=b29d9378...,time=0
info|2025-10-27 19:53:52.170555|PBFT-1-0x00007f46664fe700|[g:1][CONSENSUS][PBFT]checkTimeout Succ,view=43,toView=44,nodeIdx=0,changeCycle=1,myNode=064cb676...,timecost=1
info|2025-10-27 19:53:52.173772|PBFT-1-0x00007f46664fe700|[g:1][CONSENSUS][PBFT]checkAndChangeView: Reach consensus,org_view=43,cur_changeCycle=1,curView=43,view=44
info|2025-10-27 19:53:53.177286|PBFT-1-0x00007f46664fe700|[g:1][CONSENSUS]addRawPrepare,height=824,reqIdx=3,hash=aa1d6581...,time=0
info|2025-10-27 19:53:53.178528|PBFT-1-0x00007f46664fe700|[g:1][CONSENSUS][PBFT]checkTimeout Succ,view=44,toView=45,nodeIdx=0,changeCycle=1,myNode=064cb676...,timecost=1
info|2025-10-27 19:53:53.182855|PBFT-1-0x00007f46664fe700|[g:1][CONSENSUS][PBFT]checkAndChangeView: Reach consensus,org_view=44,cur_changeCycle=1,curView=44,view=45
info|2025-10-27 19:53:54.183497|PBFTSeal-1-0x00007f465ecef700|[g:1][CONSENSUS][SEALER]++++++++++++++++ Generating seal on,blkNum=824,tx=0,nodeIdx=0,hash=1489185d...
info|2025-10-27 19:53:54.190829|PBFT-1-0x00007f46664fe700|[g:1][CONSENSUS][PBFT]checkTimeout Succ,view=45,toView=46,nodeIdx=0,changeCycle=1,myNode=064cb676...,timecost=1
info|2025-10-27 19:53:54.193861|PBFT-1-0x00007f46664fe700|[g:1][CONSENSUS][PBFT]checkAndChangeView: Reach consensus,org_view=45,cur_changeCycle=1,curView=45,view=46
warning|2025-10-27 19:53:58.701393|PBFT-1-0x00007f46664fe700|[g:1][CONSENSUS][PBFT]ViewChangeWarning: not caused by omit empty block ,v=46,toV=47,curNum=823,hash=985329d4...,nodeIdx=0,myNode=064cb676...
info|2025-10-27 19:53:58.701894|PBFT-1-0x00007f46664fe700|[g:1][CONSENSUS][PBFT]checkTimeout Succ,view=46,toView=47,nodeIdx=0,changeCycle=2,myNode=064cb676...,timecost=1
info|2025-10-27 19:53:58.704899|PBFT-1-0x00007f46664fe700|[g:1][CONSENSUS][PBFT]checkAndChangeView: Reach consensus,org_view=46,cur_changeCycle=2,curView=46,view=47
info|2025-10-27 19:53:58.944312|io_service-0x00007f4680532700|[P2P][Service] heartBeat,connected count=3
info|2025-10-27 19:53:59.709160|PBFT-1-0x00007f46664fe700|[g:1][CONSENSUS]addRawPrepare,height=824,reqIdx=2,hash=29853c5d...,time=0
info|2025-10-27 19:53:59.710775|PBFT-1-0x00007f46664fe700|[g:1][CONSENSUS][PBFT]checkTimeout Succ,view=47,toView=48,nodeIdx=0,changeCycle=1,myNode=064cb676...,timecost=1
info|2025-10-27 19:53:59.714968|PBFT-1-0x00007f46664fe700|[g:1][CONSENSUS][PBFT]checkAndChangeView: Reach consensus,org_view=47,cur_changeCycle=1,curView=47,view=48
info|2025-10-27 19:54:00.719391|PBFT-1-0x00007f46664fe700|[g:1][CONSENSUS]addRawPrepare,height=824,reqIdx=3,hash=f3baaab8...,time=0
info|2025-10-27 19:54:00.721616|PBFT-1-0x00007f46664fe700|[g:1][CONSENSUS][PBFT]checkTimeout Succ,view=48,toView=49,nodeIdx=0,changeCycle=1,myNode=064cb676...,timecost=3
info|2025-10-27 19:54:00.725674|PBFT-1-0x00007f46664fe700|[g:1][CONSENSUS][PBFT]checkAndChangeView: Reach consensus,org_view=48,cur_changeCycle=1,curView=48,view=49
info|2025-10-27 19:54:01.725663|PBFTSeal-1-0x00007f465ecef700|[g:1][CONSENSUS][SEALER]++++++++++++++++ Generating seal on,blkNum=824,tx=0,nodeIdx=0,hash=f887f827...
info|2025-10-27 19:54:01.732607|PBFT-1-0x00007f46664fe700|[g:1][CONSENSUS][PBFT]checkTimeout Succ,view=49,toView=50,nodeIdx=0,changeCycle=1,myNode=064cb676...,timecost=1
info|2025-10-27 19:54:01.735229|PBFT-1-0x00007f46664fe700|[g:1][CONSENSUS][PBFT]checkAndChangeView: Reach consensus,org_view=49,cur_changeCycle=1,curView=49,view=50
info|2025-10-27 19:54:02.059685|P2P-0x00007f4682536700|[g:1] [SYNC][id:064cb676...][Download][Request]Receive block request,peer=374bdfe9...,from=184,to=184
info|2025-10-27 19:54:02.060143|SyncSend-1-0x00007f4672d17700|[g:1][SYNC][id:064cb676...][Download][Request][BlockSync]Batch blocks for sending,blockSize=24480,number=184,peer=374bdfe9...,timeCost=1
info|2025-10-27 19:54:02.060215|SyncSend-1-0x00007f4672d17700|[g:1][g:1] [SYNC][id:374bdfe9...][Download][Request][BlockSync]Send block packet,peer=374bdfe9...,blocks=1,bytes(V)=24487
warning|2025-10-27 19:54:06.240325|PBFT-1-0x00007f46664fe700|[g:1][CONSENSUS][PBFT]ViewChangeWarning: not caused by omit empty block ,v=50,toV=51,curNum=823,hash=985329d4...,nodeIdx=0,myNode=064cb676...
info|2025-10-27 19:54:06.240717|PBFT-1-0x00007f46664fe700|[g:1][CONSENSUS][PBFT]checkTimeout Succ,view=50,toView=51,nodeIdx=0,changeCycle=2,myNode=064cb676...,timecost=2
info|2025-10-27 19:54:06.243309|PBFT-1-0x00007f46664fe700|[g:1][CONSENSUS][PBFT]checkAndChangeView: Reach consensus,org_view=50,cur_changeCycle=2,curView=50,view=51
info|2025-10-27 19:54:06.747188|PBFTWork-1-0x00007f466cd0b700|[g:1][CONSENSUS][PartiallyPBFTReqCache]addPartiallyRawPrepare,height=824,reqIdx=2,hash=7cf0bc3e...
info|2025-10-27 19:54:06.747491|PBFTWork-1-0x00007f466cd0b700|[g:1][CONSENSUS][PBFT]I am the next leader = 0, filter trans size = 1, total trans = 1
info|2025-10-27 19:54:06.747614|PBFTWork-1-0x00007f466cd0b700|[g:1][BLOCKVERIFIER][executeBlock]Executing block,txNum=1,num=824,parentHash=985329d459bc34dacf830c02ca5c2e036a081d7ddbf08c74e677dc59ca5f27b9,parentNum=823,parentStateRoot=c1011f52da5a4caabd43745a7248f0eb717532fd823f9a2b2aca0b1a2cdc90d4
info|2025-10-27 19:54:06.747878|PBFTWork-1-0x00007f466cd0b700|[g:1][PRECOMPILED]init GasChargeManagePrecompiled
info|2025-10-27 19:54:06.748294|PBFTWork-1-0x00007f466cd0b700|[g:1][STORAGE][MemoryTableFactory2]createTable,table name=c_0eeaf98a2df1029513b3ee4fd0e2ce3b687574bf,keyField=key,valueField=value
info|2025-10-27 19:54:06.749087|PBFTWork-1-0x00007f466cd0b700|[g:1][CONSENSUS][PBFT]execBlock,blkNum=824,reqIdx=2,hash=faa628f9...,nodeIdx=0,myNode=064cb676...,decodeCost=0,checkCost=0,notifyCost=0,noteSealingCost=0,currentCycle=2,verifyAndSetSenderCost=0,execCost=2,execPerTx=2,totalCost=2
info|2025-10-27 19:54:06.751236|PBFTWork-1-0x00007f466cd0b700|[g:1][CONSENSUS][PBFT]handlePrepareMsg Succ,timecost=2,INFO=handlePartiallyPrepare,reqIdx=2,view=51,reqNum=824,curNum=823,consNum=824,hash=7cf0bc3e...,nodeIdx=0,myNode=064cb676...,curChangeCycle=2
info|2025-10-27 19:54:06.753636|PBFT-1-0x00007f46664fe700|[g:1][CONSENSUS][PBFT]handleSignMsg Succ,Timecost=2,INFO=handleSignMsg,num=824,curNum=823,GenIdx=3,Sview=51,view=51,fromIdx=3,fromNode=87d00b98...,fromIp=127.0.0.1:30302,hash=faa628f9...,nodeIdx=0,myNode=064cb676...
info|2025-10-27 19:54:06.755042|PBFT-1-0x00007f46664fe700|[g:1][CONSENSUS][PBFT]checkAndCommit: backup/updateCommittedPrepare,reqNum=824,hash=7cf0bc3e...,nodeIdx=0,myNode=064cb676...
info|2025-10-27 19:54:06.756457|PBFT-1-0x00007f46664fe700|[g:1][CONSENSUS][PBFT]handleSignMsg Succ,Timecost=3,INFO=handleSignMsg,num=824,curNum=823,GenIdx=2,Sview=51,view=51,fromIdx=2,fromNode=73994dae...,fromIp=127.0.0.1:30300,hash=faa628f9...,nodeIdx=0,myNode=064cb676...
info|2025-10-27 19:54:06.758975|PBFT-1-0x00007f46664fe700|[g:1][CONSENSUS][PBFT]handleCommitMsg Succ,INFO=handleCommitMsg,reqNum=824,curNum=823,GenIdx=3,Cview=51,view=51,fromIdx=3,fromNode=87d00b98...,fromIp=127.0.0.1:30302,hash=faa628f9...,nodeIdx=0,myNode=064cb676...,Timecost=1
info|2025-10-27 19:54:06.760411|PBFT-1-0x00007f46664fe700|[g:1][CONSENSUS][PBFT]checkAndSave: CommitReq enough,prepareHeight=824,commitSize=3,hash=faa628f9...,nodeIdx=0,myNode=064cb676...
info|2025-10-27 19:54:06.761401|PBFT-1-0x00007f46664fe700|[g:1][g:1][STORAGE][CachedStorage]commit: 9 num: 824
info|2025-10-27 19:54:06.762277|PBFT-1-0x00007f46664fe700|[g:1][g:1][STORAGE][CachedStorage]Submited block task: 824, current syncd block: 823
info|2025-10-27 19:54:06.762303|taskPool-1-0x00007f466f510700|[g:1][g:1][STORAGE][CachedStorage]Start commit block: 824 to backend storage
info|2025-10-27 19:54:06.762382|PBFT-1-0x00007f46664fe700|[g:1]Push block notify: 1-824
info|2025-10-27 19:54:06.762770|taskPool-1-0x00007f466f510700|[g:1][g:1][STORAGE][CachedStorage]
---------------------------------------------------------------------
Commit block: 824 to backend storage finished, current cached block: 824
Flush elapsed time: 0.0005s
---------------------------------------------------------------------
info|2025-10-27 19:54:06.763777|PBFT-1-0x00007f46664fe700|[g:1][CONSENSUS][PBFT]CommitBlock Succ,prepareHeight=824,reqIdx=2,hash=faa628f9...,nodeIdx=0,myNode=064cb676...,genSigTimeCost=0,commitBlockTimeCost=2,dropTxsTimeCost=1,noteSealingTimeCost=0,totalTimeCost=3
info|2025-10-27 19:54:06.763863|PBFT-1-0x00007f46664fe700|[g:1][CONSENSUS][PBFT]handleCommitMsg Succ,INFO=handleCommitMsg,reqNum=824,curNum=823,GenIdx=2,Cview=51,view=51,fromIdx=2,fromNode=73994dae...,fromIp=127.0.0.1:30300,hash=faa628f9...,nodeIdx=0,myNode=064cb676...,Timecost=4
info|2025-10-27 19:54:06.764136|PBFTSeal-1-0x00007f465ecef700|[g:1][CONSENSUS][PBFT]resetConsensusTimeout,updatedConsensusTimeout=20000,minBlockGenTime=500
info|2025-10-27 19:54:06.764152|PBFTSeal-1-0x00007f465ecef700|[g:1][CONSENSUS][SEALER]increase maxNoTimeoutTx,maxNoTimeoutTx=1
info|2025-10-27 19:54:06.764157|PBFTSeal-1-0x00007f465ecef700|[g:1][CONSENSUS][PBFT]^^^^^^^^Report,num=824,sealerIdx=2,hash=faa628f9...,next=825,tx=1,nodeIdx=0
info|2025-10-27 19:54:07.765182|PBFTSeal-1-0x00007f465ecef700|[g:1][CONSENSUS][SEALER]++++++++++++++++ Generating seal on,blkNum=825,tx=0,nodeIdx=0,hash=53c6bd8a...
info|2025-10-27 19:54:07.771596|PBFT-1-0x00007f46664fe700|[g:1][CONSENSUS][PBFT]checkTimeout Succ,view=0,toView=1,nodeIdx=0,changeCycle=1,myNode=064cb676...,timecost=1
info|2025-10-27 19:54:07.774697|PBFT-1-0x00007f46664fe700|[g:1][CONSENSUS][PBFT]checkAndChangeView: Reach consensus,org_view=0,cur_changeCycle=1,curView=0,view=1
info|2025-10-27 19:54:08.945021|io_service-0x00007f4680532700|[P2P][Service] heartBeat,connected count=3
warning|2025-10-27 19:54:12.277384|PBFT-1-0x00007f46664fe700|[g:1][CONSENSUS][PBFT]ViewChangeWarning: not caused by omit empty block ,v=1,toV=2,curNum=824,hash=faa628f9...,nodeIdx=0,myNode=064cb676...
info|2025-10-27 19:54:12.277857|PBFT-1-0x00007f46664fe700|[g:1][CONSENSUS][PBFT]checkTimeout Succ,view=1,toView=2,nodeIdx=0,changeCycle=2,myNode=064cb676...,timecost=2
info|2025-10-27 19:54:12.283417|PBFT-1-0x00007f46664fe700|[g:1][CONSENSUS][PBFT]checkAndChangeView: Reach consensus,org_view=1,cur_changeCycle=2,curView=1,view=2
info|2025-10-27 19:54:13.288314|PBFT-1-0x00007f46664fe700|[g:1][CONSENSUS]addRawPrepare,height=825,reqIdx=2,hash=709be000...,time=0
info|2025-10-27 19:54:13.289649|PBFT-1-0x00007f46664fe700|[g:1][CONSENSUS][PBFT]checkTimeout Succ,view=2,toView=3,nodeIdx=0,changeCycle=1,myNode=064cb676...,timecost=1
info|2025-10-27 19:54:13.295071|PBFT-1-0x00007f46664fe700|[g:1][CONSENSUS][PBFT]checkAndChangeView: Reach consensus,org_view=2,cur_changeCycle=1,curView=2,view=3
info|2025-10-27 19:54:14.298789|PBFT-1-0x00007f46664fe700|[g:1][CONSENSUS]addRawPrepare,height=825,reqIdx=3,hash=dc7c43fe...,time=0
info|2025-10-27 19:54:14.300022|PBFT-1-0x00007f46664fe700|[g:1][CONSENSUS][PBFT]checkTimeout Succ,view=3,toView=4,nodeIdx=0,changeCycle=1,myNode=064cb676...,timecost=2
info|2025-10-27 19:54:14.303099|PBFT-1-0x00007f46664fe700|[g:1][CONSENSUS][PBFT]checkAndChangeView: Reach consensus,org_view=3,cur_changeCycle=1,curView=3,view=4
info|2025-10-27 19:54:14.869796|P2P-0x00007f4681d35700|[g:1] [SYNC][id:064cb676...][Download][Request]Receive block request,peer=374bdfe9...,from=184,to=184
info|2025-10-27 19:54:14.870202|SyncSend-1-0x00007f4672d17700|[g:1][SYNC][id:064cb676...][Download][Request][BlockSync]Batch blocks for sending,blockSize=24480,number=184,peer=374bdfe9...,timeCost=0
info|2025-10-27 19:54:14.870254|SyncSend-1-0x00007f4672d17700|[g:1][g:1] [SYNC][id:374bdfe9...][Download][Request][BlockSync]Send block packet,peer=374bdfe9...,blocks=1,bytes(V)=24487
info|2025-10-27 19:54:15.304061|PBFTSeal-1-0x00007f465ecef700|[g:1][CONSENSUS][SEALER]++++++++++++++++ Generating seal on,blkNum=825,tx=0,nodeIdx=0,hash=6c5f0cd3...
info|2025-10-27 19:54:15.310892|PBFT-1-0x00007f46664fe700|[g:1][CONSENSUS][PBFT]checkTimeout Succ,view=4,toView=5,nodeIdx=0,changeCycle=1,myNode=064cb676...,timecost=1
info|2025-10-27 19:54:15.315989|PBFT-1-0x00007f46664fe700|[g:1][CONSENSUS][PBFT]checkAndChangeView: Reach consensus,org_view=4,cur_changeCycle=1,curView=4,view=5
info|2025-10-27 19:54:18.945994|io_service-0x00007f4680532700|[P2P][Service] heartBeat,connected count=3
warning|2025-10-27 19:54:19.821742|PBFT-1-0x00007f46664fe700|[g:1][CONSENSUS][PBFT]ViewChangeWarning: not caused by omit empty block ,v=5,toV=6,curNum=824,hash=faa628f9...,nodeIdx=0,myNode=064cb676...
info|2025-10-27 19:54:19.821917|PBFT-1-0x00007f46664fe700|[g:1][CONSENSUS][PBFT]checkTimeout Succ,view=5,toView=6,nodeIdx=0,changeCycle=2,myNode=064cb676...,timecost=1
info|2025-10-27 19:54:19.827432|PBFT-1-0x00007f46664fe700|[g:1][CONSENSUS][PBFT]checkAndChangeView: Reach consensus,org_view=5,cur_changeCycle=2,curView=5,view=6
info|2025-10-27 19:54:20.331952|PBFTWork-1-0x00007f466cd0b700|[g:1][CONSENSUS][PartiallyPBFTReqCache]addPartiallyRawPrepare,height=825,reqIdx=2,hash=2fcfec9d...
info|2025-10-27 19:54:20.332261|PBFTWork-1-0x00007f466cd0b700|[g:1][BLOCKVERIFIER][executeBlock]Executing block,txNum=1,num=825,parentHash=faa628f97f295b62b5aa412eb2143cc15e57228613e4880b0240c27dc3abb4b1,parentNum=824,parentStateRoot=e1afbcf347f55d71072a8dee450f80665b0eb39f386b64b30d4d302aabe3bf5a
info|2025-10-27 19:54:20.332437|PBFTWork-1-0x00007f466cd0b700|[g:1][PRECOMPILED]init GasChargeManagePrecompiled
info|2025-10-27 19:54:20.399579|PBFTWork-1-0x00007f466cd0b700|[g:1][CONSENSUS][PBFT]execBlock,blkNum=825,reqIdx=2,hash=f610e10e...,nodeIdx=0,myNode=064cb676...,decodeCost=0,checkCost=0,notifyCost=0,noteSealingCost=0,currentCycle=2,verifyAndSetSenderCost=0,execCost=67,execPerTx=67,totalCost=67
info|2025-10-27 19:54:20.401897|PBFTWork-1-0x00007f466cd0b700|[g:1][CONSENSUS][PBFT]handlePrepareMsg Succ,timecost=2,INFO=handlePartiallyPrepare,reqIdx=2,view=6,reqNum=825,curNum=824,consNum=825,hash=2fcfec9d...,nodeIdx=0,myNode=064cb676...,curChangeCycle=2
info|2025-10-27 19:54:20.412818|PBFT-1-0x00007f46664fe700|[g:1][CONSENSUS][PBFT]checkReq: Recv future request,prepHash=f610e10e...,INFO=handleSignMsg,num=825,curNum=824,GenIdx=3,Sview=6,view=6,fromIdx=3,fromNode=87d00b98...,fromIp=127.0.0.1:30302,hash=372779e8...,nodeIdx=0,myNode=064cb676...
info|2025-10-27 19:54:20.412846|PBFT-1-0x00007f46664fe700|[g:1][CONSENSUS][PBFT]FutureBlock,INFO=handleSignMsg,num=825,curNum=824,GenIdx=3,Sview=6,view=6,fromIdx=3,fromNode=87d00b98...,fromIp=127.0.0.1:30302,hash=372779e8...,nodeIdx=0,myNode=064cb676...
info|2025-10-27 19:54:20.416503|PBFT-1-0x00007f46664fe700|[g:1][CONSENSUS][PBFT]handleSignMsg Succ,Timecost=1,INFO=handleSignMsg,num=825,curNum=824,GenIdx=2,Sview=6,view=6,fromIdx=2,fromNode=73994dae...,fromIp=127.0.0.1:30300,hash=f610e10e...,nodeIdx=0,myNode=064cb676...
info|2025-10-27 19:54:27.149218|PBFT-1-0x00007f46664fe700|[g:1][CONSENSUS][SEALER]decrease maxBlockCanSeal to half for PBFT timeout,org_maxBlockCanSeal=30000,halfed_maxBlockCanSeal=15000,timeoutCount=1,lastTimeoutTx=1
warning|2025-10-27 19:54:27.150368|PBFT-1-0x00007f46664fe700|[g:1][CONSENSUS][PBFT]ViewChangeWarning: not caused by omit empty block ,v=6,toV=7,curNum=824,hash=faa628f9...,nodeIdx=0,myNode=064cb676...
info|2025-10-27 19:54:27.150499|PBFT-1-0x00007f46664fe700|[g:1][CONSENSUS][PBFT]checkTimeout Succ,view=6,toView=7,nodeIdx=0,changeCycle=3,myNode=064cb676...,timecost=1
info|2025-10-27 19:54:27.169848|PBFT-1-0x00007f46664fe700|[g:1][CONSENSUS][PBFT]checkAndChangeView: Reach consensus,org_view=6,cur_changeCycle=3,curView=6,view=7
info|2025-10-27 19:54:27.673406|PBFTWork-1-0x00007f466cd0b700|[g:1][CONSENSUS][PartiallyPBFTReqCache]addPartiallyRawPrepare,height=825,reqIdx=3,hash=7170c7cf...
info|2025-10-27 19:54:27.673693|PBFTWork-1-0x00007f466cd0b700|[g:1][BLOCKVERIFIER][executeBlock]Executing block,txNum=1,num=825,parentHash=faa628f97f295b62b5aa412eb2143cc15e57228613e4880b0240c27dc3abb4b1,parentNum=824,parentStateRoot=e1afbcf347f55d71072a8dee450f80665b0eb39f386b64b30d4d302aabe3bf5a
info|2025-10-27 19:54:27.673857|PBFTWork-1-0x00007f466cd0b700|[g:1][PRECOMPILED]init GasChargeManagePrecompiled
info|2025-10-27 19:54:27.746142|PBFTWork-1-0x00007f466cd0b700|[g:1][CONSENSUS][PBFT]execBlock,blkNum=825,reqIdx=3,hash=f7bc7450...,nodeIdx=0,myNode=064cb676...,decodeCost=0,checkCost=0,notifyCost=0,noteSealingCost=0,currentCycle=3,verifyAndSetSenderCost=0,execCost=73,execPerTx=73,totalCost=73
info|2025-10-27 19:54:27.748978|PBFTWork-1-0x00007f466cd0b700|[g:1][CONSENSUS][PBFT]handlePrepareMsg Succ,timecost=2,INFO=handlePartiallyPrepare,reqIdx=3,view=7,reqNum=825,curNum=824,consNum=825,hash=7170c7cf...,nodeIdx=0,myNode=064cb676...,curChangeCycle=3
info|2025-10-27 19:54:27.752513|PBFT-1-0x00007f46664fe700|[g:1][CONSENSUS][PBFT]checkReq: Recv future request,prepHash=f7bc7450...,INFO=handleSignMsg,num=825,curNum=824,GenIdx=2,Sview=7,view=7,fromIdx=2,fromNode=73994dae...,fromIp=127.0.0.1:30300,hash=be8060da...,nodeIdx=0,myNode=064cb676...
info|2025-10-27 19:54:27.752532|PBFT-1-0x00007f46664fe700|[g:1][CONSENSUS][PBFT]FutureBlock,INFO=handleSignMsg,num=825,curNum=824,GenIdx=2,Sview=7,view=7,fromIdx=2,fromNode=73994dae...,fromIp=127.0.0.1:30300,hash=be8060da...,nodeIdx=0,myNode=064cb676...
info|2025-10-27 19:54:27.753574|PBFT-1-0x00007f46664fe700|[g:1][CONSENSUS][PBFT]checkReq: Recv future request,prepHash=f7bc7450...,INFO=handleSignMsg,num=825,curNum=824,GenIdx=3,Sview=7,view=7,fromIdx=3,fromNode=87d00b98...,fromIp=127.0.0.1:30302,hash=be8060da...,nodeIdx=0,myNode=064cb676...
info|2025-10-27 19:54:27.753610|PBFT-1-0x00007f46664fe700|[g:1][CONSENSUS][PBFT]FutureBlock,INFO=handleSignMsg,num=825,curNum=824,GenIdx=3,Sview=7,view=7,fromIdx=3,fromNode=87d00b98...,fromIp=127.0.0.1:30302,hash=be8060da...,nodeIdx=0,myNode=064cb676...
info|2025-10-27 19:54:28.946558|io_service-0x00007f4680532700|[P2P][Service] heartBeat,connected count=3
info|2025-10-27 19:54:37.881481|PBFT-1-0x00007f46664fe700|[g:1][CONSENSUS][SEALER]decrease maxBlockCanSeal to half for PBFT timeout,org_maxBlockCanSeal=15000,halfed_maxBlockCanSeal=7500,timeoutCount=2,lastTimeoutTx=1
warning|2025-10-27 19:54:37.882763|PBFT-1-0x00007f46664fe700|[g:1][CONSENSUS][PBFT]ViewChangeWarning: not caused by omit empty block ,v=7,toV=8,curNum=824,hash=faa628f9...,nodeIdx=0,myNode=064cb676...
info|2025-10-27 19:54:37.883481|PBFT-1-0x00007f46664fe700|[g:1][CONSENSUS][PBFT]checkTimeout Succ,view=7,toView=8,nodeIdx=0,changeCycle=4,myNode=064cb676...,timecost=2
info|2025-10-27 19:54:37.886859|PBFT-1-0x00007f46664fe700|[g:1][CONSENSUS][PBFT]checkAndChangeView: Reach consensus,org_view=7,cur_changeCycle=4,curView=7,view=8
info|2025-10-27 19:54:38.388254|PBFTSeal-1-0x00007f465ecef700|[g:1][CONSENSUS][SEALER]++++++++++++++++ Generating seal on,blkNum=825,tx=1,nodeIdx=0,hash=1b4ff2a8...
info|2025-10-27 19:54:38.390902|sealerWorker-0x00007f466e50e700|[CONSENSUS]addRawPrepare,height=825,reqIdx=0,hash=1b4ff2a8...,time=0
info|2025-10-27 19:54:38.391126|sealerWorker-0x00007f466e50e700|[BLOCKVERIFIER][executeBlock]Executing block,txNum=1,num=825,parentHash=faa628f97f295b62b5aa412eb2143cc15e57228613e4880b0240c27dc3abb4b1,parentNum=824,parentStateRoot=e1afbcf347f55d71072a8dee450f80665b0eb39f386b64b30d4d302aabe3bf5a
info|2025-10-27 19:54:38.391263|sealerWorker-0x00007f466e50e700|[PRECOMPILED]init GasChargeManagePrecompiled
info|2025-10-27 19:54:38.465099|sealerWorker-0x00007f466e50e700|[CONSENSUS][PBFT]execBlock,blkNum=825,reqIdx=0,hash=573817fb...,nodeIdx=0,myNode=064cb676...,decodeCost=0,checkCost=1,notifyCost=0,noteSealingCost=0,currentCycle=4,verifyAndSetSenderCost=0,execCost=74,execPerTx=74,totalCost=75
info|2025-10-27 19:54:38.467342|sealerWorker-0x00007f466e50e700|[CONSENSUS][PBFT]handlePrepareMsg Succ,timecost=2,INFO=handlePrepareMsg,reqIdx=0,view=8,reqNum=825,curNum=824,consNum=825,curView=8,fromIp=self,hash=1b4ff2a8...,nodeIdx=0,myNode=064cb676...,curChangeCycle=4
info|2025-10-27 19:54:38.467375|sealerWorker-0x00007f466e50e700|[CONSENSUS][PBFT]generateLocalPrepare,hash=1b4ff2a8...,H=825,nodeIdx=0,myNode=064cb676...
info|2025-10-27 19:54:38.467472|PBFT-1-0x00007f46664fe700|[g:1][CONSENSUS][PBFT]checkReq: Recv future request,prepHash=573817fb...,INFO=handleSignMsg,num=825,curNum=824,GenIdx=2,Sview=8,view=8,fromIdx=2,fromNode=73994dae...,fromIp=127.0.0.1:30300,hash=338c86af...,nodeIdx=0,myNode=064cb676...
info|2025-10-27 19:54:38.467497|PBFT-1-0x00007f46664fe700|[g:1][CONSENSUS][PBFT]FutureBlock,INFO=handleSignMsg,num=825,curNum=824,GenIdx=2,Sview=8,view=8,fromIdx=2,fromNode=73994dae...,fromIp=127.0.0.1:30300,hash=338c86af...,nodeIdx=0,myNode=064cb676...
info|2025-10-27 19:54:38.467523|PBFT-1-0x00007f46664fe700|[g:1][CONSENSUS][PBFT]checkReq: Recv future request,prepHash=573817fb...,INFO=handleSignMsg,num=825,curNum=824,GenIdx=3,Sview=8,view=8,fromIdx=3,fromNode=87d00b98...,fromIp=127.0.0.1:30302,hash=eca775f0...,nodeIdx=0,myNode=064cb676...
info|2025-10-27 19:54:38.467541|PBFT-1-0x00007f46664fe700|[g:1][CONSENSUS][PBFT]FutureBlock,INFO=handleSignMsg,num=825,curNum=824,GenIdx=3,Sview=8,view=8,fromIdx=3,fromNode=87d00b98...,fromIp=127.0.0.1:30302,hash=eca775f0...,nodeIdx=0,myNode=064cb676...
info|2025-10-27 19:54:38.946987|io_service-0x00007f4680532700|[P2P][Service] heartBeat,connected count=3
info|2025-10-27 19:54:40.488891|P2P-0x00007f4682536700|[g:1] [SYNC][id:064cb676...][Download][Request]Receive block request,peer=374bdfe9...,from=184,to=184
info|2025-10-27 19:54:40.489317|SyncSend-1-0x00007f4672d17700|[g:1][SYNC][id:064cb676...][Download][Request][BlockSync]Batch blocks for sending,blockSize=24480,number=184,peer=374bdfe9...,timeCost=0
info|2025-10-27 19:54:40.489404|SyncSend-1-0x00007f4672d17700|[g:1][g:1] [SYNC][id:374bdfe9...][Download][Request][BlockSync]Send block packet,peer=374bdfe9...,blocks=1,bytes(V)=24487
info|2025-10-27 19:54:46.893804|P2P-0x00007f4682536700|[g:1] [SYNC][id:064cb676...][Download][Request]Receive block request,peer=374bdfe9...,from=184,to=184
info|2025-10-27 19:54:46.894276|SyncSend-1-0x00007f4672d17700|[g:1][SYNC][id:064cb676...][Download][Request][BlockSync]Batch blocks for sending,blockSize=24480,number=184,peer=374bdfe9...,timeCost=0
info|2025-10-27 19:54:46.894355|SyncSend-1-0x00007f4672d17700|[g:1][g:1] [SYNC][id:374bdfe9...][Download][Request][BlockSync]Send block packet,peer=374bdfe9...,blocks=1,bytes(V)=24487
info|2025-10-27 19:54:48.947955|io_service-0x00007f4680532700|[P2P][Service] heartBeat,connected count=3
info|2025-10-27 19:54:53.652383|PBFT-1-0x00007f46664fe700|[g:1][CONSENSUS][SEALER]decrease maxBlockCanSeal to half for PBFT timeout,org_maxBlockCanSeal=7500,halfed_maxBlockCanSeal=3750,timeoutCount=3,lastTimeoutTx=1
warning|2025-10-27 19:54:53.653691|PBFT-1-0x00007f46664fe700|[g:1][CONSENSUS][PBFT]ViewChangeWarning: not caused by omit empty block ,v=8,toV=9,curNum=824,hash=faa628f9...,nodeIdx=0,myNode=064cb676...
info|2025-10-27 19:54:53.653846|PBFT-1-0x00007f46664fe700|[g:1][CONSENSUS][PBFT]checkTimeout Succ,view=8,toView=9,nodeIdx=0,changeCycle=5,myNode=064cb676...,timecost=1
info|2025-10-27 19:54:53.655214|PBFT-1-0x00007f46664fe700|[g:1][CONSENSUS][PBFT]checkAndChangeView: Reach consensus,org_view=8,cur_changeCycle=5,curView=8,view=9
info|2025-10-27 19:54:58.949358|io_service-0x00007f4680532700|[P2P][Service] heartBeat,connected count=3
info|2025-10-27 19:55:08.949651|io_service-0x00007f4680532700|[P2P][Service] heartBeat,connected count=3
info|2025-10-27 19:55:12.574156|P2P-0x00007f4681d35700|[g:1] [SYNC][id:064cb676...][Download][Request]Receive block request,peer=374bdfe9...,from=184,to=184
info|2025-10-27 19:55:12.574603|SyncSend-1-0x00007f4672d17700|[g:1][SYNC][id:064cb676...][Download][Request][BlockSync]Batch blocks for sending,blockSize=24480,number=184,peer=374bdfe9...,timeCost=0
info|2025-10-27 19:55:12.574701|SyncSend-1-0x00007f4672d17700|[g:1][g:1] [SYNC][id:374bdfe9...][Download][Request][BlockSync]Send block packet,peer=374bdfe9...,blocks=1,bytes(V)=24487
warning|2025-10-27 19:55:16.439433|PBFT-1-0x00007f46664fe700|[g:1][CONSENSUS][PBFT]ViewChangeWarning: not caused by omit empty block ,v=9,toV=10,curNum=824,hash=faa628f9...,nodeIdx=0,myNode=064cb676...
info|2025-10-27 19:55:16.439518|PBFT-1-0x00007f46664fe700|[g:1][CONSENSUS][PBFT]checkTimeout Succ,view=9,toView=10,nodeIdx=0,changeCycle=6,myNode=064cb676...,timecost=2
info|2025-10-27 19:55:16.443118|PBFT-1-0x00007f46664fe700|[g:1][CONSENSUS][PBFT]checkAndChangeView: Reach consensus,org_view=9,cur_changeCycle=6,curView=9,view=10
info|2025-10-27 19:55:16.950702|PBFTWork-1-0x00007f466cd0b700|[g:1][CONSENSUS][PartiallyPBFTReqCache]addPartiallyRawPrepare,height=825,reqIdx=2,hash=b866526a...
info|2025-10-27 19:55:16.951022|PBFTWork-1-0x00007f466cd0b700|[g:1][BLOCKVERIFIER][executeBlock]Executing block,txNum=2,num=825,parentHash=faa628f97f295b62b5aa412eb2143cc15e57228613e4880b0240c27dc3abb4b1,parentNum=824,parentStateRoot=e1afbcf347f55d71072a8dee450f80665b0eb39f386b64b30d4d302aabe3bf5a
info|2025-10-27 19:55:16.951201|PBFTWork-1-0x00007f466cd0b700|[g:1][PRECOMPILED]init GasChargeManagePrecompiled
info|2025-10-27 19:55:17.016917|PBFTWork-1-0x00007f466cd0b700|[g:1][CONSENSUS][PBFT]execBlock,blkNum=825,reqIdx=2,hash=df1aa154...,nodeIdx=0,myNode=064cb676...,decodeCost=0,checkCost=0,notifyCost=0,noteSealingCost=0,currentCycle=6,verifyAndSetSenderCost=0,execCost=66,execPerTx=33,totalCost=66
info|2025-10-27 19:55:17.019344|PBFTWork-1-0x00007f466cd0b700|[g:1][CONSENSUS][PBFT]handlePrepareMsg Succ,timecost=3,INFO=handlePartiallyPrepare,reqIdx=2,view=10,reqNum=825,curNum=824,consNum=825,hash=b866526a...,nodeIdx=0,myNode=064cb676...,curChangeCycle=6
info|2025-10-27 19:55:17.025418|PBFT-1-0x00007f46664fe700|[g:1][CONSENSUS][PBFT]checkReq: Recv future request,prepHash=df1aa154...,INFO=handleSignMsg,num=825,curNum=824,GenIdx=3,Sview=10,view=10,fromIdx=3,fromNode=87d00b98...,fromIp=127.0.0.1:30302,hash=89087311...,nodeIdx=0,myNode=064cb676...
info|2025-10-27 19:55:17.025466|PBFT-1-0x00007f46664fe700|[g:1][CONSENSUS][PBFT]FutureBlock,INFO=handleSignMsg,num=825,curNum=824,GenIdx=3,Sview=10,view=10,fromIdx=3,fromNode=87d00b98...,fromIp=127.0.0.1:30302,hash=89087311...,nodeIdx=0,myNode=064cb676...
info|2025-10-27 19:55:17.027843|PBFT-1-0x00007f46664fe700|[g:1][CONSENSUS][PBFT]handleSignMsg Succ,Timecost=1,INFO=handleSignMsg,num=825,curNum=824,GenIdx=2,Sview=10,view=10,fromIdx=2,fromNode=73994dae...,fromIp=127.0.0.1:30300,hash=df1aa154...,nodeIdx=0,myNode=064cb676...
info|2025-10-27 19:55:18.950241|io_service-0x00007f4680532700|[P2P][Service] heartBeat,connected count=3
info|2025-10-27 19:55:25.522164|P2P-0x00007f4680d33700|[g:1] [SYNC][id:064cb676...][Download][Request]Receive block request,peer=374bdfe9...,from=184,to=184
info|2025-10-27 19:55:25.522714|SyncSend-1-0x00007f4672d17700|[g:1][SYNC][id:064cb676...][Download][Request][BlockSync]Batch blocks for sending,blockSize=24480,number=184,peer=374bdfe9...,timeCost=0
info|2025-10-27 19:55:25.522807|SyncSend-1-0x00007f4672d17700|[g:1][g:1] [SYNC][id:374bdfe9...][Download][Request][BlockSync]Send block packet,peer=374bdfe9...,blocks=1,bytes(V)=24487
info|2025-10-27 19:55:28.950716|io_service-0x00007f4680532700|[P2P][Service] heartBeat,connected count=3
info|2025-10-27 19:55:38.826508|fisco-bcos-0x00007f46832abdc0|[LEDGER]stop sealer,groupID=1
info|2025-10-27 19:55:38.826554|fisco-bcos-0x00007f46832abdc0|[CONSENSUS][SEALER]Stop sealer module...
info|2025-10-27 19:55:38.830361|fisco-bcos-0x00007f46832abdc0|[CONSENSUS][ConsensusEngine][Stop ConsensusEngineBase]
info|2025-10-27 19:55:38.833592|fisco-bcos-0x00007f46832abdc0|[CONSENSUS][ConsensusEngine]ConsensusEngineBase stopped
info|2025-10-27 19:55:38.833656|fisco-bcos-0x00007f46832abdc0|[LEDGER]sealer stopped. stop sync,groupID=1
info|2025-10-27 19:55:38.834294|fisco-bcos-0x00007f46832abdc0|[g:1] [SYNC][id:064cb676...]SyncMsgEngine stopped
info|2025-10-27 19:55:38.908541|fisco-bcos-0x00007f46832abdc0|[GossipBlockStatus]stop GossipBlockStatus succ
info|2025-10-27 19:55:38.951739|io_service-0x00007f4680532700|[P2P][Service] heartBeat,connected count=3
info|2025-10-27 19:55:39.785357|fisco-bcos-0x00007f46832abdc0|[SYNC][id:064cb676...][g:1]SyncMaster stopped
info|2025-10-27 19:55:39.785441|fisco-bcos-0x00007f46832abdc0|[LEDGER]sync stopped. stop event filter manager,groupID=1
info|2025-10-27 19:55:39.848514|fisco-bcos-0x00007f46832abdc0|[EVENT][EventLogFilterManager]stop
info|2025-10-27 19:55:39.848565|fisco-bcos-0x00007f46832abdc0|[LEDGER]event filter manager stopped. stop tx pool,groupID=1
info|2025-10-27 19:55:39.848951|fisco-bcos-0x00007f46832abdc0|[LEDGER]removeNetworkStatHandlerByGroupID and removeGroupBandwidthLimiter for service,groupID=1
info|2025-10-27 19:55:39.848966|fisco-bcos-0x00007f46832abdc0|[CHANNEL]removeSDKAllowListByGroupId,groupId=1
info|2025-10-27 19:55:39.848973|fisco-bcos-0x00007f46832abdc0|[INITIALIZER]ledgerInitializer stopped
warning|2025-10-27 19:55:39.849013|ChannelServer-0x00007f4677520700|[CHANNEL]Accept failed,message=Operation canceled
info|2025-10-27 19:55:40.424401|io_service-0x00007f4680532700|[NETWORK][Session]doRead failed,endpoint=127.0.0.1:30300,message=short read (SSL routines, SSL routines)
info|2025-10-27 19:55:40.424442|io_service-0x00007f4680532700|[NETWORK][Session]drop, call and erase all callbackFunc of the session!,endpoint=127.0.0.1:30300
info|2025-10-27 19:55:40.424482|io_service-0x00007f4680532700|[NETWORK][Session][drop] closing remote 127.0.0.1:30300,reason=Low-level TCP communication failed.,endpoint=127.0.0.1:30300
info|2025-10-27 19:55:40.424613|io_service-0x00007f4680532700|[NETWORK][Session]Session inactive
info|2025-10-27 19:55:40.424671|io_service-0x00007f4680532700|[NETWORK][Session]Session inactive
info|2025-10-27 19:55:40.424681|io_service-0x00007f4680532700|[NETWORK][Session][drop] shutdown failed ,code=9,message=Bad file descriptor
info|2025-10-27 19:55:40.424725|P2P-0x00007f4681534700|[P2P][Service] disconnect inactive P2PSession,nodeID=73994dae...,endpoint=127.0.0.1:30300,code=3,what=Disconnect
info|2025-10-27 19:55:40.424743|P2P-0x00007f4681534700|[P2P][Service] onDisconnect,code=3,what=Dynamic exception type: dev::network::NetworkException
std::exception::what: Disconnect
info|2025-10-27 19:55:40.614897|io_service-0x00007f4680532700|[NETWORK][Session]doRead failed,endpoint=127.0.0.1:34560,message=short read (SSL routines, SSL routines)
info|2025-10-27 19:55:40.614967|io_service-0x00007f4680532700|[NETWORK][Session]drop, call and erase all callbackFunc of the session!,endpoint=127.0.0.1:34560
info|2025-10-27 19:55:40.615019|io_service-0x00007f4680532700|[NETWORK][Session][drop] closing remote 127.0.0.1:34560,reason=Low-level TCP communication failed.,endpoint=127.0.0.1:34560
info|2025-10-27 19:55:40.615156|io_service-0x00007f4680532700|[NETWORK][Session]Session inactive
info|2025-10-27 19:55:40.615167|io_service-0x00007f4680532700|[NETWORK][Session]Session inactive
info|2025-10-27 19:55:40.615178|io_service-0x00007f4680532700|[NETWORK][Session][drop] shutdown failed ,code=9,message=Bad file descriptor
info|2025-10-27 19:55:40.615241|P2P-0x00007f4680d33700|[P2P][Service] disconnect inactive P2PSession,nodeID=374bdfe9...,endpoint=127.0.0.1:34560,code=3,what=Disconnect
info|2025-10-27 19:55:40.615263|P2P-0x00007f4680d33700|[P2P][Service] onDisconnect,code=3,what=Dynamic exception type: dev::network::NetworkException
std::exception::what: Disconnect
info|2025-10-27 19:55:40.822310|io_service-0x00007f4680532700|[NETWORK][Session]doRead failed,endpoint=127.0.0.1:30302,message=short read (SSL routines, SSL routines)
info|2025-10-27 19:55:40.822351|io_service-0x00007f4680532700|[NETWORK][Session]drop, call and erase all callbackFunc of the session!,endpoint=127.0.0.1:30302
info|2025-10-27 19:55:40.822383|io_service-0x00007f4680532700|[NETWORK][Session][drop] closing remote 127.0.0.1:30302,reason=Low-level TCP communication failed.,endpoint=127.0.0.1:30302
info|2025-10-27 19:55:40.822483|io_service-0x00007f4680532700|[NETWORK][Session]Session inactive
info|2025-10-27 19:55:40.822489|io_service-0x00007f4680532700|[NETWORK][Session]Session inactive
info|2025-10-27 19:55:40.822493|io_service-0x00007f4680532700|[NETWORK][Session][drop] shutdown failed ,code=9,message=Bad file descriptor
info|2025-10-27 19:55:40.822531|P2P-0x00007f4682536700|[P2P][Service] disconnect inactive P2PSession,nodeID=87d00b98...,endpoint=127.0.0.1:30302,code=3,what=Disconnect
info|2025-10-27 19:55:40.822553|P2P-0x00007f4682536700|[P2P][Service] onDisconnect,code=3,what=Dynamic exception type: dev::network::NetworkException
std::exception::what: Disconnect
info|2025-10-27 19:55:40.849750|fisco-bcos-0x00007f46832abdc0|[INITIALIZER]ChannelRPCHttpServer deleted.
info|2025-10-27 19:55:40.850259|fisco-bcos-0x00007f46832abdc0|[INITIALIZER]JsonrpcHttpServer deleted.
info|2025-10-27 19:55:40.850286|fisco-bcos-0x00007f46832abdc0|[INITIALIZER]RPCInitializer stopped
info|2025-10-27 19:55:40.850406|io_service-0x00007f4680532700|[NETWORK][Host]Host exit
info|2025-10-27 19:55:40.851082|fisco-bcos-0x00007f46832abdc0|[INITIALIZER]P2PInitializer stopped
info|2025-10-27 19:55:40.851115|fisco-bcos-0x00007f46832abdc0|[LEDGER]stop sealer,groupID=1
info|2025-10-27 19:55:40.851125|fisco-bcos-0x00007f46832abdc0|[LEDGER]sealer stopped. stop sync,groupID=1
info|2025-10-27 19:55:40.851134|fisco-bcos-0x00007f46832abdc0|[g:1] [SYNC][id:064cb676...]SyncMsgEngine stopped
info|2025-10-27 19:55:40.851146|fisco-bcos-0x00007f46832abdc0|[GossipBlockStatus]GossipBlockStatus already stopped
info|2025-10-27 19:55:40.851151|fisco-bcos-0x00007f46832abdc0|[SYNC][id:064cb676...][g:1]SyncMaster stopped
info|2025-10-27 19:55:40.851155|fisco-bcos-0x00007f46832abdc0|[LEDGER]sync stopped. stop event filter manager,groupID=1
info|2025-10-27 19:55:40.851159|fisco-bcos-0x00007f46832abdc0|[LEDGER]event filter manager stopped. stop tx pool,groupID=1
info|2025-10-27 19:55:40.851166|fisco-bcos-0x00007f46832abdc0|[LEDGER]removeNetworkStatHandlerByGroupID and removeGroupBandwidthLimiter for service,groupID=1
info|2025-10-27 19:55:40.851180|fisco-bcos-0x00007f46832abdc0|[g:1][STORAGE][CachedStorage]Stopping flushStorage thread
info|2025-10-27 19:55:41.590283|fisco-bcos-0x00007f46832abdc0|[g:1][STORAGE][CachedStorage]flushStorage thread stopped.
info|2025-10-27 19:55:41.590334|fisco-bcos-0x00007f46832abdc0|[DBINITIALIZER] storage stopped
info|2025-10-27 19:55:41.598567|fisco-bcos-0x00007f46832abdc0|[g:1] [SYNC][id:064cb676...]SyncMsgEngine stopped
info|2025-10-27 19:55:41.598619|fisco-bcos-0x00007f46832abdc0|[GossipBlockStatus]GossipBlockStatus already stopped
info|2025-10-27 19:55:41.598625|fisco-bcos-0x00007f46832abdc0|[SYNC][id:064cb676...][g:1]SyncMaster stopped
info|2025-10-27 19:55:41.598648|fisco-bcos-0x00007f46832abdc0|[g:1] [SYNC][id:064cb676...]SyncMsgEngine stopped
