info|2025-10-12 06:46:40.984731|fisco-bcos-0x00007f6d8d116dc0|[INITIALIZER][initGlobalConfig],enableCompress=true,compatibilityVersion=2.11.0,versionNumber=34275328,enableStat=false,chainId=1,useSMCrypto=true,IgnoreObserverWriteRequest=false
info|2025-10-12 06:46:40.985783|fisco-bcos-0x00007f6d8d116dc0|[INITIALIZER][SecureInitializerGM]get pub of node,nodeID=064cb676a36047a4b52ecbf9c01664b1e987d91b438110ba6a12d96972726622e824d295b1de8b0298b5afe7bbbc0bd04a3890e1a36eae028c1cfbe07971b995
info|2025-10-12 06:46:40.992376|fisco-bcos-0x00007f6d8d116dc0|[NETWORK][Host]Connecting to node,endpoint=127.0.0.1:30300
info|2025-10-12 06:46:40.992562|fisco-bcos-0x00007f6d8d116dc0|[NETWORK][Host]Connecting to node,endpoint=127.0.0.1:30301
info|2025-10-12 06:46:40.992657|fisco-bcos-0x00007f6d8d116dc0|[NETWORK][Host]Connecting to node,endpoint=127.0.0.1:30302
info|2025-10-12 06:46:40.992735|fisco-bcos-0x00007f6d8d116dc0|[NETWORK][Host]Connecting to node,endpoint=127.0.0.1:30303
info|2025-10-12 06:46:40.992805|fisco-bcos-0x00007f6d8d116dc0|[P2P][Service] heartBeat,connected count=0
info|2025-10-12 06:46:40.992857|fisco-bcos-0x00007f6d8d116dc0|[INITIALIZER][RPCInitializer],network_security.check_cert_issuer=true
info|2025-10-12 06:46:40.993807|fisco-bcos-0x00007f6d8d116dc0|[CHANNEL][ChannelServer::run],threadPoolSize=8
info|2025-10-12 06:46:40.994064|fisco-bcos-0x00007f6d8d116dc0|[CHANNEL]ChannelRPCServer started
info|2025-10-12 06:46:40.994098|fisco-bcos-0x00007f6d8d116dc0|[INITIALIZER][RPCInitializer: ChannelRPCHttpServer started.],disableDynamicGroup=false,uncheckGroupMember=false,threadSize=8
info|2025-10-12 06:46:40.994125|fisco-bcos-0x00007f6d8d116dc0|[INITIALIZER][LedgerInitializer]initConfig
info|2025-10-12 06:46:40.994150|fisco-bcos-0x00007f6d8d116dc0|[LedgerInitializer],groupConfigPath=conf/
info|2025-10-12 06:46:40.994363|fisco-bcos-0x00007f6d8d116dc0|[INITIALIZER][initSingleLedger] [GroupId], LedgerConstructor:  1,configFileName=conf/group.1.genesis,dataDir=data/
info|2025-10-12 06:46:40.994482|fisco-bcos-0x00007f6d8d116dc0|[g:1][LedgerParam][parseGenesisConfig]initConsensusConfig/initStorageConfig/initTxConfig,configFile=conf/group.1.genesis
info|2025-10-12 06:46:40.994529|fisco-bcos-0x00007f6d8d116dc0|[g:1][LedgerParam][initConsensusConfig],type=pbft,consensusTimeout=3,maxTxNum=1000,txGasLimit=300000000
info|2025-10-12 06:46:40.994564|fisco-bcos-0x00007f6d8d116dc0|[g:1][LedgerParam][parsePublicKeyListOfSection],sectionName=consensus,it.first=73994dae9e8b8da733108a4153dfe79151d701dff425f84c87b5324e8ebd02ab6a0ebc9e4f1e0298a7ddca50f94a8f95c62b6997226d571e470e8f2b0600634a
info|2025-10-12 06:46:40.994593|fisco-bcos-0x00007f6d8d116dc0|[g:1][LedgerParam][parsePublicKeyListOfSection],sectionName=consensus,it.first=374bdfe969e1d8ea1200ade93e5d8cf1a7d5741f238011004b0f43ca818706f194b2f067e1708125f7ffc536610b9a72addbd56b238d65f18912be39037ffcc5
info|2025-10-12 06:46:40.994622|fisco-bcos-0x00007f6d8d116dc0|[g:1][LedgerParam][parsePublicKeyListOfSection],sectionName=consensus,it.first=87d00b98321fc70a5abc85ad9e80db10cce315194133697bf74aace1d3f8430957a766240f751752708f4282f46110d6ea56c3eb5d1c02ce98a66f327f595270
info|2025-10-12 06:46:40.994656|fisco-bcos-0x00007f6d8d116dc0|[g:1][LedgerParam][parsePublicKeyListOfSection],sectionName=consensus,it.first=064cb676a36047a4b52ecbf9c01664b1e987d91b438110ba6a12d96972726622e824d295b1de8b0298b5afe7bbbc0bd04a3890e1a36eae028c1cfbe07971b995
info|2025-10-12 06:46:40.994679|fisco-bcos-0x00007f6d8d116dc0|[g:1][LedgerParam][parsePublicKeyListOfSection],totalPubKeySize=4
info|2025-10-12 06:46:40.994721|fisco-bcos-0x00007f6d8d116dc0|[g:1][LedgerParam][max_block_range],maxBlockRange=0,maxBlockPerProcess=3
info|2025-10-12 06:46:40.994837|fisco-bcos-0x00007f6d8d116dc0|[g:1][LedgerParam][parseGenesisConfig],timestamp=1759762229000
info|2025-10-12 06:46:41.003438|io_service-0x00007f6d8a39d700|[NETWORK][Host]P2P StartAccept,Host=0.0.0.0:30303
info|2025-10-12 06:46:41.003783|io_service-0x00007f6d8a39d700|[NETWORK][Host]P2P Recv Connect, From=127.0.0.1:36316
info|2025-10-12 06:46:41.003938|io_service-0x00007f6d8a39d700|[NETWORK][Host]P2P StartAccept,Host=0.0.0.0:30303
info|2025-10-12 06:46:41.004996|fisco-bcos-0x00007f6d8d116dc0|[g:1][LedgerParam]setEVMFlags,enableFreeStorageVMSchedule=false,evmFlags=0
info|2025-10-12 06:46:41.009111|fisco-bcos-0x00007f6d8d116dc0|[g:1][LedgerParam]store evmFlag,evmFlag=0
info|2025-10-12 06:46:41.009146|fisco-bcos-0x00007f6d8d116dc0|[g:1][LedgerParam]store consensus time,consensusTimeout=3
info|2025-10-12 06:46:41.009170|fisco-bcos-0x00007f6d8d116dc0|[g:1][LedgerParam][initMark],genesisMark=1-064cb676a36047a4b52ecbf9c01664b1e987d91b438110ba6a12d96972726622e824d295b1de8b0298b5afe7bbbc0bd04a3890e1a36eae028c1cfbe07971b995,374bdfe969e1d8ea1200ade93e5d8cf1a7d5741f238011004b0f43ca818706f194b2f067e1708125f7ffc536610b9a72addbd56b238d65f18912be39037ffcc5,73994dae9e8b8da733108a4153dfe79151d701dff425f84c87b5324e8ebd02ab6a0ebc9e4f1e0298a7ddca50f94a8f95c62b6997226d571e470e8f2b0600634a,87d00b98321fc70a5abc85ad9e80db10cce315194133697bf74aace1d3f8430957a766240f751752708f4282f46110d6ea56c3eb5d1c02ce98a66f327f595270,-pbft-storage-0-1000-300000000-3
info|2025-10-12 06:46:41.009196|fisco-bcos-0x00007f6d8d116dc0|[g:1][LedgerParam][initIniConfig]initTxPoolConfig/initSyncConfig/initTxExecuteConfig,configFile=conf/group.1.ini
info|2025-10-12 06:46:41.009468|fisco-bcos-0x00007f6d8d116dc0|[g:1][LedgerParam][initStorageConfig],stateType=storage,storageDB=rocksdb,storagePath=data//group1/block/RocksDB,baseDir=data//group1,dbtype=mysql,dbip=127.0.0.1,dbport=3306,dbcharset=utf8mb4,initconnections=15,maxconnections=50,scrollThreshold=2000,enableReconfirmCommittee=false
info|2025-10-12 06:46:41.009539|fisco-bcos-0x00007f6d8d116dc0|[g:1][LedgerParam][initTxPoolConfig],txPoolLimit=150000,memorySizeLimit(MB)=512,notifyWorkerNum=2,txsExpirationTime(ms)=600000
info|2025-10-12 06:46:41.009581|fisco-bcos-0x00007f6d8d116dc0|[g:1][LedgerParam][initSyncConfig],idleWaitMs=200
info|2025-10-12 06:46:41.009619|fisco-bcos-0x00007f6d8d116dc0|[g:1][LedgerParam][initSyncConfig],enableSendTxsByTree=true,enableSendBlockStatusByTree=true
info|2025-10-12 06:46:41.009660|fisco-bcos-0x00007f6d8d116dc0|[g:1][LedgerParam][initSyncConfig],gossipInterval=1000
info|2025-10-12 06:46:41.009709|fisco-bcos-0x00007f6d8d116dc0|[g:1][LedgerParam][initSyncConfig],enableSendBlockStatusByTree=true,gossipInterval=1000,gossipPeers=3,syncTreeWidth=3,maxQueueSizeForBlockSync=536870912,txsStatusGossipMaxPeers=5,syncInfoPrintInterval=10,freeNodeRead=false
info|2025-10-12 06:46:41.009748|fisco-bcos-0x00007f6d8d116dc0|[g:1][LedgerParam][InitTxExecuteConfig],enableParallel=true
info|2025-10-12 06:46:41.009797|fisco-bcos-0x00007f6d8d116dc0|[g:1][LedgerParam][initConsensusIniConfig],maxTTL=2,minBlockGenerationTime=500,enablDynamicBlockSize=true,blockSizeIncreaseRatio=0.5,enableTTLOptimize=true,enablePrepareWithTxsHash=true
info|2025-10-12 06:46:41.010022|fisco-bcos-0x00007f6d8d116dc0|[g:1][LedgerParam][initRPBFTConsensusIniConfig],broadcastPrepareByTree=true,prepareStatusBroadcastPercent=33,maxRequestMissedTxsWaitTime=100,maxRequestPrepareWaitTime=100
info|2025-10-12 06:46:41.010053|fisco-bcos-0x00007f6d8d116dc0|[g:1][LedgerParam][initFlowControlConfig],maxQPS=9223372036854775807,outGoingBandwidth(Bytes)=9223372036854775807
info|2025-10-12 06:46:41.010073|fisco-bcos-0x00007f6d8d116dc0|[g:1][LedgerParam]parseSDKAllowList,sdkAllowList=[],enableSDKAllowListControl=false
info|2025-10-12 06:46:41.010108|fisco-bcos-0x00007f6d8d116dc0|[g:1][LEDGER][initLedger][DBInitializer]
info|2025-10-12 06:46:41.010440|fisco-bcos-0x00007f6d8d116dc0|[g:1][LEDGER]setSDKAllowList,groupId=1,sdkAllowListSize=0
info|2025-10-12 06:46:41.010500|fisco-bcos-0x00007f6d8d116dc0|[g:1][CHANNEL]registerSDKAllowListByGroupId,groupId=1,size=0
info|2025-10-12 06:46:41.010509|fisco-bcos-0x00007f6d8d116dc0|[g:1][CHANNEL]Disable group-level sdk permission control for sdk allowlist is empty
info|2025-10-12 06:46:41.010746|fisco-bcos-0x00007f6d8d116dc0|[g:1][DBINITIALIZER] [initStorageDB]
info|2025-10-12 06:46:41.013687|fisco-bcos-0x00007f6d8d116dc0|[g:1][DBINITIALIZER] [initRocksDBStorage]
info|2025-10-12 06:46:41.014131|fisco-bcos-0x00007f6d8d116dc0|[g:1][ROCKSDB]open rocksDB handler,path=data//group1/block/RocksDB
info|2025-10-12 06:46:41.022302|io_service-0x00007f6d8a39d700|[NETWORK][ASIO]asyncResolveConnect,endpoint=127.0.0.1:30300
info|2025-10-12 06:46:41.022988|io_service-0x00007f6d8a39d700|[NETWORK][ASIO]asyncResolveConnect,endpoint=127.0.0.1:30301
info|2025-10-12 06:46:41.023236|io_service-0x00007f6d8a39d700|[NETWORK][ASIO]asyncResolveConnect,endpoint=127.0.0.1:30302
info|2025-10-12 06:46:41.023450|io_service-0x00007f6d8a39d700|[NETWORK][ASIO]asyncResolveConnect,endpoint=127.0.0.1:30303
info|2025-10-12 06:46:41.032087|io_service-0x00007f6d8a39d700|[NETWORK][Host]P2P Recv Connect, From=127.0.0.1:36318
info|2025-10-12 06:46:41.032452|io_service-0x00007f6d8a39d700|[NETWORK][Host]P2P StartAccept,Host=0.0.0.0:30303
info|2025-10-12 06:46:41.081825|fisco-bcos-0x00007f6d8d116dc0|[g:1][g:1][STORAGE][CachedStorage]Init flushStorage thread
info|2025-10-12 06:46:41.083906|fisco-bcos-0x00007f6d8d116dc0|[g:1][DBINITIALIZER] [init CachedStorage],maxCapacity=32,maxForwardBlock=10
info|2025-10-12 06:46:41.084347|fisco-bcos-0x00007f6d8d116dc0|[g:1][LEDGER][initLedger][initBlockChain]
info|2025-10-12 06:46:41.085088|fisco-bcos-0x00007f6d8d116dc0|[g:1][LEDGER]set enableHexBlock to be false,version=34275328
info|2025-10-12 06:46:41.085702|fisco-bcos-0x00007f6d8d116dc0|[g:1][BLOCKCHAIN][#checkAndBuildGenesisBlock],shouldBuild=false
info|2025-10-12 06:46:41.086643|fisco-bcos-0x00007f6d8d116dc0|[g:1][BLOCKCHAIN][#checkAndBuildGenesisBlock]Already have the 0th block, 0th groupMark is equal to file groupMark.
info|2025-10-12 06:46:41.087893|fisco-bcos-0x00007f6d8d116dc0|[g:1][LEDGER][initLedger]initBlockChain SUCC
info|2025-10-12 06:46:41.088131|fisco-bcos-0x00007f6d8d116dc0|[g:1][DBINITIALIZER] [createStateFactory],type=storage
info|2025-10-12 06:46:41.088328|fisco-bcos-0x00007f6d8d116dc0|[g:1][DBINITIALIZER] createStorageState SUCC
info|2025-10-12 06:46:41.088366|fisco-bcos-0x00007f6d8d116dc0|[g:1][DBINITIALIZER] [createStateFactory SUCC]
info|2025-10-12 06:46:41.088389|fisco-bcos-0x00007f6d8d116dc0|[g:1][DBINITIALIZER] createExecutiveContext...
info|2025-10-12 06:46:41.088429|fisco-bcos-0x00007f6d8d116dc0|[g:1][LEDGER]createGasMetric,vmFlagType=0
info|2025-10-12 06:46:41.088526|fisco-bcos-0x00007f6d8d116dc0|[g:1][LEDGER]createGasMetric
info|2025-10-12 06:46:41.088621|fisco-bcos-0x00007f6d8d116dc0|[g:1][DBINITIALIZER] create precompiledGasFactory and precompiledResultFactory
info|2025-10-12 06:46:41.088705|fisco-bcos-0x00007f6d8d116dc0|[g:1][DBINITIALIZER] createExecutiveContext SUCC
info|2025-10-12 06:46:41.088770|fisco-bcos-0x00007f6d8d116dc0|[g:1][DBINITIALIZER] [setSyncNumForCachedStorage],syncNum=548
info|2025-10-12 06:46:41.089078|fisco-bcos-0x00007f6d8d116dc0|[g:1][LEDGER][initNetworkBandWidthLimiter: outGoingBandwidthLimit has been disabled],groupId=1
info|2025-10-12 06:46:41.089140|fisco-bcos-0x00007f6d8d116dc0|[g:1][LEDGER][QPSLimit has been disabled],groupId=1
info|2025-10-12 06:46:41.089164|fisco-bcos-0x00007f6d8d116dc0|[g:1][LEDGER][initLedger][initBlockVerifier]
info|2025-10-12 06:46:41.089192|fisco-bcos-0x00007f6d8d116dc0|[g:1][LEDGER][initLedger][initBlockVerifier SUCC],evmFlags=0
info|2025-10-12 06:46:41.089220|fisco-bcos-0x00007f6d8d116dc0|[g:1][LEDGER][initLedger][initTxPool],txPoolLimit=150000
info|2025-10-12 06:46:41.197578|io_service-0x00007f6d8a39d700|[NETWORK][Host]handshakeServer succ,remote endpoint=127.0.0.1:36316
info|2025-10-12 06:46:41.210365|P2P-0x00007f6d8bba0700|[P2P][Service] Connection established,nodeID=87d00b98...,endpoint=127.0.0.1:36316
info|2025-10-12 06:46:41.210558|io_service-0x00007f6d8a39d700|[NETWORK][Host]startPeerSession, Remote=127.0.0.1:36316,local endpoint=127.0.0.1:30303,nodeID=87d00b98...
info|2025-10-12 06:46:41.210797|io_service-0x00007f6d8a39d700|[NETWORK][Host]handshakeServer succ,remote endpoint=127.0.0.1:36318
info|2025-10-12 06:46:41.211001|io_service-0x00007f6d8a39d700|[NETWORK][Host]startPeerSession, Remote=127.0.0.1:36318,local endpoint=127.0.0.1:30303,nodeID=064cb676...
info|2025-10-12 06:46:41.247248|io_service-0x00007f6d8a39d700|[NETWORK][Host]handshakeClient succ,local endpoint=127.0.0.1:36318
info|2025-10-12 06:46:41.247757|io_service-0x00007f6d8a39d700|[NETWORK][Host]startPeerSession, Remote=127.0.0.1:30303,local endpoint=127.0.0.1:36318,nodeID=064cb676...
info|2025-10-12 06:46:41.248275|io_service-0x00007f6d8a39d700|[NETWORK][Host]handshakeClient succ,local endpoint=127.0.0.1:44166
info|2025-10-12 06:46:41.249000|P2P-0x00007f6d8ab9e700|[P2P][Service] Connection established,nodeID=73994dae...,endpoint=127.0.0.1:30300
info|2025-10-12 06:46:41.249115|io_service-0x00007f6d8a39d700|[NETWORK][Host]startPeerSession, Remote=127.0.0.1:30300,local endpoint=127.0.0.1:44166,nodeID=73994dae...
info|2025-10-12 06:46:41.286339|io_service-0x00007f6d8a39d700|[NETWORK][Host]handshakeClient succ,local endpoint=127.0.0.1:53344
info|2025-10-12 06:46:41.286532|P2P-0x00007f6d8b39f700|[P2P][Service] Connection established,nodeID=374bdfe9...,endpoint=127.0.0.1:30301
info|2025-10-12 06:46:41.286581|io_service-0x00007f6d8a39d700|[NETWORK][Host]startPeerSession, Remote=127.0.0.1:30301,local endpoint=127.0.0.1:53344,nodeID=374bdfe9...
info|2025-10-12 06:46:41.286816|io_service-0x00007f6d8a39d700|[NETWORK][Host]handshakeClient succ,local endpoint=127.0.0.1:45894
info|2025-10-12 06:46:41.286886|io_service-0x00007f6d8a39d700|[NETWORK][Host]startPeerSession, Remote=127.0.0.1:30302,local endpoint=127.0.0.1:45894,nodeID=87d00b98...
info|2025-10-12 06:46:41.296313|fisco-bcos-0x00007f6d8d116dc0|[g:1][LEDGER][initLedger]initTxPool SUCC
info|2025-10-12 06:46:41.300959|fisco-bcos-0x00007f6d8d116dc0|[g:1][LEDGER][initLedger][initSync],idleWaitMs=200,gossipInterval=1000,gossipPeers=3
info|2025-10-12 06:46:41.301088|fisco-bcos-0x00007f6d8d116dc0|[g:1][LEDGER]Init sync master,enableSendBlockStatusByTree=true,enableSendTxsByTree=true
info|2025-10-12 06:46:41.303323|fisco-bcos-0x00007f6d8d116dc0|[g:1][LEDGER][initLedger]initSync SUCC
info|2025-10-12 06:46:41.304184|fisco-bcos-0x00007f6d8d116dc0|[g:1][LEDGER][initLedger][consensusInitFactory]
info|2025-10-12 06:46:41.304332|fisco-bcos-0x00007f6d8d116dc0|[g:1][LEDGER][initLedger][createPBFTSealer]
info|2025-10-12 06:46:41.304365|fisco-bcos-0x00007f6d8d116dc0|[g:1][LEDGER][initLedger][createPBFTSealer],baseDir=data//group1,Protocol=65544
info|2025-10-12 06:46:41.304808|fisco-bcos-0x00007f6d8d116dc0|[g:1][LEDGER][initLedger]createPBFTSealer for PBFT or rPBFT,consensusType=pbft
info|2025-10-12 06:46:41.304859|fisco-bcos-0x00007f6d8d116dc0|[g:1][LEDGER]createConsensusEngine: create PBFTEngine
info|2025-10-12 06:46:41.304892|fisco-bcos-0x00007f6d8d116dc0|[g:1][CONSENSUS][PBFT]Register handler for PBFTEngine
info|2025-10-12 06:46:41.309672|fisco-bcos-0x00007f6d8d116dc0|[g:1][CONSENSUS][PBFT]setMinBlockGenerationTime,minBlockGenerationTime=500,consensusTime=1000
info|2025-10-12 06:46:41.309766|fisco-bcos-0x00007f6d8d116dc0|[g:1][LEDGER][initEventLogFilterManager]initEventLogFilterManager SUCC
info|2025-10-12 06:46:41.309788|fisco-bcos-0x00007f6d8d116dc0|[LedgerInitializer init group succ],groupID=1
info|2025-10-12 06:46:41.310067|fisco-bcos-0x00007f6d8d116dc0|[SafeHttpServer::StartListening]use default epoll
info|2025-10-12 06:46:41.310678|fisco-bcos-0x00007f6d8d116dc0|[INITIALIZER][RPCInitializer JsonrpcHttpServer started],jsonrpc_IP=127.0.0.1,jsonrpc_listen_port=8548,jsonrpc_thread_count=8,ipv6=false,disableDynamicGroup=false,uncheckGroupMember=false
info|2025-10-12 06:46:41.310775|fisco-bcos-0x00007f6d8d116dc0|[g:1][LEDGER]startAll...
info|2025-10-12 06:46:41.313239|P2P-0x00007f6d8bba0700|[g:1] [SYNC][id:064cb676...][Download][Request]Receive block request,peer=374bdfe9...,from=184,to=191
info|2025-10-12 06:46:41.313315|P2P-0x00007f6d8bba0700|[g:1] [SYNC][id:064cb676...][Download][Request]Receive block request,peer=374bdfe9...,from=192,to=199
info|2025-10-12 06:46:41.313348|P2P-0x00007f6d8bba0700|[g:1] [SYNC][id:064cb676...][Download][Request]Receive block request,peer=374bdfe9...,from=200,to=207
info|2025-10-12 06:46:41.313362|P2P-0x00007f6d8bba0700|[g:1] [SYNC][id:064cb676...][Download][Request]Receive block request,peer=374bdfe9...,from=208,to=215
info|2025-10-12 06:46:41.314777|SyncSend-1-0x00007f6d7cb82700|[g:1][SYNC][id:064cb676...][Download][Request][BlockSync]Batch blocks for sending,blockSize=24480,number=184,peer=374bdfe9...,timeCost=1
info|2025-10-12 06:46:41.315944|alignTime-1-0x00007f6d7ab7e700|[g:1][NodeTimeMaintenance]updateTimeInfo: update median time offset,updatedMedianTimeOffset=-17,peer=374bdfe9...,peerTime=1760276801298,peerOffset=-17,utcTime=1760276801315
info|2025-10-12 06:46:41.328371|fisco-bcos-0x00007f6d8d116dc0|[g:1][GossipBlockStatus]start GossipBlockStatus succ
info|2025-10-12 06:46:41.328886|fisco-bcos-0x00007f6d8d116dc0|[g:1][CONSENSUS][ConsensusEngine][Start ConsensusEngineBase]
info|2025-10-12 06:46:41.337326|fisco-bcos-0x00007f6d8d116dc0|[g:1][CONSENSUS][PBFT]^^^^^^^^Report,num=548,sealerIdx=2,hash=cbc78a31...,next=549,tx=1,nodeIdx=0
info|2025-10-12 06:46:41.337447|fisco-bcos-0x00007f6d8d116dc0|[g:1][ROCKSDB]open rocksDB handler,path=data//group1/pbftMsgBackup/RocksDB
info|2025-10-12 06:46:41.370021|SyncSend-1-0x00007f6d7cb82700|[g:1][SYNC][id:064cb676...][Download][Request][BlockSync]Batch blocks for sending,blockSize=3195,number=185,peer=374bdfe9...,timeCost=56
info|2025-10-12 06:46:41.371268|SyncSend-1-0x00007f6d7cb82700|[g:1][SYNC][id:064cb676...][Download][Request][BlockSync]Batch blocks for sending,blockSize=24479,number=186,peer=374bdfe9...,timeCost=1
info|2025-10-12 06:46:41.375108|fisco-bcos-0x00007f6d8d116dc0|[g:1][CONSENSUS][PBFT][PBFT init env successfully]
info|2025-10-12 06:46:41.376190|fisco-bcos-0x00007f6d8d116dc0|[g:1][CONSENSUS][PBFT][Start PBFTEngine...]
info|2025-10-12 06:46:41.376287|fisco-bcos-0x00007f6d8d116dc0|[g:1][CONSENSUS][SEALER][Start sealer module]
info|2025-10-12 06:46:41.379821|SyncSend-1-0x00007f6d7cb82700|[g:1][SYNC][id:064cb676...][Download][Request][BlockSync]Batch blocks for sending,blockSize=3711,number=187,peer=374bdfe9...,timeCost=8
info|2025-10-12 06:46:41.387222|fisco-bcos-0x00007f6d8d116dc0|[g:1][EVENT][EventLogFilterManager]start,m_maxBlockRange=0,m_maxBlockPerLoopFilter=3
info|2025-10-12 06:46:41.388318|SyncSend-1-0x00007f6d7cb82700|[g:1][SYNC][id:064cb676...][Download][Request][BlockSync]Batch blocks for sending,blockSize=47009,number=188,peer=374bdfe9...,timeCost=9
info|2025-10-12 06:46:41.389797|SyncSend-1-0x00007f6d7cb82700|[g:1][SYNC][id:064cb676...][Download][Request][BlockSync]Batch blocks for sending,blockSize=3711,number=189,peer=374bdfe9...,timeCost=1
info|2025-10-12 06:46:41.391283|SyncSend-1-0x00007f6d7cb82700|[g:1][SYNC][id:064cb676...][Download][Request][BlockSync]Batch blocks for sending,blockSize=47009,number=190,peer=374bdfe9...,timeCost=2
info|2025-10-12 06:46:41.391982|SyncSend-1-0x00007f6d7cb82700|[g:1][SYNC][id:064cb676...][Download][Request][BlockSync]Batch blocks for sending,blockSize=3727,number=191,peer=374bdfe9...,timeCost=1
info|2025-10-12 06:46:41.393027|SyncSend-1-0x00007f6d7cb82700|[g:1][SYNC][id:064cb676...][Download][Request][BlockSync]Batch blocks for sending,blockSize=1796,number=192,peer=374bdfe9...,timeCost=1
info|2025-10-12 06:46:41.394243|SyncSend-1-0x00007f6d7cb82700|[g:1][SYNC][id:064cb676...][Download][Request][BlockSync]Batch blocks for sending,blockSize=3726,number=193,peer=374bdfe9...,timeCost=1
info|2025-10-12 06:46:41.395502|SyncSend-1-0x00007f6d7cb82700|[g:1][SYNC][id:064cb676...][Download][Request][BlockSync]Batch blocks for sending,blockSize=1795,number=194,peer=374bdfe9...,timeCost=1
info|2025-10-12 06:46:41.396722|SyncSend-1-0x00007f6d7cb82700|[g:1][SYNC][id:064cb676...][Download][Request][BlockSync]Batch blocks for sending,blockSize=3727,number=195,peer=374bdfe9...,timeCost=1
info|2025-10-12 06:46:41.398438|SyncSend-1-0x00007f6d7cb82700|[g:1][SYNC][id:064cb676...][Download][Request][BlockSync]Batch blocks for sending,blockSize=1796,number=196,peer=374bdfe9...,timeCost=2
info|2025-10-12 06:46:41.399894|SyncSend-1-0x00007f6d7cb82700|[g:1][SYNC][id:064cb676...][Download][Request][BlockSync]Batch blocks for sending,blockSize=3726,number=197,peer=374bdfe9...,timeCost=1
info|2025-10-12 06:46:41.401526|SyncSend-1-0x00007f6d7cb82700|[g:1][SYNC][id:064cb676...][Download][Request][BlockSync]Batch blocks for sending,blockSize=1796,number=198,peer=374bdfe9...,timeCost=2
info|2025-10-12 06:46:41.402799|SyncSend-1-0x00007f6d7cb82700|[g:1][SYNC][id:064cb676...][Download][Request][BlockSync]Batch blocks for sending,blockSize=4182,number=199,peer=374bdfe9...,timeCost=1
info|2025-10-12 06:46:41.404871|SyncSend-1-0x00007f6d7cb82700|[g:1][SYNC][id:064cb676...][Download][Request][BlockSync]Batch blocks for sending,blockSize=1797,number=200,peer=374bdfe9...,timeCost=1
info|2025-10-12 06:46:41.407754|SyncSend-1-0x00007f6d7cb82700|[g:1][SYNC][id:064cb676...][Download][Request][BlockSync]Batch blocks for sending,blockSize=3660,number=201,peer=374bdfe9...,timeCost=3
info|2025-10-12 06:46:41.410532|SyncSend-1-0x00007f6d7cb82700|[g:1][SYNC][id:064cb676...][Download][Request][BlockSync]Batch blocks for sending,blockSize=1980,number=202,peer=374bdfe9...,timeCost=2
info|2025-10-12 06:46:41.412637|SyncSend-1-0x00007f6d7cb82700|[g:1][SYNC][id:064cb676...][Download][Request][BlockSync]Batch blocks for sending,blockSize=3647,number=203,peer=374bdfe9...,timeCost=2
info|2025-10-12 06:46:41.415344|SyncSend-1-0x00007f6d7cb82700|[g:1][SYNC][id:064cb676...][Download][Request][BlockSync]Batch blocks for sending,blockSize=3647,number=204,peer=374bdfe9...,timeCost=3
info|2025-10-12 06:46:41.418020|SyncSend-1-0x00007f6d7cb82700|[g:1][SYNC][id:064cb676...][Download][Request][BlockSync]Batch blocks for sending,blockSize=1980,number=205,peer=374bdfe9...,timeCost=3
info|2025-10-12 06:46:41.419804|SyncSend-1-0x00007f6d7cb82700|[g:1][SYNC][id:064cb676...][Download][Request][BlockSync]Batch blocks for sending,blockSize=3647,number=206,peer=374bdfe9...,timeCost=1
info|2025-10-12 06:46:41.423898|SyncSend-1-0x00007f6d7cb82700|[g:1][SYNC][id:064cb676...][Download][Request][BlockSync]Batch blocks for sending,blockSize=3647,number=207,peer=374bdfe9...,timeCost=4
info|2025-10-12 06:46:41.425787|alignTime-1-0x00007f6d7ab7e700|[g:1][NodeTimeMaintenance]updateTimeInfo: update median time offset,updatedMedianTimeOffset=-9,peer=73994dae...,peerTime=1760276801424,peerOffset=-1,utcTime=1760276801425
info|2025-10-12 06:46:41.428656|SyncSend-1-0x00007f6d7cb82700|[g:1][SYNC][id:064cb676...][Download][Request][BlockSync]Batch blocks for sending,blockSize=1981,number=208,peer=374bdfe9...,timeCost=4
info|2025-10-12 06:46:41.429692|SyncSend-1-0x00007f6d7cb82700|[g:1][SYNC][id:064cb676...][Download][Request][BlockSync]Batch blocks for sending,blockSize=3646,number=209,peer=374bdfe9...,timeCost=1
info|2025-10-12 06:46:41.430749|SyncSend-1-0x00007f6d7cb82700|[g:1][SYNC][id:064cb676...][Download][Request][BlockSync]Batch blocks for sending,blockSize=3646,number=210,peer=374bdfe9...,timeCost=1
info|2025-10-12 06:46:41.436629|alignTime-1-0x00007f6d7ab7e700|[g:1][NodeTimeMaintenance]updateTimeInfo: update median time offset,updatedMedianTimeOffset=-3,peer=87d00b98...,peerTime=1760276801433,peerOffset=-3,utcTime=1760276801436
info|2025-10-12 06:46:41.454852|SyncSend-1-0x00007f6d7cb82700|[g:1][SYNC][id:064cb676...][Download][Request][BlockSync]Batch blocks for sending,blockSize=1981,number=211,peer=374bdfe9...,timeCost=24
info|2025-10-12 06:46:41.456288|SyncSend-1-0x00007f6d7cb82700|[g:1][SYNC][id:064cb676...][Download][Request][BlockSync]Batch blocks for sending,blockSize=3647,number=212,peer=374bdfe9...,timeCost=2
info|2025-10-12 06:46:41.457582|SyncSend-1-0x00007f6d7cb82700|[g:1][SYNC][id:064cb676...][Download][Request][BlockSync]Batch blocks for sending,blockSize=3647,number=213,peer=374bdfe9...,timeCost=1
info|2025-10-12 06:46:41.459874|SyncSend-1-0x00007f6d7cb82700|[g:1][SYNC][id:064cb676...][Download][Request][BlockSync]Batch blocks for sending,blockSize=3647,number=214,peer=374bdfe9...,timeCost=2
info|2025-10-12 06:46:41.462897|SyncSend-1-0x00007f6d7cb82700|[g:1][SYNC][id:064cb676...][Download][Request][BlockSync]Batch blocks for sending,blockSize=3645,number=215,peer=374bdfe9...,timeCost=3
info|2025-10-12 06:46:41.465701|SyncSend-1-0x00007f6d7cb82700|[g:1][g:1] [SYNC][id:374bdfe9...][Download][Request][BlockSync]Send block packet,peer=374bdfe9...,blocks=32,bytes(V)=229811
info|2025-10-12 06:46:42.338445|PBFTSeal-1-0x00007f6d68b5a700|[g:1][CONSENSUS][SEALER]++++++++++++++++ Generating seal on,blkNum=549,tx=0,nodeIdx=0,hash=da1a4092...
info|2025-10-12 06:46:42.350018|PBFT-1-0x00007f6d70369700|[g:1][CONSENSUS][PBFT]checkTimeout Succ,view=0,toView=1,nodeIdx=0,changeCycle=1,myNode=064cb676...,timecost=2
info|2025-10-12 06:46:42.362063|PBFT-1-0x00007f6d70369700|[g:1][CONSENSUS][PBFT]checkAndChangeView: Reach consensus,org_view=0,cur_changeCycle=1,curView=0,view=1
warning|2025-10-12 06:46:46.870416|PBFT-1-0x00007f6d70369700|[g:1][CONSENSUS][PBFT]ViewChangeWarning: not caused by omit empty block ,v=1,toV=2,curNum=548,hash=cbc78a31...,nodeIdx=0,myNode=064cb676...
info|2025-10-12 06:46:46.875410|PBFT-1-0x00007f6d70369700|[g:1][CONSENSUS][PBFT]checkTimeout Succ,view=1,toView=2,nodeIdx=0,changeCycle=2,myNode=064cb676...,timecost=7
info|2025-10-12 06:46:46.891372|PBFT-1-0x00007f6d70369700|[g:1][CONSENSUS][PBFT]checkAndChangeView: Reach consensus,org_view=1,cur_changeCycle=2,curView=1,view=2
info|2025-10-12 06:46:47.901641|PBFT-1-0x00007f6d70369700|[g:1][CONSENSUS]addRawPrepare,height=549,reqIdx=2,hash=7046ac77...,time=0
info|2025-10-12 06:46:47.906891|PBFT-1-0x00007f6d70369700|[g:1][CONSENSUS][PBFT]checkTimeout Succ,view=2,toView=3,nodeIdx=0,changeCycle=1,myNode=064cb676...,timecost=5
info|2025-10-12 06:46:47.914344|PBFT-1-0x00007f6d70369700|[g:1][CONSENSUS][PBFT]checkAndChangeView: Reach consensus,org_view=2,cur_changeCycle=1,curView=2,view=3
info|2025-10-12 06:46:48.929184|PBFT-1-0x00007f6d70369700|[g:1][CONSENSUS]addRawPrepare,height=549,reqIdx=3,hash=2729252e...,time=0
info|2025-10-12 06:46:48.933451|PBFT-1-0x00007f6d70369700|[g:1][CONSENSUS][PBFT]checkTimeout Succ,view=3,toView=4,nodeIdx=0,changeCycle=1,myNode=064cb676...,timecost=4
info|2025-10-12 06:46:48.944065|PBFT-1-0x00007f6d70369700|[g:1][CONSENSUS][PBFT]checkAndChangeView: Reach consensus,org_view=3,cur_changeCycle=1,curView=3,view=4
info|2025-10-12 06:46:49.944964|PBFTSeal-1-0x00007f6d68b5a700|[g:1][CONSENSUS][SEALER]++++++++++++++++ Generating seal on,blkNum=549,tx=0,nodeIdx=0,hash=f0a2489e...
info|2025-10-12 06:46:49.956154|PBFT-1-0x00007f6d70369700|[g:1][CONSENSUS][PBFT]checkTimeout Succ,view=4,toView=5,nodeIdx=0,changeCycle=1,myNode=064cb676...,timecost=4
info|2025-10-12 06:46:49.966591|PBFT-1-0x00007f6d70369700|[g:1][CONSENSUS][PBFT]checkAndChangeView: Reach consensus,org_view=4,cur_changeCycle=1,curView=4,view=5
info|2025-10-12 06:46:50.974201|io_service-0x00007f6d8a39d700|[NETWORK][Host]P2P Recv Connect, From=127.0.0.1:41964
info|2025-10-12 06:46:50.974313|io_service-0x00007f6d8a39d700|[NETWORK][Host]P2P StartAccept,Host=0.0.0.0:30303
info|2025-10-12 06:46:50.982538|io_service-0x00007f6d8a39d700|[NETWORK][Host]P2P Recv Connect, From=127.0.0.1:41970
info|2025-10-12 06:46:50.982704|io_service-0x00007f6d8a39d700|[NETWORK][Host]P2P StartAccept,Host=0.0.0.0:30303
info|2025-10-12 06:46:50.993674|io_service-0x00007f6d8a39d700|[P2P][Service] heartBeat,connected count=3
info|2025-10-12 06:46:51.004157|io_service-0x00007f6d8a39d700|[NETWORK][Host]handshakeServer succ,remote endpoint=127.0.0.1:41964
info|2025-10-12 06:46:51.004320|io_service-0x00007f6d8a39d700|[NETWORK][Host]startPeerSession, Remote=127.0.0.1:41964,local endpoint=127.0.0.1:30303,nodeID=73994dae...
info|2025-10-12 06:46:51.022175|io_service-0x00007f6d8a39d700|[NETWORK][Host]handshakeServer succ,remote endpoint=127.0.0.1:41970
info|2025-10-12 06:46:51.022374|io_service-0x00007f6d8a39d700|[NETWORK][Host]startPeerSession, Remote=127.0.0.1:41970,local endpoint=127.0.0.1:30303,nodeID=374bdfe9...
warning|2025-10-12 06:46:54.470475|PBFT-1-0x00007f6d70369700|[g:1][CONSENSUS][PBFT]ViewChangeWarning: not caused by omit empty block ,v=5,toV=6,curNum=548,hash=cbc78a31...,nodeIdx=0,myNode=064cb676...
info|2025-10-12 06:46:54.471537|PBFT-1-0x00007f6d70369700|[g:1][CONSENSUS][PBFT]checkTimeout Succ,view=5,toView=6,nodeIdx=0,changeCycle=2,myNode=064cb676...,timecost=5
info|2025-10-12 06:46:54.485050|PBFT-1-0x00007f6d70369700|[g:1][CONSENSUS][PBFT]checkAndChangeView: Reach consensus,org_view=5,cur_changeCycle=2,curView=5,view=6
info|2025-10-12 06:46:55.491772|PBFT-1-0x00007f6d70369700|[g:1][CONSENSUS]addRawPrepare,height=549,reqIdx=2,hash=e088a19a...,time=0
info|2025-10-12 06:46:55.497321|PBFT-1-0x00007f6d70369700|[g:1][CONSENSUS][PBFT]checkTimeout Succ,view=6,toView=7,nodeIdx=0,changeCycle=1,myNode=064cb676...,timecost=5
info|2025-10-12 06:46:55.504940|PBFT-1-0x00007f6d70369700|[g:1][CONSENSUS][PBFT]checkAndChangeView: Reach consensus,org_view=6,cur_changeCycle=1,curView=6,view=7
info|2025-10-12 06:46:56.191497|P2P-0x00007f6d8b39f700|[NETWORK][Session]Received topic: [2	_block_notify_1] from 73994dae9e8b8da733108a4153dfe79151d701dff425f84c87b5324e8ebd02ab6a0ebc9e4f1e0298a7ddca50f94a8f95c62b6997226d571e470e8f2b0600634a
info|2025-10-12 06:46:56.510424|PBFT-1-0x00007f6d70369700|[g:1][CONSENSUS]addRawPrepare,height=549,reqIdx=3,hash=318cfe4b...,time=0
info|2025-10-12 06:46:56.514408|PBFT-1-0x00007f6d70369700|[g:1][CONSENSUS][PBFT]checkTimeout Succ,view=7,toView=8,nodeIdx=0,changeCycle=1,myNode=064cb676...,timecost=4
info|2025-10-12 06:46:56.522292|PBFT-1-0x00007f6d70369700|[g:1][CONSENSUS][PBFT]checkAndChangeView: Reach consensus,org_view=7,cur_changeCycle=1,curView=7,view=8
info|2025-10-12 06:46:57.524538|PBFTSeal-1-0x00007f6d68b5a700|[g:1][CONSENSUS][SEALER]++++++++++++++++ Generating seal on,blkNum=549,tx=0,nodeIdx=0,hash=c3e37b4d...
info|2025-10-12 06:46:57.534813|PBFT-1-0x00007f6d70369700|[g:1][CONSENSUS][PBFT]checkTimeout Succ,view=8,toView=9,nodeIdx=0,changeCycle=1,myNode=064cb676...,timecost=6
info|2025-10-12 06:46:57.546737|PBFT-1-0x00007f6d70369700|[g:1][CONSENSUS][PBFT]checkAndChangeView: Reach consensus,org_view=8,cur_changeCycle=1,curView=8,view=9
info|2025-10-12 06:47:00.993868|io_service-0x00007f6d8a39d700|[P2P][Service] heartBeat,connected count=3
warning|2025-10-12 06:47:02.049063|PBFT-1-0x00007f6d70369700|[g:1][CONSENSUS][PBFT]ViewChangeWarning: not caused by omit empty block ,v=9,toV=10,curNum=548,hash=cbc78a31...,nodeIdx=0,myNode=064cb676...
info|2025-10-12 06:47:02.054590|PBFT-1-0x00007f6d70369700|[g:1][CONSENSUS][PBFT]checkTimeout Succ,view=9,toView=10,nodeIdx=0,changeCycle=2,myNode=064cb676...,timecost=7
info|2025-10-12 06:47:02.058138|PBFT-1-0x00007f6d70369700|[g:1][CONSENSUS][PBFT]checkAndChangeView: Reach consensus,org_view=9,cur_changeCycle=2,curView=9,view=10
info|2025-10-12 06:47:03.067642|PBFT-1-0x00007f6d70369700|[g:1][CONSENSUS]addRawPrepare,height=549,reqIdx=2,hash=f483cc98...,time=0
info|2025-10-12 06:47:03.072991|PBFT-1-0x00007f6d70369700|[g:1][CONSENSUS][PBFT]checkTimeout Succ,view=10,toView=11,nodeIdx=0,changeCycle=1,myNode=064cb676...,timecost=6
info|2025-10-12 06:47:03.082583|PBFT-1-0x00007f6d70369700|[g:1][CONSENSUS][PBFT]checkAndChangeView: Reach consensus,org_view=10,cur_changeCycle=1,curView=10,view=11
info|2025-10-12 06:47:04.096814|PBFT-1-0x00007f6d70369700|[g:1][CONSENSUS]addRawPrepare,height=549,reqIdx=3,hash=d688b52f...,time=0
info|2025-10-12 06:47:04.101556|PBFT-1-0x00007f6d70369700|[g:1][CONSENSUS][PBFT]checkTimeout Succ,view=11,toView=12,nodeIdx=0,changeCycle=1,myNode=064cb676...,timecost=5
info|2025-10-12 06:47:04.120261|PBFT-1-0x00007f6d70369700|[g:1][CONSENSUS][PBFT]checkAndChangeView: Reach consensus,org_view=11,cur_changeCycle=1,curView=11,view=12
info|2025-10-12 06:47:05.120320|PBFTSeal-1-0x00007f6d68b5a700|[g:1][CONSENSUS][SEALER]++++++++++++++++ Generating seal on,blkNum=549,tx=0,nodeIdx=0,hash=f5bf8857...
info|2025-10-12 06:47:05.126711|PBFT-1-0x00007f6d70369700|[g:1][CONSENSUS][PBFT]checkTimeout Succ,view=12,toView=13,nodeIdx=0,changeCycle=1,myNode=064cb676...,timecost=4
info|2025-10-12 06:47:05.138376|PBFT-1-0x00007f6d70369700|[g:1][CONSENSUS][PBFT]checkAndChangeView: Reach consensus,org_view=12,cur_changeCycle=1,curView=12,view=13
warning|2025-10-12 06:47:09.640537|PBFT-1-0x00007f6d70369700|[g:1][CONSENSUS][PBFT]ViewChangeWarning: not caused by omit empty block ,v=13,toV=14,curNum=548,hash=cbc78a31...,nodeIdx=0,myNode=064cb676...
info|2025-10-12 06:47:09.641471|PBFT-1-0x00007f6d70369700|[g:1][CONSENSUS][PBFT]checkTimeout Succ,view=13,toView=14,nodeIdx=0,changeCycle=2,myNode=064cb676...,timecost=3
info|2025-10-12 06:47:09.652230|PBFT-1-0x00007f6d70369700|[g:1][CONSENSUS][PBFT]checkAndChangeView: Reach consensus,org_view=13,cur_changeCycle=2,curView=13,view=14
info|2025-10-12 06:47:10.263875|P2P-0x00007f6d8bba0700|[g:1] [SYNC][id:064cb676...][Download][Request]Receive block request,peer=374bdfe9...,from=184,to=184
info|2025-10-12 06:47:10.264376|SyncSend-1-0x00007f6d7cb82700|[g:1][SYNC][id:064cb676...][Download][Request][BlockSync]Batch blocks for sending,blockSize=24480,number=184,peer=374bdfe9...,timeCost=0
info|2025-10-12 06:47:10.264550|SyncSend-1-0x00007f6d7cb82700|[g:1][g:1] [SYNC][id:374bdfe9...][Download][Request][BlockSync]Send block packet,peer=374bdfe9...,blocks=1,bytes(V)=24487
info|2025-10-12 06:47:10.664301|PBFT-1-0x00007f6d70369700|[g:1][CONSENSUS]addRawPrepare,height=549,reqIdx=2,hash=48557cd7...,time=0
info|2025-10-12 06:47:10.670775|PBFT-1-0x00007f6d70369700|[g:1][CONSENSUS][PBFT]checkTimeout Succ,view=14,toView=15,nodeIdx=0,changeCycle=1,myNode=064cb676...,timecost=6
info|2025-10-12 06:47:10.683105|PBFT-1-0x00007f6d70369700|[g:1][CONSENSUS][PBFT]checkAndChangeView: Reach consensus,org_view=14,cur_changeCycle=1,curView=14,view=15
info|2025-10-12 06:47:10.994750|io_service-0x00007f6d8a39d700|[P2P][Service] heartBeat,connected count=3
info|2025-10-12 06:47:11.688381|PBFT-1-0x00007f6d70369700|[g:1][CONSENSUS]addRawPrepare,height=549,reqIdx=3,hash=f5a27a1e...,time=0
info|2025-10-12 06:47:11.692274|PBFT-1-0x00007f6d70369700|[g:1][CONSENSUS][PBFT]checkTimeout Succ,view=15,toView=16,nodeIdx=0,changeCycle=1,myNode=064cb676...,timecost=4
info|2025-10-12 06:47:11.705260|PBFT-1-0x00007f6d70369700|[g:1][CONSENSUS][PBFT]checkAndChangeView: Reach consensus,org_view=15,cur_changeCycle=1,curView=15,view=16
info|2025-10-12 06:47:12.707084|PBFTSeal-1-0x00007f6d68b5a700|[g:1][CONSENSUS][SEALER]++++++++++++++++ Generating seal on,blkNum=549,tx=0,nodeIdx=0,hash=ee2aacb5...
info|2025-10-12 06:47:12.721478|PBFT-1-0x00007f6d70369700|[g:1][CONSENSUS][PBFT]checkTimeout Succ,view=16,toView=17,nodeIdx=0,changeCycle=1,myNode=064cb676...,timecost=2
info|2025-10-12 06:47:12.731312|PBFT-1-0x00007f6d70369700|[g:1][CONSENSUS][PBFT]checkAndChangeView: Reach consensus,org_view=16,cur_changeCycle=1,curView=16,view=17
warning|2025-10-12 06:47:17.241468|PBFT-1-0x00007f6d70369700|[g:1][CONSENSUS][PBFT]ViewChangeWarning: not caused by omit empty block ,v=17,toV=18,curNum=548,hash=cbc78a31...,nodeIdx=0,myNode=064cb676...
info|2025-10-12 06:47:17.241992|PBFT-1-0x00007f6d70369700|[g:1][CONSENSUS][PBFT]checkTimeout Succ,view=17,toView=18,nodeIdx=0,changeCycle=2,myNode=064cb676...,timecost=8
info|2025-10-12 06:47:17.247142|PBFT-1-0x00007f6d70369700|[g:1][CONSENSUS][PBFT]checkAndChangeView: Reach consensus,org_view=17,cur_changeCycle=2,curView=17,view=18
info|2025-10-12 06:47:18.264780|PBFT-1-0x00007f6d70369700|[g:1][CONSENSUS]addRawPrepare,height=549,reqIdx=2,hash=9430a5e8...,time=0
info|2025-10-12 06:47:18.273326|PBFT-1-0x00007f6d70369700|[g:1][CONSENSUS][PBFT]checkTimeout Succ,view=18,toView=19,nodeIdx=0,changeCycle=1,myNode=064cb676...,timecost=8
info|2025-10-12 06:47:18.286469|PBFT-1-0x00007f6d70369700|[g:1][CONSENSUS][PBFT]checkAndChangeView: Reach consensus,org_view=18,cur_changeCycle=1,curView=18,view=19
info|2025-10-12 06:47:19.292980|PBFT-1-0x00007f6d70369700|[g:1][CONSENSUS]addRawPrepare,height=549,reqIdx=3,hash=916729cd...,time=1
info|2025-10-12 06:47:19.296454|PBFT-1-0x00007f6d70369700|[g:1][CONSENSUS][PBFT]checkTimeout Succ,view=19,toView=20,nodeIdx=0,changeCycle=1,myNode=064cb676...,timecost=3
info|2025-10-12 06:47:19.311015|PBFT-1-0x00007f6d70369700|[g:1][CONSENSUS][PBFT]checkAndChangeView: Reach consensus,org_view=19,cur_changeCycle=1,curView=19,view=20
info|2025-10-12 06:47:20.312651|PBFTSeal-1-0x00007f6d68b5a700|[g:1][CONSENSUS][SEALER]++++++++++++++++ Generating seal on,blkNum=549,tx=0,nodeIdx=0,hash=8b535d89...
info|2025-10-12 06:47:20.323583|PBFT-1-0x00007f6d70369700|[g:1][CONSENSUS][PBFT]checkTimeout Succ,view=20,toView=21,nodeIdx=0,changeCycle=1,myNode=064cb676...,timecost=2
info|2025-10-12 06:47:20.332490|PBFT-1-0x00007f6d70369700|[g:1][CONSENSUS][PBFT]checkAndChangeView: Reach consensus,org_view=20,cur_changeCycle=1,curView=20,view=21
info|2025-10-12 06:47:20.995489|io_service-0x00007f6d8a39d700|[P2P][Service] heartBeat,connected count=3
warning|2025-10-12 06:47:24.844171|PBFT-1-0x00007f6d70369700|[g:1][CONSENSUS][PBFT]ViewChangeWarning: not caused by omit empty block ,v=21,toV=22,curNum=548,hash=cbc78a31...,nodeIdx=0,myNode=064cb676...
info|2025-10-12 06:47:24.845392|PBFT-1-0x00007f6d70369700|[g:1][CONSENSUS][PBFT]checkTimeout Succ,view=21,toView=22,nodeIdx=0,changeCycle=2,myNode=064cb676...,timecost=3
info|2025-10-12 06:47:24.854188|PBFT-1-0x00007f6d70369700|[g:1][CONSENSUS][PBFT]checkAndChangeView: Reach consensus,org_view=21,cur_changeCycle=2,curView=21,view=22
info|2025-10-12 06:47:25.869279|PBFT-1-0x00007f6d70369700|[g:1][CONSENSUS]addRawPrepare,height=549,reqIdx=2,hash=73ab6b31...,time=0
info|2025-10-12 06:47:25.876476|PBFT-1-0x00007f6d70369700|[g:1][CONSENSUS][PBFT]checkTimeout Succ,view=22,toView=23,nodeIdx=0,changeCycle=1,myNode=064cb676...,timecost=5
info|2025-10-12 06:47:25.884343|PBFT-1-0x00007f6d70369700|[g:1][CONSENSUS][PBFT]checkAndChangeView: Reach consensus,org_view=22,cur_changeCycle=1,curView=22,view=23
info|2025-10-12 06:47:26.892862|PBFT-1-0x00007f6d70369700|[g:1][CONSENSUS]addRawPrepare,height=549,reqIdx=3,hash=d171a05e...,time=0
info|2025-10-12 06:47:26.899884|PBFT-1-0x00007f6d70369700|[g:1][CONSENSUS][PBFT]checkTimeout Succ,view=23,toView=24,nodeIdx=0,changeCycle=1,myNode=064cb676...,timecost=6
info|2025-10-12 06:47:26.907292|PBFT-1-0x00007f6d70369700|[g:1][CONSENSUS][PBFT]checkAndChangeView: Reach consensus,org_view=23,cur_changeCycle=1,curView=23,view=24
info|2025-10-12 06:47:27.907400|PBFTSeal-1-0x00007f6d68b5a700|[g:1][CONSENSUS][SEALER]++++++++++++++++ Generating seal on,blkNum=549,tx=0,nodeIdx=0,hash=5e66b419...
info|2025-10-12 06:47:27.920486|PBFT-1-0x00007f6d70369700|[g:1][CONSENSUS][PBFT]checkTimeout Succ,view=24,toView=25,nodeIdx=0,changeCycle=1,myNode=064cb676...,timecost=5
info|2025-10-12 06:47:27.929089|PBFT-1-0x00007f6d70369700|[g:1][CONSENSUS][PBFT]checkAndChangeView: Reach consensus,org_view=24,cur_changeCycle=1,curView=24,view=25
info|2025-10-12 06:47:30.996128|io_service-0x00007f6d8a39d700|[P2P][Service] heartBeat,connected count=3
warning|2025-10-12 06:47:32.438641|PBFT-1-0x00007f6d70369700|[g:1][CONSENSUS][PBFT]ViewChangeWarning: not caused by omit empty block ,v=25,toV=26,curNum=548,hash=cbc78a31...,nodeIdx=0,myNode=064cb676...
info|2025-10-12 06:47:32.440380|PBFT-1-0x00007f6d70369700|[g:1][CONSENSUS][PBFT]checkTimeout Succ,view=25,toView=26,nodeIdx=0,changeCycle=2,myNode=064cb676...,timecost=7
info|2025-10-12 06:47:32.453375|PBFT-1-0x00007f6d70369700|[g:1][CONSENSUS][PBFT]checkAndChangeView: Reach consensus,org_view=25,cur_changeCycle=2,curView=25,view=26
info|2025-10-12 06:47:33.462840|PBFT-1-0x00007f6d70369700|[g:1][CONSENSUS]addRawPrepare,height=549,reqIdx=2,hash=bcbaef06...,time=0
info|2025-10-12 06:47:33.468800|PBFT-1-0x00007f6d70369700|[g:1][CONSENSUS][PBFT]checkTimeout Succ,view=26,toView=27,nodeIdx=0,changeCycle=1,myNode=064cb676...,timecost=5
info|2025-10-12 06:47:33.477079|PBFT-1-0x00007f6d70369700|[g:1][CONSENSUS][PBFT]checkAndChangeView: Reach consensus,org_view=26,cur_changeCycle=1,curView=26,view=27
info|2025-10-12 06:47:34.484309|PBFT-1-0x00007f6d70369700|[g:1][CONSENSUS]addRawPrepare,height=549,reqIdx=3,hash=30cdab0e...,time=0
info|2025-10-12 06:47:34.488179|PBFT-1-0x00007f6d70369700|[g:1][CONSENSUS][PBFT]checkTimeout Succ,view=27,toView=28,nodeIdx=0,changeCycle=1,myNode=064cb676...,timecost=4
info|2025-10-12 06:47:34.536123|PBFT-1-0x00007f6d70369700|[g:1][CONSENSUS][PBFT]checkAndChangeView: Reach consensus,org_view=27,cur_changeCycle=1,curView=27,view=28
info|2025-10-12 06:47:35.536774|PBFTSeal-1-0x00007f6d68b5a700|[g:1][CONSENSUS][SEALER]++++++++++++++++ Generating seal on,blkNum=549,tx=0,nodeIdx=0,hash=48d9beac...
info|2025-10-12 06:47:35.548408|PBFT-1-0x00007f6d70369700|[g:1][CONSENSUS][PBFT]checkTimeout Succ,view=28,toView=29,nodeIdx=0,changeCycle=1,myNode=064cb676...,timecost=4
info|2025-10-12 06:47:35.553864|PBFT-1-0x00007f6d70369700|[g:1][CONSENSUS][PBFT]checkAndChangeView: Reach consensus,org_view=28,cur_changeCycle=1,curView=28,view=29
warning|2025-10-12 06:47:40.059651|PBFT-1-0x00007f6d70369700|[g:1][CONSENSUS][PBFT]ViewChangeWarning: not caused by omit empty block ,v=29,toV=30,curNum=548,hash=cbc78a31...,nodeIdx=0,myNode=064cb676...
info|2025-10-12 06:47:40.060899|PBFT-1-0x00007f6d70369700|[g:1][CONSENSUS][PBFT]checkTimeout Succ,view=29,toView=30,nodeIdx=0,changeCycle=2,myNode=064cb676...,timecost=4
info|2025-10-12 06:47:40.066870|PBFT-1-0x00007f6d70369700|[g:1][CONSENSUS][PBFT]checkAndChangeView: Reach consensus,org_view=29,cur_changeCycle=2,curView=29,view=30
info|2025-10-12 06:47:40.997316|io_service-0x00007f6d8a39d700|[P2P][Service] heartBeat,connected count=3
info|2025-10-12 06:47:41.074894|PBFT-1-0x00007f6d70369700|[g:1][CONSENSUS]addRawPrepare,height=549,reqIdx=2,hash=cdc45f05...,time=0
info|2025-10-12 06:47:41.082154|PBFT-1-0x00007f6d70369700|[g:1][CONSENSUS][PBFT]checkTimeout Succ,view=30,toView=31,nodeIdx=0,changeCycle=1,myNode=064cb676...,timecost=7
info|2025-10-12 06:47:41.094551|PBFT-1-0x00007f6d70369700|[g:1][CONSENSUS][PBFT]checkAndChangeView: Reach consensus,org_view=30,cur_changeCycle=1,curView=30,view=31
info|2025-10-12 06:47:42.104261|PBFT-1-0x00007f6d70369700|[g:1][CONSENSUS]addRawPrepare,height=549,reqIdx=3,hash=0cd3ab55...,time=0
info|2025-10-12 06:47:42.105685|PBFT-1-0x00007f6d70369700|[g:1][CONSENSUS][PBFT]checkTimeout Succ,view=31,toView=32,nodeIdx=0,changeCycle=1,myNode=064cb676...,timecost=1
info|2025-10-12 06:47:42.119173|PBFT-1-0x00007f6d70369700|[g:1][CONSENSUS][PBFT]checkAndChangeView: Reach consensus,org_view=31,cur_changeCycle=1,curView=31,view=32
info|2025-10-12 06:47:43.120878|PBFTSeal-1-0x00007f6d68b5a700|[g:1][CONSENSUS][SEALER]++++++++++++++++ Generating seal on,blkNum=549,tx=0,nodeIdx=0,hash=46de8d21...
info|2025-10-12 06:47:43.127479|PBFT-1-0x00007f6d70369700|[g:1][CONSENSUS][PBFT]checkTimeout Succ,view=32,toView=33,nodeIdx=0,changeCycle=1,myNode=064cb676...,timecost=4
info|2025-10-12 06:47:43.146619|PBFT-1-0x00007f6d70369700|[g:1][CONSENSUS][PBFT]checkAndChangeView: Reach consensus,org_view=32,cur_changeCycle=1,curView=32,view=33
warning|2025-10-12 06:47:47.651730|PBFT-1-0x00007f6d70369700|[g:1][CONSENSUS][PBFT]ViewChangeWarning: not caused by omit empty block ,v=33,toV=34,curNum=548,hash=cbc78a31...,nodeIdx=0,myNode=064cb676...
info|2025-10-12 06:47:47.652672|PBFT-1-0x00007f6d70369700|[g:1][CONSENSUS][PBFT]checkTimeout Succ,view=33,toView=34,nodeIdx=0,changeCycle=2,myNode=064cb676...,timecost=4
info|2025-10-12 06:47:47.658956|PBFT-1-0x00007f6d70369700|[g:1][CONSENSUS][PBFT]checkAndChangeView: Reach consensus,org_view=33,cur_changeCycle=2,curView=33,view=34
info|2025-10-12 06:47:48.669597|PBFT-1-0x00007f6d70369700|[g:1][CONSENSUS]addRawPrepare,height=549,reqIdx=2,hash=66be6add...,time=0
info|2025-10-12 06:47:48.677641|PBFT-1-0x00007f6d70369700|[g:1][CONSENSUS][PBFT]checkTimeout Succ,view=34,toView=35,nodeIdx=0,changeCycle=1,myNode=064cb676...,timecost=7
info|2025-10-12 06:47:48.684265|PBFT-1-0x00007f6d70369700|[g:1][CONSENSUS][PBFT]checkAndChangeView: Reach consensus,org_view=34,cur_changeCycle=1,curView=34,view=35
info|2025-10-12 06:47:49.685621|PBFT-1-0x00007f6d70369700|[g:1][CONSENSUS]addRawPrepare,height=549,reqIdx=3,hash=7a4ac9ed...,time=0
info|2025-10-12 06:47:49.688637|PBFT-1-0x00007f6d70369700|[g:1][CONSENSUS][PBFT]checkTimeout Succ,view=35,toView=36,nodeIdx=0,changeCycle=1,myNode=064cb676...,timecost=3
info|2025-10-12 06:47:49.698802|PBFT-1-0x00007f6d70369700|[g:1][CONSENSUS][PBFT]checkAndChangeView: Reach consensus,org_view=35,cur_changeCycle=1,curView=35,view=36
info|2025-10-12 06:47:50.699587|PBFTSeal-1-0x00007f6d68b5a700|[g:1][CONSENSUS][SEALER]++++++++++++++++ Generating seal on,blkNum=549,tx=0,nodeIdx=0,hash=ad0b2046...
info|2025-10-12 06:47:50.712678|PBFT-1-0x00007f6d70369700|[g:1][CONSENSUS][PBFT]checkTimeout Succ,view=36,toView=37,nodeIdx=0,changeCycle=1,myNode=064cb676...,timecost=3
info|2025-10-12 06:47:50.724404|PBFT-1-0x00007f6d70369700|[g:1][CONSENSUS][PBFT]checkAndChangeView: Reach consensus,org_view=36,cur_changeCycle=1,curView=36,view=37
info|2025-10-12 06:47:50.997799|io_service-0x00007f6d8a39d700|[P2P][Service] heartBeat,connected count=3
warning|2025-10-12 06:47:55.228747|PBFT-1-0x00007f6d70369700|[g:1][CONSENSUS][PBFT]ViewChangeWarning: not caused by omit empty block ,v=37,toV=38,curNum=548,hash=cbc78a31...,nodeIdx=0,myNode=064cb676...
info|2025-10-12 06:47:55.230135|PBFT-1-0x00007f6d70369700|[g:1][CONSENSUS][PBFT]checkTimeout Succ,view=37,toView=38,nodeIdx=0,changeCycle=2,myNode=064cb676...,timecost=4
info|2025-10-12 06:47:55.240634|PBFT-1-0x00007f6d70369700|[g:1][CONSENSUS][PBFT]checkAndChangeView: Reach consensus,org_view=37,cur_changeCycle=2,curView=37,view=38
info|2025-10-12 06:47:56.249898|PBFT-1-0x00007f6d70369700|[g:1][CONSENSUS]addRawPrepare,height=549,reqIdx=2,hash=b4778bb8...,time=0
info|2025-10-12 06:47:56.254670|PBFT-1-0x00007f6d70369700|[g:1][CONSENSUS][PBFT]checkTimeout Succ,view=38,toView=39,nodeIdx=0,changeCycle=1,myNode=064cb676...,timecost=4
info|2025-10-12 06:47:56.262216|PBFT-1-0x00007f6d70369700|[g:1][CONSENSUS][PBFT]checkAndChangeView: Reach consensus,org_view=38,cur_changeCycle=1,curView=38,view=39
info|2025-10-12 06:47:57.272165|PBFT-1-0x00007f6d70369700|[g:1][CONSENSUS]addRawPrepare,height=549,reqIdx=3,hash=de26c4c5...,time=0
info|2025-10-12 06:47:57.284491|PBFT-1-0x00007f6d70369700|[g:1][CONSENSUS][PBFT]checkTimeout Succ,view=39,toView=40,nodeIdx=0,changeCycle=1,myNode=064cb676...,timecost=12
info|2025-10-12 06:47:57.297859|PBFT-1-0x00007f6d70369700|[g:1][CONSENSUS][PBFT]checkAndChangeView: Reach consensus,org_view=39,cur_changeCycle=1,curView=39,view=40
info|2025-10-12 06:47:58.299280|PBFTSeal-1-0x00007f6d68b5a700|[g:1][CONSENSUS][SEALER]++++++++++++++++ Generating seal on,blkNum=549,tx=0,nodeIdx=0,hash=88a48433...
info|2025-10-12 06:47:58.304486|PBFT-1-0x00007f6d70369700|[g:1][CONSENSUS][PBFT]checkTimeout Succ,view=40,toView=41,nodeIdx=0,changeCycle=1,myNode=064cb676...,timecost=2
info|2025-10-12 06:47:58.318710|PBFT-1-0x00007f6d70369700|[g:1][CONSENSUS][PBFT]checkAndChangeView: Reach consensus,org_view=40,cur_changeCycle=1,curView=40,view=41
info|2025-10-12 06:48:00.998081|io_service-0x00007f6d8a39d700|[P2P][Service] heartBeat,connected count=3
info|2025-10-12 06:48:01.706414|P2P-0x00007f6d8ab9e700|[g:1] [SYNC][id:064cb676...][Download][Request]Receive block request,peer=374bdfe9...,from=184,to=184
info|2025-10-12 06:48:01.706965|SyncSend-1-0x00007f6d7cb82700|[g:1][SYNC][id:064cb676...][Download][Request][BlockSync]Batch blocks for sending,blockSize=24480,number=184,peer=374bdfe9...,timeCost=0
info|2025-10-12 06:48:01.707099|SyncSend-1-0x00007f6d7cb82700|[g:1][g:1] [SYNC][id:374bdfe9...][Download][Request][BlockSync]Send block packet,peer=374bdfe9...,blocks=1,bytes(V)=24487
warning|2025-10-12 06:48:02.826086|PBFT-1-0x00007f6d70369700|[g:1][CONSENSUS][PBFT]ViewChangeWarning: not caused by omit empty block ,v=41,toV=42,curNum=548,hash=cbc78a31...,nodeIdx=0,myNode=064cb676...
info|2025-10-12 06:48:02.826435|PBFT-1-0x00007f6d70369700|[g:1][CONSENSUS][PBFT]checkTimeout Succ,view=41,toView=42,nodeIdx=0,changeCycle=2,myNode=064cb676...,timecost=3
info|2025-10-12 06:48:02.838329|PBFT-1-0x00007f6d70369700|[g:1][CONSENSUS][PBFT]checkAndChangeView: Reach consensus,org_view=41,cur_changeCycle=2,curView=41,view=42
info|2025-10-12 06:48:03.348911|PBFTWork-1-0x00007f6d76b76700|[g:1][CONSENSUS][PartiallyPBFTReqCache]addPartiallyRawPrepare,height=549,reqIdx=2,hash=911d4f87...
info|2025-10-12 06:48:03.350284|PBFTWork-1-0x00007f6d76b76700|[g:1][BLOCKVERIFIER][executeBlock]Executing block,txNum=1,num=549,parentHash=cbc78a31d9b474047a3b9d38eeba9149972c1e8c995db7362daa591c80ba4c05,parentNum=548,parentStateRoot=95eafc9982bfaa84a42d2a6ede343418b030aa2e228c78e61b86509a04b3d428
info|2025-10-12 06:48:03.354030|PBFTWork-1-0x00007f6d76b76700|[g:1][PRECOMPILED]init GasChargeManagePrecompiled
error|2025-10-12 06:48:03.356791|PBFTWork-1-0x00007f6d76b76700|[g:1][PRECOMPILED]SM2EncryptPrecompiled exception:306f022005c3c0c579f2
error|2025-10-12 06:48:03.357045|PBFTWork-1-0x00007f6d76b76700|[g:1][EXECUTIVECONTEXT]PrecompiledException,address=000000000000000000000000000000000000500d,message:=306f022005c3c0c579f2
error|2025-10-12 06:48:03.357232|PBFTWork-1-0x00007f6d76b76700|[g:1][EXECUTIVE][TxExeError]Transaction execution error,TransactionExceptionID=22,hash=244a9447c6752346c2464baf4ad8e285627ee05650e682c7c0050b472f45d186
info|2025-10-12 06:48:03.361952|PBFTWork-1-0x00007f6d76b76700|[g:1][CONSENSUS][PBFT]execBlock,blkNum=549,reqIdx=2,hash=8e7f260a...,nodeIdx=0,myNode=064cb676...,decodeCost=0,checkCost=1,notifyCost=0,noteSealingCost=0,currentCycle=2,verifyAndSetSenderCost=0,execCost=11,execPerTx=11,totalCost=13
info|2025-10-12 06:48:03.369202|PBFTWork-1-0x00007f6d76b76700|[g:1][CONSENSUS][PBFT]handlePrepareMsg Succ,timecost=7,INFO=handlePartiallyPrepare,reqIdx=2,view=42,reqNum=549,curNum=548,consNum=549,hash=911d4f87...,nodeIdx=0,myNode=064cb676...,curChangeCycle=2
info|2025-10-12 06:48:03.369621|PBFT-1-0x00007f6d70369700|[g:1][CONSENSUS][PBFT]checkReq: Recv future request,prepHash=8e7f260a...,INFO=handleSignMsg,num=549,curNum=548,GenIdx=3,Sview=42,view=42,fromIdx=3,fromNode=87d00b98...,fromIp=127.0.0.1:36316,hash=7935f987...,nodeIdx=0,myNode=064cb676...
info|2025-10-12 06:48:03.369640|PBFT-1-0x00007f6d70369700|[g:1][CONSENSUS][PBFT]FutureBlock,INFO=handleSignMsg,num=549,curNum=548,GenIdx=3,Sview=42,view=42,fromIdx=3,fromNode=87d00b98...,fromIp=127.0.0.1:36316,hash=7935f987...,nodeIdx=0,myNode=064cb676...
info|2025-10-12 06:48:03.374753|PBFT-1-0x00007f6d70369700|[g:1][CONSENSUS][PBFT]checkReq: Recv future request,prepHash=8e7f260a...,INFO=handleSignMsg,num=549,curNum=548,GenIdx=2,Sview=42,view=42,fromIdx=2,fromNode=73994dae...,fromIp=127.0.0.1:30300,hash=1d3be36e...,nodeIdx=0,myNode=064cb676...
info|2025-10-12 06:48:03.374801|PBFT-1-0x00007f6d70369700|[g:1][CONSENSUS][PBFT]FutureBlock,INFO=handleSignMsg,num=549,curNum=548,GenIdx=2,Sview=42,view=42,fromIdx=2,fromNode=73994dae...,fromIp=127.0.0.1:30300,hash=1d3be36e...,nodeIdx=0,myNode=064cb676...
info|2025-10-12 06:48:10.115051|PBFT-1-0x00007f6d70369700|[g:1][CONSENSUS][SEALER]decrease maxBlockCanSeal to half for PBFT timeout,org_maxBlockCanSeal=1000,halfed_maxBlockCanSeal=500,timeoutCount=1,lastTimeoutTx=1
warning|2025-10-12 06:48:10.117135|PBFT-1-0x00007f6d70369700|[g:1][CONSENSUS][PBFT]ViewChangeWarning: not caused by omit empty block ,v=42,toV=43,curNum=548,hash=cbc78a31...,nodeIdx=0,myNode=064cb676...
info|2025-10-12 06:48:10.117379|PBFT-1-0x00007f6d70369700|[g:1][CONSENSUS][PBFT]checkTimeout Succ,view=42,toView=43,nodeIdx=0,changeCycle=3,myNode=064cb676...,timecost=2
info|2025-10-12 06:48:10.128724|PBFT-1-0x00007f6d70369700|[g:1][CONSENSUS][PBFT]checkAndChangeView: Reach consensus,org_view=42,cur_changeCycle=3,curView=42,view=43
info|2025-10-12 06:48:10.639550|PBFTWork-1-0x00007f6d76b76700|[g:1][CONSENSUS][PartiallyPBFTReqCache]addPartiallyRawPrepare,height=549,reqIdx=3,hash=b9e03512...
info|2025-10-12 06:48:10.640685|PBFTWork-1-0x00007f6d76b76700|[g:1][BLOCKVERIFIER][executeBlock]Executing block,txNum=1,num=549,parentHash=cbc78a31d9b474047a3b9d38eeba9149972c1e8c995db7362daa591c80ba4c05,parentNum=548,parentStateRoot=95eafc9982bfaa84a42d2a6ede343418b030aa2e228c78e61b86509a04b3d428
info|2025-10-12 06:48:10.640945|PBFTWork-1-0x00007f6d76b76700|[g:1][PRECOMPILED]init GasChargeManagePrecompiled
error|2025-10-12 06:48:10.642936|PBFTWork-1-0x00007f6d76b76700|[g:1][PRECOMPILED]SM2EncryptPrecompiled exception:306f022041970e4c3078
error|2025-10-12 06:48:10.643008|PBFTWork-1-0x00007f6d76b76700|[g:1][EXECUTIVECONTEXT]PrecompiledException,address=000000000000000000000000000000000000500d,message:=306f022041970e4c3078
error|2025-10-12 06:48:10.643066|PBFTWork-1-0x00007f6d76b76700|[g:1][EXECUTIVE][TxExeError]Transaction execution error,TransactionExceptionID=22,hash=244a9447c6752346c2464baf4ad8e285627ee05650e682c7c0050b472f45d186
info|2025-10-12 06:48:10.643294|PBFTWork-1-0x00007f6d76b76700|[g:1][CONSENSUS][PBFT]execBlock,blkNum=549,reqIdx=3,hash=1b9ac036...,nodeIdx=0,myNode=064cb676...,decodeCost=0,checkCost=1,notifyCost=0,noteSealingCost=0,currentCycle=3,verifyAndSetSenderCost=0,execCost=3,execPerTx=3,totalCost=4
info|2025-10-12 06:48:10.647565|PBFTWork-1-0x00007f6d76b76700|[g:1][CONSENSUS][PBFT]handlePrepareMsg Succ,timecost=4,INFO=handlePartiallyPrepare,reqIdx=3,view=43,reqNum=549,curNum=548,consNum=549,hash=b9e03512...,nodeIdx=0,myNode=064cb676...,curChangeCycle=3
info|2025-10-12 06:48:10.653661|PBFT-1-0x00007f6d70369700|[g:1][CONSENSUS][PBFT]checkReq: Recv future request,prepHash=1b9ac036...,INFO=handleSignMsg,num=549,curNum=548,GenIdx=3,Sview=43,view=43,fromIdx=3,fromNode=87d00b98...,fromIp=127.0.0.1:36316,hash=3c7fb575...,nodeIdx=0,myNode=064cb676...
info|2025-10-12 06:48:10.653686|PBFT-1-0x00007f6d70369700|[g:1][CONSENSUS][PBFT]FutureBlock,INFO=handleSignMsg,num=549,curNum=548,GenIdx=3,Sview=43,view=43,fromIdx=3,fromNode=87d00b98...,fromIp=127.0.0.1:36316,hash=3c7fb575...,nodeIdx=0,myNode=064cb676...
info|2025-10-12 06:48:10.659171|PBFT-1-0x00007f6d70369700|[g:1][CONSENSUS][PBFT]checkReq: Recv future request,prepHash=1b9ac036...,INFO=handleSignMsg,num=549,curNum=548,GenIdx=2,Sview=43,view=43,fromIdx=2,fromNode=73994dae...,fromIp=127.0.0.1:30300,hash=c1841711...,nodeIdx=0,myNode=064cb676...
info|2025-10-12 06:48:10.659201|PBFT-1-0x00007f6d70369700|[g:1][CONSENSUS][PBFT]FutureBlock,INFO=handleSignMsg,num=549,curNum=548,GenIdx=2,Sview=43,view=43,fromIdx=2,fromNode=73994dae...,fromIp=127.0.0.1:30300,hash=c1841711...,nodeIdx=0,myNode=064cb676...
info|2025-10-12 06:48:10.999200|io_service-0x00007f6d8a39d700|[P2P][Service] heartBeat,connected count=3
info|2025-10-12 06:48:14.517429|P2P-0x00007f6d8c3a1700|[g:1] [SYNC][id:064cb676...][Download][Request]Receive block request,peer=374bdfe9...,from=184,to=184
info|2025-10-12 06:48:14.517934|SyncSend-1-0x00007f6d7cb82700|[g:1][SYNC][id:064cb676...][Download][Request][BlockSync]Batch blocks for sending,blockSize=24480,number=184,peer=374bdfe9...,timeCost=0
info|2025-10-12 06:48:14.518084|SyncSend-1-0x00007f6d7cb82700|[g:1][g:1] [SYNC][id:374bdfe9...][Download][Request][BlockSync]Send block packet,peer=374bdfe9...,blocks=1,bytes(V)=24487
info|2025-10-12 06:48:20.770733|PBFT-1-0x00007f6d70369700|[g:1][CONSENSUS][SEALER]decrease maxBlockCanSeal to half for PBFT timeout,org_maxBlockCanSeal=500,halfed_maxBlockCanSeal=250,timeoutCount=2,lastTimeoutTx=1
warning|2025-10-12 06:48:20.773098|PBFT-1-0x00007f6d70369700|[g:1][CONSENSUS][PBFT]ViewChangeWarning: not caused by omit empty block ,v=43,toV=44,curNum=548,hash=cbc78a31...,nodeIdx=0,myNode=064cb676...
info|2025-10-12 06:48:20.774248|PBFT-1-0x00007f6d70369700|[g:1][CONSENSUS][PBFT]checkTimeout Succ,view=43,toView=44,nodeIdx=0,changeCycle=4,myNode=064cb676...,timecost=4
info|2025-10-12 06:48:20.785462|PBFT-1-0x00007f6d70369700|[g:1][CONSENSUS][PBFT]checkAndChangeView: Reach consensus,org_view=43,cur_changeCycle=4,curView=43,view=44
info|2025-10-12 06:48:20.999985|io_service-0x00007f6d8a39d700|[P2P][Service] heartBeat,connected count=3
info|2025-10-12 06:48:21.287032|PBFTSeal-1-0x00007f6d68b5a700|[g:1][CONSENSUS][SEALER]++++++++++++++++ Generating seal on,blkNum=549,tx=1,nodeIdx=0,hash=0639ac70...
info|2025-10-12 06:48:21.292082|sealerWorker-0x00007f6d78379700|[CONSENSUS]addRawPrepare,height=549,reqIdx=0,hash=0639ac70...,time=0
info|2025-10-12 06:48:21.292709|sealerWorker-0x00007f6d78379700|[BLOCKVERIFIER][executeBlock]Executing block,txNum=1,num=549,parentHash=cbc78a31d9b474047a3b9d38eeba9149972c1e8c995db7362daa591c80ba4c05,parentNum=548,parentStateRoot=95eafc9982bfaa84a42d2a6ede343418b030aa2e228c78e61b86509a04b3d428
info|2025-10-12 06:48:21.293089|sealerWorker-0x00007f6d78379700|[PRECOMPILED]init GasChargeManagePrecompiled
error|2025-10-12 06:48:21.296319|sealerWorker-0x00007f6d78379700|[PRECOMPILED]SM2EncryptPrecompiled exception:3070022100ffe550802b
error|2025-10-12 06:48:21.296483|sealerWorker-0x00007f6d78379700|[EXECUTIVECONTEXT]PrecompiledException,address=000000000000000000000000000000000000500d,message:=3070022100ffe550802b
error|2025-10-12 06:48:21.296612|sealerWorker-0x00007f6d78379700|[EXECUTIVE][TxExeError]Transaction execution error,TransactionExceptionID=22,hash=244a9447c6752346c2464baf4ad8e285627ee05650e682c7c0050b472f45d186
info|2025-10-12 06:48:21.296833|sealerWorker-0x00007f6d78379700|[CONSENSUS][PBFT]execBlock,blkNum=549,reqIdx=0,hash=770905d8...,nodeIdx=0,myNode=064cb676...,decodeCost=0,checkCost=0,notifyCost=0,noteSealingCost=0,currentCycle=4,verifyAndSetSenderCost=0,execCost=4,execPerTx=4,totalCost=4
info|2025-10-12 06:48:21.301545|sealerWorker-0x00007f6d78379700|[CONSENSUS][PBFT]handlePrepareMsg Succ,timecost=5,INFO=handlePrepareMsg,reqIdx=0,view=44,reqNum=549,curNum=548,consNum=549,curView=44,fromIp=self,hash=0639ac70...,nodeIdx=0,myNode=064cb676...,curChangeCycle=4
info|2025-10-12 06:48:21.301639|sealerWorker-0x00007f6d78379700|[CONSENSUS][PBFT]generateLocalPrepare,hash=0639ac70...,H=549,nodeIdx=0,myNode=064cb676...
info|2025-10-12 06:48:21.303729|PBFT-1-0x00007f6d70369700|[g:1][CONSENSUS][PBFT]checkReq: Recv future request,prepHash=770905d8...,INFO=handleSignMsg,num=549,curNum=548,GenIdx=3,Sview=44,view=44,fromIdx=3,fromNode=87d00b98...,fromIp=127.0.0.1:36316,hash=8e7a16b4...,nodeIdx=0,myNode=064cb676...
info|2025-10-12 06:48:21.303788|PBFT-1-0x00007f6d70369700|[g:1][CONSENSUS][PBFT]FutureBlock,INFO=handleSignMsg,num=549,curNum=548,GenIdx=3,Sview=44,view=44,fromIdx=3,fromNode=87d00b98...,fromIp=127.0.0.1:36316,hash=8e7a16b4...,nodeIdx=0,myNode=064cb676...
info|2025-10-12 06:48:21.313865|PBFT-1-0x00007f6d70369700|[g:1][CONSENSUS][PBFT]checkReq: Recv future request,prepHash=770905d8...,INFO=handleSignMsg,num=549,curNum=548,GenIdx=2,Sview=44,view=44,fromIdx=2,fromNode=73994dae...,fromIp=127.0.0.1:30300,hash=0c937de4...,nodeIdx=0,myNode=064cb676...
info|2025-10-12 06:48:21.313894|PBFT-1-0x00007f6d70369700|[g:1][CONSENSUS][PBFT]FutureBlock,INFO=handleSignMsg,num=549,curNum=548,GenIdx=2,Sview=44,view=44,fromIdx=2,fromNode=73994dae...,fromIp=127.0.0.1:30300,hash=0c937de4...,nodeIdx=0,myNode=064cb676...
info|2025-10-12 06:48:31.000548|io_service-0x00007f6d8a39d700|[P2P][Service] heartBeat,connected count=3
info|2025-10-12 06:48:33.734946|P2P-0x00007f6d8ab9e700|[g:1] [SYNC][id:064cb676...][Download][Request]Receive block request,peer=374bdfe9...,from=184,to=184
info|2025-10-12 06:48:33.735950|SyncSend-1-0x00007f6d7cb82700|[g:1][SYNC][id:064cb676...][Download][Request][BlockSync]Batch blocks for sending,blockSize=24480,number=184,peer=374bdfe9...,timeCost=0
info|2025-10-12 06:48:33.736133|SyncSend-1-0x00007f6d7cb82700|[g:1][g:1] [SYNC][id:374bdfe9...][Download][Request][BlockSync]Send block packet,peer=374bdfe9...,blocks=1,bytes(V)=24487
info|2025-10-12 06:48:36.490240|PBFT-1-0x00007f6d70369700|[g:1][CONSENSUS][SEALER]decrease maxBlockCanSeal to half for PBFT timeout,org_maxBlockCanSeal=250,halfed_maxBlockCanSeal=125,timeoutCount=3,lastTimeoutTx=1
warning|2025-10-12 06:48:36.492170|PBFT-1-0x00007f6d70369700|[g:1][CONSENSUS][PBFT]ViewChangeWarning: not caused by omit empty block ,v=44,toV=45,curNum=548,hash=cbc78a31...,nodeIdx=0,myNode=064cb676...
info|2025-10-12 06:48:36.492378|PBFT-1-0x00007f6d70369700|[g:1][CONSENSUS][PBFT]checkTimeout Succ,view=44,toView=45,nodeIdx=0,changeCycle=5,myNode=064cb676...,timecost=2
info|2025-10-12 06:48:36.505703|PBFT-1-0x00007f6d70369700|[g:1][CONSENSUS][PBFT]checkAndChangeView: Reach consensus,org_view=44,cur_changeCycle=5,curView=44,view=45
info|2025-10-12 06:48:41.001425|io_service-0x00007f6d8a39d700|[P2P][Service] heartBeat,connected count=3
info|2025-10-12 06:48:51.001606|io_service-0x00007f6d8a39d700|[P2P][Service] heartBeat,connected count=3
info|2025-10-12 06:48:52.951084|P2P-0x00007f6d8b39f700|[g:1] [SYNC][id:064cb676...][Download][Request]Receive block request,peer=374bdfe9...,from=184,to=184
info|2025-10-12 06:48:52.952187|SyncSend-1-0x00007f6d7cb82700|[g:1][SYNC][id:064cb676...][Download][Request][BlockSync]Batch blocks for sending,blockSize=24480,number=184,peer=374bdfe9...,timeCost=1
info|2025-10-12 06:48:52.952353|SyncSend-1-0x00007f6d7cb82700|[g:1][g:1] [SYNC][id:374bdfe9...][Download][Request][BlockSync]Send block packet,peer=374bdfe9...,blocks=1,bytes(V)=24487
warning|2025-10-12 06:48:59.293976|PBFT-1-0x00007f6d70369700|[g:1][CONSENSUS][PBFT]ViewChangeWarning: not caused by omit empty block ,v=45,toV=46,curNum=548,hash=cbc78a31...,nodeIdx=0,myNode=064cb676...
info|2025-10-12 06:48:59.295484|PBFT-1-0x00007f6d70369700|[g:1][CONSENSUS][PBFT]checkTimeout Succ,view=45,toView=46,nodeIdx=0,changeCycle=6,myNode=064cb676...,timecost=6
info|2025-10-12 06:48:59.309751|PBFT-1-0x00007f6d70369700|[g:1][CONSENSUS][PBFT]checkAndChangeView: Reach consensus,org_view=45,cur_changeCycle=6,curView=45,view=46
info|2025-10-12 06:48:59.827279|PBFTWork-1-0x00007f6d76b76700|[g:1][CONSENSUS][PartiallyPBFTReqCache]addPartiallyRawPrepare,height=549,reqIdx=2,hash=d9dd6423...
info|2025-10-12 06:48:59.828284|PBFTWork-1-0x00007f6d76b76700|[g:1][BLOCKVERIFIER][executeBlock]Executing block,txNum=1,num=549,parentHash=cbc78a31d9b474047a3b9d38eeba9149972c1e8c995db7362daa591c80ba4c05,parentNum=548,parentStateRoot=95eafc9982bfaa84a42d2a6ede343418b030aa2e228c78e61b86509a04b3d428
info|2025-10-12 06:48:59.830645|PBFTWork-1-0x00007f6d76b76700|[g:1][PRECOMPILED]init GasChargeManagePrecompiled
error|2025-10-12 06:48:59.833377|PBFTWork-1-0x00007f6d76b76700|[g:1][PRECOMPILED]SM2EncryptPrecompiled exception:306f022008d1f64cbf06
error|2025-10-12 06:48:59.833486|PBFTWork-1-0x00007f6d76b76700|[g:1][EXECUTIVECONTEXT]PrecompiledException,address=000000000000000000000000000000000000500d,message:=306f022008d1f64cbf06
error|2025-10-12 06:48:59.833551|PBFTWork-1-0x00007f6d76b76700|[g:1][EXECUTIVE][TxExeError]Transaction execution error,TransactionExceptionID=22,hash=244a9447c6752346c2464baf4ad8e285627ee05650e682c7c0050b472f45d186
info|2025-10-12 06:48:59.837548|PBFTWork-1-0x00007f6d76b76700|[g:1][CONSENSUS][PBFT]execBlock,blkNum=549,reqIdx=2,hash=532c6e44...,nodeIdx=0,myNode=064cb676...,decodeCost=0,checkCost=0,notifyCost=0,noteSealingCost=1,currentCycle=6,verifyAndSetSenderCost=0,execCost=9,execPerTx=9,totalCost=10
info|2025-10-12 06:48:59.842683|PBFTWork-1-0x00007f6d76b76700|[g:1][CONSENSUS][PBFT]handlePrepareMsg Succ,timecost=5,INFO=handlePartiallyPrepare,reqIdx=2,view=46,reqNum=549,curNum=548,consNum=549,hash=d9dd6423...,nodeIdx=0,myNode=064cb676...,curChangeCycle=6
info|2025-10-12 06:48:59.842932|PBFT-1-0x00007f6d70369700|[g:1][CONSENSUS][PBFT]checkReq: Recv future request,prepHash=532c6e44...,INFO=handleSignMsg,num=549,curNum=548,GenIdx=3,Sview=46,view=46,fromIdx=3,fromNode=87d00b98...,fromIp=127.0.0.1:36316,hash=20456736...,nodeIdx=0,myNode=064cb676...
info|2025-10-12 06:48:59.842955|PBFT-1-0x00007f6d70369700|[g:1][CONSENSUS][PBFT]FutureBlock,INFO=handleSignMsg,num=549,curNum=548,GenIdx=3,Sview=46,view=46,fromIdx=3,fromNode=87d00b98...,fromIp=127.0.0.1:36316,hash=20456736...,nodeIdx=0,myNode=064cb676...
info|2025-10-12 06:48:59.843566|PBFT-1-0x00007f6d70369700|[g:1][CONSENSUS][PBFT]checkReq: Recv future request,prepHash=532c6e44...,INFO=handleSignMsg,num=549,curNum=548,GenIdx=2,Sview=46,view=46,fromIdx=2,fromNode=73994dae...,fromIp=127.0.0.1:30300,hash=445bc700...,nodeIdx=0,myNode=064cb676...
info|2025-10-12 06:48:59.843592|PBFT-1-0x00007f6d70369700|[g:1][CONSENSUS][PBFT]FutureBlock,INFO=handleSignMsg,num=549,curNum=548,GenIdx=2,Sview=46,view=46,fromIdx=2,fromNode=73994dae...,fromIp=127.0.0.1:30300,hash=445bc700...,nodeIdx=0,myNode=064cb676...
info|2025-10-12 06:49:01.001846|io_service-0x00007f6d8a39d700|[P2P][Service] heartBeat,connected count=3
info|2025-10-12 06:49:11.002405|io_service-0x00007f6d8a39d700|[P2P][Service] heartBeat,connected count=3
info|2025-10-12 06:49:18.773073|P2P-0x00007f6d8c3a1700|[g:1] [SYNC][id:064cb676...][Download][Request]Receive block request,peer=374bdfe9...,from=184,to=184
info|2025-10-12 06:49:18.773645|SyncSend-1-0x00007f6d7cb82700|[g:1][SYNC][id:064cb676...][Download][Request][BlockSync]Batch blocks for sending,blockSize=24480,number=184,peer=374bdfe9...,timeCost=0
info|2025-10-12 06:49:18.773774|SyncSend-1-0x00007f6d7cb82700|[g:1][g:1] [SYNC][id:374bdfe9...][Download][Request][BlockSync]Send block packet,peer=374bdfe9...,blocks=1,bytes(V)=24487
info|2025-10-12 06:49:21.003519|io_service-0x00007f6d8a39d700|[P2P][Service] heartBeat,connected count=3
info|2025-10-12 06:49:31.004240|io_service-0x00007f6d8a39d700|[P2P][Service] heartBeat,connected count=3
info|2025-10-12 06:49:31.583466|P2P-0x00007f6d8ab9e700|[g:1] [SYNC][id:064cb676...][Download][Request]Receive block request,peer=374bdfe9...,from=184,to=184
info|2025-10-12 06:49:31.584248|SyncSend-1-0x00007f6d7cb82700|[g:1][SYNC][id:064cb676...][Download][Request][BlockSync]Batch blocks for sending,blockSize=24480,number=184,peer=374bdfe9...,timeCost=0
info|2025-10-12 06:49:31.584356|SyncSend-1-0x00007f6d7cb82700|[g:1][g:1] [SYNC][id:374bdfe9...][Download][Request][BlockSync]Send block packet,peer=374bdfe9...,blocks=1,bytes(V)=24487
info|2025-10-12 06:49:34.013409|PBFT-1-0x00007f6d70369700|[g:1][CONSENSUS][SEALER]decrease maxBlockCanSeal to half for PBFT timeout,org_maxBlockCanSeal=124,halfed_maxBlockCanSeal=62,timeoutCount=4,lastTimeoutTx=1
warning|2025-10-12 06:49:34.015207|PBFT-1-0x00007f6d70369700|[g:1][CONSENSUS][PBFT]ViewChangeWarning: not caused by omit empty block ,v=46,toV=47,curNum=548,hash=cbc78a31...,nodeIdx=0,myNode=064cb676...
info|2025-10-12 06:49:34.015408|PBFT-1-0x00007f6d70369700|[g:1][CONSENSUS][PBFT]checkTimeout Succ,view=46,toView=47,nodeIdx=0,changeCycle=7,myNode=064cb676...,timecost=2
info|2025-10-12 06:49:34.023994|PBFT-1-0x00007f6d70369700|[g:1][CONSENSUS][PBFT]checkAndChangeView: Reach consensus,org_view=46,cur_changeCycle=7,curView=46,view=47
info|2025-10-12 06:49:34.529654|PBFTWork-1-0x00007f6d76b76700|[g:1][CONSENSUS][PartiallyPBFTReqCache]addPartiallyRawPrepare,height=549,reqIdx=3,hash=1b3b4550...
info|2025-10-12 06:49:34.535979|PBFTWork-1-0x00007f6d76b76700|[g:1][BLOCKVERIFIER][executeBlock]Executing block,txNum=1,num=549,parentHash=cbc78a31d9b474047a3b9d38eeba9149972c1e8c995db7362daa591c80ba4c05,parentNum=548,parentStateRoot=95eafc9982bfaa84a42d2a6ede343418b030aa2e228c78e61b86509a04b3d428
info|2025-10-12 06:49:34.536272|PBFTWork-1-0x00007f6d76b76700|[g:1][PRECOMPILED]init GasChargeManagePrecompiled
error|2025-10-12 06:49:34.539896|PBFTWork-1-0x00007f6d76b76700|[g:1][PRECOMPILED]SM2EncryptPrecompiled exception:306f022006d7afa85a87
error|2025-10-12 06:49:34.540032|PBFTWork-1-0x00007f6d76b76700|[g:1][EXECUTIVECONTEXT]PrecompiledException,address=000000000000000000000000000000000000500d,message:=306f022006d7afa85a87
error|2025-10-12 06:49:34.540118|PBFTWork-1-0x00007f6d76b76700|[g:1][EXECUTIVE][TxExeError]Transaction execution error,TransactionExceptionID=22,hash=244a9447c6752346c2464baf4ad8e285627ee05650e682c7c0050b472f45d186
info|2025-10-12 06:49:34.541875|PBFTWork-1-0x00007f6d76b76700|[g:1][CONSENSUS][PBFT]execBlock,blkNum=549,reqIdx=3,hash=49039f21...,nodeIdx=0,myNode=064cb676...,decodeCost=0,checkCost=6,notifyCost=0,noteSealingCost=0,currentCycle=7,verifyAndSetSenderCost=0,execCost=6,execPerTx=6,totalCost=12
info|2025-10-12 06:49:34.546748|PBFTWork-1-0x00007f6d76b76700|[g:1][CONSENSUS][PBFT]handlePrepareMsg Succ,timecost=5,INFO=handlePartiallyPrepare,reqIdx=3,view=47,reqNum=549,curNum=548,consNum=549,hash=1b3b4550...,nodeIdx=0,myNode=064cb676...,curChangeCycle=7
info|2025-10-12 06:49:34.547000|PBFT-1-0x00007f6d70369700|[g:1][CONSENSUS][PBFT]checkReq: Recv future request,prepHash=49039f21...,INFO=handleSignMsg,num=549,curNum=548,GenIdx=2,Sview=47,view=47,fromIdx=2,fromNode=73994dae...,fromIp=127.0.0.1:30300,hash=1c17c023...,nodeIdx=0,myNode=064cb676...
info|2025-10-12 06:49:34.547018|PBFT-1-0x00007f6d70369700|[g:1][CONSENSUS][PBFT]FutureBlock,INFO=handleSignMsg,num=549,curNum=548,GenIdx=2,Sview=47,view=47,fromIdx=2,fromNode=73994dae...,fromIp=127.0.0.1:30300,hash=1c17c023...,nodeIdx=0,myNode=064cb676...
info|2025-10-12 06:49:34.547276|PBFT-1-0x00007f6d70369700|[g:1][CONSENSUS][PBFT]checkReq: Recv future request,prepHash=49039f21...,INFO=handleSignMsg,num=549,curNum=548,GenIdx=3,Sview=47,view=47,fromIdx=3,fromNode=87d00b98...,fromIp=127.0.0.1:36316,hash=5e42186d...,nodeIdx=0,myNode=064cb676...
info|2025-10-12 06:49:34.547290|PBFT-1-0x00007f6d70369700|[g:1][CONSENSUS][PBFT]FutureBlock,INFO=handleSignMsg,num=549,curNum=548,GenIdx=3,Sview=47,view=47,fromIdx=3,fromNode=87d00b98...,fromIp=127.0.0.1:36316,hash=5e42186d...,nodeIdx=0,myNode=064cb676...
info|2025-10-12 06:49:37.989967|P2P-0x00007f6d8ab9e700|[g:1] [SYNC][id:064cb676...][Download][Request]Receive block request,peer=374bdfe9...,from=184,to=184
info|2025-10-12 06:49:37.991400|SyncSend-1-0x00007f6d7cb82700|[g:1][SYNC][id:064cb676...][Download][Request][BlockSync]Batch blocks for sending,blockSize=24480,number=184,peer=374bdfe9...,timeCost=1
info|2025-10-12 06:49:37.991512|SyncSend-1-0x00007f6d7cb82700|[g:1][g:1] [SYNC][id:374bdfe9...][Download][Request][BlockSync]Send block packet,peer=374bdfe9...,blocks=1,bytes(V)=24487
info|2025-10-12 06:49:41.005634|io_service-0x00007f6d8a39d700|[P2P][Service] heartBeat,connected count=3
info|2025-10-12 06:49:50.801530|P2P-0x00007f6d8c3a1700|[g:1] [SYNC][id:064cb676...][Download][Request]Receive block request,peer=374bdfe9...,from=184,to=184
info|2025-10-12 06:49:50.802368|SyncSend-1-0x00007f6d7cb82700|[g:1][SYNC][id:064cb676...][Download][Request][BlockSync]Batch blocks for sending,blockSize=24480,number=184,peer=374bdfe9...,timeCost=0
info|2025-10-12 06:49:50.802666|SyncSend-1-0x00007f6d7cb82700|[g:1][g:1] [SYNC][id:374bdfe9...][Download][Request][BlockSync]Send block packet,peer=374bdfe9...,blocks=1,bytes(V)=24487
info|2025-10-12 06:49:51.006070|io_service-0x00007f6d8a39d700|[P2P][Service] heartBeat,connected count=3
info|2025-10-12 06:49:56.352166|fisco-bcos-0x00007f6d8d116dc0|[LEDGER]stop sealer,groupID=1
info|2025-10-12 06:49:56.352305|fisco-bcos-0x00007f6d8d116dc0|[CONSENSUS][SEALER]Stop sealer module...
info|2025-10-12 06:49:56.358953|fisco-bcos-0x00007f6d8d116dc0|[CONSENSUS][ConsensusEngine][Stop ConsensusEngineBase]
info|2025-10-12 06:49:56.360970|fisco-bcos-0x00007f6d8d116dc0|[CONSENSUS][ConsensusEngine]ConsensusEngineBase stopped
info|2025-10-12 06:49:56.361013|fisco-bcos-0x00007f6d8d116dc0|[LEDGER]sealer stopped. stop sync,groupID=1
info|2025-10-12 06:49:56.362067|fisco-bcos-0x00007f6d8d116dc0|[g:1] [SYNC][id:064cb676...]SyncMsgEngine stopped
info|2025-10-12 06:49:56.503198|fisco-bcos-0x00007f6d8d116dc0|[GossipBlockStatus]stop GossipBlockStatus succ
info|2025-10-12 06:49:57.630245|fisco-bcos-0x00007f6d8d116dc0|[SYNC][id:064cb676...][g:1]SyncMaster stopped
info|2025-10-12 06:49:57.630294|fisco-bcos-0x00007f6d8d116dc0|[LEDGER]sync stopped. stop event filter manager,groupID=1
info|2025-10-12 06:49:57.635169|fisco-bcos-0x00007f6d8d116dc0|[EVENT][EventLogFilterManager]stop
info|2025-10-12 06:49:57.635210|fisco-bcos-0x00007f6d8d116dc0|[LEDGER]event filter manager stopped. stop tx pool,groupID=1
info|2025-10-12 06:49:57.638893|io_service-0x00007f6d8a39d700|[NETWORK][Session]doRead failed,endpoint=127.0.0.1:36316,message=short read (SSL routines, SSL routines)
info|2025-10-12 06:49:57.638978|io_service-0x00007f6d8a39d700|[NETWORK][Session]drop, call and erase all callbackFunc of the session!,endpoint=127.0.0.1:36316
info|2025-10-12 06:49:57.639033|io_service-0x00007f6d8a39d700|[NETWORK][Session][drop] closing remote 127.0.0.1:36316,reason=Low-level TCP communication failed.,endpoint=127.0.0.1:36316
info|2025-10-12 06:49:57.639126|P2P-0x00007f6d8b39f700|[P2P][Service] disconnect inactive P2PSession,nodeID=87d00b98...,endpoint=127.0.0.1:36316,code=3,what=Disconnect
info|2025-10-12 06:49:57.639167|P2P-0x00007f6d8b39f700|[P2P][Service] onDisconnect,code=3,what=Dynamic exception type: dev::network::NetworkException
std::exception::what: Disconnect
info|2025-10-12 06:49:57.639239|io_service-0x00007f6d8a39d700|[NETWORK][Session][drop] shutdown failed ,code=9,message=Bad file descriptor
info|2025-10-12 06:49:57.640230|fisco-bcos-0x00007f6d8d116dc0|[LEDGER]removeNetworkStatHandlerByGroupID and removeGroupBandwidthLimiter for service,groupID=1
info|2025-10-12 06:49:57.640265|fisco-bcos-0x00007f6d8d116dc0|[CHANNEL]removeSDKAllowListByGroupId,groupId=1
info|2025-10-12 06:49:57.640278|fisco-bcos-0x00007f6d8d116dc0|[INITIALIZER]ledgerInitializer stopped
info|2025-10-12 06:49:57.746422|io_service-0x00007f6d8a39d700|[NETWORK][Session]doRead failed,endpoint=127.0.0.1:30300,message=short read (SSL routines, SSL routines)
info|2025-10-12 06:49:57.746494|io_service-0x00007f6d8a39d700|[NETWORK][Session]drop, call and erase all callbackFunc of the session!,endpoint=127.0.0.1:30300
info|2025-10-12 06:49:57.746515|io_service-0x00007f6d8a39d700|[NETWORK][Session][drop] closing remote 127.0.0.1:30300,reason=Low-level TCP communication failed.,endpoint=127.0.0.1:30300
info|2025-10-12 06:49:57.746644|io_service-0x00007f6d8a39d700|[NETWORK][Session]Session inactive
info|2025-10-12 06:49:57.746653|io_service-0x00007f6d8a39d700|[NETWORK][Session]Session inactive
info|2025-10-12 06:49:57.746662|io_service-0x00007f6d8a39d700|[NETWORK][Session][drop] shutdown failed ,code=9,message=Bad file descriptor
info|2025-10-12 06:49:57.746732|P2P-0x00007f6d8c3a1700|[P2P][Service] disconnect inactive P2PSession,nodeID=73994dae...,endpoint=127.0.0.1:30300,code=3,what=Disconnect
info|2025-10-12 06:49:57.746753|P2P-0x00007f6d8c3a1700|[P2P][Service] onDisconnect,code=3,what=Dynamic exception type: dev::network::NetworkException
std::exception::what: Disconnect
info|2025-10-12 06:49:58.641411|fisco-bcos-0x00007f6d8d116dc0|[INITIALIZER]ChannelRPCHttpServer deleted.
info|2025-10-12 06:49:58.642002|fisco-bcos-0x00007f6d8d116dc0|[INITIALIZER]JsonrpcHttpServer deleted.
info|2025-10-12 06:49:58.642039|fisco-bcos-0x00007f6d8d116dc0|[INITIALIZER]RPCInitializer stopped
info|2025-10-12 06:49:58.642324|io_service-0x00007f6d8a39d700|[NETWORK][Host]Host exit
info|2025-10-12 06:49:58.643406|fisco-bcos-0x00007f6d8d116dc0|[INITIALIZER]P2PInitializer stopped
info|2025-10-12 06:49:58.643437|fisco-bcos-0x00007f6d8d116dc0|[LEDGER]stop sealer,groupID=1
info|2025-10-12 06:49:58.643449|fisco-bcos-0x00007f6d8d116dc0|[LEDGER]sealer stopped. stop sync,groupID=1
info|2025-10-12 06:49:58.643462|fisco-bcos-0x00007f6d8d116dc0|[g:1] [SYNC][id:064cb676...]SyncMsgEngine stopped
info|2025-10-12 06:49:58.643475|fisco-bcos-0x00007f6d8d116dc0|[GossipBlockStatus]GossipBlockStatus already stopped
info|2025-10-12 06:49:58.643481|fisco-bcos-0x00007f6d8d116dc0|[SYNC][id:064cb676...][g:1]SyncMaster stopped
info|2025-10-12 06:49:58.643488|fisco-bcos-0x00007f6d8d116dc0|[LEDGER]sync stopped. stop event filter manager,groupID=1
info|2025-10-12 06:49:58.643494|fisco-bcos-0x00007f6d8d116dc0|[LEDGER]event filter manager stopped. stop tx pool,groupID=1
info|2025-10-12 06:49:58.643504|fisco-bcos-0x00007f6d8d116dc0|[LEDGER]removeNetworkStatHandlerByGroupID and removeGroupBandwidthLimiter for service,groupID=1
info|2025-10-12 06:49:58.643553|fisco-bcos-0x00007f6d8d116dc0|[g:1][STORAGE][CachedStorage]Stopping flushStorage thread
info|2025-10-12 06:49:59.234653|fisco-bcos-0x00007f6d8d116dc0|[g:1][STORAGE][CachedStorage]flushStorage thread stopped.
info|2025-10-12 06:49:59.234707|fisco-bcos-0x00007f6d8d116dc0|[DBINITIALIZER] storage stopped
info|2025-10-12 06:49:59.237349|fisco-bcos-0x00007f6d8d116dc0|[g:1] [SYNC][id:064cb676...]SyncMsgEngine stopped
info|2025-10-12 06:49:59.237452|fisco-bcos-0x00007f6d8d116dc0|[GossipBlockStatus]GossipBlockStatus already stopped
info|2025-10-12 06:49:59.237471|fisco-bcos-0x00007f6d8d116dc0|[SYNC][id:064cb676...][g:1]SyncMaster stopped
info|2025-10-12 06:49:59.237509|fisco-bcos-0x00007f6d8d116dc0|[g:1] [SYNC][id:064cb676...]SyncMsgEngine stopped
