info|2025-10-06 08:22:46.665898|fisco-bcos-0x00007f79380dfdc0|[INITIALIZER][initGlobalConfig],enableCompress=true,compatibilityVersion=2.11.0,versionNumber=34275328,enableStat=false,chainId=1,useSMCrypto=true,IgnoreObserverWriteRequest=false
info|2025-10-06 08:22:46.688925|fisco-bcos-0x00007f79380dfdc0|[INITIALIZER][SecureInitializerGM]get pub of node,nodeID=064cb676a36047a4b52ecbf9c01664b1e987d91b438110ba6a12d96972726622e824d295b1de8b0298b5afe7bbbc0bd04a3890e1a36eae028c1cfbe07971b995
info|2025-10-06 08:22:46.713468|fisco-bcos-0x00007f79380dfdc0|[NETWORK][Host]Connecting to node,endpoint=127.0.0.1:30300
info|2025-10-06 08:22:46.713595|fisco-bcos-0x00007f79380dfdc0|[NETWORK][Host]Connecting to node,endpoint=127.0.0.1:30301
info|2025-10-06 08:22:46.714780|fisco-bcos-0x00007f79380dfdc0|[NETWORK][Host]Connecting to node,endpoint=127.0.0.1:30302
info|2025-10-06 08:22:46.714937|fisco-bcos-0x00007f79380dfdc0|[NETWORK][Host]Connecting to node,endpoint=127.0.0.1:30303
info|2025-10-06 08:22:46.714979|fisco-bcos-0x00007f79380dfdc0|[P2P][Service] heartBeat,connected count=0
info|2025-10-06 08:22:46.715011|fisco-bcos-0x00007f79380dfdc0|[INITIALIZER][RPCInitializer],network_security.check_cert_issuer=true
info|2025-10-06 08:22:46.717575|io_service-0x00007f7935366700|[NETWORK][Host]P2P StartAccept,Host=0.0.0.0:30303
info|2025-10-06 08:22:46.717864|io_service-0x00007f7935366700|[NETWORK][ASIO]asyncResolveConnect,endpoint=127.0.0.1:30300
info|2025-10-06 08:22:46.717950|io_service-0x00007f7935366700|[NETWORK][ASIO]asyncResolveConnect,endpoint=127.0.0.1:30301
info|2025-10-06 08:22:46.718012|io_service-0x00007f7935366700|[NETWORK][ASIO]asyncResolveConnect,endpoint=127.0.0.1:30302
info|2025-10-06 08:22:46.718072|io_service-0x00007f7935366700|[NETWORK][ASIO]asyncResolveConnect,endpoint=127.0.0.1:30303
info|2025-10-06 08:22:46.718518|io_service-0x00007f7935366700|[NETWORK][Host]P2P Recv Connect, From=127.0.0.1:55054
info|2025-10-06 08:22:46.718609|io_service-0x00007f7935366700|[NETWORK][Host]P2P StartAccept,Host=0.0.0.0:30303
info|2025-10-06 08:22:46.719663|fisco-bcos-0x00007f79380dfdc0|[CHANNEL][ChannelServer::run],threadPoolSize=8
info|2025-10-06 08:22:46.719789|fisco-bcos-0x00007f79380dfdc0|[CHANNEL]ChannelRPCServer started
info|2025-10-06 08:22:46.719799|fisco-bcos-0x00007f79380dfdc0|[INITIALIZER][RPCInitializer: ChannelRPCHttpServer started.],disableDynamicGroup=false,uncheckGroupMember=false,threadSize=8
info|2025-10-06 08:22:46.719826|fisco-bcos-0x00007f79380dfdc0|[INITIALIZER][LedgerInitializer]initConfig
info|2025-10-06 08:22:46.719838|fisco-bcos-0x00007f79380dfdc0|[LedgerInitializer],groupConfigPath=conf/
info|2025-10-06 08:22:46.720021|fisco-bcos-0x00007f79380dfdc0|[INITIALIZER][initSingleLedger] [GroupId], LedgerConstructor:  1,configFileName=conf/group.1.genesis,dataDir=data/
info|2025-10-06 08:22:46.720108|fisco-bcos-0x00007f79380dfdc0|[g:1][LedgerParam][parseGenesisConfig]initConsensusConfig/initStorageConfig/initTxConfig,configFile=conf/group.1.genesis
info|2025-10-06 08:22:46.720159|fisco-bcos-0x00007f79380dfdc0|[g:1][LedgerParam][initConsensusConfig],type=pbft,consensusTimeout=3,maxTxNum=1000,txGasLimit=300000000
info|2025-10-06 08:22:46.720178|fisco-bcos-0x00007f79380dfdc0|[g:1][LedgerParam][parsePublicKeyListOfSection],sectionName=consensus,it.first=73994dae9e8b8da733108a4153dfe79151d701dff425f84c87b5324e8ebd02ab6a0ebc9e4f1e0298a7ddca50f94a8f95c62b6997226d571e470e8f2b0600634a
info|2025-10-06 08:22:46.720205|fisco-bcos-0x00007f79380dfdc0|[g:1][LedgerParam][parsePublicKeyListOfSection],sectionName=consensus,it.first=374bdfe969e1d8ea1200ade93e5d8cf1a7d5741f238011004b0f43ca818706f194b2f067e1708125f7ffc536610b9a72addbd56b238d65f18912be39037ffcc5
info|2025-10-06 08:22:46.720217|fisco-bcos-0x00007f79380dfdc0|[g:1][LedgerParam][parsePublicKeyListOfSection],sectionName=consensus,it.first=87d00b98321fc70a5abc85ad9e80db10cce315194133697bf74aace1d3f8430957a766240f751752708f4282f46110d6ea56c3eb5d1c02ce98a66f327f595270
info|2025-10-06 08:22:46.720229|fisco-bcos-0x00007f79380dfdc0|[g:1][LedgerParam][parsePublicKeyListOfSection],sectionName=consensus,it.first=064cb676a36047a4b52ecbf9c01664b1e987d91b438110ba6a12d96972726622e824d295b1de8b0298b5afe7bbbc0bd04a3890e1a36eae028c1cfbe07971b995
info|2025-10-06 08:22:46.720250|fisco-bcos-0x00007f79380dfdc0|[g:1][LedgerParam][parsePublicKeyListOfSection],totalPubKeySize=4
info|2025-10-06 08:22:46.720279|fisco-bcos-0x00007f79380dfdc0|[g:1][LedgerParam][max_block_range],maxBlockRange=0,maxBlockPerProcess=3
info|2025-10-06 08:22:46.720285|fisco-bcos-0x00007f79380dfdc0|[g:1][LedgerParam][parseGenesisConfig],timestamp=1759762229000
info|2025-10-06 08:22:46.720296|fisco-bcos-0x00007f79380dfdc0|[g:1][LedgerParam]setEVMFlags,enableFreeStorageVMSchedule=false,evmFlags=0
info|2025-10-06 08:22:46.720326|fisco-bcos-0x00007f79380dfdc0|[g:1][LedgerParam]store evmFlag,evmFlag=0
info|2025-10-06 08:22:46.720333|fisco-bcos-0x00007f79380dfdc0|[g:1][LedgerParam]store consensus time,consensusTimeout=3
info|2025-10-06 08:22:46.720337|fisco-bcos-0x00007f79380dfdc0|[g:1][LedgerParam][initMark],genesisMark=1-064cb676a36047a4b52ecbf9c01664b1e987d91b438110ba6a12d96972726622e824d295b1de8b0298b5afe7bbbc0bd04a3890e1a36eae028c1cfbe07971b995,374bdfe969e1d8ea1200ade93e5d8cf1a7d5741f238011004b0f43ca818706f194b2f067e1708125f7ffc536610b9a72addbd56b238d65f18912be39037ffcc5,73994dae9e8b8da733108a4153dfe79151d701dff425f84c87b5324e8ebd02ab6a0ebc9e4f1e0298a7ddca50f94a8f95c62b6997226d571e470e8f2b0600634a,87d00b98321fc70a5abc85ad9e80db10cce315194133697bf74aace1d3f8430957a766240f751752708f4282f46110d6ea56c3eb5d1c02ce98a66f327f595270,-pbft-storage-0-1000-300000000-3
info|2025-10-06 08:22:46.720343|fisco-bcos-0x00007f79380dfdc0|[g:1][LedgerParam][initIniConfig]initTxPoolConfig/initSyncConfig/initTxExecuteConfig,configFile=conf/group.1.ini
info|2025-10-06 08:22:46.720491|fisco-bcos-0x00007f79380dfdc0|[g:1][LedgerParam][initStorageConfig],stateType=storage,storageDB=rocksdb,storagePath=data//group1/block/RocksDB,baseDir=data//group1,dbtype=mysql,dbip=127.0.0.1,dbport=3306,dbcharset=utf8mb4,initconnections=15,maxconnections=50,scrollThreshold=2000,enableReconfirmCommittee=false
info|2025-10-06 08:22:46.720527|fisco-bcos-0x00007f79380dfdc0|[g:1][LedgerParam][initTxPoolConfig],txPoolLimit=150000,memorySizeLimit(MB)=512,notifyWorkerNum=2,txsExpirationTime(ms)=600000
info|2025-10-06 08:22:46.720537|fisco-bcos-0x00007f79380dfdc0|[g:1][LedgerParam][initSyncConfig],idleWaitMs=200
info|2025-10-06 08:22:46.720546|fisco-bcos-0x00007f79380dfdc0|[g:1][LedgerParam][initSyncConfig],enableSendTxsByTree=true,enableSendBlockStatusByTree=true
info|2025-10-06 08:22:46.720552|fisco-bcos-0x00007f79380dfdc0|[g:1][LedgerParam][initSyncConfig],gossipInterval=1000
info|2025-10-06 08:22:46.720563|fisco-bcos-0x00007f79380dfdc0|[g:1][LedgerParam][initSyncConfig],enableSendBlockStatusByTree=true,gossipInterval=1000,gossipPeers=3,syncTreeWidth=3,maxQueueSizeForBlockSync=536870912,txsStatusGossipMaxPeers=5,syncInfoPrintInterval=10,freeNodeRead=false
info|2025-10-06 08:22:46.720585|fisco-bcos-0x00007f79380dfdc0|[g:1][LedgerParam][InitTxExecuteConfig],enableParallel=true
info|2025-10-06 08:22:46.720602|fisco-bcos-0x00007f79380dfdc0|[g:1][LedgerParam][initConsensusIniConfig],maxTTL=2,minBlockGenerationTime=500,enablDynamicBlockSize=true,blockSizeIncreaseRatio=0.5,enableTTLOptimize=true,enablePrepareWithTxsHash=true
info|2025-10-06 08:22:46.720657|fisco-bcos-0x00007f79380dfdc0|[g:1][LedgerParam][initRPBFTConsensusIniConfig],broadcastPrepareByTree=true,prepareStatusBroadcastPercent=33,maxRequestMissedTxsWaitTime=100,maxRequestPrepareWaitTime=100
info|2025-10-06 08:22:46.720674|fisco-bcos-0x00007f79380dfdc0|[g:1][LedgerParam][initFlowControlConfig],maxQPS=9223372036854775807,outGoingBandwidth(Bytes)=9223372036854775807
info|2025-10-06 08:22:46.720695|fisco-bcos-0x00007f79380dfdc0|[g:1][LedgerParam]parseSDKAllowList,sdkAllowList=[],enableSDKAllowListControl=false
info|2025-10-06 08:22:46.720719|fisco-bcos-0x00007f79380dfdc0|[g:1][LEDGER][initLedger][DBInitializer]
info|2025-10-06 08:22:46.720752|fisco-bcos-0x00007f79380dfdc0|[g:1][LEDGER]setSDKAllowList,groupId=1,sdkAllowListSize=0
info|2025-10-06 08:22:46.720762|fisco-bcos-0x00007f79380dfdc0|[g:1][CHANNEL]registerSDKAllowListByGroupId,groupId=1,size=0
info|2025-10-06 08:22:46.720769|fisco-bcos-0x00007f79380dfdc0|[g:1][CHANNEL]Disable group-level sdk permission control for sdk allowlist is empty
info|2025-10-06 08:22:46.720775|fisco-bcos-0x00007f79380dfdc0|[g:1][DBINITIALIZER] [initStorageDB]
info|2025-10-06 08:22:46.720779|fisco-bcos-0x00007f79380dfdc0|[g:1][DBINITIALIZER] [initRocksDBStorage]
info|2025-10-06 08:22:46.720811|fisco-bcos-0x00007f79380dfdc0|[g:1][ROCKSDB]open rocksDB handler,path=data//group1/block/RocksDB
info|2025-10-06 08:22:46.772151|io_service-0x00007f7935366700|[NETWORK][Host]P2P Recv Connect, From=127.0.0.1:55056
info|2025-10-06 08:22:46.772232|io_service-0x00007f7935366700|[NETWORK][Host]P2P StartAccept,Host=0.0.0.0:30303
info|2025-10-06 08:22:46.793485|io_service-0x00007f7935366700|[NETWORK][Host]P2P Recv Connect, From=127.0.0.1:55058
info|2025-10-06 08:22:46.793554|io_service-0x00007f7935366700|[NETWORK][Host]P2P StartAccept,Host=0.0.0.0:30303
info|2025-10-06 08:22:46.793635|io_service-0x00007f7935366700|[NETWORK][Host]handshakeServer succ,remote endpoint=127.0.0.1:55054
info|2025-10-06 08:22:46.793721|io_service-0x00007f7935366700|[NETWORK][Host]startPeerSession, Remote=127.0.0.1:55054,local endpoint=127.0.0.1:30303,nodeID=064cb676...
info|2025-10-06 08:22:46.793834|io_service-0x00007f7935366700|[NETWORK][Host]handshakeClient succ,local endpoint=127.0.0.1:55054
info|2025-10-06 08:22:46.793866|io_service-0x00007f7935366700|[NETWORK][Host]startPeerSession, Remote=127.0.0.1:30303,local endpoint=127.0.0.1:55054,nodeID=064cb676...
info|2025-10-06 08:22:46.797280|io_service-0x00007f7935366700|[NETWORK][Host]P2P Recv Connect, From=127.0.0.1:55068
info|2025-10-06 08:22:46.797355|io_service-0x00007f7935366700|[NETWORK][Host]P2P StartAccept,Host=0.0.0.0:30303
info|2025-10-06 08:22:46.801886|io_service-0x00007f7935366700|[NETWORK][Host]handshakeClient succ,local endpoint=127.0.0.1:43442
info|2025-10-06 08:22:46.801951|io_service-0x00007f7935366700|[NETWORK][Host]startPeerSession, Remote=127.0.0.1:30301,local endpoint=127.0.0.1:43442,nodeID=374bdfe9...
info|2025-10-06 08:22:46.802235|P2P-0x00007f7935b67700|[P2P][Service] Connection established,nodeID=374bdfe9...,endpoint=127.0.0.1:30301
info|2025-10-06 08:22:46.817591|io_service-0x00007f7935366700|[NETWORK][Host]handshakeClient succ,local endpoint=127.0.0.1:34882
info|2025-10-06 08:22:46.821825|io_service-0x00007f7935366700|[NETWORK][Host]startPeerSession, Remote=127.0.0.1:30302,local endpoint=127.0.0.1:34882,nodeID=87d00b98...
info|2025-10-06 08:22:46.821919|P2P-0x00007f793736a700|[P2P][Service] Connection established,nodeID=87d00b98...,endpoint=127.0.0.1:30302
info|2025-10-06 08:22:46.821941|io_service-0x00007f7935366700|[NETWORK][Host]handshakeServer succ,remote endpoint=127.0.0.1:55058
info|2025-10-06 08:22:46.821974|io_service-0x00007f7935366700|[NETWORK][Host]startPeerSession, Remote=127.0.0.1:55058,local endpoint=127.0.0.1:30303,nodeID=73994dae...
info|2025-10-06 08:22:46.822045|P2P-0x00007f7936b69700|[P2P][Service] Connection established,nodeID=73994dae...,endpoint=127.0.0.1:55058
info|2025-10-06 08:22:46.825064|io_service-0x00007f7935366700|[NETWORK][Host]handshakeServer succ,remote endpoint=127.0.0.1:55068
info|2025-10-06 08:22:46.825117|io_service-0x00007f7935366700|[NETWORK][Host]startPeerSession, Remote=127.0.0.1:55068,local endpoint=127.0.0.1:30303,nodeID=87d00b98...
info|2025-10-06 08:22:46.829683|io_service-0x00007f7935366700|[NETWORK][Host]handshakeClient succ,local endpoint=127.0.0.1:46498
info|2025-10-06 08:22:46.829767|io_service-0x00007f7935366700|[NETWORK][Host]startPeerSession, Remote=127.0.0.1:30300,local endpoint=127.0.0.1:46498,nodeID=73994dae...
info|2025-10-06 08:22:46.832732|io_service-0x00007f7935366700|[NETWORK][Host]handshakeServer succ,remote endpoint=127.0.0.1:55056
info|2025-10-06 08:22:46.832772|io_service-0x00007f7935366700|[NETWORK][Host]startPeerSession, Remote=127.0.0.1:55056,local endpoint=127.0.0.1:30303,nodeID=374bdfe9...
info|2025-10-06 08:22:46.883123|fisco-bcos-0x00007f79380dfdc0|[g:1][g:1][STORAGE][CachedStorage]Init flushStorage thread
info|2025-10-06 08:22:46.884121|fisco-bcos-0x00007f79380dfdc0|[g:1][DBINITIALIZER] [init CachedStorage],maxCapacity=32,maxForwardBlock=10
info|2025-10-06 08:22:46.884162|fisco-bcos-0x00007f79380dfdc0|[g:1][LEDGER][initLedger][initBlockChain]
info|2025-10-06 08:22:46.885571|fisco-bcos-0x00007f79380dfdc0|[g:1][LEDGER]set enableHexBlock to be false,version=34275328
info|2025-10-06 08:22:46.885627|fisco-bcos-0x00007f79380dfdc0|[g:1][BLOCKCHAIN][#checkAndBuildGenesisBlock],shouldBuild=false
info|2025-10-06 08:22:46.888391|fisco-bcos-0x00007f79380dfdc0|[g:1][BLOCKCHAIN][#checkAndBuildGenesisBlock]Already have the 0th block, 0th groupMark is equal to file groupMark.
info|2025-10-06 08:22:46.888458|fisco-bcos-0x00007f79380dfdc0|[g:1][LEDGER][initLedger]initBlockChain SUCC
info|2025-10-06 08:22:46.888645|fisco-bcos-0x00007f79380dfdc0|[g:1][DBINITIALIZER] [createStateFactory],type=storage
info|2025-10-06 08:22:46.888743|fisco-bcos-0x00007f79380dfdc0|[g:1][DBINITIALIZER] createStorageState SUCC
info|2025-10-06 08:22:46.888831|fisco-bcos-0x00007f79380dfdc0|[g:1][DBINITIALIZER] [createStateFactory SUCC]
info|2025-10-06 08:22:46.888921|fisco-bcos-0x00007f79380dfdc0|[g:1][DBINITIALIZER] createExecutiveContext...
info|2025-10-06 08:22:46.888987|fisco-bcos-0x00007f79380dfdc0|[g:1][LEDGER]createGasMetric,vmFlagType=0
info|2025-10-06 08:22:46.889023|fisco-bcos-0x00007f79380dfdc0|[g:1][LEDGER]createGasMetric
info|2025-10-06 08:22:46.889058|fisco-bcos-0x00007f79380dfdc0|[g:1][DBINITIALIZER] create precompiledGasFactory and precompiledResultFactory
info|2025-10-06 08:22:46.889085|fisco-bcos-0x00007f79380dfdc0|[g:1][DBINITIALIZER] createExecutiveContext SUCC
info|2025-10-06 08:22:46.889118|fisco-bcos-0x00007f79380dfdc0|[g:1][DBINITIALIZER] [setSyncNumForCachedStorage],syncNum=0
info|2025-10-06 08:22:46.889147|fisco-bcos-0x00007f79380dfdc0|[g:1][LEDGER][initNetworkBandWidthLimiter: outGoingBandwidthLimit has been disabled],groupId=1
info|2025-10-06 08:22:46.889298|fisco-bcos-0x00007f79380dfdc0|[g:1][LEDGER][QPSLimit has been disabled],groupId=1
info|2025-10-06 08:22:46.889331|fisco-bcos-0x00007f79380dfdc0|[g:1][LEDGER][initLedger][initBlockVerifier]
info|2025-10-06 08:22:46.889373|fisco-bcos-0x00007f79380dfdc0|[g:1][LEDGER][initLedger][initBlockVerifier SUCC],evmFlags=0
info|2025-10-06 08:22:46.889406|fisco-bcos-0x00007f79380dfdc0|[g:1][LEDGER][initLedger][initTxPool],txPoolLimit=150000
info|2025-10-06 08:22:46.890251|fisco-bcos-0x00007f79380dfdc0|[g:1][LEDGER][initLedger]initTxPool SUCC
info|2025-10-06 08:22:46.890296|fisco-bcos-0x00007f79380dfdc0|[g:1][LEDGER][initLedger][initSync],idleWaitMs=200,gossipInterval=1000,gossipPeers=3
info|2025-10-06 08:22:46.890315|fisco-bcos-0x00007f79380dfdc0|[g:1][LEDGER]Init sync master,enableSendBlockStatusByTree=true,enableSendTxsByTree=true
info|2025-10-06 08:22:46.894675|fisco-bcos-0x00007f79380dfdc0|[g:1][LEDGER][initLedger]initSync SUCC
info|2025-10-06 08:22:46.894724|fisco-bcos-0x00007f79380dfdc0|[g:1][LEDGER][initLedger][consensusInitFactory]
info|2025-10-06 08:22:46.894736|fisco-bcos-0x00007f79380dfdc0|[g:1][LEDGER][initLedger][createPBFTSealer]
info|2025-10-06 08:22:46.894741|fisco-bcos-0x00007f79380dfdc0|[g:1][LEDGER][initLedger][createPBFTSealer],baseDir=data//group1,Protocol=65544
info|2025-10-06 08:22:46.894803|fisco-bcos-0x00007f79380dfdc0|[g:1][LEDGER][initLedger]createPBFTSealer for PBFT or rPBFT,consensusType=pbft
info|2025-10-06 08:22:46.894811|fisco-bcos-0x00007f79380dfdc0|[g:1][LEDGER]createConsensusEngine: create PBFTEngine
info|2025-10-06 08:22:46.894820|fisco-bcos-0x00007f79380dfdc0|[g:1][CONSENSUS][PBFT]Register handler for PBFTEngine
info|2025-10-06 08:22:46.895521|fisco-bcos-0x00007f79380dfdc0|[g:1][CONSENSUS][PBFT]setMinBlockGenerationTime,minBlockGenerationTime=500,consensusTime=1000
info|2025-10-06 08:22:46.895622|fisco-bcos-0x00007f79380dfdc0|[g:1][LEDGER][initEventLogFilterManager]initEventLogFilterManager SUCC
info|2025-10-06 08:22:46.895645|fisco-bcos-0x00007f79380dfdc0|[LedgerInitializer init group succ],groupID=1
info|2025-10-06 08:22:46.895977|fisco-bcos-0x00007f79380dfdc0|[SafeHttpServer::StartListening]use default epoll
info|2025-10-06 08:22:46.896274|fisco-bcos-0x00007f79380dfdc0|[INITIALIZER][RPCInitializer JsonrpcHttpServer started],jsonrpc_IP=127.0.0.1,jsonrpc_listen_port=8548,jsonrpc_thread_count=8,ipv6=false,disableDynamicGroup=false,uncheckGroupMember=false
info|2025-10-06 08:22:46.896308|fisco-bcos-0x00007f79380dfdc0|[g:1][LEDGER]startAll...
info|2025-10-06 08:22:46.898578|fisco-bcos-0x00007f79380dfdc0|[g:1][GossipBlockStatus]start GossipBlockStatus succ
info|2025-10-06 08:22:46.898611|fisco-bcos-0x00007f79380dfdc0|[g:1][CONSENSUS][ConsensusEngine][Start ConsensusEngineBase]
info|2025-10-06 08:22:46.898753|alignTime-1-0x00007f7925b47700|[g:1][NodeTimeMaintenance]updateTimeInfo: update median time offset,updatedMedianTimeOffset=-1,peer=374bdfe9...,peerTime=1759764166897,peerOffset=-1,utcTime=1759764166898
info|2025-10-06 08:22:46.900702|alignTime-1-0x00007f7925b47700|[g:1][NodeTimeMaintenance]updateTimeInfo: update median time offset,updatedMedianTimeOffset=-1,peer=87d00b98...,peerTime=1759764166899,peerOffset=-1,utcTime=1759764166900
info|2025-10-06 08:22:46.900756|alignTime-1-0x00007f7925b47700|[g:1][NodeTimeMaintenance]updateTimeInfo: update median time offset,updatedMedianTimeOffset=-1,peer=73994dae...,peerTime=1759764166899,peerOffset=-1,utcTime=1759764166900
info|2025-10-06 08:22:46.901499|fisco-bcos-0x00007f79380dfdc0|[g:1][CONSENSUS][PBFT]^^^^^^^^Report,num=0,sealerIdx=0,hash=f0d3e679...,next=1,tx=0,nodeIdx=0
info|2025-10-06 08:22:46.901549|fisco-bcos-0x00007f79380dfdc0|[g:1][ROCKSDB]open rocksDB handler,path=data//group1/pbftMsgBackup/RocksDB
info|2025-10-06 08:22:46.941040|fisco-bcos-0x00007f79380dfdc0|[g:1][CONSENSUS][PBFT][PBFT init env successfully]
info|2025-10-06 08:22:46.941192|fisco-bcos-0x00007f79380dfdc0|[g:1][CONSENSUS][PBFT][Start PBFTEngine...]
info|2025-10-06 08:22:46.941203|fisco-bcos-0x00007f79380dfdc0|[g:1][CONSENSUS][SEALER][Start sealer module]
info|2025-10-06 08:22:46.941395|fisco-bcos-0x00007f79380dfdc0|[g:1][CONSENSUS][PBFT]^^^^^^^^Report,num=0,sealerIdx=0,hash=f0d3e679...,next=1,tx=0,nodeIdx=0
info|2025-10-06 08:22:46.941549|fisco-bcos-0x00007f79380dfdc0|[g:1][EVENT][EventLogFilterManager]start,m_maxBlockRange=0,m_maxBlockPerLoopFilter=3
info|2025-10-06 08:22:47.901872|PBFTSeal-1-0x00007f7913b23700|[g:1][CONSENSUS][SEALER]++++++++++++++++ Generating seal on,blkNum=1,tx=0,nodeIdx=0,hash=0ef40633...
info|2025-10-06 08:22:47.905383|PBFT-1-0x00007f791b332700|[g:1][CONSENSUS][PBFT]checkTimeout Succ,view=0,toView=1,nodeIdx=0,changeCycle=1,myNode=064cb676...,timecost=1
info|2025-10-06 08:22:47.916054|PBFT-1-0x00007f791b332700|[g:1][CONSENSUS][PBFT]checkAndChangeView: Reach consensus,org_view=0,cur_changeCycle=1,curView=0,view=1
info|2025-10-06 08:22:48.949005|PBFT-1-0x00007f791b332700|[g:1][CONSENSUS]addRawPrepare,height=1,reqIdx=1,hash=7f50b64c...,time=1
info|2025-10-06 08:22:48.950336|PBFT-1-0x00007f791b332700|[g:1][CONSENSUS][PBFT]checkTimeout Succ,view=1,toView=2,nodeIdx=0,changeCycle=1,myNode=064cb676...,timecost=1
info|2025-10-06 08:22:48.952037|PBFT-1-0x00007f791b332700|[g:1][CONSENSUS][PBFT]checkAndChangeView: Reach consensus,org_view=1,cur_changeCycle=1,curView=1,view=2
info|2025-10-06 08:22:49.973606|PBFT-1-0x00007f791b332700|[g:1][CONSENSUS]addRawPrepare,height=1,reqIdx=2,hash=011b38ce...,time=0
info|2025-10-06 08:22:49.986695|PBFT-1-0x00007f791b332700|[g:1][CONSENSUS][PBFT]checkTimeout Succ,view=2,toView=3,nodeIdx=0,changeCycle=1,myNode=064cb676...,timecost=4
info|2025-10-06 08:22:49.989484|PBFT-1-0x00007f791b332700|[g:1][CONSENSUS][PBFT]checkAndChangeView: Reach consensus,org_view=2,cur_changeCycle=1,curView=2,view=3
info|2025-10-06 08:22:51.004864|PBFT-1-0x00007f791b332700|[g:1][CONSENSUS]addRawPrepare,height=1,reqIdx=3,hash=e1ea0b5d...,time=0
info|2025-10-06 08:22:51.006068|PBFT-1-0x00007f791b332700|[g:1][CONSENSUS][PBFT]checkTimeout Succ,view=3,toView=4,nodeIdx=0,changeCycle=1,myNode=064cb676...,timecost=2
info|2025-10-06 08:22:51.022161|PBFT-1-0x00007f791b332700|[g:1][CONSENSUS][PBFT]checkAndChangeView: Reach consensus,org_view=3,cur_changeCycle=1,curView=3,view=4
info|2025-10-06 08:22:52.022825|PBFTSeal-1-0x00007f7913b23700|[g:1][CONSENSUS][SEALER]++++++++++++++++ Generating seal on,blkNum=1,tx=0,nodeIdx=0,hash=c38a276a...
info|2025-10-06 08:22:52.026455|PBFT-1-0x00007f791b332700|[g:1][CONSENSUS][PBFT]checkTimeout Succ,view=4,toView=5,nodeIdx=0,changeCycle=1,myNode=064cb676...,timecost=2
info|2025-10-06 08:22:52.074418|PBFT-1-0x00007f791b332700|[g:1][CONSENSUS][PBFT]checkAndChangeView: Reach consensus,org_view=4,cur_changeCycle=1,curView=4,view=5
info|2025-10-06 08:22:53.077609|PBFT-1-0x00007f791b332700|[g:1][CONSENSUS]addRawPrepare,height=1,reqIdx=1,hash=53315372...,time=0
info|2025-10-06 08:22:53.085164|PBFT-1-0x00007f791b332700|[g:1][CONSENSUS][PBFT]checkTimeout Succ,view=5,toView=6,nodeIdx=0,changeCycle=1,myNode=064cb676...,timecost=8
info|2025-10-06 08:22:53.091683|PBFT-1-0x00007f791b332700|[g:1][CONSENSUS][PBFT]checkAndChangeView: Reach consensus,org_view=5,cur_changeCycle=1,curView=5,view=6
info|2025-10-06 08:22:54.096016|PBFT-1-0x00007f791b332700|[g:1][CONSENSUS]addRawPrepare,height=1,reqIdx=2,hash=45ba5555...,time=0
info|2025-10-06 08:22:54.097339|PBFT-1-0x00007f791b332700|[g:1][CONSENSUS][PBFT]checkTimeout Succ,view=6,toView=7,nodeIdx=0,changeCycle=1,myNode=064cb676...,timecost=1
info|2025-10-06 08:22:54.106787|PBFT-1-0x00007f791b332700|[g:1][CONSENSUS][PBFT]checkAndChangeView: Reach consensus,org_view=6,cur_changeCycle=1,curView=6,view=7
info|2025-10-06 08:22:55.117271|PBFT-1-0x00007f791b332700|[g:1][CONSENSUS]addRawPrepare,height=1,reqIdx=3,hash=5c6e6abd...,time=0
info|2025-10-06 08:22:55.130610|PBFT-1-0x00007f791b332700|[g:1][CONSENSUS][PBFT]checkTimeout Succ,view=7,toView=8,nodeIdx=0,changeCycle=1,myNode=064cb676...,timecost=13
info|2025-10-06 08:22:55.137927|PBFT-1-0x00007f791b332700|[g:1][CONSENSUS][PBFT]checkAndChangeView: Reach consensus,org_view=7,cur_changeCycle=1,curView=7,view=8
info|2025-10-06 08:22:56.138693|PBFTSeal-1-0x00007f7913b23700|[g:1][CONSENSUS][SEALER]++++++++++++++++ Generating seal on,blkNum=1,tx=0,nodeIdx=0,hash=fda9bdf3...
info|2025-10-06 08:22:56.147182|PBFT-1-0x00007f791b332700|[g:1][CONSENSUS][PBFT]checkTimeout Succ,view=8,toView=9,nodeIdx=0,changeCycle=1,myNode=064cb676...,timecost=1
info|2025-10-06 08:22:56.157962|PBFT-1-0x00007f791b332700|[g:1][CONSENSUS][PBFT]checkAndChangeView: Reach consensus,org_view=8,cur_changeCycle=1,curView=8,view=9
info|2025-10-06 08:22:56.715820|io_service-0x00007f7935366700|[P2P][Service] heartBeat,connected count=3
info|2025-10-06 08:22:56.834571|P2P-0x00007f7936b69700|[NETWORK][Session]Received topic: [2	_block_notify_1] from 73994dae9e8b8da733108a4153dfe79151d701dff425f84c87b5324e8ebd02ab6a0ebc9e4f1e0298a7ddca50f94a8f95c62b6997226d571e470e8f2b0600634a
info|2025-10-06 08:22:57.163408|PBFT-1-0x00007f791b332700|[g:1][CONSENSUS]addRawPrepare,height=1,reqIdx=1,hash=251d5c58...,time=0
info|2025-10-06 08:22:57.177313|PBFT-1-0x00007f791b332700|[g:1][CONSENSUS][PBFT]checkTimeout Succ,view=9,toView=10,nodeIdx=0,changeCycle=1,myNode=064cb676...,timecost=14
info|2025-10-06 08:22:57.185832|PBFT-1-0x00007f791b332700|[g:1][CONSENSUS][PBFT]checkAndChangeView: Reach consensus,org_view=9,cur_changeCycle=1,curView=9,view=10
info|2025-10-06 08:22:58.207285|PBFT-1-0x00007f791b332700|[g:1][CONSENSUS]addRawPrepare,height=1,reqIdx=2,hash=77b67090...,time=0
info|2025-10-06 08:22:58.209726|PBFT-1-0x00007f791b332700|[g:1][CONSENSUS][PBFT]checkTimeout Succ,view=10,toView=11,nodeIdx=0,changeCycle=1,myNode=064cb676...,timecost=2
info|2025-10-06 08:22:58.219878|PBFT-1-0x00007f791b332700|[g:1][CONSENSUS][PBFT]checkAndChangeView: Reach consensus,org_view=10,cur_changeCycle=1,curView=10,view=11
info|2025-10-06 08:22:59.230711|PBFT-1-0x00007f791b332700|[g:1][CONSENSUS]addRawPrepare,height=1,reqIdx=3,hash=90619c15...,time=0
info|2025-10-06 08:22:59.236248|PBFT-1-0x00007f791b332700|[g:1][CONSENSUS][PBFT]checkTimeout Succ,view=11,toView=12,nodeIdx=0,changeCycle=1,myNode=064cb676...,timecost=6
info|2025-10-06 08:22:59.239473|PBFT-1-0x00007f791b332700|[g:1][CONSENSUS][PBFT]checkAndChangeView: Reach consensus,org_view=11,cur_changeCycle=1,curView=11,view=12
info|2025-10-06 08:23:00.240460|PBFTSeal-1-0x00007f7913b23700|[g:1][CONSENSUS][SEALER]++++++++++++++++ Generating seal on,blkNum=1,tx=0,nodeIdx=0,hash=5c02536f...
info|2025-10-06 08:23:00.250055|PBFT-1-0x00007f791b332700|[g:1][CONSENSUS][PBFT]checkTimeout Succ,view=12,toView=13,nodeIdx=0,changeCycle=1,myNode=064cb676...,timecost=4
info|2025-10-06 08:23:00.257483|PBFT-1-0x00007f791b332700|[g:1][CONSENSUS][PBFT]checkAndChangeView: Reach consensus,org_view=12,cur_changeCycle=1,curView=12,view=13
info|2025-10-06 08:23:01.262317|PBFT-1-0x00007f791b332700|[g:1][CONSENSUS]addRawPrepare,height=1,reqIdx=1,hash=47187ac1...,time=0
info|2025-10-06 08:23:01.266499|PBFT-1-0x00007f791b332700|[g:1][CONSENSUS][PBFT]checkTimeout Succ,view=13,toView=14,nodeIdx=0,changeCycle=1,myNode=064cb676...,timecost=4
info|2025-10-06 08:23:01.275844|PBFT-1-0x00007f791b332700|[g:1][CONSENSUS][PBFT]checkAndChangeView: Reach consensus,org_view=13,cur_changeCycle=1,curView=13,view=14
info|2025-10-06 08:23:02.283155|PBFT-1-0x00007f791b332700|[g:1][CONSENSUS]addRawPrepare,height=1,reqIdx=2,hash=d7c812ad...,time=0
info|2025-10-06 08:23:02.285523|PBFT-1-0x00007f791b332700|[g:1][CONSENSUS][PBFT]checkTimeout Succ,view=14,toView=15,nodeIdx=0,changeCycle=1,myNode=064cb676...,timecost=2
info|2025-10-06 08:23:02.290997|PBFT-1-0x00007f791b332700|[g:1][CONSENSUS][PBFT]checkAndChangeView: Reach consensus,org_view=14,cur_changeCycle=1,curView=14,view=15
info|2025-10-06 08:23:03.295565|PBFT-1-0x00007f791b332700|[g:1][CONSENSUS]addRawPrepare,height=1,reqIdx=3,hash=d6a0168b...,time=0
info|2025-10-06 08:23:03.298991|PBFT-1-0x00007f791b332700|[g:1][CONSENSUS][PBFT]checkTimeout Succ,view=15,toView=16,nodeIdx=0,changeCycle=1,myNode=064cb676...,timecost=4
info|2025-10-06 08:23:03.301875|PBFT-1-0x00007f791b332700|[g:1][CONSENSUS][PBFT]checkAndChangeView: Reach consensus,org_view=15,cur_changeCycle=1,curView=15,view=16
info|2025-10-06 08:23:04.302920|PBFTSeal-1-0x00007f7913b23700|[g:1][CONSENSUS][SEALER]++++++++++++++++ Generating seal on,blkNum=1,tx=0,nodeIdx=0,hash=4179c795...
info|2025-10-06 08:23:04.307547|PBFT-1-0x00007f791b332700|[g:1][CONSENSUS][PBFT]checkTimeout Succ,view=16,toView=17,nodeIdx=0,changeCycle=1,myNode=064cb676...,timecost=2
info|2025-10-06 08:23:04.322715|PBFT-1-0x00007f791b332700|[g:1][CONSENSUS][PBFT]checkAndChangeView: Reach consensus,org_view=16,cur_changeCycle=1,curView=16,view=17
info|2025-10-06 08:23:05.332413|PBFT-1-0x00007f791b332700|[g:1][CONSENSUS]addRawPrepare,height=1,reqIdx=1,hash=56a0c04b...,time=0
info|2025-10-06 08:23:05.333537|PBFT-1-0x00007f791b332700|[g:1][CONSENSUS][PBFT]checkTimeout Succ,view=17,toView=18,nodeIdx=0,changeCycle=1,myNode=064cb676...,timecost=1
info|2025-10-06 08:23:05.341447|PBFT-1-0x00007f791b332700|[g:1][CONSENSUS][PBFT]checkAndChangeView: Reach consensus,org_view=17,cur_changeCycle=1,curView=17,view=18
info|2025-10-06 08:23:06.353215|PBFT-1-0x00007f791b332700|[g:1][CONSENSUS]addRawPrepare,height=1,reqIdx=2,hash=220896d7...,time=0
info|2025-10-06 08:23:06.361031|PBFT-1-0x00007f791b332700|[g:1][CONSENSUS][PBFT]checkTimeout Succ,view=18,toView=19,nodeIdx=0,changeCycle=1,myNode=064cb676...,timecost=8
info|2025-10-06 08:23:06.370796|PBFT-1-0x00007f791b332700|[g:1][CONSENSUS][PBFT]checkAndChangeView: Reach consensus,org_view=18,cur_changeCycle=1,curView=18,view=19
info|2025-10-06 08:23:06.716774|io_service-0x00007f7935366700|[P2P][Service] heartBeat,connected count=3
info|2025-10-06 08:23:07.379259|PBFT-1-0x00007f791b332700|[g:1][CONSENSUS]addRawPrepare,height=1,reqIdx=3,hash=8e9d7e4f...,time=0
info|2025-10-06 08:23:07.380897|PBFT-1-0x00007f791b332700|[g:1][CONSENSUS][PBFT]checkTimeout Succ,view=19,toView=20,nodeIdx=0,changeCycle=1,myNode=064cb676...,timecost=1
info|2025-10-06 08:23:07.389243|PBFT-1-0x00007f791b332700|[g:1][CONSENSUS][PBFT]checkAndChangeView: Reach consensus,org_view=19,cur_changeCycle=1,curView=19,view=20
info|2025-10-06 08:23:08.390220|PBFTSeal-1-0x00007f7913b23700|[g:1][CONSENSUS][SEALER]++++++++++++++++ Generating seal on,blkNum=1,tx=0,nodeIdx=0,hash=be51085a...
info|2025-10-06 08:23:08.396782|PBFT-1-0x00007f791b332700|[g:1][CONSENSUS][PBFT]checkTimeout Succ,view=20,toView=21,nodeIdx=0,changeCycle=1,myNode=064cb676...,timecost=1
info|2025-10-06 08:23:08.404032|PBFT-1-0x00007f791b332700|[g:1][CONSENSUS][PBFT]checkAndChangeView: Reach consensus,org_view=20,cur_changeCycle=1,curView=20,view=21
info|2025-10-06 08:23:09.410634|PBFT-1-0x00007f791b332700|[g:1][CONSENSUS]addRawPrepare,height=1,reqIdx=1,hash=fb3ebb98...,time=0
info|2025-10-06 08:23:09.414925|PBFT-1-0x00007f791b332700|[g:1][CONSENSUS][PBFT]checkTimeout Succ,view=21,toView=22,nodeIdx=0,changeCycle=1,myNode=064cb676...,timecost=4
info|2025-10-06 08:23:09.420963|PBFT-1-0x00007f791b332700|[g:1][CONSENSUS][PBFT]checkAndChangeView: Reach consensus,org_view=21,cur_changeCycle=1,curView=21,view=22
info|2025-10-06 08:23:10.427950|PBFT-1-0x00007f791b332700|[g:1][CONSENSUS]addRawPrepare,height=1,reqIdx=2,hash=27c86116...,time=0
info|2025-10-06 08:23:10.432232|PBFT-1-0x00007f791b332700|[g:1][CONSENSUS][PBFT]checkTimeout Succ,view=22,toView=23,nodeIdx=0,changeCycle=1,myNode=064cb676...,timecost=4
info|2025-10-06 08:23:10.442513|PBFT-1-0x00007f791b332700|[g:1][CONSENSUS][PBFT]checkAndChangeView: Reach consensus,org_view=22,cur_changeCycle=1,curView=22,view=23
info|2025-10-06 08:23:11.451586|PBFT-1-0x00007f791b332700|[g:1][CONSENSUS]addRawPrepare,height=1,reqIdx=3,hash=cc0590f1...,time=0
info|2025-10-06 08:23:11.455897|PBFT-1-0x00007f791b332700|[g:1][CONSENSUS][PBFT]checkTimeout Succ,view=23,toView=24,nodeIdx=0,changeCycle=1,myNode=064cb676...,timecost=4
info|2025-10-06 08:23:11.460932|PBFT-1-0x00007f791b332700|[g:1][CONSENSUS][PBFT]checkAndChangeView: Reach consensus,org_view=23,cur_changeCycle=1,curView=23,view=24
info|2025-10-06 08:23:12.461798|PBFTSeal-1-0x00007f7913b23700|[g:1][CONSENSUS][SEALER]++++++++++++++++ Generating seal on,blkNum=1,tx=0,nodeIdx=0,hash=5d68a844...
info|2025-10-06 08:23:12.472236|PBFT-1-0x00007f791b332700|[g:1][CONSENSUS][PBFT]checkTimeout Succ,view=24,toView=25,nodeIdx=0,changeCycle=1,myNode=064cb676...,timecost=6
info|2025-10-06 08:23:12.477693|PBFT-1-0x00007f791b332700|[g:1][CONSENSUS][PBFT]checkAndChangeView: Reach consensus,org_view=24,cur_changeCycle=1,curView=24,view=25
info|2025-10-06 08:23:13.480990|PBFT-1-0x00007f791b332700|[g:1][CONSENSUS]addRawPrepare,height=1,reqIdx=1,hash=1d82160f...,time=1
info|2025-10-06 08:23:13.490486|PBFT-1-0x00007f791b332700|[g:1][CONSENSUS][PBFT]checkTimeout Succ,view=25,toView=26,nodeIdx=0,changeCycle=1,myNode=064cb676...,timecost=9
info|2025-10-06 08:23:13.493108|PBFT-1-0x00007f791b332700|[g:1][CONSENSUS][PBFT]checkAndChangeView: Reach consensus,org_view=25,cur_changeCycle=1,curView=25,view=26
info|2025-10-06 08:23:14.495993|PBFT-1-0x00007f791b332700|[g:1][CONSENSUS]addRawPrepare,height=1,reqIdx=2,hash=105e1746...,time=1
info|2025-10-06 08:23:14.501957|PBFT-1-0x00007f791b332700|[g:1][CONSENSUS][PBFT]checkTimeout Succ,view=26,toView=27,nodeIdx=0,changeCycle=1,myNode=064cb676...,timecost=4
info|2025-10-06 08:23:14.509471|PBFT-1-0x00007f791b332700|[g:1][CONSENSUS][PBFT]checkAndChangeView: Reach consensus,org_view=26,cur_changeCycle=1,curView=26,view=27
info|2025-10-06 08:23:15.515819|PBFT-1-0x00007f791b332700|[g:1][CONSENSUS]addRawPrepare,height=1,reqIdx=3,hash=39a4639d...,time=0
info|2025-10-06 08:23:15.524079|PBFT-1-0x00007f791b332700|[g:1][CONSENSUS][PBFT]checkTimeout Succ,view=27,toView=28,nodeIdx=0,changeCycle=1,myNode=064cb676...,timecost=9
info|2025-10-06 08:23:15.527666|PBFT-1-0x00007f791b332700|[g:1][CONSENSUS][PBFT]checkAndChangeView: Reach consensus,org_view=27,cur_changeCycle=1,curView=27,view=28
info|2025-10-06 08:23:16.527911|PBFTSeal-1-0x00007f7913b23700|[g:1][CONSENSUS][SEALER]++++++++++++++++ Generating seal on,blkNum=1,tx=0,nodeIdx=0,hash=185db410...
info|2025-10-06 08:23:16.540937|PBFT-1-0x00007f791b332700|[g:1][CONSENSUS][PBFT]checkTimeout Succ,view=28,toView=29,nodeIdx=0,changeCycle=1,myNode=064cb676...,timecost=5
info|2025-10-06 08:23:16.543489|PBFT-1-0x00007f791b332700|[g:1][CONSENSUS][PBFT]checkAndChangeView: Reach consensus,org_view=28,cur_changeCycle=1,curView=28,view=29
info|2025-10-06 08:23:16.717219|io_service-0x00007f7935366700|[P2P][Service] heartBeat,connected count=3
info|2025-10-06 08:23:17.554959|PBFT-1-0x00007f791b332700|[g:1][CONSENSUS]addRawPrepare,height=1,reqIdx=1,hash=789c3efe...,time=0
info|2025-10-06 08:23:17.560498|PBFT-1-0x00007f791b332700|[g:1][CONSENSUS][PBFT]checkTimeout Succ,view=29,toView=30,nodeIdx=0,changeCycle=1,myNode=064cb676...,timecost=5
info|2025-10-06 08:23:17.565406|PBFT-1-0x00007f791b332700|[g:1][CONSENSUS][PBFT]checkAndChangeView: Reach consensus,org_view=29,cur_changeCycle=1,curView=29,view=30
info|2025-10-06 08:23:18.566680|PBFT-1-0x00007f791b332700|[g:1][CONSENSUS]addRawPrepare,height=1,reqIdx=2,hash=eb76affb...,time=0
info|2025-10-06 08:23:18.572045|PBFT-1-0x00007f791b332700|[g:1][CONSENSUS][PBFT]checkTimeout Succ,view=30,toView=31,nodeIdx=0,changeCycle=1,myNode=064cb676...,timecost=4
info|2025-10-06 08:23:18.579983|PBFT-1-0x00007f791b332700|[g:1][CONSENSUS][PBFT]checkAndChangeView: Reach consensus,org_view=30,cur_changeCycle=1,curView=30,view=31
info|2025-10-06 08:23:19.584539|PBFT-1-0x00007f791b332700|[g:1][CONSENSUS]addRawPrepare,height=1,reqIdx=3,hash=305784ec...,time=0
info|2025-10-06 08:23:19.594439|PBFT-1-0x00007f791b332700|[g:1][CONSENSUS][PBFT]checkTimeout Succ,view=31,toView=32,nodeIdx=0,changeCycle=1,myNode=064cb676...,timecost=9
info|2025-10-06 08:23:19.599971|PBFT-1-0x00007f791b332700|[g:1][CONSENSUS][PBFT]checkAndChangeView: Reach consensus,org_view=31,cur_changeCycle=1,curView=31,view=32
info|2025-10-06 08:23:20.600250|PBFTSeal-1-0x00007f7913b23700|[g:1][CONSENSUS][SEALER]++++++++++++++++ Generating seal on,blkNum=1,tx=0,nodeIdx=0,hash=40f75aa0...
info|2025-10-06 08:23:20.610704|PBFT-1-0x00007f791b332700|[g:1][CONSENSUS][PBFT]checkTimeout Succ,view=32,toView=33,nodeIdx=0,changeCycle=1,myNode=064cb676...,timecost=1
info|2025-10-06 08:23:20.614292|PBFT-1-0x00007f791b332700|[g:1][CONSENSUS][PBFT]checkAndChangeView: Reach consensus,org_view=32,cur_changeCycle=1,curView=32,view=33
info|2025-10-06 08:23:21.622994|PBFT-1-0x00007f791b332700|[g:1][CONSENSUS]addRawPrepare,height=1,reqIdx=1,hash=1576d49d...,time=1
info|2025-10-06 08:23:21.626009|PBFT-1-0x00007f791b332700|[g:1][CONSENSUS][PBFT]checkTimeout Succ,view=33,toView=34,nodeIdx=0,changeCycle=1,myNode=064cb676...,timecost=3
info|2025-10-06 08:23:21.635441|PBFT-1-0x00007f791b332700|[g:1][CONSENSUS][PBFT]checkAndChangeView: Reach consensus,org_view=33,cur_changeCycle=1,curView=33,view=34
info|2025-10-06 08:23:22.644109|PBFT-1-0x00007f791b332700|[g:1][CONSENSUS]addRawPrepare,height=1,reqIdx=2,hash=04c12054...,time=0
info|2025-10-06 08:23:22.646700|PBFT-1-0x00007f791b332700|[g:1][CONSENSUS][PBFT]checkTimeout Succ,view=34,toView=35,nodeIdx=0,changeCycle=1,myNode=064cb676...,timecost=2
info|2025-10-06 08:23:22.652604|PBFT-1-0x00007f791b332700|[g:1][CONSENSUS][PBFT]checkAndChangeView: Reach consensus,org_view=34,cur_changeCycle=1,curView=34,view=35
info|2025-10-06 08:23:23.665771|PBFT-1-0x00007f791b332700|[g:1][CONSENSUS]addRawPrepare,height=1,reqIdx=3,hash=5322d2ec...,time=0
info|2025-10-06 08:23:23.671011|PBFT-1-0x00007f791b332700|[g:1][CONSENSUS][PBFT]checkTimeout Succ,view=35,toView=36,nodeIdx=0,changeCycle=1,myNode=064cb676...,timecost=4
info|2025-10-06 08:23:23.675206|PBFT-1-0x00007f791b332700|[g:1][CONSENSUS][PBFT]checkAndChangeView: Reach consensus,org_view=35,cur_changeCycle=1,curView=35,view=36
info|2025-10-06 08:23:24.674982|PBFTSeal-1-0x00007f7913b23700|[g:1][CONSENSUS][SEALER]++++++++++++++++ Generating seal on,blkNum=1,tx=0,nodeIdx=0,hash=f1fbe60a...
info|2025-10-06 08:23:24.685230|PBFT-1-0x00007f791b332700|[g:1][CONSENSUS][PBFT]checkTimeout Succ,view=36,toView=37,nodeIdx=0,changeCycle=1,myNode=064cb676...,timecost=2
info|2025-10-06 08:23:24.692516|PBFT-1-0x00007f791b332700|[g:1][CONSENSUS][PBFT]checkAndChangeView: Reach consensus,org_view=36,cur_changeCycle=1,curView=36,view=37
info|2025-10-06 08:23:25.693045|PBFT-1-0x00007f791b332700|[g:1][CONSENSUS]addRawPrepare,height=1,reqIdx=1,hash=f4c1468d...,time=0
info|2025-10-06 08:23:25.695141|PBFT-1-0x00007f791b332700|[g:1][CONSENSUS][PBFT]checkTimeout Succ,view=37,toView=38,nodeIdx=0,changeCycle=1,myNode=064cb676...,timecost=2
info|2025-10-06 08:23:25.700838|PBFT-1-0x00007f791b332700|[g:1][CONSENSUS][PBFT]checkAndChangeView: Reach consensus,org_view=37,cur_changeCycle=1,curView=37,view=38
info|2025-10-06 08:23:26.708042|PBFT-1-0x00007f791b332700|[g:1][CONSENSUS]addRawPrepare,height=1,reqIdx=2,hash=d6f2c03a...,time=0
info|2025-10-06 08:23:26.710149|PBFT-1-0x00007f791b332700|[g:1][CONSENSUS][PBFT]checkTimeout Succ,view=38,toView=39,nodeIdx=0,changeCycle=1,myNode=064cb676...,timecost=2
info|2025-10-06 08:23:26.716542|PBFT-1-0x00007f791b332700|[g:1][CONSENSUS][PBFT]checkAndChangeView: Reach consensus,org_view=38,cur_changeCycle=1,curView=38,view=39
info|2025-10-06 08:23:26.717955|io_service-0x00007f7935366700|[P2P][Service] heartBeat,connected count=3
info|2025-10-06 08:23:27.735147|PBFT-1-0x00007f791b332700|[g:1][CONSENSUS]addRawPrepare,height=1,reqIdx=3,hash=5d85df92...,time=0
info|2025-10-06 08:23:27.739063|PBFT-1-0x00007f791b332700|[g:1][CONSENSUS][PBFT]checkTimeout Succ,view=39,toView=40,nodeIdx=0,changeCycle=1,myNode=064cb676...,timecost=3
info|2025-10-06 08:23:27.743128|PBFT-1-0x00007f791b332700|[g:1][CONSENSUS][PBFT]checkAndChangeView: Reach consensus,org_view=39,cur_changeCycle=1,curView=39,view=40
info|2025-10-06 08:23:28.744588|PBFTSeal-1-0x00007f7913b23700|[g:1][CONSENSUS][SEALER]++++++++++++++++ Generating seal on,blkNum=1,tx=0,nodeIdx=0,hash=1ec928d4...
info|2025-10-06 08:23:28.748569|PBFT-1-0x00007f791b332700|[g:1][CONSENSUS][PBFT]checkTimeout Succ,view=40,toView=41,nodeIdx=0,changeCycle=1,myNode=064cb676...,timecost=1
info|2025-10-06 08:23:28.761591|PBFT-1-0x00007f791b332700|[g:1][CONSENSUS][PBFT]checkAndChangeView: Reach consensus,org_view=40,cur_changeCycle=1,curView=40,view=41
info|2025-10-06 08:23:29.765743|PBFT-1-0x00007f791b332700|[g:1][CONSENSUS]addRawPrepare,height=1,reqIdx=1,hash=bb518e21...,time=0
info|2025-10-06 08:23:29.773808|PBFT-1-0x00007f791b332700|[g:1][CONSENSUS][PBFT]checkTimeout Succ,view=41,toView=42,nodeIdx=0,changeCycle=1,myNode=064cb676...,timecost=8
info|2025-10-06 08:23:29.776977|PBFT-1-0x00007f791b332700|[g:1][CONSENSUS][PBFT]checkAndChangeView: Reach consensus,org_view=41,cur_changeCycle=1,curView=41,view=42
info|2025-10-06 08:23:30.777246|PBFT-1-0x00007f791b332700|[g:1][CONSENSUS]addRawPrepare,height=1,reqIdx=2,hash=8d3e3dba...,time=0
info|2025-10-06 08:23:30.785207|PBFT-1-0x00007f791b332700|[g:1][CONSENSUS][PBFT]checkTimeout Succ,view=42,toView=43,nodeIdx=0,changeCycle=1,myNode=064cb676...,timecost=2
info|2025-10-06 08:23:30.788131|PBFT-1-0x00007f791b332700|[g:1][CONSENSUS][PBFT]checkAndChangeView: Reach consensus,org_view=42,cur_changeCycle=1,curView=42,view=43
info|2025-10-06 08:23:31.796975|PBFT-1-0x00007f791b332700|[g:1][CONSENSUS]addRawPrepare,height=1,reqIdx=3,hash=4c3f491f...,time=0
info|2025-10-06 08:23:31.801160|PBFT-1-0x00007f791b332700|[g:1][CONSENSUS][PBFT]checkTimeout Succ,view=43,toView=44,nodeIdx=0,changeCycle=1,myNode=064cb676...,timecost=4
info|2025-10-06 08:23:31.807500|PBFT-1-0x00007f791b332700|[g:1][CONSENSUS][PBFT]checkAndChangeView: Reach consensus,org_view=43,cur_changeCycle=1,curView=43,view=44
info|2025-10-06 08:23:32.809395|PBFTSeal-1-0x00007f7913b23700|[g:1][CONSENSUS][SEALER]++++++++++++++++ Generating seal on,blkNum=1,tx=0,nodeIdx=0,hash=cac51796...
info|2025-10-06 08:23:32.819631|PBFT-1-0x00007f791b332700|[g:1][CONSENSUS][PBFT]checkTimeout Succ,view=44,toView=45,nodeIdx=0,changeCycle=1,myNode=064cb676...,timecost=2
info|2025-10-06 08:23:32.824528|PBFT-1-0x00007f791b332700|[g:1][CONSENSUS][PBFT]checkAndChangeView: Reach consensus,org_view=44,cur_changeCycle=1,curView=44,view=45
info|2025-10-06 08:23:33.834171|PBFT-1-0x00007f791b332700|[g:1][CONSENSUS]addRawPrepare,height=1,reqIdx=1,hash=f591580c...,time=0
info|2025-10-06 08:23:33.836875|PBFT-1-0x00007f791b332700|[g:1][CONSENSUS][PBFT]checkTimeout Succ,view=45,toView=46,nodeIdx=0,changeCycle=1,myNode=064cb676...,timecost=2
info|2025-10-06 08:23:33.841502|PBFT-1-0x00007f791b332700|[g:1][CONSENSUS][PBFT]checkAndChangeView: Reach consensus,org_view=45,cur_changeCycle=1,curView=45,view=46
info|2025-10-06 08:23:34.911546|PBFT-1-0x00007f791b332700|[g:1][CONSENSUS]addRawPrepare,height=1,reqIdx=2,hash=31ff115a...,time=0
info|2025-10-06 08:23:34.921553|PBFT-1-0x00007f791b332700|[g:1][CONSENSUS][PBFT]checkTimeout Succ,view=46,toView=47,nodeIdx=0,changeCycle=1,myNode=064cb676...,timecost=10
info|2025-10-06 08:23:34.928325|PBFT-1-0x00007f791b332700|[g:1][CONSENSUS][PBFT]checkAndChangeView: Reach consensus,org_view=46,cur_changeCycle=1,curView=46,view=47
info|2025-10-06 08:23:35.937708|PBFT-1-0x00007f791b332700|[g:1][CONSENSUS]addRawPrepare,height=1,reqIdx=3,hash=afb341c5...,time=0
info|2025-10-06 08:23:35.943131|PBFT-1-0x00007f791b332700|[g:1][CONSENSUS][PBFT]checkTimeout Succ,view=47,toView=48,nodeIdx=0,changeCycle=1,myNode=064cb676...,timecost=6
info|2025-10-06 08:23:35.948659|PBFT-1-0x00007f791b332700|[g:1][CONSENSUS][PBFT]checkAndChangeView: Reach consensus,org_view=47,cur_changeCycle=1,curView=47,view=48
info|2025-10-06 08:23:36.718206|io_service-0x00007f7935366700|[P2P][Service] heartBeat,connected count=3
info|2025-10-06 08:23:36.837342|P2P-0x00007f7936b69700|[NETWORK][Session]Received topic: [3] from 73994dae9e8b8da733108a4153dfe79151d701dff425f84c87b5324e8ebd02ab6a0ebc9e4f1e0298a7ddca50f94a8f95c62b6997226d571e470e8f2b0600634a
info|2025-10-06 08:23:36.949878|PBFTSeal-1-0x00007f7913b23700|[g:1][CONSENSUS][SEALER]++++++++++++++++ Generating seal on,blkNum=1,tx=0,nodeIdx=0,hash=9b407f6a...
info|2025-10-06 08:23:36.953881|PBFT-1-0x00007f791b332700|[g:1][CONSENSUS][PBFT]checkTimeout Succ,view=48,toView=49,nodeIdx=0,changeCycle=1,myNode=064cb676...,timecost=1
info|2025-10-06 08:23:36.965230|PBFT-1-0x00007f791b332700|[g:1][CONSENSUS][PBFT]checkAndChangeView: Reach consensus,org_view=48,cur_changeCycle=1,curView=48,view=49
info|2025-10-06 08:23:37.972481|PBFT-1-0x00007f791b332700|[g:1][CONSENSUS]addRawPrepare,height=1,reqIdx=1,hash=9a00fb25...,time=0
info|2025-10-06 08:23:37.974427|PBFT-1-0x00007f791b332700|[g:1][CONSENSUS][PBFT]checkTimeout Succ,view=49,toView=50,nodeIdx=0,changeCycle=1,myNode=064cb676...,timecost=2
info|2025-10-06 08:23:37.985746|PBFT-1-0x00007f791b332700|[g:1][CONSENSUS][PBFT]checkAndChangeView: Reach consensus,org_view=49,cur_changeCycle=1,curView=49,view=50
info|2025-10-06 08:23:38.991149|PBFT-1-0x00007f791b332700|[g:1][CONSENSUS]addRawPrepare,height=1,reqIdx=2,hash=cd12ec81...,time=0
info|2025-10-06 08:23:38.999593|PBFT-1-0x00007f791b332700|[g:1][CONSENSUS][PBFT]checkTimeout Succ,view=50,toView=51,nodeIdx=0,changeCycle=1,myNode=064cb676...,timecost=7
info|2025-10-06 08:23:39.006210|PBFT-1-0x00007f791b332700|[g:1][CONSENSUS][PBFT]checkAndChangeView: Reach consensus,org_view=50,cur_changeCycle=1,curView=50,view=51
info|2025-10-06 08:23:40.009954|PBFT-1-0x00007f791b332700|[g:1][CONSENSUS]addRawPrepare,height=1,reqIdx=3,hash=952a0d5e...,time=0
info|2025-10-06 08:23:40.013091|PBFT-1-0x00007f791b332700|[g:1][CONSENSUS][PBFT]checkTimeout Succ,view=51,toView=52,nodeIdx=0,changeCycle=1,myNode=064cb676...,timecost=3
info|2025-10-06 08:23:40.021154|PBFT-1-0x00007f791b332700|[g:1][CONSENSUS][PBFT]checkAndChangeView: Reach consensus,org_view=51,cur_changeCycle=1,curView=51,view=52
info|2025-10-06 08:23:41.021761|PBFTSeal-1-0x00007f7913b23700|[g:1][CONSENSUS][SEALER]++++++++++++++++ Generating seal on,blkNum=1,tx=0,nodeIdx=0,hash=084e56e7...
info|2025-10-06 08:23:41.028323|PBFT-1-0x00007f791b332700|[g:1][CONSENSUS][PBFT]checkTimeout Succ,view=52,toView=53,nodeIdx=0,changeCycle=1,myNode=064cb676...,timecost=2
info|2025-10-06 08:23:41.034006|PBFT-1-0x00007f791b332700|[g:1][CONSENSUS][PBFT]checkAndChangeView: Reach consensus,org_view=52,cur_changeCycle=1,curView=52,view=53
info|2025-10-06 08:23:42.048235|PBFT-1-0x00007f791b332700|[g:1][CONSENSUS]addRawPrepare,height=1,reqIdx=1,hash=1d348b6b...,time=0
info|2025-10-06 08:23:42.049459|PBFT-1-0x00007f791b332700|[g:1][CONSENSUS][PBFT]checkTimeout Succ,view=53,toView=54,nodeIdx=0,changeCycle=1,myNode=064cb676...,timecost=1
info|2025-10-06 08:23:42.058842|PBFT-1-0x00007f791b332700|[g:1][CONSENSUS][PBFT]checkAndChangeView: Reach consensus,org_view=53,cur_changeCycle=1,curView=53,view=54
info|2025-10-06 08:23:43.067444|PBFT-1-0x00007f791b332700|[g:1][CONSENSUS]addRawPrepare,height=1,reqIdx=2,hash=70c0da40...,time=0
info|2025-10-06 08:23:43.068880|PBFT-1-0x00007f791b332700|[g:1][CONSENSUS][PBFT]checkTimeout Succ,view=54,toView=55,nodeIdx=0,changeCycle=1,myNode=064cb676...,timecost=1
info|2025-10-06 08:23:43.077024|PBFT-1-0x00007f791b332700|[g:1][CONSENSUS][PBFT]checkAndChangeView: Reach consensus,org_view=54,cur_changeCycle=1,curView=54,view=55
info|2025-10-06 08:23:44.418019|PBFT-1-0x00007f791b332700|[g:1][CONSENSUS]addRawPrepare,height=1,reqIdx=3,hash=88790985...,time=0
info|2025-10-06 08:23:44.420304|PBFT-1-0x00007f791b332700|[g:1][CONSENSUS][PBFT]checkTimeout Succ,view=55,toView=56,nodeIdx=0,changeCycle=1,myNode=064cb676...,timecost=2
info|2025-10-06 08:23:44.435234|PBFT-1-0x00007f791b332700|[g:1][CONSENSUS][PBFT]checkAndChangeView: Reach consensus,org_view=55,cur_changeCycle=1,curView=55,view=56
info|2025-10-06 08:23:45.436670|PBFTSeal-1-0x00007f7913b23700|[g:1][CONSENSUS][SEALER]++++++++++++++++ Generating seal on,blkNum=1,tx=0,nodeIdx=0,hash=95644bf7...
info|2025-10-06 08:23:45.443757|PBFT-1-0x00007f791b332700|[g:1][CONSENSUS][PBFT]checkTimeout Succ,view=56,toView=57,nodeIdx=0,changeCycle=1,myNode=064cb676...,timecost=1
info|2025-10-06 08:23:45.451627|PBFT-1-0x00007f791b332700|[g:1][CONSENSUS][PBFT]checkAndChangeView: Reach consensus,org_view=56,cur_changeCycle=1,curView=56,view=57
info|2025-10-06 08:23:46.460309|PBFT-1-0x00007f791b332700|[g:1][CONSENSUS]addRawPrepare,height=1,reqIdx=1,hash=d8cb80b2...,time=0
info|2025-10-06 08:23:46.462050|PBFT-1-0x00007f791b332700|[g:1][CONSENSUS][PBFT]checkTimeout Succ,view=57,toView=58,nodeIdx=0,changeCycle=1,myNode=064cb676...,timecost=2
info|2025-10-06 08:23:46.465736|PBFT-1-0x00007f791b332700|[g:1][CONSENSUS][PBFT]checkAndChangeView: Reach consensus,org_view=57,cur_changeCycle=1,curView=57,view=58
info|2025-10-06 08:23:46.719004|io_service-0x00007f7935366700|[P2P][Service] heartBeat,connected count=3
info|2025-10-06 08:23:47.476938|PBFT-1-0x00007f791b332700|[g:1][CONSENSUS]addRawPrepare,height=1,reqIdx=2,hash=f4e50c76...,time=0
info|2025-10-06 08:23:47.483543|PBFT-1-0x00007f791b332700|[g:1][CONSENSUS][PBFT]checkTimeout Succ,view=58,toView=59,nodeIdx=0,changeCycle=1,myNode=064cb676...,timecost=4
info|2025-10-06 08:23:47.487250|PBFT-1-0x00007f791b332700|[g:1][CONSENSUS][PBFT]checkAndChangeView: Reach consensus,org_view=58,cur_changeCycle=1,curView=58,view=59
info|2025-10-06 08:23:48.492924|PBFT-1-0x00007f791b332700|[g:1][CONSENSUS]addRawPrepare,height=1,reqIdx=3,hash=61554022...,time=0
info|2025-10-06 08:23:48.497953|PBFT-1-0x00007f791b332700|[g:1][CONSENSUS][PBFT]checkTimeout Succ,view=59,toView=60,nodeIdx=0,changeCycle=1,myNode=064cb676...,timecost=5
info|2025-10-06 08:23:48.503023|PBFT-1-0x00007f791b332700|[g:1][CONSENSUS][PBFT]checkAndChangeView: Reach consensus,org_view=59,cur_changeCycle=1,curView=59,view=60
info|2025-10-06 08:23:49.503560|PBFTSeal-1-0x00007f7913b23700|[g:1][CONSENSUS][SEALER]++++++++++++++++ Generating seal on,blkNum=1,tx=0,nodeIdx=0,hash=bd5cd5fe...
info|2025-10-06 08:23:49.512591|PBFT-1-0x00007f791b332700|[g:1][CONSENSUS][PBFT]checkTimeout Succ,view=60,toView=61,nodeIdx=0,changeCycle=1,myNode=064cb676...,timecost=7
info|2025-10-06 08:23:49.515977|PBFT-1-0x00007f791b332700|[g:1][CONSENSUS][PBFT]checkAndChangeView: Reach consensus,org_view=60,cur_changeCycle=1,curView=60,view=61
info|2025-10-06 08:23:50.523057|PBFT-1-0x00007f791b332700|[g:1][CONSENSUS]addRawPrepare,height=1,reqIdx=1,hash=0ad4dc9a...,time=0
info|2025-10-06 08:23:50.525594|PBFT-1-0x00007f791b332700|[g:1][CONSENSUS][PBFT]checkTimeout Succ,view=61,toView=62,nodeIdx=0,changeCycle=1,myNode=064cb676...,timecost=2
info|2025-10-06 08:23:50.537726|PBFT-1-0x00007f791b332700|[g:1][CONSENSUS][PBFT]checkAndChangeView: Reach consensus,org_view=61,cur_changeCycle=1,curView=61,view=62
info|2025-10-06 08:23:51.336096|fisco-bcos-0x00007f79380dfdc0|[LEDGER]stop sealer,groupID=1
info|2025-10-06 08:23:51.336118|fisco-bcos-0x00007f79380dfdc0|[CONSENSUS][SEALER]Stop sealer module...
info|2025-10-06 08:23:51.344843|fisco-bcos-0x00007f79380dfdc0|[CONSENSUS][ConsensusEngine][Stop ConsensusEngineBase]
info|2025-10-06 08:23:51.347817|fisco-bcos-0x00007f79380dfdc0|[CONSENSUS][ConsensusEngine]ConsensusEngineBase stopped
info|2025-10-06 08:23:51.347836|fisco-bcos-0x00007f79380dfdc0|[LEDGER]sealer stopped. stop sync,groupID=1
info|2025-10-06 08:23:51.348285|fisco-bcos-0x00007f79380dfdc0|[g:1] [SYNC][id:064cb676...]SyncMsgEngine stopped
info|2025-10-06 08:23:51.421925|fisco-bcos-0x00007f79380dfdc0|[GossipBlockStatus]stop GossipBlockStatus succ
info|2025-10-06 08:23:52.542469|fisco-bcos-0x00007f79380dfdc0|[SYNC][id:064cb676...][g:1]SyncMaster stopped
info|2025-10-06 08:23:52.542497|fisco-bcos-0x00007f79380dfdc0|[LEDGER]sync stopped. stop event filter manager,groupID=1
info|2025-10-06 08:23:52.548675|fisco-bcos-0x00007f79380dfdc0|[EVENT][EventLogFilterManager]stop
info|2025-10-06 08:23:52.548704|fisco-bcos-0x00007f79380dfdc0|[LEDGER]event filter manager stopped. stop tx pool,groupID=1
info|2025-10-06 08:23:52.549042|fisco-bcos-0x00007f79380dfdc0|[LEDGER]removeNetworkStatHandlerByGroupID and removeGroupBandwidthLimiter for service,groupID=1
info|2025-10-06 08:23:52.549064|fisco-bcos-0x00007f79380dfdc0|[CHANNEL]removeSDKAllowListByGroupId,groupId=1
info|2025-10-06 08:23:52.549073|fisco-bcos-0x00007f79380dfdc0|[INITIALIZER]ledgerInitializer stopped
warning|2025-10-06 08:23:52.549138|ChannelServer-0x00007f792c354700|[CHANNEL]Accept failed,message=Operation canceled
info|2025-10-06 08:23:53.544894|io_service-0x00007f7935366700|[NETWORK][Session]doRead failed,endpoint=127.0.0.1:30302,message=short read (SSL routines, SSL routines)
info|2025-10-06 08:23:53.544948|io_service-0x00007f7935366700|[NETWORK][Session]drop, call and erase all callbackFunc of the session!,endpoint=127.0.0.1:30302
info|2025-10-06 08:23:53.544976|io_service-0x00007f7935366700|[NETWORK][Session][drop] closing remote 127.0.0.1:30302,reason=Low-level TCP communication failed.,endpoint=127.0.0.1:30302
info|2025-10-06 08:23:53.545052|io_service-0x00007f7935366700|[NETWORK][Session]Session inactive
info|2025-10-06 08:23:53.545058|io_service-0x00007f7935366700|[NETWORK][Session]Session inactive
info|2025-10-06 08:23:53.545063|io_service-0x00007f7935366700|[NETWORK][Session][drop] shutdown failed ,code=9,message=Bad file descriptor
info|2025-10-06 08:23:53.545091|P2P-0x00007f7936368700|[P2P][Service] disconnect inactive P2PSession,nodeID=87d00b98...,endpoint=127.0.0.1:30302,code=3,what=Disconnect
info|2025-10-06 08:23:53.545112|P2P-0x00007f7936368700|[P2P][Service] onDisconnect,code=3,what=Dynamic exception type: dev::network::NetworkException
std::exception::what: Disconnect
info|2025-10-06 08:23:53.549948|io_service-0x00007f7935366700|[NETWORK][Session]doRead failed,endpoint=127.0.0.1:30301,message=short read (SSL routines, SSL routines)
info|2025-10-06 08:23:53.550011|io_service-0x00007f7935366700|[NETWORK][Session]drop, call and erase all callbackFunc of the session!,endpoint=127.0.0.1:30301
info|2025-10-06 08:23:53.550028|io_service-0x00007f7935366700|[NETWORK][Session][drop] closing remote 127.0.0.1:30301,reason=Low-level TCP communication failed.,endpoint=127.0.0.1:30301
info|2025-10-06 08:23:53.550055|fisco-bcos-0x00007f79380dfdc0|[INITIALIZER]ChannelRPCHttpServer deleted.
info|2025-10-06 08:23:53.550138|io_service-0x00007f7935366700|[NETWORK][Session]Session inactive
info|2025-10-06 08:23:53.550163|io_service-0x00007f7935366700|[NETWORK][Session]Session inactive
info|2025-10-06 08:23:53.550171|io_service-0x00007f7935366700|[NETWORK][Session][drop] shutdown failed ,code=9,message=Bad file descriptor
info|2025-10-06 08:23:53.550245|P2P-0x00007f7936b69700|[P2P][Service] disconnect inactive P2PSession,nodeID=374bdfe9...,endpoint=127.0.0.1:30301,code=3,what=Disconnect
info|2025-10-06 08:23:53.550284|P2P-0x00007f7936b69700|[P2P][Service] onDisconnect,code=3,what=Dynamic exception type: dev::network::NetworkException
std::exception::what: Disconnect
info|2025-10-06 08:23:53.550753|fisco-bcos-0x00007f79380dfdc0|[INITIALIZER]JsonrpcHttpServer deleted.
info|2025-10-06 08:23:53.550767|fisco-bcos-0x00007f79380dfdc0|[INITIALIZER]RPCInitializer stopped
info|2025-10-06 08:23:53.550840|io_service-0x00007f7935366700|[NETWORK][Host]Host exit
info|2025-10-06 08:23:53.551502|fisco-bcos-0x00007f79380dfdc0|[INITIALIZER]P2PInitializer stopped
info|2025-10-06 08:23:53.551520|fisco-bcos-0x00007f79380dfdc0|[LEDGER]stop sealer,groupID=1
info|2025-10-06 08:23:53.551527|fisco-bcos-0x00007f79380dfdc0|[LEDGER]sealer stopped. stop sync,groupID=1
info|2025-10-06 08:23:53.551534|fisco-bcos-0x00007f79380dfdc0|[g:1] [SYNC][id:064cb676...]SyncMsgEngine stopped
info|2025-10-06 08:23:53.551544|fisco-bcos-0x00007f79380dfdc0|[GossipBlockStatus]GossipBlockStatus already stopped
info|2025-10-06 08:23:53.551549|fisco-bcos-0x00007f79380dfdc0|[SYNC][id:064cb676...][g:1]SyncMaster stopped
info|2025-10-06 08:23:53.551553|fisco-bcos-0x00007f79380dfdc0|[LEDGER]sync stopped. stop event filter manager,groupID=1
info|2025-10-06 08:23:53.551557|fisco-bcos-0x00007f79380dfdc0|[LEDGER]event filter manager stopped. stop tx pool,groupID=1
info|2025-10-06 08:23:53.551563|fisco-bcos-0x00007f79380dfdc0|[LEDGER]removeNetworkStatHandlerByGroupID and removeGroupBandwidthLimiter for service,groupID=1
info|2025-10-06 08:23:53.551573|fisco-bcos-0x00007f79380dfdc0|[g:1][STORAGE][CachedStorage]Stopping flushStorage thread
info|2025-10-06 08:23:54.408258|fisco-bcos-0x00007f79380dfdc0|[g:1][STORAGE][CachedStorage]flushStorage thread stopped.
info|2025-10-06 08:23:54.408280|fisco-bcos-0x00007f79380dfdc0|[DBINITIALIZER] storage stopped
info|2025-10-06 08:23:54.490252|fisco-bcos-0x00007f79380dfdc0|[g:1] [SYNC][id:064cb676...]SyncMsgEngine stopped
info|2025-10-06 08:23:54.490289|fisco-bcos-0x00007f79380dfdc0|[GossipBlockStatus]GossipBlockStatus already stopped
info|2025-10-06 08:23:54.490299|fisco-bcos-0x00007f79380dfdc0|[SYNC][id:064cb676...][g:1]SyncMaster stopped
info|2025-10-06 08:23:54.490315|fisco-bcos-0x00007f79380dfdc0|[g:1] [SYNC][id:064cb676...]SyncMsgEngine stopped
