info|2025-10-07 09:08:03.267842|fisco-bcos-0x00007f1844a35dc0|[INITIALIZER][initGlobalConfig],enableCompress=true,compatibilityVersion=2.11.0,versionNumber=34275328,enableStat=false,chainId=1,useSMCrypto=true,IgnoreObserverWriteRequest=false
info|2025-10-07 09:08:03.268735|fisco-bcos-0x00007f1844a35dc0|[INITIALIZER][SecureInitializerGM]get pub of node,nodeID=064cb676a36047a4b52ecbf9c01664b1e987d91b438110ba6a12d96972726622e824d295b1de8b0298b5afe7bbbc0bd04a3890e1a36eae028c1cfbe07971b995
info|2025-10-07 09:08:03.282297|fisco-bcos-0x00007f1844a35dc0|[NETWORK][Host]Connecting to node,endpoint=127.0.0.1:30300
info|2025-10-07 09:08:03.286187|fisco-bcos-0x00007f1844a35dc0|[NETWORK][Host]Connecting to node,endpoint=127.0.0.1:30301
info|2025-10-07 09:08:03.286367|fisco-bcos-0x00007f1844a35dc0|[NETWORK][Host]Connecting to node,endpoint=127.0.0.1:30302
info|2025-10-07 09:08:03.286497|fisco-bcos-0x00007f1844a35dc0|[NETWORK][Host]Connecting to node,endpoint=127.0.0.1:30303
info|2025-10-07 09:08:03.286647|fisco-bcos-0x00007f1844a35dc0|[P2P][Service] heartBeat,connected count=0
info|2025-10-07 09:08:03.286746|fisco-bcos-0x00007f1844a35dc0|[INITIALIZER][RPCInitializer],network_security.check_cert_issuer=true
info|2025-10-07 09:08:03.287953|fisco-bcos-0x00007f1844a35dc0|[CHANNEL][ChannelServer::run],threadPoolSize=8
info|2025-10-07 09:08:03.288061|fisco-bcos-0x00007f1844a35dc0|[CHANNEL]ChannelRPCServer started
info|2025-10-07 09:08:03.288100|fisco-bcos-0x00007f1844a35dc0|[INITIALIZER][RPCInitializer: ChannelRPCHttpServer started.],disableDynamicGroup=false,uncheckGroupMember=false,threadSize=8
info|2025-10-07 09:08:03.288141|fisco-bcos-0x00007f1844a35dc0|[INITIALIZER][LedgerInitializer]initConfig
info|2025-10-07 09:08:03.288178|fisco-bcos-0x00007f1844a35dc0|[LedgerInitializer],groupConfigPath=conf/
info|2025-10-07 09:08:03.288516|fisco-bcos-0x00007f1844a35dc0|[INITIALIZER][initSingleLedger] [GroupId], LedgerConstructor:  1,configFileName=conf/group.1.genesis,dataDir=data/
info|2025-10-07 09:08:03.288686|fisco-bcos-0x00007f1844a35dc0|[g:1][LedgerParam][parseGenesisConfig]initConsensusConfig/initStorageConfig/initTxConfig,configFile=conf/group.1.genesis
info|2025-10-07 09:08:03.288744|fisco-bcos-0x00007f1844a35dc0|[g:1][LedgerParam][initConsensusConfig],type=pbft,consensusTimeout=3,maxTxNum=1000,txGasLimit=300000000
info|2025-10-07 09:08:03.288971|fisco-bcos-0x00007f1844a35dc0|[g:1][LedgerParam][parsePublicKeyListOfSection],sectionName=consensus,it.first=73994dae9e8b8da733108a4153dfe79151d701dff425f84c87b5324e8ebd02ab6a0ebc9e4f1e0298a7ddca50f94a8f95c62b6997226d571e470e8f2b0600634a
info|2025-10-07 09:08:03.289031|fisco-bcos-0x00007f1844a35dc0|[g:1][LedgerParam][parsePublicKeyListOfSection],sectionName=consensus,it.first=374bdfe969e1d8ea1200ade93e5d8cf1a7d5741f238011004b0f43ca818706f194b2f067e1708125f7ffc536610b9a72addbd56b238d65f18912be39037ffcc5
info|2025-10-07 09:08:03.289074|fisco-bcos-0x00007f1844a35dc0|[g:1][LedgerParam][parsePublicKeyListOfSection],sectionName=consensus,it.first=87d00b98321fc70a5abc85ad9e80db10cce315194133697bf74aace1d3f8430957a766240f751752708f4282f46110d6ea56c3eb5d1c02ce98a66f327f595270
info|2025-10-07 09:08:03.289151|fisco-bcos-0x00007f1844a35dc0|[g:1][LedgerParam][parsePublicKeyListOfSection],sectionName=consensus,it.first=064cb676a36047a4b52ecbf9c01664b1e987d91b438110ba6a12d96972726622e824d295b1de8b0298b5afe7bbbc0bd04a3890e1a36eae028c1cfbe07971b995
info|2025-10-07 09:08:03.289203|fisco-bcos-0x00007f1844a35dc0|[g:1][LedgerParam][parsePublicKeyListOfSection],totalPubKeySize=4
info|2025-10-07 09:08:03.289335|fisco-bcos-0x00007f1844a35dc0|[g:1][LedgerParam][max_block_range],maxBlockRange=0,maxBlockPerProcess=3
info|2025-10-07 09:08:03.289379|fisco-bcos-0x00007f1844a35dc0|[g:1][LedgerParam][parseGenesisConfig],timestamp=1759762229000
info|2025-10-07 09:08:03.289505|fisco-bcos-0x00007f1844a35dc0|[g:1][LedgerParam]setEVMFlags,enableFreeStorageVMSchedule=false,evmFlags=0
info|2025-10-07 09:08:03.289741|fisco-bcos-0x00007f1844a35dc0|[g:1][LedgerParam]store evmFlag,evmFlag=0
info|2025-10-07 09:08:03.289768|fisco-bcos-0x00007f1844a35dc0|[g:1][LedgerParam]store consensus time,consensusTimeout=3
info|2025-10-07 09:08:03.289814|fisco-bcos-0x00007f1844a35dc0|[g:1][LedgerParam][initMark],genesisMark=1-064cb676a36047a4b52ecbf9c01664b1e987d91b438110ba6a12d96972726622e824d295b1de8b0298b5afe7bbbc0bd04a3890e1a36eae028c1cfbe07971b995,374bdfe969e1d8ea1200ade93e5d8cf1a7d5741f238011004b0f43ca818706f194b2f067e1708125f7ffc536610b9a72addbd56b238d65f18912be39037ffcc5,73994dae9e8b8da733108a4153dfe79151d701dff425f84c87b5324e8ebd02ab6a0ebc9e4f1e0298a7ddca50f94a8f95c62b6997226d571e470e8f2b0600634a,87d00b98321fc70a5abc85ad9e80db10cce315194133697bf74aace1d3f8430957a766240f751752708f4282f46110d6ea56c3eb5d1c02ce98a66f327f595270,-pbft-storage-0-1000-300000000-3
info|2025-10-07 09:08:03.289859|fisco-bcos-0x00007f1844a35dc0|[g:1][LedgerParam][initIniConfig]initTxPoolConfig/initSyncConfig/initTxExecuteConfig,configFile=conf/group.1.ini
info|2025-10-07 09:08:03.290125|fisco-bcos-0x00007f1844a35dc0|[g:1][LedgerParam][initStorageConfig],stateType=storage,storageDB=rocksdb,storagePath=data//group1/block/RocksDB,baseDir=data//group1,dbtype=mysql,dbip=127.0.0.1,dbport=3306,dbcharset=utf8mb4,initconnections=15,maxconnections=50,scrollThreshold=2000,enableReconfirmCommittee=false
info|2025-10-07 09:08:03.290179|fisco-bcos-0x00007f1844a35dc0|[g:1][LedgerParam][initTxPoolConfig],txPoolLimit=150000,memorySizeLimit(MB)=512,notifyWorkerNum=2,txsExpirationTime(ms)=600000
info|2025-10-07 09:08:03.290213|fisco-bcos-0x00007f1844a35dc0|[g:1][LedgerParam][initSyncConfig],idleWaitMs=200
info|2025-10-07 09:08:03.290245|fisco-bcos-0x00007f1844a35dc0|[g:1][LedgerParam][initSyncConfig],enableSendTxsByTree=true,enableSendBlockStatusByTree=true
info|2025-10-07 09:08:03.290276|fisco-bcos-0x00007f1844a35dc0|[g:1][LedgerParam][initSyncConfig],gossipInterval=1000
info|2025-10-07 09:08:03.290313|fisco-bcos-0x00007f1844a35dc0|[g:1][LedgerParam][initSyncConfig],enableSendBlockStatusByTree=true,gossipInterval=1000,gossipPeers=3,syncTreeWidth=3,maxQueueSizeForBlockSync=536870912,txsStatusGossipMaxPeers=5,syncInfoPrintInterval=10,freeNodeRead=false
info|2025-10-07 09:08:03.290346|fisco-bcos-0x00007f1844a35dc0|[g:1][LedgerParam][InitTxExecuteConfig],enableParallel=true
info|2025-10-07 09:08:03.290388|fisco-bcos-0x00007f1844a35dc0|[g:1][LedgerParam][initConsensusIniConfig],maxTTL=2,minBlockGenerationTime=500,enablDynamicBlockSize=true,blockSizeIncreaseRatio=0.5,enableTTLOptimize=true,enablePrepareWithTxsHash=true
info|2025-10-07 09:08:03.290463|fisco-bcos-0x00007f1844a35dc0|[g:1][LedgerParam][initRPBFTConsensusIniConfig],broadcastPrepareByTree=true,prepareStatusBroadcastPercent=33,maxRequestMissedTxsWaitTime=100,maxRequestPrepareWaitTime=100
info|2025-10-07 09:08:03.290499|fisco-bcos-0x00007f1844a35dc0|[g:1][LedgerParam][initFlowControlConfig],maxQPS=9223372036854775807,outGoingBandwidth(Bytes)=9223372036854775807
info|2025-10-07 09:08:03.290523|fisco-bcos-0x00007f1844a35dc0|[g:1][LedgerParam]parseSDKAllowList,sdkAllowList=[],enableSDKAllowListControl=false
info|2025-10-07 09:08:03.290573|fisco-bcos-0x00007f1844a35dc0|[g:1][LEDGER][initLedger][DBInitializer]
info|2025-10-07 09:08:03.290601|fisco-bcos-0x00007f1844a35dc0|[g:1][LEDGER]setSDKAllowList,groupId=1,sdkAllowListSize=0
info|2025-10-07 09:08:03.290628|fisco-bcos-0x00007f1844a35dc0|[g:1][CHANNEL]registerSDKAllowListByGroupId,groupId=1,size=0
info|2025-10-07 09:08:03.290652|fisco-bcos-0x00007f1844a35dc0|[g:1][CHANNEL]Disable group-level sdk permission control for sdk allowlist is empty
info|2025-10-07 09:08:03.290677|fisco-bcos-0x00007f1844a35dc0|[g:1][DBINITIALIZER] [initStorageDB]
info|2025-10-07 09:08:03.290704|fisco-bcos-0x00007f1844a35dc0|[g:1][DBINITIALIZER] [initRocksDBStorage]
info|2025-10-07 09:08:03.290755|fisco-bcos-0x00007f1844a35dc0|[g:1][ROCKSDB]open rocksDB handler,path=data//group1/block/RocksDB
info|2025-10-07 09:08:03.294640|io_service-0x00007f1841cbc700|[NETWORK][Host]P2P StartAccept,Host=0.0.0.0:30303
info|2025-10-07 09:08:03.295008|io_service-0x00007f1841cbc700|[NETWORK][ASIO]asyncResolveConnect,endpoint=127.0.0.1:30300
info|2025-10-07 09:08:03.295223|io_service-0x00007f1841cbc700|[NETWORK][ASIO]asyncResolveConnect,endpoint=127.0.0.1:30301
info|2025-10-07 09:08:03.295331|io_service-0x00007f1841cbc700|[NETWORK][ASIO]asyncResolveConnect,endpoint=127.0.0.1:30302
info|2025-10-07 09:08:03.295401|io_service-0x00007f1841cbc700|[NETWORK][ASIO]asyncResolveConnect,endpoint=127.0.0.1:30303
info|2025-10-07 09:08:03.295443|io_service-0x00007f1841cbc700|[NETWORK][Host]P2P Recv Connect, From=127.0.0.1:57176
info|2025-10-07 09:08:03.295520|io_service-0x00007f1841cbc700|[NETWORK][Host]P2P StartAccept,Host=0.0.0.0:30303
info|2025-10-07 09:08:03.297348|io_service-0x00007f1841cbc700|[NETWORK][Host]P2P Recv Connect, From=127.0.0.1:57186
info|2025-10-07 09:08:03.297820|io_service-0x00007f1841cbc700|[NETWORK][Host]P2P StartAccept,Host=0.0.0.0:30303
info|2025-10-07 09:08:03.334642|fisco-bcos-0x00007f1844a35dc0|[g:1][g:1][STORAGE][CachedStorage]Init flushStorage thread
info|2025-10-07 09:08:03.334803|fisco-bcos-0x00007f1844a35dc0|[g:1][DBINITIALIZER] [init CachedStorage],maxCapacity=32,maxForwardBlock=10
info|2025-10-07 09:08:03.334838|fisco-bcos-0x00007f1844a35dc0|[g:1][LEDGER][initLedger][initBlockChain]
info|2025-10-07 09:08:03.335164|fisco-bcos-0x00007f1844a35dc0|[g:1][LEDGER]set enableHexBlock to be false,version=34275328
info|2025-10-07 09:08:03.335218|fisco-bcos-0x00007f1844a35dc0|[g:1][BLOCKCHAIN][#checkAndBuildGenesisBlock],shouldBuild=false
info|2025-10-07 09:08:03.335611|fisco-bcos-0x00007f1844a35dc0|[g:1][BLOCKCHAIN][#checkAndBuildGenesisBlock]Already have the 0th block, 0th groupMark is equal to file groupMark.
info|2025-10-07 09:08:03.335658|fisco-bcos-0x00007f1844a35dc0|[g:1][LEDGER][initLedger]initBlockChain SUCC
info|2025-10-07 09:08:03.335721|fisco-bcos-0x00007f1844a35dc0|[g:1][DBINITIALIZER] [createStateFactory],type=storage
info|2025-10-07 09:08:03.335745|fisco-bcos-0x00007f1844a35dc0|[g:1][DBINITIALIZER] createStorageState SUCC
info|2025-10-07 09:08:03.335764|fisco-bcos-0x00007f1844a35dc0|[g:1][DBINITIALIZER] [createStateFactory SUCC]
info|2025-10-07 09:08:03.335780|fisco-bcos-0x00007f1844a35dc0|[g:1][DBINITIALIZER] createExecutiveContext...
info|2025-10-07 09:08:03.335808|fisco-bcos-0x00007f1844a35dc0|[g:1][LEDGER]createGasMetric,vmFlagType=0
info|2025-10-07 09:08:03.335826|fisco-bcos-0x00007f1844a35dc0|[g:1][LEDGER]createGasMetric
info|2025-10-07 09:08:03.335847|fisco-bcos-0x00007f1844a35dc0|[g:1][DBINITIALIZER] create precompiledGasFactory and precompiledResultFactory
info|2025-10-07 09:08:03.335863|fisco-bcos-0x00007f1844a35dc0|[g:1][DBINITIALIZER] createExecutiveContext SUCC
info|2025-10-07 09:08:03.335879|fisco-bcos-0x00007f1844a35dc0|[g:1][DBINITIALIZER] [setSyncNumForCachedStorage],syncNum=64
info|2025-10-07 09:08:03.335897|fisco-bcos-0x00007f1844a35dc0|[g:1][LEDGER][initNetworkBandWidthLimiter: outGoingBandwidthLimit has been disabled],groupId=1
info|2025-10-07 09:08:03.335914|fisco-bcos-0x00007f1844a35dc0|[g:1][LEDGER][QPSLimit has been disabled],groupId=1
info|2025-10-07 09:08:03.335992|fisco-bcos-0x00007f1844a35dc0|[g:1][LEDGER][initLedger][initBlockVerifier]
info|2025-10-07 09:08:03.336022|fisco-bcos-0x00007f1844a35dc0|[g:1][LEDGER][initLedger][initBlockVerifier SUCC],evmFlags=0
info|2025-10-07 09:08:03.336041|fisco-bcos-0x00007f1844a35dc0|[g:1][LEDGER][initLedger][initTxPool],txPoolLimit=150000
info|2025-10-07 09:08:03.360018|io_service-0x00007f1841cbc700|[NETWORK][Host]handshakeServer succ,remote endpoint=127.0.0.1:57186
info|2025-10-07 09:08:03.360080|io_service-0x00007f1841cbc700|[NETWORK][Host]startPeerSession, Remote=127.0.0.1:57186,local endpoint=127.0.0.1:30303,nodeID=064cb676...
info|2025-10-07 09:08:03.367818|fisco-bcos-0x00007f1844a35dc0|[g:1][LEDGER][initLedger]initTxPool SUCC
info|2025-10-07 09:08:03.367875|fisco-bcos-0x00007f1844a35dc0|[g:1][LEDGER][initLedger][initSync],idleWaitMs=200,gossipInterval=1000,gossipPeers=3
info|2025-10-07 09:08:03.367893|fisco-bcos-0x00007f1844a35dc0|[g:1][LEDGER]Init sync master,enableSendBlockStatusByTree=true,enableSendTxsByTree=true
info|2025-10-07 09:08:03.368655|fisco-bcos-0x00007f1844a35dc0|[g:1][LEDGER][initLedger]initSync SUCC
info|2025-10-07 09:08:03.368722|fisco-bcos-0x00007f1844a35dc0|[g:1][LEDGER][initLedger][consensusInitFactory]
info|2025-10-07 09:08:03.368740|fisco-bcos-0x00007f1844a35dc0|[g:1][LEDGER][initLedger][createPBFTSealer]
info|2025-10-07 09:08:03.368754|fisco-bcos-0x00007f1844a35dc0|[g:1][LEDGER][initLedger][createPBFTSealer],baseDir=data//group1,Protocol=65544
info|2025-10-07 09:08:03.368807|fisco-bcos-0x00007f1844a35dc0|[g:1][LEDGER][initLedger]createPBFTSealer for PBFT or rPBFT,consensusType=pbft
info|2025-10-07 09:08:03.368832|fisco-bcos-0x00007f1844a35dc0|[g:1][LEDGER]createConsensusEngine: create PBFTEngine
info|2025-10-07 09:08:03.368852|fisco-bcos-0x00007f1844a35dc0|[g:1][CONSENSUS][PBFT]Register handler for PBFTEngine
info|2025-10-07 09:08:03.369424|fisco-bcos-0x00007f1844a35dc0|[g:1][CONSENSUS][PBFT]setMinBlockGenerationTime,minBlockGenerationTime=500,consensusTime=1000
info|2025-10-07 09:08:03.369483|fisco-bcos-0x00007f1844a35dc0|[g:1][LEDGER][initEventLogFilterManager]initEventLogFilterManager SUCC
info|2025-10-07 09:08:03.369501|fisco-bcos-0x00007f1844a35dc0|[LedgerInitializer init group succ],groupID=1
info|2025-10-07 09:08:03.369735|fisco-bcos-0x00007f1844a35dc0|[SafeHttpServer::StartListening]use default epoll
info|2025-10-07 09:08:03.373066|io_service-0x00007f1841cbc700|[NETWORK][Host]handshakeClient succ,local endpoint=127.0.0.1:57186
info|2025-10-07 09:08:03.373107|io_service-0x00007f1841cbc700|[NETWORK][Host]startPeerSession, Remote=127.0.0.1:30303,local endpoint=127.0.0.1:57186,nodeID=064cb676...
info|2025-10-07 09:08:03.373133|io_service-0x00007f1841cbc700|[NETWORK][Host]handshakeServer succ,remote endpoint=127.0.0.1:57176
info|2025-10-07 09:08:03.373154|io_service-0x00007f1841cbc700|[NETWORK][Host]startPeerSession, Remote=127.0.0.1:57176,local endpoint=127.0.0.1:30303,nodeID=374bdfe9...
info|2025-10-07 09:08:03.373235|io_service-0x00007f1841cbc700|[NETWORK][Host]handshakeClient succ,local endpoint=127.0.0.1:41866
info|2025-10-07 09:08:03.373466|P2P-0x00007f1842cbe700|[P2P][Service] Connection established,nodeID=73994dae...,endpoint=127.0.0.1:30300
info|2025-10-07 09:08:03.376677|io_service-0x00007f1841cbc700|[NETWORK][Host]startPeerSession, Remote=127.0.0.1:30300,local endpoint=127.0.0.1:41866,nodeID=73994dae...
info|2025-10-07 09:08:03.376758|P2P-0x00007f18434bf700|[P2P][Service] Connection established,nodeID=374bdfe9...,endpoint=127.0.0.1:57176
info|2025-10-07 09:08:03.380352|fisco-bcos-0x00007f1844a35dc0|[INITIALIZER][RPCInitializer JsonrpcHttpServer started],jsonrpc_IP=127.0.0.1,jsonrpc_listen_port=8548,jsonrpc_thread_count=8,ipv6=false,disableDynamicGroup=false,uncheckGroupMember=false
info|2025-10-07 09:08:03.380420|fisco-bcos-0x00007f1844a35dc0|[g:1][LEDGER]startAll...
info|2025-10-07 09:08:03.382577|alignTime-1-0x00007f183249d700|[g:1][NodeTimeMaintenance]updateTimeInfo: update median time offset,updatedMedianTimeOffset=-8,peer=73994dae...,peerTime=1759853283374,peerOffset=-8,utcTime=1759853283382
info|2025-10-07 09:08:03.401465|fisco-bcos-0x00007f1844a35dc0|[g:1][GossipBlockStatus]start GossipBlockStatus succ
info|2025-10-07 09:08:03.401497|fisco-bcos-0x00007f1844a35dc0|[g:1][CONSENSUS][ConsensusEngine][Start ConsensusEngineBase]
info|2025-10-07 09:08:03.405445|fisco-bcos-0x00007f1844a35dc0|[g:1][CONSENSUS][PBFT]^^^^^^^^Report,num=64,sealerIdx=0,hash=59fd966d...,next=65,tx=1,nodeIdx=0
info|2025-10-07 09:08:03.405512|fisco-bcos-0x00007f1844a35dc0|[g:1][ROCKSDB]open rocksDB handler,path=data//group1/pbftMsgBackup/RocksDB
info|2025-10-07 09:08:03.416537|io_service-0x00007f1841cbc700|[NETWORK][Host]handshakeClient succ,local endpoint=127.0.0.1:41914
info|2025-10-07 09:08:03.416586|io_service-0x00007f1841cbc700|[NETWORK][Host]startPeerSession, Remote=127.0.0.1:30302,local endpoint=127.0.0.1:41914,nodeID=87d00b98...
info|2025-10-07 09:08:03.416772|P2P-0x00007f18434bf700|[P2P][Service] Connection established,nodeID=87d00b98...,endpoint=127.0.0.1:30302
info|2025-10-07 09:08:03.425840|fisco-bcos-0x00007f1844a35dc0|[g:1][CONSENSUS][PBFT][PBFT init env successfully]
info|2025-10-07 09:08:03.425916|fisco-bcos-0x00007f1844a35dc0|[g:1][CONSENSUS][PBFT][Start PBFTEngine...]
info|2025-10-07 09:08:03.426128|fisco-bcos-0x00007f1844a35dc0|[g:1][CONSENSUS][SEALER][Start sealer module]
info|2025-10-07 09:08:03.426425|io_service-0x00007f1841cbc700|[NETWORK][Host]handshakeClient succ,local endpoint=127.0.0.1:36722
info|2025-10-07 09:08:03.426480|io_service-0x00007f1841cbc700|[NETWORK][Host]startPeerSession, Remote=127.0.0.1:30301,local endpoint=127.0.0.1:36722,nodeID=374bdfe9...
info|2025-10-07 09:08:03.427528|fisco-bcos-0x00007f1844a35dc0|[g:1][EVENT][EventLogFilterManager]start,m_maxBlockRange=0,m_maxBlockPerLoopFilter=3
info|2025-10-07 09:08:03.602513|alignTime-1-0x00007f183249d700|[g:1][NodeTimeMaintenance]updateTimeInfo: update median time offset,updatedMedianTimeOffset=-4,peer=374bdfe9...,peerTime=1759853283601,peerOffset=-1,utcTime=1759853283602
info|2025-10-07 09:08:03.614817|alignTime-1-0x00007f183249d700|[g:1][NodeTimeMaintenance]updateTimeInfo: update median time offset,updatedMedianTimeOffset=-1,peer=87d00b98...,peerTime=1759853283614,peerOffset=0,utcTime=1759853283614
info|2025-10-07 09:08:04.405368|PBFTSeal-1-0x00007f1820479700|[g:1][CONSENSUS][SEALER]++++++++++++++++ Generating seal on,blkNum=65,tx=0,nodeIdx=0,hash=890a93f3...
info|2025-10-07 09:08:04.408492|PBFT-1-0x00007f1827c88700|[g:1][CONSENSUS][PBFT]checkTimeout Succ,view=0,toView=1,nodeIdx=0,changeCycle=1,myNode=064cb676...,timecost=1
info|2025-10-07 09:08:04.417376|PBFT-1-0x00007f1827c88700|[g:1][CONSENSUS][PBFT]checkAndChangeView: Reach consensus,org_view=0,cur_changeCycle=1,curView=0,view=1
info|2025-10-07 09:08:05.427860|PBFT-1-0x00007f1827c88700|[g:1][CONSENSUS]addRawPrepare,height=65,reqIdx=1,hash=8914060a...,time=0
info|2025-10-07 09:08:05.429332|PBFT-1-0x00007f1827c88700|[g:1][CONSENSUS][PBFT]checkTimeout Succ,view=1,toView=2,nodeIdx=0,changeCycle=1,myNode=064cb676...,timecost=2
info|2025-10-07 09:08:05.432626|PBFT-1-0x00007f1827c88700|[g:1][CONSENSUS][PBFT]checkAndChangeView: Reach consensus,org_view=1,cur_changeCycle=1,curView=1,view=2
info|2025-10-07 09:08:06.440489|PBFT-1-0x00007f1827c88700|[g:1][CONSENSUS]addRawPrepare,height=65,reqIdx=2,hash=61e55fc8...,time=0
info|2025-10-07 09:08:06.447303|PBFT-1-0x00007f1827c88700|[g:1][CONSENSUS][PBFT]checkTimeout Succ,view=2,toView=3,nodeIdx=0,changeCycle=1,myNode=064cb676...,timecost=7
info|2025-10-07 09:08:06.454474|PBFT-1-0x00007f1827c88700|[g:1][CONSENSUS][PBFT]checkAndChangeView: Reach consensus,org_view=2,cur_changeCycle=1,curView=2,view=3
info|2025-10-07 09:08:07.456522|PBFT-1-0x00007f1827c88700|[g:1][CONSENSUS]addRawPrepare,height=65,reqIdx=3,hash=921038ab...,time=0
info|2025-10-07 09:08:07.459272|PBFT-1-0x00007f1827c88700|[g:1][CONSENSUS][PBFT]checkTimeout Succ,view=3,toView=4,nodeIdx=0,changeCycle=1,myNode=064cb676...,timecost=3
info|2025-10-07 09:08:07.478249|PBFT-1-0x00007f1827c88700|[g:1][CONSENSUS][PBFT]checkAndChangeView: Reach consensus,org_view=3,cur_changeCycle=1,curView=3,view=4
info|2025-10-07 09:08:08.479116|PBFTSeal-1-0x00007f1820479700|[g:1][CONSENSUS][SEALER]++++++++++++++++ Generating seal on,blkNum=65,tx=0,nodeIdx=0,hash=984b79e2...
info|2025-10-07 09:08:08.489441|PBFT-1-0x00007f1827c88700|[g:1][CONSENSUS][PBFT]checkTimeout Succ,view=4,toView=5,nodeIdx=0,changeCycle=1,myNode=064cb676...,timecost=2
info|2025-10-07 09:08:08.494495|PBFT-1-0x00007f1827c88700|[g:1][CONSENSUS][PBFT]checkAndChangeView: Reach consensus,org_view=4,cur_changeCycle=1,curView=4,view=5
info|2025-10-07 09:08:09.502129|PBFT-1-0x00007f1827c88700|[g:1][CONSENSUS]addRawPrepare,height=65,reqIdx=1,hash=a6404803...,time=0
info|2025-10-07 09:08:09.503620|PBFT-1-0x00007f1827c88700|[g:1][CONSENSUS][PBFT]checkTimeout Succ,view=5,toView=6,nodeIdx=0,changeCycle=1,myNode=064cb676...,timecost=1
info|2025-10-07 09:08:09.511810|PBFT-1-0x00007f1827c88700|[g:1][CONSENSUS][PBFT]checkAndChangeView: Reach consensus,org_view=5,cur_changeCycle=1,curView=5,view=6
info|2025-10-07 09:08:10.522913|PBFT-1-0x00007f1827c88700|[g:1][CONSENSUS]addRawPrepare,height=65,reqIdx=2,hash=bb5c2837...,time=0
info|2025-10-07 09:08:10.524699|PBFT-1-0x00007f1827c88700|[g:1][CONSENSUS][PBFT]checkTimeout Succ,view=6,toView=7,nodeIdx=0,changeCycle=1,myNode=064cb676...,timecost=1
info|2025-10-07 09:08:10.531673|PBFT-1-0x00007f1827c88700|[g:1][CONSENSUS][PBFT]checkAndChangeView: Reach consensus,org_view=6,cur_changeCycle=1,curView=6,view=7
info|2025-10-07 09:08:11.544423|PBFT-1-0x00007f1827c88700|[g:1][CONSENSUS]addRawPrepare,height=65,reqIdx=3,hash=dc114383...,time=0
info|2025-10-07 09:08:11.545658|PBFT-1-0x00007f1827c88700|[g:1][CONSENSUS][PBFT]checkTimeout Succ,view=7,toView=8,nodeIdx=0,changeCycle=1,myNode=064cb676...,timecost=1
info|2025-10-07 09:08:11.552831|PBFT-1-0x00007f1827c88700|[g:1][CONSENSUS][PBFT]checkAndChangeView: Reach consensus,org_view=7,cur_changeCycle=1,curView=7,view=8
info|2025-10-07 09:08:12.554530|PBFTSeal-1-0x00007f1820479700|[g:1][CONSENSUS][SEALER]++++++++++++++++ Generating seal on,blkNum=65,tx=0,nodeIdx=0,hash=9fb1950e...
info|2025-10-07 09:08:12.561503|PBFT-1-0x00007f1827c88700|[g:1][CONSENSUS][PBFT]checkTimeout Succ,view=8,toView=9,nodeIdx=0,changeCycle=1,myNode=064cb676...,timecost=6
info|2025-10-07 09:08:12.565247|PBFT-1-0x00007f1827c88700|[g:1][CONSENSUS][PBFT]checkAndChangeView: Reach consensus,org_view=8,cur_changeCycle=1,curView=8,view=9
info|2025-10-07 09:08:13.271288|io_service-0x00007f1841cbc700|[NETWORK][Host]P2P Recv Connect, From=127.0.0.1:42470
info|2025-10-07 09:08:13.271381|io_service-0x00007f1841cbc700|[NETWORK][Host]P2P StartAccept,Host=0.0.0.0:30303
info|2025-10-07 09:08:13.273131|io_service-0x00007f1841cbc700|[NETWORK][Host]P2P Recv Connect, From=127.0.0.1:42484
info|2025-10-07 09:08:13.273219|io_service-0x00007f1841cbc700|[NETWORK][Host]P2P StartAccept,Host=0.0.0.0:30303
info|2025-10-07 09:08:13.287087|io_service-0x00007f1841cbc700|[NETWORK][Host]handshakeServer succ,remote endpoint=127.0.0.1:42470
info|2025-10-07 09:08:13.287202|io_service-0x00007f1841cbc700|[NETWORK][Host]startPeerSession, Remote=127.0.0.1:42470,local endpoint=127.0.0.1:30303,nodeID=87d00b98...
info|2025-10-07 09:08:13.291182|io_service-0x00007f1841cbc700|[P2P][Service] heartBeat,connected count=3
info|2025-10-07 09:08:13.291261|io_service-0x00007f1841cbc700|[NETWORK][Host]handshakeServer succ,remote endpoint=127.0.0.1:42484
info|2025-10-07 09:08:13.291301|io_service-0x00007f1841cbc700|[NETWORK][Host]startPeerSession, Remote=127.0.0.1:42484,local endpoint=127.0.0.1:30303,nodeID=73994dae...
info|2025-10-07 09:08:13.575813|PBFT-1-0x00007f1827c88700|[g:1][CONSENSUS]addRawPrepare,height=65,reqIdx=1,hash=0b531e6b...,time=0
info|2025-10-07 09:08:13.576947|PBFT-1-0x00007f1827c88700|[g:1][CONSENSUS][PBFT]checkTimeout Succ,view=9,toView=10,nodeIdx=0,changeCycle=1,myNode=064cb676...,timecost=1
info|2025-10-07 09:08:13.582252|PBFT-1-0x00007f1827c88700|[g:1][CONSENSUS][PBFT]checkAndChangeView: Reach consensus,org_view=9,cur_changeCycle=1,curView=9,view=10
info|2025-10-07 09:08:14.591719|PBFT-1-0x00007f1827c88700|[g:1][CONSENSUS]addRawPrepare,height=65,reqIdx=2,hash=7141f7fa...,time=0
info|2025-10-07 09:08:14.596651|PBFT-1-0x00007f1827c88700|[g:1][CONSENSUS][PBFT]checkTimeout Succ,view=10,toView=11,nodeIdx=0,changeCycle=1,myNode=064cb676...,timecost=5
info|2025-10-07 09:08:14.600873|PBFT-1-0x00007f1827c88700|[g:1][CONSENSUS][PBFT]checkAndChangeView: Reach consensus,org_view=10,cur_changeCycle=1,curView=10,view=11
info|2025-10-07 09:08:15.610179|PBFT-1-0x00007f1827c88700|[g:1][CONSENSUS]addRawPrepare,height=65,reqIdx=3,hash=c314e508...,time=0
info|2025-10-07 09:08:15.615791|PBFT-1-0x00007f1827c88700|[g:1][CONSENSUS][PBFT]checkTimeout Succ,view=11,toView=12,nodeIdx=0,changeCycle=1,myNode=064cb676...,timecost=5
info|2025-10-07 09:08:15.624201|PBFT-1-0x00007f1827c88700|[g:1][CONSENSUS][PBFT]checkAndChangeView: Reach consensus,org_view=11,cur_changeCycle=1,curView=11,view=12
info|2025-10-07 09:08:16.623843|PBFTSeal-1-0x00007f1820479700|[g:1][CONSENSUS][SEALER]++++++++++++++++ Generating seal on,blkNum=65,tx=0,nodeIdx=0,hash=3e04b9aa...
info|2025-10-07 09:08:16.633142|PBFT-1-0x00007f1827c88700|[g:1][CONSENSUS][PBFT]checkTimeout Succ,view=12,toView=13,nodeIdx=0,changeCycle=1,myNode=064cb676...,timecost=4
info|2025-10-07 09:08:16.641560|PBFT-1-0x00007f1827c88700|[g:1][CONSENSUS][PBFT]checkAndChangeView: Reach consensus,org_view=12,cur_changeCycle=1,curView=12,view=13
info|2025-10-07 09:08:17.647582|PBFT-1-0x00007f1827c88700|[g:1][CONSENSUS]addRawPrepare,height=65,reqIdx=1,hash=d320e083...,time=0
info|2025-10-07 09:08:17.649553|PBFT-1-0x00007f1827c88700|[g:1][CONSENSUS][PBFT]checkTimeout Succ,view=13,toView=14,nodeIdx=0,changeCycle=1,myNode=064cb676...,timecost=2
info|2025-10-07 09:08:17.658007|PBFT-1-0x00007f1827c88700|[g:1][CONSENSUS][PBFT]checkAndChangeView: Reach consensus,org_view=13,cur_changeCycle=1,curView=13,view=14
info|2025-10-07 09:08:18.666325|PBFT-1-0x00007f1827c88700|[g:1][CONSENSUS]addRawPrepare,height=65,reqIdx=2,hash=8f36b44e...,time=0
info|2025-10-07 09:08:18.670802|PBFT-1-0x00007f1827c88700|[g:1][CONSENSUS][PBFT]checkTimeout Succ,view=14,toView=15,nodeIdx=0,changeCycle=1,myNode=064cb676...,timecost=4
info|2025-10-07 09:08:18.675673|PBFT-1-0x00007f1827c88700|[g:1][CONSENSUS][PBFT]checkAndChangeView: Reach consensus,org_view=14,cur_changeCycle=1,curView=14,view=15
info|2025-10-07 09:08:19.681981|PBFT-1-0x00007f1827c88700|[g:1][CONSENSUS]addRawPrepare,height=65,reqIdx=3,hash=ae7a72cb...,time=1
info|2025-10-07 09:08:19.686433|PBFT-1-0x00007f1827c88700|[g:1][CONSENSUS][PBFT]checkTimeout Succ,view=15,toView=16,nodeIdx=0,changeCycle=1,myNode=064cb676...,timecost=4
info|2025-10-07 09:08:19.690604|PBFT-1-0x00007f1827c88700|[g:1][CONSENSUS][PBFT]checkAndChangeView: Reach consensus,org_view=15,cur_changeCycle=1,curView=15,view=16
info|2025-10-07 09:08:20.691298|PBFTSeal-1-0x00007f1820479700|[g:1][CONSENSUS][SEALER]++++++++++++++++ Generating seal on,blkNum=65,tx=0,nodeIdx=0,hash=d9c3bc8e...
info|2025-10-07 09:08:20.700346|PBFT-1-0x00007f1827c88700|[g:1][CONSENSUS][PBFT]checkTimeout Succ,view=16,toView=17,nodeIdx=0,changeCycle=1,myNode=064cb676...,timecost=2
info|2025-10-07 09:08:20.707645|PBFT-1-0x00007f1827c88700|[g:1][CONSENSUS][PBFT]checkAndChangeView: Reach consensus,org_view=16,cur_changeCycle=1,curView=16,view=17
info|2025-10-07 09:08:21.715336|PBFT-1-0x00007f1827c88700|[g:1][CONSENSUS]addRawPrepare,height=65,reqIdx=1,hash=2319edd5...,time=0
info|2025-10-07 09:08:21.719204|PBFT-1-0x00007f1827c88700|[g:1][CONSENSUS][PBFT]checkTimeout Succ,view=17,toView=18,nodeIdx=0,changeCycle=1,myNode=064cb676...,timecost=4
info|2025-10-07 09:08:21.730041|PBFT-1-0x00007f1827c88700|[g:1][CONSENSUS][PBFT]checkAndChangeView: Reach consensus,org_view=17,cur_changeCycle=1,curView=17,view=18
info|2025-10-07 09:08:22.735126|PBFT-1-0x00007f1827c88700|[g:1][CONSENSUS]addRawPrepare,height=65,reqIdx=2,hash=905ea60b...,time=0
info|2025-10-07 09:08:22.738837|PBFT-1-0x00007f1827c88700|[g:1][CONSENSUS][PBFT]checkTimeout Succ,view=18,toView=19,nodeIdx=0,changeCycle=1,myNode=064cb676...,timecost=3
info|2025-10-07 09:08:22.745558|PBFT-1-0x00007f1827c88700|[g:1][CONSENSUS][PBFT]checkAndChangeView: Reach consensus,org_view=18,cur_changeCycle=1,curView=18,view=19
info|2025-10-07 09:08:23.291818|io_service-0x00007f1841cbc700|[P2P][Service] heartBeat,connected count=3
info|2025-10-07 09:08:23.376555|P2P-0x00007f1842cbe700|[NETWORK][Session]Received topic: [2	_block_notify_1] from 73994dae9e8b8da733108a4153dfe79151d701dff425f84c87b5324e8ebd02ab6a0ebc9e4f1e0298a7ddca50f94a8f95c62b6997226d571e470e8f2b0600634a
info|2025-10-07 09:08:23.755024|PBFT-1-0x00007f1827c88700|[g:1][CONSENSUS]addRawPrepare,height=65,reqIdx=3,hash=f81fbc86...,time=0
info|2025-10-07 09:08:23.758963|PBFT-1-0x00007f1827c88700|[g:1][CONSENSUS][PBFT]checkTimeout Succ,view=19,toView=20,nodeIdx=0,changeCycle=1,myNode=064cb676...,timecost=2
info|2025-10-07 09:08:23.764386|PBFT-1-0x00007f1827c88700|[g:1][CONSENSUS][PBFT]checkAndChangeView: Reach consensus,org_view=19,cur_changeCycle=1,curView=19,view=20
info|2025-10-07 09:08:24.764167|PBFTSeal-1-0x00007f1820479700|[g:1][CONSENSUS][SEALER]++++++++++++++++ Generating seal on,blkNum=65,tx=0,nodeIdx=0,hash=2c5366f0...
info|2025-10-07 09:08:24.767110|PBFT-1-0x00007f1827c88700|[g:1][CONSENSUS][PBFT]checkTimeout Succ,view=20,toView=21,nodeIdx=0,changeCycle=1,myNode=064cb676...,timecost=2
info|2025-10-07 09:08:24.777168|PBFT-1-0x00007f1827c88700|[g:1][CONSENSUS][PBFT]checkAndChangeView: Reach consensus,org_view=20,cur_changeCycle=1,curView=20,view=21
info|2025-10-07 09:08:25.792528|PBFT-1-0x00007f1827c88700|[g:1][CONSENSUS]addRawPrepare,height=65,reqIdx=1,hash=f7b98567...,time=0
info|2025-10-07 09:08:25.800421|PBFT-1-0x00007f1827c88700|[g:1][CONSENSUS][PBFT]checkTimeout Succ,view=21,toView=22,nodeIdx=0,changeCycle=1,myNode=064cb676...,timecost=8
info|2025-10-07 09:08:25.803252|PBFT-1-0x00007f1827c88700|[g:1][CONSENSUS][PBFT]checkAndChangeView: Reach consensus,org_view=21,cur_changeCycle=1,curView=21,view=22
info|2025-10-07 09:08:26.806868|PBFT-1-0x00007f1827c88700|[g:1][CONSENSUS]addRawPrepare,height=65,reqIdx=2,hash=4c9e50c3...,time=0
info|2025-10-07 09:08:26.810844|PBFT-1-0x00007f1827c88700|[g:1][CONSENSUS][PBFT]checkTimeout Succ,view=22,toView=23,nodeIdx=0,changeCycle=1,myNode=064cb676...,timecost=4
info|2025-10-07 09:08:26.821139|PBFT-1-0x00007f1827c88700|[g:1][CONSENSUS][PBFT]checkAndChangeView: Reach consensus,org_view=22,cur_changeCycle=1,curView=22,view=23
info|2025-10-07 09:08:27.332619|PBFTWork-1-0x00007f182e495700|[g:1][CONSENSUS][PartiallyPBFTReqCache]addPartiallyRawPrepare,height=65,reqIdx=3,hash=4d5d357b...
info|2025-10-07 09:08:27.332942|PBFTWork-1-0x00007f182e495700|[g:1][BLOCKVERIFIER][executeBlock]Executing block,txNum=1,num=65,parentHash=59fd966d226f231b773c62585428c68e750f45e61318c34dc67a2fdf10e2f3fb,parentNum=64,parentStateRoot=780c75cda19e5501a680eda7f790449eef937d5519312f8e9f21d007e20d8453
info|2025-10-07 09:08:27.333213|PBFTWork-1-0x00007f182e495700|[g:1][PRECOMPILED]init GasChargeManagePrecompiled
info|2025-10-07 09:08:27.339888|PBFTWork-1-0x00007f182e495700|[g:1][STORAGE][MemoryTableFactory2]createTable,table name=c_d054c5deb9347008470d5e2176e7ba1842176962,keyField=key,valueField=value
info|2025-10-07 09:08:27.346582|PBFTWork-1-0x00007f182e495700|[g:1][CONSENSUS][PBFT]execBlock,blkNum=65,reqIdx=3,hash=0ec98548...,nodeIdx=0,myNode=064cb676...,decodeCost=0,checkCost=0,notifyCost=0,noteSealingCost=0,currentCycle=1,verifyAndSetSenderCost=0,execCost=14,execPerTx=14,totalCost=14
info|2025-10-07 09:08:27.358088|PBFTWork-1-0x00007f182e495700|[g:1][CONSENSUS][PBFT]handlePrepareMsg Succ,timecost=12,INFO=handlePartiallyPrepare,reqIdx=3,view=23,reqNum=65,curNum=64,consNum=65,hash=4d5d357b...,nodeIdx=0,myNode=064cb676...,curChangeCycle=1
info|2025-10-07 09:08:27.359632|PBFT-1-0x00007f1827c88700|[g:1][CONSENSUS][PBFT]handleSignMsg Succ,Timecost=1,INFO=handleSignMsg,num=65,curNum=64,GenIdx=3,Sview=23,view=23,fromIdx=3,fromNode=87d00b98...,fromIp=127.0.0.1:30302,hash=0ec98548...,nodeIdx=0,myNode=064cb676...
info|2025-10-07 09:08:27.360762|PBFT-1-0x00007f1827c88700|[g:1][CONSENSUS][PBFT]checkAndCommit: backup/updateCommittedPrepare,reqNum=65,hash=4d5d357b...,nodeIdx=0,myNode=064cb676...
info|2025-10-07 09:08:27.365374|PBFT-1-0x00007f1827c88700|[g:1][CONSENSUS][PBFT]handleSignMsg Succ,Timecost=6,INFO=handleSignMsg,num=65,curNum=64,GenIdx=2,Sview=23,view=23,fromIdx=2,fromNode=73994dae...,fromIp=127.0.0.1:30300,hash=0ec98548...,nodeIdx=0,myNode=064cb676...
info|2025-10-07 09:08:27.367746|PBFT-1-0x00007f1827c88700|[g:1][CONSENSUS][PBFT]handleCommitMsg Succ,INFO=handleCommitMsg,reqNum=65,curNum=64,GenIdx=3,Cview=23,view=23,fromIdx=3,fromNode=87d00b98...,fromIp=127.0.0.1:30302,hash=0ec98548...,nodeIdx=0,myNode=064cb676...,Timecost=2
info|2025-10-07 09:08:27.369777|PBFT-1-0x00007f1827c88700|[g:1][CONSENSUS][PBFT]handleSignMsg Succ,Timecost=1,INFO=handleSignMsg,num=65,curNum=64,GenIdx=1,Sview=23,view=23,fromIdx=1,fromNode=374bdfe9...,fromIp=127.0.0.1:57176,hash=0ec98548...,nodeIdx=0,myNode=064cb676...
info|2025-10-07 09:08:27.375898|PBFT-1-0x00007f1827c88700|[g:1][CONSENSUS][PBFT]checkAndSave: CommitReq enough,prepareHeight=65,commitSize=3,hash=0ec98548...,nodeIdx=0,myNode=064cb676...
info|2025-10-07 09:08:27.378055|PBFT-1-0x00007f1827c88700|[g:1][g:1][STORAGE][CachedStorage]commit: 9 num: 65
info|2025-10-07 09:08:27.378972|PBFT-1-0x00007f1827c88700|[g:1][g:1][STORAGE][CachedStorage]Submited block task: 65, current syncd block: 64
info|2025-10-07 09:08:27.378991|taskPool-1-0x00007f1830c9a700|[g:1][g:1][STORAGE][CachedStorage]Start commit block: 65 to backend storage
info|2025-10-07 09:08:27.379100|PBFT-1-0x00007f1827c88700|[g:1]Push block notify: 1-65
info|2025-10-07 09:08:27.380028|taskPool-1-0x00007f1830c9a700|[g:1][g:1][STORAGE][CachedStorage]
---------------------------------------------------------------------
Commit block: 65 to backend storage finished, current cached block: 65
Flush elapsed time: 0.0009s
---------------------------------------------------------------------
info|2025-10-07 09:08:27.381166|P2P-0x00007f1842cbe700|[g:1] [SYNC][id:064cb676...][Download][Request]Receive block request,peer=374bdfe9...,from=65,to=65
info|2025-10-07 09:08:27.382085|SyncSend-1-0x00007f18344a1700|[g:1][SYNC][id:064cb676...][Download][Request][BlockSync]Batch blocks for sending,blockSize=3609,number=65,peer=374bdfe9...,timeCost=1
info|2025-10-07 09:08:27.382271|SyncSend-1-0x00007f18344a1700|[g:1][g:1] [SYNC][id:374bdfe9...][Download][Request][BlockSync]Send block packet,peer=374bdfe9...,blocks=1,bytes(V)=3616
info|2025-10-07 09:08:27.390915|PBFT-1-0x00007f1827c88700|[g:1][CONSENSUS][PBFT]CommitBlock Succ,prepareHeight=65,reqIdx=3,hash=0ec98548...,nodeIdx=0,myNode=064cb676...,genSigTimeCost=2,commitBlockTimeCost=4,dropTxsTimeCost=9,noteSealingTimeCost=0,totalTimeCost=15
info|2025-10-07 09:08:27.390980|PBFT-1-0x00007f1827c88700|[g:1][CONSENSUS][PBFT]handleCommitMsg Succ,INFO=handleCommitMsg,reqNum=65,curNum=64,GenIdx=1,Cview=23,view=23,fromIdx=1,fromNode=374bdfe9...,fromIp=127.0.0.1:57176,hash=0ec98548...,nodeIdx=0,myNode=064cb676...,Timecost=18
info|2025-10-07 09:08:27.391326|PBFTSeal-1-0x00007f1820479700|[g:1][CONSENSUS][SEALER]increase maxNoTimeoutTx,maxNoTimeoutTx=1
info|2025-10-07 09:08:27.391351|PBFTSeal-1-0x00007f1820479700|[g:1][CONSENSUS][PBFT]^^^^^^^^Report,num=65,sealerIdx=3,hash=0ec98548...,next=66,tx=1,nodeIdx=0
info|2025-10-07 09:08:28.400908|PBFT-1-0x00007f1827c88700|[g:1][CONSENSUS]addRawPrepare,height=66,reqIdx=1,hash=8ccf15b9...,time=0
info|2025-10-07 09:08:28.411311|PBFT-1-0x00007f1827c88700|[g:1][CONSENSUS][PBFT]checkTimeout Succ,view=0,toView=1,nodeIdx=0,changeCycle=1,myNode=064cb676...,timecost=10
info|2025-10-07 09:08:28.415505|PBFT-1-0x00007f1827c88700|[g:1][CONSENSUS][PBFT]checkAndChangeView: Reach consensus,org_view=0,cur_changeCycle=1,curView=0,view=1
info|2025-10-07 09:08:29.421864|PBFT-1-0x00007f1827c88700|[g:1][CONSENSUS]addRawPrepare,height=66,reqIdx=2,hash=1f6260c1...,time=0
info|2025-10-07 09:08:29.425239|PBFT-1-0x00007f1827c88700|[g:1][CONSENSUS][PBFT]checkTimeout Succ,view=1,toView=2,nodeIdx=0,changeCycle=1,myNode=064cb676...,timecost=4
info|2025-10-07 09:08:29.434099|PBFT-1-0x00007f1827c88700|[g:1][CONSENSUS][PBFT]checkAndChangeView: Reach consensus,org_view=1,cur_changeCycle=1,curView=1,view=2
info|2025-10-07 09:08:30.436451|PBFT-1-0x00007f1827c88700|[g:1][CONSENSUS]addRawPrepare,height=66,reqIdx=3,hash=da0dde59...,time=0
info|2025-10-07 09:08:30.437976|PBFT-1-0x00007f1827c88700|[g:1][CONSENSUS][PBFT]checkTimeout Succ,view=2,toView=3,nodeIdx=0,changeCycle=1,myNode=064cb676...,timecost=1
info|2025-10-07 09:08:30.456483|PBFT-1-0x00007f1827c88700|[g:1][CONSENSUS][PBFT]checkAndChangeView: Reach consensus,org_view=2,cur_changeCycle=1,curView=2,view=3
info|2025-10-07 09:08:31.456821|PBFTSeal-1-0x00007f1820479700|[g:1][CONSENSUS][SEALER]++++++++++++++++ Generating seal on,blkNum=66,tx=0,nodeIdx=0,hash=aae97cf1...
info|2025-10-07 09:08:31.469238|PBFT-1-0x00007f1827c88700|[g:1][CONSENSUS][PBFT]checkTimeout Succ,view=3,toView=4,nodeIdx=0,changeCycle=1,myNode=064cb676...,timecost=5
info|2025-10-07 09:08:31.473984|PBFT-1-0x00007f1827c88700|[g:1][CONSENSUS][PBFT]checkAndChangeView: Reach consensus,org_view=3,cur_changeCycle=1,curView=3,view=4
info|2025-10-07 09:08:32.485995|PBFT-1-0x00007f1827c88700|[g:1][CONSENSUS]addRawPrepare,height=66,reqIdx=1,hash=a23f1f17...,time=1
info|2025-10-07 09:08:32.487234|PBFT-1-0x00007f1827c88700|[g:1][CONSENSUS][PBFT]checkTimeout Succ,view=4,toView=5,nodeIdx=0,changeCycle=1,myNode=064cb676...,timecost=1
info|2025-10-07 09:08:32.499953|PBFT-1-0x00007f1827c88700|[g:1][CONSENSUS][PBFT]checkAndChangeView: Reach consensus,org_view=4,cur_changeCycle=1,curView=4,view=5
info|2025-10-07 09:08:33.292098|io_service-0x00007f1841cbc700|[P2P][Service] heartBeat,connected count=3
info|2025-10-07 09:08:33.501523|PBFT-1-0x00007f1827c88700|[g:1][CONSENSUS]addRawPrepare,height=66,reqIdx=2,hash=e9b07489...,time=0
info|2025-10-07 09:08:33.509402|PBFT-1-0x00007f1827c88700|[g:1][CONSENSUS][PBFT]checkTimeout Succ,view=5,toView=6,nodeIdx=0,changeCycle=1,myNode=064cb676...,timecost=8
info|2025-10-07 09:08:33.513051|PBFT-1-0x00007f1827c88700|[g:1][CONSENSUS][PBFT]checkAndChangeView: Reach consensus,org_view=5,cur_changeCycle=1,curView=5,view=6
info|2025-10-07 09:08:34.521199|PBFT-1-0x00007f1827c88700|[g:1][CONSENSUS]addRawPrepare,height=66,reqIdx=3,hash=be99a80b...,time=0
info|2025-10-07 09:08:34.529990|PBFT-1-0x00007f1827c88700|[g:1][CONSENSUS][PBFT]checkTimeout Succ,view=6,toView=7,nodeIdx=0,changeCycle=1,myNode=064cb676...,timecost=7
info|2025-10-07 09:08:34.533560|PBFT-1-0x00007f1827c88700|[g:1][CONSENSUS][PBFT]checkAndChangeView: Reach consensus,org_view=6,cur_changeCycle=1,curView=6,view=7
info|2025-10-07 09:08:35.535233|PBFTSeal-1-0x00007f1820479700|[g:1][CONSENSUS][SEALER]++++++++++++++++ Generating seal on,blkNum=66,tx=0,nodeIdx=0,hash=86df4900...
info|2025-10-07 09:08:35.537946|PBFT-1-0x00007f1827c88700|[g:1][CONSENSUS][PBFT]checkTimeout Succ,view=7,toView=8,nodeIdx=0,changeCycle=1,myNode=064cb676...,timecost=1
info|2025-10-07 09:08:35.551036|PBFT-1-0x00007f1827c88700|[g:1][CONSENSUS][PBFT]checkAndChangeView: Reach consensus,org_view=7,cur_changeCycle=1,curView=7,view=8
info|2025-10-07 09:08:36.565251|PBFT-1-0x00007f1827c88700|[g:1][CONSENSUS]addRawPrepare,height=66,reqIdx=1,hash=5958246b...,time=0
info|2025-10-07 09:08:36.566707|PBFT-1-0x00007f1827c88700|[g:1][CONSENSUS][PBFT]checkTimeout Succ,view=8,toView=9,nodeIdx=0,changeCycle=1,myNode=064cb676...,timecost=1
info|2025-10-07 09:08:36.570882|PBFT-1-0x00007f1827c88700|[g:1][CONSENSUS][PBFT]checkAndChangeView: Reach consensus,org_view=8,cur_changeCycle=1,curView=8,view=9
info|2025-10-07 09:08:37.582708|PBFT-1-0x00007f1827c88700|[g:1][CONSENSUS]addRawPrepare,height=66,reqIdx=2,hash=eae6a00f...,time=0
info|2025-10-07 09:08:37.583961|PBFT-1-0x00007f1827c88700|[g:1][CONSENSUS][PBFT]checkTimeout Succ,view=9,toView=10,nodeIdx=0,changeCycle=1,myNode=064cb676...,timecost=1
info|2025-10-07 09:08:37.591789|PBFT-1-0x00007f1827c88700|[g:1][CONSENSUS][PBFT]checkAndChangeView: Reach consensus,org_view=9,cur_changeCycle=1,curView=9,view=10
info|2025-10-07 09:08:38.092771|PBFTWork-1-0x00007f182e495700|[g:1][CONSENSUS][PartiallyPBFTReqCache]addPartiallyRawPrepare,height=66,reqIdx=3,hash=ffaf9d51...
info|2025-10-07 09:08:38.093029|PBFTWork-1-0x00007f182e495700|[g:1][BLOCKVERIFIER][executeBlock]Executing block,txNum=1,num=66,parentHash=0ec985484e93d783b54eeff403225cd98b67e8d9e089493c470f1d986d22342f,parentNum=65,parentStateRoot=9ab307d8f6ae6896edaead1eb22b4fa8fa03f58edd34a1267414abf4dac0916a
info|2025-10-07 09:08:38.093163|PBFTWork-1-0x00007f182e495700|[g:1][PRECOMPILED]init GasChargeManagePrecompiled
info|2025-10-07 09:08:38.101707|PBFTWork-1-0x00007f182e495700|[g:1][PRECOMPILED][TimerPrecompiled]getCurrentTimeMillis,timeMillis=1759853318101
info|2025-10-07 09:08:38.107682|PBFTWork-1-0x00007f182e495700|[g:1][PRECOMPILED][TimerPrecompiled]getCurrentTimeMillis,timeMillis=1759853318107
info|2025-10-07 09:08:38.114659|PBFTWork-1-0x00007f182e495700|[g:1][CONSENSUS][PBFT]execBlock,blkNum=66,reqIdx=3,hash=34aef3ff...,nodeIdx=0,myNode=064cb676...,decodeCost=0,checkCost=0,notifyCost=0,noteSealingCost=0,currentCycle=1,verifyAndSetSenderCost=0,execCost=22,execPerTx=22,totalCost=22
info|2025-10-07 09:08:38.117303|PBFTWork-1-0x00007f182e495700|[g:1][CONSENSUS][PBFT]handlePrepareMsg Succ,timecost=3,INFO=handlePartiallyPrepare,reqIdx=3,view=10,reqNum=66,curNum=65,consNum=66,hash=ffaf9d51...,nodeIdx=0,myNode=064cb676...,curChangeCycle=1
info|2025-10-07 09:08:38.117793|PBFT-1-0x00007f1827c88700|[g:1][CONSENSUS][PBFT]checkReq: Recv future request,prepHash=34aef3ff...,INFO=handleSignMsg,num=66,curNum=65,GenIdx=3,Sview=10,view=10,fromIdx=3,fromNode=87d00b98...,fromIp=127.0.0.1:30302,hash=ee155d51...,nodeIdx=0,myNode=064cb676...
info|2025-10-07 09:08:38.117822|PBFT-1-0x00007f1827c88700|[g:1][CONSENSUS][PBFT]FutureBlock,INFO=handleSignMsg,num=66,curNum=65,GenIdx=3,Sview=10,view=10,fromIdx=3,fromNode=87d00b98...,fromIp=127.0.0.1:30302,hash=ee155d51...,nodeIdx=0,myNode=064cb676...
info|2025-10-07 09:08:38.117841|PBFT-1-0x00007f1827c88700|[g:1][CONSENSUS][PBFT]checkReq: Recv future request,prepHash=34aef3ff...,INFO=handleSignMsg,num=66,curNum=65,GenIdx=2,Sview=10,view=10,fromIdx=2,fromNode=73994dae...,fromIp=127.0.0.1:30300,hash=74888498...,nodeIdx=0,myNode=064cb676...
info|2025-10-07 09:08:38.117847|PBFT-1-0x00007f1827c88700|[g:1][CONSENSUS][PBFT]FutureBlock,INFO=handleSignMsg,num=66,curNum=65,GenIdx=2,Sview=10,view=10,fromIdx=2,fromNode=73994dae...,fromIp=127.0.0.1:30300,hash=74888498...,nodeIdx=0,myNode=064cb676...
info|2025-10-07 09:08:38.117887|PBFT-1-0x00007f1827c88700|[g:1][CONSENSUS][PBFT]checkReq: Recv future request,prepHash=34aef3ff...,INFO=handleSignMsg,num=66,curNum=65,GenIdx=1,Sview=10,view=10,fromIdx=1,fromNode=374bdfe9...,fromIp=127.0.0.1:57176,hash=871c3f1f...,nodeIdx=0,myNode=064cb676...
info|2025-10-07 09:08:38.117895|PBFT-1-0x00007f1827c88700|[g:1][CONSENSUS][PBFT]FutureBlock,INFO=handleSignMsg,num=66,curNum=65,GenIdx=1,Sview=10,view=10,fromIdx=1,fromNode=374bdfe9...,fromIp=127.0.0.1:57176,hash=871c3f1f...,nodeIdx=0,myNode=064cb676...
info|2025-10-07 09:08:42.619587|PBFT-1-0x00007f1827c88700|[g:1][CONSENSUS][SEALER]decrease maxBlockCanSeal to half for PBFT timeout,org_maxBlockCanSeal=1000,halfed_maxBlockCanSeal=500,timeoutCount=1,lastTimeoutTx=1
warning|2025-10-07 09:08:42.621206|PBFT-1-0x00007f1827c88700|[g:1][CONSENSUS][PBFT]ViewChangeWarning: not caused by omit empty block ,v=10,toV=11,curNum=65,hash=0ec98548...,nodeIdx=0,myNode=064cb676...
info|2025-10-07 09:08:42.621334|PBFT-1-0x00007f1827c88700|[g:1][CONSENSUS][PBFT]checkTimeout Succ,view=10,toView=11,nodeIdx=0,changeCycle=2,myNode=064cb676...,timecost=2
info|2025-10-07 09:08:42.626737|PBFT-1-0x00007f1827c88700|[g:1][CONSENSUS][PBFT]checkAndChangeView: Reach consensus,org_view=10,cur_changeCycle=2,curView=10,view=11
info|2025-10-07 09:08:43.128681|PBFTSeal-1-0x00007f1820479700|[g:1][CONSENSUS][SEALER]++++++++++++++++ Generating seal on,blkNum=66,tx=1,nodeIdx=0,hash=50bf6a9e...
info|2025-10-07 09:08:43.139752|sealerWorker-0x00007f182fc98700|[CONSENSUS]addRawPrepare,height=66,reqIdx=0,hash=50bf6a9e...,time=0
info|2025-10-07 09:08:43.140043|sealerWorker-0x00007f182fc98700|[BLOCKVERIFIER][executeBlock]Executing block,txNum=1,num=66,parentHash=0ec985484e93d783b54eeff403225cd98b67e8d9e089493c470f1d986d22342f,parentNum=65,parentStateRoot=9ab307d8f6ae6896edaead1eb22b4fa8fa03f58edd34a1267414abf4dac0916a
info|2025-10-07 09:08:43.140230|sealerWorker-0x00007f182fc98700|[PRECOMPILED]init GasChargeManagePrecompiled
info|2025-10-07 09:08:43.141110|PBFTWork-1-0x00007f182147b700|[PRECOMPILED][TimerPrecompiled]getCurrentTimeMillis,timeMillis=1759853323141
info|2025-10-07 09:08:43.142649|PBFTWork-1-0x00007f182147b700|[PRECOMPILED][TimerPrecompiled]getCurrentTimeMillis,timeMillis=1759853323142
info|2025-10-07 09:08:43.142783|sealerWorker-0x00007f182fc98700|[CONSENSUS][PBFT]execBlock,blkNum=66,reqIdx=0,hash=e6da3783...,nodeIdx=0,myNode=064cb676...,decodeCost=0,checkCost=0,notifyCost=0,noteSealingCost=0,currentCycle=2,verifyAndSetSenderCost=0,execCost=3,execPerTx=3,totalCost=3
info|2025-10-07 09:08:43.146167|sealerWorker-0x00007f182fc98700|[CONSENSUS][PBFT]handlePrepareMsg Succ,timecost=4,INFO=handlePrepareMsg,reqIdx=0,view=11,reqNum=66,curNum=65,consNum=66,curView=11,fromIp=self,hash=50bf6a9e...,nodeIdx=0,myNode=064cb676...,curChangeCycle=2
info|2025-10-07 09:08:43.146208|sealerWorker-0x00007f182fc98700|[CONSENSUS][PBFT]generateLocalPrepare,hash=50bf6a9e...,H=66,nodeIdx=0,myNode=064cb676...
info|2025-10-07 09:08:43.147417|PBFT-1-0x00007f1827c88700|[g:1][CONSENSUS][PBFT]handleSignMsg Succ,Timecost=1,INFO=handleSignMsg,num=66,curNum=65,GenIdx=1,Sview=11,view=11,fromIdx=1,fromNode=374bdfe9...,fromIp=127.0.0.1:57176,hash=e6da3783...,nodeIdx=0,myNode=064cb676...
info|2025-10-07 09:08:43.152687|PBFT-1-0x00007f1827c88700|[g:1][CONSENSUS][PBFT]checkReq: Recv future request,prepHash=e6da3783...,INFO=handleSignMsg,num=66,curNum=65,GenIdx=2,Sview=11,view=11,fromIdx=2,fromNode=73994dae...,fromIp=127.0.0.1:30300,hash=8dc55b38...,nodeIdx=0,myNode=064cb676...
info|2025-10-07 09:08:43.152726|PBFT-1-0x00007f1827c88700|[g:1][CONSENSUS][PBFT]FutureBlock,INFO=handleSignMsg,num=66,curNum=65,GenIdx=2,Sview=11,view=11,fromIdx=2,fromNode=73994dae...,fromIp=127.0.0.1:30300,hash=8dc55b38...,nodeIdx=0,myNode=064cb676...
info|2025-10-07 09:08:43.155108|PBFT-1-0x00007f1827c88700|[g:1][CONSENSUS][PBFT]checkReq: Recv future request,prepHash=e6da3783...,INFO=handleSignMsg,num=66,curNum=65,GenIdx=3,Sview=11,view=11,fromIdx=3,fromNode=87d00b98...,fromIp=127.0.0.1:30302,hash=5ac7427f...,nodeIdx=0,myNode=064cb676...
info|2025-10-07 09:08:43.155140|PBFT-1-0x00007f1827c88700|[g:1][CONSENSUS][PBFT]FutureBlock,INFO=handleSignMsg,num=66,curNum=65,GenIdx=3,Sview=11,view=11,fromIdx=3,fromNode=87d00b98...,fromIp=127.0.0.1:30302,hash=5ac7427f...,nodeIdx=0,myNode=064cb676...
info|2025-10-07 09:08:43.292712|io_service-0x00007f1841cbc700|[P2P][Service] heartBeat,connected count=3
info|2025-10-07 09:08:49.894326|PBFT-1-0x00007f1827c88700|[g:1][CONSENSUS][SEALER]decrease maxBlockCanSeal to half for PBFT timeout,org_maxBlockCanSeal=500,halfed_maxBlockCanSeal=250,timeoutCount=2,lastTimeoutTx=1
warning|2025-10-07 09:08:49.896285|PBFT-1-0x00007f1827c88700|[g:1][CONSENSUS][PBFT]ViewChangeWarning: not caused by omit empty block ,v=11,toV=12,curNum=65,hash=0ec98548...,nodeIdx=0,myNode=064cb676...
info|2025-10-07 09:08:49.897585|PBFT-1-0x00007f1827c88700|[g:1][CONSENSUS][PBFT]checkTimeout Succ,view=11,toView=12,nodeIdx=0,changeCycle=3,myNode=064cb676...,timecost=3
info|2025-10-07 09:08:49.908412|PBFT-1-0x00007f1827c88700|[g:1][CONSENSUS][PBFT]checkAndChangeView: Reach consensus,org_view=11,cur_changeCycle=3,curView=11,view=12
info|2025-10-07 09:08:50.424865|PBFTWork-1-0x00007f182e495700|[g:1][CONSENSUS][PartiallyPBFTReqCache]addPartiallyRawPrepare,height=66,reqIdx=1,hash=cb5261cd...
info|2025-10-07 09:08:50.425530|PBFTWork-1-0x00007f182e495700|[g:1][BLOCKVERIFIER][executeBlock]Executing block,txNum=1,num=66,parentHash=0ec985484e93d783b54eeff403225cd98b67e8d9e089493c470f1d986d22342f,parentNum=65,parentStateRoot=9ab307d8f6ae6896edaead1eb22b4fa8fa03f58edd34a1267414abf4dac0916a
info|2025-10-07 09:08:50.429976|PBFTWork-1-0x00007f182e495700|[g:1][PRECOMPILED]init GasChargeManagePrecompiled
info|2025-10-07 09:08:50.430756|PBFTWork-1-0x00007f182147b700|[PRECOMPILED][TimerPrecompiled]getCurrentTimeMillis,timeMillis=1759853330430
info|2025-10-07 09:08:50.431712|PBFTWork-1-0x00007f182147b700|[PRECOMPILED][TimerPrecompiled]getCurrentTimeMillis,timeMillis=1759853330431
info|2025-10-07 09:08:50.432278|PBFTWork-1-0x00007f182e495700|[g:1][CONSENSUS][PBFT]execBlock,blkNum=66,reqIdx=1,hash=4bdcf6a9...,nodeIdx=0,myNode=064cb676...,decodeCost=0,checkCost=0,notifyCost=0,noteSealingCost=0,currentCycle=3,verifyAndSetSenderCost=0,execCost=7,execPerTx=7,totalCost=7
info|2025-10-07 09:08:50.436472|PBFTWork-1-0x00007f182e495700|[g:1][CONSENSUS][PBFT]handlePrepareMsg Succ,timecost=4,INFO=handlePartiallyPrepare,reqIdx=1,view=12,reqNum=66,curNum=65,consNum=66,hash=cb5261cd...,nodeIdx=0,myNode=064cb676...,curChangeCycle=3
info|2025-10-07 09:08:50.437580|PBFT-1-0x00007f1827c88700|[g:1][CONSENSUS][PBFT]handleSignMsg Succ,Timecost=1,INFO=handleSignMsg,num=66,curNum=65,GenIdx=2,Sview=12,view=12,fromIdx=2,fromNode=73994dae...,fromIp=127.0.0.1:30300,hash=4bdcf6a9...,nodeIdx=0,myNode=064cb676...
info|2025-10-07 09:08:50.439989|PBFT-1-0x00007f1827c88700|[g:1][CONSENSUS][PBFT]checkReq: Recv future request,prepHash=4bdcf6a9...,INFO=handleSignMsg,num=66,curNum=65,GenIdx=3,Sview=12,view=12,fromIdx=3,fromNode=87d00b98...,fromIp=127.0.0.1:30302,hash=b3da1fac...,nodeIdx=0,myNode=064cb676...
info|2025-10-07 09:08:50.440032|PBFT-1-0x00007f1827c88700|[g:1][CONSENSUS][PBFT]FutureBlock,INFO=handleSignMsg,num=66,curNum=65,GenIdx=3,Sview=12,view=12,fromIdx=3,fromNode=87d00b98...,fromIp=127.0.0.1:30302,hash=b3da1fac...,nodeIdx=0,myNode=064cb676...
info|2025-10-07 09:08:50.442429|PBFT-1-0x00007f1827c88700|[g:1][CONSENSUS][PBFT]checkAndCommit: backup/updateCommittedPrepare,reqNum=66,hash=cb5261cd...,nodeIdx=0,myNode=064cb676...
info|2025-10-07 09:08:50.444266|PBFT-1-0x00007f1827c88700|[g:1][CONSENSUS][PBFT]handleSignMsg Succ,Timecost=4,INFO=handleSignMsg,num=66,curNum=65,GenIdx=1,Sview=12,view=12,fromIdx=1,fromNode=374bdfe9...,fromIp=127.0.0.1:57176,hash=4bdcf6a9...,nodeIdx=0,myNode=064cb676...
info|2025-10-07 09:08:50.449913|PBFT-1-0x00007f1827c88700|[g:1][CONSENSUS][PBFT]handleCommitMsg Succ,INFO=handleCommitMsg,reqNum=66,curNum=65,GenIdx=1,Cview=12,view=12,fromIdx=1,fromNode=374bdfe9...,fromIp=127.0.0.1:57176,hash=4bdcf6a9...,nodeIdx=0,myNode=064cb676...,Timecost=1
info|2025-10-07 09:08:50.452157|PBFT-1-0x00007f1827c88700|[g:1][CONSENSUS][PBFT]checkAndSave: CommitReq enough,prepareHeight=66,commitSize=3,hash=4bdcf6a9...,nodeIdx=0,myNode=064cb676...
info|2025-10-07 09:08:50.465720|PBFT-1-0x00007f1827c88700|[g:1][g:1][STORAGE][CachedStorage]commit: 6 num: 66
info|2025-10-07 09:08:50.467429|PBFT-1-0x00007f1827c88700|[g:1][g:1][STORAGE][CachedStorage]Submited block task: 66, current syncd block: 65
info|2025-10-07 09:08:50.467518|PBFT-1-0x00007f1827c88700|[g:1]Push block notify: 1-66
info|2025-10-07 09:08:50.468491|PBFT-1-0x00007f1827c88700|[g:1][CONSENSUS][PBFT]CommitBlock Succ,prepareHeight=66,reqIdx=1,hash=4bdcf6a9...,nodeIdx=0,myNode=064cb676...,genSigTimeCost=0,commitBlockTimeCost=16,dropTxsTimeCost=0,noteSealingTimeCost=0,totalTimeCost=16
info|2025-10-07 09:08:50.468554|PBFT-1-0x00007f1827c88700|[g:1][CONSENSUS][PBFT]handleCommitMsg Succ,INFO=handleCommitMsg,reqNum=66,curNum=65,GenIdx=2,Cview=12,view=12,fromIdx=2,fromNode=73994dae...,fromIp=127.0.0.1:30300,hash=4bdcf6a9...,nodeIdx=0,myNode=064cb676...,Timecost=18
info|2025-10-07 09:08:50.468732|PBFTSeal-1-0x00007f1820479700|[g:1][CONSENSUS][PBFT]^^^^^^^^Report,num=66,sealerIdx=1,hash=4bdcf6a9...,next=67,tx=1,nodeIdx=0
info|2025-10-07 09:08:50.468823|taskPool-1-0x00007f1830c9a700|[g:1][g:1][STORAGE][CachedStorage]Start commit block: 66 to backend storage
info|2025-10-07 09:08:50.469030|taskPool-1-0x00007f1830c9a700|[g:1][g:1][STORAGE][CachedStorage]
---------------------------------------------------------------------
Commit block: 66 to backend storage finished, current cached block: 66
Flush elapsed time: 0.0002s
---------------------------------------------------------------------
info|2025-10-07 09:08:51.472095|PBFT-1-0x00007f1827c88700|[g:1][CONSENSUS]addRawPrepare,height=67,reqIdx=2,hash=5ed489ca...,time=0
info|2025-10-07 09:08:51.473752|PBFT-1-0x00007f1827c88700|[g:1][CONSENSUS][PBFT]checkTimeout Succ,view=0,toView=1,nodeIdx=0,changeCycle=1,myNode=064cb676...,timecost=1
info|2025-10-07 09:08:51.481103|PBFT-1-0x00007f1827c88700|[g:1][CONSENSUS][PBFT]checkAndChangeView: Reach consensus,org_view=0,cur_changeCycle=1,curView=0,view=1
info|2025-10-07 09:08:53.293407|io_service-0x00007f1841cbc700|[P2P][Service] heartBeat,connected count=3
warning|2025-10-07 09:08:55.984338|PBFT-1-0x00007f1827c88700|[g:1][CONSENSUS][PBFT]ViewChangeWarning: not caused by omit empty block ,v=1,toV=2,curNum=66,hash=4bdcf6a9...,nodeIdx=0,myNode=064cb676...
info|2025-10-07 09:08:55.984487|PBFT-1-0x00007f1827c88700|[g:1][CONSENSUS][PBFT]checkTimeout Succ,view=1,toView=2,nodeIdx=0,changeCycle=2,myNode=064cb676...,timecost=1
info|2025-10-07 09:08:55.994818|PBFT-1-0x00007f1827c88700|[g:1][CONSENSUS][PBFT]checkAndChangeView: Reach consensus,org_view=1,cur_changeCycle=2,curView=1,view=2
info|2025-10-07 09:08:56.995643|PBFTSeal-1-0x00007f1820479700|[g:1][CONSENSUS][SEALER]++++++++++++++++ Generating seal on,blkNum=67,tx=0,nodeIdx=0,hash=a9512851...
info|2025-10-07 09:08:57.006066|PBFT-1-0x00007f1827c88700|[g:1][CONSENSUS][PBFT]checkTimeout Succ,view=2,toView=3,nodeIdx=0,changeCycle=1,myNode=064cb676...,timecost=3
info|2025-10-07 09:08:57.017062|PBFT-1-0x00007f1827c88700|[g:1][CONSENSUS][PBFT]checkAndChangeView: Reach consensus,org_view=2,cur_changeCycle=1,curView=2,view=3
info|2025-10-07 09:08:58.030408|PBFT-1-0x00007f1827c88700|[g:1][CONSENSUS]addRawPrepare,height=67,reqIdx=1,hash=11d3ceaf...,time=0
info|2025-10-07 09:08:58.035731|PBFT-1-0x00007f1827c88700|[g:1][CONSENSUS][PBFT]checkTimeout Succ,view=3,toView=4,nodeIdx=0,changeCycle=1,myNode=064cb676...,timecost=5
info|2025-10-07 09:08:58.038295|PBFT-1-0x00007f1827c88700|[g:1][CONSENSUS][PBFT]checkAndChangeView: Reach consensus,org_view=3,cur_changeCycle=1,curView=3,view=4
info|2025-10-07 09:08:59.039169|PBFT-1-0x00007f1827c88700|[g:1][CONSENSUS]addRawPrepare,height=67,reqIdx=2,hash=01634c5e...,time=0
info|2025-10-07 09:08:59.041026|PBFT-1-0x00007f1827c88700|[g:1][CONSENSUS][PBFT]checkTimeout Succ,view=4,toView=5,nodeIdx=0,changeCycle=1,myNode=064cb676...,timecost=2
info|2025-10-07 09:08:59.048388|PBFT-1-0x00007f1827c88700|[g:1][CONSENSUS][PBFT]checkAndChangeView: Reach consensus,org_view=4,cur_changeCycle=1,curView=4,view=5
info|2025-10-07 09:09:00.565980|P2P-0x00007f1842cbe700|[g:1] [SYNC][id:064cb676...][Download][Request]Receive block request,peer=87d00b98...,from=66,to=66
info|2025-10-07 09:09:00.566437|SyncSend-1-0x00007f18344a1700|[g:1][SYNC][id:064cb676...][Download][Request][BlockSync]Batch blocks for sending,blockSize=1884,number=66,peer=87d00b98...,timeCost=0
info|2025-10-07 09:09:00.566485|SyncSend-1-0x00007f18344a1700|[g:1][g:1] [SYNC][id:87d00b98...][Download][Request][BlockSync]Send block packet,peer=87d00b98...,blocks=1,bytes(V)=1891
info|2025-10-07 09:09:00.614689|PBFT-1-0x00007f1827c88700|[g:1][CONSENSUS][PBFT]catchupView,toView=5,INFO=,reqNum=66,curNum=66,GenIdx=3,Cview=1,view=5,fromIdx=3,fromNode=87d00b98...,fromIp=127.0.0.1:30302,hash=4bdcf6a9...,nodeIdx=0,myNode=064cb676...
info|2025-10-07 09:09:00.615725|PBFT-1-0x00007f1827c88700|[g:1][CONSENSUS][PBFT]sendViewChangeMsg: send viewchange to started node,v=5,toV=5,curNum=66,peerNode=87d00b98...,hash=4bdcf6a9...,nodeIdx=0,myNode=064cb676...
info|2025-10-07 09:09:01.185129|PBFTWork-1-0x00007f182e495700|[g:1][CONSENSUS][PartiallyPBFTReqCache]addPartiallyRawPrepare,height=67,reqIdx=3,hash=913a4671...
info|2025-10-07 09:09:01.185368|PBFTWork-1-0x00007f182e495700|[g:1][BLOCKVERIFIER][executeBlock]Executing block,txNum=1,num=67,parentHash=4bdcf6a97cd43069c501ec5b75e8675d93f310ff7cb4694b311d6ba8a11fa821,parentNum=66,parentStateRoot=0000000000000000000000000000000000000000000000000000000000000000
info|2025-10-07 09:09:01.185486|PBFTWork-1-0x00007f182e495700|[g:1][PRECOMPILED]init GasChargeManagePrecompiled
info|2025-10-07 09:09:01.186150|PBFTWork-1-0x00007f182e495700|[g:1][PRECOMPILED][TimerPrecompiled]getCurrentTimeMillis,timeMillis=1759853341186
info|2025-10-07 09:09:01.187178|PBFTWork-1-0x00007f182e495700|[g:1][PRECOMPILED][TimerPrecompiled]getCurrentTimeMillis,timeMillis=1759853341187
info|2025-10-07 09:09:01.195509|PBFTWork-1-0x00007f182e495700|[g:1][CONSENSUS][PBFT]execBlock,blkNum=67,reqIdx=3,hash=1be94f8e...,nodeIdx=0,myNode=064cb676...,decodeCost=0,checkCost=0,notifyCost=0,noteSealingCost=0,currentCycle=1,verifyAndSetSenderCost=0,execCost=10,execPerTx=10,totalCost=10
info|2025-10-07 09:09:01.198125|PBFTWork-1-0x00007f182e495700|[g:1][CONSENSUS][PBFT]handlePrepareMsg Succ,timecost=3,INFO=handlePartiallyPrepare,reqIdx=3,view=5,reqNum=67,curNum=66,consNum=67,hash=913a4671...,nodeIdx=0,myNode=064cb676...,curChangeCycle=1
info|2025-10-07 09:09:01.203638|PBFT-1-0x00007f1827c88700|[g:1][CONSENSUS][PBFT]checkReq: Recv future request,prepHash=1be94f8e...,INFO=handleSignMsg,num=67,curNum=66,GenIdx=2,Sview=5,view=5,fromIdx=2,fromNode=73994dae...,fromIp=127.0.0.1:30300,hash=57f73a9e...,nodeIdx=0,myNode=064cb676...
info|2025-10-07 09:09:01.203685|PBFT-1-0x00007f1827c88700|[g:1][CONSENSUS][PBFT]FutureBlock,INFO=handleSignMsg,num=67,curNum=66,GenIdx=2,Sview=5,view=5,fromIdx=2,fromNode=73994dae...,fromIp=127.0.0.1:30300,hash=57f73a9e...,nodeIdx=0,myNode=064cb676...
info|2025-10-07 09:09:01.210889|PBFT-1-0x00007f1827c88700|[g:1][CONSENSUS][PBFT]checkReq: Recv future request,prepHash=1be94f8e...,INFO=handleSignMsg,num=67,curNum=66,GenIdx=1,Sview=5,view=5,fromIdx=1,fromNode=374bdfe9...,fromIp=127.0.0.1:57176,hash=ea82fe62...,nodeIdx=0,myNode=064cb676...
info|2025-10-07 09:09:01.210964|PBFT-1-0x00007f1827c88700|[g:1][CONSENSUS][PBFT]FutureBlock,INFO=handleSignMsg,num=67,curNum=66,GenIdx=1,Sview=5,view=5,fromIdx=1,fromNode=374bdfe9...,fromIp=127.0.0.1:57176,hash=ea82fe62...,nodeIdx=0,myNode=064cb676...
info|2025-10-07 09:09:01.215220|PBFT-1-0x00007f1827c88700|[g:1][CONSENSUS][PBFT]checkReq: Recv future request,prepHash=1be94f8e...,INFO=handleSignMsg,num=67,curNum=66,GenIdx=3,Sview=5,view=5,fromIdx=3,fromNode=87d00b98...,fromIp=127.0.0.1:30302,hash=ea82fe62...,nodeIdx=0,myNode=064cb676...
info|2025-10-07 09:09:01.215261|PBFT-1-0x00007f1827c88700|[g:1][CONSENSUS][PBFT]FutureBlock,INFO=handleSignMsg,num=67,curNum=66,GenIdx=3,Sview=5,view=5,fromIdx=3,fromNode=87d00b98...,fromIp=127.0.0.1:30302,hash=ea82fe62...,nodeIdx=0,myNode=064cb676...
info|2025-10-07 09:09:03.293824|io_service-0x00007f1841cbc700|[P2P][Service] heartBeat,connected count=3
info|2025-10-07 09:09:05.705213|PBFT-1-0x00007f1827c88700|[g:1][CONSENSUS][SEALER]decrease maxBlockCanSeal to half for PBFT timeout,org_maxBlockCanSeal=250,halfed_maxBlockCanSeal=125,timeoutCount=2,lastTimeoutTx=1
warning|2025-10-07 09:09:05.708025|PBFT-1-0x00007f1827c88700|[g:1][CONSENSUS][PBFT]ViewChangeWarning: not caused by omit empty block ,v=5,toV=6,curNum=66,hash=4bdcf6a9...,nodeIdx=0,myNode=064cb676...
info|2025-10-07 09:09:05.708230|PBFT-1-0x00007f1827c88700|[g:1][CONSENSUS][PBFT]checkTimeout Succ,view=5,toView=6,nodeIdx=0,changeCycle=2,myNode=064cb676...,timecost=2
info|2025-10-07 09:09:05.756709|PBFT-1-0x00007f1827c88700|[g:1][CONSENSUS][PBFT]checkAndChangeView: Reach consensus,org_view=5,cur_changeCycle=2,curView=5,view=6
info|2025-10-07 09:09:06.261290|PBFTSeal-1-0x00007f1820479700|[g:1][CONSENSUS][SEALER]++++++++++++++++ Generating seal on,blkNum=67,tx=1,nodeIdx=0,hash=90bd0b25...
info|2025-10-07 09:09:06.263747|sealerWorker-0x00007f182fc98700|[CONSENSUS]addRawPrepare,height=67,reqIdx=0,hash=90bd0b25...,time=0
info|2025-10-07 09:09:06.269656|sealerWorker-0x00007f182fc98700|[BLOCKVERIFIER][executeBlock]Executing block,txNum=1,num=67,parentHash=4bdcf6a97cd43069c501ec5b75e8675d93f310ff7cb4694b311d6ba8a11fa821,parentNum=66,parentStateRoot=0000000000000000000000000000000000000000000000000000000000000000
info|2025-10-07 09:09:06.269876|sealerWorker-0x00007f182fc98700|[PRECOMPILED]init GasChargeManagePrecompiled
info|2025-10-07 09:09:06.270627|PBFTWork-1-0x00007f182147b700|[PRECOMPILED][TimerPrecompiled]getCurrentTimeMillis,timeMillis=1759853346270
info|2025-10-07 09:09:06.271684|PBFTWork-1-0x00007f182147b700|[PRECOMPILED][TimerPrecompiled]getCurrentTimeMillis,timeMillis=1759853346271
info|2025-10-07 09:09:06.272017|sealerWorker-0x00007f182fc98700|[CONSENSUS][PBFT]execBlock,blkNum=67,reqIdx=0,hash=fea39866...,nodeIdx=0,myNode=064cb676...,decodeCost=0,checkCost=0,notifyCost=0,noteSealingCost=0,currentCycle=2,verifyAndSetSenderCost=0,execCost=3,execPerTx=3,totalCost=3
info|2025-10-07 09:09:06.282603|sealerWorker-0x00007f182fc98700|[CONSENSUS][PBFT]handlePrepareMsg Succ,timecost=10,INFO=handlePrepareMsg,reqIdx=0,view=6,reqNum=67,curNum=66,consNum=67,curView=6,fromIp=self,hash=90bd0b25...,nodeIdx=0,myNode=064cb676...,curChangeCycle=2
info|2025-10-07 09:09:06.282654|sealerWorker-0x00007f182fc98700|[CONSENSUS][PBFT]generateLocalPrepare,hash=90bd0b25...,H=67,nodeIdx=0,myNode=064cb676...
info|2025-10-07 09:09:06.284327|PBFT-1-0x00007f1827c88700|[g:1][CONSENSUS][PBFT]handleSignMsg Succ,Timecost=2,INFO=handleSignMsg,num=67,curNum=66,GenIdx=2,Sview=6,view=6,fromIdx=2,fromNode=73994dae...,fromIp=127.0.0.1:30300,hash=fea39866...,nodeIdx=0,myNode=064cb676...
info|2025-10-07 09:09:06.284392|PBFT-1-0x00007f1827c88700|[g:1][CONSENSUS][PBFT]checkReq: Recv future request,prepHash=fea39866...,INFO=handleSignMsg,num=67,curNum=66,GenIdx=3,Sview=6,view=6,fromIdx=3,fromNode=87d00b98...,fromIp=127.0.0.1:30302,hash=27334d2e...,nodeIdx=0,myNode=064cb676...
info|2025-10-07 09:09:06.284433|PBFT-1-0x00007f1827c88700|[g:1][CONSENSUS][PBFT]FutureBlock,INFO=handleSignMsg,num=67,curNum=66,GenIdx=3,Sview=6,view=6,fromIdx=3,fromNode=87d00b98...,fromIp=127.0.0.1:30302,hash=27334d2e...,nodeIdx=0,myNode=064cb676...
info|2025-10-07 09:09:06.287761|PBFT-1-0x00007f1827c88700|[g:1][CONSENSUS][PBFT]checkReq: Recv future request,prepHash=fea39866...,INFO=handleSignMsg,num=67,curNum=66,GenIdx=1,Sview=6,view=6,fromIdx=1,fromNode=374bdfe9...,fromIp=127.0.0.1:57176,hash=27334d2e...,nodeIdx=0,myNode=064cb676...
info|2025-10-07 09:09:06.287808|PBFT-1-0x00007f1827c88700|[g:1][CONSENSUS][PBFT]FutureBlock,INFO=handleSignMsg,num=67,curNum=66,GenIdx=1,Sview=6,view=6,fromIdx=1,fromNode=374bdfe9...,fromIp=127.0.0.1:57176,hash=27334d2e...,nodeIdx=0,myNode=064cb676...
info|2025-10-07 09:09:13.034071|PBFT-1-0x00007f1827c88700|[g:1][CONSENSUS][SEALER]decrease maxBlockCanSeal to half for PBFT timeout,org_maxBlockCanSeal=124,halfed_maxBlockCanSeal=62,timeoutCount=3,lastTimeoutTx=1
warning|2025-10-07 09:09:13.035295|PBFT-1-0x00007f1827c88700|[g:1][CONSENSUS][PBFT]ViewChangeWarning: not caused by omit empty block ,v=6,toV=7,curNum=66,hash=4bdcf6a9...,nodeIdx=0,myNode=064cb676...
info|2025-10-07 09:09:13.035403|PBFT-1-0x00007f1827c88700|[g:1][CONSENSUS][PBFT]checkTimeout Succ,view=6,toView=7,nodeIdx=0,changeCycle=3,myNode=064cb676...,timecost=1
info|2025-10-07 09:09:13.047367|PBFT-1-0x00007f1827c88700|[g:1][CONSENSUS][PBFT]checkAndChangeView: Reach consensus,org_view=6,cur_changeCycle=3,curView=6,view=7
info|2025-10-07 09:09:13.294558|io_service-0x00007f1841cbc700|[P2P][Service] heartBeat,connected count=3
info|2025-10-07 09:09:13.556907|PBFTWork-1-0x00007f182e495700|[g:1][CONSENSUS][PartiallyPBFTReqCache]addPartiallyRawPrepare,height=67,reqIdx=1,hash=345802cb...
info|2025-10-07 09:09:13.557138|PBFTWork-1-0x00007f182e495700|[g:1][BLOCKVERIFIER][executeBlock]Executing block,txNum=1,num=67,parentHash=4bdcf6a97cd43069c501ec5b75e8675d93f310ff7cb4694b311d6ba8a11fa821,parentNum=66,parentStateRoot=0000000000000000000000000000000000000000000000000000000000000000
info|2025-10-07 09:09:13.557268|PBFTWork-1-0x00007f182e495700|[g:1][PRECOMPILED]init GasChargeManagePrecompiled
info|2025-10-07 09:09:13.558500|PBFTWork-1-0x00007f182e495700|[g:1][PRECOMPILED][TimerPrecompiled]getCurrentTimeMillis,timeMillis=1759853353558
info|2025-10-07 09:09:13.560435|PBFTWork-1-0x00007f182e495700|[g:1][PRECOMPILED][TimerPrecompiled]getCurrentTimeMillis,timeMillis=1759853353560
info|2025-10-07 09:09:13.566353|PBFTWork-1-0x00007f182e495700|[g:1][CONSENSUS][PBFT]execBlock,blkNum=67,reqIdx=1,hash=4c55f943...,nodeIdx=0,myNode=064cb676...,decodeCost=0,checkCost=1,notifyCost=0,noteSealingCost=0,currentCycle=3,verifyAndSetSenderCost=0,execCost=9,execPerTx=9,totalCost=10
info|2025-10-07 09:09:13.569981|PBFTWork-1-0x00007f182e495700|[g:1][CONSENSUS][PBFT]handlePrepareMsg Succ,timecost=3,INFO=handlePartiallyPrepare,reqIdx=1,view=7,reqNum=67,curNum=66,consNum=67,hash=345802cb...,nodeIdx=0,myNode=064cb676...,curChangeCycle=3
info|2025-10-07 09:09:13.570056|PBFT-1-0x00007f1827c88700|[g:1][CONSENSUS][PBFT]checkReq: Recv future request,prepHash=4c55f943...,INFO=handleSignMsg,num=67,curNum=66,GenIdx=3,Sview=7,view=7,fromIdx=3,fromNode=87d00b98...,fromIp=127.0.0.1:30302,hash=1131ffba...,nodeIdx=0,myNode=064cb676...
info|2025-10-07 09:09:13.570079|PBFT-1-0x00007f1827c88700|[g:1][CONSENSUS][PBFT]FutureBlock,INFO=handleSignMsg,num=67,curNum=66,GenIdx=3,Sview=7,view=7,fromIdx=3,fromNode=87d00b98...,fromIp=127.0.0.1:30302,hash=1131ffba...,nodeIdx=0,myNode=064cb676...
info|2025-10-07 09:09:13.570108|PBFT-1-0x00007f1827c88700|[g:1][CONSENSUS][PBFT]checkReq: Recv future request,prepHash=4c55f943...,INFO=handleSignMsg,num=67,curNum=66,GenIdx=2,Sview=7,view=7,fromIdx=2,fromNode=73994dae...,fromIp=127.0.0.1:30300,hash=4906ff80...,nodeIdx=0,myNode=064cb676...
info|2025-10-07 09:09:13.570264|PBFT-1-0x00007f1827c88700|[g:1][CONSENSUS][PBFT]FutureBlock,INFO=handleSignMsg,num=67,curNum=66,GenIdx=2,Sview=7,view=7,fromIdx=2,fromNode=73994dae...,fromIp=127.0.0.1:30300,hash=4906ff80...,nodeIdx=0,myNode=064cb676...
info|2025-10-07 09:09:13.570327|PBFT-1-0x00007f1827c88700|[g:1][CONSENSUS][PBFT]checkReq: Recv future request,prepHash=4c55f943...,INFO=handleSignMsg,num=67,curNum=66,GenIdx=1,Sview=7,view=7,fromIdx=1,fromNode=374bdfe9...,fromIp=127.0.0.1:57176,hash=279aabea...,nodeIdx=0,myNode=064cb676...
info|2025-10-07 09:09:13.570354|PBFT-1-0x00007f1827c88700|[g:1][CONSENSUS][PBFT]FutureBlock,INFO=handleSignMsg,num=67,curNum=66,GenIdx=1,Sview=7,view=7,fromIdx=1,fromNode=374bdfe9...,fromIp=127.0.0.1:57176,hash=279aabea...,nodeIdx=0,myNode=064cb676...
info|2025-10-07 09:09:23.294783|io_service-0x00007f1841cbc700|[P2P][Service] heartBeat,connected count=3
info|2025-10-07 09:09:23.690854|PBFT-1-0x00007f1827c88700|[g:1][CONSENSUS][SEALER]decrease maxBlockCanSeal to half for PBFT timeout,org_maxBlockCanSeal=62,halfed_maxBlockCanSeal=31,timeoutCount=4,lastTimeoutTx=1
warning|2025-10-07 09:09:23.691951|PBFT-1-0x00007f1827c88700|[g:1][CONSENSUS][PBFT]ViewChangeWarning: not caused by omit empty block ,v=7,toV=8,curNum=66,hash=4bdcf6a9...,nodeIdx=0,myNode=064cb676...
info|2025-10-07 09:09:23.692071|PBFT-1-0x00007f1827c88700|[g:1][CONSENSUS][PBFT]checkTimeout Succ,view=7,toView=8,nodeIdx=0,changeCycle=4,myNode=064cb676...,timecost=2
info|2025-10-07 09:09:23.705473|PBFT-1-0x00007f1827c88700|[g:1][CONSENSUS][PBFT]checkAndChangeView: Reach consensus,org_view=7,cur_changeCycle=4,curView=7,view=8
info|2025-10-07 09:09:24.208036|PBFTWork-1-0x00007f182e495700|[g:1][CONSENSUS][PartiallyPBFTReqCache]addPartiallyRawPrepare,height=67,reqIdx=2,hash=c5835042...
info|2025-10-07 09:09:24.208259|PBFTWork-1-0x00007f182e495700|[g:1][BLOCKVERIFIER][executeBlock]Executing block,txNum=1,num=67,parentHash=4bdcf6a97cd43069c501ec5b75e8675d93f310ff7cb4694b311d6ba8a11fa821,parentNum=66,parentStateRoot=0000000000000000000000000000000000000000000000000000000000000000
info|2025-10-07 09:09:24.208389|PBFTWork-1-0x00007f182e495700|[g:1][PRECOMPILED]init GasChargeManagePrecompiled
info|2025-10-07 09:09:24.209030|PBFTWork-1-0x00007f182e495700|[g:1][PRECOMPILED][TimerPrecompiled]getCurrentTimeMillis,timeMillis=1759853364209
info|2025-10-07 09:09:24.216623|PBFTWork-1-0x00007f182e495700|[g:1][PRECOMPILED][TimerPrecompiled]getCurrentTimeMillis,timeMillis=1759853364216
info|2025-10-07 09:09:24.217556|PBFTWork-1-0x00007f182e495700|[g:1][CONSENSUS][PBFT]execBlock,blkNum=67,reqIdx=2,hash=91b4afca...,nodeIdx=0,myNode=064cb676...,decodeCost=0,checkCost=0,notifyCost=0,noteSealingCost=0,currentCycle=4,verifyAndSetSenderCost=0,execCost=9,execPerTx=9,totalCost=9
info|2025-10-07 09:09:24.220405|PBFTWork-1-0x00007f182e495700|[g:1][CONSENSUS][PBFT]handlePrepareMsg Succ,timecost=3,INFO=handlePartiallyPrepare,reqIdx=2,view=8,reqNum=67,curNum=66,consNum=67,hash=c5835042...,nodeIdx=0,myNode=064cb676...,curChangeCycle=4
info|2025-10-07 09:09:24.238462|PBFT-1-0x00007f1827c88700|[g:1][CONSENSUS][PBFT]checkReq: Recv future request,prepHash=91b4afca...,INFO=handleSignMsg,num=67,curNum=66,GenIdx=3,Sview=8,view=8,fromIdx=3,fromNode=87d00b98...,fromIp=127.0.0.1:30302,hash=15fe8c7a...,nodeIdx=0,myNode=064cb676...
info|2025-10-07 09:09:24.238508|PBFT-1-0x00007f1827c88700|[g:1][CONSENSUS][PBFT]FutureBlock,INFO=handleSignMsg,num=67,curNum=66,GenIdx=3,Sview=8,view=8,fromIdx=3,fromNode=87d00b98...,fromIp=127.0.0.1:30302,hash=15fe8c7a...,nodeIdx=0,myNode=064cb676...
info|2025-10-07 09:09:24.249329|PBFT-1-0x00007f1827c88700|[g:1][CONSENSUS][PBFT]checkReq: Recv future request,prepHash=91b4afca...,INFO=handleSignMsg,num=67,curNum=66,GenIdx=2,Sview=8,view=8,fromIdx=2,fromNode=73994dae...,fromIp=127.0.0.1:30300,hash=f9757abe...,nodeIdx=0,myNode=064cb676...
info|2025-10-07 09:09:24.249378|PBFT-1-0x00007f1827c88700|[g:1][CONSENSUS][PBFT]FutureBlock,INFO=handleSignMsg,num=67,curNum=66,GenIdx=2,Sview=8,view=8,fromIdx=2,fromNode=73994dae...,fromIp=127.0.0.1:30300,hash=f9757abe...,nodeIdx=0,myNode=064cb676...
info|2025-10-07 09:09:24.249408|PBFT-1-0x00007f1827c88700|[g:1][CONSENSUS][PBFT]checkReq: Recv future request,prepHash=91b4afca...,INFO=handleSignMsg,num=67,curNum=66,GenIdx=1,Sview=8,view=8,fromIdx=1,fromNode=374bdfe9...,fromIp=127.0.0.1:57176,hash=9fb0b587...,nodeIdx=0,myNode=064cb676...
info|2025-10-07 09:09:24.249417|PBFT-1-0x00007f1827c88700|[g:1][CONSENSUS][PBFT]FutureBlock,INFO=handleSignMsg,num=67,curNum=66,GenIdx=1,Sview=8,view=8,fromIdx=1,fromNode=374bdfe9...,fromIp=127.0.0.1:57176,hash=9fb0b587...,nodeIdx=0,myNode=064cb676...
info|2025-10-07 09:09:33.294952|io_service-0x00007f1841cbc700|[P2P][Service] heartBeat,connected count=3
info|2025-10-07 09:09:39.414221|PBFT-1-0x00007f1827c88700|[g:1][CONSENSUS][SEALER]decrease maxBlockCanSeal to half for PBFT timeout,org_maxBlockCanSeal=30,halfed_maxBlockCanSeal=15,timeoutCount=5,lastTimeoutTx=1
warning|2025-10-07 09:09:39.415293|PBFT-1-0x00007f1827c88700|[g:1][CONSENSUS][PBFT]ViewChangeWarning: not caused by omit empty block ,v=8,toV=9,curNum=66,hash=4bdcf6a9...,nodeIdx=0,myNode=064cb676...
info|2025-10-07 09:09:39.415479|PBFT-1-0x00007f1827c88700|[g:1][CONSENSUS][PBFT]checkTimeout Succ,view=8,toView=9,nodeIdx=0,changeCycle=5,myNode=064cb676...,timecost=1
info|2025-10-07 09:09:39.428009|PBFT-1-0x00007f1827c88700|[g:1][CONSENSUS][PBFT]checkAndChangeView: Reach consensus,org_view=8,cur_changeCycle=5,curView=8,view=9
info|2025-10-07 09:09:39.936351|PBFTWork-1-0x00007f182e495700|[g:1][CONSENSUS][PartiallyPBFTReqCache]addPartiallyRawPrepare,height=67,reqIdx=3,hash=0348f6fa...
info|2025-10-07 09:09:39.937828|PBFTWork-1-0x00007f182e495700|[g:1][BLOCKVERIFIER][executeBlock]Executing block,txNum=1,num=67,parentHash=4bdcf6a97cd43069c501ec5b75e8675d93f310ff7cb4694b311d6ba8a11fa821,parentNum=66,parentStateRoot=0000000000000000000000000000000000000000000000000000000000000000
info|2025-10-07 09:09:39.938047|PBFTWork-1-0x00007f182e495700|[g:1][PRECOMPILED]init GasChargeManagePrecompiled
info|2025-10-07 09:09:39.939045|PBFTWork-1-0x00007f182147b700|[PRECOMPILED][TimerPrecompiled]getCurrentTimeMillis,timeMillis=1759853379939
info|2025-10-07 09:09:39.940557|PBFTWork-1-0x00007f182147b700|[PRECOMPILED][TimerPrecompiled]getCurrentTimeMillis,timeMillis=1759853379940
info|2025-10-07 09:09:39.942332|PBFTWork-1-0x00007f182e495700|[g:1][CONSENSUS][PBFT]execBlock,blkNum=67,reqIdx=3,hash=a4d1870e...,nodeIdx=0,myNode=064cb676...,decodeCost=0,checkCost=0,notifyCost=0,noteSealingCost=0,currentCycle=5,verifyAndSetSenderCost=0,execCost=6,execPerTx=6,totalCost=6
info|2025-10-07 09:09:39.949837|PBFTWork-1-0x00007f182e495700|[g:1][CONSENSUS][PBFT]handlePrepareMsg Succ,timecost=7,INFO=handlePartiallyPrepare,reqIdx=3,view=9,reqNum=67,curNum=66,consNum=67,hash=0348f6fa...,nodeIdx=0,myNode=064cb676...,curChangeCycle=5
info|2025-10-07 09:09:39.951000|PBFT-1-0x00007f1827c88700|[g:1][CONSENSUS][PBFT]checkReq: Recv future request,prepHash=a4d1870e...,INFO=handleSignMsg,num=67,curNum=66,GenIdx=1,Sview=9,view=9,fromIdx=1,fromNode=374bdfe9...,fromIp=127.0.0.1:57176,hash=18595039...,nodeIdx=0,myNode=064cb676...
info|2025-10-07 09:09:39.951043|PBFT-1-0x00007f1827c88700|[g:1][CONSENSUS][PBFT]FutureBlock,INFO=handleSignMsg,num=67,curNum=66,GenIdx=1,Sview=9,view=9,fromIdx=1,fromNode=374bdfe9...,fromIp=127.0.0.1:57176,hash=18595039...,nodeIdx=0,myNode=064cb676...
info|2025-10-07 09:09:39.953598|PBFT-1-0x00007f1827c88700|[g:1][CONSENSUS][PBFT]checkReq: Recv future request,prepHash=a4d1870e...,INFO=handleSignMsg,num=67,curNum=66,GenIdx=3,Sview=9,view=9,fromIdx=3,fromNode=87d00b98...,fromIp=127.0.0.1:30302,hash=2f404c2e...,nodeIdx=0,myNode=064cb676...
info|2025-10-07 09:09:39.953620|PBFT-1-0x00007f1827c88700|[g:1][CONSENSUS][PBFT]FutureBlock,INFO=handleSignMsg,num=67,curNum=66,GenIdx=3,Sview=9,view=9,fromIdx=3,fromNode=87d00b98...,fromIp=127.0.0.1:30302,hash=2f404c2e...,nodeIdx=0,myNode=064cb676...
info|2025-10-07 09:09:39.955574|PBFT-1-0x00007f1827c88700|[g:1][CONSENSUS][PBFT]checkReq: Recv future request,prepHash=a4d1870e...,INFO=handleSignMsg,num=67,curNum=66,GenIdx=2,Sview=9,view=9,fromIdx=2,fromNode=73994dae...,fromIp=127.0.0.1:30300,hash=b668d037...,nodeIdx=0,myNode=064cb676...
info|2025-10-07 09:09:39.955592|PBFT-1-0x00007f1827c88700|[g:1][CONSENSUS][PBFT]FutureBlock,INFO=handleSignMsg,num=67,curNum=66,GenIdx=2,Sview=9,view=9,fromIdx=2,fromNode=73994dae...,fromIp=127.0.0.1:30300,hash=b668d037...,nodeIdx=0,myNode=064cb676...
info|2025-10-07 09:09:43.295183|io_service-0x00007f1841cbc700|[P2P][Service] heartBeat,connected count=3
info|2025-10-07 09:09:53.295650|io_service-0x00007f1841cbc700|[P2P][Service] heartBeat,connected count=3
info|2025-10-07 09:10:00.007031|Sync-1-0x00007f182948b700|[g:1][SYNC][id:064cb676...]print sync info,peersCount=3,infoJson={"blockNumber":66,"genesisHash":"f0d3e67991e2c3d83533c031601c30c4741aba35d7d8017900779abe4ae22efe","isSyncing":false,"knownHighestNumber":66,"knownLatestHash":"4bdcf6a97cd43069c501ec5b75e8675d93f310ff7cb4694b311d6ba8a11fa821","latestHash":"4bdcf6a97cd43069c501ec5b75e8675d93f310ff7cb4694b311d6ba8a11fa821","nodeId":"064cb676a36047a4b52ecbf9c01664b1e987d91b438110ba6a12d96972726622e824d295b1de8b0298b5afe7bbbc0bd04a3890e1a36eae028c1cfbe07971b995","peers":[{"blockNumber":66,"genesisHash":"f0d3e67991e2c3d83533c031601c30c4741aba35d7d8017900779abe4ae22efe","latestHash":"4bdcf6a97cd43069c501ec5b75e8675d93f310ff7cb4694b311d6ba8a11fa821","nodeId":"374bdfe969e1d8ea1200ade93e5d8cf1a7d5741f238011004b0f43ca818706f194b2f067e1708125f7ffc536610b9a72addbd56b238d65f18912be39037ffcc5"},{"blockNumber":66,"genesisHash":"f0d3e67991e2c3d83533c031601c30c4741aba35d7d8017900779abe4ae22efe","latestHash":"4bdcf6a97cd43069c501ec5b75e8675d93f310ff7cb4694b311d6ba8a11fa821","nodeId":"73994dae9e8b8da733108a4153dfe79151d701dff425f84c87b5324e8ebd02ab6a0ebc9e4f1e0298a7ddca50f94a8f95c62b6997226d571e470e8f2b0600634a"},{"blockNumber":66,"genesisHash":"f0d3e67991e2c3d83533c031601c30c4741aba35d7d8017900779abe4ae22efe","latestHash":"4bdcf6a97cd43069c501ec5b75e8675d93f310ff7cb4694b311d6ba8a11fa821","nodeId":"87d00b98321fc70a5abc85ad9e80db10cce315194133697bf74aace1d3f8430957a766240f751752708f4282f46110d6ea56c3eb5d1c02ce98a66f327f595270"}],"protocolId":65545,"txPoolSize":"1"}
info|2025-10-07 09:10:00.910288|fisco-bcos-0x00007f1844a35dc0|[LEDGER]stop sealer,groupID=1
info|2025-10-07 09:10:00.910348|fisco-bcos-0x00007f1844a35dc0|[CONSENSUS][SEALER]Stop sealer module...
info|2025-10-07 09:10:00.923647|fisco-bcos-0x00007f1844a35dc0|[CONSENSUS][ConsensusEngine][Stop ConsensusEngineBase]
info|2025-10-07 09:10:00.928299|fisco-bcos-0x00007f1844a35dc0|[CONSENSUS][ConsensusEngine]ConsensusEngineBase stopped
info|2025-10-07 09:10:00.928386|fisco-bcos-0x00007f1844a35dc0|[LEDGER]sealer stopped. stop sync,groupID=1
info|2025-10-07 09:10:00.928844|fisco-bcos-0x00007f1844a35dc0|[g:1] [SYNC][id:064cb676...]SyncMsgEngine stopped
info|2025-10-07 09:10:01.008478|fisco-bcos-0x00007f1844a35dc0|[GossipBlockStatus]stop GossipBlockStatus succ
info|2025-10-07 09:10:01.613149|fisco-bcos-0x00007f1844a35dc0|[SYNC][id:064cb676...][g:1]SyncMaster stopped
info|2025-10-07 09:10:01.613196|fisco-bcos-0x00007f1844a35dc0|[LEDGER]sync stopped. stop event filter manager,groupID=1
info|2025-10-07 09:10:01.707971|fisco-bcos-0x00007f1844a35dc0|[EVENT][EventLogFilterManager]stop
info|2025-10-07 09:10:01.708001|fisco-bcos-0x00007f1844a35dc0|[LEDGER]event filter manager stopped. stop tx pool,groupID=1
info|2025-10-07 09:10:01.708764|fisco-bcos-0x00007f1844a35dc0|[LEDGER]removeNetworkStatHandlerByGroupID and removeGroupBandwidthLimiter for service,groupID=1
info|2025-10-07 09:10:01.708805|fisco-bcos-0x00007f1844a35dc0|[CHANNEL]removeSDKAllowListByGroupId,groupId=1
info|2025-10-07 09:10:01.708812|fisco-bcos-0x00007f1844a35dc0|[INITIALIZER]ledgerInitializer stopped
info|2025-10-07 09:10:02.669190|io_service-0x00007f1841cbc700|[NETWORK][Session]doRead failed,endpoint=127.0.0.1:57176,message=short read (SSL routines, SSL routines)
info|2025-10-07 09:10:02.669227|io_service-0x00007f1841cbc700|[NETWORK][Session]drop, call and erase all callbackFunc of the session!,endpoint=127.0.0.1:57176
info|2025-10-07 09:10:02.669240|io_service-0x00007f1841cbc700|[NETWORK][Session][drop] closing remote 127.0.0.1:57176,reason=Low-level TCP communication failed.,endpoint=127.0.0.1:57176
info|2025-10-07 09:10:02.669361|io_service-0x00007f1841cbc700|[NETWORK][Session]Session inactive
info|2025-10-07 09:10:02.669370|io_service-0x00007f1841cbc700|[NETWORK][Session]Session inactive
info|2025-10-07 09:10:02.669378|io_service-0x00007f1841cbc700|[NETWORK][Session][drop] shutdown failed ,code=9,message=Bad file descriptor
info|2025-10-07 09:10:02.669620|P2P-0x00007f18434bf700|[P2P][Service] disconnect inactive P2PSession,nodeID=374bdfe9...,endpoint=127.0.0.1:57176,code=3,what=Disconnect
info|2025-10-07 09:10:02.669640|P2P-0x00007f18434bf700|[P2P][Service] onDisconnect,code=3,what=Dynamic exception type: dev::network::NetworkException
std::exception::what: Disconnect
info|2025-10-07 09:10:02.709390|fisco-bcos-0x00007f1844a35dc0|[INITIALIZER]ChannelRPCHttpServer deleted.
info|2025-10-07 09:10:02.710010|fisco-bcos-0x00007f1844a35dc0|[INITIALIZER]JsonrpcHttpServer deleted.
info|2025-10-07 09:10:02.710023|fisco-bcos-0x00007f1844a35dc0|[INITIALIZER]RPCInitializer stopped
info|2025-10-07 09:10:02.710050|io_service-0x00007f1841cbc700|[NETWORK][Host]Host exit
info|2025-10-07 09:10:02.711305|fisco-bcos-0x00007f1844a35dc0|[INITIALIZER]P2PInitializer stopped
info|2025-10-07 09:10:02.711366|fisco-bcos-0x00007f1844a35dc0|[LEDGER]stop sealer,groupID=1
info|2025-10-07 09:10:02.711380|fisco-bcos-0x00007f1844a35dc0|[LEDGER]sealer stopped. stop sync,groupID=1
info|2025-10-07 09:10:02.711392|fisco-bcos-0x00007f1844a35dc0|[g:1] [SYNC][id:064cb676...]SyncMsgEngine stopped
info|2025-10-07 09:10:02.711407|fisco-bcos-0x00007f1844a35dc0|[GossipBlockStatus]GossipBlockStatus already stopped
info|2025-10-07 09:10:02.711413|fisco-bcos-0x00007f1844a35dc0|[SYNC][id:064cb676...][g:1]SyncMaster stopped
info|2025-10-07 09:10:02.711418|fisco-bcos-0x00007f1844a35dc0|[LEDGER]sync stopped. stop event filter manager,groupID=1
info|2025-10-07 09:10:02.711423|fisco-bcos-0x00007f1844a35dc0|[LEDGER]event filter manager stopped. stop tx pool,groupID=1
info|2025-10-07 09:10:02.711434|fisco-bcos-0x00007f1844a35dc0|[LEDGER]removeNetworkStatHandlerByGroupID and removeGroupBandwidthLimiter for service,groupID=1
info|2025-10-07 09:10:02.711450|fisco-bcos-0x00007f1844a35dc0|[g:1][STORAGE][CachedStorage]Stopping flushStorage thread
info|2025-10-07 09:10:03.422743|fisco-bcos-0x00007f1844a35dc0|[g:1][STORAGE][CachedStorage]flushStorage thread stopped.
info|2025-10-07 09:10:03.422784|fisco-bcos-0x00007f1844a35dc0|[DBINITIALIZER] storage stopped
info|2025-10-07 09:10:03.428241|fisco-bcos-0x00007f1844a35dc0|[g:1] [SYNC][id:064cb676...]SyncMsgEngine stopped
info|2025-10-07 09:10:03.428314|fisco-bcos-0x00007f1844a35dc0|[GossipBlockStatus]GossipBlockStatus already stopped
info|2025-10-07 09:10:03.428321|fisco-bcos-0x00007f1844a35dc0|[SYNC][id:064cb676...][g:1]SyncMaster stopped
info|2025-10-07 09:10:03.428341|fisco-bcos-0x00007f1844a35dc0|[g:1] [SYNC][id:064cb676...]SyncMsgEngine stopped
