info|2025-10-09 23:57:49.153299|fisco-bcos-0x00007f6e1a425dc0|[INITIALIZER][initGlobalConfig],enableCompress=true,compatibilityVersion=2.11.0,versionNumber=34275328,enableStat=false,chainId=1,useSMCrypto=true,IgnoreObserverWriteRequest=false
info|2025-10-09 23:57:49.218404|fisco-bcos-0x00007f6e1a425dc0|[INITIALIZER][SecureInitializerGM]get pub of node,nodeID=064cb676a36047a4b52ecbf9c01664b1e987d91b438110ba6a12d96972726622e824d295b1de8b0298b5afe7bbbc0bd04a3890e1a36eae028c1cfbe07971b995
info|2025-10-09 23:57:49.224005|fisco-bcos-0x00007f6e1a425dc0|[NETWORK][Host]Connecting to node,endpoint=127.0.0.1:30300
info|2025-10-09 23:57:49.224217|fisco-bcos-0x00007f6e1a425dc0|[NETWORK][Host]Connecting to node,endpoint=127.0.0.1:30301
info|2025-10-09 23:57:49.224314|fisco-bcos-0x00007f6e1a425dc0|[NETWORK][Host]Connecting to node,endpoint=127.0.0.1:30302
info|2025-10-09 23:57:49.224408|fisco-bcos-0x00007f6e1a425dc0|[NETWORK][Host]Connecting to node,endpoint=127.0.0.1:30303
info|2025-10-09 23:57:49.224476|fisco-bcos-0x00007f6e1a425dc0|[P2P][Service] heartBeat,connected count=0
info|2025-10-09 23:57:49.224531|fisco-bcos-0x00007f6e1a425dc0|[INITIALIZER][RPCInitializer],network_security.check_cert_issuer=true
info|2025-10-09 23:57:49.225715|fisco-bcos-0x00007f6e1a425dc0|[CHANNEL][ChannelServer::run],threadPoolSize=8
info|2025-10-09 23:57:49.225880|fisco-bcos-0x00007f6e1a425dc0|[CHANNEL]ChannelRPCServer started
info|2025-10-09 23:57:49.225910|fisco-bcos-0x00007f6e1a425dc0|[INITIALIZER][RPCInitializer: ChannelRPCHttpServer started.],disableDynamicGroup=false,uncheckGroupMember=false,threadSize=8
info|2025-10-09 23:57:49.225936|fisco-bcos-0x00007f6e1a425dc0|[INITIALIZER][LedgerInitializer]initConfig
info|2025-10-09 23:57:49.225960|fisco-bcos-0x00007f6e1a425dc0|[LedgerInitializer],groupConfigPath=conf/
info|2025-10-09 23:57:49.226486|io_service-0x00007f6e176ac700|[NETWORK][Host]P2P StartAccept,Host=0.0.0.0:30303
info|2025-10-09 23:57:49.232921|io_service-0x00007f6e176ac700|[NETWORK][ASIO]asyncResolveConnect,endpoint=127.0.0.1:30300
info|2025-10-09 23:57:49.233075|io_service-0x00007f6e176ac700|[NETWORK][ASIO]asyncResolveConnect,endpoint=127.0.0.1:30301
info|2025-10-09 23:57:49.233191|io_service-0x00007f6e176ac700|[NETWORK][ASIO]asyncResolveConnect,endpoint=127.0.0.1:30302
info|2025-10-09 23:57:49.233286|io_service-0x00007f6e176ac700|[NETWORK][ASIO]asyncResolveConnect,endpoint=127.0.0.1:30303
warning|2025-10-09 23:57:49.233340|io_service-0x00007f6e176ac700|[NETWORK][Host]TCP Connection refused by node,endpoint=127.0.0.1:30300,message=Connection refused
warning|2025-10-09 23:57:49.233821|P2P-0x00007f6e18eaf700|[P2P][Service] onConnect,code=5,nodeID=00000000...,nodeName=,endpoint=unknown,what=Connect failed
info|2025-10-09 23:57:49.234308|io_service-0x00007f6e176ac700|[NETWORK][Host]P2P Recv Connect, From=127.0.0.1:49502
info|2025-10-09 23:57:49.234431|io_service-0x00007f6e176ac700|[NETWORK][Host]P2P StartAccept,Host=0.0.0.0:30303
info|2025-10-09 23:57:49.250734|fisco-bcos-0x00007f6e1a425dc0|[INITIALIZER][initSingleLedger] [GroupId], LedgerConstructor:  1,configFileName=conf/group.1.genesis,dataDir=data/
info|2025-10-09 23:57:49.250873|fisco-bcos-0x00007f6e1a425dc0|[g:1][LedgerParam][parseGenesisConfig]initConsensusConfig/initStorageConfig/initTxConfig,configFile=conf/group.1.genesis
info|2025-10-09 23:57:49.250892|fisco-bcos-0x00007f6e1a425dc0|[g:1][LedgerParam][initConsensusConfig],type=pbft,consensusTimeout=3,maxTxNum=1000,txGasLimit=300000000
info|2025-10-09 23:57:49.250912|fisco-bcos-0x00007f6e1a425dc0|[g:1][LedgerParam][parsePublicKeyListOfSection],sectionName=consensus,it.first=73994dae9e8b8da733108a4153dfe79151d701dff425f84c87b5324e8ebd02ab6a0ebc9e4f1e0298a7ddca50f94a8f95c62b6997226d571e470e8f2b0600634a
info|2025-10-09 23:57:49.250928|fisco-bcos-0x00007f6e1a425dc0|[g:1][LedgerParam][parsePublicKeyListOfSection],sectionName=consensus,it.first=374bdfe969e1d8ea1200ade93e5d8cf1a7d5741f238011004b0f43ca818706f194b2f067e1708125f7ffc536610b9a72addbd56b238d65f18912be39037ffcc5
info|2025-10-09 23:57:49.250944|fisco-bcos-0x00007f6e1a425dc0|[g:1][LedgerParam][parsePublicKeyListOfSection],sectionName=consensus,it.first=87d00b98321fc70a5abc85ad9e80db10cce315194133697bf74aace1d3f8430957a766240f751752708f4282f46110d6ea56c3eb5d1c02ce98a66f327f595270
info|2025-10-09 23:57:49.250960|fisco-bcos-0x00007f6e1a425dc0|[g:1][LedgerParam][parsePublicKeyListOfSection],sectionName=consensus,it.first=064cb676a36047a4b52ecbf9c01664b1e987d91b438110ba6a12d96972726622e824d295b1de8b0298b5afe7bbbc0bd04a3890e1a36eae028c1cfbe07971b995
info|2025-10-09 23:57:49.250983|fisco-bcos-0x00007f6e1a425dc0|[g:1][LedgerParam][parsePublicKeyListOfSection],totalPubKeySize=4
info|2025-10-09 23:57:49.251016|fisco-bcos-0x00007f6e1a425dc0|[g:1][LedgerParam][max_block_range],maxBlockRange=0,maxBlockPerProcess=3
info|2025-10-09 23:57:49.251024|fisco-bcos-0x00007f6e1a425dc0|[g:1][LedgerParam][parseGenesisConfig],timestamp=1759762229000
info|2025-10-09 23:57:49.251036|fisco-bcos-0x00007f6e1a425dc0|[g:1][LedgerParam]setEVMFlags,enableFreeStorageVMSchedule=false,evmFlags=0
info|2025-10-09 23:57:49.251053|fisco-bcos-0x00007f6e1a425dc0|[g:1][LedgerParam]store evmFlag,evmFlag=0
info|2025-10-09 23:57:49.251059|fisco-bcos-0x00007f6e1a425dc0|[g:1][LedgerParam]store consensus time,consensusTimeout=3
info|2025-10-09 23:57:49.251065|fisco-bcos-0x00007f6e1a425dc0|[g:1][LedgerParam][initMark],genesisMark=1-064cb676a36047a4b52ecbf9c01664b1e987d91b438110ba6a12d96972726622e824d295b1de8b0298b5afe7bbbc0bd04a3890e1a36eae028c1cfbe07971b995,374bdfe969e1d8ea1200ade93e5d8cf1a7d5741f238011004b0f43ca818706f194b2f067e1708125f7ffc536610b9a72addbd56b238d65f18912be39037ffcc5,73994dae9e8b8da733108a4153dfe79151d701dff425f84c87b5324e8ebd02ab6a0ebc9e4f1e0298a7ddca50f94a8f95c62b6997226d571e470e8f2b0600634a,87d00b98321fc70a5abc85ad9e80db10cce315194133697bf74aace1d3f8430957a766240f751752708f4282f46110d6ea56c3eb5d1c02ce98a66f327f595270,-pbft-storage-0-1000-300000000-3
info|2025-10-09 23:57:49.251072|fisco-bcos-0x00007f6e1a425dc0|[g:1][LedgerParam][initIniConfig]initTxPoolConfig/initSyncConfig/initTxExecuteConfig,configFile=conf/group.1.ini
info|2025-10-09 23:57:49.266034|fisco-bcos-0x00007f6e1a425dc0|[g:1][LedgerParam][initStorageConfig],stateType=storage,storageDB=rocksdb,storagePath=data//group1/block/RocksDB,baseDir=data//group1,dbtype=mysql,dbip=127.0.0.1,dbport=3306,dbcharset=utf8mb4,initconnections=15,maxconnections=50,scrollThreshold=2000,enableReconfirmCommittee=false
info|2025-10-09 23:57:49.266071|fisco-bcos-0x00007f6e1a425dc0|[g:1][LedgerParam][initTxPoolConfig],txPoolLimit=150000,memorySizeLimit(MB)=512,notifyWorkerNum=2,txsExpirationTime(ms)=600000
info|2025-10-09 23:57:49.266082|fisco-bcos-0x00007f6e1a425dc0|[g:1][LedgerParam][initSyncConfig],idleWaitMs=200
info|2025-10-09 23:57:49.266093|fisco-bcos-0x00007f6e1a425dc0|[g:1][LedgerParam][initSyncConfig],enableSendTxsByTree=true,enableSendBlockStatusByTree=true
info|2025-10-09 23:57:49.266100|fisco-bcos-0x00007f6e1a425dc0|[g:1][LedgerParam][initSyncConfig],gossipInterval=1000
info|2025-10-09 23:57:49.266114|fisco-bcos-0x00007f6e1a425dc0|[g:1][LedgerParam][initSyncConfig],enableSendBlockStatusByTree=true,gossipInterval=1000,gossipPeers=3,syncTreeWidth=3,maxQueueSizeForBlockSync=536870912,txsStatusGossipMaxPeers=5,syncInfoPrintInterval=10,freeNodeRead=false
info|2025-10-09 23:57:49.266122|fisco-bcos-0x00007f6e1a425dc0|[g:1][LedgerParam][InitTxExecuteConfig],enableParallel=true
info|2025-10-09 23:57:49.266142|fisco-bcos-0x00007f6e1a425dc0|[g:1][LedgerParam][initConsensusIniConfig],maxTTL=2,minBlockGenerationTime=500,enablDynamicBlockSize=true,blockSizeIncreaseRatio=0.5,enableTTLOptimize=true,enablePrepareWithTxsHash=true
info|2025-10-09 23:57:49.266183|fisco-bcos-0x00007f6e1a425dc0|[g:1][LedgerParam][initRPBFTConsensusIniConfig],broadcastPrepareByTree=true,prepareStatusBroadcastPercent=33,maxRequestMissedTxsWaitTime=100,maxRequestPrepareWaitTime=100
info|2025-10-09 23:57:49.266192|fisco-bcos-0x00007f6e1a425dc0|[g:1][LedgerParam][initFlowControlConfig],maxQPS=9223372036854775807,outGoingBandwidth(Bytes)=9223372036854775807
info|2025-10-09 23:57:49.266198|fisco-bcos-0x00007f6e1a425dc0|[g:1][LedgerParam]parseSDKAllowList,sdkAllowList=[],enableSDKAllowListControl=false
info|2025-10-09 23:57:49.266227|fisco-bcos-0x00007f6e1a425dc0|[g:1][LEDGER][initLedger][DBInitializer]
info|2025-10-09 23:57:49.266239|fisco-bcos-0x00007f6e1a425dc0|[g:1][LEDGER]setSDKAllowList,groupId=1,sdkAllowListSize=0
info|2025-10-09 23:57:49.266245|fisco-bcos-0x00007f6e1a425dc0|[g:1][CHANNEL]registerSDKAllowListByGroupId,groupId=1,size=0
info|2025-10-09 23:57:49.266250|fisco-bcos-0x00007f6e1a425dc0|[g:1][CHANNEL]Disable group-level sdk permission control for sdk allowlist is empty
info|2025-10-09 23:57:49.266256|fisco-bcos-0x00007f6e1a425dc0|[g:1][DBINITIALIZER] [initStorageDB]
info|2025-10-09 23:57:49.266262|fisco-bcos-0x00007f6e1a425dc0|[g:1][DBINITIALIZER] [initRocksDBStorage]
info|2025-10-09 23:57:49.266298|fisco-bcos-0x00007f6e1a425dc0|[g:1][ROCKSDB]open rocksDB handler,path=data//group1/block/RocksDB
info|2025-10-09 23:57:49.269872|io_service-0x00007f6e176ac700|[NETWORK][Host]handshakeClient succ,local endpoint=127.0.0.1:51562
info|2025-10-09 23:57:49.270029|P2P-0x00007f6e186ae700|[P2P][Service] Connection established,nodeID=374bdfe9...,endpoint=127.0.0.1:30301
info|2025-10-09 23:57:49.270330|io_service-0x00007f6e176ac700|[NETWORK][Host]startPeerSession, Remote=127.0.0.1:30301,local endpoint=127.0.0.1:51562,nodeID=374bdfe9...
info|2025-10-09 23:57:49.270425|io_service-0x00007f6e176ac700|[NETWORK][Host]handshakeServer succ,remote endpoint=127.0.0.1:49502
info|2025-10-09 23:57:49.270535|io_service-0x00007f6e176ac700|[NETWORK][Host]startPeerSession, Remote=127.0.0.1:49502,local endpoint=127.0.0.1:30303,nodeID=064cb676...
info|2025-10-09 23:57:49.270989|io_service-0x00007f6e176ac700|[NETWORK][Host]handshakeClient succ,local endpoint=127.0.0.1:49502
info|2025-10-09 23:57:49.271067|io_service-0x00007f6e176ac700|[NETWORK][Host]startPeerSession, Remote=127.0.0.1:30303,local endpoint=127.0.0.1:49502,nodeID=064cb676...
info|2025-10-09 23:57:49.271633|io_service-0x00007f6e176ac700|[NETWORK][Host]handshakeClient succ,local endpoint=127.0.0.1:39048
info|2025-10-09 23:57:49.271757|P2P-0x00007f6e18eaf700|[P2P][Service] Connection established,nodeID=87d00b98...,endpoint=127.0.0.1:30302
info|2025-10-09 23:57:49.271804|io_service-0x00007f6e176ac700|[NETWORK][Host]startPeerSession, Remote=127.0.0.1:30302,local endpoint=127.0.0.1:39048,nodeID=87d00b98...
info|2025-10-09 23:57:49.274176|io_service-0x00007f6e176ac700|[NETWORK][Host]P2P Recv Connect, From=127.0.0.1:49516
info|2025-10-09 23:57:49.274249|io_service-0x00007f6e176ac700|[NETWORK][Host]P2P StartAccept,Host=0.0.0.0:30303
info|2025-10-09 23:57:49.332915|fisco-bcos-0x00007f6e1a425dc0|[g:1][g:1][STORAGE][CachedStorage]Init flushStorage thread
info|2025-10-09 23:57:49.333278|fisco-bcos-0x00007f6e1a425dc0|[g:1][DBINITIALIZER] [init CachedStorage],maxCapacity=32,maxForwardBlock=10
info|2025-10-09 23:57:49.333334|fisco-bcos-0x00007f6e1a425dc0|[g:1][LEDGER][initLedger][initBlockChain]
info|2025-10-09 23:57:49.333723|fisco-bcos-0x00007f6e1a425dc0|[g:1][LEDGER]set enableHexBlock to be false,version=34275328
info|2025-10-09 23:57:49.333773|fisco-bcos-0x00007f6e1a425dc0|[g:1][BLOCKCHAIN][#checkAndBuildGenesisBlock],shouldBuild=false
info|2025-10-09 23:57:49.336733|io_service-0x00007f6e176ac700|[NETWORK][Host]handshakeServer succ,remote endpoint=127.0.0.1:49516
info|2025-10-09 23:57:49.336988|P2P-0x00007f6e186ae700|[P2P][Service] Connection established,nodeID=73994dae...,endpoint=127.0.0.1:49516
info|2025-10-09 23:57:49.337077|io_service-0x00007f6e176ac700|[NETWORK][Host]startPeerSession, Remote=127.0.0.1:49516,local endpoint=127.0.0.1:30303,nodeID=73994dae...
info|2025-10-09 23:57:49.434884|fisco-bcos-0x00007f6e1a425dc0|[g:1][BLOCKCHAIN][#checkAndBuildGenesisBlock]Already have the 0th block, 0th groupMark is equal to file groupMark.
info|2025-10-09 23:57:49.434909|fisco-bcos-0x00007f6e1a425dc0|[g:1][LEDGER][initLedger]initBlockChain SUCC
info|2025-10-09 23:57:49.434969|fisco-bcos-0x00007f6e1a425dc0|[g:1][DBINITIALIZER] [createStateFactory],type=storage
info|2025-10-09 23:57:49.434977|fisco-bcos-0x00007f6e1a425dc0|[g:1][DBINITIALIZER] createStorageState SUCC
info|2025-10-09 23:57:49.434981|fisco-bcos-0x00007f6e1a425dc0|[g:1][DBINITIALIZER] [createStateFactory SUCC]
info|2025-10-09 23:57:49.434986|fisco-bcos-0x00007f6e1a425dc0|[g:1][DBINITIALIZER] createExecutiveContext...
info|2025-10-09 23:57:49.435002|fisco-bcos-0x00007f6e1a425dc0|[g:1][LEDGER]createGasMetric,vmFlagType=0
info|2025-10-09 23:57:49.435008|fisco-bcos-0x00007f6e1a425dc0|[g:1][LEDGER]createGasMetric
info|2025-10-09 23:57:49.435020|fisco-bcos-0x00007f6e1a425dc0|[g:1][DBINITIALIZER] create precompiledGasFactory and precompiledResultFactory
info|2025-10-09 23:57:49.435024|fisco-bcos-0x00007f6e1a425dc0|[g:1][DBINITIALIZER] createExecutiveContext SUCC
info|2025-10-09 23:57:49.435029|fisco-bcos-0x00007f6e1a425dc0|[g:1][DBINITIALIZER] [setSyncNumForCachedStorage],syncNum=248
info|2025-10-09 23:57:49.435037|fisco-bcos-0x00007f6e1a425dc0|[g:1][LEDGER][initNetworkBandWidthLimiter: outGoingBandwidthLimit has been disabled],groupId=1
info|2025-10-09 23:57:49.435043|fisco-bcos-0x00007f6e1a425dc0|[g:1][LEDGER][QPSLimit has been disabled],groupId=1
info|2025-10-09 23:57:49.435047|fisco-bcos-0x00007f6e1a425dc0|[g:1][LEDGER][initLedger][initBlockVerifier]
info|2025-10-09 23:57:49.435055|fisco-bcos-0x00007f6e1a425dc0|[g:1][LEDGER][initLedger][initBlockVerifier SUCC],evmFlags=0
info|2025-10-09 23:57:49.435061|fisco-bcos-0x00007f6e1a425dc0|[g:1][LEDGER][initLedger][initTxPool],txPoolLimit=150000
info|2025-10-09 23:57:49.540227|fisco-bcos-0x00007f6e1a425dc0|[g:1][LEDGER][initLedger]initTxPool SUCC
info|2025-10-09 23:57:49.540285|fisco-bcos-0x00007f6e1a425dc0|[g:1][LEDGER][initLedger][initSync],idleWaitMs=200,gossipInterval=1000,gossipPeers=3
info|2025-10-09 23:57:49.540297|fisco-bcos-0x00007f6e1a425dc0|[g:1][LEDGER]Init sync master,enableSendBlockStatusByTree=true,enableSendTxsByTree=true
info|2025-10-09 23:57:49.541447|fisco-bcos-0x00007f6e1a425dc0|[g:1][LEDGER][initLedger]initSync SUCC
info|2025-10-09 23:57:49.541504|fisco-bcos-0x00007f6e1a425dc0|[g:1][LEDGER][initLedger][consensusInitFactory]
info|2025-10-09 23:57:49.541513|fisco-bcos-0x00007f6e1a425dc0|[g:1][LEDGER][initLedger][createPBFTSealer]
info|2025-10-09 23:57:49.541518|fisco-bcos-0x00007f6e1a425dc0|[g:1][LEDGER][initLedger][createPBFTSealer],baseDir=data//group1,Protocol=65544
info|2025-10-09 23:57:49.541618|fisco-bcos-0x00007f6e1a425dc0|[g:1][LEDGER][initLedger]createPBFTSealer for PBFT or rPBFT,consensusType=pbft
info|2025-10-09 23:57:49.541737|fisco-bcos-0x00007f6e1a425dc0|[g:1][LEDGER]createConsensusEngine: create PBFTEngine
info|2025-10-09 23:57:49.541817|fisco-bcos-0x00007f6e1a425dc0|[g:1][CONSENSUS][PBFT]Register handler for PBFTEngine
info|2025-10-09 23:57:49.542846|fisco-bcos-0x00007f6e1a425dc0|[g:1][CONSENSUS][PBFT]setMinBlockGenerationTime,minBlockGenerationTime=500,consensusTime=1000
info|2025-10-09 23:57:49.542898|fisco-bcos-0x00007f6e1a425dc0|[g:1][LEDGER][initEventLogFilterManager]initEventLogFilterManager SUCC
info|2025-10-09 23:57:49.542908|fisco-bcos-0x00007f6e1a425dc0|[LedgerInitializer init group succ],groupID=1
info|2025-10-09 23:57:49.543191|fisco-bcos-0x00007f6e1a425dc0|[SafeHttpServer::StartListening]use default epoll
info|2025-10-09 23:57:49.543850|fisco-bcos-0x00007f6e1a425dc0|[INITIALIZER][RPCInitializer JsonrpcHttpServer started],jsonrpc_IP=127.0.0.1,jsonrpc_listen_port=8548,jsonrpc_thread_count=8,ipv6=false,disableDynamicGroup=false,uncheckGroupMember=false
info|2025-10-09 23:57:49.543920|fisco-bcos-0x00007f6e1a425dc0|[g:1][LEDGER]startAll...
info|2025-10-09 23:57:49.547012|fisco-bcos-0x00007f6e1a425dc0|[g:1][GossipBlockStatus]start GossipBlockStatus succ
info|2025-10-09 23:57:49.547106|fisco-bcos-0x00007f6e1a425dc0|[g:1][CONSENSUS][ConsensusEngine][Start ConsensusEngineBase]
info|2025-10-09 23:57:49.547405|fisco-bcos-0x00007f6e1a425dc0|[g:1][CONSENSUS][PBFT]^^^^^^^^Report,num=248,sealerIdx=0,hash=4bc5635e...,next=249,tx=1,nodeIdx=0
info|2025-10-09 23:57:49.547480|fisco-bcos-0x00007f6e1a425dc0|[g:1][ROCKSDB]open rocksDB handler,path=data//group1/pbftMsgBackup/RocksDB
info|2025-10-09 23:57:49.564461|fisco-bcos-0x00007f6e1a425dc0|[g:1][CONSENSUS][PBFT][PBFT init env successfully]
info|2025-10-09 23:57:49.564510|fisco-bcos-0x00007f6e1a425dc0|[g:1][CONSENSUS][PBFT][Start PBFTEngine...]
info|2025-10-09 23:57:49.564519|fisco-bcos-0x00007f6e1a425dc0|[g:1][CONSENSUS][SEALER][Start sealer module]
info|2025-10-09 23:57:49.566675|fisco-bcos-0x00007f6e1a425dc0|[g:1][EVENT][EventLogFilterManager]start,m_maxBlockRange=0,m_maxBlockPerLoopFilter=3
info|2025-10-09 23:57:50.336879|alignTime-1-0x00007f6e07e8d700|[g:1][NodeTimeMaintenance]updateTimeInfo: update median time offset,updatedMedianTimeOffset=0,peer=374bdfe9...,peerTime=1760079470336,peerOffset=0,utcTime=1760079470336
info|2025-10-09 23:57:50.458868|alignTime-1-0x00007f6e07e8d700|[g:1][NodeTimeMaintenance]updateTimeInfo: update median time offset,updatedMedianTimeOffset=0,peer=87d00b98...,peerTime=1760079470458,peerOffset=0,utcTime=1760079470458
info|2025-10-09 23:57:50.498362|alignTime-1-0x00007f6e07e8d700|[g:1][NodeTimeMaintenance]updateTimeInfo: update median time offset,updatedMedianTimeOffset=0,peer=73994dae...,peerTime=1760079470498,peerOffset=0,utcTime=1760079470498
info|2025-10-09 23:57:50.547514|PBFTSeal-1-0x00007f6df5e69700|[g:1][CONSENSUS][SEALER]++++++++++++++++ Generating seal on,blkNum=249,tx=0,nodeIdx=0,hash=58a8b788...
info|2025-10-09 23:57:50.556933|PBFT-1-0x00007f6dfd678700|[g:1][CONSENSUS][PBFT]checkTimeout Succ,view=0,toView=1,nodeIdx=0,changeCycle=1,myNode=064cb676...,timecost=2
info|2025-10-09 23:57:50.581887|PBFT-1-0x00007f6dfd678700|[g:1][CONSENSUS][PBFT]checkAndChangeView: Reach consensus,org_view=0,cur_changeCycle=1,curView=0,view=1
warning|2025-10-09 23:57:55.084708|PBFT-1-0x00007f6dfd678700|[g:1][CONSENSUS][PBFT]ViewChangeWarning: not caused by omit empty block ,v=1,toV=2,curNum=248,hash=4bc5635e...,nodeIdx=0,myNode=064cb676...
info|2025-10-09 23:57:55.084973|PBFT-1-0x00007f6dfd678700|[g:1][CONSENSUS][PBFT]checkTimeout Succ,view=1,toView=2,nodeIdx=0,changeCycle=2,myNode=064cb676...,timecost=1
info|2025-10-09 23:57:55.098699|PBFT-1-0x00007f6dfd678700|[g:1][CONSENSUS][PBFT]checkAndChangeView: Reach consensus,org_view=1,cur_changeCycle=2,curView=1,view=2
info|2025-10-09 23:57:56.102834|PBFT-1-0x00007f6dfd678700|[g:1][CONSENSUS]addRawPrepare,height=249,reqIdx=2,hash=634a480a...,time=0
info|2025-10-09 23:57:56.107284|PBFT-1-0x00007f6dfd678700|[g:1][CONSENSUS][PBFT]checkTimeout Succ,view=2,toView=3,nodeIdx=0,changeCycle=1,myNode=064cb676...,timecost=5
info|2025-10-09 23:57:56.112870|PBFT-1-0x00007f6dfd678700|[g:1][CONSENSUS][PBFT]checkAndChangeView: Reach consensus,org_view=2,cur_changeCycle=1,curView=2,view=3
info|2025-10-09 23:57:57.117921|PBFT-1-0x00007f6dfd678700|[g:1][CONSENSUS]addRawPrepare,height=249,reqIdx=3,hash=c20259ea...,time=0
info|2025-10-09 23:57:57.122792|PBFT-1-0x00007f6dfd678700|[g:1][CONSENSUS][PBFT]checkTimeout Succ,view=3,toView=4,nodeIdx=0,changeCycle=1,myNode=064cb676...,timecost=4
info|2025-10-09 23:57:57.131508|PBFT-1-0x00007f6dfd678700|[g:1][CONSENSUS][PBFT]checkAndChangeView: Reach consensus,org_view=3,cur_changeCycle=1,curView=3,view=4
info|2025-10-09 23:57:58.133154|PBFTSeal-1-0x00007f6df5e69700|[g:1][CONSENSUS][SEALER]++++++++++++++++ Generating seal on,blkNum=249,tx=0,nodeIdx=0,hash=0fcc735d...
info|2025-10-09 23:57:58.182928|PBFT-1-0x00007f6dfd678700|[g:1][CONSENSUS][PBFT]checkTimeout Succ,view=4,toView=5,nodeIdx=0,changeCycle=1,myNode=064cb676...,timecost=33
info|2025-10-09 23:57:58.189637|PBFT-1-0x00007f6dfd678700|[g:1][CONSENSUS][PBFT]checkAndChangeView: Reach consensus,org_view=4,cur_changeCycle=1,curView=4,view=5
info|2025-10-09 23:57:59.205841|io_service-0x00007f6e176ac700|[NETWORK][Host]P2P Recv Connect, From=127.0.0.1:34538
info|2025-10-09 23:57:59.206000|io_service-0x00007f6e176ac700|[NETWORK][Host]P2P StartAccept,Host=0.0.0.0:30303
info|2025-10-09 23:57:59.219832|io_service-0x00007f6e176ac700|[NETWORK][Host]P2P Recv Connect, From=127.0.0.1:34540
info|2025-10-09 23:57:59.220037|io_service-0x00007f6e176ac700|[NETWORK][Host]P2P StartAccept,Host=0.0.0.0:30303
info|2025-10-09 23:57:59.233327|io_service-0x00007f6e176ac700|[NETWORK][Host]Connecting to node,endpoint=127.0.0.1:30300
info|2025-10-09 23:57:59.233487|io_service-0x00007f6e176ac700|[P2P][Service] heartBeat,connected count=3
info|2025-10-09 23:57:59.233555|io_service-0x00007f6e176ac700|[NETWORK][Host]handshakeServer succ,remote endpoint=127.0.0.1:34538
info|2025-10-09 23:57:59.233625|io_service-0x00007f6e176ac700|[NETWORK][Host]startPeerSession, Remote=127.0.0.1:34538,local endpoint=127.0.0.1:30303,nodeID=374bdfe9...
info|2025-10-09 23:57:59.239603|io_service-0x00007f6e176ac700|[NETWORK][ASIO]asyncResolveConnect,endpoint=127.0.0.1:30300
info|2025-10-09 23:57:59.239729|io_service-0x00007f6e176ac700|[NETWORK][Host]handshakeServer succ,remote endpoint=127.0.0.1:34540
info|2025-10-09 23:57:59.239988|io_service-0x00007f6e176ac700|[NETWORK][Host]startPeerSession, Remote=127.0.0.1:34540,local endpoint=127.0.0.1:30303,nodeID=87d00b98...
info|2025-10-09 23:57:59.259383|io_service-0x00007f6e176ac700|[NETWORK][Host]handshakeClient succ,local endpoint=127.0.0.1:51320
info|2025-10-09 23:57:59.259492|io_service-0x00007f6e176ac700|[NETWORK][Host]startPeerSession, Remote=127.0.0.1:30300,local endpoint=127.0.0.1:51320,nodeID=73994dae...
warning|2025-10-09 23:58:02.696392|PBFT-1-0x00007f6dfd678700|[g:1][CONSENSUS][PBFT]ViewChangeWarning: not caused by omit empty block ,v=5,toV=6,curNum=248,hash=4bc5635e...,nodeIdx=0,myNode=064cb676...
info|2025-10-09 23:58:02.696736|PBFT-1-0x00007f6dfd678700|[g:1][CONSENSUS][PBFT]checkTimeout Succ,view=5,toView=6,nodeIdx=0,changeCycle=2,myNode=064cb676...,timecost=2
info|2025-10-09 23:58:02.720187|PBFT-1-0x00007f6dfd678700|[g:1][CONSENSUS][PBFT]checkAndChangeView: Reach consensus,org_view=5,cur_changeCycle=2,curView=5,view=6
info|2025-10-09 23:58:03.729093|PBFT-1-0x00007f6dfd678700|[g:1][CONSENSUS]addRawPrepare,height=249,reqIdx=2,hash=13b2ff82...,time=0
info|2025-10-09 23:58:03.731393|PBFT-1-0x00007f6dfd678700|[g:1][CONSENSUS][PBFT]checkTimeout Succ,view=6,toView=7,nodeIdx=0,changeCycle=1,myNode=064cb676...,timecost=2
info|2025-10-09 23:58:03.739647|PBFT-1-0x00007f6dfd678700|[g:1][CONSENSUS][PBFT]checkAndChangeView: Reach consensus,org_view=6,cur_changeCycle=1,curView=6,view=7
info|2025-10-09 23:58:04.746132|PBFT-1-0x00007f6dfd678700|[g:1][CONSENSUS]addRawPrepare,height=249,reqIdx=3,hash=2ac9191f...,time=0
info|2025-10-09 23:58:04.752686|PBFT-1-0x00007f6dfd678700|[g:1][CONSENSUS][PBFT]checkTimeout Succ,view=7,toView=8,nodeIdx=0,changeCycle=1,myNode=064cb676...,timecost=5
info|2025-10-09 23:58:04.757831|PBFT-1-0x00007f6dfd678700|[g:1][CONSENSUS][PBFT]checkAndChangeView: Reach consensus,org_view=7,cur_changeCycle=1,curView=7,view=8
info|2025-10-09 23:58:05.472024|P2P-0x00007f6e186ae700|[g:1] [SYNC][id:064cb676...][Download][Request]Receive block request,peer=374bdfe9...,from=184,to=184
info|2025-10-09 23:58:05.534347|SyncSend-1-0x00007f6e09e91700|[g:1][SYNC][id:064cb676...][Download][Request][BlockSync]Batch blocks for sending,blockSize=24480,number=184,peer=374bdfe9...,timeCost=62
info|2025-10-09 23:58:05.534706|SyncSend-1-0x00007f6e09e91700|[g:1][g:1] [SYNC][id:374bdfe9...][Download][Request][BlockSync]Send block packet,peer=374bdfe9...,blocks=1,bytes(V)=24487
info|2025-10-09 23:58:05.759141|PBFTSeal-1-0x00007f6df5e69700|[g:1][CONSENSUS][SEALER]++++++++++++++++ Generating seal on,blkNum=249,tx=0,nodeIdx=0,hash=1b1df3fc...
info|2025-10-09 23:58:05.769101|PBFT-1-0x00007f6dfd678700|[g:1][CONSENSUS][PBFT]checkTimeout Succ,view=8,toView=9,nodeIdx=0,changeCycle=1,myNode=064cb676...,timecost=7
info|2025-10-09 23:58:05.774441|PBFT-1-0x00007f6dfd678700|[g:1][CONSENSUS][PBFT]checkAndChangeView: Reach consensus,org_view=8,cur_changeCycle=1,curView=8,view=9
info|2025-10-09 23:58:09.234623|io_service-0x00007f6e176ac700|[P2P][Service] heartBeat,connected count=3
info|2025-10-09 23:58:09.374626|P2P-0x00007f6e196b0700|[NETWORK][Session]Received topic: [2	_block_notify_1] from 73994dae9e8b8da733108a4153dfe79151d701dff425f84c87b5324e8ebd02ab6a0ebc9e4f1e0298a7ddca50f94a8f95c62b6997226d571e470e8f2b0600634a
warning|2025-10-09 23:58:10.283590|PBFT-1-0x00007f6dfd678700|[g:1][CONSENSUS][PBFT]ViewChangeWarning: not caused by omit empty block ,v=9,toV=10,curNum=248,hash=4bc5635e...,nodeIdx=0,myNode=064cb676...
info|2025-10-09 23:58:10.322820|PBFT-1-0x00007f6dfd678700|[g:1][CONSENSUS][PBFT]checkTimeout Succ,view=9,toView=10,nodeIdx=0,changeCycle=2,myNode=064cb676...,timecost=42
info|2025-10-09 23:58:10.329496|PBFT-1-0x00007f6dfd678700|[g:1][CONSENSUS][PBFT]checkAndChangeView: Reach consensus,org_view=9,cur_changeCycle=2,curView=9,view=10
info|2025-10-09 23:58:11.341835|PBFT-1-0x00007f6dfd678700|[g:1][CONSENSUS]addRawPrepare,height=249,reqIdx=2,hash=30c43faa...,time=1
info|2025-10-09 23:58:11.345877|PBFT-1-0x00007f6dfd678700|[g:1][CONSENSUS][PBFT]checkTimeout Succ,view=10,toView=11,nodeIdx=0,changeCycle=1,myNode=064cb676...,timecost=4
info|2025-10-09 23:58:11.350428|PBFT-1-0x00007f6dfd678700|[g:1][CONSENSUS][PBFT]checkAndChangeView: Reach consensus,org_view=10,cur_changeCycle=1,curView=10,view=11
info|2025-10-09 23:58:11.969073|P2P-0x00007f6e196b0700|[g:1] [SYNC][id:064cb676...][Download][Request]Receive block request,peer=374bdfe9...,from=184,to=184
info|2025-10-09 23:58:11.969598|SyncSend-1-0x00007f6e09e91700|[g:1][SYNC][id:064cb676...][Download][Request][BlockSync]Batch blocks for sending,blockSize=24480,number=184,peer=374bdfe9...,timeCost=0
info|2025-10-09 23:58:11.969788|SyncSend-1-0x00007f6e09e91700|[g:1][g:1] [SYNC][id:374bdfe9...][Download][Request][BlockSync]Send block packet,peer=374bdfe9...,blocks=1,bytes(V)=24487
info|2025-10-09 23:58:12.360816|PBFT-1-0x00007f6dfd678700|[g:1][CONSENSUS]addRawPrepare,height=249,reqIdx=3,hash=c30a3226...,time=0
info|2025-10-09 23:58:12.364430|PBFT-1-0x00007f6dfd678700|[g:1][CONSENSUS][PBFT]checkTimeout Succ,view=11,toView=12,nodeIdx=0,changeCycle=1,myNode=064cb676...,timecost=3
info|2025-10-09 23:58:12.377664|PBFT-1-0x00007f6dfd678700|[g:1][CONSENSUS][PBFT]checkAndChangeView: Reach consensus,org_view=11,cur_changeCycle=1,curView=11,view=12
info|2025-10-09 23:58:13.379130|PBFTSeal-1-0x00007f6df5e69700|[g:1][CONSENSUS][SEALER]++++++++++++++++ Generating seal on,blkNum=249,tx=0,nodeIdx=0,hash=5c620e83...
info|2025-10-09 23:58:13.382576|PBFT-1-0x00007f6dfd678700|[g:1][CONSENSUS][PBFT]checkTimeout Succ,view=12,toView=13,nodeIdx=0,changeCycle=1,myNode=064cb676...,timecost=1
info|2025-10-09 23:58:13.391518|PBFT-1-0x00007f6dfd678700|[g:1][CONSENSUS][PBFT]checkAndChangeView: Reach consensus,org_view=12,cur_changeCycle=1,curView=12,view=13
warning|2025-10-09 23:58:17.901091|PBFT-1-0x00007f6dfd678700|[g:1][CONSENSUS][PBFT]ViewChangeWarning: not caused by omit empty block ,v=13,toV=14,curNum=248,hash=4bc5635e...,nodeIdx=0,myNode=064cb676...
info|2025-10-09 23:58:17.906475|PBFT-1-0x00007f6dfd678700|[g:1][CONSENSUS][PBFT]checkTimeout Succ,view=13,toView=14,nodeIdx=0,changeCycle=2,myNode=064cb676...,timecost=7
info|2025-10-09 23:58:17.915910|PBFT-1-0x00007f6dfd678700|[g:1][CONSENSUS][PBFT]checkAndChangeView: Reach consensus,org_view=13,cur_changeCycle=2,curView=13,view=14
info|2025-10-09 23:58:18.375954|P2P-0x00007f6e186ae700|[g:1] [SYNC][id:064cb676...][Download][Request]Receive block request,peer=374bdfe9...,from=184,to=184
info|2025-10-09 23:58:18.376424|SyncSend-1-0x00007f6e09e91700|[g:1][SYNC][id:064cb676...][Download][Request][BlockSync]Batch blocks for sending,blockSize=24480,number=184,peer=374bdfe9...,timeCost=0
info|2025-10-09 23:58:18.376498|SyncSend-1-0x00007f6e09e91700|[g:1][g:1] [SYNC][id:374bdfe9...][Download][Request][BlockSync]Send block packet,peer=374bdfe9...,blocks=1,bytes(V)=24487
info|2025-10-09 23:58:18.916381|PBFT-1-0x00007f6dfd678700|[g:1][CONSENSUS]addRawPrepare,height=249,reqIdx=2,hash=39aabcc2...,time=0
info|2025-10-09 23:58:18.919574|PBFT-1-0x00007f6dfd678700|[g:1][CONSENSUS][PBFT]checkTimeout Succ,view=14,toView=15,nodeIdx=0,changeCycle=1,myNode=064cb676...,timecost=3
info|2025-10-09 23:58:18.933005|PBFT-1-0x00007f6dfd678700|[g:1][CONSENSUS][PBFT]checkAndChangeView: Reach consensus,org_view=14,cur_changeCycle=1,curView=14,view=15
info|2025-10-09 23:58:19.235134|io_service-0x00007f6e176ac700|[P2P][Service] heartBeat,connected count=3
info|2025-10-09 23:58:19.940603|PBFT-1-0x00007f6dfd678700|[g:1][CONSENSUS]addRawPrepare,height=249,reqIdx=3,hash=68452cda...,time=0
info|2025-10-09 23:58:19.942470|PBFT-1-0x00007f6dfd678700|[g:1][CONSENSUS][PBFT]checkTimeout Succ,view=15,toView=16,nodeIdx=0,changeCycle=1,myNode=064cb676...,timecost=2
info|2025-10-09 23:58:19.952007|PBFT-1-0x00007f6dfd678700|[g:1][CONSENSUS][PBFT]checkAndChangeView: Reach consensus,org_view=15,cur_changeCycle=1,curView=15,view=16
info|2025-10-09 23:58:20.952657|PBFTSeal-1-0x00007f6df5e69700|[g:1][CONSENSUS][SEALER]++++++++++++++++ Generating seal on,blkNum=249,tx=0,nodeIdx=0,hash=99c8d9ad...
info|2025-10-09 23:58:20.963857|PBFT-1-0x00007f6dfd678700|[g:1][CONSENSUS][PBFT]checkTimeout Succ,view=16,toView=17,nodeIdx=0,changeCycle=1,myNode=064cb676...,timecost=3
info|2025-10-09 23:58:20.971155|PBFT-1-0x00007f6dfd678700|[g:1][CONSENSUS][PBFT]checkAndChangeView: Reach consensus,org_view=16,cur_changeCycle=1,curView=16,view=17
warning|2025-10-09 23:58:25.478815|PBFT-1-0x00007f6dfd678700|[g:1][CONSENSUS][PBFT]ViewChangeWarning: not caused by omit empty block ,v=17,toV=18,curNum=248,hash=4bc5635e...,nodeIdx=0,myNode=064cb676...
info|2025-10-09 23:58:25.479016|PBFT-1-0x00007f6dfd678700|[g:1][CONSENSUS][PBFT]checkTimeout Succ,view=17,toView=18,nodeIdx=0,changeCycle=2,myNode=064cb676...,timecost=3
info|2025-10-09 23:58:25.481984|PBFT-1-0x00007f6dfd678700|[g:1][CONSENSUS][PBFT]checkAndChangeView: Reach consensus,org_view=17,cur_changeCycle=2,curView=17,view=18
info|2025-10-09 23:58:26.485545|PBFT-1-0x00007f6dfd678700|[g:1][CONSENSUS]addRawPrepare,height=249,reqIdx=2,hash=78de4fee...,time=0
info|2025-10-09 23:58:26.492804|PBFT-1-0x00007f6dfd678700|[g:1][CONSENSUS][PBFT]checkTimeout Succ,view=18,toView=19,nodeIdx=0,changeCycle=1,myNode=064cb676...,timecost=7
info|2025-10-09 23:58:26.500977|PBFT-1-0x00007f6dfd678700|[g:1][CONSENSUS][PBFT]checkAndChangeView: Reach consensus,org_view=18,cur_changeCycle=1,curView=18,view=19
info|2025-10-09 23:58:27.532784|PBFT-1-0x00007f6dfd678700|[g:1][CONSENSUS]addRawPrepare,height=249,reqIdx=3,hash=9681addf...,time=0
info|2025-10-09 23:58:27.535369|PBFT-1-0x00007f6dfd678700|[g:1][CONSENSUS][PBFT]checkTimeout Succ,view=19,toView=20,nodeIdx=0,changeCycle=1,myNode=064cb676...,timecost=3
info|2025-10-09 23:58:27.540247|PBFT-1-0x00007f6dfd678700|[g:1][CONSENSUS][PBFT]checkAndChangeView: Reach consensus,org_view=19,cur_changeCycle=1,curView=19,view=20
info|2025-10-09 23:58:28.540441|PBFTSeal-1-0x00007f6df5e69700|[g:1][CONSENSUS][SEALER]++++++++++++++++ Generating seal on,blkNum=249,tx=0,nodeIdx=0,hash=1eea2972...
info|2025-10-09 23:58:28.544686|PBFT-1-0x00007f6dfd678700|[g:1][CONSENSUS][PBFT]checkTimeout Succ,view=20,toView=21,nodeIdx=0,changeCycle=1,myNode=064cb676...,timecost=2
info|2025-10-09 23:58:28.556878|PBFT-1-0x00007f6dfd678700|[g:1][CONSENSUS][PBFT]checkAndChangeView: Reach consensus,org_view=20,cur_changeCycle=1,curView=20,view=21
info|2025-10-09 23:58:29.235347|io_service-0x00007f6e176ac700|[P2P][Service] heartBeat,connected count=3
info|2025-10-09 23:58:31.186117|P2P-0x00007f6e186ae700|[g:1] [SYNC][id:064cb676...][Download][Request]Receive block request,peer=374bdfe9...,from=184,to=184
info|2025-10-09 23:58:31.186672|SyncSend-1-0x00007f6e09e91700|[g:1][SYNC][id:064cb676...][Download][Request][BlockSync]Batch blocks for sending,blockSize=24480,number=184,peer=374bdfe9...,timeCost=0
info|2025-10-09 23:58:31.186748|SyncSend-1-0x00007f6e09e91700|[g:1][g:1] [SYNC][id:374bdfe9...][Download][Request][BlockSync]Send block packet,peer=374bdfe9...,blocks=1,bytes(V)=24487
warning|2025-10-09 23:58:33.066053|PBFT-1-0x00007f6dfd678700|[g:1][CONSENSUS][PBFT]ViewChangeWarning: not caused by omit empty block ,v=21,toV=22,curNum=248,hash=4bc5635e...,nodeIdx=0,myNode=064cb676...
info|2025-10-09 23:58:33.066248|PBFT-1-0x00007f6dfd678700|[g:1][CONSENSUS][PBFT]checkTimeout Succ,view=21,toView=22,nodeIdx=0,changeCycle=2,myNode=064cb676...,timecost=2
info|2025-10-09 23:58:33.072126|PBFT-1-0x00007f6dfd678700|[g:1][CONSENSUS][PBFT]checkAndChangeView: Reach consensus,org_view=21,cur_changeCycle=2,curView=21,view=22
info|2025-10-09 23:58:34.083362|PBFT-1-0x00007f6dfd678700|[g:1][CONSENSUS]addRawPrepare,height=249,reqIdx=2,hash=e0eb5edb...,time=0
info|2025-10-09 23:58:34.087703|PBFT-1-0x00007f6dfd678700|[g:1][CONSENSUS][PBFT]checkTimeout Succ,view=22,toView=23,nodeIdx=0,changeCycle=1,myNode=064cb676...,timecost=4
info|2025-10-09 23:58:34.093605|PBFT-1-0x00007f6dfd678700|[g:1][CONSENSUS][PBFT]checkAndChangeView: Reach consensus,org_view=22,cur_changeCycle=1,curView=22,view=23
info|2025-10-09 23:58:35.095710|PBFT-1-0x00007f6dfd678700|[g:1][CONSENSUS]addRawPrepare,height=249,reqIdx=3,hash=16fc31cc...,time=0
info|2025-10-09 23:58:35.103740|PBFT-1-0x00007f6dfd678700|[g:1][CONSENSUS][PBFT]checkTimeout Succ,view=23,toView=24,nodeIdx=0,changeCycle=1,myNode=064cb676...,timecost=8
info|2025-10-09 23:58:35.107518|PBFT-1-0x00007f6dfd678700|[g:1][CONSENSUS][PBFT]checkAndChangeView: Reach consensus,org_view=23,cur_changeCycle=1,curView=23,view=24
info|2025-10-09 23:58:36.107673|PBFTSeal-1-0x00007f6df5e69700|[g:1][CONSENSUS][SEALER]++++++++++++++++ Generating seal on,blkNum=249,tx=0,nodeIdx=0,hash=c5b0d85d...
info|2025-10-09 23:58:36.120704|PBFT-1-0x00007f6dfd678700|[g:1][CONSENSUS][PBFT]checkTimeout Succ,view=24,toView=25,nodeIdx=0,changeCycle=1,myNode=064cb676...,timecost=7
info|2025-10-09 23:58:36.124105|PBFT-1-0x00007f6dfd678700|[g:1][CONSENSUS][PBFT]checkAndChangeView: Reach consensus,org_view=24,cur_changeCycle=1,curView=24,view=25
info|2025-10-09 23:58:37.589208|P2P-0x00007f6e17ead700|[g:1] [SYNC][id:064cb676...][Download][Request]Receive block request,peer=374bdfe9...,from=184,to=184
info|2025-10-09 23:58:37.589863|SyncSend-1-0x00007f6e09e91700|[g:1][SYNC][id:064cb676...][Download][Request][BlockSync]Batch blocks for sending,blockSize=24480,number=184,peer=374bdfe9...,timeCost=0
info|2025-10-09 23:58:37.589960|SyncSend-1-0x00007f6e09e91700|[g:1][g:1] [SYNC][id:374bdfe9...][Download][Request][BlockSync]Send block packet,peer=374bdfe9...,blocks=1,bytes(V)=24487
info|2025-10-09 23:58:39.236325|io_service-0x00007f6e176ac700|[P2P][Service] heartBeat,connected count=3
warning|2025-10-09 23:58:40.629880|PBFT-1-0x00007f6dfd678700|[g:1][CONSENSUS][PBFT]ViewChangeWarning: not caused by omit empty block ,v=25,toV=26,curNum=248,hash=4bc5635e...,nodeIdx=0,myNode=064cb676...
info|2025-10-09 23:58:40.630819|PBFT-1-0x00007f6dfd678700|[g:1][CONSENSUS][PBFT]checkTimeout Succ,view=25,toView=26,nodeIdx=0,changeCycle=2,myNode=064cb676...,timecost=2
info|2025-10-09 23:58:40.636726|PBFT-1-0x00007f6dfd678700|[g:1][CONSENSUS][PBFT]checkAndChangeView: Reach consensus,org_view=25,cur_changeCycle=2,curView=25,view=26
info|2025-10-09 23:58:41.641719|PBFT-1-0x00007f6dfd678700|[g:1][CONSENSUS]addRawPrepare,height=249,reqIdx=2,hash=6c5ebb86...,time=0
info|2025-10-09 23:58:41.643865|PBFT-1-0x00007f6dfd678700|[g:1][CONSENSUS][PBFT]checkTimeout Succ,view=26,toView=27,nodeIdx=0,changeCycle=1,myNode=064cb676...,timecost=2
info|2025-10-09 23:58:41.653768|PBFT-1-0x00007f6dfd678700|[g:1][CONSENSUS][PBFT]checkAndChangeView: Reach consensus,org_view=26,cur_changeCycle=1,curView=26,view=27
info|2025-10-09 23:58:42.660083|PBFT-1-0x00007f6dfd678700|[g:1][CONSENSUS]addRawPrepare,height=249,reqIdx=3,hash=76097e31...,time=1
info|2025-10-09 23:58:42.668998|PBFT-1-0x00007f6dfd678700|[g:1][CONSENSUS][PBFT]checkTimeout Succ,view=27,toView=28,nodeIdx=0,changeCycle=1,myNode=064cb676...,timecost=9
info|2025-10-09 23:58:42.671895|PBFT-1-0x00007f6dfd678700|[g:1][CONSENSUS][PBFT]checkAndChangeView: Reach consensus,org_view=27,cur_changeCycle=1,curView=27,view=28
info|2025-10-09 23:58:43.692975|PBFTSeal-1-0x00007f6df5e69700|[g:1][CONSENSUS][SEALER]++++++++++++++++ Generating seal on,blkNum=249,tx=0,nodeIdx=0,hash=95cd8c50...
info|2025-10-09 23:58:43.696898|PBFT-1-0x00007f6dfd678700|[g:1][CONSENSUS][PBFT]checkTimeout Succ,view=28,toView=29,nodeIdx=0,changeCycle=1,myNode=064cb676...,timecost=1
info|2025-10-09 23:58:43.718362|PBFT-1-0x00007f6dfd678700|[g:1][CONSENSUS][PBFT]checkAndChangeView: Reach consensus,org_view=28,cur_changeCycle=1,curView=28,view=29
warning|2025-10-09 23:58:48.222797|PBFT-1-0x00007f6dfd678700|[g:1][CONSENSUS][PBFT]ViewChangeWarning: not caused by omit empty block ,v=29,toV=30,curNum=248,hash=4bc5635e...,nodeIdx=0,myNode=064cb676...
info|2025-10-09 23:58:48.223194|PBFT-1-0x00007f6dfd678700|[g:1][CONSENSUS][PBFT]checkTimeout Succ,view=29,toView=30,nodeIdx=0,changeCycle=2,myNode=064cb676...,timecost=2
info|2025-10-09 23:58:48.234670|PBFT-1-0x00007f6dfd678700|[g:1][CONSENSUS][PBFT]checkAndChangeView: Reach consensus,org_view=29,cur_changeCycle=2,curView=29,view=30
info|2025-10-09 23:58:49.236843|io_service-0x00007f6e176ac700|[P2P][Service] heartBeat,connected count=3
info|2025-10-09 23:58:49.243744|PBFT-1-0x00007f6dfd678700|[g:1][CONSENSUS]addRawPrepare,height=249,reqIdx=2,hash=7c8b2594...,time=0
info|2025-10-09 23:58:49.254858|PBFT-1-0x00007f6dfd678700|[g:1][CONSENSUS][PBFT]checkTimeout Succ,view=30,toView=31,nodeIdx=0,changeCycle=1,myNode=064cb676...,timecost=10
info|2025-10-09 23:58:49.259918|PBFT-1-0x00007f6dfd678700|[g:1][CONSENSUS][PBFT]checkAndChangeView: Reach consensus,org_view=30,cur_changeCycle=1,curView=30,view=31
info|2025-10-09 23:58:50.263567|PBFT-1-0x00007f6dfd678700|[g:1][CONSENSUS]addRawPrepare,height=249,reqIdx=3,hash=69d8fe69...,time=0
info|2025-10-09 23:58:50.265803|PBFT-1-0x00007f6dfd678700|[g:1][CONSENSUS][PBFT]checkTimeout Succ,view=31,toView=32,nodeIdx=0,changeCycle=1,myNode=064cb676...,timecost=2
info|2025-10-09 23:58:50.271115|PBFT-1-0x00007f6dfd678700|[g:1][CONSENSUS][PBFT]checkAndChangeView: Reach consensus,org_view=31,cur_changeCycle=1,curView=31,view=32
info|2025-10-09 23:58:51.272122|PBFTSeal-1-0x00007f6df5e69700|[g:1][CONSENSUS][SEALER]++++++++++++++++ Generating seal on,blkNum=249,tx=0,nodeIdx=0,hash=0b0cfbc5...
info|2025-10-09 23:58:51.281220|PBFT-1-0x00007f6dfd678700|[g:1][CONSENSUS][PBFT]checkTimeout Succ,view=32,toView=33,nodeIdx=0,changeCycle=1,myNode=064cb676...,timecost=7
info|2025-10-09 23:58:51.291559|PBFT-1-0x00007f6dfd678700|[g:1][CONSENSUS][PBFT]checkAndChangeView: Reach consensus,org_view=32,cur_changeCycle=1,curView=32,view=33
warning|2025-10-09 23:58:55.794527|PBFT-1-0x00007f6dfd678700|[g:1][CONSENSUS][PBFT]ViewChangeWarning: not caused by omit empty block ,v=33,toV=34,curNum=248,hash=4bc5635e...,nodeIdx=0,myNode=064cb676...
info|2025-10-09 23:58:55.796018|PBFT-1-0x00007f6dfd678700|[g:1][CONSENSUS][PBFT]checkTimeout Succ,view=33,toView=34,nodeIdx=0,changeCycle=2,myNode=064cb676...,timecost=3
info|2025-10-09 23:58:55.804358|PBFT-1-0x00007f6dfd678700|[g:1][CONSENSUS][PBFT]checkAndChangeView: Reach consensus,org_view=33,cur_changeCycle=2,curView=33,view=34
info|2025-10-09 23:58:56.810132|PBFT-1-0x00007f6dfd678700|[g:1][CONSENSUS]addRawPrepare,height=249,reqIdx=2,hash=2dc4548f...,time=0
info|2025-10-09 23:58:56.821092|PBFT-1-0x00007f6dfd678700|[g:1][CONSENSUS][PBFT]checkTimeout Succ,view=34,toView=35,nodeIdx=0,changeCycle=1,myNode=064cb676...,timecost=9
info|2025-10-09 23:58:56.828624|PBFT-1-0x00007f6dfd678700|[g:1][CONSENSUS][PBFT]checkAndChangeView: Reach consensus,org_view=34,cur_changeCycle=1,curView=34,view=35
info|2025-10-09 23:58:57.830979|PBFT-1-0x00007f6dfd678700|[g:1][CONSENSUS]addRawPrepare,height=249,reqIdx=3,hash=51942d2a...,time=1
info|2025-10-09 23:58:57.833076|PBFT-1-0x00007f6dfd678700|[g:1][CONSENSUS][PBFT]checkTimeout Succ,view=35,toView=36,nodeIdx=0,changeCycle=1,myNode=064cb676...,timecost=2
info|2025-10-09 23:58:57.840822|PBFT-1-0x00007f6dfd678700|[g:1][CONSENSUS][PBFT]checkAndChangeView: Reach consensus,org_view=35,cur_changeCycle=1,curView=35,view=36
info|2025-10-09 23:58:58.841161|PBFTSeal-1-0x00007f6df5e69700|[g:1][CONSENSUS][SEALER]++++++++++++++++ Generating seal on,blkNum=249,tx=0,nodeIdx=0,hash=7318bf16...
info|2025-10-09 23:58:58.851547|PBFT-1-0x00007f6dfd678700|[g:1][CONSENSUS][PBFT]checkTimeout Succ,view=36,toView=37,nodeIdx=0,changeCycle=1,myNode=064cb676...,timecost=1
info|2025-10-09 23:58:58.853890|PBFT-1-0x00007f6dfd678700|[g:1][CONSENSUS][PBFT]checkAndChangeView: Reach consensus,org_view=36,cur_changeCycle=1,curView=36,view=37
info|2025-10-09 23:58:59.237817|io_service-0x00007f6e176ac700|[P2P][Service] heartBeat,connected count=3
warning|2025-10-09 23:59:03.382476|PBFT-1-0x00007f6dfd678700|[g:1][CONSENSUS][PBFT]ViewChangeWarning: not caused by omit empty block ,v=37,toV=38,curNum=248,hash=4bc5635e...,nodeIdx=0,myNode=064cb676...
info|2025-10-09 23:59:03.387134|PBFT-1-0x00007f6dfd678700|[g:1][CONSENSUS][PBFT]checkTimeout Succ,view=37,toView=38,nodeIdx=0,changeCycle=2,myNode=064cb676...,timecost=7
info|2025-10-09 23:59:03.411804|PBFT-1-0x00007f6dfd678700|[g:1][CONSENSUS][PBFT]checkAndChangeView: Reach consensus,org_view=37,cur_changeCycle=2,curView=37,view=38
info|2025-10-09 23:59:04.420629|PBFT-1-0x00007f6dfd678700|[g:1][CONSENSUS]addRawPrepare,height=249,reqIdx=2,hash=11793d48...,time=3
info|2025-10-09 23:59:04.427708|PBFT-1-0x00007f6dfd678700|[g:1][CONSENSUS][PBFT]checkTimeout Succ,view=38,toView=39,nodeIdx=0,changeCycle=1,myNode=064cb676...,timecost=4
info|2025-10-09 23:59:04.433792|PBFT-1-0x00007f6dfd678700|[g:1][CONSENSUS][PBFT]checkAndChangeView: Reach consensus,org_view=38,cur_changeCycle=1,curView=38,view=39
info|2025-10-09 23:59:05.440783|PBFT-1-0x00007f6dfd678700|[g:1][CONSENSUS]addRawPrepare,height=249,reqIdx=3,hash=6d783515...,time=0
info|2025-10-09 23:59:05.443510|PBFT-1-0x00007f6dfd678700|[g:1][CONSENSUS][PBFT]checkTimeout Succ,view=39,toView=40,nodeIdx=0,changeCycle=1,myNode=064cb676...,timecost=3
info|2025-10-09 23:59:05.449005|PBFT-1-0x00007f6dfd678700|[g:1][CONSENSUS][PBFT]checkAndChangeView: Reach consensus,org_view=39,cur_changeCycle=1,curView=39,view=40
info|2025-10-09 23:59:06.448741|PBFTSeal-1-0x00007f6df5e69700|[g:1][CONSENSUS][SEALER]++++++++++++++++ Generating seal on,blkNum=249,tx=0,nodeIdx=0,hash=a6ea6f33...
info|2025-10-09 23:59:06.463719|PBFT-1-0x00007f6dfd678700|[g:1][CONSENSUS][PBFT]checkTimeout Succ,view=40,toView=41,nodeIdx=0,changeCycle=1,myNode=064cb676...,timecost=5
info|2025-10-09 23:59:06.469288|PBFT-1-0x00007f6dfd678700|[g:1][CONSENSUS][PBFT]checkAndChangeView: Reach consensus,org_view=40,cur_changeCycle=1,curView=40,view=41
info|2025-10-09 23:59:09.238456|io_service-0x00007f6e176ac700|[P2P][Service] heartBeat,connected count=3
warning|2025-10-09 23:59:10.971288|PBFT-1-0x00007f6dfd678700|[g:1][CONSENSUS][PBFT]ViewChangeWarning: not caused by omit empty block ,v=41,toV=42,curNum=248,hash=4bc5635e...,nodeIdx=0,myNode=064cb676...
info|2025-10-09 23:59:10.971511|PBFT-1-0x00007f6dfd678700|[g:1][CONSENSUS][PBFT]checkTimeout Succ,view=41,toView=42,nodeIdx=0,changeCycle=2,myNode=064cb676...,timecost=3
info|2025-10-09 23:59:10.980698|PBFT-1-0x00007f6dfd678700|[g:1][CONSENSUS][PBFT]checkAndChangeView: Reach consensus,org_view=41,cur_changeCycle=2,curView=41,view=42
info|2025-10-09 23:59:11.988631|PBFT-1-0x00007f6dfd678700|[g:1][CONSENSUS]addRawPrepare,height=249,reqIdx=2,hash=66f0e13f...,time=0
info|2025-10-09 23:59:11.990830|PBFT-1-0x00007f6dfd678700|[g:1][CONSENSUS][PBFT]checkTimeout Succ,view=42,toView=43,nodeIdx=0,changeCycle=1,myNode=064cb676...,timecost=2
info|2025-10-09 23:59:11.995938|PBFT-1-0x00007f6dfd678700|[g:1][CONSENSUS][PBFT]checkAndChangeView: Reach consensus,org_view=42,cur_changeCycle=1,curView=42,view=43
info|2025-10-09 23:59:13.004626|PBFT-1-0x00007f6dfd678700|[g:1][CONSENSUS]addRawPrepare,height=249,reqIdx=3,hash=717f1d4f...,time=0
info|2025-10-09 23:59:13.006742|PBFT-1-0x00007f6dfd678700|[g:1][CONSENSUS][PBFT]checkTimeout Succ,view=43,toView=44,nodeIdx=0,changeCycle=1,myNode=064cb676...,timecost=2
info|2025-10-09 23:59:13.018359|PBFT-1-0x00007f6dfd678700|[g:1][CONSENSUS][PBFT]checkAndChangeView: Reach consensus,org_view=43,cur_changeCycle=1,curView=43,view=44
info|2025-10-09 23:59:14.018681|PBFTSeal-1-0x00007f6df5e69700|[g:1][CONSENSUS][SEALER]++++++++++++++++ Generating seal on,blkNum=249,tx=0,nodeIdx=0,hash=8f16dbe7...
info|2025-10-09 23:59:14.028783|PBFT-1-0x00007f6dfd678700|[g:1][CONSENSUS][PBFT]checkTimeout Succ,view=44,toView=45,nodeIdx=0,changeCycle=1,myNode=064cb676...,timecost=2
info|2025-10-09 23:59:14.032298|PBFT-1-0x00007f6dfd678700|[g:1][CONSENSUS][PBFT]checkAndChangeView: Reach consensus,org_view=44,cur_changeCycle=1,curView=44,view=45
info|2025-10-09 23:59:16.031153|P2P-0x00007f6e17ead700|[g:1] [SYNC][id:064cb676...][Download][Request]Receive block request,peer=374bdfe9...,from=184,to=184
info|2025-10-09 23:59:16.031679|SyncSend-1-0x00007f6e09e91700|[g:1][SYNC][id:064cb676...][Download][Request][BlockSync]Batch blocks for sending,blockSize=24480,number=184,peer=374bdfe9...,timeCost=0
info|2025-10-09 23:59:16.031792|SyncSend-1-0x00007f6e09e91700|[g:1][g:1] [SYNC][id:374bdfe9...][Download][Request][BlockSync]Send block packet,peer=374bdfe9...,blocks=1,bytes(V)=24487
warning|2025-10-09 23:59:18.538368|PBFT-1-0x00007f6dfd678700|[g:1][CONSENSUS][PBFT]ViewChangeWarning: not caused by omit empty block ,v=45,toV=46,curNum=248,hash=4bc5635e...,nodeIdx=0,myNode=064cb676...
info|2025-10-09 23:59:18.540559|PBFT-1-0x00007f6dfd678700|[g:1][CONSENSUS][PBFT]checkTimeout Succ,view=45,toView=46,nodeIdx=0,changeCycle=2,myNode=064cb676...,timecost=5
info|2025-10-09 23:59:18.544895|PBFT-1-0x00007f6dfd678700|[g:1][CONSENSUS][PBFT]checkAndChangeView: Reach consensus,org_view=45,cur_changeCycle=2,curView=45,view=46
info|2025-10-09 23:59:19.238721|io_service-0x00007f6e176ac700|[P2P][Service] heartBeat,connected count=3
info|2025-10-09 23:59:19.553727|PBFT-1-0x00007f6dfd678700|[g:1][CONSENSUS]addRawPrepare,height=249,reqIdx=2,hash=803f4a0c...,time=0
info|2025-10-09 23:59:19.559567|PBFT-1-0x00007f6dfd678700|[g:1][CONSENSUS][PBFT]checkTimeout Succ,view=46,toView=47,nodeIdx=0,changeCycle=1,myNode=064cb676...,timecost=6
info|2025-10-09 23:59:19.564167|PBFT-1-0x00007f6dfd678700|[g:1][CONSENSUS][PBFT]checkAndChangeView: Reach consensus,org_view=46,cur_changeCycle=1,curView=46,view=47
info|2025-10-09 23:59:20.571784|PBFT-1-0x00007f6dfd678700|[g:1][CONSENSUS]addRawPrepare,height=249,reqIdx=3,hash=7455ba7b...,time=0
info|2025-10-09 23:59:20.578411|PBFT-1-0x00007f6dfd678700|[g:1][CONSENSUS][PBFT]checkTimeout Succ,view=47,toView=48,nodeIdx=0,changeCycle=1,myNode=064cb676...,timecost=7
info|2025-10-09 23:59:20.587257|PBFT-1-0x00007f6dfd678700|[g:1][CONSENSUS][PBFT]checkAndChangeView: Reach consensus,org_view=47,cur_changeCycle=1,curView=47,view=48
info|2025-10-09 23:59:21.587500|PBFTSeal-1-0x00007f6df5e69700|[g:1][CONSENSUS][SEALER]++++++++++++++++ Generating seal on,blkNum=249,tx=0,nodeIdx=0,hash=ebea023b...
info|2025-10-09 23:59:21.596655|PBFT-1-0x00007f6dfd678700|[g:1][CONSENSUS][PBFT]checkTimeout Succ,view=48,toView=49,nodeIdx=0,changeCycle=1,myNode=064cb676...,timecost=2
info|2025-10-09 23:59:21.602539|PBFT-1-0x00007f6dfd678700|[g:1][CONSENSUS][PBFT]checkAndChangeView: Reach consensus,org_view=48,cur_changeCycle=1,curView=48,view=49
info|2025-10-09 23:59:22.437092|P2P-0x00007f6e17ead700|[g:1] [SYNC][id:064cb676...][Download][Request]Receive block request,peer=374bdfe9...,from=184,to=184
info|2025-10-09 23:59:22.437504|SyncSend-1-0x00007f6e09e91700|[g:1][SYNC][id:064cb676...][Download][Request][BlockSync]Batch blocks for sending,blockSize=24480,number=184,peer=374bdfe9...,timeCost=0
info|2025-10-09 23:59:22.437595|SyncSend-1-0x00007f6e09e91700|[g:1][g:1] [SYNC][id:374bdfe9...][Download][Request][BlockSync]Send block packet,peer=374bdfe9...,blocks=1,bytes(V)=24487
warning|2025-10-09 23:59:26.108939|PBFT-1-0x00007f6dfd678700|[g:1][CONSENSUS][PBFT]ViewChangeWarning: not caused by omit empty block ,v=49,toV=50,curNum=248,hash=4bc5635e...,nodeIdx=0,myNode=064cb676...
info|2025-10-09 23:59:26.110871|PBFT-1-0x00007f6dfd678700|[g:1][CONSENSUS][PBFT]checkTimeout Succ,view=49,toView=50,nodeIdx=0,changeCycle=2,myNode=064cb676...,timecost=5
info|2025-10-09 23:59:26.116023|PBFT-1-0x00007f6dfd678700|[g:1][CONSENSUS][PBFT]checkAndChangeView: Reach consensus,org_view=49,cur_changeCycle=2,curView=49,view=50
info|2025-10-09 23:59:27.116713|PBFT-1-0x00007f6dfd678700|[g:1][CONSENSUS]addRawPrepare,height=249,reqIdx=2,hash=32a8e037...,time=0
info|2025-10-09 23:59:27.117925|PBFT-1-0x00007f6dfd678700|[g:1][CONSENSUS][PBFT]checkTimeout Succ,view=50,toView=51,nodeIdx=0,changeCycle=1,myNode=064cb676...,timecost=1
info|2025-10-09 23:59:27.127688|PBFT-1-0x00007f6dfd678700|[g:1][CONSENSUS][PBFT]checkAndChangeView: Reach consensus,org_view=50,cur_changeCycle=1,curView=50,view=51
info|2025-10-09 23:59:28.138234|PBFT-1-0x00007f6dfd678700|[g:1][CONSENSUS]addRawPrepare,height=249,reqIdx=3,hash=0bfd4ce8...,time=0
info|2025-10-09 23:59:28.144765|PBFT-1-0x00007f6dfd678700|[g:1][CONSENSUS][PBFT]checkTimeout Succ,view=51,toView=52,nodeIdx=0,changeCycle=1,myNode=064cb676...,timecost=6
info|2025-10-09 23:59:28.150791|PBFT-1-0x00007f6dfd678700|[g:1][CONSENSUS][PBFT]checkAndChangeView: Reach consensus,org_view=51,cur_changeCycle=1,curView=51,view=52
info|2025-10-09 23:59:29.153865|PBFTSeal-1-0x00007f6df5e69700|[g:1][CONSENSUS][SEALER]++++++++++++++++ Generating seal on,blkNum=249,tx=0,nodeIdx=0,hash=6c90e30f...
info|2025-10-09 23:59:29.165562|PBFT-1-0x00007f6dfd678700|[g:1][CONSENSUS][PBFT]checkTimeout Succ,view=52,toView=53,nodeIdx=0,changeCycle=1,myNode=064cb676...,timecost=2
info|2025-10-09 23:59:29.173356|PBFT-1-0x00007f6dfd678700|[g:1][CONSENSUS][PBFT]checkAndChangeView: Reach consensus,org_view=52,cur_changeCycle=1,curView=52,view=53
info|2025-10-09 23:59:29.239423|io_service-0x00007f6e176ac700|[P2P][Service] heartBeat,connected count=3
warning|2025-10-09 23:59:33.680883|PBFT-1-0x00007f6dfd678700|[g:1][CONSENSUS][PBFT]ViewChangeWarning: not caused by omit empty block ,v=53,toV=54,curNum=248,hash=4bc5635e...,nodeIdx=0,myNode=064cb676...
info|2025-10-09 23:59:33.683673|PBFT-1-0x00007f6dfd678700|[g:1][CONSENSUS][PBFT]checkTimeout Succ,view=53,toView=54,nodeIdx=0,changeCycle=2,myNode=064cb676...,timecost=4
info|2025-10-09 23:59:33.690650|PBFT-1-0x00007f6dfd678700|[g:1][CONSENSUS][PBFT]checkAndChangeView: Reach consensus,org_view=53,cur_changeCycle=2,curView=53,view=54
info|2025-10-09 23:59:34.696992|PBFT-1-0x00007f6dfd678700|[g:1][CONSENSUS]addRawPrepare,height=249,reqIdx=2,hash=8fdbfee8...,time=1
info|2025-10-09 23:59:34.699058|PBFT-1-0x00007f6dfd678700|[g:1][CONSENSUS][PBFT]checkTimeout Succ,view=54,toView=55,nodeIdx=0,changeCycle=1,myNode=064cb676...,timecost=2
info|2025-10-09 23:59:34.707881|PBFT-1-0x00007f6dfd678700|[g:1][CONSENSUS][PBFT]checkAndChangeView: Reach consensus,org_view=54,cur_changeCycle=1,curView=54,view=55
info|2025-10-09 23:59:35.252688|P2P-0x00007f6e17ead700|[g:1] [SYNC][id:064cb676...][Download][Request]Receive block request,peer=374bdfe9...,from=184,to=184
info|2025-10-09 23:59:35.253118|SyncSend-1-0x00007f6e09e91700|[g:1][SYNC][id:064cb676...][Download][Request][BlockSync]Batch blocks for sending,blockSize=24480,number=184,peer=374bdfe9...,timeCost=1
info|2025-10-09 23:59:35.253190|SyncSend-1-0x00007f6e09e91700|[g:1][g:1] [SYNC][id:374bdfe9...][Download][Request][BlockSync]Send block packet,peer=374bdfe9...,blocks=1,bytes(V)=24487
info|2025-10-09 23:59:35.716376|PBFT-1-0x00007f6dfd678700|[g:1][CONSENSUS]addRawPrepare,height=249,reqIdx=3,hash=103898f8...,time=0
info|2025-10-09 23:59:35.718338|PBFT-1-0x00007f6dfd678700|[g:1][CONSENSUS][PBFT]checkTimeout Succ,view=55,toView=56,nodeIdx=0,changeCycle=1,myNode=064cb676...,timecost=2
info|2025-10-09 23:59:35.725734|PBFT-1-0x00007f6dfd678700|[g:1][CONSENSUS][PBFT]checkAndChangeView: Reach consensus,org_view=55,cur_changeCycle=1,curView=55,view=56
info|2025-10-09 23:59:36.727432|PBFTSeal-1-0x00007f6df5e69700|[g:1][CONSENSUS][SEALER]++++++++++++++++ Generating seal on,blkNum=249,tx=0,nodeIdx=0,hash=ade76ead...
info|2025-10-09 23:59:36.735781|PBFT-1-0x00007f6dfd678700|[g:1][CONSENSUS][PBFT]checkTimeout Succ,view=56,toView=57,nodeIdx=0,changeCycle=1,myNode=064cb676...,timecost=2
info|2025-10-09 23:59:36.743961|PBFT-1-0x00007f6dfd678700|[g:1][CONSENSUS][PBFT]checkAndChangeView: Reach consensus,org_view=56,cur_changeCycle=1,curView=56,view=57
info|2025-10-09 23:59:39.239794|io_service-0x00007f6e176ac700|[P2P][Service] heartBeat,connected count=3
warning|2025-10-09 23:59:41.253116|PBFT-1-0x00007f6dfd678700|[g:1][CONSENSUS][PBFT]ViewChangeWarning: not caused by omit empty block ,v=57,toV=58,curNum=248,hash=4bc5635e...,nodeIdx=0,myNode=064cb676...
info|2025-10-09 23:59:41.253261|PBFT-1-0x00007f6dfd678700|[g:1][CONSENSUS][PBFT]checkTimeout Succ,view=57,toView=58,nodeIdx=0,changeCycle=2,myNode=064cb676...,timecost=3
info|2025-10-09 23:59:41.258346|PBFT-1-0x00007f6dfd678700|[g:1][CONSENSUS][PBFT]checkAndChangeView: Reach consensus,org_view=57,cur_changeCycle=2,curView=57,view=58
info|2025-10-09 23:59:42.265269|PBFT-1-0x00007f6dfd678700|[g:1][CONSENSUS]addRawPrepare,height=249,reqIdx=2,hash=bc54ca1d...,time=0
info|2025-10-09 23:59:42.268835|PBFT-1-0x00007f6dfd678700|[g:1][CONSENSUS][PBFT]checkTimeout Succ,view=58,toView=59,nodeIdx=0,changeCycle=1,myNode=064cb676...,timecost=2
info|2025-10-09 23:59:42.274805|PBFT-1-0x00007f6dfd678700|[g:1][CONSENSUS][PBFT]checkAndChangeView: Reach consensus,org_view=58,cur_changeCycle=1,curView=58,view=59
info|2025-10-09 23:59:43.281255|PBFT-1-0x00007f6dfd678700|[g:1][CONSENSUS]addRawPrepare,height=249,reqIdx=3,hash=b712881a...,time=0
info|2025-10-09 23:59:43.286143|PBFT-1-0x00007f6dfd678700|[g:1][CONSENSUS][PBFT]checkTimeout Succ,view=59,toView=60,nodeIdx=0,changeCycle=1,myNode=064cb676...,timecost=5
info|2025-10-09 23:59:43.291367|PBFT-1-0x00007f6dfd678700|[g:1][CONSENSUS][PBFT]checkAndChangeView: Reach consensus,org_view=59,cur_changeCycle=1,curView=59,view=60
info|2025-10-09 23:59:44.294977|PBFTSeal-1-0x00007f6df5e69700|[g:1][CONSENSUS][SEALER]++++++++++++++++ Generating seal on,blkNum=249,tx=0,nodeIdx=0,hash=a2aebf35...
info|2025-10-09 23:59:44.301764|PBFT-1-0x00007f6dfd678700|[g:1][CONSENSUS][PBFT]checkTimeout Succ,view=60,toView=61,nodeIdx=0,changeCycle=1,myNode=064cb676...,timecost=3
info|2025-10-09 23:59:44.311611|PBFT-1-0x00007f6dfd678700|[g:1][CONSENSUS][PBFT]checkAndChangeView: Reach consensus,org_view=60,cur_changeCycle=1,curView=60,view=61
warning|2025-10-09 23:59:48.823596|PBFT-1-0x00007f6dfd678700|[g:1][CONSENSUS][PBFT]ViewChangeWarning: not caused by omit empty block ,v=61,toV=62,curNum=248,hash=4bc5635e...,nodeIdx=0,myNode=064cb676...
info|2025-10-09 23:59:48.823816|PBFT-1-0x00007f6dfd678700|[g:1][CONSENSUS][PBFT]checkTimeout Succ,view=61,toView=62,nodeIdx=0,changeCycle=2,myNode=064cb676...,timecost=1
info|2025-10-09 23:59:48.831919|PBFT-1-0x00007f6dfd678700|[g:1][CONSENSUS][PBFT]checkAndChangeView: Reach consensus,org_view=61,cur_changeCycle=2,curView=61,view=62
info|2025-10-09 23:59:49.240833|io_service-0x00007f6e176ac700|[P2P][Service] heartBeat,connected count=3
info|2025-10-09 23:59:49.837611|PBFT-1-0x00007f6dfd678700|[g:1][CONSENSUS]addRawPrepare,height=249,reqIdx=2,hash=ea8f8ad8...,time=0
info|2025-10-09 23:59:49.847836|PBFT-1-0x00007f6dfd678700|[g:1][CONSENSUS][PBFT]checkTimeout Succ,view=62,toView=63,nodeIdx=0,changeCycle=1,myNode=064cb676...,timecost=10
info|2025-10-09 23:59:49.852174|PBFT-1-0x00007f6dfd678700|[g:1][CONSENSUS][PBFT]checkAndChangeView: Reach consensus,org_view=62,cur_changeCycle=1,curView=62,view=63
info|2025-10-09 23:59:50.851160|PBFT-1-0x00007f6dfd678700|[g:1][CONSENSUS]addRawPrepare,height=249,reqIdx=3,hash=5bc2cc39...,time=0
info|2025-10-09 23:59:50.854339|PBFT-1-0x00007f6dfd678700|[g:1][CONSENSUS][PBFT]checkTimeout Succ,view=63,toView=64,nodeIdx=0,changeCycle=1,myNode=064cb676...,timecost=3
info|2025-10-09 23:59:50.863178|PBFT-1-0x00007f6dfd678700|[g:1][CONSENSUS][PBFT]checkAndChangeView: Reach consensus,org_view=63,cur_changeCycle=1,curView=63,view=64
info|2025-10-09 23:59:51.863051|PBFTSeal-1-0x00007f6df5e69700|[g:1][CONSENSUS][SEALER]++++++++++++++++ Generating seal on,blkNum=249,tx=0,nodeIdx=0,hash=ee634762...
info|2025-10-09 23:59:51.871586|PBFT-1-0x00007f6dfd678700|[g:1][CONSENSUS][PBFT]checkTimeout Succ,view=64,toView=65,nodeIdx=0,changeCycle=1,myNode=064cb676...,timecost=1
info|2025-10-09 23:59:51.877022|PBFT-1-0x00007f6dfd678700|[g:1][CONSENSUS][PBFT]checkAndChangeView: Reach consensus,org_view=64,cur_changeCycle=1,curView=64,view=65
warning|2025-10-09 23:59:56.392305|PBFT-1-0x00007f6dfd678700|[g:1][CONSENSUS][PBFT]ViewChangeWarning: not caused by omit empty block ,v=65,toV=66,curNum=248,hash=4bc5635e...,nodeIdx=0,myNode=064cb676...
info|2025-10-09 23:59:56.393197|PBFT-1-0x00007f6dfd678700|[g:1][CONSENSUS][PBFT]checkTimeout Succ,view=65,toView=66,nodeIdx=0,changeCycle=2,myNode=064cb676...,timecost=5
info|2025-10-09 23:59:56.401540|PBFT-1-0x00007f6dfd678700|[g:1][CONSENSUS][PBFT]checkAndChangeView: Reach consensus,org_view=65,cur_changeCycle=2,curView=65,view=66
info|2025-10-09 23:59:57.408913|PBFT-1-0x00007f6dfd678700|[g:1][CONSENSUS]addRawPrepare,height=249,reqIdx=2,hash=80e0ecb2...,time=0
info|2025-10-09 23:59:57.414807|PBFT-1-0x00007f6dfd678700|[g:1][CONSENSUS][PBFT]checkTimeout Succ,view=66,toView=67,nodeIdx=0,changeCycle=1,myNode=064cb676...,timecost=4
info|2025-10-09 23:59:57.424249|PBFT-1-0x00007f6dfd678700|[g:1][CONSENSUS][PBFT]checkAndChangeView: Reach consensus,org_view=66,cur_changeCycle=1,curView=66,view=67
info|2025-10-09 23:59:58.432129|PBFT-1-0x00007f6dfd678700|[g:1][CONSENSUS]addRawPrepare,height=249,reqIdx=3,hash=3e46a307...,time=0
info|2025-10-09 23:59:58.434263|PBFT-1-0x00007f6dfd678700|[g:1][CONSENSUS][PBFT]checkTimeout Succ,view=67,toView=68,nodeIdx=0,changeCycle=1,myNode=064cb676...,timecost=2
info|2025-10-09 23:59:58.442614|PBFT-1-0x00007f6dfd678700|[g:1][CONSENSUS][PBFT]checkAndChangeView: Reach consensus,org_view=67,cur_changeCycle=1,curView=67,view=68
info|2025-10-09 23:59:59.241592|io_service-0x00007f6e176ac700|[P2P][Service] heartBeat,connected count=3
info|2025-10-09 23:59:59.442685|PBFTSeal-1-0x00007f6df5e69700|[g:1][CONSENSUS][SEALER]++++++++++++++++ Generating seal on,blkNum=249,tx=1,nodeIdx=0,hash=40640a53...
info|2025-10-09 23:59:59.446992|sealerWorker-0x00007f6e05688700|[CONSENSUS]addRawPrepare,height=249,reqIdx=0,hash=40640a53...,time=1
info|2025-10-09 23:59:59.448982|sealerWorker-0x00007f6e05688700|[BLOCKVERIFIER][executeBlock]Executing block,txNum=1,num=249,parentHash=4bc5635e7d8c37b00eb37169d806abbf5c2dabda467a78213894ece5d9a57205,parentNum=248,parentStateRoot=0000000000000000000000000000000000000000000000000000000000000000
info|2025-10-09 23:59:59.449369|sealerWorker-0x00007f6e05688700|[PRECOMPILED]init GasChargeManagePrecompiled
info|2025-10-09 23:59:59.579930|sealerWorker-0x00007f6e05688700|[STORAGE][MemoryTableFactory2]createTable,table name=c_ddd1593969d959df9ed4c0159af629b19e7c989a,keyField=key,valueField=value
info|2025-10-09 23:59:59.583488|sealerWorker-0x00007f6e05688700|[CONSENSUS][PBFT]execBlock,blkNum=249,reqIdx=0,hash=c8dce474...,nodeIdx=0,myNode=064cb676...,decodeCost=0,checkCost=0,notifyCost=0,noteSealingCost=1,currentCycle=1,verifyAndSetSenderCost=0,execCost=135,execPerTx=135,totalCost=136
info|2025-10-09 23:59:59.585695|sealerWorker-0x00007f6e05688700|[CONSENSUS][PBFT]handlePrepareMsg Succ,timecost=2,INFO=handlePrepareMsg,reqIdx=0,view=68,reqNum=249,curNum=248,consNum=249,curView=68,fromIp=self,hash=40640a53...,nodeIdx=0,myNode=064cb676...,curChangeCycle=1
info|2025-10-09 23:59:59.588695|sealerWorker-0x00007f6e05688700|[CONSENSUS][PBFT]generateLocalPrepare,hash=40640a53...,H=249,nodeIdx=0,myNode=064cb676...
info|2025-10-09 23:59:59.589969|PBFT-1-0x00007f6dfd678700|[g:1][CONSENSUS][PBFT]handleSignMsg Succ,Timecost=1,INFO=handleSignMsg,num=249,curNum=248,GenIdx=2,Sview=68,view=68,fromIdx=2,fromNode=73994dae...,fromIp=127.0.0.1:49516,hash=c8dce474...,nodeIdx=0,myNode=064cb676...
info|2025-10-09 23:59:59.594216|PBFT-1-0x00007f6dfd678700|[g:1][CONSENSUS][PBFT]checkAndCommit: backup/updateCommittedPrepare,reqNum=249,hash=40640a53...,nodeIdx=0,myNode=064cb676...
info|2025-10-09 23:59:59.597682|PBFT-1-0x00007f6dfd678700|[g:1][CONSENSUS][PBFT]handleSignMsg Succ,Timecost=7,INFO=handleSignMsg,num=249,curNum=248,GenIdx=3,Sview=68,view=68,fromIdx=3,fromNode=87d00b98...,fromIp=127.0.0.1:30302,hash=c8dce474...,nodeIdx=0,myNode=064cb676...
info|2025-10-09 23:59:59.599189|PBFT-1-0x00007f6dfd678700|[g:1][CONSENSUS][PBFT]handleCommitMsg Succ,INFO=handleCommitMsg,reqNum=249,curNum=248,GenIdx=2,Cview=68,view=68,fromIdx=2,fromNode=73994dae...,fromIp=127.0.0.1:49516,hash=c8dce474...,nodeIdx=0,myNode=064cb676...,Timecost=2
info|2025-10-09 23:59:59.602174|PBFT-1-0x00007f6dfd678700|[g:1][CONSENSUS][PBFT]checkAndSave: CommitReq enough,prepareHeight=249,commitSize=3,hash=c8dce474...,nodeIdx=0,myNode=064cb676...
info|2025-10-09 23:59:59.614907|PBFT-1-0x00007f6dfd678700|[g:1][g:1][STORAGE][CachedStorage]commit: 9 num: 249
info|2025-10-09 23:59:59.615336|taskPool-1-0x00007f6e0668a700|[g:1][g:1][STORAGE][CachedStorage]Start commit block: 249 to backend storage
info|2025-10-09 23:59:59.615772|PBFT-1-0x00007f6dfd678700|[g:1][g:1][STORAGE][CachedStorage]Submited block task: 249, current syncd block: 248
info|2025-10-09 23:59:59.615871|PBFT-1-0x00007f6dfd678700|[g:1]Push block notify: 1-249
info|2025-10-09 23:59:59.616868|PBFT-1-0x00007f6dfd678700|[g:1][CONSENSUS][PBFT]CommitBlock Succ,prepareHeight=249,reqIdx=0,hash=c8dce474...,nodeIdx=0,myNode=064cb676...,genSigTimeCost=9,commitBlockTimeCost=5,dropTxsTimeCost=0,noteSealingTimeCost=0,totalTimeCost=14
info|2025-10-09 23:59:59.617007|PBFT-1-0x00007f6dfd678700|[g:1][CONSENSUS][PBFT]handleCommitMsg Succ,INFO=handleCommitMsg,reqNum=249,curNum=248,GenIdx=3,Cview=68,view=68,fromIdx=3,fromNode=87d00b98...,fromIp=127.0.0.1:30302,hash=c8dce474...,nodeIdx=0,myNode=064cb676...,Timecost=18
info|2025-10-09 23:59:59.617420|PBFTSeal-1-0x00007f6df5e69700|[g:1][CONSENSUS][SEALER]increase maxNoTimeoutTx,maxNoTimeoutTx=1
info|2025-10-09 23:59:59.617457|PBFTSeal-1-0x00007f6df5e69700|[g:1][CONSENSUS][PBFT]^^^^^^^^Report,num=249,sealerIdx=0,hash=c8dce474...,next=250,tx=1,nodeIdx=0
info|2025-10-09 23:59:59.699251|taskPool-1-0x00007f6e0668a700|[g:1][g:1][STORAGE][CachedStorage]
---------------------------------------------------------------------
Commit block: 249 to backend storage finished, current cached block: 249
Flush elapsed time: 0.0839s
---------------------------------------------------------------------
