info|2025-10-12 23:00:00.008239|Sync-1-0x00007f07d47b9700|[g:1][SYNC][id:064cb676...]print sync info,peersCount=3,infoJson={"blockNumber":568,"genesisHash":"f0d3e67991e2c3d83533c031601c30c4741aba35d7d8017900779abe4ae22efe","isSyncing":false,"knownHighestNumber":568,"knownLatestHash":"31e4bff87431bde0438bab41c27242df0ffa13fdfbbc3d780480af8e59c3306b","latestHash":"31e4bff87431bde0438bab41c27242df0ffa13fdfbbc3d780480af8e59c3306b","nodeId":"064cb676a36047a4b52ecbf9c01664b1e987d91b438110ba6a12d96972726622e824d295b1de8b0298b5afe7bbbc0bd04a3890e1a36eae028c1cfbe07971b995","peers":[{"blockNumber":183,"genesisHash":"f0d3e67991e2c3d83533c031601c30c4741aba35d7d8017900779abe4ae22efe","latestHash":"84b9e5d996bf7a5eb7a7af1e23a8308230a576a20d5c81a92b78a013e510177d","nodeId":"374bdfe969e1d8ea1200ade93e5d8cf1a7d5741f238011004b0f43ca818706f194b2f067e1708125f7ffc536610b9a72addbd56b238d65f18912be39037ffcc5"},{"blockNumber":568,"genesisHash":"f0d3e67991e2c3d83533c031601c30c4741aba35d7d8017900779abe4ae22efe","latestHash":"31e4bff87431bde0438bab41c27242df0ffa13fdfbbc3d780480af8e59c3306b","nodeId":"73994dae9e8b8da733108a4153dfe79151d701dff425f84c87b5324e8ebd02ab6a0ebc9e4f1e0298a7ddca50f94a8f95c62b6997226d571e470e8f2b0600634a"},{"blockNumber":568,"genesisHash":"f0d3e67991e2c3d83533c031601c30c4741aba35d7d8017900779abe4ae22efe","latestHash":"31e4bff87431bde0438bab41c27242df0ffa13fdfbbc3d780480af8e59c3306b","nodeId":"87d00b98321fc70a5abc85ad9e80db10cce315194133697bf74aace1d3f8430957a766240f751752708f4282f46110d6ea56c3eb5d1c02ce98a66f327f595270"}],"protocolId":65545,"txPoolSize":"0"}
info|2025-10-12 23:00:00.868548|io_service-0x00007f07ecfea700|[P2P][Service] heartBeat,connected count=3
warning|2025-10-12 23:00:00.978060|PBFT-1-0x00007f07d2fb6700|[g:1][CONSENSUS][PBFT]ViewChangeWarning: not caused by omit empty block ,v=109,toV=110,curNum=568,hash=31e4bff8...,nodeIdx=0,myNode=064cb676...
info|2025-10-12 23:00:00.979405|PBFT-1-0x00007f07d2fb6700|[g:1][CONSENSUS][PBFT]checkTimeout Succ,view=109,toView=110,nodeIdx=0,changeCycle=2,myNode=064cb676...,timecost=4
info|2025-10-12 23:00:00.988619|PBFT-1-0x00007f07d2fb6700|[g:1][CONSENSUS][PBFT]checkAndChangeView: Reach consensus,org_view=109,cur_changeCycle=2,curView=109,view=110
info|2025-10-12 23:00:01.999835|PBFT-1-0x00007f07d2fb6700|[g:1][CONSENSUS]addRawPrepare,height=569,reqIdx=2,hash=cc53b2c8...,time=0
info|2025-10-12 23:00:02.003904|PBFT-1-0x00007f07d2fb6700|[g:1][CONSENSUS][PBFT]checkTimeout Succ,view=110,toView=111,nodeIdx=0,changeCycle=1,myNode=064cb676...,timecost=4
info|2025-10-12 23:00:02.011604|PBFT-1-0x00007f07d2fb6700|[g:1][CONSENSUS][PBFT]checkAndChangeView: Reach consensus,org_view=110,cur_changeCycle=1,curView=110,view=111
info|2025-10-12 23:00:03.024909|PBFT-1-0x00007f07d2fb6700|[g:1][CONSENSUS]addRawPrepare,height=569,reqIdx=3,hash=27b585de...,time=0
info|2025-10-12 23:00:03.028599|PBFT-1-0x00007f07d2fb6700|[g:1][CONSENSUS][PBFT]checkTimeout Succ,view=111,toView=112,nodeIdx=0,changeCycle=1,myNode=064cb676...,timecost=3
info|2025-10-12 23:00:03.043223|PBFT-1-0x00007f07d2fb6700|[g:1][CONSENSUS][PBFT]checkAndChangeView: Reach consensus,org_view=111,cur_changeCycle=1,curView=111,view=112
info|2025-10-12 23:00:04.045780|PBFTSeal-1-0x00007f07cb7a7700|[g:1][CONSENSUS][SEALER]++++++++++++++++ Generating seal on,blkNum=569,tx=0,nodeIdx=0,hash=b048756b...
info|2025-10-12 23:00:04.055235|PBFT-1-0x00007f07d2fb6700|[g:1][CONSENSUS][PBFT]checkTimeout Succ,view=112,toView=113,nodeIdx=0,changeCycle=1,myNode=064cb676...,timecost=3
info|2025-10-12 23:00:04.074015|PBFT-1-0x00007f07d2fb6700|[g:1][CONSENSUS][PBFT]checkAndChangeView: Reach consensus,org_view=112,cur_changeCycle=1,curView=112,view=113
info|2025-10-12 23:00:04.472160|P2P-0x00007f07edfec700|[g:1] [SYNC][id:064cb676...][Download][Request]Receive block request,peer=374bdfe9...,from=184,to=184
info|2025-10-12 23:00:04.472747|SyncSend-1-0x00007f07df7cf700|[g:1][SYNC][id:064cb676...][Download][Request][BlockSync]Batch blocks for sending,blockSize=24480,number=184,peer=374bdfe9...,timeCost=0
info|2025-10-12 23:00:04.472835|SyncSend-1-0x00007f07df7cf700|[g:1][g:1] [SYNC][id:374bdfe9...][Download][Request][BlockSync]Send block packet,peer=374bdfe9...,blocks=1,bytes(V)=24487
warning|2025-10-12 23:00:08.578951|PBFT-1-0x00007f07d2fb6700|[g:1][CONSENSUS][PBFT]ViewChangeWarning: not caused by omit empty block ,v=113,toV=114,curNum=568,hash=31e4bff8...,nodeIdx=0,myNode=064cb676...
info|2025-10-12 23:00:08.579881|PBFT-1-0x00007f07d2fb6700|[g:1][CONSENSUS][PBFT]checkTimeout Succ,view=113,toView=114,nodeIdx=0,changeCycle=2,myNode=064cb676...,timecost=3
info|2025-10-12 23:00:08.588315|PBFT-1-0x00007f07d2fb6700|[g:1][CONSENSUS][PBFT]checkAndChangeView: Reach consensus,org_view=113,cur_changeCycle=2,curView=113,view=114
info|2025-10-12 23:00:09.593107|PBFT-1-0x00007f07d2fb6700|[g:1][CONSENSUS]addRawPrepare,height=569,reqIdx=2,hash=295b456d...,time=0
info|2025-10-12 23:00:09.596440|PBFT-1-0x00007f07d2fb6700|[g:1][CONSENSUS][PBFT]checkTimeout Succ,view=114,toView=115,nodeIdx=0,changeCycle=1,myNode=064cb676...,timecost=3
info|2025-10-12 23:00:09.601345|PBFT-1-0x00007f07d2fb6700|[g:1][CONSENSUS][PBFT]checkAndChangeView: Reach consensus,org_view=114,cur_changeCycle=1,curView=114,view=115
info|2025-10-12 23:00:10.611705|PBFT-1-0x00007f07d2fb6700|[g:1][CONSENSUS]addRawPrepare,height=569,reqIdx=3,hash=6a87980c...,time=0
info|2025-10-12 23:00:10.622132|PBFT-1-0x00007f07d2fb6700|[g:1][CONSENSUS][PBFT]checkTimeout Succ,view=115,toView=116,nodeIdx=0,changeCycle=1,myNode=064cb676...,timecost=11
info|2025-10-12 23:00:10.629980|PBFT-1-0x00007f07d2fb6700|[g:1][CONSENSUS][PBFT]checkAndChangeView: Reach consensus,org_view=115,cur_changeCycle=1,curView=115,view=116
info|2025-10-12 23:00:10.869735|io_service-0x00007f07ecfea700|[P2P][Service] heartBeat,connected count=3
info|2025-10-12 23:00:11.632302|PBFTSeal-1-0x00007f07cb7a7700|[g:1][CONSENSUS][SEALER]++++++++++++++++ Generating seal on,blkNum=569,tx=0,nodeIdx=0,hash=a4cbc79a...
info|2025-10-12 23:00:11.645134|PBFT-1-0x00007f07d2fb6700|[g:1][CONSENSUS][PBFT]checkTimeout Succ,view=116,toView=117,nodeIdx=0,changeCycle=1,myNode=064cb676...,timecost=2
info|2025-10-12 23:00:11.658732|PBFT-1-0x00007f07d2fb6700|[g:1][CONSENSUS][PBFT]checkAndChangeView: Reach consensus,org_view=116,cur_changeCycle=1,curView=116,view=117
warning|2025-10-12 23:00:16.164695|PBFT-1-0x00007f07d2fb6700|[g:1][CONSENSUS][PBFT]ViewChangeWarning: not caused by omit empty block ,v=117,toV=118,curNum=568,hash=31e4bff8...,nodeIdx=0,myNode=064cb676...
info|2025-10-12 23:00:16.169283|PBFT-1-0x00007f07d2fb6700|[g:1][CONSENSUS][PBFT]checkTimeout Succ,view=117,toView=118,nodeIdx=0,changeCycle=2,myNode=064cb676...,timecost=7
info|2025-10-12 23:00:16.184924|PBFT-1-0x00007f07d2fb6700|[g:1][CONSENSUS][PBFT]checkAndChangeView: Reach consensus,org_view=117,cur_changeCycle=2,curView=117,view=118
info|2025-10-12 23:00:17.193237|PBFT-1-0x00007f07d2fb6700|[g:1][CONSENSUS]addRawPrepare,height=569,reqIdx=2,hash=3913f40b...,time=0
info|2025-10-12 23:00:17.197415|PBFT-1-0x00007f07d2fb6700|[g:1][CONSENSUS][PBFT]checkTimeout Succ,view=118,toView=119,nodeIdx=0,changeCycle=1,myNode=064cb676...,timecost=4
info|2025-10-12 23:00:17.203255|PBFT-1-0x00007f07d2fb6700|[g:1][CONSENSUS][PBFT]checkAndChangeView: Reach consensus,org_view=118,cur_changeCycle=1,curView=118,view=119
info|2025-10-12 23:00:18.226840|PBFT-1-0x00007f07d2fb6700|[g:1][CONSENSUS]addRawPrepare,height=569,reqIdx=3,hash=6a0cc950...,time=0
info|2025-10-12 23:00:18.242922|PBFT-1-0x00007f07d2fb6700|[g:1][CONSENSUS][PBFT]checkTimeout Succ,view=119,toView=120,nodeIdx=0,changeCycle=1,myNode=064cb676...,timecost=15
info|2025-10-12 23:00:18.264316|PBFT-1-0x00007f07d2fb6700|[g:1][CONSENSUS][PBFT]checkAndChangeView: Reach consensus,org_view=119,cur_changeCycle=1,curView=119,view=120
info|2025-10-12 23:00:19.266683|PBFTSeal-1-0x00007f07cb7a7700|[g:1][CONSENSUS][SEALER]++++++++++++++++ Generating seal on,blkNum=569,tx=0,nodeIdx=0,hash=0627f2b9...
info|2025-10-12 23:00:19.299935|PBFT-1-0x00007f07d2fb6700|[g:1][CONSENSUS][PBFT]checkTimeout Succ,view=120,toView=121,nodeIdx=0,changeCycle=1,myNode=064cb676...,timecost=7
info|2025-10-12 23:00:19.304597|PBFT-1-0x00007f07d2fb6700|[g:1][CONSENSUS][PBFT]checkAndChangeView: Reach consensus,org_view=120,cur_changeCycle=1,curView=120,view=121
info|2025-10-12 23:00:20.870406|io_service-0x00007f07ecfea700|[P2P][Service] heartBeat,connected count=3
warning|2025-10-12 23:00:23.816581|PBFT-1-0x00007f07d2fb6700|[g:1][CONSENSUS][PBFT]ViewChangeWarning: not caused by omit empty block ,v=121,toV=122,curNum=568,hash=31e4bff8...,nodeIdx=0,myNode=064cb676...
info|2025-10-12 23:00:23.816781|PBFT-1-0x00007f07d2fb6700|[g:1][CONSENSUS][PBFT]checkTimeout Succ,view=121,toView=122,nodeIdx=0,changeCycle=2,myNode=064cb676...,timecost=2
info|2025-10-12 23:00:23.868011|PBFT-1-0x00007f07d2fb6700|[g:1][CONSENSUS][PBFT]checkAndChangeView: Reach consensus,org_view=121,cur_changeCycle=2,curView=121,view=122
info|2025-10-12 23:00:24.025225|P2P-0x00007f07edfec700|[g:1] [SYNC][id:064cb676...][Download][Request]Receive block request,peer=374bdfe9...,from=184,to=184
info|2025-10-12 23:00:24.025973|SyncSend-1-0x00007f07df7cf700|[g:1][SYNC][id:064cb676...][Download][Request][BlockSync]Batch blocks for sending,blockSize=24480,number=184,peer=374bdfe9...,timeCost=1
info|2025-10-12 23:00:24.026125|SyncSend-1-0x00007f07df7cf700|[g:1][g:1] [SYNC][id:374bdfe9...][Download][Request][BlockSync]Send block packet,peer=374bdfe9...,blocks=1,bytes(V)=24487
info|2025-10-12 23:00:24.880980|PBFT-1-0x00007f07d2fb6700|[g:1][CONSENSUS]addRawPrepare,height=569,reqIdx=2,hash=fa4d9b14...,time=1
info|2025-10-12 23:00:24.883354|PBFT-1-0x00007f07d2fb6700|[g:1][CONSENSUS][PBFT]checkTimeout Succ,view=122,toView=123,nodeIdx=0,changeCycle=1,myNode=064cb676...,timecost=2
info|2025-10-12 23:00:24.896923|PBFT-1-0x00007f07d2fb6700|[g:1][CONSENSUS][PBFT]checkAndChangeView: Reach consensus,org_view=122,cur_changeCycle=1,curView=122,view=123
info|2025-10-12 23:00:25.902196|PBFT-1-0x00007f07d2fb6700|[g:1][CONSENSUS]addRawPrepare,height=569,reqIdx=3,hash=a223218e...,time=0
info|2025-10-12 23:00:25.912518|PBFT-1-0x00007f07d2fb6700|[g:1][CONSENSUS][PBFT]checkTimeout Succ,view=123,toView=124,nodeIdx=0,changeCycle=1,myNode=064cb676...,timecost=10
info|2025-10-12 23:00:25.922623|PBFT-1-0x00007f07d2fb6700|[g:1][CONSENSUS][PBFT]checkAndChangeView: Reach consensus,org_view=123,cur_changeCycle=1,curView=123,view=124
info|2025-10-12 23:00:26.924389|PBFTSeal-1-0x00007f07cb7a7700|[g:1][CONSENSUS][SEALER]++++++++++++++++ Generating seal on,blkNum=569,tx=0,nodeIdx=0,hash=7f24e02e...
info|2025-10-12 23:00:26.938179|PBFT-1-0x00007f07d2fb6700|[g:1][CONSENSUS][PBFT]checkTimeout Succ,view=124,toView=125,nodeIdx=0,changeCycle=1,myNode=064cb676...,timecost=3
info|2025-10-12 23:00:26.948581|PBFT-1-0x00007f07d2fb6700|[g:1][CONSENSUS][PBFT]checkAndChangeView: Reach consensus,org_view=124,cur_changeCycle=1,curView=124,view=125
info|2025-10-12 23:00:30.870976|io_service-0x00007f07ecfea700|[P2P][Service] heartBeat,connected count=3
warning|2025-10-12 23:00:31.453002|PBFT-1-0x00007f07d2fb6700|[g:1][CONSENSUS][PBFT]ViewChangeWarning: not caused by omit empty block ,v=125,toV=126,curNum=568,hash=31e4bff8...,nodeIdx=0,myNode=064cb676...
info|2025-10-12 23:00:31.453272|PBFT-1-0x00007f07d2fb6700|[g:1][CONSENSUS][PBFT]checkTimeout Succ,view=125,toView=126,nodeIdx=0,changeCycle=2,myNode=064cb676...,timecost=3
info|2025-10-12 23:00:31.467721|PBFT-1-0x00007f07d2fb6700|[g:1][CONSENSUS][PBFT]checkAndChangeView: Reach consensus,org_view=125,cur_changeCycle=2,curView=125,view=126
info|2025-10-12 23:00:32.476622|PBFT-1-0x00007f07d2fb6700|[g:1][CONSENSUS]addRawPrepare,height=569,reqIdx=2,hash=4a03b379...,time=0
info|2025-10-12 23:00:32.483354|PBFT-1-0x00007f07d2fb6700|[g:1][CONSENSUS][PBFT]checkTimeout Succ,view=126,toView=127,nodeIdx=0,changeCycle=1,myNode=064cb676...,timecost=7
info|2025-10-12 23:00:32.494671|PBFT-1-0x00007f07d2fb6700|[g:1][CONSENSUS][PBFT]checkAndChangeView: Reach consensus,org_view=126,cur_changeCycle=1,curView=126,view=127
info|2025-10-12 23:00:33.507020|PBFT-1-0x00007f07d2fb6700|[g:1][CONSENSUS]addRawPrepare,height=569,reqIdx=3,hash=fd1f2d51...,time=0
info|2025-10-12 23:00:33.510708|PBFT-1-0x00007f07d2fb6700|[g:1][CONSENSUS][PBFT]checkTimeout Succ,view=127,toView=128,nodeIdx=0,changeCycle=1,myNode=064cb676...,timecost=3
info|2025-10-12 23:00:33.524332|PBFT-1-0x00007f07d2fb6700|[g:1][CONSENSUS][PBFT]checkAndChangeView: Reach consensus,org_view=127,cur_changeCycle=1,curView=127,view=128
info|2025-10-12 23:00:34.524823|PBFTSeal-1-0x00007f07cb7a7700|[g:1][CONSENSUS][SEALER]++++++++++++++++ Generating seal on,blkNum=569,tx=0,nodeIdx=0,hash=a2529362...
info|2025-10-12 23:00:34.534044|PBFT-1-0x00007f07d2fb6700|[g:1][CONSENSUS][PBFT]checkTimeout Succ,view=128,toView=129,nodeIdx=0,changeCycle=1,myNode=064cb676...,timecost=6
info|2025-10-12 23:00:34.545162|PBFT-1-0x00007f07d2fb6700|[g:1][CONSENSUS][PBFT]checkAndChangeView: Reach consensus,org_view=128,cur_changeCycle=1,curView=128,view=129
info|2025-10-12 23:00:37.038074|P2P-0x00007f07eefee700|[g:1] [SYNC][id:064cb676...][Download][Request]Receive block request,peer=374bdfe9...,from=184,to=184
info|2025-10-12 23:00:37.038787|SyncSend-1-0x00007f07df7cf700|[g:1][SYNC][id:064cb676...][Download][Request][BlockSync]Batch blocks for sending,blockSize=24480,number=184,peer=374bdfe9...,timeCost=0
info|2025-10-12 23:00:37.038894|SyncSend-1-0x00007f07df7cf700|[g:1][g:1] [SYNC][id:374bdfe9...][Download][Request][BlockSync]Send block packet,peer=374bdfe9...,blocks=1,bytes(V)=24487
warning|2025-10-12 23:00:39.052016|PBFT-1-0x00007f07d2fb6700|[g:1][CONSENSUS][PBFT]ViewChangeWarning: not caused by omit empty block ,v=129,toV=130,curNum=568,hash=31e4bff8...,nodeIdx=0,myNode=064cb676...
info|2025-10-12 23:00:39.052315|PBFT-1-0x00007f07d2fb6700|[g:1][CONSENSUS][PBFT]checkTimeout Succ,view=129,toView=130,nodeIdx=0,changeCycle=2,myNode=064cb676...,timecost=3
info|2025-10-12 23:00:39.067237|PBFT-1-0x00007f07d2fb6700|[g:1][CONSENSUS][PBFT]checkAndChangeView: Reach consensus,org_view=129,cur_changeCycle=2,curView=129,view=130
info|2025-10-12 23:00:40.078466|PBFT-1-0x00007f07d2fb6700|[g:1][CONSENSUS]addRawPrepare,height=569,reqIdx=2,hash=ff6c96cb...,time=0
info|2025-10-12 23:00:40.085673|PBFT-1-0x00007f07d2fb6700|[g:1][CONSENSUS][PBFT]checkTimeout Succ,view=130,toView=131,nodeIdx=0,changeCycle=1,myNode=064cb676...,timecost=6
info|2025-10-12 23:00:40.094592|PBFT-1-0x00007f07d2fb6700|[g:1][CONSENSUS][PBFT]checkAndChangeView: Reach consensus,org_view=130,cur_changeCycle=1,curView=130,view=131
info|2025-10-12 23:00:40.871692|io_service-0x00007f07ecfea700|[P2P][Service] heartBeat,connected count=3
info|2025-10-12 23:00:41.109447|PBFT-1-0x00007f07d2fb6700|[g:1][CONSENSUS]addRawPrepare,height=569,reqIdx=3,hash=a14c2782...,time=0
info|2025-10-12 23:00:41.114185|PBFT-1-0x00007f07d2fb6700|[g:1][CONSENSUS][PBFT]checkTimeout Succ,view=131,toView=132,nodeIdx=0,changeCycle=1,myNode=064cb676...,timecost=4
info|2025-10-12 23:00:41.128369|PBFT-1-0x00007f07d2fb6700|[g:1][CONSENSUS][PBFT]checkAndChangeView: Reach consensus,org_view=131,cur_changeCycle=1,curView=131,view=132
info|2025-10-12 23:00:42.130747|PBFTSeal-1-0x00007f07cb7a7700|[g:1][CONSENSUS][SEALER]++++++++++++++++ Generating seal on,blkNum=569,tx=0,nodeIdx=0,hash=49a31752...
info|2025-10-12 23:00:42.147002|PBFT-1-0x00007f07d2fb6700|[g:1][CONSENSUS][PBFT]checkTimeout Succ,view=132,toView=133,nodeIdx=0,changeCycle=1,myNode=064cb676...,timecost=6
info|2025-10-12 23:00:42.157212|PBFT-1-0x00007f07d2fb6700|[g:1][CONSENSUS][PBFT]checkAndChangeView: Reach consensus,org_view=132,cur_changeCycle=1,curView=132,view=133
warning|2025-10-12 23:00:46.670007|PBFT-1-0x00007f07d2fb6700|[g:1][CONSENSUS][PBFT]ViewChangeWarning: not caused by omit empty block ,v=133,toV=134,curNum=568,hash=31e4bff8...,nodeIdx=0,myNode=064cb676...
info|2025-10-12 23:00:46.670208|PBFT-1-0x00007f07d2fb6700|[g:1][CONSENSUS][PBFT]checkTimeout Succ,view=133,toView=134,nodeIdx=0,changeCycle=2,myNode=064cb676...,timecost=6
info|2025-10-12 23:00:46.677852|PBFT-1-0x00007f07d2fb6700|[g:1][CONSENSUS][PBFT]checkAndChangeView: Reach consensus,org_view=133,cur_changeCycle=2,curView=133,view=134
info|2025-10-12 23:00:47.716914|PBFT-1-0x00007f07d2fb6700|[g:1][CONSENSUS]addRawPrepare,height=569,reqIdx=2,hash=e0810afa...,time=0
info|2025-10-12 23:00:47.723096|PBFT-1-0x00007f07d2fb6700|[g:1][CONSENSUS][PBFT]checkTimeout Succ,view=134,toView=135,nodeIdx=0,changeCycle=1,myNode=064cb676...,timecost=6
info|2025-10-12 23:00:47.739245|PBFT-1-0x00007f07d2fb6700|[g:1][CONSENSUS][PBFT]checkAndChangeView: Reach consensus,org_view=134,cur_changeCycle=1,curView=134,view=135
info|2025-10-12 23:00:48.749397|PBFT-1-0x00007f07d2fb6700|[g:1][CONSENSUS]addRawPrepare,height=569,reqIdx=3,hash=e5ced333...,time=0
info|2025-10-12 23:00:48.763703|PBFT-1-0x00007f07d2fb6700|[g:1][CONSENSUS][PBFT]checkTimeout Succ,view=135,toView=136,nodeIdx=0,changeCycle=1,myNode=064cb676...,timecost=14
info|2025-10-12 23:00:48.776118|PBFT-1-0x00007f07d2fb6700|[g:1][CONSENSUS][PBFT]checkAndChangeView: Reach consensus,org_view=135,cur_changeCycle=1,curView=135,view=136
info|2025-10-12 23:00:49.776952|PBFTSeal-1-0x00007f07cb7a7700|[g:1][CONSENSUS][SEALER]++++++++++++++++ Generating seal on,blkNum=569,tx=0,nodeIdx=0,hash=f21af21e...
info|2025-10-12 23:00:49.784095|PBFT-1-0x00007f07d2fb6700|[g:1][CONSENSUS][PBFT]checkTimeout Succ,view=136,toView=137,nodeIdx=0,changeCycle=1,myNode=064cb676...,timecost=4
info|2025-10-12 23:00:49.800511|PBFT-1-0x00007f07d2fb6700|[g:1][CONSENSUS][PBFT]checkAndChangeView: Reach consensus,org_view=136,cur_changeCycle=1,curView=136,view=137
info|2025-10-12 23:00:50.003626|P2P-0x00007f07edfec700|[g:1] [SYNC][id:064cb676...][Download][Request]Receive block request,peer=374bdfe9...,from=184,to=184
info|2025-10-12 23:00:50.004586|SyncSend-1-0x00007f07df7cf700|[g:1][SYNC][id:064cb676...][Download][Request][BlockSync]Batch blocks for sending,blockSize=24480,number=184,peer=374bdfe9...,timeCost=0
info|2025-10-12 23:00:50.004766|SyncSend-1-0x00007f07df7cf700|[g:1][g:1] [SYNC][id:374bdfe9...][Download][Request][BlockSync]Send block packet,peer=374bdfe9...,blocks=1,bytes(V)=24487
info|2025-10-12 23:00:50.872106|io_service-0x00007f07ecfea700|[P2P][Service] heartBeat,connected count=3
warning|2025-10-12 23:00:54.308262|PBFT-1-0x00007f07d2fb6700|[g:1][CONSENSUS][PBFT]ViewChangeWarning: not caused by omit empty block ,v=137,toV=138,curNum=568,hash=31e4bff8...,nodeIdx=0,myNode=064cb676...
info|2025-10-12 23:00:54.308502|PBFT-1-0x00007f07d2fb6700|[g:1][CONSENSUS][PBFT]checkTimeout Succ,view=137,toView=138,nodeIdx=0,changeCycle=2,myNode=064cb676...,timecost=4
info|2025-10-12 23:00:54.318791|PBFT-1-0x00007f07d2fb6700|[g:1][CONSENSUS][PBFT]checkAndChangeView: Reach consensus,org_view=137,cur_changeCycle=2,curView=137,view=138
info|2025-10-12 23:00:55.323367|PBFT-1-0x00007f07d2fb6700|[g:1][CONSENSUS]addRawPrepare,height=569,reqIdx=2,hash=e17cae5f...,time=0
info|2025-10-12 23:00:55.326839|PBFT-1-0x00007f07d2fb6700|[g:1][CONSENSUS][PBFT]checkTimeout Succ,view=138,toView=139,nodeIdx=0,changeCycle=1,myNode=064cb676...,timecost=3
info|2025-10-12 23:00:55.339578|PBFT-1-0x00007f07d2fb6700|[g:1][CONSENSUS][PBFT]checkAndChangeView: Reach consensus,org_view=138,cur_changeCycle=1,curView=138,view=139
info|2025-10-12 23:00:56.342563|PBFT-1-0x00007f07d2fb6700|[g:1][CONSENSUS]addRawPrepare,height=569,reqIdx=3,hash=50fe8dca...,time=0
info|2025-10-12 23:00:56.347604|PBFT-1-0x00007f07d2fb6700|[g:1][CONSENSUS][PBFT]checkTimeout Succ,view=139,toView=140,nodeIdx=0,changeCycle=1,myNode=064cb676...,timecost=4
info|2025-10-12 23:00:56.352278|PBFT-1-0x00007f07d2fb6700|[g:1][CONSENSUS][PBFT]checkAndChangeView: Reach consensus,org_view=139,cur_changeCycle=1,curView=139,view=140
info|2025-10-12 23:00:57.353041|PBFTSeal-1-0x00007f07cb7a7700|[g:1][CONSENSUS][SEALER]++++++++++++++++ Generating seal on,blkNum=569,tx=0,nodeIdx=0,hash=16962198...
info|2025-10-12 23:00:57.362017|PBFT-1-0x00007f07d2fb6700|[g:1][CONSENSUS][PBFT]checkTimeout Succ,view=140,toView=141,nodeIdx=0,changeCycle=1,myNode=064cb676...,timecost=6
info|2025-10-12 23:00:57.377971|PBFT-1-0x00007f07d2fb6700|[g:1][CONSENSUS][PBFT]checkAndChangeView: Reach consensus,org_view=140,cur_changeCycle=1,curView=140,view=141
info|2025-10-12 23:01:00.872830|io_service-0x00007f07ecfea700|[P2P][Service] heartBeat,connected count=3
warning|2025-10-12 23:01:01.885146|PBFT-1-0x00007f07d2fb6700|[g:1][CONSENSUS][PBFT]ViewChangeWarning: not caused by omit empty block ,v=141,toV=142,curNum=568,hash=31e4bff8...,nodeIdx=0,myNode=064cb676...
info|2025-10-12 23:01:01.885860|PBFT-1-0x00007f07d2fb6700|[g:1][CONSENSUS][PBFT]checkTimeout Succ,view=141,toView=142,nodeIdx=0,changeCycle=2,myNode=064cb676...,timecost=4
info|2025-10-12 23:01:01.904288|PBFT-1-0x00007f07d2fb6700|[g:1][CONSENSUS][PBFT]checkAndChangeView: Reach consensus,org_view=141,cur_changeCycle=2,curView=141,view=142
info|2025-10-12 23:01:02.921123|PBFT-1-0x00007f07d2fb6700|[g:1][CONSENSUS]addRawPrepare,height=569,reqIdx=2,hash=fda82bc7...,time=0
info|2025-10-12 23:01:02.939824|PBFT-1-0x00007f07d2fb6700|[g:1][CONSENSUS][PBFT]checkTimeout Succ,view=142,toView=143,nodeIdx=0,changeCycle=1,myNode=064cb676...,timecost=17
info|2025-10-12 23:01:02.976874|PBFT-1-0x00007f07d2fb6700|[g:1][CONSENSUS][PBFT]checkAndChangeView: Reach consensus,org_view=142,cur_changeCycle=1,curView=142,view=143
info|2025-10-12 23:01:03.060751|P2P-0x00007f07eefee700|[g:1] [SYNC][id:064cb676...][Download][Request]Receive block request,peer=374bdfe9...,from=184,to=184
info|2025-10-12 23:01:03.061729|SyncSend-1-0x00007f07df7cf700|[g:1][SYNC][id:064cb676...][Download][Request][BlockSync]Batch blocks for sending,blockSize=24480,number=184,peer=374bdfe9...,timeCost=0
info|2025-10-12 23:01:03.061952|SyncSend-1-0x00007f07df7cf700|[g:1][g:1] [SYNC][id:374bdfe9...][Download][Request][BlockSync]Send block packet,peer=374bdfe9...,blocks=1,bytes(V)=24487
info|2025-10-12 23:01:03.979678|PBFT-1-0x00007f07d2fb6700|[g:1][CONSENSUS]addRawPrepare,height=569,reqIdx=3,hash=69d47091...,time=0
info|2025-10-12 23:01:03.982304|PBFT-1-0x00007f07d2fb6700|[g:1][CONSENSUS][PBFT]checkTimeout Succ,view=143,toView=144,nodeIdx=0,changeCycle=1,myNode=064cb676...,timecost=3
info|2025-10-12 23:01:03.988032|PBFT-1-0x00007f07d2fb6700|[g:1][CONSENSUS][PBFT]checkAndChangeView: Reach consensus,org_view=143,cur_changeCycle=1,curView=143,view=144
info|2025-10-12 23:01:04.989433|PBFTSeal-1-0x00007f07cb7a7700|[g:1][CONSENSUS][SEALER]++++++++++++++++ Generating seal on,blkNum=569,tx=0,nodeIdx=0,hash=f3892590...
info|2025-10-12 23:01:04.994255|PBFT-1-0x00007f07d2fb6700|[g:1][CONSENSUS][PBFT]checkTimeout Succ,view=144,toView=145,nodeIdx=0,changeCycle=1,myNode=064cb676...,timecost=2
info|2025-10-12 23:01:05.014026|PBFT-1-0x00007f07d2fb6700|[g:1][CONSENSUS][PBFT]checkAndChangeView: Reach consensus,org_view=144,cur_changeCycle=1,curView=144,view=145
warning|2025-10-12 23:01:09.531493|PBFT-1-0x00007f07d2fb6700|[g:1][CONSENSUS][PBFT]ViewChangeWarning: not caused by omit empty block ,v=145,toV=146,curNum=568,hash=31e4bff8...,nodeIdx=0,myNode=064cb676...
info|2025-10-12 23:01:09.535684|PBFT-1-0x00007f07d2fb6700|[g:1][CONSENSUS][PBFT]checkTimeout Succ,view=145,toView=146,nodeIdx=0,changeCycle=2,myNode=064cb676...,timecost=14
info|2025-10-12 23:01:09.541006|PBFT-1-0x00007f07d2fb6700|[g:1][CONSENSUS][PBFT]checkAndChangeView: Reach consensus,org_view=145,cur_changeCycle=2,curView=145,view=146
info|2025-10-12 23:01:09.594498|P2P-0x00007f07ed7eb700|[g:1] [SYNC][id:064cb676...][Download][Request]Receive block request,peer=374bdfe9...,from=184,to=184
info|2025-10-12 23:01:09.594988|SyncSend-1-0x00007f07df7cf700|[g:1][SYNC][id:064cb676...][Download][Request][BlockSync]Batch blocks for sending,blockSize=24480,number=184,peer=374bdfe9...,timeCost=1
info|2025-10-12 23:01:09.595107|SyncSend-1-0x00007f07df7cf700|[g:1][g:1] [SYNC][id:374bdfe9...][Download][Request][BlockSync]Send block packet,peer=374bdfe9...,blocks=1,bytes(V)=24487
info|2025-10-12 23:01:10.548509|PBFT-1-0x00007f07d2fb6700|[g:1][CONSENSUS]addRawPrepare,height=569,reqIdx=2,hash=c10e2f35...,time=0
info|2025-10-12 23:01:10.557466|PBFT-1-0x00007f07d2fb6700|[g:1][CONSENSUS][PBFT]checkTimeout Succ,view=146,toView=147,nodeIdx=0,changeCycle=1,myNode=064cb676...,timecost=8
info|2025-10-12 23:01:10.565513|PBFT-1-0x00007f07d2fb6700|[g:1][CONSENSUS][PBFT]checkAndChangeView: Reach consensus,org_view=146,cur_changeCycle=1,curView=146,view=147
info|2025-10-12 23:01:10.874211|io_service-0x00007f07ecfea700|[P2P][Service] heartBeat,connected count=3
info|2025-10-12 23:01:11.581175|PBFT-1-0x00007f07d2fb6700|[g:1][CONSENSUS]addRawPrepare,height=569,reqIdx=3,hash=f3a6b7ff...,time=0
info|2025-10-12 23:01:11.588076|PBFT-1-0x00007f07d2fb6700|[g:1][CONSENSUS][PBFT]checkTimeout Succ,view=147,toView=148,nodeIdx=0,changeCycle=1,myNode=064cb676...,timecost=6
info|2025-10-12 23:01:11.601696|PBFT-1-0x00007f07d2fb6700|[g:1][CONSENSUS][PBFT]checkAndChangeView: Reach consensus,org_view=147,cur_changeCycle=1,curView=147,view=148
info|2025-10-12 23:01:12.601859|PBFTSeal-1-0x00007f07cb7a7700|[g:1][CONSENSUS][SEALER]++++++++++++++++ Generating seal on,blkNum=569,tx=0,nodeIdx=0,hash=238a5ef2...
info|2025-10-12 23:01:12.614924|PBFT-1-0x00007f07d2fb6700|[g:1][CONSENSUS][PBFT]checkTimeout Succ,view=148,toView=149,nodeIdx=0,changeCycle=1,myNode=064cb676...,timecost=5
info|2025-10-12 23:01:12.626868|PBFT-1-0x00007f07d2fb6700|[g:1][CONSENSUS][PBFT]checkAndChangeView: Reach consensus,org_view=148,cur_changeCycle=1,curView=148,view=149
info|2025-10-12 23:01:16.070928|P2P-0x00007f07eefee700|[g:1] [SYNC][id:064cb676...][Download][Request]Receive block request,peer=374bdfe9...,from=184,to=184
info|2025-10-12 23:01:16.071412|SyncSend-1-0x00007f07df7cf700|[g:1][SYNC][id:064cb676...][Download][Request][BlockSync]Batch blocks for sending,blockSize=24480,number=184,peer=374bdfe9...,timeCost=0
info|2025-10-12 23:01:16.071538|SyncSend-1-0x00007f07df7cf700|[g:1][g:1] [SYNC][id:374bdfe9...][Download][Request][BlockSync]Send block packet,peer=374bdfe9...,blocks=1,bytes(V)=24487
warning|2025-10-12 23:01:17.136182|PBFT-1-0x00007f07d2fb6700|[g:1][CONSENSUS][PBFT]ViewChangeWarning: not caused by omit empty block ,v=149,toV=150,curNum=568,hash=31e4bff8...,nodeIdx=0,myNode=064cb676...
info|2025-10-12 23:01:17.136429|PBFT-1-0x00007f07d2fb6700|[g:1][CONSENSUS][PBFT]checkTimeout Succ,view=149,toView=150,nodeIdx=0,changeCycle=2,myNode=064cb676...,timecost=2
info|2025-10-12 23:01:17.153628|PBFT-1-0x00007f07d2fb6700|[g:1][CONSENSUS][PBFT]checkAndChangeView: Reach consensus,org_view=149,cur_changeCycle=2,curView=149,view=150
info|2025-10-12 23:01:18.160174|PBFT-1-0x00007f07d2fb6700|[g:1][CONSENSUS]addRawPrepare,height=569,reqIdx=2,hash=9d403191...,time=0
info|2025-10-12 23:01:18.164550|PBFT-1-0x00007f07d2fb6700|[g:1][CONSENSUS][PBFT]checkTimeout Succ,view=150,toView=151,nodeIdx=0,changeCycle=1,myNode=064cb676...,timecost=4
info|2025-10-12 23:01:18.174029|PBFT-1-0x00007f07d2fb6700|[g:1][CONSENSUS][PBFT]checkAndChangeView: Reach consensus,org_view=150,cur_changeCycle=1,curView=150,view=151
info|2025-10-12 23:01:19.196089|PBFT-1-0x00007f07d2fb6700|[g:1][CONSENSUS]addRawPrepare,height=569,reqIdx=3,hash=7b902b42...,time=0
info|2025-10-12 23:01:19.205221|PBFT-1-0x00007f07d2fb6700|[g:1][CONSENSUS][PBFT]checkTimeout Succ,view=151,toView=152,nodeIdx=0,changeCycle=1,myNode=064cb676...,timecost=9
info|2025-10-12 23:01:19.213777|PBFT-1-0x00007f07d2fb6700|[g:1][CONSENSUS][PBFT]checkAndChangeView: Reach consensus,org_view=151,cur_changeCycle=1,curView=151,view=152
info|2025-10-12 23:01:20.215089|PBFTSeal-1-0x00007f07cb7a7700|[g:1][CONSENSUS][SEALER]++++++++++++++++ Generating seal on,blkNum=569,tx=0,nodeIdx=0,hash=0a62b78f...
info|2025-10-12 23:01:20.225542|PBFT-1-0x00007f07d2fb6700|[g:1][CONSENSUS][PBFT]checkTimeout Succ,view=152,toView=153,nodeIdx=0,changeCycle=1,myNode=064cb676...,timecost=1
info|2025-10-12 23:01:20.231201|PBFT-1-0x00007f07d2fb6700|[g:1][CONSENSUS][PBFT]checkAndChangeView: Reach consensus,org_view=152,cur_changeCycle=1,curView=152,view=153
info|2025-10-12 23:01:20.874623|io_service-0x00007f07ecfea700|[P2P][Service] heartBeat,connected count=3
warning|2025-10-12 23:01:24.742804|PBFT-1-0x00007f07d2fb6700|[g:1][CONSENSUS][PBFT]ViewChangeWarning: not caused by omit empty block ,v=153,toV=154,curNum=568,hash=31e4bff8...,nodeIdx=0,myNode=064cb676...
info|2025-10-12 23:01:24.743167|PBFT-1-0x00007f07d2fb6700|[g:1][CONSENSUS][PBFT]checkTimeout Succ,view=153,toView=154,nodeIdx=0,changeCycle=2,myNode=064cb676...,timecost=7
info|2025-10-12 23:01:24.758691|PBFT-1-0x00007f07d2fb6700|[g:1][CONSENSUS][PBFT]checkAndChangeView: Reach consensus,org_view=153,cur_changeCycle=2,curView=153,view=154
info|2025-10-12 23:01:25.762357|PBFT-1-0x00007f07d2fb6700|[g:1][CONSENSUS]addRawPrepare,height=569,reqIdx=2,hash=d59e36f8...,time=0
info|2025-10-12 23:01:25.768544|PBFT-1-0x00007f07d2fb6700|[g:1][CONSENSUS][PBFT]checkTimeout Succ,view=154,toView=155,nodeIdx=0,changeCycle=1,myNode=064cb676...,timecost=6
info|2025-10-12 23:01:25.774453|PBFT-1-0x00007f07d2fb6700|[g:1][CONSENSUS][PBFT]checkAndChangeView: Reach consensus,org_view=154,cur_changeCycle=1,curView=154,view=155
info|2025-10-12 23:01:26.784801|PBFT-1-0x00007f07d2fb6700|[g:1][CONSENSUS]addRawPrepare,height=569,reqIdx=3,hash=585688e1...,time=0
info|2025-10-12 23:01:26.788173|PBFT-1-0x00007f07d2fb6700|[g:1][CONSENSUS][PBFT]checkTimeout Succ,view=155,toView=156,nodeIdx=0,changeCycle=1,myNode=064cb676...,timecost=3
info|2025-10-12 23:01:26.800671|PBFT-1-0x00007f07d2fb6700|[g:1][CONSENSUS][PBFT]checkAndChangeView: Reach consensus,org_view=155,cur_changeCycle=1,curView=155,view=156
info|2025-10-12 23:01:27.801502|PBFTSeal-1-0x00007f07cb7a7700|[g:1][CONSENSUS][SEALER]++++++++++++++++ Generating seal on,blkNum=569,tx=0,nodeIdx=0,hash=41bede6f...
info|2025-10-12 23:01:27.806822|PBFT-1-0x00007f07d2fb6700|[g:1][CONSENSUS][PBFT]checkTimeout Succ,view=156,toView=157,nodeIdx=0,changeCycle=1,myNode=064cb676...,timecost=1
info|2025-10-12 23:01:27.819855|PBFT-1-0x00007f07d2fb6700|[g:1][CONSENSUS][PBFT]checkAndChangeView: Reach consensus,org_view=156,cur_changeCycle=1,curView=156,view=157
info|2025-10-12 23:01:30.875523|io_service-0x00007f07ecfea700|[P2P][Service] heartBeat,connected count=3
warning|2025-10-12 23:01:32.334932|PBFT-1-0x00007f07d2fb6700|[g:1][CONSENSUS][PBFT]ViewChangeWarning: not caused by omit empty block ,v=157,toV=158,curNum=568,hash=31e4bff8...,nodeIdx=0,myNode=064cb676...
info|2025-10-12 23:01:32.335195|PBFT-1-0x00007f07d2fb6700|[g:1][CONSENSUS][PBFT]checkTimeout Succ,view=157,toView=158,nodeIdx=0,changeCycle=2,myNode=064cb676...,timecost=10
info|2025-10-12 23:01:32.346802|PBFT-1-0x00007f07d2fb6700|[g:1][CONSENSUS][PBFT]checkAndChangeView: Reach consensus,org_view=157,cur_changeCycle=2,curView=157,view=158
info|2025-10-12 23:01:33.345440|PBFT-1-0x00007f07d2fb6700|[g:1][CONSENSUS]addRawPrepare,height=569,reqIdx=2,hash=665501f6...,time=0
info|2025-10-12 23:01:33.348150|PBFT-1-0x00007f07d2fb6700|[g:1][CONSENSUS][PBFT]checkTimeout Succ,view=158,toView=159,nodeIdx=0,changeCycle=1,myNode=064cb676...,timecost=3
info|2025-10-12 23:01:33.363958|PBFT-1-0x00007f07d2fb6700|[g:1][CONSENSUS][PBFT]checkAndChangeView: Reach consensus,org_view=158,cur_changeCycle=1,curView=158,view=159
info|2025-10-12 23:01:34.372943|PBFT-1-0x00007f07d2fb6700|[g:1][CONSENSUS]addRawPrepare,height=569,reqIdx=3,hash=ef071a6b...,time=0
info|2025-10-12 23:01:34.377988|PBFT-1-0x00007f07d2fb6700|[g:1][CONSENSUS][PBFT]checkTimeout Succ,view=159,toView=160,nodeIdx=0,changeCycle=1,myNode=064cb676...,timecost=5
info|2025-10-12 23:01:34.385211|PBFT-1-0x00007f07d2fb6700|[g:1][CONSENSUS][PBFT]checkAndChangeView: Reach consensus,org_view=159,cur_changeCycle=1,curView=159,view=160
info|2025-10-12 23:01:35.386819|PBFTSeal-1-0x00007f07cb7a7700|[g:1][CONSENSUS][SEALER]++++++++++++++++ Generating seal on,blkNum=569,tx=0,nodeIdx=0,hash=2a408065...
info|2025-10-12 23:01:35.396536|PBFT-1-0x00007f07d2fb6700|[g:1][CONSENSUS][PBFT]checkTimeout Succ,view=160,toView=161,nodeIdx=0,changeCycle=1,myNode=064cb676...,timecost=2
info|2025-10-12 23:01:35.401929|PBFT-1-0x00007f07d2fb6700|[g:1][CONSENSUS][PBFT]checkAndChangeView: Reach consensus,org_view=160,cur_changeCycle=1,curView=160,view=161
warning|2025-10-12 23:01:39.913469|PBFT-1-0x00007f07d2fb6700|[g:1][CONSENSUS][PBFT]ViewChangeWarning: not caused by omit empty block ,v=161,toV=162,curNum=568,hash=31e4bff8...,nodeIdx=0,myNode=064cb676...
info|2025-10-12 23:01:39.913832|PBFT-1-0x00007f07d2fb6700|[g:1][CONSENSUS][PBFT]checkTimeout Succ,view=161,toView=162,nodeIdx=0,changeCycle=2,myNode=064cb676...,timecost=2
info|2025-10-12 23:01:39.929572|PBFT-1-0x00007f07d2fb6700|[g:1][CONSENSUS][PBFT]checkAndChangeView: Reach consensus,org_view=161,cur_changeCycle=2,curView=161,view=162
info|2025-10-12 23:01:40.875872|io_service-0x00007f07ecfea700|[P2P][Service] heartBeat,connected count=3
info|2025-10-12 23:01:40.935613|PBFT-1-0x00007f07d2fb6700|[g:1][CONSENSUS]addRawPrepare,height=569,reqIdx=2,hash=8f0a7df9...,time=0
info|2025-10-12 23:01:40.939762|PBFT-1-0x00007f07d2fb6700|[g:1][CONSENSUS][PBFT]checkTimeout Succ,view=162,toView=163,nodeIdx=0,changeCycle=1,myNode=064cb676...,timecost=4
info|2025-10-12 23:01:40.947941|PBFT-1-0x00007f07d2fb6700|[g:1][CONSENSUS][PBFT]checkAndChangeView: Reach consensus,org_view=162,cur_changeCycle=1,curView=162,view=163
info|2025-10-12 23:01:41.959376|PBFT-1-0x00007f07d2fb6700|[g:1][CONSENSUS]addRawPrepare,height=569,reqIdx=3,hash=7eb94093...,time=0
info|2025-10-12 23:01:41.963631|PBFT-1-0x00007f07d2fb6700|[g:1][CONSENSUS][PBFT]checkTimeout Succ,view=163,toView=164,nodeIdx=0,changeCycle=1,myNode=064cb676...,timecost=4
info|2025-10-12 23:01:41.970951|PBFT-1-0x00007f07d2fb6700|[g:1][CONSENSUS][PBFT]checkAndChangeView: Reach consensus,org_view=163,cur_changeCycle=1,curView=163,view=164
info|2025-10-12 23:01:42.972335|PBFTSeal-1-0x00007f07cb7a7700|[g:1][CONSENSUS][SEALER]++++++++++++++++ Generating seal on,blkNum=569,tx=0,nodeIdx=0,hash=635fb2c2...
info|2025-10-12 23:01:42.988315|PBFT-1-0x00007f07d2fb6700|[g:1][CONSENSUS][PBFT]checkTimeout Succ,view=164,toView=165,nodeIdx=0,changeCycle=1,myNode=064cb676...,timecost=6
info|2025-10-12 23:01:43.004206|PBFT-1-0x00007f07d2fb6700|[g:1][CONSENSUS][PBFT]checkAndChangeView: Reach consensus,org_view=164,cur_changeCycle=1,curView=164,view=165
warning|2025-10-12 23:01:47.515863|PBFT-1-0x00007f07d2fb6700|[g:1][CONSENSUS][PBFT]ViewChangeWarning: not caused by omit empty block ,v=165,toV=166,curNum=568,hash=31e4bff8...,nodeIdx=0,myNode=064cb676...
info|2025-10-12 23:01:47.516190|PBFT-1-0x00007f07d2fb6700|[g:1][CONSENSUS][PBFT]checkTimeout Succ,view=165,toView=166,nodeIdx=0,changeCycle=2,myNode=064cb676...,timecost=4
info|2025-10-12 23:01:47.527531|PBFT-1-0x00007f07d2fb6700|[g:1][CONSENSUS][PBFT]checkAndChangeView: Reach consensus,org_view=165,cur_changeCycle=2,curView=165,view=166
info|2025-10-12 23:01:48.532626|PBFT-1-0x00007f07d2fb6700|[g:1][CONSENSUS]addRawPrepare,height=569,reqIdx=2,hash=f5adf68a...,time=0
info|2025-10-12 23:01:48.535051|PBFT-1-0x00007f07d2fb6700|[g:1][CONSENSUS][PBFT]checkTimeout Succ,view=166,toView=167,nodeIdx=0,changeCycle=1,myNode=064cb676...,timecost=3
info|2025-10-12 23:01:48.546047|PBFT-1-0x00007f07d2fb6700|[g:1][CONSENSUS][PBFT]checkAndChangeView: Reach consensus,org_view=166,cur_changeCycle=1,curView=166,view=167
info|2025-10-12 23:01:48.630842|P2P-0x00007f07ed7eb700|[g:1] [SYNC][id:064cb676...][Download][Request]Receive block request,peer=374bdfe9...,from=184,to=184
info|2025-10-12 23:01:48.631370|SyncSend-1-0x00007f07df7cf700|[g:1][SYNC][id:064cb676...][Download][Request][BlockSync]Batch blocks for sending,blockSize=24480,number=184,peer=374bdfe9...,timeCost=0
info|2025-10-12 23:01:48.631508|SyncSend-1-0x00007f07df7cf700|[g:1][g:1] [SYNC][id:374bdfe9...][Download][Request][BlockSync]Send block packet,peer=374bdfe9...,blocks=1,bytes(V)=24487
info|2025-10-12 23:01:49.554113|PBFT-1-0x00007f07d2fb6700|[g:1][CONSENSUS]addRawPrepare,height=569,reqIdx=3,hash=03f26971...,time=0
info|2025-10-12 23:01:49.564595|PBFT-1-0x00007f07d2fb6700|[g:1][CONSENSUS][PBFT]checkTimeout Succ,view=167,toView=168,nodeIdx=0,changeCycle=1,myNode=064cb676...,timecost=10
info|2025-10-12 23:01:49.573720|PBFT-1-0x00007f07d2fb6700|[g:1][CONSENSUS][PBFT]checkAndChangeView: Reach consensus,org_view=167,cur_changeCycle=1,curView=167,view=168
info|2025-10-12 23:01:50.573859|PBFTSeal-1-0x00007f07cb7a7700|[g:1][CONSENSUS][SEALER]++++++++++++++++ Generating seal on,blkNum=569,tx=0,nodeIdx=0,hash=f9597703...
info|2025-10-12 23:01:50.580842|PBFT-1-0x00007f07d2fb6700|[g:1][CONSENSUS][PBFT]checkTimeout Succ,view=168,toView=169,nodeIdx=0,changeCycle=1,myNode=064cb676...,timecost=4
info|2025-10-12 23:01:50.595123|PBFT-1-0x00007f07d2fb6700|[g:1][CONSENSUS][PBFT]checkAndChangeView: Reach consensus,org_view=168,cur_changeCycle=1,curView=168,view=169
info|2025-10-12 23:01:50.876979|io_service-0x00007f07ecfea700|[P2P][Service] heartBeat,connected count=3
info|2025-10-12 23:01:55.103280|P2P-0x00007f07eefee700|[g:1] [SYNC][id:064cb676...][Download][Request]Receive block request,peer=374bdfe9...,from=184,to=184
info|2025-10-12 23:01:55.104160|SyncSend-1-0x00007f07df7cf700|[g:1][SYNC][id:064cb676...][Download][Request][BlockSync]Batch blocks for sending,blockSize=24480,number=184,peer=374bdfe9...,timeCost=1
info|2025-10-12 23:01:55.104268|SyncSend-1-0x00007f07df7cf700|[g:1][g:1] [SYNC][id:374bdfe9...][Download][Request][BlockSync]Send block packet,peer=374bdfe9...,blocks=1,bytes(V)=24487
warning|2025-10-12 23:01:55.109100|PBFT-1-0x00007f07d2fb6700|[g:1][CONSENSUS][PBFT]ViewChangeWarning: not caused by omit empty block ,v=169,toV=170,curNum=568,hash=31e4bff8...,nodeIdx=0,myNode=064cb676...
info|2025-10-12 23:01:55.112603|PBFT-1-0x00007f07d2fb6700|[g:1][CONSENSUS][PBFT]checkTimeout Succ,view=169,toView=170,nodeIdx=0,changeCycle=2,myNode=064cb676...,timecost=5
info|2025-10-12 23:01:55.118000|PBFT-1-0x00007f07d2fb6700|[g:1][CONSENSUS][PBFT]checkAndChangeView: Reach consensus,org_view=169,cur_changeCycle=2,curView=169,view=170
info|2025-10-12 23:01:56.123366|PBFT-1-0x00007f07d2fb6700|[g:1][CONSENSUS]addRawPrepare,height=569,reqIdx=2,hash=4b19c120...,time=0
info|2025-10-12 23:01:56.127286|PBFT-1-0x00007f07d2fb6700|[g:1][CONSENSUS][PBFT]checkTimeout Succ,view=170,toView=171,nodeIdx=0,changeCycle=1,myNode=064cb676...,timecost=4
info|2025-10-12 23:01:56.142314|PBFT-1-0x00007f07d2fb6700|[g:1][CONSENSUS][PBFT]checkAndChangeView: Reach consensus,org_view=170,cur_changeCycle=1,curView=170,view=171
info|2025-10-12 23:01:57.143300|PBFT-1-0x00007f07d2fb6700|[g:1][CONSENSUS]addRawPrepare,height=569,reqIdx=3,hash=0ef16df6...,time=0
info|2025-10-12 23:01:57.146553|PBFT-1-0x00007f07d2fb6700|[g:1][CONSENSUS][PBFT]checkTimeout Succ,view=171,toView=172,nodeIdx=0,changeCycle=1,myNode=064cb676...,timecost=3
info|2025-10-12 23:01:57.163503|PBFT-1-0x00007f07d2fb6700|[g:1][CONSENSUS][PBFT]checkAndChangeView: Reach consensus,org_view=171,cur_changeCycle=1,curView=171,view=172
info|2025-10-12 23:01:58.164908|PBFTSeal-1-0x00007f07cb7a7700|[g:1][CONSENSUS][SEALER]++++++++++++++++ Generating seal on,blkNum=569,tx=0,nodeIdx=0,hash=0c94809c...
info|2025-10-12 23:01:58.178820|PBFT-1-0x00007f07d2fb6700|[g:1][CONSENSUS][PBFT]checkTimeout Succ,view=172,toView=173,nodeIdx=0,changeCycle=1,myNode=064cb676...,timecost=3
info|2025-10-12 23:01:58.185377|PBFT-1-0x00007f07d2fb6700|[g:1][CONSENSUS][PBFT]checkAndChangeView: Reach consensus,org_view=172,cur_changeCycle=1,curView=172,view=173
info|2025-10-12 23:02:00.877379|io_service-0x00007f07ecfea700|[P2P][Service] heartBeat,connected count=3
warning|2025-10-12 23:02:02.697408|PBFT-1-0x00007f07d2fb6700|[g:1][CONSENSUS][PBFT]ViewChangeWarning: not caused by omit empty block ,v=173,toV=174,curNum=568,hash=31e4bff8...,nodeIdx=0,myNode=064cb676...
info|2025-10-12 23:02:02.701582|PBFT-1-0x00007f07d2fb6700|[g:1][CONSENSUS][PBFT]checkTimeout Succ,view=173,toView=174,nodeIdx=0,changeCycle=2,myNode=064cb676...,timecost=8
info|2025-10-12 23:02:02.715157|PBFT-1-0x00007f07d2fb6700|[g:1][CONSENSUS][PBFT]checkAndChangeView: Reach consensus,org_view=173,cur_changeCycle=2,curView=173,view=174
info|2025-10-12 23:02:03.721269|PBFT-1-0x00007f07d2fb6700|[g:1][CONSENSUS]addRawPrepare,height=569,reqIdx=2,hash=b2990522...,time=0
info|2025-10-12 23:02:03.725640|PBFT-1-0x00007f07d2fb6700|[g:1][CONSENSUS][PBFT]checkTimeout Succ,view=174,toView=175,nodeIdx=0,changeCycle=1,myNode=064cb676...,timecost=4
info|2025-10-12 23:02:03.736858|PBFT-1-0x00007f07d2fb6700|[g:1][CONSENSUS][PBFT]checkAndChangeView: Reach consensus,org_view=174,cur_changeCycle=1,curView=174,view=175
info|2025-10-12 23:02:04.744978|PBFT-1-0x00007f07d2fb6700|[g:1][CONSENSUS]addRawPrepare,height=569,reqIdx=3,hash=03b7ff35...,time=1
info|2025-10-12 23:02:04.753657|PBFT-1-0x00007f07d2fb6700|[g:1][CONSENSUS][PBFT]checkTimeout Succ,view=175,toView=176,nodeIdx=0,changeCycle=1,myNode=064cb676...,timecost=8
info|2025-10-12 23:02:04.761892|PBFT-1-0x00007f07d2fb6700|[g:1][CONSENSUS][PBFT]checkAndChangeView: Reach consensus,org_view=175,cur_changeCycle=1,curView=175,view=176
info|2025-10-12 23:02:05.762390|PBFTSeal-1-0x00007f07cb7a7700|[g:1][CONSENSUS][SEALER]++++++++++++++++ Generating seal on,blkNum=569,tx=0,nodeIdx=0,hash=4c1e3ebd...
info|2025-10-12 23:02:05.775391|PBFT-1-0x00007f07d2fb6700|[g:1][CONSENSUS][PBFT]checkTimeout Succ,view=176,toView=177,nodeIdx=0,changeCycle=1,myNode=064cb676...,timecost=5
info|2025-10-12 23:02:05.788126|PBFT-1-0x00007f07d2fb6700|[g:1][CONSENSUS][PBFT]checkAndChangeView: Reach consensus,org_view=176,cur_changeCycle=1,curView=176,view=177
warning|2025-10-12 23:02:10.304305|PBFT-1-0x00007f07d2fb6700|[g:1][CONSENSUS][PBFT]ViewChangeWarning: not caused by omit empty block ,v=177,toV=178,curNum=568,hash=31e4bff8...,nodeIdx=0,myNode=064cb676...
info|2025-10-12 23:02:10.306743|PBFT-1-0x00007f07d2fb6700|[g:1][CONSENSUS][PBFT]checkTimeout Succ,view=177,toView=178,nodeIdx=0,changeCycle=2,myNode=064cb676...,timecost=7
info|2025-10-12 23:02:10.315187|PBFT-1-0x00007f07d2fb6700|[g:1][CONSENSUS][PBFT]checkAndChangeView: Reach consensus,org_view=177,cur_changeCycle=2,curView=177,view=178
info|2025-10-12 23:02:10.877755|io_service-0x00007f07ecfea700|[P2P][Service] heartBeat,connected count=3
info|2025-10-12 23:02:11.318179|PBFT-1-0x00007f07d2fb6700|[g:1][CONSENSUS]addRawPrepare,height=569,reqIdx=2,hash=38281989...,time=0
info|2025-10-12 23:02:11.321707|PBFT-1-0x00007f07d2fb6700|[g:1][CONSENSUS][PBFT]checkTimeout Succ,view=178,toView=179,nodeIdx=0,changeCycle=1,myNode=064cb676...,timecost=3
info|2025-10-12 23:02:11.332501|PBFT-1-0x00007f07d2fb6700|[g:1][CONSENSUS][PBFT]checkAndChangeView: Reach consensus,org_view=178,cur_changeCycle=1,curView=178,view=179
info|2025-10-12 23:02:12.344945|PBFT-1-0x00007f07d2fb6700|[g:1][CONSENSUS]addRawPrepare,height=569,reqIdx=3,hash=68a717a5...,time=0
info|2025-10-12 23:02:12.350356|PBFT-1-0x00007f07d2fb6700|[g:1][CONSENSUS][PBFT]checkTimeout Succ,view=179,toView=180,nodeIdx=0,changeCycle=1,myNode=064cb676...,timecost=5
info|2025-10-12 23:02:12.364557|PBFT-1-0x00007f07d2fb6700|[g:1][CONSENSUS][PBFT]checkAndChangeView: Reach consensus,org_view=179,cur_changeCycle=1,curView=179,view=180
info|2025-10-12 23:02:13.365162|PBFTSeal-1-0x00007f07cb7a7700|[g:1][CONSENSUS][SEALER]++++++++++++++++ Generating seal on,blkNum=569,tx=0,nodeIdx=0,hash=6016cbe9...
info|2025-10-12 23:02:13.370566|PBFT-1-0x00007f07d2fb6700|[g:1][CONSENSUS][PBFT]checkTimeout Succ,view=180,toView=181,nodeIdx=0,changeCycle=1,myNode=064cb676...,timecost=2
info|2025-10-12 23:02:13.383802|PBFT-1-0x00007f07d2fb6700|[g:1][CONSENSUS][PBFT]checkAndChangeView: Reach consensus,org_view=180,cur_changeCycle=1,curView=180,view=181
info|2025-10-12 23:02:14.653644|P2P-0x00007f07ed7eb700|[g:1] [SYNC][id:064cb676...][Download][Request]Receive block request,peer=374bdfe9...,from=184,to=184
info|2025-10-12 23:02:14.654337|SyncSend-1-0x00007f07df7cf700|[g:1][SYNC][id:064cb676...][Download][Request][BlockSync]Batch blocks for sending,blockSize=24480,number=184,peer=374bdfe9...,timeCost=0
info|2025-10-12 23:02:14.654496|SyncSend-1-0x00007f07df7cf700|[g:1][g:1] [SYNC][id:374bdfe9...][Download][Request][BlockSync]Send block packet,peer=374bdfe9...,blocks=1,bytes(V)=24487
warning|2025-10-12 23:02:17.888435|PBFT-1-0x00007f07d2fb6700|[g:1][CONSENSUS][PBFT]ViewChangeWarning: not caused by omit empty block ,v=181,toV=182,curNum=568,hash=31e4bff8...,nodeIdx=0,myNode=064cb676...
info|2025-10-12 23:02:17.890144|PBFT-1-0x00007f07d2fb6700|[g:1][CONSENSUS][PBFT]checkTimeout Succ,view=181,toView=182,nodeIdx=0,changeCycle=2,myNode=064cb676...,timecost=4
info|2025-10-12 23:02:17.896901|PBFT-1-0x00007f07d2fb6700|[g:1][CONSENSUS][PBFT]checkAndChangeView: Reach consensus,org_view=181,cur_changeCycle=2,curView=181,view=182
info|2025-10-12 23:02:18.910163|PBFT-1-0x00007f07d2fb6700|[g:1][CONSENSUS]addRawPrepare,height=569,reqIdx=2,hash=bcd1da1c...,time=0
info|2025-10-12 23:02:18.913032|PBFT-1-0x00007f07d2fb6700|[g:1][CONSENSUS][PBFT]checkTimeout Succ,view=182,toView=183,nodeIdx=0,changeCycle=1,myNode=064cb676...,timecost=3
info|2025-10-12 23:02:18.925349|PBFT-1-0x00007f07d2fb6700|[g:1][CONSENSUS][PBFT]checkAndChangeView: Reach consensus,org_view=182,cur_changeCycle=1,curView=182,view=183
info|2025-10-12 23:02:19.929596|PBFT-1-0x00007f07d2fb6700|[g:1][CONSENSUS]addRawPrepare,height=569,reqIdx=3,hash=6b148e2e...,time=0
info|2025-10-12 23:02:19.933319|PBFT-1-0x00007f07d2fb6700|[g:1][CONSENSUS][PBFT]checkTimeout Succ,view=183,toView=184,nodeIdx=0,changeCycle=1,myNode=064cb676...,timecost=3
info|2025-10-12 23:02:19.940672|PBFT-1-0x00007f07d2fb6700|[g:1][CONSENSUS][PBFT]checkAndChangeView: Reach consensus,org_view=183,cur_changeCycle=1,curView=183,view=184
info|2025-10-12 23:02:20.878119|io_service-0x00007f07ecfea700|[P2P][Service] heartBeat,connected count=3
info|2025-10-12 23:02:20.941026|PBFTSeal-1-0x00007f07cb7a7700|[g:1][CONSENSUS][SEALER]++++++++++++++++ Generating seal on,blkNum=569,tx=0,nodeIdx=0,hash=643b0025...
info|2025-10-12 23:02:20.944737|PBFT-1-0x00007f07d2fb6700|[g:1][CONSENSUS][PBFT]checkTimeout Succ,view=184,toView=185,nodeIdx=0,changeCycle=1,myNode=064cb676...,timecost=1
info|2025-10-12 23:02:20.979954|PBFT-1-0x00007f07d2fb6700|[g:1][CONSENSUS][PBFT]checkAndChangeView: Reach consensus,org_view=184,cur_changeCycle=1,curView=184,view=185
warning|2025-10-12 23:02:25.494934|PBFT-1-0x00007f07d2fb6700|[g:1][CONSENSUS][PBFT]ViewChangeWarning: not caused by omit empty block ,v=185,toV=186,curNum=568,hash=31e4bff8...,nodeIdx=0,myNode=064cb676...
info|2025-10-12 23:02:25.497804|PBFT-1-0x00007f07d2fb6700|[g:1][CONSENSUS][PBFT]checkTimeout Succ,view=185,toView=186,nodeIdx=0,changeCycle=2,myNode=064cb676...,timecost=7
info|2025-10-12 23:02:25.509462|PBFT-1-0x00007f07d2fb6700|[g:1][CONSENSUS][PBFT]checkAndChangeView: Reach consensus,org_view=185,cur_changeCycle=2,curView=185,view=186
info|2025-10-12 23:02:26.532174|PBFT-1-0x00007f07d2fb6700|[g:1][CONSENSUS]addRawPrepare,height=569,reqIdx=2,hash=831c92a8...,time=0
info|2025-10-12 23:02:26.543919|PBFT-1-0x00007f07d2fb6700|[g:1][CONSENSUS][PBFT]checkTimeout Succ,view=186,toView=187,nodeIdx=0,changeCycle=1,myNode=064cb676...,timecost=11
info|2025-10-12 23:02:26.552078|PBFT-1-0x00007f07d2fb6700|[g:1][CONSENSUS][PBFT]checkAndChangeView: Reach consensus,org_view=186,cur_changeCycle=1,curView=186,view=187
info|2025-10-12 23:02:27.561685|P2P-0x00007f07edfec700|[g:1] [SYNC][id:064cb676...][Download][Request]Receive block request,peer=374bdfe9...,from=184,to=184
info|2025-10-12 23:02:27.562273|SyncSend-1-0x00007f07df7cf700|[g:1][SYNC][id:064cb676...][Download][Request][BlockSync]Batch blocks for sending,blockSize=24480,number=184,peer=374bdfe9...,timeCost=0
info|2025-10-12 23:02:27.562640|SyncSend-1-0x00007f07df7cf700|[g:1][g:1] [SYNC][id:374bdfe9...][Download][Request][BlockSync]Send block packet,peer=374bdfe9...,blocks=1,bytes(V)=24487
info|2025-10-12 23:02:27.568058|PBFT-1-0x00007f07d2fb6700|[g:1][CONSENSUS]addRawPrepare,height=569,reqIdx=3,hash=e919db43...,time=0
info|2025-10-12 23:02:27.570993|PBFT-1-0x00007f07d2fb6700|[g:1][CONSENSUS][PBFT]checkTimeout Succ,view=187,toView=188,nodeIdx=0,changeCycle=1,myNode=064cb676...,timecost=3
info|2025-10-12 23:02:27.587727|PBFT-1-0x00007f07d2fb6700|[g:1][CONSENSUS][PBFT]checkAndChangeView: Reach consensus,org_view=187,cur_changeCycle=1,curView=187,view=188
info|2025-10-12 23:02:28.588452|PBFTSeal-1-0x00007f07cb7a7700|[g:1][CONSENSUS][SEALER]++++++++++++++++ Generating seal on,blkNum=569,tx=0,nodeIdx=0,hash=e6a9fd3a...
info|2025-10-12 23:02:28.601100|PBFT-1-0x00007f07d2fb6700|[g:1][CONSENSUS][PBFT]checkTimeout Succ,view=188,toView=189,nodeIdx=0,changeCycle=1,myNode=064cb676...,timecost=3
info|2025-10-12 23:02:28.615637|PBFT-1-0x00007f07d2fb6700|[g:1][CONSENSUS][PBFT]checkAndChangeView: Reach consensus,org_view=188,cur_changeCycle=1,curView=188,view=189
info|2025-10-12 23:02:30.879324|io_service-0x00007f07ecfea700|[P2P][Service] heartBeat,connected count=3
warning|2025-10-12 23:02:33.124119|PBFT-1-0x00007f07d2fb6700|[g:1][CONSENSUS][PBFT]ViewChangeWarning: not caused by omit empty block ,v=189,toV=190,curNum=568,hash=31e4bff8...,nodeIdx=0,myNode=064cb676...
info|2025-10-12 23:02:33.124499|PBFT-1-0x00007f07d2fb6700|[g:1][CONSENSUS][PBFT]checkTimeout Succ,view=189,toView=190,nodeIdx=0,changeCycle=2,myNode=064cb676...,timecost=3
info|2025-10-12 23:02:33.132694|PBFT-1-0x00007f07d2fb6700|[g:1][CONSENSUS][PBFT]checkAndChangeView: Reach consensus,org_view=189,cur_changeCycle=2,curView=189,view=190
info|2025-10-12 23:02:34.146126|PBFT-1-0x00007f07d2fb6700|[g:1][CONSENSUS]addRawPrepare,height=569,reqIdx=2,hash=32a3a4e2...,time=0
info|2025-10-12 23:02:34.152086|PBFT-1-0x00007f07d2fb6700|[g:1][CONSENSUS][PBFT]checkTimeout Succ,view=190,toView=191,nodeIdx=0,changeCycle=1,myNode=064cb676...,timecost=6
info|2025-10-12 23:02:34.162243|PBFT-1-0x00007f07d2fb6700|[g:1][CONSENSUS][PBFT]checkAndChangeView: Reach consensus,org_view=190,cur_changeCycle=1,curView=190,view=191
info|2025-10-12 23:02:35.172099|PBFT-1-0x00007f07d2fb6700|[g:1][CONSENSUS]addRawPrepare,height=569,reqIdx=3,hash=3cdb82ef...,time=0
info|2025-10-12 23:02:35.174656|PBFT-1-0x00007f07d2fb6700|[g:1][CONSENSUS][PBFT]checkTimeout Succ,view=191,toView=192,nodeIdx=0,changeCycle=1,myNode=064cb676...,timecost=2
info|2025-10-12 23:02:35.181545|PBFT-1-0x00007f07d2fb6700|[g:1][CONSENSUS][PBFT]checkAndChangeView: Reach consensus,org_view=191,cur_changeCycle=1,curView=191,view=192
info|2025-10-12 23:02:36.182293|PBFTSeal-1-0x00007f07cb7a7700|[g:1][CONSENSUS][SEALER]++++++++++++++++ Generating seal on,blkNum=569,tx=0,nodeIdx=0,hash=27e77a7c...
info|2025-10-12 23:02:36.191872|PBFT-1-0x00007f07d2fb6700|[g:1][CONSENSUS][PBFT]checkTimeout Succ,view=192,toView=193,nodeIdx=0,changeCycle=1,myNode=064cb676...,timecost=5
info|2025-10-12 23:02:36.200839|PBFT-1-0x00007f07d2fb6700|[g:1][CONSENSUS][PBFT]checkAndChangeView: Reach consensus,org_view=192,cur_changeCycle=1,curView=192,view=193
warning|2025-10-12 23:02:40.712150|PBFT-1-0x00007f07d2fb6700|[g:1][CONSENSUS][PBFT]ViewChangeWarning: not caused by omit empty block ,v=193,toV=194,curNum=568,hash=31e4bff8...,nodeIdx=0,myNode=064cb676...
info|2025-10-12 23:02:40.712473|PBFT-1-0x00007f07d2fb6700|[g:1][CONSENSUS][PBFT]checkTimeout Succ,view=193,toView=194,nodeIdx=0,changeCycle=2,myNode=064cb676...,timecost=3
info|2025-10-12 23:02:40.723074|PBFT-1-0x00007f07d2fb6700|[g:1][CONSENSUS][PBFT]checkAndChangeView: Reach consensus,org_view=193,cur_changeCycle=2,curView=193,view=194
info|2025-10-12 23:02:40.880198|io_service-0x00007f07ecfea700|[P2P][Service] heartBeat,connected count=3
info|2025-10-12 23:02:41.739620|PBFT-1-0x00007f07d2fb6700|[g:1][CONSENSUS]addRawPrepare,height=569,reqIdx=2,hash=fda2eb80...,time=0
info|2025-10-12 23:02:41.745436|PBFT-1-0x00007f07d2fb6700|[g:1][CONSENSUS][PBFT]checkTimeout Succ,view=194,toView=195,nodeIdx=0,changeCycle=1,myNode=064cb676...,timecost=6
info|2025-10-12 23:02:41.753106|PBFT-1-0x00007f07d2fb6700|[g:1][CONSENSUS][PBFT]checkAndChangeView: Reach consensus,org_view=194,cur_changeCycle=1,curView=194,view=195
info|2025-10-12 23:02:42.766419|PBFT-1-0x00007f07d2fb6700|[g:1][CONSENSUS]addRawPrepare,height=569,reqIdx=3,hash=3242bf36...,time=0
info|2025-10-12 23:02:42.772603|PBFT-1-0x00007f07d2fb6700|[g:1][CONSENSUS][PBFT]checkTimeout Succ,view=195,toView=196,nodeIdx=0,changeCycle=1,myNode=064cb676...,timecost=6
info|2025-10-12 23:02:42.779363|PBFT-1-0x00007f07d2fb6700|[g:1][CONSENSUS][PBFT]checkAndChangeView: Reach consensus,org_view=195,cur_changeCycle=1,curView=195,view=196
info|2025-10-12 23:02:43.780226|PBFTSeal-1-0x00007f07cb7a7700|[g:1][CONSENSUS][SEALER]++++++++++++++++ Generating seal on,blkNum=569,tx=0,nodeIdx=0,hash=ef652f53...
info|2025-10-12 23:02:43.799957|PBFT-1-0x00007f07d2fb6700|[g:1][CONSENSUS][PBFT]checkTimeout Succ,view=196,toView=197,nodeIdx=0,changeCycle=1,myNode=064cb676...,timecost=5
info|2025-10-12 23:02:43.808206|PBFT-1-0x00007f07d2fb6700|[g:1][CONSENSUS][PBFT]checkAndChangeView: Reach consensus,org_view=196,cur_changeCycle=1,curView=196,view=197
info|2025-10-12 23:02:47.149859|P2P-0x00007f07ed7eb700|[g:1] [SYNC][id:064cb676...][Download][Request]Receive block request,peer=374bdfe9...,from=184,to=184
info|2025-10-12 23:02:47.150596|SyncSend-1-0x00007f07df7cf700|[g:1][SYNC][id:064cb676...][Download][Request][BlockSync]Batch blocks for sending,blockSize=24480,number=184,peer=374bdfe9...,timeCost=0
info|2025-10-12 23:02:47.150738|SyncSend-1-0x00007f07df7cf700|[g:1][g:1] [SYNC][id:374bdfe9...][Download][Request][BlockSync]Send block packet,peer=374bdfe9...,blocks=1,bytes(V)=24487
warning|2025-10-12 23:02:48.314347|PBFT-1-0x00007f07d2fb6700|[g:1][CONSENSUS][PBFT]ViewChangeWarning: not caused by omit empty block ,v=197,toV=198,curNum=568,hash=31e4bff8...,nodeIdx=0,myNode=064cb676...
info|2025-10-12 23:02:48.314734|PBFT-1-0x00007f07d2fb6700|[g:1][CONSENSUS][PBFT]checkTimeout Succ,view=197,toView=198,nodeIdx=0,changeCycle=2,myNode=064cb676...,timecost=3
info|2025-10-12 23:02:48.322620|PBFT-1-0x00007f07d2fb6700|[g:1][CONSENSUS][PBFT]checkAndChangeView: Reach consensus,org_view=197,cur_changeCycle=2,curView=197,view=198
info|2025-10-12 23:02:49.338914|PBFT-1-0x00007f07d2fb6700|[g:1][CONSENSUS]addRawPrepare,height=569,reqIdx=2,hash=e57f581f...,time=0
info|2025-10-12 23:02:49.341604|PBFT-1-0x00007f07d2fb6700|[g:1][CONSENSUS][PBFT]checkTimeout Succ,view=198,toView=199,nodeIdx=0,changeCycle=1,myNode=064cb676...,timecost=2
info|2025-10-12 23:02:49.349844|PBFT-1-0x00007f07d2fb6700|[g:1][CONSENSUS][PBFT]checkAndChangeView: Reach consensus,org_view=198,cur_changeCycle=1,curView=198,view=199
info|2025-10-12 23:02:50.358483|PBFT-1-0x00007f07d2fb6700|[g:1][CONSENSUS]addRawPrepare,height=569,reqIdx=3,hash=a87e928d...,time=0
info|2025-10-12 23:02:50.362965|PBFT-1-0x00007f07d2fb6700|[g:1][CONSENSUS][PBFT]checkTimeout Succ,view=199,toView=200,nodeIdx=0,changeCycle=1,myNode=064cb676...,timecost=4
info|2025-10-12 23:02:50.378563|PBFT-1-0x00007f07d2fb6700|[g:1][CONSENSUS][PBFT]checkAndChangeView: Reach consensus,org_view=199,cur_changeCycle=1,curView=199,view=200
info|2025-10-12 23:02:50.881320|io_service-0x00007f07ecfea700|[P2P][Service] heartBeat,connected count=3
info|2025-10-12 23:02:51.378816|PBFTSeal-1-0x00007f07cb7a7700|[g:1][CONSENSUS][SEALER]++++++++++++++++ Generating seal on,blkNum=569,tx=0,nodeIdx=0,hash=2d1cd576...
info|2025-10-12 23:02:51.387191|PBFT-1-0x00007f07d2fb6700|[g:1][CONSENSUS][PBFT]checkTimeout Succ,view=200,toView=201,nodeIdx=0,changeCycle=1,myNode=064cb676...,timecost=6
info|2025-10-12 23:02:51.399701|PBFT-1-0x00007f07d2fb6700|[g:1][CONSENSUS][PBFT]checkAndChangeView: Reach consensus,org_view=200,cur_changeCycle=1,curView=200,view=201
warning|2025-10-12 23:02:55.907586|PBFT-1-0x00007f07d2fb6700|[g:1][CONSENSUS][PBFT]ViewChangeWarning: not caused by omit empty block ,v=201,toV=202,curNum=568,hash=31e4bff8...,nodeIdx=0,myNode=064cb676...
info|2025-10-12 23:02:55.907819|PBFT-1-0x00007f07d2fb6700|[g:1][CONSENSUS][PBFT]checkTimeout Succ,view=201,toView=202,nodeIdx=0,changeCycle=2,myNode=064cb676...,timecost=2
info|2025-10-12 23:02:55.919376|PBFT-1-0x00007f07d2fb6700|[g:1][CONSENSUS][PBFT]checkAndChangeView: Reach consensus,org_view=201,cur_changeCycle=2,curView=201,view=202
info|2025-10-12 23:02:56.934417|PBFT-1-0x00007f07d2fb6700|[g:1][CONSENSUS]addRawPrepare,height=569,reqIdx=2,hash=494931cf...,time=0
info|2025-10-12 23:02:56.940427|PBFT-1-0x00007f07d2fb6700|[g:1][CONSENSUS][PBFT]checkTimeout Succ,view=202,toView=203,nodeIdx=0,changeCycle=1,myNode=064cb676...,timecost=6
info|2025-10-12 23:02:56.944712|PBFT-1-0x00007f07d2fb6700|[g:1][CONSENSUS][PBFT]checkAndChangeView: Reach consensus,org_view=202,cur_changeCycle=1,curView=202,view=203
info|2025-10-12 23:02:57.956074|PBFT-1-0x00007f07d2fb6700|[g:1][CONSENSUS]addRawPrepare,height=569,reqIdx=3,hash=80f54d9a...,time=0
info|2025-10-12 23:02:57.961001|PBFT-1-0x00007f07d2fb6700|[g:1][CONSENSUS][PBFT]checkTimeout Succ,view=203,toView=204,nodeIdx=0,changeCycle=1,myNode=064cb676...,timecost=6
info|2025-10-12 23:02:57.968152|PBFT-1-0x00007f07d2fb6700|[g:1][CONSENSUS][PBFT]checkAndChangeView: Reach consensus,org_view=203,cur_changeCycle=1,curView=203,view=204
info|2025-10-12 23:02:58.968695|PBFTSeal-1-0x00007f07cb7a7700|[g:1][CONSENSUS][SEALER]++++++++++++++++ Generating seal on,blkNum=569,tx=0,nodeIdx=0,hash=756e916e...
info|2025-10-12 23:02:58.978150|PBFT-1-0x00007f07d2fb6700|[g:1][CONSENSUS][PBFT]checkTimeout Succ,view=204,toView=205,nodeIdx=0,changeCycle=1,myNode=064cb676...,timecost=7
info|2025-10-12 23:02:59.016716|PBFT-1-0x00007f07d2fb6700|[g:1][CONSENSUS][PBFT]checkAndChangeView: Reach consensus,org_view=204,cur_changeCycle=1,curView=204,view=205
info|2025-10-12 23:03:00.160940|P2P-0x00007f07ee7ed700|[g:1] [SYNC][id:064cb676...][Download][Request]Receive block request,peer=374bdfe9...,from=184,to=184
info|2025-10-12 23:03:00.161576|SyncSend-1-0x00007f07df7cf700|[g:1][SYNC][id:064cb676...][Download][Request][BlockSync]Batch blocks for sending,blockSize=24480,number=184,peer=374bdfe9...,timeCost=0
info|2025-10-12 23:03:00.161680|SyncSend-1-0x00007f07df7cf700|[g:1][g:1] [SYNC][id:374bdfe9...][Download][Request][BlockSync]Send block packet,peer=374bdfe9...,blocks=1,bytes(V)=24487
info|2025-10-12 23:03:00.881864|io_service-0x00007f07ecfea700|[P2P][Service] heartBeat,connected count=3
warning|2025-10-12 23:03:03.520376|PBFT-1-0x00007f07d2fb6700|[g:1][CONSENSUS][PBFT]ViewChangeWarning: not caused by omit empty block ,v=205,toV=206,curNum=568,hash=31e4bff8...,nodeIdx=0,myNode=064cb676...
info|2025-10-12 23:03:03.520633|PBFT-1-0x00007f07d2fb6700|[g:1][CONSENSUS][PBFT]checkTimeout Succ,view=205,toView=206,nodeIdx=0,changeCycle=2,myNode=064cb676...,timecost=2
info|2025-10-12 23:03:03.531213|PBFT-1-0x00007f07d2fb6700|[g:1][CONSENSUS][PBFT]checkAndChangeView: Reach consensus,org_view=205,cur_changeCycle=2,curView=205,view=206
info|2025-10-12 23:03:04.544744|PBFT-1-0x00007f07d2fb6700|[g:1][CONSENSUS]addRawPrepare,height=569,reqIdx=2,hash=4e4c4f9b...,time=0
info|2025-10-12 23:03:04.549280|PBFT-1-0x00007f07d2fb6700|[g:1][CONSENSUS][PBFT]checkTimeout Succ,view=206,toView=207,nodeIdx=0,changeCycle=1,myNode=064cb676...,timecost=5
info|2025-10-12 23:03:04.556478|PBFT-1-0x00007f07d2fb6700|[g:1][CONSENSUS][PBFT]checkAndChangeView: Reach consensus,org_view=206,cur_changeCycle=1,curView=206,view=207
info|2025-10-12 23:03:05.571723|PBFT-1-0x00007f07d2fb6700|[g:1][CONSENSUS]addRawPrepare,height=569,reqIdx=3,hash=773eca68...,time=0
info|2025-10-12 23:03:05.576791|PBFT-1-0x00007f07d2fb6700|[g:1][CONSENSUS][PBFT]checkTimeout Succ,view=207,toView=208,nodeIdx=0,changeCycle=1,myNode=064cb676...,timecost=5
info|2025-10-12 23:03:05.584689|PBFT-1-0x00007f07d2fb6700|[g:1][CONSENSUS][PBFT]checkAndChangeView: Reach consensus,org_view=207,cur_changeCycle=1,curView=207,view=208
info|2025-10-12 23:03:06.586395|PBFTSeal-1-0x00007f07cb7a7700|[g:1][CONSENSUS][SEALER]++++++++++++++++ Generating seal on,blkNum=569,tx=0,nodeIdx=0,hash=221f3f7a...
info|2025-10-12 23:03:06.591367|PBFT-1-0x00007f07d2fb6700|[g:1][CONSENSUS][PBFT]checkTimeout Succ,view=208,toView=209,nodeIdx=0,changeCycle=1,myNode=064cb676...,timecost=3
info|2025-10-12 23:03:06.605062|PBFT-1-0x00007f07d2fb6700|[g:1][CONSENSUS][PBFT]checkAndChangeView: Reach consensus,org_view=208,cur_changeCycle=1,curView=208,view=209
info|2025-10-12 23:03:06.700519|P2P-0x00007f07eefee700|[g:1] [SYNC][id:064cb676...][Download][Request]Receive block request,peer=374bdfe9...,from=184,to=184
info|2025-10-12 23:03:06.701076|SyncSend-1-0x00007f07df7cf700|[g:1][SYNC][id:064cb676...][Download][Request][BlockSync]Batch blocks for sending,blockSize=24480,number=184,peer=374bdfe9...,timeCost=1
info|2025-10-12 23:03:06.701180|SyncSend-1-0x00007f07df7cf700|[g:1][g:1] [SYNC][id:374bdfe9...][Download][Request][BlockSync]Send block packet,peer=374bdfe9...,blocks=1,bytes(V)=24487
info|2025-10-12 23:03:10.882498|io_service-0x00007f07ecfea700|[P2P][Service] heartBeat,connected count=3
warning|2025-10-12 23:03:11.112138|PBFT-1-0x00007f07d2fb6700|[g:1][CONSENSUS][PBFT]ViewChangeWarning: not caused by omit empty block ,v=209,toV=210,curNum=568,hash=31e4bff8...,nodeIdx=0,myNode=064cb676...
info|2025-10-12 23:03:11.112414|PBFT-1-0x00007f07d2fb6700|[g:1][CONSENSUS][PBFT]checkTimeout Succ,view=209,toView=210,nodeIdx=0,changeCycle=2,myNode=064cb676...,timecost=3
info|2025-10-12 23:03:11.127788|PBFT-1-0x00007f07d2fb6700|[g:1][CONSENSUS][PBFT]checkAndChangeView: Reach consensus,org_view=209,cur_changeCycle=2,curView=209,view=210
info|2025-10-12 23:03:12.134095|PBFT-1-0x00007f07d2fb6700|[g:1][CONSENSUS]addRawPrepare,height=569,reqIdx=2,hash=6f190e37...,time=0
info|2025-10-12 23:03:12.138946|PBFT-1-0x00007f07d2fb6700|[g:1][CONSENSUS][PBFT]checkTimeout Succ,view=210,toView=211,nodeIdx=0,changeCycle=1,myNode=064cb676...,timecost=4
info|2025-10-12 23:03:12.149385|PBFT-1-0x00007f07d2fb6700|[g:1][CONSENSUS][PBFT]checkAndChangeView: Reach consensus,org_view=210,cur_changeCycle=1,curView=210,view=211
info|2025-10-12 23:03:13.156953|PBFT-1-0x00007f07d2fb6700|[g:1][CONSENSUS]addRawPrepare,height=569,reqIdx=3,hash=f68b76ba...,time=0
info|2025-10-12 23:03:13.166870|PBFT-1-0x00007f07d2fb6700|[g:1][CONSENSUS][PBFT]checkTimeout Succ,view=211,toView=212,nodeIdx=0,changeCycle=1,myNode=064cb676...,timecost=9
info|2025-10-12 23:03:13.172274|P2P-0x00007f07ed7eb700|[g:1] [SYNC][id:064cb676...][Download][Request]Receive block request,peer=374bdfe9...,from=184,to=184
info|2025-10-12 23:03:13.173194|SyncSend-1-0x00007f07df7cf700|[g:1][SYNC][id:064cb676...][Download][Request][BlockSync]Batch blocks for sending,blockSize=24480,number=184,peer=374bdfe9...,timeCost=1
info|2025-10-12 23:03:13.173431|SyncSend-1-0x00007f07df7cf700|[g:1][g:1] [SYNC][id:374bdfe9...][Download][Request][BlockSync]Send block packet,peer=374bdfe9...,blocks=1,bytes(V)=24487
info|2025-10-12 23:03:13.185896|PBFT-1-0x00007f07d2fb6700|[g:1][CONSENSUS][PBFT]checkAndChangeView: Reach consensus,org_view=211,cur_changeCycle=1,curView=211,view=212
info|2025-10-12 23:03:14.185883|PBFTSeal-1-0x00007f07cb7a7700|[g:1][CONSENSUS][SEALER]++++++++++++++++ Generating seal on,blkNum=569,tx=0,nodeIdx=0,hash=b2791fb5...
info|2025-10-12 23:03:14.192329|PBFT-1-0x00007f07d2fb6700|[g:1][CONSENSUS][PBFT]checkTimeout Succ,view=212,toView=213,nodeIdx=0,changeCycle=1,myNode=064cb676...,timecost=3
info|2025-10-12 23:03:14.207131|PBFT-1-0x00007f07d2fb6700|[g:1][CONSENSUS][PBFT]checkAndChangeView: Reach consensus,org_view=212,cur_changeCycle=1,curView=212,view=213
warning|2025-10-12 23:03:18.721772|PBFT-1-0x00007f07d2fb6700|[g:1][CONSENSUS][PBFT]ViewChangeWarning: not caused by omit empty block ,v=213,toV=214,curNum=568,hash=31e4bff8...,nodeIdx=0,myNode=064cb676...
info|2025-10-12 23:03:18.722182|PBFT-1-0x00007f07d2fb6700|[g:1][CONSENSUS][PBFT]checkTimeout Succ,view=213,toView=214,nodeIdx=0,changeCycle=2,myNode=064cb676...,timecost=6
info|2025-10-12 23:03:18.734148|PBFT-1-0x00007f07d2fb6700|[g:1][CONSENSUS][PBFT]checkAndChangeView: Reach consensus,org_view=213,cur_changeCycle=2,curView=213,view=214
info|2025-10-12 23:03:19.743514|PBFT-1-0x00007f07d2fb6700|[g:1][CONSENSUS]addRawPrepare,height=569,reqIdx=2,hash=7b0ebcfa...,time=0
info|2025-10-12 23:03:19.747059|PBFT-1-0x00007f07d2fb6700|[g:1][CONSENSUS][PBFT]checkTimeout Succ,view=214,toView=215,nodeIdx=0,changeCycle=1,myNode=064cb676...,timecost=4
info|2025-10-12 23:03:19.760248|PBFT-1-0x00007f07d2fb6700|[g:1][CONSENSUS][PBFT]checkAndChangeView: Reach consensus,org_view=214,cur_changeCycle=1,curView=214,view=215
info|2025-10-12 23:03:20.772671|PBFT-1-0x00007f07d2fb6700|[g:1][CONSENSUS]addRawPrepare,height=569,reqIdx=3,hash=c7fec23e...,time=0
info|2025-10-12 23:03:20.781515|PBFT-1-0x00007f07d2fb6700|[g:1][CONSENSUS][PBFT]checkTimeout Succ,view=215,toView=216,nodeIdx=0,changeCycle=1,myNode=064cb676...,timecost=7
info|2025-10-12 23:03:20.788844|PBFT-1-0x00007f07d2fb6700|[g:1][CONSENSUS][PBFT]checkAndChangeView: Reach consensus,org_view=215,cur_changeCycle=1,curView=215,view=216
info|2025-10-12 23:03:20.882782|io_service-0x00007f07ecfea700|[P2P][Service] heartBeat,connected count=3
info|2025-10-12 23:03:21.788930|PBFTSeal-1-0x00007f07cb7a7700|[g:1][CONSENSUS][SEALER]++++++++++++++++ Generating seal on,blkNum=569,tx=0,nodeIdx=0,hash=c21567aa...
info|2025-10-12 23:03:21.797499|PBFT-1-0x00007f07d2fb6700|[g:1][CONSENSUS][PBFT]checkTimeout Succ,view=216,toView=217,nodeIdx=0,changeCycle=1,myNode=064cb676...,timecost=5
info|2025-10-12 23:03:21.811119|PBFT-1-0x00007f07d2fb6700|[g:1][CONSENSUS][PBFT]checkAndChangeView: Reach consensus,org_view=216,cur_changeCycle=1,curView=216,view=217
warning|2025-10-12 23:03:26.316059|PBFT-1-0x00007f07d2fb6700|[g:1][CONSENSUS][PBFT]ViewChangeWarning: not caused by omit empty block ,v=217,toV=218,curNum=568,hash=31e4bff8...,nodeIdx=0,myNode=064cb676...
info|2025-10-12 23:03:26.321112|PBFT-1-0x00007f07d2fb6700|[g:1][CONSENSUS][PBFT]checkTimeout Succ,view=217,toView=218,nodeIdx=0,changeCycle=2,myNode=064cb676...,timecost=10
info|2025-10-12 23:03:26.331230|PBFT-1-0x00007f07d2fb6700|[g:1][CONSENSUS][PBFT]checkAndChangeView: Reach consensus,org_view=217,cur_changeCycle=2,curView=217,view=218
info|2025-10-12 23:03:27.338204|PBFT-1-0x00007f07d2fb6700|[g:1][CONSENSUS]addRawPrepare,height=569,reqIdx=2,hash=012a22c5...,time=0
info|2025-10-12 23:03:27.345057|PBFT-1-0x00007f07d2fb6700|[g:1][CONSENSUS][PBFT]checkTimeout Succ,view=218,toView=219,nodeIdx=0,changeCycle=1,myNode=064cb676...,timecost=7
info|2025-10-12 23:03:27.351903|PBFT-1-0x00007f07d2fb6700|[g:1][CONSENSUS][PBFT]checkAndChangeView: Reach consensus,org_view=218,cur_changeCycle=1,curView=218,view=219
info|2025-10-12 23:03:28.366603|PBFT-1-0x00007f07d2fb6700|[g:1][CONSENSUS]addRawPrepare,height=569,reqIdx=3,hash=36afea78...,time=0
info|2025-10-12 23:03:28.373770|PBFT-1-0x00007f07d2fb6700|[g:1][CONSENSUS][PBFT]checkTimeout Succ,view=219,toView=220,nodeIdx=0,changeCycle=1,myNode=064cb676...,timecost=5
info|2025-10-12 23:03:28.380687|PBFT-1-0x00007f07d2fb6700|[g:1][CONSENSUS][PBFT]checkAndChangeView: Reach consensus,org_view=219,cur_changeCycle=1,curView=219,view=220
info|2025-10-12 23:03:29.380955|PBFTSeal-1-0x00007f07cb7a7700|[g:1][CONSENSUS][SEALER]++++++++++++++++ Generating seal on,blkNum=569,tx=0,nodeIdx=0,hash=634f505a...
info|2025-10-12 23:03:29.398465|PBFT-1-0x00007f07d2fb6700|[g:1][CONSENSUS][PBFT]checkTimeout Succ,view=220,toView=221,nodeIdx=0,changeCycle=1,myNode=064cb676...,timecost=7
info|2025-10-12 23:03:29.404733|PBFT-1-0x00007f07d2fb6700|[g:1][CONSENSUS][PBFT]checkAndChangeView: Reach consensus,org_view=220,cur_changeCycle=1,curView=220,view=221
info|2025-10-12 23:03:30.883027|io_service-0x00007f07ecfea700|[P2P][Service] heartBeat,connected count=3
warning|2025-10-12 23:03:33.909791|PBFT-1-0x00007f07d2fb6700|[g:1][CONSENSUS][PBFT]ViewChangeWarning: not caused by omit empty block ,v=221,toV=222,curNum=568,hash=31e4bff8...,nodeIdx=0,myNode=064cb676...
info|2025-10-12 23:03:33.913475|PBFT-1-0x00007f07d2fb6700|[g:1][CONSENSUS][PBFT]checkTimeout Succ,view=221,toView=222,nodeIdx=0,changeCycle=2,myNode=064cb676...,timecost=7
info|2025-10-12 23:03:33.920744|PBFT-1-0x00007f07d2fb6700|[g:1][CONSENSUS][PBFT]checkAndChangeView: Reach consensus,org_view=221,cur_changeCycle=2,curView=221,view=222
info|2025-10-12 23:03:34.936857|PBFT-1-0x00007f07d2fb6700|[g:1][CONSENSUS]addRawPrepare,height=569,reqIdx=2,hash=2521aaeb...,time=0
info|2025-10-12 23:03:34.939416|PBFT-1-0x00007f07d2fb6700|[g:1][CONSENSUS][PBFT]checkTimeout Succ,view=222,toView=223,nodeIdx=0,changeCycle=1,myNode=064cb676...,timecost=2
info|2025-10-12 23:03:34.949560|PBFT-1-0x00007f07d2fb6700|[g:1][CONSENSUS][PBFT]checkAndChangeView: Reach consensus,org_view=222,cur_changeCycle=1,curView=222,view=223
info|2025-10-12 23:03:35.950141|PBFT-1-0x00007f07d2fb6700|[g:1][CONSENSUS]addRawPrepare,height=569,reqIdx=3,hash=3709ca61...,time=0
info|2025-10-12 23:03:35.954976|PBFT-1-0x00007f07d2fb6700|[g:1][CONSENSUS][PBFT]checkTimeout Succ,view=223,toView=224,nodeIdx=0,changeCycle=1,myNode=064cb676...,timecost=5
info|2025-10-12 23:03:35.971508|PBFT-1-0x00007f07d2fb6700|[g:1][CONSENSUS][PBFT]checkAndChangeView: Reach consensus,org_view=223,cur_changeCycle=1,curView=223,view=224
info|2025-10-12 23:03:36.971596|PBFTSeal-1-0x00007f07cb7a7700|[g:1][CONSENSUS][SEALER]++++++++++++++++ Generating seal on,blkNum=569,tx=0,nodeIdx=0,hash=c3c6e3cc...
info|2025-10-12 23:03:36.990277|PBFT-1-0x00007f07d2fb6700|[g:1][CONSENSUS][PBFT]checkTimeout Succ,view=224,toView=225,nodeIdx=0,changeCycle=1,myNode=064cb676...,timecost=5
info|2025-10-12 23:03:36.994894|PBFT-1-0x00007f07d2fb6700|[g:1][CONSENSUS][PBFT]checkAndChangeView: Reach consensus,org_view=224,cur_changeCycle=1,curView=224,view=225
info|2025-10-12 23:03:39.194870|P2P-0x00007f07eefee700|[g:1] [SYNC][id:064cb676...][Download][Request]Receive block request,peer=374bdfe9...,from=184,to=184
info|2025-10-12 23:03:39.195567|SyncSend-1-0x00007f07df7cf700|[g:1][SYNC][id:064cb676...][Download][Request][BlockSync]Batch blocks for sending,blockSize=24480,number=184,peer=374bdfe9...,timeCost=0
info|2025-10-12 23:03:39.195696|SyncSend-1-0x00007f07df7cf700|[g:1][g:1] [SYNC][id:374bdfe9...][Download][Request][BlockSync]Send block packet,peer=374bdfe9...,blocks=1,bytes(V)=24487
info|2025-10-12 23:03:40.883269|io_service-0x00007f07ecfea700|[P2P][Service] heartBeat,connected count=3
warning|2025-10-12 23:03:41.499908|PBFT-1-0x00007f07d2fb6700|[g:1][CONSENSUS][PBFT]ViewChangeWarning: not caused by omit empty block ,v=225,toV=226,curNum=568,hash=31e4bff8...,nodeIdx=0,myNode=064cb676...
info|2025-10-12 23:03:41.500742|PBFT-1-0x00007f07d2fb6700|[g:1][CONSENSUS][PBFT]checkTimeout Succ,view=225,toView=226,nodeIdx=0,changeCycle=2,myNode=064cb676...,timecost=4
info|2025-10-12 23:03:41.517048|PBFT-1-0x00007f07d2fb6700|[g:1][CONSENSUS][PBFT]checkAndChangeView: Reach consensus,org_view=225,cur_changeCycle=2,curView=225,view=226
info|2025-10-12 23:03:42.527219|PBFT-1-0x00007f07d2fb6700|[g:1][CONSENSUS]addRawPrepare,height=569,reqIdx=2,hash=77370c06...,time=0
info|2025-10-12 23:03:42.529763|PBFT-1-0x00007f07d2fb6700|[g:1][CONSENSUS][PBFT]checkTimeout Succ,view=226,toView=227,nodeIdx=0,changeCycle=1,myNode=064cb676...,timecost=2
info|2025-10-12 23:03:42.537001|PBFT-1-0x00007f07d2fb6700|[g:1][CONSENSUS][PBFT]checkAndChangeView: Reach consensus,org_view=226,cur_changeCycle=1,curView=226,view=227
info|2025-10-12 23:03:43.545943|PBFT-1-0x00007f07d2fb6700|[g:1][CONSENSUS]addRawPrepare,height=569,reqIdx=3,hash=eb6e4685...,time=0
info|2025-10-12 23:03:43.550057|PBFT-1-0x00007f07d2fb6700|[g:1][CONSENSUS][PBFT]checkTimeout Succ,view=227,toView=228,nodeIdx=0,changeCycle=1,myNode=064cb676...,timecost=4
info|2025-10-12 23:03:43.557672|PBFT-1-0x00007f07d2fb6700|[g:1][CONSENSUS][PBFT]checkAndChangeView: Reach consensus,org_view=227,cur_changeCycle=1,curView=227,view=228
info|2025-10-12 23:03:44.559046|PBFTSeal-1-0x00007f07cb7a7700|[g:1][CONSENSUS][SEALER]++++++++++++++++ Generating seal on,blkNum=569,tx=0,nodeIdx=0,hash=0f64ecae...
info|2025-10-12 23:03:44.565865|PBFT-1-0x00007f07d2fb6700|[g:1][CONSENSUS][PBFT]checkTimeout Succ,view=228,toView=229,nodeIdx=0,changeCycle=1,myNode=064cb676...,timecost=4
info|2025-10-12 23:03:44.581302|PBFT-1-0x00007f07d2fb6700|[g:1][CONSENSUS][PBFT]checkAndChangeView: Reach consensus,org_view=228,cur_changeCycle=1,curView=228,view=229
info|2025-10-12 23:03:45.730792|P2P-0x00007f07eefee700|[g:1] [SYNC][id:064cb676...][Download][Request]Receive block request,peer=374bdfe9...,from=184,to=184
info|2025-10-12 23:03:45.731514|SyncSend-1-0x00007f07df7cf700|[g:1][SYNC][id:064cb676...][Download][Request][BlockSync]Batch blocks for sending,blockSize=24480,number=184,peer=374bdfe9...,timeCost=0
info|2025-10-12 23:03:45.731734|SyncSend-1-0x00007f07df7cf700|[g:1][g:1] [SYNC][id:374bdfe9...][Download][Request][BlockSync]Send block packet,peer=374bdfe9...,blocks=1,bytes(V)=24487
warning|2025-10-12 23:03:49.085223|PBFT-1-0x00007f07d2fb6700|[g:1][CONSENSUS][PBFT]ViewChangeWarning: not caused by omit empty block ,v=229,toV=230,curNum=568,hash=31e4bff8...,nodeIdx=0,myNode=064cb676...
info|2025-10-12 23:03:49.086110|PBFT-1-0x00007f07d2fb6700|[g:1][CONSENSUS][PBFT]checkTimeout Succ,view=229,toView=230,nodeIdx=0,changeCycle=2,myNode=064cb676...,timecost=4
info|2025-10-12 23:03:49.094653|PBFT-1-0x00007f07d2fb6700|[g:1][CONSENSUS][PBFT]checkAndChangeView: Reach consensus,org_view=229,cur_changeCycle=2,curView=229,view=230
info|2025-10-12 23:03:50.098195|PBFT-1-0x00007f07d2fb6700|[g:1][CONSENSUS]addRawPrepare,height=569,reqIdx=2,hash=07827e0f...,time=0
info|2025-10-12 23:03:50.100727|PBFT-1-0x00007f07d2fb6700|[g:1][CONSENSUS][PBFT]checkTimeout Succ,view=230,toView=231,nodeIdx=0,changeCycle=1,myNode=064cb676...,timecost=2
info|2025-10-12 23:03:50.114699|PBFT-1-0x00007f07d2fb6700|[g:1][CONSENSUS][PBFT]checkAndChangeView: Reach consensus,org_view=230,cur_changeCycle=1,curView=230,view=231
info|2025-10-12 23:03:50.884135|io_service-0x00007f07ecfea700|[P2P][Service] heartBeat,connected count=3
info|2025-10-12 23:03:51.120394|PBFT-1-0x00007f07d2fb6700|[g:1][CONSENSUS]addRawPrepare,height=569,reqIdx=3,hash=390f24c3...,time=0
info|2025-10-12 23:03:51.123166|PBFT-1-0x00007f07d2fb6700|[g:1][CONSENSUS][PBFT]checkTimeout Succ,view=231,toView=232,nodeIdx=0,changeCycle=1,myNode=064cb676...,timecost=3
info|2025-10-12 23:03:51.139270|PBFT-1-0x00007f07d2fb6700|[g:1][CONSENSUS][PBFT]checkAndChangeView: Reach consensus,org_view=231,cur_changeCycle=1,curView=231,view=232
info|2025-10-12 23:03:52.140798|PBFTSeal-1-0x00007f07cb7a7700|[g:1][CONSENSUS][SEALER]++++++++++++++++ Generating seal on,blkNum=569,tx=0,nodeIdx=0,hash=6489b5fd...
info|2025-10-12 23:03:52.150519|PBFT-1-0x00007f07d2fb6700|[g:1][CONSENSUS][PBFT]checkTimeout Succ,view=232,toView=233,nodeIdx=0,changeCycle=1,myNode=064cb676...,timecost=2
info|2025-10-12 23:03:52.160730|PBFT-1-0x00007f07d2fb6700|[g:1][CONSENSUS][PBFT]checkAndChangeView: Reach consensus,org_view=232,cur_changeCycle=1,curView=232,view=233
warning|2025-10-12 23:03:56.665273|PBFT-1-0x00007f07d2fb6700|[g:1][CONSENSUS][PBFT]ViewChangeWarning: not caused by omit empty block ,v=233,toV=234,curNum=568,hash=31e4bff8...,nodeIdx=0,myNode=064cb676...
info|2025-10-12 23:03:56.666073|PBFT-1-0x00007f07d2fb6700|[g:1][CONSENSUS][PBFT]checkTimeout Succ,view=233,toView=234,nodeIdx=0,changeCycle=2,myNode=064cb676...,timecost=3
info|2025-10-12 23:03:56.682815|PBFT-1-0x00007f07d2fb6700|[g:1][CONSENSUS][PBFT]checkAndChangeView: Reach consensus,org_view=233,cur_changeCycle=2,curView=233,view=234
info|2025-10-12 23:03:57.684393|PBFT-1-0x00007f07d2fb6700|[g:1][CONSENSUS]addRawPrepare,height=569,reqIdx=2,hash=fc69249e...,time=0
info|2025-10-12 23:03:57.687889|PBFT-1-0x00007f07d2fb6700|[g:1][CONSENSUS][PBFT]checkTimeout Succ,view=234,toView=235,nodeIdx=0,changeCycle=1,myNode=064cb676...,timecost=3
info|2025-10-12 23:03:57.694737|PBFT-1-0x00007f07d2fb6700|[g:1][CONSENSUS][PBFT]checkAndChangeView: Reach consensus,org_view=234,cur_changeCycle=1,curView=234,view=235
info|2025-10-12 23:03:58.709218|PBFT-1-0x00007f07d2fb6700|[g:1][CONSENSUS]addRawPrepare,height=569,reqIdx=3,hash=4e86c507...,time=0
info|2025-10-12 23:03:58.713315|PBFT-1-0x00007f07d2fb6700|[g:1][CONSENSUS][PBFT]checkTimeout Succ,view=235,toView=236,nodeIdx=0,changeCycle=1,myNode=064cb676...,timecost=4
info|2025-10-12 23:03:58.723753|PBFT-1-0x00007f07d2fb6700|[g:1][CONSENSUS][PBFT]checkAndChangeView: Reach consensus,org_view=235,cur_changeCycle=1,curView=235,view=236
info|2025-10-12 23:03:59.723822|PBFTSeal-1-0x00007f07cb7a7700|[g:1][CONSENSUS][SEALER]++++++++++++++++ Generating seal on,blkNum=569,tx=0,nodeIdx=0,hash=820e9086...
info|2025-10-12 23:03:59.734713|PBFT-1-0x00007f07d2fb6700|[g:1][CONSENSUS][PBFT]checkTimeout Succ,view=236,toView=237,nodeIdx=0,changeCycle=1,myNode=064cb676...,timecost=1
info|2025-10-12 23:03:59.741679|PBFT-1-0x00007f07d2fb6700|[g:1][CONSENSUS][PBFT]checkAndChangeView: Reach consensus,org_view=236,cur_changeCycle=1,curView=236,view=237
info|2025-10-12 23:04:00.885142|io_service-0x00007f07ecfea700|[P2P][Service] heartBeat,connected count=3
warning|2025-10-12 23:04:04.244442|PBFT-1-0x00007f07d2fb6700|[g:1][CONSENSUS][PBFT]ViewChangeWarning: not caused by omit empty block ,v=237,toV=238,curNum=568,hash=31e4bff8...,nodeIdx=0,myNode=064cb676...
info|2025-10-12 23:04:04.244719|PBFT-1-0x00007f07d2fb6700|[g:1][CONSENSUS][PBFT]checkTimeout Succ,view=237,toView=238,nodeIdx=0,changeCycle=2,myNode=064cb676...,timecost=2
info|2025-10-12 23:04:04.258345|PBFT-1-0x00007f07d2fb6700|[g:1][CONSENSUS][PBFT]checkAndChangeView: Reach consensus,org_view=237,cur_changeCycle=2,curView=237,view=238
info|2025-10-12 23:04:05.220447|P2P-0x00007f07ed7eb700|[g:1] [SYNC][id:064cb676...][Download][Request]Receive block request,peer=374bdfe9...,from=184,to=184
info|2025-10-12 23:04:05.221161|SyncSend-1-0x00007f07df7cf700|[g:1][SYNC][id:064cb676...][Download][Request][BlockSync]Batch blocks for sending,blockSize=24480,number=184,peer=374bdfe9...,timeCost=1
info|2025-10-12 23:04:05.221302|SyncSend-1-0x00007f07df7cf700|[g:1][g:1] [SYNC][id:374bdfe9...][Download][Request][BlockSync]Send block packet,peer=374bdfe9...,blocks=1,bytes(V)=24487
info|2025-10-12 23:04:05.261912|PBFT-1-0x00007f07d2fb6700|[g:1][CONSENSUS]addRawPrepare,height=569,reqIdx=2,hash=6a039905...,time=0
info|2025-10-12 23:04:05.267634|PBFT-1-0x00007f07d2fb6700|[g:1][CONSENSUS][PBFT]checkTimeout Succ,view=238,toView=239,nodeIdx=0,changeCycle=1,myNode=064cb676...,timecost=5
info|2025-10-12 23:04:05.274660|PBFT-1-0x00007f07d2fb6700|[g:1][CONSENSUS][PBFT]checkAndChangeView: Reach consensus,org_view=238,cur_changeCycle=1,curView=238,view=239
info|2025-10-12 23:04:06.289312|PBFT-1-0x00007f07d2fb6700|[g:1][CONSENSUS]addRawPrepare,height=569,reqIdx=3,hash=3c2fc726...,time=0
info|2025-10-12 23:04:06.293691|PBFT-1-0x00007f07d2fb6700|[g:1][CONSENSUS][PBFT]checkTimeout Succ,view=239,toView=240,nodeIdx=0,changeCycle=1,myNode=064cb676...,timecost=4
info|2025-10-12 23:04:06.298470|PBFT-1-0x00007f07d2fb6700|[g:1][CONSENSUS][PBFT]checkAndChangeView: Reach consensus,org_view=239,cur_changeCycle=1,curView=239,view=240
info|2025-10-12 23:04:07.299811|PBFTSeal-1-0x00007f07cb7a7700|[g:1][CONSENSUS][SEALER]++++++++++++++++ Generating seal on,blkNum=569,tx=0,nodeIdx=0,hash=b4b718ef...
info|2025-10-12 23:04:07.307214|PBFT-1-0x00007f07d2fb6700|[g:1][CONSENSUS][PBFT]checkTimeout Succ,view=240,toView=241,nodeIdx=0,changeCycle=1,myNode=064cb676...,timecost=5
info|2025-10-12 23:04:07.317913|PBFT-1-0x00007f07d2fb6700|[g:1][CONSENSUS][PBFT]checkAndChangeView: Reach consensus,org_view=240,cur_changeCycle=1,curView=240,view=241
info|2025-10-12 23:04:10.885383|io_service-0x00007f07ecfea700|[P2P][Service] heartBeat,connected count=3
info|2025-10-12 23:04:11.755661|P2P-0x00007f07eefee700|[g:1] [SYNC][id:064cb676...][Download][Request]Receive block request,peer=374bdfe9...,from=184,to=184
info|2025-10-12 23:04:11.756353|SyncSend-1-0x00007f07df7cf700|[g:1][SYNC][id:064cb676...][Download][Request][BlockSync]Batch blocks for sending,blockSize=24480,number=184,peer=374bdfe9...,timeCost=0
info|2025-10-12 23:04:11.756468|SyncSend-1-0x00007f07df7cf700|[g:1][g:1] [SYNC][id:374bdfe9...][Download][Request][BlockSync]Send block packet,peer=374bdfe9...,blocks=1,bytes(V)=24487
warning|2025-10-12 23:04:11.823522|PBFT-1-0x00007f07d2fb6700|[g:1][CONSENSUS][PBFT]ViewChangeWarning: not caused by omit empty block ,v=241,toV=242,curNum=568,hash=31e4bff8...,nodeIdx=0,myNode=064cb676...
info|2025-10-12 23:04:11.828227|PBFT-1-0x00007f07d2fb6700|[g:1][CONSENSUS][PBFT]checkTimeout Succ,view=241,toView=242,nodeIdx=0,changeCycle=2,myNode=064cb676...,timecost=7
info|2025-10-12 23:04:11.835531|PBFT-1-0x00007f07d2fb6700|[g:1][CONSENSUS][PBFT]checkAndChangeView: Reach consensus,org_view=241,cur_changeCycle=2,curView=241,view=242
info|2025-10-12 23:04:12.844431|PBFT-1-0x00007f07d2fb6700|[g:1][CONSENSUS]addRawPrepare,height=569,reqIdx=2,hash=42fc2e7b...,time=0
info|2025-10-12 23:04:12.852458|PBFT-1-0x00007f07d2fb6700|[g:1][CONSENSUS][PBFT]checkTimeout Succ,view=242,toView=243,nodeIdx=0,changeCycle=1,myNode=064cb676...,timecost=8
info|2025-10-12 23:04:12.859006|PBFT-1-0x00007f07d2fb6700|[g:1][CONSENSUS][PBFT]checkAndChangeView: Reach consensus,org_view=242,cur_changeCycle=1,curView=242,view=243
info|2025-10-12 23:04:13.867866|PBFT-1-0x00007f07d2fb6700|[g:1][CONSENSUS]addRawPrepare,height=569,reqIdx=3,hash=15e13878...,time=0
info|2025-10-12 23:04:13.871726|PBFT-1-0x00007f07d2fb6700|[g:1][CONSENSUS][PBFT]checkTimeout Succ,view=243,toView=244,nodeIdx=0,changeCycle=1,myNode=064cb676...,timecost=3
info|2025-10-12 23:04:13.880382|PBFT-1-0x00007f07d2fb6700|[g:1][CONSENSUS][PBFT]checkAndChangeView: Reach consensus,org_view=243,cur_changeCycle=1,curView=243,view=244
info|2025-10-12 23:04:14.881739|PBFTSeal-1-0x00007f07cb7a7700|[g:1][CONSENSUS][SEALER]++++++++++++++++ Generating seal on,blkNum=569,tx=0,nodeIdx=0,hash=4857090e...
info|2025-10-12 23:04:14.896414|PBFT-1-0x00007f07d2fb6700|[g:1][CONSENSUS][PBFT]checkTimeout Succ,view=244,toView=245,nodeIdx=0,changeCycle=1,myNode=064cb676...,timecost=4
info|2025-10-12 23:04:14.903814|PBFT-1-0x00007f07d2fb6700|[g:1][CONSENSUS][PBFT]checkAndChangeView: Reach consensus,org_view=244,cur_changeCycle=1,curView=244,view=245
warning|2025-10-12 23:04:19.412405|PBFT-1-0x00007f07d2fb6700|[g:1][CONSENSUS][PBFT]ViewChangeWarning: not caused by omit empty block ,v=245,toV=246,curNum=568,hash=31e4bff8...,nodeIdx=0,myNode=064cb676...
info|2025-10-12 23:04:19.429225|PBFT-1-0x00007f07d2fb6700|[g:1][CONSENSUS][PBFT]checkTimeout Succ,view=245,toView=246,nodeIdx=0,changeCycle=2,myNode=064cb676...,timecost=22
info|2025-10-12 23:04:19.458562|PBFT-1-0x00007f07d2fb6700|[g:1][CONSENSUS][PBFT]checkAndChangeView: Reach consensus,org_view=245,cur_changeCycle=2,curView=245,view=246
info|2025-10-12 23:04:20.463987|PBFT-1-0x00007f07d2fb6700|[g:1][CONSENSUS]addRawPrepare,height=569,reqIdx=2,hash=4c6112cd...,time=1
info|2025-10-12 23:04:20.471364|PBFT-1-0x00007f07d2fb6700|[g:1][CONSENSUS][PBFT]checkTimeout Succ,view=246,toView=247,nodeIdx=0,changeCycle=1,myNode=064cb676...,timecost=12
info|2025-10-12 23:04:20.481818|PBFT-1-0x00007f07d2fb6700|[g:1][CONSENSUS][PBFT]checkAndChangeView: Reach consensus,org_view=246,cur_changeCycle=1,curView=246,view=247
info|2025-10-12 23:04:20.886128|io_service-0x00007f07ecfea700|[P2P][Service] heartBeat,connected count=3
info|2025-10-12 23:04:21.492588|PBFT-1-0x00007f07d2fb6700|[g:1][CONSENSUS]addRawPrepare,height=569,reqIdx=3,hash=5c878c5e...,time=0
info|2025-10-12 23:04:21.498921|PBFT-1-0x00007f07d2fb6700|[g:1][CONSENSUS][PBFT]checkTimeout Succ,view=247,toView=248,nodeIdx=0,changeCycle=1,myNode=064cb676...,timecost=7
info|2025-10-12 23:04:21.504974|PBFT-1-0x00007f07d2fb6700|[g:1][CONSENSUS][PBFT]checkAndChangeView: Reach consensus,org_view=247,cur_changeCycle=1,curView=247,view=248
info|2025-10-12 23:04:22.505075|PBFTSeal-1-0x00007f07cb7a7700|[g:1][CONSENSUS][SEALER]++++++++++++++++ Generating seal on,blkNum=569,tx=0,nodeIdx=0,hash=33e674f1...
info|2025-10-12 23:04:22.521482|PBFT-1-0x00007f07d2fb6700|[g:1][CONSENSUS][PBFT]checkTimeout Succ,view=248,toView=249,nodeIdx=0,changeCycle=1,myNode=064cb676...,timecost=13
info|2025-10-12 23:04:22.535888|PBFT-1-0x00007f07d2fb6700|[g:1][CONSENSUS][PBFT]checkAndChangeView: Reach consensus,org_view=248,cur_changeCycle=1,curView=248,view=249
warning|2025-10-12 23:04:27.048963|PBFT-1-0x00007f07d2fb6700|[g:1][CONSENSUS][PBFT]ViewChangeWarning: not caused by omit empty block ,v=249,toV=250,curNum=568,hash=31e4bff8...,nodeIdx=0,myNode=064cb676...
info|2025-10-12 23:04:27.050139|PBFT-1-0x00007f07d2fb6700|[g:1][CONSENSUS][PBFT]checkTimeout Succ,view=249,toView=250,nodeIdx=0,changeCycle=2,myNode=064cb676...,timecost=5
info|2025-10-12 23:04:27.061667|PBFT-1-0x00007f07d2fb6700|[g:1][CONSENSUS][PBFT]checkAndChangeView: Reach consensus,org_view=249,cur_changeCycle=2,curView=249,view=250
info|2025-10-12 23:04:28.071790|PBFT-1-0x00007f07d2fb6700|[g:1][CONSENSUS]addRawPrepare,height=569,reqIdx=2,hash=7acf2777...,time=0
info|2025-10-12 23:04:28.073456|PBFT-1-0x00007f07d2fb6700|[g:1][CONSENSUS][PBFT]checkTimeout Succ,view=250,toView=251,nodeIdx=0,changeCycle=1,myNode=064cb676...,timecost=2
info|2025-10-12 23:04:28.089964|PBFT-1-0x00007f07d2fb6700|[g:1][CONSENSUS][PBFT]checkAndChangeView: Reach consensus,org_view=250,cur_changeCycle=1,curView=250,view=251
info|2025-10-12 23:04:29.100339|PBFT-1-0x00007f07d2fb6700|[g:1][CONSENSUS]addRawPrepare,height=569,reqIdx=3,hash=d0ac84ae...,time=0
info|2025-10-12 23:04:29.103818|PBFT-1-0x00007f07d2fb6700|[g:1][CONSENSUS][PBFT]checkTimeout Succ,view=251,toView=252,nodeIdx=0,changeCycle=1,myNode=064cb676...,timecost=3
info|2025-10-12 23:04:29.109934|PBFT-1-0x00007f07d2fb6700|[g:1][CONSENSUS][PBFT]checkAndChangeView: Reach consensus,org_view=251,cur_changeCycle=1,curView=251,view=252
info|2025-10-12 23:04:30.111063|PBFTSeal-1-0x00007f07cb7a7700|[g:1][CONSENSUS][SEALER]++++++++++++++++ Generating seal on,blkNum=569,tx=0,nodeIdx=0,hash=60fac5c4...
info|2025-10-12 23:04:30.125120|PBFT-1-0x00007f07d2fb6700|[g:1][CONSENSUS][PBFT]checkTimeout Succ,view=252,toView=253,nodeIdx=0,changeCycle=1,myNode=064cb676...,timecost=3
info|2025-10-12 23:04:30.131289|PBFT-1-0x00007f07d2fb6700|[g:1][CONSENSUS][PBFT]checkAndChangeView: Reach consensus,org_view=252,cur_changeCycle=1,curView=252,view=253
info|2025-10-12 23:04:30.887326|io_service-0x00007f07ecfea700|[P2P][Service] heartBeat,connected count=3
warning|2025-10-12 23:04:34.637855|PBFT-1-0x00007f07d2fb6700|[g:1][CONSENSUS][PBFT]ViewChangeWarning: not caused by omit empty block ,v=253,toV=254,curNum=568,hash=31e4bff8...,nodeIdx=0,myNode=064cb676...
info|2025-10-12 23:04:34.647047|PBFT-1-0x00007f07d2fb6700|[g:1][CONSENSUS][PBFT]checkTimeout Succ,view=253,toView=254,nodeIdx=0,changeCycle=2,myNode=064cb676...,timecost=12
info|2025-10-12 23:04:34.657512|PBFT-1-0x00007f07d2fb6700|[g:1][CONSENSUS][PBFT]checkAndChangeView: Reach consensus,org_view=253,cur_changeCycle=2,curView=253,view=254
info|2025-10-12 23:04:35.666709|PBFT-1-0x00007f07d2fb6700|[g:1][CONSENSUS]addRawPrepare,height=569,reqIdx=2,hash=9004f901...,time=0
info|2025-10-12 23:04:35.669365|PBFT-1-0x00007f07d2fb6700|[g:1][CONSENSUS][PBFT]checkTimeout Succ,view=254,toView=255,nodeIdx=0,changeCycle=1,myNode=064cb676...,timecost=3
info|2025-10-12 23:04:35.684447|PBFT-1-0x00007f07d2fb6700|[g:1][CONSENSUS][PBFT]checkAndChangeView: Reach consensus,org_view=254,cur_changeCycle=1,curView=254,view=255
info|2025-10-12 23:04:36.695993|PBFT-1-0x00007f07d2fb6700|[g:1][CONSENSUS]addRawPrepare,height=569,reqIdx=3,hash=bc3e2a67...,time=1
info|2025-10-12 23:04:36.705124|PBFT-1-0x00007f07d2fb6700|[g:1][CONSENSUS][PBFT]checkTimeout Succ,view=255,toView=256,nodeIdx=0,changeCycle=1,myNode=064cb676...,timecost=9
info|2025-10-12 23:04:36.717273|PBFT-1-0x00007f07d2fb6700|[g:1][CONSENSUS][PBFT]checkAndChangeView: Reach consensus,org_view=255,cur_changeCycle=1,curView=255,view=256
info|2025-10-12 23:04:37.718975|PBFTSeal-1-0x00007f07cb7a7700|[g:1][CONSENSUS][SEALER]++++++++++++++++ Generating seal on,blkNum=569,tx=0,nodeIdx=0,hash=79ff8207...
info|2025-10-12 23:04:37.730285|PBFT-1-0x00007f07d2fb6700|[g:1][CONSENSUS][PBFT]checkTimeout Succ,view=256,toView=257,nodeIdx=0,changeCycle=1,myNode=064cb676...,timecost=3
info|2025-10-12 23:04:37.741301|PBFT-1-0x00007f07d2fb6700|[g:1][CONSENSUS][PBFT]checkAndChangeView: Reach consensus,org_view=256,cur_changeCycle=1,curView=256,view=257
info|2025-10-12 23:04:40.887590|io_service-0x00007f07ecfea700|[P2P][Service] heartBeat,connected count=3
warning|2025-10-12 23:04:42.248219|PBFT-1-0x00007f07d2fb6700|[g:1][CONSENSUS][PBFT]ViewChangeWarning: not caused by omit empty block ,v=257,toV=258,curNum=568,hash=31e4bff8...,nodeIdx=0,myNode=064cb676...
info|2025-10-12 23:04:42.250212|PBFT-1-0x00007f07d2fb6700|[g:1][CONSENSUS][PBFT]checkTimeout Succ,view=257,toView=258,nodeIdx=0,changeCycle=2,myNode=064cb676...,timecost=5
info|2025-10-12 23:04:42.261418|PBFT-1-0x00007f07d2fb6700|[g:1][CONSENSUS][PBFT]checkAndChangeView: Reach consensus,org_view=257,cur_changeCycle=2,curView=257,view=258
info|2025-10-12 23:04:43.265511|PBFT-1-0x00007f07d2fb6700|[g:1][CONSENSUS]addRawPrepare,height=569,reqIdx=2,hash=b01f399f...,time=0
info|2025-10-12 23:04:43.270259|PBFT-1-0x00007f07d2fb6700|[g:1][CONSENSUS][PBFT]checkTimeout Succ,view=258,toView=259,nodeIdx=0,changeCycle=1,myNode=064cb676...,timecost=5
info|2025-10-12 23:04:43.278597|PBFT-1-0x00007f07d2fb6700|[g:1][CONSENSUS][PBFT]checkAndChangeView: Reach consensus,org_view=258,cur_changeCycle=1,curView=258,view=259
info|2025-10-12 23:04:44.294039|PBFT-1-0x00007f07d2fb6700|[g:1][CONSENSUS]addRawPrepare,height=569,reqIdx=3,hash=f2e292c1...,time=0
info|2025-10-12 23:04:44.297800|PBFT-1-0x00007f07d2fb6700|[g:1][CONSENSUS][PBFT]checkTimeout Succ,view=259,toView=260,nodeIdx=0,changeCycle=1,myNode=064cb676...,timecost=3
info|2025-10-12 23:04:44.314444|PBFT-1-0x00007f07d2fb6700|[g:1][CONSENSUS][PBFT]checkAndChangeView: Reach consensus,org_view=259,cur_changeCycle=1,curView=259,view=260
info|2025-10-12 23:04:45.315158|PBFTSeal-1-0x00007f07cb7a7700|[g:1][CONSENSUS][SEALER]++++++++++++++++ Generating seal on,blkNum=569,tx=0,nodeIdx=0,hash=32ff9f27...
info|2025-10-12 23:04:45.337620|PBFT-1-0x00007f07d2fb6700|[g:1][CONSENSUS][PBFT]checkTimeout Succ,view=260,toView=261,nodeIdx=0,changeCycle=1,myNode=064cb676...,timecost=3
info|2025-10-12 23:04:45.347979|PBFT-1-0x00007f07d2fb6700|[g:1][CONSENSUS][PBFT]checkAndChangeView: Reach consensus,org_view=260,cur_changeCycle=1,curView=260,view=261
warning|2025-10-12 23:04:49.861476|PBFT-1-0x00007f07d2fb6700|[g:1][CONSENSUS][PBFT]ViewChangeWarning: not caused by omit empty block ,v=261,toV=262,curNum=568,hash=31e4bff8...,nodeIdx=0,myNode=064cb676...
info|2025-10-12 23:04:49.861719|PBFT-1-0x00007f07d2fb6700|[g:1][CONSENSUS][PBFT]checkTimeout Succ,view=261,toView=262,nodeIdx=0,changeCycle=2,myNode=064cb676...,timecost=2
info|2025-10-12 23:04:49.878440|PBFT-1-0x00007f07d2fb6700|[g:1][CONSENSUS][PBFT]checkAndChangeView: Reach consensus,org_view=261,cur_changeCycle=2,curView=261,view=262
info|2025-10-12 23:04:50.890046|io_service-0x00007f07ecfea700|[P2P][Service] heartBeat,connected count=3
info|2025-10-12 23:04:50.891373|PBFT-1-0x00007f07d2fb6700|[g:1][CONSENSUS]addRawPrepare,height=569,reqIdx=2,hash=43572075...,time=0
info|2025-10-12 23:04:50.897732|PBFT-1-0x00007f07d2fb6700|[g:1][CONSENSUS][PBFT]checkTimeout Succ,view=262,toView=263,nodeIdx=0,changeCycle=1,myNode=064cb676...,timecost=6
info|2025-10-12 23:04:50.917371|PBFT-1-0x00007f07d2fb6700|[g:1][CONSENSUS][PBFT]checkAndChangeView: Reach consensus,org_view=262,cur_changeCycle=1,curView=262,view=263
info|2025-10-12 23:04:51.926224|PBFT-1-0x00007f07d2fb6700|[g:1][CONSENSUS]addRawPrepare,height=569,reqIdx=3,hash=ef904832...,time=0
info|2025-10-12 23:04:51.929891|PBFT-1-0x00007f07d2fb6700|[g:1][CONSENSUS][PBFT]checkTimeout Succ,view=263,toView=264,nodeIdx=0,changeCycle=1,myNode=064cb676...,timecost=3
info|2025-10-12 23:04:51.935496|PBFT-1-0x00007f07d2fb6700|[g:1][CONSENSUS][PBFT]checkAndChangeView: Reach consensus,org_view=263,cur_changeCycle=1,curView=263,view=264
info|2025-10-12 23:04:52.935960|PBFTSeal-1-0x00007f07cb7a7700|[g:1][CONSENSUS][SEALER]++++++++++++++++ Generating seal on,blkNum=569,tx=0,nodeIdx=0,hash=4232e44f...
info|2025-10-12 23:04:52.952206|PBFT-1-0x00007f07d2fb6700|[g:1][CONSENSUS][PBFT]checkTimeout Succ,view=264,toView=265,nodeIdx=0,changeCycle=1,myNode=064cb676...,timecost=4
info|2025-10-12 23:04:52.978969|PBFT-1-0x00007f07d2fb6700|[g:1][CONSENSUS][PBFT]checkAndChangeView: Reach consensus,org_view=264,cur_changeCycle=1,curView=264,view=265
warning|2025-10-12 23:04:57.489429|PBFT-1-0x00007f07d2fb6700|[g:1][CONSENSUS][PBFT]ViewChangeWarning: not caused by omit empty block ,v=265,toV=266,curNum=568,hash=31e4bff8...,nodeIdx=0,myNode=064cb676...
info|2025-10-12 23:04:57.491313|PBFT-1-0x00007f07d2fb6700|[g:1][CONSENSUS][PBFT]checkTimeout Succ,view=265,toView=266,nodeIdx=0,changeCycle=2,myNode=064cb676...,timecost=6
info|2025-10-12 23:04:57.512246|PBFT-1-0x00007f07d2fb6700|[g:1][CONSENSUS][PBFT]checkAndChangeView: Reach consensus,org_view=265,cur_changeCycle=2,curView=265,view=266
info|2025-10-12 23:04:58.515069|PBFT-1-0x00007f07d2fb6700|[g:1][CONSENSUS]addRawPrepare,height=569,reqIdx=2,hash=5f916634...,time=0
info|2025-10-12 23:04:58.518183|PBFT-1-0x00007f07d2fb6700|[g:1][CONSENSUS][PBFT]checkTimeout Succ,view=266,toView=267,nodeIdx=0,changeCycle=1,myNode=064cb676...,timecost=3
info|2025-10-12 23:04:58.528958|PBFT-1-0x00007f07d2fb6700|[g:1][CONSENSUS][PBFT]checkAndChangeView: Reach consensus,org_view=266,cur_changeCycle=1,curView=266,view=267
info|2025-10-12 23:04:59.536995|PBFT-1-0x00007f07d2fb6700|[g:1][CONSENSUS]addRawPrepare,height=569,reqIdx=3,hash=2301dddc...,time=1
info|2025-10-12 23:04:59.546315|PBFT-1-0x00007f07d2fb6700|[g:1][CONSENSUS][PBFT]checkTimeout Succ,view=267,toView=268,nodeIdx=0,changeCycle=1,myNode=064cb676...,timecost=9
info|2025-10-12 23:04:59.553932|PBFT-1-0x00007f07d2fb6700|[g:1][CONSENSUS][PBFT]checkAndChangeView: Reach consensus,org_view=267,cur_changeCycle=1,curView=267,view=268
info|2025-10-12 23:04:59.844823|fisco-bcos-0x00007f07efd63dc0|[LEDGER]stop sealer,groupID=1
info|2025-10-12 23:04:59.844943|fisco-bcos-0x00007f07efd63dc0|[CONSENSUS][SEALER]Stop sealer module...
info|2025-10-12 23:04:59.845929|fisco-bcos-0x00007f07efd63dc0|[CONSENSUS][ConsensusEngine][Stop ConsensusEngineBase]
info|2025-10-12 23:04:59.848017|fisco-bcos-0x00007f07efd63dc0|[CONSENSUS][ConsensusEngine]ConsensusEngineBase stopped
info|2025-10-12 23:04:59.848092|fisco-bcos-0x00007f07efd63dc0|[LEDGER]sealer stopped. stop sync,groupID=1
info|2025-10-12 23:04:59.848846|fisco-bcos-0x00007f07efd63dc0|[g:1] [SYNC][id:064cb676...]SyncMsgEngine stopped
info|2025-10-12 23:04:59.859646|fisco-bcos-0x00007f07efd63dc0|[GossipBlockStatus]stop GossipBlockStatus succ
info|2025-10-12 23:05:00.156027|fisco-bcos-0x00007f07efd63dc0|[SYNC][id:064cb676...][g:1]SyncMaster stopped
info|2025-10-12 23:05:00.156109|fisco-bcos-0x00007f07efd63dc0|[LEDGER]sync stopped. stop event filter manager,groupID=1
info|2025-10-12 23:05:00.228209|fisco-bcos-0x00007f07efd63dc0|[EVENT][EventLogFilterManager]stop
info|2025-10-12 23:05:00.228295|fisco-bcos-0x00007f07efd63dc0|[LEDGER]event filter manager stopped. stop tx pool,groupID=1
info|2025-10-12 23:05:00.228885|fisco-bcos-0x00007f07efd63dc0|[LEDGER]removeNetworkStatHandlerByGroupID and removeGroupBandwidthLimiter for service,groupID=1
info|2025-10-12 23:05:00.228941|fisco-bcos-0x00007f07efd63dc0|[CHANNEL]removeSDKAllowListByGroupId,groupId=1
info|2025-10-12 23:05:00.228954|fisco-bcos-0x00007f07efd63dc0|[INITIALIZER]ledgerInitializer stopped
warning|2025-10-12 23:05:00.229019|ChannelServer-0x00007f07e3fd8700|[CHANNEL]Accept failed,message=Operation canceled
info|2025-10-12 23:05:00.890387|io_service-0x00007f07ecfea700|[P2P][Service] heartBeat,connected count=3
info|2025-10-12 23:05:01.230544|fisco-bcos-0x00007f07efd63dc0|[INITIALIZER]ChannelRPCHttpServer deleted.
info|2025-10-12 23:05:01.231494|fisco-bcos-0x00007f07efd63dc0|[INITIALIZER]JsonrpcHttpServer deleted.
info|2025-10-12 23:05:01.231554|fisco-bcos-0x00007f07efd63dc0|[INITIALIZER]RPCInitializer stopped
info|2025-10-12 23:05:01.231615|io_service-0x00007f07ecfea700|[NETWORK][Host]Host exit
info|2025-10-12 23:05:01.233767|fisco-bcos-0x00007f07efd63dc0|[INITIALIZER]P2PInitializer stopped
info|2025-10-12 23:05:01.233834|fisco-bcos-0x00007f07efd63dc0|[LEDGER]stop sealer,groupID=1
info|2025-10-12 23:05:01.233851|fisco-bcos-0x00007f07efd63dc0|[LEDGER]sealer stopped. stop sync,groupID=1
info|2025-10-12 23:05:01.233869|fisco-bcos-0x00007f07efd63dc0|[g:1] [SYNC][id:064cb676...]SyncMsgEngine stopped
info|2025-10-12 23:05:01.233886|fisco-bcos-0x00007f07efd63dc0|[GossipBlockStatus]GossipBlockStatus already stopped
info|2025-10-12 23:05:01.233900|fisco-bcos-0x00007f07efd63dc0|[SYNC][id:064cb676...][g:1]SyncMaster stopped
info|2025-10-12 23:05:01.233908|fisco-bcos-0x00007f07efd63dc0|[LEDGER]sync stopped. stop event filter manager,groupID=1
info|2025-10-12 23:05:01.233916|fisco-bcos-0x00007f07efd63dc0|[LEDGER]event filter manager stopped. stop tx pool,groupID=1
info|2025-10-12 23:05:01.233928|fisco-bcos-0x00007f07efd63dc0|[LEDGER]removeNetworkStatHandlerByGroupID and removeGroupBandwidthLimiter for service,groupID=1
info|2025-10-12 23:05:01.234023|fisco-bcos-0x00007f07efd63dc0|[g:1][STORAGE][CachedStorage]Stopping flushStorage thread
info|2025-10-12 23:05:01.479505|fisco-bcos-0x00007f07efd63dc0|[g:1][STORAGE][CachedStorage]flushStorage thread stopped.
info|2025-10-12 23:05:01.479618|fisco-bcos-0x00007f07efd63dc0|[DBINITIALIZER] storage stopped
info|2025-10-12 23:05:01.492484|fisco-bcos-0x00007f07efd63dc0|[g:1] [SYNC][id:064cb676...]SyncMsgEngine stopped
info|2025-10-12 23:05:01.492676|fisco-bcos-0x00007f07efd63dc0|[GossipBlockStatus]GossipBlockStatus already stopped
info|2025-10-12 23:05:01.492691|fisco-bcos-0x00007f07efd63dc0|[SYNC][id:064cb676...][g:1]SyncMaster stopped
info|2025-10-12 23:05:01.492731|fisco-bcos-0x00007f07efd63dc0|[g:1] [SYNC][id:064cb676...]SyncMsgEngine stopped
