info|2025-10-12 06:29:31.968925|fisco-bcos-0x00007f8aadbcadc0|[INITIALIZER][initGlobalConfig],enableCompress=true,compatibilityVersion=2.11.0,versionNumber=34275328,enableStat=false,chainId=1,useSMCrypto=true,IgnoreObserverWriteRequest=false
info|2025-10-12 06:29:31.974228|fisco-bcos-0x00007f8aadbcadc0|[INITIALIZER][SecureInitializerGM]get pub of node,nodeID=064cb676a36047a4b52ecbf9c01664b1e987d91b438110ba6a12d96972726622e824d295b1de8b0298b5afe7bbbc0bd04a3890e1a36eae028c1cfbe07971b995
info|2025-10-12 06:29:31.975629|fisco-bcos-0x00007f8aadbcadc0|[NETWORK][Host]Connecting to node,endpoint=127.0.0.1:30300
info|2025-10-12 06:29:31.975786|fisco-bcos-0x00007f8aadbcadc0|[NETWORK][Host]Connecting to node,endpoint=127.0.0.1:30301
info|2025-10-12 06:29:31.975947|fisco-bcos-0x00007f8aadbcadc0|[NETWORK][Host]Connecting to node,endpoint=127.0.0.1:30302
info|2025-10-12 06:29:31.976019|fisco-bcos-0x00007f8aadbcadc0|[NETWORK][Host]Connecting to node,endpoint=127.0.0.1:30303
info|2025-10-12 06:29:31.976085|fisco-bcos-0x00007f8aadbcadc0|[P2P][Service] heartBeat,connected count=0
info|2025-10-12 06:29:31.976176|fisco-bcos-0x00007f8aadbcadc0|[INITIALIZER][RPCInitializer],network_security.check_cert_issuer=true
info|2025-10-12 06:29:31.977925|fisco-bcos-0x00007f8aadbcadc0|[CHANNEL][ChannelServer::run],threadPoolSize=8
info|2025-10-12 06:29:31.978020|fisco-bcos-0x00007f8aadbcadc0|[CHANNEL]ChannelRPCServer started
info|2025-10-12 06:29:31.978029|fisco-bcos-0x00007f8aadbcadc0|[INITIALIZER][RPCInitializer: ChannelRPCHttpServer started.],disableDynamicGroup=false,uncheckGroupMember=false,threadSize=8
info|2025-10-12 06:29:31.978043|fisco-bcos-0x00007f8aadbcadc0|[INITIALIZER][LedgerInitializer]initConfig
info|2025-10-12 06:29:31.978066|fisco-bcos-0x00007f8aadbcadc0|[LedgerInitializer],groupConfigPath=conf/
info|2025-10-12 06:29:31.982368|io_service-0x00007f8aaae51700|[NETWORK][Host]P2P StartAccept,Host=0.0.0.0:30303
info|2025-10-12 06:29:31.983051|io_service-0x00007f8aaae51700|[NETWORK][ASIO]asyncResolveConnect,endpoint=127.0.0.1:30300
info|2025-10-12 06:29:31.983179|io_service-0x00007f8aaae51700|[NETWORK][ASIO]asyncResolveConnect,endpoint=127.0.0.1:30301
info|2025-10-12 06:29:31.983306|io_service-0x00007f8aaae51700|[NETWORK][ASIO]asyncResolveConnect,endpoint=127.0.0.1:30302
info|2025-10-12 06:29:31.983397|io_service-0x00007f8aaae51700|[NETWORK][ASIO]asyncResolveConnect,endpoint=127.0.0.1:30303
warning|2025-10-12 06:29:31.983736|io_service-0x00007f8aaae51700|[NETWORK][Host]TCP Connection refused by node,endpoint=127.0.0.1:30302,message=Connection refused
info|2025-10-12 06:29:31.984451|io_service-0x00007f8aaae51700|[NETWORK][Host]P2P Recv Connect, From=127.0.0.1:43070
info|2025-10-12 06:29:31.984565|io_service-0x00007f8aaae51700|[NETWORK][Host]P2P StartAccept,Host=0.0.0.0:30303
warning|2025-10-12 06:29:31.986856|P2P-0x00007f8aac654700|[P2P][Service] onConnect,code=5,nodeID=00000000...,nodeName=,endpoint=unknown,what=Connect failed
info|2025-10-12 06:29:31.987597|fisco-bcos-0x00007f8aadbcadc0|[INITIALIZER][initSingleLedger] [GroupId], LedgerConstructor:  1,configFileName=conf/group.1.genesis,dataDir=data/
info|2025-10-12 06:29:31.987848|fisco-bcos-0x00007f8aadbcadc0|[g:1][LedgerParam][parseGenesisConfig]initConsensusConfig/initStorageConfig/initTxConfig,configFile=conf/group.1.genesis
info|2025-10-12 06:29:31.987922|fisco-bcos-0x00007f8aadbcadc0|[g:1][LedgerParam][initConsensusConfig],type=pbft,consensusTimeout=3,maxTxNum=1000,txGasLimit=300000000
info|2025-10-12 06:29:31.988013|fisco-bcos-0x00007f8aadbcadc0|[g:1][LedgerParam][parsePublicKeyListOfSection],sectionName=consensus,it.first=73994dae9e8b8da733108a4153dfe79151d701dff425f84c87b5324e8ebd02ab6a0ebc9e4f1e0298a7ddca50f94a8f95c62b6997226d571e470e8f2b0600634a
info|2025-10-12 06:29:31.988056|fisco-bcos-0x00007f8aadbcadc0|[g:1][LedgerParam][parsePublicKeyListOfSection],sectionName=consensus,it.first=374bdfe969e1d8ea1200ade93e5d8cf1a7d5741f238011004b0f43ca818706f194b2f067e1708125f7ffc536610b9a72addbd56b238d65f18912be39037ffcc5
info|2025-10-12 06:29:31.988091|fisco-bcos-0x00007f8aadbcadc0|[g:1][LedgerParam][parsePublicKeyListOfSection],sectionName=consensus,it.first=87d00b98321fc70a5abc85ad9e80db10cce315194133697bf74aace1d3f8430957a766240f751752708f4282f46110d6ea56c3eb5d1c02ce98a66f327f595270
info|2025-10-12 06:29:31.988146|fisco-bcos-0x00007f8aadbcadc0|[g:1][LedgerParam][parsePublicKeyListOfSection],sectionName=consensus,it.first=064cb676a36047a4b52ecbf9c01664b1e987d91b438110ba6a12d96972726622e824d295b1de8b0298b5afe7bbbc0bd04a3890e1a36eae028c1cfbe07971b995
info|2025-10-12 06:29:31.988172|fisco-bcos-0x00007f8aadbcadc0|[g:1][LedgerParam][parsePublicKeyListOfSection],totalPubKeySize=4
info|2025-10-12 06:29:31.988282|fisco-bcos-0x00007f8aadbcadc0|[g:1][LedgerParam][max_block_range],maxBlockRange=0,maxBlockPerProcess=3
info|2025-10-12 06:29:31.990911|fisco-bcos-0x00007f8aadbcadc0|[g:1][LedgerParam][parseGenesisConfig],timestamp=1759762229000
info|2025-10-12 06:29:31.990980|fisco-bcos-0x00007f8aadbcadc0|[g:1][LedgerParam]setEVMFlags,enableFreeStorageVMSchedule=false,evmFlags=0
info|2025-10-12 06:29:31.991025|fisco-bcos-0x00007f8aadbcadc0|[g:1][LedgerParam]store evmFlag,evmFlag=0
info|2025-10-12 06:29:31.991061|fisco-bcos-0x00007f8aadbcadc0|[g:1][LedgerParam]store consensus time,consensusTimeout=3
info|2025-10-12 06:29:31.991143|fisco-bcos-0x00007f8aadbcadc0|[g:1][LedgerParam][initMark],genesisMark=1-064cb676a36047a4b52ecbf9c01664b1e987d91b438110ba6a12d96972726622e824d295b1de8b0298b5afe7bbbc0bd04a3890e1a36eae028c1cfbe07971b995,374bdfe969e1d8ea1200ade93e5d8cf1a7d5741f238011004b0f43ca818706f194b2f067e1708125f7ffc536610b9a72addbd56b238d65f18912be39037ffcc5,73994dae9e8b8da733108a4153dfe79151d701dff425f84c87b5324e8ebd02ab6a0ebc9e4f1e0298a7ddca50f94a8f95c62b6997226d571e470e8f2b0600634a,87d00b98321fc70a5abc85ad9e80db10cce315194133697bf74aace1d3f8430957a766240f751752708f4282f46110d6ea56c3eb5d1c02ce98a66f327f595270,-pbft-storage-0-1000-300000000-3
info|2025-10-12 06:29:31.991208|fisco-bcos-0x00007f8aadbcadc0|[g:1][LedgerParam][initIniConfig]initTxPoolConfig/initSyncConfig/initTxExecuteConfig,configFile=conf/group.1.ini
info|2025-10-12 06:29:31.991592|fisco-bcos-0x00007f8aadbcadc0|[g:1][LedgerParam][initStorageConfig],stateType=storage,storageDB=rocksdb,storagePath=data//group1/block/RocksDB,baseDir=data//group1,dbtype=mysql,dbip=127.0.0.1,dbport=3306,dbcharset=utf8mb4,initconnections=15,maxconnections=50,scrollThreshold=2000,enableReconfirmCommittee=false
info|2025-10-12 06:29:31.991663|fisco-bcos-0x00007f8aadbcadc0|[g:1][LedgerParam][initTxPoolConfig],txPoolLimit=150000,memorySizeLimit(MB)=512,notifyWorkerNum=2,txsExpirationTime(ms)=600000
info|2025-10-12 06:29:31.991694|fisco-bcos-0x00007f8aadbcadc0|[g:1][LedgerParam][initSyncConfig],idleWaitMs=200
info|2025-10-12 06:29:31.991726|fisco-bcos-0x00007f8aadbcadc0|[g:1][LedgerParam][initSyncConfig],enableSendTxsByTree=true,enableSendBlockStatusByTree=true
info|2025-10-12 06:29:31.991753|fisco-bcos-0x00007f8aadbcadc0|[g:1][LedgerParam][initSyncConfig],gossipInterval=1000
info|2025-10-12 06:29:31.991790|fisco-bcos-0x00007f8aadbcadc0|[g:1][LedgerParam][initSyncConfig],enableSendBlockStatusByTree=true,gossipInterval=1000,gossipPeers=3,syncTreeWidth=3,maxQueueSizeForBlockSync=536870912,txsStatusGossipMaxPeers=5,syncInfoPrintInterval=10,freeNodeRead=false
info|2025-10-12 06:29:31.991817|fisco-bcos-0x00007f8aadbcadc0|[g:1][LedgerParam][InitTxExecuteConfig],enableParallel=true
info|2025-10-12 06:29:31.991859|fisco-bcos-0x00007f8aadbcadc0|[g:1][LedgerParam][initConsensusIniConfig],maxTTL=2,minBlockGenerationTime=500,enablDynamicBlockSize=true,blockSizeIncreaseRatio=0.5,enableTTLOptimize=true,enablePrepareWithTxsHash=true
info|2025-10-12 06:29:31.991916|fisco-bcos-0x00007f8aadbcadc0|[g:1][LedgerParam][initRPBFTConsensusIniConfig],broadcastPrepareByTree=true,prepareStatusBroadcastPercent=33,maxRequestMissedTxsWaitTime=100,maxRequestPrepareWaitTime=100
info|2025-10-12 06:29:31.991945|fisco-bcos-0x00007f8aadbcadc0|[g:1][LedgerParam][initFlowControlConfig],maxQPS=9223372036854775807,outGoingBandwidth(Bytes)=9223372036854775807
info|2025-10-12 06:29:31.991975|fisco-bcos-0x00007f8aadbcadc0|[g:1][LedgerParam]parseSDKAllowList,sdkAllowList=[],enableSDKAllowListControl=false
info|2025-10-12 06:29:31.992037|fisco-bcos-0x00007f8aadbcadc0|[g:1][LEDGER][initLedger][DBInitializer]
info|2025-10-12 06:29:31.992062|fisco-bcos-0x00007f8aadbcadc0|[g:1][LEDGER]setSDKAllowList,groupId=1,sdkAllowListSize=0
info|2025-10-12 06:29:31.992086|fisco-bcos-0x00007f8aadbcadc0|[g:1][CHANNEL]registerSDKAllowListByGroupId,groupId=1,size=0
info|2025-10-12 06:29:31.992123|fisco-bcos-0x00007f8aadbcadc0|[g:1][CHANNEL]Disable group-level sdk permission control for sdk allowlist is empty
info|2025-10-12 06:29:31.992154|fisco-bcos-0x00007f8aadbcadc0|[g:1][DBINITIALIZER] [initStorageDB]
info|2025-10-12 06:29:31.992178|fisco-bcos-0x00007f8aadbcadc0|[g:1][DBINITIALIZER] [initRocksDBStorage]
info|2025-10-12 06:29:31.992237|fisco-bcos-0x00007f8aadbcadc0|[g:1][ROCKSDB]open rocksDB handler,path=data//group1/block/RocksDB
info|2025-10-12 06:29:31.998910|io_service-0x00007f8aaae51700|[NETWORK][Host]P2P Recv Connect, From=127.0.0.1:43078
info|2025-10-12 06:29:31.999148|io_service-0x00007f8aaae51700|[NETWORK][Host]P2P StartAccept,Host=0.0.0.0:30303
info|2025-10-12 06:29:32.001526|io_service-0x00007f8aaae51700|[NETWORK][Host]P2P Recv Connect, From=127.0.0.1:43094
info|2025-10-12 06:29:32.010979|io_service-0x00007f8aaae51700|[NETWORK][Host]P2P StartAccept,Host=0.0.0.0:30303
info|2025-10-12 06:29:32.022775|io_service-0x00007f8aaae51700|[NETWORK][Host]P2P Recv Connect, From=127.0.0.1:43100
info|2025-10-12 06:29:32.028307|io_service-0x00007f8aaae51700|[NETWORK][Host]P2P StartAccept,Host=0.0.0.0:30303
info|2025-10-12 06:29:32.093953|fisco-bcos-0x00007f8aadbcadc0|[g:1][g:1][STORAGE][CachedStorage]Init flushStorage thread
info|2025-10-12 06:29:32.115294|fisco-bcos-0x00007f8aadbcadc0|[g:1][DBINITIALIZER] [init CachedStorage],maxCapacity=32,maxForwardBlock=10
info|2025-10-12 06:29:32.115351|fisco-bcos-0x00007f8aadbcadc0|[g:1][LEDGER][initLedger][initBlockChain]
info|2025-10-12 06:29:32.115665|fisco-bcos-0x00007f8aadbcadc0|[g:1][LEDGER]set enableHexBlock to be false,version=34275328
info|2025-10-12 06:29:32.115705|fisco-bcos-0x00007f8aadbcadc0|[g:1][BLOCKCHAIN][#checkAndBuildGenesisBlock],shouldBuild=false
info|2025-10-12 06:29:32.116263|fisco-bcos-0x00007f8aadbcadc0|[g:1][BLOCKCHAIN][#checkAndBuildGenesisBlock]Already have the 0th block, 0th groupMark is equal to file groupMark.
info|2025-10-12 06:29:32.116326|fisco-bcos-0x00007f8aadbcadc0|[g:1][LEDGER][initLedger]initBlockChain SUCC
info|2025-10-12 06:29:32.116416|fisco-bcos-0x00007f8aadbcadc0|[g:1][DBINITIALIZER] [createStateFactory],type=storage
info|2025-10-12 06:29:32.116475|fisco-bcos-0x00007f8aadbcadc0|[g:1][DBINITIALIZER] createStorageState SUCC
info|2025-10-12 06:29:32.116485|fisco-bcos-0x00007f8aadbcadc0|[g:1][DBINITIALIZER] [createStateFactory SUCC]
info|2025-10-12 06:29:32.116492|fisco-bcos-0x00007f8aadbcadc0|[g:1][DBINITIALIZER] createExecutiveContext...
info|2025-10-12 06:29:32.116517|fisco-bcos-0x00007f8aadbcadc0|[g:1][LEDGER]createGasMetric,vmFlagType=0
info|2025-10-12 06:29:32.116568|fisco-bcos-0x00007f8aadbcadc0|[g:1][LEDGER]createGasMetric
info|2025-10-12 06:29:32.116588|fisco-bcos-0x00007f8aadbcadc0|[g:1][DBINITIALIZER] create precompiledGasFactory and precompiledResultFactory
info|2025-10-12 06:29:32.116594|fisco-bcos-0x00007f8aadbcadc0|[g:1][DBINITIALIZER] createExecutiveContext SUCC
info|2025-10-12 06:29:32.116603|fisco-bcos-0x00007f8aadbcadc0|[g:1][DBINITIALIZER] [setSyncNumForCachedStorage],syncNum=545
info|2025-10-12 06:29:32.116614|fisco-bcos-0x00007f8aadbcadc0|[g:1][LEDGER][initNetworkBandWidthLimiter: outGoingBandwidthLimit has been disabled],groupId=1
info|2025-10-12 06:29:32.116622|fisco-bcos-0x00007f8aadbcadc0|[g:1][LEDGER][QPSLimit has been disabled],groupId=1
info|2025-10-12 06:29:32.116629|fisco-bcos-0x00007f8aadbcadc0|[g:1][LEDGER][initLedger][initBlockVerifier]
info|2025-10-12 06:29:32.116640|fisco-bcos-0x00007f8aadbcadc0|[g:1][LEDGER][initLedger][initBlockVerifier SUCC],evmFlags=0
info|2025-10-12 06:29:32.116647|fisco-bcos-0x00007f8aadbcadc0|[g:1][LEDGER][initLedger][initTxPool],txPoolLimit=150000
info|2025-10-12 06:29:32.145866|io_service-0x00007f8aaae51700|[NETWORK][Host]handshakeServer succ,remote endpoint=127.0.0.1:43078
info|2025-10-12 06:29:32.146136|io_service-0x00007f8aaae51700|[NETWORK][Host]startPeerSession, Remote=127.0.0.1:43078,local endpoint=127.0.0.1:30303,nodeID=064cb676...
info|2025-10-12 06:29:32.146494|io_service-0x00007f8aaae51700|[NETWORK][Host]handshakeServer succ,remote endpoint=127.0.0.1:43070
info|2025-10-12 06:29:32.146637|P2P-0x00007f8aab652700|[P2P][Service] Connection established,nodeID=374bdfe9...,endpoint=127.0.0.1:43070
info|2025-10-12 06:29:32.146676|io_service-0x00007f8aaae51700|[NETWORK][Host]startPeerSession, Remote=127.0.0.1:43070,local endpoint=127.0.0.1:30303,nodeID=374bdfe9...
info|2025-10-12 06:29:32.153035|io_service-0x00007f8aaae51700|[NETWORK][Host]handshakeClient succ,local endpoint=127.0.0.1:43078
info|2025-10-12 06:29:32.153327|io_service-0x00007f8aaae51700|[NETWORK][Host]startPeerSession, Remote=127.0.0.1:30303,local endpoint=127.0.0.1:43078,nodeID=064cb676...
info|2025-10-12 06:29:32.160504|io_service-0x00007f8aaae51700|[NETWORK][Host]handshakeClient succ,local endpoint=127.0.0.1:53578
info|2025-10-12 06:29:32.160686|P2P-0x00007f8aac654700|[P2P][Service] Connection established,nodeID=73994dae...,endpoint=127.0.0.1:30300
info|2025-10-12 06:29:32.160755|io_service-0x00007f8aaae51700|[NETWORK][Host]startPeerSession, Remote=127.0.0.1:30300,local endpoint=127.0.0.1:53578,nodeID=73994dae...
info|2025-10-12 06:29:32.160977|io_service-0x00007f8aaae51700|[NETWORK][Host]handshakeServer succ,remote endpoint=127.0.0.1:43094
info|2025-10-12 06:29:32.161171|P2P-0x00007f8aabe53700|[P2P][Service] Connection established,nodeID=87d00b98...,endpoint=127.0.0.1:43094
info|2025-10-12 06:29:32.161268|io_service-0x00007f8aaae51700|[NETWORK][Host]startPeerSession, Remote=127.0.0.1:43094,local endpoint=127.0.0.1:30303,nodeID=87d00b98...
info|2025-10-12 06:29:32.161545|io_service-0x00007f8aaae51700|[NETWORK][Host]handshakeServer succ,remote endpoint=127.0.0.1:43100
info|2025-10-12 06:29:32.161656|io_service-0x00007f8aaae51700|[NETWORK][Host]startPeerSession, Remote=127.0.0.1:43100,local endpoint=127.0.0.1:30303,nodeID=73994dae...
info|2025-10-12 06:29:32.178831|io_service-0x00007f8aaae51700|[NETWORK][Host]handshakeClient succ,local endpoint=127.0.0.1:55232
info|2025-10-12 06:29:32.178908|io_service-0x00007f8aaae51700|[NETWORK][Host]startPeerSession, Remote=127.0.0.1:30301,local endpoint=127.0.0.1:55232,nodeID=374bdfe9...
info|2025-10-12 06:29:32.364867|fisco-bcos-0x00007f8aadbcadc0|[g:1][LEDGER][initLedger]initTxPool SUCC
info|2025-10-12 06:29:32.364955|fisco-bcos-0x00007f8aadbcadc0|[g:1][LEDGER][initLedger][initSync],idleWaitMs=200,gossipInterval=1000,gossipPeers=3
info|2025-10-12 06:29:32.364991|fisco-bcos-0x00007f8aadbcadc0|[g:1][LEDGER]Init sync master,enableSendBlockStatusByTree=true,enableSendTxsByTree=true
info|2025-10-12 06:29:32.366552|fisco-bcos-0x00007f8aadbcadc0|[g:1][LEDGER][initLedger]initSync SUCC
info|2025-10-12 06:29:32.366643|fisco-bcos-0x00007f8aadbcadc0|[g:1][LEDGER][initLedger][consensusInitFactory]
info|2025-10-12 06:29:32.366676|fisco-bcos-0x00007f8aadbcadc0|[g:1][LEDGER][initLedger][createPBFTSealer]
info|2025-10-12 06:29:32.366706|fisco-bcos-0x00007f8aadbcadc0|[g:1][LEDGER][initLedger][createPBFTSealer],baseDir=data//group1,Protocol=65544
info|2025-10-12 06:29:32.366804|fisco-bcos-0x00007f8aadbcadc0|[g:1][LEDGER][initLedger]createPBFTSealer for PBFT or rPBFT,consensusType=pbft
info|2025-10-12 06:29:32.366890|fisco-bcos-0x00007f8aadbcadc0|[g:1][LEDGER]createConsensusEngine: create PBFTEngine
info|2025-10-12 06:29:32.367027|fisco-bcos-0x00007f8aadbcadc0|[g:1][CONSENSUS][PBFT]Register handler for PBFTEngine
info|2025-10-12 06:29:32.369289|fisco-bcos-0x00007f8aadbcadc0|[g:1][CONSENSUS][PBFT]setMinBlockGenerationTime,minBlockGenerationTime=500,consensusTime=1000
info|2025-10-12 06:29:32.369444|fisco-bcos-0x00007f8aadbcadc0|[g:1][LEDGER][initEventLogFilterManager]initEventLogFilterManager SUCC
info|2025-10-12 06:29:32.369506|fisco-bcos-0x00007f8aadbcadc0|[LedgerInitializer init group succ],groupID=1
info|2025-10-12 06:29:32.369864|fisco-bcos-0x00007f8aadbcadc0|[SafeHttpServer::StartListening]use default epoll
info|2025-10-12 06:29:32.370663|fisco-bcos-0x00007f8aadbcadc0|[INITIALIZER][RPCInitializer JsonrpcHttpServer started],jsonrpc_IP=127.0.0.1,jsonrpc_listen_port=8548,jsonrpc_thread_count=8,ipv6=false,disableDynamicGroup=false,uncheckGroupMember=false
info|2025-10-12 06:29:32.370856|fisco-bcos-0x00007f8aadbcadc0|[g:1][LEDGER]startAll...
info|2025-10-12 06:29:32.391155|fisco-bcos-0x00007f8aadbcadc0|[g:1][GossipBlockStatus]start GossipBlockStatus succ
info|2025-10-12 06:29:32.391219|fisco-bcos-0x00007f8aadbcadc0|[g:1][CONSENSUS][ConsensusEngine][Start ConsensusEngineBase]
info|2025-10-12 06:29:32.400411|fisco-bcos-0x00007f8aadbcadc0|[g:1][CONSENSUS][PBFT]^^^^^^^^Report,num=545,sealerIdx=2,hash=905400b2...,next=546,tx=1,nodeIdx=0
info|2025-10-12 06:29:32.400490|fisco-bcos-0x00007f8aadbcadc0|[g:1][ROCKSDB]open rocksDB handler,path=data//group1/pbftMsgBackup/RocksDB
info|2025-10-12 06:29:32.433100|alignTime-1-0x00007f8a9b632700|[g:1][NodeTimeMaintenance]updateTimeInfo: update median time offset,updatedMedianTimeOffset=-3,peer=374bdfe9...,peerTime=1760275772430,peerOffset=-3,utcTime=1760275772433
info|2025-10-12 06:29:32.450172|fisco-bcos-0x00007f8aadbcadc0|[g:1][CONSENSUS][PBFT][PBFT init env successfully]
info|2025-10-12 06:29:32.450245|fisco-bcos-0x00007f8aadbcadc0|[g:1][CONSENSUS][PBFT][Start PBFTEngine...]
info|2025-10-12 06:29:32.450267|fisco-bcos-0x00007f8aadbcadc0|[g:1][CONSENSUS][SEALER][Start sealer module]
info|2025-10-12 06:29:32.483416|fisco-bcos-0x00007f8aadbcadc0|[g:1][EVENT][EventLogFilterManager]start,m_maxBlockRange=0,m_maxBlockPerLoopFilter=3
info|2025-10-12 06:29:32.518389|alignTime-1-0x00007f8a9b632700|[g:1][NodeTimeMaintenance]updateTimeInfo: update median time offset,updatedMedianTimeOffset=-2,peer=87d00b98...,peerTime=1760275772517,peerOffset=-1,utcTime=1760275772518
info|2025-10-12 06:29:32.624856|alignTime-1-0x00007f8a9b632700|[g:1][NodeTimeMaintenance]updateTimeInfo: update median time offset,updatedMedianTimeOffset=-1,peer=73994dae...,peerTime=1760275772624,peerOffset=0,utcTime=1760275772624
warning|2025-10-12 06:29:35.409208|PBFT-1-0x00007f8a90e1d700|[g:1][CONSENSUS][PBFT]ViewChangeWarning: not caused by omit empty block ,v=0,toV=1,curNum=545,hash=905400b2...,nodeIdx=0,myNode=064cb676...
info|2025-10-12 06:29:35.409584|PBFT-1-0x00007f8a90e1d700|[g:1][CONSENSUS][PBFT]checkTimeout Succ,view=0,toView=1,nodeIdx=0,changeCycle=1,myNode=064cb676...,timecost=4
info|2025-10-12 06:29:35.578897|PBFT-1-0x00007f8a90e1d700|[g:1][CONSENSUS][PBFT]checkAndChangeView: Reach consensus,org_view=0,cur_changeCycle=1,curView=0,view=1
info|2025-10-12 06:29:36.580075|PBFT-1-0x00007f8a90e1d700|[g:1][CONSENSUS]addRawPrepare,height=546,reqIdx=2,hash=887b268b...,time=0
info|2025-10-12 06:29:36.582825|PBFT-1-0x00007f8a90e1d700|[g:1][CONSENSUS][PBFT]checkTimeout Succ,view=1,toView=2,nodeIdx=0,changeCycle=1,myNode=064cb676...,timecost=2
info|2025-10-12 06:29:36.595920|PBFT-1-0x00007f8a90e1d700|[g:1][CONSENSUS][PBFT]checkAndChangeView: Reach consensus,org_view=1,cur_changeCycle=1,curView=1,view=2
info|2025-10-12 06:29:37.139587|P2P-0x00007f8aabe53700|[NETWORK][Session]Received topic: [1	_block_notify_1] from 73994dae9e8b8da733108a4153dfe79151d701dff425f84c87b5324e8ebd02ab6a0ebc9e4f1e0298a7ddca50f94a8f95c62b6997226d571e470e8f2b0600634a
info|2025-10-12 06:29:37.605454|PBFT-1-0x00007f8a90e1d700|[g:1][CONSENSUS]addRawPrepare,height=546,reqIdx=3,hash=b317fb38...,time=0
info|2025-10-12 06:29:37.607832|PBFT-1-0x00007f8a90e1d700|[g:1][CONSENSUS][PBFT]checkTimeout Succ,view=2,toView=3,nodeIdx=0,changeCycle=1,myNode=064cb676...,timecost=1
info|2025-10-12 06:29:37.617520|PBFT-1-0x00007f8a90e1d700|[g:1][CONSENSUS][PBFT]checkAndChangeView: Reach consensus,org_view=2,cur_changeCycle=1,curView=2,view=3
info|2025-10-12 06:29:38.618849|PBFTSeal-1-0x00007f8a8960e700|[g:1][CONSENSUS][SEALER]++++++++++++++++ Generating seal on,blkNum=546,tx=0,nodeIdx=0,hash=22c05552...
info|2025-10-12 06:29:38.627418|PBFT-1-0x00007f8a90e1d700|[g:1][CONSENSUS][PBFT]checkTimeout Succ,view=3,toView=4,nodeIdx=0,changeCycle=1,myNode=064cb676...,timecost=4
info|2025-10-12 06:29:38.644030|PBFT-1-0x00007f8a90e1d700|[g:1][CONSENSUS][PBFT]checkAndChangeView: Reach consensus,org_view=3,cur_changeCycle=1,curView=3,view=4
info|2025-10-12 06:29:41.976372|io_service-0x00007f8aaae51700|[NETWORK][Host]Connecting to node,endpoint=127.0.0.1:30302
info|2025-10-12 06:29:41.976512|io_service-0x00007f8aaae51700|[P2P][Service] heartBeat,connected count=3
info|2025-10-12 06:29:41.976825|io_service-0x00007f8aaae51700|[NETWORK][ASIO]asyncResolveConnect,endpoint=127.0.0.1:30302
info|2025-10-12 06:29:42.000395|io_service-0x00007f8aaae51700|[NETWORK][Host]handshakeClient succ,local endpoint=127.0.0.1:35666
info|2025-10-12 06:29:42.000524|io_service-0x00007f8aaae51700|[NETWORK][Host]startPeerSession, Remote=127.0.0.1:30302,local endpoint=127.0.0.1:35666,nodeID=87d00b98...
warning|2025-10-12 06:29:43.150011|PBFT-1-0x00007f8a90e1d700|[g:1][CONSENSUS][PBFT]ViewChangeWarning: not caused by omit empty block ,v=4,toV=5,curNum=545,hash=905400b2...,nodeIdx=0,myNode=064cb676...
info|2025-10-12 06:29:43.151493|PBFT-1-0x00007f8a90e1d700|[g:1][CONSENSUS][PBFT]checkTimeout Succ,view=4,toView=5,nodeIdx=0,changeCycle=2,myNode=064cb676...,timecost=5
info|2025-10-12 06:29:43.161594|PBFT-1-0x00007f8a90e1d700|[g:1][CONSENSUS][PBFT]checkAndChangeView: Reach consensus,org_view=4,cur_changeCycle=2,curView=4,view=5
info|2025-10-12 06:29:44.172491|PBFT-1-0x00007f8a90e1d700|[g:1][CONSENSUS]addRawPrepare,height=546,reqIdx=2,hash=a5b5e285...,time=0
info|2025-10-12 06:29:44.176840|PBFT-1-0x00007f8a90e1d700|[g:1][CONSENSUS][PBFT]checkTimeout Succ,view=5,toView=6,nodeIdx=0,changeCycle=1,myNode=064cb676...,timecost=4
info|2025-10-12 06:29:44.183985|PBFT-1-0x00007f8a90e1d700|[g:1][CONSENSUS][PBFT]checkAndChangeView: Reach consensus,org_view=5,cur_changeCycle=1,curView=5,view=6
info|2025-10-12 06:29:45.185890|PBFT-1-0x00007f8a90e1d700|[g:1][CONSENSUS]addRawPrepare,height=546,reqIdx=3,hash=4e9e8177...,time=0
info|2025-10-12 06:29:45.189773|PBFT-1-0x00007f8a90e1d700|[g:1][CONSENSUS][PBFT]checkTimeout Succ,view=6,toView=7,nodeIdx=0,changeCycle=1,myNode=064cb676...,timecost=3
info|2025-10-12 06:29:45.199064|PBFT-1-0x00007f8a90e1d700|[g:1][CONSENSUS][PBFT]checkAndChangeView: Reach consensus,org_view=6,cur_changeCycle=1,curView=6,view=7
info|2025-10-12 06:29:46.199514|PBFTSeal-1-0x00007f8a8960e700|[g:1][CONSENSUS][SEALER]++++++++++++++++ Generating seal on,blkNum=546,tx=0,nodeIdx=0,hash=64436966...
info|2025-10-12 06:29:46.206891|PBFT-1-0x00007f8a90e1d700|[g:1][CONSENSUS][PBFT]checkTimeout Succ,view=7,toView=8,nodeIdx=0,changeCycle=1,myNode=064cb676...,timecost=4
info|2025-10-12 06:29:46.225056|PBFT-1-0x00007f8a90e1d700|[g:1][CONSENSUS][PBFT]checkAndChangeView: Reach consensus,org_view=7,cur_changeCycle=1,curView=7,view=8
warning|2025-10-12 06:29:50.734493|PBFT-1-0x00007f8a90e1d700|[g:1][CONSENSUS][PBFT]ViewChangeWarning: not caused by omit empty block ,v=8,toV=9,curNum=545,hash=905400b2...,nodeIdx=0,myNode=064cb676...
info|2025-10-12 06:29:50.736990|PBFT-1-0x00007f8a90e1d700|[g:1][CONSENSUS][PBFT]checkTimeout Succ,view=8,toView=9,nodeIdx=0,changeCycle=2,myNode=064cb676...,timecost=5
info|2025-10-12 06:29:50.746683|PBFT-1-0x00007f8a90e1d700|[g:1][CONSENSUS][PBFT]checkAndChangeView: Reach consensus,org_view=8,cur_changeCycle=2,curView=8,view=9
info|2025-10-12 06:29:51.755230|PBFT-1-0x00007f8a90e1d700|[g:1][CONSENSUS]addRawPrepare,height=546,reqIdx=2,hash=06ae8f86...,time=0
info|2025-10-12 06:29:51.758370|PBFT-1-0x00007f8a90e1d700|[g:1][CONSENSUS][PBFT]checkTimeout Succ,view=9,toView=10,nodeIdx=0,changeCycle=1,myNode=064cb676...,timecost=3
info|2025-10-12 06:29:51.771426|PBFT-1-0x00007f8a90e1d700|[g:1][CONSENSUS][PBFT]checkAndChangeView: Reach consensus,org_view=9,cur_changeCycle=1,curView=9,view=10
info|2025-10-12 06:29:51.976660|io_service-0x00007f8aaae51700|[P2P][Service] heartBeat,connected count=3
info|2025-10-12 06:29:52.784856|PBFT-1-0x00007f8a90e1d700|[g:1][CONSENSUS]addRawPrepare,height=546,reqIdx=3,hash=dd34f56f...,time=0
info|2025-10-12 06:29:52.821874|PBFT-1-0x00007f8a90e1d700|[g:1][CONSENSUS][PBFT]checkTimeout Succ,view=10,toView=11,nodeIdx=0,changeCycle=1,myNode=064cb676...,timecost=19
info|2025-10-12 06:29:52.838448|PBFT-1-0x00007f8a90e1d700|[g:1][CONSENSUS][PBFT]checkAndChangeView: Reach consensus,org_view=10,cur_changeCycle=1,curView=10,view=11
info|2025-10-12 06:29:53.839117|PBFTSeal-1-0x00007f8a8960e700|[g:1][CONSENSUS][SEALER]++++++++++++++++ Generating seal on,blkNum=546,tx=0,nodeIdx=0,hash=d01d5091...
info|2025-10-12 06:29:53.845567|PBFT-1-0x00007f8a90e1d700|[g:1][CONSENSUS][PBFT]checkTimeout Succ,view=11,toView=12,nodeIdx=0,changeCycle=1,myNode=064cb676...,timecost=3
info|2025-10-12 06:29:53.872984|PBFT-1-0x00007f8a90e1d700|[g:1][CONSENSUS][PBFT]checkAndChangeView: Reach consensus,org_view=11,cur_changeCycle=1,curView=11,view=12
info|2025-10-12 06:29:55.049816|P2P-0x00007f8aace55700|[g:1] [SYNC][id:064cb676...][Download][Request]Receive block request,peer=374bdfe9...,from=184,to=184
info|2025-10-12 06:29:55.052407|SyncSend-1-0x00007f8a9d636700|[g:1][SYNC][id:064cb676...][Download][Request][BlockSync]Batch blocks for sending,blockSize=24480,number=184,peer=374bdfe9...,timeCost=2
info|2025-10-12 06:29:55.052693|SyncSend-1-0x00007f8a9d636700|[g:1][g:1] [SYNC][id:374bdfe9...][Download][Request][BlockSync]Send block packet,peer=374bdfe9...,blocks=1,bytes(V)=24487
warning|2025-10-12 06:29:58.386129|PBFT-1-0x00007f8a90e1d700|[g:1][CONSENSUS][PBFT]ViewChangeWarning: not caused by omit empty block ,v=12,toV=13,curNum=545,hash=905400b2...,nodeIdx=0,myNode=064cb676...
info|2025-10-12 06:29:58.386373|PBFT-1-0x00007f8a90e1d700|[g:1][CONSENSUS][PBFT]checkTimeout Succ,view=12,toView=13,nodeIdx=0,changeCycle=2,myNode=064cb676...,timecost=3
info|2025-10-12 06:29:58.397083|PBFT-1-0x00007f8a90e1d700|[g:1][CONSENSUS][PBFT]checkAndChangeView: Reach consensus,org_view=12,cur_changeCycle=2,curView=12,view=13
info|2025-10-12 06:29:59.405121|PBFT-1-0x00007f8a90e1d700|[g:1][CONSENSUS]addRawPrepare,height=546,reqIdx=2,hash=f36b3f98...,time=0
info|2025-10-12 06:29:59.408685|PBFT-1-0x00007f8a90e1d700|[g:1][CONSENSUS][PBFT]checkTimeout Succ,view=13,toView=14,nodeIdx=0,changeCycle=1,myNode=064cb676...,timecost=3
info|2025-10-12 06:29:59.415782|PBFT-1-0x00007f8a90e1d700|[g:1][CONSENSUS][PBFT]checkAndChangeView: Reach consensus,org_view=13,cur_changeCycle=1,curView=13,view=14
info|2025-10-12 06:30:00.017751|Sync-1-0x00007f8a92620700|[g:1][SYNC][id:064cb676...]print sync info,peersCount=3,infoJson={"blockNumber":545,"genesisHash":"f0d3e67991e2c3d83533c031601c30c4741aba35d7d8017900779abe4ae22efe","isSyncing":false,"knownHighestNumber":545,"knownLatestHash":"905400b2ec614feeac96b918956d454e742035eaa535dd6f80721b558956f9d9","latestHash":"905400b2ec614feeac96b918956d454e742035eaa535dd6f80721b558956f9d9","nodeId":"064cb676a36047a4b52ecbf9c01664b1e987d91b438110ba6a12d96972726622e824d295b1de8b0298b5afe7bbbc0bd04a3890e1a36eae028c1cfbe07971b995","peers":[{"blockNumber":183,"genesisHash":"f0d3e67991e2c3d83533c031601c30c4741aba35d7d8017900779abe4ae22efe","latestHash":"84b9e5d996bf7a5eb7a7af1e23a8308230a576a20d5c81a92b78a013e510177d","nodeId":"374bdfe969e1d8ea1200ade93e5d8cf1a7d5741f238011004b0f43ca818706f194b2f067e1708125f7ffc536610b9a72addbd56b238d65f18912be39037ffcc5"},{"blockNumber":545,"genesisHash":"f0d3e67991e2c3d83533c031601c30c4741aba35d7d8017900779abe4ae22efe","latestHash":"905400b2ec614feeac96b918956d454e742035eaa535dd6f80721b558956f9d9","nodeId":"73994dae9e8b8da733108a4153dfe79151d701dff425f84c87b5324e8ebd02ab6a0ebc9e4f1e0298a7ddca50f94a8f95c62b6997226d571e470e8f2b0600634a"},{"blockNumber":545,"genesisHash":"f0d3e67991e2c3d83533c031601c30c4741aba35d7d8017900779abe4ae22efe","latestHash":"905400b2ec614feeac96b918956d454e742035eaa535dd6f80721b558956f9d9","nodeId":"87d00b98321fc70a5abc85ad9e80db10cce315194133697bf74aace1d3f8430957a766240f751752708f4282f46110d6ea56c3eb5d1c02ce98a66f327f595270"}],"protocolId":65545,"txPoolSize":"0"}
info|2025-10-12 06:30:00.425413|PBFT-1-0x00007f8a90e1d700|[g:1][CONSENSUS]addRawPrepare,height=546,reqIdx=3,hash=ba0d1ef1...,time=0
info|2025-10-12 06:30:00.430406|PBFT-1-0x00007f8a90e1d700|[g:1][CONSENSUS][PBFT]checkTimeout Succ,view=14,toView=15,nodeIdx=0,changeCycle=1,myNode=064cb676...,timecost=5
info|2025-10-12 06:30:00.434215|PBFT-1-0x00007f8a90e1d700|[g:1][CONSENSUS][PBFT]checkAndChangeView: Reach consensus,org_view=14,cur_changeCycle=1,curView=14,view=15
info|2025-10-12 06:30:01.438260|PBFTSeal-1-0x00007f8a8960e700|[g:1][CONSENSUS][SEALER]++++++++++++++++ Generating seal on,blkNum=546,tx=0,nodeIdx=0,hash=cc395b77...
info|2025-10-12 06:30:01.454490|PBFT-1-0x00007f8a90e1d700|[g:1][CONSENSUS][PBFT]checkTimeout Succ,view=15,toView=16,nodeIdx=0,changeCycle=1,myNode=064cb676...,timecost=9
info|2025-10-12 06:30:01.462057|PBFT-1-0x00007f8a90e1d700|[g:1][CONSENSUS][PBFT]checkAndChangeView: Reach consensus,org_view=15,cur_changeCycle=1,curView=15,view=16
info|2025-10-12 06:30:01.570686|P2P-0x00007f8aace55700|[g:1] [SYNC][id:064cb676...][Download][Request]Receive block request,peer=374bdfe9...,from=184,to=184
info|2025-10-12 06:30:01.571253|SyncSend-1-0x00007f8a9d636700|[g:1][SYNC][id:064cb676...][Download][Request][BlockSync]Batch blocks for sending,blockSize=24480,number=184,peer=374bdfe9...,timeCost=1
info|2025-10-12 06:30:01.571370|SyncSend-1-0x00007f8a9d636700|[g:1][g:1] [SYNC][id:374bdfe9...][Download][Request][BlockSync]Send block packet,peer=374bdfe9...,blocks=1,bytes(V)=24487
info|2025-10-12 06:30:01.977411|io_service-0x00007f8aaae51700|[P2P][Service] heartBeat,connected count=3
warning|2025-10-12 06:30:05.969610|PBFT-1-0x00007f8a90e1d700|[g:1][CONSENSUS][PBFT]ViewChangeWarning: not caused by omit empty block ,v=16,toV=17,curNum=545,hash=905400b2...,nodeIdx=0,myNode=064cb676...
info|2025-10-12 06:30:05.971641|PBFT-1-0x00007f8a90e1d700|[g:1][CONSENSUS][PBFT]checkTimeout Succ,view=16,toView=17,nodeIdx=0,changeCycle=2,myNode=064cb676...,timecost=3
info|2025-10-12 06:30:05.979797|PBFT-1-0x00007f8a90e1d700|[g:1][CONSENSUS][PBFT]checkAndChangeView: Reach consensus,org_view=16,cur_changeCycle=2,curView=16,view=17
info|2025-10-12 06:30:06.985680|PBFT-1-0x00007f8a90e1d700|[g:1][CONSENSUS]addRawPrepare,height=546,reqIdx=2,hash=eef50002...,time=1
info|2025-10-12 06:30:06.992686|PBFT-1-0x00007f8a90e1d700|[g:1][CONSENSUS][PBFT]checkTimeout Succ,view=17,toView=18,nodeIdx=0,changeCycle=1,myNode=064cb676...,timecost=6
info|2025-10-12 06:30:06.999584|PBFT-1-0x00007f8a90e1d700|[g:1][CONSENSUS][PBFT]checkAndChangeView: Reach consensus,org_view=17,cur_changeCycle=1,curView=17,view=18
info|2025-10-12 06:30:08.005794|P2P-0x00007f8aabe53700|[g:1] [SYNC][id:064cb676...][Download][Request]Receive block request,peer=374bdfe9...,from=184,to=184
info|2025-10-12 06:30:08.006601|SyncSend-1-0x00007f8a9d636700|[g:1][SYNC][id:064cb676...][Download][Request][BlockSync]Batch blocks for sending,blockSize=24480,number=184,peer=374bdfe9...,timeCost=0
info|2025-10-12 06:30:08.006767|SyncSend-1-0x00007f8a9d636700|[g:1][g:1] [SYNC][id:374bdfe9...][Download][Request][BlockSync]Send block packet,peer=374bdfe9...,blocks=1,bytes(V)=24487
info|2025-10-12 06:30:08.012538|PBFT-1-0x00007f8a90e1d700|[g:1][CONSENSUS]addRawPrepare,height=546,reqIdx=3,hash=a5a92aa3...,time=0
info|2025-10-12 06:30:08.018767|PBFT-1-0x00007f8a90e1d700|[g:1][CONSENSUS][PBFT]checkTimeout Succ,view=18,toView=19,nodeIdx=0,changeCycle=1,myNode=064cb676...,timecost=5
info|2025-10-12 06:30:08.026270|PBFT-1-0x00007f8a90e1d700|[g:1][CONSENSUS][PBFT]checkAndChangeView: Reach consensus,org_view=18,cur_changeCycle=1,curView=18,view=19
info|2025-10-12 06:30:09.027052|PBFTSeal-1-0x00007f8a8960e700|[g:1][CONSENSUS][SEALER]++++++++++++++++ Generating seal on,blkNum=546,tx=0,nodeIdx=0,hash=e84761ce...
info|2025-10-12 06:30:09.037162|PBFT-1-0x00007f8a90e1d700|[g:1][CONSENSUS][PBFT]checkTimeout Succ,view=19,toView=20,nodeIdx=0,changeCycle=1,myNode=064cb676...,timecost=2
info|2025-10-12 06:30:09.043555|PBFT-1-0x00007f8a90e1d700|[g:1][CONSENSUS][PBFT]checkAndChangeView: Reach consensus,org_view=19,cur_changeCycle=1,curView=19,view=20
info|2025-10-12 06:30:11.978278|io_service-0x00007f8aaae51700|[P2P][Service] heartBeat,connected count=3
warning|2025-10-12 06:30:13.554631|PBFT-1-0x00007f8a90e1d700|[g:1][CONSENSUS][PBFT]ViewChangeWarning: not caused by omit empty block ,v=20,toV=21,curNum=545,hash=905400b2...,nodeIdx=0,myNode=064cb676...
info|2025-10-12 06:30:13.555962|PBFT-1-0x00007f8a90e1d700|[g:1][CONSENSUS][PBFT]checkTimeout Succ,view=20,toView=21,nodeIdx=0,changeCycle=2,myNode=064cb676...,timecost=5
info|2025-10-12 06:30:13.567605|PBFT-1-0x00007f8a90e1d700|[g:1][CONSENSUS][PBFT]checkAndChangeView: Reach consensus,org_view=20,cur_changeCycle=2,curView=20,view=21
info|2025-10-12 06:30:14.577197|PBFT-1-0x00007f8a90e1d700|[g:1][CONSENSUS]addRawPrepare,height=546,reqIdx=2,hash=58c2da67...,time=0
info|2025-10-12 06:30:14.583187|PBFT-1-0x00007f8a90e1d700|[g:1][CONSENSUS][PBFT]checkTimeout Succ,view=21,toView=22,nodeIdx=0,changeCycle=1,myNode=064cb676...,timecost=6
info|2025-10-12 06:30:14.587968|PBFT-1-0x00007f8a90e1d700|[g:1][CONSENSUS][PBFT]checkAndChangeView: Reach consensus,org_view=21,cur_changeCycle=1,curView=21,view=22
info|2025-10-12 06:30:15.624928|PBFT-1-0x00007f8a90e1d700|[g:1][CONSENSUS]addRawPrepare,height=546,reqIdx=3,hash=7347ac74...,time=0
info|2025-10-12 06:30:15.627927|PBFT-1-0x00007f8a90e1d700|[g:1][CONSENSUS][PBFT]checkTimeout Succ,view=22,toView=23,nodeIdx=0,changeCycle=1,myNode=064cb676...,timecost=2
info|2025-10-12 06:30:15.632706|PBFT-1-0x00007f8a90e1d700|[g:1][CONSENSUS][PBFT]checkAndChangeView: Reach consensus,org_view=22,cur_changeCycle=1,curView=22,view=23
info|2025-10-12 06:30:16.632569|PBFTSeal-1-0x00007f8a8960e700|[g:1][CONSENSUS][SEALER]++++++++++++++++ Generating seal on,blkNum=546,tx=0,nodeIdx=0,hash=1c306a1b...
info|2025-10-12 06:30:16.643764|PBFT-1-0x00007f8a90e1d700|[g:1][CONSENSUS][PBFT]checkTimeout Succ,view=23,toView=24,nodeIdx=0,changeCycle=1,myNode=064cb676...,timecost=2
info|2025-10-12 06:30:16.653627|PBFT-1-0x00007f8a90e1d700|[g:1][CONSENSUS][PBFT]checkAndChangeView: Reach consensus,org_view=23,cur_changeCycle=1,curView=23,view=24
info|2025-10-12 06:30:17.145326|P2P-0x00007f8aab652700|[NETWORK][Session]Received topic: [2	_block_notify_1] from 73994dae9e8b8da733108a4153dfe79151d701dff425f84c87b5324e8ebd02ab6a0ebc9e4f1e0298a7ddca50f94a8f95c62b6997226d571e470e8f2b0600634a
info|2025-10-12 06:30:20.868607|P2P-0x00007f8aace55700|[g:1] [SYNC][id:064cb676...][Download][Request]Receive block request,peer=374bdfe9...,from=184,to=184
info|2025-10-12 06:30:20.870124|SyncSend-1-0x00007f8a9d636700|[g:1][SYNC][id:064cb676...][Download][Request][BlockSync]Batch blocks for sending,blockSize=24480,number=184,peer=374bdfe9...,timeCost=1
info|2025-10-12 06:30:20.870288|SyncSend-1-0x00007f8a9d636700|[g:1][g:1] [SYNC][id:374bdfe9...][Download][Request][BlockSync]Send block packet,peer=374bdfe9...,blocks=1,bytes(V)=24487
warning|2025-10-12 06:30:21.155194|PBFT-1-0x00007f8a90e1d700|[g:1][CONSENSUS][PBFT]ViewChangeWarning: not caused by omit empty block ,v=24,toV=25,curNum=545,hash=905400b2...,nodeIdx=0,myNode=064cb676...
info|2025-10-12 06:30:21.155479|PBFT-1-0x00007f8a90e1d700|[g:1][CONSENSUS][PBFT]checkTimeout Succ,view=24,toView=25,nodeIdx=0,changeCycle=2,myNode=064cb676...,timecost=2
info|2025-10-12 06:30:21.169833|PBFT-1-0x00007f8a90e1d700|[g:1][CONSENSUS][PBFT]checkAndChangeView: Reach consensus,org_view=24,cur_changeCycle=2,curView=24,view=25
info|2025-10-12 06:30:21.979514|io_service-0x00007f8aaae51700|[P2P][Service] heartBeat,connected count=3
info|2025-10-12 06:30:22.177080|PBFT-1-0x00007f8a90e1d700|[g:1][CONSENSUS]addRawPrepare,height=546,reqIdx=2,hash=153a6b95...,time=0
info|2025-10-12 06:30:22.181820|PBFT-1-0x00007f8a90e1d700|[g:1][CONSENSUS][PBFT]checkTimeout Succ,view=25,toView=26,nodeIdx=0,changeCycle=1,myNode=064cb676...,timecost=1
info|2025-10-12 06:30:22.192846|PBFT-1-0x00007f8a90e1d700|[g:1][CONSENSUS][PBFT]checkAndChangeView: Reach consensus,org_view=25,cur_changeCycle=1,curView=25,view=26
info|2025-10-12 06:30:23.199631|PBFT-1-0x00007f8a90e1d700|[g:1][CONSENSUS]addRawPrepare,height=546,reqIdx=3,hash=7a44658a...,time=0
info|2025-10-12 06:30:23.201967|PBFT-1-0x00007f8a90e1d700|[g:1][CONSENSUS][PBFT]checkTimeout Succ,view=26,toView=27,nodeIdx=0,changeCycle=1,myNode=064cb676...,timecost=3
info|2025-10-12 06:30:23.207400|PBFT-1-0x00007f8a90e1d700|[g:1][CONSENSUS][PBFT]checkAndChangeView: Reach consensus,org_view=26,cur_changeCycle=1,curView=26,view=27
info|2025-10-12 06:30:24.208358|PBFTSeal-1-0x00007f8a8960e700|[g:1][CONSENSUS][SEALER]++++++++++++++++ Generating seal on,blkNum=546,tx=0,nodeIdx=0,hash=b2402100...
info|2025-10-12 06:30:24.219566|PBFT-1-0x00007f8a90e1d700|[g:1][CONSENSUS][PBFT]checkTimeout Succ,view=27,toView=28,nodeIdx=0,changeCycle=1,myNode=064cb676...,timecost=3
info|2025-10-12 06:30:24.229922|PBFT-1-0x00007f8a90e1d700|[g:1][CONSENSUS][PBFT]checkAndChangeView: Reach consensus,org_view=27,cur_changeCycle=1,curView=27,view=28
info|2025-10-12 06:30:27.274096|P2P-0x00007f8aab652700|[g:1] [SYNC][id:064cb676...][Download][Request]Receive block request,peer=374bdfe9...,from=184,to=184
info|2025-10-12 06:30:27.274677|SyncSend-1-0x00007f8a9d636700|[g:1][SYNC][id:064cb676...][Download][Request][BlockSync]Batch blocks for sending,blockSize=24480,number=184,peer=374bdfe9...,timeCost=0
info|2025-10-12 06:30:27.274824|SyncSend-1-0x00007f8a9d636700|[g:1][g:1] [SYNC][id:374bdfe9...][Download][Request][BlockSync]Send block packet,peer=374bdfe9...,blocks=1,bytes(V)=24487
warning|2025-10-12 06:30:28.739066|PBFT-1-0x00007f8a90e1d700|[g:1][CONSENSUS][PBFT]ViewChangeWarning: not caused by omit empty block ,v=28,toV=29,curNum=545,hash=905400b2...,nodeIdx=0,myNode=064cb676...
info|2025-10-12 06:30:28.740281|PBFT-1-0x00007f8a90e1d700|[g:1][CONSENSUS][PBFT]checkTimeout Succ,view=28,toView=29,nodeIdx=0,changeCycle=2,myNode=064cb676...,timecost=6
info|2025-10-12 06:30:28.747246|PBFT-1-0x00007f8a90e1d700|[g:1][CONSENSUS][PBFT]checkAndChangeView: Reach consensus,org_view=28,cur_changeCycle=2,curView=28,view=29
info|2025-10-12 06:30:29.757012|PBFT-1-0x00007f8a90e1d700|[g:1][CONSENSUS]addRawPrepare,height=546,reqIdx=2,hash=d8258871...,time=0
info|2025-10-12 06:30:29.762935|PBFT-1-0x00007f8a90e1d700|[g:1][CONSENSUS][PBFT]checkTimeout Succ,view=29,toView=30,nodeIdx=0,changeCycle=1,myNode=064cb676...,timecost=6
info|2025-10-12 06:30:29.767695|PBFT-1-0x00007f8a90e1d700|[g:1][CONSENSUS][PBFT]checkAndChangeView: Reach consensus,org_view=29,cur_changeCycle=1,curView=29,view=30
info|2025-10-12 06:30:30.775614|PBFT-1-0x00007f8a90e1d700|[g:1][CONSENSUS]addRawPrepare,height=546,reqIdx=3,hash=988a67dc...,time=0
info|2025-10-12 06:30:30.779947|PBFT-1-0x00007f8a90e1d700|[g:1][CONSENSUS][PBFT]checkTimeout Succ,view=30,toView=31,nodeIdx=0,changeCycle=1,myNode=064cb676...,timecost=4
info|2025-10-12 06:30:30.790349|PBFT-1-0x00007f8a90e1d700|[g:1][CONSENSUS][PBFT]checkAndChangeView: Reach consensus,org_view=30,cur_changeCycle=1,curView=30,view=31
info|2025-10-12 06:30:31.790813|PBFTSeal-1-0x00007f8a8960e700|[g:1][CONSENSUS][SEALER]++++++++++++++++ Generating seal on,blkNum=546,tx=0,nodeIdx=0,hash=babccad9...
info|2025-10-12 06:30:31.795311|PBFT-1-0x00007f8a90e1d700|[g:1][CONSENSUS][PBFT]checkTimeout Succ,view=31,toView=32,nodeIdx=0,changeCycle=1,myNode=064cb676...,timecost=2
info|2025-10-12 06:30:31.807648|PBFT-1-0x00007f8a90e1d700|[g:1][CONSENSUS][PBFT]checkAndChangeView: Reach consensus,org_view=31,cur_changeCycle=1,curView=31,view=32
info|2025-10-12 06:30:31.980336|io_service-0x00007f8aaae51700|[P2P][Service] heartBeat,connected count=3
warning|2025-10-12 06:30:36.309797|PBFT-1-0x00007f8a90e1d700|[g:1][CONSENSUS][PBFT]ViewChangeWarning: not caused by omit empty block ,v=32,toV=33,curNum=545,hash=905400b2...,nodeIdx=0,myNode=064cb676...
info|2025-10-12 06:30:36.310923|PBFT-1-0x00007f8a90e1d700|[g:1][CONSENSUS][PBFT]checkTimeout Succ,view=32,toView=33,nodeIdx=0,changeCycle=2,myNode=064cb676...,timecost=3
info|2025-10-12 06:30:36.325536|PBFT-1-0x00007f8a90e1d700|[g:1][CONSENSUS][PBFT]checkAndChangeView: Reach consensus,org_view=32,cur_changeCycle=2,curView=32,view=33
info|2025-10-12 06:30:37.331946|PBFT-1-0x00007f8a90e1d700|[g:1][CONSENSUS]addRawPrepare,height=546,reqIdx=2,hash=71890c33...,time=0
info|2025-10-12 06:30:37.334010|PBFT-1-0x00007f8a90e1d700|[g:1][CONSENSUS][PBFT]checkTimeout Succ,view=33,toView=34,nodeIdx=0,changeCycle=1,myNode=064cb676...,timecost=2
info|2025-10-12 06:30:37.344670|PBFT-1-0x00007f8a90e1d700|[g:1][CONSENSUS][PBFT]checkAndChangeView: Reach consensus,org_view=33,cur_changeCycle=1,curView=33,view=34
info|2025-10-12 06:30:37.849261|PBFTWork-1-0x00007f8a9762a700|[g:1][CONSENSUS][PartiallyPBFTReqCache]addPartiallyRawPrepare,height=546,reqIdx=3,hash=e7ef700e...
info|2025-10-12 06:30:37.851335|PBFTWork-1-0x00007f8a9762a700|[g:1][BLOCKVERIFIER][executeBlock]Executing block,txNum=1,num=546,parentHash=905400b2ec614feeac96b918956d454e742035eaa535dd6f80721b558956f9d9,parentNum=545,parentStateRoot=a201fbfe98438e70b15663084dc5543d4ee3cbc3fed971b518bd20f2253da89a
info|2025-10-12 06:30:37.852700|PBFTWork-1-0x00007f8a9762a700|[g:1][PRECOMPILED]init GasChargeManagePrecompiled
info|2025-10-12 06:30:37.856048|PBFTWork-1-0x00007f8a9762a700|[g:1][STORAGE][MemoryTableFactory2]createTable,table name=c_49757aae83a5d28a25dcbe54f0f6a26abec98a01,keyField=key,valueField=value
info|2025-10-12 06:30:37.858569|PBFTWork-1-0x00007f8a9762a700|[g:1][CONSENSUS][PBFT]execBlock,blkNum=546,reqIdx=3,hash=3b578f3e...,nodeIdx=0,myNode=064cb676...,decodeCost=0,checkCost=0,notifyCost=0,noteSealingCost=0,currentCycle=1,verifyAndSetSenderCost=0,execCost=9,execPerTx=9,totalCost=9
info|2025-10-12 06:30:37.864301|PBFTWork-1-0x00007f8a9762a700|[g:1][CONSENSUS][PBFT]handlePrepareMsg Succ,timecost=5,INFO=handlePartiallyPrepare,reqIdx=3,view=34,reqNum=546,curNum=545,consNum=546,hash=e7ef700e...,nodeIdx=0,myNode=064cb676...,curChangeCycle=1
info|2025-10-12 06:30:37.986802|PBFT-1-0x00007f8a90e1d700|[g:1][CONSENSUS][PBFT]handleSignMsg Succ,Timecost=5,INFO=handleSignMsg,num=546,curNum=545,GenIdx=3,Sview=34,view=34,fromIdx=3,fromNode=87d00b98...,fromIp=127.0.0.1:43094,hash=3b578f3e...,nodeIdx=0,myNode=064cb676...
info|2025-10-12 06:30:37.992412|PBFT-1-0x00007f8a90e1d700|[g:1][CONSENSUS][PBFT]checkAndCommit: backup/updateCommittedPrepare,reqNum=546,hash=e7ef700e...,nodeIdx=0,myNode=064cb676...
info|2025-10-12 06:30:37.996093|PBFT-1-0x00007f8a90e1d700|[g:1][CONSENSUS][PBFT]handleSignMsg Succ,Timecost=7,INFO=handleSignMsg,num=546,curNum=545,GenIdx=2,Sview=34,view=34,fromIdx=2,fromNode=73994dae...,fromIp=127.0.0.1:30300,hash=3b578f3e...,nodeIdx=0,myNode=064cb676...
info|2025-10-12 06:30:38.006159|PBFT-1-0x00007f8a90e1d700|[g:1][CONSENSUS][PBFT]handleCommitMsg Succ,INFO=handleCommitMsg,reqNum=546,curNum=545,GenIdx=3,Cview=34,view=34,fromIdx=3,fromNode=87d00b98...,fromIp=127.0.0.1:43094,hash=3b578f3e...,nodeIdx=0,myNode=064cb676...,Timecost=4
info|2025-10-12 06:30:38.018650|PBFT-1-0x00007f8a90e1d700|[g:1][CONSENSUS][PBFT]checkAndSave: CommitReq enough,prepareHeight=546,commitSize=3,hash=3b578f3e...,nodeIdx=0,myNode=064cb676...
info|2025-10-12 06:30:38.038227|PBFT-1-0x00007f8a90e1d700|[g:1][g:1][STORAGE][CachedStorage]commit: 9 num: 546
info|2025-10-12 06:30:38.042795|PBFT-1-0x00007f8a90e1d700|[g:1][g:1][STORAGE][CachedStorage]Submited block task: 546, current syncd block: 545
info|2025-10-12 06:30:38.042868|taskPool-1-0x00007f8a99e2f700|[g:1][g:1][STORAGE][CachedStorage]Start commit block: 546 to backend storage
info|2025-10-12 06:30:38.043101|PBFT-1-0x00007f8a90e1d700|[g:1]Push block notify: 1-546
info|2025-10-12 06:30:38.043886|PBFT-1-0x00007f8a90e1d700|[g:1][CONSENSUS][PBFT]CommitBlock Succ,prepareHeight=546,reqIdx=3,hash=3b578f3e...,nodeIdx=0,myNode=064cb676...,genSigTimeCost=0,commitBlockTimeCost=25,dropTxsTimeCost=0,noteSealingTimeCost=0,totalTimeCost=25
info|2025-10-12 06:30:38.044038|PBFT-1-0x00007f8a90e1d700|[g:1][CONSENSUS][PBFT]handleCommitMsg Succ,INFO=handleCommitMsg,reqNum=546,curNum=545,GenIdx=2,Cview=34,view=34,fromIdx=2,fromNode=73994dae...,fromIp=127.0.0.1:30300,hash=3b578f3e...,nodeIdx=0,myNode=064cb676...,Timecost=37
info|2025-10-12 06:30:38.046007|PBFTSeal-1-0x00007f8a8960e700|[g:1][CONSENSUS][SEALER]increase maxNoTimeoutTx,maxNoTimeoutTx=1
info|2025-10-12 06:30:38.046148|PBFTSeal-1-0x00007f8a8960e700|[g:1][CONSENSUS][PBFT]^^^^^^^^Report,num=546,sealerIdx=3,hash=3b578f3e...,next=547,tx=1,nodeIdx=0
info|2025-10-12 06:30:38.072629|taskPool-1-0x00007f8a99e2f700|[g:1][g:1][STORAGE][CachedStorage]
---------------------------------------------------------------------
Commit block: 546 to backend storage finished, current cached block: 546
Flush elapsed time: 0.0298s
---------------------------------------------------------------------
info|2025-10-12 06:30:39.027600|PBFT-1-0x00007f8a90e1d700|[g:1][CONSENSUS]addRawPrepare,height=547,reqIdx=2,hash=78d7aeb9...,time=0
info|2025-10-12 06:30:39.031891|PBFT-1-0x00007f8a90e1d700|[g:1][CONSENSUS][PBFT]checkTimeout Succ,view=0,toView=1,nodeIdx=0,changeCycle=1,myNode=064cb676...,timecost=4
info|2025-10-12 06:30:39.045623|PBFT-1-0x00007f8a90e1d700|[g:1][CONSENSUS][PBFT]checkAndChangeView: Reach consensus,org_view=0,cur_changeCycle=1,curView=0,view=1
info|2025-10-12 06:30:40.056399|PBFT-1-0x00007f8a90e1d700|[g:1][CONSENSUS]addRawPrepare,height=547,reqIdx=3,hash=b12be577...,time=0
info|2025-10-12 06:30:40.059217|PBFT-1-0x00007f8a90e1d700|[g:1][CONSENSUS][PBFT]checkTimeout Succ,view=1,toView=2,nodeIdx=0,changeCycle=1,myNode=064cb676...,timecost=3
info|2025-10-12 06:30:40.070688|PBFT-1-0x00007f8a90e1d700|[g:1][CONSENSUS][PBFT]checkAndChangeView: Reach consensus,org_view=1,cur_changeCycle=1,curView=1,view=2
info|2025-10-12 06:30:40.084106|P2P-0x00007f8aabe53700|[g:1] [SYNC][id:064cb676...][Download][Request]Receive block request,peer=374bdfe9...,from=184,to=184
info|2025-10-12 06:30:40.084655|SyncSend-1-0x00007f8a9d636700|[g:1][SYNC][id:064cb676...][Download][Request][BlockSync]Batch blocks for sending,blockSize=24480,number=184,peer=374bdfe9...,timeCost=0
info|2025-10-12 06:30:40.084809|SyncSend-1-0x00007f8a9d636700|[g:1][g:1] [SYNC][id:374bdfe9...][Download][Request][BlockSync]Send block packet,peer=374bdfe9...,blocks=1,bytes(V)=24487
info|2025-10-12 06:30:41.071666|PBFTSeal-1-0x00007f8a8960e700|[g:1][CONSENSUS][SEALER]++++++++++++++++ Generating seal on,blkNum=547,tx=0,nodeIdx=0,hash=3f171869...
info|2025-10-12 06:30:41.076050|PBFT-1-0x00007f8a90e1d700|[g:1][CONSENSUS][PBFT]checkTimeout Succ,view=2,toView=3,nodeIdx=0,changeCycle=1,myNode=064cb676...,timecost=3
info|2025-10-12 06:30:41.090231|PBFT-1-0x00007f8a90e1d700|[g:1][CONSENSUS][PBFT]checkAndChangeView: Reach consensus,org_view=2,cur_changeCycle=1,curView=2,view=3
info|2025-10-12 06:30:41.981268|io_service-0x00007f8aaae51700|[P2P][Service] heartBeat,connected count=3
warning|2025-10-12 06:30:45.594941|PBFT-1-0x00007f8a90e1d700|[g:1][CONSENSUS][PBFT]ViewChangeWarning: not caused by omit empty block ,v=3,toV=4,curNum=546,hash=3b578f3e...,nodeIdx=0,myNode=064cb676...
info|2025-10-12 06:30:45.598815|PBFT-1-0x00007f8a90e1d700|[g:1][CONSENSUS][PBFT]checkTimeout Succ,view=3,toView=4,nodeIdx=0,changeCycle=2,myNode=064cb676...,timecost=6
info|2025-10-12 06:30:45.612368|PBFT-1-0x00007f8a90e1d700|[g:1][CONSENSUS][PBFT]checkAndChangeView: Reach consensus,org_view=3,cur_changeCycle=2,curView=3,view=4
info|2025-10-12 06:30:46.621866|PBFT-1-0x00007f8a90e1d700|[g:1][CONSENSUS]addRawPrepare,height=547,reqIdx=2,hash=998f5b71...,time=0
info|2025-10-12 06:30:46.629846|PBFT-1-0x00007f8a90e1d700|[g:1][CONSENSUS][PBFT]checkTimeout Succ,view=4,toView=5,nodeIdx=0,changeCycle=1,myNode=064cb676...,timecost=6
info|2025-10-12 06:30:46.638445|PBFT-1-0x00007f8a90e1d700|[g:1][CONSENSUS][PBFT]checkAndChangeView: Reach consensus,org_view=4,cur_changeCycle=1,curView=4,view=5
info|2025-10-12 06:30:47.643937|PBFT-1-0x00007f8a90e1d700|[g:1][CONSENSUS]addRawPrepare,height=547,reqIdx=3,hash=fc7d1047...,time=0
info|2025-10-12 06:30:47.652502|PBFT-1-0x00007f8a90e1d700|[g:1][CONSENSUS][PBFT]checkTimeout Succ,view=5,toView=6,nodeIdx=0,changeCycle=1,myNode=064cb676...,timecost=8
info|2025-10-12 06:30:47.663363|PBFT-1-0x00007f8a90e1d700|[g:1][CONSENSUS][PBFT]checkAndChangeView: Reach consensus,org_view=5,cur_changeCycle=1,curView=5,view=6
info|2025-10-12 06:30:48.664512|PBFTSeal-1-0x00007f8a8960e700|[g:1][CONSENSUS][SEALER]++++++++++++++++ Generating seal on,blkNum=547,tx=0,nodeIdx=0,hash=1b09b9d8...
info|2025-10-12 06:30:48.671062|PBFT-1-0x00007f8a90e1d700|[g:1][CONSENSUS][PBFT]checkTimeout Succ,view=6,toView=7,nodeIdx=0,changeCycle=1,myNode=064cb676...,timecost=4
info|2025-10-12 06:30:48.694473|PBFT-1-0x00007f8a90e1d700|[g:1][CONSENSUS][PBFT]checkAndChangeView: Reach consensus,org_view=6,cur_changeCycle=1,curView=6,view=7
info|2025-10-12 06:30:51.981981|io_service-0x00007f8aaae51700|[P2P][Service] heartBeat,connected count=3
warning|2025-10-12 06:30:53.199748|PBFT-1-0x00007f8a90e1d700|[g:1][CONSENSUS][PBFT]ViewChangeWarning: not caused by omit empty block ,v=7,toV=8,curNum=546,hash=3b578f3e...,nodeIdx=0,myNode=064cb676...
info|2025-10-12 06:30:53.200055|PBFT-1-0x00007f8a90e1d700|[g:1][CONSENSUS][PBFT]checkTimeout Succ,view=7,toView=8,nodeIdx=0,changeCycle=2,myNode=064cb676...,timecost=4
info|2025-10-12 06:30:53.210232|PBFT-1-0x00007f8a90e1d700|[g:1][CONSENSUS][PBFT]checkAndChangeView: Reach consensus,org_view=7,cur_changeCycle=2,curView=7,view=8
info|2025-10-12 06:30:54.218831|PBFT-1-0x00007f8a90e1d700|[g:1][CONSENSUS]addRawPrepare,height=547,reqIdx=2,hash=f39e45fa...,time=0
info|2025-10-12 06:30:54.223767|PBFT-1-0x00007f8a90e1d700|[g:1][CONSENSUS][PBFT]checkTimeout Succ,view=8,toView=9,nodeIdx=0,changeCycle=1,myNode=064cb676...,timecost=5
info|2025-10-12 06:30:54.231776|PBFT-1-0x00007f8a90e1d700|[g:1][CONSENSUS][PBFT]checkAndChangeView: Reach consensus,org_view=8,cur_changeCycle=1,curView=8,view=9
info|2025-10-12 06:30:55.245009|PBFT-1-0x00007f8a90e1d700|[g:1][CONSENSUS]addRawPrepare,height=547,reqIdx=3,hash=a2deda86...,time=1
info|2025-10-12 06:30:55.249205|PBFT-1-0x00007f8a90e1d700|[g:1][CONSENSUS][PBFT]checkTimeout Succ,view=9,toView=10,nodeIdx=0,changeCycle=1,myNode=064cb676...,timecost=4
info|2025-10-12 06:30:55.264347|PBFT-1-0x00007f8a90e1d700|[g:1][CONSENSUS][PBFT]checkAndChangeView: Reach consensus,org_view=9,cur_changeCycle=1,curView=9,view=10
info|2025-10-12 06:30:56.264741|PBFTSeal-1-0x00007f8a8960e700|[g:1][CONSENSUS][SEALER]++++++++++++++++ Generating seal on,blkNum=547,tx=0,nodeIdx=0,hash=fcd1da1a...
info|2025-10-12 06:30:56.268960|PBFT-1-0x00007f8a90e1d700|[g:1][CONSENSUS][PBFT]checkTimeout Succ,view=10,toView=11,nodeIdx=0,changeCycle=1,myNode=064cb676...,timecost=1
info|2025-10-12 06:30:56.285281|PBFT-1-0x00007f8a90e1d700|[g:1][CONSENSUS][PBFT]checkAndChangeView: Reach consensus,org_view=10,cur_changeCycle=1,curView=10,view=11
warning|2025-10-12 06:31:00.789757|PBFT-1-0x00007f8a90e1d700|[g:1][CONSENSUS][PBFT]ViewChangeWarning: not caused by omit empty block ,v=11,toV=12,curNum=546,hash=3b578f3e...,nodeIdx=0,myNode=064cb676...
info|2025-10-12 06:31:00.790028|PBFT-1-0x00007f8a90e1d700|[g:1][CONSENSUS][PBFT]checkTimeout Succ,view=11,toView=12,nodeIdx=0,changeCycle=2,myNode=064cb676...,timecost=3
info|2025-10-12 06:31:00.807000|PBFT-1-0x00007f8a90e1d700|[g:1][CONSENSUS][PBFT]checkAndChangeView: Reach consensus,org_view=11,cur_changeCycle=2,curView=11,view=12
info|2025-10-12 06:31:01.309076|PBFTWork-1-0x00007f8a9762a700|[g:1][CONSENSUS][PartiallyPBFTReqCache]addPartiallyRawPrepare,height=547,reqIdx=2,hash=9ae5d3f0...
info|2025-10-12 06:31:01.310032|PBFTWork-1-0x00007f8a9762a700|[g:1][BLOCKVERIFIER][executeBlock]Executing block,txNum=1,num=547,parentHash=3b578f3e13a7244248c997210388c45a489be0571cc5ec22ed68536147e1686f,parentNum=546,parentStateRoot=a2b70930b6ab39560d49113ac6625d7e5ac92e3df8e64aa4e46baf2d4f932766
info|2025-10-12 06:31:01.310315|PBFTWork-1-0x00007f8a9762a700|[g:1][PRECOMPILED]init GasChargeManagePrecompiled
error|2025-10-12 06:31:01.313712|SyncMsgE-1-0x00007f8a8a610700|[PRECOMPILED]SM2EncryptPrecompiled exception:306f022067721063d2d743d14398f2ff5571d7fae432a9d2d0e4c20c263c538ce9af106102202598e61b4ed3d4b47f4435ea2727c668f3c82a76a0adca449a7f9eb88ee79cf804142af39d3b4cdb4212c852c9db78fabbc61ca10ac404136c56a5b5d6409f8a5cba825a72cd0a39c8ee580000
error|2025-10-12 06:31:01.313889|SyncMsgE-1-0x00007f8a8a610700|[EXECUTIVECONTEXT]PrecompiledException,address=000000000000000000000000000000000000500d,message:=306f022067721063d2d743d14398f2ff5571d7fae432a9d2d0e4c20c263c538ce9af106102202598e61b4ed3d4b47f4435ea2727c668f3c82a76a0adca449a7f9eb88ee79cf804142af39d3b4cdb4212c852c9db78fabbc61ca10ac404136c56a5b5d6409f8a5cba825a72cd0a39c8ee580000
error|2025-10-12 06:31:01.314024|SyncMsgE-1-0x00007f8a8a610700|[EXECUTIVE][TxExeError]Transaction execution error,TransactionExceptionID=22,hash=b4a86d9a509acb2baa1bb3c4788a9387133cd1c6c6ee6cdaaa58366c996a9e93
info|2025-10-12 06:31:01.314568|PBFTWork-1-0x00007f8a9762a700|[g:1][CONSENSUS][PBFT]execBlock,blkNum=547,reqIdx=2,hash=5c5c2c40...,nodeIdx=0,myNode=064cb676...,decodeCost=0,checkCost=0,notifyCost=0,noteSealingCost=0,currentCycle=2,verifyAndSetSenderCost=0,execCost=5,execPerTx=5,totalCost=5
info|2025-10-12 06:31:01.320000|PBFTWork-1-0x00007f8a9762a700|[g:1][CONSENSUS][PBFT]handlePrepareMsg Succ,timecost=6,INFO=handlePartiallyPrepare,reqIdx=2,view=12,reqNum=547,curNum=546,consNum=547,hash=9ae5d3f0...,nodeIdx=0,myNode=064cb676...,curChangeCycle=2
info|2025-10-12 06:31:01.331025|PBFT-1-0x00007f8a90e1d700|[g:1][CONSENSUS][PBFT]checkReq: Recv future request,prepHash=5c5c2c40...,INFO=handleSignMsg,num=547,curNum=546,GenIdx=3,Sview=12,view=12,fromIdx=3,fromNode=87d00b98...,fromIp=127.0.0.1:43094,hash=a6b9d2ce...,nodeIdx=0,myNode=064cb676...
info|2025-10-12 06:31:01.331069|PBFT-1-0x00007f8a90e1d700|[g:1][CONSENSUS][PBFT]FutureBlock,INFO=handleSignMsg,num=547,curNum=546,GenIdx=3,Sview=12,view=12,fromIdx=3,fromNode=87d00b98...,fromIp=127.0.0.1:43094,hash=a6b9d2ce...,nodeIdx=0,myNode=064cb676...
info|2025-10-12 06:31:01.335470|PBFT-1-0x00007f8a90e1d700|[g:1][CONSENSUS][PBFT]checkReq: Recv future request,prepHash=5c5c2c40...,INFO=handleSignMsg,num=547,curNum=546,GenIdx=2,Sview=12,view=12,fromIdx=2,fromNode=73994dae...,fromIp=127.0.0.1:30300,hash=2e6d3ddb...,nodeIdx=0,myNode=064cb676...
info|2025-10-12 06:31:01.335563|PBFT-1-0x00007f8a90e1d700|[g:1][CONSENSUS][PBFT]FutureBlock,INFO=handleSignMsg,num=547,curNum=546,GenIdx=2,Sview=12,view=12,fromIdx=2,fromNode=73994dae...,fromIp=127.0.0.1:30300,hash=2e6d3ddb...,nodeIdx=0,myNode=064cb676...
info|2025-10-12 06:31:01.982375|io_service-0x00007f8aaae51700|[P2P][Service] heartBeat,connected count=3
info|2025-10-12 06:31:08.064355|PBFT-1-0x00007f8a90e1d700|[g:1][CONSENSUS][SEALER]decrease maxBlockCanSeal to half for PBFT timeout,org_maxBlockCanSeal=1000,halfed_maxBlockCanSeal=500,timeoutCount=1,lastTimeoutTx=1
warning|2025-10-12 06:31:08.066054|PBFT-1-0x00007f8a90e1d700|[g:1][CONSENSUS][PBFT]ViewChangeWarning: not caused by omit empty block ,v=12,toV=13,curNum=546,hash=3b578f3e...,nodeIdx=0,myNode=064cb676...
info|2025-10-12 06:31:08.067347|PBFT-1-0x00007f8a90e1d700|[g:1][CONSENSUS][PBFT]checkTimeout Succ,view=12,toView=13,nodeIdx=0,changeCycle=3,myNode=064cb676...,timecost=3
info|2025-10-12 06:31:08.083210|PBFT-1-0x00007f8a90e1d700|[g:1][CONSENSUS][PBFT]checkAndChangeView: Reach consensus,org_view=12,cur_changeCycle=3,curView=12,view=13
info|2025-10-12 06:31:08.588038|PBFTWork-1-0x00007f8a9762a700|[g:1][CONSENSUS][PartiallyPBFTReqCache]addPartiallyRawPrepare,height=547,reqIdx=3,hash=8aaecaa2...
info|2025-10-12 06:31:08.588763|PBFTWork-1-0x00007f8a9762a700|[g:1][BLOCKVERIFIER][executeBlock]Executing block,txNum=1,num=547,parentHash=3b578f3e13a7244248c997210388c45a489be0571cc5ec22ed68536147e1686f,parentNum=546,parentStateRoot=a2b70930b6ab39560d49113ac6625d7e5ac92e3df8e64aa4e46baf2d4f932766
info|2025-10-12 06:31:08.588965|PBFTWork-1-0x00007f8a9762a700|[g:1][PRECOMPILED]init GasChargeManagePrecompiled
error|2025-10-12 06:31:08.591217|SyncMsgE-1-0x00007f8a8a610700|[PRECOMPILED]SM2EncryptPrecompiled exception:306f02203b1e6a324942250e2e78ca4c0a0281b114a478096df0bacbd03caaee1a3f3fd102203685dc4c65ab956915a6b7e335f153248e7c4e90eb76ca309abd3f745afe910c0414ea672dd08721f2be4699d04ae67d499f40d18a8204133ea237e0face8e6893bb91f6ec88005570115e0000
error|2025-10-12 06:31:08.591309|SyncMsgE-1-0x00007f8a8a610700|[EXECUTIVECONTEXT]PrecompiledException,address=000000000000000000000000000000000000500d,message:=306f02203b1e6a324942250e2e78ca4c0a0281b114a478096df0bacbd03caaee1a3f3fd102203685dc4c65ab956915a6b7e335f153248e7c4e90eb76ca309abd3f745afe910c0414ea672dd08721f2be4699d04ae67d499f40d18a8204133ea237e0face8e6893bb91f6ec88005570115e0000
error|2025-10-12 06:31:08.592012|SyncMsgE-1-0x00007f8a8a610700|[EXECUTIVE][TxExeError]Transaction execution error,TransactionExceptionID=22,hash=b4a86d9a509acb2baa1bb3c4788a9387133cd1c6c6ee6cdaaa58366c996a9e93
info|2025-10-12 06:31:08.595957|PBFTWork-1-0x00007f8a9762a700|[g:1][CONSENSUS][PBFT]execBlock,blkNum=547,reqIdx=3,hash=1bf089b5...,nodeIdx=0,myNode=064cb676...,decodeCost=0,checkCost=0,notifyCost=0,noteSealingCost=0,currentCycle=3,verifyAndSetSenderCost=0,execCost=7,execPerTx=7,totalCost=7
info|2025-10-12 06:31:08.606810|PBFTWork-1-0x00007f8a9762a700|[g:1][CONSENSUS][PBFT]handlePrepareMsg Succ,timecost=10,INFO=handlePartiallyPrepare,reqIdx=3,view=13,reqNum=547,curNum=546,consNum=547,hash=8aaecaa2...,nodeIdx=0,myNode=064cb676...,curChangeCycle=3
info|2025-10-12 06:31:08.609145|PBFT-1-0x00007f8a90e1d700|[g:1][CONSENSUS][PBFT]checkReq: Recv future request,prepHash=1bf089b5...,INFO=handleSignMsg,num=547,curNum=546,GenIdx=3,Sview=13,view=13,fromIdx=3,fromNode=87d00b98...,fromIp=127.0.0.1:43094,hash=4c466d02...,nodeIdx=0,myNode=064cb676...
info|2025-10-12 06:31:08.609225|PBFT-1-0x00007f8a90e1d700|[g:1][CONSENSUS][PBFT]FutureBlock,INFO=handleSignMsg,num=547,curNum=546,GenIdx=3,Sview=13,view=13,fromIdx=3,fromNode=87d00b98...,fromIp=127.0.0.1:43094,hash=4c466d02...,nodeIdx=0,myNode=064cb676...
info|2025-10-12 06:31:08.610697|PBFT-1-0x00007f8a90e1d700|[g:1][CONSENSUS][PBFT]checkReq: Recv future request,prepHash=1bf089b5...,INFO=handleSignMsg,num=547,curNum=546,GenIdx=2,Sview=13,view=13,fromIdx=2,fromNode=73994dae...,fromIp=127.0.0.1:30300,hash=5688e27c...,nodeIdx=0,myNode=064cb676...
info|2025-10-12 06:31:08.610747|PBFT-1-0x00007f8a90e1d700|[g:1][CONSENSUS][PBFT]FutureBlock,INFO=handleSignMsg,num=547,curNum=546,GenIdx=2,Sview=13,view=13,fromIdx=2,fromNode=73994dae...,fromIp=127.0.0.1:30300,hash=5688e27c...,nodeIdx=0,myNode=064cb676...
info|2025-10-12 06:31:11.983285|io_service-0x00007f8aaae51700|[P2P][Service] heartBeat,connected count=3
info|2025-10-12 06:31:18.725487|PBFT-1-0x00007f8a90e1d700|[g:1][CONSENSUS][SEALER]decrease maxBlockCanSeal to half for PBFT timeout,org_maxBlockCanSeal=500,halfed_maxBlockCanSeal=250,timeoutCount=2,lastTimeoutTx=1
warning|2025-10-12 06:31:18.730382|PBFT-1-0x00007f8a90e1d700|[g:1][CONSENSUS][PBFT]ViewChangeWarning: not caused by omit empty block ,v=13,toV=14,curNum=546,hash=3b578f3e...,nodeIdx=0,myNode=064cb676...
info|2025-10-12 06:31:18.730824|PBFT-1-0x00007f8a90e1d700|[g:1][CONSENSUS][PBFT]checkTimeout Succ,view=13,toView=14,nodeIdx=0,changeCycle=4,myNode=064cb676...,timecost=4
info|2025-10-12 06:31:18.737680|PBFT-1-0x00007f8a90e1d700|[g:1][CONSENSUS][PBFT]checkAndChangeView: Reach consensus,org_view=13,cur_changeCycle=4,curView=13,view=14
info|2025-10-12 06:31:19.111464|P2P-0x00007f8aace55700|[g:1] [SYNC][id:064cb676...][Download][Request]Receive block request,peer=374bdfe9...,from=184,to=184
info|2025-10-12 06:31:19.112539|SyncSend-1-0x00007f8a9d636700|[g:1][SYNC][id:064cb676...][Download][Request][BlockSync]Batch blocks for sending,blockSize=24480,number=184,peer=374bdfe9...,timeCost=0
info|2025-10-12 06:31:19.112702|SyncSend-1-0x00007f8a9d636700|[g:1][g:1] [SYNC][id:374bdfe9...][Download][Request][BlockSync]Send block packet,peer=374bdfe9...,blocks=1,bytes(V)=24487
info|2025-10-12 06:31:19.238951|PBFTSeal-1-0x00007f8a8960e700|[g:1][CONSENSUS][SEALER]++++++++++++++++ Generating seal on,blkNum=547,tx=1,nodeIdx=0,hash=f694cf44...
info|2025-10-12 06:31:19.250783|sealerWorker-0x00007f8a98e2d700|[CONSENSUS]addRawPrepare,height=547,reqIdx=0,hash=f694cf44...,time=0
info|2025-10-12 06:31:19.251102|sealerWorker-0x00007f8a98e2d700|[BLOCKVERIFIER][executeBlock]Executing block,txNum=1,num=547,parentHash=3b578f3e13a7244248c997210388c45a489be0571cc5ec22ed68536147e1686f,parentNum=546,parentStateRoot=a2b70930b6ab39560d49113ac6625d7e5ac92e3df8e64aa4e46baf2d4f932766
info|2025-10-12 06:31:19.251394|sealerWorker-0x00007f8a98e2d700|[PRECOMPILED]init GasChargeManagePrecompiled
error|2025-10-12 06:31:19.254489|SyncMsgE-1-0x00007f8a8a610700|[PRECOMPILED]SM2EncryptPrecompiled exception:306f022069886d862ea13863fcb5caa288249c057f51bc617ff93e616dc93056776afe1902205f58de73bcd2ba321a106baba4502234cf7ec722d9452bd39ed35979e66cb25304143b12ac491f3ae51411755ecd94063d417ed3851e04138d078f6175e8b0d867e04de6d8262016b8eeee0000
error|2025-10-12 06:31:19.254580|SyncMsgE-1-0x00007f8a8a610700|[EXECUTIVECONTEXT]PrecompiledException,address=000000000000000000000000000000000000500d,message:=306f022069886d862ea13863fcb5caa288249c057f51bc617ff93e616dc93056776afe1902205f58de73bcd2ba321a106baba4502234cf7ec722d9452bd39ed35979e66cb25304143b12ac491f3ae51411755ecd94063d417ed3851e04138d078f6175e8b0d867e04de6d8262016b8eeee0000
error|2025-10-12 06:31:19.254746|SyncMsgE-1-0x00007f8a8a610700|[EXECUTIVE][TxExeError]Transaction execution error,TransactionExceptionID=22,hash=b4a86d9a509acb2baa1bb3c4788a9387133cd1c6c6ee6cdaaa58366c996a9e93
info|2025-10-12 06:31:19.255002|sealerWorker-0x00007f8a98e2d700|[CONSENSUS][PBFT]execBlock,blkNum=547,reqIdx=0,hash=820ba68d...,nodeIdx=0,myNode=064cb676...,decodeCost=0,checkCost=0,notifyCost=0,noteSealingCost=0,currentCycle=4,verifyAndSetSenderCost=0,execCost=4,execPerTx=4,totalCost=5
info|2025-10-12 06:31:19.261885|sealerWorker-0x00007f8a98e2d700|[CONSENSUS][PBFT]handlePrepareMsg Succ,timecost=6,INFO=handlePrepareMsg,reqIdx=0,view=14,reqNum=547,curNum=546,consNum=547,curView=14,fromIp=self,hash=f694cf44...,nodeIdx=0,myNode=064cb676...,curChangeCycle=4
info|2025-10-12 06:31:19.261989|sealerWorker-0x00007f8a98e2d700|[CONSENSUS][PBFT]generateLocalPrepare,hash=f694cf44...,H=547,nodeIdx=0,myNode=064cb676...
info|2025-10-12 06:31:19.264891|PBFT-1-0x00007f8a90e1d700|[g:1][CONSENSUS][PBFT]checkReq: Recv future request,prepHash=820ba68d...,INFO=handleSignMsg,num=547,curNum=546,GenIdx=3,Sview=14,view=14,fromIdx=3,fromNode=87d00b98...,fromIp=127.0.0.1:43094,hash=f544e590...,nodeIdx=0,myNode=064cb676...
info|2025-10-12 06:31:19.264952|PBFT-1-0x00007f8a90e1d700|[g:1][CONSENSUS][PBFT]FutureBlock,INFO=handleSignMsg,num=547,curNum=546,GenIdx=3,Sview=14,view=14,fromIdx=3,fromNode=87d00b98...,fromIp=127.0.0.1:43094,hash=f544e590...,nodeIdx=0,myNode=064cb676...
info|2025-10-12 06:31:19.265588|PBFT-1-0x00007f8a90e1d700|[g:1][CONSENSUS][PBFT]checkReq: Recv future request,prepHash=820ba68d...,INFO=handleSignMsg,num=547,curNum=546,GenIdx=2,Sview=14,view=14,fromIdx=2,fromNode=73994dae...,fromIp=127.0.0.1:30300,hash=929a98a2...,nodeIdx=0,myNode=064cb676...
info|2025-10-12 06:31:19.265646|PBFT-1-0x00007f8a90e1d700|[g:1][CONSENSUS][PBFT]FutureBlock,INFO=handleSignMsg,num=547,curNum=546,GenIdx=2,Sview=14,view=14,fromIdx=2,fromNode=73994dae...,fromIp=127.0.0.1:30300,hash=929a98a2...,nodeIdx=0,myNode=064cb676...
info|2025-10-12 06:31:21.984193|io_service-0x00007f8aaae51700|[P2P][Service] heartBeat,connected count=3
info|2025-10-12 06:31:31.984427|io_service-0x00007f8aaae51700|[P2P][Service] heartBeat,connected count=3
info|2025-10-12 06:31:34.446073|PBFT-1-0x00007f8a90e1d700|[g:1][CONSENSUS][SEALER]decrease maxBlockCanSeal to half for PBFT timeout,org_maxBlockCanSeal=250,halfed_maxBlockCanSeal=125,timeoutCount=3,lastTimeoutTx=1
warning|2025-10-12 06:31:34.447998|PBFT-1-0x00007f8a90e1d700|[g:1][CONSENSUS][PBFT]ViewChangeWarning: not caused by omit empty block ,v=14,toV=15,curNum=546,hash=3b578f3e...,nodeIdx=0,myNode=064cb676...
info|2025-10-12 06:31:34.448589|PBFT-1-0x00007f8a90e1d700|[g:1][CONSENSUS][PBFT]checkTimeout Succ,view=14,toView=15,nodeIdx=0,changeCycle=5,myNode=064cb676...,timecost=2
info|2025-10-12 06:31:34.461140|PBFT-1-0x00007f8a90e1d700|[g:1][CONSENSUS][PBFT]checkAndChangeView: Reach consensus,org_view=14,cur_changeCycle=5,curView=14,view=15
info|2025-10-12 06:31:41.985033|io_service-0x00007f8aaae51700|[P2P][Service] heartBeat,connected count=3
info|2025-10-12 06:31:51.985798|io_service-0x00007f8aaae51700|[P2P][Service] heartBeat,connected count=3
warning|2025-10-12 06:31:57.259391|PBFT-1-0x00007f8a90e1d700|[g:1][CONSENSUS][PBFT]ViewChangeWarning: not caused by omit empty block ,v=15,toV=16,curNum=546,hash=3b578f3e...,nodeIdx=0,myNode=064cb676...
info|2025-10-12 06:31:57.262157|PBFT-1-0x00007f8a90e1d700|[g:1][CONSENSUS][PBFT]checkTimeout Succ,view=15,toView=16,nodeIdx=0,changeCycle=6,myNode=064cb676...,timecost=13
info|2025-10-12 06:31:57.267608|PBFT-1-0x00007f8a90e1d700|[g:1][CONSENSUS][PBFT]checkAndChangeView: Reach consensus,org_view=15,cur_changeCycle=6,curView=15,view=16
info|2025-10-12 06:31:57.788753|PBFTWork-1-0x00007f8a9762a700|[g:1][CONSENSUS][PartiallyPBFTReqCache]addPartiallyRawPrepare,height=547,reqIdx=2,hash=75426741...
info|2025-10-12 06:31:57.789251|PBFTWork-1-0x00007f8a9762a700|[g:1][BLOCKVERIFIER][executeBlock]Executing block,txNum=1,num=547,parentHash=3b578f3e13a7244248c997210388c45a489be0571cc5ec22ed68536147e1686f,parentNum=546,parentStateRoot=a2b70930b6ab39560d49113ac6625d7e5ac92e3df8e64aa4e46baf2d4f932766
info|2025-10-12 06:31:57.789551|PBFTWork-1-0x00007f8a9762a700|[g:1][PRECOMPILED]init GasChargeManagePrecompiled
error|2025-10-12 06:31:57.794356|PBFTWork-1-0x00007f8a9762a700|[g:1][PRECOMPILED]SM2EncryptPrecompiled exception:3070022100877194db7fa1ed81ddaaf45c08da9aa884a3ecefe116fc731eb1b9411faac1ef0220474652d378bfef4dcec9a178929336b10b1f182bda457152a9b7e1fdb16aa4d50414ec56ff5ed3b9db3deba82a0b0ff5457156833fd80413c2eed727edd9b3a5173c958478109dec5a463600
error|2025-10-12 06:31:57.794448|PBFTWork-1-0x00007f8a9762a700|[g:1][EXECUTIVECONTEXT]PrecompiledException,address=000000000000000000000000000000000000500d,message:=3070022100877194db7fa1ed81ddaaf45c08da9aa884a3ecefe116fc731eb1b9411faac1ef0220474652d378bfef4dcec9a178929336b10b1f182bda457152a9b7e1fdb16aa4d50414ec56ff5ed3b9db3deba82a0b0ff5457156833fd80413c2eed727edd9b3a5173c958478109dec5a463600
error|2025-10-12 06:31:57.794528|PBFTWork-1-0x00007f8a9762a700|[g:1][EXECUTIVE][TxExeError]Transaction execution error,TransactionExceptionID=22,hash=b4a86d9a509acb2baa1bb3c4788a9387133cd1c6c6ee6cdaaa58366c996a9e93
info|2025-10-12 06:31:57.794819|PBFTWork-1-0x00007f8a9762a700|[g:1][CONSENSUS][PBFT]execBlock,blkNum=547,reqIdx=2,hash=d6d61283...,nodeIdx=0,myNode=064cb676...,decodeCost=0,checkCost=1,notifyCost=0,noteSealingCost=0,currentCycle=6,verifyAndSetSenderCost=0,execCost=5,execPerTx=5,totalCost=6
info|2025-10-12 06:31:57.801519|PBFTWork-1-0x00007f8a9762a700|[g:1][CONSENSUS][PBFT]handlePrepareMsg Succ,timecost=6,INFO=handlePartiallyPrepare,reqIdx=2,view=16,reqNum=547,curNum=546,consNum=547,hash=75426741...,nodeIdx=0,myNode=064cb676...,curChangeCycle=6
info|2025-10-12 06:31:57.801633|PBFT-1-0x00007f8a90e1d700|[g:1][CONSENSUS][PBFT]checkReq: Recv future request,prepHash=d6d61283...,INFO=handleSignMsg,num=547,curNum=546,GenIdx=2,Sview=16,view=16,fromIdx=2,fromNode=73994dae...,fromIp=127.0.0.1:30300,hash=689aa15f...,nodeIdx=0,myNode=064cb676...
info|2025-10-12 06:31:57.801687|PBFT-1-0x00007f8a90e1d700|[g:1][CONSENSUS][PBFT]FutureBlock,INFO=handleSignMsg,num=547,curNum=546,GenIdx=2,Sview=16,view=16,fromIdx=2,fromNode=73994dae...,fromIp=127.0.0.1:30300,hash=689aa15f...,nodeIdx=0,myNode=064cb676...
info|2025-10-12 06:31:57.801739|PBFT-1-0x00007f8a90e1d700|[g:1][CONSENSUS][PBFT]checkReq: Recv future request,prepHash=d6d61283...,INFO=handleSignMsg,num=547,curNum=546,GenIdx=3,Sview=16,view=16,fromIdx=3,fromNode=87d00b98...,fromIp=127.0.0.1:43094,hash=c0dd9c8b...,nodeIdx=0,myNode=064cb676...
info|2025-10-12 06:31:57.801785|PBFT-1-0x00007f8a90e1d700|[g:1][CONSENSUS][PBFT]FutureBlock,INFO=handleSignMsg,num=547,curNum=546,GenIdx=3,Sview=16,view=16,fromIdx=3,fromNode=87d00b98...,fromIp=127.0.0.1:43094,hash=c0dd9c8b...,nodeIdx=0,myNode=064cb676...
info|2025-10-12 06:31:59.534302|fisco-bcos-0x00007f8aadbcadc0|[LEDGER]stop sealer,groupID=1
info|2025-10-12 06:31:59.534356|fisco-bcos-0x00007f8aadbcadc0|[CONSENSUS][SEALER]Stop sealer module...
info|2025-10-12 06:31:59.539069|fisco-bcos-0x00007f8aadbcadc0|[CONSENSUS][ConsensusEngine][Stop ConsensusEngineBase]
info|2025-10-12 06:31:59.540521|fisco-bcos-0x00007f8aadbcadc0|[CONSENSUS][ConsensusEngine]ConsensusEngineBase stopped
info|2025-10-12 06:31:59.540557|fisco-bcos-0x00007f8aadbcadc0|[LEDGER]sealer stopped. stop sync,groupID=1
info|2025-10-12 06:31:59.541481|fisco-bcos-0x00007f8aadbcadc0|[g:1] [SYNC][id:064cb676...]SyncMsgEngine stopped
info|2025-10-12 06:31:59.586089|fisco-bcos-0x00007f8aadbcadc0|[GossipBlockStatus]stop GossipBlockStatus succ
info|2025-10-12 06:32:00.604568|fisco-bcos-0x00007f8aadbcadc0|[SYNC][id:064cb676...][g:1]SyncMaster stopped
info|2025-10-12 06:32:00.604633|fisco-bcos-0x00007f8aadbcadc0|[LEDGER]sync stopped. stop event filter manager,groupID=1
info|2025-10-12 06:32:00.611191|fisco-bcos-0x00007f8aadbcadc0|[EVENT][EventLogFilterManager]stop
info|2025-10-12 06:32:00.611261|fisco-bcos-0x00007f8aadbcadc0|[LEDGER]event filter manager stopped. stop tx pool,groupID=1
info|2025-10-12 06:32:00.611979|fisco-bcos-0x00007f8aadbcadc0|[LEDGER]removeNetworkStatHandlerByGroupID and removeGroupBandwidthLimiter for service,groupID=1
info|2025-10-12 06:32:00.612032|fisco-bcos-0x00007f8aadbcadc0|[CHANNEL]removeSDKAllowListByGroupId,groupId=1
info|2025-10-12 06:32:00.612044|fisco-bcos-0x00007f8aadbcadc0|[INITIALIZER]ledgerInitializer stopped
info|2025-10-12 06:32:00.809461|io_service-0x00007f8aaae51700|[NETWORK][Session]doRead failed,endpoint=127.0.0.1:30300,message=short read (SSL routines, SSL routines)
info|2025-10-12 06:32:00.809554|io_service-0x00007f8aaae51700|[NETWORK][Session]drop, call and erase all callbackFunc of the session!,endpoint=127.0.0.1:30300
info|2025-10-12 06:32:00.809608|io_service-0x00007f8aaae51700|[NETWORK][Session][drop] closing remote 127.0.0.1:30300,reason=Low-level TCP communication failed.,endpoint=127.0.0.1:30300
info|2025-10-12 06:32:00.809825|io_service-0x00007f8aaae51700|[NETWORK][Session]Session inactive
info|2025-10-12 06:32:00.809844|io_service-0x00007f8aaae51700|[NETWORK][Session]Session inactive
info|2025-10-12 06:32:00.809859|io_service-0x00007f8aaae51700|[NETWORK][Session][drop] shutdown failed ,code=9,message=Bad file descriptor
info|2025-10-12 06:32:00.810899|P2P-0x00007f8aab652700|[P2P][Service] disconnect inactive P2PSession,nodeID=73994dae...,endpoint=127.0.0.1:30300,code=3,what=Disconnect
info|2025-10-12 06:32:00.810939|P2P-0x00007f8aab652700|[P2P][Service] onDisconnect,code=3,what=Dynamic exception type: dev::network::NetworkException
std::exception::what: Disconnect
info|2025-10-12 06:32:00.816461|io_service-0x00007f8aaae51700|[NETWORK][Session]doRead failed,endpoint=127.0.0.1:43094,message=short read (SSL routines, SSL routines)
info|2025-10-12 06:32:00.816563|io_service-0x00007f8aaae51700|[NETWORK][Session]drop, call and erase all callbackFunc of the session!,endpoint=127.0.0.1:43094
info|2025-10-12 06:32:00.816618|io_service-0x00007f8aaae51700|[NETWORK][Session][drop] closing remote 127.0.0.1:43094,reason=Low-level TCP communication failed.,endpoint=127.0.0.1:43094
info|2025-10-12 06:32:00.816700|P2P-0x00007f8aabe53700|[P2P][Service] disconnect inactive P2PSession,nodeID=87d00b98...,endpoint=127.0.0.1:43094,code=3,what=Disconnect
info|2025-10-12 06:32:00.816735|P2P-0x00007f8aabe53700|[P2P][Service] onDisconnect,code=3,what=Dynamic exception type: dev::network::NetworkException
std::exception::what: Disconnect
info|2025-10-12 06:32:00.816822|io_service-0x00007f8aaae51700|[NETWORK][Session][drop] shutdown failed ,code=9,message=Bad file descriptor
info|2025-10-12 06:32:01.613372|fisco-bcos-0x00007f8aadbcadc0|[INITIALIZER]ChannelRPCHttpServer deleted.
info|2025-10-12 06:32:01.613951|fisco-bcos-0x00007f8aadbcadc0|[INITIALIZER]JsonrpcHttpServer deleted.
info|2025-10-12 06:32:01.614069|fisco-bcos-0x00007f8aadbcadc0|[INITIALIZER]RPCInitializer stopped
info|2025-10-12 06:32:01.614132|io_service-0x00007f8aaae51700|[NETWORK][Host]Host exit
info|2025-10-12 06:32:01.615242|fisco-bcos-0x00007f8aadbcadc0|[INITIALIZER]P2PInitializer stopped
info|2025-10-12 06:32:01.615274|fisco-bcos-0x00007f8aadbcadc0|[LEDGER]stop sealer,groupID=1
info|2025-10-12 06:32:01.615283|fisco-bcos-0x00007f8aadbcadc0|[LEDGER]sealer stopped. stop sync,groupID=1
info|2025-10-12 06:32:01.615296|fisco-bcos-0x00007f8aadbcadc0|[g:1] [SYNC][id:064cb676...]SyncMsgEngine stopped
info|2025-10-12 06:32:01.615310|fisco-bcos-0x00007f8aadbcadc0|[GossipBlockStatus]GossipBlockStatus already stopped
info|2025-10-12 06:32:01.615315|fisco-bcos-0x00007f8aadbcadc0|[SYNC][id:064cb676...][g:1]SyncMaster stopped
info|2025-10-12 06:32:01.615321|fisco-bcos-0x00007f8aadbcadc0|[LEDGER]sync stopped. stop event filter manager,groupID=1
info|2025-10-12 06:32:01.615326|fisco-bcos-0x00007f8aadbcadc0|[LEDGER]event filter manager stopped. stop tx pool,groupID=1
info|2025-10-12 06:32:01.615335|fisco-bcos-0x00007f8aadbcadc0|[LEDGER]removeNetworkStatHandlerByGroupID and removeGroupBandwidthLimiter for service,groupID=1
info|2025-10-12 06:32:01.615350|fisco-bcos-0x00007f8aadbcadc0|[g:1][STORAGE][CachedStorage]Stopping flushStorage thread
info|2025-10-12 06:32:02.226722|fisco-bcos-0x00007f8aadbcadc0|[g:1][STORAGE][CachedStorage]flushStorage thread stopped.
info|2025-10-12 06:32:02.226766|fisco-bcos-0x00007f8aadbcadc0|[DBINITIALIZER] storage stopped
info|2025-10-12 06:32:02.248310|fisco-bcos-0x00007f8aadbcadc0|[g:1] [SYNC][id:064cb676...]SyncMsgEngine stopped
info|2025-10-12 06:32:02.248864|fisco-bcos-0x00007f8aadbcadc0|[GossipBlockStatus]GossipBlockStatus already stopped
info|2025-10-12 06:32:02.248921|fisco-bcos-0x00007f8aadbcadc0|[SYNC][id:064cb676...][g:1]SyncMaster stopped
info|2025-10-12 06:32:02.249539|fisco-bcos-0x00007f8aadbcadc0|[g:1] [SYNC][id:064cb676...]SyncMsgEngine stopped
