info|2025-10-11 02:15:27.191279|io_service-0x00007fb350837700|[P2P][Service] heartBeat,connected count=3
warning|2025-10-11 02:15:27.367373|PBFT-1-0x00007fb336803700|[g:1][CONSENSUS][PBFT]ViewChangeWarning: not caused by omit empty block ,v=84,toV=85,curNum=425,hash=cf3aa9e5...,nodeIdx=0,myNode=064cb676...
info|2025-10-11 02:15:27.368582|PBFT-1-0x00007fb336803700|[g:1][CONSENSUS][PBFT]checkTimeout Succ,view=84,toView=85,nodeIdx=0,changeCycle=2,myNode=064cb676...,timecost=3
info|2025-10-11 02:15:27.375755|PBFT-1-0x00007fb336803700|[g:1][CONSENSUS][PBFT]checkAndChangeView: Reach consensus,org_view=84,cur_changeCycle=2,curView=84,view=85
info|2025-10-11 02:15:28.376373|PBFT-1-0x00007fb336803700|[g:1][CONSENSUS]addRawPrepare,height=426,reqIdx=2,hash=382fe6a9...,time=0
info|2025-10-11 02:15:28.379313|PBFT-1-0x00007fb336803700|[g:1][CONSENSUS][PBFT]checkTimeout Succ,view=85,toView=86,nodeIdx=0,changeCycle=1,myNode=064cb676...,timecost=3
info|2025-10-11 02:15:28.388061|PBFT-1-0x00007fb336803700|[g:1][CONSENSUS][PBFT]checkAndChangeView: Reach consensus,org_view=85,cur_changeCycle=1,curView=85,view=86
info|2025-10-11 02:15:29.054982|P2P-0x00007fb35203a700|[g:1] [SYNC][id:064cb676...][Download][Request]Receive block request,peer=374bdfe9...,from=184,to=184
info|2025-10-11 02:15:29.055563|SyncSend-1-0x00007fb34301c700|[g:1][SYNC][id:064cb676...][Download][Request][BlockSync]Batch blocks for sending,blockSize=24480,number=184,peer=374bdfe9...,timeCost=0
info|2025-10-11 02:15:29.055647|SyncSend-1-0x00007fb34301c700|[g:1][g:1] [SYNC][id:374bdfe9...][Download][Request][BlockSync]Send block packet,peer=374bdfe9...,blocks=1,bytes(V)=24487
info|2025-10-11 02:15:29.393257|PBFT-1-0x00007fb336803700|[g:1][CONSENSUS]addRawPrepare,height=426,reqIdx=3,hash=518a98c5...,time=0
info|2025-10-11 02:15:29.394936|PBFT-1-0x00007fb336803700|[g:1][CONSENSUS][PBFT]checkTimeout Succ,view=86,toView=87,nodeIdx=0,changeCycle=1,myNode=064cb676...,timecost=1
info|2025-10-11 02:15:29.397574|PBFT-1-0x00007fb336803700|[g:1][CONSENSUS][PBFT]checkAndChangeView: Reach consensus,org_view=86,cur_changeCycle=1,curView=86,view=87
info|2025-10-11 02:15:30.399355|PBFTSeal-1-0x00007fb32eff4700|[g:1][CONSENSUS][SEALER]++++++++++++++++ Generating seal on,blkNum=426,tx=0,nodeIdx=0,hash=7665d35a...
info|2025-10-11 02:15:30.402977|PBFT-1-0x00007fb336803700|[g:1][CONSENSUS][PBFT]checkTimeout Succ,view=87,toView=88,nodeIdx=0,changeCycle=1,myNode=064cb676...,timecost=2
info|2025-10-11 02:15:30.409465|PBFT-1-0x00007fb336803700|[g:1][CONSENSUS][PBFT]checkAndChangeView: Reach consensus,org_view=87,cur_changeCycle=1,curView=87,view=88
warning|2025-10-11 02:15:34.916552|PBFT-1-0x00007fb336803700|[g:1][CONSENSUS][PBFT]ViewChangeWarning: not caused by omit empty block ,v=88,toV=89,curNum=425,hash=cf3aa9e5...,nodeIdx=0,myNode=064cb676...
info|2025-10-11 02:15:34.916715|PBFT-1-0x00007fb336803700|[g:1][CONSENSUS][PBFT]checkTimeout Succ,view=88,toView=89,nodeIdx=0,changeCycle=2,myNode=064cb676...,timecost=2
info|2025-10-11 02:15:34.920489|PBFT-1-0x00007fb336803700|[g:1][CONSENSUS][PBFT]checkAndChangeView: Reach consensus,org_view=88,cur_changeCycle=2,curView=88,view=89
info|2025-10-11 02:15:35.926119|PBFT-1-0x00007fb336803700|[g:1][CONSENSUS]addRawPrepare,height=426,reqIdx=2,hash=63f9846a...,time=0
info|2025-10-11 02:15:35.927518|PBFT-1-0x00007fb336803700|[g:1][CONSENSUS][PBFT]checkTimeout Succ,view=89,toView=90,nodeIdx=0,changeCycle=1,myNode=064cb676...,timecost=1
info|2025-10-11 02:15:35.935234|PBFT-1-0x00007fb336803700|[g:1][CONSENSUS][PBFT]checkAndChangeView: Reach consensus,org_view=89,cur_changeCycle=1,curView=89,view=90
info|2025-10-11 02:15:36.940277|PBFT-1-0x00007fb336803700|[g:1][CONSENSUS]addRawPrepare,height=426,reqIdx=3,hash=5b429b11...,time=0
info|2025-10-11 02:15:36.942485|PBFT-1-0x00007fb336803700|[g:1][CONSENSUS][PBFT]checkTimeout Succ,view=90,toView=91,nodeIdx=0,changeCycle=1,myNode=064cb676...,timecost=2
info|2025-10-11 02:15:36.950200|PBFT-1-0x00007fb336803700|[g:1][CONSENSUS][PBFT]checkAndChangeView: Reach consensus,org_view=90,cur_changeCycle=1,curView=90,view=91
info|2025-10-11 02:15:37.191744|io_service-0x00007fb350837700|[P2P][Service] heartBeat,connected count=3
info|2025-10-11 02:15:37.950724|PBFTSeal-1-0x00007fb32eff4700|[g:1][CONSENSUS][SEALER]++++++++++++++++ Generating seal on,blkNum=426,tx=0,nodeIdx=0,hash=c82abce3...
info|2025-10-11 02:15:37.961482|PBFT-1-0x00007fb336803700|[g:1][CONSENSUS][PBFT]checkTimeout Succ,view=91,toView=92,nodeIdx=0,changeCycle=1,myNode=064cb676...,timecost=2
info|2025-10-11 02:15:37.966985|PBFT-1-0x00007fb336803700|[g:1][CONSENSUS][PBFT]checkAndChangeView: Reach consensus,org_view=91,cur_changeCycle=1,curView=91,view=92
warning|2025-10-11 02:15:42.470513|PBFT-1-0x00007fb336803700|[g:1][CONSENSUS][PBFT]ViewChangeWarning: not caused by omit empty block ,v=92,toV=93,curNum=425,hash=cf3aa9e5...,nodeIdx=0,myNode=064cb676...
info|2025-10-11 02:15:42.471524|PBFT-1-0x00007fb336803700|[g:1][CONSENSUS][PBFT]checkTimeout Succ,view=92,toView=93,nodeIdx=0,changeCycle=2,myNode=064cb676...,timecost=3
info|2025-10-11 02:15:42.480865|PBFT-1-0x00007fb336803700|[g:1][CONSENSUS][PBFT]checkAndChangeView: Reach consensus,org_view=92,cur_changeCycle=2,curView=92,view=93
info|2025-10-11 02:15:43.488784|PBFT-1-0x00007fb336803700|[g:1][CONSENSUS]addRawPrepare,height=426,reqIdx=2,hash=5e02bdd8...,time=0
info|2025-10-11 02:15:43.491206|PBFT-1-0x00007fb336803700|[g:1][CONSENSUS][PBFT]checkTimeout Succ,view=93,toView=94,nodeIdx=0,changeCycle=1,myNode=064cb676...,timecost=3
info|2025-10-11 02:15:43.496442|PBFT-1-0x00007fb336803700|[g:1][CONSENSUS][PBFT]checkAndChangeView: Reach consensus,org_view=93,cur_changeCycle=1,curView=93,view=94
info|2025-10-11 02:15:44.498169|PBFT-1-0x00007fb336803700|[g:1][CONSENSUS]addRawPrepare,height=426,reqIdx=3,hash=159b1a0b...,time=0
info|2025-10-11 02:15:44.502812|PBFT-1-0x00007fb336803700|[g:1][CONSENSUS][PBFT]checkTimeout Succ,view=94,toView=95,nodeIdx=0,changeCycle=1,myNode=064cb676...,timecost=4
info|2025-10-11 02:15:44.506281|PBFT-1-0x00007fb336803700|[g:1][CONSENSUS][PBFT]checkAndChangeView: Reach consensus,org_view=94,cur_changeCycle=1,curView=94,view=95
info|2025-10-11 02:15:45.508522|PBFTSeal-1-0x00007fb32eff4700|[g:1][CONSENSUS][SEALER]++++++++++++++++ Generating seal on,blkNum=426,tx=0,nodeIdx=0,hash=90f04db1...
info|2025-10-11 02:15:45.515425|PBFT-1-0x00007fb336803700|[g:1][CONSENSUS][PBFT]checkTimeout Succ,view=95,toView=96,nodeIdx=0,changeCycle=1,myNode=064cb676...,timecost=1
info|2025-10-11 02:15:45.519453|PBFT-1-0x00007fb336803700|[g:1][CONSENSUS][PBFT]checkAndChangeView: Reach consensus,org_view=95,cur_changeCycle=1,curView=95,view=96
info|2025-10-11 02:15:47.192347|io_service-0x00007fb350837700|[P2P][Service] heartBeat,connected count=3
info|2025-10-11 02:15:48.271462|P2P-0x00007fb351038700|[g:1] [SYNC][id:064cb676...][Download][Request]Receive block request,peer=374bdfe9...,from=184,to=184
info|2025-10-11 02:15:48.272500|SyncSend-1-0x00007fb34301c700|[g:1][SYNC][id:064cb676...][Download][Request][BlockSync]Batch blocks for sending,blockSize=24480,number=184,peer=374bdfe9...,timeCost=0
info|2025-10-11 02:15:48.272679|SyncSend-1-0x00007fb34301c700|[g:1][g:1] [SYNC][id:374bdfe9...][Download][Request][BlockSync]Send block packet,peer=374bdfe9...,blocks=1,bytes(V)=24487
warning|2025-10-11 02:15:50.022705|PBFT-1-0x00007fb336803700|[g:1][CONSENSUS][PBFT]ViewChangeWarning: not caused by omit empty block ,v=96,toV=97,curNum=425,hash=cf3aa9e5...,nodeIdx=0,myNode=064cb676...
info|2025-10-11 02:15:50.026215|PBFT-1-0x00007fb336803700|[g:1][CONSENSUS][PBFT]checkTimeout Succ,view=96,toView=97,nodeIdx=0,changeCycle=2,myNode=064cb676...,timecost=6
info|2025-10-11 02:15:50.030697|PBFT-1-0x00007fb336803700|[g:1][CONSENSUS][PBFT]checkAndChangeView: Reach consensus,org_view=96,cur_changeCycle=2,curView=96,view=97
info|2025-10-11 02:15:51.034515|PBFT-1-0x00007fb336803700|[g:1][CONSENSUS]addRawPrepare,height=426,reqIdx=2,hash=e07cbd03...,time=0
info|2025-10-11 02:15:51.036381|PBFT-1-0x00007fb336803700|[g:1][CONSENSUS][PBFT]checkTimeout Succ,view=97,toView=98,nodeIdx=0,changeCycle=1,myNode=064cb676...,timecost=2
info|2025-10-11 02:15:51.045817|PBFT-1-0x00007fb336803700|[g:1][CONSENSUS][PBFT]checkAndChangeView: Reach consensus,org_view=97,cur_changeCycle=1,curView=97,view=98
info|2025-10-11 02:15:52.056526|PBFT-1-0x00007fb336803700|[g:1][CONSENSUS]addRawPrepare,height=426,reqIdx=3,hash=bc8d029d...,time=0
info|2025-10-11 02:15:52.060493|PBFT-1-0x00007fb336803700|[g:1][CONSENSUS][PBFT]checkTimeout Succ,view=98,toView=99,nodeIdx=0,changeCycle=1,myNode=064cb676...,timecost=4
info|2025-10-11 02:15:52.063200|PBFT-1-0x00007fb336803700|[g:1][CONSENSUS][PBFT]checkAndChangeView: Reach consensus,org_view=98,cur_changeCycle=1,curView=98,view=99
info|2025-10-11 02:15:53.064509|PBFTSeal-1-0x00007fb32eff4700|[g:1][CONSENSUS][SEALER]++++++++++++++++ Generating seal on,blkNum=426,tx=0,nodeIdx=0,hash=e28d5bc4...
info|2025-10-11 02:15:53.069657|PBFT-1-0x00007fb336803700|[g:1][CONSENSUS][PBFT]checkTimeout Succ,view=99,toView=100,nodeIdx=0,changeCycle=1,myNode=064cb676...,timecost=3
info|2025-10-11 02:15:53.077853|PBFT-1-0x00007fb336803700|[g:1][CONSENSUS][PBFT]checkAndChangeView: Reach consensus,org_view=99,cur_changeCycle=1,curView=99,view=100
info|2025-10-11 02:15:54.409097|fisco-bcos-0x00007fb3535b0dc0|[LEDGER]stop sealer,groupID=1
info|2025-10-11 02:15:54.409118|fisco-bcos-0x00007fb3535b0dc0|[CONSENSUS][SEALER]Stop sealer module...
info|2025-10-11 02:15:54.417856|fisco-bcos-0x00007fb3535b0dc0|[CONSENSUS][ConsensusEngine][Stop ConsensusEngineBase]
info|2025-10-11 02:15:54.420414|fisco-bcos-0x00007fb3535b0dc0|[CONSENSUS][ConsensusEngine]ConsensusEngineBase stopped
info|2025-10-11 02:15:54.420471|fisco-bcos-0x00007fb3535b0dc0|[LEDGER]sealer stopped. stop sync,groupID=1
info|2025-10-11 02:15:54.421287|fisco-bcos-0x00007fb3535b0dc0|[g:1] [SYNC][id:064cb676...]SyncMsgEngine stopped
info|2025-10-11 02:15:54.492750|fisco-bcos-0x00007fb3535b0dc0|[GossipBlockStatus]stop GossipBlockStatus succ
info|2025-10-11 02:15:54.883984|fisco-bcos-0x00007fb3535b0dc0|[SYNC][id:064cb676...][g:1]SyncMaster stopped
info|2025-10-11 02:15:54.884035|fisco-bcos-0x00007fb3535b0dc0|[LEDGER]sync stopped. stop event filter manager,groupID=1
info|2025-10-11 02:15:54.905774|fisco-bcos-0x00007fb3535b0dc0|[EVENT][EventLogFilterManager]stop
info|2025-10-11 02:15:54.905826|fisco-bcos-0x00007fb3535b0dc0|[LEDGER]event filter manager stopped. stop tx pool,groupID=1
info|2025-10-11 02:15:54.906301|fisco-bcos-0x00007fb3535b0dc0|[LEDGER]removeNetworkStatHandlerByGroupID and removeGroupBandwidthLimiter for service,groupID=1
info|2025-10-11 02:15:54.906334|fisco-bcos-0x00007fb3535b0dc0|[CHANNEL]removeSDKAllowListByGroupId,groupId=1
info|2025-10-11 02:15:54.906342|fisco-bcos-0x00007fb3535b0dc0|[INITIALIZER]ledgerInitializer stopped
info|2025-10-11 02:15:55.907342|fisco-bcos-0x00007fb3535b0dc0|[INITIALIZER]ChannelRPCHttpServer deleted.
info|2025-10-11 02:15:55.908546|fisco-bcos-0x00007fb3535b0dc0|[INITIALIZER]JsonrpcHttpServer deleted.
info|2025-10-11 02:15:55.908586|fisco-bcos-0x00007fb3535b0dc0|[INITIALIZER]RPCInitializer stopped
info|2025-10-11 02:15:55.908787|io_service-0x00007fb350837700|[NETWORK][Host]Host exit
info|2025-10-11 02:15:55.912059|fisco-bcos-0x00007fb3535b0dc0|[INITIALIZER]P2PInitializer stopped
info|2025-10-11 02:15:55.912082|fisco-bcos-0x00007fb3535b0dc0|[LEDGER]stop sealer,groupID=1
info|2025-10-11 02:15:55.912110|fisco-bcos-0x00007fb3535b0dc0|[LEDGER]sealer stopped. stop sync,groupID=1
info|2025-10-11 02:15:55.912122|fisco-bcos-0x00007fb3535b0dc0|[g:1] [SYNC][id:064cb676...]SyncMsgEngine stopped
info|2025-10-11 02:15:55.912168|fisco-bcos-0x00007fb3535b0dc0|[GossipBlockStatus]GossipBlockStatus already stopped
info|2025-10-11 02:15:55.912173|fisco-bcos-0x00007fb3535b0dc0|[SYNC][id:064cb676...][g:1]SyncMaster stopped
info|2025-10-11 02:15:55.912180|fisco-bcos-0x00007fb3535b0dc0|[LEDGER]sync stopped. stop event filter manager,groupID=1
info|2025-10-11 02:15:55.912184|fisco-bcos-0x00007fb3535b0dc0|[LEDGER]event filter manager stopped. stop tx pool,groupID=1
info|2025-10-11 02:15:55.912191|fisco-bcos-0x00007fb3535b0dc0|[LEDGER]removeNetworkStatHandlerByGroupID and removeGroupBandwidthLimiter for service,groupID=1
info|2025-10-11 02:15:55.912203|fisco-bcos-0x00007fb3535b0dc0|[g:1][STORAGE][CachedStorage]Stopping flushStorage thread
info|2025-10-11 02:15:56.819877|fisco-bcos-0x00007fb3535b0dc0|[g:1][STORAGE][CachedStorage]flushStorage thread stopped.
info|2025-10-11 02:15:56.820143|fisco-bcos-0x00007fb3535b0dc0|[DBINITIALIZER] storage stopped
info|2025-10-11 02:15:56.842817|fisco-bcos-0x00007fb3535b0dc0|[g:1] [SYNC][id:064cb676...]SyncMsgEngine stopped
info|2025-10-11 02:15:56.842847|fisco-bcos-0x00007fb3535b0dc0|[GossipBlockStatus]GossipBlockStatus already stopped
info|2025-10-11 02:15:56.842852|fisco-bcos-0x00007fb3535b0dc0|[SYNC][id:064cb676...][g:1]SyncMaster stopped
info|2025-10-11 02:15:56.842870|fisco-bcos-0x00007fb3535b0dc0|[g:1] [SYNC][id:064cb676...]SyncMsgEngine stopped
