info|2025-10-11 09:00:00.176735|Sync-1-0x00007f99526df700|[g:1][SYNC][id:064cb676...]print sync info,peersCount=3,infoJson={"blockNumber":472,"genesisHash":"f0d3e67991e2c3d83533c031601c30c4741aba35d7d8017900779abe4ae22efe","isSyncing":false,"knownHighestNumber":472,"knownLatestHash":"5f36275cbdc7574abba3a618830e3fb2cc1c0930313194ddfa8a689deb54f2f5","latestHash":"5f36275cbdc7574abba3a618830e3fb2cc1c0930313194ddfa8a689deb54f2f5","nodeId":"064cb676a36047a4b52ecbf9c01664b1e987d91b438110ba6a12d96972726622e824d295b1de8b0298b5afe7bbbc0bd04a3890e1a36eae028c1cfbe07971b995","peers":[{"blockNumber":183,"genesisHash":"f0d3e67991e2c3d83533c031601c30c4741aba35d7d8017900779abe4ae22efe","latestHash":"84b9e5d996bf7a5eb7a7af1e23a8308230a576a20d5c81a92b78a013e510177d","nodeId":"374bdfe969e1d8ea1200ade93e5d8cf1a7d5741f238011004b0f43ca818706f194b2f067e1708125f7ffc536610b9a72addbd56b238d65f18912be39037ffcc5"},{"blockNumber":472,"genesisHash":"f0d3e67991e2c3d83533c031601c30c4741aba35d7d8017900779abe4ae22efe","latestHash":"5f36275cbdc7574abba3a618830e3fb2cc1c0930313194ddfa8a689deb54f2f5","nodeId":"73994dae9e8b8da733108a4153dfe79151d701dff425f84c87b5324e8ebd02ab6a0ebc9e4f1e0298a7ddca50f94a8f95c62b6997226d571e470e8f2b0600634a"},{"blockNumber":472,"genesisHash":"f0d3e67991e2c3d83533c031601c30c4741aba35d7d8017900779abe4ae22efe","latestHash":"5f36275cbdc7574abba3a618830e3fb2cc1c0930313194ddfa8a689deb54f2f5","nodeId":"87d00b98321fc70a5abc85ad9e80db10cce315194133697bf74aace1d3f8430957a766240f751752708f4282f46110d6ea56c3eb5d1c02ce98a66f327f595270"}],"protocolId":65545,"txPoolSize":"0"}
warning|2025-10-11 09:00:01.066166|PBFT-1-0x00007f9950edc700|[g:1][CONSENSUS][PBFT]ViewChangeWarning: not caused by omit empty block ,v=2073,toV=2074,curNum=472,hash=5f36275c...,nodeIdx=0,myNode=064cb676...
info|2025-10-11 09:00:01.066372|PBFT-1-0x00007f9950edc700|[g:1][CONSENSUS][PBFT]checkTimeout Succ,view=2073,toView=2074,nodeIdx=0,changeCycle=2,myNode=064cb676...,timecost=2
info|2025-10-11 09:00:01.077290|PBFT-1-0x00007f9950edc700|[g:1][CONSENSUS][PBFT]checkAndChangeView: Reach consensus,org_view=2073,cur_changeCycle=2,curView=2073,view=2074
info|2025-10-11 09:00:01.275074|io_service-0x00007f996af10700|[P2P][Service] heartBeat,connected count=3
info|2025-10-11 09:00:02.084600|PBFT-1-0x00007f9950edc700|[g:1][CONSENSUS]addRawPrepare,height=473,reqIdx=2,hash=61d3bdc3...,time=0
info|2025-10-11 09:00:02.089250|PBFT-1-0x00007f9950edc700|[g:1][CONSENSUS][PBFT]checkTimeout Succ,view=2074,toView=2075,nodeIdx=0,changeCycle=1,myNode=064cb676...,timecost=5
info|2025-10-11 09:00:02.094543|PBFT-1-0x00007f9950edc700|[g:1][CONSENSUS][PBFT]checkAndChangeView: Reach consensus,org_view=2074,cur_changeCycle=1,curView=2074,view=2075
info|2025-10-11 09:00:03.101074|PBFT-1-0x00007f9950edc700|[g:1][CONSENSUS]addRawPrepare,height=473,reqIdx=3,hash=eed9d748...,time=0
info|2025-10-11 09:00:03.104980|PBFT-1-0x00007f9950edc700|[g:1][CONSENSUS][PBFT]checkTimeout Succ,view=2075,toView=2076,nodeIdx=0,changeCycle=1,myNode=064cb676...,timecost=4
info|2025-10-11 09:00:03.120206|PBFT-1-0x00007f9950edc700|[g:1][CONSENSUS][PBFT]checkAndChangeView: Reach consensus,org_view=2075,cur_changeCycle=1,curView=2075,view=2076
info|2025-10-11 09:00:04.121181|PBFTSeal-1-0x00007f99496cd700|[g:1][CONSENSUS][SEALER]++++++++++++++++ Generating seal on,blkNum=473,tx=0,nodeIdx=0,hash=3a29ea94...
info|2025-10-11 09:00:04.126831|PBFT-1-0x00007f9950edc700|[g:1][CONSENSUS][PBFT]checkTimeout Succ,view=2076,toView=2077,nodeIdx=0,changeCycle=1,myNode=064cb676...,timecost=2
info|2025-10-11 09:00:04.141636|PBFT-1-0x00007f9950edc700|[g:1][CONSENSUS][PBFT]checkAndChangeView: Reach consensus,org_view=2076,cur_changeCycle=1,curView=2076,view=2077
warning|2025-10-11 09:00:08.646191|PBFT-1-0x00007f9950edc700|[g:1][CONSENSUS][PBFT]ViewChangeWarning: not caused by omit empty block ,v=2077,toV=2078,curNum=472,hash=5f36275c...,nodeIdx=0,myNode=064cb676...
info|2025-10-11 09:00:08.647100|PBFT-1-0x00007f9950edc700|[g:1][CONSENSUS][PBFT]checkTimeout Succ,view=2077,toView=2078,nodeIdx=0,changeCycle=2,myNode=064cb676...,timecost=3
info|2025-10-11 09:00:08.653628|PBFT-1-0x00007f9950edc700|[g:1][CONSENSUS][PBFT]checkAndChangeView: Reach consensus,org_view=2077,cur_changeCycle=2,curView=2077,view=2078
info|2025-10-11 09:00:09.662100|PBFT-1-0x00007f9950edc700|[g:1][CONSENSUS]addRawPrepare,height=473,reqIdx=2,hash=45ecb272...,time=0
info|2025-10-11 09:00:09.665271|PBFT-1-0x00007f9950edc700|[g:1][CONSENSUS][PBFT]checkTimeout Succ,view=2078,toView=2079,nodeIdx=0,changeCycle=1,myNode=064cb676...,timecost=5
info|2025-10-11 09:00:09.671315|PBFT-1-0x00007f9950edc700|[g:1][CONSENSUS][PBFT]checkAndChangeView: Reach consensus,org_view=2078,cur_changeCycle=1,curView=2078,view=2079
info|2025-10-11 09:00:10.673525|PBFT-1-0x00007f9950edc700|[g:1][CONSENSUS]addRawPrepare,height=473,reqIdx=3,hash=f4c699ff...,time=0
info|2025-10-11 09:00:10.680907|PBFT-1-0x00007f9950edc700|[g:1][CONSENSUS][PBFT]checkTimeout Succ,view=2079,toView=2080,nodeIdx=0,changeCycle=1,myNode=064cb676...,timecost=4
info|2025-10-11 09:00:10.685036|PBFT-1-0x00007f9950edc700|[g:1][CONSENSUS][PBFT]checkAndChangeView: Reach consensus,org_view=2079,cur_changeCycle=1,curView=2079,view=2080
info|2025-10-11 09:00:11.275916|io_service-0x00007f996af10700|[P2P][Service] heartBeat,connected count=3
info|2025-10-11 09:00:11.687274|PBFTSeal-1-0x00007f99496cd700|[g:1][CONSENSUS][SEALER]++++++++++++++++ Generating seal on,blkNum=473,tx=0,nodeIdx=0,hash=bb4c1716...
info|2025-10-11 09:00:11.696866|PBFT-1-0x00007f9950edc700|[g:1][CONSENSUS][PBFT]checkTimeout Succ,view=2080,toView=2081,nodeIdx=0,changeCycle=1,myNode=064cb676...,timecost=1
info|2025-10-11 09:00:11.702655|PBFT-1-0x00007f9950edc700|[g:1][CONSENSUS][PBFT]checkAndChangeView: Reach consensus,org_view=2080,cur_changeCycle=1,curView=2080,view=2081
info|2025-10-11 09:00:11.740785|P2P-0x00007f996cf14700|[g:1] [SYNC][id:064cb676...][Download][Request]Receive block request,peer=374bdfe9...,from=184,to=184
info|2025-10-11 09:00:11.741648|SyncSend-1-0x00007f995d6f5700|[g:1][SYNC][id:064cb676...][Download][Request][BlockSync]Batch blocks for sending,blockSize=24480,number=184,peer=374bdfe9...,timeCost=0
info|2025-10-11 09:00:11.741782|SyncSend-1-0x00007f995d6f5700|[g:1][g:1] [SYNC][id:374bdfe9...][Download][Request][BlockSync]Send block packet,peer=374bdfe9...,blocks=1,bytes(V)=24487
warning|2025-10-11 09:00:16.210125|PBFT-1-0x00007f9950edc700|[g:1][CONSENSUS][PBFT]ViewChangeWarning: not caused by omit empty block ,v=2081,toV=2082,curNum=472,hash=5f36275c...,nodeIdx=0,myNode=064cb676...
info|2025-10-11 09:00:16.210350|PBFT-1-0x00007f9950edc700|[g:1][CONSENSUS][PBFT]checkTimeout Succ,view=2081,toView=2082,nodeIdx=0,changeCycle=2,myNode=064cb676...,timecost=2
info|2025-10-11 09:00:16.215326|PBFT-1-0x00007f9950edc700|[g:1][CONSENSUS][PBFT]checkAndChangeView: Reach consensus,org_view=2081,cur_changeCycle=2,curView=2081,view=2082
info|2025-10-11 09:00:17.229792|PBFT-1-0x00007f9950edc700|[g:1][CONSENSUS]addRawPrepare,height=473,reqIdx=2,hash=08944094...,time=0
info|2025-10-11 09:00:17.237295|PBFT-1-0x00007f9950edc700|[g:1][CONSENSUS][PBFT]checkTimeout Succ,view=2082,toView=2083,nodeIdx=0,changeCycle=1,myNode=064cb676...,timecost=7
info|2025-10-11 09:00:17.248679|PBFT-1-0x00007f9950edc700|[g:1][CONSENSUS][PBFT]checkAndChangeView: Reach consensus,org_view=2082,cur_changeCycle=1,curView=2082,view=2083
info|2025-10-11 09:00:18.272409|PBFT-1-0x00007f9950edc700|[g:1][CONSENSUS]addRawPrepare,height=473,reqIdx=3,hash=63fd2800...,time=0
info|2025-10-11 09:00:18.274935|PBFT-1-0x00007f9950edc700|[g:1][CONSENSUS][PBFT]checkTimeout Succ,view=2083,toView=2084,nodeIdx=0,changeCycle=1,myNode=064cb676...,timecost=2
info|2025-10-11 09:00:18.317442|PBFT-1-0x00007f9950edc700|[g:1][CONSENSUS][PBFT]checkAndChangeView: Reach consensus,org_view=2083,cur_changeCycle=1,curView=2083,view=2084
info|2025-10-11 09:00:19.317470|PBFTSeal-1-0x00007f99496cd700|[g:1][CONSENSUS][SEALER]++++++++++++++++ Generating seal on,blkNum=473,tx=0,nodeIdx=0,hash=aa087ef8...
info|2025-10-11 09:00:19.323443|PBFT-1-0x00007f9950edc700|[g:1][CONSENSUS][PBFT]checkTimeout Succ,view=2084,toView=2085,nodeIdx=0,changeCycle=1,myNode=064cb676...,timecost=4
info|2025-10-11 09:00:19.340709|PBFT-1-0x00007f9950edc700|[g:1][CONSENSUS][PBFT]checkAndChangeView: Reach consensus,org_view=2084,cur_changeCycle=1,curView=2084,view=2085
info|2025-10-11 09:00:21.276810|io_service-0x00007f996af10700|[P2P][Service] heartBeat,connected count=3
warning|2025-10-11 09:00:23.851369|PBFT-1-0x00007f9950edc700|[g:1][CONSENSUS][PBFT]ViewChangeWarning: not caused by omit empty block ,v=2085,toV=2086,curNum=472,hash=5f36275c...,nodeIdx=0,myNode=064cb676...
info|2025-10-11 09:00:23.852912|PBFT-1-0x00007f9950edc700|[g:1][CONSENSUS][PBFT]checkTimeout Succ,view=2085,toView=2086,nodeIdx=0,changeCycle=2,myNode=064cb676...,timecost=8
info|2025-10-11 09:00:23.858811|PBFT-1-0x00007f9950edc700|[g:1][CONSENSUS][PBFT]checkAndChangeView: Reach consensus,org_view=2085,cur_changeCycle=2,curView=2085,view=2086
info|2025-10-11 09:00:24.873202|PBFT-1-0x00007f9950edc700|[g:1][CONSENSUS]addRawPrepare,height=473,reqIdx=2,hash=54831653...,time=0
info|2025-10-11 09:00:24.879385|PBFT-1-0x00007f9950edc700|[g:1][CONSENSUS][PBFT]checkTimeout Succ,view=2086,toView=2087,nodeIdx=0,changeCycle=1,myNode=064cb676...,timecost=5
info|2025-10-11 09:00:24.886916|PBFT-1-0x00007f9950edc700|[g:1][CONSENSUS][PBFT]checkAndChangeView: Reach consensus,org_view=2086,cur_changeCycle=1,curView=2086,view=2087
info|2025-10-11 09:00:25.898522|PBFT-1-0x00007f9950edc700|[g:1][CONSENSUS]addRawPrepare,height=473,reqIdx=3,hash=d9ce147d...,time=0
info|2025-10-11 09:00:25.906377|PBFT-1-0x00007f9950edc700|[g:1][CONSENSUS][PBFT]checkTimeout Succ,view=2087,toView=2088,nodeIdx=0,changeCycle=1,myNode=064cb676...,timecost=7
info|2025-10-11 09:00:25.914069|PBFT-1-0x00007f9950edc700|[g:1][CONSENSUS][PBFT]checkAndChangeView: Reach consensus,org_view=2087,cur_changeCycle=1,curView=2087,view=2088
info|2025-10-11 09:00:26.914957|PBFTSeal-1-0x00007f99496cd700|[g:1][CONSENSUS][SEALER]++++++++++++++++ Generating seal on,blkNum=473,tx=0,nodeIdx=0,hash=3c440063...
info|2025-10-11 09:00:26.922251|PBFT-1-0x00007f9950edc700|[g:1][CONSENSUS][PBFT]checkTimeout Succ,view=2088,toView=2089,nodeIdx=0,changeCycle=1,myNode=064cb676...,timecost=5
info|2025-10-11 09:00:26.940441|PBFT-1-0x00007f9950edc700|[g:1][CONSENSUS][PBFT]checkAndChangeView: Reach consensus,org_view=2088,cur_changeCycle=1,curView=2088,view=2089
info|2025-10-11 09:00:31.277696|io_service-0x00007f996af10700|[P2P][Service] heartBeat,connected count=3
warning|2025-10-11 09:00:31.446045|PBFT-1-0x00007f9950edc700|[g:1][CONSENSUS][PBFT]ViewChangeWarning: not caused by omit empty block ,v=2089,toV=2090,curNum=472,hash=5f36275c...,nodeIdx=0,myNode=064cb676...
info|2025-10-11 09:00:31.446360|PBFT-1-0x00007f9950edc700|[g:1][CONSENSUS][PBFT]checkTimeout Succ,view=2089,toView=2090,nodeIdx=0,changeCycle=2,myNode=064cb676...,timecost=2
info|2025-10-11 09:00:31.456845|PBFT-1-0x00007f9950edc700|[g:1][CONSENSUS][PBFT]checkAndChangeView: Reach consensus,org_view=2089,cur_changeCycle=2,curView=2089,view=2090
info|2025-10-11 09:00:32.459885|PBFT-1-0x00007f9950edc700|[g:1][CONSENSUS]addRawPrepare,height=473,reqIdx=2,hash=74de7636...,time=0
info|2025-10-11 09:00:32.465414|PBFT-1-0x00007f9950edc700|[g:1][CONSENSUS][PBFT]checkTimeout Succ,view=2090,toView=2091,nodeIdx=0,changeCycle=1,myNode=064cb676...,timecost=5
info|2025-10-11 09:00:32.479629|PBFT-1-0x00007f9950edc700|[g:1][CONSENSUS][PBFT]checkAndChangeView: Reach consensus,org_view=2090,cur_changeCycle=1,curView=2090,view=2091
info|2025-10-11 09:00:33.486073|PBFT-1-0x00007f9950edc700|[g:1][CONSENSUS]addRawPrepare,height=473,reqIdx=3,hash=c21fd0ab...,time=0
info|2025-10-11 09:00:33.488690|PBFT-1-0x00007f9950edc700|[g:1][CONSENSUS][PBFT]checkTimeout Succ,view=2091,toView=2092,nodeIdx=0,changeCycle=1,myNode=064cb676...,timecost=2
info|2025-10-11 09:00:33.501086|PBFT-1-0x00007f9950edc700|[g:1][CONSENSUS][PBFT]checkAndChangeView: Reach consensus,org_view=2091,cur_changeCycle=1,curView=2091,view=2092
info|2025-10-11 09:00:34.502963|PBFTSeal-1-0x00007f99496cd700|[g:1][CONSENSUS][SEALER]++++++++++++++++ Generating seal on,blkNum=473,tx=0,nodeIdx=0,hash=49262bfe...
info|2025-10-11 09:00:34.506461|PBFT-1-0x00007f9950edc700|[g:1][CONSENSUS][PBFT]checkTimeout Succ,view=2092,toView=2093,nodeIdx=0,changeCycle=1,myNode=064cb676...,timecost=2
info|2025-10-11 09:00:34.517259|PBFT-1-0x00007f9950edc700|[g:1][CONSENSUS][PBFT]checkAndChangeView: Reach consensus,org_view=2092,cur_changeCycle=1,curView=2092,view=2093
warning|2025-10-11 09:00:39.023527|PBFT-1-0x00007f9950edc700|[g:1][CONSENSUS][PBFT]ViewChangeWarning: not caused by omit empty block ,v=2093,toV=2094,curNum=472,hash=5f36275c...,nodeIdx=0,myNode=064cb676...
info|2025-10-11 09:00:39.027038|PBFT-1-0x00007f9950edc700|[g:1][CONSENSUS][PBFT]checkTimeout Succ,view=2093,toView=2094,nodeIdx=0,changeCycle=2,myNode=064cb676...,timecost=6
info|2025-10-11 09:00:39.035633|PBFT-1-0x00007f9950edc700|[g:1][CONSENSUS][PBFT]checkAndChangeView: Reach consensus,org_view=2093,cur_changeCycle=2,curView=2093,view=2094
info|2025-10-11 09:00:40.041525|PBFT-1-0x00007f9950edc700|[g:1][CONSENSUS]addRawPrepare,height=473,reqIdx=2,hash=ae941990...,time=0
info|2025-10-11 09:00:40.043275|PBFT-1-0x00007f9950edc700|[g:1][CONSENSUS][PBFT]checkTimeout Succ,view=2094,toView=2095,nodeIdx=0,changeCycle=1,myNode=064cb676...,timecost=2
info|2025-10-11 09:00:40.053852|PBFT-1-0x00007f9950edc700|[g:1][CONSENSUS][PBFT]checkAndChangeView: Reach consensus,org_view=2094,cur_changeCycle=1,curView=2094,view=2095
info|2025-10-11 09:00:41.060126|PBFT-1-0x00007f9950edc700|[g:1][CONSENSUS]addRawPrepare,height=473,reqIdx=3,hash=1c361907...,time=0
info|2025-10-11 09:00:41.066921|PBFT-1-0x00007f9950edc700|[g:1][CONSENSUS][PBFT]checkTimeout Succ,view=2095,toView=2096,nodeIdx=0,changeCycle=1,myNode=064cb676...,timecost=4
info|2025-10-11 09:00:41.073252|PBFT-1-0x00007f9950edc700|[g:1][CONSENSUS][PBFT]checkAndChangeView: Reach consensus,org_view=2095,cur_changeCycle=1,curView=2095,view=2096
info|2025-10-11 09:00:41.278457|io_service-0x00007f996af10700|[P2P][Service] heartBeat,connected count=3
info|2025-10-11 09:00:42.074804|PBFTSeal-1-0x00007f99496cd700|[g:1][CONSENSUS][SEALER]++++++++++++++++ Generating seal on,blkNum=473,tx=0,nodeIdx=0,hash=c2aad76a...
info|2025-10-11 09:00:42.079548|PBFT-1-0x00007f9950edc700|[g:1][CONSENSUS][PBFT]checkTimeout Succ,view=2096,toView=2097,nodeIdx=0,changeCycle=1,myNode=064cb676...,timecost=2
info|2025-10-11 09:00:42.090182|PBFT-1-0x00007f9950edc700|[g:1][CONSENSUS][PBFT]checkAndChangeView: Reach consensus,org_view=2096,cur_changeCycle=1,curView=2096,view=2097
info|2025-10-11 09:00:44.214488|P2P-0x00007f996bf12700|[g:1] [SYNC][id:064cb676...][Download][Request]Receive block request,peer=374bdfe9...,from=184,to=184
info|2025-10-11 09:00:44.215045|SyncSend-1-0x00007f995d6f5700|[g:1][SYNC][id:064cb676...][Download][Request][BlockSync]Batch blocks for sending,blockSize=24480,number=184,peer=374bdfe9...,timeCost=1
info|2025-10-11 09:00:44.215137|SyncSend-1-0x00007f995d6f5700|[g:1][g:1] [SYNC][id:374bdfe9...][Download][Request][BlockSync]Send block packet,peer=374bdfe9...,blocks=1,bytes(V)=24487
warning|2025-10-11 09:00:46.601134|PBFT-1-0x00007f9950edc700|[g:1][CONSENSUS][PBFT]ViewChangeWarning: not caused by omit empty block ,v=2097,toV=2098,curNum=472,hash=5f36275c...,nodeIdx=0,myNode=064cb676...
info|2025-10-11 09:00:46.602204|PBFT-1-0x00007f9950edc700|[g:1][CONSENSUS][PBFT]checkTimeout Succ,view=2097,toView=2098,nodeIdx=0,changeCycle=2,myNode=064cb676...,timecost=4
info|2025-10-11 09:00:46.612059|PBFT-1-0x00007f9950edc700|[g:1][CONSENSUS][PBFT]checkAndChangeView: Reach consensus,org_view=2097,cur_changeCycle=2,curView=2097,view=2098
info|2025-10-11 09:00:47.623203|PBFT-1-0x00007f9950edc700|[g:1][CONSENSUS]addRawPrepare,height=473,reqIdx=2,hash=7a0c0779...,time=0
info|2025-10-11 09:00:47.624977|PBFT-1-0x00007f9950edc700|[g:1][CONSENSUS][PBFT]checkTimeout Succ,view=2098,toView=2099,nodeIdx=0,changeCycle=1,myNode=064cb676...,timecost=2
info|2025-10-11 09:00:47.632253|PBFT-1-0x00007f9950edc700|[g:1][CONSENSUS][PBFT]checkAndChangeView: Reach consensus,org_view=2098,cur_changeCycle=1,curView=2098,view=2099
info|2025-10-11 09:00:48.641431|PBFT-1-0x00007f9950edc700|[g:1][CONSENSUS]addRawPrepare,height=473,reqIdx=3,hash=a4bc1e68...,time=0
info|2025-10-11 09:00:48.644077|PBFT-1-0x00007f9950edc700|[g:1][CONSENSUS][PBFT]checkTimeout Succ,view=2099,toView=2100,nodeIdx=0,changeCycle=1,myNode=064cb676...,timecost=3
info|2025-10-11 09:00:48.655118|PBFT-1-0x00007f9950edc700|[g:1][CONSENSUS][PBFT]checkAndChangeView: Reach consensus,org_view=2099,cur_changeCycle=1,curView=2099,view=2100
info|2025-10-11 09:00:49.655650|PBFTSeal-1-0x00007f99496cd700|[g:1][CONSENSUS][SEALER]++++++++++++++++ Generating seal on,blkNum=473,tx=0,nodeIdx=0,hash=004f36b2...
info|2025-10-11 09:00:49.665658|PBFT-1-0x00007f9950edc700|[g:1][CONSENSUS][PBFT]checkTimeout Succ,view=2100,toView=2101,nodeIdx=0,changeCycle=1,myNode=064cb676...,timecost=5
info|2025-10-11 09:00:49.676032|PBFT-1-0x00007f9950edc700|[g:1][CONSENSUS][PBFT]checkAndChangeView: Reach consensus,org_view=2100,cur_changeCycle=1,curView=2100,view=2101
info|2025-10-11 09:00:51.279016|io_service-0x00007f996af10700|[P2P][Service] heartBeat,connected count=3
warning|2025-10-11 09:00:54.179959|PBFT-1-0x00007f9950edc700|[g:1][CONSENSUS][PBFT]ViewChangeWarning: not caused by omit empty block ,v=2101,toV=2102,curNum=472,hash=5f36275c...,nodeIdx=0,myNode=064cb676...
info|2025-10-11 09:00:54.180805|PBFT-1-0x00007f9950edc700|[g:1][CONSENSUS][PBFT]checkTimeout Succ,view=2101,toView=2102,nodeIdx=0,changeCycle=2,myNode=064cb676...,timecost=3
info|2025-10-11 09:00:54.189584|PBFT-1-0x00007f9950edc700|[g:1][CONSENSUS][PBFT]checkAndChangeView: Reach consensus,org_view=2101,cur_changeCycle=2,curView=2101,view=2102
info|2025-10-11 09:00:55.198824|PBFT-1-0x00007f9950edc700|[g:1][CONSENSUS]addRawPrepare,height=473,reqIdx=2,hash=cee7859c...,time=0
info|2025-10-11 09:00:55.202764|PBFT-1-0x00007f9950edc700|[g:1][CONSENSUS][PBFT]checkTimeout Succ,view=2102,toView=2103,nodeIdx=0,changeCycle=1,myNode=064cb676...,timecost=3
info|2025-10-11 09:00:55.212777|PBFT-1-0x00007f9950edc700|[g:1][CONSENSUS][PBFT]checkAndChangeView: Reach consensus,org_view=2102,cur_changeCycle=1,curView=2102,view=2103
info|2025-10-11 09:00:56.216026|PBFT-1-0x00007f9950edc700|[g:1][CONSENSUS]addRawPrepare,height=473,reqIdx=3,hash=df560705...,time=0
info|2025-10-11 09:00:56.221747|PBFT-1-0x00007f9950edc700|[g:1][CONSENSUS][PBFT]checkTimeout Succ,view=2103,toView=2104,nodeIdx=0,changeCycle=1,myNode=064cb676...,timecost=5
info|2025-10-11 09:00:56.226689|PBFT-1-0x00007f9950edc700|[g:1][CONSENSUS][PBFT]checkAndChangeView: Reach consensus,org_view=2103,cur_changeCycle=1,curView=2103,view=2104
info|2025-10-11 09:00:57.227440|PBFTSeal-1-0x00007f99496cd700|[g:1][CONSENSUS][SEALER]++++++++++++++++ Generating seal on,blkNum=473,tx=0,nodeIdx=0,hash=03d9d1f7...
info|2025-10-11 09:00:57.236117|PBFT-1-0x00007f9950edc700|[g:1][CONSENSUS][PBFT]checkTimeout Succ,view=2104,toView=2105,nodeIdx=0,changeCycle=1,myNode=064cb676...,timecost=6
info|2025-10-11 09:00:57.245942|PBFT-1-0x00007f9950edc700|[g:1][CONSENSUS][PBFT]checkAndChangeView: Reach consensus,org_view=2104,cur_changeCycle=1,curView=2104,view=2105
info|2025-10-11 09:01:01.280010|io_service-0x00007f996af10700|[P2P][Service] heartBeat,connected count=3
warning|2025-10-11 09:01:01.754626|PBFT-1-0x00007f9950edc700|[g:1][CONSENSUS][PBFT]ViewChangeWarning: not caused by omit empty block ,v=2105,toV=2106,curNum=472,hash=5f36275c...,nodeIdx=0,myNode=064cb676...
info|2025-10-11 09:01:01.759854|PBFT-1-0x00007f9950edc700|[g:1][CONSENSUS][PBFT]checkTimeout Succ,view=2105,toView=2106,nodeIdx=0,changeCycle=2,myNode=064cb676...,timecost=7
info|2025-10-11 09:01:01.767706|PBFT-1-0x00007f9950edc700|[g:1][CONSENSUS][PBFT]checkAndChangeView: Reach consensus,org_view=2105,cur_changeCycle=2,curView=2105,view=2106
info|2025-10-11 09:01:02.778308|PBFT-1-0x00007f9950edc700|[g:1][CONSENSUS]addRawPrepare,height=473,reqIdx=2,hash=3b9a2388...,time=0
info|2025-10-11 09:01:02.784100|PBFT-1-0x00007f9950edc700|[g:1][CONSENSUS][PBFT]checkTimeout Succ,view=2106,toView=2107,nodeIdx=0,changeCycle=1,myNode=064cb676...,timecost=6
info|2025-10-11 09:01:02.788082|PBFT-1-0x00007f9950edc700|[g:1][CONSENSUS][PBFT]checkAndChangeView: Reach consensus,org_view=2106,cur_changeCycle=1,curView=2106,view=2107
info|2025-10-11 09:01:03.786176|P2P-0x00007f996c713700|[g:1] [SYNC][id:064cb676...][Download][Request]Receive block request,peer=374bdfe9...,from=184,to=184
info|2025-10-11 09:01:03.787005|SyncSend-1-0x00007f995d6f5700|[g:1][SYNC][id:064cb676...][Download][Request][BlockSync]Batch blocks for sending,blockSize=24480,number=184,peer=374bdfe9...,timeCost=1
info|2025-10-11 09:01:03.787131|SyncSend-1-0x00007f995d6f5700|[g:1][g:1] [SYNC][id:374bdfe9...][Download][Request][BlockSync]Send block packet,peer=374bdfe9...,blocks=1,bytes(V)=24487
info|2025-10-11 09:01:03.824166|PBFT-1-0x00007f9950edc700|[g:1][CONSENSUS]addRawPrepare,height=473,reqIdx=3,hash=78c18a0c...,time=0
info|2025-10-11 09:01:03.836555|PBFT-1-0x00007f9950edc700|[g:1][CONSENSUS][PBFT]checkTimeout Succ,view=2107,toView=2108,nodeIdx=0,changeCycle=1,myNode=064cb676...,timecost=11
info|2025-10-11 09:01:03.853381|PBFT-1-0x00007f9950edc700|[g:1][CONSENSUS][PBFT]checkAndChangeView: Reach consensus,org_view=2107,cur_changeCycle=1,curView=2107,view=2108
info|2025-10-11 09:01:04.854759|PBFTSeal-1-0x00007f99496cd700|[g:1][CONSENSUS][SEALER]++++++++++++++++ Generating seal on,blkNum=473,tx=0,nodeIdx=0,hash=970616b7...
info|2025-10-11 09:01:04.872031|PBFT-1-0x00007f9950edc700|[g:1][CONSENSUS][PBFT]checkTimeout Succ,view=2108,toView=2109,nodeIdx=0,changeCycle=1,myNode=064cb676...,timecost=5
info|2025-10-11 09:01:04.878365|PBFT-1-0x00007f9950edc700|[g:1][CONSENSUS][PBFT]checkAndChangeView: Reach consensus,org_view=2108,cur_changeCycle=1,curView=2108,view=2109
warning|2025-10-11 09:01:09.398094|PBFT-1-0x00007f9950edc700|[g:1][CONSENSUS][PBFT]ViewChangeWarning: not caused by omit empty block ,v=2109,toV=2110,curNum=472,hash=5f36275c...,nodeIdx=0,myNode=064cb676...
info|2025-10-11 09:01:09.399712|PBFT-1-0x00007f9950edc700|[g:1][CONSENSUS][PBFT]checkTimeout Succ,view=2109,toView=2110,nodeIdx=0,changeCycle=2,myNode=064cb676...,timecost=14
info|2025-10-11 09:01:09.405689|PBFT-1-0x00007f9950edc700|[g:1][CONSENSUS][PBFT]checkAndChangeView: Reach consensus,org_view=2109,cur_changeCycle=2,curView=2109,view=2110
info|2025-10-11 09:01:10.419507|PBFT-1-0x00007f9950edc700|[g:1][CONSENSUS]addRawPrepare,height=473,reqIdx=2,hash=b354c923...,time=0
info|2025-10-11 09:01:10.423859|PBFT-1-0x00007f9950edc700|[g:1][CONSENSUS][PBFT]checkTimeout Succ,view=2110,toView=2111,nodeIdx=0,changeCycle=1,myNode=064cb676...,timecost=2
info|2025-10-11 09:01:10.450232|PBFT-1-0x00007f9950edc700|[g:1][CONSENSUS][PBFT]checkAndChangeView: Reach consensus,org_view=2110,cur_changeCycle=1,curView=2110,view=2111
info|2025-10-11 09:01:11.281215|io_service-0x00007f996af10700|[P2P][Service] heartBeat,connected count=3
info|2025-10-11 09:01:11.443121|PBFT-1-0x00007f9950edc700|[g:1][CONSENSUS]addRawPrepare,height=473,reqIdx=3,hash=661e7459...,time=0
info|2025-10-11 09:01:11.453145|PBFT-1-0x00007f9950edc700|[g:1][CONSENSUS][PBFT]checkTimeout Succ,view=2111,toView=2112,nodeIdx=0,changeCycle=1,myNode=064cb676...,timecost=8
info|2025-10-11 09:01:11.459712|PBFT-1-0x00007f9950edc700|[g:1][CONSENSUS][PBFT]checkAndChangeView: Reach consensus,org_view=2111,cur_changeCycle=1,curView=2111,view=2112
info|2025-10-11 09:01:12.460856|PBFTSeal-1-0x00007f99496cd700|[g:1][CONSENSUS][SEALER]++++++++++++++++ Generating seal on,blkNum=473,tx=0,nodeIdx=0,hash=172df094...
info|2025-10-11 09:01:12.470785|PBFT-1-0x00007f9950edc700|[g:1][CONSENSUS][PBFT]checkTimeout Succ,view=2112,toView=2113,nodeIdx=0,changeCycle=1,myNode=064cb676...,timecost=1
info|2025-10-11 09:01:12.477255|PBFT-1-0x00007f9950edc700|[g:1][CONSENSUS][PBFT]checkAndChangeView: Reach consensus,org_view=2112,cur_changeCycle=1,curView=2112,view=2113
info|2025-10-11 09:01:16.794707|P2P-0x00007f996bf12700|[g:1] [SYNC][id:064cb676...][Download][Request]Receive block request,peer=374bdfe9...,from=184,to=184
info|2025-10-11 09:01:16.795358|SyncSend-1-0x00007f995d6f5700|[g:1][SYNC][id:064cb676...][Download][Request][BlockSync]Batch blocks for sending,blockSize=24480,number=184,peer=374bdfe9...,timeCost=0
info|2025-10-11 09:01:16.795596|SyncSend-1-0x00007f995d6f5700|[g:1][g:1] [SYNC][id:374bdfe9...][Download][Request][BlockSync]Send block packet,peer=374bdfe9...,blocks=1,bytes(V)=24487
warning|2025-10-11 09:01:16.985250|PBFT-1-0x00007f9950edc700|[g:1][CONSENSUS][PBFT]ViewChangeWarning: not caused by omit empty block ,v=2113,toV=2114,curNum=472,hash=5f36275c...,nodeIdx=0,myNode=064cb676...
info|2025-10-11 09:01:16.985537|PBFT-1-0x00007f9950edc700|[g:1][CONSENSUS][PBFT]checkTimeout Succ,view=2113,toView=2114,nodeIdx=0,changeCycle=2,myNode=064cb676...,timecost=5
info|2025-10-11 09:01:16.992948|PBFT-1-0x00007f9950edc700|[g:1][CONSENSUS][PBFT]checkAndChangeView: Reach consensus,org_view=2113,cur_changeCycle=2,curView=2113,view=2114
info|2025-10-11 09:01:18.003885|PBFT-1-0x00007f9950edc700|[g:1][CONSENSUS]addRawPrepare,height=473,reqIdx=2,hash=dccdbeb4...,time=0
info|2025-10-11 09:01:18.011207|PBFT-1-0x00007f9950edc700|[g:1][CONSENSUS][PBFT]checkTimeout Succ,view=2114,toView=2115,nodeIdx=0,changeCycle=1,myNode=064cb676...,timecost=8
info|2025-10-11 09:01:18.037171|PBFT-1-0x00007f9950edc700|[g:1][CONSENSUS][PBFT]checkAndChangeView: Reach consensus,org_view=2114,cur_changeCycle=1,curView=2114,view=2115
info|2025-10-11 09:01:19.039738|PBFT-1-0x00007f9950edc700|[g:1][CONSENSUS]addRawPrepare,height=473,reqIdx=3,hash=4d0b32ad...,time=0
info|2025-10-11 09:01:19.049050|PBFT-1-0x00007f9950edc700|[g:1][CONSENSUS][PBFT]checkTimeout Succ,view=2115,toView=2116,nodeIdx=0,changeCycle=1,myNode=064cb676...,timecost=7
info|2025-10-11 09:01:19.057397|PBFT-1-0x00007f9950edc700|[g:1][CONSENSUS][PBFT]checkAndChangeView: Reach consensus,org_view=2115,cur_changeCycle=1,curView=2115,view=2116
info|2025-10-11 09:01:20.058733|PBFTSeal-1-0x00007f99496cd700|[g:1][CONSENSUS][SEALER]++++++++++++++++ Generating seal on,blkNum=473,tx=0,nodeIdx=0,hash=c71bf397...
info|2025-10-11 09:01:20.064869|PBFT-1-0x00007f9950edc700|[g:1][CONSENSUS][PBFT]checkTimeout Succ,view=2116,toView=2117,nodeIdx=0,changeCycle=1,myNode=064cb676...,timecost=1
info|2025-10-11 09:01:20.082205|PBFT-1-0x00007f9950edc700|[g:1][CONSENSUS][PBFT]checkAndChangeView: Reach consensus,org_view=2116,cur_changeCycle=1,curView=2116,view=2117
info|2025-10-11 09:01:21.282189|io_service-0x00007f996af10700|[P2P][Service] heartBeat,connected count=3
warning|2025-10-11 09:01:24.588113|PBFT-1-0x00007f9950edc700|[g:1][CONSENSUS][PBFT]ViewChangeWarning: not caused by omit empty block ,v=2117,toV=2118,curNum=472,hash=5f36275c...,nodeIdx=0,myNode=064cb676...
info|2025-10-11 09:01:24.589406|PBFT-1-0x00007f9950edc700|[g:1][CONSENSUS][PBFT]checkTimeout Succ,view=2117,toView=2118,nodeIdx=0,changeCycle=2,myNode=064cb676...,timecost=7
info|2025-10-11 09:01:24.597249|PBFT-1-0x00007f9950edc700|[g:1][CONSENSUS][PBFT]checkAndChangeView: Reach consensus,org_view=2117,cur_changeCycle=2,curView=2117,view=2118
info|2025-10-11 09:01:25.599651|PBFT-1-0x00007f9950edc700|[g:1][CONSENSUS]addRawPrepare,height=473,reqIdx=2,hash=d8fd0db8...,time=0
info|2025-10-11 09:01:25.601449|PBFT-1-0x00007f9950edc700|[g:1][CONSENSUS][PBFT]checkTimeout Succ,view=2118,toView=2119,nodeIdx=0,changeCycle=1,myNode=064cb676...,timecost=2
info|2025-10-11 09:01:25.613258|PBFT-1-0x00007f9950edc700|[g:1][CONSENSUS][PBFT]checkAndChangeView: Reach consensus,org_view=2118,cur_changeCycle=1,curView=2118,view=2119
info|2025-10-11 09:01:26.619528|PBFT-1-0x00007f9950edc700|[g:1][CONSENSUS]addRawPrepare,height=473,reqIdx=3,hash=369084a3...,time=0
info|2025-10-11 09:01:26.621378|PBFT-1-0x00007f9950edc700|[g:1][CONSENSUS][PBFT]checkTimeout Succ,view=2119,toView=2120,nodeIdx=0,changeCycle=1,myNode=064cb676...,timecost=2
info|2025-10-11 09:01:26.633891|PBFT-1-0x00007f9950edc700|[g:1][CONSENSUS][PBFT]checkAndChangeView: Reach consensus,org_view=2119,cur_changeCycle=1,curView=2119,view=2120
info|2025-10-11 09:01:27.634280|PBFTSeal-1-0x00007f99496cd700|[g:1][CONSENSUS][SEALER]++++++++++++++++ Generating seal on,blkNum=473,tx=0,nodeIdx=0,hash=e181f433...
info|2025-10-11 09:01:27.643827|PBFT-1-0x00007f9950edc700|[g:1][CONSENSUS][PBFT]checkTimeout Succ,view=2120,toView=2121,nodeIdx=0,changeCycle=1,myNode=064cb676...,timecost=1
info|2025-10-11 09:01:27.649044|PBFT-1-0x00007f9950edc700|[g:1][CONSENSUS][PBFT]checkAndChangeView: Reach consensus,org_view=2120,cur_changeCycle=1,curView=2120,view=2121
info|2025-10-11 09:01:31.282541|io_service-0x00007f996af10700|[P2P][Service] heartBeat,connected count=3
warning|2025-10-11 09:01:32.151155|PBFT-1-0x00007f9950edc700|[g:1][CONSENSUS][PBFT]ViewChangeWarning: not caused by omit empty block ,v=2121,toV=2122,curNum=472,hash=5f36275c...,nodeIdx=0,myNode=064cb676...
info|2025-10-11 09:01:32.151510|PBFT-1-0x00007f9950edc700|[g:1][CONSENSUS][PBFT]checkTimeout Succ,view=2121,toView=2122,nodeIdx=0,changeCycle=2,myNode=064cb676...,timecost=2
info|2025-10-11 09:01:32.162770|PBFT-1-0x00007f9950edc700|[g:1][CONSENSUS][PBFT]checkAndChangeView: Reach consensus,org_view=2121,cur_changeCycle=2,curView=2121,view=2122
info|2025-10-11 09:01:33.163650|PBFT-1-0x00007f9950edc700|[g:1][CONSENSUS]addRawPrepare,height=473,reqIdx=2,hash=33658126...,time=0
info|2025-10-11 09:01:33.165418|PBFT-1-0x00007f9950edc700|[g:1][CONSENSUS][PBFT]checkTimeout Succ,view=2122,toView=2123,nodeIdx=0,changeCycle=1,myNode=064cb676...,timecost=3
info|2025-10-11 09:01:33.173779|PBFT-1-0x00007f9950edc700|[g:1][CONSENSUS][PBFT]checkAndChangeView: Reach consensus,org_view=2122,cur_changeCycle=1,curView=2122,view=2123
info|2025-10-11 09:01:34.183793|PBFT-1-0x00007f9950edc700|[g:1][CONSENSUS]addRawPrepare,height=473,reqIdx=3,hash=b6f09e80...,time=0
info|2025-10-11 09:01:34.185942|PBFT-1-0x00007f9950edc700|[g:1][CONSENSUS][PBFT]checkTimeout Succ,view=2123,toView=2124,nodeIdx=0,changeCycle=1,myNode=064cb676...,timecost=2
info|2025-10-11 09:01:34.197415|PBFT-1-0x00007f9950edc700|[g:1][CONSENSUS][PBFT]checkAndChangeView: Reach consensus,org_view=2123,cur_changeCycle=1,curView=2123,view=2124
info|2025-10-11 09:01:35.200267|PBFTSeal-1-0x00007f99496cd700|[g:1][CONSENSUS][SEALER]++++++++++++++++ Generating seal on,blkNum=473,tx=0,nodeIdx=0,hash=df2fc432...
info|2025-10-11 09:01:35.217017|PBFT-1-0x00007f9950edc700|[g:1][CONSENSUS][PBFT]checkTimeout Succ,view=2124,toView=2125,nodeIdx=0,changeCycle=1,myNode=064cb676...,timecost=4
info|2025-10-11 09:01:35.219288|PBFT-1-0x00007f9950edc700|[g:1][CONSENSUS][PBFT]checkAndChangeView: Reach consensus,org_view=2124,cur_changeCycle=1,curView=2124,view=2125
info|2025-10-11 09:01:36.258287|P2P-0x00007f996bf12700|[g:1] [SYNC][id:064cb676...][Download][Request]Receive block request,peer=374bdfe9...,from=184,to=184
info|2025-10-11 09:01:36.258871|SyncSend-1-0x00007f995d6f5700|[g:1][SYNC][id:064cb676...][Download][Request][BlockSync]Batch blocks for sending,blockSize=24480,number=184,peer=374bdfe9...,timeCost=0
info|2025-10-11 09:01:36.258982|SyncSend-1-0x00007f995d6f5700|[g:1][g:1] [SYNC][id:374bdfe9...][Download][Request][BlockSync]Send block packet,peer=374bdfe9...,blocks=1,bytes(V)=24487
warning|2025-10-11 09:01:39.723586|PBFT-1-0x00007f9950edc700|[g:1][CONSENSUS][PBFT]ViewChangeWarning: not caused by omit empty block ,v=2125,toV=2126,curNum=472,hash=5f36275c...,nodeIdx=0,myNode=064cb676...
info|2025-10-11 09:01:39.729486|PBFT-1-0x00007f9950edc700|[g:1][CONSENSUS][PBFT]checkTimeout Succ,view=2125,toView=2126,nodeIdx=0,changeCycle=2,myNode=064cb676...,timecost=7
info|2025-10-11 09:01:39.734582|PBFT-1-0x00007f9950edc700|[g:1][CONSENSUS][PBFT]checkAndChangeView: Reach consensus,org_view=2125,cur_changeCycle=2,curView=2125,view=2126
info|2025-10-11 09:01:40.739555|PBFT-1-0x00007f9950edc700|[g:1][CONSENSUS]addRawPrepare,height=473,reqIdx=2,hash=94cb802b...,time=0
info|2025-10-11 09:01:40.745179|PBFT-1-0x00007f9950edc700|[g:1][CONSENSUS][PBFT]checkTimeout Succ,view=2126,toView=2127,nodeIdx=0,changeCycle=1,myNode=064cb676...,timecost=6
info|2025-10-11 09:01:40.752536|PBFT-1-0x00007f9950edc700|[g:1][CONSENSUS][PBFT]checkAndChangeView: Reach consensus,org_view=2126,cur_changeCycle=1,curView=2126,view=2127
info|2025-10-11 09:01:41.283436|io_service-0x00007f996af10700|[P2P][Service] heartBeat,connected count=3
info|2025-10-11 09:01:41.755223|PBFT-1-0x00007f9950edc700|[g:1][CONSENSUS]addRawPrepare,height=473,reqIdx=3,hash=72e77b18...,time=0
info|2025-10-11 09:01:41.761786|PBFT-1-0x00007f9950edc700|[g:1][CONSENSUS][PBFT]checkTimeout Succ,view=2127,toView=2128,nodeIdx=0,changeCycle=1,myNode=064cb676...,timecost=6
info|2025-10-11 09:01:41.766714|PBFT-1-0x00007f9950edc700|[g:1][CONSENSUS][PBFT]checkAndChangeView: Reach consensus,org_view=2127,cur_changeCycle=1,curView=2127,view=2128
info|2025-10-11 09:01:42.766720|PBFTSeal-1-0x00007f99496cd700|[g:1][CONSENSUS][SEALER]++++++++++++++++ Generating seal on,blkNum=473,tx=0,nodeIdx=0,hash=1bd6ba20...
info|2025-10-11 09:01:42.775938|PBFT-1-0x00007f9950edc700|[g:1][CONSENSUS][PBFT]checkTimeout Succ,view=2128,toView=2129,nodeIdx=0,changeCycle=1,myNode=064cb676...,timecost=2
info|2025-10-11 09:01:42.788606|PBFT-1-0x00007f9950edc700|[g:1][CONSENSUS][PBFT]checkAndChangeView: Reach consensus,org_view=2128,cur_changeCycle=1,curView=2128,view=2129
warning|2025-10-11 09:01:47.290528|PBFT-1-0x00007f9950edc700|[g:1][CONSENSUS][PBFT]ViewChangeWarning: not caused by omit empty block ,v=2129,toV=2130,curNum=472,hash=5f36275c...,nodeIdx=0,myNode=064cb676...
info|2025-10-11 09:01:47.294087|PBFT-1-0x00007f9950edc700|[g:1][CONSENSUS][PBFT]checkTimeout Succ,view=2129,toView=2130,nodeIdx=0,changeCycle=2,myNode=064cb676...,timecost=6
info|2025-10-11 09:01:47.302636|PBFT-1-0x00007f9950edc700|[g:1][CONSENSUS][PBFT]checkAndChangeView: Reach consensus,org_view=2129,cur_changeCycle=2,curView=2129,view=2130
info|2025-10-11 09:01:48.314110|PBFT-1-0x00007f9950edc700|[g:1][CONSENSUS][PBFT]Trigger fast-viewchange,view=2130,toView=2130,minView=2131,INFO=,reqNum=472,curNum=472,GenIdx=2,Cview=2131,view=2130,fromIdx=2,fromNode=73994dae...,fromIp=127.0.0.1:37512,hash=5f36275c...,nodeIdx=0,myNode=064cb676...
info|2025-10-11 09:01:48.315723|PBFT-1-0x00007f9950edc700|[g:1][CONSENSUS][PBFT]checkAndChangeView: Reach consensus,org_view=2130,cur_changeCycle=3,curView=2130,view=2131
info|2025-10-11 09:01:48.315800|PBFT-1-0x00007f9950edc700|[g:1][CONSENSUS][PBFT]checkTimeout Succ,view=2131,toView=2131,nodeIdx=0,changeCycle=3,myNode=064cb676...,timecost=1
info|2025-10-11 09:01:49.266605|P2P-0x00007f996b711700|[g:1] [SYNC][id:064cb676...][Download][Request]Receive block request,peer=374bdfe9...,from=184,to=184
info|2025-10-11 09:01:49.267147|SyncSend-1-0x00007f995d6f5700|[g:1][SYNC][id:064cb676...][Download][Request][BlockSync]Batch blocks for sending,blockSize=24480,number=184,peer=374bdfe9...,timeCost=0
info|2025-10-11 09:01:49.267244|SyncSend-1-0x00007f995d6f5700|[g:1][g:1] [SYNC][id:374bdfe9...][Download][Request][BlockSync]Send block packet,peer=374bdfe9...,blocks=1,bytes(V)=24487
info|2025-10-11 09:01:49.326053|PBFT-1-0x00007f9950edc700|[g:1][CONSENSUS]addRawPrepare,height=473,reqIdx=3,hash=4224985d...,time=0
info|2025-10-11 09:01:49.331488|PBFT-1-0x00007f9950edc700|[g:1][CONSENSUS][PBFT]checkTimeout Succ,view=2131,toView=2132,nodeIdx=0,changeCycle=1,myNode=064cb676...,timecost=2
info|2025-10-11 09:01:49.347644|PBFT-1-0x00007f9950edc700|[g:1][CONSENSUS][PBFT]checkAndChangeView: Reach consensus,org_view=2131,cur_changeCycle=1,curView=2131,view=2132
info|2025-10-11 09:01:50.348099|PBFTSeal-1-0x00007f99496cd700|[g:1][CONSENSUS][SEALER]++++++++++++++++ Generating seal on,blkNum=473,tx=0,nodeIdx=0,hash=018dcd9a...
info|2025-10-11 09:01:50.354172|PBFT-1-0x00007f9950edc700|[g:1][CONSENSUS][PBFT]checkTimeout Succ,view=2132,toView=2133,nodeIdx=0,changeCycle=1,myNode=064cb676...,timecost=3
info|2025-10-11 09:01:50.369122|PBFT-1-0x00007f9950edc700|[g:1][CONSENSUS][PBFT]checkAndChangeView: Reach consensus,org_view=2132,cur_changeCycle=1,curView=2132,view=2133
info|2025-10-11 09:01:51.284164|io_service-0x00007f996af10700|[P2P][Service] heartBeat,connected count=3
warning|2025-10-11 09:01:54.871720|PBFT-1-0x00007f9950edc700|[g:1][CONSENSUS][PBFT]ViewChangeWarning: not caused by omit empty block ,v=2133,toV=2134,curNum=472,hash=5f36275c...,nodeIdx=0,myNode=064cb676...
info|2025-10-11 09:01:54.871944|PBFT-1-0x00007f9950edc700|[g:1][CONSENSUS][PBFT]checkTimeout Succ,view=2133,toView=2134,nodeIdx=0,changeCycle=2,myNode=064cb676...,timecost=1
info|2025-10-11 09:01:54.881617|PBFT-1-0x00007f9950edc700|[g:1][CONSENSUS][PBFT]checkAndChangeView: Reach consensus,org_view=2133,cur_changeCycle=2,curView=2133,view=2134
info|2025-10-11 09:01:55.893041|PBFT-1-0x00007f9950edc700|[g:1][CONSENSUS]addRawPrepare,height=473,reqIdx=2,hash=4d84eca5...,time=0
info|2025-10-11 09:01:55.900910|PBFT-1-0x00007f9950edc700|[g:1][CONSENSUS][PBFT]checkTimeout Succ,view=2134,toView=2135,nodeIdx=0,changeCycle=1,myNode=064cb676...,timecost=7
info|2025-10-11 09:01:55.909582|PBFT-1-0x00007f9950edc700|[g:1][CONSENSUS][PBFT]checkAndChangeView: Reach consensus,org_view=2134,cur_changeCycle=1,curView=2134,view=2135
info|2025-10-11 09:01:56.916754|PBFT-1-0x00007f9950edc700|[g:1][CONSENSUS]addRawPrepare,height=473,reqIdx=3,hash=b989dc5b...,time=0
info|2025-10-11 09:01:56.929716|PBFT-1-0x00007f9950edc700|[g:1][CONSENSUS][PBFT]checkTimeout Succ,view=2135,toView=2136,nodeIdx=0,changeCycle=1,myNode=064cb676...,timecost=13
info|2025-10-11 09:01:56.941785|PBFT-1-0x00007f9950edc700|[g:1][CONSENSUS][PBFT]checkAndChangeView: Reach consensus,org_view=2135,cur_changeCycle=1,curView=2135,view=2136
info|2025-10-11 09:01:57.943395|PBFTSeal-1-0x00007f99496cd700|[g:1][CONSENSUS][SEALER]++++++++++++++++ Generating seal on,blkNum=473,tx=0,nodeIdx=0,hash=ac8bfc52...
info|2025-10-11 09:01:57.947788|PBFT-1-0x00007f9950edc700|[g:1][CONSENSUS][PBFT]checkTimeout Succ,view=2136,toView=2137,nodeIdx=0,changeCycle=1,myNode=064cb676...,timecost=1
info|2025-10-11 09:01:57.965017|PBFT-1-0x00007f9950edc700|[g:1][CONSENSUS][PBFT]checkAndChangeView: Reach consensus,org_view=2136,cur_changeCycle=1,curView=2136,view=2137
info|2025-10-11 09:02:01.284366|io_service-0x00007f996af10700|[P2P][Service] heartBeat,connected count=3
warning|2025-10-11 09:02:02.476836|PBFT-1-0x00007f9950edc700|[g:1][CONSENSUS][PBFT]ViewChangeWarning: not caused by omit empty block ,v=2137,toV=2138,curNum=472,hash=5f36275c...,nodeIdx=0,myNode=064cb676...
info|2025-10-11 09:02:02.477066|PBFT-1-0x00007f9950edc700|[g:1][CONSENSUS][PBFT]checkTimeout Succ,view=2137,toView=2138,nodeIdx=0,changeCycle=2,myNode=064cb676...,timecost=6
info|2025-10-11 09:02:02.484013|PBFT-1-0x00007f9950edc700|[g:1][CONSENSUS][PBFT]checkAndChangeView: Reach consensus,org_view=2137,cur_changeCycle=2,curView=2137,view=2138
info|2025-10-11 09:02:03.487816|PBFT-1-0x00007f9950edc700|[g:1][CONSENSUS]addRawPrepare,height=473,reqIdx=2,hash=2dc3604b...,time=0
info|2025-10-11 09:02:03.489342|PBFT-1-0x00007f9950edc700|[g:1][CONSENSUS][PBFT]checkTimeout Succ,view=2138,toView=2139,nodeIdx=0,changeCycle=1,myNode=064cb676...,timecost=2
info|2025-10-11 09:02:03.500590|PBFT-1-0x00007f9950edc700|[g:1][CONSENSUS][PBFT]checkAndChangeView: Reach consensus,org_view=2138,cur_changeCycle=1,curView=2138,view=2139
info|2025-10-11 09:02:04.511704|PBFT-1-0x00007f9950edc700|[g:1][CONSENSUS]addRawPrepare,height=473,reqIdx=3,hash=95ee2e4c...,time=0
info|2025-10-11 09:02:04.514467|PBFT-1-0x00007f9950edc700|[g:1][CONSENSUS][PBFT]checkTimeout Succ,view=2139,toView=2140,nodeIdx=0,changeCycle=1,myNode=064cb676...,timecost=3
info|2025-10-11 09:02:04.521152|PBFT-1-0x00007f9950edc700|[g:1][CONSENSUS][PBFT]checkAndChangeView: Reach consensus,org_view=2139,cur_changeCycle=1,curView=2139,view=2140
info|2025-10-11 09:02:05.522133|PBFTSeal-1-0x00007f99496cd700|[g:1][CONSENSUS][SEALER]++++++++++++++++ Generating seal on,blkNum=473,tx=0,nodeIdx=0,hash=ebf6de53...
info|2025-10-11 09:02:05.532442|PBFT-1-0x00007f9950edc700|[g:1][CONSENSUS][PBFT]checkTimeout Succ,view=2140,toView=2141,nodeIdx=0,changeCycle=1,myNode=064cb676...,timecost=2
info|2025-10-11 09:02:05.539289|PBFT-1-0x00007f9950edc700|[g:1][CONSENSUS][PBFT]checkAndChangeView: Reach consensus,org_view=2140,cur_changeCycle=1,curView=2140,view=2141
info|2025-10-11 09:02:08.756256|P2P-0x00007f996b711700|[g:1] [SYNC][id:064cb676...][Download][Request]Receive block request,peer=374bdfe9...,from=184,to=184
info|2025-10-11 09:02:08.757689|SyncSend-1-0x00007f995d6f5700|[g:1][SYNC][id:064cb676...][Download][Request][BlockSync]Batch blocks for sending,blockSize=24480,number=184,peer=374bdfe9...,timeCost=0
info|2025-10-11 09:02:08.757828|SyncSend-1-0x00007f995d6f5700|[g:1][g:1] [SYNC][id:374bdfe9...][Download][Request][BlockSync]Send block packet,peer=374bdfe9...,blocks=1,bytes(V)=24487
warning|2025-10-11 09:02:10.045697|PBFT-1-0x00007f9950edc700|[g:1][CONSENSUS][PBFT]ViewChangeWarning: not caused by omit empty block ,v=2141,toV=2142,curNum=472,hash=5f36275c...,nodeIdx=0,myNode=064cb676...
info|2025-10-11 09:02:10.047884|PBFT-1-0x00007f9950edc700|[g:1][CONSENSUS][PBFT]checkTimeout Succ,view=2141,toView=2142,nodeIdx=0,changeCycle=2,myNode=064cb676...,timecost=3
info|2025-10-11 09:02:10.061202|PBFT-1-0x00007f9950edc700|[g:1][CONSENSUS][PBFT]checkAndChangeView: Reach consensus,org_view=2141,cur_changeCycle=2,curView=2141,view=2142
info|2025-10-11 09:02:11.076013|PBFT-1-0x00007f9950edc700|[g:1][CONSENSUS]addRawPrepare,height=473,reqIdx=2,hash=8af7e6fa...,time=1
info|2025-10-11 09:02:11.080145|PBFT-1-0x00007f9950edc700|[g:1][CONSENSUS][PBFT]checkTimeout Succ,view=2142,toView=2143,nodeIdx=0,changeCycle=1,myNode=064cb676...,timecost=4
info|2025-10-11 09:02:11.087306|PBFT-1-0x00007f9950edc700|[g:1][CONSENSUS][PBFT]checkAndChangeView: Reach consensus,org_view=2142,cur_changeCycle=1,curView=2142,view=2143
info|2025-10-11 09:02:11.284806|io_service-0x00007f996af10700|[P2P][Service] heartBeat,connected count=3
info|2025-10-11 09:02:12.097987|PBFT-1-0x00007f9950edc700|[g:1][CONSENSUS]addRawPrepare,height=473,reqIdx=3,hash=9a51750c...,time=1
info|2025-10-11 09:02:12.103043|PBFT-1-0x00007f9950edc700|[g:1][CONSENSUS][PBFT]checkTimeout Succ,view=2143,toView=2144,nodeIdx=0,changeCycle=1,myNode=064cb676...,timecost=5
info|2025-10-11 09:02:12.110801|PBFT-1-0x00007f9950edc700|[g:1][CONSENSUS][PBFT]checkAndChangeView: Reach consensus,org_view=2143,cur_changeCycle=1,curView=2143,view=2144
info|2025-10-11 09:02:13.111182|PBFTSeal-1-0x00007f99496cd700|[g:1][CONSENSUS][SEALER]++++++++++++++++ Generating seal on,blkNum=473,tx=0,nodeIdx=0,hash=f97a1336...
info|2025-10-11 09:02:13.123467|PBFT-1-0x00007f9950edc700|[g:1][CONSENSUS][PBFT]checkTimeout Succ,view=2144,toView=2145,nodeIdx=0,changeCycle=1,myNode=064cb676...,timecost=3
info|2025-10-11 09:02:13.129618|PBFT-1-0x00007f9950edc700|[g:1][CONSENSUS][PBFT]checkAndChangeView: Reach consensus,org_view=2144,cur_changeCycle=1,curView=2144,view=2145
info|2025-10-11 09:02:15.287922|P2P-0x00007f996bf12700|[g:1] [SYNC][id:064cb676...][Download][Request]Receive block request,peer=374bdfe9...,from=184,to=184
info|2025-10-11 09:02:15.288280|SyncSend-1-0x00007f995d6f5700|[g:1][SYNC][id:064cb676...][Download][Request][BlockSync]Batch blocks for sending,blockSize=24480,number=184,peer=374bdfe9...,timeCost=0
info|2025-10-11 09:02:15.288379|SyncSend-1-0x00007f995d6f5700|[g:1][g:1] [SYNC][id:374bdfe9...][Download][Request][BlockSync]Send block packet,peer=374bdfe9...,blocks=1,bytes(V)=24487
warning|2025-10-11 09:02:17.636582|PBFT-1-0x00007f9950edc700|[g:1][CONSENSUS][PBFT]ViewChangeWarning: not caused by omit empty block ,v=2145,toV=2146,curNum=472,hash=5f36275c...,nodeIdx=0,myNode=064cb676...
info|2025-10-11 09:02:17.638534|PBFT-1-0x00007f9950edc700|[g:1][CONSENSUS][PBFT]checkTimeout Succ,view=2145,toView=2146,nodeIdx=0,changeCycle=2,myNode=064cb676...,timecost=6
info|2025-10-11 09:02:17.645017|PBFT-1-0x00007f9950edc700|[g:1][CONSENSUS][PBFT]checkAndChangeView: Reach consensus,org_view=2145,cur_changeCycle=2,curView=2145,view=2146
info|2025-10-11 09:02:18.654240|PBFT-1-0x00007f9950edc700|[g:1][CONSENSUS]addRawPrepare,height=473,reqIdx=2,hash=1b0ac6f1...,time=0
info|2025-10-11 09:02:18.668372|PBFT-1-0x00007f9950edc700|[g:1][CONSENSUS][PBFT]checkTimeout Succ,view=2146,toView=2147,nodeIdx=0,changeCycle=1,myNode=064cb676...,timecost=9
info|2025-10-11 09:02:18.676087|PBFT-1-0x00007f9950edc700|[g:1][CONSENSUS][PBFT]checkAndChangeView: Reach consensus,org_view=2146,cur_changeCycle=1,curView=2146,view=2147
info|2025-10-11 09:02:19.678603|PBFT-1-0x00007f9950edc700|[g:1][CONSENSUS]addRawPrepare,height=473,reqIdx=3,hash=132d6fc9...,time=0
info|2025-10-11 09:02:19.680572|PBFT-1-0x00007f9950edc700|[g:1][CONSENSUS][PBFT]checkTimeout Succ,view=2147,toView=2148,nodeIdx=0,changeCycle=1,myNode=064cb676...,timecost=2
info|2025-10-11 09:02:19.693113|PBFT-1-0x00007f9950edc700|[g:1][CONSENSUS][PBFT]checkAndChangeView: Reach consensus,org_view=2147,cur_changeCycle=1,curView=2147,view=2148
info|2025-10-11 09:02:20.694686|PBFTSeal-1-0x00007f99496cd700|[g:1][CONSENSUS][SEALER]++++++++++++++++ Generating seal on,blkNum=473,tx=0,nodeIdx=0,hash=09959221...
info|2025-10-11 09:02:20.702908|PBFT-1-0x00007f9950edc700|[g:1][CONSENSUS][PBFT]checkTimeout Succ,view=2148,toView=2149,nodeIdx=0,changeCycle=1,myNode=064cb676...,timecost=4
info|2025-10-11 09:02:20.720203|PBFT-1-0x00007f9950edc700|[g:1][CONSENSUS][PBFT]checkAndChangeView: Reach consensus,org_view=2148,cur_changeCycle=1,curView=2148,view=2149
info|2025-10-11 09:02:21.285717|io_service-0x00007f996af10700|[P2P][Service] heartBeat,connected count=3
info|2025-10-11 09:02:21.731068|P2P-0x00007f996cf14700|[g:1] [SYNC][id:064cb676...][Download][Request]Receive block request,peer=374bdfe9...,from=184,to=184
info|2025-10-11 09:02:21.731485|SyncSend-1-0x00007f995d6f5700|[g:1][SYNC][id:064cb676...][Download][Request][BlockSync]Batch blocks for sending,blockSize=24480,number=184,peer=374bdfe9...,timeCost=0
info|2025-10-11 09:02:21.731564|SyncSend-1-0x00007f995d6f5700|[g:1][g:1] [SYNC][id:374bdfe9...][Download][Request][BlockSync]Send block packet,peer=374bdfe9...,blocks=1,bytes(V)=24487
warning|2025-10-11 09:02:25.226187|PBFT-1-0x00007f9950edc700|[g:1][CONSENSUS][PBFT]ViewChangeWarning: not caused by omit empty block ,v=2149,toV=2150,curNum=472,hash=5f36275c...,nodeIdx=0,myNode=064cb676...
info|2025-10-11 09:02:25.232206|PBFT-1-0x00007f9950edc700|[g:1][CONSENSUS][PBFT]checkTimeout Succ,view=2149,toView=2150,nodeIdx=0,changeCycle=2,myNode=064cb676...,timecost=9
info|2025-10-11 09:02:25.243453|PBFT-1-0x00007f9950edc700|[g:1][CONSENSUS][PBFT]checkAndChangeView: Reach consensus,org_view=2149,cur_changeCycle=2,curView=2149,view=2150
info|2025-10-11 09:02:26.254152|PBFT-1-0x00007f9950edc700|[g:1][CONSENSUS]addRawPrepare,height=473,reqIdx=2,hash=2b5c3181...,time=0
info|2025-10-11 09:02:26.261253|PBFT-1-0x00007f9950edc700|[g:1][CONSENSUS][PBFT]checkTimeout Succ,view=2150,toView=2151,nodeIdx=0,changeCycle=1,myNode=064cb676...,timecost=7
info|2025-10-11 09:02:26.270244|PBFT-1-0x00007f9950edc700|[g:1][CONSENSUS][PBFT]checkAndChangeView: Reach consensus,org_view=2150,cur_changeCycle=1,curView=2150,view=2151
info|2025-10-11 09:02:27.276267|PBFT-1-0x00007f9950edc700|[g:1][CONSENSUS]addRawPrepare,height=473,reqIdx=3,hash=7338b19f...,time=0
info|2025-10-11 09:02:27.278199|PBFT-1-0x00007f9950edc700|[g:1][CONSENSUS][PBFT]checkTimeout Succ,view=2151,toView=2152,nodeIdx=0,changeCycle=1,myNode=064cb676...,timecost=2
info|2025-10-11 09:02:27.294938|PBFT-1-0x00007f9950edc700|[g:1][CONSENSUS][PBFT]checkAndChangeView: Reach consensus,org_view=2151,cur_changeCycle=1,curView=2151,view=2152
info|2025-10-11 09:02:28.294909|PBFTSeal-1-0x00007f99496cd700|[g:1][CONSENSUS][SEALER]++++++++++++++++ Generating seal on,blkNum=473,tx=0,nodeIdx=0,hash=c8295475...
info|2025-10-11 09:02:28.307960|PBFT-1-0x00007f9950edc700|[g:1][CONSENSUS][PBFT]checkTimeout Succ,view=2152,toView=2153,nodeIdx=0,changeCycle=1,myNode=064cb676...,timecost=3
info|2025-10-11 09:02:28.319847|PBFT-1-0x00007f9950edc700|[g:1][CONSENSUS][PBFT]checkAndChangeView: Reach consensus,org_view=2152,cur_changeCycle=1,curView=2152,view=2153
info|2025-10-11 09:02:31.286524|io_service-0x00007f996af10700|[P2P][Service] heartBeat,connected count=3
warning|2025-10-11 09:02:32.825437|PBFT-1-0x00007f9950edc700|[g:1][CONSENSUS][PBFT]ViewChangeWarning: not caused by omit empty block ,v=2153,toV=2154,curNum=472,hash=5f36275c...,nodeIdx=0,myNode=064cb676...
info|2025-10-11 09:02:32.826490|PBFT-1-0x00007f9950edc700|[g:1][CONSENSUS][PBFT]checkTimeout Succ,view=2153,toView=2154,nodeIdx=0,changeCycle=2,myNode=064cb676...,timecost=4
info|2025-10-11 09:02:32.833963|PBFT-1-0x00007f9950edc700|[g:1][CONSENSUS][PBFT]checkAndChangeView: Reach consensus,org_view=2153,cur_changeCycle=2,curView=2153,view=2154
info|2025-10-11 09:02:33.842262|PBFT-1-0x00007f9950edc700|[g:1][CONSENSUS]addRawPrepare,height=473,reqIdx=2,hash=55c3133d...,time=0
info|2025-10-11 09:02:33.847712|PBFT-1-0x00007f9950edc700|[g:1][CONSENSUS][PBFT]checkTimeout Succ,view=2154,toView=2155,nodeIdx=0,changeCycle=1,myNode=064cb676...,timecost=4
info|2025-10-11 09:02:33.858058|PBFT-1-0x00007f9950edc700|[g:1][CONSENSUS][PBFT]checkAndChangeView: Reach consensus,org_view=2154,cur_changeCycle=1,curView=2154,view=2155
info|2025-10-11 09:02:34.657906|P2P-0x00007f996bf12700|[g:1] [SYNC][id:064cb676...][Download][Request]Receive block request,peer=374bdfe9...,from=184,to=184
info|2025-10-11 09:02:34.658357|SyncSend-1-0x00007f995d6f5700|[g:1][SYNC][id:064cb676...][Download][Request][BlockSync]Batch blocks for sending,blockSize=24480,number=184,peer=374bdfe9...,timeCost=0
info|2025-10-11 09:02:34.658480|SyncSend-1-0x00007f995d6f5700|[g:1][g:1] [SYNC][id:374bdfe9...][Download][Request][BlockSync]Send block packet,peer=374bdfe9...,blocks=1,bytes(V)=24487
info|2025-10-11 09:02:34.857060|PBFT-1-0x00007f9950edc700|[g:1][CONSENSUS]addRawPrepare,height=473,reqIdx=3,hash=4317d3d8...,time=0
info|2025-10-11 09:02:34.859841|PBFT-1-0x00007f9950edc700|[g:1][CONSENSUS][PBFT]checkTimeout Succ,view=2155,toView=2156,nodeIdx=0,changeCycle=1,myNode=064cb676...,timecost=2
info|2025-10-11 09:02:34.872863|PBFT-1-0x00007f9950edc700|[g:1][CONSENSUS][PBFT]checkAndChangeView: Reach consensus,org_view=2155,cur_changeCycle=1,curView=2155,view=2156
info|2025-10-11 09:02:35.872545|PBFTSeal-1-0x00007f99496cd700|[g:1][CONSENSUS][SEALER]++++++++++++++++ Generating seal on,blkNum=473,tx=0,nodeIdx=0,hash=79659b83...
info|2025-10-11 09:02:35.876312|PBFT-1-0x00007f9950edc700|[g:1][CONSENSUS][PBFT]checkTimeout Succ,view=2156,toView=2157,nodeIdx=0,changeCycle=1,myNode=064cb676...,timecost=2
info|2025-10-11 09:02:35.888697|PBFT-1-0x00007f9950edc700|[g:1][CONSENSUS][PBFT]checkAndChangeView: Reach consensus,org_view=2156,cur_changeCycle=1,curView=2156,view=2157
warning|2025-10-11 09:02:40.397358|PBFT-1-0x00007f9950edc700|[g:1][CONSENSUS][PBFT]ViewChangeWarning: not caused by omit empty block ,v=2157,toV=2158,curNum=472,hash=5f36275c...,nodeIdx=0,myNode=064cb676...
info|2025-10-11 09:02:40.397526|PBFT-1-0x00007f9950edc700|[g:1][CONSENSUS][PBFT]checkTimeout Succ,view=2157,toView=2158,nodeIdx=0,changeCycle=2,myNode=064cb676...,timecost=2
info|2025-10-11 09:02:40.401097|PBFT-1-0x00007f9950edc700|[g:1][CONSENSUS][PBFT]checkAndChangeView: Reach consensus,org_view=2157,cur_changeCycle=2,curView=2157,view=2158
info|2025-10-11 09:02:41.286691|io_service-0x00007f996af10700|[P2P][Service] heartBeat,connected count=3
info|2025-10-11 09:02:41.410811|PBFT-1-0x00007f9950edc700|[g:1][CONSENSUS]addRawPrepare,height=473,reqIdx=2,hash=d8476977...,time=0
info|2025-10-11 09:02:41.415094|PBFT-1-0x00007f9950edc700|[g:1][CONSENSUS][PBFT]checkTimeout Succ,view=2158,toView=2159,nodeIdx=0,changeCycle=1,myNode=064cb676...,timecost=5
info|2025-10-11 09:02:41.422491|PBFT-1-0x00007f9950edc700|[g:1][CONSENSUS][PBFT]checkAndChangeView: Reach consensus,org_view=2158,cur_changeCycle=1,curView=2158,view=2159
info|2025-10-11 09:02:42.424106|PBFT-1-0x00007f9950edc700|[g:1][CONSENSUS]addRawPrepare,height=473,reqIdx=3,hash=5b04244f...,time=0
info|2025-10-11 09:02:42.429211|PBFT-1-0x00007f9950edc700|[g:1][CONSENSUS][PBFT]checkTimeout Succ,view=2159,toView=2160,nodeIdx=0,changeCycle=1,myNode=064cb676...,timecost=5
info|2025-10-11 09:02:42.437317|PBFT-1-0x00007f9950edc700|[g:1][CONSENSUS][PBFT]checkAndChangeView: Reach consensus,org_view=2159,cur_changeCycle=1,curView=2159,view=2160
info|2025-10-11 09:02:43.437456|PBFTSeal-1-0x00007f99496cd700|[g:1][CONSENSUS][SEALER]++++++++++++++++ Generating seal on,blkNum=473,tx=0,nodeIdx=0,hash=80b3ab9f...
info|2025-10-11 09:02:43.443864|PBFT-1-0x00007f9950edc700|[g:1][CONSENSUS][PBFT]checkTimeout Succ,view=2160,toView=2161,nodeIdx=0,changeCycle=1,myNode=064cb676...,timecost=2
info|2025-10-11 09:02:43.457419|PBFT-1-0x00007f9950edc700|[g:1][CONSENSUS][PBFT]checkAndChangeView: Reach consensus,org_view=2160,cur_changeCycle=1,curView=2160,view=2161
info|2025-10-11 09:02:47.467516|P2P-0x00007f996b711700|[g:1] [SYNC][id:064cb676...][Download][Request]Receive block request,peer=374bdfe9...,from=184,to=184
info|2025-10-11 09:02:47.468069|SyncSend-1-0x00007f995d6f5700|[g:1][SYNC][id:064cb676...][Download][Request][BlockSync]Batch blocks for sending,blockSize=24480,number=184,peer=374bdfe9...,timeCost=1
info|2025-10-11 09:02:47.468204|SyncSend-1-0x00007f995d6f5700|[g:1][g:1] [SYNC][id:374bdfe9...][Download][Request][BlockSync]Send block packet,peer=374bdfe9...,blocks=1,bytes(V)=24487
warning|2025-10-11 09:02:47.961668|PBFT-1-0x00007f9950edc700|[g:1][CONSENSUS][PBFT]ViewChangeWarning: not caused by omit empty block ,v=2161,toV=2162,curNum=472,hash=5f36275c...,nodeIdx=0,myNode=064cb676...
info|2025-10-11 09:02:47.962882|PBFT-1-0x00007f9950edc700|[g:1][CONSENSUS][PBFT]checkTimeout Succ,view=2161,toView=2162,nodeIdx=0,changeCycle=2,myNode=064cb676...,timecost=3
info|2025-10-11 09:02:47.975416|PBFT-1-0x00007f9950edc700|[g:1][CONSENSUS][PBFT]checkAndChangeView: Reach consensus,org_view=2161,cur_changeCycle=2,curView=2161,view=2162
info|2025-10-11 09:02:48.989560|PBFT-1-0x00007f9950edc700|[g:1][CONSENSUS]addRawPrepare,height=473,reqIdx=2,hash=3feefc3e...,time=0
info|2025-10-11 09:02:48.996756|PBFT-1-0x00007f9950edc700|[g:1][CONSENSUS][PBFT]checkTimeout Succ,view=2162,toView=2163,nodeIdx=0,changeCycle=1,myNode=064cb676...,timecost=6
info|2025-10-11 09:02:49.010466|PBFT-1-0x00007f9950edc700|[g:1][CONSENSUS][PBFT]checkAndChangeView: Reach consensus,org_view=2162,cur_changeCycle=1,curView=2162,view=2163
info|2025-10-11 09:02:50.022485|PBFT-1-0x00007f9950edc700|[g:1][CONSENSUS]addRawPrepare,height=473,reqIdx=3,hash=29123974...,time=0
info|2025-10-11 09:02:50.037523|PBFT-1-0x00007f9950edc700|[g:1][CONSENSUS][PBFT]checkTimeout Succ,view=2163,toView=2164,nodeIdx=0,changeCycle=1,myNode=064cb676...,timecost=15
info|2025-10-11 09:02:50.047025|PBFT-1-0x00007f9950edc700|[g:1][CONSENSUS][PBFT]checkAndChangeView: Reach consensus,org_view=2163,cur_changeCycle=1,curView=2163,view=2164
info|2025-10-11 09:02:51.048820|PBFTSeal-1-0x00007f99496cd700|[g:1][CONSENSUS][SEALER]++++++++++++++++ Generating seal on,blkNum=473,tx=0,nodeIdx=0,hash=72ac6741...
info|2025-10-11 09:02:51.059394|PBFT-1-0x00007f9950edc700|[g:1][CONSENSUS][PBFT]checkTimeout Succ,view=2164,toView=2165,nodeIdx=0,changeCycle=1,myNode=064cb676...,timecost=7
info|2025-10-11 09:02:51.069888|PBFT-1-0x00007f9950edc700|[g:1][CONSENSUS][PBFT]checkAndChangeView: Reach consensus,org_view=2164,cur_changeCycle=1,curView=2164,view=2165
info|2025-10-11 09:02:51.287187|io_service-0x00007f996af10700|[P2P][Service] heartBeat,connected count=3
info|2025-10-11 09:02:53.880804|P2P-0x00007f996bf12700|[g:1] [SYNC][id:064cb676...][Download][Request]Receive block request,peer=374bdfe9...,from=184,to=184
info|2025-10-11 09:02:53.881166|SyncSend-1-0x00007f995d6f5700|[g:1][SYNC][id:064cb676...][Download][Request][BlockSync]Batch blocks for sending,blockSize=24480,number=184,peer=374bdfe9...,timeCost=0
info|2025-10-11 09:02:53.881285|SyncSend-1-0x00007f995d6f5700|[g:1][g:1] [SYNC][id:374bdfe9...][Download][Request][BlockSync]Send block packet,peer=374bdfe9...,blocks=1,bytes(V)=24487
warning|2025-10-11 09:02:55.576758|PBFT-1-0x00007f9950edc700|[g:1][CONSENSUS][PBFT]ViewChangeWarning: not caused by omit empty block ,v=2165,toV=2166,curNum=472,hash=5f36275c...,nodeIdx=0,myNode=064cb676...
info|2025-10-11 09:02:55.577119|PBFT-1-0x00007f9950edc700|[g:1][CONSENSUS][PBFT]checkTimeout Succ,view=2165,toView=2166,nodeIdx=0,changeCycle=2,myNode=064cb676...,timecost=2
info|2025-10-11 09:02:55.594136|PBFT-1-0x00007f9950edc700|[g:1][CONSENSUS][PBFT]checkAndChangeView: Reach consensus,org_view=2165,cur_changeCycle=2,curView=2165,view=2166
info|2025-10-11 09:02:56.601512|PBFT-1-0x00007f9950edc700|[g:1][CONSENSUS]addRawPrepare,height=473,reqIdx=2,hash=db089284...,time=1
info|2025-10-11 09:02:56.604680|PBFT-1-0x00007f9950edc700|[g:1][CONSENSUS][PBFT]checkTimeout Succ,view=2166,toView=2167,nodeIdx=0,changeCycle=1,myNode=064cb676...,timecost=2
info|2025-10-11 09:02:56.615495|PBFT-1-0x00007f9950edc700|[g:1][CONSENSUS][PBFT]checkAndChangeView: Reach consensus,org_view=2166,cur_changeCycle=1,curView=2166,view=2167
info|2025-10-11 09:02:57.616393|PBFT-1-0x00007f9950edc700|[g:1][CONSENSUS]addRawPrepare,height=473,reqIdx=3,hash=6272e409...,time=0
info|2025-10-11 09:02:57.618465|PBFT-1-0x00007f9950edc700|[g:1][CONSENSUS][PBFT]checkTimeout Succ,view=2167,toView=2168,nodeIdx=0,changeCycle=1,myNode=064cb676...,timecost=2
info|2025-10-11 09:02:57.625439|PBFT-1-0x00007f9950edc700|[g:1][CONSENSUS][PBFT]checkAndChangeView: Reach consensus,org_view=2167,cur_changeCycle=1,curView=2167,view=2168
info|2025-10-11 09:02:58.629023|PBFTSeal-1-0x00007f99496cd700|[g:1][CONSENSUS][SEALER]++++++++++++++++ Generating seal on,blkNum=473,tx=0,nodeIdx=0,hash=b9eafe7e...
info|2025-10-11 09:02:58.633248|PBFT-1-0x00007f9950edc700|[g:1][CONSENSUS][PBFT]checkTimeout Succ,view=2168,toView=2169,nodeIdx=0,changeCycle=1,myNode=064cb676...,timecost=2
info|2025-10-11 09:02:58.644166|PBFT-1-0x00007f9950edc700|[g:1][CONSENSUS][PBFT]checkAndChangeView: Reach consensus,org_view=2168,cur_changeCycle=1,curView=2168,view=2169
info|2025-10-11 09:03:01.287404|io_service-0x00007f996af10700|[P2P][Service] heartBeat,connected count=3
warning|2025-10-11 09:03:03.150629|PBFT-1-0x00007f9950edc700|[g:1][CONSENSUS][PBFT]ViewChangeWarning: not caused by omit empty block ,v=2169,toV=2170,curNum=472,hash=5f36275c...,nodeIdx=0,myNode=064cb676...
info|2025-10-11 09:03:03.151035|PBFT-1-0x00007f9950edc700|[g:1][CONSENSUS][PBFT]checkTimeout Succ,view=2169,toView=2170,nodeIdx=0,changeCycle=2,myNode=064cb676...,timecost=3
info|2025-10-11 09:03:03.165071|PBFT-1-0x00007f9950edc700|[g:1][CONSENSUS][PBFT]checkAndChangeView: Reach consensus,org_view=2169,cur_changeCycle=2,curView=2169,view=2170
info|2025-10-11 09:03:04.172963|PBFT-1-0x00007f9950edc700|[g:1][CONSENSUS]addRawPrepare,height=473,reqIdx=2,hash=12da16bd...,time=1
info|2025-10-11 09:03:04.179054|PBFT-1-0x00007f9950edc700|[g:1][CONSENSUS][PBFT]checkTimeout Succ,view=2170,toView=2171,nodeIdx=0,changeCycle=1,myNode=064cb676...,timecost=4
info|2025-10-11 09:03:04.182426|PBFT-1-0x00007f9950edc700|[g:1][CONSENSUS][PBFT]checkAndChangeView: Reach consensus,org_view=2170,cur_changeCycle=1,curView=2170,view=2171
info|2025-10-11 09:03:05.194469|PBFT-1-0x00007f9950edc700|[g:1][CONSENSUS]addRawPrepare,height=473,reqIdx=3,hash=87cfd745...,time=0
info|2025-10-11 09:03:05.196115|PBFT-1-0x00007f9950edc700|[g:1][CONSENSUS][PBFT]checkTimeout Succ,view=2171,toView=2172,nodeIdx=0,changeCycle=1,myNode=064cb676...,timecost=2
info|2025-10-11 09:03:05.204716|PBFT-1-0x00007f9950edc700|[g:1][CONSENSUS][PBFT]checkAndChangeView: Reach consensus,org_view=2171,cur_changeCycle=1,curView=2171,view=2172
info|2025-10-11 09:03:06.206136|PBFTSeal-1-0x00007f99496cd700|[g:1][CONSENSUS][SEALER]++++++++++++++++ Generating seal on,blkNum=473,tx=0,nodeIdx=0,hash=4c7d48e3...
info|2025-10-11 09:03:06.217738|PBFT-1-0x00007f9950edc700|[g:1][CONSENSUS][PBFT]checkTimeout Succ,view=2172,toView=2173,nodeIdx=0,changeCycle=1,myNode=064cb676...,timecost=6
info|2025-10-11 09:03:06.233632|PBFT-1-0x00007f9950edc700|[g:1][CONSENSUS][PBFT]checkAndChangeView: Reach consensus,org_view=2172,cur_changeCycle=1,curView=2172,view=2173
warning|2025-10-11 09:03:10.734864|PBFT-1-0x00007f9950edc700|[g:1][CONSENSUS][PBFT]ViewChangeWarning: not caused by omit empty block ,v=2173,toV=2174,curNum=472,hash=5f36275c...,nodeIdx=0,myNode=064cb676...
info|2025-10-11 09:03:10.735847|PBFT-1-0x00007f9950edc700|[g:1][CONSENSUS][PBFT]checkTimeout Succ,view=2173,toView=2174,nodeIdx=0,changeCycle=2,myNode=064cb676...,timecost=2
info|2025-10-11 09:03:10.743987|PBFT-1-0x00007f9950edc700|[g:1][CONSENSUS][PBFT]checkAndChangeView: Reach consensus,org_view=2173,cur_changeCycle=2,curView=2173,view=2174
info|2025-10-11 09:03:11.287721|io_service-0x00007f996af10700|[P2P][Service] heartBeat,connected count=3
info|2025-10-11 09:03:11.755076|PBFT-1-0x00007f9950edc700|[g:1][CONSENSUS]addRawPrepare,height=473,reqIdx=2,hash=96d30fdc...,time=0
info|2025-10-11 09:03:11.759076|PBFT-1-0x00007f9950edc700|[g:1][CONSENSUS][PBFT]checkTimeout Succ,view=2174,toView=2175,nodeIdx=0,changeCycle=1,myNode=064cb676...,timecost=4
info|2025-10-11 09:03:11.768106|PBFT-1-0x00007f9950edc700|[g:1][CONSENSUS][PBFT]checkAndChangeView: Reach consensus,org_view=2174,cur_changeCycle=1,curView=2174,view=2175
info|2025-10-11 09:03:12.778037|PBFT-1-0x00007f9950edc700|[g:1][CONSENSUS]addRawPrepare,height=473,reqIdx=3,hash=30c7fbc7...,time=0
info|2025-10-11 09:03:12.779372|PBFT-1-0x00007f9950edc700|[g:1][CONSENSUS][PBFT]checkTimeout Succ,view=2175,toView=2176,nodeIdx=0,changeCycle=1,myNode=064cb676...,timecost=1
info|2025-10-11 09:03:12.787415|PBFT-1-0x00007f9950edc700|[g:1][CONSENSUS][PBFT]checkAndChangeView: Reach consensus,org_view=2175,cur_changeCycle=1,curView=2175,view=2176
info|2025-10-11 09:03:13.788502|PBFTSeal-1-0x00007f99496cd700|[g:1][CONSENSUS][SEALER]++++++++++++++++ Generating seal on,blkNum=473,tx=0,nodeIdx=0,hash=7e769e37...
info|2025-10-11 09:03:13.796453|PBFT-1-0x00007f9950edc700|[g:1][CONSENSUS][PBFT]checkTimeout Succ,view=2176,toView=2177,nodeIdx=0,changeCycle=1,myNode=064cb676...,timecost=1
info|2025-10-11 09:03:13.800467|PBFT-1-0x00007f9950edc700|[g:1][CONSENSUS][PBFT]checkAndChangeView: Reach consensus,org_view=2176,cur_changeCycle=1,curView=2176,view=2177
warning|2025-10-11 09:03:18.302718|PBFT-1-0x00007f9950edc700|[g:1][CONSENSUS][PBFT]ViewChangeWarning: not caused by omit empty block ,v=2177,toV=2178,curNum=472,hash=5f36275c...,nodeIdx=0,myNode=064cb676...
info|2025-10-11 09:03:18.302948|PBFT-1-0x00007f9950edc700|[g:1][CONSENSUS][PBFT]checkTimeout Succ,view=2177,toView=2178,nodeIdx=0,changeCycle=2,myNode=064cb676...,timecost=2
info|2025-10-11 09:03:18.316044|PBFT-1-0x00007f9950edc700|[g:1][CONSENSUS][PBFT]checkAndChangeView: Reach consensus,org_view=2177,cur_changeCycle=2,curView=2177,view=2178
info|2025-10-11 09:03:19.322923|PBFT-1-0x00007f9950edc700|[g:1][CONSENSUS]addRawPrepare,height=473,reqIdx=2,hash=c58224c9...,time=0
info|2025-10-11 09:03:19.329394|PBFT-1-0x00007f9950edc700|[g:1][CONSENSUS][PBFT]checkTimeout Succ,view=2178,toView=2179,nodeIdx=0,changeCycle=1,myNode=064cb676...,timecost=6
info|2025-10-11 09:03:19.334884|PBFT-1-0x00007f9950edc700|[g:1][CONSENSUS][PBFT]checkAndChangeView: Reach consensus,org_view=2178,cur_changeCycle=1,curView=2178,view=2179
info|2025-10-11 09:03:19.896401|P2P-0x00007f996bf12700|[g:1] [SYNC][id:064cb676...][Download][Request]Receive block request,peer=374bdfe9...,from=184,to=184
info|2025-10-11 09:03:19.897004|SyncSend-1-0x00007f995d6f5700|[g:1][SYNC][id:064cb676...][Download][Request][BlockSync]Batch blocks for sending,blockSize=24480,number=184,peer=374bdfe9...,timeCost=1
info|2025-10-11 09:03:19.897097|SyncSend-1-0x00007f995d6f5700|[g:1][g:1] [SYNC][id:374bdfe9...][Download][Request][BlockSync]Send block packet,peer=374bdfe9...,blocks=1,bytes(V)=24487
info|2025-10-11 09:03:20.339215|PBFT-1-0x00007f9950edc700|[g:1][CONSENSUS]addRawPrepare,height=473,reqIdx=3,hash=5c898009...,time=0
info|2025-10-11 09:03:20.343214|PBFT-1-0x00007f9950edc700|[g:1][CONSENSUS][PBFT]checkTimeout Succ,view=2179,toView=2180,nodeIdx=0,changeCycle=1,myNode=064cb676...,timecost=4
info|2025-10-11 09:03:20.349360|PBFT-1-0x00007f9950edc700|[g:1][CONSENSUS][PBFT]checkAndChangeView: Reach consensus,org_view=2179,cur_changeCycle=1,curView=2179,view=2180
info|2025-10-11 09:03:21.288677|io_service-0x00007f996af10700|[P2P][Service] heartBeat,connected count=3
info|2025-10-11 09:03:21.350497|PBFTSeal-1-0x00007f99496cd700|[g:1][CONSENSUS][SEALER]++++++++++++++++ Generating seal on,blkNum=473,tx=0,nodeIdx=0,hash=87b57a48...
info|2025-10-11 09:03:21.358984|PBFT-1-0x00007f9950edc700|[g:1][CONSENSUS][PBFT]checkTimeout Succ,view=2180,toView=2181,nodeIdx=0,changeCycle=1,myNode=064cb676...,timecost=7
info|2025-10-11 09:03:21.370476|PBFT-1-0x00007f9950edc700|[g:1][CONSENSUS][PBFT]checkAndChangeView: Reach consensus,org_view=2180,cur_changeCycle=1,curView=2180,view=2181
warning|2025-10-11 09:03:25.878424|PBFT-1-0x00007f9950edc700|[g:1][CONSENSUS][PBFT]ViewChangeWarning: not caused by omit empty block ,v=2181,toV=2182,curNum=472,hash=5f36275c...,nodeIdx=0,myNode=064cb676...
info|2025-10-11 09:03:25.878865|PBFT-1-0x00007f9950edc700|[g:1][CONSENSUS][PBFT]checkTimeout Succ,view=2181,toView=2182,nodeIdx=0,changeCycle=2,myNode=064cb676...,timecost=2
info|2025-10-11 09:03:25.891406|PBFT-1-0x00007f9950edc700|[g:1][CONSENSUS][PBFT]checkAndChangeView: Reach consensus,org_view=2181,cur_changeCycle=2,curView=2181,view=2182
info|2025-10-11 09:03:26.893406|PBFT-1-0x00007f9950edc700|[g:1][CONSENSUS]addRawPrepare,height=473,reqIdx=2,hash=a2466814...,time=0
info|2025-10-11 09:03:26.897197|PBFT-1-0x00007f9950edc700|[g:1][CONSENSUS][PBFT]checkTimeout Succ,view=2182,toView=2183,nodeIdx=0,changeCycle=1,myNode=064cb676...,timecost=4
info|2025-10-11 09:03:26.914299|PBFT-1-0x00007f9950edc700|[g:1][CONSENSUS][PBFT]checkAndChangeView: Reach consensus,org_view=2182,cur_changeCycle=1,curView=2182,view=2183
info|2025-10-11 09:03:27.922467|PBFT-1-0x00007f9950edc700|[g:1][CONSENSUS]addRawPrepare,height=473,reqIdx=3,hash=75f45245...,time=0
info|2025-10-11 09:03:27.925551|PBFT-1-0x00007f9950edc700|[g:1][CONSENSUS][PBFT]checkTimeout Succ,view=2183,toView=2184,nodeIdx=0,changeCycle=1,myNode=064cb676...,timecost=3
info|2025-10-11 09:03:27.940483|PBFT-1-0x00007f9950edc700|[g:1][CONSENSUS][PBFT]checkAndChangeView: Reach consensus,org_view=2183,cur_changeCycle=1,curView=2183,view=2184
info|2025-10-11 09:03:28.940764|PBFTSeal-1-0x00007f99496cd700|[g:1][CONSENSUS][SEALER]++++++++++++++++ Generating seal on,blkNum=473,tx=0,nodeIdx=0,hash=a9fe899e...
info|2025-10-11 09:03:28.952148|PBFT-1-0x00007f9950edc700|[g:1][CONSENSUS][PBFT]checkTimeout Succ,view=2184,toView=2185,nodeIdx=0,changeCycle=1,myNode=064cb676...,timecost=4
info|2025-10-11 09:03:28.977260|PBFT-1-0x00007f9950edc700|[g:1][CONSENSUS][PBFT]checkAndChangeView: Reach consensus,org_view=2184,cur_changeCycle=1,curView=2184,view=2185
info|2025-10-11 09:03:31.289248|io_service-0x00007f996af10700|[P2P][Service] heartBeat,connected count=3
warning|2025-10-11 09:03:33.492949|PBFT-1-0x00007f9950edc700|[g:1][CONSENSUS][PBFT]ViewChangeWarning: not caused by omit empty block ,v=2185,toV=2186,curNum=472,hash=5f36275c...,nodeIdx=0,myNode=064cb676...
info|2025-10-11 09:03:33.493173|PBFT-1-0x00007f9950edc700|[g:1][CONSENSUS][PBFT]checkTimeout Succ,view=2185,toView=2186,nodeIdx=0,changeCycle=2,myNode=064cb676...,timecost=4
info|2025-10-11 09:03:33.498524|PBFT-1-0x00007f9950edc700|[g:1][CONSENSUS][PBFT]checkAndChangeView: Reach consensus,org_view=2185,cur_changeCycle=2,curView=2185,view=2186
info|2025-10-11 09:03:34.513002|PBFT-1-0x00007f9950edc700|[g:1][CONSENSUS]addRawPrepare,height=473,reqIdx=2,hash=f087f7d9...,time=1
info|2025-10-11 09:03:34.514568|PBFT-1-0x00007f9950edc700|[g:1][CONSENSUS][PBFT]checkTimeout Succ,view=2186,toView=2187,nodeIdx=0,changeCycle=1,myNode=064cb676...,timecost=1
info|2025-10-11 09:03:34.531445|PBFT-1-0x00007f9950edc700|[g:1][CONSENSUS][PBFT]checkAndChangeView: Reach consensus,org_view=2186,cur_changeCycle=1,curView=2186,view=2187
info|2025-10-11 09:03:35.552920|PBFT-1-0x00007f9950edc700|[g:1][CONSENSUS]addRawPrepare,height=473,reqIdx=3,hash=8a9392fc...,time=0
info|2025-10-11 09:03:35.556522|PBFT-1-0x00007f9950edc700|[g:1][CONSENSUS][PBFT]checkTimeout Succ,view=2187,toView=2188,nodeIdx=0,changeCycle=1,myNode=064cb676...,timecost=3
info|2025-10-11 09:03:35.575428|PBFT-1-0x00007f9950edc700|[g:1][CONSENSUS][PBFT]checkAndChangeView: Reach consensus,org_view=2187,cur_changeCycle=1,curView=2187,view=2188
info|2025-10-11 09:03:36.576540|PBFTSeal-1-0x00007f99496cd700|[g:1][CONSENSUS][SEALER]++++++++++++++++ Generating seal on,blkNum=473,tx=0,nodeIdx=0,hash=ee250887...
info|2025-10-11 09:03:36.591559|PBFT-1-0x00007f9950edc700|[g:1][CONSENSUS][PBFT]checkTimeout Succ,view=2188,toView=2189,nodeIdx=0,changeCycle=1,myNode=064cb676...,timecost=2
info|2025-10-11 09:03:36.603105|PBFT-1-0x00007f9950edc700|[g:1][CONSENSUS][PBFT]checkAndChangeView: Reach consensus,org_view=2188,cur_changeCycle=1,curView=2188,view=2189
warning|2025-10-11 09:03:41.115473|PBFT-1-0x00007f9950edc700|[g:1][CONSENSUS][PBFT]ViewChangeWarning: not caused by omit empty block ,v=2189,toV=2190,curNum=472,hash=5f36275c...,nodeIdx=0,myNode=064cb676...
info|2025-10-11 09:03:41.116145|PBFT-1-0x00007f9950edc700|[g:1][CONSENSUS][PBFT]checkTimeout Succ,view=2189,toView=2190,nodeIdx=0,changeCycle=2,myNode=064cb676...,timecost=6
info|2025-10-11 09:03:41.134717|PBFT-1-0x00007f9950edc700|[g:1][CONSENSUS][PBFT]checkAndChangeView: Reach consensus,org_view=2189,cur_changeCycle=2,curView=2189,view=2190
info|2025-10-11 09:03:41.289933|io_service-0x00007f996af10700|[P2P][Service] heartBeat,connected count=3
info|2025-10-11 09:03:42.143830|PBFT-1-0x00007f9950edc700|[g:1][CONSENSUS]addRawPrepare,height=473,reqIdx=2,hash=e70541a4...,time=0
info|2025-10-11 09:03:42.150120|PBFT-1-0x00007f9950edc700|[g:1][CONSENSUS][PBFT]checkTimeout Succ,view=2190,toView=2191,nodeIdx=0,changeCycle=1,myNode=064cb676...,timecost=2
info|2025-10-11 09:03:42.168608|PBFT-1-0x00007f9950edc700|[g:1][CONSENSUS][PBFT]checkAndChangeView: Reach consensus,org_view=2190,cur_changeCycle=1,curView=2190,view=2191
info|2025-10-11 09:03:43.183403|PBFT-1-0x00007f9950edc700|[g:1][CONSENSUS]addRawPrepare,height=473,reqIdx=3,hash=10c753dd...,time=0
info|2025-10-11 09:03:43.190564|PBFT-1-0x00007f9950edc700|[g:1][CONSENSUS][PBFT]checkTimeout Succ,view=2191,toView=2192,nodeIdx=0,changeCycle=1,myNode=064cb676...,timecost=6
info|2025-10-11 09:03:43.204154|PBFT-1-0x00007f9950edc700|[g:1][CONSENSUS][PBFT]checkAndChangeView: Reach consensus,org_view=2191,cur_changeCycle=1,curView=2191,view=2192
info|2025-10-11 09:03:44.206565|PBFTSeal-1-0x00007f99496cd700|[g:1][CONSENSUS][SEALER]++++++++++++++++ Generating seal on,blkNum=473,tx=0,nodeIdx=0,hash=2bd0ec7b...
info|2025-10-11 09:03:44.222012|PBFT-1-0x00007f9950edc700|[g:1][CONSENSUS][PBFT]checkTimeout Succ,view=2192,toView=2193,nodeIdx=0,changeCycle=1,myNode=064cb676...,timecost=5
info|2025-10-11 09:03:44.237722|PBFT-1-0x00007f9950edc700|[g:1][CONSENSUS][PBFT]checkAndChangeView: Reach consensus,org_view=2192,cur_changeCycle=1,curView=2192,view=2193
info|2025-10-11 09:03:45.850790|P2P-0x00007f996bf12700|[g:1] [SYNC][id:064cb676...][Download][Request]Receive block request,peer=374bdfe9...,from=184,to=184
info|2025-10-11 09:03:45.851503|SyncSend-1-0x00007f995d6f5700|[g:1][SYNC][id:064cb676...][Download][Request][BlockSync]Batch blocks for sending,blockSize=24480,number=184,peer=374bdfe9...,timeCost=0
info|2025-10-11 09:03:45.851662|SyncSend-1-0x00007f995d6f5700|[g:1][g:1] [SYNC][id:374bdfe9...][Download][Request][BlockSync]Send block packet,peer=374bdfe9...,blocks=1,bytes(V)=24487
warning|2025-10-11 09:03:48.743951|PBFT-1-0x00007f9950edc700|[g:1][CONSENSUS][PBFT]ViewChangeWarning: not caused by omit empty block ,v=2193,toV=2194,curNum=472,hash=5f36275c...,nodeIdx=0,myNode=064cb676...
info|2025-10-11 09:03:48.752506|PBFT-1-0x00007f9950edc700|[g:1][CONSENSUS][PBFT]checkTimeout Succ,view=2193,toView=2194,nodeIdx=0,changeCycle=2,myNode=064cb676...,timecost=10
info|2025-10-11 09:03:48.769072|PBFT-1-0x00007f9950edc700|[g:1][CONSENSUS][PBFT]checkAndChangeView: Reach consensus,org_view=2193,cur_changeCycle=2,curView=2193,view=2194
info|2025-10-11 09:03:49.778133|PBFT-1-0x00007f9950edc700|[g:1][CONSENSUS]addRawPrepare,height=473,reqIdx=2,hash=aff6934c...,time=0
info|2025-10-11 09:03:49.779961|PBFT-1-0x00007f9950edc700|[g:1][CONSENSUS][PBFT]checkTimeout Succ,view=2194,toView=2195,nodeIdx=0,changeCycle=1,myNode=064cb676...,timecost=1
info|2025-10-11 09:03:49.788839|PBFT-1-0x00007f9950edc700|[g:1][CONSENSUS][PBFT]checkAndChangeView: Reach consensus,org_view=2194,cur_changeCycle=1,curView=2194,view=2195
info|2025-10-11 09:03:50.801305|PBFT-1-0x00007f9950edc700|[g:1][CONSENSUS]addRawPrepare,height=473,reqIdx=3,hash=ebbd0b36...,time=0
info|2025-10-11 09:03:50.816155|PBFT-1-0x00007f9950edc700|[g:1][CONSENSUS][PBFT]checkTimeout Succ,view=2195,toView=2196,nodeIdx=0,changeCycle=1,myNode=064cb676...,timecost=15
info|2025-10-11 09:03:50.829435|PBFT-1-0x00007f9950edc700|[g:1][CONSENSUS][PBFT]checkAndChangeView: Reach consensus,org_view=2195,cur_changeCycle=1,curView=2195,view=2196
info|2025-10-11 09:03:51.290194|io_service-0x00007f996af10700|[P2P][Service] heartBeat,connected count=3
info|2025-10-11 09:03:51.830083|PBFTSeal-1-0x00007f99496cd700|[g:1][CONSENSUS][SEALER]++++++++++++++++ Generating seal on,blkNum=473,tx=0,nodeIdx=0,hash=e89057b7...
info|2025-10-11 09:03:51.840939|PBFT-1-0x00007f9950edc700|[g:1][CONSENSUS][PBFT]checkTimeout Succ,view=2196,toView=2197,nodeIdx=0,changeCycle=1,myNode=064cb676...,timecost=1
info|2025-10-11 09:03:51.855980|PBFT-1-0x00007f9950edc700|[g:1][CONSENSUS][PBFT]checkAndChangeView: Reach consensus,org_view=2196,cur_changeCycle=1,curView=2196,view=2197
warning|2025-10-11 09:03:56.366351|PBFT-1-0x00007f9950edc700|[g:1][CONSENSUS][PBFT]ViewChangeWarning: not caused by omit empty block ,v=2197,toV=2198,curNum=472,hash=5f36275c...,nodeIdx=0,myNode=064cb676...
info|2025-10-11 09:03:56.366721|PBFT-1-0x00007f9950edc700|[g:1][CONSENSUS][PBFT]checkTimeout Succ,view=2197,toView=2198,nodeIdx=0,changeCycle=2,myNode=064cb676...,timecost=2
info|2025-10-11 09:03:56.379429|PBFT-1-0x00007f9950edc700|[g:1][CONSENSUS][PBFT]checkAndChangeView: Reach consensus,org_view=2197,cur_changeCycle=2,curView=2197,view=2198
info|2025-10-11 09:03:57.383700|PBFT-1-0x00007f9950edc700|[g:1][CONSENSUS]addRawPrepare,height=473,reqIdx=2,hash=28ae4f34...,time=0
info|2025-10-11 09:03:57.397878|PBFT-1-0x00007f9950edc700|[g:1][CONSENSUS][PBFT]checkTimeout Succ,view=2198,toView=2199,nodeIdx=0,changeCycle=1,myNode=064cb676...,timecost=12
info|2025-10-11 09:03:57.402477|PBFT-1-0x00007f9950edc700|[g:1][CONSENSUS][PBFT]checkAndChangeView: Reach consensus,org_view=2198,cur_changeCycle=1,curView=2198,view=2199
info|2025-10-11 09:03:58.411410|PBFT-1-0x00007f9950edc700|[g:1][CONSENSUS]addRawPrepare,height=473,reqIdx=3,hash=85d5e7ae...,time=0
info|2025-10-11 09:03:58.433895|PBFT-1-0x00007f9950edc700|[g:1][CONSENSUS][PBFT]checkTimeout Succ,view=2199,toView=2200,nodeIdx=0,changeCycle=1,myNode=064cb676...,timecost=22
info|2025-10-11 09:03:58.448963|PBFT-1-0x00007f9950edc700|[g:1][CONSENSUS][PBFT]checkAndChangeView: Reach consensus,org_view=2199,cur_changeCycle=1,curView=2199,view=2200
info|2025-10-11 09:03:59.449151|PBFTSeal-1-0x00007f99496cd700|[g:1][CONSENSUS][SEALER]++++++++++++++++ Generating seal on,blkNum=473,tx=0,nodeIdx=0,hash=a899cd1f...
info|2025-10-11 09:03:59.461044|PBFT-1-0x00007f9950edc700|[g:1][CONSENSUS][PBFT]checkTimeout Succ,view=2200,toView=2201,nodeIdx=0,changeCycle=1,myNode=064cb676...,timecost=4
info|2025-10-11 09:03:59.474344|PBFT-1-0x00007f9950edc700|[g:1][CONSENSUS][PBFT]checkAndChangeView: Reach consensus,org_view=2200,cur_changeCycle=1,curView=2200,view=2201
info|2025-10-11 09:04:01.290460|io_service-0x00007f996af10700|[P2P][Service] heartBeat,connected count=3
warning|2025-10-11 09:04:03.983571|PBFT-1-0x00007f9950edc700|[g:1][CONSENSUS][PBFT]ViewChangeWarning: not caused by omit empty block ,v=2201,toV=2202,curNum=472,hash=5f36275c...,nodeIdx=0,myNode=064cb676...
info|2025-10-11 09:04:03.983921|PBFT-1-0x00007f9950edc700|[g:1][CONSENSUS][PBFT]checkTimeout Succ,view=2201,toView=2202,nodeIdx=0,changeCycle=2,myNode=064cb676...,timecost=2
info|2025-10-11 09:04:03.994919|PBFT-1-0x00007f9950edc700|[g:1][CONSENSUS][PBFT]checkAndChangeView: Reach consensus,org_view=2201,cur_changeCycle=2,curView=2201,view=2202
info|2025-10-11 09:04:04.998233|PBFT-1-0x00007f9950edc700|[g:1][CONSENSUS]addRawPrepare,height=473,reqIdx=2,hash=2f01c515...,time=0
info|2025-10-11 09:04:05.004938|PBFT-1-0x00007f9950edc700|[g:1][CONSENSUS][PBFT]checkTimeout Succ,view=2202,toView=2203,nodeIdx=0,changeCycle=1,myNode=064cb676...,timecost=6
info|2025-10-11 09:04:05.008765|PBFT-1-0x00007f9950edc700|[g:1][CONSENSUS][PBFT]checkAndChangeView: Reach consensus,org_view=2202,cur_changeCycle=1,curView=2202,view=2203
info|2025-10-11 09:04:05.395507|P2P-0x00007f996c713700|[g:1] [SYNC][id:064cb676...][Download][Request]Receive block request,peer=374bdfe9...,from=184,to=184
info|2025-10-11 09:04:05.396157|SyncSend-1-0x00007f995d6f5700|[g:1][SYNC][id:064cb676...][Download][Request][BlockSync]Batch blocks for sending,blockSize=24480,number=184,peer=374bdfe9...,timeCost=1
info|2025-10-11 09:04:05.396343|SyncSend-1-0x00007f995d6f5700|[g:1][g:1] [SYNC][id:374bdfe9...][Download][Request][BlockSync]Send block packet,peer=374bdfe9...,blocks=1,bytes(V)=24487
info|2025-10-11 09:04:06.013108|PBFT-1-0x00007f9950edc700|[g:1][CONSENSUS]addRawPrepare,height=473,reqIdx=3,hash=a1614ee8...,time=0
info|2025-10-11 09:04:06.015962|PBFT-1-0x00007f9950edc700|[g:1][CONSENSUS][PBFT]checkTimeout Succ,view=2203,toView=2204,nodeIdx=0,changeCycle=1,myNode=064cb676...,timecost=2
info|2025-10-11 09:04:06.026008|PBFT-1-0x00007f9950edc700|[g:1][CONSENSUS][PBFT]checkAndChangeView: Reach consensus,org_view=2203,cur_changeCycle=1,curView=2203,view=2204
info|2025-10-11 09:04:07.027253|PBFTSeal-1-0x00007f99496cd700|[g:1][CONSENSUS][SEALER]++++++++++++++++ Generating seal on,blkNum=473,tx=0,nodeIdx=0,hash=38f2f6a5...
info|2025-10-11 09:04:07.032903|PBFT-1-0x00007f9950edc700|[g:1][CONSENSUS][PBFT]checkTimeout Succ,view=2204,toView=2205,nodeIdx=0,changeCycle=1,myNode=064cb676...,timecost=2
info|2025-10-11 09:04:07.045109|PBFT-1-0x00007f9950edc700|[g:1][CONSENSUS][PBFT]checkAndChangeView: Reach consensus,org_view=2204,cur_changeCycle=1,curView=2204,view=2205
info|2025-10-11 09:04:11.291219|io_service-0x00007f996af10700|[P2P][Service] heartBeat,connected count=3
warning|2025-10-11 09:04:11.552351|PBFT-1-0x00007f9950edc700|[g:1][CONSENSUS][PBFT]ViewChangeWarning: not caused by omit empty block ,v=2205,toV=2206,curNum=472,hash=5f36275c...,nodeIdx=0,myNode=064cb676...
info|2025-10-11 09:04:11.552551|PBFT-1-0x00007f9950edc700|[g:1][CONSENSUS][PBFT]checkTimeout Succ,view=2205,toView=2206,nodeIdx=0,changeCycle=2,myNode=064cb676...,timecost=2
info|2025-10-11 09:04:11.564327|PBFT-1-0x00007f9950edc700|[g:1][CONSENSUS][PBFT]checkAndChangeView: Reach consensus,org_view=2205,cur_changeCycle=2,curView=2205,view=2206
info|2025-10-11 09:04:12.571274|PBFT-1-0x00007f9950edc700|[g:1][CONSENSUS]addRawPrepare,height=473,reqIdx=2,hash=a6c9143d...,time=0
info|2025-10-11 09:04:12.576927|PBFT-1-0x00007f9950edc700|[g:1][CONSENSUS][PBFT]checkTimeout Succ,view=2206,toView=2207,nodeIdx=0,changeCycle=1,myNode=064cb676...,timecost=5
info|2025-10-11 09:04:12.582689|PBFT-1-0x00007f9950edc700|[g:1][CONSENSUS][PBFT]checkAndChangeView: Reach consensus,org_view=2206,cur_changeCycle=1,curView=2206,view=2207
info|2025-10-11 09:04:13.588681|PBFT-1-0x00007f9950edc700|[g:1][CONSENSUS]addRawPrepare,height=473,reqIdx=3,hash=6f0d5b5d...,time=0
info|2025-10-11 09:04:13.591273|PBFT-1-0x00007f9950edc700|[g:1][CONSENSUS][PBFT]checkTimeout Succ,view=2207,toView=2208,nodeIdx=0,changeCycle=1,myNode=064cb676...,timecost=3
info|2025-10-11 09:04:13.596684|PBFT-1-0x00007f9950edc700|[g:1][CONSENSUS][PBFT]checkAndChangeView: Reach consensus,org_view=2207,cur_changeCycle=1,curView=2207,view=2208
info|2025-10-11 09:04:14.596583|PBFTSeal-1-0x00007f99496cd700|[g:1][CONSENSUS][SEALER]++++++++++++++++ Generating seal on,blkNum=473,tx=0,nodeIdx=0,hash=6939138d...
info|2025-10-11 09:04:14.607276|PBFT-1-0x00007f9950edc700|[g:1][CONSENSUS][PBFT]checkTimeout Succ,view=2208,toView=2209,nodeIdx=0,changeCycle=1,myNode=064cb676...,timecost=2
info|2025-10-11 09:04:14.614907|PBFT-1-0x00007f9950edc700|[g:1][CONSENSUS][PBFT]checkAndChangeView: Reach consensus,org_view=2208,cur_changeCycle=1,curView=2208,view=2209
warning|2025-10-11 09:04:19.128750|PBFT-1-0x00007f9950edc700|[g:1][CONSENSUS][PBFT]ViewChangeWarning: not caused by omit empty block ,v=2209,toV=2210,curNum=472,hash=5f36275c...,nodeIdx=0,myNode=064cb676...
info|2025-10-11 09:04:19.134735|PBFT-1-0x00007f9950edc700|[g:1][CONSENSUS][PBFT]checkTimeout Succ,view=2209,toView=2210,nodeIdx=0,changeCycle=2,myNode=064cb676...,timecost=16
info|2025-10-11 09:04:19.147773|PBFT-1-0x00007f9950edc700|[g:1][CONSENSUS][PBFT]checkAndChangeView: Reach consensus,org_view=2209,cur_changeCycle=2,curView=2209,view=2210
info|2025-10-11 09:04:20.148895|PBFT-1-0x00007f9950edc700|[g:1][CONSENSUS]addRawPrepare,height=473,reqIdx=2,hash=2de7e8d6...,time=0
info|2025-10-11 09:04:20.151713|PBFT-1-0x00007f9950edc700|[g:1][CONSENSUS][PBFT]checkTimeout Succ,view=2210,toView=2211,nodeIdx=0,changeCycle=1,myNode=064cb676...,timecost=3
info|2025-10-11 09:04:20.162091|PBFT-1-0x00007f9950edc700|[g:1][CONSENSUS][PBFT]checkAndChangeView: Reach consensus,org_view=2210,cur_changeCycle=1,curView=2210,view=2211
info|2025-10-11 09:04:21.169048|PBFT-1-0x00007f9950edc700|[g:1][CONSENSUS]addRawPrepare,height=473,reqIdx=3,hash=5bce0a2d...,time=1
info|2025-10-11 09:04:21.171014|PBFT-1-0x00007f9950edc700|[g:1][CONSENSUS][PBFT]checkTimeout Succ,view=2211,toView=2212,nodeIdx=0,changeCycle=1,myNode=064cb676...,timecost=2
info|2025-10-11 09:04:21.185652|PBFT-1-0x00007f9950edc700|[g:1][CONSENSUS][PBFT]checkAndChangeView: Reach consensus,org_view=2211,cur_changeCycle=1,curView=2211,view=2212
info|2025-10-11 09:04:21.291958|io_service-0x00007f996af10700|[P2P][Service] heartBeat,connected count=3
info|2025-10-11 09:04:22.186479|PBFTSeal-1-0x00007f99496cd700|[g:1][CONSENSUS][SEALER]++++++++++++++++ Generating seal on,blkNum=473,tx=0,nodeIdx=0,hash=4e98e53f...
info|2025-10-11 09:04:22.194888|PBFT-1-0x00007f9950edc700|[g:1][CONSENSUS][PBFT]checkTimeout Succ,view=2212,toView=2213,nodeIdx=0,changeCycle=1,myNode=064cb676...,timecost=5
info|2025-10-11 09:04:22.212503|PBFT-1-0x00007f9950edc700|[g:1][CONSENSUS][PBFT]checkAndChangeView: Reach consensus,org_view=2212,cur_changeCycle=1,curView=2212,view=2213
warning|2025-10-11 09:04:26.748719|PBFT-1-0x00007f9950edc700|[g:1][CONSENSUS][PBFT]ViewChangeWarning: not caused by omit empty block ,v=2213,toV=2214,curNum=472,hash=5f36275c...,nodeIdx=0,myNode=064cb676...
info|2025-10-11 09:04:26.757028|PBFT-1-0x00007f9950edc700|[g:1][CONSENSUS][PBFT]checkTimeout Succ,view=2213,toView=2214,nodeIdx=0,changeCycle=2,myNode=064cb676...,timecost=11
info|2025-10-11 09:04:26.766361|PBFT-1-0x00007f9950edc700|[g:1][CONSENSUS][PBFT]checkAndChangeView: Reach consensus,org_view=2213,cur_changeCycle=2,curView=2213,view=2214
info|2025-10-11 09:04:27.768142|PBFT-1-0x00007f9950edc700|[g:1][CONSENSUS]addRawPrepare,height=473,reqIdx=2,hash=d37e9a6c...,time=0
info|2025-10-11 09:04:27.771736|PBFT-1-0x00007f9950edc700|[g:1][CONSENSUS][PBFT]checkTimeout Succ,view=2214,toView=2215,nodeIdx=0,changeCycle=1,myNode=064cb676...,timecost=2
info|2025-10-11 09:04:27.775663|PBFT-1-0x00007f9950edc700|[g:1][CONSENSUS][PBFT]checkAndChangeView: Reach consensus,org_view=2214,cur_changeCycle=1,curView=2214,view=2215
info|2025-10-11 09:04:28.784733|PBFT-1-0x00007f9950edc700|[g:1][CONSENSUS]addRawPrepare,height=473,reqIdx=3,hash=170842f4...,time=0
info|2025-10-11 09:04:28.793580|PBFT-1-0x00007f9950edc700|[g:1][CONSENSUS][PBFT]checkTimeout Succ,view=2215,toView=2216,nodeIdx=0,changeCycle=1,myNode=064cb676...,timecost=9
info|2025-10-11 09:04:28.818713|PBFT-1-0x00007f9950edc700|[g:1][CONSENSUS][PBFT]checkAndChangeView: Reach consensus,org_view=2215,cur_changeCycle=1,curView=2215,view=2216
info|2025-10-11 09:04:28.926364|fisco-bcos-0x00007f996dc89dc0|[LEDGER]stop sealer,groupID=1
info|2025-10-11 09:04:28.926457|fisco-bcos-0x00007f996dc89dc0|[CONSENSUS][SEALER]Stop sealer module...
info|2025-10-11 09:04:28.930430|fisco-bcos-0x00007f996dc89dc0|[CONSENSUS][ConsensusEngine][Stop ConsensusEngineBase]
info|2025-10-11 09:04:28.937029|fisco-bcos-0x00007f996dc89dc0|[CONSENSUS][ConsensusEngine]ConsensusEngineBase stopped
info|2025-10-11 09:04:28.937063|fisco-bcos-0x00007f996dc89dc0|[LEDGER]sealer stopped. stop sync,groupID=1
info|2025-10-11 09:04:28.938069|fisco-bcos-0x00007f996dc89dc0|[g:1] [SYNC][id:064cb676...]SyncMsgEngine stopped
info|2025-10-11 09:04:28.976394|fisco-bcos-0x00007f996dc89dc0|[GossipBlockStatus]stop GossipBlockStatus succ
info|2025-10-11 09:04:29.425558|fisco-bcos-0x00007f996dc89dc0|[SYNC][id:064cb676...][g:1]SyncMaster stopped
info|2025-10-11 09:04:29.425645|fisco-bcos-0x00007f996dc89dc0|[LEDGER]sync stopped. stop event filter manager,groupID=1
info|2025-10-11 09:04:29.470147|fisco-bcos-0x00007f996dc89dc0|[EVENT][EventLogFilterManager]stop
info|2025-10-11 09:04:29.470184|fisco-bcos-0x00007f996dc89dc0|[LEDGER]event filter manager stopped. stop tx pool,groupID=1
info|2025-10-11 09:04:29.472351|fisco-bcos-0x00007f996dc89dc0|[LEDGER]removeNetworkStatHandlerByGroupID and removeGroupBandwidthLimiter for service,groupID=1
info|2025-10-11 09:04:29.472473|fisco-bcos-0x00007f996dc89dc0|[CHANNEL]removeSDKAllowListByGroupId,groupId=1
info|2025-10-11 09:04:29.472502|fisco-bcos-0x00007f996dc89dc0|[INITIALIZER]ledgerInitializer stopped
warning|2025-10-11 09:04:29.472855|ChannelServer-0x00007f9961efe700|[CHANNEL]Accept failed,message=Operation canceled
warning|2025-10-11 09:04:29.473806|ChannelServer-0x00007f9961efe700|[CHANNEL]Accept failed,message=Operation canceled
info|2025-10-11 09:04:29.473999|ChannelServer-0x00007f9961efe700|[CHANNEL]Receive new connection,from=0.0.0.0:0
warning|2025-10-11 09:04:29.474329|ChannelServer-0x00007f9961efe700|[CHANNEL]SSL handshake error,remoteHost=0.0.0.0,remotePort=0,message=Bad file descriptor
info|2025-10-11 09:04:29.474502|ChannelServer-0x00007f9961efe700|[CHANNEL]Receive new connection,from=0.0.0.0:0
warning|2025-10-11 09:04:29.474638|ChannelServer-0x00007f9961efe700|[CHANNEL]SSL handshake error,remoteHost=0.0.0.0,remotePort=0,message=Bad file descriptor
info|2025-10-11 09:04:29.474696|ChannelServer-0x00007f9961efe700|[CHANNEL]Receive new connection,from=0.0.0.0:0
warning|2025-10-11 09:04:29.474752|ChannelServer-0x00007f9961efe700|[CHANNEL]SSL handshake error,remoteHost=0.0.0.0,remotePort=0,message=Bad file descriptor
info|2025-10-11 09:04:29.474789|ChannelServer-0x00007f9961efe700|[CHANNEL]Receive new connection,from=0.0.0.0:0
warning|2025-10-11 09:04:29.474835|ChannelServer-0x00007f9961efe700|[CHANNEL]SSL handshake error,remoteHost=0.0.0.0,remotePort=0,message=Bad file descriptor
info|2025-10-11 09:04:29.474943|ChannelServer-0x00007f9961efe700|[CHANNEL]Receive new connection,from=0.0.0.0:0
info|2025-10-11 09:04:30.368998|io_service-0x00007f996af10700|[NETWORK][Session]doRead failed,endpoint=127.0.0.1:37526,message=short read (SSL routines, SSL routines)
info|2025-10-11 09:04:30.369127|io_service-0x00007f996af10700|[NETWORK][Session]drop, call and erase all callbackFunc of the session!,endpoint=127.0.0.1:37526
info|2025-10-11 09:04:30.369150|io_service-0x00007f996af10700|[NETWORK][Session][drop] closing remote 127.0.0.1:37526,reason=Low-level TCP communication failed.,endpoint=127.0.0.1:37526
info|2025-10-11 09:04:30.369254|io_service-0x00007f996af10700|[NETWORK][Session]Session inactive
info|2025-10-11 09:04:30.369263|io_service-0x00007f996af10700|[NETWORK][Session]Session inactive
info|2025-10-11 09:04:30.369269|io_service-0x00007f996af10700|[NETWORK][Session][drop] shutdown failed ,code=9,message=Bad file descriptor
info|2025-10-11 09:04:30.369296|P2P-0x00007f996c713700|[P2P][Service] disconnect inactive P2PSession,nodeID=374bdfe9...,endpoint=127.0.0.1:37526,code=3,what=Disconnect
info|2025-10-11 09:04:30.369358|P2P-0x00007f996c713700|[P2P][Service] onDisconnect,code=3,what=Dynamic exception type: dev::network::NetworkException
std::exception::what: Disconnect
info|2025-10-11 09:04:30.475666|fisco-bcos-0x00007f996dc89dc0|[INITIALIZER]ChannelRPCHttpServer deleted.
info|2025-10-11 09:04:30.477172|fisco-bcos-0x00007f996dc89dc0|[INITIALIZER]JsonrpcHttpServer deleted.
info|2025-10-11 09:04:30.477204|fisco-bcos-0x00007f996dc89dc0|[INITIALIZER]RPCInitializer stopped
info|2025-10-11 09:04:30.477304|io_service-0x00007f996af10700|[NETWORK][Host]Host exit
info|2025-10-11 09:04:30.481552|fisco-bcos-0x00007f996dc89dc0|[INITIALIZER]P2PInitializer stopped
info|2025-10-11 09:04:30.481692|fisco-bcos-0x00007f996dc89dc0|[LEDGER]stop sealer,groupID=1
info|2025-10-11 09:04:30.481712|fisco-bcos-0x00007f996dc89dc0|[LEDGER]sealer stopped. stop sync,groupID=1
info|2025-10-11 09:04:30.481724|fisco-bcos-0x00007f996dc89dc0|[g:1] [SYNC][id:064cb676...]SyncMsgEngine stopped
info|2025-10-11 09:04:30.481739|fisco-bcos-0x00007f996dc89dc0|[GossipBlockStatus]GossipBlockStatus already stopped
info|2025-10-11 09:04:30.481743|fisco-bcos-0x00007f996dc89dc0|[SYNC][id:064cb676...][g:1]SyncMaster stopped
info|2025-10-11 09:04:30.481748|fisco-bcos-0x00007f996dc89dc0|[LEDGER]sync stopped. stop event filter manager,groupID=1
info|2025-10-11 09:04:30.481752|fisco-bcos-0x00007f996dc89dc0|[LEDGER]event filter manager stopped. stop tx pool,groupID=1
info|2025-10-11 09:04:30.481760|fisco-bcos-0x00007f996dc89dc0|[LEDGER]removeNetworkStatHandlerByGroupID and removeGroupBandwidthLimiter for service,groupID=1
info|2025-10-11 09:04:30.481774|fisco-bcos-0x00007f996dc89dc0|[g:1][STORAGE][CachedStorage]Stopping flushStorage thread
info|2025-10-11 09:04:31.382875|fisco-bcos-0x00007f996dc89dc0|[g:1][STORAGE][CachedStorage]flushStorage thread stopped.
info|2025-10-11 09:04:31.382913|fisco-bcos-0x00007f996dc89dc0|[DBINITIALIZER] storage stopped
info|2025-10-11 09:04:31.403706|fisco-bcos-0x00007f996dc89dc0|[g:1] [SYNC][id:064cb676...]SyncMsgEngine stopped
info|2025-10-11 09:04:31.403759|fisco-bcos-0x00007f996dc89dc0|[GossipBlockStatus]GossipBlockStatus already stopped
info|2025-10-11 09:04:31.403766|fisco-bcos-0x00007f996dc89dc0|[SYNC][id:064cb676...][g:1]SyncMaster stopped
info|2025-10-11 09:04:31.403794|fisco-bcos-0x00007f996dc89dc0|[g:1] [SYNC][id:064cb676...]SyncMsgEngine stopped
