info|2025-10-09 23:00:00.140692|Sync-1-0x00007fa4bbd64700|[g:1][SYNC][id:064cb676...]print sync info,peersCount=3,infoJson={"blockNumber":242,"genesisHash":"f0d3e67991e2c3d83533c031601c30c4741aba35d7d8017900779abe4ae22efe","isSyncing":false,"knownHighestNumber":242,"knownLatestHash":"99e4206c2d515a846a9f1d5be6ed961367b9a5e7b6250471c60d8f6648184672","latestHash":"99e4206c2d515a846a9f1d5be6ed961367b9a5e7b6250471c60d8f6648184672","nodeId":"064cb676a36047a4b52ecbf9c01664b1e987d91b438110ba6a12d96972726622e824d295b1de8b0298b5afe7bbbc0bd04a3890e1a36eae028c1cfbe07971b995","peers":[{"blockNumber":183,"genesisHash":"f0d3e67991e2c3d83533c031601c30c4741aba35d7d8017900779abe4ae22efe","latestHash":"84b9e5d996bf7a5eb7a7af1e23a8308230a576a20d5c81a92b78a013e510177d","nodeId":"374bdfe969e1d8ea1200ade93e5d8cf1a7d5741f238011004b0f43ca818706f194b2f067e1708125f7ffc536610b9a72addbd56b238d65f18912be39037ffcc5"},{"blockNumber":242,"genesisHash":"f0d3e67991e2c3d83533c031601c30c4741aba35d7d8017900779abe4ae22efe","latestHash":"99e4206c2d515a846a9f1d5be6ed961367b9a5e7b6250471c60d8f6648184672","nodeId":"73994dae9e8b8da733108a4153dfe79151d701dff425f84c87b5324e8ebd02ab6a0ebc9e4f1e0298a7ddca50f94a8f95c62b6997226d571e470e8f2b0600634a"},{"blockNumber":242,"genesisHash":"f0d3e67991e2c3d83533c031601c30c4741aba35d7d8017900779abe4ae22efe","latestHash":"99e4206c2d515a846a9f1d5be6ed961367b9a5e7b6250471c60d8f6648184672","nodeId":"87d00b98321fc70a5abc85ad9e80db10cce315194133697bf74aace1d3f8430957a766240f751752708f4282f46110d6ea56c3eb5d1c02ce98a66f327f595270"}],"protocolId":65545,"txPoolSize":"0"}
info|2025-10-09 23:00:00.551469|PBFT-1-0x00007fa4ba561700|[g:1][CONSENSUS]addRawPrepare,height=243,reqIdx=3,hash=5cd90e8c...,time=0
info|2025-10-09 23:00:00.554157|PBFT-1-0x00007fa4ba561700|[g:1][CONSENSUS][PBFT]checkTimeout Succ,view=9,toView=10,nodeIdx=0,changeCycle=1,myNode=064cb676...,timecost=3
info|2025-10-09 23:00:00.565639|PBFT-1-0x00007fa4ba561700|[g:1][CONSENSUS][PBFT]checkAndChangeView: Reach consensus,org_view=9,cur_changeCycle=1,curView=9,view=10
info|2025-10-09 23:00:01.566757|PBFTSeal-1-0x00007fa4b2d52700|[g:1][CONSENSUS][SEALER]++++++++++++++++ Generating seal on,blkNum=243,tx=0,nodeIdx=0,hash=8962cba3...
info|2025-10-09 23:00:01.573354|PBFT-1-0x00007fa4ba561700|[g:1][CONSENSUS][PBFT]checkTimeout Succ,view=10,toView=11,nodeIdx=0,changeCycle=1,myNode=064cb676...,timecost=2
info|2025-10-09 23:00:01.577877|PBFT-1-0x00007fa4ba561700|[g:1][CONSENSUS][PBFT]checkAndChangeView: Reach consensus,org_view=10,cur_changeCycle=1,curView=10,view=11
info|2025-10-09 23:00:03.151823|io_service-0x00007fa4d4595700|[P2P][Service] heartBeat,connected count=3
info|2025-10-09 23:00:03.283794|P2P-0x00007fa4d5597700|[NETWORK][Session]Received topic: [2	_block_notify_1] from 73994dae9e8b8da733108a4153dfe79151d701dff425f84c87b5324e8ebd02ab6a0ebc9e4f1e0298a7ddca50f94a8f95c62b6997226d571e470e8f2b0600634a
warning|2025-10-09 23:00:06.084376|PBFT-1-0x00007fa4ba561700|[g:1][CONSENSUS][PBFT]ViewChangeWarning: not caused by omit empty block ,v=11,toV=12,curNum=242,hash=99e4206c...,nodeIdx=0,myNode=064cb676...
info|2025-10-09 23:00:06.086049|PBFT-1-0x00007fa4ba561700|[g:1][CONSENSUS][PBFT]checkTimeout Succ,view=11,toView=12,nodeIdx=0,changeCycle=2,myNode=064cb676...,timecost=5
info|2025-10-09 23:00:06.088962|PBFT-1-0x00007fa4ba561700|[g:1][CONSENSUS][PBFT]checkAndChangeView: Reach consensus,org_view=11,cur_changeCycle=2,curView=11,view=12
info|2025-10-09 23:00:07.095535|PBFT-1-0x00007fa4ba561700|[g:1][CONSENSUS]addRawPrepare,height=243,reqIdx=2,hash=4314865f...,time=0
info|2025-10-09 23:00:07.097441|PBFT-1-0x00007fa4ba561700|[g:1][CONSENSUS][PBFT]checkTimeout Succ,view=12,toView=13,nodeIdx=0,changeCycle=1,myNode=064cb676...,timecost=2
info|2025-10-09 23:00:07.107270|PBFT-1-0x00007fa4ba561700|[g:1][CONSENSUS][PBFT]checkAndChangeView: Reach consensus,org_view=12,cur_changeCycle=1,curView=12,view=13
info|2025-10-09 23:00:08.110243|PBFT-1-0x00007fa4ba561700|[g:1][CONSENSUS]addRawPrepare,height=243,reqIdx=3,hash=6870b25a...,time=0
info|2025-10-09 23:00:08.112744|PBFT-1-0x00007fa4ba561700|[g:1][CONSENSUS][PBFT]checkTimeout Succ,view=13,toView=14,nodeIdx=0,changeCycle=1,myNode=064cb676...,timecost=2
info|2025-10-09 23:00:08.118362|PBFT-1-0x00007fa4ba561700|[g:1][CONSENSUS][PBFT]checkAndChangeView: Reach consensus,org_view=13,cur_changeCycle=1,curView=13,view=14
info|2025-10-09 23:00:09.120054|PBFTSeal-1-0x00007fa4b2d52700|[g:1][CONSENSUS][SEALER]++++++++++++++++ Generating seal on,blkNum=243,tx=0,nodeIdx=0,hash=bf8bf911...
info|2025-10-09 23:00:09.125299|PBFT-1-0x00007fa4ba561700|[g:1][CONSENSUS][PBFT]checkTimeout Succ,view=14,toView=15,nodeIdx=0,changeCycle=1,myNode=064cb676...,timecost=4
info|2025-10-09 23:00:09.131359|PBFT-1-0x00007fa4ba561700|[g:1][CONSENSUS][PBFT]checkAndChangeView: Reach consensus,org_view=14,cur_changeCycle=1,curView=14,view=15
info|2025-10-09 23:00:13.153187|io_service-0x00007fa4d4595700|[P2P][Service] heartBeat,connected count=3
warning|2025-10-09 23:00:13.640916|PBFT-1-0x00007fa4ba561700|[g:1][CONSENSUS][PBFT]ViewChangeWarning: not caused by omit empty block ,v=15,toV=16,curNum=242,hash=99e4206c...,nodeIdx=0,myNode=064cb676...
info|2025-10-09 23:00:13.647802|PBFT-1-0x00007fa4ba561700|[g:1][CONSENSUS][PBFT]checkTimeout Succ,view=15,toView=16,nodeIdx=0,changeCycle=2,myNode=064cb676...,timecost=8
info|2025-10-09 23:00:13.653080|PBFT-1-0x00007fa4ba561700|[g:1][CONSENSUS][PBFT]checkAndChangeView: Reach consensus,org_view=15,cur_changeCycle=2,curView=15,view=16
info|2025-10-09 23:00:14.656101|PBFT-1-0x00007fa4ba561700|[g:1][CONSENSUS]addRawPrepare,height=243,reqIdx=2,hash=47f5aa84...,time=0
info|2025-10-09 23:00:14.658059|PBFT-1-0x00007fa4ba561700|[g:1][CONSENSUS][PBFT]checkTimeout Succ,view=16,toView=17,nodeIdx=0,changeCycle=1,myNode=064cb676...,timecost=2
info|2025-10-09 23:00:14.661179|PBFT-1-0x00007fa4ba561700|[g:1][CONSENSUS][PBFT]checkAndChangeView: Reach consensus,org_view=16,cur_changeCycle=1,curView=16,view=17
info|2025-10-09 23:00:15.672941|PBFT-1-0x00007fa4ba561700|[g:1][CONSENSUS]addRawPrepare,height=243,reqIdx=3,hash=3854c5e0...,time=0
info|2025-10-09 23:00:15.678486|PBFT-1-0x00007fa4ba561700|[g:1][CONSENSUS][PBFT]checkTimeout Succ,view=17,toView=18,nodeIdx=0,changeCycle=1,myNode=064cb676...,timecost=5
info|2025-10-09 23:00:15.681286|PBFT-1-0x00007fa4ba561700|[g:1][CONSENSUS][PBFT]checkAndChangeView: Reach consensus,org_view=17,cur_changeCycle=1,curView=17,view=18
info|2025-10-09 23:00:16.682076|PBFTSeal-1-0x00007fa4b2d52700|[g:1][CONSENSUS][SEALER]++++++++++++++++ Generating seal on,blkNum=243,tx=0,nodeIdx=0,hash=33c1a392...
info|2025-10-09 23:00:16.692212|PBFT-1-0x00007fa4ba561700|[g:1][CONSENSUS][PBFT]checkTimeout Succ,view=18,toView=19,nodeIdx=0,changeCycle=1,myNode=064cb676...,timecost=4
info|2025-10-09 23:00:16.698343|PBFT-1-0x00007fa4ba561700|[g:1][CONSENSUS][PBFT]checkAndChangeView: Reach consensus,org_view=18,cur_changeCycle=1,curView=18,view=19
info|2025-10-09 23:00:18.562895|P2P-0x00007fa4d5597700|[g:1] [SYNC][id:064cb676...][Download][Request]Receive block request,peer=374bdfe9...,from=184,to=184
info|2025-10-09 23:00:18.563278|SyncSend-1-0x00007fa4c6d7a700|[g:1][SYNC][id:064cb676...][Download][Request][BlockSync]Batch blocks for sending,blockSize=24480,number=184,peer=374bdfe9...,timeCost=0
info|2025-10-09 23:00:18.563395|SyncSend-1-0x00007fa4c6d7a700|[g:1][g:1] [SYNC][id:374bdfe9...][Download][Request][BlockSync]Send block packet,peer=374bdfe9...,blocks=1,bytes(V)=24487
warning|2025-10-09 23:00:21.209078|PBFT-1-0x00007fa4ba561700|[g:1][CONSENSUS][PBFT]ViewChangeWarning: not caused by omit empty block ,v=19,toV=20,curNum=242,hash=99e4206c...,nodeIdx=0,myNode=064cb676...
info|2025-10-09 23:00:21.209262|PBFT-1-0x00007fa4ba561700|[g:1][CONSENSUS][PBFT]checkTimeout Succ,view=19,toView=20,nodeIdx=0,changeCycle=2,myNode=064cb676...,timecost=2
info|2025-10-09 23:00:21.215374|PBFT-1-0x00007fa4ba561700|[g:1][CONSENSUS][PBFT]checkAndChangeView: Reach consensus,org_view=19,cur_changeCycle=2,curView=19,view=20
info|2025-10-09 23:00:22.220978|PBFT-1-0x00007fa4ba561700|[g:1][CONSENSUS]addRawPrepare,height=243,reqIdx=2,hash=43203100...,time=0
info|2025-10-09 23:00:22.223128|PBFT-1-0x00007fa4ba561700|[g:1][CONSENSUS][PBFT]checkTimeout Succ,view=20,toView=21,nodeIdx=0,changeCycle=1,myNode=064cb676...,timecost=2
info|2025-10-09 23:00:22.229145|PBFT-1-0x00007fa4ba561700|[g:1][CONSENSUS][PBFT]checkAndChangeView: Reach consensus,org_view=20,cur_changeCycle=1,curView=20,view=21
info|2025-10-09 23:00:23.154228|io_service-0x00007fa4d4595700|[P2P][Service] heartBeat,connected count=3
info|2025-10-09 23:00:23.238321|PBFT-1-0x00007fa4ba561700|[g:1][CONSENSUS]addRawPrepare,height=243,reqIdx=3,hash=9dbc48e0...,time=0
info|2025-10-09 23:00:23.242512|PBFT-1-0x00007fa4ba561700|[g:1][CONSENSUS][PBFT]checkTimeout Succ,view=21,toView=22,nodeIdx=0,changeCycle=1,myNode=064cb676...,timecost=3
info|2025-10-09 23:00:23.253425|PBFT-1-0x00007fa4ba561700|[g:1][CONSENSUS][PBFT]checkAndChangeView: Reach consensus,org_view=21,cur_changeCycle=1,curView=21,view=22
info|2025-10-09 23:00:23.755554|PBFTSeal-1-0x00007fa4b2d52700|[g:1][CONSENSUS][SEALER]++++++++++++++++ Generating seal on,blkNum=243,tx=1,nodeIdx=0,hash=e627741c...
info|2025-10-09 23:00:23.758112|sealerWorker-0x00007fa4c2571700|[CONSENSUS]addRawPrepare,height=243,reqIdx=0,hash=e627741c...,time=0
info|2025-10-09 23:00:23.758692|sealerWorker-0x00007fa4c2571700|[BLOCKVERIFIER][executeBlock]Executing block,txNum=1,num=243,parentHash=99e4206c2d515a846a9f1d5be6ed961367b9a5e7b6250471c60d8f6648184672,parentNum=242,parentStateRoot=ee5a80c453305a2b0fa489137c052df0e95319733d6e013f72a740adf41e57b0
info|2025-10-09 23:00:23.758942|sealerWorker-0x00007fa4c2571700|[PRECOMPILED]init GasChargeManagePrecompiled
info|2025-10-09 23:00:23.759604|sealerWorker-0x00007fa4c2571700|[STORAGE][MemoryTableFactory2]createTable,table name=c_d57a263844e224976e1f23586971e030454f3c29,keyField=key,valueField=value
info|2025-10-09 23:00:23.760404|sealerWorker-0x00007fa4c2571700|[CONSENSUS][PBFT]execBlock,blkNum=243,reqIdx=0,hash=9a7dca21...,nodeIdx=0,myNode=064cb676...,decodeCost=0,checkCost=0,notifyCost=0,noteSealingCost=0,currentCycle=1,verifyAndSetSenderCost=0,execCost=2,execPerTx=2,totalCost=2
info|2025-10-09 23:00:23.762695|sealerWorker-0x00007fa4c2571700|[CONSENSUS][PBFT]handlePrepareMsg Succ,timecost=2,INFO=handlePrepareMsg,reqIdx=0,view=22,reqNum=243,curNum=242,consNum=243,curView=22,fromIp=self,hash=e627741c...,nodeIdx=0,myNode=064cb676...,curChangeCycle=1
info|2025-10-09 23:00:23.762709|sealerWorker-0x00007fa4c2571700|[CONSENSUS][PBFT]generateLocalPrepare,hash=e627741c...,H=243,nodeIdx=0,myNode=064cb676...
info|2025-10-09 23:00:23.767777|PBFT-1-0x00007fa4ba561700|[g:1][CONSENSUS][PBFT]handleSignMsg Succ,Timecost=1,INFO=handleSignMsg,num=243,curNum=242,GenIdx=3,Sview=22,view=22,fromIdx=3,fromNode=87d00b98...,fromIp=127.0.0.1:54522,hash=9a7dca21...,nodeIdx=0,myNode=064cb676...
info|2025-10-09 23:00:23.772306|PBFT-1-0x00007fa4ba561700|[g:1][CONSENSUS][PBFT]checkAndCommit: backup/updateCommittedPrepare,reqNum=243,hash=e627741c...,nodeIdx=0,myNode=064cb676...
info|2025-10-09 23:00:23.774235|PBFT-1-0x00007fa4ba561700|[g:1][CONSENSUS][PBFT]handleSignMsg Succ,Timecost=4,INFO=handleSignMsg,num=243,curNum=242,GenIdx=2,Sview=22,view=22,fromIdx=2,fromNode=73994dae...,fromIp=127.0.0.1:30300,hash=9a7dca21...,nodeIdx=0,myNode=064cb676...
info|2025-10-09 23:00:23.778513|PBFT-1-0x00007fa4ba561700|[g:1][CONSENSUS][PBFT]handleCommitMsg Succ,INFO=handleCommitMsg,reqNum=243,curNum=242,GenIdx=3,Cview=22,view=22,fromIdx=3,fromNode=87d00b98...,fromIp=127.0.0.1:54522,hash=9a7dca21...,nodeIdx=0,myNode=064cb676...,Timecost=2
info|2025-10-09 23:00:23.782377|PBFT-1-0x00007fa4ba561700|[g:1][CONSENSUS][PBFT]checkAndSave: CommitReq enough,prepareHeight=243,commitSize=3,hash=9a7dca21...,nodeIdx=0,myNode=064cb676...
info|2025-10-09 23:00:23.783139|PBFT-1-0x00007fa4ba561700|[g:1][g:1][STORAGE][CachedStorage]commit: 9 num: 243
info|2025-10-09 23:00:23.783442|PBFT-1-0x00007fa4ba561700|[g:1][g:1][STORAGE][CachedStorage]Submited block task: 243, current syncd block: 242
info|2025-10-09 23:00:23.783460|taskPool-1-0x00007fa4c3573700|[g:1][g:1][STORAGE][CachedStorage]Start commit block: 243 to backend storage
info|2025-10-09 23:00:23.783557|PBFT-1-0x00007fa4ba561700|[g:1]Push block notify: 1-243
info|2025-10-09 23:00:23.783806|PBFT-1-0x00007fa4ba561700|[g:1][CONSENSUS][PBFT]CommitBlock Succ,prepareHeight=243,reqIdx=0,hash=9a7dca21...,nodeIdx=0,myNode=064cb676...,genSigTimeCost=0,commitBlockTimeCost=1,dropTxsTimeCost=0,noteSealingTimeCost=0,totalTimeCost=1
info|2025-10-09 23:00:23.783875|PBFT-1-0x00007fa4ba561700|[g:1][CONSENSUS][PBFT]handleCommitMsg Succ,INFO=handleCommitMsg,reqNum=243,curNum=242,GenIdx=2,Cview=22,view=22,fromIdx=2,fromNode=73994dae...,fromIp=127.0.0.1:30300,hash=9a7dca21...,nodeIdx=0,myNode=064cb676...,Timecost=3
info|2025-10-09 23:00:23.784216|PBFTSeal-1-0x00007fa4b2d52700|[g:1][CONSENSUS][SEALER]increase maxNoTimeoutTx,maxNoTimeoutTx=1
info|2025-10-09 23:00:23.784243|PBFTSeal-1-0x00007fa4b2d52700|[g:1][CONSENSUS][PBFT]^^^^^^^^Report,num=243,sealerIdx=0,hash=9a7dca21...,next=244,tx=1,nodeIdx=0
info|2025-10-09 23:00:23.784407|taskPool-1-0x00007fa4c3573700|[g:1][g:1][STORAGE][CachedStorage]
---------------------------------------------------------------------
Commit block: 243 to backend storage finished, current cached block: 243
Flush elapsed time: 0.0009s
---------------------------------------------------------------------
info|2025-10-09 23:00:24.816488|PBFT-1-0x00007fa4ba561700|[g:1][CONSENSUS]addRawPrepare,height=244,reqIdx=3,hash=a0cc50ce...,time=0
info|2025-10-09 23:00:24.819710|PBFT-1-0x00007fa4ba561700|[g:1][CONSENSUS][PBFT]checkTimeout Succ,view=0,toView=1,nodeIdx=0,changeCycle=1,myNode=064cb676...,timecost=3
info|2025-10-09 23:00:24.824142|PBFT-1-0x00007fa4ba561700|[g:1][CONSENSUS][PBFT]checkAndChangeView: Reach consensus,org_view=0,cur_changeCycle=1,curView=0,view=1
info|2025-10-09 23:00:24.971956|P2P-0x00007fa4d5597700|[g:1] [SYNC][id:064cb676...][Download][Request]Receive block request,peer=374bdfe9...,from=184,to=184
info|2025-10-09 23:00:24.972491|SyncSend-1-0x00007fa4c6d7a700|[g:1][SYNC][id:064cb676...][Download][Request][BlockSync]Batch blocks for sending,blockSize=24480,number=184,peer=374bdfe9...,timeCost=0
info|2025-10-09 23:00:24.972554|SyncSend-1-0x00007fa4c6d7a700|[g:1][g:1] [SYNC][id:374bdfe9...][Download][Request][BlockSync]Send block packet,peer=374bdfe9...,blocks=1,bytes(V)=24487
info|2025-10-09 23:00:25.824840|PBFTSeal-1-0x00007fa4b2d52700|[g:1][CONSENSUS][SEALER]++++++++++++++++ Generating seal on,blkNum=244,tx=0,nodeIdx=0,hash=ebdceda4...
info|2025-10-09 23:00:25.835393|PBFT-1-0x00007fa4ba561700|[g:1][CONSENSUS][PBFT]checkTimeout Succ,view=1,toView=2,nodeIdx=0,changeCycle=1,myNode=064cb676...,timecost=2
info|2025-10-09 23:00:25.838505|PBFT-1-0x00007fa4ba561700|[g:1][CONSENSUS][PBFT]checkAndChangeView: Reach consensus,org_view=1,cur_changeCycle=1,curView=1,view=2
warning|2025-10-09 23:00:30.348193|PBFT-1-0x00007fa4ba561700|[g:1][CONSENSUS][PBFT]ViewChangeWarning: not caused by omit empty block ,v=2,toV=3,curNum=243,hash=9a7dca21...,nodeIdx=0,myNode=064cb676...
info|2025-10-09 23:00:30.348375|PBFT-1-0x00007fa4ba561700|[g:1][CONSENSUS][PBFT]checkTimeout Succ,view=2,toView=3,nodeIdx=0,changeCycle=2,myNode=064cb676...,timecost=2
info|2025-10-09 23:00:30.355701|PBFT-1-0x00007fa4ba561700|[g:1][CONSENSUS][PBFT]checkAndChangeView: Reach consensus,org_view=2,cur_changeCycle=2,curView=2,view=3
info|2025-10-09 23:00:31.377823|PBFT-1-0x00007fa4ba561700|[g:1][CONSENSUS]addRawPrepare,height=244,reqIdx=2,hash=8d839efa...,time=0
info|2025-10-09 23:00:31.380223|PBFT-1-0x00007fa4ba561700|[g:1][CONSENSUS][PBFT]checkTimeout Succ,view=3,toView=4,nodeIdx=0,changeCycle=1,myNode=064cb676...,timecost=3
info|2025-10-09 23:00:31.386526|PBFT-1-0x00007fa4ba561700|[g:1][CONSENSUS][PBFT]checkAndChangeView: Reach consensus,org_view=3,cur_changeCycle=1,curView=3,view=4
info|2025-10-09 23:00:32.393201|PBFT-1-0x00007fa4ba561700|[g:1][CONSENSUS]addRawPrepare,height=244,reqIdx=3,hash=1d59fb21...,time=0
info|2025-10-09 23:00:32.396657|PBFT-1-0x00007fa4ba561700|[g:1][CONSENSUS][PBFT]checkTimeout Succ,view=4,toView=5,nodeIdx=0,changeCycle=1,myNode=064cb676...,timecost=3
info|2025-10-09 23:00:32.401287|PBFT-1-0x00007fa4ba561700|[g:1][CONSENSUS][PBFT]checkAndChangeView: Reach consensus,org_view=4,cur_changeCycle=1,curView=4,view=5
info|2025-10-09 23:00:33.047049|PBFTSeal-1-0x00007fa4b2d52700|[g:1][CONSENSUS][SEALER]++++++++++++++++ Generating seal on,blkNum=244,tx=1,nodeIdx=0,hash=47138c2b...
info|2025-10-09 23:00:33.058713|sealerWorker-0x00007fa4c2571700|[CONSENSUS]addRawPrepare,height=244,reqIdx=0,hash=47138c2b...,time=0
info|2025-10-09 23:00:33.060879|sealerWorker-0x00007fa4c2571700|[BLOCKVERIFIER][executeBlock]Executing block,txNum=1,num=244,parentHash=9a7dca212691a2a4f99e5e7b8697452278800a7c145eb83e0374ab1be4278972,parentNum=243,parentStateRoot=27f7800ce42f495c4423e6a8fa6e63de5153ce33db92abfc58300a655992b617
info|2025-10-09 23:00:33.061105|sealerWorker-0x00007fa4c2571700|[PRECOMPILED]init GasChargeManagePrecompiled
info|2025-10-09 23:00:33.064269|SyncMsgE-1-0x00007fa4b3d54700|[PRECOMPILED][TimerPrecompiled]getCurrentTimeMillis,timeMillis=1760076033064
info|2025-10-09 23:00:33.065737|SyncMsgE-1-0x00007fa4b3d54700|[PRECOMPILED][TimerPrecompiled]getCurrentTimeMillis,timeMillis=1760076033065
info|2025-10-09 23:00:33.066094|sealerWorker-0x00007fa4c2571700|[CONSENSUS][PBFT]execBlock,blkNum=244,reqIdx=0,hash=4f5623cd...,nodeIdx=0,myNode=064cb676...,decodeCost=0,checkCost=1,notifyCost=0,noteSealingCost=1,currentCycle=1,verifyAndSetSenderCost=0,execCost=6,execPerTx=6,totalCost=8
info|2025-10-09 23:00:33.068832|sealerWorker-0x00007fa4c2571700|[CONSENSUS][PBFT]handlePrepareMsg Succ,timecost=2,INFO=handlePrepareMsg,reqIdx=0,view=5,reqNum=244,curNum=243,consNum=244,curView=5,fromIp=self,hash=47138c2b...,nodeIdx=0,myNode=064cb676...,curChangeCycle=1
info|2025-10-09 23:00:33.068874|sealerWorker-0x00007fa4c2571700|[CONSENSUS][PBFT]generateLocalPrepare,hash=47138c2b...,H=244,nodeIdx=0,myNode=064cb676...
info|2025-10-09 23:00:33.069406|PBFT-1-0x00007fa4ba561700|[g:1][CONSENSUS][PBFT]checkReq: Recv future request,prepHash=4f5623cd...,INFO=handleSignMsg,num=244,curNum=243,GenIdx=2,Sview=5,view=5,fromIdx=2,fromNode=73994dae...,fromIp=127.0.0.1:30300,hash=a1689f74...,nodeIdx=0,myNode=064cb676...
info|2025-10-09 23:00:33.069472|PBFT-1-0x00007fa4ba561700|[g:1][CONSENSUS][PBFT]FutureBlock,INFO=handleSignMsg,num=244,curNum=243,GenIdx=2,Sview=5,view=5,fromIdx=2,fromNode=73994dae...,fromIp=127.0.0.1:30300,hash=a1689f74...,nodeIdx=0,myNode=064cb676...
info|2025-10-09 23:00:33.073567|PBFT-1-0x00007fa4ba561700|[g:1][CONSENSUS][PBFT]checkReq: Recv future request,prepHash=4f5623cd...,INFO=handleSignMsg,num=244,curNum=243,GenIdx=3,Sview=5,view=5,fromIdx=3,fromNode=87d00b98...,fromIp=127.0.0.1:54522,hash=0939927b...,nodeIdx=0,myNode=064cb676...
info|2025-10-09 23:00:33.073622|PBFT-1-0x00007fa4ba561700|[g:1][CONSENSUS][PBFT]FutureBlock,INFO=handleSignMsg,num=244,curNum=243,GenIdx=3,Sview=5,view=5,fromIdx=3,fromNode=87d00b98...,fromIp=127.0.0.1:54522,hash=0939927b...,nodeIdx=0,myNode=064cb676...
info|2025-10-09 23:00:33.155018|io_service-0x00007fa4d4595700|[P2P][Service] heartBeat,connected count=3
info|2025-10-09 23:00:37.574166|PBFT-1-0x00007fa4ba561700|[g:1][CONSENSUS][SEALER]decrease maxBlockCanSeal to half for PBFT timeout,org_maxBlockCanSeal=1000,halfed_maxBlockCanSeal=500,timeoutCount=1,lastTimeoutTx=1
warning|2025-10-09 23:00:37.575358|PBFT-1-0x00007fa4ba561700|[g:1][CONSENSUS][PBFT]ViewChangeWarning: not caused by omit empty block ,v=5,toV=6,curNum=243,hash=9a7dca21...,nodeIdx=0,myNode=064cb676...
info|2025-10-09 23:00:37.575860|PBFT-1-0x00007fa4ba561700|[g:1][CONSENSUS][PBFT]checkTimeout Succ,view=5,toView=6,nodeIdx=0,changeCycle=2,myNode=064cb676...,timecost=3
info|2025-10-09 23:00:37.583584|PBFT-1-0x00007fa4ba561700|[g:1][CONSENSUS][PBFT]checkAndChangeView: Reach consensus,org_view=5,cur_changeCycle=2,curView=5,view=6
info|2025-10-09 23:00:43.155188|io_service-0x00007fa4d4595700|[P2P][Service] heartBeat,connected count=3
info|2025-10-09 23:00:44.214065|P2P-0x00007fa4d4d96700|[g:1] [SYNC][id:064cb676...][Download][Request]Receive block request,peer=374bdfe9...,from=184,to=184
info|2025-10-09 23:00:44.214602|SyncSend-1-0x00007fa4c6d7a700|[g:1][SYNC][id:064cb676...][Download][Request][BlockSync]Batch blocks for sending,blockSize=24480,number=184,peer=374bdfe9...,timeCost=0
info|2025-10-09 23:00:44.214688|SyncSend-1-0x00007fa4c6d7a700|[g:1][g:1] [SYNC][id:374bdfe9...][Download][Request][BlockSync]Send block packet,peer=374bdfe9...,blocks=1,bytes(V)=24487
warning|2025-10-09 23:00:44.343696|PBFT-1-0x00007fa4ba561700|[g:1][CONSENSUS][PBFT]ViewChangeWarning: not caused by omit empty block ,v=6,toV=7,curNum=243,hash=9a7dca21...,nodeIdx=0,myNode=064cb676...
info|2025-10-09 23:00:44.344434|PBFT-1-0x00007fa4ba561700|[g:1][CONSENSUS][PBFT]checkTimeout Succ,view=6,toView=7,nodeIdx=0,changeCycle=3,myNode=064cb676...,timecost=6
info|2025-10-09 23:00:44.347844|PBFT-1-0x00007fa4ba561700|[g:1][CONSENSUS][PBFT]checkAndChangeView: Reach consensus,org_view=6,cur_changeCycle=3,curView=6,view=7
info|2025-10-09 23:00:44.859038|PBFTWork-1-0x00007fa4c0d6e700|[g:1][CONSENSUS][PartiallyPBFTReqCache]addPartiallyRawPrepare,height=244,reqIdx=2,hash=df27b47e...
info|2025-10-09 23:00:44.859361|PBFTWork-1-0x00007fa4c0d6e700|[g:1][CONSENSUS][PBFT]I am the next leader = 0, filter trans size = 1, total trans = 1
info|2025-10-09 23:00:44.861530|PBFTWork-1-0x00007fa4c0d6e700|[g:1][BLOCKVERIFIER][executeBlock]Executing block,txNum=1,num=244,parentHash=9a7dca212691a2a4f99e5e7b8697452278800a7c145eb83e0374ab1be4278972,parentNum=243,parentStateRoot=27f7800ce42f495c4423e6a8fa6e63de5153ce33db92abfc58300a655992b617
info|2025-10-09 23:00:44.861724|PBFTWork-1-0x00007fa4c0d6e700|[g:1][PRECOMPILED]init GasChargeManagePrecompiled
info|2025-10-09 23:00:44.863456|PBFTWork-1-0x00007fa4c0d6e700|[g:1][PRECOMPILED][TimerPrecompiled]getCurrentTimeMillis,timeMillis=1760076044863
info|2025-10-09 23:00:44.866513|PBFTWork-1-0x00007fa4c0d6e700|[g:1][PRECOMPILED][TimerPrecompiled]getCurrentTimeMillis,timeMillis=1760076044866
info|2025-10-09 23:00:44.867873|PBFTWork-1-0x00007fa4c0d6e700|[g:1][CONSENSUS][PBFT]execBlock,blkNum=244,reqIdx=2,hash=cecd4c22...,nodeIdx=0,myNode=064cb676...,decodeCost=0,checkCost=0,notifyCost=0,noteSealingCost=2,currentCycle=3,verifyAndSetSenderCost=0,execCost=6,execPerTx=6,totalCost=8
info|2025-10-09 23:00:44.871168|PBFTWork-1-0x00007fa4c0d6e700|[g:1][CONSENSUS][PBFT]handlePrepareMsg Succ,timecost=4,INFO=handlePartiallyPrepare,reqIdx=2,view=7,reqNum=244,curNum=243,consNum=244,hash=df27b47e...,nodeIdx=0,myNode=064cb676...,curChangeCycle=3
info|2025-10-09 23:00:44.871235|PBFT-1-0x00007fa4ba561700|[g:1][CONSENSUS][PBFT]checkReq: Recv future request,prepHash=cecd4c22...,INFO=handleSignMsg,num=244,curNum=243,GenIdx=3,Sview=7,view=7,fromIdx=3,fromNode=87d00b98...,fromIp=127.0.0.1:54522,hash=803b463d...,nodeIdx=0,myNode=064cb676...
info|2025-10-09 23:00:44.871245|PBFT-1-0x00007fa4ba561700|[g:1][CONSENSUS][PBFT]FutureBlock,INFO=handleSignMsg,num=244,curNum=243,GenIdx=3,Sview=7,view=7,fromIdx=3,fromNode=87d00b98...,fromIp=127.0.0.1:54522,hash=803b463d...,nodeIdx=0,myNode=064cb676...
info|2025-10-09 23:00:44.871264|PBFT-1-0x00007fa4ba561700|[g:1][CONSENSUS][PBFT]checkReq: Recv future request,prepHash=cecd4c22...,INFO=handleSignMsg,num=244,curNum=243,GenIdx=2,Sview=7,view=7,fromIdx=2,fromNode=73994dae...,fromIp=127.0.0.1:30300,hash=ed500bdc...,nodeIdx=0,myNode=064cb676...
info|2025-10-09 23:00:44.871271|PBFT-1-0x00007fa4ba561700|[g:1][CONSENSUS][PBFT]FutureBlock,INFO=handleSignMsg,num=244,curNum=243,GenIdx=2,Sview=7,view=7,fromIdx=2,fromNode=73994dae...,fromIp=127.0.0.1:30300,hash=ed500bdc...,nodeIdx=0,myNode=064cb676...
info|2025-10-09 23:00:53.156198|io_service-0x00007fa4d4595700|[P2P][Service] heartBeat,connected count=3
info|2025-10-09 23:00:54.993723|PBFT-1-0x00007fa4ba561700|[g:1][CONSENSUS][SEALER]decrease maxBlockCanSeal to half for PBFT timeout,org_maxBlockCanSeal=500,halfed_maxBlockCanSeal=250,timeoutCount=2,lastTimeoutTx=1
warning|2025-10-09 23:00:54.995019|PBFT-1-0x00007fa4ba561700|[g:1][CONSENSUS][PBFT]ViewChangeWarning: not caused by omit empty block ,v=7,toV=8,curNum=243,hash=9a7dca21...,nodeIdx=0,myNode=064cb676...
info|2025-10-09 23:00:54.997691|PBFT-1-0x00007fa4ba561700|[g:1][CONSENSUS][PBFT]checkTimeout Succ,view=7,toView=8,nodeIdx=0,changeCycle=4,myNode=064cb676...,timecost=4
info|2025-10-09 23:00:55.000366|PBFT-1-0x00007fa4ba561700|[g:1][CONSENSUS][PBFT]checkAndChangeView: Reach consensus,org_view=7,cur_changeCycle=4,curView=7,view=8
info|2025-10-09 23:00:55.507001|PBFTWork-1-0x00007fa4c0d6e700|[g:1][CONSENSUS][PartiallyPBFTReqCache]addPartiallyRawPrepare,height=244,reqIdx=3,hash=bcef4e2c...
info|2025-10-09 23:00:55.507158|PBFTWork-1-0x00007fa4c0d6e700|[g:1][CONSENSUS][PBFT]I am the next leader = 0, filter trans size = 1, total trans = 1
info|2025-10-09 23:00:55.507229|PBFTWork-1-0x00007fa4c0d6e700|[g:1][BLOCKVERIFIER][executeBlock]Executing block,txNum=1,num=244,parentHash=9a7dca212691a2a4f99e5e7b8697452278800a7c145eb83e0374ab1be4278972,parentNum=243,parentStateRoot=27f7800ce42f495c4423e6a8fa6e63de5153ce33db92abfc58300a655992b617
info|2025-10-09 23:00:55.507367|PBFTWork-1-0x00007fa4c0d6e700|[g:1][PRECOMPILED]init GasChargeManagePrecompiled
info|2025-10-09 23:00:55.508041|PBFTWork-1-0x00007fa4c0d6e700|[g:1][PRECOMPILED][TimerPrecompiled]getCurrentTimeMillis,timeMillis=1760076055508
info|2025-10-09 23:00:55.512989|PBFTWork-1-0x00007fa4c0d6e700|[g:1][PRECOMPILED][TimerPrecompiled]getCurrentTimeMillis,timeMillis=1760076055512
info|2025-10-09 23:00:55.513613|PBFTWork-1-0x00007fa4c0d6e700|[g:1][CONSENSUS][PBFT]execBlock,blkNum=244,reqIdx=3,hash=4bcdecbd...,nodeIdx=0,myNode=064cb676...,decodeCost=0,checkCost=0,notifyCost=0,noteSealingCost=0,currentCycle=4,verifyAndSetSenderCost=0,execCost=6,execPerTx=6,totalCost=6
info|2025-10-09 23:00:55.527995|PBFTWork-1-0x00007fa4c0d6e700|[g:1][CONSENSUS][PBFT]handlePrepareMsg Succ,timecost=15,INFO=handlePartiallyPrepare,reqIdx=3,view=8,reqNum=244,curNum=243,consNum=244,hash=bcef4e2c...,nodeIdx=0,myNode=064cb676...,curChangeCycle=4
info|2025-10-09 23:00:55.532222|PBFT-1-0x00007fa4ba561700|[g:1][CONSENSUS][PBFT]checkReq: Recv future request,prepHash=4bcdecbd...,INFO=handleSignMsg,num=244,curNum=243,GenIdx=3,Sview=8,view=8,fromIdx=3,fromNode=87d00b98...,fromIp=127.0.0.1:54522,hash=31cbc62a...,nodeIdx=0,myNode=064cb676...
info|2025-10-09 23:00:55.541773|PBFT-1-0x00007fa4ba561700|[g:1][CONSENSUS][PBFT]FutureBlock,INFO=handleSignMsg,num=244,curNum=243,GenIdx=3,Sview=8,view=8,fromIdx=3,fromNode=87d00b98...,fromIp=127.0.0.1:54522,hash=31cbc62a...,nodeIdx=0,myNode=064cb676...
info|2025-10-09 23:00:55.541812|PBFT-1-0x00007fa4ba561700|[g:1][CONSENSUS][PBFT]checkReq: Recv future request,prepHash=4bcdecbd...,INFO=handleSignMsg,num=244,curNum=243,GenIdx=2,Sview=8,view=8,fromIdx=2,fromNode=73994dae...,fromIp=127.0.0.1:30300,hash=8b269ef2...,nodeIdx=0,myNode=064cb676...
info|2025-10-09 23:00:55.541820|PBFT-1-0x00007fa4ba561700|[g:1][CONSENSUS][PBFT]FutureBlock,INFO=handleSignMsg,num=244,curNum=243,GenIdx=2,Sview=8,view=8,fromIdx=2,fromNode=73994dae...,fromIp=127.0.0.1:30300,hash=8b269ef2...,nodeIdx=0,myNode=064cb676...
info|2025-10-09 23:00:57.198485|P2P-0x00007fa4d5d98700|[g:1] [SYNC][id:064cb676...][Download][Request]Receive block request,peer=374bdfe9...,from=184,to=184
info|2025-10-09 23:00:57.199291|SyncSend-1-0x00007fa4c6d7a700|[g:1][SYNC][id:064cb676...][Download][Request][BlockSync]Batch blocks for sending,blockSize=24480,number=184,peer=374bdfe9...,timeCost=1
info|2025-10-09 23:00:57.199415|SyncSend-1-0x00007fa4c6d7a700|[g:1][g:1] [SYNC][id:374bdfe9...][Download][Request][BlockSync]Send block packet,peer=374bdfe9...,blocks=1,bytes(V)=24487
info|2025-10-09 23:01:03.156688|io_service-0x00007fa4d4595700|[P2P][Service] heartBeat,connected count=3
info|2025-10-09 23:01:03.604688|P2P-0x00007fa4d5597700|[g:1] [SYNC][id:064cb676...][Download][Request]Receive block request,peer=374bdfe9...,from=184,to=184
info|2025-10-09 23:01:03.605050|SyncSend-1-0x00007fa4c6d7a700|[g:1][SYNC][id:064cb676...][Download][Request][BlockSync]Batch blocks for sending,blockSize=24480,number=184,peer=374bdfe9...,timeCost=1
info|2025-10-09 23:01:03.605125|SyncSend-1-0x00007fa4c6d7a700|[g:1][g:1] [SYNC][id:374bdfe9...][Download][Request][BlockSync]Send block packet,peer=374bdfe9...,blocks=1,bytes(V)=24487
info|2025-10-09 23:01:10.705539|PBFT-1-0x00007fa4ba561700|[g:1][CONSENSUS][SEALER]decrease maxBlockCanSeal to half for PBFT timeout,org_maxBlockCanSeal=250,halfed_maxBlockCanSeal=125,timeoutCount=3,lastTimeoutTx=1
warning|2025-10-09 23:01:10.706688|PBFT-1-0x00007fa4ba561700|[g:1][CONSENSUS][PBFT]ViewChangeWarning: not caused by omit empty block ,v=8,toV=9,curNum=243,hash=9a7dca21...,nodeIdx=0,myNode=064cb676...
info|2025-10-09 23:01:10.706847|PBFT-1-0x00007fa4ba561700|[g:1][CONSENSUS][PBFT]checkTimeout Succ,view=8,toView=9,nodeIdx=0,changeCycle=5,myNode=064cb676...,timecost=1
info|2025-10-09 23:01:10.717233|PBFT-1-0x00007fa4ba561700|[g:1][CONSENSUS][PBFT]checkAndChangeView: Reach consensus,org_view=8,cur_changeCycle=5,curView=8,view=9
info|2025-10-09 23:01:11.218328|PBFTSeal-1-0x00007fa4b2d52700|[g:1][CONSENSUS][SEALER]++++++++++++++++ Generating seal on,blkNum=244,tx=1,nodeIdx=0,hash=01f640f6...
info|2025-10-09 23:01:11.224694|sealerWorker-0x00007fa4c2571700|[CONSENSUS]addRawPrepare,height=244,reqIdx=0,hash=01f640f6...,time=0
info|2025-10-09 23:01:11.225167|sealerWorker-0x00007fa4c2571700|[BLOCKVERIFIER][executeBlock]Executing block,txNum=1,num=244,parentHash=9a7dca212691a2a4f99e5e7b8697452278800a7c145eb83e0374ab1be4278972,parentNum=243,parentStateRoot=27f7800ce42f495c4423e6a8fa6e63de5153ce33db92abfc58300a655992b617
info|2025-10-09 23:01:11.225460|sealerWorker-0x00007fa4c2571700|[PRECOMPILED]init GasChargeManagePrecompiled
info|2025-10-09 23:01:11.226196|SyncMsgE-1-0x00007fa4b3d54700|[PRECOMPILED][TimerPrecompiled]getCurrentTimeMillis,timeMillis=1760076071226
info|2025-10-09 23:01:11.227412|SyncMsgE-1-0x00007fa4b3d54700|[PRECOMPILED][TimerPrecompiled]getCurrentTimeMillis,timeMillis=1760076071227
info|2025-10-09 23:01:11.229058|sealerWorker-0x00007fa4c2571700|[CONSENSUS][PBFT]execBlock,blkNum=244,reqIdx=0,hash=cd919fd5...,nodeIdx=0,myNode=064cb676...,decodeCost=0,checkCost=0,notifyCost=0,noteSealingCost=0,currentCycle=5,verifyAndSetSenderCost=0,execCost=4,execPerTx=4,totalCost=4
info|2025-10-09 23:01:11.234965|sealerWorker-0x00007fa4c2571700|[CONSENSUS][PBFT]handlePrepareMsg Succ,timecost=5,INFO=handlePrepareMsg,reqIdx=0,view=9,reqNum=244,curNum=243,consNum=244,curView=9,fromIp=self,hash=01f640f6...,nodeIdx=0,myNode=064cb676...,curChangeCycle=5
info|2025-10-09 23:01:11.235001|sealerWorker-0x00007fa4c2571700|[CONSENSUS][PBFT]generateLocalPrepare,hash=01f640f6...,H=244,nodeIdx=0,myNode=064cb676...
info|2025-10-09 23:01:11.235036|PBFT-1-0x00007fa4ba561700|[g:1][CONSENSUS][PBFT]checkReq: Recv future request,prepHash=cd919fd5...,INFO=handleSignMsg,num=244,curNum=243,GenIdx=3,Sview=9,view=9,fromIdx=3,fromNode=87d00b98...,fromIp=127.0.0.1:54522,hash=329d9a9b...,nodeIdx=0,myNode=064cb676...
info|2025-10-09 23:01:11.235045|PBFT-1-0x00007fa4ba561700|[g:1][CONSENSUS][PBFT]FutureBlock,INFO=handleSignMsg,num=244,curNum=243,GenIdx=3,Sview=9,view=9,fromIdx=3,fromNode=87d00b98...,fromIp=127.0.0.1:54522,hash=329d9a9b...,nodeIdx=0,myNode=064cb676...
info|2025-10-09 23:01:11.237490|PBFT-1-0x00007fa4ba561700|[g:1][CONSENSUS][PBFT]checkReq: Recv future request,prepHash=cd919fd5...,INFO=handleSignMsg,num=244,curNum=243,GenIdx=2,Sview=9,view=9,fromIdx=2,fromNode=73994dae...,fromIp=127.0.0.1:30300,hash=329d9a9b...,nodeIdx=0,myNode=064cb676...
info|2025-10-09 23:01:11.237544|PBFT-1-0x00007fa4ba561700|[g:1][CONSENSUS][PBFT]FutureBlock,INFO=handleSignMsg,num=244,curNum=243,GenIdx=2,Sview=9,view=9,fromIdx=2,fromNode=73994dae...,fromIp=127.0.0.1:30300,hash=329d9a9b...,nodeIdx=0,myNode=064cb676...
info|2025-10-09 23:01:13.157999|io_service-0x00007fa4d4595700|[P2P][Service] heartBeat,connected count=3
info|2025-10-09 23:01:23.158338|io_service-0x00007fa4d4595700|[P2P][Service] heartBeat,connected count=3
info|2025-10-09 23:01:33.158740|io_service-0x00007fa4d4595700|[P2P][Service] heartBeat,connected count=3
info|2025-10-09 23:01:34.011281|PBFT-1-0x00007fa4ba561700|[g:1][CONSENSUS][SEALER]decrease maxBlockCanSeal to half for PBFT timeout,org_maxBlockCanSeal=124,halfed_maxBlockCanSeal=62,timeoutCount=4,lastTimeoutTx=1
warning|2025-10-09 23:01:34.013120|PBFT-1-0x00007fa4ba561700|[g:1][CONSENSUS][PBFT]ViewChangeWarning: not caused by omit empty block ,v=9,toV=10,curNum=243,hash=9a7dca21...,nodeIdx=0,myNode=064cb676...
info|2025-10-09 23:01:34.015056|PBFT-1-0x00007fa4ba561700|[g:1][CONSENSUS][PBFT]checkTimeout Succ,view=9,toView=10,nodeIdx=0,changeCycle=6,myNode=064cb676...,timecost=4
info|2025-10-09 23:01:34.022606|PBFT-1-0x00007fa4ba561700|[g:1][CONSENSUS][PBFT]checkAndChangeView: Reach consensus,org_view=9,cur_changeCycle=6,curView=9,view=10
info|2025-10-09 23:01:43.159027|io_service-0x00007fa4d4595700|[P2P][Service] heartBeat,connected count=3
info|2025-10-09 23:01:53.159434|io_service-0x00007fa4d4595700|[P2P][Service] heartBeat,connected count=3
info|2025-10-09 23:01:54.903475|P2P-0x00007fa4d4d96700|[g:1] [SYNC][id:064cb676...][Download][Request]Receive block request,peer=374bdfe9...,from=184,to=184
info|2025-10-09 23:01:54.903854|SyncSend-1-0x00007fa4c6d7a700|[g:1][SYNC][id:064cb676...][Download][Request][BlockSync]Batch blocks for sending,blockSize=24480,number=184,peer=374bdfe9...,timeCost=0
info|2025-10-09 23:01:54.903903|SyncSend-1-0x00007fa4c6d7a700|[g:1][g:1] [SYNC][id:374bdfe9...][Download][Request][BlockSync]Send block packet,peer=374bdfe9...,blocks=1,bytes(V)=24487
info|2025-10-09 23:02:03.160355|io_service-0x00007fa4d4595700|[P2P][Service] heartBeat,connected count=3
warning|2025-10-09 23:02:08.200632|PBFT-1-0x00007fa4ba561700|[g:1][CONSENSUS][PBFT]ViewChangeWarning: not caused by omit empty block ,v=10,toV=11,curNum=243,hash=9a7dca21...,nodeIdx=0,myNode=064cb676...
info|2025-10-09 23:02:08.200987|PBFT-1-0x00007fa4ba561700|[g:1][CONSENSUS][PBFT]checkTimeout Succ,view=10,toView=11,nodeIdx=0,changeCycle=7,myNode=064cb676...,timecost=3
info|2025-10-09 23:02:08.205799|PBFT-1-0x00007fa4ba561700|[g:1][CONSENSUS][PBFT]checkAndChangeView: Reach consensus,org_view=10,cur_changeCycle=7,curView=10,view=11
info|2025-10-09 23:02:08.712127|PBFTWork-1-0x00007fa4c0d6e700|[g:1][CONSENSUS][PartiallyPBFTReqCache]addPartiallyRawPrepare,height=244,reqIdx=2,hash=e05c897a...
info|2025-10-09 23:02:08.712316|PBFTWork-1-0x00007fa4c0d6e700|[g:1][CONSENSUS][PBFT]I am the next leader = 0, filter trans size = 1, total trans = 1
info|2025-10-09 23:02:08.712399|PBFTWork-1-0x00007fa4c0d6e700|[g:1][BLOCKVERIFIER][executeBlock]Executing block,txNum=1,num=244,parentHash=9a7dca212691a2a4f99e5e7b8697452278800a7c145eb83e0374ab1be4278972,parentNum=243,parentStateRoot=27f7800ce42f495c4423e6a8fa6e63de5153ce33db92abfc58300a655992b617
info|2025-10-09 23:02:08.712529|PBFTWork-1-0x00007fa4c0d6e700|[g:1][PRECOMPILED]init GasChargeManagePrecompiled
info|2025-10-09 23:02:08.713268|PBFTWork-1-0x00007fa4c0d6e700|[g:1][PRECOMPILED][TimerPrecompiled]getCurrentTimeMillis,timeMillis=1760076128713
info|2025-10-09 23:02:08.714877|PBFTWork-1-0x00007fa4c0d6e700|[g:1][PRECOMPILED][TimerPrecompiled]getCurrentTimeMillis,timeMillis=1760076128714
info|2025-10-09 23:02:08.721281|PBFTWork-1-0x00007fa4c0d6e700|[g:1][CONSENSUS][PBFT]execBlock,blkNum=244,reqIdx=2,hash=309b56e8...,nodeIdx=0,myNode=064cb676...,decodeCost=0,checkCost=0,notifyCost=0,noteSealingCost=0,currentCycle=7,verifyAndSetSenderCost=0,execCost=9,execPerTx=9,totalCost=9
info|2025-10-09 23:02:08.724595|PBFTWork-1-0x00007fa4c0d6e700|[g:1][CONSENSUS][PBFT]handlePrepareMsg Succ,timecost=3,INFO=handlePartiallyPrepare,reqIdx=2,view=11,reqNum=244,curNum=243,consNum=244,hash=e05c897a...,nodeIdx=0,myNode=064cb676...,curChangeCycle=7
info|2025-10-09 23:02:08.725095|PBFT-1-0x00007fa4ba561700|[g:1][CONSENSUS][PBFT]checkReq: Recv future request,prepHash=309b56e8...,INFO=handleSignMsg,num=244,curNum=243,GenIdx=2,Sview=11,view=11,fromIdx=2,fromNode=73994dae...,fromIp=127.0.0.1:30300,hash=214d70c9...,nodeIdx=0,myNode=064cb676...
info|2025-10-09 23:02:08.725131|PBFT-1-0x00007fa4ba561700|[g:1][CONSENSUS][PBFT]FutureBlock,INFO=handleSignMsg,num=244,curNum=243,GenIdx=2,Sview=11,view=11,fromIdx=2,fromNode=73994dae...,fromIp=127.0.0.1:30300,hash=214d70c9...,nodeIdx=0,myNode=064cb676...
info|2025-10-09 23:02:08.725531|PBFT-1-0x00007fa4ba561700|[g:1][CONSENSUS][PBFT]checkReq: Recv future request,prepHash=309b56e8...,INFO=handleSignMsg,num=244,curNum=243,GenIdx=3,Sview=11,view=11,fromIdx=3,fromNode=87d00b98...,fromIp=127.0.0.1:54522,hash=d36c470f...,nodeIdx=0,myNode=064cb676...
info|2025-10-09 23:02:08.725748|PBFT-1-0x00007fa4ba561700|[g:1][CONSENSUS][PBFT]FutureBlock,INFO=handleSignMsg,num=244,curNum=243,GenIdx=3,Sview=11,view=11,fromIdx=3,fromNode=87d00b98...,fromIp=127.0.0.1:54522,hash=d36c470f...,nodeIdx=0,myNode=064cb676...
info|2025-10-09 23:02:13.161373|io_service-0x00007fa4d4595700|[P2P][Service] heartBeat,connected count=3
info|2025-10-09 23:02:23.161662|io_service-0x00007fa4d4595700|[P2P][Service] heartBeat,connected count=3
info|2025-10-09 23:02:33.162311|io_service-0x00007fa4d4595700|[P2P][Service] heartBeat,connected count=3
info|2025-10-09 23:02:43.163179|io_service-0x00007fa4d4595700|[P2P][Service] heartBeat,connected count=3
info|2025-10-09 23:02:46.615371|fisco-bcos-0x00007fa4d730edc0|[LEDGER]stop sealer,groupID=1
info|2025-10-09 23:02:46.615424|fisco-bcos-0x00007fa4d730edc0|[CONSENSUS][SEALER]Stop sealer module...
info|2025-10-09 23:02:46.616771|fisco-bcos-0x00007fa4d730edc0|[CONSENSUS][ConsensusEngine][Stop ConsensusEngineBase]
info|2025-10-09 23:02:46.621379|fisco-bcos-0x00007fa4d730edc0|[CONSENSUS][ConsensusEngine]ConsensusEngineBase stopped
info|2025-10-09 23:02:46.621612|fisco-bcos-0x00007fa4d730edc0|[LEDGER]sealer stopped. stop sync,groupID=1
info|2025-10-09 23:02:46.622240|fisco-bcos-0x00007fa4d730edc0|[g:1] [SYNC][id:064cb676...]SyncMsgEngine stopped
info|2025-10-09 23:02:46.803201|fisco-bcos-0x00007fa4d730edc0|[GossipBlockStatus]stop GossipBlockStatus succ
info|2025-10-09 23:02:47.669934|fisco-bcos-0x00007fa4d730edc0|[SYNC][id:064cb676...][g:1]SyncMaster stopped
info|2025-10-09 23:02:47.670019|fisco-bcos-0x00007fa4d730edc0|[LEDGER]sync stopped. stop event filter manager,groupID=1
info|2025-10-09 23:02:47.722057|fisco-bcos-0x00007fa4d730edc0|[EVENT][EventLogFilterManager]stop
info|2025-10-09 23:02:47.722119|fisco-bcos-0x00007fa4d730edc0|[LEDGER]event filter manager stopped. stop tx pool,groupID=1
info|2025-10-09 23:02:47.722630|fisco-bcos-0x00007fa4d730edc0|[LEDGER]removeNetworkStatHandlerByGroupID and removeGroupBandwidthLimiter for service,groupID=1
info|2025-10-09 23:02:47.722701|fisco-bcos-0x00007fa4d730edc0|[CHANNEL]removeSDKAllowListByGroupId,groupId=1
info|2025-10-09 23:02:47.722716|fisco-bcos-0x00007fa4d730edc0|[INITIALIZER]ledgerInitializer stopped
info|2025-10-09 23:02:48.528697|io_service-0x00007fa4d4595700|[NETWORK][Session]doRead failed,endpoint=127.0.0.1:30300,message=short read (SSL routines, SSL routines)
info|2025-10-09 23:02:48.528755|io_service-0x00007fa4d4595700|[NETWORK][Session]drop, call and erase all callbackFunc of the session!,endpoint=127.0.0.1:30300
info|2025-10-09 23:02:48.528769|io_service-0x00007fa4d4595700|[NETWORK][Session][drop] closing remote 127.0.0.1:30300,reason=Low-level TCP communication failed.,endpoint=127.0.0.1:30300
info|2025-10-09 23:02:48.528863|io_service-0x00007fa4d4595700|[NETWORK][Session]Session inactive
info|2025-10-09 23:02:48.528870|io_service-0x00007fa4d4595700|[NETWORK][Session]Session inactive
info|2025-10-09 23:02:48.528875|io_service-0x00007fa4d4595700|[NETWORK][Session][drop] shutdown failed ,code=9,message=Bad file descriptor
info|2025-10-09 23:02:48.529201|P2P-0x00007fa4d5597700|[P2P][Service] disconnect inactive P2PSession,nodeID=73994dae...,endpoint=127.0.0.1:30300,code=3,what=Disconnect
info|2025-10-09 23:02:48.529269|P2P-0x00007fa4d5597700|[P2P][Service] onDisconnect,code=3,what=Dynamic exception type: dev::network::NetworkException
std::exception::what: Disconnect
info|2025-10-09 23:02:48.552490|io_service-0x00007fa4d4595700|[NETWORK][Session]doRead failed,endpoint=127.0.0.1:54522,message=short read (SSL routines, SSL routines)
info|2025-10-09 23:02:48.552531|io_service-0x00007fa4d4595700|[NETWORK][Session]drop, call and erase all callbackFunc of the session!,endpoint=127.0.0.1:54522
info|2025-10-09 23:02:48.552545|io_service-0x00007fa4d4595700|[NETWORK][Session][drop] closing remote 127.0.0.1:54522,reason=Low-level TCP communication failed.,endpoint=127.0.0.1:54522
info|2025-10-09 23:02:48.552643|io_service-0x00007fa4d4595700|[NETWORK][Session]Session inactive
info|2025-10-09 23:02:48.552653|io_service-0x00007fa4d4595700|[NETWORK][Session]Session inactive
info|2025-10-09 23:02:48.552658|io_service-0x00007fa4d4595700|[NETWORK][Session][drop] shutdown failed ,code=9,message=Bad file descriptor
info|2025-10-09 23:02:48.552681|P2P-0x00007fa4d6599700|[P2P][Service] disconnect inactive P2PSession,nodeID=87d00b98...,endpoint=127.0.0.1:54522,code=3,what=Disconnect
info|2025-10-09 23:02:48.552728|P2P-0x00007fa4d6599700|[P2P][Service] onDisconnect,code=3,what=Dynamic exception type: dev::network::NetworkException
std::exception::what: Disconnect
info|2025-10-09 23:02:48.723627|fisco-bcos-0x00007fa4d730edc0|[INITIALIZER]ChannelRPCHttpServer deleted.
info|2025-10-09 23:02:48.724125|fisco-bcos-0x00007fa4d730edc0|[INITIALIZER]JsonrpcHttpServer deleted.
info|2025-10-09 23:02:48.724139|fisco-bcos-0x00007fa4d730edc0|[INITIALIZER]RPCInitializer stopped
info|2025-10-09 23:02:48.724235|io_service-0x00007fa4d4595700|[NETWORK][Host]Host exit
info|2025-10-09 23:02:48.724944|fisco-bcos-0x00007fa4d730edc0|[INITIALIZER]P2PInitializer stopped
info|2025-10-09 23:02:48.724986|fisco-bcos-0x00007fa4d730edc0|[LEDGER]stop sealer,groupID=1
info|2025-10-09 23:02:48.725013|fisco-bcos-0x00007fa4d730edc0|[LEDGER]sealer stopped. stop sync,groupID=1
info|2025-10-09 23:02:48.725022|fisco-bcos-0x00007fa4d730edc0|[g:1] [SYNC][id:064cb676...]SyncMsgEngine stopped
info|2025-10-09 23:02:48.725032|fisco-bcos-0x00007fa4d730edc0|[GossipBlockStatus]GossipBlockStatus already stopped
info|2025-10-09 23:02:48.725037|fisco-bcos-0x00007fa4d730edc0|[SYNC][id:064cb676...][g:1]SyncMaster stopped
info|2025-10-09 23:02:48.725040|fisco-bcos-0x00007fa4d730edc0|[LEDGER]sync stopped. stop event filter manager,groupID=1
info|2025-10-09 23:02:48.725046|fisco-bcos-0x00007fa4d730edc0|[LEDGER]event filter manager stopped. stop tx pool,groupID=1
info|2025-10-09 23:02:48.725053|fisco-bcos-0x00007fa4d730edc0|[LEDGER]removeNetworkStatHandlerByGroupID and removeGroupBandwidthLimiter for service,groupID=1
info|2025-10-09 23:02:48.725065|fisco-bcos-0x00007fa4d730edc0|[g:1][STORAGE][CachedStorage]Stopping flushStorage thread
info|2025-10-09 23:02:49.314341|fisco-bcos-0x00007fa4d730edc0|[g:1][STORAGE][CachedStorage]flushStorage thread stopped.
info|2025-10-09 23:02:49.314377|fisco-bcos-0x00007fa4d730edc0|[DBINITIALIZER] storage stopped
info|2025-10-09 23:02:49.320611|fisco-bcos-0x00007fa4d730edc0|[g:1] [SYNC][id:064cb676...]SyncMsgEngine stopped
info|2025-10-09 23:02:49.320645|fisco-bcos-0x00007fa4d730edc0|[GossipBlockStatus]GossipBlockStatus already stopped
info|2025-10-09 23:02:49.320651|fisco-bcos-0x00007fa4d730edc0|[SYNC][id:064cb676...][g:1]SyncMaster stopped
info|2025-10-09 23:02:49.320672|fisco-bcos-0x00007fa4d730edc0|[g:1] [SYNC][id:064cb676...]SyncMsgEngine stopped
