info|2025-10-07 08:08:27.709414|fisco-bcos-0x00007f168d54adc0|[INITIALIZER][initGlobalConfig],enableCompress=true,compatibilityVersion=2.11.0,versionNumber=34275328,enableStat=false,chainId=1,useSMCrypto=true,IgnoreObserverWriteRequest=false
info|2025-10-07 08:08:27.710318|fisco-bcos-0x00007f168d54adc0|[INITIALIZER][SecureInitializerGM]get pub of node,nodeID=064cb676a36047a4b52ecbf9c01664b1e987d91b438110ba6a12d96972726622e824d295b1de8b0298b5afe7bbbc0bd04a3890e1a36eae028c1cfbe07971b995
info|2025-10-07 08:08:27.711458|fisco-bcos-0x00007f168d54adc0|[NETWORK][Host]Connecting to node,endpoint=127.0.0.1:30300
info|2025-10-07 08:08:27.711639|fisco-bcos-0x00007f168d54adc0|[NETWORK][Host]Connecting to node,endpoint=127.0.0.1:30301
info|2025-10-07 08:08:27.711899|fisco-bcos-0x00007f168d54adc0|[NETWORK][Host]Connecting to node,endpoint=127.0.0.1:30302
info|2025-10-07 08:08:27.711999|fisco-bcos-0x00007f168d54adc0|[NETWORK][Host]Connecting to node,endpoint=127.0.0.1:30303
info|2025-10-07 08:08:27.712071|fisco-bcos-0x00007f168d54adc0|[P2P][Service] heartBeat,connected count=0
info|2025-10-07 08:08:27.712130|fisco-bcos-0x00007f168d54adc0|[INITIALIZER][RPCInitializer],network_security.check_cert_issuer=true
info|2025-10-07 08:08:27.713633|fisco-bcos-0x00007f168d54adc0|[CHANNEL][ChannelServer::run],threadPoolSize=8
info|2025-10-07 08:08:27.713804|fisco-bcos-0x00007f168d54adc0|[CHANNEL]ChannelRPCServer started
info|2025-10-07 08:08:27.713816|fisco-bcos-0x00007f168d54adc0|[INITIALIZER][RPCInitializer: ChannelRPCHttpServer started.],disableDynamicGroup=false,uncheckGroupMember=false,threadSize=8
info|2025-10-07 08:08:27.713827|fisco-bcos-0x00007f168d54adc0|[INITIALIZER][LedgerInitializer]initConfig
info|2025-10-07 08:08:27.713848|fisco-bcos-0x00007f168d54adc0|[LedgerInitializer],groupConfigPath=conf/
info|2025-10-07 08:08:27.714086|fisco-bcos-0x00007f168d54adc0|[INITIALIZER][initSingleLedger] [GroupId], LedgerConstructor:  1,configFileName=conf/group.1.genesis,dataDir=data/
info|2025-10-07 08:08:27.714200|fisco-bcos-0x00007f168d54adc0|[g:1][LedgerParam][parseGenesisConfig]initConsensusConfig/initStorageConfig/initTxConfig,configFile=conf/group.1.genesis
info|2025-10-07 08:08:27.714220|fisco-bcos-0x00007f168d54adc0|[g:1][LedgerParam][initConsensusConfig],type=pbft,consensusTimeout=3,maxTxNum=1000,txGasLimit=300000000
info|2025-10-07 08:08:27.714241|fisco-bcos-0x00007f168d54adc0|[g:1][LedgerParam][parsePublicKeyListOfSection],sectionName=consensus,it.first=73994dae9e8b8da733108a4153dfe79151d701dff425f84c87b5324e8ebd02ab6a0ebc9e4f1e0298a7ddca50f94a8f95c62b6997226d571e470e8f2b0600634a
info|2025-10-07 08:08:27.714257|fisco-bcos-0x00007f168d54adc0|[g:1][LedgerParam][parsePublicKeyListOfSection],sectionName=consensus,it.first=374bdfe969e1d8ea1200ade93e5d8cf1a7d5741f238011004b0f43ca818706f194b2f067e1708125f7ffc536610b9a72addbd56b238d65f18912be39037ffcc5
info|2025-10-07 08:08:27.714271|fisco-bcos-0x00007f168d54adc0|[g:1][LedgerParam][parsePublicKeyListOfSection],sectionName=consensus,it.first=87d00b98321fc70a5abc85ad9e80db10cce315194133697bf74aace1d3f8430957a766240f751752708f4282f46110d6ea56c3eb5d1c02ce98a66f327f595270
info|2025-10-07 08:08:27.714294|fisco-bcos-0x00007f168d54adc0|[g:1][LedgerParam][parsePublicKeyListOfSection],sectionName=consensus,it.first=064cb676a36047a4b52ecbf9c01664b1e987d91b438110ba6a12d96972726622e824d295b1de8b0298b5afe7bbbc0bd04a3890e1a36eae028c1cfbe07971b995
info|2025-10-07 08:08:27.714302|fisco-bcos-0x00007f168d54adc0|[g:1][LedgerParam][parsePublicKeyListOfSection],totalPubKeySize=4
info|2025-10-07 08:08:27.714335|fisco-bcos-0x00007f168d54adc0|[g:1][LedgerParam][max_block_range],maxBlockRange=0,maxBlockPerProcess=3
info|2025-10-07 08:08:27.714344|fisco-bcos-0x00007f168d54adc0|[g:1][LedgerParam][parseGenesisConfig],timestamp=1759762229000
info|2025-10-07 08:08:27.714398|fisco-bcos-0x00007f168d54adc0|[g:1][LedgerParam]setEVMFlags,enableFreeStorageVMSchedule=false,evmFlags=0
info|2025-10-07 08:08:27.714421|fisco-bcos-0x00007f168d54adc0|[g:1][LedgerParam]store evmFlag,evmFlag=0
info|2025-10-07 08:08:27.714428|fisco-bcos-0x00007f168d54adc0|[g:1][LedgerParam]store consensus time,consensusTimeout=3
info|2025-10-07 08:08:27.714433|fisco-bcos-0x00007f168d54adc0|[g:1][LedgerParam][initMark],genesisMark=1-064cb676a36047a4b52ecbf9c01664b1e987d91b438110ba6a12d96972726622e824d295b1de8b0298b5afe7bbbc0bd04a3890e1a36eae028c1cfbe07971b995,374bdfe969e1d8ea1200ade93e5d8cf1a7d5741f238011004b0f43ca818706f194b2f067e1708125f7ffc536610b9a72addbd56b238d65f18912be39037ffcc5,73994dae9e8b8da733108a4153dfe79151d701dff425f84c87b5324e8ebd02ab6a0ebc9e4f1e0298a7ddca50f94a8f95c62b6997226d571e470e8f2b0600634a,87d00b98321fc70a5abc85ad9e80db10cce315194133697bf74aace1d3f8430957a766240f751752708f4282f46110d6ea56c3eb5d1c02ce98a66f327f595270,-pbft-storage-0-1000-300000000-3
info|2025-10-07 08:08:27.714453|fisco-bcos-0x00007f168d54adc0|[g:1][LedgerParam][initIniConfig]initTxPoolConfig/initSyncConfig/initTxExecuteConfig,configFile=conf/group.1.ini
info|2025-10-07 08:08:27.714650|fisco-bcos-0x00007f168d54adc0|[g:1][LedgerParam][initStorageConfig],stateType=storage,storageDB=rocksdb,storagePath=data//group1/block/RocksDB,baseDir=data//group1,dbtype=mysql,dbip=127.0.0.1,dbport=3306,dbcharset=utf8mb4,initconnections=15,maxconnections=50,scrollThreshold=2000,enableReconfirmCommittee=false
info|2025-10-07 08:08:27.714670|fisco-bcos-0x00007f168d54adc0|[g:1][LedgerParam][initTxPoolConfig],txPoolLimit=150000,memorySizeLimit(MB)=512,notifyWorkerNum=2,txsExpirationTime(ms)=600000
info|2025-10-07 08:08:27.714680|fisco-bcos-0x00007f168d54adc0|[g:1][LedgerParam][initSyncConfig],idleWaitMs=200
info|2025-10-07 08:08:27.714691|fisco-bcos-0x00007f168d54adc0|[g:1][LedgerParam][initSyncConfig],enableSendTxsByTree=true,enableSendBlockStatusByTree=true
info|2025-10-07 08:08:27.714699|fisco-bcos-0x00007f168d54adc0|[g:1][LedgerParam][initSyncConfig],gossipInterval=1000
info|2025-10-07 08:08:27.714713|fisco-bcos-0x00007f168d54adc0|[g:1][LedgerParam][initSyncConfig],enableSendBlockStatusByTree=true,gossipInterval=1000,gossipPeers=3,syncTreeWidth=3,maxQueueSizeForBlockSync=536870912,txsStatusGossipMaxPeers=5,syncInfoPrintInterval=10,freeNodeRead=false
info|2025-10-07 08:08:27.714722|fisco-bcos-0x00007f168d54adc0|[g:1][LedgerParam][InitTxExecuteConfig],enableParallel=true
info|2025-10-07 08:08:27.714750|fisco-bcos-0x00007f168d54adc0|[g:1][LedgerParam][initConsensusIniConfig],maxTTL=2,minBlockGenerationTime=500,enablDynamicBlockSize=true,blockSizeIncreaseRatio=0.5,enableTTLOptimize=true,enablePrepareWithTxsHash=true
info|2025-10-07 08:08:27.714779|fisco-bcos-0x00007f168d54adc0|[g:1][LedgerParam][initRPBFTConsensusIniConfig],broadcastPrepareByTree=true,prepareStatusBroadcastPercent=33,maxRequestMissedTxsWaitTime=100,maxRequestPrepareWaitTime=100
info|2025-10-07 08:08:27.714788|fisco-bcos-0x00007f168d54adc0|[g:1][LedgerParam][initFlowControlConfig],maxQPS=9223372036854775807,outGoingBandwidth(Bytes)=9223372036854775807
info|2025-10-07 08:08:27.714794|fisco-bcos-0x00007f168d54adc0|[g:1][LedgerParam]parseSDKAllowList,sdkAllowList=[],enableSDKAllowListControl=false
info|2025-10-07 08:08:27.714817|fisco-bcos-0x00007f168d54adc0|[g:1][LEDGER][initLedger][DBInitializer]
info|2025-10-07 08:08:27.714822|fisco-bcos-0x00007f168d54adc0|[g:1][LEDGER]setSDKAllowList,groupId=1,sdkAllowListSize=0
info|2025-10-07 08:08:27.714827|fisco-bcos-0x00007f168d54adc0|[g:1][CHANNEL]registerSDKAllowListByGroupId,groupId=1,size=0
info|2025-10-07 08:08:27.714832|fisco-bcos-0x00007f168d54adc0|[g:1][CHANNEL]Disable group-level sdk permission control for sdk allowlist is empty
info|2025-10-07 08:08:27.714843|fisco-bcos-0x00007f168d54adc0|[g:1][DBINITIALIZER] [initStorageDB]
info|2025-10-07 08:08:27.714848|fisco-bcos-0x00007f168d54adc0|[g:1][DBINITIALIZER] [initRocksDBStorage]
info|2025-10-07 08:08:27.714875|fisco-bcos-0x00007f168d54adc0|[g:1][ROCKSDB]open rocksDB handler,path=data//group1/block/RocksDB
info|2025-10-07 08:08:27.731503|io_service-0x00007f168a7d1700|[NETWORK][Host]P2P StartAccept,Host=0.0.0.0:30303
info|2025-10-07 08:08:27.731668|io_service-0x00007f168a7d1700|[NETWORK][Host]P2P Recv Connect, From=127.0.0.1:39616
info|2025-10-07 08:08:27.731757|io_service-0x00007f168a7d1700|[NETWORK][Host]P2P StartAccept,Host=0.0.0.0:30303
info|2025-10-07 08:08:27.739723|fisco-bcos-0x00007f168d54adc0|[g:1][g:1][STORAGE][CachedStorage]Init flushStorage thread
info|2025-10-07 08:08:27.739832|fisco-bcos-0x00007f168d54adc0|[g:1][DBINITIALIZER] [init CachedStorage],maxCapacity=32,maxForwardBlock=10
info|2025-10-07 08:08:27.739842|fisco-bcos-0x00007f168d54adc0|[g:1][LEDGER][initLedger][initBlockChain]
info|2025-10-07 08:08:27.740090|fisco-bcos-0x00007f168d54adc0|[g:1][LEDGER]set enableHexBlock to be false,version=34275328
info|2025-10-07 08:08:27.740106|fisco-bcos-0x00007f168d54adc0|[g:1][BLOCKCHAIN][#checkAndBuildGenesisBlock],shouldBuild=false
info|2025-10-07 08:08:27.740568|fisco-bcos-0x00007f168d54adc0|[g:1][BLOCKCHAIN][#checkAndBuildGenesisBlock]Already have the 0th block, 0th groupMark is equal to file groupMark.
info|2025-10-07 08:08:27.740584|fisco-bcos-0x00007f168d54adc0|[g:1][LEDGER][initLedger]initBlockChain SUCC
info|2025-10-07 08:08:27.740649|fisco-bcos-0x00007f168d54adc0|[g:1][DBINITIALIZER] [createStateFactory],type=storage
info|2025-10-07 08:08:27.740657|fisco-bcos-0x00007f168d54adc0|[g:1][DBINITIALIZER] createStorageState SUCC
info|2025-10-07 08:08:27.740660|fisco-bcos-0x00007f168d54adc0|[g:1][DBINITIALIZER] [createStateFactory SUCC]
info|2025-10-07 08:08:27.740664|fisco-bcos-0x00007f168d54adc0|[g:1][DBINITIALIZER] createExecutiveContext...
info|2025-10-07 08:08:27.740680|fisco-bcos-0x00007f168d54adc0|[g:1][LEDGER]createGasMetric,vmFlagType=0
info|2025-10-07 08:08:27.740684|fisco-bcos-0x00007f168d54adc0|[g:1][LEDGER]createGasMetric
info|2025-10-07 08:08:27.740693|fisco-bcos-0x00007f168d54adc0|[g:1][DBINITIALIZER] create precompiledGasFactory and precompiledResultFactory
info|2025-10-07 08:08:27.740697|fisco-bcos-0x00007f168d54adc0|[g:1][DBINITIALIZER] createExecutiveContext SUCC
info|2025-10-07 08:08:27.740706|fisco-bcos-0x00007f168d54adc0|[g:1][DBINITIALIZER] [setSyncNumForCachedStorage],syncNum=52
info|2025-10-07 08:08:27.740713|fisco-bcos-0x00007f168d54adc0|[g:1][LEDGER][initNetworkBandWidthLimiter: outGoingBandwidthLimit has been disabled],groupId=1
info|2025-10-07 08:08:27.740718|fisco-bcos-0x00007f168d54adc0|[g:1][LEDGER][QPSLimit has been disabled],groupId=1
info|2025-10-07 08:08:27.740722|fisco-bcos-0x00007f168d54adc0|[g:1][LEDGER][initLedger][initBlockVerifier]
info|2025-10-07 08:08:27.740729|fisco-bcos-0x00007f168d54adc0|[g:1][LEDGER][initLedger][initBlockVerifier SUCC],evmFlags=0
info|2025-10-07 08:08:27.740734|fisco-bcos-0x00007f168d54adc0|[g:1][LEDGER][initLedger][initTxPool],txPoolLimit=150000
info|2025-10-07 08:08:27.742550|io_service-0x00007f168a7d1700|[NETWORK][ASIO]asyncResolveConnect,endpoint=127.0.0.1:30300
info|2025-10-07 08:08:27.742595|io_service-0x00007f168a7d1700|[NETWORK][ASIO]asyncResolveConnect,endpoint=127.0.0.1:30301
info|2025-10-07 08:08:27.742823|io_service-0x00007f168a7d1700|[NETWORK][ASIO]asyncResolveConnect,endpoint=127.0.0.1:30302
info|2025-10-07 08:08:27.742873|io_service-0x00007f168a7d1700|[NETWORK][ASIO]asyncResolveConnect,endpoint=127.0.0.1:30303
info|2025-10-07 08:08:27.742938|io_service-0x00007f168a7d1700|[NETWORK][Host]P2P Recv Connect, From=127.0.0.1:39624
info|2025-10-07 08:08:27.742976|io_service-0x00007f168a7d1700|[NETWORK][Host]P2P StartAccept,Host=0.0.0.0:30303
info|2025-10-07 08:08:27.744122|io_service-0x00007f168a7d1700|[NETWORK][Host]P2P Recv Connect, From=127.0.0.1:39640
info|2025-10-07 08:08:27.744171|io_service-0x00007f168a7d1700|[NETWORK][Host]P2P StartAccept,Host=0.0.0.0:30303
info|2025-10-07 08:08:27.800114|fisco-bcos-0x00007f168d54adc0|[g:1][LEDGER][initLedger]initTxPool SUCC
info|2025-10-07 08:08:27.800160|fisco-bcos-0x00007f168d54adc0|[g:1][LEDGER][initLedger][initSync],idleWaitMs=200,gossipInterval=1000,gossipPeers=3
info|2025-10-07 08:08:27.800168|fisco-bcos-0x00007f168d54adc0|[g:1][LEDGER]Init sync master,enableSendBlockStatusByTree=true,enableSendTxsByTree=true
info|2025-10-07 08:08:27.815214|fisco-bcos-0x00007f168d54adc0|[g:1][LEDGER][initLedger]initSync SUCC
info|2025-10-07 08:08:27.815249|fisco-bcos-0x00007f168d54adc0|[g:1][LEDGER][initLedger][consensusInitFactory]
info|2025-10-07 08:08:27.815255|fisco-bcos-0x00007f168d54adc0|[g:1][LEDGER][initLedger][createPBFTSealer]
info|2025-10-07 08:08:27.815259|fisco-bcos-0x00007f168d54adc0|[g:1][LEDGER][initLedger][createPBFTSealer],baseDir=data//group1,Protocol=65544
info|2025-10-07 08:08:27.815369|fisco-bcos-0x00007f168d54adc0|[g:1][LEDGER][initLedger]createPBFTSealer for PBFT or rPBFT,consensusType=pbft
info|2025-10-07 08:08:27.815378|fisco-bcos-0x00007f168d54adc0|[g:1][LEDGER]createConsensusEngine: create PBFTEngine
info|2025-10-07 08:08:27.815387|fisco-bcos-0x00007f168d54adc0|[g:1][CONSENSUS][PBFT]Register handler for PBFTEngine
info|2025-10-07 08:08:27.816138|fisco-bcos-0x00007f168d54adc0|[g:1][CONSENSUS][PBFT]setMinBlockGenerationTime,minBlockGenerationTime=500,consensusTime=1000
info|2025-10-07 08:08:27.816156|fisco-bcos-0x00007f168d54adc0|[g:1][LEDGER][initEventLogFilterManager]initEventLogFilterManager SUCC
info|2025-10-07 08:08:27.816161|fisco-bcos-0x00007f168d54adc0|[LedgerInitializer init group succ],groupID=1
info|2025-10-07 08:08:27.816363|fisco-bcos-0x00007f168d54adc0|[SafeHttpServer::StartListening]use default epoll
info|2025-10-07 08:08:27.817053|fisco-bcos-0x00007f168d54adc0|[INITIALIZER][RPCInitializer JsonrpcHttpServer started],jsonrpc_IP=127.0.0.1,jsonrpc_listen_port=8548,jsonrpc_thread_count=8,ipv6=false,disableDynamicGroup=false,uncheckGroupMember=false
info|2025-10-07 08:08:27.817136|fisco-bcos-0x00007f168d54adc0|[g:1][LEDGER]startAll...
info|2025-10-07 08:08:27.840531|fisco-bcos-0x00007f168d54adc0|[g:1][GossipBlockStatus]start GossipBlockStatus succ
info|2025-10-07 08:08:27.840660|fisco-bcos-0x00007f168d54adc0|[g:1][CONSENSUS][ConsensusEngine][Start ConsensusEngineBase]
info|2025-10-07 08:08:27.844460|io_service-0x00007f168a7d1700|[NETWORK][Host]handshakeClient succ,local endpoint=127.0.0.1:51566
info|2025-10-07 08:08:27.844710|io_service-0x00007f168a7d1700|[NETWORK][Host]startPeerSession, Remote=127.0.0.1:30302,local endpoint=127.0.0.1:51566,nodeID=87d00b98...
info|2025-10-07 08:08:27.844772|io_service-0x00007f168a7d1700|[NETWORK][Host]handshakeServer succ,remote endpoint=127.0.0.1:39624
info|2025-10-07 08:08:27.844872|io_service-0x00007f168a7d1700|[NETWORK][Host]startPeerSession, Remote=127.0.0.1:39624,local endpoint=127.0.0.1:30303,nodeID=374bdfe9...
info|2025-10-07 08:08:27.844930|fisco-bcos-0x00007f168d54adc0|[g:1][CONSENSUS][PBFT]^^^^^^^^Report,num=52,sealerIdx=0,hash=6a62c7ff...,next=53,tx=1,nodeIdx=0
info|2025-10-07 08:08:27.845020|io_service-0x00007f168a7d1700|[NETWORK][Host]handshakeServer succ,remote endpoint=127.0.0.1:39640
info|2025-10-07 08:08:27.845034|fisco-bcos-0x00007f168d54adc0|[g:1][ROCKSDB]open rocksDB handler,path=data//group1/pbftMsgBackup/RocksDB
info|2025-10-07 08:08:27.845078|io_service-0x00007f168a7d1700|[NETWORK][Host]startPeerSession, Remote=127.0.0.1:39640,local endpoint=127.0.0.1:30303,nodeID=064cb676...
info|2025-10-07 08:08:27.845820|P2P-0x00007f168c7d5700|[P2P][Service] Connection established,nodeID=87d00b98...,endpoint=127.0.0.1:30302
info|2025-10-07 08:08:27.845963|P2P-0x00007f168c7d5700|[P2P][Service] Connection established,nodeID=374bdfe9...,endpoint=127.0.0.1:39624
info|2025-10-07 08:08:27.850032|io_service-0x00007f168a7d1700|[NETWORK][Host]handshakeClient succ,local endpoint=127.0.0.1:39640
info|2025-10-07 08:08:27.850338|io_service-0x00007f168a7d1700|[NETWORK][Host]startPeerSession, Remote=127.0.0.1:30303,local endpoint=127.0.0.1:39640,nodeID=064cb676...
info|2025-10-07 08:08:27.850809|alignTime-1-0x00007f167afb2700|[g:1][NodeTimeMaintenance]updateTimeInfo: update median time offset,updatedMedianTimeOffset=-27,peer=87d00b98...,peerTime=1759849707823,peerOffset=-27,utcTime=1759849707850
info|2025-10-07 08:08:27.857037|io_service-0x00007f168a7d1700|[NETWORK][Host]handshakeServer succ,remote endpoint=127.0.0.1:39616
info|2025-10-07 08:08:27.857124|io_service-0x00007f168a7d1700|[NETWORK][Host]startPeerSession, Remote=127.0.0.1:39616,local endpoint=127.0.0.1:30303,nodeID=73994dae...
info|2025-10-07 08:08:27.857434|P2P-0x00007f168c7d5700|[P2P][Service] Connection established,nodeID=73994dae...,endpoint=127.0.0.1:39616
info|2025-10-07 08:08:27.861548|io_service-0x00007f168a7d1700|[NETWORK][Host]handshakeClient succ,local endpoint=127.0.0.1:40000
info|2025-10-07 08:08:27.861686|io_service-0x00007f168a7d1700|[NETWORK][Host]startPeerSession, Remote=127.0.0.1:30301,local endpoint=127.0.0.1:40000,nodeID=374bdfe9...
info|2025-10-07 08:08:27.864528|fisco-bcos-0x00007f168d54adc0|[g:1][CONSENSUS][PBFT][PBFT init env successfully]
info|2025-10-07 08:08:27.864573|fisco-bcos-0x00007f168d54adc0|[g:1][CONSENSUS][PBFT][Start PBFTEngine...]
info|2025-10-07 08:08:27.864581|fisco-bcos-0x00007f168d54adc0|[g:1][CONSENSUS][SEALER][Start sealer module]
info|2025-10-07 08:08:27.873291|fisco-bcos-0x00007f168d54adc0|[g:1][EVENT][EventLogFilterManager]start,m_maxBlockRange=0,m_maxBlockPerLoopFilter=3
info|2025-10-07 08:08:27.884142|io_service-0x00007f168a7d1700|[NETWORK][Host]handshakeClient succ,local endpoint=127.0.0.1:56962
info|2025-10-07 08:08:27.884221|io_service-0x00007f168a7d1700|[NETWORK][Host]startPeerSession, Remote=127.0.0.1:30300,local endpoint=127.0.0.1:56962,nodeID=73994dae...
info|2025-10-07 08:08:27.890991|alignTime-1-0x00007f167afb2700|[g:1][NodeTimeMaintenance]updateTimeInfo: update median time offset,updatedMedianTimeOffset=-14,peer=374bdfe9...,peerTime=1759849707889,peerOffset=-1,utcTime=1759849707891
info|2025-10-07 08:08:27.918697|alignTime-1-0x00007f167afb2700|[g:1][NodeTimeMaintenance]updateTimeInfo: update median time offset,updatedMedianTimeOffset=-27,peer=73994dae...,peerTime=1759849707891,peerOffset=-27,utcTime=1759849707918
info|2025-10-07 08:08:28.846250|PBFTSeal-1-0x00007f1668f8e700|[g:1][CONSENSUS][SEALER]++++++++++++++++ Generating seal on,blkNum=53,tx=0,nodeIdx=0,hash=8ba7e943...
info|2025-10-07 08:08:28.853860|PBFT-1-0x00007f167079d700|[g:1][CONSENSUS][PBFT]checkTimeout Succ,view=0,toView=1,nodeIdx=0,changeCycle=1,myNode=064cb676...,timecost=1
info|2025-10-07 08:08:28.864906|PBFT-1-0x00007f167079d700|[g:1][CONSENSUS][PBFT]checkAndChangeView: Reach consensus,org_view=0,cur_changeCycle=1,curView=0,view=1
info|2025-10-07 08:08:29.880718|PBFT-1-0x00007f167079d700|[g:1][CONSENSUS]addRawPrepare,height=53,reqIdx=1,hash=00f6fb36...,time=0
info|2025-10-07 08:08:29.882702|PBFT-1-0x00007f167079d700|[g:1][CONSENSUS][PBFT]checkTimeout Succ,view=1,toView=2,nodeIdx=0,changeCycle=1,myNode=064cb676...,timecost=2
info|2025-10-07 08:08:29.885260|PBFT-1-0x00007f167079d700|[g:1][CONSENSUS][PBFT]checkAndChangeView: Reach consensus,org_view=1,cur_changeCycle=1,curView=1,view=2
info|2025-10-07 08:08:30.905278|PBFT-1-0x00007f167079d700|[g:1][CONSENSUS]addRawPrepare,height=53,reqIdx=2,hash=35ec4346...,time=0
info|2025-10-07 08:08:30.907791|PBFT-1-0x00007f167079d700|[g:1][CONSENSUS][PBFT]checkTimeout Succ,view=2,toView=3,nodeIdx=0,changeCycle=1,myNode=064cb676...,timecost=2
info|2025-10-07 08:08:30.921554|PBFT-1-0x00007f167079d700|[g:1][CONSENSUS][PBFT]checkAndChangeView: Reach consensus,org_view=2,cur_changeCycle=1,curView=2,view=3
info|2025-10-07 08:08:31.928748|PBFT-1-0x00007f167079d700|[g:1][CONSENSUS]addRawPrepare,height=53,reqIdx=3,hash=202ab9c9...,time=0
info|2025-10-07 08:08:31.931272|PBFT-1-0x00007f167079d700|[g:1][CONSENSUS][PBFT]checkTimeout Succ,view=3,toView=4,nodeIdx=0,changeCycle=1,myNode=064cb676...,timecost=1
info|2025-10-07 08:08:31.938729|PBFT-1-0x00007f167079d700|[g:1][CONSENSUS][PBFT]checkAndChangeView: Reach consensus,org_view=3,cur_changeCycle=1,curView=3,view=4
info|2025-10-07 08:08:32.940693|PBFTSeal-1-0x00007f1668f8e700|[g:1][CONSENSUS][SEALER]++++++++++++++++ Generating seal on,blkNum=53,tx=0,nodeIdx=0,hash=1da9b0f2...
info|2025-10-07 08:08:32.950262|PBFT-1-0x00007f167079d700|[g:1][CONSENSUS][PBFT]checkTimeout Succ,view=4,toView=5,nodeIdx=0,changeCycle=1,myNode=064cb676...,timecost=4
info|2025-10-07 08:08:32.952824|PBFT-1-0x00007f167079d700|[g:1][CONSENSUS][PBFT]checkAndChangeView: Reach consensus,org_view=4,cur_changeCycle=1,curView=4,view=5
info|2025-10-07 08:08:33.958544|PBFT-1-0x00007f167079d700|[g:1][CONSENSUS]addRawPrepare,height=53,reqIdx=1,hash=0f1a0fde...,time=0
info|2025-10-07 08:08:33.961015|PBFT-1-0x00007f167079d700|[g:1][CONSENSUS][PBFT]checkTimeout Succ,view=5,toView=6,nodeIdx=0,changeCycle=1,myNode=064cb676...,timecost=3
info|2025-10-07 08:08:33.976593|PBFT-1-0x00007f167079d700|[g:1][CONSENSUS][PBFT]checkAndChangeView: Reach consensus,org_view=5,cur_changeCycle=1,curView=5,view=6
info|2025-10-07 08:08:34.990513|PBFT-1-0x00007f167079d700|[g:1][CONSENSUS]addRawPrepare,height=53,reqIdx=2,hash=6108c848...,time=0
info|2025-10-07 08:08:34.997241|PBFT-1-0x00007f167079d700|[g:1][CONSENSUS][PBFT]checkTimeout Succ,view=6,toView=7,nodeIdx=0,changeCycle=1,myNode=064cb676...,timecost=7
info|2025-10-07 08:08:35.019767|PBFT-1-0x00007f167079d700|[g:1][CONSENSUS][PBFT]checkAndChangeView: Reach consensus,org_view=6,cur_changeCycle=1,curView=6,view=7
info|2025-10-07 08:08:36.031363|PBFT-1-0x00007f167079d700|[g:1][CONSENSUS]addRawPrepare,height=53,reqIdx=3,hash=07f44b3b...,time=0
info|2025-10-07 08:08:36.035381|PBFT-1-0x00007f167079d700|[g:1][CONSENSUS][PBFT]checkTimeout Succ,view=7,toView=8,nodeIdx=0,changeCycle=1,myNode=064cb676...,timecost=4
info|2025-10-07 08:08:36.040136|PBFT-1-0x00007f167079d700|[g:1][CONSENSUS][PBFT]checkAndChangeView: Reach consensus,org_view=7,cur_changeCycle=1,curView=7,view=8
info|2025-10-07 08:08:37.040703|PBFTSeal-1-0x00007f1668f8e700|[g:1][CONSENSUS][SEALER]++++++++++++++++ Generating seal on,blkNum=53,tx=0,nodeIdx=0,hash=0b74f305...
info|2025-10-07 08:08:37.043564|PBFT-1-0x00007f167079d700|[g:1][CONSENSUS][PBFT]checkTimeout Succ,view=8,toView=9,nodeIdx=0,changeCycle=1,myNode=064cb676...,timecost=1
info|2025-10-07 08:08:37.063654|PBFT-1-0x00007f167079d700|[g:1][CONSENSUS][PBFT]checkAndChangeView: Reach consensus,org_view=8,cur_changeCycle=1,curView=8,view=9
info|2025-10-07 08:08:37.666081|io_service-0x00007f168a7d1700|[NETWORK][Host]P2P Recv Connect, From=127.0.0.1:34560
info|2025-10-07 08:08:37.666195|io_service-0x00007f168a7d1700|[NETWORK][Host]P2P StartAccept,Host=0.0.0.0:30303
info|2025-10-07 08:08:37.709337|io_service-0x00007f168a7d1700|[NETWORK][Host]handshakeServer succ,remote endpoint=127.0.0.1:34560
info|2025-10-07 08:08:37.709427|io_service-0x00007f168a7d1700|[NETWORK][Host]startPeerSession, Remote=127.0.0.1:34560,local endpoint=127.0.0.1:30303,nodeID=87d00b98...
info|2025-10-07 08:08:37.714134|io_service-0x00007f168a7d1700|[P2P][Service] heartBeat,connected count=3
info|2025-10-07 08:08:38.063351|PBFT-1-0x00007f167079d700|[g:1][CONSENSUS]addRawPrepare,height=53,reqIdx=1,hash=100ab88b...,time=0
info|2025-10-07 08:08:38.067041|PBFT-1-0x00007f167079d700|[g:1][CONSENSUS][PBFT]checkTimeout Succ,view=9,toView=10,nodeIdx=0,changeCycle=1,myNode=064cb676...,timecost=4
info|2025-10-07 08:08:38.075665|PBFT-1-0x00007f167079d700|[g:1][CONSENSUS][PBFT]checkAndChangeView: Reach consensus,org_view=9,cur_changeCycle=1,curView=9,view=10
info|2025-10-07 08:08:39.085417|PBFT-1-0x00007f167079d700|[g:1][CONSENSUS]addRawPrepare,height=53,reqIdx=2,hash=abf2e50a...,time=0
info|2025-10-07 08:08:39.097374|PBFT-1-0x00007f167079d700|[g:1][CONSENSUS][PBFT]checkTimeout Succ,view=10,toView=11,nodeIdx=0,changeCycle=1,myNode=064cb676...,timecost=12
info|2025-10-07 08:08:39.100997|PBFT-1-0x00007f167079d700|[g:1][CONSENSUS][PBFT]checkAndChangeView: Reach consensus,org_view=10,cur_changeCycle=1,curView=10,view=11
info|2025-10-07 08:08:40.100428|PBFT-1-0x00007f167079d700|[g:1][CONSENSUS]addRawPrepare,height=53,reqIdx=3,hash=d8f9c154...,time=0
info|2025-10-07 08:08:40.101752|PBFT-1-0x00007f167079d700|[g:1][CONSENSUS][PBFT]checkTimeout Succ,view=11,toView=12,nodeIdx=0,changeCycle=1,myNode=064cb676...,timecost=1
info|2025-10-07 08:08:40.111328|PBFT-1-0x00007f167079d700|[g:1][CONSENSUS][PBFT]checkAndChangeView: Reach consensus,org_view=11,cur_changeCycle=1,curView=11,view=12
info|2025-10-07 08:08:41.112247|PBFTSeal-1-0x00007f1668f8e700|[g:1][CONSENSUS][SEALER]++++++++++++++++ Generating seal on,blkNum=53,tx=0,nodeIdx=0,hash=a10f5663...
info|2025-10-07 08:08:41.122316|PBFT-1-0x00007f167079d700|[g:1][CONSENSUS][PBFT]checkTimeout Succ,view=12,toView=13,nodeIdx=0,changeCycle=1,myNode=064cb676...,timecost=2
info|2025-10-07 08:08:41.137217|PBFT-1-0x00007f167079d700|[g:1][CONSENSUS][PBFT]checkAndChangeView: Reach consensus,org_view=12,cur_changeCycle=1,curView=12,view=13
info|2025-10-07 08:08:42.148121|PBFT-1-0x00007f167079d700|[g:1][CONSENSUS]addRawPrepare,height=53,reqIdx=1,hash=705adb1a...,time=0
info|2025-10-07 08:08:42.154069|PBFT-1-0x00007f167079d700|[g:1][CONSENSUS][PBFT]checkTimeout Succ,view=13,toView=14,nodeIdx=0,changeCycle=1,myNode=064cb676...,timecost=6
info|2025-10-07 08:08:42.163777|PBFT-1-0x00007f167079d700|[g:1][CONSENSUS][PBFT]checkAndChangeView: Reach consensus,org_view=13,cur_changeCycle=1,curView=13,view=14
info|2025-10-07 08:08:43.171674|PBFT-1-0x00007f167079d700|[g:1][CONSENSUS]addRawPrepare,height=53,reqIdx=2,hash=b60938f0...,time=0
info|2025-10-07 08:08:43.172956|PBFT-1-0x00007f167079d700|[g:1][CONSENSUS][PBFT]checkTimeout Succ,view=14,toView=15,nodeIdx=0,changeCycle=1,myNode=064cb676...,timecost=1
info|2025-10-07 08:08:43.188924|PBFT-1-0x00007f167079d700|[g:1][CONSENSUS][PBFT]checkAndChangeView: Reach consensus,org_view=14,cur_changeCycle=1,curView=14,view=15
info|2025-10-07 08:08:44.196378|PBFT-1-0x00007f167079d700|[g:1][CONSENSUS]addRawPrepare,height=53,reqIdx=3,hash=562385c0...,time=0
info|2025-10-07 08:08:44.197648|PBFT-1-0x00007f167079d700|[g:1][CONSENSUS][PBFT]checkTimeout Succ,view=15,toView=16,nodeIdx=0,changeCycle=1,myNode=064cb676...,timecost=1
info|2025-10-07 08:08:44.202349|PBFT-1-0x00007f167079d700|[g:1][CONSENSUS][PBFT]checkAndChangeView: Reach consensus,org_view=15,cur_changeCycle=1,curView=15,view=16
info|2025-10-07 08:08:45.202887|PBFTSeal-1-0x00007f1668f8e700|[g:1][CONSENSUS][SEALER]++++++++++++++++ Generating seal on,blkNum=53,tx=0,nodeIdx=0,hash=582f8b79...
info|2025-10-07 08:08:45.212892|PBFT-1-0x00007f167079d700|[g:1][CONSENSUS][PBFT]checkTimeout Succ,view=16,toView=17,nodeIdx=0,changeCycle=1,myNode=064cb676...,timecost=3
info|2025-10-07 08:08:45.216979|PBFT-1-0x00007f167079d700|[g:1][CONSENSUS][PBFT]checkAndChangeView: Reach consensus,org_view=16,cur_changeCycle=1,curView=16,view=17
info|2025-10-07 08:08:46.243750|PBFT-1-0x00007f167079d700|[g:1][CONSENSUS]addRawPrepare,height=53,reqIdx=1,hash=bd870ca2...,time=1
info|2025-10-07 08:08:46.248248|PBFT-1-0x00007f167079d700|[g:1][CONSENSUS][PBFT]checkTimeout Succ,view=17,toView=18,nodeIdx=0,changeCycle=1,myNode=064cb676...,timecost=3
info|2025-10-07 08:08:46.257207|PBFT-1-0x00007f167079d700|[g:1][CONSENSUS][PBFT]checkAndChangeView: Reach consensus,org_view=17,cur_changeCycle=1,curView=17,view=18
info|2025-10-07 08:08:47.266651|PBFT-1-0x00007f167079d700|[g:1][CONSENSUS]addRawPrepare,height=53,reqIdx=2,hash=a765fe4c...,time=0
info|2025-10-07 08:08:47.267822|PBFT-1-0x00007f167079d700|[g:1][CONSENSUS][PBFT]checkTimeout Succ,view=18,toView=19,nodeIdx=0,changeCycle=1,myNode=064cb676...,timecost=1
info|2025-10-07 08:08:47.278811|PBFT-1-0x00007f167079d700|[g:1][CONSENSUS][PBFT]checkAndChangeView: Reach consensus,org_view=18,cur_changeCycle=1,curView=18,view=19
info|2025-10-07 08:08:47.714660|io_service-0x00007f168a7d1700|[P2P][Service] heartBeat,connected count=3
info|2025-10-07 08:08:48.289198|PBFT-1-0x00007f167079d700|[g:1][CONSENSUS]addRawPrepare,height=53,reqIdx=3,hash=4d74a1d0...,time=0
info|2025-10-07 08:08:48.292058|PBFT-1-0x00007f167079d700|[g:1][CONSENSUS][PBFT]checkTimeout Succ,view=19,toView=20,nodeIdx=0,changeCycle=1,myNode=064cb676...,timecost=3
info|2025-10-07 08:08:48.301868|PBFT-1-0x00007f167079d700|[g:1][CONSENSUS][PBFT]checkAndChangeView: Reach consensus,org_view=19,cur_changeCycle=1,curView=19,view=20
info|2025-10-07 08:08:49.302447|PBFTSeal-1-0x00007f1668f8e700|[g:1][CONSENSUS][SEALER]++++++++++++++++ Generating seal on,blkNum=53,tx=0,nodeIdx=0,hash=df2bf610...
info|2025-10-07 08:08:49.305461|PBFT-1-0x00007f167079d700|[g:1][CONSENSUS][PBFT]checkTimeout Succ,view=20,toView=21,nodeIdx=0,changeCycle=1,myNode=064cb676...,timecost=1
info|2025-10-07 08:08:49.314447|PBFT-1-0x00007f167079d700|[g:1][CONSENSUS][PBFT]checkAndChangeView: Reach consensus,org_view=20,cur_changeCycle=1,curView=20,view=21
info|2025-10-07 08:08:50.320749|PBFT-1-0x00007f167079d700|[g:1][CONSENSUS]addRawPrepare,height=53,reqIdx=1,hash=06528764...,time=0
info|2025-10-07 08:08:50.322768|PBFT-1-0x00007f167079d700|[g:1][CONSENSUS][PBFT]checkTimeout Succ,view=21,toView=22,nodeIdx=0,changeCycle=1,myNode=064cb676...,timecost=2
info|2025-10-07 08:08:50.329506|PBFT-1-0x00007f167079d700|[g:1][CONSENSUS][PBFT]checkAndChangeView: Reach consensus,org_view=21,cur_changeCycle=1,curView=21,view=22
info|2025-10-07 08:08:51.340349|PBFT-1-0x00007f167079d700|[g:1][CONSENSUS]addRawPrepare,height=53,reqIdx=2,hash=f5e64d97...,time=0
info|2025-10-07 08:08:51.342420|PBFT-1-0x00007f167079d700|[g:1][CONSENSUS][PBFT]checkTimeout Succ,view=22,toView=23,nodeIdx=0,changeCycle=1,myNode=064cb676...,timecost=2
info|2025-10-07 08:08:51.351425|PBFT-1-0x00007f167079d700|[g:1][CONSENSUS][PBFT]checkAndChangeView: Reach consensus,org_view=22,cur_changeCycle=1,curView=22,view=23
info|2025-10-07 08:08:52.353019|PBFT-1-0x00007f167079d700|[g:1][CONSENSUS]addRawPrepare,height=53,reqIdx=3,hash=26949f36...,time=0
info|2025-10-07 08:08:52.358742|PBFT-1-0x00007f167079d700|[g:1][CONSENSUS][PBFT]checkTimeout Succ,view=23,toView=24,nodeIdx=0,changeCycle=1,myNode=064cb676...,timecost=5
info|2025-10-07 08:08:52.365022|PBFT-1-0x00007f167079d700|[g:1][CONSENSUS][PBFT]checkAndChangeView: Reach consensus,org_view=23,cur_changeCycle=1,curView=23,view=24
info|2025-10-07 08:08:53.365564|PBFTSeal-1-0x00007f1668f8e700|[g:1][CONSENSUS][SEALER]++++++++++++++++ Generating seal on,blkNum=53,tx=0,nodeIdx=0,hash=40f094da...
info|2025-10-07 08:08:53.377541|PBFT-1-0x00007f167079d700|[g:1][CONSENSUS][PBFT]checkTimeout Succ,view=24,toView=25,nodeIdx=0,changeCycle=1,myNode=064cb676...,timecost=6
info|2025-10-07 08:08:53.383892|PBFT-1-0x00007f167079d700|[g:1][CONSENSUS][PBFT]checkAndChangeView: Reach consensus,org_view=24,cur_changeCycle=1,curView=24,view=25
info|2025-10-07 08:08:54.391365|PBFT-1-0x00007f167079d700|[g:1][CONSENSUS]addRawPrepare,height=53,reqIdx=1,hash=aed0da2c...,time=0
info|2025-10-07 08:08:54.392524|PBFT-1-0x00007f167079d700|[g:1][CONSENSUS][PBFT]checkTimeout Succ,view=25,toView=26,nodeIdx=0,changeCycle=1,myNode=064cb676...,timecost=1
info|2025-10-07 08:08:54.404268|PBFT-1-0x00007f167079d700|[g:1][CONSENSUS][PBFT]checkAndChangeView: Reach consensus,org_view=25,cur_changeCycle=1,curView=25,view=26
info|2025-10-07 08:08:55.407623|PBFT-1-0x00007f167079d700|[g:1][CONSENSUS]addRawPrepare,height=53,reqIdx=2,hash=14ab2a7f...,time=0
info|2025-10-07 08:08:55.414118|PBFT-1-0x00007f167079d700|[g:1][CONSENSUS][PBFT]checkTimeout Succ,view=26,toView=27,nodeIdx=0,changeCycle=1,myNode=064cb676...,timecost=3
info|2025-10-07 08:08:55.419260|PBFT-1-0x00007f167079d700|[g:1][CONSENSUS][PBFT]checkAndChangeView: Reach consensus,org_view=26,cur_changeCycle=1,curView=26,view=27
info|2025-10-07 08:08:56.425145|PBFT-1-0x00007f167079d700|[g:1][CONSENSUS]addRawPrepare,height=53,reqIdx=3,hash=7fc24bdf...,time=0
info|2025-10-07 08:08:56.427309|PBFT-1-0x00007f167079d700|[g:1][CONSENSUS][PBFT]checkTimeout Succ,view=27,toView=28,nodeIdx=0,changeCycle=1,myNode=064cb676...,timecost=2
info|2025-10-07 08:08:56.431558|PBFT-1-0x00007f167079d700|[g:1][CONSENSUS][PBFT]checkAndChangeView: Reach consensus,org_view=27,cur_changeCycle=1,curView=27,view=28
info|2025-10-07 08:08:57.433121|PBFTSeal-1-0x00007f1668f8e700|[g:1][CONSENSUS][SEALER]++++++++++++++++ Generating seal on,blkNum=53,tx=0,nodeIdx=0,hash=1a2b7c03...
info|2025-10-07 08:08:57.440033|PBFT-1-0x00007f167079d700|[g:1][CONSENSUS][PBFT]checkTimeout Succ,view=28,toView=29,nodeIdx=0,changeCycle=1,myNode=064cb676...,timecost=6
info|2025-10-07 08:08:57.450109|PBFT-1-0x00007f167079d700|[g:1][CONSENSUS][PBFT]checkAndChangeView: Reach consensus,org_view=28,cur_changeCycle=1,curView=28,view=29
info|2025-10-07 08:08:57.715287|io_service-0x00007f168a7d1700|[P2P][Service] heartBeat,connected count=3
info|2025-10-07 08:08:58.460189|PBFT-1-0x00007f167079d700|[g:1][CONSENSUS]addRawPrepare,height=53,reqIdx=1,hash=5a05d187...,time=0
info|2025-10-07 08:08:58.461459|PBFT-1-0x00007f167079d700|[g:1][CONSENSUS][PBFT]checkTimeout Succ,view=29,toView=30,nodeIdx=0,changeCycle=1,myNode=064cb676...,timecost=1
info|2025-10-07 08:08:58.466857|PBFT-1-0x00007f167079d700|[g:1][CONSENSUS][PBFT]checkAndChangeView: Reach consensus,org_view=29,cur_changeCycle=1,curView=29,view=30
info|2025-10-07 08:08:59.508127|PBFT-1-0x00007f167079d700|[g:1][CONSENSUS]addRawPrepare,height=53,reqIdx=2,hash=1409941e...,time=0
info|2025-10-07 08:08:59.514539|PBFT-1-0x00007f167079d700|[g:1][CONSENSUS][PBFT]checkTimeout Succ,view=30,toView=31,nodeIdx=0,changeCycle=1,myNode=064cb676...,timecost=6
info|2025-10-07 08:08:59.518318|PBFT-1-0x00007f167079d700|[g:1][CONSENSUS][PBFT]checkAndChangeView: Reach consensus,org_view=30,cur_changeCycle=1,curView=30,view=31
info|2025-10-07 08:09:00.527659|PBFT-1-0x00007f167079d700|[g:1][CONSENSUS]addRawPrepare,height=53,reqIdx=3,hash=bd2c410c...,time=0
info|2025-10-07 08:09:00.529500|PBFT-1-0x00007f167079d700|[g:1][CONSENSUS][PBFT]checkTimeout Succ,view=31,toView=32,nodeIdx=0,changeCycle=1,myNode=064cb676...,timecost=2
info|2025-10-07 08:09:00.537538|PBFT-1-0x00007f167079d700|[g:1][CONSENSUS][PBFT]checkAndChangeView: Reach consensus,org_view=31,cur_changeCycle=1,curView=31,view=32
info|2025-10-07 08:09:01.538194|PBFTSeal-1-0x00007f1668f8e700|[g:1][CONSENSUS][SEALER]++++++++++++++++ Generating seal on,blkNum=53,tx=0,nodeIdx=0,hash=7096b13a...
info|2025-10-07 08:09:01.542578|PBFT-1-0x00007f167079d700|[g:1][CONSENSUS][PBFT]checkTimeout Succ,view=32,toView=33,nodeIdx=0,changeCycle=1,myNode=064cb676...,timecost=2
info|2025-10-07 08:09:01.555104|PBFT-1-0x00007f167079d700|[g:1][CONSENSUS][PBFT]checkAndChangeView: Reach consensus,org_view=32,cur_changeCycle=1,curView=32,view=33
info|2025-10-07 08:09:02.560688|PBFT-1-0x00007f167079d700|[g:1][CONSENSUS]addRawPrepare,height=53,reqIdx=1,hash=ae2796dc...,time=0
info|2025-10-07 08:09:02.562120|PBFT-1-0x00007f167079d700|[g:1][CONSENSUS][PBFT]checkTimeout Succ,view=33,toView=34,nodeIdx=0,changeCycle=1,myNode=064cb676...,timecost=2
info|2025-10-07 08:09:02.569712|PBFT-1-0x00007f167079d700|[g:1][CONSENSUS][PBFT]checkAndChangeView: Reach consensus,org_view=33,cur_changeCycle=1,curView=33,view=34
info|2025-10-07 08:09:03.579683|PBFT-1-0x00007f167079d700|[g:1][CONSENSUS]addRawPrepare,height=53,reqIdx=2,hash=6158992a...,time=0
info|2025-10-07 08:09:03.583648|PBFT-1-0x00007f167079d700|[g:1][CONSENSUS][PBFT]checkTimeout Succ,view=34,toView=35,nodeIdx=0,changeCycle=1,myNode=064cb676...,timecost=2
info|2025-10-07 08:09:03.588974|PBFT-1-0x00007f167079d700|[g:1][CONSENSUS][PBFT]checkAndChangeView: Reach consensus,org_view=34,cur_changeCycle=1,curView=34,view=35
info|2025-10-07 08:09:04.592784|PBFT-1-0x00007f167079d700|[g:1][CONSENSUS]addRawPrepare,height=53,reqIdx=3,hash=16be63da...,time=0
info|2025-10-07 08:09:04.594894|PBFT-1-0x00007f167079d700|[g:1][CONSENSUS][PBFT]checkTimeout Succ,view=35,toView=36,nodeIdx=0,changeCycle=1,myNode=064cb676...,timecost=2
info|2025-10-07 08:09:04.603383|PBFT-1-0x00007f167079d700|[g:1][CONSENSUS][PBFT]checkAndChangeView: Reach consensus,org_view=35,cur_changeCycle=1,curView=35,view=36
info|2025-10-07 08:09:05.604577|PBFTSeal-1-0x00007f1668f8e700|[g:1][CONSENSUS][SEALER]++++++++++++++++ Generating seal on,blkNum=53,tx=0,nodeIdx=0,hash=81fc18fd...
info|2025-10-07 08:09:05.614059|PBFT-1-0x00007f167079d700|[g:1][CONSENSUS][PBFT]checkTimeout Succ,view=36,toView=37,nodeIdx=0,changeCycle=1,myNode=064cb676...,timecost=2
info|2025-10-07 08:09:05.616246|PBFT-1-0x00007f167079d700|[g:1][CONSENSUS][PBFT]checkAndChangeView: Reach consensus,org_view=36,cur_changeCycle=1,curView=36,view=37
info|2025-10-07 08:09:06.625582|PBFT-1-0x00007f167079d700|[g:1][CONSENSUS]addRawPrepare,height=53,reqIdx=1,hash=9ce74f9a...,time=0
info|2025-10-07 08:09:06.631078|PBFT-1-0x00007f167079d700|[g:1][CONSENSUS][PBFT]checkTimeout Succ,view=37,toView=38,nodeIdx=0,changeCycle=1,myNode=064cb676...,timecost=3
info|2025-10-07 08:09:06.641137|PBFT-1-0x00007f167079d700|[g:1][CONSENSUS][PBFT]checkAndChangeView: Reach consensus,org_view=37,cur_changeCycle=1,curView=37,view=38
info|2025-10-07 08:09:07.668859|PBFT-1-0x00007f167079d700|[g:1][CONSENSUS]addRawPrepare,height=53,reqIdx=2,hash=c676ad92...,time=0
info|2025-10-07 08:09:07.671822|PBFT-1-0x00007f167079d700|[g:1][CONSENSUS][PBFT]checkTimeout Succ,view=38,toView=39,nodeIdx=0,changeCycle=1,myNode=064cb676...,timecost=2
info|2025-10-07 08:09:07.680832|PBFT-1-0x00007f167079d700|[g:1][CONSENSUS][PBFT]checkAndChangeView: Reach consensus,org_view=38,cur_changeCycle=1,curView=38,view=39
info|2025-10-07 08:09:07.716076|io_service-0x00007f168a7d1700|[P2P][Service] heartBeat,connected count=3
info|2025-10-07 08:09:08.688474|PBFT-1-0x00007f167079d700|[g:1][CONSENSUS]addRawPrepare,height=53,reqIdx=3,hash=34e12548...,time=0
info|2025-10-07 08:09:08.690316|PBFT-1-0x00007f167079d700|[g:1][CONSENSUS][PBFT]checkTimeout Succ,view=39,toView=40,nodeIdx=0,changeCycle=1,myNode=064cb676...,timecost=2
info|2025-10-07 08:09:08.704045|PBFT-1-0x00007f167079d700|[g:1][CONSENSUS][PBFT]checkAndChangeView: Reach consensus,org_view=39,cur_changeCycle=1,curView=39,view=40
info|2025-10-07 08:09:09.721507|PBFTSeal-1-0x00007f1668f8e700|[g:1][CONSENSUS][SEALER]++++++++++++++++ Generating seal on,blkNum=53,tx=0,nodeIdx=0,hash=a64e4889...
info|2025-10-07 08:09:09.724210|PBFT-1-0x00007f167079d700|[g:1][CONSENSUS][PBFT]checkTimeout Succ,view=40,toView=41,nodeIdx=0,changeCycle=1,myNode=064cb676...,timecost=1
info|2025-10-07 08:09:09.733860|PBFT-1-0x00007f167079d700|[g:1][CONSENSUS][PBFT]checkAndChangeView: Reach consensus,org_view=40,cur_changeCycle=1,curView=40,view=41
info|2025-10-07 08:09:10.741438|PBFT-1-0x00007f167079d700|[g:1][CONSENSUS]addRawPrepare,height=53,reqIdx=1,hash=5f9d4352...,time=0
info|2025-10-07 08:09:10.755433|PBFT-1-0x00007f167079d700|[g:1][CONSENSUS][PBFT]checkTimeout Succ,view=41,toView=42,nodeIdx=0,changeCycle=1,myNode=064cb676...,timecost=14
info|2025-10-07 08:09:10.768836|PBFT-1-0x00007f167079d700|[g:1][CONSENSUS][PBFT]checkAndChangeView: Reach consensus,org_view=41,cur_changeCycle=1,curView=41,view=42
info|2025-10-07 08:09:11.775656|PBFT-1-0x00007f167079d700|[g:1][CONSENSUS]addRawPrepare,height=53,reqIdx=2,hash=09681fdd...,time=0
info|2025-10-07 08:09:11.792629|PBFT-1-0x00007f167079d700|[g:1][CONSENSUS][PBFT]checkTimeout Succ,view=42,toView=43,nodeIdx=0,changeCycle=1,myNode=064cb676...,timecost=4
info|2025-10-07 08:09:11.805249|PBFT-1-0x00007f167079d700|[g:1][CONSENSUS][PBFT]checkAndChangeView: Reach consensus,org_view=42,cur_changeCycle=1,curView=42,view=43
info|2025-10-07 08:09:12.805552|PBFT-1-0x00007f167079d700|[g:1][CONSENSUS]addRawPrepare,height=53,reqIdx=3,hash=92c2bb9f...,time=0
info|2025-10-07 08:09:12.817479|PBFT-1-0x00007f167079d700|[g:1][CONSENSUS][PBFT]checkTimeout Succ,view=43,toView=44,nodeIdx=0,changeCycle=1,myNode=064cb676...,timecost=11
info|2025-10-07 08:09:12.821073|PBFT-1-0x00007f167079d700|[g:1][CONSENSUS][PBFT]checkAndChangeView: Reach consensus,org_view=43,cur_changeCycle=1,curView=43,view=44
info|2025-10-07 08:09:13.820933|PBFTSeal-1-0x00007f1668f8e700|[g:1][CONSENSUS][SEALER]++++++++++++++++ Generating seal on,blkNum=53,tx=0,nodeIdx=0,hash=b42e5243...
info|2025-10-07 08:09:13.828807|PBFT-1-0x00007f167079d700|[g:1][CONSENSUS][PBFT]checkTimeout Succ,view=44,toView=45,nodeIdx=0,changeCycle=1,myNode=064cb676...,timecost=5
info|2025-10-07 08:09:13.837659|PBFT-1-0x00007f167079d700|[g:1][CONSENSUS][PBFT]checkAndChangeView: Reach consensus,org_view=44,cur_changeCycle=1,curView=44,view=45
info|2025-10-07 08:09:14.845742|PBFT-1-0x00007f167079d700|[g:1][CONSENSUS]addRawPrepare,height=53,reqIdx=1,hash=d0a69068...,time=0
info|2025-10-07 08:09:14.848314|PBFT-1-0x00007f167079d700|[g:1][CONSENSUS][PBFT]checkTimeout Succ,view=45,toView=46,nodeIdx=0,changeCycle=1,myNode=064cb676...,timecost=1
info|2025-10-07 08:09:14.857232|PBFT-1-0x00007f167079d700|[g:1][CONSENSUS][PBFT]checkAndChangeView: Reach consensus,org_view=45,cur_changeCycle=1,curView=45,view=46
info|2025-10-07 08:09:15.863429|PBFT-1-0x00007f167079d700|[g:1][CONSENSUS]addRawPrepare,height=53,reqIdx=2,hash=fc1203bd...,time=0
info|2025-10-07 08:09:15.869032|PBFT-1-0x00007f167079d700|[g:1][CONSENSUS][PBFT]checkTimeout Succ,view=46,toView=47,nodeIdx=0,changeCycle=1,myNode=064cb676...,timecost=6
info|2025-10-07 08:09:15.876343|PBFT-1-0x00007f167079d700|[g:1][CONSENSUS][PBFT]checkAndChangeView: Reach consensus,org_view=46,cur_changeCycle=1,curView=46,view=47
info|2025-10-07 08:09:16.892499|PBFT-1-0x00007f167079d700|[g:1][CONSENSUS]addRawPrepare,height=53,reqIdx=3,hash=1d91b917...,time=0
info|2025-10-07 08:09:16.896101|PBFT-1-0x00007f167079d700|[g:1][CONSENSUS][PBFT]checkTimeout Succ,view=47,toView=48,nodeIdx=0,changeCycle=1,myNode=064cb676...,timecost=4
info|2025-10-07 08:09:16.901085|PBFT-1-0x00007f167079d700|[g:1][CONSENSUS][PBFT]checkAndChangeView: Reach consensus,org_view=47,cur_changeCycle=1,curView=47,view=48
info|2025-10-07 08:09:17.717000|io_service-0x00007f168a7d1700|[P2P][Service] heartBeat,connected count=3
info|2025-10-07 08:09:17.901525|PBFTSeal-1-0x00007f1668f8e700|[g:1][CONSENSUS][SEALER]++++++++++++++++ Generating seal on,blkNum=53,tx=0,nodeIdx=0,hash=682bab36...
info|2025-10-07 08:09:17.909653|PBFT-1-0x00007f167079d700|[g:1][CONSENSUS][PBFT]checkTimeout Succ,view=48,toView=49,nodeIdx=0,changeCycle=1,myNode=064cb676...,timecost=2
info|2025-10-07 08:09:17.914350|PBFT-1-0x00007f167079d700|[g:1][CONSENSUS][PBFT]checkAndChangeView: Reach consensus,org_view=48,cur_changeCycle=1,curView=48,view=49
info|2025-10-07 08:09:18.920710|PBFT-1-0x00007f167079d700|[g:1][CONSENSUS]addRawPrepare,height=53,reqIdx=1,hash=32d42778...,time=0
info|2025-10-07 08:09:18.929570|PBFT-1-0x00007f167079d700|[g:1][CONSENSUS][PBFT]checkTimeout Succ,view=49,toView=50,nodeIdx=0,changeCycle=1,myNode=064cb676...,timecost=7
info|2025-10-07 08:09:18.955415|PBFT-1-0x00007f167079d700|[g:1][CONSENSUS][PBFT]checkAndChangeView: Reach consensus,org_view=49,cur_changeCycle=1,curView=49,view=50
info|2025-10-07 08:09:19.961883|PBFT-1-0x00007f167079d700|[g:1][CONSENSUS]addRawPrepare,height=53,reqIdx=2,hash=4281bde4...,time=0
info|2025-10-07 08:09:19.966837|PBFT-1-0x00007f167079d700|[g:1][CONSENSUS][PBFT]checkTimeout Succ,view=50,toView=51,nodeIdx=0,changeCycle=1,myNode=064cb676...,timecost=3
info|2025-10-07 08:09:19.971720|PBFT-1-0x00007f167079d700|[g:1][CONSENSUS][PBFT]checkAndChangeView: Reach consensus,org_view=50,cur_changeCycle=1,curView=50,view=51
info|2025-10-07 08:09:20.982711|PBFT-1-0x00007f167079d700|[g:1][CONSENSUS]addRawPrepare,height=53,reqIdx=3,hash=dd862da4...,time=0
info|2025-10-07 08:09:20.983871|PBFT-1-0x00007f167079d700|[g:1][CONSENSUS][PBFT]checkTimeout Succ,view=51,toView=52,nodeIdx=0,changeCycle=1,myNode=064cb676...,timecost=1
info|2025-10-07 08:09:20.988570|PBFT-1-0x00007f167079d700|[g:1][CONSENSUS][PBFT]checkAndChangeView: Reach consensus,org_view=51,cur_changeCycle=1,curView=51,view=52
info|2025-10-07 08:09:21.989359|PBFTSeal-1-0x00007f1668f8e700|[g:1][CONSENSUS][SEALER]++++++++++++++++ Generating seal on,blkNum=53,tx=0,nodeIdx=0,hash=630b0cb2...
info|2025-10-07 08:09:21.997903|PBFT-1-0x00007f167079d700|[g:1][CONSENSUS][PBFT]checkTimeout Succ,view=52,toView=53,nodeIdx=0,changeCycle=1,myNode=064cb676...,timecost=1
info|2025-10-07 08:09:22.005709|PBFT-1-0x00007f167079d700|[g:1][CONSENSUS][PBFT]checkAndChangeView: Reach consensus,org_view=52,cur_changeCycle=1,curView=52,view=53
info|2025-10-07 08:09:23.010280|PBFT-1-0x00007f167079d700|[g:1][CONSENSUS]addRawPrepare,height=53,reqIdx=1,hash=d258c9c8...,time=0
info|2025-10-07 08:09:23.023885|PBFT-1-0x00007f167079d700|[g:1][CONSENSUS][PBFT]checkTimeout Succ,view=53,toView=54,nodeIdx=0,changeCycle=1,myNode=064cb676...,timecost=9
info|2025-10-07 08:09:23.033422|PBFT-1-0x00007f167079d700|[g:1][CONSENSUS][PBFT]checkAndChangeView: Reach consensus,org_view=53,cur_changeCycle=1,curView=53,view=54
info|2025-10-07 08:09:24.035286|PBFT-1-0x00007f167079d700|[g:1][CONSENSUS]addRawPrepare,height=53,reqIdx=2,hash=c629f871...,time=0
info|2025-10-07 08:09:24.037190|PBFT-1-0x00007f167079d700|[g:1][CONSENSUS][PBFT]checkTimeout Succ,view=54,toView=55,nodeIdx=0,changeCycle=1,myNode=064cb676...,timecost=2
info|2025-10-07 08:09:24.045183|PBFT-1-0x00007f167079d700|[g:1][CONSENSUS][PBFT]checkAndChangeView: Reach consensus,org_view=54,cur_changeCycle=1,curView=54,view=55
info|2025-10-07 08:09:25.054739|PBFT-1-0x00007f167079d700|[g:1][CONSENSUS]addRawPrepare,height=53,reqIdx=3,hash=71487400...,time=0
info|2025-10-07 08:09:25.061525|PBFT-1-0x00007f167079d700|[g:1][CONSENSUS][PBFT]checkTimeout Succ,view=55,toView=56,nodeIdx=0,changeCycle=1,myNode=064cb676...,timecost=7
info|2025-10-07 08:09:25.067196|PBFT-1-0x00007f167079d700|[g:1][CONSENSUS][PBFT]checkAndChangeView: Reach consensus,org_view=55,cur_changeCycle=1,curView=55,view=56
info|2025-10-07 08:09:26.066866|PBFTSeal-1-0x00007f1668f8e700|[g:1][CONSENSUS][SEALER]++++++++++++++++ Generating seal on,blkNum=53,tx=0,nodeIdx=0,hash=78365ffd...
info|2025-10-07 08:09:26.075310|PBFT-1-0x00007f167079d700|[g:1][CONSENSUS][PBFT]checkTimeout Succ,view=56,toView=57,nodeIdx=0,changeCycle=1,myNode=064cb676...,timecost=2
info|2025-10-07 08:09:26.079294|PBFT-1-0x00007f167079d700|[g:1][CONSENSUS][PBFT]checkAndChangeView: Reach consensus,org_view=56,cur_changeCycle=1,curView=56,view=57
info|2025-10-07 08:09:27.087674|PBFT-1-0x00007f167079d700|[g:1][CONSENSUS]addRawPrepare,height=53,reqIdx=1,hash=493cdb59...,time=0
info|2025-10-07 08:09:27.093003|PBFT-1-0x00007f167079d700|[g:1][CONSENSUS][PBFT]checkTimeout Succ,view=57,toView=58,nodeIdx=0,changeCycle=1,myNode=064cb676...,timecost=3
info|2025-10-07 08:09:27.101069|PBFT-1-0x00007f167079d700|[g:1][CONSENSUS][PBFT]checkAndChangeView: Reach consensus,org_view=57,cur_changeCycle=1,curView=57,view=58
info|2025-10-07 08:09:27.717199|io_service-0x00007f168a7d1700|[P2P][Service] heartBeat,connected count=3
info|2025-10-07 08:09:28.107194|PBFT-1-0x00007f167079d700|[g:1][CONSENSUS]addRawPrepare,height=53,reqIdx=2,hash=97a64376...,time=0
info|2025-10-07 08:09:28.116508|PBFT-1-0x00007f167079d700|[g:1][CONSENSUS][PBFT]checkTimeout Succ,view=58,toView=59,nodeIdx=0,changeCycle=1,myNode=064cb676...,timecost=7
info|2025-10-07 08:09:28.119937|PBFT-1-0x00007f167079d700|[g:1][CONSENSUS][PBFT]checkAndChangeView: Reach consensus,org_view=58,cur_changeCycle=1,curView=58,view=59
info|2025-10-07 08:09:29.123554|PBFT-1-0x00007f167079d700|[g:1][CONSENSUS]addRawPrepare,height=53,reqIdx=3,hash=e293aee5...,time=0
info|2025-10-07 08:09:29.125666|PBFT-1-0x00007f167079d700|[g:1][CONSENSUS][PBFT]checkTimeout Succ,view=59,toView=60,nodeIdx=0,changeCycle=1,myNode=064cb676...,timecost=2
info|2025-10-07 08:09:29.146979|PBFT-1-0x00007f167079d700|[g:1][CONSENSUS][PBFT]checkAndChangeView: Reach consensus,org_view=59,cur_changeCycle=1,curView=59,view=60
info|2025-10-07 08:09:30.146808|PBFTSeal-1-0x00007f1668f8e700|[g:1][CONSENSUS][SEALER]++++++++++++++++ Generating seal on,blkNum=53,tx=0,nodeIdx=0,hash=1cef8dda...
info|2025-10-07 08:09:30.152653|PBFT-1-0x00007f167079d700|[g:1][CONSENSUS][PBFT]checkTimeout Succ,view=60,toView=61,nodeIdx=0,changeCycle=1,myNode=064cb676...,timecost=1
info|2025-10-07 08:09:30.164403|PBFT-1-0x00007f167079d700|[g:1][CONSENSUS][PBFT]checkAndChangeView: Reach consensus,org_view=60,cur_changeCycle=1,curView=60,view=61
info|2025-10-07 08:09:31.185796|PBFT-1-0x00007f167079d700|[g:1][CONSENSUS]addRawPrepare,height=53,reqIdx=1,hash=1172faec...,time=0
info|2025-10-07 08:09:31.200044|PBFT-1-0x00007f167079d700|[g:1][CONSENSUS][PBFT]checkTimeout Succ,view=61,toView=62,nodeIdx=0,changeCycle=1,myNode=064cb676...,timecost=15
info|2025-10-07 08:09:31.210768|PBFT-1-0x00007f167079d700|[g:1][CONSENSUS][PBFT]checkAndChangeView: Reach consensus,org_view=61,cur_changeCycle=1,curView=61,view=62
info|2025-10-07 08:09:32.215261|PBFT-1-0x00007f167079d700|[g:1][CONSENSUS]addRawPrepare,height=53,reqIdx=2,hash=d4d28a86...,time=0
info|2025-10-07 08:09:32.220119|PBFT-1-0x00007f167079d700|[g:1][CONSENSUS][PBFT]checkTimeout Succ,view=62,toView=63,nodeIdx=0,changeCycle=1,myNode=064cb676...,timecost=5
info|2025-10-07 08:09:32.227129|PBFT-1-0x00007f167079d700|[g:1][CONSENSUS][PBFT]checkAndChangeView: Reach consensus,org_view=62,cur_changeCycle=1,curView=62,view=63
info|2025-10-07 08:09:33.232831|PBFT-1-0x00007f167079d700|[g:1][CONSENSUS]addRawPrepare,height=53,reqIdx=3,hash=ab4f8897...,time=0
info|2025-10-07 08:09:33.241727|PBFT-1-0x00007f167079d700|[g:1][CONSENSUS][PBFT]checkTimeout Succ,view=63,toView=64,nodeIdx=0,changeCycle=1,myNode=064cb676...,timecost=9
info|2025-10-07 08:09:33.245374|PBFT-1-0x00007f167079d700|[g:1][CONSENSUS][PBFT]checkAndChangeView: Reach consensus,org_view=63,cur_changeCycle=1,curView=63,view=64
info|2025-10-07 08:09:34.246252|PBFTSeal-1-0x00007f1668f8e700|[g:1][CONSENSUS][SEALER]++++++++++++++++ Generating seal on,blkNum=53,tx=0,nodeIdx=0,hash=12ac7db9...
info|2025-10-07 08:09:34.259683|PBFT-1-0x00007f167079d700|[g:1][CONSENSUS][PBFT]checkTimeout Succ,view=64,toView=65,nodeIdx=0,changeCycle=1,myNode=064cb676...,timecost=10
info|2025-10-07 08:09:34.275595|PBFT-1-0x00007f167079d700|[g:1][CONSENSUS][PBFT]checkAndChangeView: Reach consensus,org_view=64,cur_changeCycle=1,curView=64,view=65
info|2025-10-07 08:09:35.298139|PBFT-1-0x00007f167079d700|[g:1][CONSENSUS]addRawPrepare,height=53,reqIdx=1,hash=24a8e720...,time=0
info|2025-10-07 08:09:35.299161|PBFT-1-0x00007f167079d700|[g:1][CONSENSUS][PBFT]checkTimeout Succ,view=65,toView=66,nodeIdx=0,changeCycle=1,myNode=064cb676...,timecost=1
info|2025-10-07 08:09:35.308963|PBFT-1-0x00007f167079d700|[g:1][CONSENSUS][PBFT]checkAndChangeView: Reach consensus,org_view=65,cur_changeCycle=1,curView=65,view=66
info|2025-10-07 08:09:36.321328|PBFT-1-0x00007f167079d700|[g:1][CONSENSUS]addRawPrepare,height=53,reqIdx=2,hash=f8aa1c21...,time=0
info|2025-10-07 08:09:36.325692|PBFT-1-0x00007f167079d700|[g:1][CONSENSUS][PBFT]checkTimeout Succ,view=66,toView=67,nodeIdx=0,changeCycle=1,myNode=064cb676...,timecost=4
info|2025-10-07 08:09:36.334067|PBFT-1-0x00007f167079d700|[g:1][CONSENSUS][PBFT]checkAndChangeView: Reach consensus,org_view=66,cur_changeCycle=1,curView=66,view=67
info|2025-10-07 08:09:37.340456|PBFT-1-0x00007f167079d700|[g:1][CONSENSUS]addRawPrepare,height=53,reqIdx=3,hash=2e9da83a...,time=2
info|2025-10-07 08:09:37.343966|PBFT-1-0x00007f167079d700|[g:1][CONSENSUS][PBFT]checkTimeout Succ,view=67,toView=68,nodeIdx=0,changeCycle=1,myNode=064cb676...,timecost=1
info|2025-10-07 08:09:37.349085|PBFT-1-0x00007f167079d700|[g:1][CONSENSUS][PBFT]checkAndChangeView: Reach consensus,org_view=67,cur_changeCycle=1,curView=67,view=68
info|2025-10-07 08:09:37.717797|io_service-0x00007f168a7d1700|[P2P][Service] heartBeat,connected count=3
info|2025-10-07 08:09:37.881473|P2P-0x00007f168afd2700|[NETWORK][Session]Received topic: [2	_block_notify_1] from 73994dae9e8b8da733108a4153dfe79151d701dff425f84c87b5324e8ebd02ab6a0ebc9e4f1e0298a7ddca50f94a8f95c62b6997226d571e470e8f2b0600634a
info|2025-10-07 08:09:38.349793|PBFTSeal-1-0x00007f1668f8e700|[g:1][CONSENSUS][SEALER]++++++++++++++++ Generating seal on,blkNum=53,tx=0,nodeIdx=0,hash=3e126401...
info|2025-10-07 08:09:38.352248|PBFT-1-0x00007f167079d700|[g:1][CONSENSUS][PBFT]checkTimeout Succ,view=68,toView=69,nodeIdx=0,changeCycle=1,myNode=064cb676...,timecost=1
info|2025-10-07 08:09:38.360731|PBFT-1-0x00007f167079d700|[g:1][CONSENSUS][PBFT]checkAndChangeView: Reach consensus,org_view=68,cur_changeCycle=1,curView=68,view=69
info|2025-10-07 08:09:39.370080|PBFT-1-0x00007f167079d700|[g:1][CONSENSUS]addRawPrepare,height=53,reqIdx=1,hash=bb622df3...,time=0
info|2025-10-07 08:09:39.371262|PBFT-1-0x00007f167079d700|[g:1][CONSENSUS][PBFT]checkTimeout Succ,view=69,toView=70,nodeIdx=0,changeCycle=1,myNode=064cb676...,timecost=1
info|2025-10-07 08:09:39.382107|PBFT-1-0x00007f167079d700|[g:1][CONSENSUS][PBFT]checkAndChangeView: Reach consensus,org_view=69,cur_changeCycle=1,curView=69,view=70
info|2025-10-07 08:09:40.386644|PBFT-1-0x00007f167079d700|[g:1][CONSENSUS]addRawPrepare,height=53,reqIdx=2,hash=58dbf54b...,time=0
info|2025-10-07 08:09:40.387805|PBFT-1-0x00007f167079d700|[g:1][CONSENSUS][PBFT]checkTimeout Succ,view=70,toView=71,nodeIdx=0,changeCycle=1,myNode=064cb676...,timecost=1
info|2025-10-07 08:09:40.397801|PBFT-1-0x00007f167079d700|[g:1][CONSENSUS][PBFT]checkAndChangeView: Reach consensus,org_view=70,cur_changeCycle=1,curView=70,view=71
info|2025-10-07 08:09:41.411402|PBFT-1-0x00007f167079d700|[g:1][CONSENSUS]addRawPrepare,height=53,reqIdx=3,hash=261c3f3f...,time=0
info|2025-10-07 08:09:41.413866|PBFT-1-0x00007f167079d700|[g:1][CONSENSUS][PBFT]checkTimeout Succ,view=71,toView=72,nodeIdx=0,changeCycle=1,myNode=064cb676...,timecost=2
info|2025-10-07 08:09:41.417580|PBFT-1-0x00007f167079d700|[g:1][CONSENSUS][PBFT]checkAndChangeView: Reach consensus,org_view=71,cur_changeCycle=1,curView=71,view=72
info|2025-10-07 08:09:42.418878|PBFTSeal-1-0x00007f1668f8e700|[g:1][CONSENSUS][SEALER]++++++++++++++++ Generating seal on,blkNum=53,tx=0,nodeIdx=0,hash=59326fac...
info|2025-10-07 08:09:42.431961|PBFT-1-0x00007f167079d700|[g:1][CONSENSUS][PBFT]checkTimeout Succ,view=72,toView=73,nodeIdx=0,changeCycle=1,myNode=064cb676...,timecost=4
info|2025-10-07 08:09:42.433824|PBFT-1-0x00007f167079d700|[g:1][CONSENSUS][PBFT]checkAndChangeView: Reach consensus,org_view=72,cur_changeCycle=1,curView=72,view=73
info|2025-10-07 08:09:43.436274|PBFT-1-0x00007f167079d700|[g:1][CONSENSUS]addRawPrepare,height=53,reqIdx=1,hash=b818a0b8...,time=0
info|2025-10-07 08:09:43.444374|PBFT-1-0x00007f167079d700|[g:1][CONSENSUS][PBFT]checkTimeout Succ,view=73,toView=74,nodeIdx=0,changeCycle=1,myNode=064cb676...,timecost=8
info|2025-10-07 08:09:43.450601|PBFT-1-0x00007f167079d700|[g:1][CONSENSUS][PBFT]checkAndChangeView: Reach consensus,org_view=73,cur_changeCycle=1,curView=73,view=74
info|2025-10-07 08:09:44.310821|PBFTWork-1-0x00007f1676faa700|[g:1][CONSENSUS][PartiallyPBFTReqCache]addPartiallyRawPrepare,height=53,reqIdx=2,hash=e7fdc14b...
info|2025-10-07 08:09:44.318285|PBFT-1-0x00007f167079d700|[g:1][CONSENSUS][PBFT]checkReq: Recv future request,prepHash=00000000...,INFO=handleSignMsg,num=53,curNum=52,GenIdx=2,Sview=74,view=74,fromIdx=2,fromNode=73994dae...,fromIp=127.0.0.1:39616,hash=e7c49a6b...,nodeIdx=0,myNode=064cb676...
info|2025-10-07 08:09:44.318310|PBFT-1-0x00007f167079d700|[g:1][CONSENSUS][PBFT]FutureBlock,INFO=handleSignMsg,num=53,curNum=52,GenIdx=2,Sview=74,view=74,fromIdx=2,fromNode=73994dae...,fromIp=127.0.0.1:39616,hash=e7c49a6b...,nodeIdx=0,myNode=064cb676...
info|2025-10-07 08:09:44.320759|PBFT-1-0x00007f167079d700|[g:1][CONSENSUS][PBFT]checkReq: Recv future request,prepHash=00000000...,INFO=handleSignMsg,num=53,curNum=52,GenIdx=3,Sview=74,view=74,fromIdx=3,fromNode=87d00b98...,fromIp=127.0.0.1:30302,hash=e7c49a6b...,nodeIdx=0,myNode=064cb676...
info|2025-10-07 08:09:44.320775|PBFT-1-0x00007f167079d700|[g:1][CONSENSUS][PBFT]FutureBlock,INFO=handleSignMsg,num=53,curNum=52,GenIdx=3,Sview=74,view=74,fromIdx=3,fromNode=87d00b98...,fromIp=127.0.0.1:30302,hash=e7c49a6b...,nodeIdx=0,myNode=064cb676...
info|2025-10-07 08:09:44.359921|PBFT-1-0x00007f167079d700|[g:1][CONSENSUS][PBFT]checkReq: Recv future request,prepHash=00000000...,INFO=handleSignMsg,num=53,curNum=52,GenIdx=1,Sview=74,view=74,fromIdx=1,fromNode=374bdfe9...,fromIp=127.0.0.1:39624,hash=e7c49a6b...,nodeIdx=0,myNode=064cb676...
info|2025-10-07 08:09:44.359964|PBFT-1-0x00007f167079d700|[g:1][CONSENSUS][PBFT]FutureBlock,INFO=handleSignMsg,num=53,curNum=52,GenIdx=1,Sview=74,view=74,fromIdx=1,fromNode=374bdfe9...,fromIp=127.0.0.1:39624,hash=e7c49a6b...,nodeIdx=0,myNode=064cb676...
info|2025-10-07 08:09:44.368889|PBFTMsg-1-0x00007f16777ab700|[g:1][CONSENSUS]addRawPrepare,height=53,reqIdx=2,hash=e7fdc14b...,time=0
info|2025-10-07 08:09:44.369125|PBFTMsg-1-0x00007f16777ab700|[g:1][BLOCKVERIFIER][executeBlock]Executing block,txNum=1,num=53,parentHash=6a62c7ffce44e0661cf00664801c062ef912f978f247717e58370b4491a03c57,parentNum=52,parentStateRoot=b5474461032cc96a8d78fd44d922e294b99661cc7c006966f2d6a4731feb291b
info|2025-10-07 08:09:44.369873|PBFTMsg-1-0x00007f16777ab700|[g:1][PRECOMPILED]init GasChargeManagePrecompiled
info|2025-10-07 08:09:44.370425|PBFTMsg-1-0x00007f16777ab700|[g:1][STORAGE][MemoryTableFactory2]createTable,table name=c_743fb99e76669beaa180b0a76929e881b88350c5,keyField=key,valueField=value
info|2025-10-07 08:09:44.371170|PBFTMsg-1-0x00007f16777ab700|[g:1][CONSENSUS][PBFT]execBlock,blkNum=53,reqIdx=2,hash=e7c49a6b...,nodeIdx=0,myNode=064cb676...,decodeCost=0,checkCost=1,notifyCost=0,noteSealingCost=0,currentCycle=1,verifyAndSetSenderCost=0,execCost=2,execPerTx=2,totalCost=3
info|2025-10-07 08:09:44.380248|PBFTMsg-1-0x00007f16777ab700|[g:1][CONSENSUS][PBFT]checkAndCommit: backup/updateCommittedPrepare,reqNum=53,hash=e7fdc14b...,nodeIdx=0,myNode=064cb676...
info|2025-10-07 08:09:44.381205|PBFTMsg-1-0x00007f16777ab700|[g:1][CONSENSUS][PBFT]handlePrepareMsg Succ,timecost=10,INFO=handlePrepareMsg,reqIdx=2,view=74,reqNum=53,curNum=52,consNum=53,curView=74,fromIp=self,hash=e7fdc14b...,nodeIdx=0,myNode=064cb676...,curChangeCycle=1
info|2025-10-07 08:09:44.382353|PBFT-1-0x00007f167079d700|[g:1][CONSENSUS][PBFT]handleCommitMsg Succ,INFO=handleCommitMsg,reqNum=53,curNum=52,GenIdx=2,Cview=74,view=74,fromIdx=2,fromNode=73994dae...,fromIp=127.0.0.1:39616,hash=e7c49a6b...,nodeIdx=0,myNode=064cb676...,Timecost=1
info|2025-10-07 08:09:44.383360|PBFT-1-0x00007f167079d700|[g:1][CONSENSUS][PBFT]checkAndSave: CommitReq enough,prepareHeight=53,commitSize=3,hash=e7c49a6b...,nodeIdx=0,myNode=064cb676...
info|2025-10-07 08:09:44.386928|PBFT-1-0x00007f167079d700|[g:1][g:1][STORAGE][CachedStorage]commit: 9 num: 53
info|2025-10-07 08:09:44.391420|PBFT-1-0x00007f167079d700|[g:1][g:1][STORAGE][CachedStorage]Submited block task: 53, current syncd block: 52
info|2025-10-07 08:09:44.391510|PBFT-1-0x00007f167079d700|[g:1]Push block notify: 1-53
info|2025-10-07 08:09:44.392009|PBFT-1-0x00007f167079d700|[g:1][CONSENSUS][PBFT]CommitBlock Succ,prepareHeight=53,reqIdx=2,hash=e7c49a6b...,nodeIdx=0,myNode=064cb676...,genSigTimeCost=0,commitBlockTimeCost=8,dropTxsTimeCost=1,noteSealingTimeCost=0,totalTimeCost=9
info|2025-10-07 08:09:44.392039|PBFT-1-0x00007f167079d700|[g:1][CONSENSUS][PBFT]handleCommitMsg Succ,INFO=handleCommitMsg,reqNum=53,curNum=52,GenIdx=3,Cview=74,view=74,fromIdx=3,fromNode=87d00b98...,fromIp=127.0.0.1:30302,hash=e7c49a6b...,nodeIdx=0,myNode=064cb676...,Timecost=10
info|2025-10-07 08:09:44.392063|PBFT-1-0x00007f167079d700|[g:1][CONSENSUS][PBFT]checkReq: Recv future request,prepHash=00000000...,INFO=handleCommitMsg,reqNum=53,curNum=52,GenIdx=1,Cview=74,view=74,fromIdx=1,fromNode=374bdfe9...,fromIp=127.0.0.1:39624,hash=e7c49a6b...,nodeIdx=0,myNode=064cb676...
info|2025-10-07 08:09:44.392650|taskPool-1-0x00007f16797af700|[g:1][g:1][STORAGE][CachedStorage]Start commit block: 53 to backend storage
info|2025-10-07 08:09:44.394846|taskPool-1-0x00007f16797af700|[g:1][g:1][STORAGE][CachedStorage]
---------------------------------------------------------------------
Commit block: 53 to backend storage finished, current cached block: 53
Flush elapsed time: 0.0022s
---------------------------------------------------------------------
info|2025-10-07 08:09:44.395763|PBFTSeal-1-0x00007f1668f8e700|[g:1][CONSENSUS][SEALER]increase maxNoTimeoutTx,maxNoTimeoutTx=1
info|2025-10-07 08:09:44.395781|PBFTSeal-1-0x00007f1668f8e700|[g:1][CONSENSUS][PBFT]^^^^^^^^Report,num=53,sealerIdx=2,hash=e7c49a6b...,next=54,tx=1,nodeIdx=0
info|2025-10-07 08:09:45.391831|PBFT-1-0x00007f167079d700|[g:1][CONSENSUS]addRawPrepare,height=54,reqIdx=1,hash=88b1672b...,time=0
info|2025-10-07 08:09:45.393000|PBFT-1-0x00007f167079d700|[g:1][CONSENSUS][PBFT]checkTimeout Succ,view=0,toView=1,nodeIdx=0,changeCycle=1,myNode=064cb676...,timecost=2
info|2025-10-07 08:09:45.403857|PBFT-1-0x00007f167079d700|[g:1][CONSENSUS][PBFT]checkAndChangeView: Reach consensus,org_view=0,cur_changeCycle=1,curView=0,view=1
info|2025-10-07 08:09:46.411179|PBFT-1-0x00007f167079d700|[g:1][CONSENSUS]addRawPrepare,height=54,reqIdx=2,hash=2b369b8f...,time=0
info|2025-10-07 08:09:46.417698|PBFT-1-0x00007f167079d700|[g:1][CONSENSUS][PBFT]checkTimeout Succ,view=1,toView=2,nodeIdx=0,changeCycle=1,myNode=064cb676...,timecost=6
info|2025-10-07 08:09:46.420493|PBFT-1-0x00007f167079d700|[g:1][CONSENSUS][PBFT]checkAndChangeView: Reach consensus,org_view=1,cur_changeCycle=1,curView=1,view=2
info|2025-10-07 08:09:47.428335|PBFT-1-0x00007f167079d700|[g:1][CONSENSUS]addRawPrepare,height=54,reqIdx=3,hash=5838c11b...,time=0
info|2025-10-07 08:09:47.429944|PBFT-1-0x00007f167079d700|[g:1][CONSENSUS][PBFT]checkTimeout Succ,view=2,toView=3,nodeIdx=0,changeCycle=1,myNode=064cb676...,timecost=1
info|2025-10-07 08:09:47.439304|PBFT-1-0x00007f167079d700|[g:1][CONSENSUS][PBFT]checkAndChangeView: Reach consensus,org_view=2,cur_changeCycle=1,curView=2,view=3
info|2025-10-07 08:09:47.718287|io_service-0x00007f168a7d1700|[P2P][Service] heartBeat,connected count=3
info|2025-10-07 08:09:48.439583|PBFTSeal-1-0x00007f1668f8e700|[g:1][CONSENSUS][SEALER]++++++++++++++++ Generating seal on,blkNum=54,tx=0,nodeIdx=0,hash=7b6bd3d0...
info|2025-10-07 08:09:48.448585|PBFT-1-0x00007f167079d700|[g:1][CONSENSUS][PBFT]checkTimeout Succ,view=3,toView=4,nodeIdx=0,changeCycle=1,myNode=064cb676...,timecost=1
info|2025-10-07 08:09:48.457170|PBFT-1-0x00007f167079d700|[g:1][CONSENSUS][PBFT]checkAndChangeView: Reach consensus,org_view=3,cur_changeCycle=1,curView=3,view=4
info|2025-10-07 08:09:49.465738|PBFT-1-0x00007f167079d700|[g:1][CONSENSUS]addRawPrepare,height=54,reqIdx=1,hash=db01636b...,time=0
info|2025-10-07 08:09:49.466792|PBFT-1-0x00007f167079d700|[g:1][CONSENSUS][PBFT]checkTimeout Succ,view=4,toView=5,nodeIdx=0,changeCycle=1,myNode=064cb676...,timecost=1
info|2025-10-07 08:09:49.479994|PBFT-1-0x00007f167079d700|[g:1][CONSENSUS][PBFT]checkAndChangeView: Reach consensus,org_view=4,cur_changeCycle=1,curView=4,view=5
info|2025-10-07 08:09:50.490581|PBFT-1-0x00007f167079d700|[g:1][CONSENSUS]addRawPrepare,height=54,reqIdx=2,hash=0fa9b13c...,time=0
info|2025-10-07 08:09:50.493402|PBFT-1-0x00007f167079d700|[g:1][CONSENSUS][PBFT]checkTimeout Succ,view=5,toView=6,nodeIdx=0,changeCycle=1,myNode=064cb676...,timecost=3
info|2025-10-07 08:09:50.499587|PBFT-1-0x00007f167079d700|[g:1][CONSENSUS][PBFT]checkAndChangeView: Reach consensus,org_view=5,cur_changeCycle=1,curView=5,view=6
info|2025-10-07 08:09:51.503306|PBFT-1-0x00007f167079d700|[g:1][CONSENSUS]addRawPrepare,height=54,reqIdx=3,hash=3a9bac5d...,time=0
info|2025-10-07 08:09:51.506138|PBFT-1-0x00007f167079d700|[g:1][CONSENSUS][PBFT]checkTimeout Succ,view=6,toView=7,nodeIdx=0,changeCycle=1,myNode=064cb676...,timecost=3
info|2025-10-07 08:09:51.516682|PBFT-1-0x00007f167079d700|[g:1][CONSENSUS][PBFT]checkAndChangeView: Reach consensus,org_view=6,cur_changeCycle=1,curView=6,view=7
info|2025-10-07 08:09:52.517925|PBFTSeal-1-0x00007f1668f8e700|[g:1][CONSENSUS][SEALER]++++++++++++++++ Generating seal on,blkNum=54,tx=0,nodeIdx=0,hash=2db795a5...
info|2025-10-07 08:09:52.524543|PBFT-1-0x00007f167079d700|[g:1][CONSENSUS][PBFT]checkTimeout Succ,view=7,toView=8,nodeIdx=0,changeCycle=1,myNode=064cb676...,timecost=1
info|2025-10-07 08:09:52.528553|PBFT-1-0x00007f167079d700|[g:1][CONSENSUS][PBFT]checkAndChangeView: Reach consensus,org_view=7,cur_changeCycle=1,curView=7,view=8
info|2025-10-07 08:09:53.541076|PBFT-1-0x00007f167079d700|[g:1][CONSENSUS]addRawPrepare,height=54,reqIdx=1,hash=a9d14007...,time=0
info|2025-10-07 08:09:53.551592|PBFT-1-0x00007f167079d700|[g:1][CONSENSUS][PBFT]checkTimeout Succ,view=8,toView=9,nodeIdx=0,changeCycle=1,myNode=064cb676...,timecost=10
info|2025-10-07 08:09:53.557023|PBFT-1-0x00007f167079d700|[g:1][CONSENSUS][PBFT]checkAndChangeView: Reach consensus,org_view=8,cur_changeCycle=1,curView=8,view=9
info|2025-10-07 08:09:54.566962|PBFT-1-0x00007f167079d700|[g:1][CONSENSUS]addRawPrepare,height=54,reqIdx=2,hash=67919c47...,time=0
info|2025-10-07 08:09:54.569019|PBFT-1-0x00007f167079d700|[g:1][CONSENSUS][PBFT]checkTimeout Succ,view=9,toView=10,nodeIdx=0,changeCycle=1,myNode=064cb676...,timecost=2
info|2025-10-07 08:09:54.581543|PBFT-1-0x00007f167079d700|[g:1][CONSENSUS][PBFT]checkAndChangeView: Reach consensus,org_view=9,cur_changeCycle=1,curView=9,view=10
info|2025-10-07 08:09:55.083105|PBFTWork-1-0x00007f1676faa700|[g:1][CONSENSUS][PartiallyPBFTReqCache]addPartiallyRawPrepare,height=54,reqIdx=3,hash=49a14201...
info|2025-10-07 08:09:55.083376|PBFTWork-1-0x00007f1676faa700|[g:1][BLOCKVERIFIER][executeBlock]Executing block,txNum=1,num=54,parentHash=e7c49a6b82601c496a403f403b8c5d2a23ac5c0ee0023d710b68d31b46ae91d5,parentNum=53,parentStateRoot=71f5ac72c0c771648e4a93d6d3dc077414197f82eabfbe01d1e1c38abd3669bd
info|2025-10-07 08:09:55.083531|PBFTWork-1-0x00007f1676faa700|[g:1][PRECOMPILED]init GasChargeManagePrecompiled
info|2025-10-07 08:09:55.083777|PBFTWork-1-0x00007f1676faa700|[g:1][STORAGE][MemoryTableFactory2]createTable,table name=c_a51a44e2df95c9b4fa3c389c4c3d1d04b7534f10,keyField=key,valueField=value
info|2025-10-07 08:09:57.317309|PBFTWork-1-0x00007f1676faa700|[g:1][CONSENSUS][PBFT]execBlock,blkNum=54,reqIdx=3,hash=bfa3d021...,nodeIdx=0,myNode=064cb676...,decodeCost=0,checkCost=0,notifyCost=0,noteSealingCost=0,currentCycle=1,verifyAndSetSenderCost=0,execCost=2234,execPerTx=2234,totalCost=2234
info|2025-10-07 08:09:57.320499|PBFTWork-1-0x00007f1676faa700|[g:1][CONSENSUS][PBFT]handlePrepareMsg Succ,timecost=3,INFO=handlePartiallyPrepare,reqIdx=3,view=10,reqNum=54,curNum=53,consNum=54,hash=49a14201...,nodeIdx=0,myNode=064cb676...,curChangeCycle=1
info|2025-10-07 08:09:57.718428|io_service-0x00007f168a7d1700|[P2P][Service] heartBeat,connected count=3
info|2025-10-07 08:09:58.394247|PBFT-1-0x00007f167079d700|[g:1][CONSENSUS][PBFT]checkReq: Recv future request,prepHash=bfa3d021...,INFO=handleSignMsg,num=54,curNum=53,GenIdx=3,Sview=10,view=10,fromIdx=3,fromNode=87d00b98...,fromIp=127.0.0.1:30302,hash=3cfeb52e...,nodeIdx=0,myNode=064cb676...
info|2025-10-07 08:09:58.394295|PBFT-1-0x00007f167079d700|[g:1][CONSENSUS][PBFT]FutureBlock,INFO=handleSignMsg,num=54,curNum=53,GenIdx=3,Sview=10,view=10,fromIdx=3,fromNode=87d00b98...,fromIp=127.0.0.1:30302,hash=3cfeb52e...,nodeIdx=0,myNode=064cb676...
info|2025-10-07 08:09:58.660605|PBFT-1-0x00007f167079d700|[g:1][CONSENSUS][PBFT]checkReq: Recv future request,prepHash=bfa3d021...,INFO=handleSignMsg,num=54,curNum=53,GenIdx=1,Sview=10,view=10,fromIdx=1,fromNode=374bdfe9...,fromIp=127.0.0.1:39624,hash=55b9b639...,nodeIdx=0,myNode=064cb676...
info|2025-10-07 08:09:58.660643|PBFT-1-0x00007f167079d700|[g:1][CONSENSUS][PBFT]FutureBlock,INFO=handleSignMsg,num=54,curNum=53,GenIdx=1,Sview=10,view=10,fromIdx=1,fromNode=374bdfe9...,fromIp=127.0.0.1:39624,hash=55b9b639...,nodeIdx=0,myNode=064cb676...
info|2025-10-07 08:09:58.780602|PBFT-1-0x00007f167079d700|[g:1][CONSENSUS][PBFT]checkReq: Recv future request,prepHash=bfa3d021...,INFO=handleSignMsg,num=54,curNum=53,GenIdx=2,Sview=10,view=10,fromIdx=2,fromNode=73994dae...,fromIp=127.0.0.1:39616,hash=26184df8...,nodeIdx=0,myNode=064cb676...
info|2025-10-07 08:09:58.780646|PBFT-1-0x00007f167079d700|[g:1][CONSENSUS][PBFT]FutureBlock,INFO=handleSignMsg,num=54,curNum=53,GenIdx=2,Sview=10,view=10,fromIdx=2,fromNode=73994dae...,fromIp=127.0.0.1:39616,hash=26184df8...,nodeIdx=0,myNode=064cb676...
info|2025-10-07 08:10:00.095069|Sync-1-0x00007f1671fa0700|[g:1][SYNC][id:064cb676...]print sync info,peersCount=3,infoJson={"blockNumber":53,"genesisHash":"f0d3e67991e2c3d83533c031601c30c4741aba35d7d8017900779abe4ae22efe","isSyncing":false,"knownHighestNumber":53,"knownLatestHash":"e7c49a6b82601c496a403f403b8c5d2a23ac5c0ee0023d710b68d31b46ae91d5","latestHash":"e7c49a6b82601c496a403f403b8c5d2a23ac5c0ee0023d710b68d31b46ae91d5","nodeId":"064cb676a36047a4b52ecbf9c01664b1e987d91b438110ba6a12d96972726622e824d295b1de8b0298b5afe7bbbc0bd04a3890e1a36eae028c1cfbe07971b995","peers":[{"blockNumber":53,"genesisHash":"f0d3e67991e2c3d83533c031601c30c4741aba35d7d8017900779abe4ae22efe","latestHash":"e7c49a6b82601c496a403f403b8c5d2a23ac5c0ee0023d710b68d31b46ae91d5","nodeId":"374bdfe969e1d8ea1200ade93e5d8cf1a7d5741f238011004b0f43ca818706f194b2f067e1708125f7ffc536610b9a72addbd56b238d65f18912be39037ffcc5"},{"blockNumber":53,"genesisHash":"f0d3e67991e2c3d83533c031601c30c4741aba35d7d8017900779abe4ae22efe","latestHash":"e7c49a6b82601c496a403f403b8c5d2a23ac5c0ee0023d710b68d31b46ae91d5","nodeId":"73994dae9e8b8da733108a4153dfe79151d701dff425f84c87b5324e8ebd02ab6a0ebc9e4f1e0298a7ddca50f94a8f95c62b6997226d571e470e8f2b0600634a"},{"blockNumber":53,"genesisHash":"f0d3e67991e2c3d83533c031601c30c4741aba35d7d8017900779abe4ae22efe","latestHash":"e7c49a6b82601c496a403f403b8c5d2a23ac5c0ee0023d710b68d31b46ae91d5","nodeId":"87d00b98321fc70a5abc85ad9e80db10cce315194133697bf74aace1d3f8430957a766240f751752708f4282f46110d6ea56c3eb5d1c02ce98a66f327f595270"}],"protocolId":65545,"txPoolSize":"1"}
info|2025-10-07 08:10:01.819045|PBFT-1-0x00007f167079d700|[g:1][CONSENSUS][SEALER]decrease maxBlockCanSeal to half for PBFT timeout,org_maxBlockCanSeal=1000,halfed_maxBlockCanSeal=500,timeoutCount=1,lastTimeoutTx=1
warning|2025-10-07 08:10:01.820192|PBFT-1-0x00007f167079d700|[g:1][CONSENSUS][PBFT]ViewChangeWarning: not caused by omit empty block ,v=10,toV=11,curNum=53,hash=e7c49a6b...,nodeIdx=0,myNode=064cb676...
info|2025-10-07 08:10:01.820318|PBFT-1-0x00007f167079d700|[g:1][CONSENSUS][PBFT]checkTimeout Succ,view=10,toView=11,nodeIdx=0,changeCycle=2,myNode=064cb676...,timecost=1
info|2025-10-07 08:10:02.907594|PBFT-1-0x00007f167079d700|[g:1][CONSENSUS][PBFT]checkAndChangeView: Reach consensus,org_view=10,cur_changeCycle=2,curView=10,view=11
info|2025-10-07 08:10:03.408696|PBFTSeal-1-0x00007f1668f8e700|[g:1][CONSENSUS][SEALER]++++++++++++++++ Generating seal on,blkNum=54,tx=1,nodeIdx=0,hash=1151ef0f...
info|2025-10-07 08:10:03.411277|sealerWorker-0x00007f16787ad700|[CONSENSUS]addRawPrepare,height=54,reqIdx=0,hash=1151ef0f...,time=0
info|2025-10-07 08:10:03.418507|sealerWorker-0x00007f16787ad700|[BLOCKVERIFIER][executeBlock]Executing block,txNum=1,num=54,parentHash=e7c49a6b82601c496a403f403b8c5d2a23ac5c0ee0023d710b68d31b46ae91d5,parentNum=53,parentStateRoot=71f5ac72c0c771648e4a93d6d3dc077414197f82eabfbe01d1e1c38abd3669bd
info|2025-10-07 08:10:03.419164|sealerWorker-0x00007f16787ad700|[PRECOMPILED]init GasChargeManagePrecompiled
info|2025-10-07 08:10:03.419447|SyncMsgE-1-0x00007f1669f90700|[STORAGE][MemoryTableFactory2]createTable,table name=c_a51a44e2df95c9b4fa3c389c4c3d1d04b7534f10,keyField=key,valueField=value
info|2025-10-07 08:10:06.582850|sealerWorker-0x00007f16787ad700|[CONSENSUS][PBFT]execBlock,blkNum=54,reqIdx=0,hash=f9c12777...,nodeIdx=0,myNode=064cb676...,decodeCost=0,checkCost=0,notifyCost=0,noteSealingCost=0,currentCycle=2,verifyAndSetSenderCost=0,execCost=3164,execPerTx=3164,totalCost=3164
info|2025-10-07 08:10:06.585834|sealerWorker-0x00007f16787ad700|[CONSENSUS][PBFT]handlePrepareMsg Succ,timecost=3,INFO=handlePrepareMsg,reqIdx=0,view=11,reqNum=54,curNum=53,consNum=54,curView=11,fromIp=self,hash=1151ef0f...,nodeIdx=0,myNode=064cb676...,curChangeCycle=2
info|2025-10-07 08:10:06.585855|sealerWorker-0x00007f16787ad700|[CONSENSUS][PBFT]generateLocalPrepare,hash=1151ef0f...,H=54,nodeIdx=0,myNode=064cb676...
info|2025-10-07 08:10:06.586352|PBFT-1-0x00007f167079d700|[g:1][CONSENSUS][PBFT]checkReq: Recv future request,prepHash=f9c12777...,INFO=handleSignMsg,num=54,curNum=53,GenIdx=3,Sview=11,view=11,fromIdx=3,fromNode=87d00b98...,fromIp=127.0.0.1:30302,hash=3cf5a0e4...,nodeIdx=0,myNode=064cb676...
info|2025-10-07 08:10:06.586370|PBFT-1-0x00007f167079d700|[g:1][CONSENSUS][PBFT]FutureBlock,INFO=handleSignMsg,num=54,curNum=53,GenIdx=3,Sview=11,view=11,fromIdx=3,fromNode=87d00b98...,fromIp=127.0.0.1:30302,hash=3cf5a0e4...,nodeIdx=0,myNode=064cb676...
info|2025-10-07 08:10:06.586396|PBFT-1-0x00007f167079d700|[g:1][CONSENSUS][PBFT]checkReq: Recv future request,prepHash=f9c12777...,INFO=handleSignMsg,num=54,curNum=53,GenIdx=2,Sview=11,view=11,fromIdx=2,fromNode=73994dae...,fromIp=127.0.0.1:39616,hash=d3eac10a...,nodeIdx=0,myNode=064cb676...
info|2025-10-07 08:10:06.586406|PBFT-1-0x00007f167079d700|[g:1][CONSENSUS][PBFT]FutureBlock,INFO=handleSignMsg,num=54,curNum=53,GenIdx=2,Sview=11,view=11,fromIdx=2,fromNode=73994dae...,fromIp=127.0.0.1:39616,hash=d3eac10a...,nodeIdx=0,myNode=064cb676...
info|2025-10-07 08:10:06.780099|PBFT-1-0x00007f167079d700|[g:1][CONSENSUS][PBFT]checkReq: Recv future request,prepHash=f9c12777...,INFO=handleSignMsg,num=54,curNum=53,GenIdx=1,Sview=11,view=11,fromIdx=1,fromNode=374bdfe9...,fromIp=127.0.0.1:39624,hash=fd02161b...,nodeIdx=0,myNode=064cb676...
info|2025-10-07 08:10:06.780211|PBFT-1-0x00007f167079d700|[g:1][CONSENSUS][PBFT]FutureBlock,INFO=handleSignMsg,num=54,curNum=53,GenIdx=1,Sview=11,view=11,fromIdx=1,fromNode=374bdfe9...,fromIp=127.0.0.1:39624,hash=fd02161b...,nodeIdx=0,myNode=064cb676...
info|2025-10-07 08:10:07.718654|io_service-0x00007f168a7d1700|[P2P][Service] heartBeat,connected count=3
info|2025-10-07 08:10:13.018397|PBFT-1-0x00007f167079d700|[g:1][CONSENSUS][PBFT]Trigger fast-viewchange,view=11,toView=11,minView=12,INFO=,reqNum=53,curNum=53,GenIdx=2,Cview=12,view=11,fromIdx=2,fromNode=73994dae...,fromIp=127.0.0.1:39616,hash=e7c49a6b...,nodeIdx=0,myNode=064cb676...
info|2025-10-07 08:10:13.022340|PBFT-1-0x00007f167079d700|[g:1][CONSENSUS][PBFT]checkAndChangeView: Reach consensus,org_view=11,cur_changeCycle=3,curView=11,view=12
info|2025-10-07 08:10:13.022549|PBFT-1-0x00007f167079d700|[g:1][CONSENSUS][PBFT]checkTimeout Succ,view=12,toView=12,nodeIdx=0,changeCycle=3,myNode=064cb676...,timecost=2
info|2025-10-07 08:10:13.524880|PBFTWork-1-0x00007f1676faa700|[g:1][CONSENSUS][PartiallyPBFTReqCache]addPartiallyRawPrepare,height=54,reqIdx=1,hash=a3e8c4b4...
info|2025-10-07 08:10:13.525198|PBFTWork-1-0x00007f1676faa700|[g:1][BLOCKVERIFIER][executeBlock]Executing block,txNum=1,num=54,parentHash=e7c49a6b82601c496a403f403b8c5d2a23ac5c0ee0023d710b68d31b46ae91d5,parentNum=53,parentStateRoot=71f5ac72c0c771648e4a93d6d3dc077414197f82eabfbe01d1e1c38abd3669bd
info|2025-10-07 08:10:13.525372|PBFTWork-1-0x00007f1676faa700|[g:1][PRECOMPILED]init GasChargeManagePrecompiled
info|2025-10-07 08:10:13.525597|PBFTWork-1-0x00007f1676faa700|[g:1][STORAGE][MemoryTableFactory2]createTable,table name=c_a51a44e2df95c9b4fa3c389c4c3d1d04b7534f10,keyField=key,valueField=value
info|2025-10-07 08:10:16.428396|PBFTWork-1-0x00007f1676faa700|[g:1][CONSENSUS][PBFT]execBlock,blkNum=54,reqIdx=1,hash=5be2f9e7...,nodeIdx=0,myNode=064cb676...,decodeCost=0,checkCost=0,notifyCost=0,noteSealingCost=0,currentCycle=3,verifyAndSetSenderCost=0,execCost=2903,execPerTx=2903,totalCost=2903
info|2025-10-07 08:10:16.431244|PBFTWork-1-0x00007f1676faa700|[g:1][CONSENSUS][PBFT]handlePrepareMsg Succ,timecost=3,INFO=handlePartiallyPrepare,reqIdx=1,view=12,reqNum=54,curNum=53,consNum=54,hash=a3e8c4b4...,nodeIdx=0,myNode=064cb676...,curChangeCycle=3
info|2025-10-07 08:10:16.969516|PBFT-1-0x00007f167079d700|[g:1][CONSENSUS][PBFT]checkReq: Recv future request,prepHash=5be2f9e7...,INFO=handleSignMsg,num=54,curNum=53,GenIdx=3,Sview=12,view=12,fromIdx=3,fromNode=87d00b98...,fromIp=127.0.0.1:30302,hash=3e69ed88...,nodeIdx=0,myNode=064cb676...
info|2025-10-07 08:10:16.969719|PBFT-1-0x00007f167079d700|[g:1][CONSENSUS][PBFT]FutureBlock,INFO=handleSignMsg,num=54,curNum=53,GenIdx=3,Sview=12,view=12,fromIdx=3,fromNode=87d00b98...,fromIp=127.0.0.1:30302,hash=3e69ed88...,nodeIdx=0,myNode=064cb676...
info|2025-10-07 08:10:17.079309|PBFT-1-0x00007f167079d700|[g:1][CONSENSUS][PBFT]checkReq: Recv future request,prepHash=5be2f9e7...,INFO=handleSignMsg,num=54,curNum=53,GenIdx=2,Sview=12,view=12,fromIdx=2,fromNode=73994dae...,fromIp=127.0.0.1:39616,hash=bf9527ea...,nodeIdx=0,myNode=064cb676...
info|2025-10-07 08:10:17.079329|PBFT-1-0x00007f167079d700|[g:1][CONSENSUS][PBFT]FutureBlock,INFO=handleSignMsg,num=54,curNum=53,GenIdx=2,Sview=12,view=12,fromIdx=2,fromNode=73994dae...,fromIp=127.0.0.1:39616,hash=bf9527ea...,nodeIdx=0,myNode=064cb676...
info|2025-10-07 08:10:17.163410|PBFT-1-0x00007f167079d700|[g:1][CONSENSUS][PBFT]checkReq: Recv future request,prepHash=5be2f9e7...,INFO=handleSignMsg,num=54,curNum=53,GenIdx=1,Sview=12,view=12,fromIdx=1,fromNode=374bdfe9...,fromIp=127.0.0.1:39624,hash=eed175a8...,nodeIdx=0,myNode=064cb676...
info|2025-10-07 08:10:17.163465|PBFT-1-0x00007f167079d700|[g:1][CONSENSUS][PBFT]FutureBlock,INFO=handleSignMsg,num=54,curNum=53,GenIdx=1,Sview=12,view=12,fromIdx=1,fromNode=374bdfe9...,fromIp=127.0.0.1:39624,hash=eed175a8...,nodeIdx=0,myNode=064cb676...
info|2025-10-07 08:10:17.719248|io_service-0x00007f168a7d1700|[P2P][Service] heartBeat,connected count=3
info|2025-10-07 08:10:26.553383|PBFT-1-0x00007f167079d700|[g:1][CONSENSUS][SEALER]decrease maxBlockCanSeal to half for PBFT timeout,org_maxBlockCanSeal=500,halfed_maxBlockCanSeal=250,timeoutCount=2,lastTimeoutTx=1
warning|2025-10-07 08:10:26.554533|PBFT-1-0x00007f167079d700|[g:1][CONSENSUS][PBFT]ViewChangeWarning: not caused by omit empty block ,v=12,toV=13,curNum=53,hash=e7c49a6b...,nodeIdx=0,myNode=064cb676...
info|2025-10-07 08:10:26.554740|PBFT-1-0x00007f167079d700|[g:1][CONSENSUS][PBFT]checkTimeout Succ,view=12,toView=13,nodeIdx=0,changeCycle=4,myNode=064cb676...,timecost=1
info|2025-10-07 08:10:27.092240|PBFT-1-0x00007f167079d700|[g:1][CONSENSUS][PBFT]checkAndChangeView: Reach consensus,org_view=12,cur_changeCycle=4,curView=12,view=13
info|2025-10-07 08:10:27.594539|PBFTWork-1-0x00007f1676faa700|[g:1][CONSENSUS][PartiallyPBFTReqCache]addPartiallyRawPrepare,height=54,reqIdx=2,hash=d571be81...
info|2025-10-07 08:10:27.594784|PBFTWork-1-0x00007f1676faa700|[g:1][BLOCKVERIFIER][executeBlock]Executing block,txNum=1,num=54,parentHash=e7c49a6b82601c496a403f403b8c5d2a23ac5c0ee0023d710b68d31b46ae91d5,parentNum=53,parentStateRoot=71f5ac72c0c771648e4a93d6d3dc077414197f82eabfbe01d1e1c38abd3669bd
info|2025-10-07 08:10:27.594935|PBFTWork-1-0x00007f1676faa700|[g:1][PRECOMPILED]init GasChargeManagePrecompiled
info|2025-10-07 08:10:27.595191|PBFTWork-1-0x00007f1676faa700|[g:1][STORAGE][MemoryTableFactory2]createTable,table name=c_a51a44e2df95c9b4fa3c389c4c3d1d04b7534f10,keyField=key,valueField=value
info|2025-10-07 08:10:27.719434|io_service-0x00007f168a7d1700|[P2P][Service] heartBeat,connected count=3
info|2025-10-07 08:10:30.383452|PBFTWork-1-0x00007f1676faa700|[g:1][CONSENSUS][PBFT]execBlock,blkNum=54,reqIdx=2,hash=221657f5...,nodeIdx=0,myNode=064cb676...,decodeCost=0,checkCost=0,notifyCost=0,noteSealingCost=0,currentCycle=4,verifyAndSetSenderCost=0,execCost=2789,execPerTx=2789,totalCost=2789
info|2025-10-07 08:10:30.385425|PBFTWork-1-0x00007f1676faa700|[g:1][CONSENSUS][PBFT]handlePrepareMsg Succ,timecost=2,INFO=handlePartiallyPrepare,reqIdx=2,view=13,reqNum=54,curNum=53,consNum=54,hash=d571be81...,nodeIdx=0,myNode=064cb676...,curChangeCycle=4
info|2025-10-07 08:10:30.539859|PBFT-1-0x00007f167079d700|[g:1][CONSENSUS][PBFT]checkReq: Recv future request,prepHash=221657f5...,INFO=handleSignMsg,num=54,curNum=53,GenIdx=3,Sview=13,view=13,fromIdx=3,fromNode=87d00b98...,fromIp=127.0.0.1:30302,hash=089e3265...,nodeIdx=0,myNode=064cb676...
info|2025-10-07 08:10:30.539906|PBFT-1-0x00007f167079d700|[g:1][CONSENSUS][PBFT]FutureBlock,INFO=handleSignMsg,num=54,curNum=53,GenIdx=3,Sview=13,view=13,fromIdx=3,fromNode=87d00b98...,fromIp=127.0.0.1:30302,hash=089e3265...,nodeIdx=0,myNode=064cb676...
info|2025-10-07 08:10:31.046906|PBFT-1-0x00007f167079d700|[g:1][CONSENSUS][PBFT]checkReq: Recv future request,prepHash=221657f5...,INFO=handleSignMsg,num=54,curNum=53,GenIdx=2,Sview=13,view=13,fromIdx=2,fromNode=73994dae...,fromIp=127.0.0.1:39616,hash=b9cff2ed...,nodeIdx=0,myNode=064cb676...
info|2025-10-07 08:10:31.046974|PBFT-1-0x00007f167079d700|[g:1][CONSENSUS][PBFT]FutureBlock,INFO=handleSignMsg,num=54,curNum=53,GenIdx=2,Sview=13,view=13,fromIdx=2,fromNode=73994dae...,fromIp=127.0.0.1:39616,hash=b9cff2ed...,nodeIdx=0,myNode=064cb676...
info|2025-10-07 08:10:31.254494|PBFT-1-0x00007f167079d700|[g:1][CONSENSUS][PBFT]checkReq: Recv future request,prepHash=221657f5...,INFO=handleSignMsg,num=54,curNum=53,GenIdx=1,Sview=13,view=13,fromIdx=1,fromNode=374bdfe9...,fromIp=127.0.0.1:39624,hash=a2104229...,nodeIdx=0,myNode=064cb676...
info|2025-10-07 08:10:31.254513|PBFT-1-0x00007f167079d700|[g:1][CONSENSUS][PBFT]FutureBlock,INFO=handleSignMsg,num=54,curNum=53,GenIdx=1,Sview=13,view=13,fromIdx=1,fromNode=374bdfe9...,fromIp=127.0.0.1:39624,hash=a2104229...,nodeIdx=0,myNode=064cb676...
info|2025-10-07 08:10:37.719625|io_service-0x00007f168a7d1700|[P2P][Service] heartBeat,connected count=3
info|2025-10-07 08:10:44.300043|fisco-bcos-0x00007f168d54adc0|[LEDGER]stop sealer,groupID=1
info|2025-10-07 08:10:44.300088|fisco-bcos-0x00007f168d54adc0|[CONSENSUS][SEALER]Stop sealer module...
info|2025-10-07 08:10:44.300785|fisco-bcos-0x00007f168d54adc0|[CONSENSUS][ConsensusEngine][Stop ConsensusEngineBase]
info|2025-10-07 08:10:44.300983|fisco-bcos-0x00007f168d54adc0|[CONSENSUS][ConsensusEngine]ConsensusEngineBase stopped
info|2025-10-07 08:10:44.301011|fisco-bcos-0x00007f168d54adc0|[LEDGER]sealer stopped. stop sync,groupID=1
info|2025-10-07 08:10:44.302006|fisco-bcos-0x00007f168d54adc0|[g:1] [SYNC][id:064cb676...]SyncMsgEngine stopped
info|2025-10-07 08:10:44.391862|fisco-bcos-0x00007f168d54adc0|[GossipBlockStatus]stop GossipBlockStatus succ
info|2025-10-07 08:10:45.061121|fisco-bcos-0x00007f168d54adc0|[SYNC][id:064cb676...][g:1]SyncMaster stopped
info|2025-10-07 08:10:45.061143|fisco-bcos-0x00007f168d54adc0|[LEDGER]sync stopped. stop event filter manager,groupID=1
info|2025-10-07 08:10:45.079294|fisco-bcos-0x00007f168d54adc0|[EVENT][EventLogFilterManager]stop
info|2025-10-07 08:10:45.079319|fisco-bcos-0x00007f168d54adc0|[LEDGER]event filter manager stopped. stop tx pool,groupID=1
info|2025-10-07 08:10:45.079780|fisco-bcos-0x00007f168d54adc0|[LEDGER]removeNetworkStatHandlerByGroupID and removeGroupBandwidthLimiter for service,groupID=1
info|2025-10-07 08:10:45.079800|fisco-bcos-0x00007f168d54adc0|[CHANNEL]removeSDKAllowListByGroupId,groupId=1
info|2025-10-07 08:10:45.079806|fisco-bcos-0x00007f168d54adc0|[INITIALIZER]ledgerInitializer stopped
info|2025-10-07 08:10:46.080197|fisco-bcos-0x00007f168d54adc0|[INITIALIZER]ChannelRPCHttpServer deleted.
info|2025-10-07 08:10:46.080827|fisco-bcos-0x00007f168d54adc0|[INITIALIZER]JsonrpcHttpServer deleted.
info|2025-10-07 08:10:46.080846|fisco-bcos-0x00007f168d54adc0|[INITIALIZER]RPCInitializer stopped
info|2025-10-07 08:10:46.080928|io_service-0x00007f168a7d1700|[NETWORK][Host]Host exit
info|2025-10-07 08:10:46.082151|fisco-bcos-0x00007f168d54adc0|[INITIALIZER]P2PInitializer stopped
info|2025-10-07 08:10:46.082181|fisco-bcos-0x00007f168d54adc0|[LEDGER]stop sealer,groupID=1
info|2025-10-07 08:10:46.082190|fisco-bcos-0x00007f168d54adc0|[LEDGER]sealer stopped. stop sync,groupID=1
info|2025-10-07 08:10:46.082201|fisco-bcos-0x00007f168d54adc0|[g:1] [SYNC][id:064cb676...]SyncMsgEngine stopped
info|2025-10-07 08:10:46.082214|fisco-bcos-0x00007f168d54adc0|[GossipBlockStatus]GossipBlockStatus already stopped
info|2025-10-07 08:10:46.082219|fisco-bcos-0x00007f168d54adc0|[SYNC][id:064cb676...][g:1]SyncMaster stopped
info|2025-10-07 08:10:46.082225|fisco-bcos-0x00007f168d54adc0|[LEDGER]sync stopped. stop event filter manager,groupID=1
info|2025-10-07 08:10:46.082229|fisco-bcos-0x00007f168d54adc0|[LEDGER]event filter manager stopped. stop tx pool,groupID=1
info|2025-10-07 08:10:46.082238|fisco-bcos-0x00007f168d54adc0|[LEDGER]removeNetworkStatHandlerByGroupID and removeGroupBandwidthLimiter for service,groupID=1
info|2025-10-07 08:10:46.082252|fisco-bcos-0x00007f168d54adc0|[g:1][STORAGE][CachedStorage]Stopping flushStorage thread
info|2025-10-07 08:10:46.182119|fisco-bcos-0x00007f168d54adc0|[g:1][STORAGE][CachedStorage]flushStorage thread stopped.
info|2025-10-07 08:10:46.182168|fisco-bcos-0x00007f168d54adc0|[DBINITIALIZER] storage stopped
info|2025-10-07 08:10:46.188795|fisco-bcos-0x00007f168d54adc0|[g:1] [SYNC][id:064cb676...]SyncMsgEngine stopped
info|2025-10-07 08:10:46.188837|fisco-bcos-0x00007f168d54adc0|[GossipBlockStatus]GossipBlockStatus already stopped
info|2025-10-07 08:10:46.188843|fisco-bcos-0x00007f168d54adc0|[SYNC][id:064cb676...][g:1]SyncMaster stopped
info|2025-10-07 08:10:46.188864|fisco-bcos-0x00007f168d54adc0|[g:1] [SYNC][id:064cb676...]SyncMsgEngine stopped
