info|2025-10-07 00:04:23.567707|fisco-bcos-0x00007f7441f19dc0|[INITIALIZER][initGlobalConfig],enableCompress=true,compatibilityVersion=2.11.0,versionNumber=34275328,enableStat=false,chainId=1,useSMCrypto=true,IgnoreObserverWriteRequest=false
info|2025-10-07 00:04:23.568851|fisco-bcos-0x00007f7441f19dc0|[INITIALIZER][SecureInitializerGM]get pub of node,nodeID=064cb676a36047a4b52ecbf9c01664b1e987d91b438110ba6a12d96972726622e824d295b1de8b0298b5afe7bbbc0bd04a3890e1a36eae028c1cfbe07971b995
info|2025-10-07 00:04:23.579210|fisco-bcos-0x00007f7441f19dc0|[NETWORK][Host]Connecting to node,endpoint=127.0.0.1:30300
info|2025-10-07 00:04:23.579403|fisco-bcos-0x00007f7441f19dc0|[NETWORK][Host]Connecting to node,endpoint=127.0.0.1:30301
info|2025-10-07 00:04:23.579504|fisco-bcos-0x00007f7441f19dc0|[NETWORK][Host]Connecting to node,endpoint=127.0.0.1:30302
info|2025-10-07 00:04:23.579595|fisco-bcos-0x00007f7441f19dc0|[NETWORK][Host]Connecting to node,endpoint=127.0.0.1:30303
info|2025-10-07 00:04:23.579738|fisco-bcos-0x00007f7441f19dc0|[P2P][Service] heartBeat,connected count=0
info|2025-10-07 00:04:23.579797|fisco-bcos-0x00007f7441f19dc0|[INITIALIZER][RPCInitializer],network_security.check_cert_issuer=true
info|2025-10-07 00:04:23.585973|io_service-0x00007f743f1a0700|[NETWORK][Host]P2P StartAccept,Host=0.0.0.0:30303
info|2025-10-07 00:04:23.586238|io_service-0x00007f743f1a0700|[NETWORK][ASIO]asyncResolveConnect,endpoint=127.0.0.1:30300
info|2025-10-07 00:04:23.586316|io_service-0x00007f743f1a0700|[NETWORK][ASIO]asyncResolveConnect,endpoint=127.0.0.1:30301
info|2025-10-07 00:04:23.586413|io_service-0x00007f743f1a0700|[NETWORK][ASIO]asyncResolveConnect,endpoint=127.0.0.1:30302
info|2025-10-07 00:04:23.586508|io_service-0x00007f743f1a0700|[NETWORK][ASIO]asyncResolveConnect,endpoint=127.0.0.1:30303
warning|2025-10-07 00:04:23.586700|io_service-0x00007f743f1a0700|[NETWORK][Host]TCP Connection refused by node,endpoint=127.0.0.1:30301,message=Connection refused
info|2025-10-07 00:04:23.587227|io_service-0x00007f743f1a0700|[NETWORK][Host]P2P Recv Connect, From=127.0.0.1:34714
info|2025-10-07 00:04:23.587305|io_service-0x00007f743f1a0700|[NETWORK][Host]P2P StartAccept,Host=0.0.0.0:30303
warning|2025-10-07 00:04:23.589992|P2P-0x00007f74401a2700|[P2P][Service] onConnect,code=5,nodeID=00000000...,nodeName=,endpoint=unknown,what=Connect failed
info|2025-10-07 00:04:23.590461|fisco-bcos-0x00007f7441f19dc0|[CHANNEL][ChannelServer::run],threadPoolSize=8
info|2025-10-07 00:04:23.590579|fisco-bcos-0x00007f7441f19dc0|[CHANNEL]ChannelRPCServer started
info|2025-10-07 00:04:23.590605|fisco-bcos-0x00007f7441f19dc0|[INITIALIZER][RPCInitializer: ChannelRPCHttpServer started.],disableDynamicGroup=false,uncheckGroupMember=false,threadSize=8
info|2025-10-07 00:04:23.590624|fisco-bcos-0x00007f7441f19dc0|[INITIALIZER][LedgerInitializer]initConfig
info|2025-10-07 00:04:23.590645|fisco-bcos-0x00007f7441f19dc0|[LedgerInitializer],groupConfigPath=conf/
info|2025-10-07 00:04:23.590962|fisco-bcos-0x00007f7441f19dc0|[INITIALIZER][initSingleLedger] [GroupId], LedgerConstructor:  1,configFileName=conf/group.1.genesis,dataDir=data/
info|2025-10-07 00:04:23.591069|fisco-bcos-0x00007f7441f19dc0|[g:1][LedgerParam][parseGenesisConfig]initConsensusConfig/initStorageConfig/initTxConfig,configFile=conf/group.1.genesis
info|2025-10-07 00:04:23.591101|fisco-bcos-0x00007f7441f19dc0|[g:1][LedgerParam][initConsensusConfig],type=pbft,consensusTimeout=3,maxTxNum=1000,txGasLimit=300000000
info|2025-10-07 00:04:23.591130|fisco-bcos-0x00007f7441f19dc0|[g:1][LedgerParam][parsePublicKeyListOfSection],sectionName=consensus,it.first=73994dae9e8b8da733108a4153dfe79151d701dff425f84c87b5324e8ebd02ab6a0ebc9e4f1e0298a7ddca50f94a8f95c62b6997226d571e470e8f2b0600634a
info|2025-10-07 00:04:23.591178|fisco-bcos-0x00007f7441f19dc0|[g:1][LedgerParam][parsePublicKeyListOfSection],sectionName=consensus,it.first=374bdfe969e1d8ea1200ade93e5d8cf1a7d5741f238011004b0f43ca818706f194b2f067e1708125f7ffc536610b9a72addbd56b238d65f18912be39037ffcc5
info|2025-10-07 00:04:23.591203|fisco-bcos-0x00007f7441f19dc0|[g:1][LedgerParam][parsePublicKeyListOfSection],sectionName=consensus,it.first=87d00b98321fc70a5abc85ad9e80db10cce315194133697bf74aace1d3f8430957a766240f751752708f4282f46110d6ea56c3eb5d1c02ce98a66f327f595270
info|2025-10-07 00:04:23.591239|fisco-bcos-0x00007f7441f19dc0|[g:1][LedgerParam][parsePublicKeyListOfSection],sectionName=consensus,it.first=064cb676a36047a4b52ecbf9c01664b1e987d91b438110ba6a12d96972726622e824d295b1de8b0298b5afe7bbbc0bd04a3890e1a36eae028c1cfbe07971b995
info|2025-10-07 00:04:23.591257|fisco-bcos-0x00007f7441f19dc0|[g:1][LedgerParam][parsePublicKeyListOfSection],totalPubKeySize=4
info|2025-10-07 00:04:23.591301|fisco-bcos-0x00007f7441f19dc0|[g:1][LedgerParam][max_block_range],maxBlockRange=0,maxBlockPerProcess=3
info|2025-10-07 00:04:23.591321|fisco-bcos-0x00007f7441f19dc0|[g:1][LedgerParam][parseGenesisConfig],timestamp=1759762229000
info|2025-10-07 00:04:23.591344|fisco-bcos-0x00007f7441f19dc0|[g:1][LedgerParam]setEVMFlags,enableFreeStorageVMSchedule=false,evmFlags=0
info|2025-10-07 00:04:23.591369|fisco-bcos-0x00007f7441f19dc0|[g:1][LedgerParam]store evmFlag,evmFlag=0
info|2025-10-07 00:04:23.591385|fisco-bcos-0x00007f7441f19dc0|[g:1][LedgerParam]store consensus time,consensusTimeout=3
info|2025-10-07 00:04:23.591403|fisco-bcos-0x00007f7441f19dc0|[g:1][LedgerParam][initMark],genesisMark=1-064cb676a36047a4b52ecbf9c01664b1e987d91b438110ba6a12d96972726622e824d295b1de8b0298b5afe7bbbc0bd04a3890e1a36eae028c1cfbe07971b995,374bdfe969e1d8ea1200ade93e5d8cf1a7d5741f238011004b0f43ca818706f194b2f067e1708125f7ffc536610b9a72addbd56b238d65f18912be39037ffcc5,73994dae9e8b8da733108a4153dfe79151d701dff425f84c87b5324e8ebd02ab6a0ebc9e4f1e0298a7ddca50f94a8f95c62b6997226d571e470e8f2b0600634a,87d00b98321fc70a5abc85ad9e80db10cce315194133697bf74aace1d3f8430957a766240f751752708f4282f46110d6ea56c3eb5d1c02ce98a66f327f595270,-pbft-storage-0-1000-300000000-3
info|2025-10-07 00:04:23.591421|fisco-bcos-0x00007f7441f19dc0|[g:1][LedgerParam][initIniConfig]initTxPoolConfig/initSyncConfig/initTxExecuteConfig,configFile=conf/group.1.ini
info|2025-10-07 00:04:23.591657|fisco-bcos-0x00007f7441f19dc0|[g:1][LedgerParam][initStorageConfig],stateType=storage,storageDB=rocksdb,storagePath=data//group1/block/RocksDB,baseDir=data//group1,dbtype=mysql,dbip=127.0.0.1,dbport=3306,dbcharset=utf8mb4,initconnections=15,maxconnections=50,scrollThreshold=2000,enableReconfirmCommittee=false
info|2025-10-07 00:04:23.591698|fisco-bcos-0x00007f7441f19dc0|[g:1][LedgerParam][initTxPoolConfig],txPoolLimit=150000,memorySizeLimit(MB)=512,notifyWorkerNum=2,txsExpirationTime(ms)=600000
info|2025-10-07 00:04:23.591719|fisco-bcos-0x00007f7441f19dc0|[g:1][LedgerParam][initSyncConfig],idleWaitMs=200
info|2025-10-07 00:04:23.591740|fisco-bcos-0x00007f7441f19dc0|[g:1][LedgerParam][initSyncConfig],enableSendTxsByTree=true,enableSendBlockStatusByTree=true
info|2025-10-07 00:04:23.591760|fisco-bcos-0x00007f7441f19dc0|[g:1][LedgerParam][initSyncConfig],gossipInterval=1000
info|2025-10-07 00:04:23.591784|fisco-bcos-0x00007f7441f19dc0|[g:1][LedgerParam][initSyncConfig],enableSendBlockStatusByTree=true,gossipInterval=1000,gossipPeers=3,syncTreeWidth=3,maxQueueSizeForBlockSync=536870912,txsStatusGossipMaxPeers=5,syncInfoPrintInterval=10,freeNodeRead=false
info|2025-10-07 00:04:23.591804|fisco-bcos-0x00007f7441f19dc0|[g:1][LedgerParam][InitTxExecuteConfig],enableParallel=true
info|2025-10-07 00:04:23.591832|fisco-bcos-0x00007f7441f19dc0|[g:1][LedgerParam][initConsensusIniConfig],maxTTL=2,minBlockGenerationTime=500,enablDynamicBlockSize=true,blockSizeIncreaseRatio=0.5,enableTTLOptimize=true,enablePrepareWithTxsHash=true
info|2025-10-07 00:04:23.591872|fisco-bcos-0x00007f7441f19dc0|[g:1][LedgerParam][initRPBFTConsensusIniConfig],broadcastPrepareByTree=true,prepareStatusBroadcastPercent=33,maxRequestMissedTxsWaitTime=100,maxRequestPrepareWaitTime=100
info|2025-10-07 00:04:23.591891|fisco-bcos-0x00007f7441f19dc0|[g:1][LedgerParam][initFlowControlConfig],maxQPS=9223372036854775807,outGoingBandwidth(Bytes)=9223372036854775807
info|2025-10-07 00:04:23.591908|fisco-bcos-0x00007f7441f19dc0|[g:1][LedgerParam]parseSDKAllowList,sdkAllowList=[],enableSDKAllowListControl=false
info|2025-10-07 00:04:23.591950|fisco-bcos-0x00007f7441f19dc0|[g:1][LEDGER][initLedger][DBInitializer]
info|2025-10-07 00:04:23.591967|fisco-bcos-0x00007f7441f19dc0|[g:1][LEDGER]setSDKAllowList,groupId=1,sdkAllowListSize=0
info|2025-10-07 00:04:23.591983|fisco-bcos-0x00007f7441f19dc0|[g:1][CHANNEL]registerSDKAllowListByGroupId,groupId=1,size=0
info|2025-10-07 00:04:23.592001|fisco-bcos-0x00007f7441f19dc0|[g:1][CHANNEL]Disable group-level sdk permission control for sdk allowlist is empty
info|2025-10-07 00:04:23.592017|fisco-bcos-0x00007f7441f19dc0|[g:1][DBINITIALIZER] [initStorageDB]
info|2025-10-07 00:04:23.592033|fisco-bcos-0x00007f7441f19dc0|[g:1][DBINITIALIZER] [initRocksDBStorage]
info|2025-10-07 00:04:23.592072|fisco-bcos-0x00007f7441f19dc0|[g:1][ROCKSDB]open rocksDB handler,path=data//group1/block/RocksDB
info|2025-10-07 00:04:23.639753|fisco-bcos-0x00007f7441f19dc0|[g:1][g:1][STORAGE][CachedStorage]Init flushStorage thread
info|2025-10-07 00:04:23.639937|fisco-bcos-0x00007f7441f19dc0|[g:1][DBINITIALIZER] [init CachedStorage],maxCapacity=32,maxForwardBlock=10
info|2025-10-07 00:04:23.639969|fisco-bcos-0x00007f7441f19dc0|[g:1][LEDGER][initLedger][initBlockChain]
info|2025-10-07 00:04:23.640205|fisco-bcos-0x00007f7441f19dc0|[g:1][LEDGER]set enableHexBlock to be false,version=34275328
info|2025-10-07 00:04:23.640232|fisco-bcos-0x00007f7441f19dc0|[g:1][BLOCKCHAIN][#checkAndBuildGenesisBlock],shouldBuild=false
info|2025-10-07 00:04:23.640475|fisco-bcos-0x00007f7441f19dc0|[g:1][BLOCKCHAIN][#checkAndBuildGenesisBlock]Already have the 0th block, 0th groupMark is equal to file groupMark.
info|2025-10-07 00:04:23.640501|fisco-bcos-0x00007f7441f19dc0|[g:1][LEDGER][initLedger]initBlockChain SUCC
info|2025-10-07 00:04:23.640575|fisco-bcos-0x00007f7441f19dc0|[g:1][DBINITIALIZER] [createStateFactory],type=storage
info|2025-10-07 00:04:23.640598|fisco-bcos-0x00007f7441f19dc0|[g:1][DBINITIALIZER] createStorageState SUCC
info|2025-10-07 00:04:23.640611|fisco-bcos-0x00007f7441f19dc0|[g:1][DBINITIALIZER] [createStateFactory SUCC]
info|2025-10-07 00:04:23.640623|fisco-bcos-0x00007f7441f19dc0|[g:1][DBINITIALIZER] createExecutiveContext...
info|2025-10-07 00:04:23.640644|fisco-bcos-0x00007f7441f19dc0|[g:1][LEDGER]createGasMetric,vmFlagType=0
info|2025-10-07 00:04:23.640657|fisco-bcos-0x00007f7441f19dc0|[g:1][LEDGER]createGasMetric
info|2025-10-07 00:04:23.640672|fisco-bcos-0x00007f7441f19dc0|[g:1][DBINITIALIZER] create precompiledGasFactory and precompiledResultFactory
info|2025-10-07 00:04:23.640684|fisco-bcos-0x00007f7441f19dc0|[g:1][DBINITIALIZER] createExecutiveContext SUCC
info|2025-10-07 00:04:23.640696|fisco-bcos-0x00007f7441f19dc0|[g:1][DBINITIALIZER] [setSyncNumForCachedStorage],syncNum=29
info|2025-10-07 00:04:23.640710|fisco-bcos-0x00007f7441f19dc0|[g:1][LEDGER][initNetworkBandWidthLimiter: outGoingBandwidthLimit has been disabled],groupId=1
info|2025-10-07 00:04:23.640723|fisco-bcos-0x00007f7441f19dc0|[g:1][LEDGER][QPSLimit has been disabled],groupId=1
info|2025-10-07 00:04:23.640735|fisco-bcos-0x00007f7441f19dc0|[g:1][LEDGER][initLedger][initBlockVerifier]
info|2025-10-07 00:04:23.640751|fisco-bcos-0x00007f7441f19dc0|[g:1][LEDGER][initLedger][initBlockVerifier SUCC],evmFlags=0
info|2025-10-07 00:04:23.640764|fisco-bcos-0x00007f7441f19dc0|[g:1][LEDGER][initLedger][initTxPool],txPoolLimit=150000
info|2025-10-07 00:04:23.643223|fisco-bcos-0x00007f7441f19dc0|[g:1][LEDGER][initLedger]initTxPool SUCC
info|2025-10-07 00:04:23.648911|fisco-bcos-0x00007f7441f19dc0|[g:1][LEDGER][initLedger][initSync],idleWaitMs=200,gossipInterval=1000,gossipPeers=3
info|2025-10-07 00:04:23.650058|fisco-bcos-0x00007f7441f19dc0|[g:1][LEDGER]Init sync master,enableSendBlockStatusByTree=true,enableSendTxsByTree=true
info|2025-10-07 00:04:23.658008|fisco-bcos-0x00007f7441f19dc0|[g:1][LEDGER][initLedger]initSync SUCC
info|2025-10-07 00:04:23.658077|fisco-bcos-0x00007f7441f19dc0|[g:1][LEDGER][initLedger][consensusInitFactory]
info|2025-10-07 00:04:23.658091|fisco-bcos-0x00007f7441f19dc0|[g:1][LEDGER][initLedger][createPBFTSealer]
info|2025-10-07 00:04:23.658115|fisco-bcos-0x00007f7441f19dc0|[g:1][LEDGER][initLedger][createPBFTSealer],baseDir=data//group1,Protocol=65544
info|2025-10-07 00:04:23.658193|fisco-bcos-0x00007f7441f19dc0|[g:1][LEDGER][initLedger]createPBFTSealer for PBFT or rPBFT,consensusType=pbft
info|2025-10-07 00:04:23.658212|fisco-bcos-0x00007f7441f19dc0|[g:1][LEDGER]createConsensusEngine: create PBFTEngine
info|2025-10-07 00:04:23.658232|fisco-bcos-0x00007f7441f19dc0|[g:1][CONSENSUS][PBFT]Register handler for PBFTEngine
info|2025-10-07 00:04:23.659184|fisco-bcos-0x00007f7441f19dc0|[g:1][CONSENSUS][PBFT]setMinBlockGenerationTime,minBlockGenerationTime=500,consensusTime=1000
info|2025-10-07 00:04:23.666788|io_service-0x00007f743f1a0700|[NETWORK][Host]P2P Recv Connect, From=127.0.0.1:34722
info|2025-10-07 00:04:23.666911|fisco-bcos-0x00007f7441f19dc0|[g:1][LEDGER][initEventLogFilterManager]initEventLogFilterManager SUCC
info|2025-10-07 00:04:23.666947|fisco-bcos-0x00007f7441f19dc0|[LedgerInitializer init group succ],groupID=1
info|2025-10-07 00:04:23.667146|io_service-0x00007f743f1a0700|[NETWORK][Host]P2P StartAccept,Host=0.0.0.0:30303
info|2025-10-07 00:04:23.674894|io_service-0x00007f743f1a0700|[NETWORK][Host]handshakeClient succ,local endpoint=127.0.0.1:39920
info|2025-10-07 00:04:23.674954|io_service-0x00007f743f1a0700|[NETWORK][Host]startPeerSession, Remote=127.0.0.1:30300,local endpoint=127.0.0.1:39920,nodeID=73994dae...
info|2025-10-07 00:04:23.675137|P2P-0x00007f743f9a1700|[P2P][Service] Connection established,nodeID=73994dae...,endpoint=127.0.0.1:30300
info|2025-10-07 00:04:23.676514|fisco-bcos-0x00007f7441f19dc0|[SafeHttpServer::StartListening]use default epoll
info|2025-10-07 00:04:23.677122|fisco-bcos-0x00007f7441f19dc0|[INITIALIZER][RPCInitializer JsonrpcHttpServer started],jsonrpc_IP=127.0.0.1,jsonrpc_listen_port=8548,jsonrpc_thread_count=8,ipv6=false,disableDynamicGroup=false,uncheckGroupMember=false
info|2025-10-07 00:04:23.677182|fisco-bcos-0x00007f7441f19dc0|[g:1][LEDGER]startAll...
info|2025-10-07 00:04:23.683712|io_service-0x00007f743f1a0700|[NETWORK][Host]handshakeServer succ,remote endpoint=127.0.0.1:34714
info|2025-10-07 00:04:23.683809|io_service-0x00007f743f1a0700|[NETWORK][Host]startPeerSession, Remote=127.0.0.1:34714,local endpoint=127.0.0.1:30303,nodeID=064cb676...
info|2025-10-07 00:04:23.684176|io_service-0x00007f743f1a0700|[NETWORK][Host]handshakeClient succ,local endpoint=127.0.0.1:34714
info|2025-10-07 00:04:23.684291|io_service-0x00007f743f1a0700|[NETWORK][Host]startPeerSession, Remote=127.0.0.1:30303,local endpoint=127.0.0.1:34714,nodeID=064cb676...
info|2025-10-07 00:04:23.684627|io_service-0x00007f743f1a0700|[NETWORK][Host]P2P Recv Connect, From=127.0.0.1:34738
info|2025-10-07 00:04:23.684772|io_service-0x00007f743f1a0700|[NETWORK][Host]P2P StartAccept,Host=0.0.0.0:30303
info|2025-10-07 00:04:23.692647|fisco-bcos-0x00007f7441f19dc0|[g:1][GossipBlockStatus]start GossipBlockStatus succ
info|2025-10-07 00:04:23.692732|fisco-bcos-0x00007f7441f19dc0|[g:1][CONSENSUS][ConsensusEngine][Start ConsensusEngineBase]
info|2025-10-07 00:04:23.695247|io_service-0x00007f743f1a0700|[NETWORK][Host]handshakeServer succ,remote endpoint=127.0.0.1:34722
info|2025-10-07 00:04:23.695302|alignTime-1-0x00007f742f981700|[g:1][NodeTimeMaintenance]updateTimeInfo: update median time offset,updatedMedianTimeOffset=-45,peer=73994dae...,peerTime=1759820663650,peerOffset=-45,utcTime=1759820663695
info|2025-10-07 00:04:23.695402|io_service-0x00007f743f1a0700|[NETWORK][Host]startPeerSession, Remote=127.0.0.1:34722,local endpoint=127.0.0.1:30303,nodeID=374bdfe9...
info|2025-10-07 00:04:23.695522|P2P-0x00007f74409a3700|[P2P][Service] Connection established,nodeID=374bdfe9...,endpoint=127.0.0.1:34722
info|2025-10-07 00:04:23.695550|io_service-0x00007f743f1a0700|[NETWORK][Host]handshakeClient succ,local endpoint=127.0.0.1:40544
info|2025-10-07 00:04:23.695582|io_service-0x00007f743f1a0700|[NETWORK][Host]startPeerSession, Remote=127.0.0.1:30302,local endpoint=127.0.0.1:40544,nodeID=87d00b98...
info|2025-10-07 00:04:23.695835|fisco-bcos-0x00007f7441f19dc0|[g:1][CONSENSUS][PBFT]^^^^^^^^Report,num=29,sealerIdx=2,hash=8afc63f2...,next=30,tx=1,nodeIdx=0
info|2025-10-07 00:04:23.696936|P2P-0x00007f74411a4700|[P2P][Service] Connection established,nodeID=87d00b98...,endpoint=127.0.0.1:30302
info|2025-10-07 00:04:23.697442|fisco-bcos-0x00007f7441f19dc0|[g:1][ROCKSDB]open rocksDB handler,path=data//group1/pbftMsgBackup/RocksDB
info|2025-10-07 00:04:23.721856|fisco-bcos-0x00007f7441f19dc0|[g:1][CONSENSUS][PBFT][PBFT init env successfully]
info|2025-10-07 00:04:23.721819|io_service-0x00007f743f1a0700|[NETWORK][Host]handshakeServer succ,remote endpoint=127.0.0.1:34738
info|2025-10-07 00:04:23.722984|io_service-0x00007f743f1a0700|[NETWORK][Host]startPeerSession, Remote=127.0.0.1:34738,local endpoint=127.0.0.1:30303,nodeID=87d00b98...
info|2025-10-07 00:04:23.723239|fisco-bcos-0x00007f7441f19dc0|[g:1][CONSENSUS][PBFT][Start PBFTEngine...]
info|2025-10-07 00:04:23.723255|fisco-bcos-0x00007f7441f19dc0|[g:1][CONSENSUS][SEALER][Start sealer module]
info|2025-10-07 00:04:23.723997|alignTime-1-0x00007f742f981700|[g:1][NodeTimeMaintenance]updateTimeInfo: update median time offset,updatedMedianTimeOffset=-23,peer=374bdfe9...,peerTime=1759820663722,peerOffset=-1,utcTime=1759820663724
info|2025-10-07 00:04:23.724786|fisco-bcos-0x00007f7441f19dc0|[g:1][EVENT][EventLogFilterManager]start,m_maxBlockRange=0,m_maxBlockPerLoopFilter=3
info|2025-10-07 00:04:23.736109|alignTime-1-0x00007f742f981700|[g:1][NodeTimeMaintenance]updateTimeInfo: update median time offset,updatedMedianTimeOffset=-4,peer=87d00b98...,peerTime=1759820663732,peerOffset=-4,utcTime=1759820663736
info|2025-10-07 00:04:24.716288|PBFT-1-0x00007f742516c700|[g:1][CONSENSUS][PBFT]Trigger fast-viewchange,view=0,toView=0,minView=1,INFO=,reqNum=29,curNum=29,GenIdx=3,Cview=1,view=0,fromIdx=3,fromNode=87d00b98...,fromIp=127.0.0.1:30302,hash=8afc63f2...,nodeIdx=0,myNode=064cb676...
info|2025-10-07 00:04:24.720408|PBFT-1-0x00007f742516c700|[g:1][CONSENSUS][PBFT]checkAndChangeView: Reach consensus,org_view=0,cur_changeCycle=1,curView=0,view=1
info|2025-10-07 00:04:24.720487|PBFT-1-0x00007f742516c700|[g:1][CONSENSUS][PBFT]checkTimeout Succ,view=1,toView=1,nodeIdx=0,changeCycle=1,myNode=064cb676...,timecost=4
info|2025-10-07 00:04:25.729882|PBFT-1-0x00007f742516c700|[g:1][CONSENSUS]addRawPrepare,height=30,reqIdx=2,hash=5bfacf54...,time=0
info|2025-10-07 00:04:25.734751|PBFT-1-0x00007f742516c700|[g:1][CONSENSUS][PBFT]checkTimeout Succ,view=1,toView=2,nodeIdx=0,changeCycle=1,myNode=064cb676...,timecost=4
info|2025-10-07 00:04:25.736679|PBFT-1-0x00007f742516c700|[g:1][CONSENSUS][PBFT]checkAndChangeView: Reach consensus,org_view=1,cur_changeCycle=1,curView=1,view=2
info|2025-10-07 00:04:26.746611|PBFT-1-0x00007f742516c700|[g:1][CONSENSUS]addRawPrepare,height=30,reqIdx=3,hash=da9a718e...,time=0
info|2025-10-07 00:04:26.749269|PBFT-1-0x00007f742516c700|[g:1][CONSENSUS][PBFT]checkTimeout Succ,view=2,toView=3,nodeIdx=0,changeCycle=1,myNode=064cb676...,timecost=3
info|2025-10-07 00:04:26.754190|PBFT-1-0x00007f742516c700|[g:1][CONSENSUS][PBFT]checkAndChangeView: Reach consensus,org_view=2,cur_changeCycle=1,curView=2,view=3
info|2025-10-07 00:04:27.754187|PBFTSeal-1-0x00007f741d95d700|[g:1][CONSENSUS][SEALER]++++++++++++++++ Generating seal on,blkNum=30,tx=0,nodeIdx=0,hash=dbedb321...
info|2025-10-07 00:04:27.757083|PBFT-1-0x00007f742516c700|[g:1][CONSENSUS][PBFT]checkTimeout Succ,view=3,toView=4,nodeIdx=0,changeCycle=1,myNode=064cb676...,timecost=1
info|2025-10-07 00:04:27.774456|PBFT-1-0x00007f742516c700|[g:1][CONSENSUS][PBFT]checkAndChangeView: Reach consensus,org_view=3,cur_changeCycle=1,curView=3,view=4
info|2025-10-07 00:04:28.776397|PBFT-1-0x00007f742516c700|[g:1][CONSENSUS]addRawPrepare,height=30,reqIdx=1,hash=66a29cc6...,time=0
info|2025-10-07 00:04:28.779741|PBFT-1-0x00007f742516c700|[g:1][CONSENSUS][PBFT]checkTimeout Succ,view=4,toView=5,nodeIdx=0,changeCycle=1,myNode=064cb676...,timecost=3
info|2025-10-07 00:04:28.791931|PBFT-1-0x00007f742516c700|[g:1][CONSENSUS][PBFT]checkAndChangeView: Reach consensus,org_view=4,cur_changeCycle=1,curView=4,view=5
info|2025-10-07 00:04:29.810947|PBFT-1-0x00007f742516c700|[g:1][CONSENSUS]addRawPrepare,height=30,reqIdx=2,hash=d5484f35...,time=0
info|2025-10-07 00:04:29.813918|PBFT-1-0x00007f742516c700|[g:1][CONSENSUS][PBFT]checkTimeout Succ,view=5,toView=6,nodeIdx=0,changeCycle=1,myNode=064cb676...,timecost=2
info|2025-10-07 00:04:29.817547|PBFT-1-0x00007f742516c700|[g:1][CONSENSUS][PBFT]checkAndChangeView: Reach consensus,org_view=5,cur_changeCycle=1,curView=5,view=6
info|2025-10-07 00:04:30.820368|PBFT-1-0x00007f742516c700|[g:1][CONSENSUS]addRawPrepare,height=30,reqIdx=3,hash=23067802...,time=0
info|2025-10-07 00:04:30.821830|PBFT-1-0x00007f742516c700|[g:1][CONSENSUS][PBFT]checkTimeout Succ,view=6,toView=7,nodeIdx=0,changeCycle=1,myNode=064cb676...,timecost=1
info|2025-10-07 00:04:30.832427|PBFT-1-0x00007f742516c700|[g:1][CONSENSUS][PBFT]checkAndChangeView: Reach consensus,org_view=6,cur_changeCycle=1,curView=6,view=7
info|2025-10-07 00:04:31.831837|PBFTSeal-1-0x00007f741d95d700|[g:1][CONSENSUS][SEALER]++++++++++++++++ Generating seal on,blkNum=30,tx=0,nodeIdx=0,hash=77cbcd04...
info|2025-10-07 00:04:31.834846|PBFT-1-0x00007f742516c700|[g:1][CONSENSUS][PBFT]checkTimeout Succ,view=7,toView=8,nodeIdx=0,changeCycle=1,myNode=064cb676...,timecost=1
info|2025-10-07 00:04:31.843117|PBFT-1-0x00007f742516c700|[g:1][CONSENSUS][PBFT]checkAndChangeView: Reach consensus,org_view=7,cur_changeCycle=1,curView=7,view=8
info|2025-10-07 00:04:32.853335|PBFT-1-0x00007f742516c700|[g:1][CONSENSUS]addRawPrepare,height=30,reqIdx=1,hash=02b93c1d...,time=0
info|2025-10-07 00:04:32.857155|PBFT-1-0x00007f742516c700|[g:1][CONSENSUS][PBFT]checkTimeout Succ,view=8,toView=9,nodeIdx=0,changeCycle=1,myNode=064cb676...,timecost=3
info|2025-10-07 00:04:32.863188|PBFT-1-0x00007f742516c700|[g:1][CONSENSUS][PBFT]checkAndChangeView: Reach consensus,org_view=8,cur_changeCycle=1,curView=8,view=9
info|2025-10-07 00:04:33.566239|io_service-0x00007f743f1a0700|[NETWORK][Host]P2P Recv Connect, From=127.0.0.1:39866
info|2025-10-07 00:04:33.566300|io_service-0x00007f743f1a0700|[NETWORK][Host]P2P StartAccept,Host=0.0.0.0:30303
info|2025-10-07 00:04:33.580546|io_service-0x00007f743f1a0700|[NETWORK][Host]handshakeServer succ,remote endpoint=127.0.0.1:39866
info|2025-10-07 00:04:33.580657|io_service-0x00007f743f1a0700|[NETWORK][Host]startPeerSession, Remote=127.0.0.1:39866,local endpoint=127.0.0.1:30303,nodeID=73994dae...
info|2025-10-07 00:04:33.580792|io_service-0x00007f743f1a0700|[NETWORK][Host]Connecting to node,endpoint=127.0.0.1:30301
info|2025-10-07 00:04:33.580850|io_service-0x00007f743f1a0700|[P2P][Service] heartBeat,connected count=3
info|2025-10-07 00:04:33.581043|io_service-0x00007f743f1a0700|[NETWORK][ASIO]asyncResolveConnect,endpoint=127.0.0.1:30301
info|2025-10-07 00:04:33.594073|io_service-0x00007f743f1a0700|[NETWORK][Host]handshakeClient succ,local endpoint=127.0.0.1:36022
info|2025-10-07 00:04:33.594218|io_service-0x00007f743f1a0700|[NETWORK][Host]startPeerSession, Remote=127.0.0.1:30301,local endpoint=127.0.0.1:36022,nodeID=374bdfe9...
info|2025-10-07 00:04:33.870612|PBFT-1-0x00007f742516c700|[g:1][CONSENSUS]addRawPrepare,height=30,reqIdx=2,hash=414b2a2b...,time=0
info|2025-10-07 00:04:33.873120|PBFT-1-0x00007f742516c700|[g:1][CONSENSUS][PBFT]checkTimeout Succ,view=9,toView=10,nodeIdx=0,changeCycle=1,myNode=064cb676...,timecost=2
info|2025-10-07 00:04:33.877116|PBFT-1-0x00007f742516c700|[g:1][CONSENSUS][PBFT]checkAndChangeView: Reach consensus,org_view=9,cur_changeCycle=1,curView=9,view=10
info|2025-10-07 00:04:34.881704|PBFT-1-0x00007f742516c700|[g:1][CONSENSUS]addRawPrepare,height=30,reqIdx=3,hash=e0427dc4...,time=1
info|2025-10-07 00:04:34.884017|PBFT-1-0x00007f742516c700|[g:1][CONSENSUS][PBFT]checkTimeout Succ,view=10,toView=11,nodeIdx=0,changeCycle=1,myNode=064cb676...,timecost=2
info|2025-10-07 00:04:34.900032|PBFT-1-0x00007f742516c700|[g:1][CONSENSUS][PBFT]checkAndChangeView: Reach consensus,org_view=10,cur_changeCycle=1,curView=10,view=11
info|2025-10-07 00:04:35.900716|PBFTSeal-1-0x00007f741d95d700|[g:1][CONSENSUS][SEALER]++++++++++++++++ Generating seal on,blkNum=30,tx=0,nodeIdx=0,hash=125736cd...
info|2025-10-07 00:04:35.910279|PBFT-1-0x00007f742516c700|[g:1][CONSENSUS][PBFT]checkTimeout Succ,view=11,toView=12,nodeIdx=0,changeCycle=1,myNode=064cb676...,timecost=3
info|2025-10-07 00:04:35.915748|PBFT-1-0x00007f742516c700|[g:1][CONSENSUS][PBFT]checkAndChangeView: Reach consensus,org_view=11,cur_changeCycle=1,curView=11,view=12
info|2025-10-07 00:04:36.922937|PBFT-1-0x00007f742516c700|[g:1][CONSENSUS]addRawPrepare,height=30,reqIdx=1,hash=5f06f298...,time=0
info|2025-10-07 00:04:36.929903|PBFT-1-0x00007f742516c700|[g:1][CONSENSUS][PBFT]checkTimeout Succ,view=12,toView=13,nodeIdx=0,changeCycle=1,myNode=064cb676...,timecost=6
info|2025-10-07 00:04:36.934466|PBFT-1-0x00007f742516c700|[g:1][CONSENSUS][PBFT]checkAndChangeView: Reach consensus,org_view=12,cur_changeCycle=1,curView=12,view=13
info|2025-10-07 00:04:37.941994|PBFT-1-0x00007f742516c700|[g:1][CONSENSUS]addRawPrepare,height=30,reqIdx=2,hash=2b494578...,time=1
info|2025-10-07 00:04:37.944042|PBFT-1-0x00007f742516c700|[g:1][CONSENSUS][PBFT]checkTimeout Succ,view=13,toView=14,nodeIdx=0,changeCycle=1,myNode=064cb676...,timecost=2
info|2025-10-07 00:04:37.954498|PBFT-1-0x00007f742516c700|[g:1][CONSENSUS][PBFT]checkAndChangeView: Reach consensus,org_view=13,cur_changeCycle=1,curView=13,view=14
info|2025-10-07 00:04:38.959502|PBFT-1-0x00007f742516c700|[g:1][CONSENSUS]addRawPrepare,height=30,reqIdx=3,hash=3fa2bc14...,time=0
info|2025-10-07 00:04:38.961490|PBFT-1-0x00007f742516c700|[g:1][CONSENSUS][PBFT]checkTimeout Succ,view=14,toView=15,nodeIdx=0,changeCycle=1,myNode=064cb676...,timecost=2
info|2025-10-07 00:04:38.965481|PBFT-1-0x00007f742516c700|[g:1][CONSENSUS][PBFT]checkAndChangeView: Reach consensus,org_view=14,cur_changeCycle=1,curView=14,view=15
info|2025-10-07 00:04:39.965715|PBFTSeal-1-0x00007f741d95d700|[g:1][CONSENSUS][SEALER]++++++++++++++++ Generating seal on,blkNum=30,tx=0,nodeIdx=0,hash=20afe323...
info|2025-10-07 00:04:39.972521|PBFT-1-0x00007f742516c700|[g:1][CONSENSUS][PBFT]checkTimeout Succ,view=15,toView=16,nodeIdx=0,changeCycle=1,myNode=064cb676...,timecost=1
info|2025-10-07 00:04:39.976693|PBFT-1-0x00007f742516c700|[g:1][CONSENSUS][PBFT]checkAndChangeView: Reach consensus,org_view=15,cur_changeCycle=1,curView=15,view=16
info|2025-10-07 00:04:40.991560|PBFT-1-0x00007f742516c700|[g:1][CONSENSUS]addRawPrepare,height=30,reqIdx=1,hash=07f8389c...,time=0
info|2025-10-07 00:04:40.995552|PBFT-1-0x00007f742516c700|[g:1][CONSENSUS][PBFT]checkTimeout Succ,view=16,toView=17,nodeIdx=0,changeCycle=1,myNode=064cb676...,timecost=3
info|2025-10-07 00:04:41.004706|PBFT-1-0x00007f742516c700|[g:1][CONSENSUS][PBFT]checkAndChangeView: Reach consensus,org_view=16,cur_changeCycle=1,curView=16,view=17
info|2025-10-07 00:04:42.019663|PBFT-1-0x00007f742516c700|[g:1][CONSENSUS]addRawPrepare,height=30,reqIdx=2,hash=76ced786...,time=2
info|2025-10-07 00:04:42.022110|PBFT-1-0x00007f742516c700|[g:1][CONSENSUS][PBFT]checkTimeout Succ,view=17,toView=18,nodeIdx=0,changeCycle=1,myNode=064cb676...,timecost=3
info|2025-10-07 00:04:42.029326|PBFT-1-0x00007f742516c700|[g:1][CONSENSUS][PBFT]checkAndChangeView: Reach consensus,org_view=17,cur_changeCycle=1,curView=17,view=18
info|2025-10-07 00:04:43.038446|PBFT-1-0x00007f742516c700|[g:1][CONSENSUS]addRawPrepare,height=30,reqIdx=3,hash=4e343800...,time=0
info|2025-10-07 00:04:43.065451|PBFT-1-0x00007f742516c700|[g:1][CONSENSUS][PBFT]checkTimeout Succ,view=18,toView=19,nodeIdx=0,changeCycle=1,myNode=064cb676...,timecost=20
info|2025-10-07 00:04:43.070264|PBFT-1-0x00007f742516c700|[g:1][CONSENSUS][PBFT]checkAndChangeView: Reach consensus,org_view=18,cur_changeCycle=1,curView=18,view=19
info|2025-10-07 00:04:43.581004|io_service-0x00007f743f1a0700|[P2P][Service] heartBeat,connected count=3
info|2025-10-07 00:04:43.635513|P2P-0x00007f74401a2700|[NETWORK][Session]Received topic: [2	_block_notify_1] from 73994dae9e8b8da733108a4153dfe79151d701dff425f84c87b5324e8ebd02ab6a0ebc9e4f1e0298a7ddca50f94a8f95c62b6997226d571e470e8f2b0600634a
info|2025-10-07 00:04:44.071070|PBFTSeal-1-0x00007f741d95d700|[g:1][CONSENSUS][SEALER]++++++++++++++++ Generating seal on,blkNum=30,tx=0,nodeIdx=0,hash=7a5cbf1e...
info|2025-10-07 00:04:44.078596|PBFT-1-0x00007f742516c700|[g:1][CONSENSUS][PBFT]checkTimeout Succ,view=19,toView=20,nodeIdx=0,changeCycle=1,myNode=064cb676...,timecost=1
info|2025-10-07 00:04:44.119707|PBFT-1-0x00007f742516c700|[g:1][CONSENSUS][PBFT]checkAndChangeView: Reach consensus,org_view=19,cur_changeCycle=1,curView=19,view=20
info|2025-10-07 00:04:45.125028|PBFT-1-0x00007f742516c700|[g:1][CONSENSUS]addRawPrepare,height=30,reqIdx=1,hash=3bdd6a93...,time=0
info|2025-10-07 00:04:45.126201|PBFT-1-0x00007f742516c700|[g:1][CONSENSUS][PBFT]checkTimeout Succ,view=20,toView=21,nodeIdx=0,changeCycle=1,myNode=064cb676...,timecost=1
info|2025-10-07 00:04:45.146225|PBFT-1-0x00007f742516c700|[g:1][CONSENSUS][PBFT]checkAndChangeView: Reach consensus,org_view=20,cur_changeCycle=1,curView=20,view=21
info|2025-10-07 00:04:46.151191|PBFT-1-0x00007f742516c700|[g:1][CONSENSUS]addRawPrepare,height=30,reqIdx=2,hash=3cb96ebf...,time=0
info|2025-10-07 00:04:46.152511|PBFT-1-0x00007f742516c700|[g:1][CONSENSUS][PBFT]checkTimeout Succ,view=21,toView=22,nodeIdx=0,changeCycle=1,myNode=064cb676...,timecost=1
info|2025-10-07 00:04:46.162395|PBFT-1-0x00007f742516c700|[g:1][CONSENSUS][PBFT]checkAndChangeView: Reach consensus,org_view=21,cur_changeCycle=1,curView=21,view=22
info|2025-10-07 00:04:47.167449|PBFT-1-0x00007f742516c700|[g:1][CONSENSUS]addRawPrepare,height=30,reqIdx=3,hash=721f4389...,time=0
info|2025-10-07 00:04:47.168984|PBFT-1-0x00007f742516c700|[g:1][CONSENSUS][PBFT]checkTimeout Succ,view=22,toView=23,nodeIdx=0,changeCycle=1,myNode=064cb676...,timecost=2
info|2025-10-07 00:04:47.180489|PBFT-1-0x00007f742516c700|[g:1][CONSENSUS][PBFT]checkAndChangeView: Reach consensus,org_view=22,cur_changeCycle=1,curView=22,view=23
info|2025-10-07 00:04:48.183447|PBFTSeal-1-0x00007f741d95d700|[g:1][CONSENSUS][SEALER]++++++++++++++++ Generating seal on,blkNum=30,tx=0,nodeIdx=0,hash=60cbfb19...
info|2025-10-07 00:04:48.191347|PBFT-1-0x00007f742516c700|[g:1][CONSENSUS][PBFT]checkTimeout Succ,view=23,toView=24,nodeIdx=0,changeCycle=1,myNode=064cb676...,timecost=1
info|2025-10-07 00:04:48.204199|PBFT-1-0x00007f742516c700|[g:1][CONSENSUS][PBFT]checkAndChangeView: Reach consensus,org_view=23,cur_changeCycle=1,curView=23,view=24
info|2025-10-07 00:04:49.205203|PBFT-1-0x00007f742516c700|[g:1][CONSENSUS]addRawPrepare,height=30,reqIdx=1,hash=a3d38da0...,time=0
info|2025-10-07 00:04:49.206677|PBFT-1-0x00007f742516c700|[g:1][CONSENSUS][PBFT]checkTimeout Succ,view=24,toView=25,nodeIdx=0,changeCycle=1,myNode=064cb676...,timecost=1
info|2025-10-07 00:04:49.221836|PBFT-1-0x00007f742516c700|[g:1][CONSENSUS][PBFT]checkAndChangeView: Reach consensus,org_view=24,cur_changeCycle=1,curView=24,view=25
info|2025-10-07 00:04:50.227045|PBFT-1-0x00007f742516c700|[g:1][CONSENSUS]addRawPrepare,height=30,reqIdx=2,hash=37f62bdc...,time=0
info|2025-10-07 00:04:50.228789|PBFT-1-0x00007f742516c700|[g:1][CONSENSUS][PBFT]checkTimeout Succ,view=25,toView=26,nodeIdx=0,changeCycle=1,myNode=064cb676...,timecost=1
info|2025-10-07 00:04:50.235453|PBFT-1-0x00007f742516c700|[g:1][CONSENSUS][PBFT]checkAndChangeView: Reach consensus,org_view=25,cur_changeCycle=1,curView=25,view=26
info|2025-10-07 00:04:51.243537|PBFT-1-0x00007f742516c700|[g:1][CONSENSUS]addRawPrepare,height=30,reqIdx=3,hash=d01e175a...,time=0
info|2025-10-07 00:04:51.249172|PBFT-1-0x00007f742516c700|[g:1][CONSENSUS][PBFT]checkTimeout Succ,view=26,toView=27,nodeIdx=0,changeCycle=1,myNode=064cb676...,timecost=6
info|2025-10-07 00:04:51.255857|PBFT-1-0x00007f742516c700|[g:1][CONSENSUS][PBFT]checkAndChangeView: Reach consensus,org_view=26,cur_changeCycle=1,curView=26,view=27
info|2025-10-07 00:04:52.255997|PBFTSeal-1-0x00007f741d95d700|[g:1][CONSENSUS][SEALER]++++++++++++++++ Generating seal on,blkNum=30,tx=0,nodeIdx=0,hash=f669b4e2...
info|2025-10-07 00:04:52.266329|PBFT-1-0x00007f742516c700|[g:1][CONSENSUS][PBFT]checkTimeout Succ,view=27,toView=28,nodeIdx=0,changeCycle=1,myNode=064cb676...,timecost=2
info|2025-10-07 00:04:52.270981|PBFT-1-0x00007f742516c700|[g:1][CONSENSUS][PBFT]checkAndChangeView: Reach consensus,org_view=27,cur_changeCycle=1,curView=27,view=28
info|2025-10-07 00:04:53.285563|PBFT-1-0x00007f742516c700|[g:1][CONSENSUS]addRawPrepare,height=30,reqIdx=1,hash=341f2932...,time=0
info|2025-10-07 00:04:53.287203|PBFT-1-0x00007f742516c700|[g:1][CONSENSUS][PBFT]checkTimeout Succ,view=28,toView=29,nodeIdx=0,changeCycle=1,myNode=064cb676...,timecost=2
info|2025-10-07 00:04:53.293932|PBFT-1-0x00007f742516c700|[g:1][CONSENSUS][PBFT]checkAndChangeView: Reach consensus,org_view=28,cur_changeCycle=1,curView=28,view=29
info|2025-10-07 00:04:53.581260|io_service-0x00007f743f1a0700|[P2P][Service] heartBeat,connected count=3
info|2025-10-07 00:04:54.302253|PBFT-1-0x00007f742516c700|[g:1][CONSENSUS]addRawPrepare,height=30,reqIdx=2,hash=c238ae22...,time=0
info|2025-10-07 00:04:54.303513|PBFT-1-0x00007f742516c700|[g:1][CONSENSUS][PBFT]checkTimeout Succ,view=29,toView=30,nodeIdx=0,changeCycle=1,myNode=064cb676...,timecost=1
info|2025-10-07 00:04:54.308935|PBFT-1-0x00007f742516c700|[g:1][CONSENSUS][PBFT]checkAndChangeView: Reach consensus,org_view=29,cur_changeCycle=1,curView=29,view=30
info|2025-10-07 00:04:55.310685|PBFT-1-0x00007f742516c700|[g:1][CONSENSUS]addRawPrepare,height=30,reqIdx=3,hash=bfe45317...,time=0
info|2025-10-07 00:04:55.315366|PBFT-1-0x00007f742516c700|[g:1][CONSENSUS][PBFT]checkTimeout Succ,view=30,toView=31,nodeIdx=0,changeCycle=1,myNode=064cb676...,timecost=5
info|2025-10-07 00:04:55.323808|PBFT-1-0x00007f742516c700|[g:1][CONSENSUS][PBFT]checkAndChangeView: Reach consensus,org_view=30,cur_changeCycle=1,curView=30,view=31
info|2025-10-07 00:04:56.323870|PBFTSeal-1-0x00007f741d95d700|[g:1][CONSENSUS][SEALER]++++++++++++++++ Generating seal on,blkNum=30,tx=0,nodeIdx=0,hash=594725d0...
info|2025-10-07 00:04:56.333489|PBFT-1-0x00007f742516c700|[g:1][CONSENSUS][PBFT]checkTimeout Succ,view=31,toView=32,nodeIdx=0,changeCycle=1,myNode=064cb676...,timecost=2
info|2025-10-07 00:04:56.340379|PBFT-1-0x00007f742516c700|[g:1][CONSENSUS][PBFT]checkAndChangeView: Reach consensus,org_view=31,cur_changeCycle=1,curView=31,view=32
info|2025-10-07 00:04:57.349372|PBFT-1-0x00007f742516c700|[g:1][CONSENSUS]addRawPrepare,height=30,reqIdx=1,hash=9b1883b4...,time=0
info|2025-10-07 00:04:57.353198|PBFT-1-0x00007f742516c700|[g:1][CONSENSUS][PBFT]checkTimeout Succ,view=32,toView=33,nodeIdx=0,changeCycle=1,myNode=064cb676...,timecost=4
info|2025-10-07 00:04:57.357468|PBFT-1-0x00007f742516c700|[g:1][CONSENSUS][PBFT]checkAndChangeView: Reach consensus,org_view=32,cur_changeCycle=1,curView=32,view=33
info|2025-10-07 00:04:58.359581|PBFT-1-0x00007f742516c700|[g:1][CONSENSUS]addRawPrepare,height=30,reqIdx=2,hash=2ae1ce94...,time=0
info|2025-10-07 00:04:58.368356|PBFT-1-0x00007f742516c700|[g:1][CONSENSUS][PBFT]checkTimeout Succ,view=33,toView=34,nodeIdx=0,changeCycle=1,myNode=064cb676...,timecost=6
info|2025-10-07 00:04:58.374635|PBFT-1-0x00007f742516c700|[g:1][CONSENSUS][PBFT]checkAndChangeView: Reach consensus,org_view=33,cur_changeCycle=1,curView=33,view=34
info|2025-10-07 00:04:59.383839|PBFT-1-0x00007f742516c700|[g:1][CONSENSUS]addRawPrepare,height=30,reqIdx=3,hash=1a695a37...,time=0
info|2025-10-07 00:04:59.387189|PBFT-1-0x00007f742516c700|[g:1][CONSENSUS][PBFT]checkTimeout Succ,view=34,toView=35,nodeIdx=0,changeCycle=1,myNode=064cb676...,timecost=1
info|2025-10-07 00:04:59.393176|PBFT-1-0x00007f742516c700|[g:1][CONSENSUS][PBFT]checkAndChangeView: Reach consensus,org_view=34,cur_changeCycle=1,curView=34,view=35
info|2025-10-07 00:05:00.394645|PBFTSeal-1-0x00007f741d95d700|[g:1][CONSENSUS][SEALER]++++++++++++++++ Generating seal on,blkNum=30,tx=0,nodeIdx=0,hash=7c624e0f...
info|2025-10-07 00:05:00.404561|PBFT-1-0x00007f742516c700|[g:1][CONSENSUS][PBFT]checkTimeout Succ,view=35,toView=36,nodeIdx=0,changeCycle=1,myNode=064cb676...,timecost=2
info|2025-10-07 00:05:00.414175|PBFT-1-0x00007f742516c700|[g:1][CONSENSUS][PBFT]checkAndChangeView: Reach consensus,org_view=35,cur_changeCycle=1,curView=35,view=36
info|2025-10-07 00:05:01.418496|PBFT-1-0x00007f742516c700|[g:1][CONSENSUS]addRawPrepare,height=30,reqIdx=1,hash=5204ad56...,time=0
info|2025-10-07 00:05:01.423799|PBFT-1-0x00007f742516c700|[g:1][CONSENSUS][PBFT]checkTimeout Succ,view=36,toView=37,nodeIdx=0,changeCycle=1,myNode=064cb676...,timecost=5
info|2025-10-07 00:05:01.432971|PBFT-1-0x00007f742516c700|[g:1][CONSENSUS][PBFT]checkAndChangeView: Reach consensus,org_view=36,cur_changeCycle=1,curView=36,view=37
info|2025-10-07 00:05:02.435267|PBFT-1-0x00007f742516c700|[g:1][CONSENSUS]addRawPrepare,height=30,reqIdx=2,hash=a4d2f037...,time=0
info|2025-10-07 00:05:02.448410|PBFT-1-0x00007f742516c700|[g:1][CONSENSUS][PBFT]checkTimeout Succ,view=37,toView=38,nodeIdx=0,changeCycle=1,myNode=064cb676...,timecost=13
info|2025-10-07 00:05:02.466328|PBFT-1-0x00007f742516c700|[g:1][CONSENSUS][PBFT]checkAndChangeView: Reach consensus,org_view=37,cur_changeCycle=1,curView=37,view=38
info|2025-10-07 00:05:03.467002|PBFT-1-0x00007f742516c700|[g:1][CONSENSUS]addRawPrepare,height=30,reqIdx=3,hash=0702d98f...,time=1
info|2025-10-07 00:05:03.469514|PBFT-1-0x00007f742516c700|[g:1][CONSENSUS][PBFT]checkTimeout Succ,view=38,toView=39,nodeIdx=0,changeCycle=1,myNode=064cb676...,timecost=2
info|2025-10-07 00:05:03.482455|PBFT-1-0x00007f742516c700|[g:1][CONSENSUS][PBFT]checkAndChangeView: Reach consensus,org_view=38,cur_changeCycle=1,curView=38,view=39
info|2025-10-07 00:05:03.582161|io_service-0x00007f743f1a0700|[P2P][Service] heartBeat,connected count=3
info|2025-10-07 00:05:04.482702|PBFTSeal-1-0x00007f741d95d700|[g:1][CONSENSUS][SEALER]++++++++++++++++ Generating seal on,blkNum=30,tx=0,nodeIdx=0,hash=e255d36e...
info|2025-10-07 00:05:04.487617|PBFT-1-0x00007f742516c700|[g:1][CONSENSUS][PBFT]checkTimeout Succ,view=39,toView=40,nodeIdx=0,changeCycle=1,myNode=064cb676...,timecost=2
info|2025-10-07 00:05:04.497934|PBFT-1-0x00007f742516c700|[g:1][CONSENSUS][PBFT]checkAndChangeView: Reach consensus,org_view=39,cur_changeCycle=1,curView=39,view=40
info|2025-10-07 00:05:05.506309|PBFT-1-0x00007f742516c700|[g:1][CONSENSUS]addRawPrepare,height=30,reqIdx=1,hash=b26b8182...,time=0
info|2025-10-07 00:05:05.512144|PBFT-1-0x00007f742516c700|[g:1][CONSENSUS][PBFT]checkTimeout Succ,view=40,toView=41,nodeIdx=0,changeCycle=1,myNode=064cb676...,timecost=6
info|2025-10-07 00:05:05.521314|PBFT-1-0x00007f742516c700|[g:1][CONSENSUS][PBFT]checkAndChangeView: Reach consensus,org_view=40,cur_changeCycle=1,curView=40,view=41
info|2025-10-07 00:05:06.529178|PBFT-1-0x00007f742516c700|[g:1][CONSENSUS]addRawPrepare,height=30,reqIdx=2,hash=992f4208...,time=0
info|2025-10-07 00:05:06.535801|PBFT-1-0x00007f742516c700|[g:1][CONSENSUS][PBFT]checkTimeout Succ,view=41,toView=42,nodeIdx=0,changeCycle=1,myNode=064cb676...,timecost=4
info|2025-10-07 00:05:06.538793|PBFT-1-0x00007f742516c700|[g:1][CONSENSUS][PBFT]checkAndChangeView: Reach consensus,org_view=41,cur_changeCycle=1,curView=41,view=42
info|2025-10-07 00:05:07.543164|PBFT-1-0x00007f742516c700|[g:1][CONSENSUS]addRawPrepare,height=30,reqIdx=3,hash=930c28d7...,time=0
info|2025-10-07 00:05:07.544427|PBFT-1-0x00007f742516c700|[g:1][CONSENSUS][PBFT]checkTimeout Succ,view=42,toView=43,nodeIdx=0,changeCycle=1,myNode=064cb676...,timecost=1
info|2025-10-07 00:05:07.556158|PBFT-1-0x00007f742516c700|[g:1][CONSENSUS][PBFT]checkAndChangeView: Reach consensus,org_view=42,cur_changeCycle=1,curView=42,view=43
info|2025-10-07 00:05:08.556349|PBFTSeal-1-0x00007f741d95d700|[g:1][CONSENSUS][SEALER]++++++++++++++++ Generating seal on,blkNum=30,tx=0,nodeIdx=0,hash=b6b80957...
info|2025-10-07 00:05:08.565830|PBFT-1-0x00007f742516c700|[g:1][CONSENSUS][PBFT]checkTimeout Succ,view=43,toView=44,nodeIdx=0,changeCycle=1,myNode=064cb676...,timecost=2
info|2025-10-07 00:05:08.569206|PBFT-1-0x00007f742516c700|[g:1][CONSENSUS][PBFT]checkAndChangeView: Reach consensus,org_view=43,cur_changeCycle=1,curView=43,view=44
info|2025-10-07 00:05:09.577133|PBFT-1-0x00007f742516c700|[g:1][CONSENSUS]addRawPrepare,height=30,reqIdx=1,hash=40ca9424...,time=0
info|2025-10-07 00:05:09.581828|PBFT-1-0x00007f742516c700|[g:1][CONSENSUS][PBFT]checkTimeout Succ,view=44,toView=45,nodeIdx=0,changeCycle=1,myNode=064cb676...,timecost=4
info|2025-10-07 00:05:09.587487|PBFT-1-0x00007f742516c700|[g:1][CONSENSUS][PBFT]checkAndChangeView: Reach consensus,org_view=44,cur_changeCycle=1,curView=44,view=45
info|2025-10-07 00:05:10.592649|PBFT-1-0x00007f742516c700|[g:1][CONSENSUS]addRawPrepare,height=30,reqIdx=2,hash=710e566e...,time=0
info|2025-10-07 00:05:10.595480|PBFT-1-0x00007f742516c700|[g:1][CONSENSUS][PBFT]checkTimeout Succ,view=45,toView=46,nodeIdx=0,changeCycle=1,myNode=064cb676...,timecost=3
info|2025-10-07 00:05:10.608753|PBFT-1-0x00007f742516c700|[g:1][CONSENSUS][PBFT]checkAndChangeView: Reach consensus,org_view=45,cur_changeCycle=1,curView=45,view=46
info|2025-10-07 00:05:11.612872|PBFT-1-0x00007f742516c700|[g:1][CONSENSUS]addRawPrepare,height=30,reqIdx=3,hash=69084935...,time=0
info|2025-10-07 00:05:11.614176|PBFT-1-0x00007f742516c700|[g:1][CONSENSUS][PBFT]checkTimeout Succ,view=46,toView=47,nodeIdx=0,changeCycle=1,myNode=064cb676...,timecost=2
info|2025-10-07 00:05:11.621619|PBFT-1-0x00007f742516c700|[g:1][CONSENSUS][PBFT]checkAndChangeView: Reach consensus,org_view=46,cur_changeCycle=1,curView=46,view=47
info|2025-10-07 00:05:12.623446|PBFTSeal-1-0x00007f741d95d700|[g:1][CONSENSUS][SEALER]++++++++++++++++ Generating seal on,blkNum=30,tx=0,nodeIdx=0,hash=9299444f...
info|2025-10-07 00:05:12.634097|PBFT-1-0x00007f742516c700|[g:1][CONSENSUS][PBFT]checkTimeout Succ,view=47,toView=48,nodeIdx=0,changeCycle=1,myNode=064cb676...,timecost=5
info|2025-10-07 00:05:12.638259|PBFT-1-0x00007f742516c700|[g:1][CONSENSUS][PBFT]checkAndChangeView: Reach consensus,org_view=47,cur_changeCycle=1,curView=47,view=48
info|2025-10-07 00:05:13.582382|io_service-0x00007f743f1a0700|[P2P][Service] heartBeat,connected count=3
info|2025-10-07 00:05:13.646064|PBFT-1-0x00007f742516c700|[g:1][CONSENSUS]addRawPrepare,height=30,reqIdx=1,hash=f47bb685...,time=0
info|2025-10-07 00:05:13.654058|PBFT-1-0x00007f742516c700|[g:1][CONSENSUS][PBFT]checkTimeout Succ,view=48,toView=49,nodeIdx=0,changeCycle=1,myNode=064cb676...,timecost=6
info|2025-10-07 00:05:13.658823|PBFT-1-0x00007f742516c700|[g:1][CONSENSUS][PBFT]checkAndChangeView: Reach consensus,org_view=48,cur_changeCycle=1,curView=48,view=49
info|2025-10-07 00:05:14.673060|PBFT-1-0x00007f742516c700|[g:1][CONSENSUS]addRawPrepare,height=30,reqIdx=2,hash=a4e55d47...,time=0
info|2025-10-07 00:05:14.676558|PBFT-1-0x00007f742516c700|[g:1][CONSENSUS][PBFT]checkTimeout Succ,view=49,toView=50,nodeIdx=0,changeCycle=1,myNode=064cb676...,timecost=2
info|2025-10-07 00:05:14.683615|PBFT-1-0x00007f742516c700|[g:1][CONSENSUS][PBFT]checkAndChangeView: Reach consensus,org_view=49,cur_changeCycle=1,curView=49,view=50
info|2025-10-07 00:05:15.178559|PBFTWork-1-0x00007f742b979700|[g:1][CONSENSUS][PartiallyPBFTReqCache]addPartiallyRawPrepare,height=30,reqIdx=3,hash=fc9c41b0...
info|2025-10-07 00:05:15.178941|PBFTWork-1-0x00007f742b979700|[g:1][BLOCKVERIFIER][executeBlock]Executing block,txNum=1,num=30,parentHash=8afc63f2734c989e2e3aaebb4213c1e93ccaa4815932a8b1a91b930cc3398f1c,parentNum=29,parentStateRoot=8fbd432a738f0bcba72744b56cb733dc7f2aa6a0b8ab2c52c852967da1a555b1
info|2025-10-07 00:05:15.179279|PBFTWork-1-0x00007f742b979700|[g:1][PRECOMPILED]init GasChargeManagePrecompiled
info|2025-10-07 00:05:15.180087|PBFTWork-1-0x00007f742b979700|[g:1][STORAGE][MemoryTableFactory2]createTable,table name=c_17b275e64927954e36324637d77d0f368d297fb4,keyField=key,valueField=value
info|2025-10-07 00:05:15.193323|PBFTWork-1-0x00007f742b979700|[g:1][CONSENSUS][PBFT]execBlock,blkNum=30,reqIdx=3,hash=096b5bf3...,nodeIdx=0,myNode=064cb676...,decodeCost=0,checkCost=0,notifyCost=0,noteSealingCost=0,currentCycle=1,verifyAndSetSenderCost=0,execCost=15,execPerTx=15,totalCost=15
info|2025-10-07 00:05:15.202801|PBFTWork-1-0x00007f742b979700|[g:1][CONSENSUS][PBFT]handlePrepareMsg Succ,timecost=9,INFO=handlePartiallyPrepare,reqIdx=3,view=50,reqNum=30,curNum=29,consNum=30,hash=fc9c41b0...,nodeIdx=0,myNode=064cb676...,curChangeCycle=1
info|2025-10-07 00:05:15.204187|PBFT-1-0x00007f742516c700|[g:1][CONSENSUS][PBFT]handleSignMsg Succ,Timecost=1,INFO=handleSignMsg,num=30,curNum=29,GenIdx=3,Sview=50,view=50,fromIdx=3,fromNode=87d00b98...,fromIp=127.0.0.1:30302,hash=096b5bf3...,nodeIdx=0,myNode=064cb676...
info|2025-10-07 00:05:15.205468|PBFT-1-0x00007f742516c700|[g:1][CONSENSUS][PBFT]checkAndCommit: backup/updateCommittedPrepare,reqNum=30,hash=fc9c41b0...,nodeIdx=0,myNode=064cb676...
info|2025-10-07 00:05:15.227722|PBFT-1-0x00007f742516c700|[g:1][CONSENSUS][PBFT]handleSignMsg Succ,Timecost=23,INFO=handleSignMsg,num=30,curNum=29,GenIdx=1,Sview=50,view=50,fromIdx=1,fromNode=374bdfe9...,fromIp=127.0.0.1:34722,hash=096b5bf3...,nodeIdx=0,myNode=064cb676...
info|2025-10-07 00:05:15.229829|PBFT-1-0x00007f742516c700|[g:1][CONSENSUS][PBFT]handleSignMsg Succ,Timecost=1,INFO=handleSignMsg,num=30,curNum=29,GenIdx=2,Sview=50,view=50,fromIdx=2,fromNode=73994dae...,fromIp=127.0.0.1:30300,hash=096b5bf3...,nodeIdx=0,myNode=064cb676...
info|2025-10-07 00:05:15.240999|PBFT-1-0x00007f742516c700|[g:1][CONSENSUS][PBFT]handleCommitMsg Succ,INFO=handleCommitMsg,reqNum=30,curNum=29,GenIdx=1,Cview=50,view=50,fromIdx=1,fromNode=374bdfe9...,fromIp=127.0.0.1:34722,hash=096b5bf3...,nodeIdx=0,myNode=064cb676...,Timecost=2
info|2025-10-07 00:05:15.247206|PBFT-1-0x00007f742516c700|[g:1][CONSENSUS][PBFT]checkAndSave: CommitReq enough,prepareHeight=30,commitSize=3,hash=096b5bf3...,nodeIdx=0,myNode=064cb676...
info|2025-10-07 00:05:15.248201|PBFT-1-0x00007f742516c700|[g:1][g:1][STORAGE][CachedStorage]commit: 9 num: 30
info|2025-10-07 00:05:15.248826|PBFT-1-0x00007f742516c700|[g:1][g:1][STORAGE][CachedStorage]Submited block task: 30, current syncd block: 29
info|2025-10-07 00:05:15.248945|PBFT-1-0x00007f742516c700|[g:1]Push block notify: 1-30
info|2025-10-07 00:05:15.249125|PBFT-1-0x00007f742516c700|[g:1][CONSENSUS][PBFT]CommitBlock Succ,prepareHeight=30,reqIdx=3,hash=096b5bf3...,nodeIdx=0,myNode=064cb676...,genSigTimeCost=0,commitBlockTimeCost=1,dropTxsTimeCost=1,noteSealingTimeCost=0,totalTimeCost=2
info|2025-10-07 00:05:15.249179|PBFT-1-0x00007f742516c700|[g:1][CONSENSUS][PBFT]handleCommitMsg Succ,INFO=handleCommitMsg,reqNum=30,curNum=29,GenIdx=3,Cview=50,view=50,fromIdx=3,fromNode=87d00b98...,fromIp=127.0.0.1:30302,hash=096b5bf3...,nodeIdx=0,myNode=064cb676...,Timecost=4
info|2025-10-07 00:05:15.249251|PBFT-1-0x00007f742516c700|[g:1][CONSENSUS][PBFT]checkReq: Recv future request,prepHash=00000000...,INFO=handleCommitMsg,reqNum=30,curNum=29,GenIdx=2,Cview=50,view=50,fromIdx=2,fromNode=73994dae...,fromIp=127.0.0.1:30300,hash=096b5bf3...,nodeIdx=0,myNode=064cb676...
info|2025-10-07 00:05:15.249755|PBFTSeal-1-0x00007f741d95d700|[g:1][CONSENSUS][SEALER]increase maxNoTimeoutTx,maxNoTimeoutTx=1
info|2025-10-07 00:05:15.249772|PBFTSeal-1-0x00007f741d95d700|[g:1][CONSENSUS][PBFT]^^^^^^^^Report,num=30,sealerIdx=3,hash=096b5bf3...,next=31,tx=1,nodeIdx=0
info|2025-10-07 00:05:15.249818|taskPool-1-0x00007f742e17e700|[g:1][g:1][STORAGE][CachedStorage]Start commit block: 30 to backend storage
info|2025-10-07 00:05:15.266846|taskPool-1-0x00007f742e17e700|[g:1][g:1][STORAGE][CachedStorage]
---------------------------------------------------------------------
Commit block: 30 to backend storage finished, current cached block: 30
Flush elapsed time: 0.0170s
---------------------------------------------------------------------
info|2025-10-07 00:05:16.234880|PBFT-1-0x00007f742516c700|[g:1][CONSENSUS]addRawPrepare,height=31,reqIdx=2,hash=f2e944f0...,time=0
info|2025-10-07 00:05:16.236620|PBFT-1-0x00007f742516c700|[g:1][CONSENSUS][PBFT]checkTimeout Succ,view=0,toView=1,nodeIdx=0,changeCycle=1,myNode=064cb676...,timecost=2
info|2025-10-07 00:05:16.239530|PBFT-1-0x00007f742516c700|[g:1][CONSENSUS][PBFT]checkAndChangeView: Reach consensus,org_view=0,cur_changeCycle=1,curView=0,view=1
info|2025-10-07 00:05:17.247058|PBFT-1-0x00007f742516c700|[g:1][CONSENSUS]addRawPrepare,height=31,reqIdx=3,hash=f083a8e5...,time=0
info|2025-10-07 00:05:17.251896|PBFT-1-0x00007f742516c700|[g:1][CONSENSUS][PBFT]checkTimeout Succ,view=1,toView=2,nodeIdx=0,changeCycle=1,myNode=064cb676...,timecost=5
info|2025-10-07 00:05:17.262430|PBFT-1-0x00007f742516c700|[g:1][CONSENSUS][PBFT]checkAndChangeView: Reach consensus,org_view=1,cur_changeCycle=1,curView=1,view=2
info|2025-10-07 00:05:18.263059|PBFTSeal-1-0x00007f741d95d700|[g:1][CONSENSUS][SEALER]++++++++++++++++ Generating seal on,blkNum=31,tx=0,nodeIdx=0,hash=71d46e55...
info|2025-10-07 00:05:18.271443|PBFT-1-0x00007f742516c700|[g:1][CONSENSUS][PBFT]checkTimeout Succ,view=2,toView=3,nodeIdx=0,changeCycle=1,myNode=064cb676...,timecost=2
info|2025-10-07 00:05:18.278705|PBFT-1-0x00007f742516c700|[g:1][CONSENSUS][PBFT]checkAndChangeView: Reach consensus,org_view=2,cur_changeCycle=1,curView=2,view=3
info|2025-10-07 00:05:19.285813|PBFT-1-0x00007f742516c700|[g:1][CONSENSUS]addRawPrepare,height=31,reqIdx=1,hash=22ddd084...,time=0
info|2025-10-07 00:05:19.291455|PBFT-1-0x00007f742516c700|[g:1][CONSENSUS][PBFT]checkTimeout Succ,view=3,toView=4,nodeIdx=0,changeCycle=1,myNode=064cb676...,timecost=6
info|2025-10-07 00:05:19.296104|PBFT-1-0x00007f742516c700|[g:1][CONSENSUS][PBFT]checkAndChangeView: Reach consensus,org_view=3,cur_changeCycle=1,curView=3,view=4
info|2025-10-07 00:05:20.304161|PBFT-1-0x00007f742516c700|[g:1][CONSENSUS]addRawPrepare,height=31,reqIdx=2,hash=b0b06cac...,time=0
info|2025-10-07 00:05:20.306889|PBFT-1-0x00007f742516c700|[g:1][CONSENSUS][PBFT]checkTimeout Succ,view=4,toView=5,nodeIdx=0,changeCycle=1,myNode=064cb676...,timecost=2
info|2025-10-07 00:05:20.314511|PBFT-1-0x00007f742516c700|[g:1][CONSENSUS][PBFT]checkAndChangeView: Reach consensus,org_view=4,cur_changeCycle=1,curView=4,view=5
info|2025-10-07 00:05:21.323048|PBFT-1-0x00007f742516c700|[g:1][CONSENSUS]addRawPrepare,height=31,reqIdx=3,hash=0205f18f...,time=0
info|2025-10-07 00:05:21.332998|PBFT-1-0x00007f742516c700|[g:1][CONSENSUS][PBFT]checkTimeout Succ,view=5,toView=6,nodeIdx=0,changeCycle=1,myNode=064cb676...,timecost=10
info|2025-10-07 00:05:21.338165|PBFT-1-0x00007f742516c700|[g:1][CONSENSUS][PBFT]checkAndChangeView: Reach consensus,org_view=5,cur_changeCycle=1,curView=5,view=6
info|2025-10-07 00:05:22.338970|PBFTSeal-1-0x00007f741d95d700|[g:1][CONSENSUS][SEALER]++++++++++++++++ Generating seal on,blkNum=31,tx=0,nodeIdx=0,hash=75acb16a...
info|2025-10-07 00:05:22.346671|PBFT-1-0x00007f742516c700|[g:1][CONSENSUS][PBFT]checkTimeout Succ,view=6,toView=7,nodeIdx=0,changeCycle=1,myNode=064cb676...,timecost=2
info|2025-10-07 00:05:22.353610|PBFT-1-0x00007f742516c700|[g:1][CONSENSUS][PBFT]checkAndChangeView: Reach consensus,org_view=6,cur_changeCycle=1,curView=6,view=7
info|2025-10-07 00:05:23.362597|PBFT-1-0x00007f742516c700|[g:1][CONSENSUS]addRawPrepare,height=31,reqIdx=1,hash=57fad382...,time=0
info|2025-10-07 00:05:23.364799|PBFT-1-0x00007f742516c700|[g:1][CONSENSUS][PBFT]checkTimeout Succ,view=7,toView=8,nodeIdx=0,changeCycle=1,myNode=064cb676...,timecost=2
info|2025-10-07 00:05:23.367514|PBFT-1-0x00007f742516c700|[g:1][CONSENSUS][PBFT]checkAndChangeView: Reach consensus,org_view=7,cur_changeCycle=1,curView=7,view=8
info|2025-10-07 00:05:23.582593|io_service-0x00007f743f1a0700|[P2P][Service] heartBeat,connected count=3
info|2025-10-07 00:05:24.372000|PBFT-1-0x00007f742516c700|[g:1][CONSENSUS]addRawPrepare,height=31,reqIdx=2,hash=6c9cba53...,time=1
info|2025-10-07 00:05:24.376047|PBFT-1-0x00007f742516c700|[g:1][CONSENSUS][PBFT]checkTimeout Succ,view=8,toView=9,nodeIdx=0,changeCycle=1,myNode=064cb676...,timecost=4
info|2025-10-07 00:05:24.383143|PBFT-1-0x00007f742516c700|[g:1][CONSENSUS][PBFT]checkAndChangeView: Reach consensus,org_view=8,cur_changeCycle=1,curView=8,view=9
info|2025-10-07 00:05:25.392379|PBFT-1-0x00007f742516c700|[g:1][CONSENSUS]addRawPrepare,height=31,reqIdx=3,hash=26bf6481...,time=0
info|2025-10-07 00:05:25.401235|PBFT-1-0x00007f742516c700|[g:1][CONSENSUS][PBFT]checkTimeout Succ,view=9,toView=10,nodeIdx=0,changeCycle=1,myNode=064cb676...,timecost=9
info|2025-10-07 00:05:25.406819|PBFT-1-0x00007f742516c700|[g:1][CONSENSUS][PBFT]checkAndChangeView: Reach consensus,org_view=9,cur_changeCycle=1,curView=9,view=10
info|2025-10-07 00:05:26.407026|PBFTSeal-1-0x00007f741d95d700|[g:1][CONSENSUS][SEALER]++++++++++++++++ Generating seal on,blkNum=31,tx=0,nodeIdx=0,hash=8769be10...
info|2025-10-07 00:05:26.410462|PBFT-1-0x00007f742516c700|[g:1][CONSENSUS][PBFT]checkTimeout Succ,view=10,toView=11,nodeIdx=0,changeCycle=1,myNode=064cb676...,timecost=1
info|2025-10-07 00:05:26.423914|PBFT-1-0x00007f742516c700|[g:1][CONSENSUS][PBFT]checkAndChangeView: Reach consensus,org_view=10,cur_changeCycle=1,curView=10,view=11
info|2025-10-07 00:05:27.428119|PBFT-1-0x00007f742516c700|[g:1][CONSENSUS]addRawPrepare,height=31,reqIdx=1,hash=e7e1e942...,time=0
info|2025-10-07 00:05:27.433516|PBFT-1-0x00007f742516c700|[g:1][CONSENSUS][PBFT]checkTimeout Succ,view=11,toView=12,nodeIdx=0,changeCycle=1,myNode=064cb676...,timecost=5
info|2025-10-07 00:05:27.436230|PBFT-1-0x00007f742516c700|[g:1][CONSENSUS][PBFT]checkAndChangeView: Reach consensus,org_view=11,cur_changeCycle=1,curView=11,view=12
info|2025-10-07 00:05:28.445433|PBFT-1-0x00007f742516c700|[g:1][CONSENSUS]addRawPrepare,height=31,reqIdx=2,hash=e5e2d8b7...,time=0
info|2025-10-07 00:05:28.449030|PBFT-1-0x00007f742516c700|[g:1][CONSENSUS][PBFT]checkTimeout Succ,view=12,toView=13,nodeIdx=0,changeCycle=1,myNode=064cb676...,timecost=4
info|2025-10-07 00:05:28.456195|PBFT-1-0x00007f742516c700|[g:1][CONSENSUS][PBFT]checkAndChangeView: Reach consensus,org_view=12,cur_changeCycle=1,curView=12,view=13
info|2025-10-07 00:05:29.463680|PBFT-1-0x00007f742516c700|[g:1][CONSENSUS]addRawPrepare,height=31,reqIdx=3,hash=5af3677b...,time=0
info|2025-10-07 00:05:29.467964|PBFT-1-0x00007f742516c700|[g:1][CONSENSUS][PBFT]checkTimeout Succ,view=13,toView=14,nodeIdx=0,changeCycle=1,myNode=064cb676...,timecost=4
info|2025-10-07 00:05:29.472051|PBFT-1-0x00007f742516c700|[g:1][CONSENSUS][PBFT]checkAndChangeView: Reach consensus,org_view=13,cur_changeCycle=1,curView=13,view=14
info|2025-10-07 00:05:30.472985|PBFTSeal-1-0x00007f741d95d700|[g:1][CONSENSUS][SEALER]++++++++++++++++ Generating seal on,blkNum=31,tx=0,nodeIdx=0,hash=028c3206...
info|2025-10-07 00:05:30.483837|PBFT-1-0x00007f742516c700|[g:1][CONSENSUS][PBFT]checkTimeout Succ,view=14,toView=15,nodeIdx=0,changeCycle=1,myNode=064cb676...,timecost=1
info|2025-10-07 00:05:30.486887|PBFT-1-0x00007f742516c700|[g:1][CONSENSUS][PBFT]checkAndChangeView: Reach consensus,org_view=14,cur_changeCycle=1,curView=14,view=15
info|2025-10-07 00:05:31.492276|PBFT-1-0x00007f742516c700|[g:1][CONSENSUS]addRawPrepare,height=31,reqIdx=1,hash=6c9f570e...,time=0
info|2025-10-07 00:05:31.493960|PBFT-1-0x00007f742516c700|[g:1][CONSENSUS][PBFT]checkTimeout Succ,view=15,toView=16,nodeIdx=0,changeCycle=1,myNode=064cb676...,timecost=1
info|2025-10-07 00:05:31.502174|PBFT-1-0x00007f742516c700|[g:1][CONSENSUS][PBFT]checkAndChangeView: Reach consensus,org_view=15,cur_changeCycle=1,curView=15,view=16
info|2025-10-07 00:05:32.511704|PBFT-1-0x00007f742516c700|[g:1][CONSENSUS]addRawPrepare,height=31,reqIdx=2,hash=55978426...,time=0
info|2025-10-07 00:05:32.517046|PBFT-1-0x00007f742516c700|[g:1][CONSENSUS][PBFT]checkTimeout Succ,view=16,toView=17,nodeIdx=0,changeCycle=1,myNode=064cb676...,timecost=6
info|2025-10-07 00:05:32.532561|PBFT-1-0x00007f742516c700|[g:1][CONSENSUS][PBFT]checkAndChangeView: Reach consensus,org_view=16,cur_changeCycle=1,curView=16,view=17
info|2025-10-07 00:05:33.533348|PBFT-1-0x00007f742516c700|[g:1][CONSENSUS]addRawPrepare,height=31,reqIdx=3,hash=377df312...,time=0
info|2025-10-07 00:05:33.537275|PBFT-1-0x00007f742516c700|[g:1][CONSENSUS][PBFT]checkTimeout Succ,view=17,toView=18,nodeIdx=0,changeCycle=1,myNode=064cb676...,timecost=4
info|2025-10-07 00:05:33.544311|PBFT-1-0x00007f742516c700|[g:1][CONSENSUS][PBFT]checkAndChangeView: Reach consensus,org_view=17,cur_changeCycle=1,curView=17,view=18
info|2025-10-07 00:05:33.583158|io_service-0x00007f743f1a0700|[P2P][Service] heartBeat,connected count=3
info|2025-10-07 00:05:34.544870|PBFTSeal-1-0x00007f741d95d700|[g:1][CONSENSUS][SEALER]++++++++++++++++ Generating seal on,blkNum=31,tx=0,nodeIdx=0,hash=1f523051...
info|2025-10-07 00:05:34.557392|PBFT-1-0x00007f742516c700|[g:1][CONSENSUS][PBFT]checkTimeout Succ,view=18,toView=19,nodeIdx=0,changeCycle=1,myNode=064cb676...,timecost=3
info|2025-10-07 00:05:34.562706|PBFT-1-0x00007f742516c700|[g:1][CONSENSUS][PBFT]checkAndChangeView: Reach consensus,org_view=18,cur_changeCycle=1,curView=18,view=19
info|2025-10-07 00:05:35.565904|PBFT-1-0x00007f742516c700|[g:1][CONSENSUS]addRawPrepare,height=31,reqIdx=1,hash=6c1ad7b9...,time=0
info|2025-10-07 00:05:35.568863|PBFT-1-0x00007f742516c700|[g:1][CONSENSUS][PBFT]checkTimeout Succ,view=19,toView=20,nodeIdx=0,changeCycle=1,myNode=064cb676...,timecost=2
info|2025-10-07 00:05:35.581589|PBFT-1-0x00007f742516c700|[g:1][CONSENSUS][PBFT]checkAndChangeView: Reach consensus,org_view=19,cur_changeCycle=1,curView=19,view=20
info|2025-10-07 00:05:37.369410|PBFT-1-0x00007f742516c700|[g:1][CONSENSUS]addRawPrepare,height=31,reqIdx=2,hash=60fe3c0f...,time=0
info|2025-10-07 00:05:37.371018|PBFT-1-0x00007f742516c700|[g:1][CONSENSUS][PBFT]checkTimeout Succ,view=20,toView=21,nodeIdx=0,changeCycle=1,myNode=064cb676...,timecost=2
info|2025-10-07 00:05:37.386128|PBFT-1-0x00007f742516c700|[g:1][CONSENSUS][PBFT]checkAndChangeView: Reach consensus,org_view=20,cur_changeCycle=1,curView=20,view=21
info|2025-10-07 00:05:38.391979|PBFT-1-0x00007f742516c700|[g:1][CONSENSUS]addRawPrepare,height=31,reqIdx=3,hash=f07e7c50...,time=0
info|2025-10-07 00:05:38.394229|PBFT-1-0x00007f742516c700|[g:1][CONSENSUS][PBFT]checkTimeout Succ,view=21,toView=22,nodeIdx=0,changeCycle=1,myNode=064cb676...,timecost=2
info|2025-10-07 00:05:38.400098|PBFT-1-0x00007f742516c700|[g:1][CONSENSUS][PBFT]checkAndChangeView: Reach consensus,org_view=21,cur_changeCycle=1,curView=21,view=22
info|2025-10-07 00:05:39.404229|PBFTSeal-1-0x00007f741d95d700|[g:1][CONSENSUS][SEALER]++++++++++++++++ Generating seal on,blkNum=31,tx=0,nodeIdx=0,hash=b1fd5001...
info|2025-10-07 00:05:39.413398|PBFT-1-0x00007f742516c700|[g:1][CONSENSUS][PBFT]checkTimeout Succ,view=22,toView=23,nodeIdx=0,changeCycle=1,myNode=064cb676...,timecost=2
info|2025-10-07 00:05:39.421198|PBFT-1-0x00007f742516c700|[g:1][CONSENSUS][PBFT]checkAndChangeView: Reach consensus,org_view=22,cur_changeCycle=1,curView=22,view=23
info|2025-10-07 00:05:40.423631|PBFT-1-0x00007f742516c700|[g:1][CONSENSUS]addRawPrepare,height=31,reqIdx=1,hash=071e62ce...,time=0
info|2025-10-07 00:05:40.427636|PBFT-1-0x00007f742516c700|[g:1][CONSENSUS][PBFT]checkTimeout Succ,view=23,toView=24,nodeIdx=0,changeCycle=1,myNode=064cb676...,timecost=4
info|2025-10-07 00:05:40.431969|PBFT-1-0x00007f742516c700|[g:1][CONSENSUS][PBFT]checkAndChangeView: Reach consensus,org_view=23,cur_changeCycle=1,curView=23,view=24
info|2025-10-07 00:05:41.434381|PBFT-1-0x00007f742516c700|[g:1][CONSENSUS]addRawPrepare,height=31,reqIdx=2,hash=cc066405...,time=0
info|2025-10-07 00:05:41.438676|PBFT-1-0x00007f742516c700|[g:1][CONSENSUS][PBFT]checkTimeout Succ,view=24,toView=25,nodeIdx=0,changeCycle=1,myNode=064cb676...,timecost=1
info|2025-10-07 00:05:41.445098|PBFT-1-0x00007f742516c700|[g:1][CONSENSUS][PBFT]checkAndChangeView: Reach consensus,org_view=24,cur_changeCycle=1,curView=24,view=25
info|2025-10-07 00:05:42.102914|PBFTWork-1-0x00007f742b979700|[g:1][CONSENSUS][PartiallyPBFTReqCache]addPartiallyRawPrepare,height=31,reqIdx=3,hash=e7a3fcc7...
info|2025-10-07 00:05:42.103510|PBFTWork-1-0x00007f742b979700|[g:1][BLOCKVERIFIER][executeBlock]Executing block,txNum=1,num=31,parentHash=096b5bf399f795a72e03976b20df0ec2a4b844fd1fe258f4b2d4131510015fe8,parentNum=30,parentStateRoot=a7d07cd56c6c060c2561ba65d0f0169febdfea900e286771495f55191050829c
info|2025-10-07 00:05:42.106587|PBFTWork-1-0x00007f742b979700|[g:1][PRECOMPILED]init GasChargeManagePrecompiled
info|2025-10-07 00:05:43.583434|io_service-0x00007f743f1a0700|[P2P][Service] heartBeat,connected count=3
info|2025-10-07 00:05:45.742769|SyncMsgE-1-0x00007f741e95f700|[PRECOMPILED][TimerPrecompiled]getCurrentTimeMillis,timeMillis=1759820745742
info|2025-10-07 00:05:53.583891|io_service-0x00007f743f1a0700|[P2P][Service] heartBeat,connected count=3
info|2025-10-07 00:06:03.584048|io_service-0x00007f743f1a0700|[P2P][Service] heartBeat,connected count=3
error|2025-10-07 00:06:08.872551|SyncMsgE-1-0x00007f741e95f700|[EXECUTIVE][TxExeError]Transaction execution error,TransactionExceptionID=12,hash=e512031272cf08a8ffcd9a7ea340a9b3bbd7a421518a03ebd86fe733e51b0fcc
info|2025-10-07 00:06:08.873214|PBFTWork-1-0x00007f742b979700|[g:1][CONSENSUS][PBFT]execBlock,blkNum=31,reqIdx=3,hash=7e29fb24...,nodeIdx=0,myNode=064cb676...,decodeCost=0,checkCost=0,notifyCost=0,noteSealingCost=0,currentCycle=1,verifyAndSetSenderCost=0,execCost=26770,execPerTx=26770,totalCost=26770
info|2025-10-07 00:06:08.875368|PBFTWork-1-0x00007f742b979700|[g:1][CONSENSUS][PBFT]handlePrepareMsg Succ,timecost=2,INFO=handlePartiallyPrepare,reqIdx=3,view=25,reqNum=31,curNum=30,consNum=31,hash=e7a3fcc7...,nodeIdx=0,myNode=064cb676...,curChangeCycle=1
info|2025-10-07 00:06:08.878426|PBFT-1-0x00007f742516c700|[g:1][CONSENSUS][PBFT]handleSignMsg Succ,Timecost=1,INFO=handleSignMsg,num=31,curNum=30,GenIdx=1,Sview=25,view=25,fromIdx=1,fromNode=374bdfe9...,fromIp=127.0.0.1:34722,hash=7e29fb24...,nodeIdx=0,myNode=064cb676...
info|2025-10-07 00:06:08.879409|PBFT-1-0x00007f742516c700|[g:1][CONSENSUS][PBFT]checkAndCommit: backup/updateCommittedPrepare,reqNum=31,hash=e7a3fcc7...,nodeIdx=0,myNode=064cb676...
info|2025-10-07 00:06:08.880263|PBFT-1-0x00007f742516c700|[g:1][CONSENSUS][PBFT]handleSignMsg Succ,Timecost=2,INFO=handleSignMsg,num=31,curNum=30,GenIdx=3,Sview=25,view=25,fromIdx=3,fromNode=87d00b98...,fromIp=127.0.0.1:30302,hash=7e29fb24...,nodeIdx=0,myNode=064cb676...
info|2025-10-07 00:06:08.884681|PBFT-1-0x00007f742516c700|[g:1][CONSENSUS][PBFT]handleCommitMsg Succ,INFO=handleCommitMsg,reqNum=31,curNum=30,GenIdx=1,Cview=25,view=25,fromIdx=1,fromNode=374bdfe9...,fromIp=127.0.0.1:34722,hash=7e29fb24...,nodeIdx=0,myNode=064cb676...,Timecost=2
info|2025-10-07 00:06:08.890511|PBFT-1-0x00007f742516c700|[g:1][CONSENSUS][PBFT]checkAndSave: CommitReq enough,prepareHeight=31,commitSize=3,hash=7e29fb24...,nodeIdx=0,myNode=064cb676...
info|2025-10-07 00:06:08.898476|PBFT-1-0x00007f742516c700|[g:1][g:1][STORAGE][CachedStorage]commit: 6 num: 31
info|2025-10-07 00:06:08.899014|taskPool-1-0x00007f742e17e700|[g:1][g:1][STORAGE][CachedStorage]Start commit block: 31 to backend storage
info|2025-10-07 00:06:08.899304|taskPool-1-0x00007f742e17e700|[g:1][g:1][STORAGE][CachedStorage]
---------------------------------------------------------------------
Commit block: 31 to backend storage finished, current cached block: 31
Flush elapsed time: 0.0003s
---------------------------------------------------------------------
info|2025-10-07 00:06:08.899477|PBFT-1-0x00007f742516c700|[g:1][g:1][STORAGE][CachedStorage]Submited block task: 31, current syncd block: 31
info|2025-10-07 00:06:08.901522|PBFT-1-0x00007f742516c700|[g:1]Push block notify: 1-31
info|2025-10-07 00:06:08.901787|PBFT-1-0x00007f742516c700|[g:1][CONSENSUS][PBFT]CommitBlock Succ,prepareHeight=31,reqIdx=3,hash=7e29fb24...,nodeIdx=0,myNode=064cb676...,genSigTimeCost=4,commitBlockTimeCost=7,dropTxsTimeCost=0,noteSealingTimeCost=0,totalTimeCost=11
info|2025-10-07 00:06:08.901839|PBFT-1-0x00007f742516c700|[g:1][CONSENSUS][PBFT]handleCommitMsg Succ,INFO=handleCommitMsg,reqNum=31,curNum=30,GenIdx=3,Cview=25,view=25,fromIdx=3,fromNode=87d00b98...,fromIp=127.0.0.1:30302,hash=7e29fb24...,nodeIdx=0,myNode=064cb676...,Timecost=17
info|2025-10-07 00:06:08.904900|PBFTSeal-1-0x00007f741d95d700|[g:1][CONSENSUS][PBFT]^^^^^^^^Report,num=31,sealerIdx=3,hash=7e29fb24...,next=32,tx=1,nodeIdx=0
info|2025-10-07 00:06:09.905061|PBFT-1-0x00007f742516c700|[g:1][CONSENSUS]addRawPrepare,height=32,reqIdx=3,hash=2baa7e79...,time=0
info|2025-10-07 00:06:09.913169|PBFT-1-0x00007f742516c700|[g:1][CONSENSUS][PBFT]checkTimeout Succ,view=0,toView=1,nodeIdx=0,changeCycle=1,myNode=064cb676...,timecost=2
info|2025-10-07 00:06:09.920179|PBFT-1-0x00007f742516c700|[g:1][CONSENSUS][PBFT]checkAndChangeView: Reach consensus,org_view=0,cur_changeCycle=1,curView=0,view=1
info|2025-10-07 00:06:10.920451|PBFTSeal-1-0x00007f741d95d700|[g:1][CONSENSUS][SEALER]++++++++++++++++ Generating seal on,blkNum=32,tx=0,nodeIdx=0,hash=cad7ce38...
info|2025-10-07 00:06:10.933343|PBFT-1-0x00007f742516c700|[g:1][CONSENSUS][PBFT]checkTimeout Succ,view=1,toView=2,nodeIdx=0,changeCycle=1,myNode=064cb676...,timecost=3
info|2025-10-07 00:06:10.937385|PBFT-1-0x00007f742516c700|[g:1][CONSENSUS][PBFT]checkAndChangeView: Reach consensus,org_view=1,cur_changeCycle=1,curView=1,view=2
info|2025-10-07 00:06:11.948609|PBFT-1-0x00007f742516c700|[g:1][CONSENSUS]addRawPrepare,height=32,reqIdx=1,hash=323d1786...,time=0
info|2025-10-07 00:06:11.951191|PBFT-1-0x00007f742516c700|[g:1][CONSENSUS][PBFT]checkTimeout Succ,view=2,toView=3,nodeIdx=0,changeCycle=1,myNode=064cb676...,timecost=2
info|2025-10-07 00:06:11.955869|PBFT-1-0x00007f742516c700|[g:1][CONSENSUS][PBFT]checkAndChangeView: Reach consensus,org_view=2,cur_changeCycle=1,curView=2,view=3
info|2025-10-07 00:06:12.956378|PBFT-1-0x00007f742516c700|[g:1][CONSENSUS]addRawPrepare,height=32,reqIdx=2,hash=9975d6e3...,time=5
info|2025-10-07 00:06:12.963438|PBFT-1-0x00007f742516c700|[g:1][CONSENSUS][PBFT]checkTimeout Succ,view=3,toView=4,nodeIdx=0,changeCycle=1,myNode=064cb676...,timecost=2
info|2025-10-07 00:06:12.967955|PBFT-1-0x00007f742516c700|[g:1][CONSENSUS][PBFT]checkAndChangeView: Reach consensus,org_view=3,cur_changeCycle=1,curView=3,view=4
info|2025-10-07 00:06:13.584698|io_service-0x00007f743f1a0700|[P2P][Service] heartBeat,connected count=3
info|2025-10-07 00:06:13.976974|PBFT-1-0x00007f742516c700|[g:1][CONSENSUS]addRawPrepare,height=32,reqIdx=3,hash=c80c4abe...,time=0
info|2025-10-07 00:06:13.982232|PBFT-1-0x00007f742516c700|[g:1][CONSENSUS][PBFT]checkTimeout Succ,view=4,toView=5,nodeIdx=0,changeCycle=1,myNode=064cb676...,timecost=5
info|2025-10-07 00:06:13.985153|PBFT-1-0x00007f742516c700|[g:1][CONSENSUS][PBFT]checkAndChangeView: Reach consensus,org_view=4,cur_changeCycle=1,curView=4,view=5
info|2025-10-07 00:06:14.985487|PBFTSeal-1-0x00007f741d95d700|[g:1][CONSENSUS][SEALER]++++++++++++++++ Generating seal on,blkNum=32,tx=0,nodeIdx=0,hash=d9146de8...
info|2025-10-07 00:06:15.003207|PBFT-1-0x00007f742516c700|[g:1][CONSENSUS][PBFT]checkTimeout Succ,view=5,toView=6,nodeIdx=0,changeCycle=1,myNode=064cb676...,timecost=3
info|2025-10-07 00:06:15.006315|PBFT-1-0x00007f742516c700|[g:1][CONSENSUS][PBFT]checkAndChangeView: Reach consensus,org_view=5,cur_changeCycle=1,curView=5,view=6
info|2025-10-07 00:06:16.002369|PBFT-1-0x00007f742516c700|[g:1][CONSENSUS]addRawPrepare,height=32,reqIdx=1,hash=232483fb...,time=0
info|2025-10-07 00:06:16.004121|PBFT-1-0x00007f742516c700|[g:1][CONSENSUS][PBFT]checkTimeout Succ,view=6,toView=7,nodeIdx=0,changeCycle=1,myNode=064cb676...,timecost=2
info|2025-10-07 00:06:16.013832|PBFT-1-0x00007f742516c700|[g:1][CONSENSUS][PBFT]checkAndChangeView: Reach consensus,org_view=6,cur_changeCycle=1,curView=6,view=7
info|2025-10-07 00:06:17.015360|PBFT-1-0x00007f742516c700|[g:1][CONSENSUS]addRawPrepare,height=32,reqIdx=2,hash=c17155e2...,time=0
info|2025-10-07 00:06:17.017533|PBFT-1-0x00007f742516c700|[g:1][CONSENSUS][PBFT]checkTimeout Succ,view=7,toView=8,nodeIdx=0,changeCycle=1,myNode=064cb676...,timecost=2
info|2025-10-07 00:06:17.026118|PBFT-1-0x00007f742516c700|[g:1][CONSENSUS][PBFT]checkAndChangeView: Reach consensus,org_view=7,cur_changeCycle=1,curView=7,view=8
info|2025-10-07 00:06:18.030809|PBFT-1-0x00007f742516c700|[g:1][CONSENSUS]addRawPrepare,height=32,reqIdx=3,hash=935af2a2...,time=0
info|2025-10-07 00:06:18.035578|PBFT-1-0x00007f742516c700|[g:1][CONSENSUS][PBFT]checkTimeout Succ,view=8,toView=9,nodeIdx=0,changeCycle=1,myNode=064cb676...,timecost=5
info|2025-10-07 00:06:18.039452|PBFT-1-0x00007f742516c700|[g:1][CONSENSUS][PBFT]checkAndChangeView: Reach consensus,org_view=8,cur_changeCycle=1,curView=8,view=9
info|2025-10-07 00:06:19.039275|PBFTSeal-1-0x00007f741d95d700|[g:1][CONSENSUS][SEALER]++++++++++++++++ Generating seal on,blkNum=32,tx=0,nodeIdx=0,hash=364be1b2...
info|2025-10-07 00:06:19.049825|PBFT-1-0x00007f742516c700|[g:1][CONSENSUS][PBFT]checkTimeout Succ,view=9,toView=10,nodeIdx=0,changeCycle=1,myNode=064cb676...,timecost=3
info|2025-10-07 00:06:19.057491|PBFT-1-0x00007f742516c700|[g:1][CONSENSUS][PBFT]checkAndChangeView: Reach consensus,org_view=9,cur_changeCycle=1,curView=9,view=10
info|2025-10-07 00:06:20.061164|PBFT-1-0x00007f742516c700|[g:1][CONSENSUS]addRawPrepare,height=32,reqIdx=1,hash=f04c8b7a...,time=0
info|2025-10-07 00:06:20.064809|PBFT-1-0x00007f742516c700|[g:1][CONSENSUS][PBFT]checkTimeout Succ,view=10,toView=11,nodeIdx=0,changeCycle=1,myNode=064cb676...,timecost=1
info|2025-10-07 00:06:20.071452|PBFT-1-0x00007f742516c700|[g:1][CONSENSUS][PBFT]checkAndChangeView: Reach consensus,org_view=10,cur_changeCycle=1,curView=10,view=11
info|2025-10-07 00:06:21.076772|PBFT-1-0x00007f742516c700|[g:1][CONSENSUS]addRawPrepare,height=32,reqIdx=2,hash=63cdb6a6...,time=1
info|2025-10-07 00:06:21.078799|PBFT-1-0x00007f742516c700|[g:1][CONSENSUS][PBFT]checkTimeout Succ,view=11,toView=12,nodeIdx=0,changeCycle=1,myNode=064cb676...,timecost=1
info|2025-10-07 00:06:21.086938|PBFT-1-0x00007f742516c700|[g:1][CONSENSUS][PBFT]checkAndChangeView: Reach consensus,org_view=11,cur_changeCycle=1,curView=11,view=12
info|2025-10-07 00:06:22.097261|PBFT-1-0x00007f742516c700|[g:1][CONSENSUS]addRawPrepare,height=32,reqIdx=3,hash=11d5d5aa...,time=0
info|2025-10-07 00:06:22.102529|PBFT-1-0x00007f742516c700|[g:1][CONSENSUS][PBFT]checkTimeout Succ,view=12,toView=13,nodeIdx=0,changeCycle=1,myNode=064cb676...,timecost=5
info|2025-10-07 00:06:22.105912|PBFT-1-0x00007f742516c700|[g:1][CONSENSUS][PBFT]checkAndChangeView: Reach consensus,org_view=12,cur_changeCycle=1,curView=12,view=13
info|2025-10-07 00:06:23.105952|PBFTSeal-1-0x00007f741d95d700|[g:1][CONSENSUS][SEALER]++++++++++++++++ Generating seal on,blkNum=32,tx=0,nodeIdx=0,hash=091f305c...
info|2025-10-07 00:06:23.112569|PBFT-1-0x00007f742516c700|[g:1][CONSENSUS][PBFT]checkTimeout Succ,view=13,toView=14,nodeIdx=0,changeCycle=1,myNode=064cb676...,timecost=5
info|2025-10-07 00:06:23.121552|PBFT-1-0x00007f742516c700|[g:1][CONSENSUS][PBFT]checkAndChangeView: Reach consensus,org_view=13,cur_changeCycle=1,curView=13,view=14
info|2025-10-07 00:06:23.585724|io_service-0x00007f743f1a0700|[P2P][Service] heartBeat,connected count=3
info|2025-10-07 00:06:24.123274|PBFT-1-0x00007f742516c700|[g:1][CONSENSUS]addRawPrepare,height=32,reqIdx=1,hash=0e2f14ef...,time=0
info|2025-10-07 00:06:24.127605|PBFT-1-0x00007f742516c700|[g:1][CONSENSUS][PBFT]checkTimeout Succ,view=14,toView=15,nodeIdx=0,changeCycle=1,myNode=064cb676...,timecost=4
info|2025-10-07 00:06:24.134193|PBFT-1-0x00007f742516c700|[g:1][CONSENSUS][PBFT]checkAndChangeView: Reach consensus,org_view=14,cur_changeCycle=1,curView=14,view=15
info|2025-10-07 00:06:25.143343|PBFT-1-0x00007f742516c700|[g:1][CONSENSUS]addRawPrepare,height=32,reqIdx=2,hash=1e732baf...,time=0
info|2025-10-07 00:06:25.145359|PBFT-1-0x00007f742516c700|[g:1][CONSENSUS][PBFT]checkTimeout Succ,view=15,toView=16,nodeIdx=0,changeCycle=1,myNode=064cb676...,timecost=2
info|2025-10-07 00:06:25.148152|PBFT-1-0x00007f742516c700|[g:1][CONSENSUS][PBFT]checkAndChangeView: Reach consensus,org_view=15,cur_changeCycle=1,curView=15,view=16
info|2025-10-07 00:06:26.162142|PBFT-1-0x00007f742516c700|[g:1][CONSENSUS]addRawPrepare,height=32,reqIdx=3,hash=ec19777b...,time=0
info|2025-10-07 00:06:26.165503|PBFT-1-0x00007f742516c700|[g:1][CONSENSUS][PBFT]checkTimeout Succ,view=16,toView=17,nodeIdx=0,changeCycle=1,myNode=064cb676...,timecost=3
info|2025-10-07 00:06:26.170114|PBFT-1-0x00007f742516c700|[g:1][CONSENSUS][PBFT]checkAndChangeView: Reach consensus,org_view=16,cur_changeCycle=1,curView=16,view=17
info|2025-10-07 00:06:26.826516|PBFTSeal-1-0x00007f741d95d700|[g:1][CONSENSUS][SEALER]++++++++++++++++ Generating seal on,blkNum=32,tx=1,nodeIdx=0,hash=bddf7247...
info|2025-10-07 00:06:26.842960|sealerWorker-0x00007f742d17c700|[CONSENSUS]addRawPrepare,height=32,reqIdx=0,hash=bddf7247...,time=0
info|2025-10-07 00:06:26.846096|sealerWorker-0x00007f742d17c700|[BLOCKVERIFIER][executeBlock]Executing block,txNum=1,num=32,parentHash=7e29fb24f8782a4455b128fb6b00834beae435b4799e9de9f83b29357d2d5e0a,parentNum=31,parentStateRoot=8fbd432a738f0bcba72744b56cb733dc7f2aa6a0b8ab2c52c852967da1a555b1
info|2025-10-07 00:06:26.846378|sealerWorker-0x00007f742d17c700|[PRECOMPILED]init GasChargeManagePrecompiled
info|2025-10-07 00:06:27.286232|sealerWorker-0x00007f742d17c700|[PRECOMPILED][TimerPrecompiled]getCurrentTimeMillis,timeMillis=1759820787286
info|2025-10-07 00:06:31.554044|sealerWorker-0x00007f742d17c700|[PRECOMPILED][TimerPrecompiled]getCurrentTimeMillis,timeMillis=1759820791554
info|2025-10-07 00:06:31.554326|sealerWorker-0x00007f742d17c700|[PRECOMPILED][TimerPrecompiled]getCurrentTimeMillis,timeMillis=1759820791554
info|2025-10-07 00:06:32.737867|sealerWorker-0x00007f742d17c700|[PRECOMPILED][TimerPrecompiled]getCurrentTimeMillis,timeMillis=1759820792737
info|2025-10-07 00:06:32.749897|sealerWorker-0x00007f742d17c700|[CONSENSUS][PBFT]execBlock,blkNum=32,reqIdx=0,hash=74b79420...,nodeIdx=0,myNode=064cb676...,decodeCost=0,checkCost=0,notifyCost=0,noteSealingCost=0,currentCycle=1,verifyAndSetSenderCost=0,execCost=5904,execPerTx=5904,totalCost=5904
info|2025-10-07 00:06:32.752388|sealerWorker-0x00007f742d17c700|[CONSENSUS][PBFT]handlePrepareMsg Succ,timecost=2,INFO=handlePrepareMsg,reqIdx=0,view=17,reqNum=32,curNum=31,consNum=32,curView=17,fromIp=self,hash=bddf7247...,nodeIdx=0,myNode=064cb676...,curChangeCycle=1
info|2025-10-07 00:06:32.752549|sealerWorker-0x00007f742d17c700|[CONSENSUS][PBFT]generateLocalPrepare,hash=bddf7247...,H=32,nodeIdx=0,myNode=064cb676...
info|2025-10-07 00:06:32.752609|PBFT-1-0x00007f742516c700|[g:1][CONSENSUS][PBFT]checkReq: Recv future request,prepHash=74b79420...,INFO=handleSignMsg,num=32,curNum=31,GenIdx=1,Sview=17,view=17,fromIdx=1,fromNode=374bdfe9...,fromIp=127.0.0.1:34722,hash=a986a362...,nodeIdx=0,myNode=064cb676...
info|2025-10-07 00:06:32.752651|PBFT-1-0x00007f742516c700|[g:1][CONSENSUS][PBFT]FutureBlock,INFO=handleSignMsg,num=32,curNum=31,GenIdx=1,Sview=17,view=17,fromIdx=1,fromNode=374bdfe9...,fromIp=127.0.0.1:34722,hash=a986a362...,nodeIdx=0,myNode=064cb676...
info|2025-10-07 00:06:32.752670|PBFT-1-0x00007f742516c700|[g:1][CONSENSUS][PBFT]checkReq: Recv future request,prepHash=74b79420...,INFO=handleSignMsg,num=32,curNum=31,GenIdx=3,Sview=17,view=17,fromIdx=3,fromNode=87d00b98...,fromIp=127.0.0.1:30302,hash=60171eb6...,nodeIdx=0,myNode=064cb676...
info|2025-10-07 00:06:32.752696|PBFT-1-0x00007f742516c700|[g:1][CONSENSUS][PBFT]FutureBlock,INFO=handleSignMsg,num=32,curNum=31,GenIdx=3,Sview=17,view=17,fromIdx=3,fromNode=87d00b98...,fromIp=127.0.0.1:30302,hash=60171eb6...,nodeIdx=0,myNode=064cb676...
info|2025-10-07 00:06:32.853036|PBFT-1-0x00007f742516c700|[g:1][CONSENSUS][PBFT]checkReq: Recv future request,prepHash=74b79420...,INFO=handleSignMsg,num=32,curNum=31,GenIdx=2,Sview=17,view=17,fromIdx=2,fromNode=73994dae...,fromIp=127.0.0.1:30300,hash=266a1729...,nodeIdx=0,myNode=064cb676...
info|2025-10-07 00:06:32.853076|PBFT-1-0x00007f742516c700|[g:1][CONSENSUS][PBFT]FutureBlock,INFO=handleSignMsg,num=32,curNum=31,GenIdx=2,Sview=17,view=17,fromIdx=2,fromNode=73994dae...,fromIp=127.0.0.1:30300,hash=266a1729...,nodeIdx=0,myNode=064cb676...
info|2025-10-07 00:06:33.586497|io_service-0x00007f743f1a0700|[P2P][Service] heartBeat,connected count=3
info|2025-10-07 00:06:37.200366|PBFT-1-0x00007f742516c700|[g:1][CONSENSUS][PBFT]Trigger fast-viewchange,view=17,toView=17,minView=18,INFO=,reqNum=31,curNum=31,GenIdx=3,Cview=18,view=17,fromIdx=3,fromNode=87d00b98...,fromIp=127.0.0.1:30302,hash=7e29fb24...,nodeIdx=0,myNode=064cb676...
info|2025-10-07 00:06:37.203713|PBFT-1-0x00007f742516c700|[g:1][CONSENSUS][PBFT]checkAndChangeView: Reach consensus,org_view=17,cur_changeCycle=2,curView=17,view=18
info|2025-10-07 00:06:37.205615|PBFT-1-0x00007f742516c700|[g:1][CONSENSUS][PBFT]checkTimeout Succ,view=18,toView=18,nodeIdx=0,changeCycle=2,myNode=064cb676...,timecost=5
info|2025-10-07 00:06:37.715525|PBFTWork-1-0x00007f742b979700|[g:1][CONSENSUS][PartiallyPBFTReqCache]addPartiallyRawPrepare,height=32,reqIdx=1,hash=bc67c290...
info|2025-10-07 00:06:37.715775|PBFTWork-1-0x00007f742b979700|[g:1][CONSENSUS][PBFT]I am the next leader = 0, filter trans size = 1, total trans = 1
info|2025-10-07 00:06:37.715886|PBFTWork-1-0x00007f742b979700|[g:1][BLOCKVERIFIER][executeBlock]Executing block,txNum=1,num=32,parentHash=7e29fb24f8782a4455b128fb6b00834beae435b4799e9de9f83b29357d2d5e0a,parentNum=31,parentStateRoot=8fbd432a738f0bcba72744b56cb733dc7f2aa6a0b8ab2c52c852967da1a555b1
info|2025-10-07 00:06:37.716008|PBFTWork-1-0x00007f742b979700|[g:1][PRECOMPILED]init GasChargeManagePrecompiled
info|2025-10-07 00:06:38.142646|PBFTWork-1-0x00007f742b979700|[g:1][PRECOMPILED][TimerPrecompiled]getCurrentTimeMillis,timeMillis=1759820798142
info|2025-10-07 00:06:43.485462|PBFTWork-1-0x00007f742b979700|[g:1][PRECOMPILED][TimerPrecompiled]getCurrentTimeMillis,timeMillis=1759820803485
info|2025-10-07 00:06:43.485848|PBFTWork-1-0x00007f742b979700|[g:1][PRECOMPILED][TimerPrecompiled]getCurrentTimeMillis,timeMillis=1759820803485
info|2025-10-07 00:06:43.586626|io_service-0x00007f743f1a0700|[P2P][Service] heartBeat,connected count=3
info|2025-10-07 00:06:44.476884|PBFTWork-1-0x00007f742b979700|[g:1][PRECOMPILED][TimerPrecompiled]getCurrentTimeMillis,timeMillis=1759820804476
info|2025-10-07 00:06:44.479257|PBFTWork-1-0x00007f742b979700|[g:1][CONSENSUS][PBFT]execBlock,blkNum=32,reqIdx=1,hash=def151a2...,nodeIdx=0,myNode=064cb676...,decodeCost=0,checkCost=0,notifyCost=0,noteSealingCost=0,currentCycle=2,verifyAndSetSenderCost=0,execCost=6764,execPerTx=6764,totalCost=6764
info|2025-10-07 00:06:44.482725|PBFTWork-1-0x00007f742b979700|[g:1][CONSENSUS][PBFT]handlePrepareMsg Succ,timecost=3,INFO=handlePartiallyPrepare,reqIdx=1,view=18,reqNum=32,curNum=31,consNum=32,hash=bc67c290...,nodeIdx=0,myNode=064cb676...,curChangeCycle=2
info|2025-10-07 00:06:44.482849|PBFT-1-0x00007f742516c700|[g:1][CONSENSUS][PBFT]checkReq: Recv future request,prepHash=def151a2...,INFO=handleSignMsg,num=32,curNum=31,GenIdx=2,Sview=18,view=18,fromIdx=2,fromNode=73994dae...,fromIp=127.0.0.1:30300,hash=dd3c26b8...,nodeIdx=0,myNode=064cb676...
info|2025-10-07 00:06:44.482869|PBFT-1-0x00007f742516c700|[g:1][CONSENSUS][PBFT]FutureBlock,INFO=handleSignMsg,num=32,curNum=31,GenIdx=2,Sview=18,view=18,fromIdx=2,fromNode=73994dae...,fromIp=127.0.0.1:30300,hash=dd3c26b8...,nodeIdx=0,myNode=064cb676...
info|2025-10-07 00:06:44.482894|PBFT-1-0x00007f742516c700|[g:1][CONSENSUS][PBFT]checkReq: Recv future request,prepHash=def151a2...,INFO=handleSignMsg,num=32,curNum=31,GenIdx=3,Sview=18,view=18,fromIdx=3,fromNode=87d00b98...,fromIp=127.0.0.1:30302,hash=764c5455...,nodeIdx=0,myNode=064cb676...
info|2025-10-07 00:06:44.482903|PBFT-1-0x00007f742516c700|[g:1][CONSENSUS][PBFT]FutureBlock,INFO=handleSignMsg,num=32,curNum=31,GenIdx=3,Sview=18,view=18,fromIdx=3,fromNode=87d00b98...,fromIp=127.0.0.1:30302,hash=764c5455...,nodeIdx=0,myNode=064cb676...
info|2025-10-07 00:06:44.482926|PBFT-1-0x00007f742516c700|[g:1][CONSENSUS][PBFT]checkReq: Recv future request,prepHash=def151a2...,INFO=handleSignMsg,num=32,curNum=31,GenIdx=1,Sview=18,view=18,fromIdx=1,fromNode=374bdfe9...,fromIp=127.0.0.1:34722,hash=a0b6162d...,nodeIdx=0,myNode=064cb676...
info|2025-10-07 00:06:44.482934|PBFT-1-0x00007f742516c700|[g:1][CONSENSUS][PBFT]FutureBlock,INFO=handleSignMsg,num=32,curNum=31,GenIdx=1,Sview=18,view=18,fromIdx=1,fromNode=374bdfe9...,fromIp=127.0.0.1:34722,hash=a0b6162d...,nodeIdx=0,myNode=064cb676...
info|2025-10-07 00:06:50.568535|PBFT-1-0x00007f742516c700|[g:1][CONSENSUS][PBFT]Trigger fast-viewchange,view=18,toView=18,minView=19,INFO=,reqNum=31,curNum=31,GenIdx=3,Cview=19,view=18,fromIdx=3,fromNode=87d00b98...,fromIp=127.0.0.1:30302,hash=7e29fb24...,nodeIdx=0,myNode=064cb676...
info|2025-10-07 00:06:50.570558|PBFT-1-0x00007f742516c700|[g:1][CONSENSUS][PBFT]checkAndChangeView: Reach consensus,org_view=18,cur_changeCycle=3,curView=18,view=19
info|2025-10-07 00:06:50.570642|PBFT-1-0x00007f742516c700|[g:1][CONSENSUS][PBFT]checkTimeout Succ,view=19,toView=19,nodeIdx=0,changeCycle=3,myNode=064cb676...,timecost=2
info|2025-10-07 00:06:51.081195|PBFTWork-1-0x00007f742b979700|[g:1][CONSENSUS][PartiallyPBFTReqCache]addPartiallyRawPrepare,height=32,reqIdx=2,hash=cc1e914b...
info|2025-10-07 00:06:51.081409|PBFTWork-1-0x00007f742b979700|[g:1][CONSENSUS][PBFT]I am the next leader = 0, filter trans size = 1, total trans = 1
info|2025-10-07 00:06:51.081490|PBFTWork-1-0x00007f742b979700|[g:1][BLOCKVERIFIER][executeBlock]Executing block,txNum=1,num=32,parentHash=7e29fb24f8782a4455b128fb6b00834beae435b4799e9de9f83b29357d2d5e0a,parentNum=31,parentStateRoot=8fbd432a738f0bcba72744b56cb733dc7f2aa6a0b8ab2c52c852967da1a555b1
info|2025-10-07 00:06:51.081643|PBFTWork-1-0x00007f742b979700|[g:1][PRECOMPILED]init GasChargeManagePrecompiled
info|2025-10-07 00:06:51.421219|PBFTWork-1-0x00007f742b979700|[g:1][PRECOMPILED][TimerPrecompiled]getCurrentTimeMillis,timeMillis=1759820811421
info|2025-10-07 00:06:53.586761|io_service-0x00007f743f1a0700|[P2P][Service] heartBeat,connected count=3
info|2025-10-07 00:06:54.106086|PBFTWork-1-0x00007f742b979700|[g:1][PRECOMPILED][TimerPrecompiled]getCurrentTimeMillis,timeMillis=1759820814106
info|2025-10-07 00:06:54.108229|PBFTWork-1-0x00007f742b979700|[g:1][PRECOMPILED][TimerPrecompiled]getCurrentTimeMillis,timeMillis=1759820814108
info|2025-10-07 00:06:55.770171|PBFTWork-1-0x00007f742b979700|[g:1][PRECOMPILED][TimerPrecompiled]getCurrentTimeMillis,timeMillis=1759820815770
info|2025-10-07 00:06:55.782218|PBFTWork-1-0x00007f742b979700|[g:1][CONSENSUS][PBFT]execBlock,blkNum=32,reqIdx=2,hash=7d390c38...,nodeIdx=0,myNode=064cb676...,decodeCost=0,checkCost=0,notifyCost=0,noteSealingCost=0,currentCycle=3,verifyAndSetSenderCost=0,execCost=4701,execPerTx=4701,totalCost=4701
info|2025-10-07 00:06:55.784441|PBFTWork-1-0x00007f742b979700|[g:1][CONSENSUS][PBFT]handlePrepareMsg Succ,timecost=2,INFO=handlePartiallyPrepare,reqIdx=2,view=19,reqNum=32,curNum=31,consNum=32,hash=cc1e914b...,nodeIdx=0,myNode=064cb676...,curChangeCycle=3
info|2025-10-07 00:06:56.909358|PBFT-1-0x00007f742516c700|[g:1][CONSENSUS][PBFT]checkReq: Recv future request,prepHash=7d390c38...,INFO=handleSignMsg,num=32,curNum=31,GenIdx=1,Sview=19,view=19,fromIdx=1,fromNode=374bdfe9...,fromIp=127.0.0.1:34722,hash=f0980b9c...,nodeIdx=0,myNode=064cb676...
info|2025-10-07 00:06:56.909407|PBFT-1-0x00007f742516c700|[g:1][CONSENSUS][PBFT]FutureBlock,INFO=handleSignMsg,num=32,curNum=31,GenIdx=1,Sview=19,view=19,fromIdx=1,fromNode=374bdfe9...,fromIp=127.0.0.1:34722,hash=f0980b9c...,nodeIdx=0,myNode=064cb676...
info|2025-10-07 00:06:56.976281|PBFT-1-0x00007f742516c700|[g:1][CONSENSUS][PBFT]checkReq: Recv future request,prepHash=7d390c38...,INFO=handleSignMsg,num=32,curNum=31,GenIdx=3,Sview=19,view=19,fromIdx=3,fromNode=87d00b98...,fromIp=127.0.0.1:30302,hash=85ccc980...,nodeIdx=0,myNode=064cb676...
info|2025-10-07 00:06:56.976312|PBFT-1-0x00007f742516c700|[g:1][CONSENSUS][PBFT]FutureBlock,INFO=handleSignMsg,num=32,curNum=31,GenIdx=3,Sview=19,view=19,fromIdx=3,fromNode=87d00b98...,fromIp=127.0.0.1:30302,hash=85ccc980...,nodeIdx=0,myNode=064cb676...
info|2025-10-07 00:06:57.220920|PBFT-1-0x00007f742516c700|[g:1][CONSENSUS][PBFT]checkReq: Recv future request,prepHash=7d390c38...,INFO=handleSignMsg,num=32,curNum=31,GenIdx=2,Sview=19,view=19,fromIdx=2,fromNode=73994dae...,fromIp=127.0.0.1:30300,hash=e9992ec8...,nodeIdx=0,myNode=064cb676...
info|2025-10-07 00:06:57.221017|PBFT-1-0x00007f742516c700|[g:1][CONSENSUS][PBFT]FutureBlock,INFO=handleSignMsg,num=32,curNum=31,GenIdx=2,Sview=19,view=19,fromIdx=2,fromNode=73994dae...,fromIp=127.0.0.1:30300,hash=e9992ec8...,nodeIdx=0,myNode=064cb676...
info|2025-10-07 00:07:03.587581|io_service-0x00007f743f1a0700|[P2P][Service] heartBeat,connected count=3
info|2025-10-07 00:07:04.788257|fisco-bcos-0x00007f7441f19dc0|[LEDGER]stop sealer,groupID=1
info|2025-10-07 00:07:04.788295|fisco-bcos-0x00007f7441f19dc0|[CONSENSUS][SEALER]Stop sealer module...
info|2025-10-07 00:07:04.791072|fisco-bcos-0x00007f7441f19dc0|[CONSENSUS][ConsensusEngine][Stop ConsensusEngineBase]
info|2025-10-07 00:07:04.793707|fisco-bcos-0x00007f7441f19dc0|[CONSENSUS][ConsensusEngine]ConsensusEngineBase stopped
info|2025-10-07 00:07:04.793740|fisco-bcos-0x00007f7441f19dc0|[LEDGER]sealer stopped. stop sync,groupID=1
info|2025-10-07 00:07:04.794074|fisco-bcos-0x00007f7441f19dc0|[g:1] [SYNC][id:064cb676...]SyncMsgEngine stopped
info|2025-10-07 00:07:04.960517|fisco-bcos-0x00007f7441f19dc0|[GossipBlockStatus]stop GossipBlockStatus succ
info|2025-10-07 00:07:05.520452|fisco-bcos-0x00007f7441f19dc0|[SYNC][id:064cb676...][g:1]SyncMaster stopped
info|2025-10-07 00:07:05.520494|fisco-bcos-0x00007f7441f19dc0|[LEDGER]sync stopped. stop event filter manager,groupID=1
info|2025-10-07 00:07:05.562868|fisco-bcos-0x00007f7441f19dc0|[EVENT][EventLogFilterManager]stop
info|2025-10-07 00:07:05.562935|fisco-bcos-0x00007f7441f19dc0|[LEDGER]event filter manager stopped. stop tx pool,groupID=1
info|2025-10-07 00:07:05.564005|fisco-bcos-0x00007f7441f19dc0|[LEDGER]removeNetworkStatHandlerByGroupID and removeGroupBandwidthLimiter for service,groupID=1
info|2025-10-07 00:07:05.564030|fisco-bcos-0x00007f7441f19dc0|[CHANNEL]removeSDKAllowListByGroupId,groupId=1
info|2025-10-07 00:07:05.564037|fisco-bcos-0x00007f7441f19dc0|[INITIALIZER]ledgerInitializer stopped
info|2025-10-07 00:07:06.540441|io_service-0x00007f743f1a0700|[NETWORK][Session]doRead failed,endpoint=127.0.0.1:30300,message=short read (SSL routines, SSL routines)
info|2025-10-07 00:07:06.540475|io_service-0x00007f743f1a0700|[NETWORK][Session]drop, call and erase all callbackFunc of the session!,endpoint=127.0.0.1:30300
info|2025-10-07 00:07:06.540503|io_service-0x00007f743f1a0700|[NETWORK][Session][drop] closing remote 127.0.0.1:30300,reason=Low-level TCP communication failed.,endpoint=127.0.0.1:30300
info|2025-10-07 00:07:06.540607|io_service-0x00007f743f1a0700|[NETWORK][Session]Session inactive
info|2025-10-07 00:07:06.540619|io_service-0x00007f743f1a0700|[NETWORK][Session]Session inactive
info|2025-10-07 00:07:06.540625|io_service-0x00007f743f1a0700|[NETWORK][Session][drop] shutdown failed ,code=9,message=Bad file descriptor
info|2025-10-07 00:07:06.540714|P2P-0x00007f74401a2700|[P2P][Service] disconnect inactive P2PSession,nodeID=73994dae...,endpoint=127.0.0.1:30300,code=3,what=Disconnect
info|2025-10-07 00:07:06.540733|P2P-0x00007f74401a2700|[P2P][Service] onDisconnect,code=3,what=Dynamic exception type: dev::network::NetworkException
std::exception::what: Disconnect
info|2025-10-07 00:07:06.564435|fisco-bcos-0x00007f7441f19dc0|[INITIALIZER]ChannelRPCHttpServer deleted.
info|2025-10-07 00:07:06.565128|fisco-bcos-0x00007f7441f19dc0|[INITIALIZER]JsonrpcHttpServer deleted.
info|2025-10-07 00:07:06.565141|fisco-bcos-0x00007f7441f19dc0|[INITIALIZER]RPCInitializer stopped
info|2025-10-07 00:07:06.565505|io_service-0x00007f743f1a0700|[NETWORK][Host]Host exit
info|2025-10-07 00:07:06.566834|fisco-bcos-0x00007f7441f19dc0|[INITIALIZER]P2PInitializer stopped
info|2025-10-07 00:07:06.566854|fisco-bcos-0x00007f7441f19dc0|[LEDGER]stop sealer,groupID=1
info|2025-10-07 00:07:06.566860|fisco-bcos-0x00007f7441f19dc0|[LEDGER]sealer stopped. stop sync,groupID=1
info|2025-10-07 00:07:06.566868|fisco-bcos-0x00007f7441f19dc0|[g:1] [SYNC][id:064cb676...]SyncMsgEngine stopped
info|2025-10-07 00:07:06.566878|fisco-bcos-0x00007f7441f19dc0|[GossipBlockStatus]GossipBlockStatus already stopped
info|2025-10-07 00:07:06.566882|fisco-bcos-0x00007f7441f19dc0|[SYNC][id:064cb676...][g:1]SyncMaster stopped
info|2025-10-07 00:07:06.566885|fisco-bcos-0x00007f7441f19dc0|[LEDGER]sync stopped. stop event filter manager,groupID=1
info|2025-10-07 00:07:06.566889|fisco-bcos-0x00007f7441f19dc0|[LEDGER]event filter manager stopped. stop tx pool,groupID=1
info|2025-10-07 00:07:06.566895|fisco-bcos-0x00007f7441f19dc0|[LEDGER]removeNetworkStatHandlerByGroupID and removeGroupBandwidthLimiter for service,groupID=1
info|2025-10-07 00:07:06.566929|fisco-bcos-0x00007f7441f19dc0|[g:1][STORAGE][CachedStorage]Stopping flushStorage thread
info|2025-10-07 00:07:06.586765|fisco-bcos-0x00007f7441f19dc0|[g:1][STORAGE][CachedStorage]flushStorage thread stopped.
info|2025-10-07 00:07:06.586789|fisco-bcos-0x00007f7441f19dc0|[DBINITIALIZER] storage stopped
info|2025-10-07 00:07:06.596876|fisco-bcos-0x00007f7441f19dc0|[g:1] [SYNC][id:064cb676...]SyncMsgEngine stopped
info|2025-10-07 00:07:06.596905|fisco-bcos-0x00007f7441f19dc0|[GossipBlockStatus]GossipBlockStatus already stopped
info|2025-10-07 00:07:06.596909|fisco-bcos-0x00007f7441f19dc0|[SYNC][id:064cb676...][g:1]SyncMaster stopped
info|2025-10-07 00:07:06.596927|fisco-bcos-0x00007f7441f19dc0|[g:1] [SYNC][id:064cb676...]SyncMsgEngine stopped
