info|2025-10-09 23:00:00.141705|Sync-1-0x00007f4e4fe97700|[g:1][SYNC][id:73994dae...]print sync info,peersCount=3,infoJson={"blockNumber":242,"genesisHash":"f0d3e67991e2c3d83533c031601c30c4741aba35d7d8017900779abe4ae22efe","isSyncing":false,"knownHighestNumber":242,"knownLatestHash":"99e4206c2d515a846a9f1d5be6ed961367b9a5e7b6250471c60d8f6648184672","latestHash":"99e4206c2d515a846a9f1d5be6ed961367b9a5e7b6250471c60d8f6648184672","nodeId":"73994dae9e8b8da733108a4153dfe79151d701dff425f84c87b5324e8ebd02ab6a0ebc9e4f1e0298a7ddca50f94a8f95c62b6997226d571e470e8f2b0600634a","peers":[{"blockNumber":242,"genesisHash":"f0d3e67991e2c3d83533c031601c30c4741aba35d7d8017900779abe4ae22efe","latestHash":"99e4206c2d515a846a9f1d5be6ed961367b9a5e7b6250471c60d8f6648184672","nodeId":"064cb676a36047a4b52ecbf9c01664b1e987d91b438110ba6a12d96972726622e824d295b1de8b0298b5afe7bbbc0bd04a3890e1a36eae028c1cfbe07971b995"},{"blockNumber":183,"genesisHash":"f0d3e67991e2c3d83533c031601c30c4741aba35d7d8017900779abe4ae22efe","latestHash":"84b9e5d996bf7a5eb7a7af1e23a8308230a576a20d5c81a92b78a013e510177d","nodeId":"374bdfe969e1d8ea1200ade93e5d8cf1a7d5741f238011004b0f43ca818706f194b2f067e1708125f7ffc536610b9a72addbd56b238d65f18912be39037ffcc5"},{"blockNumber":242,"genesisHash":"f0d3e67991e2c3d83533c031601c30c4741aba35d7d8017900779abe4ae22efe","latestHash":"99e4206c2d515a846a9f1d5be6ed961367b9a5e7b6250471c60d8f6648184672","nodeId":"87d00b98321fc70a5abc85ad9e80db10cce315194133697bf74aace1d3f8430957a766240f751752708f4282f46110d6ea56c3eb5d1c02ce98a66f327f595270"}],"protocolId":65545,"txPoolSize":"0"}
info|2025-10-09 23:00:00.275308|ChannelServer-0x00007f4e5f6b6700|[CHANNEL]Receive new connection,from=127.0.0.1:40846
info|2025-10-09 23:00:00.304671|ChannelServer-0x00007f4e5f6b6700|[CHANNEL]channel new connect, host=127.0.0.1:40846
info|2025-10-09 23:00:00.304899|ChannelServer-0x00007f4e5f6b6700|[CHANNEL]start receive
info|2025-10-09 23:00:00.304934|ChannelServer-0x00007f4e5f6b6700|[CHANNEL][SESSION]setRemotePublicKey: set sdk public key,sdkPublicKey=18ec5cfe...
info|2025-10-09 23:00:00.311001|ChannelReq-0x00007f4e676c6700|[RPC][getClientVersion]request
info|2025-10-09 23:00:00.318462|ChannelReq-0x00007f4e66ec5700|[CHANNEL]onClientHandshake,ProtocolVersion=3,clientType=java-sdk,endpoint=127.0.0.1:40846
info|2025-10-09 23:00:00.324123|ChannelReq-0x00007f4e65ec3700|[RPC][getGroupList]request
info|2025-10-09 23:00:00.327509|ChannelReq-0x00007f4e646c0700|[RPC][getClientVersion]request
info|2025-10-09 23:00:00.545624|PBFT-1-0x00007f4e4e694700|[g:1][CONSENSUS]addRawPrepare,height=243,reqIdx=3,hash=5cd90e8c...,time=0
info|2025-10-09 23:00:00.558672|PBFT-1-0x00007f4e4e694700|[g:1][CONSENSUS][PBFT]checkTimeout Succ,view=9,toView=10,nodeIdx=2,changeCycle=1,myNode=73994dae...,timecost=13
info|2025-10-09 23:00:00.570417|PBFT-1-0x00007f4e4e694700|[g:1][CONSENSUS][PBFT]checkAndChangeView: Reach consensus,org_view=9,cur_changeCycle=1,curView=9,view=10
info|2025-10-09 23:00:01.570549|PBFT-1-0x00007f4e4e694700|[g:1][CONSENSUS]addRawPrepare,height=243,reqIdx=0,hash=50d21626...,time=0
info|2025-10-09 23:00:01.572540|PBFT-1-0x00007f4e4e694700|[g:1][CONSENSUS][PBFT]checkTimeout Succ,view=10,toView=11,nodeIdx=2,changeCycle=1,myNode=73994dae...,timecost=2
info|2025-10-09 23:00:01.575791|PBFT-1-0x00007f4e4e694700|[g:1][CONSENSUS][PBFT]checkAndChangeView: Reach consensus,org_view=10,cur_changeCycle=1,curView=10,view=11
info|2025-10-09 23:00:03.163076|io_service-0x00007f4e686c8700|[P2P][Service] heartBeat,connected count=3
warning|2025-10-09 23:00:06.082767|PBFT-1-0x00007f4e4e694700|[g:1][CONSENSUS][PBFT]ViewChangeWarning: not caused by omit empty block ,v=11,toV=12,curNum=242,hash=99e4206c...,nodeIdx=2,myNode=73994dae...
info|2025-10-09 23:00:06.082891|PBFT-1-0x00007f4e4e694700|[g:1][CONSENSUS][PBFT]checkTimeout Succ,view=11,toView=12,nodeIdx=2,changeCycle=2,myNode=73994dae...,timecost=1
info|2025-10-09 23:00:06.089686|PBFT-1-0x00007f4e4e694700|[g:1][CONSENSUS][PBFT]checkAndChangeView: Reach consensus,org_view=11,cur_changeCycle=2,curView=11,view=12
info|2025-10-09 23:00:07.091093|PBFTSeal-1-0x00007f4e46e85700|[g:1][CONSENSUS][SEALER]++++++++++++++++ Generating seal on,blkNum=243,tx=0,nodeIdx=2,hash=c2aec26e...
info|2025-10-09 23:00:07.094991|PBFT-1-0x00007f4e4e694700|[g:1][CONSENSUS][PBFT]checkTimeout Succ,view=12,toView=13,nodeIdx=2,changeCycle=1,myNode=73994dae...,timecost=2
info|2025-10-09 23:00:07.106771|PBFT-1-0x00007f4e4e694700|[g:1][CONSENSUS][PBFT]checkAndChangeView: Reach consensus,org_view=12,cur_changeCycle=1,curView=12,view=13
info|2025-10-09 23:00:08.110112|PBFT-1-0x00007f4e4e694700|[g:1][CONSENSUS]addRawPrepare,height=243,reqIdx=3,hash=6870b25a...,time=0
info|2025-10-09 23:00:08.111505|PBFT-1-0x00007f4e4e694700|[g:1][CONSENSUS][PBFT]checkTimeout Succ,view=13,toView=14,nodeIdx=2,changeCycle=1,myNode=73994dae...,timecost=1
info|2025-10-09 23:00:08.121723|PBFT-1-0x00007f4e4e694700|[g:1][CONSENSUS][PBFT]checkAndChangeView: Reach consensus,org_view=13,cur_changeCycle=1,curView=13,view=14
info|2025-10-09 23:00:09.123454|PBFT-1-0x00007f4e4e694700|[g:1][CONSENSUS]addRawPrepare,height=243,reqIdx=0,hash=00f98121...,time=0
info|2025-10-09 23:00:09.125956|PBFT-1-0x00007f4e4e694700|[g:1][CONSENSUS][PBFT]checkTimeout Succ,view=14,toView=15,nodeIdx=2,changeCycle=1,myNode=73994dae...,timecost=2
info|2025-10-09 23:00:09.130978|PBFT-1-0x00007f4e4e694700|[g:1][CONSENSUS][PBFT]checkAndChangeView: Reach consensus,org_view=14,cur_changeCycle=1,curView=14,view=15
info|2025-10-09 23:00:13.164070|io_service-0x00007f4e686c8700|[P2P][Service] heartBeat,connected count=3
warning|2025-10-09 23:00:13.638073|PBFT-1-0x00007f4e4e694700|[g:1][CONSENSUS][PBFT]ViewChangeWarning: not caused by omit empty block ,v=15,toV=16,curNum=242,hash=99e4206c...,nodeIdx=2,myNode=73994dae...
info|2025-10-09 23:00:13.638263|PBFT-1-0x00007f4e4e694700|[g:1][CONSENSUS][PBFT]checkTimeout Succ,view=15,toView=16,nodeIdx=2,changeCycle=2,myNode=73994dae...,timecost=2
info|2025-10-09 23:00:13.651188|PBFT-1-0x00007f4e4e694700|[g:1][CONSENSUS][PBFT]checkAndChangeView: Reach consensus,org_view=15,cur_changeCycle=2,curView=15,view=16
info|2025-10-09 23:00:14.651026|PBFTSeal-1-0x00007f4e46e85700|[g:1][CONSENSUS][SEALER]++++++++++++++++ Generating seal on,blkNum=243,tx=0,nodeIdx=2,hash=525b8f7d...
info|2025-10-09 23:00:14.655426|PBFT-1-0x00007f4e4e694700|[g:1][CONSENSUS][PBFT]checkTimeout Succ,view=16,toView=17,nodeIdx=2,changeCycle=1,myNode=73994dae...,timecost=3
info|2025-10-09 23:00:14.663384|PBFT-1-0x00007f4e4e694700|[g:1][CONSENSUS][PBFT]checkAndChangeView: Reach consensus,org_view=16,cur_changeCycle=1,curView=16,view=17
info|2025-10-09 23:00:15.669894|PBFT-1-0x00007f4e4e694700|[g:1][CONSENSUS]addRawPrepare,height=243,reqIdx=3,hash=3854c5e0...,time=0
info|2025-10-09 23:00:15.673323|PBFT-1-0x00007f4e4e694700|[g:1][CONSENSUS][PBFT]checkTimeout Succ,view=17,toView=18,nodeIdx=2,changeCycle=1,myNode=73994dae...,timecost=3
info|2025-10-09 23:00:15.679963|PBFT-1-0x00007f4e4e694700|[g:1][CONSENSUS][PBFT]checkAndChangeView: Reach consensus,org_view=17,cur_changeCycle=1,curView=17,view=18
info|2025-10-09 23:00:16.687490|PBFT-1-0x00007f4e4e694700|[g:1][CONSENSUS]addRawPrepare,height=243,reqIdx=0,hash=0971673f...,time=0
info|2025-10-09 23:00:16.691839|PBFT-1-0x00007f4e4e694700|[g:1][CONSENSUS][PBFT]checkTimeout Succ,view=18,toView=19,nodeIdx=2,changeCycle=1,myNode=73994dae...,timecost=4
info|2025-10-09 23:00:16.697591|PBFT-1-0x00007f4e4e694700|[g:1][CONSENSUS][PBFT]checkAndChangeView: Reach consensus,org_view=18,cur_changeCycle=1,curView=18,view=19
info|2025-10-09 23:00:20.773911|ChannelReq-0x00007f4e666c4700|[RPC][getGroupList]request
warning|2025-10-09 23:00:21.211105|PBFT-1-0x00007f4e4e694700|[g:1][CONSENSUS][PBFT]ViewChangeWarning: not caused by omit empty block ,v=19,toV=20,curNum=242,hash=99e4206c...,nodeIdx=2,myNode=73994dae...
info|2025-10-09 23:00:21.211285|PBFT-1-0x00007f4e4e694700|[g:1][CONSENSUS][PBFT]checkTimeout Succ,view=19,toView=20,nodeIdx=2,changeCycle=2,myNode=73994dae...,timecost=4
info|2025-10-09 23:00:21.214685|PBFT-1-0x00007f4e4e694700|[g:1][CONSENSUS][PBFT]checkAndChangeView: Reach consensus,org_view=19,cur_changeCycle=2,curView=19,view=20
info|2025-10-09 23:00:22.216237|PBFTSeal-1-0x00007f4e46e85700|[g:1][CONSENSUS][SEALER]++++++++++++++++ Generating seal on,blkNum=243,tx=0,nodeIdx=2,hash=cefe3434...
info|2025-10-09 23:00:22.219103|PBFT-1-0x00007f4e4e694700|[g:1][CONSENSUS][PBFT]checkTimeout Succ,view=20,toView=21,nodeIdx=2,changeCycle=1,myNode=73994dae...,timecost=2
info|2025-10-09 23:00:22.229614|PBFT-1-0x00007f4e4e694700|[g:1][CONSENSUS][PBFT]checkAndChangeView: Reach consensus,org_view=20,cur_changeCycle=1,curView=20,view=21
info|2025-10-09 23:00:23.164546|io_service-0x00007f4e686c8700|[P2P][Service] heartBeat,connected count=3
info|2025-10-09 23:00:23.239363|PBFT-1-0x00007f4e4e694700|[g:1][CONSENSUS]addRawPrepare,height=243,reqIdx=3,hash=9dbc48e0...,time=0
info|2025-10-09 23:00:23.240945|PBFT-1-0x00007f4e4e694700|[g:1][CONSENSUS][PBFT]checkTimeout Succ,view=21,toView=22,nodeIdx=2,changeCycle=1,myNode=73994dae...,timecost=1
info|2025-10-09 23:00:23.254377|PBFT-1-0x00007f4e4e694700|[g:1][CONSENSUS][PBFT]checkAndChangeView: Reach consensus,org_view=21,cur_changeCycle=1,curView=21,view=22
info|2025-10-09 23:00:23.763133|PBFTWork-1-0x00007f4e54ea1700|[g:1][CONSENSUS][PartiallyPBFTReqCache]addPartiallyRawPrepare,height=243,reqIdx=0,hash=e627741c...
info|2025-10-09 23:00:23.763440|PBFTWork-1-0x00007f4e54ea1700|[g:1][BLOCKVERIFIER][executeBlock]Executing block,txNum=1,num=243,parentHash=99e4206c2d515a846a9f1d5be6ed961367b9a5e7b6250471c60d8f6648184672,parentNum=242,parentStateRoot=ee5a80c453305a2b0fa489137c052df0e95319733d6e013f72a740adf41e57b0
info|2025-10-09 23:00:23.763698|PBFTWork-1-0x00007f4e54ea1700|[g:1][PRECOMPILED]init GasChargeManagePrecompiled
info|2025-10-09 23:00:23.764609|PBFTWork-1-0x00007f4e54ea1700|[g:1][STORAGE][MemoryTableFactory2]createTable,table name=c_d57a263844e224976e1f23586971e030454f3c29,keyField=key,valueField=value
info|2025-10-09 23:00:23.765705|PBFTWork-1-0x00007f4e54ea1700|[g:1][CONSENSUS][PBFT]execBlock,blkNum=243,reqIdx=0,hash=9a7dca21...,nodeIdx=2,myNode=73994dae...,decodeCost=0,checkCost=0,notifyCost=0,noteSealingCost=0,currentCycle=1,verifyAndSetSenderCost=0,execCost=2,execPerTx=2,totalCost=2
info|2025-10-09 23:00:23.774338|PBFTWork-1-0x00007f4e54ea1700|[g:1][CONSENSUS][PBFT]handlePrepareMsg Succ,timecost=9,INFO=handlePartiallyPrepare,reqIdx=0,view=22,reqNum=243,curNum=242,consNum=243,hash=e627741c...,nodeIdx=2,myNode=73994dae...,curChangeCycle=1
info|2025-10-09 23:00:23.775645|PBFT-1-0x00007f4e4e694700|[g:1][CONSENSUS][PBFT]handleSignMsg Succ,Timecost=1,INFO=handleSignMsg,num=243,curNum=242,GenIdx=0,Sview=22,view=22,fromIdx=0,fromNode=064cb676...,fromIp=127.0.0.1:41756,hash=9a7dca21...,nodeIdx=2,myNode=73994dae...
info|2025-10-09 23:00:23.777614|PBFT-1-0x00007f4e4e694700|[g:1][CONSENSUS][PBFT]checkAndCommit: backup/updateCommittedPrepare,reqNum=243,hash=e627741c...,nodeIdx=2,myNode=73994dae...
info|2025-10-09 23:00:23.778904|PBFT-1-0x00007f4e4e694700|[g:1][CONSENSUS][PBFT]handleSignMsg Succ,Timecost=3,INFO=handleSignMsg,num=243,curNum=242,GenIdx=3,Sview=22,view=22,fromIdx=3,fromNode=87d00b98...,fromIp=127.0.0.1:30302,hash=9a7dca21...,nodeIdx=2,myNode=73994dae...
info|2025-10-09 23:00:23.780441|PBFT-1-0x00007f4e4e694700|[g:1][CONSENSUS][PBFT]handleCommitMsg Succ,INFO=handleCommitMsg,reqNum=243,curNum=242,GenIdx=0,Cview=22,view=22,fromIdx=0,fromNode=064cb676...,fromIp=127.0.0.1:41756,hash=9a7dca21...,nodeIdx=2,myNode=73994dae...,Timecost=2
info|2025-10-09 23:00:23.782014|PBFT-1-0x00007f4e4e694700|[g:1][CONSENSUS][PBFT]checkAndSave: CommitReq enough,prepareHeight=243,commitSize=3,hash=9a7dca21...,nodeIdx=2,myNode=73994dae...
info|2025-10-09 23:00:23.785398|PBFT-1-0x00007f4e4e694700|[g:1][g:1][STORAGE][CachedStorage]commit: 9 num: 243
info|2025-10-09 23:00:23.786133|PBFT-1-0x00007f4e4e694700|[g:1][g:1][STORAGE][CachedStorage]Submited block task: 243, current syncd block: 242
info|2025-10-09 23:00:23.786190|taskPool-1-0x00007f4e576a6700|[g:1][g:1][STORAGE][CachedStorage]Start commit block: 243 to backend storage
info|2025-10-09 23:00:23.786298|PBFT-1-0x00007f4e4e694700|[g:1]Push block notify: 1-243
info|2025-10-09 23:00:23.786366|PBFT-1-0x00007f4e4e694700|[g:1][CHANNEL]Push message success,topic=_block_notify_1,seq=00000000,session=127.0.0.1:40846,
info|2025-10-09 23:00:23.787098|PBFT-1-0x00007f4e4e694700|[g:1][CONSENSUS][PBFT]CommitBlock Succ,prepareHeight=243,reqIdx=0,hash=9a7dca21...,nodeIdx=2,myNode=73994dae...,genSigTimeCost=0,commitBlockTimeCost=4,dropTxsTimeCost=0,noteSealingTimeCost=1,totalTimeCost=5
info|2025-10-09 23:00:23.787150|PBFT-1-0x00007f4e4e694700|[g:1][CONSENSUS][PBFT]handleCommitMsg Succ,INFO=handleCommitMsg,reqNum=243,curNum=242,GenIdx=3,Cview=22,view=22,fromIdx=3,fromNode=87d00b98...,fromIp=127.0.0.1:30302,hash=9a7dca21...,nodeIdx=2,myNode=73994dae...,Timecost=7
info|2025-10-09 23:00:23.788185|PBFTSeal-1-0x00007f4e46e85700|[g:1][CONSENSUS][SEALER]increase maxNoTimeoutTx,maxNoTimeoutTx=1
info|2025-10-09 23:00:23.788206|PBFTSeal-1-0x00007f4e46e85700|[g:1][CONSENSUS][PBFT]^^^^^^^^Report,num=243,sealerIdx=0,hash=9a7dca21...,next=244,tx=1,nodeIdx=2
info|2025-10-09 23:00:23.803611|taskPool-1-0x00007f4e576a6700|[g:1][g:1][STORAGE][CachedStorage]
---------------------------------------------------------------------
Commit block: 243 to backend storage finished, current cached block: 243
Flush elapsed time: 0.0174s
---------------------------------------------------------------------
info|2025-10-09 23:00:24.815811|PBFT-1-0x00007f4e4e694700|[g:1][CONSENSUS]addRawPrepare,height=244,reqIdx=3,hash=a0cc50ce...,time=0
info|2025-10-09 23:00:24.817899|PBFT-1-0x00007f4e4e694700|[g:1][CONSENSUS][PBFT]checkTimeout Succ,view=0,toView=1,nodeIdx=2,changeCycle=1,myNode=73994dae...,timecost=2
info|2025-10-09 23:00:24.827652|PBFT-1-0x00007f4e4e694700|[g:1][CONSENSUS][PBFT]checkAndChangeView: Reach consensus,org_view=0,cur_changeCycle=1,curView=0,view=1
info|2025-10-09 23:00:25.828354|PBFT-1-0x00007f4e4e694700|[g:1][CONSENSUS]addRawPrepare,height=244,reqIdx=0,hash=596cc5f8...,time=0
info|2025-10-09 23:00:25.829834|PBFT-1-0x00007f4e4e694700|[g:1][CONSENSUS][PBFT]checkTimeout Succ,view=1,toView=2,nodeIdx=2,changeCycle=1,myNode=73994dae...,timecost=1
info|2025-10-09 23:00:25.839082|PBFT-1-0x00007f4e4e694700|[g:1][CONSENSUS][PBFT]checkAndChangeView: Reach consensus,org_view=1,cur_changeCycle=1,curView=1,view=2
warning|2025-10-09 23:00:30.344130|PBFT-1-0x00007f4e4e694700|[g:1][CONSENSUS][PBFT]ViewChangeWarning: not caused by omit empty block ,v=2,toV=3,curNum=243,hash=9a7dca21...,nodeIdx=2,myNode=73994dae...
info|2025-10-09 23:00:30.344792|PBFT-1-0x00007f4e4e694700|[g:1][CONSENSUS][PBFT]checkTimeout Succ,view=2,toView=3,nodeIdx=2,changeCycle=2,myNode=73994dae...,timecost=2
info|2025-10-09 23:00:30.355109|PBFT-1-0x00007f4e4e694700|[g:1][CONSENSUS][PBFT]checkAndChangeView: Reach consensus,org_view=2,cur_changeCycle=2,curView=2,view=3
info|2025-10-09 23:00:31.356259|PBFTSeal-1-0x00007f4e46e85700|[g:1][CONSENSUS][SEALER]++++++++++++++++ Generating seal on,blkNum=244,tx=0,nodeIdx=2,hash=cb427c63...
info|2025-10-09 23:00:31.358736|PBFT-1-0x00007f4e4e694700|[g:1][CONSENSUS][PBFT]checkTimeout Succ,view=3,toView=4,nodeIdx=2,changeCycle=1,myNode=73994dae...,timecost=1
info|2025-10-09 23:00:31.374267|P2P-0x00007f4e696ca700|[g:1] [SYNC][id:73994dae...][Download][Request]Receive block request,peer=374bdfe9...,from=184,to=184
info|2025-10-09 23:00:31.375152|SyncSend-1-0x00007f4e5aead700|[g:1][SYNC][id:73994dae...][Download][Request][BlockSync]Batch blocks for sending,blockSize=24480,number=184,peer=374bdfe9...,timeCost=1
info|2025-10-09 23:00:31.375298|SyncSend-1-0x00007f4e5aead700|[g:1][g:1] [SYNC][id:374bdfe9...][Download][Request][BlockSync]Send block packet,peer=374bdfe9...,blocks=1,bytes(V)=24487
info|2025-10-09 23:00:31.385837|PBFT-1-0x00007f4e4e694700|[g:1][CONSENSUS][PBFT]checkAndChangeView: Reach consensus,org_view=3,cur_changeCycle=1,curView=3,view=4
info|2025-10-09 23:00:32.392123|PBFT-1-0x00007f4e4e694700|[g:1][CONSENSUS]addRawPrepare,height=244,reqIdx=3,hash=1d59fb21...,time=0
info|2025-10-09 23:00:32.393758|PBFT-1-0x00007f4e4e694700|[g:1][CONSENSUS][PBFT]checkTimeout Succ,view=4,toView=5,nodeIdx=2,changeCycle=1,myNode=73994dae...,timecost=1
info|2025-10-09 23:00:32.398487|PBFT-1-0x00007f4e4e694700|[g:1][CONSENSUS][PBFT]checkAndChangeView: Reach consensus,org_view=4,cur_changeCycle=1,curView=4,view=5
info|2025-10-09 23:00:33.052035|PBFTWork-1-0x00007f4e54ea1700|[g:1][CONSENSUS][PartiallyPBFTReqCache]addPartiallyRawPrepare,height=244,reqIdx=0,hash=47138c2b...
info|2025-10-09 23:00:33.052267|PBFTWork-1-0x00007f4e54ea1700|[g:1][BLOCKVERIFIER][executeBlock]Executing block,txNum=1,num=244,parentHash=9a7dca212691a2a4f99e5e7b8697452278800a7c145eb83e0374ab1be4278972,parentNum=243,parentStateRoot=27f7800ce42f495c4423e6a8fa6e63de5153ce33db92abfc58300a655992b617
info|2025-10-09 23:00:33.052528|PBFTWork-1-0x00007f4e54ea1700|[g:1][PRECOMPILED]init GasChargeManagePrecompiled
info|2025-10-09 23:00:33.054469|PBFTWork-1-0x00007f4e47e87700|[PRECOMPILED][TimerPrecompiled]getCurrentTimeMillis,timeMillis=1760076033054
info|2025-10-09 23:00:33.056313|PBFTWork-1-0x00007f4e47e87700|[PRECOMPILED][TimerPrecompiled]getCurrentTimeMillis,timeMillis=1760076033056
info|2025-10-09 23:00:33.056535|PBFTWork-1-0x00007f4e54ea1700|[g:1][CONSENSUS][PBFT]execBlock,blkNum=244,reqIdx=0,hash=a1689f74...,nodeIdx=2,myNode=73994dae...,decodeCost=0,checkCost=0,notifyCost=0,noteSealingCost=0,currentCycle=1,verifyAndSetSenderCost=0,execCost=4,execPerTx=4,totalCost=4
info|2025-10-09 23:00:33.060602|PBFTWork-1-0x00007f4e54ea1700|[g:1][CONSENSUS][PBFT]handlePrepareMsg Succ,timecost=4,INFO=handlePartiallyPrepare,reqIdx=0,view=5,reqNum=244,curNum=243,consNum=244,hash=47138c2b...,nodeIdx=2,myNode=73994dae...,curChangeCycle=1
info|2025-10-09 23:00:33.069736|PBFT-1-0x00007f4e4e694700|[g:1][CONSENSUS][PBFT]checkReq: Recv future request,prepHash=a1689f74...,INFO=handleSignMsg,num=244,curNum=243,GenIdx=0,Sview=5,view=5,fromIdx=0,fromNode=064cb676...,fromIp=127.0.0.1:41756,hash=4f5623cd...,nodeIdx=2,myNode=73994dae...
info|2025-10-09 23:00:33.069787|PBFT-1-0x00007f4e4e694700|[g:1][CONSENSUS][PBFT]FutureBlock,INFO=handleSignMsg,num=244,curNum=243,GenIdx=0,Sview=5,view=5,fromIdx=0,fromNode=064cb676...,fromIp=127.0.0.1:41756,hash=4f5623cd...,nodeIdx=2,myNode=73994dae...
info|2025-10-09 23:00:33.073742|PBFT-1-0x00007f4e4e694700|[g:1][CONSENSUS][PBFT]checkReq: Recv future request,prepHash=a1689f74...,INFO=handleSignMsg,num=244,curNum=243,GenIdx=3,Sview=5,view=5,fromIdx=3,fromNode=87d00b98...,fromIp=127.0.0.1:30302,hash=0939927b...,nodeIdx=2,myNode=73994dae...
info|2025-10-09 23:00:33.073764|PBFT-1-0x00007f4e4e694700|[g:1][CONSENSUS][PBFT]FutureBlock,INFO=handleSignMsg,num=244,curNum=243,GenIdx=3,Sview=5,view=5,fromIdx=3,fromNode=87d00b98...,fromIp=127.0.0.1:30302,hash=0939927b...,nodeIdx=2,myNode=73994dae...
info|2025-10-09 23:00:33.165277|io_service-0x00007f4e686c8700|[P2P][Service] heartBeat,connected count=3
info|2025-10-09 23:00:37.560120|PBFT-1-0x00007f4e4e694700|[g:1][CONSENSUS][SEALER]decrease maxBlockCanSeal to half for PBFT timeout,org_maxBlockCanSeal=1000,halfed_maxBlockCanSeal=500,timeoutCount=1,lastTimeoutTx=1
warning|2025-10-09 23:00:37.561257|PBFT-1-0x00007f4e4e694700|[g:1][CONSENSUS][PBFT]ViewChangeWarning: not caused by omit empty block ,v=5,toV=6,curNum=243,hash=9a7dca21...,nodeIdx=2,myNode=73994dae...
info|2025-10-09 23:00:37.561430|PBFT-1-0x00007f4e4e694700|[g:1][CONSENSUS][PBFT]checkTimeout Succ,view=5,toView=6,nodeIdx=2,changeCycle=2,myNode=73994dae...,timecost=1
info|2025-10-09 23:00:37.585070|PBFT-1-0x00007f4e4e694700|[g:1][CONSENSUS][PBFT]checkAndChangeView: Reach consensus,org_view=5,cur_changeCycle=2,curView=5,view=6
info|2025-10-09 23:00:37.781316|P2P-0x00007f4e696ca700|[g:1] [SYNC][id:73994dae...][Download][Request]Receive block request,peer=374bdfe9...,from=184,to=184
info|2025-10-09 23:00:37.781968|SyncSend-1-0x00007f4e5aead700|[g:1][SYNC][id:73994dae...][Download][Request][BlockSync]Batch blocks for sending,blockSize=24480,number=184,peer=374bdfe9...,timeCost=0
info|2025-10-09 23:00:37.782139|SyncSend-1-0x00007f4e5aead700|[g:1][g:1] [SYNC][id:374bdfe9...][Download][Request][BlockSync]Send block packet,peer=374bdfe9...,blocks=1,bytes(V)=24487
info|2025-10-09 23:00:43.166723|io_service-0x00007f4e686c8700|[P2P][Service] heartBeat,connected count=3
warning|2025-10-09 23:00:44.345096|PBFT-1-0x00007f4e4e694700|[g:1][CONSENSUS][PBFT]ViewChangeWarning: not caused by omit empty block ,v=6,toV=7,curNum=243,hash=9a7dca21...,nodeIdx=2,myNode=73994dae...
info|2025-10-09 23:00:44.345246|PBFT-1-0x00007f4e4e694700|[g:1][CONSENSUS][PBFT]checkTimeout Succ,view=6,toView=7,nodeIdx=2,changeCycle=3,myNode=73994dae...,timecost=3
info|2025-10-09 23:00:44.349795|PBFT-1-0x00007f4e4e694700|[g:1][CONSENSUS][PBFT]checkAndChangeView: Reach consensus,org_view=6,cur_changeCycle=3,curView=6,view=7
info|2025-10-09 23:00:44.850417|PBFTSeal-1-0x00007f4e46e85700|[g:1][CONSENSUS][SEALER]++++++++++++++++ Generating seal on,blkNum=244,tx=1,nodeIdx=2,hash=df27b47e...
info|2025-10-09 23:00:44.853094|sealerWorker-0x00007f4e566a4700|[CONSENSUS]addRawPrepare,height=244,reqIdx=2,hash=df27b47e...,time=0
info|2025-10-09 23:00:44.853554|sealerWorker-0x00007f4e566a4700|[BLOCKVERIFIER][executeBlock]Executing block,txNum=1,num=244,parentHash=9a7dca212691a2a4f99e5e7b8697452278800a7c145eb83e0374ab1be4278972,parentNum=243,parentStateRoot=27f7800ce42f495c4423e6a8fa6e63de5153ce33db92abfc58300a655992b617
info|2025-10-09 23:00:44.853835|sealerWorker-0x00007f4e566a4700|[PRECOMPILED]init GasChargeManagePrecompiled
info|2025-10-09 23:00:44.855043|sealerWorker-0x00007f4e566a4700|[PRECOMPILED][TimerPrecompiled]getCurrentTimeMillis,timeMillis=1760076044855
info|2025-10-09 23:00:44.856649|sealerWorker-0x00007f4e566a4700|[PRECOMPILED][TimerPrecompiled]getCurrentTimeMillis,timeMillis=1760076044856
info|2025-10-09 23:00:44.856899|sealerWorker-0x00007f4e566a4700|[CONSENSUS][PBFT]execBlock,blkNum=244,reqIdx=2,hash=ed500bdc...,nodeIdx=2,myNode=73994dae...,decodeCost=0,checkCost=0,notifyCost=0,noteSealingCost=0,currentCycle=3,verifyAndSetSenderCost=0,execCost=3,execPerTx=3,totalCost=3
info|2025-10-09 23:00:44.860313|sealerWorker-0x00007f4e566a4700|[CONSENSUS][PBFT]handlePrepareMsg Succ,timecost=4,INFO=handlePrepareMsg,reqIdx=2,view=7,reqNum=244,curNum=243,consNum=244,curView=7,fromIp=self,hash=df27b47e...,nodeIdx=2,myNode=73994dae...,curChangeCycle=3
info|2025-10-09 23:00:44.860369|sealerWorker-0x00007f4e566a4700|[CONSENSUS][PBFT]generateLocalPrepare,hash=df27b47e...,H=244,nodeIdx=2,myNode=73994dae...
info|2025-10-09 23:00:44.866921|PBFT-1-0x00007f4e4e694700|[g:1][CONSENSUS][PBFT]checkReq: Recv future request,prepHash=ed500bdc...,INFO=handleSignMsg,num=244,curNum=243,GenIdx=3,Sview=7,view=7,fromIdx=3,fromNode=87d00b98...,fromIp=127.0.0.1:30302,hash=803b463d...,nodeIdx=2,myNode=73994dae...
info|2025-10-09 23:00:44.866957|PBFT-1-0x00007f4e4e694700|[g:1][CONSENSUS][PBFT]FutureBlock,INFO=handleSignMsg,num=244,curNum=243,GenIdx=3,Sview=7,view=7,fromIdx=3,fromNode=87d00b98...,fromIp=127.0.0.1:30302,hash=803b463d...,nodeIdx=2,myNode=73994dae...
info|2025-10-09 23:00:44.871175|PBFT-1-0x00007f4e4e694700|[g:1][CONSENSUS][PBFT]checkReq: Recv future request,prepHash=ed500bdc...,INFO=handleSignMsg,num=244,curNum=243,GenIdx=0,Sview=7,view=7,fromIdx=0,fromNode=064cb676...,fromIp=127.0.0.1:41756,hash=cecd4c22...,nodeIdx=2,myNode=73994dae...
info|2025-10-09 23:00:44.871218|PBFT-1-0x00007f4e4e694700|[g:1][CONSENSUS][PBFT]FutureBlock,INFO=handleSignMsg,num=244,curNum=243,GenIdx=0,Sview=7,view=7,fromIdx=0,fromNode=064cb676...,fromIp=127.0.0.1:41756,hash=cecd4c22...,nodeIdx=2,myNode=73994dae...
info|2025-10-09 23:00:50.790117|P2P-0x00007f4e68ec9700|[g:1] [SYNC][id:73994dae...][Download][Request]Receive block request,peer=374bdfe9...,from=184,to=184
info|2025-10-09 23:00:50.790474|SyncSend-1-0x00007f4e5aead700|[g:1][SYNC][id:73994dae...][Download][Request][BlockSync]Batch blocks for sending,blockSize=24480,number=184,peer=374bdfe9...,timeCost=0
info|2025-10-09 23:00:50.790563|SyncSend-1-0x00007f4e5aead700|[g:1][g:1] [SYNC][id:374bdfe9...][Download][Request][BlockSync]Send block packet,peer=374bdfe9...,blocks=1,bytes(V)=24487
info|2025-10-09 23:00:53.167569|io_service-0x00007f4e686c8700|[P2P][Service] heartBeat,connected count=3
info|2025-10-09 23:00:54.989868|PBFT-1-0x00007f4e4e694700|[g:1][CONSENSUS][SEALER]decrease maxBlockCanSeal to half for PBFT timeout,org_maxBlockCanSeal=500,halfed_maxBlockCanSeal=250,timeoutCount=2,lastTimeoutTx=1
warning|2025-10-09 23:00:54.991309|PBFT-1-0x00007f4e4e694700|[g:1][CONSENSUS][PBFT]ViewChangeWarning: not caused by omit empty block ,v=7,toV=8,curNum=243,hash=9a7dca21...,nodeIdx=2,myNode=73994dae...
info|2025-10-09 23:00:54.991495|PBFT-1-0x00007f4e4e694700|[g:1][CONSENSUS][PBFT]checkTimeout Succ,view=7,toView=8,nodeIdx=2,changeCycle=4,myNode=73994dae...,timecost=2
info|2025-10-09 23:00:55.000120|PBFT-1-0x00007f4e4e694700|[g:1][CONSENSUS][PBFT]checkAndChangeView: Reach consensus,org_view=7,cur_changeCycle=4,curView=7,view=8
info|2025-10-09 23:00:55.505139|PBFTWork-1-0x00007f4e54ea1700|[g:1][CONSENSUS][PartiallyPBFTReqCache]addPartiallyRawPrepare,height=244,reqIdx=3,hash=bcef4e2c...
info|2025-10-09 23:00:55.505429|PBFTWork-1-0x00007f4e54ea1700|[g:1][BLOCKVERIFIER][executeBlock]Executing block,txNum=1,num=244,parentHash=9a7dca212691a2a4f99e5e7b8697452278800a7c145eb83e0374ab1be4278972,parentNum=243,parentStateRoot=27f7800ce42f495c4423e6a8fa6e63de5153ce33db92abfc58300a655992b617
info|2025-10-09 23:00:55.512078|PBFTWork-1-0x00007f4e54ea1700|[g:1][PRECOMPILED]init GasChargeManagePrecompiled
info|2025-10-09 23:00:55.514236|PBFTWork-1-0x00007f4e54ea1700|[g:1][PRECOMPILED][TimerPrecompiled]getCurrentTimeMillis,timeMillis=1760076055514
info|2025-10-09 23:00:55.515965|PBFTWork-1-0x00007f4e54ea1700|[g:1][PRECOMPILED][TimerPrecompiled]getCurrentTimeMillis,timeMillis=1760076055515
info|2025-10-09 23:00:55.517600|PBFTWork-1-0x00007f4e54ea1700|[g:1][CONSENSUS][PBFT]execBlock,blkNum=244,reqIdx=3,hash=8b269ef2...,nodeIdx=2,myNode=73994dae...,decodeCost=0,checkCost=0,notifyCost=0,noteSealingCost=0,currentCycle=4,verifyAndSetSenderCost=0,execCost=12,execPerTx=12,totalCost=12
info|2025-10-09 23:00:55.524414|PBFTWork-1-0x00007f4e54ea1700|[g:1][CONSENSUS][PBFT]handlePrepareMsg Succ,timecost=7,INFO=handlePartiallyPrepare,reqIdx=3,view=8,reqNum=244,curNum=243,consNum=244,hash=bcef4e2c...,nodeIdx=2,myNode=73994dae...,curChangeCycle=4
info|2025-10-09 23:00:55.525638|PBFT-1-0x00007f4e4e694700|[g:1][CONSENSUS][PBFT]checkReq: Recv future request,prepHash=8b269ef2...,INFO=handleSignMsg,num=244,curNum=243,GenIdx=3,Sview=8,view=8,fromIdx=3,fromNode=87d00b98...,fromIp=127.0.0.1:30302,hash=31cbc62a...,nodeIdx=2,myNode=73994dae...
info|2025-10-09 23:00:55.525656|PBFT-1-0x00007f4e4e694700|[g:1][CONSENSUS][PBFT]FutureBlock,INFO=handleSignMsg,num=244,curNum=243,GenIdx=3,Sview=8,view=8,fromIdx=3,fromNode=87d00b98...,fromIp=127.0.0.1:30302,hash=31cbc62a...,nodeIdx=2,myNode=73994dae...
info|2025-10-09 23:00:55.527861|PBFT-1-0x00007f4e4e694700|[g:1][CONSENSUS][PBFT]checkReq: Recv future request,prepHash=8b269ef2...,INFO=handleSignMsg,num=244,curNum=243,GenIdx=0,Sview=8,view=8,fromIdx=0,fromNode=064cb676...,fromIp=127.0.0.1:41756,hash=4bcdecbd...,nodeIdx=2,myNode=73994dae...
info|2025-10-09 23:00:55.527886|PBFT-1-0x00007f4e4e694700|[g:1][CONSENSUS][PBFT]FutureBlock,INFO=handleSignMsg,num=244,curNum=243,GenIdx=0,Sview=8,view=8,fromIdx=0,fromNode=064cb676...,fromIp=127.0.0.1:41756,hash=4bcdecbd...,nodeIdx=2,myNode=73994dae...
info|2025-10-09 23:01:03.168686|io_service-0x00007f4e686c8700|[P2P][Service] heartBeat,connected count=3
info|2025-10-09 23:01:10.009798|P2P-0x00007f4e69ecb700|[g:1] [SYNC][id:73994dae...][Download][Request]Receive block request,peer=374bdfe9...,from=184,to=184
info|2025-10-09 23:01:10.010123|SyncSend-1-0x00007f4e5aead700|[g:1][SYNC][id:73994dae...][Download][Request][BlockSync]Batch blocks for sending,blockSize=24480,number=184,peer=374bdfe9...,timeCost=0
info|2025-10-09 23:01:10.010197|SyncSend-1-0x00007f4e5aead700|[g:1][g:1] [SYNC][id:374bdfe9...][Download][Request][BlockSync]Send block packet,peer=374bdfe9...,blocks=1,bytes(V)=24487
info|2025-10-09 23:01:10.708060|PBFT-1-0x00007f4e4e694700|[g:1][CONSENSUS][SEALER]decrease maxBlockCanSeal to half for PBFT timeout,org_maxBlockCanSeal=250,halfed_maxBlockCanSeal=125,timeoutCount=3,lastTimeoutTx=1
warning|2025-10-09 23:01:10.709219|PBFT-1-0x00007f4e4e694700|[g:1][CONSENSUS][PBFT]ViewChangeWarning: not caused by omit empty block ,v=8,toV=9,curNum=243,hash=9a7dca21...,nodeIdx=2,myNode=73994dae...
info|2025-10-09 23:01:10.709316|PBFT-1-0x00007f4e4e694700|[g:1][CONSENSUS][PBFT]checkTimeout Succ,view=8,toView=9,nodeIdx=2,changeCycle=5,myNode=73994dae...,timecost=1
info|2025-10-09 23:01:10.713172|PBFT-1-0x00007f4e4e694700|[g:1][CONSENSUS][PBFT]checkAndChangeView: Reach consensus,org_view=8,cur_changeCycle=5,curView=8,view=9
info|2025-10-09 23:01:11.221791|PBFTWork-1-0x00007f4e54ea1700|[g:1][CONSENSUS][PartiallyPBFTReqCache]addPartiallyRawPrepare,height=244,reqIdx=0,hash=01f640f6...
info|2025-10-09 23:01:11.222074|PBFTWork-1-0x00007f4e54ea1700|[g:1][BLOCKVERIFIER][executeBlock]Executing block,txNum=1,num=244,parentHash=9a7dca212691a2a4f99e5e7b8697452278800a7c145eb83e0374ab1be4278972,parentNum=243,parentStateRoot=27f7800ce42f495c4423e6a8fa6e63de5153ce33db92abfc58300a655992b617
info|2025-10-09 23:01:11.222186|PBFTWork-1-0x00007f4e54ea1700|[g:1][PRECOMPILED]init GasChargeManagePrecompiled
info|2025-10-09 23:01:11.222891|PBFTWork-1-0x00007f4e54ea1700|[g:1][PRECOMPILED][TimerPrecompiled]getCurrentTimeMillis,timeMillis=1760076071222
info|2025-10-09 23:01:11.224966|PBFTWork-1-0x00007f4e54ea1700|[g:1][PRECOMPILED][TimerPrecompiled]getCurrentTimeMillis,timeMillis=1760076071224
info|2025-10-09 23:01:11.232933|PBFTWork-1-0x00007f4e54ea1700|[g:1][CONSENSUS][PBFT]execBlock,blkNum=244,reqIdx=0,hash=329d9a9b...,nodeIdx=2,myNode=73994dae...,decodeCost=0,checkCost=1,notifyCost=0,noteSealingCost=0,currentCycle=5,verifyAndSetSenderCost=0,execCost=10,execPerTx=10,totalCost=11
info|2025-10-09 23:01:11.235477|PBFTWork-1-0x00007f4e54ea1700|[g:1][CONSENSUS][PBFT]handlePrepareMsg Succ,timecost=2,INFO=handlePartiallyPrepare,reqIdx=0,view=9,reqNum=244,curNum=243,consNum=244,hash=01f640f6...,nodeIdx=2,myNode=73994dae...,curChangeCycle=5
info|2025-10-09 23:01:11.237132|PBFT-1-0x00007f4e4e694700|[g:1][CONSENSUS][PBFT]handleSignMsg Succ,Timecost=2,INFO=handleSignMsg,num=244,curNum=243,GenIdx=3,Sview=9,view=9,fromIdx=3,fromNode=87d00b98...,fromIp=127.0.0.1:30302,hash=329d9a9b...,nodeIdx=2,myNode=73994dae...
info|2025-10-09 23:01:11.237461|PBFT-1-0x00007f4e4e694700|[g:1][CONSENSUS][PBFT]checkReq: Recv future request,prepHash=329d9a9b...,INFO=handleSignMsg,num=244,curNum=243,GenIdx=0,Sview=9,view=9,fromIdx=0,fromNode=064cb676...,fromIp=127.0.0.1:41756,hash=cd919fd5...,nodeIdx=2,myNode=73994dae...
info|2025-10-09 23:01:11.237507|PBFT-1-0x00007f4e4e694700|[g:1][CONSENSUS][PBFT]FutureBlock,INFO=handleSignMsg,num=244,curNum=243,GenIdx=0,Sview=9,view=9,fromIdx=0,fromNode=064cb676...,fromIp=127.0.0.1:41756,hash=cd919fd5...,nodeIdx=2,myNode=73994dae...
info|2025-10-09 23:01:13.169435|io_service-0x00007f4e686c8700|[P2P][Service] heartBeat,connected count=3
info|2025-10-09 23:01:20.774229|ChannelReq-0x00007f4e65ec3700|[RPC][getGroupList]request
info|2025-10-09 23:01:22.816993|P2P-0x00007f4e696ca700|[g:1] [SYNC][id:73994dae...][Download][Request]Receive block request,peer=374bdfe9...,from=184,to=184
info|2025-10-09 23:01:22.817614|SyncSend-1-0x00007f4e5aead700|[g:1][SYNC][id:73994dae...][Download][Request][BlockSync]Batch blocks for sending,blockSize=24480,number=184,peer=374bdfe9...,timeCost=0
info|2025-10-09 23:01:22.817699|SyncSend-1-0x00007f4e5aead700|[g:1][g:1] [SYNC][id:374bdfe9...][Download][Request][BlockSync]Send block packet,peer=374bdfe9...,blocks=1,bytes(V)=24487
info|2025-10-09 23:01:23.170327|io_service-0x00007f4e686c8700|[P2P][Service] heartBeat,connected count=3
info|2025-10-09 23:01:33.170805|io_service-0x00007f4e686c8700|[P2P][Service] heartBeat,connected count=3
info|2025-10-09 23:01:34.016728|PBFT-1-0x00007f4e4e694700|[g:1][CONSENSUS][PBFT]Trigger fast-viewchange,view=9,toView=9,minView=10,INFO=,reqNum=243,curNum=243,GenIdx=0,Cview=10,view=9,fromIdx=0,fromNode=064cb676...,fromIp=127.0.0.1:41756,hash=9a7dca21...,nodeIdx=2,myNode=73994dae...
info|2025-10-09 23:01:34.018856|PBFT-1-0x00007f4e4e694700|[g:1][CONSENSUS][PBFT]checkAndChangeView: Reach consensus,org_view=9,cur_changeCycle=6,curView=9,view=10
info|2025-10-09 23:01:34.019335|PBFT-1-0x00007f4e4e694700|[g:1][CONSENSUS][PBFT]checkTimeout Succ,view=10,toView=10,nodeIdx=2,changeCycle=6,myNode=73994dae...,timecost=3
info|2025-10-09 23:01:42.051416|P2P-0x00007f4e69ecb700|[g:1] [SYNC][id:73994dae...][Download][Request]Receive block request,peer=374bdfe9...,from=184,to=184
info|2025-10-09 23:01:42.051810|SyncSend-1-0x00007f4e5aead700|[g:1][SYNC][id:73994dae...][Download][Request][BlockSync]Batch blocks for sending,blockSize=24480,number=184,peer=374bdfe9...,timeCost=0
info|2025-10-09 23:01:42.051884|SyncSend-1-0x00007f4e5aead700|[g:1][g:1] [SYNC][id:374bdfe9...][Download][Request][BlockSync]Send block packet,peer=374bdfe9...,blocks=1,bytes(V)=24487
info|2025-10-09 23:01:43.170979|io_service-0x00007f4e686c8700|[P2P][Service] heartBeat,connected count=3
info|2025-10-09 23:01:53.171478|io_service-0x00007f4e686c8700|[P2P][Service] heartBeat,connected count=3
info|2025-10-09 23:02:01.405902|P2P-0x00007f4e696ca700|[g:1] [SYNC][id:73994dae...][Download][Request]Receive block request,peer=374bdfe9...,from=184,to=184
info|2025-10-09 23:02:01.406297|SyncSend-1-0x00007f4e5aead700|[g:1][SYNC][id:73994dae...][Download][Request][BlockSync]Batch blocks for sending,blockSize=24480,number=184,peer=374bdfe9...,timeCost=0
info|2025-10-09 23:02:01.406370|SyncSend-1-0x00007f4e5aead700|[g:1][g:1] [SYNC][id:374bdfe9...][Download][Request][BlockSync]Send block packet,peer=374bdfe9...,blocks=1,bytes(V)=24487
info|2025-10-09 23:02:03.171626|io_service-0x00007f4e686c8700|[P2P][Service] heartBeat,connected count=3
warning|2025-10-09 23:02:08.201416|PBFT-1-0x00007f4e4e694700|[g:1][CONSENSUS][PBFT]ViewChangeWarning: not caused by omit empty block ,v=10,toV=11,curNum=243,hash=9a7dca21...,nodeIdx=2,myNode=73994dae...
info|2025-10-09 23:02:08.201982|PBFT-1-0x00007f4e4e694700|[g:1][CONSENSUS][PBFT]checkTimeout Succ,view=10,toView=11,nodeIdx=2,changeCycle=7,myNode=73994dae...,timecost=3
info|2025-10-09 23:02:08.207173|PBFT-1-0x00007f4e4e694700|[g:1][CONSENSUS][PBFT]checkAndChangeView: Reach consensus,org_view=10,cur_changeCycle=7,curView=10,view=11
info|2025-10-09 23:02:08.708262|PBFTSeal-1-0x00007f4e46e85700|[g:1][CONSENSUS][SEALER]++++++++++++++++ Generating seal on,blkNum=244,tx=1,nodeIdx=2,hash=e05c897a...
info|2025-10-09 23:02:08.715033|sealerWorker-0x00007f4e566a4700|[CONSENSUS]addRawPrepare,height=244,reqIdx=2,hash=e05c897a...,time=0
info|2025-10-09 23:02:08.715310|sealerWorker-0x00007f4e566a4700|[BLOCKVERIFIER][executeBlock]Executing block,txNum=1,num=244,parentHash=9a7dca212691a2a4f99e5e7b8697452278800a7c145eb83e0374ab1be4278972,parentNum=243,parentStateRoot=27f7800ce42f495c4423e6a8fa6e63de5153ce33db92abfc58300a655992b617
info|2025-10-09 23:02:08.715500|sealerWorker-0x00007f4e566a4700|[PRECOMPILED]init GasChargeManagePrecompiled
info|2025-10-09 23:02:08.716704|PBFTWork-1-0x00007f4e47e87700|[PRECOMPILED][TimerPrecompiled]getCurrentTimeMillis,timeMillis=1760076128716
info|2025-10-09 23:02:08.718714|PBFTWork-1-0x00007f4e47e87700|[PRECOMPILED][TimerPrecompiled]getCurrentTimeMillis,timeMillis=1760076128718
info|2025-10-09 23:02:08.719709|sealerWorker-0x00007f4e566a4700|[CONSENSUS][PBFT]execBlock,blkNum=244,reqIdx=2,hash=214d70c9...,nodeIdx=2,myNode=73994dae...,decodeCost=0,checkCost=0,notifyCost=0,noteSealingCost=0,currentCycle=7,verifyAndSetSenderCost=0,execCost=4,execPerTx=4,totalCost=4
info|2025-10-09 23:02:08.723251|sealerWorker-0x00007f4e566a4700|[CONSENSUS][PBFT]handlePrepareMsg Succ,timecost=4,INFO=handlePrepareMsg,reqIdx=2,view=11,reqNum=244,curNum=243,consNum=244,curView=11,fromIp=self,hash=e05c897a...,nodeIdx=2,myNode=73994dae...,curChangeCycle=7
info|2025-10-09 23:02:08.723282|sealerWorker-0x00007f4e566a4700|[CONSENSUS][PBFT]generateLocalPrepare,hash=e05c897a...,H=244,nodeIdx=2,myNode=73994dae...
info|2025-10-09 23:02:08.725050|PBFT-1-0x00007f4e4e694700|[g:1][CONSENSUS][PBFT]checkReq: Recv future request,prepHash=214d70c9...,INFO=handleSignMsg,num=244,curNum=243,GenIdx=0,Sview=11,view=11,fromIdx=0,fromNode=064cb676...,fromIp=127.0.0.1:41756,hash=309b56e8...,nodeIdx=2,myNode=73994dae...
info|2025-10-09 23:02:08.725170|PBFT-1-0x00007f4e4e694700|[g:1][CONSENSUS][PBFT]FutureBlock,INFO=handleSignMsg,num=244,curNum=243,GenIdx=0,Sview=11,view=11,fromIdx=0,fromNode=064cb676...,fromIp=127.0.0.1:41756,hash=309b56e8...,nodeIdx=2,myNode=73994dae...
info|2025-10-09 23:02:08.725415|PBFT-1-0x00007f4e4e694700|[g:1][CONSENSUS][PBFT]checkReq: Recv future request,prepHash=214d70c9...,INFO=handleSignMsg,num=244,curNum=243,GenIdx=3,Sview=11,view=11,fromIdx=3,fromNode=87d00b98...,fromIp=127.0.0.1:30302,hash=d36c470f...,nodeIdx=2,myNode=73994dae...
info|2025-10-09 23:02:08.725447|PBFT-1-0x00007f4e4e694700|[g:1][CONSENSUS][PBFT]FutureBlock,INFO=handleSignMsg,num=244,curNum=243,GenIdx=3,Sview=11,view=11,fromIdx=3,fromNode=87d00b98...,fromIp=127.0.0.1:30302,hash=d36c470f...,nodeIdx=2,myNode=73994dae...
info|2025-10-09 23:02:13.172599|io_service-0x00007f4e686c8700|[P2P][Service] heartBeat,connected count=3
info|2025-10-09 23:02:14.281446|P2P-0x00007f4e68ec9700|[g:1] [SYNC][id:73994dae...][Download][Request]Receive block request,peer=374bdfe9...,from=184,to=184
info|2025-10-09 23:02:14.281880|SyncSend-1-0x00007f4e5aead700|[g:1][SYNC][id:73994dae...][Download][Request][BlockSync]Batch blocks for sending,blockSize=24480,number=184,peer=374bdfe9...,timeCost=0
info|2025-10-09 23:02:14.281967|SyncSend-1-0x00007f4e5aead700|[g:1][g:1] [SYNC][id:374bdfe9...][Download][Request][BlockSync]Send block packet,peer=374bdfe9...,blocks=1,bytes(V)=24487
info|2025-10-09 23:02:20.683993|P2P-0x00007f4e68ec9700|[g:1] [SYNC][id:73994dae...][Download][Request]Receive block request,peer=374bdfe9...,from=184,to=184
info|2025-10-09 23:02:20.684617|SyncSend-1-0x00007f4e5aead700|[g:1][SYNC][id:73994dae...][Download][Request][BlockSync]Batch blocks for sending,blockSize=24480,number=184,peer=374bdfe9...,timeCost=0
info|2025-10-09 23:02:20.684692|SyncSend-1-0x00007f4e5aead700|[g:1][g:1] [SYNC][id:374bdfe9...][Download][Request][BlockSync]Send block packet,peer=374bdfe9...,blocks=1,bytes(V)=24487
info|2025-10-09 23:02:20.774235|ChannelReq-0x00007f4e666c4700|[RPC][getGroupList]request
info|2025-10-09 23:02:23.173148|io_service-0x00007f4e686c8700|[P2P][Service] heartBeat,connected count=3
info|2025-10-09 23:02:27.091457|P2P-0x00007f4e6a6cc700|[g:1] [SYNC][id:73994dae...][Download][Request]Receive block request,peer=374bdfe9...,from=184,to=184
info|2025-10-09 23:02:27.092332|SyncSend-1-0x00007f4e5aead700|[g:1][SYNC][id:73994dae...][Download][Request][BlockSync]Batch blocks for sending,blockSize=24480,number=184,peer=374bdfe9...,timeCost=1
info|2025-10-09 23:02:27.092470|SyncSend-1-0x00007f4e5aead700|[g:1][g:1] [SYNC][id:374bdfe9...][Download][Request][BlockSync]Send block packet,peer=374bdfe9...,blocks=1,bytes(V)=24487
info|2025-10-09 23:02:33.173383|io_service-0x00007f4e686c8700|[P2P][Service] heartBeat,connected count=3
info|2025-10-09 23:02:33.495696|P2P-0x00007f4e69ecb700|[g:1] [SYNC][id:73994dae...][Download][Request]Receive block request,peer=374bdfe9...,from=184,to=184
info|2025-10-09 23:02:33.496152|SyncSend-1-0x00007f4e5aead700|[g:1][SYNC][id:73994dae...][Download][Request][BlockSync]Batch blocks for sending,blockSize=24480,number=184,peer=374bdfe9...,timeCost=0
info|2025-10-09 23:02:33.496223|SyncSend-1-0x00007f4e5aead700|[g:1][g:1] [SYNC][id:374bdfe9...][Download][Request][BlockSync]Send block packet,peer=374bdfe9...,blocks=1,bytes(V)=24487
info|2025-10-09 23:02:40.045355|P2P-0x00007f4e696ca700|[g:1] [SYNC][id:73994dae...][Download][Request]Receive block request,peer=374bdfe9...,from=184,to=184
info|2025-10-09 23:02:40.045707|SyncSend-1-0x00007f4e5aead700|[g:1][SYNC][id:73994dae...][Download][Request][BlockSync]Batch blocks for sending,blockSize=24480,number=184,peer=374bdfe9...,timeCost=0
info|2025-10-09 23:02:40.045779|SyncSend-1-0x00007f4e5aead700|[g:1][g:1] [SYNC][id:374bdfe9...][Download][Request][BlockSync]Send block packet,peer=374bdfe9...,blocks=1,bytes(V)=24487
info|2025-10-09 23:02:43.173792|io_service-0x00007f4e686c8700|[P2P][Service] heartBeat,connected count=3
info|2025-10-09 23:02:46.615609|fisco-bcos-0x00007f4e6b441dc0|[LEDGER]stop sealer,groupID=1
info|2025-10-09 23:02:46.615649|fisco-bcos-0x00007f4e6b441dc0|[CONSENSUS][SEALER]Stop sealer module...
info|2025-10-09 23:02:46.621625|fisco-bcos-0x00007f4e6b441dc0|[CONSENSUS][ConsensusEngine][Stop ConsensusEngineBase]
info|2025-10-09 23:02:46.627132|fisco-bcos-0x00007f4e6b441dc0|[CONSENSUS][ConsensusEngine]ConsensusEngineBase stopped
info|2025-10-09 23:02:46.627200|fisco-bcos-0x00007f4e6b441dc0|[LEDGER]sealer stopped. stop sync,groupID=1
info|2025-10-09 23:02:46.628525|fisco-bcos-0x00007f4e6b441dc0|[g:1] [SYNC][id:73994dae...]SyncMsgEngine stopped
info|2025-10-09 23:02:46.800500|fisco-bcos-0x00007f4e6b441dc0|[GossipBlockStatus]stop GossipBlockStatus succ
info|2025-10-09 23:02:47.469116|fisco-bcos-0x00007f4e6b441dc0|[SYNC][id:73994dae...][g:1]SyncMaster stopped
info|2025-10-09 23:02:47.469178|fisco-bcos-0x00007f4e6b441dc0|[LEDGER]sync stopped. stop event filter manager,groupID=1
info|2025-10-09 23:02:47.525048|fisco-bcos-0x00007f4e6b441dc0|[EVENT][EventLogFilterManager]stop
info|2025-10-09 23:02:47.525109|fisco-bcos-0x00007f4e6b441dc0|[LEDGER]event filter manager stopped. stop tx pool,groupID=1
info|2025-10-09 23:02:47.525447|fisco-bcos-0x00007f4e6b441dc0|[LEDGER]removeNetworkStatHandlerByGroupID and removeGroupBandwidthLimiter for service,groupID=1
info|2025-10-09 23:02:47.525485|fisco-bcos-0x00007f4e6b441dc0|[CHANNEL]removeSDKAllowListByGroupId,groupId=1
info|2025-10-09 23:02:47.525494|fisco-bcos-0x00007f4e6b441dc0|[INITIALIZER]ledgerInitializer stopped
warning|2025-10-09 23:02:47.525540|ChannelServer-0x00007f4e5f6b6700|[CHANNEL]Accept failed,message=Operation canceled
info|2025-10-09 23:02:48.526457|fisco-bcos-0x00007f4e6b441dc0|[INITIALIZER]ChannelRPCHttpServer deleted.
info|2025-10-09 23:02:48.527074|fisco-bcos-0x00007f4e6b441dc0|[INITIALIZER]JsonrpcHttpServer deleted.
info|2025-10-09 23:02:48.527123|fisco-bcos-0x00007f4e6b441dc0|[INITIALIZER]RPCInitializer stopped
info|2025-10-09 23:02:48.527182|io_service-0x00007f4e686c8700|[NETWORK][Host]Host exit
info|2025-10-09 23:02:48.528521|fisco-bcos-0x00007f4e6b441dc0|[INITIALIZER]P2PInitializer stopped
info|2025-10-09 23:02:48.528553|fisco-bcos-0x00007f4e6b441dc0|[LEDGER]stop sealer,groupID=1
info|2025-10-09 23:02:48.528563|fisco-bcos-0x00007f4e6b441dc0|[LEDGER]sealer stopped. stop sync,groupID=1
info|2025-10-09 23:02:48.528576|fisco-bcos-0x00007f4e6b441dc0|[g:1] [SYNC][id:73994dae...]SyncMsgEngine stopped
info|2025-10-09 23:02:48.528591|fisco-bcos-0x00007f4e6b441dc0|[GossipBlockStatus]GossipBlockStatus already stopped
info|2025-10-09 23:02:48.528598|fisco-bcos-0x00007f4e6b441dc0|[SYNC][id:73994dae...][g:1]SyncMaster stopped
info|2025-10-09 23:02:48.528604|fisco-bcos-0x00007f4e6b441dc0|[LEDGER]sync stopped. stop event filter manager,groupID=1
info|2025-10-09 23:02:48.528610|fisco-bcos-0x00007f4e6b441dc0|[LEDGER]event filter manager stopped. stop tx pool,groupID=1
info|2025-10-09 23:02:48.528620|fisco-bcos-0x00007f4e6b441dc0|[LEDGER]removeNetworkStatHandlerByGroupID and removeGroupBandwidthLimiter for service,groupID=1
info|2025-10-09 23:02:48.528635|fisco-bcos-0x00007f4e6b441dc0|[g:1][STORAGE][CachedStorage]Stopping flushStorage thread
info|2025-10-09 23:02:49.324475|fisco-bcos-0x00007f4e6b441dc0|[g:1][STORAGE][CachedStorage]flushStorage thread stopped.
info|2025-10-09 23:02:49.324510|fisco-bcos-0x00007f4e6b441dc0|[DBINITIALIZER] storage stopped
info|2025-10-09 23:02:49.330222|fisco-bcos-0x00007f4e6b441dc0|[g:1] [SYNC][id:73994dae...]SyncMsgEngine stopped
info|2025-10-09 23:02:49.330257|fisco-bcos-0x00007f4e6b441dc0|[GossipBlockStatus]GossipBlockStatus already stopped
info|2025-10-09 23:02:49.330263|fisco-bcos-0x00007f4e6b441dc0|[SYNC][id:73994dae...][g:1]SyncMaster stopped
info|2025-10-09 23:02:49.330283|fisco-bcos-0x00007f4e6b441dc0|[g:1] [SYNC][id:73994dae...]SyncMsgEngine stopped
