info|2025-10-09 04:00:00.112328|Sync-1-0x00007fcbc42b8700|[g:1][SYNC][id:73994dae...]print sync info,peersCount=3,infoJson={"blockNumber":192,"genesisHash":"f0d3e67991e2c3d83533c031601c30c4741aba35d7d8017900779abe4ae22efe","isSyncing":false,"knownHighestNumber":192,"knownLatestHash":"466e07fc4a2b101ac923bc60198c8b90117775911a74d6ed2adaeb27c41eaeda","latestHash":"466e07fc4a2b101ac923bc60198c8b90117775911a74d6ed2adaeb27c41eaeda","nodeId":"73994dae9e8b8da733108a4153dfe79151d701dff425f84c87b5324e8ebd02ab6a0ebc9e4f1e0298a7ddca50f94a8f95c62b6997226d571e470e8f2b0600634a","peers":[{"blockNumber":192,"genesisHash":"f0d3e67991e2c3d83533c031601c30c4741aba35d7d8017900779abe4ae22efe","latestHash":"466e07fc4a2b101ac923bc60198c8b90117775911a74d6ed2adaeb27c41eaeda","nodeId":"064cb676a36047a4b52ecbf9c01664b1e987d91b438110ba6a12d96972726622e824d295b1de8b0298b5afe7bbbc0bd04a3890e1a36eae028c1cfbe07971b995"},{"blockNumber":175,"genesisHash":"f0d3e67991e2c3d83533c031601c30c4741aba35d7d8017900779abe4ae22efe","latestHash":"ef824bacbd317ca2e11cfbcd642f933301da3b3e1d15ef13baed3ab93c0edd7c","nodeId":"374bdfe969e1d8ea1200ade93e5d8cf1a7d5741f238011004b0f43ca818706f194b2f067e1708125f7ffc536610b9a72addbd56b238d65f18912be39037ffcc5"},{"blockNumber":192,"genesisHash":"f0d3e67991e2c3d83533c031601c30c4741aba35d7d8017900779abe4ae22efe","latestHash":"466e07fc4a2b101ac923bc60198c8b90117775911a74d6ed2adaeb27c41eaeda","nodeId":"87d00b98321fc70a5abc85ad9e80db10cce315194133697bf74aace1d3f8430957a766240f751752708f4282f46110d6ea56c3eb5d1c02ce98a66f327f595270"}],"protocolId":65545,"txPoolSize":"0"}
info|2025-10-09 04:00:00.512897|PBFT-1-0x00007fcbc2ab5700|[g:1][CONSENSUS]addRawPrepare,height=193,reqIdx=0,hash=fce96781...,time=0
info|2025-10-09 04:00:00.514161|PBFT-1-0x00007fcbc2ab5700|[g:1][CONSENSUS][PBFT]checkTimeout Succ,view=192,toView=193,nodeIdx=2,changeCycle=1,myNode=73994dae...,timecost=2
info|2025-10-09 04:00:00.520293|PBFT-1-0x00007fcbc2ab5700|[g:1][CONSENSUS][PBFT]checkAndChangeView: Reach consensus,org_view=192,cur_changeCycle=1,curView=192,view=193
warning|2025-10-09 04:00:05.023038|PBFT-1-0x00007fcbc2ab5700|[g:1][CONSENSUS][PBFT]ViewChangeWarning: not caused by omit empty block ,v=193,toV=194,curNum=192,hash=466e07fc...,nodeIdx=2,myNode=73994dae...
info|2025-10-09 04:00:05.024562|PBFT-1-0x00007fcbc2ab5700|[g:1][CONSENSUS][PBFT]checkTimeout Succ,view=193,toView=194,nodeIdx=2,changeCycle=2,myNode=73994dae...,timecost=3
info|2025-10-09 04:00:05.028315|PBFT-1-0x00007fcbc2ab5700|[g:1][CONSENSUS][PBFT]checkAndChangeView: Reach consensus,org_view=193,cur_changeCycle=2,curView=193,view=194
info|2025-10-09 04:00:05.621976|io_service-0x00007fcbdcae9700|[P2P][Service] heartBeat,connected count=3
info|2025-10-09 04:00:06.029663|PBFTSeal-1-0x00007fcbbb2a6700|[g:1][CONSENSUS][SEALER]++++++++++++++++ Generating seal on,blkNum=193,tx=0,nodeIdx=2,hash=bbcdb68c...
info|2025-10-09 04:00:06.036484|PBFT-1-0x00007fcbc2ab5700|[g:1][CONSENSUS][PBFT]checkTimeout Succ,view=194,toView=195,nodeIdx=2,changeCycle=1,myNode=73994dae...,timecost=2
info|2025-10-09 04:00:06.039887|PBFT-1-0x00007fcbc2ab5700|[g:1][CONSENSUS][PBFT]checkAndChangeView: Reach consensus,org_view=194,cur_changeCycle=1,curView=194,view=195
info|2025-10-09 04:00:07.044939|PBFT-1-0x00007fcbc2ab5700|[g:1][CONSENSUS]addRawPrepare,height=193,reqIdx=3,hash=5d8eb03f...,time=0
info|2025-10-09 04:00:07.046352|PBFT-1-0x00007fcbc2ab5700|[g:1][CONSENSUS][PBFT]checkTimeout Succ,view=195,toView=196,nodeIdx=2,changeCycle=1,myNode=73994dae...,timecost=1
info|2025-10-09 04:00:07.055113|PBFT-1-0x00007fcbc2ab5700|[g:1][CONSENSUS][PBFT]checkAndChangeView: Reach consensus,org_view=195,cur_changeCycle=1,curView=195,view=196
info|2025-10-09 04:00:08.062341|PBFT-1-0x00007fcbc2ab5700|[g:1][CONSENSUS]addRawPrepare,height=193,reqIdx=0,hash=a3ee886a...,time=0
info|2025-10-09 04:00:08.064936|PBFT-1-0x00007fcbc2ab5700|[g:1][CONSENSUS][PBFT]checkTimeout Succ,view=196,toView=197,nodeIdx=2,changeCycle=1,myNode=73994dae...,timecost=2
info|2025-10-09 04:00:08.067681|PBFT-1-0x00007fcbc2ab5700|[g:1][CONSENSUS][PBFT]checkAndChangeView: Reach consensus,org_view=196,cur_changeCycle=1,curView=196,view=197
warning|2025-10-09 04:00:12.573846|PBFT-1-0x00007fcbc2ab5700|[g:1][CONSENSUS][PBFT]ViewChangeWarning: not caused by omit empty block ,v=197,toV=198,curNum=192,hash=466e07fc...,nodeIdx=2,myNode=73994dae...
info|2025-10-09 04:00:12.574004|PBFT-1-0x00007fcbc2ab5700|[g:1][CONSENSUS][PBFT]checkTimeout Succ,view=197,toView=198,nodeIdx=2,changeCycle=2,myNode=73994dae...,timecost=3
info|2025-10-09 04:00:12.579246|PBFT-1-0x00007fcbc2ab5700|[g:1][CONSENSUS][PBFT]checkAndChangeView: Reach consensus,org_view=197,cur_changeCycle=2,curView=197,view=198
info|2025-10-09 04:00:13.579607|PBFTSeal-1-0x00007fcbbb2a6700|[g:1][CONSENSUS][SEALER]++++++++++++++++ Generating seal on,blkNum=193,tx=0,nodeIdx=2,hash=5d708539...
info|2025-10-09 04:00:13.586141|PBFT-1-0x00007fcbc2ab5700|[g:1][CONSENSUS][PBFT]checkTimeout Succ,view=198,toView=199,nodeIdx=2,changeCycle=1,myNode=73994dae...,timecost=2
info|2025-10-09 04:00:13.589713|PBFT-1-0x00007fcbc2ab5700|[g:1][CONSENSUS][PBFT]checkAndChangeView: Reach consensus,org_view=198,cur_changeCycle=1,curView=198,view=199
info|2025-10-09 04:00:14.601583|PBFT-1-0x00007fcbc2ab5700|[g:1][CONSENSUS]addRawPrepare,height=193,reqIdx=3,hash=003e9b7a...,time=0
info|2025-10-09 04:00:14.604250|PBFT-1-0x00007fcbc2ab5700|[g:1][CONSENSUS][PBFT]checkTimeout Succ,view=199,toView=200,nodeIdx=2,changeCycle=1,myNode=73994dae...,timecost=3
info|2025-10-09 04:00:14.618662|PBFT-1-0x00007fcbc2ab5700|[g:1][CONSENSUS][PBFT]checkAndChangeView: Reach consensus,org_view=199,cur_changeCycle=1,curView=199,view=200
info|2025-10-09 04:00:15.622394|io_service-0x00007fcbdcae9700|[P2P][Service] heartBeat,connected count=3
info|2025-10-09 04:00:15.629965|PBFT-1-0x00007fcbc2ab5700|[g:1][CONSENSUS]addRawPrepare,height=193,reqIdx=0,hash=43a40494...,time=0
info|2025-10-09 04:00:15.643804|PBFT-1-0x00007fcbc2ab5700|[g:1][CONSENSUS][PBFT]checkTimeout Succ,view=200,toView=201,nodeIdx=2,changeCycle=1,myNode=73994dae...,timecost=4
info|2025-10-09 04:00:15.650454|PBFT-1-0x00007fcbc2ab5700|[g:1][CONSENSUS][PBFT]checkAndChangeView: Reach consensus,org_view=200,cur_changeCycle=1,curView=200,view=201
info|2025-10-09 04:00:20.025365|ChannelReq-0x00007fcbd8ae1700|[RPC][getGroupList]request
warning|2025-10-09 04:00:20.164370|PBFT-1-0x00007fcbc2ab5700|[g:1][CONSENSUS][PBFT]ViewChangeWarning: not caused by omit empty block ,v=201,toV=202,curNum=192,hash=466e07fc...,nodeIdx=2,myNode=73994dae...
info|2025-10-09 04:00:20.164639|PBFT-1-0x00007fcbc2ab5700|[g:1][CONSENSUS][PBFT]checkTimeout Succ,view=201,toView=202,nodeIdx=2,changeCycle=2,myNode=73994dae...,timecost=13
info|2025-10-09 04:00:20.167474|PBFT-1-0x00007fcbc2ab5700|[g:1][CONSENSUS][PBFT]checkAndChangeView: Reach consensus,org_view=201,cur_changeCycle=2,curView=201,view=202
info|2025-10-09 04:00:21.168490|PBFTSeal-1-0x00007fcbbb2a6700|[g:1][CONSENSUS][SEALER]++++++++++++++++ Generating seal on,blkNum=193,tx=0,nodeIdx=2,hash=84634fca...
info|2025-10-09 04:00:21.171853|PBFT-1-0x00007fcbc2ab5700|[g:1][CONSENSUS][PBFT]checkTimeout Succ,view=202,toView=203,nodeIdx=2,changeCycle=1,myNode=73994dae...,timecost=1
info|2025-10-09 04:00:21.179548|PBFT-1-0x00007fcbc2ab5700|[g:1][CONSENSUS][PBFT]checkAndChangeView: Reach consensus,org_view=202,cur_changeCycle=1,curView=202,view=203
info|2025-10-09 04:00:22.189620|PBFT-1-0x00007fcbc2ab5700|[g:1][CONSENSUS]addRawPrepare,height=193,reqIdx=3,hash=f7d835a0...,time=0
info|2025-10-09 04:00:22.194766|PBFT-1-0x00007fcbc2ab5700|[g:1][CONSENSUS][PBFT]checkTimeout Succ,view=203,toView=204,nodeIdx=2,changeCycle=1,myNode=73994dae...,timecost=5
info|2025-10-09 04:00:22.200712|PBFT-1-0x00007fcbc2ab5700|[g:1][CONSENSUS][PBFT]checkAndChangeView: Reach consensus,org_view=203,cur_changeCycle=1,curView=203,view=204
info|2025-10-09 04:00:23.208144|PBFT-1-0x00007fcbc2ab5700|[g:1][CONSENSUS]addRawPrepare,height=193,reqIdx=0,hash=56b5a88d...,time=0
info|2025-10-09 04:00:23.210393|PBFT-1-0x00007fcbc2ab5700|[g:1][CONSENSUS][PBFT]checkTimeout Succ,view=204,toView=205,nodeIdx=2,changeCycle=1,myNode=73994dae...,timecost=2
info|2025-10-09 04:00:23.215557|PBFT-1-0x00007fcbc2ab5700|[g:1][CONSENSUS][PBFT]checkAndChangeView: Reach consensus,org_view=204,cur_changeCycle=1,curView=204,view=205
info|2025-10-09 04:00:23.540238|P2P-0x00007fcbdd2ea700|[g:1] [SYNC][id:73994dae...][Download][Request]Receive block request,peer=374bdfe9...,from=176,to=176
info|2025-10-09 04:00:23.540822|SyncSend-1-0x00007fcbcf2ce700|[g:1][SYNC][id:73994dae...][Download][Request][BlockSync]Batch blocks for sending,blockSize=1981,number=176,peer=374bdfe9...,timeCost=0
info|2025-10-09 04:00:23.540903|SyncSend-1-0x00007fcbcf2ce700|[g:1][g:1] [SYNC][id:374bdfe9...][Download][Request][BlockSync]Send block packet,peer=374bdfe9...,blocks=1,bytes(V)=1988
info|2025-10-09 04:00:25.622568|io_service-0x00007fcbdcae9700|[P2P][Service] heartBeat,connected count=3
warning|2025-10-09 04:00:27.721264|PBFT-1-0x00007fcbc2ab5700|[g:1][CONSENSUS][PBFT]ViewChangeWarning: not caused by omit empty block ,v=205,toV=206,curNum=192,hash=466e07fc...,nodeIdx=2,myNode=73994dae...
info|2025-10-09 04:00:27.721904|PBFT-1-0x00007fcbc2ab5700|[g:1][CONSENSUS][PBFT]checkTimeout Succ,view=205,toView=206,nodeIdx=2,changeCycle=2,myNode=73994dae...,timecost=2
info|2025-10-09 04:00:27.736031|PBFT-1-0x00007fcbc2ab5700|[g:1][CONSENSUS][PBFT]checkAndChangeView: Reach consensus,org_view=205,cur_changeCycle=2,curView=205,view=206
info|2025-10-09 04:00:28.737375|PBFTSeal-1-0x00007fcbbb2a6700|[g:1][CONSENSUS][SEALER]++++++++++++++++ Generating seal on,blkNum=193,tx=0,nodeIdx=2,hash=91e239a6...
info|2025-10-09 04:00:28.741030|PBFT-1-0x00007fcbc2ab5700|[g:1][CONSENSUS][PBFT]checkTimeout Succ,view=206,toView=207,nodeIdx=2,changeCycle=1,myNode=73994dae...,timecost=2
info|2025-10-09 04:00:28.796653|PBFT-1-0x00007fcbc2ab5700|[g:1][CONSENSUS][PBFT]checkAndChangeView: Reach consensus,org_view=206,cur_changeCycle=1,curView=206,view=207
info|2025-10-09 04:00:29.808123|PBFT-1-0x00007fcbc2ab5700|[g:1][CONSENSUS]addRawPrepare,height=193,reqIdx=3,hash=3786054a...,time=0
info|2025-10-09 04:00:29.810918|PBFT-1-0x00007fcbc2ab5700|[g:1][CONSENSUS][PBFT]checkTimeout Succ,view=207,toView=208,nodeIdx=2,changeCycle=1,myNode=73994dae...,timecost=2
info|2025-10-09 04:00:29.821419|PBFT-1-0x00007fcbc2ab5700|[g:1][CONSENSUS][PBFT]checkAndChangeView: Reach consensus,org_view=207,cur_changeCycle=1,curView=207,view=208
info|2025-10-09 04:00:30.829191|PBFT-1-0x00007fcbc2ab5700|[g:1][CONSENSUS]addRawPrepare,height=193,reqIdx=0,hash=17d5bee2...,time=0
info|2025-10-09 04:00:30.831170|PBFT-1-0x00007fcbc2ab5700|[g:1][CONSENSUS][PBFT]checkTimeout Succ,view=208,toView=209,nodeIdx=2,changeCycle=1,myNode=73994dae...,timecost=2
info|2025-10-09 04:00:30.839524|PBFT-1-0x00007fcbc2ab5700|[g:1][CONSENSUS][PBFT]checkAndChangeView: Reach consensus,org_view=208,cur_changeCycle=1,curView=208,view=209
warning|2025-10-09 04:00:35.347799|PBFT-1-0x00007fcbc2ab5700|[g:1][CONSENSUS][PBFT]ViewChangeWarning: not caused by omit empty block ,v=209,toV=210,curNum=192,hash=466e07fc...,nodeIdx=2,myNode=73994dae...
info|2025-10-09 04:00:35.347932|PBFT-1-0x00007fcbc2ab5700|[g:1][CONSENSUS][PBFT]checkTimeout Succ,view=209,toView=210,nodeIdx=2,changeCycle=2,myNode=73994dae...,timecost=2
info|2025-10-09 04:00:35.357653|PBFT-1-0x00007fcbc2ab5700|[g:1][CONSENSUS][PBFT]checkAndChangeView: Reach consensus,org_view=209,cur_changeCycle=2,curView=209,view=210
info|2025-10-09 04:00:35.623536|io_service-0x00007fcbdcae9700|[P2P][Service] heartBeat,connected count=3
info|2025-10-09 04:00:36.358027|PBFTSeal-1-0x00007fcbbb2a6700|[g:1][CONSENSUS][SEALER]++++++++++++++++ Generating seal on,blkNum=193,tx=0,nodeIdx=2,hash=14fbfd20...
info|2025-10-09 04:00:36.362853|PBFT-1-0x00007fcbc2ab5700|[g:1][CONSENSUS][PBFT]checkTimeout Succ,view=210,toView=211,nodeIdx=2,changeCycle=1,myNode=73994dae...,timecost=2
info|2025-10-09 04:00:36.374447|PBFT-1-0x00007fcbc2ab5700|[g:1][CONSENSUS][PBFT]checkAndChangeView: Reach consensus,org_view=210,cur_changeCycle=1,curView=210,view=211
info|2025-10-09 04:00:37.388463|PBFT-1-0x00007fcbc2ab5700|[g:1][CONSENSUS]addRawPrepare,height=193,reqIdx=3,hash=3b558053...,time=0
info|2025-10-09 04:00:37.390842|PBFT-1-0x00007fcbc2ab5700|[g:1][CONSENSUS][PBFT]checkTimeout Succ,view=211,toView=212,nodeIdx=2,changeCycle=1,myNode=73994dae...,timecost=2
info|2025-10-09 04:00:37.395374|PBFT-1-0x00007fcbc2ab5700|[g:1][CONSENSUS][PBFT]checkAndChangeView: Reach consensus,org_view=211,cur_changeCycle=1,curView=211,view=212
info|2025-10-09 04:00:38.402904|PBFT-1-0x00007fcbc2ab5700|[g:1][CONSENSUS]addRawPrepare,height=193,reqIdx=0,hash=2df730d3...,time=0
info|2025-10-09 04:00:38.406183|PBFT-1-0x00007fcbc2ab5700|[g:1][CONSENSUS][PBFT]checkTimeout Succ,view=212,toView=213,nodeIdx=2,changeCycle=1,myNode=73994dae...,timecost=4
info|2025-10-09 04:00:38.410751|PBFT-1-0x00007fcbc2ab5700|[g:1][CONSENSUS][PBFT]checkAndChangeView: Reach consensus,org_view=212,cur_changeCycle=1,curView=212,view=213
warning|2025-10-09 04:00:42.914940|PBFT-1-0x00007fcbc2ab5700|[g:1][CONSENSUS][PBFT]ViewChangeWarning: not caused by omit empty block ,v=213,toV=214,curNum=192,hash=466e07fc...,nodeIdx=2,myNode=73994dae...
info|2025-10-09 04:00:42.915137|PBFT-1-0x00007fcbc2ab5700|[g:1][CONSENSUS][PBFT]checkTimeout Succ,view=213,toView=214,nodeIdx=2,changeCycle=2,myNode=73994dae...,timecost=2
info|2025-10-09 04:00:42.920031|PBFT-1-0x00007fcbc2ab5700|[g:1][CONSENSUS][PBFT]checkAndChangeView: Reach consensus,org_view=213,cur_changeCycle=2,curView=213,view=214
info|2025-10-09 04:00:43.921059|PBFTSeal-1-0x00007fcbbb2a6700|[g:1][CONSENSUS][SEALER]++++++++++++++++ Generating seal on,blkNum=193,tx=0,nodeIdx=2,hash=a74e8d6d...
info|2025-10-09 04:00:43.928930|PBFT-1-0x00007fcbc2ab5700|[g:1][CONSENSUS][PBFT]checkTimeout Succ,view=214,toView=215,nodeIdx=2,changeCycle=1,myNode=73994dae...,timecost=1
info|2025-10-09 04:00:43.933490|PBFT-1-0x00007fcbc2ab5700|[g:1][CONSENSUS][PBFT]checkAndChangeView: Reach consensus,org_view=214,cur_changeCycle=1,curView=214,view=215
info|2025-10-09 04:00:44.947079|PBFT-1-0x00007fcbc2ab5700|[g:1][CONSENSUS]addRawPrepare,height=193,reqIdx=3,hash=e3823cd3...,time=0
info|2025-10-09 04:00:44.949664|PBFT-1-0x00007fcbc2ab5700|[g:1][CONSENSUS][PBFT]checkTimeout Succ,view=215,toView=216,nodeIdx=2,changeCycle=1,myNode=73994dae...,timecost=2
info|2025-10-09 04:00:44.957873|PBFT-1-0x00007fcbc2ab5700|[g:1][CONSENSUS][PBFT]checkAndChangeView: Reach consensus,org_view=215,cur_changeCycle=1,curView=215,view=216
info|2025-10-09 04:00:45.623961|io_service-0x00007fcbdcae9700|[P2P][Service] heartBeat,connected count=3
info|2025-10-09 04:00:46.001037|PBFT-1-0x00007fcbc2ab5700|[g:1][CONSENSUS]addRawPrepare,height=193,reqIdx=0,hash=fdcbc92c...,time=0
info|2025-10-09 04:00:46.005928|PBFT-1-0x00007fcbc2ab5700|[g:1][CONSENSUS][PBFT]checkTimeout Succ,view=216,toView=217,nodeIdx=2,changeCycle=1,myNode=73994dae...,timecost=4
info|2025-10-09 04:00:46.007646|PBFT-1-0x00007fcbc2ab5700|[g:1][CONSENSUS][PBFT]checkAndChangeView: Reach consensus,org_view=216,cur_changeCycle=1,curView=216,view=217
warning|2025-10-09 04:00:50.509966|PBFT-1-0x00007fcbc2ab5700|[g:1][CONSENSUS][PBFT]ViewChangeWarning: not caused by omit empty block ,v=217,toV=218,curNum=192,hash=466e07fc...,nodeIdx=2,myNode=73994dae...
info|2025-10-09 04:00:50.510240|PBFT-1-0x00007fcbc2ab5700|[g:1][CONSENSUS][PBFT]checkTimeout Succ,view=217,toView=218,nodeIdx=2,changeCycle=2,myNode=73994dae...,timecost=2
info|2025-10-09 04:00:50.518471|PBFT-1-0x00007fcbc2ab5700|[g:1][CONSENSUS][PBFT]checkAndChangeView: Reach consensus,org_view=217,cur_changeCycle=2,curView=217,view=218
info|2025-10-09 04:00:51.519369|PBFTSeal-1-0x00007fcbbb2a6700|[g:1][CONSENSUS][SEALER]++++++++++++++++ Generating seal on,blkNum=193,tx=0,nodeIdx=2,hash=9e4b0984...
info|2025-10-09 04:00:51.526736|PBFT-1-0x00007fcbc2ab5700|[g:1][CONSENSUS][PBFT]checkTimeout Succ,view=218,toView=219,nodeIdx=2,changeCycle=1,myNode=73994dae...,timecost=1
info|2025-10-09 04:00:51.530413|PBFT-1-0x00007fcbc2ab5700|[g:1][CONSENSUS][PBFT]checkAndChangeView: Reach consensus,org_view=218,cur_changeCycle=1,curView=218,view=219
info|2025-10-09 04:00:52.537657|PBFT-1-0x00007fcbc2ab5700|[g:1][CONSENSUS]addRawPrepare,height=193,reqIdx=3,hash=fcee3d79...,time=0
info|2025-10-09 04:00:52.539511|PBFT-1-0x00007fcbc2ab5700|[g:1][CONSENSUS][PBFT]checkTimeout Succ,view=219,toView=220,nodeIdx=2,changeCycle=1,myNode=73994dae...,timecost=2
info|2025-10-09 04:00:52.544596|PBFT-1-0x00007fcbc2ab5700|[g:1][CONSENSUS][PBFT]checkAndChangeView: Reach consensus,org_view=219,cur_changeCycle=1,curView=219,view=220
info|2025-10-09 04:00:53.554078|PBFT-1-0x00007fcbc2ab5700|[g:1][CONSENSUS]addRawPrepare,height=193,reqIdx=0,hash=e8311e16...,time=0
info|2025-10-09 04:00:53.555778|PBFT-1-0x00007fcbc2ab5700|[g:1][CONSENSUS][PBFT]checkTimeout Succ,view=220,toView=221,nodeIdx=2,changeCycle=1,myNode=73994dae...,timecost=3
info|2025-10-09 04:00:53.560110|PBFT-1-0x00007fcbc2ab5700|[g:1][CONSENSUS][PBFT]checkAndChangeView: Reach consensus,org_view=220,cur_changeCycle=1,curView=220,view=221
info|2025-10-09 04:00:55.624680|io_service-0x00007fcbdcae9700|[P2P][Service] heartBeat,connected count=3
warning|2025-10-09 04:00:58.074784|PBFT-1-0x00007fcbc2ab5700|[g:1][CONSENSUS][PBFT]ViewChangeWarning: not caused by omit empty block ,v=221,toV=222,curNum=192,hash=466e07fc...,nodeIdx=2,myNode=73994dae...
info|2025-10-09 04:00:58.075070|PBFT-1-0x00007fcbc2ab5700|[g:1][CONSENSUS][PBFT]checkTimeout Succ,view=221,toView=222,nodeIdx=2,changeCycle=2,myNode=73994dae...,timecost=10
info|2025-10-09 04:00:58.081776|PBFT-1-0x00007fcbc2ab5700|[g:1][CONSENSUS][PBFT]checkAndChangeView: Reach consensus,org_view=221,cur_changeCycle=2,curView=221,view=222
info|2025-10-09 04:00:59.083067|PBFTSeal-1-0x00007fcbbb2a6700|[g:1][CONSENSUS][SEALER]++++++++++++++++ Generating seal on,blkNum=193,tx=0,nodeIdx=2,hash=87ec3370...
info|2025-10-09 04:00:59.088085|PBFT-1-0x00007fcbc2ab5700|[g:1][CONSENSUS][PBFT]checkTimeout Succ,view=222,toView=223,nodeIdx=2,changeCycle=1,myNode=73994dae...,timecost=4
info|2025-10-09 04:00:59.094044|PBFT-1-0x00007fcbc2ab5700|[g:1][CONSENSUS][PBFT]checkAndChangeView: Reach consensus,org_view=222,cur_changeCycle=1,curView=222,view=223
info|2025-10-09 04:01:00.102051|PBFT-1-0x00007fcbc2ab5700|[g:1][CONSENSUS]addRawPrepare,height=193,reqIdx=3,hash=3ac40729...,time=0
info|2025-10-09 04:01:00.103606|PBFT-1-0x00007fcbc2ab5700|[g:1][CONSENSUS][PBFT]checkTimeout Succ,view=223,toView=224,nodeIdx=2,changeCycle=1,myNode=73994dae...,timecost=1
info|2025-10-09 04:01:00.112070|PBFT-1-0x00007fcbc2ab5700|[g:1][CONSENSUS][PBFT]checkAndChangeView: Reach consensus,org_view=223,cur_changeCycle=1,curView=223,view=224
info|2025-10-09 04:01:01.114740|PBFT-1-0x00007fcbc2ab5700|[g:1][CONSENSUS]addRawPrepare,height=193,reqIdx=0,hash=5453f22b...,time=0
info|2025-10-09 04:01:01.119809|PBFT-1-0x00007fcbc2ab5700|[g:1][CONSENSUS][PBFT]checkTimeout Succ,view=224,toView=225,nodeIdx=2,changeCycle=1,myNode=73994dae...,timecost=5
info|2025-10-09 04:01:01.122313|PBFT-1-0x00007fcbc2ab5700|[g:1][CONSENSUS][PBFT]checkAndChangeView: Reach consensus,org_view=224,cur_changeCycle=1,curView=224,view=225
info|2025-10-09 04:01:05.624788|io_service-0x00007fcbdcae9700|[P2P][Service] heartBeat,connected count=3
warning|2025-10-09 04:01:05.627543|PBFT-1-0x00007fcbc2ab5700|[g:1][CONSENSUS][PBFT]ViewChangeWarning: not caused by omit empty block ,v=225,toV=226,curNum=192,hash=466e07fc...,nodeIdx=2,myNode=73994dae...
info|2025-10-09 04:01:05.629359|PBFT-1-0x00007fcbc2ab5700|[g:1][CONSENSUS][PBFT]checkTimeout Succ,view=225,toView=226,nodeIdx=2,changeCycle=2,myNode=73994dae...,timecost=4
info|2025-10-09 04:01:05.635987|PBFT-1-0x00007fcbc2ab5700|[g:1][CONSENSUS][PBFT]checkAndChangeView: Reach consensus,org_view=225,cur_changeCycle=2,curView=225,view=226
info|2025-10-09 04:01:06.636831|PBFTSeal-1-0x00007fcbbb2a6700|[g:1][CONSENSUS][SEALER]++++++++++++++++ Generating seal on,blkNum=193,tx=0,nodeIdx=2,hash=78a9a1c5...
info|2025-10-09 04:01:06.643645|PBFT-1-0x00007fcbc2ab5700|[g:1][CONSENSUS][PBFT]checkTimeout Succ,view=226,toView=227,nodeIdx=2,changeCycle=1,myNode=73994dae...,timecost=1
info|2025-10-09 04:01:06.649694|PBFT-1-0x00007fcbc2ab5700|[g:1][CONSENSUS][PBFT]checkAndChangeView: Reach consensus,org_view=226,cur_changeCycle=1,curView=226,view=227
info|2025-10-09 04:01:07.715083|PBFT-1-0x00007fcbc2ab5700|[g:1][CONSENSUS]addRawPrepare,height=193,reqIdx=3,hash=6f0e6e7b...,time=0
info|2025-10-09 04:01:07.717967|PBFT-1-0x00007fcbc2ab5700|[g:1][CONSENSUS][PBFT]checkTimeout Succ,view=227,toView=228,nodeIdx=2,changeCycle=1,myNode=73994dae...,timecost=3
info|2025-10-09 04:01:07.721697|PBFT-1-0x00007fcbc2ab5700|[g:1][CONSENSUS][PBFT]checkAndChangeView: Reach consensus,org_view=227,cur_changeCycle=1,curView=227,view=228
info|2025-10-09 04:01:08.726840|PBFT-1-0x00007fcbc2ab5700|[g:1][CONSENSUS]addRawPrepare,height=193,reqIdx=0,hash=8fbefce9...,time=0
info|2025-10-09 04:01:08.728196|PBFT-1-0x00007fcbc2ab5700|[g:1][CONSENSUS][PBFT]checkTimeout Succ,view=228,toView=229,nodeIdx=2,changeCycle=1,myNode=73994dae...,timecost=2
info|2025-10-09 04:01:08.734883|PBFT-1-0x00007fcbc2ab5700|[g:1][CONSENSUS][PBFT]checkAndChangeView: Reach consensus,org_view=228,cur_changeCycle=1,curView=228,view=229
warning|2025-10-09 04:01:13.240374|PBFT-1-0x00007fcbc2ab5700|[g:1][CONSENSUS][PBFT]ViewChangeWarning: not caused by omit empty block ,v=229,toV=230,curNum=192,hash=466e07fc...,nodeIdx=2,myNode=73994dae...
info|2025-10-09 04:01:13.240515|PBFT-1-0x00007fcbc2ab5700|[g:1][CONSENSUS][PBFT]checkTimeout Succ,view=229,toView=230,nodeIdx=2,changeCycle=2,myNode=73994dae...,timecost=2
info|2025-10-09 04:01:13.243881|PBFT-1-0x00007fcbc2ab5700|[g:1][CONSENSUS][PBFT]checkAndChangeView: Reach consensus,org_view=229,cur_changeCycle=2,curView=229,view=230
info|2025-10-09 04:01:14.244051|PBFTSeal-1-0x00007fcbbb2a6700|[g:1][CONSENSUS][SEALER]++++++++++++++++ Generating seal on,blkNum=193,tx=0,nodeIdx=2,hash=fe71c423...
info|2025-10-09 04:01:14.249890|PBFT-1-0x00007fcbc2ab5700|[g:1][CONSENSUS][PBFT]checkTimeout Succ,view=230,toView=231,nodeIdx=2,changeCycle=1,myNode=73994dae...,timecost=2
info|2025-10-09 04:01:14.261903|PBFT-1-0x00007fcbc2ab5700|[g:1][CONSENSUS][PBFT]checkAndChangeView: Reach consensus,org_view=230,cur_changeCycle=1,curView=230,view=231
info|2025-10-09 04:01:15.117490|P2P-0x00007fcbdd2ea700|[g:1] [SYNC][id:73994dae...][Download][Request]Receive block request,peer=374bdfe9...,from=176,to=176
info|2025-10-09 04:01:15.118032|SyncSend-1-0x00007fcbcf2ce700|[g:1][SYNC][id:73994dae...][Download][Request][BlockSync]Batch blocks for sending,blockSize=1981,number=176,peer=374bdfe9...,timeCost=1
info|2025-10-09 04:01:15.118153|SyncSend-1-0x00007fcbcf2ce700|[g:1][g:1] [SYNC][id:374bdfe9...][Download][Request][BlockSync]Send block packet,peer=374bdfe9...,blocks=1,bytes(V)=1988
info|2025-10-09 04:01:15.271142|PBFT-1-0x00007fcbc2ab5700|[g:1][CONSENSUS]addRawPrepare,height=193,reqIdx=3,hash=3c887737...,time=0
info|2025-10-09 04:01:15.275074|PBFT-1-0x00007fcbc2ab5700|[g:1][CONSENSUS][PBFT]checkTimeout Succ,view=231,toView=232,nodeIdx=2,changeCycle=1,myNode=73994dae...,timecost=4
info|2025-10-09 04:01:15.281117|PBFT-1-0x00007fcbc2ab5700|[g:1][CONSENSUS][PBFT]checkAndChangeView: Reach consensus,org_view=231,cur_changeCycle=1,curView=231,view=232
info|2025-10-09 04:01:15.625122|io_service-0x00007fcbdcae9700|[P2P][Service] heartBeat,connected count=3
info|2025-10-09 04:01:16.288196|PBFT-1-0x00007fcbc2ab5700|[g:1][CONSENSUS]addRawPrepare,height=193,reqIdx=0,hash=5dcc9f86...,time=0
info|2025-10-09 04:01:16.289405|PBFT-1-0x00007fcbc2ab5700|[g:1][CONSENSUS][PBFT]checkTimeout Succ,view=232,toView=233,nodeIdx=2,changeCycle=1,myNode=73994dae...,timecost=1
info|2025-10-09 04:01:16.298902|PBFT-1-0x00007fcbc2ab5700|[g:1][CONSENSUS][PBFT]checkAndChangeView: Reach consensus,org_view=232,cur_changeCycle=1,curView=232,view=233
info|2025-10-09 04:01:20.132970|ChannelReq-0x00007fcbdbae7700|[RPC][getGroupList]request
warning|2025-10-09 04:01:20.811228|PBFT-1-0x00007fcbc2ab5700|[g:1][CONSENSUS][PBFT]ViewChangeWarning: not caused by omit empty block ,v=233,toV=234,curNum=192,hash=466e07fc...,nodeIdx=2,myNode=73994dae...
info|2025-10-09 04:01:20.813629|PBFT-1-0x00007fcbc2ab5700|[g:1][CONSENSUS][PBFT]checkTimeout Succ,view=233,toView=234,nodeIdx=2,changeCycle=2,myNode=73994dae...,timecost=6
info|2025-10-09 04:01:20.819684|PBFT-1-0x00007fcbc2ab5700|[g:1][CONSENSUS][PBFT]checkAndChangeView: Reach consensus,org_view=233,cur_changeCycle=2,curView=233,view=234
info|2025-10-09 04:01:21.820494|PBFTSeal-1-0x00007fcbbb2a6700|[g:1][CONSENSUS][SEALER]++++++++++++++++ Generating seal on,blkNum=193,tx=0,nodeIdx=2,hash=8e8f05fc...
info|2025-10-09 04:01:21.826977|PBFT-1-0x00007fcbc2ab5700|[g:1][CONSENSUS][PBFT]checkTimeout Succ,view=234,toView=235,nodeIdx=2,changeCycle=1,myNode=73994dae...,timecost=5
info|2025-10-09 04:01:21.833266|PBFT-1-0x00007fcbc2ab5700|[g:1][CONSENSUS][PBFT]checkAndChangeView: Reach consensus,org_view=234,cur_changeCycle=1,curView=234,view=235
info|2025-10-09 04:01:22.848748|PBFT-1-0x00007fcbc2ab5700|[g:1][CONSENSUS]addRawPrepare,height=193,reqIdx=3,hash=4686add9...,time=0
info|2025-10-09 04:01:22.852714|PBFT-1-0x00007fcbc2ab5700|[g:1][CONSENSUS][PBFT]checkTimeout Succ,view=235,toView=236,nodeIdx=2,changeCycle=1,myNode=73994dae...,timecost=3
info|2025-10-09 04:01:22.858692|PBFT-1-0x00007fcbc2ab5700|[g:1][CONSENSUS][PBFT]checkAndChangeView: Reach consensus,org_view=235,cur_changeCycle=1,curView=235,view=236
info|2025-10-09 04:01:23.863671|PBFT-1-0x00007fcbc2ab5700|[g:1][CONSENSUS]addRawPrepare,height=193,reqIdx=0,hash=58368e38...,time=0
info|2025-10-09 04:01:23.865818|PBFT-1-0x00007fcbc2ab5700|[g:1][CONSENSUS][PBFT]checkTimeout Succ,view=236,toView=237,nodeIdx=2,changeCycle=1,myNode=73994dae...,timecost=2
info|2025-10-09 04:01:23.870041|PBFT-1-0x00007fcbc2ab5700|[g:1][CONSENSUS][PBFT]checkAndChangeView: Reach consensus,org_view=236,cur_changeCycle=1,curView=236,view=237
info|2025-10-09 04:01:25.435773|fisco-bcos-0x00007fcbdf862dc0|[LEDGER]stop sealer,groupID=1
info|2025-10-09 04:01:25.435825|fisco-bcos-0x00007fcbdf862dc0|[CONSENSUS][SEALER]Stop sealer module...
info|2025-10-09 04:01:25.446029|fisco-bcos-0x00007fcbdf862dc0|[CONSENSUS][ConsensusEngine][Stop ConsensusEngineBase]
info|2025-10-09 04:01:25.450525|fisco-bcos-0x00007fcbdf862dc0|[CONSENSUS][ConsensusEngine]ConsensusEngineBase stopped
info|2025-10-09 04:01:25.450549|fisco-bcos-0x00007fcbdf862dc0|[LEDGER]sealer stopped. stop sync,groupID=1
info|2025-10-09 04:01:25.451361|fisco-bcos-0x00007fcbdf862dc0|[g:1] [SYNC][id:73994dae...]SyncMsgEngine stopped
info|2025-10-09 04:01:25.557227|fisco-bcos-0x00007fcbdf862dc0|[GossipBlockStatus]stop GossipBlockStatus succ
info|2025-10-09 04:01:25.625784|io_service-0x00007fcbdcae9700|[P2P][Service] heartBeat,connected count=3
info|2025-10-09 04:01:25.737357|fisco-bcos-0x00007fcbdf862dc0|[SYNC][id:73994dae...][g:1]SyncMaster stopped
info|2025-10-09 04:01:25.737400|fisco-bcos-0x00007fcbdf862dc0|[LEDGER]sync stopped. stop event filter manager,groupID=1
info|2025-10-09 04:01:25.837568|fisco-bcos-0x00007fcbdf862dc0|[EVENT][EventLogFilterManager]stop
info|2025-10-09 04:01:25.837595|fisco-bcos-0x00007fcbdf862dc0|[LEDGER]event filter manager stopped. stop tx pool,groupID=1
info|2025-10-09 04:01:25.838379|fisco-bcos-0x00007fcbdf862dc0|[LEDGER]removeNetworkStatHandlerByGroupID and removeGroupBandwidthLimiter for service,groupID=1
info|2025-10-09 04:01:25.838401|fisco-bcos-0x00007fcbdf862dc0|[CHANNEL]removeSDKAllowListByGroupId,groupId=1
info|2025-10-09 04:01:25.838434|fisco-bcos-0x00007fcbdf862dc0|[INITIALIZER]ledgerInitializer stopped
warning|2025-10-09 04:01:25.838492|ChannelServer-0x00007fcbd3ad7700|[CHANNEL]Accept failed,message=Operation canceled
info|2025-10-09 04:01:26.840722|fisco-bcos-0x00007fcbdf862dc0|[INITIALIZER]ChannelRPCHttpServer deleted.
info|2025-10-09 04:01:26.843125|fisco-bcos-0x00007fcbdf862dc0|[INITIALIZER]JsonrpcHttpServer deleted.
info|2025-10-09 04:01:26.843165|fisco-bcos-0x00007fcbdf862dc0|[INITIALIZER]RPCInitializer stopped
info|2025-10-09 04:01:26.843212|io_service-0x00007fcbdcae9700|[NETWORK][Host]Host exit
info|2025-10-09 04:01:26.845405|fisco-bcos-0x00007fcbdf862dc0|[INITIALIZER]P2PInitializer stopped
info|2025-10-09 04:01:26.845434|fisco-bcos-0x00007fcbdf862dc0|[LEDGER]stop sealer,groupID=1
info|2025-10-09 04:01:26.845441|fisco-bcos-0x00007fcbdf862dc0|[LEDGER]sealer stopped. stop sync,groupID=1
info|2025-10-09 04:01:26.845449|fisco-bcos-0x00007fcbdf862dc0|[g:1] [SYNC][id:73994dae...]SyncMsgEngine stopped
info|2025-10-09 04:01:26.845463|fisco-bcos-0x00007fcbdf862dc0|[GossipBlockStatus]GossipBlockStatus already stopped
info|2025-10-09 04:01:26.845466|fisco-bcos-0x00007fcbdf862dc0|[SYNC][id:73994dae...][g:1]SyncMaster stopped
info|2025-10-09 04:01:26.845470|fisco-bcos-0x00007fcbdf862dc0|[LEDGER]sync stopped. stop event filter manager,groupID=1
info|2025-10-09 04:01:26.845474|fisco-bcos-0x00007fcbdf862dc0|[LEDGER]event filter manager stopped. stop tx pool,groupID=1
info|2025-10-09 04:01:26.845480|fisco-bcos-0x00007fcbdf862dc0|[LEDGER]removeNetworkStatHandlerByGroupID and removeGroupBandwidthLimiter for service,groupID=1
info|2025-10-09 04:01:26.845490|fisco-bcos-0x00007fcbdf862dc0|[g:1][STORAGE][CachedStorage]Stopping flushStorage thread
info|2025-10-09 04:01:27.720240|fisco-bcos-0x00007fcbdf862dc0|[g:1][STORAGE][CachedStorage]flushStorage thread stopped.
info|2025-10-09 04:01:27.720256|fisco-bcos-0x00007fcbdf862dc0|[DBINITIALIZER] storage stopped
info|2025-10-09 04:01:27.801218|fisco-bcos-0x00007fcbdf862dc0|[g:1] [SYNC][id:73994dae...]SyncMsgEngine stopped
info|2025-10-09 04:01:27.801272|fisco-bcos-0x00007fcbdf862dc0|[GossipBlockStatus]GossipBlockStatus already stopped
info|2025-10-09 04:01:27.801279|fisco-bcos-0x00007fcbdf862dc0|[SYNC][id:73994dae...][g:1]SyncMaster stopped
info|2025-10-09 04:01:27.801302|fisco-bcos-0x00007fcbdf862dc0|[g:1] [SYNC][id:73994dae...]SyncMsgEngine stopped
