info|2025-10-12 23:00:00.077804|Sync-1-0x00007ff31a239700|[g:1][SYNC][id:73994dae...]print sync info,peersCount=3,infoJson={"blockNumber":568,"genesisHash":"f0d3e67991e2c3d83533c031601c30c4741aba35d7d8017900779abe4ae22efe","isSyncing":false,"knownHighestNumber":568,"knownLatestHash":"31e4bff87431bde0438bab41c27242df0ffa13fdfbbc3d780480af8e59c3306b","latestHash":"31e4bff87431bde0438bab41c27242df0ffa13fdfbbc3d780480af8e59c3306b","nodeId":"73994dae9e8b8da733108a4153dfe79151d701dff425f84c87b5324e8ebd02ab6a0ebc9e4f1e0298a7ddca50f94a8f95c62b6997226d571e470e8f2b0600634a","peers":[{"blockNumber":568,"genesisHash":"f0d3e67991e2c3d83533c031601c30c4741aba35d7d8017900779abe4ae22efe","latestHash":"31e4bff87431bde0438bab41c27242df0ffa13fdfbbc3d780480af8e59c3306b","nodeId":"064cb676a36047a4b52ecbf9c01664b1e987d91b438110ba6a12d96972726622e824d295b1de8b0298b5afe7bbbc0bd04a3890e1a36eae028c1cfbe07971b995"},{"blockNumber":183,"genesisHash":"f0d3e67991e2c3d83533c031601c30c4741aba35d7d8017900779abe4ae22efe","latestHash":"84b9e5d996bf7a5eb7a7af1e23a8308230a576a20d5c81a92b78a013e510177d","nodeId":"374bdfe969e1d8ea1200ade93e5d8cf1a7d5741f238011004b0f43ca818706f194b2f067e1708125f7ffc536610b9a72addbd56b238d65f18912be39037ffcc5"},{"blockNumber":568,"genesisHash":"f0d3e67991e2c3d83533c031601c30c4741aba35d7d8017900779abe4ae22efe","latestHash":"31e4bff87431bde0438bab41c27242df0ffa13fdfbbc3d780480af8e59c3306b","nodeId":"87d00b98321fc70a5abc85ad9e80db10cce315194133697bf74aace1d3f8430957a766240f751752708f4282f46110d6ea56c3eb5d1c02ce98a66f327f595270"}],"protocolId":65545,"txPoolSize":"0"}
info|2025-10-12 23:00:00.953245|io_service-0x00007ff332a6a700|[P2P][Service] heartBeat,connected count=3
warning|2025-10-12 23:00:00.975163|PBFT-1-0x00007ff318a36700|[g:1][CONSENSUS][PBFT]ViewChangeWarning: not caused by omit empty block ,v=109,toV=110,curNum=568,hash=31e4bff8...,nodeIdx=2,myNode=73994dae...
info|2025-10-12 23:00:00.975718|PBFT-1-0x00007ff318a36700|[g:1][CONSENSUS][PBFT]checkTimeout Succ,view=109,toView=110,nodeIdx=2,changeCycle=2,myNode=73994dae...,timecost=3
info|2025-10-12 23:00:00.984975|PBFT-1-0x00007ff318a36700|[g:1][CONSENSUS][PBFT]checkAndChangeView: Reach consensus,org_view=109,cur_changeCycle=2,curView=109,view=110
info|2025-10-12 23:00:01.985911|PBFTSeal-1-0x00007ff311227700|[g:1][CONSENSUS][SEALER]++++++++++++++++ Generating seal on,blkNum=569,tx=0,nodeIdx=2,hash=6bbf0ecf...
info|2025-10-12 23:00:01.996858|PBFT-1-0x00007ff318a36700|[g:1][CONSENSUS][PBFT]checkTimeout Succ,view=110,toView=111,nodeIdx=2,changeCycle=1,myNode=73994dae...,timecost=3
info|2025-10-12 23:00:02.012968|PBFT-1-0x00007ff318a36700|[g:1][CONSENSUS][PBFT]checkAndChangeView: Reach consensus,org_view=110,cur_changeCycle=1,curView=110,view=111
info|2025-10-12 23:00:03.027770|PBFT-1-0x00007ff318a36700|[g:1][CONSENSUS]addRawPrepare,height=569,reqIdx=3,hash=27b585de...,time=0
info|2025-10-12 23:00:03.036446|PBFT-1-0x00007ff318a36700|[g:1][CONSENSUS][PBFT]checkTimeout Succ,view=111,toView=112,nodeIdx=2,changeCycle=1,myNode=73994dae...,timecost=9
info|2025-10-12 23:00:03.043654|PBFT-1-0x00007ff318a36700|[g:1][CONSENSUS][PBFT]checkAndChangeView: Reach consensus,org_view=111,cur_changeCycle=1,curView=111,view=112
info|2025-10-12 23:00:04.056953|PBFT-1-0x00007ff318a36700|[g:1][CONSENSUS]addRawPrepare,height=569,reqIdx=0,hash=3bd70140...,time=0
info|2025-10-12 23:00:04.060389|PBFT-1-0x00007ff318a36700|[g:1][CONSENSUS][PBFT]checkTimeout Succ,view=112,toView=113,nodeIdx=2,changeCycle=1,myNode=73994dae...,timecost=3
info|2025-10-12 23:00:04.067626|PBFT-1-0x00007ff318a36700|[g:1][CONSENSUS][PBFT]checkAndChangeView: Reach consensus,org_view=112,cur_changeCycle=1,curView=112,view=113
warning|2025-10-12 23:00:08.573779|PBFT-1-0x00007ff318a36700|[g:1][CONSENSUS][PBFT]ViewChangeWarning: not caused by omit empty block ,v=113,toV=114,curNum=568,hash=31e4bff8...,nodeIdx=2,myNode=73994dae...
info|2025-10-12 23:00:08.576454|PBFT-1-0x00007ff318a36700|[g:1][CONSENSUS][PBFT]checkTimeout Succ,view=113,toView=114,nodeIdx=2,changeCycle=2,myNode=73994dae...,timecost=5
info|2025-10-12 23:00:08.584746|PBFT-1-0x00007ff318a36700|[g:1][CONSENSUS][PBFT]checkAndChangeView: Reach consensus,org_view=113,cur_changeCycle=2,curView=113,view=114
info|2025-10-12 23:00:09.584526|PBFTSeal-1-0x00007ff311227700|[g:1][CONSENSUS][SEALER]++++++++++++++++ Generating seal on,blkNum=569,tx=0,nodeIdx=2,hash=09f18d60...
info|2025-10-12 23:00:09.588054|PBFT-1-0x00007ff318a36700|[g:1][CONSENSUS][PBFT]checkTimeout Succ,view=114,toView=115,nodeIdx=2,changeCycle=1,myNode=73994dae...,timecost=2
info|2025-10-12 23:00:09.600938|PBFT-1-0x00007ff318a36700|[g:1][CONSENSUS][PBFT]checkAndChangeView: Reach consensus,org_view=114,cur_changeCycle=1,curView=114,view=115
info|2025-10-12 23:00:10.611694|PBFT-1-0x00007ff318a36700|[g:1][CONSENSUS]addRawPrepare,height=569,reqIdx=3,hash=6a87980c...,time=0
info|2025-10-12 23:00:10.615501|PBFT-1-0x00007ff318a36700|[g:1][CONSENSUS][PBFT]checkTimeout Succ,view=115,toView=116,nodeIdx=2,changeCycle=1,myNode=73994dae...,timecost=4
info|2025-10-12 23:00:10.625610|PBFT-1-0x00007ff318a36700|[g:1][CONSENSUS][PBFT]checkAndChangeView: Reach consensus,org_view=115,cur_changeCycle=1,curView=115,view=116
info|2025-10-12 23:00:10.954366|io_service-0x00007ff332a6a700|[P2P][Service] heartBeat,connected count=3
info|2025-10-12 23:00:11.014429|P2P-0x00007ff333a6c700|[g:1] [SYNC][id:73994dae...][Download][Request]Receive block request,peer=374bdfe9...,from=184,to=184
info|2025-10-12 23:00:11.015106|SyncSend-1-0x00007ff32524f700|[g:1][SYNC][id:73994dae...][Download][Request][BlockSync]Batch blocks for sending,blockSize=24480,number=184,peer=374bdfe9...,timeCost=1
info|2025-10-12 23:00:11.015310|SyncSend-1-0x00007ff32524f700|[g:1][g:1] [SYNC][id:374bdfe9...][Download][Request][BlockSync]Send block packet,peer=374bdfe9...,blocks=1,bytes(V)=24487
info|2025-10-12 23:00:11.638248|PBFT-1-0x00007ff318a36700|[g:1][CONSENSUS]addRawPrepare,height=569,reqIdx=0,hash=69ddacd2...,time=0
info|2025-10-12 23:00:11.644024|PBFT-1-0x00007ff318a36700|[g:1][CONSENSUS][PBFT]checkTimeout Succ,view=116,toView=117,nodeIdx=2,changeCycle=1,myNode=73994dae...,timecost=6
info|2025-10-12 23:00:11.665454|PBFT-1-0x00007ff318a36700|[g:1][CONSENSUS][PBFT]checkAndChangeView: Reach consensus,org_view=116,cur_changeCycle=1,curView=116,view=117
warning|2025-10-12 23:00:16.176224|PBFT-1-0x00007ff318a36700|[g:1][CONSENSUS][PBFT]ViewChangeWarning: not caused by omit empty block ,v=117,toV=118,curNum=568,hash=31e4bff8...,nodeIdx=2,myNode=73994dae...
info|2025-10-12 23:00:16.176492|PBFT-1-0x00007ff318a36700|[g:1][CONSENSUS][PBFT]checkTimeout Succ,view=117,toView=118,nodeIdx=2,changeCycle=2,myNode=73994dae...,timecost=3
info|2025-10-12 23:00:16.183653|PBFT-1-0x00007ff318a36700|[g:1][CONSENSUS][PBFT]checkAndChangeView: Reach consensus,org_view=117,cur_changeCycle=2,curView=117,view=118
info|2025-10-12 23:00:16.246844|ChannelReq-0x00007ff32e261700|[RPC][getGroupList]request
info|2025-10-12 23:00:17.184329|PBFTSeal-1-0x00007ff311227700|[g:1][CONSENSUS][SEALER]++++++++++++++++ Generating seal on,blkNum=569,tx=0,nodeIdx=2,hash=149c9a9a...
info|2025-10-12 23:00:17.188205|PBFT-1-0x00007ff318a36700|[g:1][CONSENSUS][PBFT]checkTimeout Succ,view=118,toView=119,nodeIdx=2,changeCycle=1,myNode=73994dae...,timecost=2
info|2025-10-12 23:00:17.205704|PBFT-1-0x00007ff318a36700|[g:1][CONSENSUS][PBFT]checkAndChangeView: Reach consensus,org_view=118,cur_changeCycle=1,curView=118,view=119
info|2025-10-12 23:00:18.227744|PBFT-1-0x00007ff318a36700|[g:1][CONSENSUS]addRawPrepare,height=569,reqIdx=3,hash=6a0cc950...,time=0
info|2025-10-12 23:00:18.235435|PBFT-1-0x00007ff318a36700|[g:1][CONSENSUS][PBFT]checkTimeout Succ,view=119,toView=120,nodeIdx=2,changeCycle=1,myNode=73994dae...,timecost=7
info|2025-10-12 23:00:18.253159|PBFT-1-0x00007ff318a36700|[g:1][CONSENSUS][PBFT]checkAndChangeView: Reach consensus,org_view=119,cur_changeCycle=1,curView=119,view=120
info|2025-10-12 23:00:19.276698|PBFT-1-0x00007ff318a36700|[g:1][CONSENSUS]addRawPrepare,height=569,reqIdx=0,hash=801a8fb3...,time=0
info|2025-10-12 23:00:19.288570|PBFT-1-0x00007ff318a36700|[g:1][CONSENSUS][PBFT]checkTimeout Succ,view=120,toView=121,nodeIdx=2,changeCycle=1,myNode=73994dae...,timecost=11
info|2025-10-12 23:00:19.350734|PBFT-1-0x00007ff318a36700|[g:1][CONSENSUS][PBFT]checkAndChangeView: Reach consensus,org_view=120,cur_changeCycle=1,curView=120,view=121
info|2025-10-12 23:00:20.954930|io_service-0x00007ff332a6a700|[P2P][Service] heartBeat,connected count=3
warning|2025-10-12 23:00:23.857283|PBFT-1-0x00007ff318a36700|[g:1][CONSENSUS][PBFT]ViewChangeWarning: not caused by omit empty block ,v=121,toV=122,curNum=568,hash=31e4bff8...,nodeIdx=2,myNode=73994dae...
info|2025-10-12 23:00:23.862256|PBFT-1-0x00007ff318a36700|[g:1][CONSENSUS][PBFT]checkTimeout Succ,view=121,toView=122,nodeIdx=2,changeCycle=2,myNode=73994dae...,timecost=9
info|2025-10-12 23:00:23.870568|PBFT-1-0x00007ff318a36700|[g:1][CONSENSUS][PBFT]checkAndChangeView: Reach consensus,org_view=121,cur_changeCycle=2,curView=121,view=122
info|2025-10-12 23:00:24.871125|PBFTSeal-1-0x00007ff311227700|[g:1][CONSENSUS][SEALER]++++++++++++++++ Generating seal on,blkNum=569,tx=0,nodeIdx=2,hash=80276286...
info|2025-10-12 23:00:24.876492|PBFT-1-0x00007ff318a36700|[g:1][CONSENSUS][PBFT]checkTimeout Succ,view=122,toView=123,nodeIdx=2,changeCycle=1,myNode=73994dae...,timecost=3
info|2025-10-12 23:00:24.890117|PBFT-1-0x00007ff318a36700|[g:1][CONSENSUS][PBFT]checkAndChangeView: Reach consensus,org_view=122,cur_changeCycle=1,curView=122,view=123
info|2025-10-12 23:00:25.900911|PBFT-1-0x00007ff318a36700|[g:1][CONSENSUS]addRawPrepare,height=569,reqIdx=3,hash=a223218e...,time=0
info|2025-10-12 23:00:25.903827|PBFT-1-0x00007ff318a36700|[g:1][CONSENSUS][PBFT]checkTimeout Succ,view=123,toView=124,nodeIdx=2,changeCycle=1,myNode=73994dae...,timecost=2
info|2025-10-12 23:00:25.917067|PBFT-1-0x00007ff318a36700|[g:1][CONSENSUS][PBFT]checkAndChangeView: Reach consensus,org_view=123,cur_changeCycle=1,curView=123,view=124
info|2025-10-12 23:00:26.931767|PBFT-1-0x00007ff318a36700|[g:1][CONSENSUS]addRawPrepare,height=569,reqIdx=0,hash=1fab2807...,time=0
info|2025-10-12 23:00:26.942487|PBFT-1-0x00007ff318a36700|[g:1][CONSENSUS][PBFT]checkTimeout Succ,view=124,toView=125,nodeIdx=2,changeCycle=1,myNode=73994dae...,timecost=10
info|2025-10-12 23:00:26.954526|PBFT-1-0x00007ff318a36700|[g:1][CONSENSUS][PBFT]checkAndChangeView: Reach consensus,org_view=124,cur_changeCycle=1,curView=124,view=125
info|2025-10-12 23:00:30.552122|P2P-0x00007ff334a6e700|[g:1] [SYNC][id:73994dae...][Download][Request]Receive block request,peer=374bdfe9...,from=184,to=184
info|2025-10-12 23:00:30.552677|SyncSend-1-0x00007ff32524f700|[g:1][SYNC][id:73994dae...][Download][Request][BlockSync]Batch blocks for sending,blockSize=24480,number=184,peer=374bdfe9...,timeCost=0
info|2025-10-12 23:00:30.552793|SyncSend-1-0x00007ff32524f700|[g:1][g:1] [SYNC][id:374bdfe9...][Download][Request][BlockSync]Send block packet,peer=374bdfe9...,blocks=1,bytes(V)=24487
info|2025-10-12 23:00:30.956101|io_service-0x00007ff332a6a700|[P2P][Service] heartBeat,connected count=3
warning|2025-10-12 23:00:31.458748|PBFT-1-0x00007ff318a36700|[g:1][CONSENSUS][PBFT]ViewChangeWarning: not caused by omit empty block ,v=125,toV=126,curNum=568,hash=31e4bff8...,nodeIdx=2,myNode=73994dae...
info|2025-10-12 23:00:31.460977|PBFT-1-0x00007ff318a36700|[g:1][CONSENSUS][PBFT]checkTimeout Succ,view=125,toView=126,nodeIdx=2,changeCycle=2,myNode=73994dae...,timecost=6
info|2025-10-12 23:00:31.469890|PBFT-1-0x00007ff318a36700|[g:1][CONSENSUS][PBFT]checkAndChangeView: Reach consensus,org_view=125,cur_changeCycle=2,curView=125,view=126
info|2025-10-12 23:00:32.469667|PBFTSeal-1-0x00007ff311227700|[g:1][CONSENSUS][SEALER]++++++++++++++++ Generating seal on,blkNum=569,tx=0,nodeIdx=2,hash=e40d973d...
info|2025-10-12 23:00:32.484352|PBFT-1-0x00007ff318a36700|[g:1][CONSENSUS][PBFT]checkTimeout Succ,view=126,toView=127,nodeIdx=2,changeCycle=1,myNode=73994dae...,timecost=4
info|2025-10-12 23:00:32.491664|PBFT-1-0x00007ff318a36700|[g:1][CONSENSUS][PBFT]checkAndChangeView: Reach consensus,org_view=126,cur_changeCycle=1,curView=126,view=127
info|2025-10-12 23:00:33.504048|PBFT-1-0x00007ff318a36700|[g:1][CONSENSUS]addRawPrepare,height=569,reqIdx=3,hash=fd1f2d51...,time=0
info|2025-10-12 23:00:33.513734|PBFT-1-0x00007ff318a36700|[g:1][CONSENSUS][PBFT]checkTimeout Succ,view=127,toView=128,nodeIdx=2,changeCycle=1,myNode=73994dae...,timecost=7
info|2025-10-12 23:00:33.528111|PBFT-1-0x00007ff318a36700|[g:1][CONSENSUS][PBFT]checkAndChangeView: Reach consensus,org_view=127,cur_changeCycle=1,curView=127,view=128
info|2025-10-12 23:00:34.534948|PBFT-1-0x00007ff318a36700|[g:1][CONSENSUS]addRawPrepare,height=569,reqIdx=0,hash=4c056915...,time=0
info|2025-10-12 23:00:34.543923|PBFT-1-0x00007ff318a36700|[g:1][CONSENSUS][PBFT]checkTimeout Succ,view=128,toView=129,nodeIdx=2,changeCycle=1,myNode=73994dae...,timecost=8
info|2025-10-12 23:00:34.550813|PBFT-1-0x00007ff318a36700|[g:1][CONSENSUS][PBFT]checkAndChangeView: Reach consensus,org_view=128,cur_changeCycle=1,curView=128,view=129
warning|2025-10-12 23:00:39.058699|PBFT-1-0x00007ff318a36700|[g:1][CONSENSUS][PBFT]ViewChangeWarning: not caused by omit empty block ,v=129,toV=130,curNum=568,hash=31e4bff8...,nodeIdx=2,myNode=73994dae...
info|2025-10-12 23:00:39.060065|PBFT-1-0x00007ff318a36700|[g:1][CONSENSUS][PBFT]checkTimeout Succ,view=129,toView=130,nodeIdx=2,changeCycle=2,myNode=73994dae...,timecost=7
info|2025-10-12 23:00:39.065074|PBFT-1-0x00007ff318a36700|[g:1][CONSENSUS][PBFT]checkAndChangeView: Reach consensus,org_view=129,cur_changeCycle=2,curView=129,view=130
info|2025-10-12 23:00:40.066457|PBFTSeal-1-0x00007ff311227700|[g:1][CONSENSUS][SEALER]++++++++++++++++ Generating seal on,blkNum=569,tx=0,nodeIdx=2,hash=317476e0...
info|2025-10-12 23:00:40.072229|PBFT-1-0x00007ff318a36700|[g:1][CONSENSUS][PBFT]checkTimeout Succ,view=130,toView=131,nodeIdx=2,changeCycle=1,myNode=73994dae...,timecost=3
info|2025-10-12 23:00:40.091303|PBFT-1-0x00007ff318a36700|[g:1][CONSENSUS][PBFT]checkAndChangeView: Reach consensus,org_view=130,cur_changeCycle=1,curView=130,view=131
info|2025-10-12 23:00:40.956654|io_service-0x00007ff332a6a700|[P2P][Service] heartBeat,connected count=3
info|2025-10-12 23:00:41.118489|PBFT-1-0x00007ff318a36700|[g:1][CONSENSUS]addRawPrepare,height=569,reqIdx=3,hash=a14c2782...,time=0
info|2025-10-12 23:00:41.121221|PBFT-1-0x00007ff318a36700|[g:1][CONSENSUS][PBFT]checkTimeout Succ,view=131,toView=132,nodeIdx=2,changeCycle=1,myNode=73994dae...,timecost=3
info|2025-10-12 23:00:41.132285|PBFT-1-0x00007ff318a36700|[g:1][CONSENSUS][PBFT]checkAndChangeView: Reach consensus,org_view=131,cur_changeCycle=1,curView=131,view=132
info|2025-10-12 23:00:42.138015|PBFT-1-0x00007ff318a36700|[g:1][CONSENSUS]addRawPrepare,height=569,reqIdx=0,hash=8d31bc4c...,time=1
info|2025-10-12 23:00:42.141966|PBFT-1-0x00007ff318a36700|[g:1][CONSENSUS][PBFT]checkTimeout Succ,view=132,toView=133,nodeIdx=2,changeCycle=1,myNode=73994dae...,timecost=4
info|2025-10-12 23:00:42.157804|PBFT-1-0x00007ff318a36700|[g:1][CONSENSUS][PBFT]checkAndChangeView: Reach consensus,org_view=132,cur_changeCycle=1,curView=132,view=133
info|2025-10-12 23:00:43.564706|P2P-0x00007ff333a6c700|[g:1] [SYNC][id:73994dae...][Download][Request]Receive block request,peer=374bdfe9...,from=184,to=184
info|2025-10-12 23:00:43.565264|SyncSend-1-0x00007ff32524f700|[g:1][SYNC][id:73994dae...][Download][Request][BlockSync]Batch blocks for sending,blockSize=24480,number=184,peer=374bdfe9...,timeCost=0
info|2025-10-12 23:00:43.565349|SyncSend-1-0x00007ff32524f700|[g:1][g:1] [SYNC][id:374bdfe9...][Download][Request][BlockSync]Send block packet,peer=374bdfe9...,blocks=1,bytes(V)=24487
warning|2025-10-12 23:00:46.662604|PBFT-1-0x00007ff318a36700|[g:1][CONSENSUS][PBFT]ViewChangeWarning: not caused by omit empty block ,v=133,toV=134,curNum=568,hash=31e4bff8...,nodeIdx=2,myNode=73994dae...
info|2025-10-12 23:00:46.663970|PBFT-1-0x00007ff318a36700|[g:1][CONSENSUS][PBFT]checkTimeout Succ,view=133,toView=134,nodeIdx=2,changeCycle=2,myNode=73994dae...,timecost=4
info|2025-10-12 23:00:46.672752|PBFT-1-0x00007ff318a36700|[g:1][CONSENSUS][PBFT]checkAndChangeView: Reach consensus,org_view=133,cur_changeCycle=2,curView=133,view=134
info|2025-10-12 23:00:47.674857|PBFTSeal-1-0x00007ff311227700|[g:1][CONSENSUS][SEALER]++++++++++++++++ Generating seal on,blkNum=569,tx=0,nodeIdx=2,hash=04f19021...
info|2025-10-12 23:00:47.695869|PBFT-1-0x00007ff318a36700|[g:1][CONSENSUS][PBFT]checkTimeout Succ,view=134,toView=135,nodeIdx=2,changeCycle=1,myNode=73994dae...,timecost=6
info|2025-10-12 23:00:47.736755|PBFT-1-0x00007ff318a36700|[g:1][CONSENSUS][PBFT]checkAndChangeView: Reach consensus,org_view=134,cur_changeCycle=1,curView=134,view=135
info|2025-10-12 23:00:48.747992|PBFT-1-0x00007ff318a36700|[g:1][CONSENSUS]addRawPrepare,height=569,reqIdx=3,hash=e5ced333...,time=1
info|2025-10-12 23:00:48.753440|PBFT-1-0x00007ff318a36700|[g:1][CONSENSUS][PBFT]checkTimeout Succ,view=135,toView=136,nodeIdx=2,changeCycle=1,myNode=73994dae...,timecost=5
info|2025-10-12 23:00:48.772037|PBFT-1-0x00007ff318a36700|[g:1][CONSENSUS][PBFT]checkAndChangeView: Reach consensus,org_view=135,cur_changeCycle=1,curView=135,view=136
info|2025-10-12 23:00:49.783593|PBFT-1-0x00007ff318a36700|[g:1][CONSENSUS]addRawPrepare,height=569,reqIdx=0,hash=5f52fe29...,time=0
info|2025-10-12 23:00:49.792923|PBFT-1-0x00007ff318a36700|[g:1][CONSENSUS][PBFT]checkTimeout Succ,view=136,toView=137,nodeIdx=2,changeCycle=1,myNode=73994dae...,timecost=3
info|2025-10-12 23:00:49.799770|PBFT-1-0x00007ff318a36700|[g:1][CONSENSUS][PBFT]checkAndChangeView: Reach consensus,org_view=136,cur_changeCycle=1,curView=136,view=137
info|2025-10-12 23:00:50.957689|io_service-0x00007ff332a6a700|[P2P][Service] heartBeat,connected count=3
warning|2025-10-12 23:00:54.304238|PBFT-1-0x00007ff318a36700|[g:1][CONSENSUS][PBFT]ViewChangeWarning: not caused by omit empty block ,v=137,toV=138,curNum=568,hash=31e4bff8...,nodeIdx=2,myNode=73994dae...
info|2025-10-12 23:00:54.307036|PBFT-1-0x00007ff318a36700|[g:1][CONSENSUS][PBFT]checkTimeout Succ,view=137,toView=138,nodeIdx=2,changeCycle=2,myNode=73994dae...,timecost=5
info|2025-10-12 23:00:54.316341|PBFT-1-0x00007ff318a36700|[g:1][CONSENSUS][PBFT]checkAndChangeView: Reach consensus,org_view=137,cur_changeCycle=2,curView=137,view=138
info|2025-10-12 23:00:55.317922|PBFTSeal-1-0x00007ff311227700|[g:1][CONSENSUS][SEALER]++++++++++++++++ Generating seal on,blkNum=569,tx=0,nodeIdx=2,hash=96a34316...
info|2025-10-12 23:00:55.331458|PBFT-1-0x00007ff318a36700|[g:1][CONSENSUS][PBFT]checkTimeout Succ,view=138,toView=139,nodeIdx=2,changeCycle=1,myNode=73994dae...,timecost=4
info|2025-10-12 23:00:55.337890|PBFT-1-0x00007ff318a36700|[g:1][CONSENSUS][PBFT]checkAndChangeView: Reach consensus,org_view=138,cur_changeCycle=1,curView=138,view=139
info|2025-10-12 23:00:56.342422|PBFT-1-0x00007ff318a36700|[g:1][CONSENSUS]addRawPrepare,height=569,reqIdx=3,hash=50fe8dca...,time=0
info|2025-10-12 23:00:56.344701|PBFT-1-0x00007ff318a36700|[g:1][CONSENSUS][PBFT]checkTimeout Succ,view=139,toView=140,nodeIdx=2,changeCycle=1,myNode=73994dae...,timecost=2
info|2025-10-12 23:00:56.357239|PBFT-1-0x00007ff318a36700|[g:1][CONSENSUS][PBFT]checkAndChangeView: Reach consensus,org_view=139,cur_changeCycle=1,curView=139,view=140
info|2025-10-12 23:00:56.577239|P2P-0x00007ff33326b700|[g:1] [SYNC][id:73994dae...][Download][Request]Receive block request,peer=374bdfe9...,from=184,to=184
info|2025-10-12 23:00:56.577869|SyncSend-1-0x00007ff32524f700|[g:1][SYNC][id:73994dae...][Download][Request][BlockSync]Batch blocks for sending,blockSize=24480,number=184,peer=374bdfe9...,timeCost=0
info|2025-10-12 23:00:56.578070|SyncSend-1-0x00007ff32524f700|[g:1][g:1] [SYNC][id:374bdfe9...][Download][Request][BlockSync]Send block packet,peer=374bdfe9...,blocks=1,bytes(V)=24487
info|2025-10-12 23:00:57.366284|PBFT-1-0x00007ff318a36700|[g:1][CONSENSUS]addRawPrepare,height=569,reqIdx=0,hash=1e285efc...,time=6
info|2025-10-12 23:00:57.369566|PBFT-1-0x00007ff318a36700|[g:1][CONSENSUS][PBFT]checkTimeout Succ,view=140,toView=141,nodeIdx=2,changeCycle=1,myNode=73994dae...,timecost=3
info|2025-10-12 23:00:57.381422|PBFT-1-0x00007ff318a36700|[g:1][CONSENSUS][PBFT]checkAndChangeView: Reach consensus,org_view=140,cur_changeCycle=1,curView=140,view=141
info|2025-10-12 23:01:00.958741|io_service-0x00007ff332a6a700|[P2P][Service] heartBeat,connected count=3
warning|2025-10-12 23:01:01.893805|PBFT-1-0x00007ff318a36700|[g:1][CONSENSUS][PBFT]ViewChangeWarning: not caused by omit empty block ,v=141,toV=142,curNum=568,hash=31e4bff8...,nodeIdx=2,myNode=73994dae...
info|2025-10-12 23:01:01.896270|PBFT-1-0x00007ff318a36700|[g:1][CONSENSUS][PBFT]checkTimeout Succ,view=141,toView=142,nodeIdx=2,changeCycle=2,myNode=73994dae...,timecost=6
info|2025-10-12 23:01:01.899593|PBFT-1-0x00007ff318a36700|[g:1][CONSENSUS][PBFT]checkAndChangeView: Reach consensus,org_view=141,cur_changeCycle=2,curView=141,view=142
info|2025-10-12 23:01:02.899975|PBFTSeal-1-0x00007ff311227700|[g:1][CONSENSUS][SEALER]++++++++++++++++ Generating seal on,blkNum=569,tx=0,nodeIdx=2,hash=8e429af1...
info|2025-10-12 23:01:02.907933|PBFT-1-0x00007ff318a36700|[g:1][CONSENSUS][PBFT]checkTimeout Succ,view=142,toView=143,nodeIdx=2,changeCycle=1,myNode=73994dae...,timecost=4
info|2025-10-12 23:01:02.958146|PBFT-1-0x00007ff318a36700|[g:1][CONSENSUS][PBFT]checkAndChangeView: Reach consensus,org_view=142,cur_changeCycle=1,curView=142,view=143
info|2025-10-12 23:01:03.977167|PBFT-1-0x00007ff318a36700|[g:1][CONSENSUS]addRawPrepare,height=569,reqIdx=3,hash=69d47091...,time=0
info|2025-10-12 23:01:03.985945|PBFT-1-0x00007ff318a36700|[g:1][CONSENSUS][PBFT]checkTimeout Succ,view=143,toView=144,nodeIdx=2,changeCycle=1,myNode=73994dae...,timecost=8
info|2025-10-12 23:01:03.993695|PBFT-1-0x00007ff318a36700|[g:1][CONSENSUS][PBFT]checkAndChangeView: Reach consensus,org_view=143,cur_changeCycle=1,curView=143,view=144
info|2025-10-12 23:01:05.003681|PBFT-1-0x00007ff318a36700|[g:1][CONSENSUS]addRawPrepare,height=569,reqIdx=0,hash=10bfbc88...,time=0
info|2025-10-12 23:01:05.008586|PBFT-1-0x00007ff318a36700|[g:1][CONSENSUS][PBFT]checkTimeout Succ,view=144,toView=145,nodeIdx=2,changeCycle=1,myNode=73994dae...,timecost=4
info|2025-10-12 23:01:05.011133|PBFT-1-0x00007ff318a36700|[g:1][CONSENSUS][PBFT]checkAndChangeView: Reach consensus,org_view=144,cur_changeCycle=1,curView=144,view=145
warning|2025-10-12 23:01:09.524212|PBFT-1-0x00007ff318a36700|[g:1][CONSENSUS][PBFT]ViewChangeWarning: not caused by omit empty block ,v=145,toV=146,curNum=568,hash=31e4bff8...,nodeIdx=2,myNode=73994dae...
info|2025-10-12 23:01:09.524592|PBFT-1-0x00007ff318a36700|[g:1][CONSENSUS][PBFT]checkTimeout Succ,view=145,toView=146,nodeIdx=2,changeCycle=2,myNode=73994dae...,timecost=3
info|2025-10-12 23:01:09.535144|PBFT-1-0x00007ff318a36700|[g:1][CONSENSUS][PBFT]checkAndChangeView: Reach consensus,org_view=145,cur_changeCycle=2,curView=145,view=146
info|2025-10-12 23:01:10.537366|PBFTSeal-1-0x00007ff311227700|[g:1][CONSENSUS][SEALER]++++++++++++++++ Generating seal on,blkNum=569,tx=0,nodeIdx=2,hash=64b5a5f8...
info|2025-10-12 23:01:10.543324|PBFT-1-0x00007ff318a36700|[g:1][CONSENSUS][PBFT]checkTimeout Succ,view=146,toView=147,nodeIdx=2,changeCycle=1,myNode=73994dae...,timecost=2
info|2025-10-12 23:01:10.564475|PBFT-1-0x00007ff318a36700|[g:1][CONSENSUS][PBFT]checkAndChangeView: Reach consensus,org_view=146,cur_changeCycle=1,curView=146,view=147
info|2025-10-12 23:01:10.959031|io_service-0x00007ff332a6a700|[P2P][Service] heartBeat,connected count=3
info|2025-10-12 23:01:11.576712|PBFT-1-0x00007ff318a36700|[g:1][CONSENSUS]addRawPrepare,height=569,reqIdx=3,hash=f3a6b7ff...,time=0
info|2025-10-12 23:01:11.591951|PBFT-1-0x00007ff318a36700|[g:1][CONSENSUS][PBFT]checkTimeout Succ,view=147,toView=148,nodeIdx=2,changeCycle=1,myNode=73994dae...,timecost=15
info|2025-10-12 23:01:11.600606|PBFT-1-0x00007ff318a36700|[g:1][CONSENSUS][PBFT]checkAndChangeView: Reach consensus,org_view=147,cur_changeCycle=1,curView=147,view=148
info|2025-10-12 23:01:12.609487|PBFT-1-0x00007ff318a36700|[g:1][CONSENSUS]addRawPrepare,height=569,reqIdx=0,hash=6c7391ee...,time=0
info|2025-10-12 23:01:12.625907|PBFT-1-0x00007ff318a36700|[g:1][CONSENSUS][PBFT]checkTimeout Succ,view=148,toView=149,nodeIdx=2,changeCycle=1,myNode=73994dae...,timecost=9
info|2025-10-12 23:01:12.632267|PBFT-1-0x00007ff318a36700|[g:1][CONSENSUS][PBFT]checkAndChangeView: Reach consensus,org_view=148,cur_changeCycle=1,curView=148,view=149
info|2025-10-12 23:01:16.246323|ChannelReq-0x00007ff32ea62700|[RPC][getGroupList]request
warning|2025-10-12 23:01:17.140069|PBFT-1-0x00007ff318a36700|[g:1][CONSENSUS][PBFT]ViewChangeWarning: not caused by omit empty block ,v=149,toV=150,curNum=568,hash=31e4bff8...,nodeIdx=2,myNode=73994dae...
info|2025-10-12 23:01:17.143623|PBFT-1-0x00007ff318a36700|[g:1][CONSENSUS][PBFT]checkTimeout Succ,view=149,toView=150,nodeIdx=2,changeCycle=2,myNode=73994dae...,timecost=6
info|2025-10-12 23:01:17.151818|PBFT-1-0x00007ff318a36700|[g:1][CONSENSUS][PBFT]checkAndChangeView: Reach consensus,org_view=149,cur_changeCycle=2,curView=149,view=150
info|2025-10-12 23:01:18.152922|PBFTSeal-1-0x00007ff311227700|[g:1][CONSENSUS][SEALER]++++++++++++++++ Generating seal on,blkNum=569,tx=0,nodeIdx=2,hash=b188b985...
info|2025-10-12 23:01:18.168683|PBFT-1-0x00007ff318a36700|[g:1][CONSENSUS][PBFT]checkTimeout Succ,view=150,toView=151,nodeIdx=2,changeCycle=1,myNode=73994dae...,timecost=3
info|2025-10-12 23:01:18.177952|PBFT-1-0x00007ff318a36700|[g:1][CONSENSUS][PBFT]checkAndChangeView: Reach consensus,org_view=150,cur_changeCycle=1,curView=150,view=151
info|2025-10-12 23:01:19.194001|PBFT-1-0x00007ff318a36700|[g:1][CONSENSUS]addRawPrepare,height=569,reqIdx=3,hash=7b902b42...,time=1
info|2025-10-12 23:01:19.209344|PBFT-1-0x00007ff318a36700|[g:1][CONSENSUS][PBFT]checkTimeout Succ,view=151,toView=152,nodeIdx=2,changeCycle=1,myNode=73994dae...,timecost=15
info|2025-10-12 23:01:19.217963|PBFT-1-0x00007ff318a36700|[g:1][CONSENSUS][PBFT]checkAndChangeView: Reach consensus,org_view=151,cur_changeCycle=1,curView=151,view=152
info|2025-10-12 23:01:20.220253|PBFT-1-0x00007ff318a36700|[g:1][CONSENSUS]addRawPrepare,height=569,reqIdx=0,hash=749cfa3b...,time=0
info|2025-10-12 23:01:20.222972|PBFT-1-0x00007ff318a36700|[g:1][CONSENSUS][PBFT]checkTimeout Succ,view=152,toView=153,nodeIdx=2,changeCycle=1,myNode=73994dae...,timecost=3
info|2025-10-12 23:01:20.231625|PBFT-1-0x00007ff318a36700|[g:1][CONSENSUS][PBFT]checkAndChangeView: Reach consensus,org_view=152,cur_changeCycle=1,curView=152,view=153
info|2025-10-12 23:01:20.959572|io_service-0x00007ff332a6a700|[P2P][Service] heartBeat,connected count=3
info|2025-10-12 23:01:22.604631|P2P-0x00007ff334a6e700|[g:1] [SYNC][id:73994dae...][Download][Request]Receive block request,peer=374bdfe9...,from=184,to=184
info|2025-10-12 23:01:22.605616|SyncSend-1-0x00007ff32524f700|[g:1][SYNC][id:73994dae...][Download][Request][BlockSync]Batch blocks for sending,blockSize=24480,number=184,peer=374bdfe9...,timeCost=0
info|2025-10-12 23:01:22.605763|SyncSend-1-0x00007ff32524f700|[g:1][g:1] [SYNC][id:374bdfe9...][Download][Request][BlockSync]Send block packet,peer=374bdfe9...,blocks=1,bytes(V)=24487
warning|2025-10-12 23:01:24.741113|PBFT-1-0x00007ff318a36700|[g:1][CONSENSUS][PBFT]ViewChangeWarning: not caused by omit empty block ,v=153,toV=154,curNum=568,hash=31e4bff8...,nodeIdx=2,myNode=73994dae...
info|2025-10-12 23:01:24.741455|PBFT-1-0x00007ff318a36700|[g:1][CONSENSUS][PBFT]checkTimeout Succ,view=153,toView=154,nodeIdx=2,changeCycle=2,myNode=73994dae...,timecost=3
info|2025-10-12 23:01:24.755841|PBFT-1-0x00007ff318a36700|[g:1][CONSENSUS][PBFT]checkAndChangeView: Reach consensus,org_view=153,cur_changeCycle=2,curView=153,view=154
info|2025-10-12 23:01:25.756756|PBFTSeal-1-0x00007ff311227700|[g:1][CONSENSUS][SEALER]++++++++++++++++ Generating seal on,blkNum=569,tx=0,nodeIdx=2,hash=893434e1...
info|2025-10-12 23:01:25.767476|PBFT-1-0x00007ff318a36700|[g:1][CONSENSUS][PBFT]checkTimeout Succ,view=154,toView=155,nodeIdx=2,changeCycle=1,myNode=73994dae...,timecost=2
info|2025-10-12 23:01:25.774502|PBFT-1-0x00007ff318a36700|[g:1][CONSENSUS][PBFT]checkAndChangeView: Reach consensus,org_view=154,cur_changeCycle=1,curView=154,view=155
info|2025-10-12 23:01:26.785406|PBFT-1-0x00007ff318a36700|[g:1][CONSENSUS]addRawPrepare,height=569,reqIdx=3,hash=585688e1...,time=0
info|2025-10-12 23:01:26.790022|PBFT-1-0x00007ff318a36700|[g:1][CONSENSUS][PBFT]checkTimeout Succ,view=155,toView=156,nodeIdx=2,changeCycle=1,myNode=73994dae...,timecost=5
info|2025-10-12 23:01:26.799671|PBFT-1-0x00007ff318a36700|[g:1][CONSENSUS][PBFT]checkAndChangeView: Reach consensus,org_view=155,cur_changeCycle=1,curView=155,view=156
info|2025-10-12 23:01:27.807719|PBFT-1-0x00007ff318a36700|[g:1][CONSENSUS]addRawPrepare,height=569,reqIdx=0,hash=ca8d8256...,time=0
info|2025-10-12 23:01:27.810835|PBFT-1-0x00007ff318a36700|[g:1][CONSENSUS][PBFT]checkTimeout Succ,view=156,toView=157,nodeIdx=2,changeCycle=1,myNode=73994dae...,timecost=2
info|2025-10-12 23:01:27.818800|PBFT-1-0x00007ff318a36700|[g:1][CONSENSUS][PBFT]checkAndChangeView: Reach consensus,org_view=156,cur_changeCycle=1,curView=156,view=157
info|2025-10-12 23:01:30.960299|io_service-0x00007ff332a6a700|[P2P][Service] heartBeat,connected count=3
warning|2025-10-12 23:01:32.327776|PBFT-1-0x00007ff318a36700|[g:1][CONSENSUS][PBFT]ViewChangeWarning: not caused by omit empty block ,v=157,toV=158,curNum=568,hash=31e4bff8...,nodeIdx=2,myNode=73994dae...
info|2025-10-12 23:01:32.328009|PBFT-1-0x00007ff318a36700|[g:1][CONSENSUS][PBFT]checkTimeout Succ,view=157,toView=158,nodeIdx=2,changeCycle=2,myNode=73994dae...,timecost=3
info|2025-10-12 23:01:32.339098|PBFT-1-0x00007ff318a36700|[g:1][CONSENSUS][PBFT]checkAndChangeView: Reach consensus,org_view=157,cur_changeCycle=2,curView=157,view=158
info|2025-10-12 23:01:33.340466|PBFTSeal-1-0x00007ff311227700|[g:1][CONSENSUS][SEALER]++++++++++++++++ Generating seal on,blkNum=569,tx=0,nodeIdx=2,hash=a545dd3f...
info|2025-10-12 23:01:33.352850|PBFT-1-0x00007ff318a36700|[g:1][CONSENSUS][PBFT]checkTimeout Succ,view=158,toView=159,nodeIdx=2,changeCycle=1,myNode=73994dae...,timecost=5
info|2025-10-12 23:01:33.362048|PBFT-1-0x00007ff318a36700|[g:1][CONSENSUS][PBFT]checkAndChangeView: Reach consensus,org_view=158,cur_changeCycle=1,curView=158,view=159
info|2025-10-12 23:01:34.369528|PBFT-1-0x00007ff318a36700|[g:1][CONSENSUS]addRawPrepare,height=569,reqIdx=3,hash=ef071a6b...,time=0
info|2025-10-12 23:01:34.374567|PBFT-1-0x00007ff318a36700|[g:1][CONSENSUS][PBFT]checkTimeout Succ,view=159,toView=160,nodeIdx=2,changeCycle=1,myNode=73994dae...,timecost=5
info|2025-10-12 23:01:34.391757|PBFT-1-0x00007ff318a36700|[g:1][CONSENSUS][PBFT]checkAndChangeView: Reach consensus,org_view=159,cur_changeCycle=1,curView=159,view=160
info|2025-10-12 23:01:35.392021|PBFT-1-0x00007ff318a36700|[g:1][CONSENSUS]addRawPrepare,height=569,reqIdx=0,hash=219b0442...,time=0
info|2025-10-12 23:01:35.402596|PBFT-1-0x00007ff318a36700|[g:1][CONSENSUS][PBFT]checkTimeout Succ,view=160,toView=161,nodeIdx=2,changeCycle=1,myNode=73994dae...,timecost=10
info|2025-10-12 23:01:35.407959|PBFT-1-0x00007ff318a36700|[g:1][CONSENSUS][PBFT]checkAndChangeView: Reach consensus,org_view=160,cur_changeCycle=1,curView=160,view=161
info|2025-10-12 23:01:35.615604|P2P-0x00007ff33326b700|[g:1] [SYNC][id:73994dae...][Download][Request]Receive block request,peer=374bdfe9...,from=184,to=184
info|2025-10-12 23:01:35.616577|SyncSend-1-0x00007ff32524f700|[g:1][SYNC][id:73994dae...][Download][Request][BlockSync]Batch blocks for sending,blockSize=24480,number=184,peer=374bdfe9...,timeCost=0
info|2025-10-12 23:01:35.616741|SyncSend-1-0x00007ff32524f700|[g:1][g:1] [SYNC][id:374bdfe9...][Download][Request][BlockSync]Send block packet,peer=374bdfe9...,blocks=1,bytes(V)=24487
warning|2025-10-12 23:01:39.920133|PBFT-1-0x00007ff318a36700|[g:1][CONSENSUS][PBFT]ViewChangeWarning: not caused by omit empty block ,v=161,toV=162,curNum=568,hash=31e4bff8...,nodeIdx=2,myNode=73994dae...
info|2025-10-12 23:01:39.921143|PBFT-1-0x00007ff318a36700|[g:1][CONSENSUS][PBFT]checkTimeout Succ,view=161,toView=162,nodeIdx=2,changeCycle=2,myNode=73994dae...,timecost=6
info|2025-10-12 23:01:39.928050|PBFT-1-0x00007ff318a36700|[g:1][CONSENSUS][PBFT]checkAndChangeView: Reach consensus,org_view=161,cur_changeCycle=2,curView=161,view=162
info|2025-10-12 23:01:40.929085|PBFTSeal-1-0x00007ff311227700|[g:1][CONSENSUS][SEALER]++++++++++++++++ Generating seal on,blkNum=569,tx=0,nodeIdx=2,hash=60eaf358...
info|2025-10-12 23:01:40.934171|PBFT-1-0x00007ff318a36700|[g:1][CONSENSUS][PBFT]checkTimeout Succ,view=162,toView=163,nodeIdx=2,changeCycle=1,myNode=73994dae...,timecost=2
info|2025-10-12 23:01:40.946538|PBFT-1-0x00007ff318a36700|[g:1][CONSENSUS][PBFT]checkAndChangeView: Reach consensus,org_view=162,cur_changeCycle=1,curView=162,view=163
info|2025-10-12 23:01:40.960954|io_service-0x00007ff332a6a700|[P2P][Service] heartBeat,connected count=3
info|2025-10-12 23:01:41.959093|PBFT-1-0x00007ff318a36700|[g:1][CONSENSUS]addRawPrepare,height=569,reqIdx=3,hash=7eb94093...,time=0
info|2025-10-12 23:01:41.961314|PBFT-1-0x00007ff318a36700|[g:1][CONSENSUS][PBFT]checkTimeout Succ,view=163,toView=164,nodeIdx=2,changeCycle=1,myNode=73994dae...,timecost=2
info|2025-10-12 23:01:41.976468|PBFT-1-0x00007ff318a36700|[g:1][CONSENSUS][PBFT]checkAndChangeView: Reach consensus,org_view=163,cur_changeCycle=1,curView=163,view=164
info|2025-10-12 23:01:42.094277|P2P-0x00007ff333a6c700|[g:1] [SYNC][id:73994dae...][Download][Request]Receive block request,peer=374bdfe9...,from=184,to=184
info|2025-10-12 23:01:42.095191|SyncSend-1-0x00007ff32524f700|[g:1][SYNC][id:73994dae...][Download][Request][BlockSync]Batch blocks for sending,blockSize=24480,number=184,peer=374bdfe9...,timeCost=1
info|2025-10-12 23:01:42.095382|SyncSend-1-0x00007ff32524f700|[g:1][g:1] [SYNC][id:374bdfe9...][Download][Request][BlockSync]Send block packet,peer=374bdfe9...,blocks=1,bytes(V)=24487
info|2025-10-12 23:01:42.980573|PBFT-1-0x00007ff318a36700|[g:1][CONSENSUS]addRawPrepare,height=569,reqIdx=0,hash=b4b16ef6...,time=0
info|2025-10-12 23:01:42.986450|PBFT-1-0x00007ff318a36700|[g:1][CONSENSUS][PBFT]checkTimeout Succ,view=164,toView=165,nodeIdx=2,changeCycle=1,myNode=73994dae...,timecost=6
info|2025-10-12 23:01:43.005481|PBFT-1-0x00007ff318a36700|[g:1][CONSENSUS][PBFT]checkAndChangeView: Reach consensus,org_view=164,cur_changeCycle=1,curView=164,view=165
warning|2025-10-12 23:01:47.515854|PBFT-1-0x00007ff318a36700|[g:1][CONSENSUS][PBFT]ViewChangeWarning: not caused by omit empty block ,v=165,toV=166,curNum=568,hash=31e4bff8...,nodeIdx=2,myNode=73994dae...
info|2025-10-12 23:01:47.517232|PBFT-1-0x00007ff318a36700|[g:1][CONSENSUS][PBFT]checkTimeout Succ,view=165,toView=166,nodeIdx=2,changeCycle=2,myNode=73994dae...,timecost=4
info|2025-10-12 23:01:47.522436|PBFT-1-0x00007ff318a36700|[g:1][CONSENSUS][PBFT]checkAndChangeView: Reach consensus,org_view=165,cur_changeCycle=2,curView=165,view=166
info|2025-10-12 23:01:48.522761|PBFTSeal-1-0x00007ff311227700|[g:1][CONSENSUS][SEALER]++++++++++++++++ Generating seal on,blkNum=569,tx=0,nodeIdx=2,hash=badd0e46...
info|2025-10-12 23:01:48.528895|PBFT-1-0x00007ff318a36700|[g:1][CONSENSUS][PBFT]checkTimeout Succ,view=166,toView=167,nodeIdx=2,changeCycle=1,myNode=73994dae...,timecost=4
info|2025-10-12 23:01:48.541323|PBFT-1-0x00007ff318a36700|[g:1][CONSENSUS][PBFT]checkAndChangeView: Reach consensus,org_view=166,cur_changeCycle=1,curView=166,view=167
info|2025-10-12 23:01:49.551928|PBFT-1-0x00007ff318a36700|[g:1][CONSENSUS]addRawPrepare,height=569,reqIdx=3,hash=03f26971...,time=0
info|2025-10-12 23:01:49.555451|PBFT-1-0x00007ff318a36700|[g:1][CONSENSUS][PBFT]checkTimeout Succ,view=167,toView=168,nodeIdx=2,changeCycle=1,myNode=73994dae...,timecost=3
info|2025-10-12 23:01:49.563716|PBFT-1-0x00007ff318a36700|[g:1][CONSENSUS][PBFT]checkAndChangeView: Reach consensus,org_view=167,cur_changeCycle=1,curView=167,view=168
info|2025-10-12 23:01:50.579517|PBFT-1-0x00007ff318a36700|[g:1][CONSENSUS]addRawPrepare,height=569,reqIdx=0,hash=06ea53c8...,time=0
info|2025-10-12 23:01:50.582800|PBFT-1-0x00007ff318a36700|[g:1][CONSENSUS][PBFT]checkTimeout Succ,view=168,toView=169,nodeIdx=2,changeCycle=1,myNode=73994dae...,timecost=3
info|2025-10-12 23:01:50.592215|PBFT-1-0x00007ff318a36700|[g:1][CONSENSUS][PBFT]checkAndChangeView: Reach consensus,org_view=168,cur_changeCycle=1,curView=168,view=169
info|2025-10-12 23:01:50.961703|io_service-0x00007ff332a6a700|[P2P][Service] heartBeat,connected count=3
warning|2025-10-12 23:01:55.099717|PBFT-1-0x00007ff318a36700|[g:1][CONSENSUS][PBFT]ViewChangeWarning: not caused by omit empty block ,v=169,toV=170,curNum=568,hash=31e4bff8...,nodeIdx=2,myNode=73994dae...
info|2025-10-12 23:01:55.100983|PBFT-1-0x00007ff318a36700|[g:1][CONSENSUS][PBFT]checkTimeout Succ,view=169,toView=170,nodeIdx=2,changeCycle=2,myNode=73994dae...,timecost=6
info|2025-10-12 23:01:55.117971|PBFT-1-0x00007ff318a36700|[g:1][CONSENSUS][PBFT]checkAndChangeView: Reach consensus,org_view=169,cur_changeCycle=2,curView=169,view=170
info|2025-10-12 23:01:56.118441|PBFTSeal-1-0x00007ff311227700|[g:1][CONSENSUS][SEALER]++++++++++++++++ Generating seal on,blkNum=569,tx=0,nodeIdx=2,hash=cd9199e2...
info|2025-10-12 23:01:56.130277|PBFT-1-0x00007ff318a36700|[g:1][CONSENSUS][PBFT]checkTimeout Succ,view=170,toView=171,nodeIdx=2,changeCycle=1,myNode=73994dae...,timecost=10
info|2025-10-12 23:01:56.136183|PBFT-1-0x00007ff318a36700|[g:1][CONSENSUS][PBFT]checkAndChangeView: Reach consensus,org_view=170,cur_changeCycle=1,curView=170,view=171
info|2025-10-12 23:01:57.144077|PBFT-1-0x00007ff318a36700|[g:1][CONSENSUS]addRawPrepare,height=569,reqIdx=3,hash=0ef16df6...,time=0
info|2025-10-12 23:01:57.149143|PBFT-1-0x00007ff318a36700|[g:1][CONSENSUS][PBFT]checkTimeout Succ,view=171,toView=172,nodeIdx=2,changeCycle=1,myNode=73994dae...,timecost=5
info|2025-10-12 23:01:57.163097|PBFT-1-0x00007ff318a36700|[g:1][CONSENSUS][PBFT]checkAndChangeView: Reach consensus,org_view=171,cur_changeCycle=1,curView=171,view=172
info|2025-10-12 23:01:58.172675|PBFT-1-0x00007ff318a36700|[g:1][CONSENSUS]addRawPrepare,height=569,reqIdx=0,hash=894ed1cc...,time=0
info|2025-10-12 23:01:58.174710|PBFT-1-0x00007ff318a36700|[g:1][CONSENSUS][PBFT]checkTimeout Succ,view=172,toView=173,nodeIdx=2,changeCycle=1,myNode=73994dae...,timecost=2
info|2025-10-12 23:01:58.187741|PBFT-1-0x00007ff318a36700|[g:1][CONSENSUS][PBFT]checkAndChangeView: Reach consensus,org_view=172,cur_changeCycle=1,curView=172,view=173
info|2025-10-12 23:02:00.962436|io_service-0x00007ff332a6a700|[P2P][Service] heartBeat,connected count=3
warning|2025-10-12 23:02:02.696087|PBFT-1-0x00007ff318a36700|[g:1][CONSENSUS][PBFT]ViewChangeWarning: not caused by omit empty block ,v=173,toV=174,curNum=568,hash=31e4bff8...,nodeIdx=2,myNode=73994dae...
info|2025-10-12 23:02:02.696332|PBFT-1-0x00007ff318a36700|[g:1][CONSENSUS][PBFT]checkTimeout Succ,view=173,toView=174,nodeIdx=2,changeCycle=2,myNode=73994dae...,timecost=3
info|2025-10-12 23:02:02.711794|PBFT-1-0x00007ff318a36700|[g:1][CONSENSUS][PBFT]checkAndChangeView: Reach consensus,org_view=173,cur_changeCycle=2,curView=173,view=174
info|2025-10-12 23:02:03.714602|PBFTSeal-1-0x00007ff311227700|[g:1][CONSENSUS][SEALER]++++++++++++++++ Generating seal on,blkNum=569,tx=0,nodeIdx=2,hash=c9cb4112...
info|2025-10-12 23:02:03.719129|PBFT-1-0x00007ff318a36700|[g:1][CONSENSUS][PBFT]checkTimeout Succ,view=174,toView=175,nodeIdx=2,changeCycle=1,myNode=73994dae...,timecost=3
info|2025-10-12 23:02:03.734119|PBFT-1-0x00007ff318a36700|[g:1][CONSENSUS][PBFT]checkAndChangeView: Reach consensus,org_view=174,cur_changeCycle=1,curView=174,view=175
info|2025-10-12 23:02:04.747662|PBFT-1-0x00007ff318a36700|[g:1][CONSENSUS]addRawPrepare,height=569,reqIdx=3,hash=03b7ff35...,time=0
info|2025-10-12 23:02:04.753741|PBFT-1-0x00007ff318a36700|[g:1][CONSENSUS][PBFT]checkTimeout Succ,view=175,toView=176,nodeIdx=2,changeCycle=1,myNode=73994dae...,timecost=6
info|2025-10-12 23:02:04.761952|PBFT-1-0x00007ff318a36700|[g:1][CONSENSUS][PBFT]checkAndChangeView: Reach consensus,org_view=175,cur_changeCycle=1,curView=175,view=176
info|2025-10-12 23:02:05.770224|PBFT-1-0x00007ff318a36700|[g:1][CONSENSUS]addRawPrepare,height=569,reqIdx=0,hash=b35ac431...,time=0
info|2025-10-12 23:02:05.778598|PBFT-1-0x00007ff318a36700|[g:1][CONSENSUS][PBFT]checkTimeout Succ,view=176,toView=177,nodeIdx=2,changeCycle=1,myNode=73994dae...,timecost=8
info|2025-10-12 23:02:05.789604|PBFT-1-0x00007ff318a36700|[g:1][CONSENSUS][PBFT]checkAndChangeView: Reach consensus,org_view=176,cur_changeCycle=1,curView=176,view=177
warning|2025-10-12 23:02:10.301755|PBFT-1-0x00007ff318a36700|[g:1][CONSENSUS][PBFT]ViewChangeWarning: not caused by omit empty block ,v=177,toV=178,curNum=568,hash=31e4bff8...,nodeIdx=2,myNode=73994dae...
info|2025-10-12 23:02:10.301947|PBFT-1-0x00007ff318a36700|[g:1][CONSENSUS][PBFT]checkTimeout Succ,view=177,toView=178,nodeIdx=2,changeCycle=2,myNode=73994dae...,timecost=1
info|2025-10-12 23:02:10.311215|PBFT-1-0x00007ff318a36700|[g:1][CONSENSUS][PBFT]checkAndChangeView: Reach consensus,org_view=177,cur_changeCycle=2,curView=177,view=178
info|2025-10-12 23:02:10.962612|io_service-0x00007ff332a6a700|[P2P][Service] heartBeat,connected count=3
info|2025-10-12 23:02:11.312990|PBFTSeal-1-0x00007ff311227700|[g:1][CONSENSUS][SEALER]++++++++++++++++ Generating seal on,blkNum=569,tx=0,nodeIdx=2,hash=60a77c99...
info|2025-10-12 23:02:11.325304|PBFT-1-0x00007ff318a36700|[g:1][CONSENSUS][PBFT]checkTimeout Succ,view=178,toView=179,nodeIdx=2,changeCycle=1,myNode=73994dae...,timecost=5
info|2025-10-12 23:02:11.330495|PBFT-1-0x00007ff318a36700|[g:1][CONSENSUS][PBFT]checkAndChangeView: Reach consensus,org_view=178,cur_changeCycle=1,curView=178,view=179
info|2025-10-12 23:02:12.345948|PBFT-1-0x00007ff318a36700|[g:1][CONSENSUS]addRawPrepare,height=569,reqIdx=3,hash=68a717a5...,time=0
info|2025-10-12 23:02:12.348800|PBFT-1-0x00007ff318a36700|[g:1][CONSENSUS][PBFT]checkTimeout Succ,view=179,toView=180,nodeIdx=2,changeCycle=1,myNode=73994dae...,timecost=2
info|2025-10-12 23:02:12.365494|PBFT-1-0x00007ff318a36700|[g:1][CONSENSUS][PBFT]checkAndChangeView: Reach consensus,org_view=179,cur_changeCycle=1,curView=179,view=180
info|2025-10-12 23:02:13.373121|PBFT-1-0x00007ff318a36700|[g:1][CONSENSUS]addRawPrepare,height=569,reqIdx=0,hash=e11c6ef2...,time=0
info|2025-10-12 23:02:13.377964|PBFT-1-0x00007ff318a36700|[g:1][CONSENSUS][PBFT]checkTimeout Succ,view=180,toView=181,nodeIdx=2,changeCycle=1,myNode=73994dae...,timecost=4
info|2025-10-12 23:02:13.382271|PBFT-1-0x00007ff318a36700|[g:1][CONSENSUS][PBFT]checkAndChangeView: Reach consensus,org_view=180,cur_changeCycle=1,curView=180,view=181
info|2025-10-12 23:02:16.246675|ChannelReq-0x00007ff330265700|[RPC][getGroupList]request
warning|2025-10-12 23:02:17.885043|PBFT-1-0x00007ff318a36700|[g:1][CONSENSUS][PBFT]ViewChangeWarning: not caused by omit empty block ,v=181,toV=182,curNum=568,hash=31e4bff8...,nodeIdx=2,myNode=73994dae...
info|2025-10-12 23:02:17.885322|PBFT-1-0x00007ff318a36700|[g:1][CONSENSUS][PBFT]checkTimeout Succ,view=181,toView=182,nodeIdx=2,changeCycle=2,myNode=73994dae...,timecost=3
info|2025-10-12 23:02:17.899029|PBFT-1-0x00007ff318a36700|[g:1][CONSENSUS][PBFT]checkAndChangeView: Reach consensus,org_view=181,cur_changeCycle=2,curView=181,view=182
info|2025-10-12 23:02:18.899512|PBFTSeal-1-0x00007ff311227700|[g:1][CONSENSUS][SEALER]++++++++++++++++ Generating seal on,blkNum=569,tx=0,nodeIdx=2,hash=12794510...
info|2025-10-12 23:02:18.907166|PBFT-1-0x00007ff318a36700|[g:1][CONSENSUS][PBFT]checkTimeout Succ,view=182,toView=183,nodeIdx=2,changeCycle=1,myNode=73994dae...,timecost=5
info|2025-10-12 23:02:18.922222|PBFT-1-0x00007ff318a36700|[g:1][CONSENSUS][PBFT]checkAndChangeView: Reach consensus,org_view=182,cur_changeCycle=1,curView=182,view=183
info|2025-10-12 23:02:19.932077|PBFT-1-0x00007ff318a36700|[g:1][CONSENSUS]addRawPrepare,height=569,reqIdx=3,hash=6b148e2e...,time=0
info|2025-10-12 23:02:19.936662|PBFT-1-0x00007ff318a36700|[g:1][CONSENSUS][PBFT]checkTimeout Succ,view=183,toView=184,nodeIdx=2,changeCycle=1,myNode=73994dae...,timecost=4
info|2025-10-12 23:02:19.945154|PBFT-1-0x00007ff318a36700|[g:1][CONSENSUS][PBFT]checkAndChangeView: Reach consensus,org_view=183,cur_changeCycle=1,curView=183,view=184
info|2025-10-12 23:02:20.963640|io_service-0x00007ff332a6a700|[P2P][Service] heartBeat,connected count=3
info|2025-10-12 23:02:20.971398|PBFT-1-0x00007ff318a36700|[g:1][CONSENSUS]addRawPrepare,height=569,reqIdx=0,hash=998df461...,time=0
info|2025-10-12 23:02:20.974726|PBFT-1-0x00007ff318a36700|[g:1][CONSENSUS][PBFT]checkTimeout Succ,view=184,toView=185,nodeIdx=2,changeCycle=1,myNode=73994dae...,timecost=3
info|2025-10-12 23:02:20.983756|PBFT-1-0x00007ff318a36700|[g:1][CONSENSUS][PBFT]checkAndChangeView: Reach consensus,org_view=184,cur_changeCycle=1,curView=184,view=185
info|2025-10-12 23:02:21.125737|P2P-0x00007ff33326b700|[g:1] [SYNC][id:73994dae...][Download][Request]Receive block request,peer=374bdfe9...,from=184,to=184
info|2025-10-12 23:02:21.126574|SyncSend-1-0x00007ff32524f700|[g:1][SYNC][id:73994dae...][Download][Request][BlockSync]Batch blocks for sending,blockSize=24480,number=184,peer=374bdfe9...,timeCost=0
info|2025-10-12 23:02:21.126713|SyncSend-1-0x00007ff32524f700|[g:1][g:1] [SYNC][id:374bdfe9...][Download][Request][BlockSync]Send block packet,peer=374bdfe9...,blocks=1,bytes(V)=24487
warning|2025-10-12 23:02:25.492181|PBFT-1-0x00007ff318a36700|[g:1][CONSENSUS][PBFT]ViewChangeWarning: not caused by omit empty block ,v=185,toV=186,curNum=568,hash=31e4bff8...,nodeIdx=2,myNode=73994dae...
info|2025-10-12 23:02:25.493787|PBFT-1-0x00007ff318a36700|[g:1][CONSENSUS][PBFT]checkTimeout Succ,view=185,toView=186,nodeIdx=2,changeCycle=2,myNode=73994dae...,timecost=5
info|2025-10-12 23:02:25.502386|PBFT-1-0x00007ff318a36700|[g:1][CONSENSUS][PBFT]checkAndChangeView: Reach consensus,org_view=185,cur_changeCycle=2,curView=185,view=186
info|2025-10-12 23:02:26.505019|PBFTSeal-1-0x00007ff311227700|[g:1][CONSENSUS][SEALER]++++++++++++++++ Generating seal on,blkNum=569,tx=0,nodeIdx=2,hash=0b443120...
info|2025-10-12 23:02:26.516533|PBFT-1-0x00007ff318a36700|[g:1][CONSENSUS][PBFT]checkTimeout Succ,view=186,toView=187,nodeIdx=2,changeCycle=1,myNode=73994dae...,timecost=3
info|2025-10-12 23:02:26.547442|PBFT-1-0x00007ff318a36700|[g:1][CONSENSUS][PBFT]checkAndChangeView: Reach consensus,org_view=186,cur_changeCycle=1,curView=186,view=187
info|2025-10-12 23:02:27.569852|PBFT-1-0x00007ff318a36700|[g:1][CONSENSUS]addRawPrepare,height=569,reqIdx=3,hash=e919db43...,time=0
info|2025-10-12 23:02:27.575310|PBFT-1-0x00007ff318a36700|[g:1][CONSENSUS][PBFT]checkTimeout Succ,view=187,toView=188,nodeIdx=2,changeCycle=1,myNode=73994dae...,timecost=5
info|2025-10-12 23:02:27.583055|PBFT-1-0x00007ff318a36700|[g:1][CONSENSUS][PBFT]checkAndChangeView: Reach consensus,org_view=187,cur_changeCycle=1,curView=187,view=188
info|2025-10-12 23:02:28.596121|PBFT-1-0x00007ff318a36700|[g:1][CONSENSUS]addRawPrepare,height=569,reqIdx=0,hash=534d3bc1...,time=0
info|2025-10-12 23:02:28.606430|PBFT-1-0x00007ff318a36700|[g:1][CONSENSUS][PBFT]checkTimeout Succ,view=188,toView=189,nodeIdx=2,changeCycle=1,myNode=73994dae...,timecost=10
info|2025-10-12 23:02:28.614845|PBFT-1-0x00007ff318a36700|[g:1][CONSENSUS][PBFT]checkAndChangeView: Reach consensus,org_view=188,cur_changeCycle=1,curView=188,view=189
info|2025-10-12 23:02:30.964340|io_service-0x00007ff332a6a700|[P2P][Service] heartBeat,connected count=3
warning|2025-10-12 23:02:33.126168|PBFT-1-0x00007ff318a36700|[g:1][CONSENSUS][PBFT]ViewChangeWarning: not caused by omit empty block ,v=189,toV=190,curNum=568,hash=31e4bff8...,nodeIdx=2,myNode=73994dae...
info|2025-10-12 23:02:33.126428|PBFT-1-0x00007ff318a36700|[g:1][CONSENSUS][PBFT]checkTimeout Succ,view=189,toView=190,nodeIdx=2,changeCycle=2,myNode=73994dae...,timecost=3
info|2025-10-12 23:02:33.134895|PBFT-1-0x00007ff318a36700|[g:1][CONSENSUS][PBFT]checkAndChangeView: Reach consensus,org_view=189,cur_changeCycle=2,curView=189,view=190
info|2025-10-12 23:02:34.136711|PBFTSeal-1-0x00007ff311227700|[g:1][CONSENSUS][SEALER]++++++++++++++++ Generating seal on,blkNum=569,tx=0,nodeIdx=2,hash=ff50fd49...
info|2025-10-12 23:02:34.141041|P2P-0x00007ff33426d700|[g:1] [SYNC][id:73994dae...][Download][Request]Receive block request,peer=374bdfe9...,from=184,to=184
info|2025-10-12 23:02:34.143561|SyncSend-1-0x00007ff32524f700|[g:1][SYNC][id:73994dae...][Download][Request][BlockSync]Batch blocks for sending,blockSize=24480,number=184,peer=374bdfe9...,timeCost=0
info|2025-10-12 23:02:34.143712|SyncSend-1-0x00007ff32524f700|[g:1][g:1] [SYNC][id:374bdfe9...][Download][Request][BlockSync]Send block packet,peer=374bdfe9...,blocks=1,bytes(V)=24487
info|2025-10-12 23:02:34.150122|PBFT-1-0x00007ff318a36700|[g:1][CONSENSUS][PBFT]checkTimeout Succ,view=190,toView=191,nodeIdx=2,changeCycle=1,myNode=73994dae...,timecost=4
info|2025-10-12 23:02:34.160365|PBFT-1-0x00007ff318a36700|[g:1][CONSENSUS][PBFT]checkAndChangeView: Reach consensus,org_view=190,cur_changeCycle=1,curView=190,view=191
info|2025-10-12 23:02:35.172227|PBFT-1-0x00007ff318a36700|[g:1][CONSENSUS]addRawPrepare,height=569,reqIdx=3,hash=3cdb82ef...,time=0
info|2025-10-12 23:02:35.176242|PBFT-1-0x00007ff318a36700|[g:1][CONSENSUS][PBFT]checkTimeout Succ,view=191,toView=192,nodeIdx=2,changeCycle=1,myNode=73994dae...,timecost=4
info|2025-10-12 23:02:35.189525|PBFT-1-0x00007ff318a36700|[g:1][CONSENSUS][PBFT]checkAndChangeView: Reach consensus,org_view=191,cur_changeCycle=1,curView=191,view=192
info|2025-10-12 23:02:36.192038|PBFT-1-0x00007ff318a36700|[g:1][CONSENSUS]addRawPrepare,height=569,reqIdx=0,hash=6b4d6a1c...,time=0
info|2025-10-12 23:02:36.194677|PBFT-1-0x00007ff318a36700|[g:1][CONSENSUS][PBFT]checkTimeout Succ,view=192,toView=193,nodeIdx=2,changeCycle=1,myNode=73994dae...,timecost=2
info|2025-10-12 23:02:36.205009|PBFT-1-0x00007ff318a36700|[g:1][CONSENSUS][PBFT]checkAndChangeView: Reach consensus,org_view=192,cur_changeCycle=1,curView=192,view=193
warning|2025-10-12 23:02:40.714713|PBFT-1-0x00007ff318a36700|[g:1][CONSENSUS][PBFT]ViewChangeWarning: not caused by omit empty block ,v=193,toV=194,curNum=568,hash=31e4bff8...,nodeIdx=2,myNode=73994dae...
info|2025-10-12 23:02:40.714959|PBFT-1-0x00007ff318a36700|[g:1][CONSENSUS][PBFT]checkTimeout Succ,view=193,toView=194,nodeIdx=2,changeCycle=2,myNode=73994dae...,timecost=5
info|2025-10-12 23:02:40.728707|PBFT-1-0x00007ff318a36700|[g:1][CONSENSUS][PBFT]checkAndChangeView: Reach consensus,org_view=193,cur_changeCycle=2,curView=193,view=194
info|2025-10-12 23:02:40.965018|io_service-0x00007ff332a6a700|[P2P][Service] heartBeat,connected count=3
info|2025-10-12 23:02:41.728911|PBFTSeal-1-0x00007ff311227700|[g:1][CONSENSUS][SEALER]++++++++++++++++ Generating seal on,blkNum=569,tx=0,nodeIdx=2,hash=ef3e7c39...
info|2025-10-12 23:02:41.746828|PBFT-1-0x00007ff318a36700|[g:1][CONSENSUS][PBFT]checkTimeout Succ,view=194,toView=195,nodeIdx=2,changeCycle=1,myNode=73994dae...,timecost=3
info|2025-10-12 23:02:41.756436|PBFT-1-0x00007ff318a36700|[g:1][CONSENSUS][PBFT]checkAndChangeView: Reach consensus,org_view=194,cur_changeCycle=1,curView=194,view=195
info|2025-10-12 23:02:42.766383|PBFT-1-0x00007ff318a36700|[g:1][CONSENSUS]addRawPrepare,height=569,reqIdx=3,hash=3242bf36...,time=0
info|2025-10-12 23:02:42.769674|PBFT-1-0x00007ff318a36700|[g:1][CONSENSUS][PBFT]checkTimeout Succ,view=195,toView=196,nodeIdx=2,changeCycle=1,myNode=73994dae...,timecost=3
info|2025-10-12 23:02:42.782773|PBFT-1-0x00007ff318a36700|[g:1][CONSENSUS][PBFT]checkAndChangeView: Reach consensus,org_view=195,cur_changeCycle=1,curView=195,view=196
info|2025-10-12 23:02:43.792594|PBFT-1-0x00007ff318a36700|[g:1][CONSENSUS]addRawPrepare,height=569,reqIdx=0,hash=f5f7269e...,time=0
info|2025-10-12 23:02:43.800180|PBFT-1-0x00007ff318a36700|[g:1][CONSENSUS][PBFT]checkTimeout Succ,view=196,toView=197,nodeIdx=2,changeCycle=1,myNode=73994dae...,timecost=8
info|2025-10-12 23:02:43.806511|PBFT-1-0x00007ff318a36700|[g:1][CONSENSUS][PBFT]checkAndChangeView: Reach consensus,org_view=196,cur_changeCycle=1,curView=196,view=197
warning|2025-10-12 23:02:48.307918|PBFT-1-0x00007ff318a36700|[g:1][CONSENSUS][PBFT]ViewChangeWarning: not caused by omit empty block ,v=197,toV=198,curNum=568,hash=31e4bff8...,nodeIdx=2,myNode=73994dae...
info|2025-10-12 23:02:48.308190|PBFT-1-0x00007ff318a36700|[g:1][CONSENSUS][PBFT]checkTimeout Succ,view=197,toView=198,nodeIdx=2,changeCycle=2,myNode=73994dae...,timecost=2
info|2025-10-12 23:02:48.322183|PBFT-1-0x00007ff318a36700|[g:1][CONSENSUS][PBFT]checkAndChangeView: Reach consensus,org_view=197,cur_changeCycle=2,curView=197,view=198
info|2025-10-12 23:02:49.323168|PBFTSeal-1-0x00007ff311227700|[g:1][CONSENSUS][SEALER]++++++++++++++++ Generating seal on,blkNum=569,tx=0,nodeIdx=2,hash=42c6f8a5...
info|2025-10-12 23:02:49.336028|PBFT-1-0x00007ff318a36700|[g:1][CONSENSUS][PBFT]checkTimeout Succ,view=198,toView=199,nodeIdx=2,changeCycle=1,myNode=73994dae...,timecost=4
info|2025-10-12 23:02:49.344508|PBFT-1-0x00007ff318a36700|[g:1][CONSENSUS][PBFT]checkAndChangeView: Reach consensus,org_view=198,cur_changeCycle=1,curView=198,view=199
info|2025-10-12 23:02:50.361947|PBFT-1-0x00007ff318a36700|[g:1][CONSENSUS]addRawPrepare,height=569,reqIdx=3,hash=a87e928d...,time=0
info|2025-10-12 23:02:50.369200|PBFT-1-0x00007ff318a36700|[g:1][CONSENSUS][PBFT]checkTimeout Succ,view=199,toView=200,nodeIdx=2,changeCycle=1,myNode=73994dae...,timecost=4
info|2025-10-12 23:02:50.381440|PBFT-1-0x00007ff318a36700|[g:1][CONSENSUS][PBFT]checkAndChangeView: Reach consensus,org_view=199,cur_changeCycle=1,curView=199,view=200
info|2025-10-12 23:02:50.965252|io_service-0x00007ff332a6a700|[P2P][Service] heartBeat,connected count=3
info|2025-10-12 23:02:51.389072|PBFT-1-0x00007ff318a36700|[g:1][CONSENSUS]addRawPrepare,height=569,reqIdx=0,hash=c069a4bc...,time=0
info|2025-10-12 23:02:51.392201|PBFT-1-0x00007ff318a36700|[g:1][CONSENSUS][PBFT]checkTimeout Succ,view=200,toView=201,nodeIdx=2,changeCycle=1,myNode=73994dae...,timecost=3
info|2025-10-12 23:02:51.401712|PBFT-1-0x00007ff318a36700|[g:1][CONSENSUS][PBFT]checkAndChangeView: Reach consensus,org_view=200,cur_changeCycle=1,curView=200,view=201
info|2025-10-12 23:02:53.614467|P2P-0x00007ff33326b700|[g:1] [SYNC][id:73994dae...][Download][Request]Receive block request,peer=374bdfe9...,from=184,to=184
info|2025-10-12 23:02:53.614917|SyncSend-1-0x00007ff32524f700|[g:1][SYNC][id:73994dae...][Download][Request][BlockSync]Batch blocks for sending,blockSize=24480,number=184,peer=374bdfe9...,timeCost=0
info|2025-10-12 23:02:53.614989|SyncSend-1-0x00007ff32524f700|[g:1][g:1] [SYNC][id:374bdfe9...][Download][Request][BlockSync]Send block packet,peer=374bdfe9...,blocks=1,bytes(V)=24487
warning|2025-10-12 23:02:55.910909|PBFT-1-0x00007ff318a36700|[g:1][CONSENSUS][PBFT]ViewChangeWarning: not caused by omit empty block ,v=201,toV=202,curNum=568,hash=31e4bff8...,nodeIdx=2,myNode=73994dae...
info|2025-10-12 23:02:55.911714|PBFT-1-0x00007ff318a36700|[g:1][CONSENSUS][PBFT]checkTimeout Succ,view=201,toView=202,nodeIdx=2,changeCycle=2,myNode=73994dae...,timecost=2
info|2025-10-12 23:02:55.920229|PBFT-1-0x00007ff318a36700|[g:1][CONSENSUS][PBFT]checkAndChangeView: Reach consensus,org_view=201,cur_changeCycle=2,curView=201,view=202
info|2025-10-12 23:02:56.921217|PBFTSeal-1-0x00007ff311227700|[g:1][CONSENSUS][SEALER]++++++++++++++++ Generating seal on,blkNum=569,tx=0,nodeIdx=2,hash=ddb590d4...
info|2025-10-12 23:02:56.928124|PBFT-1-0x00007ff318a36700|[g:1][CONSENSUS][PBFT]checkTimeout Succ,view=202,toView=203,nodeIdx=2,changeCycle=1,myNode=73994dae...,timecost=4
info|2025-10-12 23:02:56.939799|PBFT-1-0x00007ff318a36700|[g:1][CONSENSUS][PBFT]checkAndChangeView: Reach consensus,org_view=202,cur_changeCycle=1,curView=202,view=203
info|2025-10-12 23:02:57.947408|PBFT-1-0x00007ff318a36700|[g:1][CONSENSUS]addRawPrepare,height=569,reqIdx=3,hash=80f54d9a...,time=0
info|2025-10-12 23:02:57.953595|PBFT-1-0x00007ff318a36700|[g:1][CONSENSUS][PBFT]checkTimeout Succ,view=203,toView=204,nodeIdx=2,changeCycle=1,myNode=73994dae...,timecost=6
info|2025-10-12 23:02:57.961201|PBFT-1-0x00007ff318a36700|[g:1][CONSENSUS][PBFT]checkAndChangeView: Reach consensus,org_view=203,cur_changeCycle=1,curView=203,view=204
info|2025-10-12 23:02:59.005502|PBFT-1-0x00007ff318a36700|[g:1][CONSENSUS]addRawPrepare,height=569,reqIdx=0,hash=801fc9af...,time=0
info|2025-10-12 23:02:59.008624|PBFT-1-0x00007ff318a36700|[g:1][CONSENSUS][PBFT]checkTimeout Succ,view=204,toView=205,nodeIdx=2,changeCycle=1,myNode=73994dae...,timecost=3
info|2025-10-12 23:02:59.012497|PBFT-1-0x00007ff318a36700|[g:1][CONSENSUS][PBFT]checkAndChangeView: Reach consensus,org_view=204,cur_changeCycle=1,curView=204,view=205
info|2025-10-12 23:03:00.965611|io_service-0x00007ff332a6a700|[P2P][Service] heartBeat,connected count=3
warning|2025-10-12 23:03:03.517177|PBFT-1-0x00007ff318a36700|[g:1][CONSENSUS][PBFT]ViewChangeWarning: not caused by omit empty block ,v=205,toV=206,curNum=568,hash=31e4bff8...,nodeIdx=2,myNode=73994dae...
info|2025-10-12 23:03:03.524293|PBFT-1-0x00007ff318a36700|[g:1][CONSENSUS][PBFT]checkTimeout Succ,view=205,toView=206,nodeIdx=2,changeCycle=2,myNode=73994dae...,timecost=10
info|2025-10-12 23:03:03.534089|PBFT-1-0x00007ff318a36700|[g:1][CONSENSUS][PBFT]checkAndChangeView: Reach consensus,org_view=205,cur_changeCycle=2,curView=205,view=206
info|2025-10-12 23:03:04.536911|PBFTSeal-1-0x00007ff311227700|[g:1][CONSENSUS][SEALER]++++++++++++++++ Generating seal on,blkNum=569,tx=0,nodeIdx=2,hash=7fcf0bb2...
info|2025-10-12 23:03:04.553256|PBFT-1-0x00007ff318a36700|[g:1][CONSENSUS][PBFT]checkTimeout Succ,view=206,toView=207,nodeIdx=2,changeCycle=1,myNode=73994dae...,timecost=5
info|2025-10-12 23:03:04.559075|PBFT-1-0x00007ff318a36700|[g:1][CONSENSUS][PBFT]checkAndChangeView: Reach consensus,org_view=206,cur_changeCycle=1,curView=206,view=207
info|2025-10-12 23:03:05.570658|PBFT-1-0x00007ff318a36700|[g:1][CONSENSUS]addRawPrepare,height=569,reqIdx=3,hash=773eca68...,time=0
info|2025-10-12 23:03:05.581880|PBFT-1-0x00007ff318a36700|[g:1][CONSENSUS][PBFT]checkTimeout Succ,view=207,toView=208,nodeIdx=2,changeCycle=1,myNode=73994dae...,timecost=11
info|2025-10-12 23:03:05.588940|PBFT-1-0x00007ff318a36700|[g:1][CONSENSUS][PBFT]checkAndChangeView: Reach consensus,org_view=207,cur_changeCycle=1,curView=207,view=208
info|2025-10-12 23:03:06.593690|PBFT-1-0x00007ff318a36700|[g:1][CONSENSUS]addRawPrepare,height=569,reqIdx=0,hash=0617b2ae...,time=0
info|2025-10-12 23:03:06.598136|PBFT-1-0x00007ff318a36700|[g:1][CONSENSUS][PBFT]checkTimeout Succ,view=208,toView=209,nodeIdx=2,changeCycle=1,myNode=73994dae...,timecost=4
info|2025-10-12 23:03:06.610177|PBFT-1-0x00007ff318a36700|[g:1][CONSENSUS][PBFT]checkAndChangeView: Reach consensus,org_view=208,cur_changeCycle=1,curView=208,view=209
info|2025-10-12 23:03:10.967195|io_service-0x00007ff332a6a700|[P2P][Service] heartBeat,connected count=3
warning|2025-10-12 23:03:11.117071|PBFT-1-0x00007ff318a36700|[g:1][CONSENSUS][PBFT]ViewChangeWarning: not caused by omit empty block ,v=209,toV=210,curNum=568,hash=31e4bff8...,nodeIdx=2,myNode=73994dae...
info|2025-10-12 23:03:11.118300|PBFT-1-0x00007ff318a36700|[g:1][CONSENSUS][PBFT]checkTimeout Succ,view=209,toView=210,nodeIdx=2,changeCycle=2,myNode=73994dae...,timecost=5
info|2025-10-12 23:03:11.126079|PBFT-1-0x00007ff318a36700|[g:1][CONSENSUS][PBFT]checkAndChangeView: Reach consensus,org_view=209,cur_changeCycle=2,curView=209,view=210
info|2025-10-12 23:03:12.128381|PBFTSeal-1-0x00007ff311227700|[g:1][CONSENSUS][SEALER]++++++++++++++++ Generating seal on,blkNum=569,tx=0,nodeIdx=2,hash=5e95c1bb...
info|2025-10-12 23:03:12.139000|PBFT-1-0x00007ff318a36700|[g:1][CONSENSUS][PBFT]checkTimeout Succ,view=210,toView=211,nodeIdx=2,changeCycle=1,myNode=73994dae...,timecost=2
info|2025-10-12 23:03:12.146086|PBFT-1-0x00007ff318a36700|[g:1][CONSENSUS][PBFT]checkAndChangeView: Reach consensus,org_view=210,cur_changeCycle=1,curView=210,view=211
info|2025-10-12 23:03:13.157677|PBFT-1-0x00007ff318a36700|[g:1][CONSENSUS]addRawPrepare,height=569,reqIdx=3,hash=f68b76ba...,time=0
info|2025-10-12 23:03:13.161740|PBFT-1-0x00007ff318a36700|[g:1][CONSENSUS][PBFT]checkTimeout Succ,view=211,toView=212,nodeIdx=2,changeCycle=1,myNode=73994dae...,timecost=4
info|2025-10-12 23:03:13.177422|PBFT-1-0x00007ff318a36700|[g:1][CONSENSUS][PBFT]checkAndChangeView: Reach consensus,org_view=211,cur_changeCycle=1,curView=211,view=212
info|2025-10-12 23:03:14.196481|PBFT-1-0x00007ff318a36700|[g:1][CONSENSUS]addRawPrepare,height=569,reqIdx=0,hash=00955c7e...,time=0
info|2025-10-12 23:03:14.201668|PBFT-1-0x00007ff318a36700|[g:1][CONSENSUS][PBFT]checkTimeout Succ,view=212,toView=213,nodeIdx=2,changeCycle=1,myNode=73994dae...,timecost=5
info|2025-10-12 23:03:14.209865|PBFT-1-0x00007ff318a36700|[g:1][CONSENSUS][PBFT]checkAndChangeView: Reach consensus,org_view=212,cur_changeCycle=1,curView=212,view=213
info|2025-10-12 23:03:16.247043|ChannelReq-0x00007ff32fa64700|[RPC][getGroupList]request
warning|2025-10-12 23:03:18.720615|PBFT-1-0x00007ff318a36700|[g:1][CONSENSUS][PBFT]ViewChangeWarning: not caused by omit empty block ,v=213,toV=214,curNum=568,hash=31e4bff8...,nodeIdx=2,myNode=73994dae...
info|2025-10-12 23:03:18.723082|PBFT-1-0x00007ff318a36700|[g:1][CONSENSUS][PBFT]checkTimeout Succ,view=213,toView=214,nodeIdx=2,changeCycle=2,myNode=73994dae...,timecost=4
info|2025-10-12 23:03:18.736159|PBFT-1-0x00007ff318a36700|[g:1][CONSENSUS][PBFT]checkAndChangeView: Reach consensus,org_view=213,cur_changeCycle=2,curView=213,view=214
info|2025-10-12 23:03:19.712701|P2P-0x00007ff334a6e700|[g:1] [SYNC][id:73994dae...][Download][Request]Receive block request,peer=374bdfe9...,from=184,to=184
info|2025-10-12 23:03:19.713468|SyncSend-1-0x00007ff32524f700|[g:1][SYNC][id:73994dae...][Download][Request][BlockSync]Batch blocks for sending,blockSize=24480,number=184,peer=374bdfe9...,timeCost=0
info|2025-10-12 23:03:19.713675|SyncSend-1-0x00007ff32524f700|[g:1][g:1] [SYNC][id:374bdfe9...][Download][Request][BlockSync]Send block packet,peer=374bdfe9...,blocks=1,bytes(V)=24487
info|2025-10-12 23:03:19.737624|PBFTSeal-1-0x00007ff311227700|[g:1][CONSENSUS][SEALER]++++++++++++++++ Generating seal on,blkNum=569,tx=0,nodeIdx=2,hash=3c79c979...
info|2025-10-12 23:03:19.751541|PBFT-1-0x00007ff318a36700|[g:1][CONSENSUS][PBFT]checkTimeout Succ,view=214,toView=215,nodeIdx=2,changeCycle=1,myNode=73994dae...,timecost=5
info|2025-10-12 23:03:19.758590|PBFT-1-0x00007ff318a36700|[g:1][CONSENSUS][PBFT]checkAndChangeView: Reach consensus,org_view=214,cur_changeCycle=1,curView=214,view=215
info|2025-10-12 23:03:20.768430|PBFT-1-0x00007ff318a36700|[g:1][CONSENSUS]addRawPrepare,height=569,reqIdx=3,hash=c7fec23e...,time=0
info|2025-10-12 23:03:20.777350|PBFT-1-0x00007ff318a36700|[g:1][CONSENSUS][PBFT]checkTimeout Succ,view=215,toView=216,nodeIdx=2,changeCycle=1,myNode=73994dae...,timecost=9
info|2025-10-12 23:03:20.789992|PBFT-1-0x00007ff318a36700|[g:1][CONSENSUS][PBFT]checkAndChangeView: Reach consensus,org_view=215,cur_changeCycle=1,curView=215,view=216
info|2025-10-12 23:03:20.968210|io_service-0x00007ff332a6a700|[P2P][Service] heartBeat,connected count=3
info|2025-10-12 23:03:21.798374|PBFT-1-0x00007ff318a36700|[g:1][CONSENSUS]addRawPrepare,height=569,reqIdx=0,hash=b6633e4c...,time=0
info|2025-10-12 23:03:21.805107|PBFT-1-0x00007ff318a36700|[g:1][CONSENSUS][PBFT]checkTimeout Succ,view=216,toView=217,nodeIdx=2,changeCycle=1,myNode=73994dae...,timecost=7
info|2025-10-12 23:03:21.813144|PBFT-1-0x00007ff318a36700|[g:1][CONSENSUS][PBFT]checkAndChangeView: Reach consensus,org_view=216,cur_changeCycle=1,curView=216,view=217
info|2025-10-12 23:03:26.183295|P2P-0x00007ff33426d700|[g:1] [SYNC][id:73994dae...][Download][Request]Receive block request,peer=374bdfe9...,from=184,to=184
info|2025-10-12 23:03:26.183919|SyncSend-1-0x00007ff32524f700|[g:1][SYNC][id:73994dae...][Download][Request][BlockSync]Batch blocks for sending,blockSize=24480,number=184,peer=374bdfe9...,timeCost=0
info|2025-10-12 23:03:26.183996|SyncSend-1-0x00007ff32524f700|[g:1][g:1] [SYNC][id:374bdfe9...][Download][Request][BlockSync]Send block packet,peer=374bdfe9...,blocks=1,bytes(V)=24487
warning|2025-10-12 23:03:26.319810|PBFT-1-0x00007ff318a36700|[g:1][CONSENSUS][PBFT]ViewChangeWarning: not caused by omit empty block ,v=217,toV=218,curNum=568,hash=31e4bff8...,nodeIdx=2,myNode=73994dae...
info|2025-10-12 23:03:26.320011|PBFT-1-0x00007ff318a36700|[g:1][CONSENSUS][PBFT]checkTimeout Succ,view=217,toView=218,nodeIdx=2,changeCycle=2,myNode=73994dae...,timecost=4
info|2025-10-12 23:03:26.327379|PBFT-1-0x00007ff318a36700|[g:1][CONSENSUS][PBFT]checkAndChangeView: Reach consensus,org_view=217,cur_changeCycle=2,curView=217,view=218
info|2025-10-12 23:03:27.329383|PBFTSeal-1-0x00007ff311227700|[g:1][CONSENSUS][SEALER]++++++++++++++++ Generating seal on,blkNum=569,tx=0,nodeIdx=2,hash=b0d1a10a...
info|2025-10-12 23:03:27.340357|PBFT-1-0x00007ff318a36700|[g:1][CONSENSUS][PBFT]checkTimeout Succ,view=218,toView=219,nodeIdx=2,changeCycle=1,myNode=73994dae...,timecost=7
info|2025-10-12 23:03:27.353862|PBFT-1-0x00007ff318a36700|[g:1][CONSENSUS][PBFT]checkAndChangeView: Reach consensus,org_view=218,cur_changeCycle=1,curView=218,view=219
info|2025-10-12 23:03:28.368857|PBFT-1-0x00007ff318a36700|[g:1][CONSENSUS]addRawPrepare,height=569,reqIdx=3,hash=36afea78...,time=0
info|2025-10-12 23:03:28.372000|PBFT-1-0x00007ff318a36700|[g:1][CONSENSUS][PBFT]checkTimeout Succ,view=219,toView=220,nodeIdx=2,changeCycle=1,myNode=73994dae...,timecost=4
info|2025-10-12 23:03:28.385757|PBFT-1-0x00007ff318a36700|[g:1][CONSENSUS][PBFT]checkAndChangeView: Reach consensus,org_view=219,cur_changeCycle=1,curView=219,view=220
info|2025-10-12 23:03:29.387967|PBFT-1-0x00007ff318a36700|[g:1][CONSENSUS]addRawPrepare,height=569,reqIdx=0,hash=7837d0de...,time=0
info|2025-10-12 23:03:29.390169|PBFT-1-0x00007ff318a36700|[g:1][CONSENSUS][PBFT]checkTimeout Succ,view=220,toView=221,nodeIdx=2,changeCycle=1,myNode=73994dae...,timecost=2
info|2025-10-12 23:03:29.406019|PBFT-1-0x00007ff318a36700|[g:1][CONSENSUS][PBFT]checkAndChangeView: Reach consensus,org_view=220,cur_changeCycle=1,curView=220,view=221
info|2025-10-12 23:03:30.969252|io_service-0x00007ff332a6a700|[P2P][Service] heartBeat,connected count=3
info|2025-10-12 23:03:32.722472|P2P-0x00007ff333a6c700|[g:1] [SYNC][id:73994dae...][Download][Request]Receive block request,peer=374bdfe9...,from=184,to=184
info|2025-10-12 23:03:32.723370|SyncSend-1-0x00007ff32524f700|[g:1][SYNC][id:73994dae...][Download][Request][BlockSync]Batch blocks for sending,blockSize=24480,number=184,peer=374bdfe9...,timeCost=0
info|2025-10-12 23:03:32.723539|SyncSend-1-0x00007ff32524f700|[g:1][g:1] [SYNC][id:374bdfe9...][Download][Request][BlockSync]Send block packet,peer=374bdfe9...,blocks=1,bytes(V)=24487
warning|2025-10-12 23:03:33.910654|PBFT-1-0x00007ff318a36700|[g:1][CONSENSUS][PBFT]ViewChangeWarning: not caused by omit empty block ,v=221,toV=222,curNum=568,hash=31e4bff8...,nodeIdx=2,myNode=73994dae...
info|2025-10-12 23:03:33.910961|PBFT-1-0x00007ff318a36700|[g:1][CONSENSUS][PBFT]checkTimeout Succ,view=221,toView=222,nodeIdx=2,changeCycle=2,myNode=73994dae...,timecost=3
info|2025-10-12 23:03:33.919967|PBFT-1-0x00007ff318a36700|[g:1][CONSENSUS][PBFT]checkAndChangeView: Reach consensus,org_view=221,cur_changeCycle=2,curView=221,view=222
info|2025-10-12 23:03:34.920674|PBFTSeal-1-0x00007ff311227700|[g:1][CONSENSUS][SEALER]++++++++++++++++ Generating seal on,blkNum=569,tx=0,nodeIdx=2,hash=d207d88e...
info|2025-10-12 23:03:34.929658|PBFT-1-0x00007ff318a36700|[g:1][CONSENSUS][PBFT]checkTimeout Succ,view=222,toView=223,nodeIdx=2,changeCycle=1,myNode=73994dae...,timecost=4
info|2025-10-12 23:03:34.947212|PBFT-1-0x00007ff318a36700|[g:1][CONSENSUS][PBFT]checkAndChangeView: Reach consensus,org_view=222,cur_changeCycle=1,curView=222,view=223
info|2025-10-12 23:03:35.956359|PBFT-1-0x00007ff318a36700|[g:1][CONSENSUS]addRawPrepare,height=569,reqIdx=3,hash=3709ca61...,time=0
info|2025-10-12 23:03:35.960867|PBFT-1-0x00007ff318a36700|[g:1][CONSENSUS][PBFT]checkTimeout Succ,view=223,toView=224,nodeIdx=2,changeCycle=1,myNode=73994dae...,timecost=4
info|2025-10-12 23:03:35.967192|PBFT-1-0x00007ff318a36700|[g:1][CONSENSUS][PBFT]checkAndChangeView: Reach consensus,org_view=223,cur_changeCycle=1,curView=223,view=224
info|2025-10-12 23:03:36.979128|PBFT-1-0x00007ff318a36700|[g:1][CONSENSUS]addRawPrepare,height=569,reqIdx=0,hash=05756c27...,time=0
info|2025-10-12 23:03:36.984588|PBFT-1-0x00007ff318a36700|[g:1][CONSENSUS][PBFT]checkTimeout Succ,view=224,toView=225,nodeIdx=2,changeCycle=1,myNode=73994dae...,timecost=5
info|2025-10-12 23:03:36.993618|PBFT-1-0x00007ff318a36700|[g:1][CONSENSUS][PBFT]checkAndChangeView: Reach consensus,org_view=224,cur_changeCycle=1,curView=224,view=225
info|2025-10-12 23:03:40.970152|io_service-0x00007ff332a6a700|[P2P][Service] heartBeat,connected count=3
warning|2025-10-12 23:03:41.499910|PBFT-1-0x00007ff318a36700|[g:1][CONSENSUS][PBFT]ViewChangeWarning: not caused by omit empty block ,v=225,toV=226,curNum=568,hash=31e4bff8...,nodeIdx=2,myNode=73994dae...
info|2025-10-12 23:03:41.501817|PBFT-1-0x00007ff318a36700|[g:1][CONSENSUS][PBFT]checkTimeout Succ,view=225,toView=226,nodeIdx=2,changeCycle=2,myNode=73994dae...,timecost=5
info|2025-10-12 23:03:41.512808|PBFT-1-0x00007ff318a36700|[g:1][CONSENSUS][PBFT]checkAndChangeView: Reach consensus,org_view=225,cur_changeCycle=2,curView=225,view=226
info|2025-10-12 23:03:42.513159|PBFTSeal-1-0x00007ff311227700|[g:1][CONSENSUS][SEALER]++++++++++++++++ Generating seal on,blkNum=569,tx=0,nodeIdx=2,hash=55c81e25...
info|2025-10-12 23:03:42.519257|PBFT-1-0x00007ff318a36700|[g:1][CONSENSUS][PBFT]checkTimeout Succ,view=226,toView=227,nodeIdx=2,changeCycle=1,myNode=73994dae...,timecost=2
info|2025-10-12 23:03:42.532978|PBFT-1-0x00007ff318a36700|[g:1][CONSENSUS][PBFT]checkAndChangeView: Reach consensus,org_view=226,cur_changeCycle=1,curView=226,view=227
info|2025-10-12 23:03:43.543089|PBFT-1-0x00007ff318a36700|[g:1][CONSENSUS]addRawPrepare,height=569,reqIdx=3,hash=eb6e4685...,time=0
info|2025-10-12 23:03:43.551384|PBFT-1-0x00007ff318a36700|[g:1][CONSENSUS][PBFT]checkTimeout Succ,view=227,toView=228,nodeIdx=2,changeCycle=1,myNode=73994dae...,timecost=8
info|2025-10-12 23:03:43.561507|PBFT-1-0x00007ff318a36700|[g:1][CONSENSUS][PBFT]checkAndChangeView: Reach consensus,org_view=227,cur_changeCycle=1,curView=227,view=228
info|2025-10-12 23:03:44.569239|PBFT-1-0x00007ff318a36700|[g:1][CONSENSUS]addRawPrepare,height=569,reqIdx=0,hash=ad0342d2...,time=0
info|2025-10-12 23:03:44.575062|PBFT-1-0x00007ff318a36700|[g:1][CONSENSUS][PBFT]checkTimeout Succ,view=228,toView=229,nodeIdx=2,changeCycle=1,myNode=73994dae...,timecost=6
info|2025-10-12 23:03:44.583600|PBFT-1-0x00007ff318a36700|[g:1][CONSENSUS][PBFT]checkAndChangeView: Reach consensus,org_view=228,cur_changeCycle=1,curView=228,view=229
warning|2025-10-12 23:03:49.087438|PBFT-1-0x00007ff318a36700|[g:1][CONSENSUS][PBFT]ViewChangeWarning: not caused by omit empty block ,v=229,toV=230,curNum=568,hash=31e4bff8...,nodeIdx=2,myNode=73994dae...
info|2025-10-12 23:03:49.089183|PBFT-1-0x00007ff318a36700|[g:1][CONSENSUS][PBFT]checkTimeout Succ,view=229,toView=230,nodeIdx=2,changeCycle=2,myNode=73994dae...,timecost=5
info|2025-10-12 23:03:49.091823|PBFT-1-0x00007ff318a36700|[g:1][CONSENSUS][PBFT]checkAndChangeView: Reach consensus,org_view=229,cur_changeCycle=2,curView=229,view=230
info|2025-10-12 23:03:50.092932|PBFTSeal-1-0x00007ff311227700|[g:1][CONSENSUS][SEALER]++++++++++++++++ Generating seal on,blkNum=569,tx=0,nodeIdx=2,hash=b679298a...
info|2025-10-12 23:03:50.107462|PBFT-1-0x00007ff318a36700|[g:1][CONSENSUS][PBFT]checkTimeout Succ,view=230,toView=231,nodeIdx=2,changeCycle=1,myNode=73994dae...,timecost=5
info|2025-10-12 23:03:50.110129|PBFT-1-0x00007ff318a36700|[g:1][CONSENSUS][PBFT]checkAndChangeView: Reach consensus,org_view=230,cur_changeCycle=1,curView=230,view=231
info|2025-10-12 23:03:50.970916|io_service-0x00007ff332a6a700|[P2P][Service] heartBeat,connected count=3
info|2025-10-12 23:03:51.121469|PBFT-1-0x00007ff318a36700|[g:1][CONSENSUS]addRawPrepare,height=569,reqIdx=3,hash=390f24c3...,time=0
info|2025-10-12 23:03:51.125932|PBFT-1-0x00007ff318a36700|[g:1][CONSENSUS][PBFT]checkTimeout Succ,view=231,toView=232,nodeIdx=2,changeCycle=1,myNode=73994dae...,timecost=5
info|2025-10-12 23:03:51.134596|PBFT-1-0x00007ff318a36700|[g:1][CONSENSUS][PBFT]checkAndChangeView: Reach consensus,org_view=231,cur_changeCycle=1,curView=231,view=232
info|2025-10-12 23:03:52.145880|PBFT-1-0x00007ff318a36700|[g:1][CONSENSUS]addRawPrepare,height=569,reqIdx=0,hash=ebe428f4...,time=0
info|2025-10-12 23:03:52.154729|PBFT-1-0x00007ff318a36700|[g:1][CONSENSUS][PBFT]checkTimeout Succ,view=232,toView=233,nodeIdx=2,changeCycle=1,myNode=73994dae...,timecost=8
info|2025-10-12 23:03:52.162740|PBFT-1-0x00007ff318a36700|[g:1][CONSENSUS][PBFT]checkAndChangeView: Reach consensus,org_view=232,cur_changeCycle=1,curView=232,view=233
warning|2025-10-12 23:03:56.673035|PBFT-1-0x00007ff318a36700|[g:1][CONSENSUS][PBFT]ViewChangeWarning: not caused by omit empty block ,v=233,toV=234,curNum=568,hash=31e4bff8...,nodeIdx=2,myNode=73994dae...
info|2025-10-12 23:03:56.673305|PBFT-1-0x00007ff318a36700|[g:1][CONSENSUS][PBFT]checkTimeout Succ,view=233,toView=234,nodeIdx=2,changeCycle=2,myNode=73994dae...,timecost=5
info|2025-10-12 23:03:56.677705|PBFT-1-0x00007ff318a36700|[g:1][CONSENSUS][PBFT]checkAndChangeView: Reach consensus,org_view=233,cur_changeCycle=2,curView=233,view=234
info|2025-10-12 23:03:57.679033|PBFTSeal-1-0x00007ff311227700|[g:1][CONSENSUS][SEALER]++++++++++++++++ Generating seal on,blkNum=569,tx=0,nodeIdx=2,hash=5c9b5e45...
info|2025-10-12 23:03:57.689370|PBFT-1-0x00007ff318a36700|[g:1][CONSENSUS][PBFT]checkTimeout Succ,view=234,toView=235,nodeIdx=2,changeCycle=1,myNode=73994dae...,timecost=2
info|2025-10-12 23:03:57.696827|PBFT-1-0x00007ff318a36700|[g:1][CONSENSUS][PBFT]checkAndChangeView: Reach consensus,org_view=234,cur_changeCycle=1,curView=234,view=235
info|2025-10-12 23:03:58.707718|PBFT-1-0x00007ff318a36700|[g:1][CONSENSUS]addRawPrepare,height=569,reqIdx=3,hash=4e86c507...,time=0
info|2025-10-12 23:03:58.710066|PBFT-1-0x00007ff318a36700|[g:1][CONSENSUS][PBFT]checkTimeout Succ,view=235,toView=236,nodeIdx=2,changeCycle=1,myNode=73994dae...,timecost=3
info|2025-10-12 23:03:58.723305|PBFT-1-0x00007ff318a36700|[g:1][CONSENSUS][PBFT]checkAndChangeView: Reach consensus,org_view=235,cur_changeCycle=1,curView=235,view=236
info|2025-10-12 23:03:58.742532|P2P-0x00007ff333a6c700|[g:1] [SYNC][id:73994dae...][Download][Request]Receive block request,peer=374bdfe9...,from=184,to=184
info|2025-10-12 23:03:58.743257|SyncSend-1-0x00007ff32524f700|[g:1][SYNC][id:73994dae...][Download][Request][BlockSync]Batch blocks for sending,blockSize=24480,number=184,peer=374bdfe9...,timeCost=1
info|2025-10-12 23:03:58.743385|SyncSend-1-0x00007ff32524f700|[g:1][g:1] [SYNC][id:374bdfe9...][Download][Request][BlockSync]Send block packet,peer=374bdfe9...,blocks=1,bytes(V)=24487
info|2025-10-12 23:03:59.729847|PBFT-1-0x00007ff318a36700|[g:1][CONSENSUS]addRawPrepare,height=569,reqIdx=0,hash=e511b6eb...,time=0
info|2025-10-12 23:03:59.737527|PBFT-1-0x00007ff318a36700|[g:1][CONSENSUS][PBFT]checkTimeout Succ,view=236,toView=237,nodeIdx=2,changeCycle=1,myNode=73994dae...,timecost=8
info|2025-10-12 23:03:59.747308|PBFT-1-0x00007ff318a36700|[g:1][CONSENSUS][PBFT]checkAndChangeView: Reach consensus,org_view=236,cur_changeCycle=1,curView=236,view=237
info|2025-10-12 23:04:00.971699|io_service-0x00007ff332a6a700|[P2P][Service] heartBeat,connected count=3
warning|2025-10-12 23:04:04.252376|PBFT-1-0x00007ff318a36700|[g:1][CONSENSUS][PBFT]ViewChangeWarning: not caused by omit empty block ,v=237,toV=238,curNum=568,hash=31e4bff8...,nodeIdx=2,myNode=73994dae...
info|2025-10-12 23:04:04.253090|PBFT-1-0x00007ff318a36700|[g:1][CONSENSUS][PBFT]checkTimeout Succ,view=237,toView=238,nodeIdx=2,changeCycle=2,myNode=73994dae...,timecost=4
info|2025-10-12 23:04:04.256877|PBFT-1-0x00007ff318a36700|[g:1][CONSENSUS][PBFT]checkAndChangeView: Reach consensus,org_view=237,cur_changeCycle=2,curView=237,view=238
info|2025-10-12 23:04:05.256842|PBFTSeal-1-0x00007ff311227700|[g:1][CONSENSUS][SEALER]++++++++++++++++ Generating seal on,blkNum=569,tx=0,nodeIdx=2,hash=319d41a0...
info|2025-10-12 23:04:05.268857|PBFT-1-0x00007ff318a36700|[g:1][CONSENSUS][PBFT]checkTimeout Succ,view=238,toView=239,nodeIdx=2,changeCycle=1,myNode=73994dae...,timecost=2
info|2025-10-12 23:04:05.275879|PBFT-1-0x00007ff318a36700|[g:1][CONSENSUS][PBFT]checkAndChangeView: Reach consensus,org_view=238,cur_changeCycle=1,curView=238,view=239
info|2025-10-12 23:04:06.288315|PBFT-1-0x00007ff318a36700|[g:1][CONSENSUS]addRawPrepare,height=569,reqIdx=3,hash=3c2fc726...,time=0
info|2025-10-12 23:04:06.290848|PBFT-1-0x00007ff318a36700|[g:1][CONSENSUS][PBFT]checkTimeout Succ,view=239,toView=240,nodeIdx=2,changeCycle=1,myNode=73994dae...,timecost=2
info|2025-10-12 23:04:06.301196|PBFT-1-0x00007ff318a36700|[g:1][CONSENSUS][PBFT]checkAndChangeView: Reach consensus,org_view=239,cur_changeCycle=1,curView=239,view=240
info|2025-10-12 23:04:07.308160|PBFT-1-0x00007ff318a36700|[g:1][CONSENSUS]addRawPrepare,height=569,reqIdx=0,hash=ba6e7388...,time=0
info|2025-10-12 23:04:07.311370|PBFT-1-0x00007ff318a36700|[g:1][CONSENSUS][PBFT]checkTimeout Succ,view=240,toView=241,nodeIdx=2,changeCycle=1,myNode=73994dae...,timecost=3
info|2025-10-12 23:04:07.320808|PBFT-1-0x00007ff318a36700|[g:1][CONSENSUS][PBFT]checkAndChangeView: Reach consensus,org_view=240,cur_changeCycle=1,curView=240,view=241
info|2025-10-12 23:04:10.972290|io_service-0x00007ff332a6a700|[P2P][Service] heartBeat,connected count=3
warning|2025-10-12 23:04:11.827790|PBFT-1-0x00007ff318a36700|[g:1][CONSENSUS][PBFT]ViewChangeWarning: not caused by omit empty block ,v=241,toV=242,curNum=568,hash=31e4bff8...,nodeIdx=2,myNode=73994dae...
info|2025-10-12 23:04:11.828278|PBFT-1-0x00007ff318a36700|[g:1][CONSENSUS][PBFT]checkTimeout Succ,view=241,toView=242,nodeIdx=2,changeCycle=2,myNode=73994dae...,timecost=3
info|2025-10-12 23:04:11.832687|PBFT-1-0x00007ff318a36700|[g:1][CONSENSUS][PBFT]checkAndChangeView: Reach consensus,org_view=241,cur_changeCycle=2,curView=241,view=242
info|2025-10-12 23:04:12.837263|PBFTSeal-1-0x00007ff311227700|[g:1][CONSENSUS][SEALER]++++++++++++++++ Generating seal on,blkNum=569,tx=0,nodeIdx=2,hash=2a55a397...
info|2025-10-12 23:04:12.845959|PBFT-1-0x00007ff318a36700|[g:1][CONSENSUS][PBFT]checkTimeout Succ,view=242,toView=243,nodeIdx=2,changeCycle=1,myNode=73994dae...,timecost=6
info|2025-10-12 23:04:12.855055|PBFT-1-0x00007ff318a36700|[g:1][CONSENSUS][PBFT]checkAndChangeView: Reach consensus,org_view=242,cur_changeCycle=1,curView=242,view=243
info|2025-10-12 23:04:13.869888|PBFT-1-0x00007ff318a36700|[g:1][CONSENSUS]addRawPrepare,height=569,reqIdx=3,hash=15e13878...,time=0
info|2025-10-12 23:04:13.875130|PBFT-1-0x00007ff318a36700|[g:1][CONSENSUS][PBFT]checkTimeout Succ,view=243,toView=244,nodeIdx=2,changeCycle=1,myNode=73994dae...,timecost=5
info|2025-10-12 23:04:13.881900|PBFT-1-0x00007ff318a36700|[g:1][CONSENSUS][PBFT]checkAndChangeView: Reach consensus,org_view=243,cur_changeCycle=1,curView=243,view=244
info|2025-10-12 23:04:14.889861|PBFT-1-0x00007ff318a36700|[g:1][CONSENSUS]addRawPrepare,height=569,reqIdx=0,hash=914704dc...,time=0
info|2025-10-12 23:04:14.897442|PBFT-1-0x00007ff318a36700|[g:1][CONSENSUS][PBFT]checkTimeout Succ,view=244,toView=245,nodeIdx=2,changeCycle=1,myNode=73994dae...,timecost=7
info|2025-10-12 23:04:14.904562|PBFT-1-0x00007ff318a36700|[g:1][CONSENSUS][PBFT]checkAndChangeView: Reach consensus,org_view=244,cur_changeCycle=1,curView=244,view=245
info|2025-10-12 23:04:16.246879|ChannelReq-0x00007ff32f263700|[RPC][getGroupList]request
info|2025-10-12 23:04:18.232458|P2P-0x00007ff33326b700|[g:1] [SYNC][id:73994dae...][Download][Request]Receive block request,peer=374bdfe9...,from=184,to=184
info|2025-10-12 23:04:18.233087|SyncSend-1-0x00007ff32524f700|[g:1][SYNC][id:73994dae...][Download][Request][BlockSync]Batch blocks for sending,blockSize=24480,number=184,peer=374bdfe9...,timeCost=1
info|2025-10-12 23:04:18.233210|SyncSend-1-0x00007ff32524f700|[g:1][g:1] [SYNC][id:374bdfe9...][Download][Request][BlockSync]Send block packet,peer=374bdfe9...,blocks=1,bytes(V)=24487
warning|2025-10-12 23:04:19.412617|PBFT-1-0x00007ff318a36700|[g:1][CONSENSUS][PBFT]ViewChangeWarning: not caused by omit empty block ,v=245,toV=246,curNum=568,hash=31e4bff8...,nodeIdx=2,myNode=73994dae...
info|2025-10-12 23:04:19.413867|PBFT-1-0x00007ff318a36700|[g:1][CONSENSUS][PBFT]checkTimeout Succ,view=245,toView=246,nodeIdx=2,changeCycle=2,myNode=73994dae...,timecost=3
info|2025-10-12 23:04:19.456934|PBFT-1-0x00007ff318a36700|[g:1][CONSENSUS][PBFT]checkAndChangeView: Reach consensus,org_view=245,cur_changeCycle=2,curView=245,view=246
info|2025-10-12 23:04:20.457412|PBFTSeal-1-0x00007ff311227700|[g:1][CONSENSUS][SEALER]++++++++++++++++ Generating seal on,blkNum=569,tx=0,nodeIdx=2,hash=57b9b327...
info|2025-10-12 23:04:20.469298|PBFT-1-0x00007ff318a36700|[g:1][CONSENSUS][PBFT]checkTimeout Succ,view=246,toView=247,nodeIdx=2,changeCycle=1,myNode=73994dae...,timecost=2
info|2025-10-12 23:04:20.481756|PBFT-1-0x00007ff318a36700|[g:1][CONSENSUS][PBFT]checkAndChangeView: Reach consensus,org_view=246,cur_changeCycle=1,curView=246,view=247
info|2025-10-12 23:04:20.972738|io_service-0x00007ff332a6a700|[P2P][Service] heartBeat,connected count=3
info|2025-10-12 23:04:21.488217|PBFT-1-0x00007ff318a36700|[g:1][CONSENSUS]addRawPrepare,height=569,reqIdx=3,hash=5c878c5e...,time=0
info|2025-10-12 23:04:21.493567|PBFT-1-0x00007ff318a36700|[g:1][CONSENSUS][PBFT]checkTimeout Succ,view=247,toView=248,nodeIdx=2,changeCycle=1,myNode=73994dae...,timecost=4
info|2025-10-12 23:04:21.507921|PBFT-1-0x00007ff318a36700|[g:1][CONSENSUS][PBFT]checkAndChangeView: Reach consensus,org_view=247,cur_changeCycle=1,curView=247,view=248
info|2025-10-12 23:04:22.519805|PBFT-1-0x00007ff318a36700|[g:1][CONSENSUS]addRawPrepare,height=569,reqIdx=0,hash=dbfb8457...,time=0
info|2025-10-12 23:04:22.526532|PBFT-1-0x00007ff318a36700|[g:1][CONSENSUS][PBFT]checkTimeout Succ,view=248,toView=249,nodeIdx=2,changeCycle=1,myNode=73994dae...,timecost=6
info|2025-10-12 23:04:22.534289|PBFT-1-0x00007ff318a36700|[g:1][CONSENSUS][PBFT]checkAndChangeView: Reach consensus,org_view=248,cur_changeCycle=1,curView=248,view=249
warning|2025-10-12 23:04:27.048498|PBFT-1-0x00007ff318a36700|[g:1][CONSENSUS][PBFT]ViewChangeWarning: not caused by omit empty block ,v=249,toV=250,curNum=568,hash=31e4bff8...,nodeIdx=2,myNode=73994dae...
info|2025-10-12 23:04:27.053254|PBFT-1-0x00007ff318a36700|[g:1][CONSENSUS][PBFT]checkTimeout Succ,view=249,toView=250,nodeIdx=2,changeCycle=2,myNode=73994dae...,timecost=9
info|2025-10-12 23:04:27.066896|PBFT-1-0x00007ff318a36700|[g:1][CONSENSUS][PBFT]checkAndChangeView: Reach consensus,org_view=249,cur_changeCycle=2,curView=249,view=250
info|2025-10-12 23:04:28.066715|PBFTSeal-1-0x00007ff311227700|[g:1][CONSENSUS][SEALER]++++++++++++++++ Generating seal on,blkNum=569,tx=0,nodeIdx=2,hash=3619ae73...
info|2025-10-12 23:04:28.078744|PBFT-1-0x00007ff318a36700|[g:1][CONSENSUS][PBFT]checkTimeout Succ,view=250,toView=251,nodeIdx=2,changeCycle=1,myNode=73994dae...,timecost=3
info|2025-10-12 23:04:28.087715|PBFT-1-0x00007ff318a36700|[g:1][CONSENSUS][PBFT]checkAndChangeView: Reach consensus,org_view=250,cur_changeCycle=1,curView=250,view=251
info|2025-10-12 23:04:29.092055|PBFT-1-0x00007ff318a36700|[g:1][CONSENSUS]addRawPrepare,height=569,reqIdx=3,hash=d0ac84ae...,time=0
info|2025-10-12 23:04:29.097231|PBFT-1-0x00007ff318a36700|[g:1][CONSENSUS][PBFT]checkTimeout Succ,view=251,toView=252,nodeIdx=2,changeCycle=1,myNode=73994dae...,timecost=5
info|2025-10-12 23:04:29.111184|PBFT-1-0x00007ff318a36700|[g:1][CONSENSUS][PBFT]checkAndChangeView: Reach consensus,org_view=251,cur_changeCycle=1,curView=251,view=252
info|2025-10-12 23:04:30.118481|PBFT-1-0x00007ff318a36700|[g:1][CONSENSUS]addRawPrepare,height=569,reqIdx=0,hash=1f218152...,time=0
info|2025-10-12 23:04:30.123246|PBFT-1-0x00007ff318a36700|[g:1][CONSENSUS][PBFT]checkTimeout Succ,view=252,toView=253,nodeIdx=2,changeCycle=1,myNode=73994dae...,timecost=4
info|2025-10-12 23:04:30.135843|PBFT-1-0x00007ff318a36700|[g:1][CONSENSUS][PBFT]checkAndChangeView: Reach consensus,org_view=252,cur_changeCycle=1,curView=252,view=253
info|2025-10-12 23:04:30.973456|io_service-0x00007ff332a6a700|[P2P][Service] heartBeat,connected count=3
warning|2025-10-12 23:04:34.641392|PBFT-1-0x00007ff318a36700|[g:1][CONSENSUS][PBFT]ViewChangeWarning: not caused by omit empty block ,v=253,toV=254,curNum=568,hash=31e4bff8...,nodeIdx=2,myNode=73994dae...
info|2025-10-12 23:04:34.641930|PBFT-1-0x00007ff318a36700|[g:1][CONSENSUS][PBFT]checkTimeout Succ,view=253,toView=254,nodeIdx=2,changeCycle=2,myNode=73994dae...,timecost=3
info|2025-10-12 23:04:34.652563|PBFT-1-0x00007ff318a36700|[g:1][CONSENSUS][PBFT]checkAndChangeView: Reach consensus,org_view=253,cur_changeCycle=2,curView=253,view=254
info|2025-10-12 23:04:35.653578|PBFTSeal-1-0x00007ff311227700|[g:1][CONSENSUS][SEALER]++++++++++++++++ Generating seal on,blkNum=569,tx=0,nodeIdx=2,hash=52933ce9...
info|2025-10-12 23:04:35.672763|PBFT-1-0x00007ff318a36700|[g:1][CONSENSUS][PBFT]checkTimeout Succ,view=254,toView=255,nodeIdx=2,changeCycle=1,myNode=73994dae...,timecost=2
info|2025-10-12 23:04:35.679273|PBFT-1-0x00007ff318a36700|[g:1][CONSENSUS][PBFT]checkAndChangeView: Reach consensus,org_view=254,cur_changeCycle=1,curView=254,view=255
info|2025-10-12 23:04:36.692683|PBFT-1-0x00007ff318a36700|[g:1][CONSENSUS]addRawPrepare,height=569,reqIdx=3,hash=bc3e2a67...,time=0
info|2025-10-12 23:04:36.700707|PBFT-1-0x00007ff318a36700|[g:1][CONSENSUS][PBFT]checkTimeout Succ,view=255,toView=256,nodeIdx=2,changeCycle=1,myNode=73994dae...,timecost=8
info|2025-10-12 23:04:36.710585|PBFT-1-0x00007ff318a36700|[g:1][CONSENSUS][PBFT]checkAndChangeView: Reach consensus,org_view=255,cur_changeCycle=1,curView=255,view=256
info|2025-10-12 23:04:37.726510|PBFT-1-0x00007ff318a36700|[g:1][CONSENSUS]addRawPrepare,height=569,reqIdx=0,hash=0cbc4e54...,time=0
info|2025-10-12 23:04:37.737374|PBFT-1-0x00007ff318a36700|[g:1][CONSENSUS][PBFT]checkTimeout Succ,view=256,toView=257,nodeIdx=2,changeCycle=1,myNode=73994dae...,timecost=11
info|2025-10-12 23:04:37.741656|PBFT-1-0x00007ff318a36700|[g:1][CONSENSUS][PBFT]checkAndChangeView: Reach consensus,org_view=256,cur_changeCycle=1,curView=256,view=257
info|2025-10-12 23:04:37.781100|P2P-0x00007ff33426d700|[g:1] [SYNC][id:73994dae...][Download][Request]Receive block request,peer=374bdfe9...,from=184,to=184
info|2025-10-12 23:04:37.781608|SyncSend-1-0x00007ff32524f700|[g:1][SYNC][id:73994dae...][Download][Request][BlockSync]Batch blocks for sending,blockSize=24480,number=184,peer=374bdfe9...,timeCost=0
info|2025-10-12 23:04:37.781721|SyncSend-1-0x00007ff32524f700|[g:1][g:1] [SYNC][id:374bdfe9...][Download][Request][BlockSync]Send block packet,peer=374bdfe9...,blocks=1,bytes(V)=24487
info|2025-10-12 23:04:40.973677|io_service-0x00007ff332a6a700|[P2P][Service] heartBeat,connected count=3
warning|2025-10-12 23:04:42.253026|PBFT-1-0x00007ff318a36700|[g:1][CONSENSUS][PBFT]ViewChangeWarning: not caused by omit empty block ,v=257,toV=258,curNum=568,hash=31e4bff8...,nodeIdx=2,myNode=73994dae...
info|2025-10-12 23:04:42.253848|PBFT-1-0x00007ff318a36700|[g:1][CONSENSUS][PBFT]checkTimeout Succ,view=257,toView=258,nodeIdx=2,changeCycle=2,myNode=73994dae...,timecost=4
info|2025-10-12 23:04:42.257734|PBFT-1-0x00007ff318a36700|[g:1][CONSENSUS][PBFT]checkAndChangeView: Reach consensus,org_view=257,cur_changeCycle=2,curView=257,view=258
info|2025-10-12 23:04:43.257978|PBFTSeal-1-0x00007ff311227700|[g:1][CONSENSUS][SEALER]++++++++++++++++ Generating seal on,blkNum=569,tx=0,nodeIdx=2,hash=17b13050...
info|2025-10-12 23:04:43.268259|PBFT-1-0x00007ff318a36700|[g:1][CONSENSUS][PBFT]checkTimeout Succ,view=258,toView=259,nodeIdx=2,changeCycle=1,myNode=73994dae...,timecost=7
info|2025-10-12 23:04:43.281763|PBFT-1-0x00007ff318a36700|[g:1][CONSENSUS][PBFT]checkAndChangeView: Reach consensus,org_view=258,cur_changeCycle=1,curView=258,view=259
info|2025-10-12 23:04:44.253175|P2P-0x00007ff33426d700|[g:1] [SYNC][id:73994dae...][Download][Request]Receive block request,peer=374bdfe9...,from=184,to=184
info|2025-10-12 23:04:44.253747|SyncSend-1-0x00007ff32524f700|[g:1][SYNC][id:73994dae...][Download][Request][BlockSync]Batch blocks for sending,blockSize=24480,number=184,peer=374bdfe9...,timeCost=0
info|2025-10-12 23:04:44.253831|SyncSend-1-0x00007ff32524f700|[g:1][g:1] [SYNC][id:374bdfe9...][Download][Request][BlockSync]Send block packet,peer=374bdfe9...,blocks=1,bytes(V)=24487
info|2025-10-12 23:04:44.295427|PBFT-1-0x00007ff318a36700|[g:1][CONSENSUS]addRawPrepare,height=569,reqIdx=3,hash=f2e292c1...,time=0
info|2025-10-12 23:04:44.300814|PBFT-1-0x00007ff318a36700|[g:1][CONSENSUS][PBFT]checkTimeout Succ,view=259,toView=260,nodeIdx=2,changeCycle=1,myNode=73994dae...,timecost=5
info|2025-10-12 23:04:44.315140|PBFT-1-0x00007ff318a36700|[g:1][CONSENSUS][PBFT]checkAndChangeView: Reach consensus,org_view=259,cur_changeCycle=1,curView=259,view=260
info|2025-10-12 23:04:45.328112|PBFT-1-0x00007ff318a36700|[g:1][CONSENSUS]addRawPrepare,height=569,reqIdx=0,hash=dea7a5a2...,time=0
info|2025-10-12 23:04:45.339785|PBFT-1-0x00007ff318a36700|[g:1][CONSENSUS][PBFT]checkTimeout Succ,view=260,toView=261,nodeIdx=2,changeCycle=1,myNode=73994dae...,timecost=11
info|2025-10-12 23:04:45.358449|PBFT-1-0x00007ff318a36700|[g:1][CONSENSUS][PBFT]checkAndChangeView: Reach consensus,org_view=260,cur_changeCycle=1,curView=260,view=261
warning|2025-10-12 23:04:49.864103|PBFT-1-0x00007ff318a36700|[g:1][CONSENSUS][PBFT]ViewChangeWarning: not caused by omit empty block ,v=261,toV=262,curNum=568,hash=31e4bff8...,nodeIdx=2,myNode=73994dae...
info|2025-10-12 23:04:49.867678|PBFT-1-0x00007ff318a36700|[g:1][CONSENSUS][PBFT]checkTimeout Succ,view=261,toView=262,nodeIdx=2,changeCycle=2,myNode=73994dae...,timecost=8
info|2025-10-12 23:04:49.877596|PBFT-1-0x00007ff318a36700|[g:1][CONSENSUS][PBFT]checkAndChangeView: Reach consensus,org_view=261,cur_changeCycle=2,curView=261,view=262
info|2025-10-12 23:04:50.791296|P2P-0x00007ff334a6e700|[g:1] [SYNC][id:73994dae...][Download][Request]Receive block request,peer=374bdfe9...,from=184,to=184
info|2025-10-12 23:04:50.792962|SyncSend-1-0x00007ff32524f700|[g:1][SYNC][id:73994dae...][Download][Request][BlockSync]Batch blocks for sending,blockSize=24480,number=184,peer=374bdfe9...,timeCost=2
info|2025-10-12 23:04:50.793233|SyncSend-1-0x00007ff32524f700|[g:1][g:1] [SYNC][id:374bdfe9...][Download][Request][BlockSync]Send block packet,peer=374bdfe9...,blocks=1,bytes(V)=24487
info|2025-10-12 23:04:50.881484|PBFTSeal-1-0x00007ff311227700|[g:1][CONSENSUS][SEALER]++++++++++++++++ Generating seal on,blkNum=569,tx=0,nodeIdx=2,hash=d573c9fe...
info|2025-10-12 23:04:50.898573|PBFT-1-0x00007ff318a36700|[g:1][CONSENSUS][PBFT]checkTimeout Succ,view=262,toView=263,nodeIdx=2,changeCycle=1,myNode=73994dae...,timecost=6
info|2025-10-12 23:04:50.908514|PBFT-1-0x00007ff318a36700|[g:1][CONSENSUS][PBFT]checkAndChangeView: Reach consensus,org_view=262,cur_changeCycle=1,curView=262,view=263
info|2025-10-12 23:04:50.974448|io_service-0x00007ff332a6a700|[P2P][Service] heartBeat,connected count=3
info|2025-10-12 23:04:51.923977|PBFT-1-0x00007ff318a36700|[g:1][CONSENSUS]addRawPrepare,height=569,reqIdx=3,hash=ef904832...,time=1
info|2025-10-12 23:04:51.935939|PBFT-1-0x00007ff318a36700|[g:1][CONSENSUS][PBFT]checkTimeout Succ,view=263,toView=264,nodeIdx=2,changeCycle=1,myNode=73994dae...,timecost=11
info|2025-10-12 23:04:51.940933|PBFT-1-0x00007ff318a36700|[g:1][CONSENSUS][PBFT]checkAndChangeView: Reach consensus,org_view=263,cur_changeCycle=1,curView=263,view=264
info|2025-10-12 23:04:52.948088|PBFT-1-0x00007ff318a36700|[g:1][CONSENSUS]addRawPrepare,height=569,reqIdx=0,hash=541730c3...,time=0
info|2025-10-12 23:04:52.964633|PBFT-1-0x00007ff318a36700|[g:1][CONSENSUS][PBFT]checkTimeout Succ,view=264,toView=265,nodeIdx=2,changeCycle=1,myNode=73994dae...,timecost=8
info|2025-10-12 23:04:52.980636|PBFT-1-0x00007ff318a36700|[g:1][CONSENSUS][PBFT]checkAndChangeView: Reach consensus,org_view=264,cur_changeCycle=1,curView=264,view=265
warning|2025-10-12 23:04:57.485447|PBFT-1-0x00007ff318a36700|[g:1][CONSENSUS][PBFT]ViewChangeWarning: not caused by omit empty block ,v=265,toV=266,curNum=568,hash=31e4bff8...,nodeIdx=2,myNode=73994dae...
info|2025-10-12 23:04:57.485740|PBFT-1-0x00007ff318a36700|[g:1][CONSENSUS][PBFT]checkTimeout Succ,view=265,toView=266,nodeIdx=2,changeCycle=2,myNode=73994dae...,timecost=2
info|2025-10-12 23:04:57.507716|PBFT-1-0x00007ff318a36700|[g:1][CONSENSUS][PBFT]checkAndChangeView: Reach consensus,org_view=265,cur_changeCycle=2,curView=265,view=266
info|2025-10-12 23:04:58.508827|PBFTSeal-1-0x00007ff311227700|[g:1][CONSENSUS][SEALER]++++++++++++++++ Generating seal on,blkNum=569,tx=0,nodeIdx=2,hash=534c796f...
info|2025-10-12 23:04:58.513195|PBFT-1-0x00007ff318a36700|[g:1][CONSENSUS][PBFT]checkTimeout Succ,view=266,toView=267,nodeIdx=2,changeCycle=1,myNode=73994dae...,timecost=2
info|2025-10-12 23:04:58.525531|PBFT-1-0x00007ff318a36700|[g:1][CONSENSUS][PBFT]checkAndChangeView: Reach consensus,org_view=266,cur_changeCycle=1,curView=266,view=267
info|2025-10-12 23:04:59.536731|PBFT-1-0x00007ff318a36700|[g:1][CONSENSUS]addRawPrepare,height=569,reqIdx=3,hash=2301dddc...,time=0
info|2025-10-12 23:04:59.539208|PBFT-1-0x00007ff318a36700|[g:1][CONSENSUS][PBFT]checkTimeout Succ,view=267,toView=268,nodeIdx=2,changeCycle=1,myNode=73994dae...,timecost=3
info|2025-10-12 23:04:59.552280|PBFT-1-0x00007ff318a36700|[g:1][CONSENSUS][PBFT]checkAndChangeView: Reach consensus,org_view=267,cur_changeCycle=1,curView=267,view=268
info|2025-10-12 23:04:59.865533|fisco-bcos-0x00007ff3357e3dc0|[LEDGER]stop sealer,groupID=1
info|2025-10-12 23:04:59.865608|fisco-bcos-0x00007ff3357e3dc0|[CONSENSUS][SEALER]Stop sealer module...
info|2025-10-12 23:04:59.874742|fisco-bcos-0x00007ff3357e3dc0|[CONSENSUS][ConsensusEngine][Stop ConsensusEngineBase]
info|2025-10-12 23:04:59.876583|fisco-bcos-0x00007ff3357e3dc0|[CONSENSUS][ConsensusEngine]ConsensusEngineBase stopped
info|2025-10-12 23:04:59.876667|fisco-bcos-0x00007ff3357e3dc0|[LEDGER]sealer stopped. stop sync,groupID=1
info|2025-10-12 23:04:59.877638|fisco-bcos-0x00007ff3357e3dc0|[g:1] [SYNC][id:73994dae...]SyncMsgEngine stopped
info|2025-10-12 23:05:00.022401|fisco-bcos-0x00007ff3357e3dc0|[GossipBlockStatus]stop GossipBlockStatus succ
info|2025-10-12 23:05:00.356342|fisco-bcos-0x00007ff3357e3dc0|[SYNC][id:73994dae...][g:1]SyncMaster stopped
info|2025-10-12 23:05:00.356406|fisco-bcos-0x00007ff3357e3dc0|[LEDGER]sync stopped. stop event filter manager,groupID=1
info|2025-10-12 23:05:00.429863|fisco-bcos-0x00007ff3357e3dc0|[EVENT][EventLogFilterManager]stop
info|2025-10-12 23:05:00.429919|fisco-bcos-0x00007ff3357e3dc0|[LEDGER]event filter manager stopped. stop tx pool,groupID=1
info|2025-10-12 23:05:00.430404|fisco-bcos-0x00007ff3357e3dc0|[LEDGER]removeNetworkStatHandlerByGroupID and removeGroupBandwidthLimiter for service,groupID=1
info|2025-10-12 23:05:00.430470|fisco-bcos-0x00007ff3357e3dc0|[CHANNEL]removeSDKAllowListByGroupId,groupId=1
info|2025-10-12 23:05:00.430483|fisco-bcos-0x00007ff3357e3dc0|[INITIALIZER]ledgerInitializer stopped
info|2025-10-12 23:05:00.974948|io_service-0x00007ff332a6a700|[P2P][Service] heartBeat,connected count=3
info|2025-10-12 23:05:01.234111|io_service-0x00007ff332a6a700|[NETWORK][Session]doRead failed,endpoint=127.0.0.1:30303,message=short read (SSL routines, SSL routines)
info|2025-10-12 23:05:01.234165|io_service-0x00007ff332a6a700|[NETWORK][Session]drop, call and erase all callbackFunc of the session!,endpoint=127.0.0.1:30303
info|2025-10-12 23:05:01.234249|io_service-0x00007ff332a6a700|[NETWORK][Session][drop] closing remote 127.0.0.1:30303,reason=Low-level TCP communication failed.,endpoint=127.0.0.1:30303
info|2025-10-12 23:05:01.234444|io_service-0x00007ff332a6a700|[NETWORK][Session]Session inactive
info|2025-10-12 23:05:01.234459|io_service-0x00007ff332a6a700|[NETWORK][Session]Session inactive
info|2025-10-12 23:05:01.234473|P2P-0x00007ff333a6c700|[P2P][Service] disconnect inactive P2PSession,nodeID=064cb676...,endpoint=127.0.0.1:30303,code=3,what=Disconnect
info|2025-10-12 23:05:01.234564|P2P-0x00007ff333a6c700|[P2P][Service] onDisconnect,code=3,what=Dynamic exception type: dev::network::NetworkException
std::exception::what: Disconnect
info|2025-10-12 23:05:01.235508|io_service-0x00007ff332a6a700|[NETWORK][Session][drop] shutdown failed ,code=9,message=Bad file descriptor
info|2025-10-12 23:05:01.431219|fisco-bcos-0x00007ff3357e3dc0|[INITIALIZER]ChannelRPCHttpServer deleted.
info|2025-10-12 23:05:01.431852|fisco-bcos-0x00007ff3357e3dc0|[INITIALIZER]JsonrpcHttpServer deleted.
info|2025-10-12 23:05:01.431878|fisco-bcos-0x00007ff3357e3dc0|[INITIALIZER]RPCInitializer stopped
info|2025-10-12 23:05:01.431978|io_service-0x00007ff332a6a700|[NETWORK][Host]Host exit
info|2025-10-12 23:05:01.433248|fisco-bcos-0x00007ff3357e3dc0|[INITIALIZER]P2PInitializer stopped
info|2025-10-12 23:05:01.433298|fisco-bcos-0x00007ff3357e3dc0|[LEDGER]stop sealer,groupID=1
info|2025-10-12 23:05:01.433310|fisco-bcos-0x00007ff3357e3dc0|[LEDGER]sealer stopped. stop sync,groupID=1
info|2025-10-12 23:05:01.433331|fisco-bcos-0x00007ff3357e3dc0|[g:1] [SYNC][id:73994dae...]SyncMsgEngine stopped
info|2025-10-12 23:05:01.433351|fisco-bcos-0x00007ff3357e3dc0|[GossipBlockStatus]GossipBlockStatus already stopped
info|2025-10-12 23:05:01.433358|fisco-bcos-0x00007ff3357e3dc0|[SYNC][id:73994dae...][g:1]SyncMaster stopped
info|2025-10-12 23:05:01.433365|fisco-bcos-0x00007ff3357e3dc0|[LEDGER]sync stopped. stop event filter manager,groupID=1
info|2025-10-12 23:05:01.433372|fisco-bcos-0x00007ff3357e3dc0|[LEDGER]event filter manager stopped. stop tx pool,groupID=1
info|2025-10-12 23:05:01.433382|fisco-bcos-0x00007ff3357e3dc0|[LEDGER]removeNetworkStatHandlerByGroupID and removeGroupBandwidthLimiter for service,groupID=1
info|2025-10-12 23:05:01.433399|fisco-bcos-0x00007ff3357e3dc0|[g:1][STORAGE][CachedStorage]Stopping flushStorage thread
info|2025-10-12 23:05:01.718752|fisco-bcos-0x00007ff3357e3dc0|[g:1][STORAGE][CachedStorage]flushStorage thread stopped.
info|2025-10-12 23:05:01.718817|fisco-bcos-0x00007ff3357e3dc0|[DBINITIALIZER] storage stopped
info|2025-10-12 23:05:01.742410|fisco-bcos-0x00007ff3357e3dc0|[g:1] [SYNC][id:73994dae...]SyncMsgEngine stopped
info|2025-10-12 23:05:01.742540|fisco-bcos-0x00007ff3357e3dc0|[GossipBlockStatus]GossipBlockStatus already stopped
info|2025-10-12 23:05:01.742581|fisco-bcos-0x00007ff3357e3dc0|[SYNC][id:73994dae...][g:1]SyncMaster stopped
info|2025-10-12 23:05:01.742645|fisco-bcos-0x00007ff3357e3dc0|[g:1] [SYNC][id:73994dae...]SyncMsgEngine stopped
