info|2025-10-28 02:00:00.138802|Sync-1-0x00007fa7c9a7e700|[g:1][SYNC][id:73994dae...]print sync info,peersCount=3,infoJson={"blockNumber":893,"genesisHash":"f0d3e67991e2c3d83533c031601c30c4741aba35d7d8017900779abe4ae22efe","isSyncing":false,"knownHighestNumber":893,"knownLatestHash":"661352b2e24b1d18123a3f42b5c5b6f18b03993a0a961d13eaa0452b9870df3d","latestHash":"661352b2e24b1d18123a3f42b5c5b6f18b03993a0a961d13eaa0452b9870df3d","nodeId":"73994dae9e8b8da733108a4153dfe79151d701dff425f84c87b5324e8ebd02ab6a0ebc9e4f1e0298a7ddca50f94a8f95c62b6997226d571e470e8f2b0600634a","peers":[{"blockNumber":893,"genesisHash":"f0d3e67991e2c3d83533c031601c30c4741aba35d7d8017900779abe4ae22efe","latestHash":"661352b2e24b1d18123a3f42b5c5b6f18b03993a0a961d13eaa0452b9870df3d","nodeId":"064cb676a36047a4b52ecbf9c01664b1e987d91b438110ba6a12d96972726622e824d295b1de8b0298b5afe7bbbc0bd04a3890e1a36eae028c1cfbe07971b995"},{"blockNumber":183,"genesisHash":"f0d3e67991e2c3d83533c031601c30c4741aba35d7d8017900779abe4ae22efe","latestHash":"84b9e5d996bf7a5eb7a7af1e23a8308230a576a20d5c81a92b78a013e510177d","nodeId":"374bdfe969e1d8ea1200ade93e5d8cf1a7d5741f238011004b0f43ca818706f194b2f067e1708125f7ffc536610b9a72addbd56b238d65f18912be39037ffcc5"},{"blockNumber":893,"genesisHash":"f0d3e67991e2c3d83533c031601c30c4741aba35d7d8017900779abe4ae22efe","latestHash":"661352b2e24b1d18123a3f42b5c5b6f18b03993a0a961d13eaa0452b9870df3d","nodeId":"87d00b98321fc70a5abc85ad9e80db10cce315194133697bf74aace1d3f8430957a766240f751752708f4282f46110d6ea56c3eb5d1c02ce98a66f327f595270"}],"protocolId":65545,"txPoolSize":"1"}
info|2025-10-28 02:00:04.283956|io_service-0x00007fa7e22af700|[P2P][Service] heartBeat,connected count=3
info|2025-10-28 02:00:05.858103|PBFT-1-0x00007fa7c827b700|[g:1][CONSENSUS][SEALER]decrease maxBlockCanSeal to half for PBFT timeout,org_maxBlockCanSeal=250,halfed_maxBlockCanSeal=125,timeoutCount=3,lastTimeoutTx=1
warning|2025-10-28 02:00:05.860036|PBFT-1-0x00007fa7c827b700|[g:1][CONSENSUS][PBFT]ViewChangeWarning: not caused by omit empty block ,v=7,toV=8,curNum=893,hash=661352b2...,nodeIdx=2,myNode=73994dae...
info|2025-10-28 02:00:05.860205|PBFT-1-0x00007fa7c827b700|[g:1][CONSENSUS][PBFT]checkTimeout Succ,view=7,toView=8,nodeIdx=2,changeCycle=5,myNode=73994dae...,timecost=2
info|2025-10-28 02:00:05.867025|PBFT-1-0x00007fa7c827b700|[g:1][CONSENSUS][PBFT]checkAndChangeView: Reach consensus,org_view=7,cur_changeCycle=5,curView=7,view=8
info|2025-10-28 02:00:09.135220|P2P-0x00007fa7e42b3700|[g:1] [SYNC][id:73994dae...][Download][Request]Receive block request,peer=374bdfe9...,from=184,to=184
info|2025-10-28 02:00:09.135762|SyncSend-1-0x00007fa7d4a94700|[g:1][SYNC][id:73994dae...][Download][Request][BlockSync]Batch blocks for sending,blockSize=24480,number=184,peer=374bdfe9...,timeCost=0
info|2025-10-28 02:00:09.135883|SyncSend-1-0x00007fa7d4a94700|[g:1][g:1] [SYNC][id:374bdfe9...][Download][Request][BlockSync]Send block packet,peer=374bdfe9...,blocks=1,bytes(V)=24487
info|2025-10-28 02:00:14.284566|io_service-0x00007fa7e22af700|[P2P][Service] heartBeat,connected count=3
info|2025-10-28 02:00:24.284915|io_service-0x00007fa7e22af700|[P2P][Service] heartBeat,connected count=3
warning|2025-10-28 02:00:28.650288|PBFT-1-0x00007fa7c827b700|[g:1][CONSENSUS][PBFT]ViewChangeWarning: not caused by omit empty block ,v=8,toV=9,curNum=893,hash=661352b2...,nodeIdx=2,myNode=73994dae...
info|2025-10-28 02:00:28.650470|PBFT-1-0x00007fa7c827b700|[g:1][CONSENSUS][PBFT]checkTimeout Succ,view=8,toView=9,nodeIdx=2,changeCycle=6,myNode=73994dae...,timecost=1
info|2025-10-28 02:00:28.655118|PBFT-1-0x00007fa7c827b700|[g:1][CONSENSUS][PBFT]checkAndChangeView: Reach consensus,org_view=8,cur_changeCycle=6,curView=8,view=9
info|2025-10-28 02:00:29.155034|PBFTSeal-1-0x00007fa7c0a6c700|[g:1][CONSENSUS][SEALER]++++++++++++++++ Generating seal on,blkNum=894,tx=1,nodeIdx=2,hash=e31b2080...
info|2025-10-28 02:00:29.157945|sealerWorker-0x00007fa7d028b700|[CONSENSUS]addRawPrepare,height=894,reqIdx=2,hash=e31b2080...,time=0
info|2025-10-28 02:00:29.158175|sealerWorker-0x00007fa7d028b700|[BLOCKVERIFIER][executeBlock]Executing block,txNum=1,num=894,parentHash=661352b2e24b1d18123a3f42b5c5b6f18b03993a0a961d13eaa0452b9870df3d,parentNum=893,parentStateRoot=6aafdc7cb53cf9f3c35aeabde17603619dae504e7750e69ada834cce49036721
info|2025-10-28 02:00:29.158326|sealerWorker-0x00007fa7d028b700|[PRECOMPILED]init GasChargeManagePrecompiled
info|2025-10-28 02:00:29.181501|sealerWorker-0x00007fa7d028b700|[CONSENSUS][PBFT]execBlock,blkNum=894,reqIdx=2,hash=2f7bd9e8...,nodeIdx=2,myNode=73994dae...,decodeCost=0,checkCost=0,notifyCost=0,noteSealingCost=0,currentCycle=6,verifyAndSetSenderCost=0,execCost=23,execPerTx=23,totalCost=23
info|2025-10-28 02:00:29.184032|sealerWorker-0x00007fa7d028b700|[CONSENSUS][PBFT]handlePrepareMsg Succ,timecost=3,INFO=handlePrepareMsg,reqIdx=2,view=9,reqNum=894,curNum=893,consNum=894,curView=9,fromIp=self,hash=e31b2080...,nodeIdx=2,myNode=73994dae...,curChangeCycle=6
info|2025-10-28 02:00:29.184078|sealerWorker-0x00007fa7d028b700|[CONSENSUS][PBFT]generateLocalPrepare,hash=e31b2080...,H=894,nodeIdx=2,myNode=73994dae...
info|2025-10-28 02:00:29.189149|PBFT-1-0x00007fa7c827b700|[g:1][CONSENSUS][PBFT]checkReq: Recv future request,prepHash=2f7bd9e8...,INFO=handleSignMsg,num=894,curNum=893,GenIdx=0,Sview=9,view=9,fromIdx=0,fromNode=064cb676...,fromIp=127.0.0.1:55620,hash=c1aefc22...,nodeIdx=2,myNode=73994dae...
info|2025-10-28 02:00:29.189206|PBFT-1-0x00007fa7c827b700|[g:1][CONSENSUS][PBFT]FutureBlock,INFO=handleSignMsg,num=894,curNum=893,GenIdx=0,Sview=9,view=9,fromIdx=0,fromNode=064cb676...,fromIp=127.0.0.1:55620,hash=c1aefc22...,nodeIdx=2,myNode=73994dae...
info|2025-10-28 02:00:29.191448|PBFT-1-0x00007fa7c827b700|[g:1][CONSENSUS][PBFT]handleSignMsg Succ,Timecost=1,INFO=handleSignMsg,num=894,curNum=893,GenIdx=3,Sview=9,view=9,fromIdx=3,fromNode=87d00b98...,fromIp=127.0.0.1:55598,hash=2f7bd9e8...,nodeIdx=2,myNode=73994dae...
info|2025-10-28 02:00:34.285697|io_service-0x00007fa7e22af700|[P2P][Service] heartBeat,connected count=3
info|2025-10-28 02:00:44.286304|io_service-0x00007fa7e22af700|[P2P][Service] heartBeat,connected count=3
info|2025-10-28 02:00:47.562866|P2P-0x00007fa7e32b1700|[g:1] [SYNC][id:73994dae...][Download][Request]Receive block request,peer=374bdfe9...,from=184,to=184
info|2025-10-28 02:00:47.563406|SyncSend-1-0x00007fa7d4a94700|[g:1][SYNC][id:73994dae...][Download][Request][BlockSync]Batch blocks for sending,blockSize=24480,number=184,peer=374bdfe9...,timeCost=0
info|2025-10-28 02:00:47.563503|SyncSend-1-0x00007fa7d4a94700|[g:1][g:1] [SYNC][id:374bdfe9...][Download][Request][BlockSync]Send block packet,peer=374bdfe9...,blocks=1,bytes(V)=24487
info|2025-10-28 02:00:53.970161|P2P-0x00007fa7e3ab2700|[g:1] [SYNC][id:73994dae...][Download][Request]Receive block request,peer=374bdfe9...,from=184,to=184
info|2025-10-28 02:00:53.970548|SyncSend-1-0x00007fa7d4a94700|[g:1][SYNC][id:73994dae...][Download][Request][BlockSync]Batch blocks for sending,blockSize=24480,number=184,peer=374bdfe9...,timeCost=0
info|2025-10-28 02:00:53.970633|SyncSend-1-0x00007fa7d4a94700|[g:1][g:1] [SYNC][id:374bdfe9...][Download][Request][BlockSync]Send block packet,peer=374bdfe9...,blocks=1,bytes(V)=24487
info|2025-10-28 02:00:54.287316|io_service-0x00007fa7e22af700|[P2P][Service] heartBeat,connected count=3
info|2025-10-28 02:00:55.474854|ChannelReq-0x00007fa7e02ab700|[RPC][getGroupList]request
info|2025-10-28 02:01:03.359804|PBFT-1-0x00007fa7c827b700|[g:1][CONSENSUS][SEALER]decrease maxBlockCanSeal to half for PBFT timeout,org_maxBlockCanSeal=124,halfed_maxBlockCanSeal=62,timeoutCount=4,lastTimeoutTx=1
warning|2025-10-28 02:01:03.361562|PBFT-1-0x00007fa7c827b700|[g:1][CONSENSUS][PBFT]ViewChangeWarning: not caused by omit empty block ,v=9,toV=10,curNum=893,hash=661352b2...,nodeIdx=2,myNode=73994dae...
info|2025-10-28 02:01:03.361744|PBFT-1-0x00007fa7c827b700|[g:1][CONSENSUS][PBFT]checkTimeout Succ,view=9,toView=10,nodeIdx=2,changeCycle=7,myNode=73994dae...,timecost=2
info|2025-10-28 02:01:03.367762|PBFT-1-0x00007fa7c827b700|[g:1][CONSENSUS][PBFT]checkAndChangeView: Reach consensus,org_view=9,cur_changeCycle=7,curView=9,view=10
info|2025-10-28 02:01:03.872739|PBFTWork-1-0x00007fa7cea88700|[g:1][CONSENSUS][PartiallyPBFTReqCache]addPartiallyRawPrepare,height=894,reqIdx=3,hash=b2a86fbf...
info|2025-10-28 02:01:03.872906|PBFTWork-1-0x00007fa7cea88700|[g:1][CONSENSUS][PBFT]I am the next leader = 2, filter trans size = 1, total trans = 1
info|2025-10-28 02:01:03.873007|PBFTWork-1-0x00007fa7cea88700|[g:1][BLOCKVERIFIER][executeBlock]Executing block,txNum=1,num=894,parentHash=661352b2e24b1d18123a3f42b5c5b6f18b03993a0a961d13eaa0452b9870df3d,parentNum=893,parentStateRoot=6aafdc7cb53cf9f3c35aeabde17603619dae504e7750e69ada834cce49036721
info|2025-10-28 02:01:03.873139|PBFTWork-1-0x00007fa7cea88700|[g:1][PRECOMPILED]init GasChargeManagePrecompiled
info|2025-10-28 02:01:03.898627|PBFTWork-1-0x00007fa7cea88700|[g:1][CONSENSUS][PBFT]execBlock,blkNum=894,reqIdx=3,hash=2b037c0c...,nodeIdx=2,myNode=73994dae...,decodeCost=0,checkCost=0,notifyCost=0,noteSealingCost=0,currentCycle=7,verifyAndSetSenderCost=0,execCost=26,execPerTx=26,totalCost=26
info|2025-10-28 02:01:03.901894|PBFTWork-1-0x00007fa7cea88700|[g:1][CONSENSUS][PBFT]handlePrepareMsg Succ,timecost=3,INFO=handlePartiallyPrepare,reqIdx=3,view=10,reqNum=894,curNum=893,consNum=894,hash=b2a86fbf...,nodeIdx=2,myNode=73994dae...,curChangeCycle=7
info|2025-10-28 02:01:03.902345|PBFT-1-0x00007fa7c827b700|[g:1][CONSENSUS][PBFT]checkReq: Recv future request,prepHash=2b037c0c...,INFO=handleSignMsg,num=894,curNum=893,GenIdx=3,Sview=10,view=10,fromIdx=3,fromNode=87d00b98...,fromIp=127.0.0.1:55598,hash=a12431cc...,nodeIdx=2,myNode=73994dae...
info|2025-10-28 02:01:03.902372|PBFT-1-0x00007fa7c827b700|[g:1][CONSENSUS][PBFT]FutureBlock,INFO=handleSignMsg,num=894,curNum=893,GenIdx=3,Sview=10,view=10,fromIdx=3,fromNode=87d00b98...,fromIp=127.0.0.1:55598,hash=a12431cc...,nodeIdx=2,myNode=73994dae...
info|2025-10-28 02:01:03.902405|PBFT-1-0x00007fa7c827b700|[g:1][CONSENSUS][PBFT]checkReq: Recv future request,prepHash=2b037c0c...,INFO=handleSignMsg,num=894,curNum=893,GenIdx=0,Sview=10,view=10,fromIdx=0,fromNode=064cb676...,fromIp=127.0.0.1:55620,hash=22e58232...,nodeIdx=2,myNode=73994dae...
info|2025-10-28 02:01:03.902424|PBFT-1-0x00007fa7c827b700|[g:1][CONSENSUS][PBFT]FutureBlock,INFO=handleSignMsg,num=894,curNum=893,GenIdx=0,Sview=10,view=10,fromIdx=0,fromNode=064cb676...,fromIp=127.0.0.1:55620,hash=22e58232...,nodeIdx=2,myNode=73994dae...
info|2025-10-28 02:01:04.287707|io_service-0x00007fa7e22af700|[P2P][Service] heartBeat,connected count=3
info|2025-10-28 02:01:06.781564|P2P-0x00007fa7e2ab0700|[g:1] [SYNC][id:73994dae...][Download][Request]Receive block request,peer=374bdfe9...,from=184,to=184
info|2025-10-28 02:01:06.781969|SyncSend-1-0x00007fa7d4a94700|[g:1][SYNC][id:73994dae...][Download][Request][BlockSync]Batch blocks for sending,blockSize=24480,number=184,peer=374bdfe9...,timeCost=0
info|2025-10-28 02:01:06.782052|SyncSend-1-0x00007fa7d4a94700|[g:1][g:1] [SYNC][id:374bdfe9...][Download][Request][BlockSync]Send block packet,peer=374bdfe9...,blocks=1,bytes(V)=24487
info|2025-10-28 02:01:14.288317|io_service-0x00007fa7e22af700|[P2P][Service] heartBeat,connected count=3
info|2025-10-28 02:01:24.288677|io_service-0x00007fa7e22af700|[P2P][Service] heartBeat,connected count=3
info|2025-10-28 02:01:24.664725|fisco-bcos-0x00007fa7e5028dc0|[LEDGER]stop sealer,groupID=1
info|2025-10-28 02:01:24.664762|fisco-bcos-0x00007fa7e5028dc0|[CONSENSUS][SEALER]Stop sealer module...
info|2025-10-28 02:01:24.666770|fisco-bcos-0x00007fa7e5028dc0|[CONSENSUS][ConsensusEngine][Stop ConsensusEngineBase]
info|2025-10-28 02:01:24.668396|fisco-bcos-0x00007fa7e5028dc0|[CONSENSUS][ConsensusEngine]ConsensusEngineBase stopped
info|2025-10-28 02:01:24.668415|fisco-bcos-0x00007fa7e5028dc0|[LEDGER]sealer stopped. stop sync,groupID=1
info|2025-10-28 02:01:24.668801|fisco-bcos-0x00007fa7e5028dc0|[g:1] [SYNC][id:73994dae...]SyncMsgEngine stopped
info|2025-10-28 02:01:24.858739|fisco-bcos-0x00007fa7e5028dc0|[GossipBlockStatus]stop GossipBlockStatus succ
info|2025-10-28 02:01:25.656963|fisco-bcos-0x00007fa7e5028dc0|[SYNC][id:73994dae...][g:1]SyncMaster stopped
info|2025-10-28 02:01:25.657025|fisco-bcos-0x00007fa7e5028dc0|[LEDGER]sync stopped. stop event filter manager,groupID=1
info|2025-10-28 02:01:25.673221|fisco-bcos-0x00007fa7e5028dc0|[EVENT][EventLogFilterManager]stop
info|2025-10-28 02:01:25.673249|fisco-bcos-0x00007fa7e5028dc0|[LEDGER]event filter manager stopped. stop tx pool,groupID=1
info|2025-10-28 02:01:25.674108|fisco-bcos-0x00007fa7e5028dc0|[LEDGER]removeNetworkStatHandlerByGroupID and removeGroupBandwidthLimiter for service,groupID=1
info|2025-10-28 02:01:25.674143|fisco-bcos-0x00007fa7e5028dc0|[CHANNEL]removeSDKAllowListByGroupId,groupId=1
info|2025-10-28 02:01:25.674152|fisco-bcos-0x00007fa7e5028dc0|[INITIALIZER]ledgerInitializer stopped
info|2025-10-28 02:01:26.666005|io_service-0x00007fa7e22af700|[NETWORK][Session]doRead failed,endpoint=127.0.0.1:55624,message=short read (SSL routines, SSL routines)
info|2025-10-28 02:01:26.666038|io_service-0x00007fa7e22af700|[NETWORK][Session]drop, call and erase all callbackFunc of the session!,endpoint=127.0.0.1:55624
info|2025-10-28 02:01:26.666051|io_service-0x00007fa7e22af700|[NETWORK][Session][drop] closing remote 127.0.0.1:55624,reason=Low-level TCP communication failed.,endpoint=127.0.0.1:55624
info|2025-10-28 02:01:26.666119|io_service-0x00007fa7e22af700|[NETWORK][Session]Session inactive
info|2025-10-28 02:01:26.666126|io_service-0x00007fa7e22af700|[NETWORK][Session]Session inactive
info|2025-10-28 02:01:26.666131|io_service-0x00007fa7e22af700|[NETWORK][Session][drop] shutdown failed ,code=9,message=Bad file descriptor
info|2025-10-28 02:01:26.666235|P2P-0x00007fa7e42b3700|[P2P][Service] disconnect inactive P2PSession,nodeID=374bdfe9...,endpoint=127.0.0.1:55624,code=3,what=Disconnect
info|2025-10-28 02:01:26.666255|P2P-0x00007fa7e42b3700|[P2P][Service] onDisconnect,code=3,what=Dynamic exception type: dev::network::NetworkException
std::exception::what: Disconnect
info|2025-10-28 02:01:26.669718|io_service-0x00007fa7e22af700|[NETWORK][Session]doRead failed,endpoint=127.0.0.1:55620,message=short read (SSL routines, SSL routines)
info|2025-10-28 02:01:26.669749|io_service-0x00007fa7e22af700|[NETWORK][Session]drop, call and erase all callbackFunc of the session!,endpoint=127.0.0.1:55620
info|2025-10-28 02:01:26.669760|io_service-0x00007fa7e22af700|[NETWORK][Session][drop] closing remote 127.0.0.1:55620,reason=Low-level TCP communication failed.,endpoint=127.0.0.1:55620
info|2025-10-28 02:01:26.669834|io_service-0x00007fa7e22af700|[NETWORK][Session]Session inactive
info|2025-10-28 02:01:26.669841|io_service-0x00007fa7e22af700|[NETWORK][Session]Session inactive
info|2025-10-28 02:01:26.669845|io_service-0x00007fa7e22af700|[NETWORK][Session][drop] shutdown failed ,code=9,message=Bad file descriptor
info|2025-10-28 02:01:26.669866|P2P-0x00007fa7e32b1700|[P2P][Service] disconnect inactive P2PSession,nodeID=064cb676...,endpoint=127.0.0.1:55620,code=3,what=Disconnect
info|2025-10-28 02:01:26.669899|P2P-0x00007fa7e32b1700|[P2P][Service] onDisconnect,code=3,what=Dynamic exception type: dev::network::NetworkException
std::exception::what: Disconnect
info|2025-10-28 02:01:26.675238|fisco-bcos-0x00007fa7e5028dc0|[INITIALIZER]ChannelRPCHttpServer deleted.
info|2025-10-28 02:01:26.675858|fisco-bcos-0x00007fa7e5028dc0|[INITIALIZER]JsonrpcHttpServer deleted.
info|2025-10-28 02:01:26.675924|fisco-bcos-0x00007fa7e5028dc0|[INITIALIZER]RPCInitializer stopped
info|2025-10-28 02:01:26.676037|io_service-0x00007fa7e22af700|[NETWORK][Host]Host exit
info|2025-10-28 02:01:26.676995|fisco-bcos-0x00007fa7e5028dc0|[INITIALIZER]P2PInitializer stopped
info|2025-10-28 02:01:26.677018|fisco-bcos-0x00007fa7e5028dc0|[LEDGER]stop sealer,groupID=1
info|2025-10-28 02:01:26.677026|fisco-bcos-0x00007fa7e5028dc0|[LEDGER]sealer stopped. stop sync,groupID=1
info|2025-10-28 02:01:26.677041|fisco-bcos-0x00007fa7e5028dc0|[g:1] [SYNC][id:73994dae...]SyncMsgEngine stopped
info|2025-10-28 02:01:26.677053|fisco-bcos-0x00007fa7e5028dc0|[GossipBlockStatus]GossipBlockStatus already stopped
info|2025-10-28 02:01:26.677058|fisco-bcos-0x00007fa7e5028dc0|[SYNC][id:73994dae...][g:1]SyncMaster stopped
info|2025-10-28 02:01:26.677062|fisco-bcos-0x00007fa7e5028dc0|[LEDGER]sync stopped. stop event filter manager,groupID=1
info|2025-10-28 02:01:26.677066|fisco-bcos-0x00007fa7e5028dc0|[LEDGER]event filter manager stopped. stop tx pool,groupID=1
info|2025-10-28 02:01:26.677072|fisco-bcos-0x00007fa7e5028dc0|[LEDGER]removeNetworkStatHandlerByGroupID and removeGroupBandwidthLimiter for service,groupID=1
info|2025-10-28 02:01:26.677084|fisco-bcos-0x00007fa7e5028dc0|[g:1][STORAGE][CachedStorage]Stopping flushStorage thread
info|2025-10-28 02:01:27.504045|fisco-bcos-0x00007fa7e5028dc0|[g:1][STORAGE][CachedStorage]flushStorage thread stopped.
info|2025-10-28 02:01:27.504093|fisco-bcos-0x00007fa7e5028dc0|[DBINITIALIZER] storage stopped
info|2025-10-28 02:01:27.513090|fisco-bcos-0x00007fa7e5028dc0|[g:1] [SYNC][id:73994dae...]SyncMsgEngine stopped
info|2025-10-28 02:01:27.513119|fisco-bcos-0x00007fa7e5028dc0|[GossipBlockStatus]GossipBlockStatus already stopped
info|2025-10-28 02:01:27.513124|fisco-bcos-0x00007fa7e5028dc0|[SYNC][id:73994dae...][g:1]SyncMaster stopped
info|2025-10-28 02:01:27.513139|fisco-bcos-0x00007fa7e5028dc0|[g:1] [SYNC][id:73994dae...]SyncMsgEngine stopped
