info|2025-10-06 08:22:46.666016|fisco-bcos-0x00007ffadbcf9dc0|[INITIALIZER][initGlobalConfig],enableCompress=true,compatibilityVersion=2.11.0,versionNumber=34275328,enableStat=false,chainId=1,useSMCrypto=true,IgnoreObserverWriteRequest=false
info|2025-10-06 08:22:46.689393|fisco-bcos-0x00007ffadbcf9dc0|[INITIALIZER][SecureInitializerGM]get pub of node,nodeID=73994dae9e8b8da733108a4153dfe79151d701dff425f84c87b5324e8ebd02ab6a0ebc9e4f1e0298a7ddca50f94a8f95c62b6997226d571e470e8f2b0600634a
info|2025-10-06 08:22:46.706166|fisco-bcos-0x00007ffadbcf9dc0|[NETWORK][Host]Connecting to node,endpoint=127.0.0.1:30300
info|2025-10-06 08:22:46.706353|fisco-bcos-0x00007ffadbcf9dc0|[NETWORK][Host]Connecting to node,endpoint=127.0.0.1:30301
info|2025-10-06 08:22:46.706414|fisco-bcos-0x00007ffadbcf9dc0|[NETWORK][Host]Connecting to node,endpoint=127.0.0.1:30302
info|2025-10-06 08:22:46.706497|fisco-bcos-0x00007ffadbcf9dc0|[NETWORK][Host]Connecting to node,endpoint=127.0.0.1:30303
info|2025-10-06 08:22:46.706541|fisco-bcos-0x00007ffadbcf9dc0|[P2P][Service] heartBeat,connected count=0
info|2025-10-06 08:22:46.706571|fisco-bcos-0x00007ffadbcf9dc0|[INITIALIZER][RPCInitializer],network_security.check_cert_issuer=true
info|2025-10-06 08:22:46.707627|fisco-bcos-0x00007ffadbcf9dc0|[CHANNEL][ChannelServer::run],threadPoolSize=8
info|2025-10-06 08:22:46.707708|fisco-bcos-0x00007ffadbcf9dc0|[CHANNEL]ChannelRPCServer started
info|2025-10-06 08:22:46.707714|fisco-bcos-0x00007ffadbcf9dc0|[INITIALIZER][RPCInitializer: ChannelRPCHttpServer started.],disableDynamicGroup=false,uncheckGroupMember=false,threadSize=8
info|2025-10-06 08:22:46.707722|fisco-bcos-0x00007ffadbcf9dc0|[INITIALIZER][LedgerInitializer]initConfig
info|2025-10-06 08:22:46.707752|fisco-bcos-0x00007ffadbcf9dc0|[LedgerInitializer],groupConfigPath=conf/
info|2025-10-06 08:22:46.707941|fisco-bcos-0x00007ffadbcf9dc0|[INITIALIZER][initSingleLedger] [GroupId], LedgerConstructor:  1,configFileName=conf/group.1.genesis,dataDir=data/
info|2025-10-06 08:22:46.708074|fisco-bcos-0x00007ffadbcf9dc0|[g:1][LedgerParam][parseGenesisConfig]initConsensusConfig/initStorageConfig/initTxConfig,configFile=conf/group.1.genesis
info|2025-10-06 08:22:46.709099|fisco-bcos-0x00007ffadbcf9dc0|[g:1][LedgerParam][initConsensusConfig],type=pbft,consensusTimeout=3,maxTxNum=1000,txGasLimit=300000000
info|2025-10-06 08:22:46.709145|fisco-bcos-0x00007ffadbcf9dc0|[g:1][LedgerParam][parsePublicKeyListOfSection],sectionName=consensus,it.first=73994dae9e8b8da733108a4153dfe79151d701dff425f84c87b5324e8ebd02ab6a0ebc9e4f1e0298a7ddca50f94a8f95c62b6997226d571e470e8f2b0600634a
info|2025-10-06 08:22:46.709159|fisco-bcos-0x00007ffadbcf9dc0|[g:1][LedgerParam][parsePublicKeyListOfSection],sectionName=consensus,it.first=374bdfe969e1d8ea1200ade93e5d8cf1a7d5741f238011004b0f43ca818706f194b2f067e1708125f7ffc536610b9a72addbd56b238d65f18912be39037ffcc5
info|2025-10-06 08:22:46.709168|fisco-bcos-0x00007ffadbcf9dc0|[g:1][LedgerParam][parsePublicKeyListOfSection],sectionName=consensus,it.first=87d00b98321fc70a5abc85ad9e80db10cce315194133697bf74aace1d3f8430957a766240f751752708f4282f46110d6ea56c3eb5d1c02ce98a66f327f595270
info|2025-10-06 08:22:46.709182|fisco-bcos-0x00007ffadbcf9dc0|[g:1][LedgerParam][parsePublicKeyListOfSection],sectionName=consensus,it.first=064cb676a36047a4b52ecbf9c01664b1e987d91b438110ba6a12d96972726622e824d295b1de8b0298b5afe7bbbc0bd04a3890e1a36eae028c1cfbe07971b995
info|2025-10-06 08:22:46.709189|fisco-bcos-0x00007ffadbcf9dc0|[g:1][LedgerParam][parsePublicKeyListOfSection],totalPubKeySize=4
info|2025-10-06 08:22:46.709213|fisco-bcos-0x00007ffadbcf9dc0|[g:1][LedgerParam][max_block_range],maxBlockRange=0,maxBlockPerProcess=3
info|2025-10-06 08:22:46.709280|fisco-bcos-0x00007ffadbcf9dc0|[g:1][LedgerParam][parseGenesisConfig],timestamp=1759762229000
info|2025-10-06 08:22:46.709335|fisco-bcos-0x00007ffadbcf9dc0|[g:1][LedgerParam]setEVMFlags,enableFreeStorageVMSchedule=false,evmFlags=0
info|2025-10-06 08:22:46.709394|fisco-bcos-0x00007ffadbcf9dc0|[g:1][LedgerParam]store evmFlag,evmFlag=0
info|2025-10-06 08:22:46.709455|fisco-bcos-0x00007ffadbcf9dc0|[g:1][LedgerParam]store consensus time,consensusTimeout=3
info|2025-10-06 08:22:46.709503|fisco-bcos-0x00007ffadbcf9dc0|[g:1][LedgerParam][initMark],genesisMark=1-064cb676a36047a4b52ecbf9c01664b1e987d91b438110ba6a12d96972726622e824d295b1de8b0298b5afe7bbbc0bd04a3890e1a36eae028c1cfbe07971b995,374bdfe969e1d8ea1200ade93e5d8cf1a7d5741f238011004b0f43ca818706f194b2f067e1708125f7ffc536610b9a72addbd56b238d65f18912be39037ffcc5,73994dae9e8b8da733108a4153dfe79151d701dff425f84c87b5324e8ebd02ab6a0ebc9e4f1e0298a7ddca50f94a8f95c62b6997226d571e470e8f2b0600634a,87d00b98321fc70a5abc85ad9e80db10cce315194133697bf74aace1d3f8430957a766240f751752708f4282f46110d6ea56c3eb5d1c02ce98a66f327f595270,-pbft-storage-0-1000-300000000-3
info|2025-10-06 08:22:46.709529|fisco-bcos-0x00007ffadbcf9dc0|[g:1][LedgerParam][initIniConfig]initTxPoolConfig/initSyncConfig/initTxExecuteConfig,configFile=conf/group.1.ini
info|2025-10-06 08:22:46.709857|fisco-bcos-0x00007ffadbcf9dc0|[g:1][LedgerParam][initStorageConfig],stateType=storage,storageDB=rocksdb,storagePath=data//group1/block/RocksDB,baseDir=data//group1,dbtype=mysql,dbip=127.0.0.1,dbport=3306,dbcharset=utf8mb4,initconnections=15,maxconnections=50,scrollThreshold=2000,enableReconfirmCommittee=false
info|2025-10-06 08:22:46.709924|fisco-bcos-0x00007ffadbcf9dc0|[g:1][LedgerParam][initTxPoolConfig],txPoolLimit=150000,memorySizeLimit(MB)=512,notifyWorkerNum=2,txsExpirationTime(ms)=600000
info|2025-10-06 08:22:46.709953|fisco-bcos-0x00007ffadbcf9dc0|[g:1][LedgerParam][initSyncConfig],idleWaitMs=200
info|2025-10-06 08:22:46.709963|fisco-bcos-0x00007ffadbcf9dc0|[g:1][LedgerParam][initSyncConfig],enableSendTxsByTree=true,enableSendBlockStatusByTree=true
info|2025-10-06 08:22:46.709969|fisco-bcos-0x00007ffadbcf9dc0|[g:1][LedgerParam][initSyncConfig],gossipInterval=1000
info|2025-10-06 08:22:46.709982|fisco-bcos-0x00007ffadbcf9dc0|[g:1][LedgerParam][initSyncConfig],enableSendBlockStatusByTree=true,gossipInterval=1000,gossipPeers=3,syncTreeWidth=3,maxQueueSizeForBlockSync=536870912,txsStatusGossipMaxPeers=5,syncInfoPrintInterval=10,freeNodeRead=false
info|2025-10-06 08:22:46.709989|fisco-bcos-0x00007ffadbcf9dc0|[g:1][LedgerParam][InitTxExecuteConfig],enableParallel=true
info|2025-10-06 08:22:46.710004|fisco-bcos-0x00007ffadbcf9dc0|[g:1][LedgerParam][initConsensusIniConfig],maxTTL=2,minBlockGenerationTime=500,enablDynamicBlockSize=true,blockSizeIncreaseRatio=0.5,enableTTLOptimize=true,enablePrepareWithTxsHash=true
info|2025-10-06 08:22:46.710142|fisco-bcos-0x00007ffadbcf9dc0|[g:1][LedgerParam][initRPBFTConsensusIniConfig],broadcastPrepareByTree=true,prepareStatusBroadcastPercent=33,maxRequestMissedTxsWaitTime=100,maxRequestPrepareWaitTime=100
info|2025-10-06 08:22:46.710170|fisco-bcos-0x00007ffadbcf9dc0|[g:1][LedgerParam][initFlowControlConfig],maxQPS=9223372036854775807,outGoingBandwidth(Bytes)=9223372036854775807
info|2025-10-06 08:22:46.710176|fisco-bcos-0x00007ffadbcf9dc0|[g:1][LedgerParam]parseSDKAllowList,sdkAllowList=[],enableSDKAllowListControl=false
info|2025-10-06 08:22:46.710194|fisco-bcos-0x00007ffadbcf9dc0|[g:1][LEDGER][initLedger][DBInitializer]
info|2025-10-06 08:22:46.710197|fisco-bcos-0x00007ffadbcf9dc0|[g:1][LEDGER]setSDKAllowList,groupId=1,sdkAllowListSize=0
info|2025-10-06 08:22:46.710202|fisco-bcos-0x00007ffadbcf9dc0|[g:1][CHANNEL]registerSDKAllowListByGroupId,groupId=1,size=0
info|2025-10-06 08:22:46.710209|fisco-bcos-0x00007ffadbcf9dc0|[g:1][CHANNEL]Disable group-level sdk permission control for sdk allowlist is empty
info|2025-10-06 08:22:46.710214|fisco-bcos-0x00007ffadbcf9dc0|[g:1][DBINITIALIZER] [initStorageDB]
info|2025-10-06 08:22:46.710219|fisco-bcos-0x00007ffadbcf9dc0|[g:1][DBINITIALIZER] [initRocksDBStorage]
info|2025-10-06 08:22:46.710247|fisco-bcos-0x00007ffadbcf9dc0|[g:1][ROCKSDB]open rocksDB handler,path=data//group1/block/RocksDB
info|2025-10-06 08:22:46.710575|io_service-0x00007ffad8f80700|[NETWORK][Host]P2P StartAccept,Host=0.0.0.0:30300
info|2025-10-06 08:22:46.710858|io_service-0x00007ffad8f80700|[NETWORK][ASIO]asyncResolveConnect,endpoint=127.0.0.1:30300
info|2025-10-06 08:22:46.711015|io_service-0x00007ffad8f80700|[NETWORK][Host]P2P Recv Connect, From=127.0.0.1:46472
info|2025-10-06 08:22:46.711055|io_service-0x00007ffad8f80700|[NETWORK][Host]P2P StartAccept,Host=0.0.0.0:30300
info|2025-10-06 08:22:46.763834|io_service-0x00007ffad8f80700|[NETWORK][ASIO]asyncResolveConnect,endpoint=127.0.0.1:30301
info|2025-10-06 08:22:46.763977|io_service-0x00007ffad8f80700|[NETWORK][ASIO]asyncResolveConnect,endpoint=127.0.0.1:30302
info|2025-10-06 08:22:46.764041|io_service-0x00007ffad8f80700|[NETWORK][ASIO]asyncResolveConnect,endpoint=127.0.0.1:30303
info|2025-10-06 08:22:46.764097|io_service-0x00007ffad8f80700|[NETWORK][Host]P2P Recv Connect, From=127.0.0.1:46480
info|2025-10-06 08:22:46.764184|io_service-0x00007ffad8f80700|[NETWORK][Host]P2P StartAccept,Host=0.0.0.0:30300
info|2025-10-06 08:22:46.768250|io_service-0x00007ffad8f80700|[NETWORK][Host]P2P Recv Connect, From=127.0.0.1:46486
info|2025-10-06 08:22:46.772315|io_service-0x00007ffad8f80700|[NETWORK][Host]P2P StartAccept,Host=0.0.0.0:30300
info|2025-10-06 08:22:46.772633|io_service-0x00007ffad8f80700|[NETWORK][Host]handshakeServer succ,remote endpoint=127.0.0.1:46472
info|2025-10-06 08:22:46.772712|io_service-0x00007ffad8f80700|[NETWORK][Host]startPeerSession, Remote=127.0.0.1:46472,local endpoint=127.0.0.1:30300,nodeID=73994dae...
info|2025-10-06 08:22:46.790128|io_service-0x00007ffad8f80700|[NETWORK][Host]handshakeClient succ,local endpoint=127.0.0.1:46472
info|2025-10-06 08:22:46.790192|io_service-0x00007ffad8f80700|[NETWORK][Host]startPeerSession, Remote=127.0.0.1:30300,local endpoint=127.0.0.1:46472,nodeID=73994dae...
info|2025-10-06 08:22:46.791762|io_service-0x00007ffad8f80700|[NETWORK][Host]P2P Recv Connect, From=127.0.0.1:46498
info|2025-10-06 08:22:46.791836|io_service-0x00007ffad8f80700|[NETWORK][Host]P2P StartAccept,Host=0.0.0.0:30300
info|2025-10-06 08:22:46.799917|io_service-0x00007ffad8f80700|[NETWORK][Host]handshakeServer succ,remote endpoint=127.0.0.1:46480
info|2025-10-06 08:22:46.800076|P2P-0x00007ffadaf84700|[P2P][Service] Connection established,nodeID=87d00b98...,endpoint=127.0.0.1:46480
info|2025-10-06 08:22:46.800107|io_service-0x00007ffad8f80700|[NETWORK][Host]startPeerSession, Remote=127.0.0.1:46480,local endpoint=127.0.0.1:30300,nodeID=87d00b98...
info|2025-10-06 08:22:46.828675|io_service-0x00007ffad8f80700|[NETWORK][Host]handshakeClient succ,local endpoint=127.0.0.1:55058
info|2025-10-06 08:22:46.832741|P2P-0x00007ffad9f82700|[P2P][Service] Connection established,nodeID=064cb676...,endpoint=127.0.0.1:30303
info|2025-10-06 08:22:46.832818|io_service-0x00007ffad8f80700|[NETWORK][Host]startPeerSession, Remote=127.0.0.1:30303,local endpoint=127.0.0.1:55058,nodeID=064cb676...
info|2025-10-06 08:22:46.835737|io_service-0x00007ffad8f80700|[NETWORK][Host]handshakeServer succ,remote endpoint=127.0.0.1:46498
info|2025-10-06 08:22:46.835810|io_service-0x00007ffad8f80700|[NETWORK][Host]startPeerSession, Remote=127.0.0.1:46498,local endpoint=127.0.0.1:30300,nodeID=064cb676...
info|2025-10-06 08:22:46.836011|io_service-0x00007ffad8f80700|[NETWORK][Host]handshakeServer succ,remote endpoint=127.0.0.1:46486
info|2025-10-06 08:22:46.836078|P2P-0x00007ffadaf84700|[P2P][Service] Connection established,nodeID=374bdfe9...,endpoint=127.0.0.1:46486
info|2025-10-06 08:22:46.836103|io_service-0x00007ffad8f80700|[NETWORK][Host]startPeerSession, Remote=127.0.0.1:46486,local endpoint=127.0.0.1:30300,nodeID=374bdfe9...
info|2025-10-06 08:22:46.836226|io_service-0x00007ffad8f80700|[NETWORK][Host]handshakeClient succ,local endpoint=127.0.0.1:34896
info|2025-10-06 08:22:46.836268|io_service-0x00007ffad8f80700|[NETWORK][Host]startPeerSession, Remote=127.0.0.1:30302,local endpoint=127.0.0.1:34896,nodeID=87d00b98...
info|2025-10-06 08:22:46.839643|io_service-0x00007ffad8f80700|[NETWORK][Host]handshakeClient succ,local endpoint=127.0.0.1:43462
info|2025-10-06 08:22:46.839718|io_service-0x00007ffad8f80700|[NETWORK][Host]startPeerSession, Remote=127.0.0.1:30301,local endpoint=127.0.0.1:43462,nodeID=374bdfe9...
info|2025-10-06 08:22:46.883039|fisco-bcos-0x00007ffadbcf9dc0|[g:1][g:1][STORAGE][CachedStorage]Init flushStorage thread
info|2025-10-06 08:22:46.883840|fisco-bcos-0x00007ffadbcf9dc0|[g:1][DBINITIALIZER] [init CachedStorage],maxCapacity=32,maxForwardBlock=10
info|2025-10-06 08:22:46.883862|fisco-bcos-0x00007ffadbcf9dc0|[g:1][LEDGER][initLedger][initBlockChain]
info|2025-10-06 08:22:46.885767|fisco-bcos-0x00007ffadbcf9dc0|[g:1][LEDGER]set enableHexBlock to be false,version=34275328
info|2025-10-06 08:22:46.885785|fisco-bcos-0x00007ffadbcf9dc0|[g:1][BLOCKCHAIN][#checkAndBuildGenesisBlock],shouldBuild=false
info|2025-10-06 08:22:46.887175|fisco-bcos-0x00007ffadbcf9dc0|[g:1][BLOCKCHAIN][#checkAndBuildGenesisBlock]Already have the 0th block, 0th groupMark is equal to file groupMark.
info|2025-10-06 08:22:46.887229|fisco-bcos-0x00007ffadbcf9dc0|[g:1][LEDGER][initLedger]initBlockChain SUCC
info|2025-10-06 08:22:46.887331|fisco-bcos-0x00007ffadbcf9dc0|[g:1][DBINITIALIZER] [createStateFactory],type=storage
info|2025-10-06 08:22:46.887339|fisco-bcos-0x00007ffadbcf9dc0|[g:1][DBINITIALIZER] createStorageState SUCC
info|2025-10-06 08:22:46.887342|fisco-bcos-0x00007ffadbcf9dc0|[g:1][DBINITIALIZER] [createStateFactory SUCC]
info|2025-10-06 08:22:46.887346|fisco-bcos-0x00007ffadbcf9dc0|[g:1][DBINITIALIZER] createExecutiveContext...
info|2025-10-06 08:22:46.887363|fisco-bcos-0x00007ffadbcf9dc0|[g:1][LEDGER]createGasMetric,vmFlagType=0
info|2025-10-06 08:22:46.887368|fisco-bcos-0x00007ffadbcf9dc0|[g:1][LEDGER]createGasMetric
info|2025-10-06 08:22:46.887375|fisco-bcos-0x00007ffadbcf9dc0|[g:1][DBINITIALIZER] create precompiledGasFactory and precompiledResultFactory
info|2025-10-06 08:22:46.887378|fisco-bcos-0x00007ffadbcf9dc0|[g:1][DBINITIALIZER] createExecutiveContext SUCC
info|2025-10-06 08:22:46.887382|fisco-bcos-0x00007ffadbcf9dc0|[g:1][DBINITIALIZER] [setSyncNumForCachedStorage],syncNum=0
info|2025-10-06 08:22:46.887387|fisco-bcos-0x00007ffadbcf9dc0|[g:1][LEDGER][initNetworkBandWidthLimiter: outGoingBandwidthLimit has been disabled],groupId=1
info|2025-10-06 08:22:46.887392|fisco-bcos-0x00007ffadbcf9dc0|[g:1][LEDGER][QPSLimit has been disabled],groupId=1
info|2025-10-06 08:22:46.887396|fisco-bcos-0x00007ffadbcf9dc0|[g:1][LEDGER][initLedger][initBlockVerifier]
info|2025-10-06 08:22:46.887406|fisco-bcos-0x00007ffadbcf9dc0|[g:1][LEDGER][initLedger][initBlockVerifier SUCC],evmFlags=0
info|2025-10-06 08:22:46.887428|fisco-bcos-0x00007ffadbcf9dc0|[g:1][LEDGER][initLedger][initTxPool],txPoolLimit=150000
info|2025-10-06 08:22:46.887622|fisco-bcos-0x00007ffadbcf9dc0|[g:1][LEDGER][initLedger]initTxPool SUCC
info|2025-10-06 08:22:46.887629|fisco-bcos-0x00007ffadbcf9dc0|[g:1][LEDGER][initLedger][initSync],idleWaitMs=200,gossipInterval=1000,gossipPeers=3
info|2025-10-06 08:22:46.887634|fisco-bcos-0x00007ffadbcf9dc0|[g:1][LEDGER]Init sync master,enableSendBlockStatusByTree=true,enableSendTxsByTree=true
info|2025-10-06 08:22:46.892640|fisco-bcos-0x00007ffadbcf9dc0|[g:1][LEDGER][initLedger]initSync SUCC
info|2025-10-06 08:22:46.892682|fisco-bcos-0x00007ffadbcf9dc0|[g:1][LEDGER][initLedger][consensusInitFactory]
info|2025-10-06 08:22:46.892748|fisco-bcos-0x00007ffadbcf9dc0|[g:1][LEDGER][initLedger][createPBFTSealer]
info|2025-10-06 08:22:46.892753|fisco-bcos-0x00007ffadbcf9dc0|[g:1][LEDGER][initLedger][createPBFTSealer],baseDir=data//group1,Protocol=65544
info|2025-10-06 08:22:46.892833|fisco-bcos-0x00007ffadbcf9dc0|[g:1][LEDGER][initLedger]createPBFTSealer for PBFT or rPBFT,consensusType=pbft
info|2025-10-06 08:22:46.892848|fisco-bcos-0x00007ffadbcf9dc0|[g:1][LEDGER]createConsensusEngine: create PBFTEngine
info|2025-10-06 08:22:46.892879|fisco-bcos-0x00007ffadbcf9dc0|[g:1][CONSENSUS][PBFT]Register handler for PBFTEngine
info|2025-10-06 08:22:46.893457|fisco-bcos-0x00007ffadbcf9dc0|[g:1][CONSENSUS][PBFT]setMinBlockGenerationTime,minBlockGenerationTime=500,consensusTime=1000
info|2025-10-06 08:22:46.893546|fisco-bcos-0x00007ffadbcf9dc0|[g:1][LEDGER][initEventLogFilterManager]initEventLogFilterManager SUCC
info|2025-10-06 08:22:46.893556|fisco-bcos-0x00007ffadbcf9dc0|[LedgerInitializer init group succ],groupID=1
info|2025-10-06 08:22:46.893876|fisco-bcos-0x00007ffadbcf9dc0|[SafeHttpServer::StartListening]use default epoll
info|2025-10-06 08:22:46.894248|fisco-bcos-0x00007ffadbcf9dc0|[INITIALIZER][RPCInitializer JsonrpcHttpServer started],jsonrpc_IP=127.0.0.1,jsonrpc_listen_port=8545,jsonrpc_thread_count=8,ipv6=false,disableDynamicGroup=false,uncheckGroupMember=false
info|2025-10-06 08:22:46.894267|fisco-bcos-0x00007ffadbcf9dc0|[g:1][LEDGER]startAll...
info|2025-10-06 08:22:46.898624|alignTime-1-0x00007ffac9761700|[g:1][NodeTimeMaintenance]updateTimeInfo: update median time offset,updatedMedianTimeOffset=-2,peer=064cb676...,peerTime=1759764166896,peerOffset=-2,utcTime=1759764166898
info|2025-10-06 08:22:46.898717|alignTime-1-0x00007ffac9761700|[g:1][NodeTimeMaintenance]updateTimeInfo: update median time offset,updatedMedianTimeOffset=-1,peer=374bdfe9...,peerTime=1759764166897,peerOffset=-1,utcTime=1759764166898
info|2025-10-06 08:22:46.900161|alignTime-1-0x00007ffac9761700|[g:1][NodeTimeMaintenance]updateTimeInfo: update median time offset,updatedMedianTimeOffset=-1,peer=87d00b98...,peerTime=1759764166899,peerOffset=-1,utcTime=1759764166900
info|2025-10-06 08:22:46.901913|fisco-bcos-0x00007ffadbcf9dc0|[g:1][GossipBlockStatus]start GossipBlockStatus succ
info|2025-10-06 08:22:46.901940|fisco-bcos-0x00007ffadbcf9dc0|[g:1][CONSENSUS][ConsensusEngine][Start ConsensusEngineBase]
info|2025-10-06 08:22:46.905338|fisco-bcos-0x00007ffadbcf9dc0|[g:1][CONSENSUS][PBFT]^^^^^^^^Report,num=0,sealerIdx=0,hash=f0d3e679...,next=1,tx=0,nodeIdx=2
info|2025-10-06 08:22:46.905422|fisco-bcos-0x00007ffadbcf9dc0|[g:1][ROCKSDB]open rocksDB handler,path=data//group1/pbftMsgBackup/RocksDB
info|2025-10-06 08:22:46.950780|fisco-bcos-0x00007ffadbcf9dc0|[g:1][CONSENSUS][PBFT][PBFT init env successfully]
info|2025-10-06 08:22:46.950819|fisco-bcos-0x00007ffadbcf9dc0|[g:1][CONSENSUS][PBFT][Start PBFTEngine...]
info|2025-10-06 08:22:46.950831|fisco-bcos-0x00007ffadbcf9dc0|[g:1][CONSENSUS][SEALER][Start sealer module]
info|2025-10-06 08:22:46.951431|fisco-bcos-0x00007ffadbcf9dc0|[g:1][CONSENSUS][PBFT]^^^^^^^^Report,num=0,sealerIdx=0,hash=f0d3e679...,next=1,tx=0,nodeIdx=2
info|2025-10-06 08:22:46.952149|fisco-bcos-0x00007ffadbcf9dc0|[g:1][EVENT][EventLogFilterManager]start,m_maxBlockRange=0,m_maxBlockPerLoopFilter=3
info|2025-10-06 08:22:47.906286|PBFT-1-0x00007ffabef4c700|[g:1][CONSENSUS]addRawPrepare,height=1,reqIdx=0,hash=2862ce96...,time=0
info|2025-10-06 08:22:47.914851|PBFT-1-0x00007ffabef4c700|[g:1][CONSENSUS][PBFT]checkTimeout Succ,view=0,toView=1,nodeIdx=2,changeCycle=1,myNode=73994dae...,timecost=8
info|2025-10-06 08:22:47.919716|PBFT-1-0x00007ffabef4c700|[g:1][CONSENSUS][PBFT]checkAndChangeView: Reach consensus,org_view=0,cur_changeCycle=1,curView=0,view=1
info|2025-10-06 08:22:48.928176|PBFT-1-0x00007ffabef4c700|[g:1][CONSENSUS]addRawPrepare,height=1,reqIdx=1,hash=7f50b64c...,time=0
info|2025-10-06 08:22:48.930327|PBFT-1-0x00007ffabef4c700|[g:1][CONSENSUS][PBFT]checkTimeout Succ,view=1,toView=2,nodeIdx=2,changeCycle=1,myNode=73994dae...,timecost=2
info|2025-10-06 08:22:48.938419|PBFT-1-0x00007ffabef4c700|[g:1][CONSENSUS][PBFT]checkAndChangeView: Reach consensus,org_view=1,cur_changeCycle=1,curView=1,view=2
info|2025-10-06 08:22:49.965768|PBFTSeal-1-0x00007ffab773d700|[g:1][CONSENSUS][SEALER]++++++++++++++++ Generating seal on,blkNum=1,tx=0,nodeIdx=2,hash=326b4bb6...
info|2025-10-06 08:22:49.977101|PBFT-1-0x00007ffabef4c700|[g:1][CONSENSUS][PBFT]checkTimeout Succ,view=2,toView=3,nodeIdx=2,changeCycle=1,myNode=73994dae...,timecost=7
info|2025-10-06 08:22:49.993133|PBFT-1-0x00007ffabef4c700|[g:1][CONSENSUS][PBFT]checkAndChangeView: Reach consensus,org_view=2,cur_changeCycle=1,curView=2,view=3
info|2025-10-06 08:22:51.000556|PBFT-1-0x00007ffabef4c700|[g:1][CONSENSUS]addRawPrepare,height=1,reqIdx=3,hash=e1ea0b5d...,time=0
info|2025-10-06 08:22:51.009850|PBFT-1-0x00007ffabef4c700|[g:1][CONSENSUS][PBFT]checkTimeout Succ,view=3,toView=4,nodeIdx=2,changeCycle=1,myNode=73994dae...,timecost=9
info|2025-10-06 08:22:51.020928|PBFT-1-0x00007ffabef4c700|[g:1][CONSENSUS][PBFT]checkAndChangeView: Reach consensus,org_view=3,cur_changeCycle=1,curView=3,view=4
info|2025-10-06 08:22:52.071924|PBFT-1-0x00007ffabef4c700|[g:1][CONSENSUS][PBFT]Trigger fast-viewchange,view=4,toView=4,minView=5,INFO=,reqNum=0,curNum=0,GenIdx=1,Cview=5,view=4,fromIdx=1,fromNode=374bdfe9...,fromIp=127.0.0.1:46486,hash=f0d3e679...,nodeIdx=2,myNode=73994dae...
info|2025-10-06 08:22:52.082660|PBFT-1-0x00007ffabef4c700|[g:1][CONSENSUS][PBFT]checkAndChangeView: Reach consensus,org_view=4,cur_changeCycle=2,curView=4,view=5
info|2025-10-06 08:22:52.084356|PBFT-1-0x00007ffabef4c700|[g:1][CONSENSUS][PBFT]checkTimeout Succ,view=5,toView=5,nodeIdx=2,changeCycle=2,myNode=73994dae...,timecost=13
info|2025-10-06 08:22:52.717716|ChannelServer-0x00007ffacff6e700|[CHANNEL]Receive new connection,from=127.0.0.1:55596
warning|2025-10-06 08:22:52.735730|ChannelServer-0x00007ffacff6e700|[CHANNEL]SSL handshake error,remoteHost=127.0.0.1,remotePort=55596,message=no shared cipher (SSL routines, ssl3_get_client_hello)
info|2025-10-06 08:22:53.080382|PBFT-1-0x00007ffabef4c700|[g:1][CONSENSUS]addRawPrepare,height=1,reqIdx=1,hash=53315372...,time=0
info|2025-10-06 08:22:53.082795|PBFT-1-0x00007ffabef4c700|[g:1][CONSENSUS][PBFT]checkTimeout Succ,view=5,toView=6,nodeIdx=2,changeCycle=1,myNode=73994dae...,timecost=2
info|2025-10-06 08:22:53.092260|PBFT-1-0x00007ffabef4c700|[g:1][CONSENSUS][PBFT]checkAndChangeView: Reach consensus,org_view=5,cur_changeCycle=1,curView=5,view=6
info|2025-10-06 08:22:54.092394|PBFTSeal-1-0x00007ffab773d700|[g:1][CONSENSUS][SEALER]++++++++++++++++ Generating seal on,blkNum=1,tx=0,nodeIdx=2,hash=1117aa5c...
info|2025-10-06 08:22:54.104330|PBFT-1-0x00007ffabef4c700|[g:1][CONSENSUS][PBFT]checkTimeout Succ,view=6,toView=7,nodeIdx=2,changeCycle=1,myNode=73994dae...,timecost=4
info|2025-10-06 08:22:54.109291|PBFT-1-0x00007ffabef4c700|[g:1][CONSENSUS][PBFT]checkAndChangeView: Reach consensus,org_view=6,cur_changeCycle=1,curView=6,view=7
info|2025-10-06 08:22:55.112343|PBFT-1-0x00007ffabef4c700|[g:1][CONSENSUS]addRawPrepare,height=1,reqIdx=3,hash=5c6e6abd...,time=0
info|2025-10-06 08:22:55.122823|PBFT-1-0x00007ffabef4c700|[g:1][CONSENSUS][PBFT]checkTimeout Succ,view=7,toView=8,nodeIdx=2,changeCycle=1,myNode=73994dae...,timecost=10
info|2025-10-06 08:22:55.136415|PBFT-1-0x00007ffabef4c700|[g:1][CONSENSUS][PBFT]checkAndChangeView: Reach consensus,org_view=7,cur_changeCycle=1,curView=7,view=8
info|2025-10-06 08:22:55.709922|ChannelServer-0x00007ffacff6e700|[CHANNEL]Receive new connection,from=127.0.0.1:55606
info|2025-10-06 08:22:55.727066|ChannelServer-0x00007ffacff6e700|[CHANNEL]channel new connect, host=127.0.0.1:55606
info|2025-10-06 08:22:55.727191|ChannelServer-0x00007ffacff6e700|[CHANNEL]start receive
info|2025-10-06 08:22:55.727202|ChannelServer-0x00007ffacff6e700|[CHANNEL][SESSION]setRemotePublicKey: set sdk public key,sdkPublicKey=18ec5cfe...
info|2025-10-06 08:22:55.842159|ChannelReq-0x00007ffad7f7e700|[RPC][getClientVersion]request
info|2025-10-06 08:22:55.926644|ChannelReq-0x00007ffad777d700|[CHANNEL]onClientHandshake,ProtocolVersion=3,clientType=java-sdk,endpoint=127.0.0.1:55606
info|2025-10-06 08:22:56.000081|ChannelReq-0x00007ffad677b700|[RPC][getGroupList]request
info|2025-10-06 08:22:56.025953|ChannelReq-0x00007ffad5779700|[RPC][getClientVersion]request
info|2025-10-06 08:22:56.038589|ChannelReq-0x00007ffad4f78700|[RPC][getGroupList]request
info|2025-10-06 08:22:56.142101|PBFT-1-0x00007ffabef4c700|[g:1][CONSENSUS]addRawPrepare,height=1,reqIdx=0,hash=75580100...,time=0
info|2025-10-06 08:22:56.151398|PBFT-1-0x00007ffabef4c700|[g:1][CONSENSUS][PBFT]checkTimeout Succ,view=8,toView=9,nodeIdx=2,changeCycle=1,myNode=73994dae...,timecost=9
info|2025-10-06 08:22:56.160779|PBFT-1-0x00007ffabef4c700|[g:1][CONSENSUS][PBFT]checkAndChangeView: Reach consensus,org_view=8,cur_changeCycle=1,curView=8,view=9
info|2025-10-06 08:22:56.705643|ChannelReq-0x00007ffad777d700|[RPC][getGroupList]request
info|2025-10-06 08:22:56.706840|io_service-0x00007ffad8f80700|[P2P][Service] heartBeat,connected count=3
info|2025-10-06 08:22:56.709104|ChannelReq-0x00007ffad6f7c700|[RPC][getClientVersion]request
info|2025-10-06 08:22:57.169161|PBFT-1-0x00007ffabef4c700|[g:1][CONSENSUS]addRawPrepare,height=1,reqIdx=1,hash=251d5c58...,time=0
info|2025-10-06 08:22:57.188337|PBFT-1-0x00007ffabef4c700|[g:1][CONSENSUS][PBFT]checkTimeout Succ,view=9,toView=10,nodeIdx=2,changeCycle=1,myNode=73994dae...,timecost=19
info|2025-10-06 08:22:57.200995|PBFT-1-0x00007ffabef4c700|[g:1][CONSENSUS][PBFT]checkAndChangeView: Reach consensus,org_view=9,cur_changeCycle=1,curView=9,view=10
info|2025-10-06 08:22:57.260909|ChannelReq-0x00007ffad5f7a700|[RPC][getGroupList]request
info|2025-10-06 08:22:58.201027|PBFTSeal-1-0x00007ffab773d700|[g:1][CONSENSUS][SEALER]++++++++++++++++ Generating seal on,blkNum=1,tx=0,nodeIdx=2,hash=dc90327e...
info|2025-10-06 08:22:58.204208|PBFT-1-0x00007ffabef4c700|[g:1][CONSENSUS][PBFT]checkTimeout Succ,view=10,toView=11,nodeIdx=2,changeCycle=1,myNode=73994dae...,timecost=2
info|2025-10-06 08:22:58.213753|PBFT-1-0x00007ffabef4c700|[g:1][CONSENSUS][PBFT]checkAndChangeView: Reach consensus,org_view=10,cur_changeCycle=1,curView=10,view=11
info|2025-10-06 08:22:59.225942|PBFT-1-0x00007ffabef4c700|[g:1][CONSENSUS]addRawPrepare,height=1,reqIdx=3,hash=90619c15...,time=0
info|2025-10-06 08:22:59.227867|PBFT-1-0x00007ffabef4c700|[g:1][CONSENSUS][PBFT]checkTimeout Succ,view=11,toView=12,nodeIdx=2,changeCycle=1,myNode=73994dae...,timecost=1
info|2025-10-06 08:22:59.236579|PBFT-1-0x00007ffabef4c700|[g:1][CONSENSUS][PBFT]checkAndChangeView: Reach consensus,org_view=11,cur_changeCycle=1,curView=11,view=12
info|2025-10-06 08:23:00.246127|PBFT-1-0x00007ffabef4c700|[g:1][CONSENSUS]addRawPrepare,height=1,reqIdx=0,hash=2d859c93...,time=0
info|2025-10-06 08:23:00.247231|PBFT-1-0x00007ffabef4c700|[g:1][CONSENSUS][PBFT]checkTimeout Succ,view=12,toView=13,nodeIdx=2,changeCycle=1,myNode=73994dae...,timecost=1
info|2025-10-06 08:23:00.250521|PBFT-1-0x00007ffabef4c700|[g:1][CONSENSUS][PBFT]checkAndChangeView: Reach consensus,org_view=12,cur_changeCycle=1,curView=12,view=13
info|2025-10-06 08:23:01.260708|PBFT-1-0x00007ffabef4c700|[g:1][CONSENSUS]addRawPrepare,height=1,reqIdx=1,hash=47187ac1...,time=0
info|2025-10-06 08:23:01.263538|PBFT-1-0x00007ffabef4c700|[g:1][CONSENSUS][PBFT]checkTimeout Succ,view=13,toView=14,nodeIdx=2,changeCycle=1,myNode=73994dae...,timecost=3
info|2025-10-06 08:23:01.274480|PBFT-1-0x00007ffabef4c700|[g:1][CONSENSUS][PBFT]checkAndChangeView: Reach consensus,org_view=13,cur_changeCycle=1,curView=13,view=14
info|2025-10-06 08:23:02.277215|PBFTSeal-1-0x00007ffab773d700|[g:1][CONSENSUS][SEALER]++++++++++++++++ Generating seal on,blkNum=1,tx=0,nodeIdx=2,hash=100d370f...
info|2025-10-06 08:23:02.281015|PBFT-1-0x00007ffabef4c700|[g:1][CONSENSUS][PBFT]checkTimeout Succ,view=14,toView=15,nodeIdx=2,changeCycle=1,myNode=73994dae...,timecost=2
info|2025-10-06 08:23:02.292378|PBFT-1-0x00007ffabef4c700|[g:1][CONSENSUS][PBFT]checkAndChangeView: Reach consensus,org_view=14,cur_changeCycle=1,curView=14,view=15
info|2025-10-06 08:23:03.299764|PBFT-1-0x00007ffabef4c700|[g:1][CONSENSUS]addRawPrepare,height=1,reqIdx=3,hash=d6a0168b...,time=0
info|2025-10-06 08:23:03.303274|PBFT-1-0x00007ffabef4c700|[g:1][CONSENSUS][PBFT]checkTimeout Succ,view=15,toView=16,nodeIdx=2,changeCycle=1,myNode=73994dae...,timecost=2
info|2025-10-06 08:23:03.307096|PBFT-1-0x00007ffabef4c700|[g:1][CONSENSUS][PBFT]checkAndChangeView: Reach consensus,org_view=15,cur_changeCycle=1,curView=15,view=16
info|2025-10-06 08:23:04.316331|PBFT-1-0x00007ffabef4c700|[g:1][CONSENSUS]addRawPrepare,height=1,reqIdx=0,hash=c451c9ba...,time=0
info|2025-10-06 08:23:04.323812|PBFT-1-0x00007ffabef4c700|[g:1][CONSENSUS][PBFT]checkTimeout Succ,view=16,toView=17,nodeIdx=2,changeCycle=1,myNode=73994dae...,timecost=7
info|2025-10-06 08:23:04.327713|PBFT-1-0x00007ffabef4c700|[g:1][CONSENSUS][PBFT]checkAndChangeView: Reach consensus,org_view=16,cur_changeCycle=1,curView=16,view=17
info|2025-10-06 08:23:05.336566|PBFT-1-0x00007ffabef4c700|[g:1][CONSENSUS]addRawPrepare,height=1,reqIdx=1,hash=56a0c04b...,time=0
info|2025-10-06 08:23:05.341716|PBFT-1-0x00007ffabef4c700|[g:1][CONSENSUS][PBFT]checkTimeout Succ,view=17,toView=18,nodeIdx=2,changeCycle=1,myNode=73994dae...,timecost=5
info|2025-10-06 08:23:05.348321|PBFT-1-0x00007ffabef4c700|[g:1][CONSENSUS][PBFT]checkAndChangeView: Reach consensus,org_view=17,cur_changeCycle=1,curView=17,view=18
info|2025-10-06 08:23:06.348104|PBFTSeal-1-0x00007ffab773d700|[g:1][CONSENSUS][SEALER]++++++++++++++++ Generating seal on,blkNum=1,tx=0,nodeIdx=2,hash=bdeb5d16...
info|2025-10-06 08:23:06.351023|PBFT-1-0x00007ffabef4c700|[g:1][CONSENSUS][PBFT]checkTimeout Succ,view=18,toView=19,nodeIdx=2,changeCycle=1,myNode=73994dae...,timecost=2
info|2025-10-06 08:23:06.371053|PBFT-1-0x00007ffabef4c700|[g:1][CONSENSUS][PBFT]checkAndChangeView: Reach consensus,org_view=18,cur_changeCycle=1,curView=18,view=19
info|2025-10-06 08:23:06.707684|io_service-0x00007ffad8f80700|[P2P][Service] heartBeat,connected count=3
info|2025-10-06 08:23:07.375470|PBFT-1-0x00007ffabef4c700|[g:1][CONSENSUS]addRawPrepare,height=1,reqIdx=3,hash=8e9d7e4f...,time=0
info|2025-10-06 08:23:07.377421|PBFT-1-0x00007ffabef4c700|[g:1][CONSENSUS][PBFT]checkTimeout Succ,view=19,toView=20,nodeIdx=2,changeCycle=1,myNode=73994dae...,timecost=1
info|2025-10-06 08:23:07.389238|PBFT-1-0x00007ffabef4c700|[g:1][CONSENSUS][PBFT]checkAndChangeView: Reach consensus,org_view=19,cur_changeCycle=1,curView=19,view=20
info|2025-10-06 08:23:08.396329|PBFT-1-0x00007ffabef4c700|[g:1][CONSENSUS]addRawPrepare,height=1,reqIdx=0,hash=72be6fce...,time=0
info|2025-10-06 08:23:08.398860|PBFT-1-0x00007ffabef4c700|[g:1][CONSENSUS][PBFT]checkTimeout Succ,view=20,toView=21,nodeIdx=2,changeCycle=1,myNode=73994dae...,timecost=2
info|2025-10-06 08:23:08.402272|PBFT-1-0x00007ffabef4c700|[g:1][CONSENSUS][PBFT]checkAndChangeView: Reach consensus,org_view=20,cur_changeCycle=1,curView=20,view=21
info|2025-10-06 08:23:09.409881|PBFT-1-0x00007ffabef4c700|[g:1][CONSENSUS]addRawPrepare,height=1,reqIdx=1,hash=fb3ebb98...,time=0
info|2025-10-06 08:23:09.412101|PBFT-1-0x00007ffabef4c700|[g:1][CONSENSUS][PBFT]checkTimeout Succ,view=21,toView=22,nodeIdx=2,changeCycle=1,myNode=73994dae...,timecost=3
info|2025-10-06 08:23:09.424338|PBFT-1-0x00007ffabef4c700|[g:1][CONSENSUS][PBFT]checkAndChangeView: Reach consensus,org_view=21,cur_changeCycle=1,curView=21,view=22
info|2025-10-06 08:23:10.424311|PBFTSeal-1-0x00007ffab773d700|[g:1][CONSENSUS][SEALER]++++++++++++++++ Generating seal on,blkNum=1,tx=0,nodeIdx=2,hash=43f5e838...
info|2025-10-06 08:23:10.426927|PBFT-1-0x00007ffabef4c700|[g:1][CONSENSUS][PBFT]checkTimeout Succ,view=22,toView=23,nodeIdx=2,changeCycle=1,myNode=73994dae...,timecost=1
info|2025-10-06 08:23:10.437354|PBFT-1-0x00007ffabef4c700|[g:1][CONSENSUS][PBFT]checkAndChangeView: Reach consensus,org_view=22,cur_changeCycle=1,curView=22,view=23
info|2025-10-06 08:23:11.447771|PBFT-1-0x00007ffabef4c700|[g:1][CONSENSUS]addRawPrepare,height=1,reqIdx=3,hash=cc0590f1...,time=0
info|2025-10-06 08:23:11.450060|PBFT-1-0x00007ffabef4c700|[g:1][CONSENSUS][PBFT]checkTimeout Succ,view=23,toView=24,nodeIdx=2,changeCycle=1,myNode=73994dae...,timecost=3
info|2025-10-06 08:23:11.457452|PBFT-1-0x00007ffabef4c700|[g:1][CONSENSUS][PBFT]checkAndChangeView: Reach consensus,org_view=23,cur_changeCycle=1,curView=23,view=24
info|2025-10-06 08:23:12.509690|PBFT-1-0x00007ffabef4c700|[g:1][CONSENSUS][PBFT]Trigger fast-viewchange,view=24,toView=24,minView=25,INFO=,reqNum=0,curNum=0,GenIdx=0,Cview=25,view=24,fromIdx=0,fromNode=064cb676...,fromIp=127.0.0.1:30303,hash=f0d3e679...,nodeIdx=2,myNode=73994dae...
info|2025-10-06 08:23:12.511040|PBFT-1-0x00007ffabef4c700|[g:1][CONSENSUS][PBFT]checkAndChangeView: Reach consensus,org_view=24,cur_changeCycle=2,curView=24,view=25
info|2025-10-06 08:23:12.511546|PBFT-1-0x00007ffabef4c700|[g:1][CONSENSUS][PBFT]checkTimeout Succ,view=25,toView=25,nodeIdx=2,changeCycle=2,myNode=73994dae...,timecost=2
info|2025-10-06 08:23:13.477921|PBFT-1-0x00007ffabef4c700|[g:1][CONSENSUS]addRawPrepare,height=1,reqIdx=1,hash=1d82160f...,time=0
info|2025-10-06 08:23:13.480771|PBFT-1-0x00007ffabef4c700|[g:1][CONSENSUS][PBFT]checkTimeout Succ,view=25,toView=26,nodeIdx=2,changeCycle=1,myNode=73994dae...,timecost=2
info|2025-10-06 08:23:13.489745|PBFT-1-0x00007ffabef4c700|[g:1][CONSENSUS][PBFT]checkAndChangeView: Reach consensus,org_view=25,cur_changeCycle=1,curView=25,view=26
info|2025-10-06 08:23:14.491056|PBFTSeal-1-0x00007ffab773d700|[g:1][CONSENSUS][SEALER]++++++++++++++++ Generating seal on,blkNum=1,tx=0,nodeIdx=2,hash=7b2f4b12...
info|2025-10-06 08:23:14.500018|PBFT-1-0x00007ffabef4c700|[g:1][CONSENSUS][PBFT]checkTimeout Succ,view=26,toView=27,nodeIdx=2,changeCycle=1,myNode=73994dae...,timecost=2
info|2025-10-06 08:23:14.504585|PBFT-1-0x00007ffabef4c700|[g:1][CONSENSUS][PBFT]checkAndChangeView: Reach consensus,org_view=26,cur_changeCycle=1,curView=26,view=27
info|2025-10-06 08:23:14.799545|ChannelReq-0x00007ffad4f78700|[PRECOMPILED]init GasChargeManagePrecompiled
error|2025-10-06 08:23:14.950076|ChannelReq-0x00007ffad4f78700|[EXECUTIVE][TxExeError]Transaction execution error,TransactionExceptionID=26,hash=call
info|2025-10-06 08:23:15.513959|PBFT-1-0x00007ffabef4c700|[g:1][CONSENSUS]addRawPrepare,height=1,reqIdx=3,hash=39a4639d...,time=0
info|2025-10-06 08:23:15.515115|PBFT-1-0x00007ffabef4c700|[g:1][CONSENSUS][PBFT]checkTimeout Succ,view=27,toView=28,nodeIdx=2,changeCycle=1,myNode=73994dae...,timecost=1
info|2025-10-06 08:23:15.526349|PBFT-1-0x00007ffabef4c700|[g:1][CONSENSUS][PBFT]checkAndChangeView: Reach consensus,org_view=27,cur_changeCycle=1,curView=27,view=28
info|2025-10-06 08:23:16.531793|PBFT-1-0x00007ffabef4c700|[g:1][CONSENSUS]addRawPrepare,height=1,reqIdx=0,hash=3f698af7...,time=1
info|2025-10-06 08:23:16.533715|PBFT-1-0x00007ffabef4c700|[g:1][CONSENSUS][PBFT]checkTimeout Succ,view=28,toView=29,nodeIdx=2,changeCycle=1,myNode=73994dae...,timecost=1
info|2025-10-06 08:23:16.543766|PBFT-1-0x00007ffabef4c700|[g:1][CONSENSUS][PBFT]checkAndChangeView: Reach consensus,org_view=28,cur_changeCycle=1,curView=28,view=29
info|2025-10-06 08:23:16.708446|io_service-0x00007ffad8f80700|[P2P][Service] heartBeat,connected count=3
info|2025-10-06 08:23:17.550498|PBFT-1-0x00007ffabef4c700|[g:1][CONSENSUS]addRawPrepare,height=1,reqIdx=1,hash=789c3efe...,time=0
info|2025-10-06 08:23:17.555968|PBFT-1-0x00007ffabef4c700|[g:1][CONSENSUS][PBFT]checkTimeout Succ,view=29,toView=30,nodeIdx=2,changeCycle=1,myNode=73994dae...,timecost=5
info|2025-10-06 08:23:17.563471|PBFT-1-0x00007ffabef4c700|[g:1][CONSENSUS][PBFT]checkAndChangeView: Reach consensus,org_view=29,cur_changeCycle=1,curView=29,view=30
info|2025-10-06 08:23:18.563217|PBFTSeal-1-0x00007ffab773d700|[g:1][CONSENSUS][SEALER]++++++++++++++++ Generating seal on,blkNum=1,tx=0,nodeIdx=2,hash=8949755e...
info|2025-10-06 08:23:18.570755|PBFT-1-0x00007ffabef4c700|[g:1][CONSENSUS][PBFT]checkTimeout Succ,view=30,toView=31,nodeIdx=2,changeCycle=1,myNode=73994dae...,timecost=1
info|2025-10-06 08:23:18.574193|PBFT-1-0x00007ffabef4c700|[g:1][CONSENSUS][PBFT]checkAndChangeView: Reach consensus,org_view=30,cur_changeCycle=1,curView=30,view=31
info|2025-10-06 08:23:19.585109|PBFT-1-0x00007ffabef4c700|[g:1][CONSENSUS]addRawPrepare,height=1,reqIdx=3,hash=305784ec...,time=0
info|2025-10-06 08:23:19.590501|PBFT-1-0x00007ffabef4c700|[g:1][CONSENSUS][PBFT]checkTimeout Succ,view=31,toView=32,nodeIdx=2,changeCycle=1,myNode=73994dae...,timecost=5
info|2025-10-06 08:23:19.596241|PBFT-1-0x00007ffabef4c700|[g:1][CONSENSUS][PBFT]checkAndChangeView: Reach consensus,org_view=31,cur_changeCycle=1,curView=31,view=32
info|2025-10-06 08:23:20.604630|PBFT-1-0x00007ffabef4c700|[g:1][CONSENSUS]addRawPrepare,height=1,reqIdx=0,hash=9286c7eb...,time=0
info|2025-10-06 08:23:20.607510|PBFT-1-0x00007ffabef4c700|[g:1][CONSENSUS][PBFT]checkTimeout Succ,view=32,toView=33,nodeIdx=2,changeCycle=1,myNode=73994dae...,timecost=3
info|2025-10-06 08:23:20.615579|PBFT-1-0x00007ffabef4c700|[g:1][CONSENSUS][PBFT]checkAndChangeView: Reach consensus,org_view=32,cur_changeCycle=1,curView=32,view=33
info|2025-10-06 08:23:21.623868|PBFT-1-0x00007ffabef4c700|[g:1][CONSENSUS]addRawPrepare,height=1,reqIdx=1,hash=1576d49d...,time=0
info|2025-10-06 08:23:21.629479|PBFT-1-0x00007ffabef4c700|[g:1][CONSENSUS][PBFT]checkTimeout Succ,view=33,toView=34,nodeIdx=2,changeCycle=1,myNode=73994dae...,timecost=6
info|2025-10-06 08:23:21.636100|PBFT-1-0x00007ffabef4c700|[g:1][CONSENSUS][PBFT]checkAndChangeView: Reach consensus,org_view=33,cur_changeCycle=1,curView=33,view=34
info|2025-10-06 08:23:22.637874|PBFTSeal-1-0x00007ffab773d700|[g:1][CONSENSUS][SEALER]++++++++++++++++ Generating seal on,blkNum=1,tx=0,nodeIdx=2,hash=7a156872...
info|2025-10-06 08:23:22.643185|PBFT-1-0x00007ffabef4c700|[g:1][CONSENSUS][PBFT]checkTimeout Succ,view=34,toView=35,nodeIdx=2,changeCycle=1,myNode=73994dae...,timecost=3
info|2025-10-06 08:23:22.654681|PBFT-1-0x00007ffabef4c700|[g:1][CONSENSUS][PBFT]checkAndChangeView: Reach consensus,org_view=34,cur_changeCycle=1,curView=34,view=35
info|2025-10-06 08:23:23.667271|PBFT-1-0x00007ffabef4c700|[g:1][CONSENSUS]addRawPrepare,height=1,reqIdx=3,hash=5322d2ec...,time=0
info|2025-10-06 08:23:23.674626|PBFT-1-0x00007ffabef4c700|[g:1][CONSENSUS][PBFT]checkTimeout Succ,view=35,toView=36,nodeIdx=2,changeCycle=1,myNode=73994dae...,timecost=7
info|2025-10-06 08:23:23.676902|PBFT-1-0x00007ffabef4c700|[g:1][CONSENSUS][PBFT]checkAndChangeView: Reach consensus,org_view=35,cur_changeCycle=1,curView=35,view=36
info|2025-10-06 08:23:24.680123|PBFT-1-0x00007ffabef4c700|[g:1][CONSENSUS]addRawPrepare,height=1,reqIdx=0,hash=239752dd...,time=0
info|2025-10-06 08:23:24.682625|PBFT-1-0x00007ffabef4c700|[g:1][CONSENSUS][PBFT]checkTimeout Succ,view=36,toView=37,nodeIdx=2,changeCycle=1,myNode=73994dae...,timecost=2
info|2025-10-06 08:23:24.696329|PBFT-1-0x00007ffabef4c700|[g:1][CONSENSUS][PBFT]checkAndChangeView: Reach consensus,org_view=36,cur_changeCycle=1,curView=36,view=37
info|2025-10-06 08:23:25.700252|PBFT-1-0x00007ffabef4c700|[g:1][CONSENSUS]addRawPrepare,height=1,reqIdx=1,hash=f4c1468d...,time=0
info|2025-10-06 08:23:25.702258|PBFT-1-0x00007ffabef4c700|[g:1][CONSENSUS][PBFT]checkTimeout Succ,view=37,toView=38,nodeIdx=2,changeCycle=1,myNode=73994dae...,timecost=2
info|2025-10-06 08:23:25.705099|PBFT-1-0x00007ffabef4c700|[g:1][CONSENSUS][PBFT]checkAndChangeView: Reach consensus,org_view=37,cur_changeCycle=1,curView=37,view=38
info|2025-10-06 08:23:26.704901|PBFTSeal-1-0x00007ffab773d700|[g:1][CONSENSUS][SEALER]++++++++++++++++ Generating seal on,blkNum=1,tx=0,nodeIdx=2,hash=93a62209...
info|2025-10-06 08:23:26.708823|io_service-0x00007ffad8f80700|[P2P][Service] heartBeat,connected count=3
info|2025-10-06 08:23:26.716873|PBFT-1-0x00007ffabef4c700|[g:1][CONSENSUS][PBFT]checkTimeout Succ,view=38,toView=39,nodeIdx=2,changeCycle=1,myNode=73994dae...,timecost=3
info|2025-10-06 08:23:26.724137|PBFT-1-0x00007ffabef4c700|[g:1][CONSENSUS][PBFT]checkAndChangeView: Reach consensus,org_view=38,cur_changeCycle=1,curView=38,view=39
info|2025-10-06 08:23:27.729711|PBFT-1-0x00007ffabef4c700|[g:1][CONSENSUS]addRawPrepare,height=1,reqIdx=3,hash=5d85df92...,time=0
info|2025-10-06 08:23:27.731470|PBFT-1-0x00007ffabef4c700|[g:1][CONSENSUS][PBFT]checkTimeout Succ,view=39,toView=40,nodeIdx=2,changeCycle=1,myNode=73994dae...,timecost=2
info|2025-10-06 08:23:27.741351|PBFT-1-0x00007ffabef4c700|[g:1][CONSENSUS][PBFT]checkAndChangeView: Reach consensus,org_view=39,cur_changeCycle=1,curView=39,view=40
info|2025-10-06 08:23:28.749504|PBFT-1-0x00007ffabef4c700|[g:1][CONSENSUS]addRawPrepare,height=1,reqIdx=0,hash=e74f2331...,time=0
info|2025-10-06 08:23:28.757005|PBFT-1-0x00007ffabef4c700|[g:1][CONSENSUS][PBFT]checkTimeout Succ,view=40,toView=41,nodeIdx=2,changeCycle=1,myNode=73994dae...,timecost=4
info|2025-10-06 08:23:28.764494|PBFT-1-0x00007ffabef4c700|[g:1][CONSENSUS][PBFT]checkAndChangeView: Reach consensus,org_view=40,cur_changeCycle=1,curView=40,view=41
info|2025-10-06 08:23:29.768477|PBFT-1-0x00007ffabef4c700|[g:1][CONSENSUS]addRawPrepare,height=1,reqIdx=1,hash=bb518e21...,time=0
info|2025-10-06 08:23:29.769901|PBFT-1-0x00007ffabef4c700|[g:1][CONSENSUS][PBFT]checkTimeout Succ,view=41,toView=42,nodeIdx=2,changeCycle=1,myNode=73994dae...,timecost=1
info|2025-10-06 08:23:29.772731|PBFT-1-0x00007ffabef4c700|[g:1][CONSENSUS][PBFT]checkAndChangeView: Reach consensus,org_view=41,cur_changeCycle=1,curView=41,view=42
info|2025-10-06 08:23:30.773625|PBFTSeal-1-0x00007ffab773d700|[g:1][CONSENSUS][SEALER]++++++++++++++++ Generating seal on,blkNum=1,tx=0,nodeIdx=2,hash=f1381c02...
info|2025-10-06 08:23:30.777422|PBFT-1-0x00007ffabef4c700|[g:1][CONSENSUS][PBFT]checkTimeout Succ,view=42,toView=43,nodeIdx=2,changeCycle=1,myNode=73994dae...,timecost=2
info|2025-10-06 08:23:30.791117|PBFT-1-0x00007ffabef4c700|[g:1][CONSENSUS][PBFT]checkAndChangeView: Reach consensus,org_view=42,cur_changeCycle=1,curView=42,view=43
info|2025-10-06 08:23:31.794638|PBFT-1-0x00007ffabef4c700|[g:1][CONSENSUS]addRawPrepare,height=1,reqIdx=3,hash=4c3f491f...,time=0
info|2025-10-06 08:23:31.796219|PBFT-1-0x00007ffabef4c700|[g:1][CONSENSUS][PBFT]checkTimeout Succ,view=43,toView=44,nodeIdx=2,changeCycle=1,myNode=73994dae...,timecost=2
info|2025-10-06 08:23:31.803264|PBFT-1-0x00007ffabef4c700|[g:1][CONSENSUS][PBFT]checkAndChangeView: Reach consensus,org_view=43,cur_changeCycle=1,curView=43,view=44
info|2025-10-06 08:23:32.851683|PBFT-1-0x00007ffabef4c700|[g:1][CONSENSUS][PBFT]Trigger fast-viewchange,view=44,toView=44,minView=45,INFO=,reqNum=0,curNum=0,GenIdx=3,Cview=45,view=44,fromIdx=3,fromNode=87d00b98...,fromIp=127.0.0.1:46480,hash=f0d3e679...,nodeIdx=2,myNode=73994dae...
info|2025-10-06 08:23:32.853593|PBFT-1-0x00007ffabef4c700|[g:1][CONSENSUS][PBFT]checkAndChangeView: Reach consensus,org_view=44,cur_changeCycle=2,curView=44,view=45
info|2025-10-06 08:23:32.853669|PBFT-1-0x00007ffabef4c700|[g:1][CONSENSUS][PBFT]checkTimeout Succ,view=45,toView=45,nodeIdx=2,changeCycle=2,myNode=73994dae...,timecost=2
info|2025-10-06 08:23:33.831525|PBFT-1-0x00007ffabef4c700|[g:1][CONSENSUS]addRawPrepare,height=1,reqIdx=1,hash=f591580c...,time=0
info|2025-10-06 08:23:33.838254|PBFT-1-0x00007ffabef4c700|[g:1][CONSENSUS][PBFT]checkTimeout Succ,view=45,toView=46,nodeIdx=2,changeCycle=1,myNode=73994dae...,timecost=7
info|2025-10-06 08:23:33.842893|PBFT-1-0x00007ffabef4c700|[g:1][CONSENSUS][PBFT]checkAndChangeView: Reach consensus,org_view=45,cur_changeCycle=1,curView=45,view=46
warning|2025-10-06 08:23:34.542024|ChannelServer-0x00007ffacff6e700|[CHANNEL][SESSION]onRead failed,value=335544539,message=short read (SSL routines, SSL routines)
warning|2025-10-06 08:23:34.542092|ChannelServer-0x00007ffacff6e700|[CHANNEL]onClientRequest,errorCode=-1,what=Read failed, disconnect
info|2025-10-06 08:23:34.550782|ChannelServer-0x00007ffacff6e700|async_shutdown,message=short read (SSL routines, SSL routines)
info|2025-10-06 08:23:34.850949|PBFTSeal-1-0x00007ffab773d700|[g:1][CONSENSUS][SEALER]++++++++++++++++ Generating seal on,blkNum=1,tx=0,nodeIdx=2,hash=072d1719...
info|2025-10-06 08:23:34.918842|PBFT-1-0x00007ffabef4c700|[g:1][CONSENSUS][PBFT]checkTimeout Succ,view=46,toView=47,nodeIdx=2,changeCycle=1,myNode=73994dae...,timecost=3
info|2025-10-06 08:23:34.925306|PBFT-1-0x00007ffabef4c700|[g:1][CONSENSUS][PBFT]checkAndChangeView: Reach consensus,org_view=46,cur_changeCycle=1,curView=46,view=47
info|2025-10-06 08:23:35.932488|PBFT-1-0x00007ffabef4c700|[g:1][CONSENSUS]addRawPrepare,height=1,reqIdx=3,hash=afb341c5...,time=0
info|2025-10-06 08:23:35.939219|PBFT-1-0x00007ffabef4c700|[g:1][CONSENSUS][PBFT]checkTimeout Succ,view=47,toView=48,nodeIdx=2,changeCycle=1,myNode=73994dae...,timecost=7
info|2025-10-06 08:23:35.949241|PBFT-1-0x00007ffabef4c700|[g:1][CONSENSUS][PBFT]checkAndChangeView: Reach consensus,org_view=47,cur_changeCycle=1,curView=47,view=48
info|2025-10-06 08:23:36.709262|io_service-0x00007ffad8f80700|[P2P][Service] heartBeat,connected count=3
info|2025-10-06 08:23:36.957960|PBFT-1-0x00007ffabef4c700|[g:1][CONSENSUS]addRawPrepare,height=1,reqIdx=0,hash=2344cd9b...,time=0
info|2025-10-06 08:23:36.959739|PBFT-1-0x00007ffabef4c700|[g:1][CONSENSUS][PBFT]checkTimeout Succ,view=48,toView=49,nodeIdx=2,changeCycle=1,myNode=73994dae...,timecost=1
info|2025-10-06 08:23:36.967195|PBFT-1-0x00007ffabef4c700|[g:1][CONSENSUS][PBFT]checkAndChangeView: Reach consensus,org_view=48,cur_changeCycle=1,curView=48,view=49
info|2025-10-06 08:23:37.977749|PBFT-1-0x00007ffabef4c700|[g:1][CONSENSUS]addRawPrepare,height=1,reqIdx=1,hash=9a00fb25...,time=0
info|2025-10-06 08:23:37.979107|PBFT-1-0x00007ffabef4c700|[g:1][CONSENSUS][PBFT]checkTimeout Succ,view=49,toView=50,nodeIdx=2,changeCycle=1,myNode=73994dae...,timecost=2
info|2025-10-06 08:23:37.987112|PBFT-1-0x00007ffabef4c700|[g:1][CONSENSUS][PBFT]checkAndChangeView: Reach consensus,org_view=49,cur_changeCycle=1,curView=49,view=50
info|2025-10-06 08:23:38.987863|PBFTSeal-1-0x00007ffab773d700|[g:1][CONSENSUS][SEALER]++++++++++++++++ Generating seal on,blkNum=1,tx=0,nodeIdx=2,hash=b0fbfd92...
info|2025-10-06 08:23:38.996011|PBFT-1-0x00007ffabef4c700|[g:1][CONSENSUS][PBFT]checkTimeout Succ,view=50,toView=51,nodeIdx=2,changeCycle=1,myNode=73994dae...,timecost=3
info|2025-10-06 08:23:39.004784|PBFT-1-0x00007ffabef4c700|[g:1][CONSENSUS][PBFT]checkAndChangeView: Reach consensus,org_view=50,cur_changeCycle=1,curView=50,view=51
info|2025-10-06 08:23:40.013000|PBFT-1-0x00007ffabef4c700|[g:1][CONSENSUS]addRawPrepare,height=1,reqIdx=3,hash=952a0d5e...,time=1
info|2025-10-06 08:23:40.018238|PBFT-1-0x00007ffabef4c700|[g:1][CONSENSUS][PBFT]checkTimeout Succ,view=51,toView=52,nodeIdx=2,changeCycle=1,myNode=73994dae...,timecost=5
info|2025-10-06 08:23:40.022289|PBFT-1-0x00007ffabef4c700|[g:1][CONSENSUS][PBFT]checkAndChangeView: Reach consensus,org_view=51,cur_changeCycle=1,curView=51,view=52
info|2025-10-06 08:23:41.025153|PBFT-1-0x00007ffabef4c700|[g:1][CONSENSUS]addRawPrepare,height=1,reqIdx=0,hash=13f22234...,time=0
info|2025-10-06 08:23:41.034869|PBFT-1-0x00007ffabef4c700|[g:1][CONSENSUS][PBFT]checkTimeout Succ,view=52,toView=53,nodeIdx=2,changeCycle=1,myNode=73994dae...,timecost=9
info|2025-10-06 08:23:41.041431|PBFT-1-0x00007ffabef4c700|[g:1][CONSENSUS][PBFT]checkAndChangeView: Reach consensus,org_view=52,cur_changeCycle=1,curView=52,view=53
info|2025-10-06 08:23:42.048658|PBFT-1-0x00007ffabef4c700|[g:1][CONSENSUS]addRawPrepare,height=1,reqIdx=1,hash=1d348b6b...,time=0
info|2025-10-06 08:23:42.055701|PBFT-1-0x00007ffabef4c700|[g:1][CONSENSUS][PBFT]checkTimeout Succ,view=53,toView=54,nodeIdx=2,changeCycle=1,myNode=73994dae...,timecost=7
info|2025-10-06 08:23:42.061094|PBFT-1-0x00007ffabef4c700|[g:1][CONSENSUS][PBFT]checkAndChangeView: Reach consensus,org_view=53,cur_changeCycle=1,curView=53,view=54
info|2025-10-06 08:23:43.061370|PBFTSeal-1-0x00007ffab773d700|[g:1][CONSENSUS][SEALER]++++++++++++++++ Generating seal on,blkNum=1,tx=0,nodeIdx=2,hash=ca5def12...
info|2025-10-06 08:23:43.070135|PBFT-1-0x00007ffabef4c700|[g:1][CONSENSUS][PBFT]checkTimeout Succ,view=54,toView=55,nodeIdx=2,changeCycle=1,myNode=73994dae...,timecost=1
info|2025-10-06 08:23:43.074133|PBFT-1-0x00007ffabef4c700|[g:1][CONSENSUS][PBFT]checkAndChangeView: Reach consensus,org_view=54,cur_changeCycle=1,curView=54,view=55
info|2025-10-06 08:23:44.451170|PBFT-1-0x00007ffabef4c700|[g:1][CONSENSUS]addRawPrepare,height=1,reqIdx=3,hash=88790985...,time=0
info|2025-10-06 08:23:44.453332|PBFT-1-0x00007ffabef4c700|[g:1][CONSENSUS][PBFT]checkTimeout Succ,view=55,toView=56,nodeIdx=2,changeCycle=1,myNode=73994dae...,timecost=2
info|2025-10-06 08:23:44.455912|PBFT-1-0x00007ffabef4c700|[g:1][CONSENSUS][PBFT]checkAndChangeView: Reach consensus,org_view=55,cur_changeCycle=1,curView=55,view=56
info|2025-10-06 08:23:45.448794|PBFT-1-0x00007ffabef4c700|[g:1][CONSENSUS]addRawPrepare,height=1,reqIdx=0,hash=de166bd2...,time=0
info|2025-10-06 08:23:45.451714|PBFT-1-0x00007ffabef4c700|[g:1][CONSENSUS][PBFT]checkTimeout Succ,view=56,toView=57,nodeIdx=2,changeCycle=1,myNode=73994dae...,timecost=3
info|2025-10-06 08:23:45.453613|PBFT-1-0x00007ffabef4c700|[g:1][CONSENSUS][PBFT]checkAndChangeView: Reach consensus,org_view=56,cur_changeCycle=1,curView=56,view=57
info|2025-10-06 08:23:46.464299|PBFT-1-0x00007ffabef4c700|[g:1][CONSENSUS]addRawPrepare,height=1,reqIdx=1,hash=d8cb80b2...,time=0
info|2025-10-06 08:23:46.468928|PBFT-1-0x00007ffabef4c700|[g:1][CONSENSUS][PBFT]checkTimeout Succ,view=57,toView=58,nodeIdx=2,changeCycle=1,myNode=73994dae...,timecost=3
info|2025-10-06 08:23:46.472160|PBFT-1-0x00007ffabef4c700|[g:1][CONSENSUS][PBFT]checkAndChangeView: Reach consensus,org_view=57,cur_changeCycle=1,curView=57,view=58
info|2025-10-06 08:23:46.710025|io_service-0x00007ffad8f80700|[P2P][Service] heartBeat,connected count=3
info|2025-10-06 08:23:47.472227|PBFTSeal-1-0x00007ffab773d700|[g:1][CONSENSUS][SEALER]++++++++++++++++ Generating seal on,blkNum=1,tx=0,nodeIdx=2,hash=e06898d3...
info|2025-10-06 08:23:47.478781|PBFT-1-0x00007ffabef4c700|[g:1][CONSENSUS][PBFT]checkTimeout Succ,view=58,toView=59,nodeIdx=2,changeCycle=1,myNode=73994dae...,timecost=1
info|2025-10-06 08:23:47.482394|PBFT-1-0x00007ffabef4c700|[g:1][CONSENSUS][PBFT]checkAndChangeView: Reach consensus,org_view=58,cur_changeCycle=1,curView=58,view=59
info|2025-10-06 08:23:48.491406|PBFT-1-0x00007ffabef4c700|[g:1][CONSENSUS]addRawPrepare,height=1,reqIdx=3,hash=61554022...,time=0
info|2025-10-06 08:23:48.493561|PBFT-1-0x00007ffabef4c700|[g:1][CONSENSUS][PBFT]checkTimeout Succ,view=59,toView=60,nodeIdx=2,changeCycle=1,myNode=73994dae...,timecost=2
info|2025-10-06 08:23:48.499357|PBFT-1-0x00007ffabef4c700|[g:1][CONSENSUS][PBFT]checkAndChangeView: Reach consensus,org_view=59,cur_changeCycle=1,curView=59,view=60
info|2025-10-06 08:23:49.509300|PBFT-1-0x00007ffabef4c700|[g:1][CONSENSUS]addRawPrepare,height=1,reqIdx=0,hash=f66117ca...,time=0
info|2025-10-06 08:23:49.511407|PBFT-1-0x00007ffabef4c700|[g:1][CONSENSUS][PBFT]checkTimeout Succ,view=60,toView=61,nodeIdx=2,changeCycle=1,myNode=73994dae...,timecost=2
info|2025-10-06 08:23:49.514713|PBFT-1-0x00007ffabef4c700|[g:1][CONSENSUS][PBFT]checkAndChangeView: Reach consensus,org_view=60,cur_changeCycle=1,curView=60,view=61
info|2025-10-06 08:23:50.523276|PBFT-1-0x00007ffabef4c700|[g:1][CONSENSUS]addRawPrepare,height=1,reqIdx=1,hash=0ad4dc9a...,time=0
info|2025-10-06 08:23:50.524512|PBFT-1-0x00007ffabef4c700|[g:1][CONSENSUS][PBFT]checkTimeout Succ,view=61,toView=62,nodeIdx=2,changeCycle=1,myNode=73994dae...,timecost=1
info|2025-10-06 08:23:50.536050|PBFT-1-0x00007ffabef4c700|[g:1][CONSENSUS][PBFT]checkAndChangeView: Reach consensus,org_view=61,cur_changeCycle=1,curView=61,view=62
info|2025-10-06 08:23:51.335840|fisco-bcos-0x00007ffadbcf9dc0|[LEDGER]stop sealer,groupID=1
info|2025-10-06 08:23:51.335895|fisco-bcos-0x00007ffadbcf9dc0|[CONSENSUS][SEALER]Stop sealer module...
info|2025-10-06 08:23:51.336704|fisco-bcos-0x00007ffadbcf9dc0|[CONSENSUS][ConsensusEngine][Stop ConsensusEngineBase]
info|2025-10-06 08:23:51.342135|fisco-bcos-0x00007ffadbcf9dc0|[CONSENSUS][ConsensusEngine]ConsensusEngineBase stopped
info|2025-10-06 08:23:51.342186|fisco-bcos-0x00007ffadbcf9dc0|[LEDGER]sealer stopped. stop sync,groupID=1
info|2025-10-06 08:23:51.342820|fisco-bcos-0x00007ffadbcf9dc0|[g:1] [SYNC][id:73994dae...]SyncMsgEngine stopped
info|2025-10-06 08:23:51.421788|fisco-bcos-0x00007ffadbcf9dc0|[GossipBlockStatus]stop GossipBlockStatus succ
info|2025-10-06 08:23:52.542791|fisco-bcos-0x00007ffadbcf9dc0|[SYNC][id:73994dae...][g:1]SyncMaster stopped
info|2025-10-06 08:23:52.542832|fisco-bcos-0x00007ffadbcf9dc0|[LEDGER]sync stopped. stop event filter manager,groupID=1
info|2025-10-06 08:23:52.641749|fisco-bcos-0x00007ffadbcf9dc0|[EVENT][EventLogFilterManager]stop
info|2025-10-06 08:23:52.641799|fisco-bcos-0x00007ffadbcf9dc0|[LEDGER]event filter manager stopped. stop tx pool,groupID=1
info|2025-10-06 08:23:52.642433|fisco-bcos-0x00007ffadbcf9dc0|[LEDGER]removeNetworkStatHandlerByGroupID and removeGroupBandwidthLimiter for service,groupID=1
info|2025-10-06 08:23:52.642465|fisco-bcos-0x00007ffadbcf9dc0|[CHANNEL]removeSDKAllowListByGroupId,groupId=1
info|2025-10-06 08:23:52.642472|fisco-bcos-0x00007ffadbcf9dc0|[INITIALIZER]ledgerInitializer stopped
warning|2025-10-06 08:23:52.642544|ChannelServer-0x00007ffacff6e700|[CHANNEL]Accept failed,message=Operation canceled
info|2025-10-06 08:23:53.544511|io_service-0x00007ffad8f80700|[NETWORK][Session]doRead failed,endpoint=127.0.0.1:46480,message=short read (SSL routines, SSL routines)
info|2025-10-06 08:23:53.544553|io_service-0x00007ffad8f80700|[NETWORK][Session]drop, call and erase all callbackFunc of the session!,endpoint=127.0.0.1:46480
info|2025-10-06 08:23:53.544588|io_service-0x00007ffad8f80700|[NETWORK][Session][drop] closing remote 127.0.0.1:46480,reason=Low-level TCP communication failed.,endpoint=127.0.0.1:46480
info|2025-10-06 08:23:53.544687|P2P-0x00007ffad9781700|[P2P][Service] disconnect inactive P2PSession,nodeID=87d00b98...,endpoint=127.0.0.1:46480,code=3,what=Disconnect
info|2025-10-06 08:23:53.544736|io_service-0x00007ffad8f80700|[NETWORK][Session]Session inactive
info|2025-10-06 08:23:53.544712|P2P-0x00007ffad9781700|[P2P][Service] onDisconnect,code=3,what=Dynamic exception type: dev::network::NetworkException
std::exception::what: Disconnect
info|2025-10-06 08:23:53.544743|io_service-0x00007ffad8f80700|[NETWORK][Session]Session inactive
info|2025-10-06 08:23:53.544748|io_service-0x00007ffad8f80700|[NETWORK][Session][drop] shutdown failed ,code=9,message=Bad file descriptor
info|2025-10-06 08:23:53.549406|io_service-0x00007ffad8f80700|[NETWORK][Session]doRead failed,endpoint=127.0.0.1:46486,message=short read (SSL routines, SSL routines)
info|2025-10-06 08:23:53.549466|io_service-0x00007ffad8f80700|[NETWORK][Session]drop, call and erase all callbackFunc of the session!,endpoint=127.0.0.1:46486
info|2025-10-06 08:23:53.549512|io_service-0x00007ffad8f80700|[NETWORK][Session][drop] closing remote 127.0.0.1:46486,reason=Low-level TCP communication failed.,endpoint=127.0.0.1:46486
info|2025-10-06 08:23:53.549613|io_service-0x00007ffad8f80700|[NETWORK][Session]Session inactive
info|2025-10-06 08:23:53.549620|io_service-0x00007ffad8f80700|[NETWORK][Session]Session inactive
info|2025-10-06 08:23:53.549624|io_service-0x00007ffad8f80700|[NETWORK][Session][drop] shutdown failed ,code=9,message=Bad file descriptor
info|2025-10-06 08:23:53.549652|P2P-0x00007ffada783700|[P2P][Service] disconnect inactive P2PSession,nodeID=374bdfe9...,endpoint=127.0.0.1:46486,code=3,what=Disconnect
info|2025-10-06 08:23:53.549669|P2P-0x00007ffada783700|[P2P][Service] onDisconnect,code=3,what=Dynamic exception type: dev::network::NetworkException
std::exception::what: Disconnect
info|2025-10-06 08:23:53.551703|io_service-0x00007ffad8f80700|[NETWORK][Session]doRead failed,endpoint=127.0.0.1:30303,message=short read (SSL routines, SSL routines)
info|2025-10-06 08:23:53.551735|io_service-0x00007ffad8f80700|[NETWORK][Session]drop, call and erase all callbackFunc of the session!,endpoint=127.0.0.1:30303
info|2025-10-06 08:23:53.551765|io_service-0x00007ffad8f80700|[NETWORK][Session][drop] closing remote 127.0.0.1:30303,reason=Low-level TCP communication failed.,endpoint=127.0.0.1:30303
info|2025-10-06 08:23:53.551822|P2P-0x00007ffad9f82700|[P2P][Service] disconnect inactive P2PSession,nodeID=064cb676...,endpoint=127.0.0.1:30303,code=3,what=Disconnect
info|2025-10-06 08:23:53.551850|io_service-0x00007ffad8f80700|[NETWORK][Session]Session inactive
info|2025-10-06 08:23:53.551856|io_service-0x00007ffad8f80700|[NETWORK][Session]Session inactive
info|2025-10-06 08:23:53.551844|P2P-0x00007ffad9f82700|[P2P][Service] onDisconnect,code=3,what=Dynamic exception type: dev::network::NetworkException
std::exception::what: Disconnect
info|2025-10-06 08:23:53.551860|io_service-0x00007ffad8f80700|[NETWORK][Session][drop] shutdown failed ,code=9,message=Bad file descriptor
info|2025-10-06 08:23:53.643811|fisco-bcos-0x00007ffadbcf9dc0|[INITIALIZER]ChannelRPCHttpServer deleted.
info|2025-10-06 08:23:53.644602|fisco-bcos-0x00007ffadbcf9dc0|[INITIALIZER]JsonrpcHttpServer deleted.
info|2025-10-06 08:23:53.644630|fisco-bcos-0x00007ffadbcf9dc0|[INITIALIZER]RPCInitializer stopped
info|2025-10-06 08:23:53.644713|io_service-0x00007ffad8f80700|[NETWORK][Host]Host exit
info|2025-10-06 08:23:53.645300|fisco-bcos-0x00007ffadbcf9dc0|[INITIALIZER]P2PInitializer stopped
info|2025-10-06 08:23:53.645327|fisco-bcos-0x00007ffadbcf9dc0|[LEDGER]stop sealer,groupID=1
info|2025-10-06 08:23:53.645334|fisco-bcos-0x00007ffadbcf9dc0|[LEDGER]sealer stopped. stop sync,groupID=1
info|2025-10-06 08:23:53.645343|fisco-bcos-0x00007ffadbcf9dc0|[g:1] [SYNC][id:73994dae...]SyncMsgEngine stopped
info|2025-10-06 08:23:53.645356|fisco-bcos-0x00007ffadbcf9dc0|[GossipBlockStatus]GossipBlockStatus already stopped
info|2025-10-06 08:23:53.645360|fisco-bcos-0x00007ffadbcf9dc0|[SYNC][id:73994dae...][g:1]SyncMaster stopped
info|2025-10-06 08:23:53.645364|fisco-bcos-0x00007ffadbcf9dc0|[LEDGER]sync stopped. stop event filter manager,groupID=1
info|2025-10-06 08:23:53.645369|fisco-bcos-0x00007ffadbcf9dc0|[LEDGER]event filter manager stopped. stop tx pool,groupID=1
info|2025-10-06 08:23:53.645376|fisco-bcos-0x00007ffadbcf9dc0|[LEDGER]removeNetworkStatHandlerByGroupID and removeGroupBandwidthLimiter for service,groupID=1
info|2025-10-06 08:23:53.645388|fisco-bcos-0x00007ffadbcf9dc0|[g:1][STORAGE][CachedStorage]Stopping flushStorage thread
info|2025-10-06 08:23:54.408258|fisco-bcos-0x00007ffadbcf9dc0|[g:1][STORAGE][CachedStorage]flushStorage thread stopped.
info|2025-10-06 08:23:54.408280|fisco-bcos-0x00007ffadbcf9dc0|[DBINITIALIZER] storage stopped
info|2025-10-06 08:23:54.489442|fisco-bcos-0x00007ffadbcf9dc0|[g:1] [SYNC][id:73994dae...]SyncMsgEngine stopped
info|2025-10-06 08:23:54.489477|fisco-bcos-0x00007ffadbcf9dc0|[GossipBlockStatus]GossipBlockStatus already stopped
info|2025-10-06 08:23:54.489481|fisco-bcos-0x00007ffadbcf9dc0|[SYNC][id:73994dae...][g:1]SyncMaster stopped
info|2025-10-06 08:23:54.489502|fisco-bcos-0x00007ffadbcf9dc0|[g:1] [SYNC][id:73994dae...]SyncMsgEngine stopped
