info|2025-10-07 08:08:27.697785|fisco-bcos-0x00007f1c2b7dddc0|[INITIALIZER][initGlobalConfig],enableCompress=true,compatibilityVersion=2.11.0,versionNumber=34275328,enableStat=false,chainId=1,useSMCrypto=true,IgnoreObserverWriteRequest=false
info|2025-10-07 08:08:27.699193|fisco-bcos-0x00007f1c2b7dddc0|[INITIALIZER][SecureInitializerGM]get pub of node,nodeID=73994dae9e8b8da733108a4153dfe79151d701dff425f84c87b5324e8ebd02ab6a0ebc9e4f1e0298a7ddca50f94a8f95c62b6997226d571e470e8f2b0600634a
info|2025-10-07 08:08:27.701061|fisco-bcos-0x00007f1c2b7dddc0|[NETWORK][Host]Connecting to node,endpoint=127.0.0.1:30300
info|2025-10-07 08:08:27.701268|fisco-bcos-0x00007f1c2b7dddc0|[NETWORK][Host]Connecting to node,endpoint=127.0.0.1:30301
info|2025-10-07 08:08:27.701538|fisco-bcos-0x00007f1c2b7dddc0|[NETWORK][Host]Connecting to node,endpoint=127.0.0.1:30302
info|2025-10-07 08:08:27.701732|fisco-bcos-0x00007f1c2b7dddc0|[NETWORK][Host]Connecting to node,endpoint=127.0.0.1:30303
info|2025-10-07 08:08:27.701808|fisco-bcos-0x00007f1c2b7dddc0|[P2P][Service] heartBeat,connected count=0
info|2025-10-07 08:08:27.701849|fisco-bcos-0x00007f1c2b7dddc0|[INITIALIZER][RPCInitializer],network_security.check_cert_issuer=true
info|2025-10-07 08:08:27.702774|fisco-bcos-0x00007f1c2b7dddc0|[CHANNEL][ChannelServer::run],threadPoolSize=8
info|2025-10-07 08:08:27.702859|fisco-bcos-0x00007f1c2b7dddc0|[CHANNEL]ChannelRPCServer started
info|2025-10-07 08:08:27.702868|fisco-bcos-0x00007f1c2b7dddc0|[INITIALIZER][RPCInitializer: ChannelRPCHttpServer started.],disableDynamicGroup=false,uncheckGroupMember=false,threadSize=8
info|2025-10-07 08:08:27.702879|fisco-bcos-0x00007f1c2b7dddc0|[INITIALIZER][LedgerInitializer]initConfig
info|2025-10-07 08:08:27.702898|fisco-bcos-0x00007f1c2b7dddc0|[LedgerInitializer],groupConfigPath=conf/
info|2025-10-07 08:08:27.703137|fisco-bcos-0x00007f1c2b7dddc0|[INITIALIZER][initSingleLedger] [GroupId], LedgerConstructor:  1,configFileName=conf/group.1.genesis,dataDir=data/
info|2025-10-07 08:08:27.703233|fisco-bcos-0x00007f1c2b7dddc0|[g:1][LedgerParam][parseGenesisConfig]initConsensusConfig/initStorageConfig/initTxConfig,configFile=conf/group.1.genesis
info|2025-10-07 08:08:27.703252|fisco-bcos-0x00007f1c2b7dddc0|[g:1][LedgerParam][initConsensusConfig],type=pbft,consensusTimeout=3,maxTxNum=1000,txGasLimit=300000000
info|2025-10-07 08:08:27.703272|fisco-bcos-0x00007f1c2b7dddc0|[g:1][LedgerParam][parsePublicKeyListOfSection],sectionName=consensus,it.first=73994dae9e8b8da733108a4153dfe79151d701dff425f84c87b5324e8ebd02ab6a0ebc9e4f1e0298a7ddca50f94a8f95c62b6997226d571e470e8f2b0600634a
info|2025-10-07 08:08:27.703289|fisco-bcos-0x00007f1c2b7dddc0|[g:1][LedgerParam][parsePublicKeyListOfSection],sectionName=consensus,it.first=374bdfe969e1d8ea1200ade93e5d8cf1a7d5741f238011004b0f43ca818706f194b2f067e1708125f7ffc536610b9a72addbd56b238d65f18912be39037ffcc5
info|2025-10-07 08:08:27.703304|fisco-bcos-0x00007f1c2b7dddc0|[g:1][LedgerParam][parsePublicKeyListOfSection],sectionName=consensus,it.first=87d00b98321fc70a5abc85ad9e80db10cce315194133697bf74aace1d3f8430957a766240f751752708f4282f46110d6ea56c3eb5d1c02ce98a66f327f595270
info|2025-10-07 08:08:27.703327|fisco-bcos-0x00007f1c2b7dddc0|[g:1][LedgerParam][parsePublicKeyListOfSection],sectionName=consensus,it.first=064cb676a36047a4b52ecbf9c01664b1e987d91b438110ba6a12d96972726622e824d295b1de8b0298b5afe7bbbc0bd04a3890e1a36eae028c1cfbe07971b995
info|2025-10-07 08:08:27.703334|fisco-bcos-0x00007f1c2b7dddc0|[g:1][LedgerParam][parsePublicKeyListOfSection],totalPubKeySize=4
info|2025-10-07 08:08:27.703405|fisco-bcos-0x00007f1c2b7dddc0|[g:1][LedgerParam][max_block_range],maxBlockRange=0,maxBlockPerProcess=3
info|2025-10-07 08:08:27.703418|fisco-bcos-0x00007f1c2b7dddc0|[g:1][LedgerParam][parseGenesisConfig],timestamp=1759762229000
info|2025-10-07 08:08:27.703432|fisco-bcos-0x00007f1c2b7dddc0|[g:1][LedgerParam]setEVMFlags,enableFreeStorageVMSchedule=false,evmFlags=0
info|2025-10-07 08:08:27.703449|fisco-bcos-0x00007f1c2b7dddc0|[g:1][LedgerParam]store evmFlag,evmFlag=0
info|2025-10-07 08:08:27.703456|fisco-bcos-0x00007f1c2b7dddc0|[g:1][LedgerParam]store consensus time,consensusTimeout=3
info|2025-10-07 08:08:27.703462|fisco-bcos-0x00007f1c2b7dddc0|[g:1][LedgerParam][initMark],genesisMark=1-064cb676a36047a4b52ecbf9c01664b1e987d91b438110ba6a12d96972726622e824d295b1de8b0298b5afe7bbbc0bd04a3890e1a36eae028c1cfbe07971b995,374bdfe969e1d8ea1200ade93e5d8cf1a7d5741f238011004b0f43ca818706f194b2f067e1708125f7ffc536610b9a72addbd56b238d65f18912be39037ffcc5,73994dae9e8b8da733108a4153dfe79151d701dff425f84c87b5324e8ebd02ab6a0ebc9e4f1e0298a7ddca50f94a8f95c62b6997226d571e470e8f2b0600634a,87d00b98321fc70a5abc85ad9e80db10cce315194133697bf74aace1d3f8430957a766240f751752708f4282f46110d6ea56c3eb5d1c02ce98a66f327f595270,-pbft-storage-0-1000-300000000-3
info|2025-10-07 08:08:27.703484|fisco-bcos-0x00007f1c2b7dddc0|[g:1][LedgerParam][initIniConfig]initTxPoolConfig/initSyncConfig/initTxExecuteConfig,configFile=conf/group.1.ini
info|2025-10-07 08:08:27.703682|fisco-bcos-0x00007f1c2b7dddc0|[g:1][LedgerParam][initStorageConfig],stateType=storage,storageDB=rocksdb,storagePath=data//group1/block/RocksDB,baseDir=data//group1,dbtype=mysql,dbip=127.0.0.1,dbport=3306,dbcharset=utf8mb4,initconnections=15,maxconnections=50,scrollThreshold=2000,enableReconfirmCommittee=false
info|2025-10-07 08:08:27.703703|fisco-bcos-0x00007f1c2b7dddc0|[g:1][LedgerParam][initTxPoolConfig],txPoolLimit=150000,memorySizeLimit(MB)=512,notifyWorkerNum=2,txsExpirationTime(ms)=600000
info|2025-10-07 08:08:27.703713|fisco-bcos-0x00007f1c2b7dddc0|[g:1][LedgerParam][initSyncConfig],idleWaitMs=200
info|2025-10-07 08:08:27.703724|fisco-bcos-0x00007f1c2b7dddc0|[g:1][LedgerParam][initSyncConfig],enableSendTxsByTree=true,enableSendBlockStatusByTree=true
info|2025-10-07 08:08:27.703733|fisco-bcos-0x00007f1c2b7dddc0|[g:1][LedgerParam][initSyncConfig],gossipInterval=1000
info|2025-10-07 08:08:27.703748|fisco-bcos-0x00007f1c2b7dddc0|[g:1][LedgerParam][initSyncConfig],enableSendBlockStatusByTree=true,gossipInterval=1000,gossipPeers=3,syncTreeWidth=3,maxQueueSizeForBlockSync=536870912,txsStatusGossipMaxPeers=5,syncInfoPrintInterval=10,freeNodeRead=false
info|2025-10-07 08:08:27.703757|fisco-bcos-0x00007f1c2b7dddc0|[g:1][LedgerParam][InitTxExecuteConfig],enableParallel=true
info|2025-10-07 08:08:27.703787|fisco-bcos-0x00007f1c2b7dddc0|[g:1][LedgerParam][initConsensusIniConfig],maxTTL=2,minBlockGenerationTime=500,enablDynamicBlockSize=true,blockSizeIncreaseRatio=0.5,enableTTLOptimize=true,enablePrepareWithTxsHash=true
info|2025-10-07 08:08:27.703822|fisco-bcos-0x00007f1c2b7dddc0|[g:1][LedgerParam][initRPBFTConsensusIniConfig],broadcastPrepareByTree=true,prepareStatusBroadcastPercent=33,maxRequestMissedTxsWaitTime=100,maxRequestPrepareWaitTime=100
info|2025-10-07 08:08:27.703832|fisco-bcos-0x00007f1c2b7dddc0|[g:1][LedgerParam][initFlowControlConfig],maxQPS=9223372036854775807,outGoingBandwidth(Bytes)=9223372036854775807
info|2025-10-07 08:08:27.703839|fisco-bcos-0x00007f1c2b7dddc0|[g:1][LedgerParam]parseSDKAllowList,sdkAllowList=[],enableSDKAllowListControl=false
info|2025-10-07 08:08:27.703866|fisco-bcos-0x00007f1c2b7dddc0|[g:1][LEDGER][initLedger][DBInitializer]
info|2025-10-07 08:08:27.703871|fisco-bcos-0x00007f1c2b7dddc0|[g:1][LEDGER]setSDKAllowList,groupId=1,sdkAllowListSize=0
info|2025-10-07 08:08:27.703877|fisco-bcos-0x00007f1c2b7dddc0|[g:1][CHANNEL]registerSDKAllowListByGroupId,groupId=1,size=0
info|2025-10-07 08:08:27.703883|fisco-bcos-0x00007f1c2b7dddc0|[g:1][CHANNEL]Disable group-level sdk permission control for sdk allowlist is empty
info|2025-10-07 08:08:27.703896|fisco-bcos-0x00007f1c2b7dddc0|[g:1][DBINITIALIZER] [initStorageDB]
info|2025-10-07 08:08:27.703902|fisco-bcos-0x00007f1c2b7dddc0|[g:1][DBINITIALIZER] [initRocksDBStorage]
info|2025-10-07 08:08:27.703932|fisco-bcos-0x00007f1c2b7dddc0|[g:1][ROCKSDB]open rocksDB handler,path=data//group1/block/RocksDB
info|2025-10-07 08:08:27.715077|io_service-0x00007f1c28a64700|[NETWORK][Host]P2P StartAccept,Host=0.0.0.0:30300
info|2025-10-07 08:08:27.715300|io_service-0x00007f1c28a64700|[NETWORK][ASIO]asyncResolveConnect,endpoint=127.0.0.1:30300
info|2025-10-07 08:08:27.715356|io_service-0x00007f1c28a64700|[NETWORK][ASIO]asyncResolveConnect,endpoint=127.0.0.1:30301
info|2025-10-07 08:08:27.715715|io_service-0x00007f1c28a64700|[NETWORK][ASIO]asyncResolveConnect,endpoint=127.0.0.1:30302
info|2025-10-07 08:08:27.715785|io_service-0x00007f1c28a64700|[NETWORK][ASIO]asyncResolveConnect,endpoint=127.0.0.1:30303
info|2025-10-07 08:08:27.715915|io_service-0x00007f1c28a64700|[NETWORK][Host]P2P Recv Connect, From=127.0.0.1:56944
info|2025-10-07 08:08:27.715960|io_service-0x00007f1c28a64700|[NETWORK][Host]P2P StartAccept,Host=0.0.0.0:30300
info|2025-10-07 08:08:27.743557|fisco-bcos-0x00007f1c2b7dddc0|[g:1][g:1][STORAGE][CachedStorage]Init flushStorage thread
info|2025-10-07 08:08:27.743693|fisco-bcos-0x00007f1c2b7dddc0|[g:1][DBINITIALIZER] [init CachedStorage],maxCapacity=32,maxForwardBlock=10
info|2025-10-07 08:08:27.743727|fisco-bcos-0x00007f1c2b7dddc0|[g:1][LEDGER][initLedger][initBlockChain]
info|2025-10-07 08:08:27.743998|fisco-bcos-0x00007f1c2b7dddc0|[g:1][LEDGER]set enableHexBlock to be false,version=34275328
info|2025-10-07 08:08:27.744042|fisco-bcos-0x00007f1c2b7dddc0|[g:1][BLOCKCHAIN][#checkAndBuildGenesisBlock],shouldBuild=false
info|2025-10-07 08:08:27.744525|fisco-bcos-0x00007f1c2b7dddc0|[g:1][BLOCKCHAIN][#checkAndBuildGenesisBlock]Already have the 0th block, 0th groupMark is equal to file groupMark.
info|2025-10-07 08:08:27.744570|fisco-bcos-0x00007f1c2b7dddc0|[g:1][LEDGER][initLedger]initBlockChain SUCC
info|2025-10-07 08:08:27.744623|fisco-bcos-0x00007f1c2b7dddc0|[g:1][DBINITIALIZER] [createStateFactory],type=storage
info|2025-10-07 08:08:27.744630|fisco-bcos-0x00007f1c2b7dddc0|[g:1][DBINITIALIZER] createStorageState SUCC
info|2025-10-07 08:08:27.744634|fisco-bcos-0x00007f1c2b7dddc0|[g:1][DBINITIALIZER] [createStateFactory SUCC]
info|2025-10-07 08:08:27.744638|fisco-bcos-0x00007f1c2b7dddc0|[g:1][DBINITIALIZER] createExecutiveContext...
info|2025-10-07 08:08:27.744655|fisco-bcos-0x00007f1c2b7dddc0|[g:1][LEDGER]createGasMetric,vmFlagType=0
info|2025-10-07 08:08:27.744660|fisco-bcos-0x00007f1c2b7dddc0|[g:1][LEDGER]createGasMetric
info|2025-10-07 08:08:27.744670|fisco-bcos-0x00007f1c2b7dddc0|[g:1][DBINITIALIZER] create precompiledGasFactory and precompiledResultFactory
info|2025-10-07 08:08:27.744674|fisco-bcos-0x00007f1c2b7dddc0|[g:1][DBINITIALIZER] createExecutiveContext SUCC
info|2025-10-07 08:08:27.744680|fisco-bcos-0x00007f1c2b7dddc0|[g:1][DBINITIALIZER] [setSyncNumForCachedStorage],syncNum=52
info|2025-10-07 08:08:27.744687|fisco-bcos-0x00007f1c2b7dddc0|[g:1][LEDGER][initNetworkBandWidthLimiter: outGoingBandwidthLimit has been disabled],groupId=1
info|2025-10-07 08:08:27.744692|fisco-bcos-0x00007f1c2b7dddc0|[g:1][LEDGER][QPSLimit has been disabled],groupId=1
info|2025-10-07 08:08:27.744698|fisco-bcos-0x00007f1c2b7dddc0|[g:1][LEDGER][initLedger][initBlockVerifier]
info|2025-10-07 08:08:27.744706|fisco-bcos-0x00007f1c2b7dddc0|[g:1][LEDGER][initLedger][initBlockVerifier SUCC],evmFlags=0
info|2025-10-07 08:08:27.744711|fisco-bcos-0x00007f1c2b7dddc0|[g:1][LEDGER][initLedger][initTxPool],txPoolLimit=150000
info|2025-10-07 08:08:27.827790|fisco-bcos-0x00007f1c2b7dddc0|[g:1][LEDGER][initLedger]initTxPool SUCC
info|2025-10-07 08:08:27.827833|fisco-bcos-0x00007f1c2b7dddc0|[g:1][LEDGER][initLedger][initSync],idleWaitMs=200,gossipInterval=1000,gossipPeers=3
info|2025-10-07 08:08:27.827847|fisco-bcos-0x00007f1c2b7dddc0|[g:1][LEDGER]Init sync master,enableSendBlockStatusByTree=true,enableSendTxsByTree=true
info|2025-10-07 08:08:27.828961|fisco-bcos-0x00007f1c2b7dddc0|[g:1][LEDGER][initLedger]initSync SUCC
info|2025-10-07 08:08:27.829005|fisco-bcos-0x00007f1c2b7dddc0|[g:1][LEDGER][initLedger][consensusInitFactory]
info|2025-10-07 08:08:27.829015|fisco-bcos-0x00007f1c2b7dddc0|[g:1][LEDGER][initLedger][createPBFTSealer]
info|2025-10-07 08:08:27.829024|fisco-bcos-0x00007f1c2b7dddc0|[g:1][LEDGER][initLedger][createPBFTSealer],baseDir=data//group1,Protocol=65544
info|2025-10-07 08:08:27.829100|fisco-bcos-0x00007f1c2b7dddc0|[g:1][LEDGER][initLedger]createPBFTSealer for PBFT or rPBFT,consensusType=pbft
info|2025-10-07 08:08:27.829138|fisco-bcos-0x00007f1c2b7dddc0|[g:1][LEDGER]createConsensusEngine: create PBFTEngine
info|2025-10-07 08:08:27.829154|fisco-bcos-0x00007f1c2b7dddc0|[g:1][CONSENSUS][PBFT]Register handler for PBFTEngine
info|2025-10-07 08:08:27.829939|fisco-bcos-0x00007f1c2b7dddc0|[g:1][CONSENSUS][PBFT]setMinBlockGenerationTime,minBlockGenerationTime=500,consensusTime=1000
info|2025-10-07 08:08:27.829984|fisco-bcos-0x00007f1c2b7dddc0|[g:1][LEDGER][initEventLogFilterManager]initEventLogFilterManager SUCC
info|2025-10-07 08:08:27.829995|fisco-bcos-0x00007f1c2b7dddc0|[LedgerInitializer init group succ],groupID=1
info|2025-10-07 08:08:27.830241|fisco-bcos-0x00007f1c2b7dddc0|[SafeHttpServer::StartListening]use default epoll
info|2025-10-07 08:08:27.830702|fisco-bcos-0x00007f1c2b7dddc0|[INITIALIZER][RPCInitializer JsonrpcHttpServer started],jsonrpc_IP=127.0.0.1,jsonrpc_listen_port=8545,jsonrpc_thread_count=8,ipv6=false,disableDynamicGroup=false,uncheckGroupMember=false
info|2025-10-07 08:08:27.830758|fisco-bcos-0x00007f1c2b7dddc0|[g:1][LEDGER]startAll...
info|2025-10-07 08:08:27.833398|io_service-0x00007f1c28a64700|[NETWORK][Host]P2P Recv Connect, From=127.0.0.1:56958
info|2025-10-07 08:08:27.833599|io_service-0x00007f1c28a64700|[NETWORK][Host]P2P StartAccept,Host=0.0.0.0:30300
info|2025-10-07 08:08:27.858208|fisco-bcos-0x00007f1c2b7dddc0|[g:1][GossipBlockStatus]start GossipBlockStatus succ
info|2025-10-07 08:08:27.858255|fisco-bcos-0x00007f1c2b7dddc0|[g:1][CONSENSUS][ConsensusEngine][Start ConsensusEngineBase]
info|2025-10-07 08:08:27.865785|fisco-bcos-0x00007f1c2b7dddc0|[g:1][CONSENSUS][PBFT]^^^^^^^^Report,num=52,sealerIdx=0,hash=6a62c7ff...,next=53,tx=1,nodeIdx=2
info|2025-10-07 08:08:27.865869|fisco-bcos-0x00007f1c2b7dddc0|[g:1][ROCKSDB]open rocksDB handler,path=data//group1/pbftMsgBackup/RocksDB
info|2025-10-07 08:08:27.867592|io_service-0x00007f1c28a64700|[NETWORK][Host]handshakeClient succ,local endpoint=127.0.0.1:51546
info|2025-10-07 08:08:27.867771|P2P-0x00007f1c2aa68700|[P2P][Service] Connection established,nodeID=87d00b98...,endpoint=127.0.0.1:30302
info|2025-10-07 08:08:27.867805|io_service-0x00007f1c28a64700|[NETWORK][Host]startPeerSession, Remote=127.0.0.1:30302,local endpoint=127.0.0.1:51546,nodeID=87d00b98...
info|2025-10-07 08:08:27.869135|io_service-0x00007f1c28a64700|[NETWORK][Host]handshakeServer succ,remote endpoint=127.0.0.1:56944
info|2025-10-07 08:08:27.869230|io_service-0x00007f1c28a64700|[NETWORK][Host]startPeerSession, Remote=127.0.0.1:56944,local endpoint=127.0.0.1:30300,nodeID=73994dae...
info|2025-10-07 08:08:27.869719|io_service-0x00007f1c28a64700|[NETWORK][Host]handshakeClient succ,local endpoint=127.0.0.1:56944
info|2025-10-07 08:08:27.869788|io_service-0x00007f1c28a64700|[NETWORK][Host]startPeerSession, Remote=127.0.0.1:30300,local endpoint=127.0.0.1:56944,nodeID=73994dae...
info|2025-10-07 08:08:27.870100|io_service-0x00007f1c28a64700|[NETWORK][Host]handshakeClient succ,local endpoint=127.0.0.1:39990
info|2025-10-07 08:08:27.870174|P2P-0x00007f1c29265700|[P2P][Service] Connection established,nodeID=374bdfe9...,endpoint=127.0.0.1:30301
info|2025-10-07 08:08:27.870205|io_service-0x00007f1c28a64700|[NETWORK][Host]startPeerSession, Remote=127.0.0.1:30301,local endpoint=127.0.0.1:39990,nodeID=374bdfe9...
info|2025-10-07 08:08:27.870317|io_service-0x00007f1c28a64700|[NETWORK][Host]handshakeClient succ,local endpoint=127.0.0.1:39616
info|2025-10-07 08:08:27.870373|P2P-0x00007f1c2aa68700|[P2P][Service] Connection established,nodeID=064cb676...,endpoint=127.0.0.1:30303
info|2025-10-07 08:08:27.870398|io_service-0x00007f1c28a64700|[NETWORK][Host]startPeerSession, Remote=127.0.0.1:30303,local endpoint=127.0.0.1:39616,nodeID=064cb676...
info|2025-10-07 08:08:27.870549|io_service-0x00007f1c28a64700|[NETWORK][Host]P2P Recv Connect, From=127.0.0.1:56962
info|2025-10-07 08:08:27.870591|io_service-0x00007f1c28a64700|[NETWORK][Host]P2P StartAccept,Host=0.0.0.0:30300
info|2025-10-07 08:08:27.870894|alignTime-1-0x00007f1c19245700|[g:1][NodeTimeMaintenance]updateTimeInfo: update median time offset,updatedMedianTimeOffset=-47,peer=87d00b98...,peerTime=1759849707823,peerOffset=-47,utcTime=1759849707870
info|2025-10-07 08:08:27.872927|alignTime-1-0x00007f1c19245700|[g:1][NodeTimeMaintenance]updateTimeInfo: update median time offset,updatedMedianTimeOffset=-27,peer=064cb676...,peerTime=1759849707864,peerOffset=-8,utcTime=1759849707872
info|2025-10-07 08:08:27.882459|io_service-0x00007f1c28a64700|[NETWORK][Host]handshakeServer succ,remote endpoint=127.0.0.1:56962
info|2025-10-07 08:08:27.882637|io_service-0x00007f1c28a64700|[NETWORK][Host]startPeerSession, Remote=127.0.0.1:56962,local endpoint=127.0.0.1:30300,nodeID=064cb676...
info|2025-10-07 08:08:27.887314|io_service-0x00007f1c28a64700|[NETWORK][Host]handshakeServer succ,remote endpoint=127.0.0.1:56958
info|2025-10-07 08:08:27.887448|io_service-0x00007f1c28a64700|[NETWORK][Host]startPeerSession, Remote=127.0.0.1:56958,local endpoint=127.0.0.1:30300,nodeID=374bdfe9...
info|2025-10-07 08:08:27.890886|alignTime-1-0x00007f1c19245700|[g:1][NodeTimeMaintenance]updateTimeInfo: update median time offset,updatedMedianTimeOffset=-8,peer=374bdfe9...,peerTime=1759849707889,peerOffset=-1,utcTime=1759849707890
info|2025-10-07 08:08:27.891752|fisco-bcos-0x00007f1c2b7dddc0|[g:1][CONSENSUS][PBFT][PBFT init env successfully]
info|2025-10-07 08:08:27.891790|fisco-bcos-0x00007f1c2b7dddc0|[g:1][CONSENSUS][PBFT][Start PBFTEngine...]
info|2025-10-07 08:08:27.891807|fisco-bcos-0x00007f1c2b7dddc0|[g:1][CONSENSUS][SEALER][Start sealer module]
info|2025-10-07 08:08:27.892977|fisco-bcos-0x00007f1c2b7dddc0|[g:1][EVENT][EventLogFilterManager]start,m_maxBlockRange=0,m_maxBlockPerLoopFilter=3
info|2025-10-07 08:08:28.860938|PBFT-1-0x00007f1c0ea30700|[g:1][CONSENSUS][PBFT]Trigger fast-viewchange,view=0,toView=0,minView=1,INFO=,reqNum=52,curNum=52,GenIdx=0,Cview=1,view=0,fromIdx=0,fromNode=064cb676...,fromIp=127.0.0.1:30303,hash=6a62c7ff...,nodeIdx=2,myNode=73994dae...
info|2025-10-07 08:08:28.862777|PBFT-1-0x00007f1c0ea30700|[g:1][CONSENSUS][PBFT]checkAndChangeView: Reach consensus,org_view=0,cur_changeCycle=1,curView=0,view=1
info|2025-10-07 08:08:28.863244|PBFT-1-0x00007f1c0ea30700|[g:1][CONSENSUS][PBFT]checkTimeout Succ,view=1,toView=1,nodeIdx=2,changeCycle=1,myNode=73994dae...,timecost=2
info|2025-10-07 08:08:29.877437|PBFT-1-0x00007f1c0ea30700|[g:1][CONSENSUS]addRawPrepare,height=53,reqIdx=1,hash=00f6fb36...,time=0
info|2025-10-07 08:08:29.878621|PBFT-1-0x00007f1c0ea30700|[g:1][CONSENSUS][PBFT]checkTimeout Succ,view=1,toView=2,nodeIdx=2,changeCycle=1,myNode=73994dae...,timecost=1
info|2025-10-07 08:08:29.892594|PBFT-1-0x00007f1c0ea30700|[g:1][CONSENSUS][PBFT]checkAndChangeView: Reach consensus,org_view=1,cur_changeCycle=1,curView=1,view=2
info|2025-10-07 08:08:30.894652|PBFTSeal-1-0x00007f1c07221700|[g:1][CONSENSUS][SEALER]++++++++++++++++ Generating seal on,blkNum=53,tx=0,nodeIdx=2,hash=acd8556d...
info|2025-10-07 08:08:30.911529|PBFT-1-0x00007f1c0ea30700|[g:1][CONSENSUS][PBFT]checkTimeout Succ,view=2,toView=3,nodeIdx=2,changeCycle=1,myNode=73994dae...,timecost=4
info|2025-10-07 08:08:30.919694|PBFT-1-0x00007f1c0ea30700|[g:1][CONSENSUS][PBFT]checkAndChangeView: Reach consensus,org_view=2,cur_changeCycle=1,curView=2,view=3
info|2025-10-07 08:08:31.926320|PBFT-1-0x00007f1c0ea30700|[g:1][CONSENSUS]addRawPrepare,height=53,reqIdx=3,hash=202ab9c9...,time=0
info|2025-10-07 08:08:31.927540|PBFT-1-0x00007f1c0ea30700|[g:1][CONSENSUS][PBFT]checkTimeout Succ,view=3,toView=4,nodeIdx=2,changeCycle=1,myNode=73994dae...,timecost=1
info|2025-10-07 08:08:31.936197|PBFT-1-0x00007f1c0ea30700|[g:1][CONSENSUS][PBFT]checkAndChangeView: Reach consensus,org_view=3,cur_changeCycle=1,curView=3,view=4
info|2025-10-07 08:08:32.984118|PBFT-1-0x00007f1c0ea30700|[g:1][CONSENSUS][PBFT]Trigger fast-viewchange,view=4,toView=4,minView=5,INFO=,reqNum=52,curNum=52,GenIdx=1,Cview=5,view=4,fromIdx=1,fromNode=374bdfe9...,fromIp=127.0.0.1:30301,hash=6a62c7ff...,nodeIdx=2,myNode=73994dae...
info|2025-10-07 08:08:32.985765|PBFT-1-0x00007f1c0ea30700|[g:1][CONSENSUS][PBFT]checkAndChangeView: Reach consensus,org_view=4,cur_changeCycle=2,curView=4,view=5
info|2025-10-07 08:08:32.985865|PBFT-1-0x00007f1c0ea30700|[g:1][CONSENSUS][PBFT]checkTimeout Succ,view=5,toView=5,nodeIdx=2,changeCycle=2,myNode=73994dae...,timecost=1
info|2025-10-07 08:08:33.958696|PBFT-1-0x00007f1c0ea30700|[g:1][CONSENSUS]addRawPrepare,height=53,reqIdx=1,hash=0f1a0fde...,time=0
info|2025-10-07 08:08:33.966233|PBFT-1-0x00007f1c0ea30700|[g:1][CONSENSUS][PBFT]checkTimeout Succ,view=5,toView=6,nodeIdx=2,changeCycle=1,myNode=73994dae...,timecost=8
info|2025-10-07 08:08:33.974454|PBFT-1-0x00007f1c0ea30700|[g:1][CONSENSUS][PBFT]checkAndChangeView: Reach consensus,org_view=5,cur_changeCycle=1,curView=5,view=6
info|2025-10-07 08:08:34.975433|PBFTSeal-1-0x00007f1c07221700|[g:1][CONSENSUS][SEALER]++++++++++++++++ Generating seal on,blkNum=53,tx=0,nodeIdx=2,hash=93d8efde...
info|2025-10-07 08:08:34.989046|PBFT-1-0x00007f1c0ea30700|[g:1][CONSENSUS][PBFT]checkTimeout Succ,view=6,toView=7,nodeIdx=2,changeCycle=1,myNode=73994dae...,timecost=2
info|2025-10-07 08:08:35.012221|PBFT-1-0x00007f1c0ea30700|[g:1][CONSENSUS][PBFT]checkAndChangeView: Reach consensus,org_view=6,cur_changeCycle=1,curView=6,view=7
info|2025-10-07 08:08:36.027523|PBFT-1-0x00007f1c0ea30700|[g:1][CONSENSUS]addRawPrepare,height=53,reqIdx=3,hash=07f44b3b...,time=0
info|2025-10-07 08:08:36.028684|PBFT-1-0x00007f1c0ea30700|[g:1][CONSENSUS][PBFT]checkTimeout Succ,view=7,toView=8,nodeIdx=2,changeCycle=1,myNode=73994dae...,timecost=1
info|2025-10-07 08:08:36.041684|PBFT-1-0x00007f1c0ea30700|[g:1][CONSENSUS][PBFT]checkAndChangeView: Reach consensus,org_view=7,cur_changeCycle=1,curView=7,view=8
info|2025-10-07 08:08:37.046277|PBFT-1-0x00007f1c0ea30700|[g:1][CONSENSUS]addRawPrepare,height=53,reqIdx=0,hash=31ea0f31...,time=0
info|2025-10-07 08:08:37.048703|PBFT-1-0x00007f1c0ea30700|[g:1][CONSENSUS][PBFT]checkTimeout Succ,view=8,toView=9,nodeIdx=2,changeCycle=1,myNode=73994dae...,timecost=2
info|2025-10-07 08:08:37.068343|PBFT-1-0x00007f1c0ea30700|[g:1][CONSENSUS][PBFT]checkAndChangeView: Reach consensus,org_view=8,cur_changeCycle=1,curView=8,view=9
info|2025-10-07 08:08:37.663251|io_service-0x00007f1c28a64700|[NETWORK][Host]P2P Recv Connect, From=127.0.0.1:49924
info|2025-10-07 08:08:37.663303|io_service-0x00007f1c28a64700|[NETWORK][Host]P2P StartAccept,Host=0.0.0.0:30300
info|2025-10-07 08:08:37.678554|io_service-0x00007f1c28a64700|[NETWORK][Host]handshakeServer succ,remote endpoint=127.0.0.1:49924
info|2025-10-07 08:08:37.685226|io_service-0x00007f1c28a64700|[NETWORK][Host]startPeerSession, Remote=127.0.0.1:49924,local endpoint=127.0.0.1:30300,nodeID=87d00b98...
info|2025-10-07 08:08:37.702099|io_service-0x00007f1c28a64700|[P2P][Service] heartBeat,connected count=3
info|2025-10-07 08:08:38.078209|PBFT-1-0x00007f1c0ea30700|[g:1][CONSENSUS][PBFT]Trigger fast-viewchange,view=9,toView=9,minView=10,INFO=,reqNum=52,curNum=52,GenIdx=0,Cview=10,view=9,fromIdx=0,fromNode=064cb676...,fromIp=127.0.0.1:30303,hash=6a62c7ff...,nodeIdx=2,myNode=73994dae...
info|2025-10-07 08:08:38.080049|PBFT-1-0x00007f1c0ea30700|[g:1][CONSENSUS][PBFT]checkAndChangeView: Reach consensus,org_view=9,cur_changeCycle=2,curView=9,view=10
info|2025-10-07 08:08:38.080116|PBFT-1-0x00007f1c0ea30700|[g:1][CONSENSUS][PBFT]checkTimeout Succ,view=10,toView=10,nodeIdx=2,changeCycle=2,myNode=73994dae...,timecost=2
info|2025-10-07 08:08:39.081080|PBFTSeal-1-0x00007f1c07221700|[g:1][CONSENSUS][SEALER]++++++++++++++++ Generating seal on,blkNum=53,tx=0,nodeIdx=2,hash=4ffe0714...
info|2025-10-07 08:08:39.083708|PBFT-1-0x00007f1c0ea30700|[g:1][CONSENSUS][PBFT]checkTimeout Succ,view=10,toView=11,nodeIdx=2,changeCycle=1,myNode=73994dae...,timecost=1
info|2025-10-07 08:08:39.099695|PBFT-1-0x00007f1c0ea30700|[g:1][CONSENSUS][PBFT]checkAndChangeView: Reach consensus,org_view=10,cur_changeCycle=1,curView=10,view=11
info|2025-10-07 08:08:40.100271|PBFT-1-0x00007f1c0ea30700|[g:1][CONSENSUS]addRawPrepare,height=53,reqIdx=3,hash=d8f9c154...,time=0
info|2025-10-07 08:08:40.102984|PBFT-1-0x00007f1c0ea30700|[g:1][CONSENSUS][PBFT]checkTimeout Succ,view=11,toView=12,nodeIdx=2,changeCycle=1,myNode=73994dae...,timecost=3
info|2025-10-07 08:08:40.110002|PBFT-1-0x00007f1c0ea30700|[g:1][CONSENSUS][PBFT]checkAndChangeView: Reach consensus,org_view=11,cur_changeCycle=1,curView=11,view=12
info|2025-10-07 08:08:41.119518|PBFT-1-0x00007f1c0ea30700|[g:1][CONSENSUS]addRawPrepare,height=53,reqIdx=0,hash=656006a0...,time=0
info|2025-10-07 08:08:41.133028|PBFT-1-0x00007f1c0ea30700|[g:1][CONSENSUS][PBFT]checkTimeout Succ,view=12,toView=13,nodeIdx=2,changeCycle=1,myNode=73994dae...,timecost=14
info|2025-10-07 08:08:41.140032|PBFT-1-0x00007f1c0ea30700|[g:1][CONSENSUS][PBFT]checkAndChangeView: Reach consensus,org_view=12,cur_changeCycle=1,curView=12,view=13
info|2025-10-07 08:08:42.150940|PBFT-1-0x00007f1c0ea30700|[g:1][CONSENSUS]addRawPrepare,height=53,reqIdx=1,hash=705adb1a...,time=0
info|2025-10-07 08:08:42.158998|PBFT-1-0x00007f1c0ea30700|[g:1][CONSENSUS][PBFT]checkTimeout Succ,view=13,toView=14,nodeIdx=2,changeCycle=1,myNode=73994dae...,timecost=2
info|2025-10-07 08:08:42.162644|PBFT-1-0x00007f1c0ea30700|[g:1][CONSENSUS][PBFT]checkAndChangeView: Reach consensus,org_view=13,cur_changeCycle=1,curView=13,view=14
info|2025-10-07 08:08:43.163068|PBFTSeal-1-0x00007f1c07221700|[g:1][CONSENSUS][SEALER]++++++++++++++++ Generating seal on,blkNum=53,tx=0,nodeIdx=2,hash=ef464eef...
info|2025-10-07 08:08:43.167312|PBFT-1-0x00007f1c0ea30700|[g:1][CONSENSUS][PBFT]checkTimeout Succ,view=14,toView=15,nodeIdx=2,changeCycle=1,myNode=73994dae...,timecost=2
info|2025-10-07 08:08:43.185064|PBFT-1-0x00007f1c0ea30700|[g:1][CONSENSUS][PBFT]checkAndChangeView: Reach consensus,org_view=14,cur_changeCycle=1,curView=14,view=15
info|2025-10-07 08:08:44.190401|PBFT-1-0x00007f1c0ea30700|[g:1][CONSENSUS]addRawPrepare,height=53,reqIdx=3,hash=562385c0...,time=0
info|2025-10-07 08:08:44.194414|PBFT-1-0x00007f1c0ea30700|[g:1][CONSENSUS][PBFT]checkTimeout Succ,view=15,toView=16,nodeIdx=2,changeCycle=1,myNode=73994dae...,timecost=4
info|2025-10-07 08:08:44.198148|PBFT-1-0x00007f1c0ea30700|[g:1][CONSENSUS][PBFT]checkAndChangeView: Reach consensus,org_view=15,cur_changeCycle=1,curView=15,view=16
info|2025-10-07 08:08:45.211271|PBFT-1-0x00007f1c0ea30700|[g:1][CONSENSUS]addRawPrepare,height=53,reqIdx=0,hash=9658194d...,time=0
info|2025-10-07 08:08:45.214787|PBFT-1-0x00007f1c0ea30700|[g:1][CONSENSUS][PBFT]checkTimeout Succ,view=16,toView=17,nodeIdx=2,changeCycle=1,myNode=73994dae...,timecost=1
info|2025-10-07 08:08:45.235869|PBFT-1-0x00007f1c0ea30700|[g:1][CONSENSUS][PBFT]checkAndChangeView: Reach consensus,org_view=16,cur_changeCycle=1,curView=16,view=17
info|2025-10-07 08:08:46.249047|PBFT-1-0x00007f1c0ea30700|[g:1][CONSENSUS]addRawPrepare,height=53,reqIdx=1,hash=bd870ca2...,time=0
info|2025-10-07 08:08:46.253354|PBFT-1-0x00007f1c0ea30700|[g:1][CONSENSUS][PBFT]checkTimeout Succ,view=17,toView=18,nodeIdx=2,changeCycle=1,myNode=73994dae...,timecost=4
info|2025-10-07 08:08:46.258677|PBFT-1-0x00007f1c0ea30700|[g:1][CONSENSUS][PBFT]checkAndChangeView: Reach consensus,org_view=17,cur_changeCycle=1,curView=17,view=18
info|2025-10-07 08:08:47.260483|PBFTSeal-1-0x00007f1c07221700|[g:1][CONSENSUS][SEALER]++++++++++++++++ Generating seal on,blkNum=53,tx=0,nodeIdx=2,hash=39899efb...
info|2025-10-07 08:08:47.263531|PBFT-1-0x00007f1c0ea30700|[g:1][CONSENSUS][PBFT]checkTimeout Succ,view=18,toView=19,nodeIdx=2,changeCycle=1,myNode=73994dae...,timecost=1
info|2025-10-07 08:08:47.276307|PBFT-1-0x00007f1c0ea30700|[g:1][CONSENSUS][PBFT]checkAndChangeView: Reach consensus,org_view=18,cur_changeCycle=1,curView=18,view=19
info|2025-10-07 08:08:47.702643|io_service-0x00007f1c28a64700|[P2P][Service] heartBeat,connected count=3
info|2025-10-07 08:08:48.281034|PBFT-1-0x00007f1c0ea30700|[g:1][CONSENSUS]addRawPrepare,height=53,reqIdx=3,hash=4d74a1d0...,time=0
info|2025-10-07 08:08:48.283284|PBFT-1-0x00007f1c0ea30700|[g:1][CONSENSUS][PBFT]checkTimeout Succ,view=19,toView=20,nodeIdx=2,changeCycle=1,myNode=73994dae...,timecost=2
info|2025-10-07 08:08:48.331941|PBFT-1-0x00007f1c0ea30700|[g:1][CONSENSUS][PBFT]checkAndChangeView: Reach consensus,org_view=19,cur_changeCycle=1,curView=19,view=20
info|2025-10-07 08:08:49.310413|PBFT-1-0x00007f1c0ea30700|[g:1][CONSENSUS]addRawPrepare,height=53,reqIdx=0,hash=1216fefe...,time=0
info|2025-10-07 08:08:49.313317|PBFT-1-0x00007f1c0ea30700|[g:1][CONSENSUS][PBFT]checkTimeout Succ,view=20,toView=21,nodeIdx=2,changeCycle=1,myNode=73994dae...,timecost=3
info|2025-10-07 08:08:49.318215|PBFT-1-0x00007f1c0ea30700|[g:1][CONSENSUS][PBFT]checkAndChangeView: Reach consensus,org_view=20,cur_changeCycle=1,curView=20,view=21
info|2025-10-07 08:08:50.324940|PBFT-1-0x00007f1c0ea30700|[g:1][CONSENSUS]addRawPrepare,height=53,reqIdx=1,hash=06528764...,time=0
info|2025-10-07 08:08:50.328033|PBFT-1-0x00007f1c0ea30700|[g:1][CONSENSUS][PBFT]checkTimeout Succ,view=21,toView=22,nodeIdx=2,changeCycle=1,myNode=73994dae...,timecost=3
info|2025-10-07 08:08:50.336903|PBFT-1-0x00007f1c0ea30700|[g:1][CONSENSUS][PBFT]checkAndChangeView: Reach consensus,org_view=21,cur_changeCycle=1,curView=21,view=22
info|2025-10-07 08:08:51.337134|PBFTSeal-1-0x00007f1c07221700|[g:1][CONSENSUS][SEALER]++++++++++++++++ Generating seal on,blkNum=53,tx=0,nodeIdx=2,hash=eacc2a3b...
info|2025-10-07 08:08:51.346952|PBFT-1-0x00007f1c0ea30700|[g:1][CONSENSUS][PBFT]checkTimeout Succ,view=22,toView=23,nodeIdx=2,changeCycle=1,myNode=73994dae...,timecost=2
info|2025-10-07 08:08:51.348537|PBFT-1-0x00007f1c0ea30700|[g:1][CONSENSUS][PBFT]checkAndChangeView: Reach consensus,org_view=22,cur_changeCycle=1,curView=22,view=23
info|2025-10-07 08:08:52.359223|PBFT-1-0x00007f1c0ea30700|[g:1][CONSENSUS]addRawPrepare,height=53,reqIdx=3,hash=26949f36...,time=0
info|2025-10-07 08:08:52.361390|PBFT-1-0x00007f1c0ea30700|[g:1][CONSENSUS][PBFT]checkTimeout Succ,view=23,toView=24,nodeIdx=2,changeCycle=1,myNode=73994dae...,timecost=2
info|2025-10-07 08:08:52.367898|PBFT-1-0x00007f1c0ea30700|[g:1][CONSENSUS][PBFT]checkAndChangeView: Reach consensus,org_view=23,cur_changeCycle=1,curView=23,view=24
info|2025-10-07 08:08:53.378915|PBFT-1-0x00007f1c0ea30700|[g:1][CONSENSUS]addRawPrepare,height=53,reqIdx=0,hash=de3d55f8...,time=0
info|2025-10-07 08:08:53.380644|PBFT-1-0x00007f1c0ea30700|[g:1][CONSENSUS][PBFT]checkTimeout Succ,view=24,toView=25,nodeIdx=2,changeCycle=1,myNode=73994dae...,timecost=2
info|2025-10-07 08:08:53.383256|PBFT-1-0x00007f1c0ea30700|[g:1][CONSENSUS][PBFT]checkAndChangeView: Reach consensus,org_view=24,cur_changeCycle=1,curView=24,view=25
info|2025-10-07 08:08:54.394417|PBFT-1-0x00007f1c0ea30700|[g:1][CONSENSUS]addRawPrepare,height=53,reqIdx=1,hash=aed0da2c...,time=0
info|2025-10-07 08:08:54.395605|PBFT-1-0x00007f1c0ea30700|[g:1][CONSENSUS][PBFT]checkTimeout Succ,view=25,toView=26,nodeIdx=2,changeCycle=1,myNode=73994dae...,timecost=1
info|2025-10-07 08:08:54.402798|PBFT-1-0x00007f1c0ea30700|[g:1][CONSENSUS][PBFT]checkAndChangeView: Reach consensus,org_view=25,cur_changeCycle=1,curView=25,view=26
info|2025-10-07 08:08:55.403993|PBFTSeal-1-0x00007f1c07221700|[g:1][CONSENSUS][SEALER]++++++++++++++++ Generating seal on,blkNum=53,tx=0,nodeIdx=2,hash=d72c075f...
info|2025-10-07 08:08:55.409847|PBFT-1-0x00007f1c0ea30700|[g:1][CONSENSUS][PBFT]checkTimeout Succ,view=26,toView=27,nodeIdx=2,changeCycle=1,myNode=73994dae...,timecost=4
info|2025-10-07 08:08:55.417484|PBFT-1-0x00007f1c0ea30700|[g:1][CONSENSUS][PBFT]checkAndChangeView: Reach consensus,org_view=26,cur_changeCycle=1,curView=26,view=27
info|2025-10-07 08:08:56.425785|PBFT-1-0x00007f1c0ea30700|[g:1][CONSENSUS]addRawPrepare,height=53,reqIdx=3,hash=7fc24bdf...,time=0
info|2025-10-07 08:08:56.429964|PBFT-1-0x00007f1c0ea30700|[g:1][CONSENSUS][PBFT]checkTimeout Succ,view=27,toView=28,nodeIdx=2,changeCycle=1,myNode=73994dae...,timecost=4
info|2025-10-07 08:08:56.435889|PBFT-1-0x00007f1c0ea30700|[g:1][CONSENSUS][PBFT]checkAndChangeView: Reach consensus,org_view=27,cur_changeCycle=1,curView=27,view=28
info|2025-10-07 08:08:57.436610|PBFT-1-0x00007f1c0ea30700|[g:1][CONSENSUS]addRawPrepare,height=53,reqIdx=0,hash=0506e401...,time=0
info|2025-10-07 08:08:57.439175|PBFT-1-0x00007f1c0ea30700|[g:1][CONSENSUS][PBFT]checkTimeout Succ,view=28,toView=29,nodeIdx=2,changeCycle=1,myNode=73994dae...,timecost=3
info|2025-10-07 08:08:57.447712|PBFT-1-0x00007f1c0ea30700|[g:1][CONSENSUS][PBFT]checkAndChangeView: Reach consensus,org_view=28,cur_changeCycle=1,curView=28,view=29
info|2025-10-07 08:08:57.702838|io_service-0x00007f1c28a64700|[P2P][Service] heartBeat,connected count=3
info|2025-10-07 08:08:58.500137|PBFT-1-0x00007f1c0ea30700|[g:1][CONSENSUS]addRawPrepare,height=53,reqIdx=1,hash=5a05d187...,time=0
info|2025-10-07 08:08:58.501774|PBFT-1-0x00007f1c0ea30700|[g:1][CONSENSUS][PBFT]checkTimeout Succ,view=29,toView=30,nodeIdx=2,changeCycle=1,myNode=73994dae...,timecost=1
info|2025-10-07 08:08:58.503475|PBFT-1-0x00007f1c0ea30700|[g:1][CONSENSUS][PBFT]checkAndChangeView: Reach consensus,org_view=29,cur_changeCycle=1,curView=29,view=30
info|2025-10-07 08:08:59.504152|PBFTSeal-1-0x00007f1c07221700|[g:1][CONSENSUS][SEALER]++++++++++++++++ Generating seal on,blkNum=53,tx=0,nodeIdx=2,hash=165b6f3d...
info|2025-10-07 08:08:59.508560|PBFT-1-0x00007f1c0ea30700|[g:1][CONSENSUS][PBFT]checkTimeout Succ,view=30,toView=31,nodeIdx=2,changeCycle=1,myNode=73994dae...,timecost=3
info|2025-10-07 08:08:59.518039|PBFT-1-0x00007f1c0ea30700|[g:1][CONSENSUS][PBFT]checkAndChangeView: Reach consensus,org_view=30,cur_changeCycle=1,curView=30,view=31
info|2025-10-07 08:09:00.525182|PBFT-1-0x00007f1c0ea30700|[g:1][CONSENSUS]addRawPrepare,height=53,reqIdx=3,hash=bd2c410c...,time=1
info|2025-10-07 08:09:00.531392|PBFT-1-0x00007f1c0ea30700|[g:1][CONSENSUS][PBFT]checkTimeout Succ,view=31,toView=32,nodeIdx=2,changeCycle=1,myNode=73994dae...,timecost=6
info|2025-10-07 08:09:00.538950|PBFT-1-0x00007f1c0ea30700|[g:1][CONSENSUS][PBFT]checkAndChangeView: Reach consensus,org_view=31,cur_changeCycle=1,curView=31,view=32
info|2025-10-07 08:09:01.549154|PBFT-1-0x00007f1c0ea30700|[g:1][CONSENSUS]addRawPrepare,height=53,reqIdx=0,hash=a33cf7f2...,time=2
info|2025-10-07 08:09:01.553711|PBFT-1-0x00007f1c0ea30700|[g:1][CONSENSUS][PBFT]checkTimeout Succ,view=32,toView=33,nodeIdx=2,changeCycle=1,myNode=73994dae...,timecost=4
info|2025-10-07 08:09:01.558313|PBFT-1-0x00007f1c0ea30700|[g:1][CONSENSUS][PBFT]checkAndChangeView: Reach consensus,org_view=32,cur_changeCycle=1,curView=32,view=33
info|2025-10-07 08:09:02.562981|PBFT-1-0x00007f1c0ea30700|[g:1][CONSENSUS]addRawPrepare,height=53,reqIdx=1,hash=ae2796dc...,time=0
info|2025-10-07 08:09:02.565201|PBFT-1-0x00007f1c0ea30700|[g:1][CONSENSUS][PBFT]checkTimeout Succ,view=33,toView=34,nodeIdx=2,changeCycle=1,myNode=73994dae...,timecost=2
info|2025-10-07 08:09:02.571307|PBFT-1-0x00007f1c0ea30700|[g:1][CONSENSUS][PBFT]checkAndChangeView: Reach consensus,org_view=33,cur_changeCycle=1,curView=33,view=34
info|2025-10-07 08:09:03.572175|PBFTSeal-1-0x00007f1c07221700|[g:1][CONSENSUS][SEALER]++++++++++++++++ Generating seal on,blkNum=53,tx=0,nodeIdx=2,hash=ee4fdc08...
info|2025-10-07 08:09:03.578562|PBFT-1-0x00007f1c0ea30700|[g:1][CONSENSUS][PBFT]checkTimeout Succ,view=34,toView=35,nodeIdx=2,changeCycle=1,myNode=73994dae...,timecost=4
info|2025-10-07 08:09:03.586547|PBFT-1-0x00007f1c0ea30700|[g:1][CONSENSUS][PBFT]checkAndChangeView: Reach consensus,org_view=34,cur_changeCycle=1,curView=34,view=35
info|2025-10-07 08:09:04.592963|PBFT-1-0x00007f1c0ea30700|[g:1][CONSENSUS]addRawPrepare,height=53,reqIdx=3,hash=16be63da...,time=0
info|2025-10-07 08:09:04.597135|PBFT-1-0x00007f1c0ea30700|[g:1][CONSENSUS][PBFT]checkTimeout Succ,view=35,toView=36,nodeIdx=2,changeCycle=1,myNode=73994dae...,timecost=4
info|2025-10-07 08:09:04.603548|PBFT-1-0x00007f1c0ea30700|[g:1][CONSENSUS][PBFT]checkAndChangeView: Reach consensus,org_view=35,cur_changeCycle=1,curView=35,view=36
info|2025-10-07 08:09:05.608603|PBFT-1-0x00007f1c0ea30700|[g:1][CONSENSUS]addRawPrepare,height=53,reqIdx=0,hash=d0699933...,time=0
info|2025-10-07 08:09:05.610330|PBFT-1-0x00007f1c0ea30700|[g:1][CONSENSUS][PBFT]checkTimeout Succ,view=36,toView=37,nodeIdx=2,changeCycle=1,myNode=73994dae...,timecost=2
info|2025-10-07 08:09:05.620463|PBFT-1-0x00007f1c0ea30700|[g:1][CONSENSUS][PBFT]checkAndChangeView: Reach consensus,org_view=36,cur_changeCycle=1,curView=36,view=37
info|2025-10-07 08:09:06.628561|PBFT-1-0x00007f1c0ea30700|[g:1][CONSENSUS]addRawPrepare,height=53,reqIdx=1,hash=9ce74f9a...,time=0
info|2025-10-07 08:09:06.637025|PBFT-1-0x00007f1c0ea30700|[g:1][CONSENSUS][PBFT]checkTimeout Succ,view=37,toView=38,nodeIdx=2,changeCycle=1,myNode=73994dae...,timecost=5
info|2025-10-07 08:09:06.643313|PBFT-1-0x00007f1c0ea30700|[g:1][CONSENSUS][PBFT]checkAndChangeView: Reach consensus,org_view=37,cur_changeCycle=1,curView=37,view=38
info|2025-10-07 08:09:07.648089|PBFTSeal-1-0x00007f1c07221700|[g:1][CONSENSUS][SEALER]++++++++++++++++ Generating seal on,blkNum=53,tx=0,nodeIdx=2,hash=9fe88e31...
info|2025-10-07 08:09:07.658560|PBFTSeal-1-0x00007f1c07221700|[g:1][CONSENSUS][SEALER]++++++++++++++++ Generating seal on,blkNum=53,tx=0,nodeIdx=2,hash=c9d6947d...
info|2025-10-07 08:09:07.671447|PBFT-1-0x00007f1c0ea30700|[g:1][CONSENSUS][PBFT]checkTimeout Succ,view=38,toView=39,nodeIdx=2,changeCycle=1,myNode=73994dae...,timecost=6
info|2025-10-07 08:09:07.679515|PBFT-1-0x00007f1c0ea30700|[g:1][CONSENSUS][PBFT]checkAndChangeView: Reach consensus,org_view=38,cur_changeCycle=1,curView=38,view=39
info|2025-10-07 08:09:07.705293|io_service-0x00007f1c28a64700|[P2P][Service] heartBeat,connected count=3
info|2025-10-07 08:09:08.688480|PBFT-1-0x00007f1c0ea30700|[g:1][CONSENSUS]addRawPrepare,height=53,reqIdx=3,hash=34e12548...,time=0
info|2025-10-07 08:09:08.697495|PBFT-1-0x00007f1c0ea30700|[g:1][CONSENSUS][PBFT]checkTimeout Succ,view=39,toView=40,nodeIdx=2,changeCycle=1,myNode=73994dae...,timecost=2
info|2025-10-07 08:09:08.705757|PBFT-1-0x00007f1c0ea30700|[g:1][CONSENSUS][PBFT]checkAndChangeView: Reach consensus,org_view=39,cur_changeCycle=1,curView=39,view=40
info|2025-10-07 08:09:09.726726|PBFT-1-0x00007f1c0ea30700|[g:1][CONSENSUS]addRawPrepare,height=53,reqIdx=0,hash=83b160c8...,time=0
info|2025-10-07 08:09:09.730916|PBFT-1-0x00007f1c0ea30700|[g:1][CONSENSUS][PBFT]checkTimeout Succ,view=40,toView=41,nodeIdx=2,changeCycle=1,myNode=73994dae...,timecost=4
info|2025-10-07 08:09:09.735471|PBFT-1-0x00007f1c0ea30700|[g:1][CONSENSUS][PBFT]checkAndChangeView: Reach consensus,org_view=40,cur_changeCycle=1,curView=40,view=41
info|2025-10-07 08:09:10.744240|PBFT-1-0x00007f1c0ea30700|[g:1][CONSENSUS]addRawPrepare,height=53,reqIdx=1,hash=5f9d4352...,time=0
info|2025-10-07 08:09:10.758057|PBFT-1-0x00007f1c0ea30700|[g:1][CONSENSUS][PBFT]checkTimeout Succ,view=41,toView=42,nodeIdx=2,changeCycle=1,myNode=73994dae...,timecost=11
info|2025-10-07 08:09:10.767354|PBFT-1-0x00007f1c0ea30700|[g:1][CONSENSUS][PBFT]checkAndChangeView: Reach consensus,org_view=41,cur_changeCycle=1,curView=41,view=42
info|2025-10-07 08:09:11.771755|PBFTSeal-1-0x00007f1c07221700|[g:1][CONSENSUS][SEALER]++++++++++++++++ Generating seal on,blkNum=53,tx=0,nodeIdx=2,hash=1cbf0139...
info|2025-10-07 08:09:11.781657|PBFT-1-0x00007f1c0ea30700|[g:1][CONSENSUS][PBFT]checkTimeout Succ,view=42,toView=43,nodeIdx=2,changeCycle=1,myNode=73994dae...,timecost=8
info|2025-10-07 08:09:11.798999|PBFT-1-0x00007f1c0ea30700|[g:1][CONSENSUS][PBFT]checkAndChangeView: Reach consensus,org_view=42,cur_changeCycle=1,curView=42,view=43
info|2025-10-07 08:09:12.804208|PBFT-1-0x00007f1c0ea30700|[g:1][CONSENSUS]addRawPrepare,height=53,reqIdx=3,hash=92c2bb9f...,time=0
info|2025-10-07 08:09:12.808480|PBFT-1-0x00007f1c0ea30700|[g:1][CONSENSUS][PBFT]checkTimeout Succ,view=43,toView=44,nodeIdx=2,changeCycle=1,myNode=73994dae...,timecost=3
info|2025-10-07 08:09:12.816983|PBFT-1-0x00007f1c0ea30700|[g:1][CONSENSUS][PBFT]checkAndChangeView: Reach consensus,org_view=43,cur_changeCycle=1,curView=43,view=44
info|2025-10-07 08:09:13.825413|PBFT-1-0x00007f1c0ea30700|[g:1][CONSENSUS]addRawPrepare,height=53,reqIdx=0,hash=93a1d7f8...,time=0
info|2025-10-07 08:09:13.829439|PBFT-1-0x00007f1c0ea30700|[g:1][CONSENSUS][PBFT]checkTimeout Succ,view=44,toView=45,nodeIdx=2,changeCycle=1,myNode=73994dae...,timecost=4
info|2025-10-07 08:09:13.837026|PBFT-1-0x00007f1c0ea30700|[g:1][CONSENSUS][PBFT]checkAndChangeView: Reach consensus,org_view=44,cur_changeCycle=1,curView=44,view=45
info|2025-10-07 08:09:14.844251|PBFT-1-0x00007f1c0ea30700|[g:1][CONSENSUS]addRawPrepare,height=53,reqIdx=1,hash=d0a69068...,time=0
info|2025-10-07 08:09:14.850596|PBFT-1-0x00007f1c0ea30700|[g:1][CONSENSUS][PBFT]checkTimeout Succ,view=45,toView=46,nodeIdx=2,changeCycle=1,myNode=73994dae...,timecost=1
info|2025-10-07 08:09:14.858523|PBFT-1-0x00007f1c0ea30700|[g:1][CONSENSUS][PBFT]checkAndChangeView: Reach consensus,org_view=45,cur_changeCycle=1,curView=45,view=46
info|2025-10-07 08:09:15.860422|PBFTSeal-1-0x00007f1c07221700|[g:1][CONSENSUS][SEALER]++++++++++++++++ Generating seal on,blkNum=53,tx=0,nodeIdx=2,hash=893835c3...
info|2025-10-07 08:09:15.866280|PBFT-1-0x00007f1c0ea30700|[g:1][CONSENSUS][PBFT]checkTimeout Succ,view=46,toView=47,nodeIdx=2,changeCycle=1,myNode=73994dae...,timecost=5
info|2025-10-07 08:09:15.871905|PBFT-1-0x00007f1c0ea30700|[g:1][CONSENSUS][PBFT]checkAndChangeView: Reach consensus,org_view=46,cur_changeCycle=1,curView=46,view=47
info|2025-10-07 08:09:16.883494|PBFT-1-0x00007f1c0ea30700|[g:1][CONSENSUS]addRawPrepare,height=53,reqIdx=3,hash=1d91b917...,time=0
info|2025-10-07 08:09:16.890617|PBFT-1-0x00007f1c0ea30700|[g:1][CONSENSUS][PBFT]checkTimeout Succ,view=47,toView=48,nodeIdx=2,changeCycle=1,myNode=73994dae...,timecost=7
info|2025-10-07 08:09:16.904145|PBFT-1-0x00007f1c0ea30700|[g:1][CONSENSUS][PBFT]checkAndChangeView: Reach consensus,org_view=47,cur_changeCycle=1,curView=47,view=48
info|2025-10-07 08:09:17.705470|io_service-0x00007f1c28a64700|[P2P][Service] heartBeat,connected count=3
info|2025-10-07 08:09:17.904591|PBFT-1-0x00007f1c0ea30700|[g:1][CONSENSUS]addRawPrepare,height=53,reqIdx=0,hash=7e104b52...,time=0
info|2025-10-07 08:09:17.907063|PBFT-1-0x00007f1c0ea30700|[g:1][CONSENSUS][PBFT]checkTimeout Succ,view=48,toView=49,nodeIdx=2,changeCycle=1,myNode=73994dae...,timecost=3
info|2025-10-07 08:09:17.914754|PBFT-1-0x00007f1c0ea30700|[g:1][CONSENSUS][PBFT]checkAndChangeView: Reach consensus,org_view=48,cur_changeCycle=1,curView=48,view=49
info|2025-10-07 08:09:18.925807|PBFT-1-0x00007f1c0ea30700|[g:1][CONSENSUS]addRawPrepare,height=53,reqIdx=1,hash=32d42778...,time=0
info|2025-10-07 08:09:18.943620|PBFT-1-0x00007f1c0ea30700|[g:1][CONSENSUS][PBFT]checkTimeout Succ,view=49,toView=50,nodeIdx=2,changeCycle=1,myNode=73994dae...,timecost=14
info|2025-10-07 08:09:18.957416|PBFT-1-0x00007f1c0ea30700|[g:1][CONSENSUS][PBFT]checkAndChangeView: Reach consensus,org_view=49,cur_changeCycle=1,curView=49,view=50
info|2025-10-07 08:09:19.958709|PBFTSeal-1-0x00007f1c07221700|[g:1][CONSENSUS][SEALER]++++++++++++++++ Generating seal on,blkNum=53,tx=0,nodeIdx=2,hash=3cefebf9...
info|2025-10-07 08:09:19.965450|PBFT-1-0x00007f1c0ea30700|[g:1][CONSENSUS][PBFT]checkTimeout Succ,view=50,toView=51,nodeIdx=2,changeCycle=1,myNode=73994dae...,timecost=1
info|2025-10-07 08:09:19.973005|PBFT-1-0x00007f1c0ea30700|[g:1][CONSENSUS][PBFT]checkAndChangeView: Reach consensus,org_view=50,cur_changeCycle=1,curView=50,view=51
info|2025-10-07 08:09:20.979743|PBFT-1-0x00007f1c0ea30700|[g:1][CONSENSUS]addRawPrepare,height=53,reqIdx=3,hash=dd862da4...,time=0
info|2025-10-07 08:09:20.987912|PBFT-1-0x00007f1c0ea30700|[g:1][CONSENSUS][PBFT]checkTimeout Succ,view=51,toView=52,nodeIdx=2,changeCycle=1,myNode=73994dae...,timecost=6
info|2025-10-07 08:09:20.992866|PBFT-1-0x00007f1c0ea30700|[g:1][CONSENSUS][PBFT]checkAndChangeView: Reach consensus,org_view=51,cur_changeCycle=1,curView=51,view=52
info|2025-10-07 08:09:21.993527|PBFT-1-0x00007f1c0ea30700|[g:1][CONSENSUS]addRawPrepare,height=53,reqIdx=0,hash=c53297bc...,time=0
info|2025-10-07 08:09:21.996090|PBFT-1-0x00007f1c0ea30700|[g:1][CONSENSUS][PBFT]checkTimeout Succ,view=52,toView=53,nodeIdx=2,changeCycle=1,myNode=73994dae...,timecost=3
info|2025-10-07 08:09:22.004751|PBFT-1-0x00007f1c0ea30700|[g:1][CONSENSUS][PBFT]checkAndChangeView: Reach consensus,org_view=52,cur_changeCycle=1,curView=52,view=53
info|2025-10-07 08:09:23.011826|PBFT-1-0x00007f1c0ea30700|[g:1][CONSENSUS]addRawPrepare,height=53,reqIdx=1,hash=d258c9c8...,time=0
info|2025-10-07 08:09:23.016544|PBFT-1-0x00007f1c0ea30700|[g:1][CONSENSUS][PBFT]checkTimeout Succ,view=53,toView=54,nodeIdx=2,changeCycle=1,myNode=73994dae...,timecost=5
info|2025-10-07 08:09:23.032241|PBFT-1-0x00007f1c0ea30700|[g:1][CONSENSUS][PBFT]checkAndChangeView: Reach consensus,org_view=53,cur_changeCycle=1,curView=53,view=54
info|2025-10-07 08:09:24.031779|PBFTSeal-1-0x00007f1c07221700|[g:1][CONSENSUS][SEALER]++++++++++++++++ Generating seal on,blkNum=53,tx=0,nodeIdx=2,hash=a58658ce...
info|2025-10-07 08:09:24.041056|PBFT-1-0x00007f1c0ea30700|[g:1][CONSENSUS][PBFT]checkTimeout Succ,view=54,toView=55,nodeIdx=2,changeCycle=1,myNode=73994dae...,timecost=2
info|2025-10-07 08:09:24.048601|PBFT-1-0x00007f1c0ea30700|[g:1][CONSENSUS][PBFT]checkAndChangeView: Reach consensus,org_view=54,cur_changeCycle=1,curView=54,view=55
info|2025-10-07 08:09:25.058049|PBFT-1-0x00007f1c0ea30700|[g:1][CONSENSUS]addRawPrepare,height=53,reqIdx=3,hash=71487400...,time=1
info|2025-10-07 08:09:25.063376|PBFT-1-0x00007f1c0ea30700|[g:1][CONSENSUS][PBFT]checkTimeout Succ,view=55,toView=56,nodeIdx=2,changeCycle=1,myNode=73994dae...,timecost=5
info|2025-10-07 08:09:25.068623|PBFT-1-0x00007f1c0ea30700|[g:1][CONSENSUS][PBFT]checkAndChangeView: Reach consensus,org_view=55,cur_changeCycle=1,curView=55,view=56
info|2025-10-07 08:09:26.070384|PBFT-1-0x00007f1c0ea30700|[g:1][CONSENSUS]addRawPrepare,height=53,reqIdx=0,hash=b141d814...,time=0
info|2025-10-07 08:09:26.073168|PBFT-1-0x00007f1c0ea30700|[g:1][CONSENSUS][PBFT]checkTimeout Succ,view=56,toView=57,nodeIdx=2,changeCycle=1,myNode=73994dae...,timecost=3
info|2025-10-07 08:09:26.081906|PBFT-1-0x00007f1c0ea30700|[g:1][CONSENSUS][PBFT]checkAndChangeView: Reach consensus,org_view=56,cur_changeCycle=1,curView=56,view=57
info|2025-10-07 08:09:27.087834|PBFT-1-0x00007f1c0ea30700|[g:1][CONSENSUS]addRawPrepare,height=53,reqIdx=1,hash=493cdb59...,time=0
info|2025-10-07 08:09:27.089236|PBFT-1-0x00007f1c0ea30700|[g:1][CONSENSUS][PBFT]checkTimeout Succ,view=57,toView=58,nodeIdx=2,changeCycle=1,myNode=73994dae...,timecost=2
info|2025-10-07 08:09:27.100309|PBFT-1-0x00007f1c0ea30700|[g:1][CONSENSUS][PBFT]checkAndChangeView: Reach consensus,org_view=57,cur_changeCycle=1,curView=57,view=58
info|2025-10-07 08:09:27.705716|io_service-0x00007f1c28a64700|[P2P][Service] heartBeat,connected count=3
info|2025-10-07 08:09:28.100667|PBFTSeal-1-0x00007f1c07221700|[g:1][CONSENSUS][SEALER]++++++++++++++++ Generating seal on,blkNum=53,tx=0,nodeIdx=2,hash=b3cff158...
info|2025-10-07 08:09:28.110183|PBFT-1-0x00007f1c0ea30700|[g:1][CONSENSUS][PBFT]checkTimeout Succ,view=58,toView=59,nodeIdx=2,changeCycle=1,myNode=73994dae...,timecost=2
info|2025-10-07 08:09:28.113031|PBFT-1-0x00007f1c0ea30700|[g:1][CONSENSUS][PBFT]checkAndChangeView: Reach consensus,org_view=58,cur_changeCycle=1,curView=58,view=59
info|2025-10-07 08:09:29.123830|PBFT-1-0x00007f1c0ea30700|[g:1][CONSENSUS]addRawPrepare,height=53,reqIdx=3,hash=e293aee5...,time=0
info|2025-10-07 08:09:29.145860|PBFT-1-0x00007f1c0ea30700|[g:1][CONSENSUS][PBFT]checkTimeout Succ,view=59,toView=60,nodeIdx=2,changeCycle=1,myNode=73994dae...,timecost=22
info|2025-10-07 08:09:29.157912|PBFT-1-0x00007f1c0ea30700|[g:1][CONSENSUS][PBFT]checkAndChangeView: Reach consensus,org_view=59,cur_changeCycle=1,curView=59,view=60
info|2025-10-07 08:09:30.149970|PBFT-1-0x00007f1c0ea30700|[g:1][CONSENSUS]addRawPrepare,height=53,reqIdx=0,hash=07f31742...,time=0
info|2025-10-07 08:09:30.155292|PBFT-1-0x00007f1c0ea30700|[g:1][CONSENSUS][PBFT]checkTimeout Succ,view=60,toView=61,nodeIdx=2,changeCycle=1,myNode=73994dae...,timecost=5
info|2025-10-07 08:09:30.168629|PBFT-1-0x00007f1c0ea30700|[g:1][CONSENSUS][PBFT]checkAndChangeView: Reach consensus,org_view=60,cur_changeCycle=1,curView=60,view=61
info|2025-10-07 08:09:31.182359|PBFT-1-0x00007f1c0ea30700|[g:1][CONSENSUS]addRawPrepare,height=53,reqIdx=1,hash=1172faec...,time=0
info|2025-10-07 08:09:31.183505|PBFT-1-0x00007f1c0ea30700|[g:1][CONSENSUS][PBFT]checkTimeout Succ,view=61,toView=62,nodeIdx=2,changeCycle=1,myNode=73994dae...,timecost=1
info|2025-10-07 08:09:31.211182|PBFT-1-0x00007f1c0ea30700|[g:1][CONSENSUS][PBFT]checkAndChangeView: Reach consensus,org_view=61,cur_changeCycle=1,curView=61,view=62
info|2025-10-07 08:09:31.374483|ChannelServer-0x00007f1c1fa52700|[CHANNEL]Receive new connection,from=127.0.0.1:56802
warning|2025-10-07 08:09:31.390901|ChannelServer-0x00007f1c1fa52700|[CHANNEL]SSL handshake error,remoteHost=127.0.0.1,remotePort=56802,message=no shared cipher (SSL routines, ssl3_get_client_hello)
info|2025-10-07 08:09:32.211844|PBFTSeal-1-0x00007f1c07221700|[g:1][CONSENSUS][SEALER]++++++++++++++++ Generating seal on,blkNum=53,tx=0,nodeIdx=2,hash=fce54d8a...
info|2025-10-07 08:09:32.214376|PBFT-1-0x00007f1c0ea30700|[g:1][CONSENSUS][PBFT]checkTimeout Succ,view=62,toView=63,nodeIdx=2,changeCycle=1,myNode=73994dae...,timecost=1
info|2025-10-07 08:09:32.228061|PBFT-1-0x00007f1c0ea30700|[g:1][CONSENSUS][PBFT]checkAndChangeView: Reach consensus,org_view=62,cur_changeCycle=1,curView=62,view=63
info|2025-10-07 08:09:33.230372|PBFT-1-0x00007f1c0ea30700|[g:1][CONSENSUS]addRawPrepare,height=53,reqIdx=3,hash=ab4f8897...,time=0
info|2025-10-07 08:09:33.232287|PBFT-1-0x00007f1c0ea30700|[g:1][CONSENSUS][PBFT]checkTimeout Succ,view=63,toView=64,nodeIdx=2,changeCycle=1,myNode=73994dae...,timecost=2
info|2025-10-07 08:09:33.244577|PBFT-1-0x00007f1c0ea30700|[g:1][CONSENSUS][PBFT]checkAndChangeView: Reach consensus,org_view=63,cur_changeCycle=1,curView=63,view=64
info|2025-10-07 08:09:34.263533|PBFT-1-0x00007f1c0ea30700|[g:1][CONSENSUS]addRawPrepare,height=53,reqIdx=0,hash=af05a46f...,time=0
info|2025-10-07 08:09:34.273770|PBFT-1-0x00007f1c0ea30700|[g:1][CONSENSUS][PBFT]checkTimeout Succ,view=64,toView=65,nodeIdx=2,changeCycle=1,myNode=73994dae...,timecost=10
info|2025-10-07 08:09:34.279720|PBFT-1-0x00007f1c0ea30700|[g:1][CONSENSUS][PBFT]checkAndChangeView: Reach consensus,org_view=64,cur_changeCycle=1,curView=64,view=65
info|2025-10-07 08:09:34.446812|ChannelServer-0x00007f1c1fa52700|[CHANNEL]Receive new connection,from=127.0.0.1:56808
info|2025-10-07 08:09:34.468096|ChannelServer-0x00007f1c1fa52700|[CHANNEL]channel new connect, host=127.0.0.1:56808
info|2025-10-07 08:09:34.468200|ChannelServer-0x00007f1c1fa52700|[CHANNEL]start receive
info|2025-10-07 08:09:34.468213|ChannelServer-0x00007f1c1fa52700|[CHANNEL][SESSION]setRemotePublicKey: set sdk public key,sdkPublicKey=18ec5cfe...
info|2025-10-07 08:09:34.554562|ChannelReq-0x00007f1c27a62700|[RPC][getClientVersion]request
info|2025-10-07 08:09:34.620394|ChannelReq-0x00007f1c27261700|[CHANNEL]onClientHandshake,ProtocolVersion=3,clientType=java-sdk,endpoint=127.0.0.1:56808
info|2025-10-07 08:09:34.675445|ChannelReq-0x00007f1c2625f700|[RPC][getGroupList]request
info|2025-10-07 08:09:34.694374|ChannelReq-0x00007f1c2525d700|[RPC][getClientVersion]request
info|2025-10-07 08:09:34.705984|ChannelReq-0x00007f1c24a5c700|[RPC][getGroupList]request
info|2025-10-07 08:09:35.180994|ChannelReq-0x00007f1c27261700|[RPC][getGroupList]request
info|2025-10-07 08:09:35.184162|ChannelReq-0x00007f1c26a60700|[RPC][getClientVersion]request
info|2025-10-07 08:09:35.298139|PBFT-1-0x00007f1c0ea30700|[g:1][CONSENSUS]addRawPrepare,height=53,reqIdx=1,hash=24a8e720...,time=0
info|2025-10-07 08:09:35.300801|PBFT-1-0x00007f1c0ea30700|[g:1][CONSENSUS][PBFT]checkTimeout Succ,view=65,toView=66,nodeIdx=2,changeCycle=1,myNode=73994dae...,timecost=2
info|2025-10-07 08:09:35.311570|PBFT-1-0x00007f1c0ea30700|[g:1][CONSENSUS][PBFT]checkAndChangeView: Reach consensus,org_view=65,cur_changeCycle=1,curView=65,view=66
info|2025-10-07 08:09:35.698498|ChannelReq-0x00007f1c2625f700|[RPC][getGroupList]request
info|2025-10-07 08:09:36.315746|PBFTSeal-1-0x00007f1c07221700|[g:1][CONSENSUS][SEALER]++++++++++++++++ Generating seal on,blkNum=53,tx=0,nodeIdx=2,hash=3ecf177e...
info|2025-10-07 08:09:36.319470|PBFT-1-0x00007f1c0ea30700|[g:1][CONSENSUS][PBFT]checkTimeout Succ,view=66,toView=67,nodeIdx=2,changeCycle=1,myNode=73994dae...,timecost=2
info|2025-10-07 08:09:36.332921|PBFT-1-0x00007f1c0ea30700|[g:1][CONSENSUS][PBFT]checkAndChangeView: Reach consensus,org_view=66,cur_changeCycle=1,curView=66,view=67
info|2025-10-07 08:09:37.337037|PBFT-1-0x00007f1c0ea30700|[g:1][CONSENSUS]addRawPrepare,height=53,reqIdx=3,hash=2e9da83a...,time=0
info|2025-10-07 08:09:37.339047|PBFT-1-0x00007f1c0ea30700|[g:1][CONSENSUS][PBFT]checkTimeout Succ,view=67,toView=68,nodeIdx=2,changeCycle=1,myNode=73994dae...,timecost=2
info|2025-10-07 08:09:37.347714|PBFT-1-0x00007f1c0ea30700|[g:1][CONSENSUS][PBFT]checkAndChangeView: Reach consensus,org_view=67,cur_changeCycle=1,curView=67,view=68
info|2025-10-07 08:09:37.706225|io_service-0x00007f1c28a64700|[P2P][Service] heartBeat,connected count=3
info|2025-10-07 08:09:38.353643|PBFT-1-0x00007f1c0ea30700|[g:1][CONSENSUS]addRawPrepare,height=53,reqIdx=0,hash=e5671d15...,time=0
info|2025-10-07 08:09:38.356517|PBFT-1-0x00007f1c0ea30700|[g:1][CONSENSUS][PBFT]checkTimeout Succ,view=68,toView=69,nodeIdx=2,changeCycle=1,myNode=73994dae...,timecost=3
info|2025-10-07 08:09:38.364549|PBFT-1-0x00007f1c0ea30700|[g:1][CONSENSUS][PBFT]checkAndChangeView: Reach consensus,org_view=68,cur_changeCycle=1,curView=68,view=69
info|2025-10-07 08:09:39.370067|PBFT-1-0x00007f1c0ea30700|[g:1][CONSENSUS]addRawPrepare,height=53,reqIdx=1,hash=bb622df3...,time=0
info|2025-10-07 08:09:39.375128|PBFT-1-0x00007f1c0ea30700|[g:1][CONSENSUS][PBFT]checkTimeout Succ,view=69,toView=70,nodeIdx=2,changeCycle=1,myNode=73994dae...,timecost=5
info|2025-10-07 08:09:39.382781|PBFT-1-0x00007f1c0ea30700|[g:1][CONSENSUS][PBFT]checkAndChangeView: Reach consensus,org_view=69,cur_changeCycle=1,curView=69,view=70
info|2025-10-07 08:09:40.383132|PBFTSeal-1-0x00007f1c07221700|[g:1][CONSENSUS][SEALER]++++++++++++++++ Generating seal on,blkNum=53,tx=0,nodeIdx=2,hash=394ac75c...
info|2025-10-07 08:09:40.389489|PBFT-1-0x00007f1c0ea30700|[g:1][CONSENSUS][PBFT]checkTimeout Succ,view=70,toView=71,nodeIdx=2,changeCycle=1,myNode=73994dae...,timecost=1
info|2025-10-07 08:09:40.397863|PBFT-1-0x00007f1c0ea30700|[g:1][CONSENSUS][PBFT]checkAndChangeView: Reach consensus,org_view=70,cur_changeCycle=1,curView=70,view=71
info|2025-10-07 08:09:41.405001|PBFT-1-0x00007f1c0ea30700|[g:1][CONSENSUS]addRawPrepare,height=53,reqIdx=3,hash=261c3f3f...,time=1
info|2025-10-07 08:09:41.406543|PBFT-1-0x00007f1c0ea30700|[g:1][CONSENSUS][PBFT]checkTimeout Succ,view=71,toView=72,nodeIdx=2,changeCycle=1,myNode=73994dae...,timecost=1
info|2025-10-07 08:09:41.412779|PBFT-1-0x00007f1c0ea30700|[g:1][CONSENSUS][PBFT]checkAndChangeView: Reach consensus,org_view=71,cur_changeCycle=1,curView=71,view=72
info|2025-10-07 08:09:42.422207|PBFT-1-0x00007f1c0ea30700|[g:1][CONSENSUS]addRawPrepare,height=53,reqIdx=0,hash=dfc44289...,time=0
info|2025-10-07 08:09:42.424746|PBFT-1-0x00007f1c0ea30700|[g:1][CONSENSUS][PBFT]checkTimeout Succ,view=72,toView=73,nodeIdx=2,changeCycle=1,myNode=73994dae...,timecost=2
info|2025-10-07 08:09:42.434787|PBFT-1-0x00007f1c0ea30700|[g:1][CONSENSUS][PBFT]checkAndChangeView: Reach consensus,org_view=72,cur_changeCycle=1,curView=72,view=73
info|2025-10-07 08:09:43.441573|PBFT-1-0x00007f1c0ea30700|[g:1][CONSENSUS]addRawPrepare,height=53,reqIdx=1,hash=b818a0b8...,time=0
info|2025-10-07 08:09:43.444121|PBFT-1-0x00007f1c0ea30700|[g:1][CONSENSUS][PBFT]checkTimeout Succ,view=73,toView=74,nodeIdx=2,changeCycle=1,myNode=73994dae...,timecost=2
info|2025-10-07 08:09:43.448615|PBFT-1-0x00007f1c0ea30700|[g:1][CONSENSUS][PBFT]checkAndChangeView: Reach consensus,org_view=73,cur_changeCycle=1,curView=73,view=74
info|2025-10-07 08:09:44.302221|PBFTSeal-1-0x00007f1c07221700|[g:1][CONSENSUS][SEALER]++++++++++++++++ Generating seal on,blkNum=53,tx=1,nodeIdx=2,hash=e7fdc14b...
info|2025-10-07 08:09:44.305156|sealerWorker-0x00007f1c16a40700|[CONSENSUS]addRawPrepare,height=53,reqIdx=2,hash=e7fdc14b...,time=0
info|2025-10-07 08:09:44.306670|sealerWorker-0x00007f1c16a40700|[BLOCKVERIFIER][executeBlock]Executing block,txNum=1,num=53,parentHash=6a62c7ffce44e0661cf00664801c062ef912f978f247717e58370b4491a03c57,parentNum=52,parentStateRoot=b5474461032cc96a8d78fd44d922e294b99661cc7c006966f2d6a4731feb291b
info|2025-10-07 08:09:44.307178|sealerWorker-0x00007f1c16a40700|[PRECOMPILED]init GasChargeManagePrecompiled
info|2025-10-07 08:09:44.307703|sealerWorker-0x00007f1c16a40700|[STORAGE][MemoryTableFactory2]createTable,table name=c_743fb99e76669beaa180b0a76929e881b88350c5,keyField=key,valueField=value
info|2025-10-07 08:09:44.308454|sealerWorker-0x00007f1c16a40700|[CONSENSUS][PBFT]execBlock,blkNum=53,reqIdx=2,hash=e7c49a6b...,nodeIdx=2,myNode=73994dae...,decodeCost=0,checkCost=0,notifyCost=0,noteSealingCost=0,currentCycle=1,verifyAndSetSenderCost=0,execCost=2,execPerTx=2,totalCost=2
info|2025-10-07 08:09:44.314141|sealerWorker-0x00007f1c16a40700|[CONSENSUS][PBFT]handlePrepareMsg Succ,timecost=6,INFO=handlePrepareMsg,reqIdx=2,view=74,reqNum=53,curNum=52,consNum=53,curView=74,fromIp=self,hash=e7fdc14b...,nodeIdx=2,myNode=73994dae...,curChangeCycle=1
info|2025-10-07 08:09:44.314288|sealerWorker-0x00007f1c16a40700|[CONSENSUS][PBFT]generateLocalPrepare,hash=e7fdc14b...,H=53,nodeIdx=2,myNode=73994dae...
info|2025-10-07 08:09:44.322584|PBFT-1-0x00007f1c0ea30700|[g:1][CONSENSUS][PBFT]handleSignMsg Succ,Timecost=1,INFO=handleSignMsg,num=53,curNum=52,GenIdx=3,Sview=74,view=74,fromIdx=3,fromNode=87d00b98...,fromIp=127.0.0.1:30302,hash=e7c49a6b...,nodeIdx=2,myNode=73994dae...
info|2025-10-07 08:09:44.361386|PBFT-1-0x00007f1c0ea30700|[g:1][CONSENSUS][PBFT]checkAndCommit: backup/updateCommittedPrepare,reqNum=53,hash=e7fdc14b...,nodeIdx=2,myNode=73994dae...
info|2025-10-07 08:09:44.363856|PBFT-1-0x00007f1c0ea30700|[g:1][CONSENSUS][PBFT]handleSignMsg Succ,Timecost=4,INFO=handleSignMsg,num=53,curNum=52,GenIdx=1,Sview=74,view=74,fromIdx=1,fromNode=374bdfe9...,fromIp=127.0.0.1:30301,hash=e7c49a6b...,nodeIdx=2,myNode=73994dae...
info|2025-10-07 08:09:44.379816|PBFT-1-0x00007f1c0ea30700|[g:1][CONSENSUS][PBFT]handleCommitMsg Succ,INFO=handleCommitMsg,reqNum=53,curNum=52,GenIdx=3,Cview=74,view=74,fromIdx=3,fromNode=87d00b98...,fromIp=127.0.0.1:30302,hash=e7c49a6b...,nodeIdx=2,myNode=73994dae...,Timecost=6
info|2025-10-07 08:09:44.382928|PBFT-1-0x00007f1c0ea30700|[g:1][CONSENSUS][PBFT]checkAndSave: CommitReq enough,prepareHeight=53,commitSize=3,hash=e7c49a6b...,nodeIdx=2,myNode=73994dae...
info|2025-10-07 08:09:44.385460|PBFT-1-0x00007f1c0ea30700|[g:1][g:1][STORAGE][CachedStorage]commit: 9 num: 53
info|2025-10-07 08:09:44.386319|taskPool-1-0x00007f1c17a42700|[g:1][g:1][STORAGE][CachedStorage]Start commit block: 53 to backend storage
info|2025-10-07 08:09:44.386907|taskPool-1-0x00007f1c17a42700|[g:1][g:1][STORAGE][CachedStorage]
---------------------------------------------------------------------
Commit block: 53 to backend storage finished, current cached block: 53
Flush elapsed time: 0.0006s
---------------------------------------------------------------------
info|2025-10-07 08:09:44.387567|PBFT-1-0x00007f1c0ea30700|[g:1][g:1][STORAGE][CachedStorage]Submited block task: 53, current syncd block: 53
info|2025-10-07 08:09:44.387722|PBFT-1-0x00007f1c0ea30700|[g:1]Push block notify: 1-53
info|2025-10-07 08:09:44.387801|PBFT-1-0x00007f1c0ea30700|[g:1][CHANNEL]Push message success,topic=_block_notify_1,seq=00000000,session=127.0.0.1:56808,
info|2025-10-07 08:09:44.389454|PBFT-1-0x00007f1c0ea30700|[g:1][CONSENSUS][PBFT]CommitBlock Succ,prepareHeight=53,reqIdx=2,hash=e7c49a6b...,nodeIdx=2,myNode=73994dae...,genSigTimeCost=1,commitBlockTimeCost=4,dropTxsTimeCost=2,noteSealingTimeCost=0,totalTimeCost=7
info|2025-10-07 08:09:44.389525|PBFT-1-0x00007f1c0ea30700|[g:1][CONSENSUS][PBFT]handleCommitMsg Succ,INFO=handleCommitMsg,reqNum=53,curNum=52,GenIdx=1,Cview=74,view=74,fromIdx=1,fromNode=374bdfe9...,fromIp=127.0.0.1:30301,hash=e7c49a6b...,nodeIdx=2,myNode=73994dae...,Timecost=9
info|2025-10-07 08:09:44.390003|PBFTSeal-1-0x00007f1c07221700|[g:1][CONSENSUS][SEALER]increase maxNoTimeoutTx,maxNoTimeoutTx=1
info|2025-10-07 08:09:44.390021|PBFTSeal-1-0x00007f1c07221700|[g:1][CONSENSUS][PBFT]^^^^^^^^Report,num=53,sealerIdx=2,hash=e7c49a6b...,next=54,tx=1,nodeIdx=2
info|2025-10-07 08:09:45.391850|PBFT-1-0x00007f1c0ea30700|[g:1][CONSENSUS]addRawPrepare,height=54,reqIdx=1,hash=88b1672b...,time=1
info|2025-10-07 08:09:45.401685|PBFT-1-0x00007f1c0ea30700|[g:1][CONSENSUS][PBFT]checkTimeout Succ,view=0,toView=1,nodeIdx=2,changeCycle=1,myNode=73994dae...,timecost=9
info|2025-10-07 08:09:45.405322|PBFT-1-0x00007f1c0ea30700|[g:1][CONSENSUS][PBFT]checkAndChangeView: Reach consensus,org_view=0,cur_changeCycle=1,curView=0,view=1
info|2025-10-07 08:09:46.404850|PBFTSeal-1-0x00007f1c07221700|[g:1][CONSENSUS][SEALER]++++++++++++++++ Generating seal on,blkNum=54,tx=0,nodeIdx=2,hash=4e6a2468...
info|2025-10-07 08:09:46.413280|PBFT-1-0x00007f1c0ea30700|[g:1][CONSENSUS][PBFT]checkTimeout Succ,view=1,toView=2,nodeIdx=2,changeCycle=1,myNode=73994dae...,timecost=2
info|2025-10-07 08:09:46.418994|PBFT-1-0x00007f1c0ea30700|[g:1][CONSENSUS][PBFT]checkAndChangeView: Reach consensus,org_view=1,cur_changeCycle=1,curView=1,view=2
info|2025-10-07 08:09:47.435417|PBFT-1-0x00007f1c0ea30700|[g:1][CONSENSUS]addRawPrepare,height=54,reqIdx=3,hash=5838c11b...,time=0
info|2025-10-07 08:09:47.437451|PBFT-1-0x00007f1c0ea30700|[g:1][CONSENSUS][PBFT]checkTimeout Succ,view=2,toView=3,nodeIdx=2,changeCycle=1,myNode=73994dae...,timecost=2
info|2025-10-07 08:09:47.441901|PBFT-1-0x00007f1c0ea30700|[g:1][CONSENSUS][PBFT]checkAndChangeView: Reach consensus,org_view=2,cur_changeCycle=1,curView=2,view=3
info|2025-10-07 08:09:47.706510|io_service-0x00007f1c28a64700|[P2P][Service] heartBeat,connected count=3
info|2025-10-07 08:09:48.442979|PBFT-1-0x00007f1c0ea30700|[g:1][CONSENSUS]addRawPrepare,height=54,reqIdx=0,hash=a66de955...,time=1
info|2025-10-07 08:09:48.455020|PBFT-1-0x00007f1c0ea30700|[g:1][CONSENSUS][PBFT]checkTimeout Succ,view=3,toView=4,nodeIdx=2,changeCycle=1,myNode=73994dae...,timecost=5
info|2025-10-07 08:09:48.459380|PBFT-1-0x00007f1c0ea30700|[g:1][CONSENSUS][PBFT]checkAndChangeView: Reach consensus,org_view=3,cur_changeCycle=1,curView=3,view=4
info|2025-10-07 08:09:49.470945|PBFT-1-0x00007f1c0ea30700|[g:1][CONSENSUS]addRawPrepare,height=54,reqIdx=1,hash=db01636b...,time=0
info|2025-10-07 08:09:49.481053|PBFT-1-0x00007f1c0ea30700|[g:1][CONSENSUS][PBFT]checkTimeout Succ,view=4,toView=5,nodeIdx=2,changeCycle=1,myNode=73994dae...,timecost=5
info|2025-10-07 08:09:49.483964|PBFT-1-0x00007f1c0ea30700|[g:1][CONSENSUS][PBFT]checkAndChangeView: Reach consensus,org_view=4,cur_changeCycle=1,curView=4,view=5
info|2025-10-07 08:09:50.484420|PBFTSeal-1-0x00007f1c07221700|[g:1][CONSENSUS][SEALER]++++++++++++++++ Generating seal on,blkNum=54,tx=0,nodeIdx=2,hash=09fffd07...
info|2025-10-07 08:09:50.496258|PBFT-1-0x00007f1c0ea30700|[g:1][CONSENSUS][PBFT]checkTimeout Succ,view=5,toView=6,nodeIdx=2,changeCycle=1,myNode=73994dae...,timecost=4
info|2025-10-07 08:09:50.498786|PBFT-1-0x00007f1c0ea30700|[g:1][CONSENSUS][PBFT]checkAndChangeView: Reach consensus,org_view=5,cur_changeCycle=1,curView=5,view=6
info|2025-10-07 08:09:51.509447|PBFT-1-0x00007f1c0ea30700|[g:1][CONSENSUS]addRawPrepare,height=54,reqIdx=3,hash=3a9bac5d...,time=0
info|2025-10-07 08:09:51.513918|PBFT-1-0x00007f1c0ea30700|[g:1][CONSENSUS][PBFT]checkTimeout Succ,view=6,toView=7,nodeIdx=2,changeCycle=1,myNode=73994dae...,timecost=4
info|2025-10-07 08:09:51.519238|PBFT-1-0x00007f1c0ea30700|[g:1][CONSENSUS][PBFT]checkAndChangeView: Reach consensus,org_view=6,cur_changeCycle=1,curView=6,view=7
info|2025-10-07 08:09:52.521692|PBFT-1-0x00007f1c0ea30700|[g:1][CONSENSUS]addRawPrepare,height=54,reqIdx=0,hash=248dc125...,time=0
info|2025-10-07 08:09:52.523492|PBFT-1-0x00007f1c0ea30700|[g:1][CONSENSUS][PBFT]checkTimeout Succ,view=7,toView=8,nodeIdx=2,changeCycle=1,myNode=73994dae...,timecost=2
info|2025-10-07 08:09:52.532580|PBFT-1-0x00007f1c0ea30700|[g:1][CONSENSUS][PBFT]checkAndChangeView: Reach consensus,org_view=7,cur_changeCycle=1,curView=7,view=8
info|2025-10-07 08:09:53.537886|PBFT-1-0x00007f1c0ea30700|[g:1][CONSENSUS]addRawPrepare,height=54,reqIdx=1,hash=a9d14007...,time=0
info|2025-10-07 08:09:53.539299|PBFT-1-0x00007f1c0ea30700|[g:1][CONSENSUS][PBFT]checkTimeout Succ,view=8,toView=9,nodeIdx=2,changeCycle=1,myNode=73994dae...,timecost=2
info|2025-10-07 08:09:53.561629|PBFT-1-0x00007f1c0ea30700|[g:1][CONSENSUS][PBFT]checkAndChangeView: Reach consensus,org_view=8,cur_changeCycle=1,curView=8,view=9
info|2025-10-07 08:09:54.562230|PBFTSeal-1-0x00007f1c07221700|[g:1][CONSENSUS][SEALER]++++++++++++++++ Generating seal on,blkNum=54,tx=0,nodeIdx=2,hash=62d9cd12...
info|2025-10-07 08:09:54.573119|PBFT-1-0x00007f1c0ea30700|[g:1][CONSENSUS][PBFT]checkTimeout Succ,view=9,toView=10,nodeIdx=2,changeCycle=1,myNode=73994dae...,timecost=2
info|2025-10-07 08:09:54.579347|PBFT-1-0x00007f1c0ea30700|[g:1][CONSENSUS][PBFT]checkAndChangeView: Reach consensus,org_view=9,cur_changeCycle=1,curView=9,view=10
info|2025-10-07 08:09:55.086206|PBFTWork-1-0x00007f1c1523d700|[g:1][CONSENSUS][PartiallyPBFTReqCache]addPartiallyRawPrepare,height=54,reqIdx=3,hash=49a14201...
info|2025-10-07 08:09:55.086484|PBFTWork-1-0x00007f1c1523d700|[g:1][CONSENSUS][PBFT]I am the next leader = 2, filter trans size = 1, total trans = 1
info|2025-10-07 08:09:55.086580|PBFTWork-1-0x00007f1c1523d700|[g:1][BLOCKVERIFIER][executeBlock]Executing block,txNum=1,num=54,parentHash=e7c49a6b82601c496a403f403b8c5d2a23ac5c0ee0023d710b68d31b46ae91d5,parentNum=53,parentStateRoot=71f5ac72c0c771648e4a93d6d3dc077414197f82eabfbe01d1e1c38abd3669bd
info|2025-10-07 08:09:55.086764|PBFTWork-1-0x00007f1c1523d700|[g:1][PRECOMPILED]init GasChargeManagePrecompiled
info|2025-10-07 08:09:55.087517|PBFTWork-1-0x00007f1c1523d700|[g:1][STORAGE][MemoryTableFactory2]createTable,table name=c_a51a44e2df95c9b4fa3c389c4c3d1d04b7534f10,keyField=key,valueField=value
info|2025-10-07 08:09:57.706629|io_service-0x00007f1c28a64700|[P2P][Service] heartBeat,connected count=3
info|2025-10-07 08:09:58.778229|PBFTWork-1-0x00007f1c1523d700|[g:1][CONSENSUS][PBFT]execBlock,blkNum=54,reqIdx=3,hash=26184df8...,nodeIdx=2,myNode=73994dae...,decodeCost=0,checkCost=0,notifyCost=0,noteSealingCost=0,currentCycle=1,verifyAndSetSenderCost=0,execCost=3692,execPerTx=3692,totalCost=3692
info|2025-10-07 08:09:58.780730|PBFTWork-1-0x00007f1c1523d700|[g:1][CONSENSUS][PBFT]handlePrepareMsg Succ,timecost=2,INFO=handlePartiallyPrepare,reqIdx=3,view=10,reqNum=54,curNum=53,consNum=54,hash=49a14201...,nodeIdx=2,myNode=73994dae...,curChangeCycle=1
info|2025-10-07 08:09:58.780930|PBFT-1-0x00007f1c0ea30700|[g:1][CONSENSUS][PBFT]checkReq: Recv future request,prepHash=26184df8...,INFO=handleSignMsg,num=54,curNum=53,GenIdx=0,Sview=10,view=10,fromIdx=0,fromNode=064cb676...,fromIp=127.0.0.1:30303,hash=bfa3d021...,nodeIdx=2,myNode=73994dae...
info|2025-10-07 08:09:58.780949|PBFT-1-0x00007f1c0ea30700|[g:1][CONSENSUS][PBFT]FutureBlock,INFO=handleSignMsg,num=54,curNum=53,GenIdx=0,Sview=10,view=10,fromIdx=0,fromNode=064cb676...,fromIp=127.0.0.1:30303,hash=bfa3d021...,nodeIdx=2,myNode=73994dae...
info|2025-10-07 08:09:58.780970|PBFT-1-0x00007f1c0ea30700|[g:1][CONSENSUS][PBFT]checkReq: Recv future request,prepHash=26184df8...,INFO=handleSignMsg,num=54,curNum=53,GenIdx=3,Sview=10,view=10,fromIdx=3,fromNode=87d00b98...,fromIp=127.0.0.1:30302,hash=3cfeb52e...,nodeIdx=2,myNode=73994dae...
info|2025-10-07 08:09:58.780985|PBFT-1-0x00007f1c0ea30700|[g:1][CONSENSUS][PBFT]FutureBlock,INFO=handleSignMsg,num=54,curNum=53,GenIdx=3,Sview=10,view=10,fromIdx=3,fromNode=87d00b98...,fromIp=127.0.0.1:30302,hash=3cfeb52e...,nodeIdx=2,myNode=73994dae...
info|2025-10-07 08:09:58.781004|PBFT-1-0x00007f1c0ea30700|[g:1][CONSENSUS][PBFT]checkReq: Recv future request,prepHash=26184df8...,INFO=handleSignMsg,num=54,curNum=53,GenIdx=1,Sview=10,view=10,fromIdx=1,fromNode=374bdfe9...,fromIp=127.0.0.1:30301,hash=55b9b639...,nodeIdx=2,myNode=73994dae...
info|2025-10-07 08:09:58.781012|PBFT-1-0x00007f1c0ea30700|[g:1][CONSENSUS][PBFT]FutureBlock,INFO=handleSignMsg,num=54,curNum=53,GenIdx=1,Sview=10,view=10,fromIdx=1,fromNode=374bdfe9...,fromIp=127.0.0.1:30301,hash=55b9b639...,nodeIdx=2,myNode=73994dae...
info|2025-10-07 08:10:00.097867|Sync-1-0x00007f1c10233700|[g:1][SYNC][id:73994dae...]print sync info,peersCount=3,infoJson={"blockNumber":53,"genesisHash":"f0d3e67991e2c3d83533c031601c30c4741aba35d7d8017900779abe4ae22efe","isSyncing":false,"knownHighestNumber":53,"knownLatestHash":"e7c49a6b82601c496a403f403b8c5d2a23ac5c0ee0023d710b68d31b46ae91d5","latestHash":"e7c49a6b82601c496a403f403b8c5d2a23ac5c0ee0023d710b68d31b46ae91d5","nodeId":"73994dae9e8b8da733108a4153dfe79151d701dff425f84c87b5324e8ebd02ab6a0ebc9e4f1e0298a7ddca50f94a8f95c62b6997226d571e470e8f2b0600634a","peers":[{"blockNumber":53,"genesisHash":"f0d3e67991e2c3d83533c031601c30c4741aba35d7d8017900779abe4ae22efe","latestHash":"e7c49a6b82601c496a403f403b8c5d2a23ac5c0ee0023d710b68d31b46ae91d5","nodeId":"064cb676a36047a4b52ecbf9c01664b1e987d91b438110ba6a12d96972726622e824d295b1de8b0298b5afe7bbbc0bd04a3890e1a36eae028c1cfbe07971b995"},{"blockNumber":53,"genesisHash":"f0d3e67991e2c3d83533c031601c30c4741aba35d7d8017900779abe4ae22efe","latestHash":"e7c49a6b82601c496a403f403b8c5d2a23ac5c0ee0023d710b68d31b46ae91d5","nodeId":"374bdfe969e1d8ea1200ade93e5d8cf1a7d5741f238011004b0f43ca818706f194b2f067e1708125f7ffc536610b9a72addbd56b238d65f18912be39037ffcc5"},{"blockNumber":53,"genesisHash":"f0d3e67991e2c3d83533c031601c30c4741aba35d7d8017900779abe4ae22efe","latestHash":"e7c49a6b82601c496a403f403b8c5d2a23ac5c0ee0023d710b68d31b46ae91d5","nodeId":"87d00b98321fc70a5abc85ad9e80db10cce315194133697bf74aace1d3f8430957a766240f751752708f4282f46110d6ea56c3eb5d1c02ce98a66f327f595270"}],"protocolId":65545,"txPoolSize":"1"}
info|2025-10-07 08:10:02.899112|PBFT-1-0x00007f1c0ea30700|[g:1][CONSENSUS][PBFT]Trigger fast-viewchange,view=10,toView=10,minView=11,INFO=,reqNum=53,curNum=53,GenIdx=3,Cview=11,view=10,fromIdx=3,fromNode=87d00b98...,fromIp=127.0.0.1:30302,hash=e7c49a6b...,nodeIdx=2,myNode=73994dae...
info|2025-10-07 08:10:02.900291|PBFT-1-0x00007f1c0ea30700|[g:1][CONSENSUS][PBFT]checkAndChangeView: Reach consensus,org_view=10,cur_changeCycle=2,curView=10,view=11
info|2025-10-07 08:10:02.900364|PBFT-1-0x00007f1c0ea30700|[g:1][CONSENSUS][PBFT]checkTimeout Succ,view=11,toView=11,nodeIdx=2,changeCycle=2,myNode=73994dae...,timecost=1
info|2025-10-07 08:10:03.412046|PBFTWork-1-0x00007f1c1523d700|[g:1][CONSENSUS][PartiallyPBFTReqCache]addPartiallyRawPrepare,height=54,reqIdx=0,hash=1151ef0f...
info|2025-10-07 08:10:03.412247|PBFTWork-1-0x00007f1c1523d700|[g:1][CONSENSUS][PBFT]I am the next leader = 2, filter trans size = 1, total trans = 1
info|2025-10-07 08:10:03.412323|PBFTWork-1-0x00007f1c1523d700|[g:1][BLOCKVERIFIER][executeBlock]Executing block,txNum=1,num=54,parentHash=e7c49a6b82601c496a403f403b8c5d2a23ac5c0ee0023d710b68d31b46ae91d5,parentNum=53,parentStateRoot=71f5ac72c0c771648e4a93d6d3dc077414197f82eabfbe01d1e1c38abd3669bd
info|2025-10-07 08:10:03.412460|PBFTWork-1-0x00007f1c1523d700|[g:1][PRECOMPILED]init GasChargeManagePrecompiled
info|2025-10-07 08:10:03.412706|PBFTWork-1-0x00007f1c1523d700|[g:1][STORAGE][MemoryTableFactory2]createTable,table name=c_a51a44e2df95c9b4fa3c389c4c3d1d04b7534f10,keyField=key,valueField=value
info|2025-10-07 08:10:06.260818|PBFTWork-1-0x00007f1c1523d700|[g:1][CONSENSUS][PBFT]execBlock,blkNum=54,reqIdx=0,hash=d3eac10a...,nodeIdx=2,myNode=73994dae...,decodeCost=0,checkCost=0,notifyCost=0,noteSealingCost=0,currentCycle=2,verifyAndSetSenderCost=0,execCost=2848,execPerTx=2848,totalCost=2848
info|2025-10-07 08:10:06.264208|PBFTWork-1-0x00007f1c1523d700|[g:1][CONSENSUS][PBFT]handlePrepareMsg Succ,timecost=3,INFO=handlePartiallyPrepare,reqIdx=0,view=11,reqNum=54,curNum=53,consNum=54,hash=1151ef0f...,nodeIdx=2,myNode=73994dae...,curChangeCycle=2
info|2025-10-07 08:10:06.264294|PBFT-1-0x00007f1c0ea30700|[g:1][CONSENSUS][PBFT]checkReq: Recv future request,prepHash=d3eac10a...,INFO=handleSignMsg,num=54,curNum=53,GenIdx=3,Sview=11,view=11,fromIdx=3,fromNode=87d00b98...,fromIp=127.0.0.1:30302,hash=3cf5a0e4...,nodeIdx=2,myNode=73994dae...
info|2025-10-07 08:10:06.264306|PBFT-1-0x00007f1c0ea30700|[g:1][CONSENSUS][PBFT]FutureBlock,INFO=handleSignMsg,num=54,curNum=53,GenIdx=3,Sview=11,view=11,fromIdx=3,fromNode=87d00b98...,fromIp=127.0.0.1:30302,hash=3cf5a0e4...,nodeIdx=2,myNode=73994dae...
info|2025-10-07 08:10:06.587007|PBFT-1-0x00007f1c0ea30700|[g:1][CONSENSUS][PBFT]checkReq: Recv future request,prepHash=d3eac10a...,INFO=handleSignMsg,num=54,curNum=53,GenIdx=0,Sview=11,view=11,fromIdx=0,fromNode=064cb676...,fromIp=127.0.0.1:30303,hash=f9c12777...,nodeIdx=2,myNode=73994dae...
info|2025-10-07 08:10:06.587031|PBFT-1-0x00007f1c0ea30700|[g:1][CONSENSUS][PBFT]FutureBlock,INFO=handleSignMsg,num=54,curNum=53,GenIdx=0,Sview=11,view=11,fromIdx=0,fromNode=064cb676...,fromIp=127.0.0.1:30303,hash=f9c12777...,nodeIdx=2,myNode=73994dae...
info|2025-10-07 08:10:06.780121|PBFT-1-0x00007f1c0ea30700|[g:1][CONSENSUS][PBFT]checkReq: Recv future request,prepHash=d3eac10a...,INFO=handleSignMsg,num=54,curNum=53,GenIdx=1,Sview=11,view=11,fromIdx=1,fromNode=374bdfe9...,fromIp=127.0.0.1:30301,hash=fd02161b...,nodeIdx=2,myNode=73994dae...
info|2025-10-07 08:10:06.780239|PBFT-1-0x00007f1c0ea30700|[g:1][CONSENSUS][PBFT]FutureBlock,INFO=handleSignMsg,num=54,curNum=53,GenIdx=1,Sview=11,view=11,fromIdx=1,fromNode=374bdfe9...,fromIp=127.0.0.1:30301,hash=fd02161b...,nodeIdx=2,myNode=73994dae...
info|2025-10-07 08:10:07.706739|io_service-0x00007f1c28a64700|[P2P][Service] heartBeat,connected count=3
info|2025-10-07 08:10:13.015311|PBFT-1-0x00007f1c0ea30700|[g:1][CONSENSUS][SEALER]decrease maxBlockCanSeal to half for PBFT timeout,org_maxBlockCanSeal=1000,halfed_maxBlockCanSeal=500,timeoutCount=1,lastTimeoutTx=1
warning|2025-10-07 08:10:13.016433|PBFT-1-0x00007f1c0ea30700|[g:1][CONSENSUS][PBFT]ViewChangeWarning: not caused by omit empty block ,v=11,toV=12,curNum=53,hash=e7c49a6b...,nodeIdx=2,myNode=73994dae...
info|2025-10-07 08:10:13.016563|PBFT-1-0x00007f1c0ea30700|[g:1][CONSENSUS][PBFT]checkTimeout Succ,view=11,toView=12,nodeIdx=2,changeCycle=3,myNode=73994dae...,timecost=1
info|2025-10-07 08:10:13.022022|PBFT-1-0x00007f1c0ea30700|[g:1][CONSENSUS][PBFT]checkAndChangeView: Reach consensus,org_view=11,cur_changeCycle=3,curView=11,view=12
info|2025-10-07 08:10:13.525047|PBFTWork-1-0x00007f1c1523d700|[g:1][CONSENSUS][PartiallyPBFTReqCache]addPartiallyRawPrepare,height=54,reqIdx=1,hash=a3e8c4b4...
info|2025-10-07 08:10:13.525261|PBFTWork-1-0x00007f1c1523d700|[g:1][CONSENSUS][PBFT]I am the next leader = 2, filter trans size = 1, total trans = 1
info|2025-10-07 08:10:13.525333|PBFTWork-1-0x00007f1c1523d700|[g:1][BLOCKVERIFIER][executeBlock]Executing block,txNum=1,num=54,parentHash=e7c49a6b82601c496a403f403b8c5d2a23ac5c0ee0023d710b68d31b46ae91d5,parentNum=53,parentStateRoot=71f5ac72c0c771648e4a93d6d3dc077414197f82eabfbe01d1e1c38abd3669bd
info|2025-10-07 08:10:13.525478|PBFTWork-1-0x00007f1c1523d700|[g:1][PRECOMPILED]init GasChargeManagePrecompiled
info|2025-10-07 08:10:13.525716|sealerWorker-0x00007f1c08223700|[STORAGE][MemoryTableFactory2]createTable,table name=c_a51a44e2df95c9b4fa3c389c4c3d1d04b7534f10,keyField=key,valueField=value
info|2025-10-07 08:10:17.073164|PBFTWork-1-0x00007f1c1523d700|[g:1][CONSENSUS][PBFT]execBlock,blkNum=54,reqIdx=1,hash=bf9527ea...,nodeIdx=2,myNode=73994dae...,decodeCost=0,checkCost=0,notifyCost=0,noteSealingCost=0,currentCycle=3,verifyAndSetSenderCost=0,execCost=3548,execPerTx=3548,totalCost=3548
info|2025-10-07 08:10:17.078718|PBFTWork-1-0x00007f1c1523d700|[g:1][CONSENSUS][PBFT]handlePrepareMsg Succ,timecost=5,INFO=handlePartiallyPrepare,reqIdx=1,view=12,reqNum=54,curNum=53,consNum=54,hash=a3e8c4b4...,nodeIdx=2,myNode=73994dae...,curChangeCycle=3
info|2025-10-07 08:10:17.079123|PBFT-1-0x00007f1c0ea30700|[g:1][CONSENSUS][PBFT]checkReq: Recv future request,prepHash=bf9527ea...,INFO=handleSignMsg,num=54,curNum=53,GenIdx=0,Sview=12,view=12,fromIdx=0,fromNode=064cb676...,fromIp=127.0.0.1:30303,hash=5be2f9e7...,nodeIdx=2,myNode=73994dae...
info|2025-10-07 08:10:17.079154|PBFT-1-0x00007f1c0ea30700|[g:1][CONSENSUS][PBFT]FutureBlock,INFO=handleSignMsg,num=54,curNum=53,GenIdx=0,Sview=12,view=12,fromIdx=0,fromNode=064cb676...,fromIp=127.0.0.1:30303,hash=5be2f9e7...,nodeIdx=2,myNode=73994dae...
info|2025-10-07 08:10:17.079173|PBFT-1-0x00007f1c0ea30700|[g:1][CONSENSUS][PBFT]checkReq: Recv future request,prepHash=bf9527ea...,INFO=handleSignMsg,num=54,curNum=53,GenIdx=3,Sview=12,view=12,fromIdx=3,fromNode=87d00b98...,fromIp=127.0.0.1:30302,hash=3e69ed88...,nodeIdx=2,myNode=73994dae...
info|2025-10-07 08:10:17.079180|PBFT-1-0x00007f1c0ea30700|[g:1][CONSENSUS][PBFT]FutureBlock,INFO=handleSignMsg,num=54,curNum=53,GenIdx=3,Sview=12,view=12,fromIdx=3,fromNode=87d00b98...,fromIp=127.0.0.1:30302,hash=3e69ed88...,nodeIdx=2,myNode=73994dae...
info|2025-10-07 08:10:17.162978|PBFT-1-0x00007f1c0ea30700|[g:1][CONSENSUS][PBFT]checkReq: Recv future request,prepHash=bf9527ea...,INFO=handleSignMsg,num=54,curNum=53,GenIdx=1,Sview=12,view=12,fromIdx=1,fromNode=374bdfe9...,fromIp=127.0.0.1:30301,hash=eed175a8...,nodeIdx=2,myNode=73994dae...
info|2025-10-07 08:10:17.163048|PBFT-1-0x00007f1c0ea30700|[g:1][CONSENSUS][PBFT]FutureBlock,INFO=handleSignMsg,num=54,curNum=53,GenIdx=1,Sview=12,view=12,fromIdx=1,fromNode=374bdfe9...,fromIp=127.0.0.1:30301,hash=eed175a8...,nodeIdx=2,myNode=73994dae...
info|2025-10-07 08:10:17.707174|io_service-0x00007f1c28a64700|[P2P][Service] heartBeat,connected count=3
info|2025-10-07 08:10:27.087344|PBFT-1-0x00007f1c0ea30700|[g:1][CONSENSUS][PBFT]Trigger fast-viewchange,view=12,toView=12,minView=13,INFO=,reqNum=53,curNum=53,GenIdx=3,Cview=13,view=12,fromIdx=3,fromNode=87d00b98...,fromIp=127.0.0.1:30302,hash=e7c49a6b...,nodeIdx=2,myNode=73994dae...
info|2025-10-07 08:10:27.090177|PBFT-1-0x00007f1c0ea30700|[g:1][CONSENSUS][PBFT]checkAndChangeView: Reach consensus,org_view=12,cur_changeCycle=4,curView=12,view=13
info|2025-10-07 08:10:27.090425|PBFT-1-0x00007f1c0ea30700|[g:1][CONSENSUS][PBFT]checkTimeout Succ,view=13,toView=13,nodeIdx=2,changeCycle=4,myNode=73994dae...,timecost=3
info|2025-10-07 08:10:27.590268|PBFTSeal-1-0x00007f1c07221700|[g:1][CONSENSUS][SEALER]++++++++++++++++ Generating seal on,blkNum=54,tx=1,nodeIdx=2,hash=d571be81...
info|2025-10-07 08:10:27.592879|sealerWorker-0x00007f1c16a40700|[CONSENSUS]addRawPrepare,height=54,reqIdx=2,hash=d571be81...,time=0
info|2025-10-07 08:10:27.605453|sealerWorker-0x00007f1c16a40700|[BLOCKVERIFIER][executeBlock]Executing block,txNum=1,num=54,parentHash=e7c49a6b82601c496a403f403b8c5d2a23ac5c0ee0023d710b68d31b46ae91d5,parentNum=53,parentStateRoot=71f5ac72c0c771648e4a93d6d3dc077414197f82eabfbe01d1e1c38abd3669bd
info|2025-10-07 08:10:27.605806|sealerWorker-0x00007f1c16a40700|[PRECOMPILED]init GasChargeManagePrecompiled
info|2025-10-07 08:10:27.606247|sealerWorker-0x00007f1c16a40700|[STORAGE][MemoryTableFactory2]createTable,table name=c_a51a44e2df95c9b4fa3c389c4c3d1d04b7534f10,keyField=key,valueField=value
info|2025-10-07 08:10:27.707450|io_service-0x00007f1c28a64700|[P2P][Service] heartBeat,connected count=3
info|2025-10-07 08:10:31.043087|sealerWorker-0x00007f1c16a40700|[CONSENSUS][PBFT]execBlock,blkNum=54,reqIdx=2,hash=b9cff2ed...,nodeIdx=2,myNode=73994dae...,decodeCost=0,checkCost=13,notifyCost=0,noteSealingCost=0,currentCycle=4,verifyAndSetSenderCost=0,execCost=3438,execPerTx=3438,totalCost=3451
info|2025-10-07 08:10:31.046262|sealerWorker-0x00007f1c16a40700|[CONSENSUS][PBFT]handlePrepareMsg Succ,timecost=3,INFO=handlePrepareMsg,reqIdx=2,view=13,reqNum=54,curNum=53,consNum=54,curView=13,fromIp=self,hash=d571be81...,nodeIdx=2,myNode=73994dae...,curChangeCycle=4
info|2025-10-07 08:10:31.046331|sealerWorker-0x00007f1c16a40700|[CONSENSUS][PBFT]generateLocalPrepare,hash=d571be81...,H=54,nodeIdx=2,myNode=73994dae...
info|2025-10-07 08:10:31.047208|PBFT-1-0x00007f1c0ea30700|[g:1][CONSENSUS][PBFT]checkReq: Recv future request,prepHash=b9cff2ed...,INFO=handleSignMsg,num=54,curNum=53,GenIdx=0,Sview=13,view=13,fromIdx=0,fromNode=064cb676...,fromIp=127.0.0.1:30303,hash=221657f5...,nodeIdx=2,myNode=73994dae...
info|2025-10-07 08:10:31.047254|PBFT-1-0x00007f1c0ea30700|[g:1][CONSENSUS][PBFT]FutureBlock,INFO=handleSignMsg,num=54,curNum=53,GenIdx=0,Sview=13,view=13,fromIdx=0,fromNode=064cb676...,fromIp=127.0.0.1:30303,hash=221657f5...,nodeIdx=2,myNode=73994dae...
info|2025-10-07 08:10:31.047284|PBFT-1-0x00007f1c0ea30700|[g:1][CONSENSUS][PBFT]checkReq: Recv future request,prepHash=b9cff2ed...,INFO=handleSignMsg,num=54,curNum=53,GenIdx=3,Sview=13,view=13,fromIdx=3,fromNode=87d00b98...,fromIp=127.0.0.1:30302,hash=089e3265...,nodeIdx=2,myNode=73994dae...
info|2025-10-07 08:10:31.047295|PBFT-1-0x00007f1c0ea30700|[g:1][CONSENSUS][PBFT]FutureBlock,INFO=handleSignMsg,num=54,curNum=53,GenIdx=3,Sview=13,view=13,fromIdx=3,fromNode=87d00b98...,fromIp=127.0.0.1:30302,hash=089e3265...,nodeIdx=2,myNode=73994dae...
info|2025-10-07 08:10:31.254342|PBFT-1-0x00007f1c0ea30700|[g:1][CONSENSUS][PBFT]checkReq: Recv future request,prepHash=b9cff2ed...,INFO=handleSignMsg,num=54,curNum=53,GenIdx=1,Sview=13,view=13,fromIdx=1,fromNode=374bdfe9...,fromIp=127.0.0.1:30301,hash=a2104229...,nodeIdx=2,myNode=73994dae...
info|2025-10-07 08:10:31.254401|PBFT-1-0x00007f1c0ea30700|[g:1][CONSENSUS][PBFT]FutureBlock,INFO=handleSignMsg,num=54,curNum=53,GenIdx=1,Sview=13,view=13,fromIdx=1,fromNode=374bdfe9...,fromIp=127.0.0.1:30301,hash=a2104229...,nodeIdx=2,myNode=73994dae...
info|2025-10-07 08:10:34.697507|ChannelReq-0x00007f1c25a5e700|[RPC][getGroupList]request
info|2025-10-07 08:10:37.707630|io_service-0x00007f1c28a64700|[P2P][Service] heartBeat,connected count=3
info|2025-10-07 08:10:44.235723|fisco-bcos-0x00007f1c2b7dddc0|[LEDGER]stop sealer,groupID=1
info|2025-10-07 08:10:44.235762|fisco-bcos-0x00007f1c2b7dddc0|[CONSENSUS][SEALER]Stop sealer module...
info|2025-10-07 08:10:44.247763|fisco-bcos-0x00007f1c2b7dddc0|[CONSENSUS][ConsensusEngine][Stop ConsensusEngineBase]
info|2025-10-07 08:10:44.251248|fisco-bcos-0x00007f1c2b7dddc0|[CONSENSUS][ConsensusEngine]ConsensusEngineBase stopped
info|2025-10-07 08:10:44.251289|fisco-bcos-0x00007f1c2b7dddc0|[LEDGER]sealer stopped. stop sync,groupID=1
info|2025-10-07 08:10:44.252186|fisco-bcos-0x00007f1c2b7dddc0|[g:1] [SYNC][id:73994dae...]SyncMsgEngine stopped
info|2025-10-07 08:10:44.396641|fisco-bcos-0x00007f1c2b7dddc0|[GossipBlockStatus]stop GossipBlockStatus succ
info|2025-10-07 08:10:45.060678|fisco-bcos-0x00007f1c2b7dddc0|[SYNC][id:73994dae...][g:1]SyncMaster stopped
info|2025-10-07 08:10:45.060712|fisco-bcos-0x00007f1c2b7dddc0|[LEDGER]sync stopped. stop event filter manager,groupID=1
info|2025-10-07 08:10:45.090472|fisco-bcos-0x00007f1c2b7dddc0|[EVENT][EventLogFilterManager]stop
info|2025-10-07 08:10:45.090522|fisco-bcos-0x00007f1c2b7dddc0|[LEDGER]event filter manager stopped. stop tx pool,groupID=1
info|2025-10-07 08:10:45.090889|fisco-bcos-0x00007f1c2b7dddc0|[LEDGER]removeNetworkStatHandlerByGroupID and removeGroupBandwidthLimiter for service,groupID=1
info|2025-10-07 08:10:45.090920|fisco-bcos-0x00007f1c2b7dddc0|[CHANNEL]removeSDKAllowListByGroupId,groupId=1
info|2025-10-07 08:10:45.090929|fisco-bcos-0x00007f1c2b7dddc0|[INITIALIZER]ledgerInitializer stopped
info|2025-10-07 08:10:46.082302|io_service-0x00007f1c28a64700|[NETWORK][Session]doRead failed,endpoint=127.0.0.1:30303,message=short read (SSL routines, SSL routines)
info|2025-10-07 08:10:46.082363|io_service-0x00007f1c28a64700|[NETWORK][Session]drop, call and erase all callbackFunc of the session!,endpoint=127.0.0.1:30303
info|2025-10-07 08:10:46.082397|io_service-0x00007f1c28a64700|[NETWORK][Session][drop] closing remote 127.0.0.1:30303,reason=Low-level TCP communication failed.,endpoint=127.0.0.1:30303
info|2025-10-07 08:10:46.082496|io_service-0x00007f1c28a64700|[NETWORK][Session]Session inactive
info|2025-10-07 08:10:46.082506|io_service-0x00007f1c28a64700|[NETWORK][Session]Session inactive
info|2025-10-07 08:10:46.082568|P2P-0x00007f1c29265700|[P2P][Service] disconnect inactive P2PSession,nodeID=064cb676...,endpoint=127.0.0.1:30303,code=3,what=Disconnect
info|2025-10-07 08:10:46.082592|P2P-0x00007f1c29265700|[P2P][Service] onDisconnect,code=3,what=Dynamic exception type: dev::network::NetworkException
std::exception::what: Disconnect
info|2025-10-07 08:10:46.082516|io_service-0x00007f1c28a64700|[NETWORK][Session][drop] shutdown failed ,code=9,message=Bad file descriptor
info|2025-10-07 08:10:46.092034|fisco-bcos-0x00007f1c2b7dddc0|[INITIALIZER]ChannelRPCHttpServer deleted.
info|2025-10-07 08:10:46.092520|fisco-bcos-0x00007f1c2b7dddc0|[INITIALIZER]JsonrpcHttpServer deleted.
info|2025-10-07 08:10:46.092563|fisco-bcos-0x00007f1c2b7dddc0|[INITIALIZER]RPCInitializer stopped
info|2025-10-07 08:10:46.092618|io_service-0x00007f1c28a64700|[NETWORK][Host]Host exit
info|2025-10-07 08:10:46.093707|fisco-bcos-0x00007f1c2b7dddc0|[INITIALIZER]P2PInitializer stopped
info|2025-10-07 08:10:46.093748|fisco-bcos-0x00007f1c2b7dddc0|[LEDGER]stop sealer,groupID=1
info|2025-10-07 08:10:46.093756|fisco-bcos-0x00007f1c2b7dddc0|[LEDGER]sealer stopped. stop sync,groupID=1
info|2025-10-07 08:10:46.093770|fisco-bcos-0x00007f1c2b7dddc0|[g:1] [SYNC][id:73994dae...]SyncMsgEngine stopped
info|2025-10-07 08:10:46.093780|fisco-bcos-0x00007f1c2b7dddc0|[GossipBlockStatus]GossipBlockStatus already stopped
info|2025-10-07 08:10:46.093785|fisco-bcos-0x00007f1c2b7dddc0|[SYNC][id:73994dae...][g:1]SyncMaster stopped
info|2025-10-07 08:10:46.093788|fisco-bcos-0x00007f1c2b7dddc0|[LEDGER]sync stopped. stop event filter manager,groupID=1
info|2025-10-07 08:10:46.093792|fisco-bcos-0x00007f1c2b7dddc0|[LEDGER]event filter manager stopped. stop tx pool,groupID=1
info|2025-10-07 08:10:46.093799|fisco-bcos-0x00007f1c2b7dddc0|[LEDGER]removeNetworkStatHandlerByGroupID and removeGroupBandwidthLimiter for service,groupID=1
info|2025-10-07 08:10:46.093812|fisco-bcos-0x00007f1c2b7dddc0|[g:1][STORAGE][CachedStorage]Stopping flushStorage thread
info|2025-10-07 08:10:47.077964|fisco-bcos-0x00007f1c2b7dddc0|[g:1][STORAGE][CachedStorage]flushStorage thread stopped.
info|2025-10-07 08:10:47.078010|fisco-bcos-0x00007f1c2b7dddc0|[DBINITIALIZER] storage stopped
info|2025-10-07 08:10:47.085697|fisco-bcos-0x00007f1c2b7dddc0|[g:1] [SYNC][id:73994dae...]SyncMsgEngine stopped
info|2025-10-07 08:10:47.085816|fisco-bcos-0x00007f1c2b7dddc0|[GossipBlockStatus]GossipBlockStatus already stopped
info|2025-10-07 08:10:47.085825|fisco-bcos-0x00007f1c2b7dddc0|[SYNC][id:73994dae...][g:1]SyncMaster stopped
info|2025-10-07 08:10:47.085854|fisco-bcos-0x00007f1c2b7dddc0|[g:1] [SYNC][id:73994dae...]SyncMsgEngine stopped
