info|2025-10-09 23:57:49.159012|fisco-bcos-0x00007f32dddaddc0|[INITIALIZER][initGlobalConfig],enableCompress=true,compatibilityVersion=2.11.0,versionNumber=34275328,enableStat=false,chainId=1,useSMCrypto=true,IgnoreObserverWriteRequest=false
info|2025-10-09 23:57:49.184188|fisco-bcos-0x00007f32dddaddc0|[INITIALIZER][SecureInitializerGM]get pub of node,nodeID=73994dae9e8b8da733108a4153dfe79151d701dff425f84c87b5324e8ebd02ab6a0ebc9e4f1e0298a7ddca50f94a8f95c62b6997226d571e470e8f2b0600634a
info|2025-10-09 23:57:49.261703|fisco-bcos-0x00007f32dddaddc0|[NETWORK][Host]Connecting to node,endpoint=127.0.0.1:30300
info|2025-10-09 23:57:49.261881|fisco-bcos-0x00007f32dddaddc0|[NETWORK][Host]Connecting to node,endpoint=127.0.0.1:30301
info|2025-10-09 23:57:49.261948|fisco-bcos-0x00007f32dddaddc0|[NETWORK][Host]Connecting to node,endpoint=127.0.0.1:30302
info|2025-10-09 23:57:49.261994|fisco-bcos-0x00007f32dddaddc0|[NETWORK][Host]Connecting to node,endpoint=127.0.0.1:30303
info|2025-10-09 23:57:49.262290|io_service-0x00007f32db034700|[NETWORK][Host]P2P StartAccept,Host=0.0.0.0:30300
info|2025-10-09 23:57:49.263444|fisco-bcos-0x00007f32dddaddc0|[P2P][Service] heartBeat,connected count=0
info|2025-10-09 23:57:49.263514|fisco-bcos-0x00007f32dddaddc0|[INITIALIZER][RPCInitializer],network_security.check_cert_issuer=true
info|2025-10-09 23:57:49.264514|fisco-bcos-0x00007f32dddaddc0|[CHANNEL][ChannelServer::run],threadPoolSize=8
info|2025-10-09 23:57:49.264734|fisco-bcos-0x00007f32dddaddc0|[CHANNEL]ChannelRPCServer started
info|2025-10-09 23:57:49.264755|fisco-bcos-0x00007f32dddaddc0|[INITIALIZER][RPCInitializer: ChannelRPCHttpServer started.],disableDynamicGroup=false,uncheckGroupMember=false,threadSize=8
info|2025-10-09 23:57:49.264765|fisco-bcos-0x00007f32dddaddc0|[INITIALIZER][LedgerInitializer]initConfig
info|2025-10-09 23:57:49.264774|fisco-bcos-0x00007f32dddaddc0|[LedgerInitializer],groupConfigPath=conf/
info|2025-10-09 23:57:49.273286|io_service-0x00007f32db034700|[NETWORK][ASIO]asyncResolveConnect,endpoint=127.0.0.1:30300
info|2025-10-09 23:57:49.273612|io_service-0x00007f32db034700|[NETWORK][ASIO]asyncResolveConnect,endpoint=127.0.0.1:30301
info|2025-10-09 23:57:49.274020|io_service-0x00007f32db034700|[NETWORK][ASIO]asyncResolveConnect,endpoint=127.0.0.1:30302
info|2025-10-09 23:57:49.274312|io_service-0x00007f32db034700|[NETWORK][ASIO]asyncResolveConnect,endpoint=127.0.0.1:30303
info|2025-10-09 23:57:49.274495|io_service-0x00007f32db034700|[NETWORK][Host]P2P Recv Connect, From=127.0.0.1:47812
info|2025-10-09 23:57:49.274645|io_service-0x00007f32db034700|[NETWORK][Host]P2P StartAccept,Host=0.0.0.0:30300
info|2025-10-09 23:57:49.309183|fisco-bcos-0x00007f32dddaddc0|[INITIALIZER][initSingleLedger] [GroupId], LedgerConstructor:  1,configFileName=conf/group.1.genesis,dataDir=data/
info|2025-10-09 23:57:49.309342|fisco-bcos-0x00007f32dddaddc0|[g:1][LedgerParam][parseGenesisConfig]initConsensusConfig/initStorageConfig/initTxConfig,configFile=conf/group.1.genesis
info|2025-10-09 23:57:49.309395|fisco-bcos-0x00007f32dddaddc0|[g:1][LedgerParam][initConsensusConfig],type=pbft,consensusTimeout=3,maxTxNum=1000,txGasLimit=300000000
info|2025-10-09 23:57:49.309416|fisco-bcos-0x00007f32dddaddc0|[g:1][LedgerParam][parsePublicKeyListOfSection],sectionName=consensus,it.first=73994dae9e8b8da733108a4153dfe79151d701dff425f84c87b5324e8ebd02ab6a0ebc9e4f1e0298a7ddca50f94a8f95c62b6997226d571e470e8f2b0600634a
info|2025-10-09 23:57:49.309430|fisco-bcos-0x00007f32dddaddc0|[g:1][LedgerParam][parsePublicKeyListOfSection],sectionName=consensus,it.first=374bdfe969e1d8ea1200ade93e5d8cf1a7d5741f238011004b0f43ca818706f194b2f067e1708125f7ffc536610b9a72addbd56b238d65f18912be39037ffcc5
info|2025-10-09 23:57:49.309442|fisco-bcos-0x00007f32dddaddc0|[g:1][LedgerParam][parsePublicKeyListOfSection],sectionName=consensus,it.first=87d00b98321fc70a5abc85ad9e80db10cce315194133697bf74aace1d3f8430957a766240f751752708f4282f46110d6ea56c3eb5d1c02ce98a66f327f595270
info|2025-10-09 23:57:49.309459|fisco-bcos-0x00007f32dddaddc0|[g:1][LedgerParam][parsePublicKeyListOfSection],sectionName=consensus,it.first=064cb676a36047a4b52ecbf9c01664b1e987d91b438110ba6a12d96972726622e824d295b1de8b0298b5afe7bbbc0bd04a3890e1a36eae028c1cfbe07971b995
info|2025-10-09 23:57:49.309465|fisco-bcos-0x00007f32dddaddc0|[g:1][LedgerParam][parsePublicKeyListOfSection],totalPubKeySize=4
info|2025-10-09 23:57:49.309494|fisco-bcos-0x00007f32dddaddc0|[g:1][LedgerParam][max_block_range],maxBlockRange=0,maxBlockPerProcess=3
info|2025-10-09 23:57:49.309501|fisco-bcos-0x00007f32dddaddc0|[g:1][LedgerParam][parseGenesisConfig],timestamp=1759762229000
info|2025-10-09 23:57:49.309511|fisco-bcos-0x00007f32dddaddc0|[g:1][LedgerParam]setEVMFlags,enableFreeStorageVMSchedule=false,evmFlags=0
info|2025-10-09 23:57:49.309525|fisco-bcos-0x00007f32dddaddc0|[g:1][LedgerParam]store evmFlag,evmFlag=0
info|2025-10-09 23:57:49.309544|fisco-bcos-0x00007f32dddaddc0|[g:1][LedgerParam]store consensus time,consensusTimeout=3
info|2025-10-09 23:57:49.309549|fisco-bcos-0x00007f32dddaddc0|[g:1][LedgerParam][initMark],genesisMark=1-064cb676a36047a4b52ecbf9c01664b1e987d91b438110ba6a12d96972726622e824d295b1de8b0298b5afe7bbbc0bd04a3890e1a36eae028c1cfbe07971b995,374bdfe969e1d8ea1200ade93e5d8cf1a7d5741f238011004b0f43ca818706f194b2f067e1708125f7ffc536610b9a72addbd56b238d65f18912be39037ffcc5,73994dae9e8b8da733108a4153dfe79151d701dff425f84c87b5324e8ebd02ab6a0ebc9e4f1e0298a7ddca50f94a8f95c62b6997226d571e470e8f2b0600634a,87d00b98321fc70a5abc85ad9e80db10cce315194133697bf74aace1d3f8430957a766240f751752708f4282f46110d6ea56c3eb5d1c02ce98a66f327f595270,-pbft-storage-0-1000-300000000-3
info|2025-10-09 23:57:49.309556|fisco-bcos-0x00007f32dddaddc0|[g:1][LedgerParam][initIniConfig]initTxPoolConfig/initSyncConfig/initTxExecuteConfig,configFile=conf/group.1.ini
info|2025-10-09 23:57:49.310571|fisco-bcos-0x00007f32dddaddc0|[g:1][LedgerParam][initStorageConfig],stateType=storage,storageDB=rocksdb,storagePath=data//group1/block/RocksDB,baseDir=data//group1,dbtype=mysql,dbip=127.0.0.1,dbport=3306,dbcharset=utf8mb4,initconnections=15,maxconnections=50,scrollThreshold=2000,enableReconfirmCommittee=false
info|2025-10-09 23:57:49.310756|fisco-bcos-0x00007f32dddaddc0|[g:1][LedgerParam][initTxPoolConfig],txPoolLimit=150000,memorySizeLimit(MB)=512,notifyWorkerNum=2,txsExpirationTime(ms)=600000
info|2025-10-09 23:57:49.310801|fisco-bcos-0x00007f32dddaddc0|[g:1][LedgerParam][initSyncConfig],idleWaitMs=200
info|2025-10-09 23:57:49.310821|fisco-bcos-0x00007f32dddaddc0|[g:1][LedgerParam][initSyncConfig],enableSendTxsByTree=true,enableSendBlockStatusByTree=true
info|2025-10-09 23:57:49.310832|fisco-bcos-0x00007f32dddaddc0|[g:1][LedgerParam][initSyncConfig],gossipInterval=1000
info|2025-10-09 23:57:49.310849|fisco-bcos-0x00007f32dddaddc0|[g:1][LedgerParam][initSyncConfig],enableSendBlockStatusByTree=true,gossipInterval=1000,gossipPeers=3,syncTreeWidth=3,maxQueueSizeForBlockSync=536870912,txsStatusGossipMaxPeers=5,syncInfoPrintInterval=10,freeNodeRead=false
info|2025-10-09 23:57:49.310860|fisco-bcos-0x00007f32dddaddc0|[g:1][LedgerParam][InitTxExecuteConfig],enableParallel=true
info|2025-10-09 23:57:49.310883|fisco-bcos-0x00007f32dddaddc0|[g:1][LedgerParam][initConsensusIniConfig],maxTTL=2,minBlockGenerationTime=500,enablDynamicBlockSize=true,blockSizeIncreaseRatio=0.5,enableTTLOptimize=true,enablePrepareWithTxsHash=true
info|2025-10-09 23:57:49.310971|fisco-bcos-0x00007f32dddaddc0|[g:1][LedgerParam][initRPBFTConsensusIniConfig],broadcastPrepareByTree=true,prepareStatusBroadcastPercent=33,maxRequestMissedTxsWaitTime=100,maxRequestPrepareWaitTime=100
info|2025-10-09 23:57:49.311014|fisco-bcos-0x00007f32dddaddc0|[g:1][LedgerParam][initFlowControlConfig],maxQPS=9223372036854775807,outGoingBandwidth(Bytes)=9223372036854775807
info|2025-10-09 23:57:49.311024|fisco-bcos-0x00007f32dddaddc0|[g:1][LedgerParam]parseSDKAllowList,sdkAllowList=[],enableSDKAllowListControl=false
info|2025-10-09 23:57:49.311047|fisco-bcos-0x00007f32dddaddc0|[g:1][LEDGER][initLedger][DBInitializer]
info|2025-10-09 23:57:49.311054|fisco-bcos-0x00007f32dddaddc0|[g:1][LEDGER]setSDKAllowList,groupId=1,sdkAllowListSize=0
info|2025-10-09 23:57:49.311060|fisco-bcos-0x00007f32dddaddc0|[g:1][CHANNEL]registerSDKAllowListByGroupId,groupId=1,size=0
info|2025-10-09 23:57:49.311069|fisco-bcos-0x00007f32dddaddc0|[g:1][CHANNEL]Disable group-level sdk permission control for sdk allowlist is empty
info|2025-10-09 23:57:49.311076|fisco-bcos-0x00007f32dddaddc0|[g:1][DBINITIALIZER] [initStorageDB]
info|2025-10-09 23:57:49.311083|fisco-bcos-0x00007f32dddaddc0|[g:1][DBINITIALIZER] [initRocksDBStorage]
info|2025-10-09 23:57:49.311130|fisco-bcos-0x00007f32dddaddc0|[g:1][ROCKSDB]open rocksDB handler,path=data//group1/block/RocksDB
info|2025-10-09 23:57:49.358700|fisco-bcos-0x00007f32dddaddc0|[g:1][g:1][STORAGE][CachedStorage]Init flushStorage thread
info|2025-10-09 23:57:49.358842|fisco-bcos-0x00007f32dddaddc0|[g:1][DBINITIALIZER] [init CachedStorage],maxCapacity=32,maxForwardBlock=10
info|2025-10-09 23:57:49.358875|fisco-bcos-0x00007f32dddaddc0|[g:1][LEDGER][initLedger][initBlockChain]
info|2025-10-09 23:57:49.359128|fisco-bcos-0x00007f32dddaddc0|[g:1][LEDGER]set enableHexBlock to be false,version=34275328
info|2025-10-09 23:57:49.359152|fisco-bcos-0x00007f32dddaddc0|[g:1][BLOCKCHAIN][#checkAndBuildGenesisBlock],shouldBuild=false
info|2025-10-09 23:57:49.369525|io_service-0x00007f32db034700|[NETWORK][Host]handshakeClient succ,local endpoint=127.0.0.1:51570
info|2025-10-09 23:57:49.369674|io_service-0x00007f32db034700|[NETWORK][Host]startPeerSession, Remote=127.0.0.1:30301,local endpoint=127.0.0.1:51570,nodeID=374bdfe9...
info|2025-10-09 23:57:49.369902|P2P-0x00007f32dd038700|[P2P][Service] Connection established,nodeID=374bdfe9...,endpoint=127.0.0.1:30301
info|2025-10-09 23:57:49.370850|io_service-0x00007f32db034700|[NETWORK][Host]handshakeClient succ,local endpoint=127.0.0.1:39052
info|2025-10-09 23:57:49.370936|io_service-0x00007f32db034700|[NETWORK][Host]startPeerSession, Remote=127.0.0.1:30302,local endpoint=127.0.0.1:39052,nodeID=87d00b98...
info|2025-10-09 23:57:49.371174|P2P-0x00007f32dc837700|[P2P][Service] Connection established,nodeID=87d00b98...,endpoint=127.0.0.1:30302
info|2025-10-09 23:57:49.371455|io_service-0x00007f32db034700|[NETWORK][Host]handshakeClient succ,local endpoint=127.0.0.1:49516
info|2025-10-09 23:57:49.371501|io_service-0x00007f32db034700|[NETWORK][Host]startPeerSession, Remote=127.0.0.1:30303,local endpoint=127.0.0.1:49516,nodeID=064cb676...
info|2025-10-09 23:57:49.371535|io_service-0x00007f32db034700|[NETWORK][Host]handshakeServer succ,remote endpoint=127.0.0.1:47812
info|2025-10-09 23:57:49.371550|io_service-0x00007f32db034700|[NETWORK][Host]startPeerSession, Remote=127.0.0.1:47812,local endpoint=127.0.0.1:30300,nodeID=73994dae...
info|2025-10-09 23:57:49.371833|io_service-0x00007f32db034700|[NETWORK][Host]handshakeClient succ,local endpoint=127.0.0.1:47812
info|2025-10-09 23:57:49.373009|P2P-0x00007f32dc036700|[P2P][Service] Connection established,nodeID=064cb676...,endpoint=127.0.0.1:30303
info|2025-10-09 23:57:49.373279|io_service-0x00007f32db034700|[NETWORK][Host]startPeerSession, Remote=127.0.0.1:30300,local endpoint=127.0.0.1:47812,nodeID=73994dae...
info|2025-10-09 23:57:49.378763|fisco-bcos-0x00007f32dddaddc0|[g:1][BLOCKCHAIN][#checkAndBuildGenesisBlock]Already have the 0th block, 0th groupMark is equal to file groupMark.
info|2025-10-09 23:57:49.378804|fisco-bcos-0x00007f32dddaddc0|[g:1][LEDGER][initLedger]initBlockChain SUCC
info|2025-10-09 23:57:49.378869|fisco-bcos-0x00007f32dddaddc0|[g:1][DBINITIALIZER] [createStateFactory],type=storage
info|2025-10-09 23:57:49.378877|fisco-bcos-0x00007f32dddaddc0|[g:1][DBINITIALIZER] createStorageState SUCC
info|2025-10-09 23:57:49.378880|fisco-bcos-0x00007f32dddaddc0|[g:1][DBINITIALIZER] [createStateFactory SUCC]
info|2025-10-09 23:57:49.378885|fisco-bcos-0x00007f32dddaddc0|[g:1][DBINITIALIZER] createExecutiveContext...
info|2025-10-09 23:57:49.378902|fisco-bcos-0x00007f32dddaddc0|[g:1][LEDGER]createGasMetric,vmFlagType=0
info|2025-10-09 23:57:49.378908|fisco-bcos-0x00007f32dddaddc0|[g:1][LEDGER]createGasMetric
info|2025-10-09 23:57:49.378918|fisco-bcos-0x00007f32dddaddc0|[g:1][DBINITIALIZER] create precompiledGasFactory and precompiledResultFactory
info|2025-10-09 23:57:49.378922|fisco-bcos-0x00007f32dddaddc0|[g:1][DBINITIALIZER] createExecutiveContext SUCC
info|2025-10-09 23:57:49.378972|fisco-bcos-0x00007f32dddaddc0|[g:1][DBINITIALIZER] [setSyncNumForCachedStorage],syncNum=248
info|2025-10-09 23:57:49.378979|fisco-bcos-0x00007f32dddaddc0|[g:1][LEDGER][initNetworkBandWidthLimiter: outGoingBandwidthLimit has been disabled],groupId=1
info|2025-10-09 23:57:49.378985|fisco-bcos-0x00007f32dddaddc0|[g:1][LEDGER][QPSLimit has been disabled],groupId=1
info|2025-10-09 23:57:49.378991|fisco-bcos-0x00007f32dddaddc0|[g:1][LEDGER][initLedger][initBlockVerifier]
info|2025-10-09 23:57:49.378998|fisco-bcos-0x00007f32dddaddc0|[g:1][LEDGER][initLedger][initBlockVerifier SUCC],evmFlags=0
info|2025-10-09 23:57:49.379003|fisco-bcos-0x00007f32dddaddc0|[g:1][LEDGER][initLedger][initTxPool],txPoolLimit=150000
info|2025-10-09 23:57:49.465376|fisco-bcos-0x00007f32dddaddc0|[g:1][LEDGER][initLedger]initTxPool SUCC
info|2025-10-09 23:57:49.465433|fisco-bcos-0x00007f32dddaddc0|[g:1][LEDGER][initLedger][initSync],idleWaitMs=200,gossipInterval=1000,gossipPeers=3
info|2025-10-09 23:57:49.465454|fisco-bcos-0x00007f32dddaddc0|[g:1][LEDGER]Init sync master,enableSendBlockStatusByTree=true,enableSendTxsByTree=true
info|2025-10-09 23:57:49.466691|fisco-bcos-0x00007f32dddaddc0|[g:1][LEDGER][initLedger]initSync SUCC
info|2025-10-09 23:57:49.466790|fisco-bcos-0x00007f32dddaddc0|[g:1][LEDGER][initLedger][consensusInitFactory]
info|2025-10-09 23:57:49.466809|fisco-bcos-0x00007f32dddaddc0|[g:1][LEDGER][initLedger][createPBFTSealer]
info|2025-10-09 23:57:49.466825|fisco-bcos-0x00007f32dddaddc0|[g:1][LEDGER][initLedger][createPBFTSealer],baseDir=data//group1,Protocol=65544
info|2025-10-09 23:57:49.466918|fisco-bcos-0x00007f32dddaddc0|[g:1][LEDGER][initLedger]createPBFTSealer for PBFT or rPBFT,consensusType=pbft
info|2025-10-09 23:57:49.466945|fisco-bcos-0x00007f32dddaddc0|[g:1][LEDGER]createConsensusEngine: create PBFTEngine
info|2025-10-09 23:57:49.466971|fisco-bcos-0x00007f32dddaddc0|[g:1][CONSENSUS][PBFT]Register handler for PBFTEngine
info|2025-10-09 23:57:49.467899|fisco-bcos-0x00007f32dddaddc0|[g:1][CONSENSUS][PBFT]setMinBlockGenerationTime,minBlockGenerationTime=500,consensusTime=1000
info|2025-10-09 23:57:49.467982|fisco-bcos-0x00007f32dddaddc0|[g:1][LEDGER][initEventLogFilterManager]initEventLogFilterManager SUCC
info|2025-10-09 23:57:49.468010|fisco-bcos-0x00007f32dddaddc0|[LedgerInitializer init group succ],groupID=1
info|2025-10-09 23:57:49.468920|fisco-bcos-0x00007f32dddaddc0|[SafeHttpServer::StartListening]use default epoll
info|2025-10-09 23:57:49.478977|fisco-bcos-0x00007f32dddaddc0|[INITIALIZER][RPCInitializer JsonrpcHttpServer started],jsonrpc_IP=127.0.0.1,jsonrpc_listen_port=8545,jsonrpc_thread_count=8,ipv6=false,disableDynamicGroup=false,uncheckGroupMember=false
info|2025-10-09 23:57:49.479060|fisco-bcos-0x00007f32dddaddc0|[g:1][LEDGER]startAll...
info|2025-10-09 23:57:49.497027|fisco-bcos-0x00007f32dddaddc0|[g:1][GossipBlockStatus]start GossipBlockStatus succ
info|2025-10-09 23:57:49.497090|fisco-bcos-0x00007f32dddaddc0|[g:1][CONSENSUS][ConsensusEngine][Start ConsensusEngineBase]
info|2025-10-09 23:57:49.499863|fisco-bcos-0x00007f32dddaddc0|[g:1][CONSENSUS][PBFT]^^^^^^^^Report,num=248,sealerIdx=0,hash=4bc5635e...,next=249,tx=1,nodeIdx=2
info|2025-10-09 23:57:49.500042|fisco-bcos-0x00007f32dddaddc0|[g:1][ROCKSDB]open rocksDB handler,path=data//group1/pbftMsgBackup/RocksDB
info|2025-10-09 23:57:49.523404|fisco-bcos-0x00007f32dddaddc0|[g:1][CONSENSUS][PBFT][PBFT init env successfully]
info|2025-10-09 23:57:49.523481|fisco-bcos-0x00007f32dddaddc0|[g:1][CONSENSUS][PBFT][Start PBFTEngine...]
info|2025-10-09 23:57:49.523496|fisco-bcos-0x00007f32dddaddc0|[g:1][CONSENSUS][SEALER][Start sealer module]
info|2025-10-09 23:57:49.534751|fisco-bcos-0x00007f32dddaddc0|[g:1][EVENT][EventLogFilterManager]start,m_maxBlockRange=0,m_maxBlockPerLoopFilter=3
info|2025-10-09 23:57:49.545297|alignTime-1-0x00007f32cb815700|[g:1][NodeTimeMaintenance]updateTimeInfo: update median time offset,updatedMedianTimeOffset=-1,peer=064cb676...,peerTime=1760079469544,peerOffset=-1,utcTime=1760079469545
info|2025-10-09 23:57:50.336956|alignTime-1-0x00007f32cb815700|[g:1][NodeTimeMaintenance]updateTimeInfo: update median time offset,updatedMedianTimeOffset=0,peer=374bdfe9...,peerTime=1760079470336,peerOffset=0,utcTime=1760079470336
info|2025-10-09 23:57:50.458730|alignTime-1-0x00007f32cb815700|[g:1][NodeTimeMaintenance]updateTimeInfo: update median time offset,updatedMedianTimeOffset=0,peer=87d00b98...,peerTime=1760079470458,peerOffset=0,utcTime=1760079470458
info|2025-10-09 23:57:50.568958|PBFT-1-0x00007f32c1000700|[g:1][CONSENSUS]addRawPrepare,height=249,reqIdx=0,hash=578d59fc...,time=0
info|2025-10-09 23:57:50.571633|PBFT-1-0x00007f32c1000700|[g:1][CONSENSUS][PBFT]checkTimeout Succ,view=0,toView=1,nodeIdx=2,changeCycle=1,myNode=73994dae...,timecost=2
info|2025-10-09 23:57:50.579607|PBFT-1-0x00007f32c1000700|[g:1][CONSENSUS][PBFT]checkAndChangeView: Reach consensus,org_view=0,cur_changeCycle=1,curView=0,view=1
warning|2025-10-09 23:57:55.083180|PBFT-1-0x00007f32c1000700|[g:1][CONSENSUS][PBFT]ViewChangeWarning: not caused by omit empty block ,v=1,toV=2,curNum=248,hash=4bc5635e...,nodeIdx=2,myNode=73994dae...
info|2025-10-09 23:57:55.090648|PBFT-1-0x00007f32c1000700|[g:1][CONSENSUS][PBFT]checkTimeout Succ,view=1,toView=2,nodeIdx=2,changeCycle=2,myNode=73994dae...,timecost=10
info|2025-10-09 23:57:55.094244|PBFT-1-0x00007f32c1000700|[g:1][CONSENSUS][PBFT]checkAndChangeView: Reach consensus,org_view=1,cur_changeCycle=2,curView=1,view=2
info|2025-10-09 23:57:56.099398|PBFTSeal-1-0x00007f32b97f1700|[g:1][CONSENSUS][SEALER]++++++++++++++++ Generating seal on,blkNum=249,tx=0,nodeIdx=2,hash=12bb3aec...
info|2025-10-09 23:57:56.110203|PBFT-1-0x00007f32c1000700|[g:1][CONSENSUS][PBFT]checkTimeout Succ,view=2,toView=3,nodeIdx=2,changeCycle=1,myNode=73994dae...,timecost=6
info|2025-10-09 23:57:56.113761|PBFT-1-0x00007f32c1000700|[g:1][CONSENSUS][PBFT]checkAndChangeView: Reach consensus,org_view=2,cur_changeCycle=1,curView=2,view=3
info|2025-10-09 23:57:57.120726|PBFT-1-0x00007f32c1000700|[g:1][CONSENSUS]addRawPrepare,height=249,reqIdx=3,hash=c20259ea...,time=0
info|2025-10-09 23:57:57.125953|PBFT-1-0x00007f32c1000700|[g:1][CONSENSUS][PBFT]checkTimeout Succ,view=3,toView=4,nodeIdx=2,changeCycle=1,myNode=73994dae...,timecost=5
info|2025-10-09 23:57:57.132379|PBFT-1-0x00007f32c1000700|[g:1][CONSENSUS][PBFT]checkAndChangeView: Reach consensus,org_view=3,cur_changeCycle=1,curView=3,view=4
info|2025-10-09 23:57:58.142259|PBFT-1-0x00007f32c1000700|[g:1][CONSENSUS]addRawPrepare,height=249,reqIdx=0,hash=4fcc9dde...,time=0
info|2025-10-09 23:57:58.157483|PBFT-1-0x00007f32c1000700|[g:1][CONSENSUS][PBFT]checkTimeout Succ,view=4,toView=5,nodeIdx=2,changeCycle=1,myNode=73994dae...,timecost=15
info|2025-10-09 23:57:58.197480|PBFT-1-0x00007f32c1000700|[g:1][CONSENSUS][PBFT]checkAndChangeView: Reach consensus,org_view=4,cur_changeCycle=1,curView=4,view=5
info|2025-10-09 23:57:59.204786|io_service-0x00007f32db034700|[NETWORK][Host]P2P Recv Connect, From=127.0.0.1:51292
info|2025-10-09 23:57:59.204909|io_service-0x00007f32db034700|[NETWORK][Host]P2P StartAccept,Host=0.0.0.0:30300
info|2025-10-09 23:57:59.217308|io_service-0x00007f32db034700|[NETWORK][Host]handshakeServer succ,remote endpoint=127.0.0.1:51292
info|2025-10-09 23:57:59.217393|io_service-0x00007f32db034700|[NETWORK][Host]startPeerSession, Remote=127.0.0.1:51292,local endpoint=127.0.0.1:30300,nodeID=374bdfe9...
info|2025-10-09 23:57:59.230191|io_service-0x00007f32db034700|[NETWORK][Host]P2P Recv Connect, From=127.0.0.1:51308
info|2025-10-09 23:57:59.230361|io_service-0x00007f32db034700|[NETWORK][Host]P2P StartAccept,Host=0.0.0.0:30300
info|2025-10-09 23:57:59.239125|io_service-0x00007f32db034700|[NETWORK][Host]P2P Recv Connect, From=127.0.0.1:51320
info|2025-10-09 23:57:59.240411|io_service-0x00007f32db034700|[NETWORK][Host]P2P StartAccept,Host=0.0.0.0:30300
info|2025-10-09 23:57:59.252686|io_service-0x00007f32db034700|[NETWORK][Host]handshakeServer succ,remote endpoint=127.0.0.1:51308
info|2025-10-09 23:57:59.252871|io_service-0x00007f32db034700|[NETWORK][Host]startPeerSession, Remote=127.0.0.1:51308,local endpoint=127.0.0.1:30300,nodeID=87d00b98...
info|2025-10-09 23:57:59.259723|io_service-0x00007f32db034700|[NETWORK][Host]handshakeServer succ,remote endpoint=127.0.0.1:51320
info|2025-10-09 23:57:59.259821|io_service-0x00007f32db034700|[NETWORK][Host]startPeerSession, Remote=127.0.0.1:51320,local endpoint=127.0.0.1:30300,nodeID=064cb676...
info|2025-10-09 23:57:59.264121|io_service-0x00007f32db034700|[P2P][Service] heartBeat,connected count=3
warning|2025-10-09 23:58:02.702281|PBFT-1-0x00007f32c1000700|[g:1][CONSENSUS][PBFT]ViewChangeWarning: not caused by omit empty block ,v=5,toV=6,curNum=248,hash=4bc5635e...,nodeIdx=2,myNode=73994dae...
info|2025-10-09 23:58:02.703311|PBFT-1-0x00007f32c1000700|[g:1][CONSENSUS][PBFT]checkTimeout Succ,view=5,toView=6,nodeIdx=2,changeCycle=2,myNode=73994dae...,timecost=5
info|2025-10-09 23:58:02.724478|PBFT-1-0x00007f32c1000700|[g:1][CONSENSUS][PBFT]checkAndChangeView: Reach consensus,org_view=5,cur_changeCycle=2,curView=5,view=6
info|2025-10-09 23:58:03.724835|PBFTSeal-1-0x00007f32b97f1700|[g:1][CONSENSUS][SEALER]++++++++++++++++ Generating seal on,blkNum=249,tx=0,nodeIdx=2,hash=13eacfb1...
info|2025-10-09 23:58:03.739744|PBFT-1-0x00007f32c1000700|[g:1][CONSENSUS][PBFT]checkTimeout Succ,view=6,toView=7,nodeIdx=2,changeCycle=1,myNode=73994dae...,timecost=7
info|2025-10-09 23:58:03.741941|PBFT-1-0x00007f32c1000700|[g:1][CONSENSUS][PBFT]checkAndChangeView: Reach consensus,org_view=6,cur_changeCycle=1,curView=6,view=7
info|2025-10-09 23:58:04.749433|PBFT-1-0x00007f32c1000700|[g:1][CONSENSUS]addRawPrepare,height=249,reqIdx=3,hash=2ac9191f...,time=1
info|2025-10-09 23:58:04.752004|PBFT-1-0x00007f32c1000700|[g:1][CONSENSUS][PBFT]checkTimeout Succ,view=7,toView=8,nodeIdx=2,changeCycle=1,myNode=73994dae...,timecost=3
info|2025-10-09 23:58:04.756443|PBFT-1-0x00007f32c1000700|[g:1][CONSENSUS][PBFT]checkAndChangeView: Reach consensus,org_view=7,cur_changeCycle=1,curView=7,view=8
info|2025-10-09 23:58:05.766912|PBFT-1-0x00007f32c1000700|[g:1][CONSENSUS]addRawPrepare,height=249,reqIdx=0,hash=945cf5ff...,time=0
info|2025-10-09 23:58:05.772313|PBFT-1-0x00007f32c1000700|[g:1][CONSENSUS][PBFT]checkTimeout Succ,view=8,toView=9,nodeIdx=2,changeCycle=1,myNode=73994dae...,timecost=5
info|2025-10-09 23:58:05.777346|PBFT-1-0x00007f32c1000700|[g:1][CONSENSUS][PBFT]checkAndChangeView: Reach consensus,org_view=8,cur_changeCycle=1,curView=8,view=9
info|2025-10-09 23:58:07.274696|ChannelServer-0x00007f32d2022700|[CHANNEL]Receive new connection,from=127.0.0.1:41738
info|2025-10-09 23:58:07.283793|ChannelServer-0x00007f32d2022700|[CHANNEL]channel new connect, host=127.0.0.1:41738
info|2025-10-09 23:58:07.283879|ChannelServer-0x00007f32d2022700|[CHANNEL]start receive
info|2025-10-09 23:58:07.283888|ChannelServer-0x00007f32d2022700|[CHANNEL][SESSION]setRemotePublicKey: set sdk public key,sdkPublicKey=18ec5cfe...
info|2025-10-09 23:58:07.292472|ChannelReq-0x00007f32d882f700|[RPC][getClientVersion]request
info|2025-10-09 23:58:07.541294|ChannelReq-0x00007f32d802e700|[CHANNEL]onClientHandshake,ProtocolVersion=3,clientType=java-sdk,endpoint=127.0.0.1:41738
info|2025-10-09 23:58:07.544232|ChannelReq-0x00007f32d782d700|[RPC][getGroupList]request
info|2025-10-09 23:58:07.550507|ChannelReq-0x00007f32d9831700|[RPC][getClientVersion]request
info|2025-10-09 23:58:09.264584|io_service-0x00007f32db034700|[P2P][Service] heartBeat,connected count=3
warning|2025-10-09 23:58:10.279388|PBFT-1-0x00007f32c1000700|[g:1][CONSENSUS][PBFT]ViewChangeWarning: not caused by omit empty block ,v=9,toV=10,curNum=248,hash=4bc5635e...,nodeIdx=2,myNode=73994dae...
info|2025-10-09 23:58:10.279713|PBFT-1-0x00007f32c1000700|[g:1][CONSENSUS][PBFT]checkTimeout Succ,view=9,toView=10,nodeIdx=2,changeCycle=2,myNode=73994dae...,timecost=2
info|2025-10-09 23:58:10.332932|PBFT-1-0x00007f32c1000700|[g:1][CONSENSUS][PBFT]checkAndChangeView: Reach consensus,org_view=9,cur_changeCycle=2,curView=9,view=10
info|2025-10-09 23:58:11.334774|PBFTSeal-1-0x00007f32b97f1700|[g:1][CONSENSUS][SEALER]++++++++++++++++ Generating seal on,blkNum=249,tx=0,nodeIdx=2,hash=06867c80...
info|2025-10-09 23:58:11.342528|PBFT-1-0x00007f32c1000700|[g:1][CONSENSUS][PBFT]checkTimeout Succ,view=10,toView=11,nodeIdx=2,changeCycle=1,myNode=73994dae...,timecost=1
info|2025-10-09 23:58:11.347041|PBFT-1-0x00007f32c1000700|[g:1][CONSENSUS][PBFT]checkAndChangeView: Reach consensus,org_view=10,cur_changeCycle=1,curView=10,view=11
info|2025-10-09 23:58:12.362816|PBFT-1-0x00007f32c1000700|[g:1][CONSENSUS]addRawPrepare,height=249,reqIdx=3,hash=c30a3226...,time=0
info|2025-10-09 23:58:12.367589|PBFT-1-0x00007f32c1000700|[g:1][CONSENSUS][PBFT]checkTimeout Succ,view=11,toView=12,nodeIdx=2,changeCycle=1,myNode=73994dae...,timecost=4
info|2025-10-09 23:58:12.392070|PBFT-1-0x00007f32c1000700|[g:1][CONSENSUS][PBFT]checkAndChangeView: Reach consensus,org_view=11,cur_changeCycle=1,curView=11,view=12
info|2025-10-09 23:58:13.383968|PBFT-1-0x00007f32c1000700|[g:1][CONSENSUS]addRawPrepare,height=249,reqIdx=0,hash=b0f2d6dc...,time=0
info|2025-10-09 23:58:13.385486|PBFT-1-0x00007f32c1000700|[g:1][CONSENSUS][PBFT]checkTimeout Succ,view=12,toView=13,nodeIdx=2,changeCycle=1,myNode=73994dae...,timecost=1
info|2025-10-09 23:58:13.391503|PBFT-1-0x00007f32c1000700|[g:1][CONSENSUS][PBFT]checkAndChangeView: Reach consensus,org_view=12,cur_changeCycle=1,curView=12,view=13
warning|2025-10-09 23:58:17.903031|PBFT-1-0x00007f32c1000700|[g:1][CONSENSUS][PBFT]ViewChangeWarning: not caused by omit empty block ,v=13,toV=14,curNum=248,hash=4bc5635e...,nodeIdx=2,myNode=73994dae...
info|2025-10-09 23:58:17.903633|PBFT-1-0x00007f32c1000700|[g:1][CONSENSUS][PBFT]checkTimeout Succ,view=13,toView=14,nodeIdx=2,changeCycle=2,myNode=73994dae...,timecost=2
info|2025-10-09 23:58:17.911981|PBFT-1-0x00007f32c1000700|[g:1][CONSENSUS][PBFT]checkAndChangeView: Reach consensus,org_view=13,cur_changeCycle=2,curView=13,view=14
info|2025-10-09 23:58:18.912451|PBFTSeal-1-0x00007f32b97f1700|[g:1][CONSENSUS][SEALER]++++++++++++++++ Generating seal on,blkNum=249,tx=0,nodeIdx=2,hash=aac8faf5...
info|2025-10-09 23:58:18.915781|PBFT-1-0x00007f32c1000700|[g:1][CONSENSUS][PBFT]checkTimeout Succ,view=14,toView=15,nodeIdx=2,changeCycle=1,myNode=73994dae...,timecost=1
info|2025-10-09 23:58:18.932395|PBFT-1-0x00007f32c1000700|[g:1][CONSENSUS][PBFT]checkAndChangeView: Reach consensus,org_view=14,cur_changeCycle=1,curView=14,view=15
info|2025-10-09 23:58:19.265137|io_service-0x00007f32db034700|[P2P][Service] heartBeat,connected count=3
info|2025-10-09 23:58:19.940109|PBFT-1-0x00007f32c1000700|[g:1][CONSENSUS]addRawPrepare,height=249,reqIdx=3,hash=68452cda...,time=0
info|2025-10-09 23:58:19.947708|PBFT-1-0x00007f32c1000700|[g:1][CONSENSUS][PBFT]checkTimeout Succ,view=15,toView=16,nodeIdx=2,changeCycle=1,myNode=73994dae...,timecost=7
info|2025-10-09 23:58:19.952030|PBFT-1-0x00007f32c1000700|[g:1][CONSENSUS][PBFT]checkAndChangeView: Reach consensus,org_view=15,cur_changeCycle=1,curView=15,view=16
info|2025-10-09 23:58:20.961648|PBFT-1-0x00007f32c1000700|[g:1][CONSENSUS]addRawPrepare,height=249,reqIdx=0,hash=7cca8105...,time=0
info|2025-10-09 23:58:20.965553|PBFT-1-0x00007f32c1000700|[g:1][CONSENSUS][PBFT]checkTimeout Succ,view=16,toView=17,nodeIdx=2,changeCycle=1,myNode=73994dae...,timecost=3
info|2025-10-09 23:58:20.969625|PBFT-1-0x00007f32c1000700|[g:1][CONSENSUS][PBFT]checkAndChangeView: Reach consensus,org_view=16,cur_changeCycle=1,curView=16,view=17
info|2025-10-09 23:58:24.779441|P2P-0x00007f32dd038700|[g:1] [SYNC][id:73994dae...][Download][Request]Receive block request,peer=374bdfe9...,from=184,to=184
info|2025-10-09 23:58:24.834804|SyncSend-1-0x00007f32cd819700|[g:1][SYNC][id:73994dae...][Download][Request][BlockSync]Batch blocks for sending,blockSize=24480,number=184,peer=374bdfe9...,timeCost=55
info|2025-10-09 23:58:24.834957|SyncSend-1-0x00007f32cd819700|[g:1][g:1] [SYNC][id:374bdfe9...][Download][Request][BlockSync]Send block packet,peer=374bdfe9...,blocks=1,bytes(V)=24487
warning|2025-10-09 23:58:25.473942|PBFT-1-0x00007f32c1000700|[g:1][CONSENSUS][PBFT]ViewChangeWarning: not caused by omit empty block ,v=17,toV=18,curNum=248,hash=4bc5635e...,nodeIdx=2,myNode=73994dae...
info|2025-10-09 23:58:25.474768|PBFT-1-0x00007f32c1000700|[g:1][CONSENSUS][PBFT]checkTimeout Succ,view=17,toView=18,nodeIdx=2,changeCycle=2,myNode=73994dae...,timecost=2
info|2025-10-09 23:58:25.480795|PBFT-1-0x00007f32c1000700|[g:1][CONSENSUS][PBFT]checkAndChangeView: Reach consensus,org_view=17,cur_changeCycle=2,curView=17,view=18
info|2025-10-09 23:58:26.481431|PBFTSeal-1-0x00007f32b97f1700|[g:1][CONSENSUS][SEALER]++++++++++++++++ Generating seal on,blkNum=249,tx=0,nodeIdx=2,hash=0aed357e...
info|2025-10-09 23:58:26.491202|PBFT-1-0x00007f32c1000700|[g:1][CONSENSUS][PBFT]checkTimeout Succ,view=18,toView=19,nodeIdx=2,changeCycle=1,myNode=73994dae...,timecost=2
info|2025-10-09 23:58:26.498053|PBFT-1-0x00007f32c1000700|[g:1][CONSENSUS][PBFT]checkAndChangeView: Reach consensus,org_view=18,cur_changeCycle=1,curView=18,view=19
info|2025-10-09 23:58:27.534427|PBFT-1-0x00007f32c1000700|[g:1][CONSENSUS]addRawPrepare,height=249,reqIdx=3,hash=9681addf...,time=0
info|2025-10-09 23:58:27.541281|PBFT-1-0x00007f32c1000700|[g:1][CONSENSUS][PBFT]checkTimeout Succ,view=19,toView=20,nodeIdx=2,changeCycle=1,myNode=73994dae...,timecost=7
info|2025-10-09 23:58:27.543182|PBFT-1-0x00007f32c1000700|[g:1][CONSENSUS][PBFT]checkAndChangeView: Reach consensus,org_view=19,cur_changeCycle=1,curView=19,view=20
info|2025-10-09 23:58:28.548897|PBFT-1-0x00007f32c1000700|[g:1][CONSENSUS]addRawPrepare,height=249,reqIdx=0,hash=1fca2761...,time=0
info|2025-10-09 23:58:28.554273|PBFT-1-0x00007f32c1000700|[g:1][CONSENSUS][PBFT]checkTimeout Succ,view=20,toView=21,nodeIdx=2,changeCycle=1,myNode=73994dae...,timecost=5
info|2025-10-09 23:58:28.558208|PBFT-1-0x00007f32c1000700|[g:1][CONSENSUS][PBFT]checkAndChangeView: Reach consensus,org_view=20,cur_changeCycle=1,curView=20,view=21
info|2025-10-09 23:58:29.265731|io_service-0x00007f32db034700|[P2P][Service] heartBeat,connected count=3
warning|2025-10-09 23:58:33.066370|PBFT-1-0x00007f32c1000700|[g:1][CONSENSUS][PBFT]ViewChangeWarning: not caused by omit empty block ,v=21,toV=22,curNum=248,hash=4bc5635e...,nodeIdx=2,myNode=73994dae...
info|2025-10-09 23:58:33.066519|PBFT-1-0x00007f32c1000700|[g:1][CONSENSUS][PBFT]checkTimeout Succ,view=21,toView=22,nodeIdx=2,changeCycle=2,myNode=73994dae...,timecost=5
info|2025-10-09 23:58:33.075323|PBFT-1-0x00007f32c1000700|[g:1][CONSENSUS][PBFT]checkAndChangeView: Reach consensus,org_view=21,cur_changeCycle=2,curView=21,view=22
info|2025-10-09 23:58:34.075911|PBFTSeal-1-0x00007f32b97f1700|[g:1][CONSENSUS][SEALER]++++++++++++++++ Generating seal on,blkNum=249,tx=0,nodeIdx=2,hash=7ee4855e...
info|2025-10-09 23:58:34.079917|PBFT-1-0x00007f32c1000700|[g:1][CONSENSUS][PBFT]checkTimeout Succ,view=22,toView=23,nodeIdx=2,changeCycle=1,myNode=73994dae...,timecost=1
info|2025-10-09 23:58:34.092076|PBFT-1-0x00007f32c1000700|[g:1][CONSENSUS][PBFT]checkAndChangeView: Reach consensus,org_view=22,cur_changeCycle=1,curView=22,view=23
info|2025-10-09 23:58:35.094399|PBFT-1-0x00007f32c1000700|[g:1][CONSENSUS]addRawPrepare,height=249,reqIdx=3,hash=16fc31cc...,time=0
info|2025-10-09 23:58:35.097823|PBFT-1-0x00007f32c1000700|[g:1][CONSENSUS][PBFT]checkTimeout Succ,view=23,toView=24,nodeIdx=2,changeCycle=1,myNode=73994dae...,timecost=2
info|2025-10-09 23:58:35.102097|PBFT-1-0x00007f32c1000700|[g:1][CONSENSUS][PBFT]checkAndChangeView: Reach consensus,org_view=23,cur_changeCycle=1,curView=23,view=24
info|2025-10-09 23:58:36.112834|PBFT-1-0x00007f32c1000700|[g:1][CONSENSUS]addRawPrepare,height=249,reqIdx=0,hash=20776223...,time=0
info|2025-10-09 23:58:36.116530|PBFT-1-0x00007f32c1000700|[g:1][CONSENSUS][PBFT]checkTimeout Succ,view=24,toView=25,nodeIdx=2,changeCycle=1,myNode=73994dae...,timecost=4
info|2025-10-09 23:58:36.122280|PBFT-1-0x00007f32c1000700|[g:1][CONSENSUS][PBFT]checkAndChangeView: Reach consensus,org_view=24,cur_changeCycle=1,curView=24,view=25
info|2025-10-09 23:58:39.265954|io_service-0x00007f32db034700|[P2P][Service] heartBeat,connected count=3
warning|2025-10-09 23:58:40.631743|PBFT-1-0x00007f32c1000700|[g:1][CONSENSUS][PBFT]ViewChangeWarning: not caused by omit empty block ,v=25,toV=26,curNum=248,hash=4bc5635e...,nodeIdx=2,myNode=73994dae...
info|2025-10-09 23:58:40.632574|PBFT-1-0x00007f32c1000700|[g:1][CONSENSUS][PBFT]checkTimeout Succ,view=25,toView=26,nodeIdx=2,changeCycle=2,myNode=73994dae...,timecost=4
info|2025-10-09 23:58:40.635004|PBFT-1-0x00007f32c1000700|[g:1][CONSENSUS][PBFT]checkAndChangeView: Reach consensus,org_view=25,cur_changeCycle=2,curView=25,view=26
info|2025-10-09 23:58:41.635785|PBFTSeal-1-0x00007f32b97f1700|[g:1][CONSENSUS][SEALER]++++++++++++++++ Generating seal on,blkNum=249,tx=0,nodeIdx=2,hash=4f85cc27...
info|2025-10-09 23:58:41.645882|PBFT-1-0x00007f32c1000700|[g:1][CONSENSUS][PBFT]checkTimeout Succ,view=26,toView=27,nodeIdx=2,changeCycle=1,myNode=73994dae...,timecost=1
info|2025-10-09 23:58:41.651036|PBFT-1-0x00007f32c1000700|[g:1][CONSENSUS][PBFT]checkAndChangeView: Reach consensus,org_view=26,cur_changeCycle=1,curView=26,view=27
info|2025-10-09 23:58:42.656000|PBFT-1-0x00007f32c1000700|[g:1][CONSENSUS]addRawPrepare,height=249,reqIdx=3,hash=76097e31...,time=1
info|2025-10-09 23:58:42.660771|PBFT-1-0x00007f32c1000700|[g:1][CONSENSUS][PBFT]checkTimeout Succ,view=27,toView=28,nodeIdx=2,changeCycle=1,myNode=73994dae...,timecost=4
info|2025-10-09 23:58:42.668764|PBFT-1-0x00007f32c1000700|[g:1][CONSENSUS][PBFT]checkAndChangeView: Reach consensus,org_view=27,cur_changeCycle=1,curView=27,view=28
info|2025-10-09 23:58:43.710574|PBFT-1-0x00007f32c1000700|[g:1][CONSENSUS]addRawPrepare,height=249,reqIdx=0,hash=8c8ba482...,time=0
info|2025-10-09 23:58:43.713091|PBFT-1-0x00007f32c1000700|[g:1][CONSENSUS][PBFT]checkTimeout Succ,view=28,toView=29,nodeIdx=2,changeCycle=1,myNode=73994dae...,timecost=3
info|2025-10-09 23:58:43.715405|PBFT-1-0x00007f32c1000700|[g:1][CONSENSUS][PBFT]checkAndChangeView: Reach consensus,org_view=28,cur_changeCycle=1,curView=28,view=29
info|2025-10-09 23:58:43.997141|P2P-0x00007f32dd038700|[g:1] [SYNC][id:73994dae...][Download][Request]Receive block request,peer=374bdfe9...,from=184,to=184
info|2025-10-09 23:58:43.997742|SyncSend-1-0x00007f32cd819700|[g:1][SYNC][id:73994dae...][Download][Request][BlockSync]Batch blocks for sending,blockSize=24480,number=184,peer=374bdfe9...,timeCost=0
info|2025-10-09 23:58:43.997878|SyncSend-1-0x00007f32cd819700|[g:1][g:1] [SYNC][id:374bdfe9...][Download][Request][BlockSync]Send block packet,peer=374bdfe9...,blocks=1,bytes(V)=24487
info|2025-10-09 23:58:47.751696|ChannelReq-0x00007f32d682b700|[RPC][getGroupList]request
warning|2025-10-09 23:58:48.226329|PBFT-1-0x00007f32c1000700|[g:1][CONSENSUS][PBFT]ViewChangeWarning: not caused by omit empty block ,v=29,toV=30,curNum=248,hash=4bc5635e...,nodeIdx=2,myNode=73994dae...
info|2025-10-09 23:58:48.227325|PBFT-1-0x00007f32c1000700|[g:1][CONSENSUS][PBFT]checkTimeout Succ,view=29,toView=30,nodeIdx=2,changeCycle=2,myNode=73994dae...,timecost=3
info|2025-10-09 23:58:48.239283|PBFT-1-0x00007f32c1000700|[g:1][CONSENSUS][PBFT]checkAndChangeView: Reach consensus,org_view=29,cur_changeCycle=2,curView=29,view=30
info|2025-10-09 23:58:49.239158|PBFTSeal-1-0x00007f32b97f1700|[g:1][CONSENSUS][SEALER]++++++++++++++++ Generating seal on,blkNum=249,tx=0,nodeIdx=2,hash=c9924df1...
info|2025-10-09 23:58:49.247812|PBFT-1-0x00007f32c1000700|[g:1][CONSENSUS][PBFT]checkTimeout Succ,view=30,toView=31,nodeIdx=2,changeCycle=1,myNode=73994dae...,timecost=1
info|2025-10-09 23:58:49.254464|PBFT-1-0x00007f32c1000700|[g:1][CONSENSUS][PBFT]checkAndChangeView: Reach consensus,org_view=30,cur_changeCycle=1,curView=30,view=31
info|2025-10-09 23:58:49.266843|io_service-0x00007f32db034700|[P2P][Service] heartBeat,connected count=3
info|2025-10-09 23:58:50.260923|PBFT-1-0x00007f32c1000700|[g:1][CONSENSUS]addRawPrepare,height=249,reqIdx=3,hash=69d8fe69...,time=0
info|2025-10-09 23:58:50.264042|PBFT-1-0x00007f32c1000700|[g:1][CONSENSUS][PBFT]checkTimeout Succ,view=31,toView=32,nodeIdx=2,changeCycle=1,myNode=73994dae...,timecost=3
info|2025-10-09 23:58:50.274082|PBFT-1-0x00007f32c1000700|[g:1][CONSENSUS][PBFT]checkAndChangeView: Reach consensus,org_view=31,cur_changeCycle=1,curView=31,view=32
info|2025-10-09 23:58:50.410900|P2P-0x00007f32dc036700|[g:1] [SYNC][id:73994dae...][Download][Request]Receive block request,peer=374bdfe9...,from=184,to=184
info|2025-10-09 23:58:50.411530|SyncSend-1-0x00007f32cd819700|[g:1][SYNC][id:73994dae...][Download][Request][BlockSync]Batch blocks for sending,blockSize=24480,number=184,peer=374bdfe9...,timeCost=0
info|2025-10-09 23:58:50.411659|SyncSend-1-0x00007f32cd819700|[g:1][g:1] [SYNC][id:374bdfe9...][Download][Request][BlockSync]Send block packet,peer=374bdfe9...,blocks=1,bytes(V)=24487
info|2025-10-09 23:58:51.276965|PBFT-1-0x00007f32c1000700|[g:1][CONSENSUS]addRawPrepare,height=249,reqIdx=0,hash=567296fa...,time=0
info|2025-10-09 23:58:51.283004|PBFT-1-0x00007f32c1000700|[g:1][CONSENSUS][PBFT]checkTimeout Succ,view=32,toView=33,nodeIdx=2,changeCycle=1,myNode=73994dae...,timecost=6
info|2025-10-09 23:58:51.288741|PBFT-1-0x00007f32c1000700|[g:1][CONSENSUS][PBFT]checkAndChangeView: Reach consensus,org_view=32,cur_changeCycle=1,curView=32,view=33
warning|2025-10-09 23:58:55.797374|PBFT-1-0x00007f32c1000700|[g:1][CONSENSUS][PBFT]ViewChangeWarning: not caused by omit empty block ,v=33,toV=34,curNum=248,hash=4bc5635e...,nodeIdx=2,myNode=73994dae...
info|2025-10-09 23:58:55.797587|PBFT-1-0x00007f32c1000700|[g:1][CONSENSUS][PBFT]checkTimeout Succ,view=33,toView=34,nodeIdx=2,changeCycle=2,myNode=73994dae...,timecost=2
info|2025-10-09 23:58:55.802374|PBFT-1-0x00007f32c1000700|[g:1][CONSENSUS][PBFT]checkAndChangeView: Reach consensus,org_view=33,cur_changeCycle=2,curView=33,view=34
info|2025-10-09 23:58:56.803514|PBFTSeal-1-0x00007f32b97f1700|[g:1][CONSENSUS][SEALER]++++++++++++++++ Generating seal on,blkNum=249,tx=0,nodeIdx=2,hash=a382403e...
info|2025-10-09 23:58:56.805847|PBFT-1-0x00007f32c1000700|[g:1][CONSENSUS][PBFT]checkTimeout Succ,view=34,toView=35,nodeIdx=2,changeCycle=1,myNode=73994dae...,timecost=1
info|2025-10-09 23:58:56.814574|P2P-0x00007f32dc036700|[g:1] [SYNC][id:73994dae...][Download][Request]Receive block request,peer=374bdfe9...,from=184,to=184
info|2025-10-09 23:58:56.815179|SyncSend-1-0x00007f32cd819700|[g:1][SYNC][id:73994dae...][Download][Request][BlockSync]Batch blocks for sending,blockSize=24480,number=184,peer=374bdfe9...,timeCost=1
info|2025-10-09 23:58:56.815346|SyncSend-1-0x00007f32cd819700|[g:1][g:1] [SYNC][id:374bdfe9...][Download][Request][BlockSync]Send block packet,peer=374bdfe9...,blocks=1,bytes(V)=24487
info|2025-10-09 23:58:56.824682|PBFT-1-0x00007f32c1000700|[g:1][CONSENSUS][PBFT]checkAndChangeView: Reach consensus,org_view=34,cur_changeCycle=1,curView=34,view=35
info|2025-10-09 23:58:57.830643|PBFT-1-0x00007f32c1000700|[g:1][CONSENSUS]addRawPrepare,height=249,reqIdx=3,hash=51942d2a...,time=0
info|2025-10-09 23:58:57.841404|PBFT-1-0x00007f32c1000700|[g:1][CONSENSUS][PBFT]checkTimeout Succ,view=35,toView=36,nodeIdx=2,changeCycle=1,myNode=73994dae...,timecost=11
info|2025-10-09 23:58:57.845940|PBFT-1-0x00007f32c1000700|[g:1][CONSENSUS][PBFT]checkAndChangeView: Reach consensus,org_view=35,cur_changeCycle=1,curView=35,view=36
info|2025-10-09 23:58:58.846294|PBFT-1-0x00007f32c1000700|[g:1][CONSENSUS]addRawPrepare,height=249,reqIdx=0,hash=368fbf7f...,time=0
info|2025-10-09 23:58:58.848101|PBFT-1-0x00007f32c1000700|[g:1][CONSENSUS][PBFT]checkTimeout Succ,view=36,toView=37,nodeIdx=2,changeCycle=1,myNode=73994dae...,timecost=2
info|2025-10-09 23:58:58.856506|PBFT-1-0x00007f32c1000700|[g:1][CONSENSUS][PBFT]checkAndChangeView: Reach consensus,org_view=36,cur_changeCycle=1,curView=36,view=37
info|2025-10-09 23:58:59.267563|io_service-0x00007f32db034700|[P2P][Service] heartBeat,connected count=3
warning|2025-10-09 23:59:03.380658|PBFT-1-0x00007f32c1000700|[g:1][CONSENSUS][PBFT]ViewChangeWarning: not caused by omit empty block ,v=37,toV=38,curNum=248,hash=4bc5635e...,nodeIdx=2,myNode=73994dae...
info|2025-10-09 23:59:03.383673|PBFT-1-0x00007f32c1000700|[g:1][CONSENSUS][PBFT]checkTimeout Succ,view=37,toView=38,nodeIdx=2,changeCycle=2,myNode=73994dae...,timecost=5
info|2025-10-09 23:59:03.412426|PBFT-1-0x00007f32c1000700|[g:1][CONSENSUS][PBFT]checkAndChangeView: Reach consensus,org_view=37,cur_changeCycle=2,curView=37,view=38
info|2025-10-09 23:59:04.414185|PBFTSeal-1-0x00007f32b97f1700|[g:1][CONSENSUS][SEALER]++++++++++++++++ Generating seal on,blkNum=249,tx=0,nodeIdx=2,hash=a783aa9f...
info|2025-10-09 23:59:04.425560|PBFT-1-0x00007f32c1000700|[g:1][CONSENSUS][PBFT]checkTimeout Succ,view=38,toView=39,nodeIdx=2,changeCycle=1,myNode=73994dae...,timecost=2
info|2025-10-09 23:59:04.432003|PBFT-1-0x00007f32c1000700|[g:1][CONSENSUS][PBFT]checkAndChangeView: Reach consensus,org_view=38,cur_changeCycle=1,curView=38,view=39
info|2025-10-09 23:59:05.440685|PBFT-1-0x00007f32c1000700|[g:1][CONSENSUS]addRawPrepare,height=249,reqIdx=3,hash=6d783515...,time=0
info|2025-10-09 23:59:05.447805|PBFT-1-0x00007f32c1000700|[g:1][CONSENSUS][PBFT]checkTimeout Succ,view=39,toView=40,nodeIdx=2,changeCycle=1,myNode=73994dae...,timecost=7
info|2025-10-09 23:59:05.451511|PBFT-1-0x00007f32c1000700|[g:1][CONSENSUS][PBFT]checkAndChangeView: Reach consensus,org_view=39,cur_changeCycle=1,curView=39,view=40
info|2025-10-09 23:59:06.456707|PBFT-1-0x00007f32c1000700|[g:1][CONSENSUS]addRawPrepare,height=249,reqIdx=0,hash=64362b74...,time=0
info|2025-10-09 23:59:06.461144|PBFT-1-0x00007f32c1000700|[g:1][CONSENSUS][PBFT]checkTimeout Succ,view=40,toView=41,nodeIdx=2,changeCycle=1,myNode=73994dae...,timecost=5
info|2025-10-09 23:59:06.467653|PBFT-1-0x00007f32c1000700|[g:1][CONSENSUS][PBFT]checkAndChangeView: Reach consensus,org_view=40,cur_changeCycle=1,curView=40,view=41
info|2025-10-09 23:59:09.273136|io_service-0x00007f32db034700|[P2P][Service] heartBeat,connected count=3
info|2025-10-09 23:59:09.623695|P2P-0x00007f32dc837700|[g:1] [SYNC][id:73994dae...][Download][Request]Receive block request,peer=374bdfe9...,from=184,to=184
info|2025-10-09 23:59:09.624247|SyncSend-1-0x00007f32cd819700|[g:1][SYNC][id:73994dae...][Download][Request][BlockSync]Batch blocks for sending,blockSize=24480,number=184,peer=374bdfe9...,timeCost=0
info|2025-10-09 23:59:09.624377|SyncSend-1-0x00007f32cd819700|[g:1][g:1] [SYNC][id:374bdfe9...][Download][Request][BlockSync]Send block packet,peer=374bdfe9...,blocks=1,bytes(V)=24487
warning|2025-10-09 23:59:10.974607|PBFT-1-0x00007f32c1000700|[g:1][CONSENSUS][PBFT]ViewChangeWarning: not caused by omit empty block ,v=41,toV=42,curNum=248,hash=4bc5635e...,nodeIdx=2,myNode=73994dae...
info|2025-10-09 23:59:10.974919|PBFT-1-0x00007f32c1000700|[g:1][CONSENSUS][PBFT]checkTimeout Succ,view=41,toView=42,nodeIdx=2,changeCycle=2,myNode=73994dae...,timecost=6
info|2025-10-09 23:59:10.983321|PBFT-1-0x00007f32c1000700|[g:1][CONSENSUS][PBFT]checkAndChangeView: Reach consensus,org_view=41,cur_changeCycle=2,curView=41,view=42
info|2025-10-09 23:59:11.983116|PBFTSeal-1-0x00007f32b97f1700|[g:1][CONSENSUS][SEALER]++++++++++++++++ Generating seal on,blkNum=249,tx=0,nodeIdx=2,hash=fa7a65b0...
info|2025-10-09 23:59:11.996850|PBFT-1-0x00007f32c1000700|[g:1][CONSENSUS][PBFT]checkTimeout Succ,view=42,toView=43,nodeIdx=2,changeCycle=1,myNode=73994dae...,timecost=12
info|2025-10-09 23:59:12.001336|PBFT-1-0x00007f32c1000700|[g:1][CONSENSUS][PBFT]checkAndChangeView: Reach consensus,org_view=42,cur_changeCycle=1,curView=42,view=43
info|2025-10-09 23:59:13.005338|PBFT-1-0x00007f32c1000700|[g:1][CONSENSUS]addRawPrepare,height=249,reqIdx=3,hash=717f1d4f...,time=0
info|2025-10-09 23:59:13.011973|PBFT-1-0x00007f32c1000700|[g:1][CONSENSUS][PBFT]checkTimeout Succ,view=43,toView=44,nodeIdx=2,changeCycle=1,myNode=73994dae...,timecost=6
info|2025-10-09 23:59:13.015491|PBFT-1-0x00007f32c1000700|[g:1][CONSENSUS][PBFT]checkAndChangeView: Reach consensus,org_view=43,cur_changeCycle=1,curView=43,view=44
info|2025-10-09 23:59:14.023137|PBFT-1-0x00007f32c1000700|[g:1][CONSENSUS]addRawPrepare,height=249,reqIdx=0,hash=2ed2b900...,time=0
info|2025-10-09 23:59:14.027255|PBFT-1-0x00007f32c1000700|[g:1][CONSENSUS][PBFT]checkTimeout Succ,view=44,toView=45,nodeIdx=2,changeCycle=1,myNode=73994dae...,timecost=4
info|2025-10-09 23:59:14.033879|PBFT-1-0x00007f32c1000700|[g:1][CONSENSUS][PBFT]checkAndChangeView: Reach consensus,org_view=44,cur_changeCycle=1,curView=44,view=45
warning|2025-10-09 23:59:18.535605|PBFT-1-0x00007f32c1000700|[g:1][CONSENSUS][PBFT]ViewChangeWarning: not caused by omit empty block ,v=45,toV=46,curNum=248,hash=4bc5635e...,nodeIdx=2,myNode=73994dae...
info|2025-10-09 23:59:18.535792|PBFT-1-0x00007f32c1000700|[g:1][CONSENSUS][PBFT]checkTimeout Succ,view=45,toView=46,nodeIdx=2,changeCycle=2,myNode=73994dae...,timecost=1
info|2025-10-09 23:59:18.545446|PBFT-1-0x00007f32c1000700|[g:1][CONSENSUS][PBFT]checkAndChangeView: Reach consensus,org_view=45,cur_changeCycle=2,curView=45,view=46
info|2025-10-09 23:59:19.274201|io_service-0x00007f32db034700|[P2P][Service] heartBeat,connected count=3
info|2025-10-09 23:59:19.546681|PBFTSeal-1-0x00007f32b97f1700|[g:1][CONSENSUS][SEALER]++++++++++++++++ Generating seal on,blkNum=249,tx=0,nodeIdx=2,hash=2bd97f9f...
info|2025-10-09 23:59:19.555446|PBFT-1-0x00007f32c1000700|[g:1][CONSENSUS][PBFT]checkTimeout Succ,view=46,toView=47,nodeIdx=2,changeCycle=1,myNode=73994dae...,timecost=5
info|2025-10-09 23:59:19.566423|PBFT-1-0x00007f32c1000700|[g:1][CONSENSUS][PBFT]checkAndChangeView: Reach consensus,org_view=46,cur_changeCycle=1,curView=46,view=47
info|2025-10-09 23:59:20.577701|PBFT-1-0x00007f32c1000700|[g:1][CONSENSUS]addRawPrepare,height=249,reqIdx=3,hash=7455ba7b...,time=0
info|2025-10-09 23:59:20.579643|PBFT-1-0x00007f32c1000700|[g:1][CONSENSUS][PBFT]checkTimeout Succ,view=47,toView=48,nodeIdx=2,changeCycle=1,myNode=73994dae...,timecost=2
info|2025-10-09 23:59:20.582000|PBFT-1-0x00007f32c1000700|[g:1][CONSENSUS][PBFT]checkAndChangeView: Reach consensus,org_view=47,cur_changeCycle=1,curView=47,view=48
info|2025-10-09 23:59:21.592197|PBFT-1-0x00007f32c1000700|[g:1][CONSENSUS]addRawPrepare,height=249,reqIdx=0,hash=dd82d45b...,time=0
info|2025-10-09 23:59:21.593729|PBFT-1-0x00007f32c1000700|[g:1][CONSENSUS][PBFT]checkTimeout Succ,view=48,toView=49,nodeIdx=2,changeCycle=1,myNode=73994dae...,timecost=1
info|2025-10-09 23:59:21.600070|PBFT-1-0x00007f32c1000700|[g:1][CONSENSUS][PBFT]checkAndChangeView: Reach consensus,org_view=48,cur_changeCycle=1,curView=48,view=49
warning|2025-10-09 23:59:26.105050|PBFT-1-0x00007f32c1000700|[g:1][CONSENSUS][PBFT]ViewChangeWarning: not caused by omit empty block ,v=49,toV=50,curNum=248,hash=4bc5635e...,nodeIdx=2,myNode=73994dae...
info|2025-10-09 23:59:26.107203|PBFT-1-0x00007f32c1000700|[g:1][CONSENSUS][PBFT]checkTimeout Succ,view=49,toView=50,nodeIdx=2,changeCycle=2,myNode=73994dae...,timecost=4
info|2025-10-09 23:59:26.113168|PBFT-1-0x00007f32c1000700|[g:1][CONSENSUS][PBFT]checkAndChangeView: Reach consensus,org_view=49,cur_changeCycle=2,curView=49,view=50
info|2025-10-09 23:59:27.113446|PBFTSeal-1-0x00007f32b97f1700|[g:1][CONSENSUS][SEALER]++++++++++++++++ Generating seal on,blkNum=249,tx=0,nodeIdx=2,hash=e63a3b23...
info|2025-10-09 23:59:27.122298|PBFT-1-0x00007f32c1000700|[g:1][CONSENSUS][PBFT]checkTimeout Succ,view=50,toView=51,nodeIdx=2,changeCycle=1,myNode=73994dae...,timecost=8
info|2025-10-09 23:59:27.127679|PBFT-1-0x00007f32c1000700|[g:1][CONSENSUS][PBFT]checkAndChangeView: Reach consensus,org_view=50,cur_changeCycle=1,curView=50,view=51
info|2025-10-09 23:59:28.140513|PBFT-1-0x00007f32c1000700|[g:1][CONSENSUS]addRawPrepare,height=249,reqIdx=3,hash=0bfd4ce8...,time=0
info|2025-10-09 23:59:28.147645|PBFT-1-0x00007f32c1000700|[g:1][CONSENSUS][PBFT]checkTimeout Succ,view=51,toView=52,nodeIdx=2,changeCycle=1,myNode=73994dae...,timecost=5
info|2025-10-09 23:59:28.153512|PBFT-1-0x00007f32c1000700|[g:1][CONSENSUS][PBFT]checkAndChangeView: Reach consensus,org_view=51,cur_changeCycle=1,curView=51,view=52
info|2025-10-09 23:59:29.158402|PBFT-1-0x00007f32c1000700|[g:1][CONSENSUS]addRawPrepare,height=249,reqIdx=0,hash=fb60e351...,time=0
info|2025-10-09 23:59:29.169441|PBFT-1-0x00007f32c1000700|[g:1][CONSENSUS][PBFT]checkTimeout Succ,view=52,toView=53,nodeIdx=2,changeCycle=1,myNode=73994dae...,timecost=9
info|2025-10-09 23:59:29.176161|PBFT-1-0x00007f32c1000700|[g:1][CONSENSUS][PBFT]checkAndChangeView: Reach consensus,org_view=52,cur_changeCycle=1,curView=52,view=53
info|2025-10-09 23:59:29.274586|io_service-0x00007f32db034700|[P2P][Service] heartBeat,connected count=3
warning|2025-10-09 23:59:33.683363|PBFT-1-0x00007f32c1000700|[g:1][CONSENSUS][PBFT]ViewChangeWarning: not caused by omit empty block ,v=53,toV=54,curNum=248,hash=4bc5635e...,nodeIdx=2,myNode=73994dae...
info|2025-10-09 23:59:33.683765|PBFT-1-0x00007f32c1000700|[g:1][CONSENSUS][PBFT]checkTimeout Succ,view=53,toView=54,nodeIdx=2,changeCycle=2,myNode=73994dae...,timecost=2
info|2025-10-09 23:59:33.692148|PBFT-1-0x00007f32c1000700|[g:1][CONSENSUS][PBFT]checkAndChangeView: Reach consensus,org_view=53,cur_changeCycle=2,curView=53,view=54
info|2025-10-09 23:59:34.692622|PBFTSeal-1-0x00007f32b97f1700|[g:1][CONSENSUS][SEALER]++++++++++++++++ Generating seal on,blkNum=249,tx=0,nodeIdx=2,hash=7ad8639d...
info|2025-10-09 23:59:34.701493|PBFT-1-0x00007f32c1000700|[g:1][CONSENSUS][PBFT]checkTimeout Succ,view=54,toView=55,nodeIdx=2,changeCycle=1,myNode=73994dae...,timecost=3
info|2025-10-09 23:59:34.705686|PBFT-1-0x00007f32c1000700|[g:1][CONSENSUS][PBFT]checkAndChangeView: Reach consensus,org_view=54,cur_changeCycle=1,curView=54,view=55
info|2025-10-09 23:59:35.717227|PBFT-1-0x00007f32c1000700|[g:1][CONSENSUS]addRawPrepare,height=249,reqIdx=3,hash=103898f8...,time=0
info|2025-10-09 23:59:35.721715|PBFT-1-0x00007f32c1000700|[g:1][CONSENSUS][PBFT]checkTimeout Succ,view=55,toView=56,nodeIdx=2,changeCycle=1,myNode=73994dae...,timecost=4
info|2025-10-09 23:59:35.726097|PBFT-1-0x00007f32c1000700|[g:1][CONSENSUS][PBFT]checkAndChangeView: Reach consensus,org_view=55,cur_changeCycle=1,curView=55,view=56
info|2025-10-09 23:59:36.731210|PBFT-1-0x00007f32c1000700|[g:1][CONSENSUS]addRawPrepare,height=249,reqIdx=0,hash=3018ec2d...,time=0
info|2025-10-09 23:59:36.741291|PBFT-1-0x00007f32c1000700|[g:1][CONSENSUS][PBFT]checkTimeout Succ,view=56,toView=57,nodeIdx=2,changeCycle=1,myNode=73994dae...,timecost=10
info|2025-10-09 23:59:36.745095|PBFT-1-0x00007f32c1000700|[g:1][CONSENSUS][PBFT]checkAndChangeView: Reach consensus,org_view=56,cur_changeCycle=1,curView=56,view=57
info|2025-10-09 23:59:39.275416|io_service-0x00007f32db034700|[P2P][Service] heartBeat,connected count=3
warning|2025-10-09 23:59:41.249927|PBFT-1-0x00007f32c1000700|[g:1][CONSENSUS][PBFT]ViewChangeWarning: not caused by omit empty block ,v=57,toV=58,curNum=248,hash=4bc5635e...,nodeIdx=2,myNode=73994dae...
info|2025-10-09 23:59:41.254450|PBFT-1-0x00007f32c1000700|[g:1][CONSENSUS][PBFT]checkTimeout Succ,view=57,toView=58,nodeIdx=2,changeCycle=2,myNode=73994dae...,timecost=7
info|2025-10-09 23:59:41.259973|PBFT-1-0x00007f32c1000700|[g:1][CONSENSUS][PBFT]checkAndChangeView: Reach consensus,org_view=57,cur_changeCycle=2,curView=57,view=58
info|2025-10-09 23:59:42.261262|PBFTSeal-1-0x00007f32b97f1700|[g:1][CONSENSUS][SEALER]++++++++++++++++ Generating seal on,blkNum=249,tx=0,nodeIdx=2,hash=3f881c40...
info|2025-10-09 23:59:42.269899|PBFT-1-0x00007f32c1000700|[g:1][CONSENSUS][PBFT]checkTimeout Succ,view=58,toView=59,nodeIdx=2,changeCycle=1,myNode=73994dae...,timecost=1
info|2025-10-09 23:59:42.273434|PBFT-1-0x00007f32c1000700|[g:1][CONSENSUS][PBFT]checkAndChangeView: Reach consensus,org_view=58,cur_changeCycle=1,curView=58,view=59
info|2025-10-09 23:59:43.284369|PBFT-1-0x00007f32c1000700|[g:1][CONSENSUS]addRawPrepare,height=249,reqIdx=3,hash=b712881a...,time=0
info|2025-10-09 23:59:43.291828|PBFT-1-0x00007f32c1000700|[g:1][CONSENSUS][PBFT]checkTimeout Succ,view=59,toView=60,nodeIdx=2,changeCycle=1,myNode=73994dae...,timecost=3
info|2025-10-09 23:59:43.294388|PBFT-1-0x00007f32c1000700|[g:1][CONSENSUS][PBFT]checkAndChangeView: Reach consensus,org_view=59,cur_changeCycle=1,curView=59,view=60
info|2025-10-09 23:59:44.305335|PBFT-1-0x00007f32c1000700|[g:1][CONSENSUS]addRawPrepare,height=249,reqIdx=0,hash=a6e201d5...,time=0
info|2025-10-09 23:59:44.306865|PBFT-1-0x00007f32c1000700|[g:1][CONSENSUS][PBFT]checkTimeout Succ,view=60,toView=61,nodeIdx=2,changeCycle=1,myNode=73994dae...,timecost=1
info|2025-10-09 23:59:44.314956|PBFT-1-0x00007f32c1000700|[g:1][CONSENSUS][PBFT]checkAndChangeView: Reach consensus,org_view=60,cur_changeCycle=1,curView=60,view=61
info|2025-10-09 23:59:47.751820|ChannelReq-0x00007f32d702c700|[RPC][getGroupList]request
warning|2025-10-09 23:59:48.823496|PBFT-1-0x00007f32c1000700|[g:1][CONSENSUS][PBFT]ViewChangeWarning: not caused by omit empty block ,v=61,toV=62,curNum=248,hash=4bc5635e...,nodeIdx=2,myNode=73994dae...
info|2025-10-09 23:59:48.824806|PBFT-1-0x00007f32c1000700|[g:1][CONSENSUS][PBFT]checkTimeout Succ,view=61,toView=62,nodeIdx=2,changeCycle=2,myNode=73994dae...,timecost=3
info|2025-10-09 23:59:48.829365|PBFT-1-0x00007f32c1000700|[g:1][CONSENSUS][PBFT]checkAndChangeView: Reach consensus,org_view=61,cur_changeCycle=2,curView=61,view=62
info|2025-10-09 23:59:49.275814|io_service-0x00007f32db034700|[P2P][Service] heartBeat,connected count=3
info|2025-10-09 23:59:49.833251|PBFTSeal-1-0x00007f32b97f1700|[g:1][CONSENSUS][SEALER]++++++++++++++++ Generating seal on,blkNum=249,tx=0,nodeIdx=2,hash=f93a172f...
info|2025-10-09 23:59:49.841663|PBFT-1-0x00007f32c1000700|[g:1][CONSENSUS][PBFT]checkTimeout Succ,view=62,toView=63,nodeIdx=2,changeCycle=1,myNode=73994dae...,timecost=2
info|2025-10-09 23:59:49.846945|PBFT-1-0x00007f32c1000700|[g:1][CONSENSUS][PBFT]checkAndChangeView: Reach consensus,org_view=62,cur_changeCycle=1,curView=62,view=63
info|2025-10-09 23:59:50.853669|PBFT-1-0x00007f32c1000700|[g:1][CONSENSUS]addRawPrepare,height=249,reqIdx=3,hash=5bc2cc39...,time=0
info|2025-10-09 23:59:50.858856|PBFT-1-0x00007f32c1000700|[g:1][CONSENSUS][PBFT]checkTimeout Succ,view=63,toView=64,nodeIdx=2,changeCycle=1,myNode=73994dae...,timecost=4
info|2025-10-09 23:59:50.864764|PBFT-1-0x00007f32c1000700|[g:1][CONSENSUS][PBFT]checkAndChangeView: Reach consensus,org_view=63,cur_changeCycle=1,curView=63,view=64
info|2025-10-09 23:59:51.867275|PBFT-1-0x00007f32c1000700|[g:1][CONSENSUS]addRawPrepare,height=249,reqIdx=0,hash=4690630b...,time=0
info|2025-10-09 23:59:51.875067|PBFT-1-0x00007f32c1000700|[g:1][CONSENSUS][PBFT]checkTimeout Succ,view=64,toView=65,nodeIdx=2,changeCycle=1,myNode=73994dae...,timecost=8
info|2025-10-09 23:59:51.880213|PBFT-1-0x00007f32c1000700|[g:1][CONSENSUS][PBFT]checkAndChangeView: Reach consensus,org_view=64,cur_changeCycle=1,curView=64,view=65
info|2025-10-09 23:59:54.468564|P2P-0x00007f32dc036700|[g:1] [SYNC][id:73994dae...][Download][Request]Receive block request,peer=374bdfe9...,from=184,to=184
info|2025-10-09 23:59:54.469265|SyncSend-1-0x00007f32cd819700|[g:1][SYNC][id:73994dae...][Download][Request][BlockSync]Batch blocks for sending,blockSize=24480,number=184,peer=374bdfe9...,timeCost=1
info|2025-10-09 23:59:54.469384|SyncSend-1-0x00007f32cd819700|[g:1][g:1] [SYNC][id:374bdfe9...][Download][Request][BlockSync]Send block packet,peer=374bdfe9...,blocks=1,bytes(V)=24487
warning|2025-10-09 23:59:56.389944|PBFT-1-0x00007f32c1000700|[g:1][CONSENSUS][PBFT]ViewChangeWarning: not caused by omit empty block ,v=65,toV=66,curNum=248,hash=4bc5635e...,nodeIdx=2,myNode=73994dae...
info|2025-10-09 23:59:56.391149|PBFT-1-0x00007f32c1000700|[g:1][CONSENSUS][PBFT]checkTimeout Succ,view=65,toView=66,nodeIdx=2,changeCycle=2,myNode=73994dae...,timecost=5
info|2025-10-09 23:59:56.399734|PBFT-1-0x00007f32c1000700|[g:1][CONSENSUS][PBFT]checkAndChangeView: Reach consensus,org_view=65,cur_changeCycle=2,curView=65,view=66
info|2025-10-09 23:59:57.402452|PBFTSeal-1-0x00007f32b97f1700|[g:1][CONSENSUS][SEALER]++++++++++++++++ Generating seal on,blkNum=249,tx=0,nodeIdx=2,hash=b6c04cd8...
info|2025-10-09 23:59:57.417535|PBFT-1-0x00007f32c1000700|[g:1][CONSENSUS][PBFT]checkTimeout Succ,view=66,toView=67,nodeIdx=2,changeCycle=1,myNode=73994dae...,timecost=2
info|2025-10-09 23:59:57.425785|PBFT-1-0x00007f32c1000700|[g:1][CONSENSUS][PBFT]checkAndChangeView: Reach consensus,org_view=66,cur_changeCycle=1,curView=66,view=67
info|2025-10-09 23:59:58.432406|PBFT-1-0x00007f32c1000700|[g:1][CONSENSUS]addRawPrepare,height=249,reqIdx=3,hash=3e46a307...,time=0
info|2025-10-09 23:59:58.435721|PBFT-1-0x00007f32c1000700|[g:1][CONSENSUS][PBFT]checkTimeout Succ,view=67,toView=68,nodeIdx=2,changeCycle=1,myNode=73994dae...,timecost=3
info|2025-10-09 23:59:58.439264|PBFT-1-0x00007f32c1000700|[g:1][CONSENSUS][PBFT]checkAndChangeView: Reach consensus,org_view=67,cur_changeCycle=1,curView=67,view=68
info|2025-10-09 23:59:59.276347|io_service-0x00007f32db034700|[P2P][Service] heartBeat,connected count=3
info|2025-10-09 23:59:59.450502|PBFTWork-1-0x00007f32c780d700|[g:1][CONSENSUS][PartiallyPBFTReqCache]addPartiallyRawPrepare,height=249,reqIdx=0,hash=40640a53...
info|2025-10-09 23:59:59.450969|PBFTWork-1-0x00007f32c780d700|[g:1][BLOCKVERIFIER][executeBlock]Executing block,txNum=1,num=249,parentHash=4bc5635e7d8c37b00eb37169d806abbf5c2dabda467a78213894ece5d9a57205,parentNum=248,parentStateRoot=0000000000000000000000000000000000000000000000000000000000000000
info|2025-10-09 23:59:59.451460|PBFTWork-1-0x00007f32c780d700|[g:1][PRECOMPILED]init GasChargeManagePrecompiled
info|2025-10-09 23:59:59.452585|PBFTWork-1-0x00007f32c780d700|[g:1][STORAGE][MemoryTableFactory2]createTable,table name=c_ddd1593969d959df9ed4c0159af629b19e7c989a,keyField=key,valueField=value
info|2025-10-09 23:59:59.453549|PBFTWork-1-0x00007f32c780d700|[g:1][CONSENSUS][PBFT]execBlock,blkNum=249,reqIdx=0,hash=c8dce474...,nodeIdx=2,myNode=73994dae...,decodeCost=0,checkCost=0,notifyCost=0,noteSealingCost=0,currentCycle=1,verifyAndSetSenderCost=0,execCost=3,execPerTx=3,totalCost=3
info|2025-10-09 23:59:59.456488|PBFTWork-1-0x00007f32c780d700|[g:1][CONSENSUS][PBFT]handlePrepareMsg Succ,timecost=3,INFO=handlePartiallyPrepare,reqIdx=0,view=68,reqNum=249,curNum=248,consNum=249,hash=40640a53...,nodeIdx=2,myNode=73994dae...,curChangeCycle=1
info|2025-10-09 23:59:59.552000|PBFT-1-0x00007f32c1000700|[g:1][CONSENSUS][PBFT]handleSignMsg Succ,Timecost=2,INFO=handleSignMsg,num=249,curNum=248,GenIdx=3,Sview=68,view=68,fromIdx=3,fromNode=87d00b98...,fromIp=127.0.0.1:30302,hash=c8dce474...,nodeIdx=2,myNode=73994dae...
info|2025-10-09 23:59:59.588267|PBFT-1-0x00007f32c1000700|[g:1][CONSENSUS][PBFT]checkAndCommit: backup/updateCommittedPrepare,reqNum=249,hash=40640a53...,nodeIdx=2,myNode=73994dae...
info|2025-10-09 23:59:59.590203|PBFT-1-0x00007f32c1000700|[g:1][CONSENSUS][PBFT]handleSignMsg Succ,Timecost=4,INFO=handleSignMsg,num=249,curNum=248,GenIdx=0,Sview=68,view=68,fromIdx=0,fromNode=064cb676...,fromIp=127.0.0.1:30303,hash=c8dce474...,nodeIdx=2,myNode=73994dae...
info|2025-10-09 23:59:59.594251|PBFT-1-0x00007f32c1000700|[g:1][CONSENSUS][PBFT]handleCommitMsg Succ,INFO=handleCommitMsg,reqNum=249,curNum=248,GenIdx=3,Cview=68,view=68,fromIdx=3,fromNode=87d00b98...,fromIp=127.0.0.1:30302,hash=c8dce474...,nodeIdx=2,myNode=73994dae...,Timecost=2
info|2025-10-09 23:59:59.599600|PBFT-1-0x00007f32c1000700|[g:1][CONSENSUS][PBFT]checkAndSave: CommitReq enough,prepareHeight=249,commitSize=3,hash=c8dce474...,nodeIdx=2,myNode=73994dae...
info|2025-10-09 23:59:59.600741|PBFT-1-0x00007f32c1000700|[g:1][g:1][STORAGE][CachedStorage]commit: 9 num: 249
info|2025-10-09 23:59:59.601381|taskPool-1-0x00007f32ca012700|[g:1][g:1][STORAGE][CachedStorage]Start commit block: 249 to backend storage
info|2025-10-09 23:59:59.602357|PBFT-1-0x00007f32c1000700|[g:1][g:1][STORAGE][CachedStorage]Submited block task: 249, current syncd block: 248
info|2025-10-09 23:59:59.602586|PBFT-1-0x00007f32c1000700|[g:1]Push block notify: 1-249
info|2025-10-09 23:59:59.602844|PBFT-1-0x00007f32c1000700|[g:1][CHANNEL]Push message success,topic=_block_notify_1,seq=00000000,session=127.0.0.1:41738,
info|2025-10-09 23:59:59.603694|PBFT-1-0x00007f32c1000700|[g:1][CONSENSUS][PBFT]CommitBlock Succ,prepareHeight=249,reqIdx=0,hash=c8dce474...,nodeIdx=2,myNode=73994dae...,genSigTimeCost=0,commitBlockTimeCost=3,dropTxsTimeCost=1,noteSealingTimeCost=0,totalTimeCost=4
info|2025-10-09 23:59:59.603758|PBFT-1-0x00007f32c1000700|[g:1][CONSENSUS][PBFT]handleCommitMsg Succ,INFO=handleCommitMsg,reqNum=249,curNum=248,GenIdx=0,Cview=68,view=68,fromIdx=0,fromNode=064cb676...,fromIp=127.0.0.1:30303,hash=c8dce474...,nodeIdx=2,myNode=73994dae...,Timecost=5
info|2025-10-09 23:59:59.608414|PBFTSeal-1-0x00007f32b97f1700|[g:1][CONSENSUS][SEALER]increase maxNoTimeoutTx,maxNoTimeoutTx=1
info|2025-10-09 23:59:59.608471|PBFTSeal-1-0x00007f32b97f1700|[g:1][CONSENSUS][PBFT]^^^^^^^^Report,num=249,sealerIdx=0,hash=c8dce474...,next=250,tx=1,nodeIdx=2
info|2025-10-09 23:59:59.656471|taskPool-1-0x00007f32ca012700|[g:1][g:1][STORAGE][CachedStorage]
---------------------------------------------------------------------
Commit block: 249 to backend storage finished, current cached block: 249
Flush elapsed time: 0.0551s
---------------------------------------------------------------------
