info|2025-10-11 05:57:42.839516|fisco-bcos-0x00007f2b9d0ffdc0|[INITIALIZER][initGlobalConfig],enableCompress=true,compatibilityVersion=2.11.0,versionNumber=34275328,enableStat=false,chainId=1,useSMCrypto=true,IgnoreObserverWriteRequest=false
info|2025-10-11 05:57:42.877054|fisco-bcos-0x00007f2b9d0ffdc0|[INITIALIZER][SecureInitializerGM]get pub of node,nodeID=73994dae9e8b8da733108a4153dfe79151d701dff425f84c87b5324e8ebd02ab6a0ebc9e4f1e0298a7ddca50f94a8f95c62b6997226d571e470e8f2b0600634a
info|2025-10-11 05:57:42.975935|fisco-bcos-0x00007f2b9d0ffdc0|[NETWORK][Host]Connecting to node,endpoint=127.0.0.1:30300
info|2025-10-11 05:57:42.975996|io_service-0x00007f2b9a386700|[NETWORK][Host]P2P StartAccept,Host=0.0.0.0:30300
info|2025-10-11 05:57:42.976213|fisco-bcos-0x00007f2b9d0ffdc0|[NETWORK][Host]Connecting to node,endpoint=127.0.0.1:30301
info|2025-10-11 05:57:42.976361|fisco-bcos-0x00007f2b9d0ffdc0|[NETWORK][Host]Connecting to node,endpoint=127.0.0.1:30302
info|2025-10-11 05:57:42.976407|fisco-bcos-0x00007f2b9d0ffdc0|[NETWORK][Host]Connecting to node,endpoint=127.0.0.1:30303
info|2025-10-11 05:57:42.976463|fisco-bcos-0x00007f2b9d0ffdc0|[P2P][Service] heartBeat,connected count=0
info|2025-10-11 05:57:42.976446|io_service-0x00007f2b9a386700|[NETWORK][ASIO]asyncResolveConnect,endpoint=127.0.0.1:30300
info|2025-10-11 05:57:42.976512|fisco-bcos-0x00007f2b9d0ffdc0|[INITIALIZER][RPCInitializer],network_security.check_cert_issuer=true
info|2025-10-11 05:57:42.976660|io_service-0x00007f2b9a386700|[NETWORK][Host]P2P Recv Connect, From=127.0.0.1:32880
info|2025-10-11 05:57:42.976745|io_service-0x00007f2b9a386700|[NETWORK][Host]P2P StartAccept,Host=0.0.0.0:30300
info|2025-10-11 05:57:42.977795|fisco-bcos-0x00007f2b9d0ffdc0|[CHANNEL][ChannelServer::run],threadPoolSize=8
info|2025-10-11 05:57:42.977898|fisco-bcos-0x00007f2b9d0ffdc0|[CHANNEL]ChannelRPCServer started
info|2025-10-11 05:57:42.977905|fisco-bcos-0x00007f2b9d0ffdc0|[INITIALIZER][RPCInitializer: ChannelRPCHttpServer started.],disableDynamicGroup=false,uncheckGroupMember=false,threadSize=8
info|2025-10-11 05:57:42.977916|fisco-bcos-0x00007f2b9d0ffdc0|[INITIALIZER][LedgerInitializer]initConfig
info|2025-10-11 05:57:42.977927|fisco-bcos-0x00007f2b9d0ffdc0|[LedgerInitializer],groupConfigPath=conf/
info|2025-10-11 05:57:42.980172|io_service-0x00007f2b9a386700|[NETWORK][ASIO]asyncResolveConnect,endpoint=127.0.0.1:30301
info|2025-10-11 05:57:42.980665|io_service-0x00007f2b9a386700|[NETWORK][ASIO]asyncResolveConnect,endpoint=127.0.0.1:30302
info|2025-10-11 05:57:42.980839|io_service-0x00007f2b9a386700|[NETWORK][ASIO]asyncResolveConnect,endpoint=127.0.0.1:30303
info|2025-10-11 05:57:42.985152|fisco-bcos-0x00007f2b9d0ffdc0|[INITIALIZER][initSingleLedger] [GroupId], LedgerConstructor:  1,configFileName=conf/group.1.genesis,dataDir=data/
info|2025-10-11 05:57:42.985426|fisco-bcos-0x00007f2b9d0ffdc0|[g:1][LedgerParam][parseGenesisConfig]initConsensusConfig/initStorageConfig/initTxConfig,configFile=conf/group.1.genesis
info|2025-10-11 05:57:42.985495|fisco-bcos-0x00007f2b9d0ffdc0|[g:1][LedgerParam][initConsensusConfig],type=pbft,consensusTimeout=3,maxTxNum=1000,txGasLimit=300000000
info|2025-10-11 05:57:42.985533|fisco-bcos-0x00007f2b9d0ffdc0|[g:1][LedgerParam][parsePublicKeyListOfSection],sectionName=consensus,it.first=73994dae9e8b8da733108a4153dfe79151d701dff425f84c87b5324e8ebd02ab6a0ebc9e4f1e0298a7ddca50f94a8f95c62b6997226d571e470e8f2b0600634a
info|2025-10-11 05:57:42.985564|fisco-bcos-0x00007f2b9d0ffdc0|[g:1][LedgerParam][parsePublicKeyListOfSection],sectionName=consensus,it.first=374bdfe969e1d8ea1200ade93e5d8cf1a7d5741f238011004b0f43ca818706f194b2f067e1708125f7ffc536610b9a72addbd56b238d65f18912be39037ffcc5
info|2025-10-11 05:57:42.985619|fisco-bcos-0x00007f2b9d0ffdc0|[g:1][LedgerParam][parsePublicKeyListOfSection],sectionName=consensus,it.first=87d00b98321fc70a5abc85ad9e80db10cce315194133697bf74aace1d3f8430957a766240f751752708f4282f46110d6ea56c3eb5d1c02ce98a66f327f595270
info|2025-10-11 05:57:42.985649|fisco-bcos-0x00007f2b9d0ffdc0|[g:1][LedgerParam][parsePublicKeyListOfSection],sectionName=consensus,it.first=064cb676a36047a4b52ecbf9c01664b1e987d91b438110ba6a12d96972726622e824d295b1de8b0298b5afe7bbbc0bd04a3890e1a36eae028c1cfbe07971b995
info|2025-10-11 05:57:42.985691|fisco-bcos-0x00007f2b9d0ffdc0|[g:1][LedgerParam][parsePublicKeyListOfSection],totalPubKeySize=4
info|2025-10-11 05:57:42.985750|fisco-bcos-0x00007f2b9d0ffdc0|[g:1][LedgerParam][max_block_range],maxBlockRange=0,maxBlockPerProcess=3
info|2025-10-11 05:57:42.985795|fisco-bcos-0x00007f2b9d0ffdc0|[g:1][LedgerParam][parseGenesisConfig],timestamp=1759762229000
info|2025-10-11 05:57:42.985819|fisco-bcos-0x00007f2b9d0ffdc0|[g:1][LedgerParam]setEVMFlags,enableFreeStorageVMSchedule=false,evmFlags=0
info|2025-10-11 05:57:42.985848|fisco-bcos-0x00007f2b9d0ffdc0|[g:1][LedgerParam]store evmFlag,evmFlag=0
info|2025-10-11 05:57:42.985887|fisco-bcos-0x00007f2b9d0ffdc0|[g:1][LedgerParam]store consensus time,consensusTimeout=3
info|2025-10-11 05:57:42.985899|fisco-bcos-0x00007f2b9d0ffdc0|[g:1][LedgerParam][initMark],genesisMark=1-064cb676a36047a4b52ecbf9c01664b1e987d91b438110ba6a12d96972726622e824d295b1de8b0298b5afe7bbbc0bd04a3890e1a36eae028c1cfbe07971b995,374bdfe969e1d8ea1200ade93e5d8cf1a7d5741f238011004b0f43ca818706f194b2f067e1708125f7ffc536610b9a72addbd56b238d65f18912be39037ffcc5,73994dae9e8b8da733108a4153dfe79151d701dff425f84c87b5324e8ebd02ab6a0ebc9e4f1e0298a7ddca50f94a8f95c62b6997226d571e470e8f2b0600634a,87d00b98321fc70a5abc85ad9e80db10cce315194133697bf74aace1d3f8430957a766240f751752708f4282f46110d6ea56c3eb5d1c02ce98a66f327f595270,-pbft-storage-0-1000-300000000-3
info|2025-10-11 05:57:42.985913|fisco-bcos-0x00007f2b9d0ffdc0|[g:1][LedgerParam][initIniConfig]initTxPoolConfig/initSyncConfig/initTxExecuteConfig,configFile=conf/group.1.ini
info|2025-10-11 05:57:42.988656|fisco-bcos-0x00007f2b9d0ffdc0|[g:1][LedgerParam][initStorageConfig],stateType=storage,storageDB=rocksdb,storagePath=data//group1/block/RocksDB,baseDir=data//group1,dbtype=mysql,dbip=127.0.0.1,dbport=3306,dbcharset=utf8mb4,initconnections=15,maxconnections=50,scrollThreshold=2000,enableReconfirmCommittee=false
info|2025-10-11 05:57:42.988780|fisco-bcos-0x00007f2b9d0ffdc0|[g:1][LedgerParam][initTxPoolConfig],txPoolLimit=150000,memorySizeLimit(MB)=512,notifyWorkerNum=2,txsExpirationTime(ms)=600000
info|2025-10-11 05:57:42.988804|fisco-bcos-0x00007f2b9d0ffdc0|[g:1][LedgerParam][initSyncConfig],idleWaitMs=200
info|2025-10-11 05:57:42.988822|fisco-bcos-0x00007f2b9d0ffdc0|[g:1][LedgerParam][initSyncConfig],enableSendTxsByTree=true,enableSendBlockStatusByTree=true
info|2025-10-11 05:57:42.988833|fisco-bcos-0x00007f2b9d0ffdc0|[g:1][LedgerParam][initSyncConfig],gossipInterval=1000
info|2025-10-11 05:57:42.988853|fisco-bcos-0x00007f2b9d0ffdc0|[g:1][LedgerParam][initSyncConfig],enableSendBlockStatusByTree=true,gossipInterval=1000,gossipPeers=3,syncTreeWidth=3,maxQueueSizeForBlockSync=536870912,txsStatusGossipMaxPeers=5,syncInfoPrintInterval=10,freeNodeRead=false
info|2025-10-11 05:57:42.988864|fisco-bcos-0x00007f2b9d0ffdc0|[g:1][LedgerParam][InitTxExecuteConfig],enableParallel=true
info|2025-10-11 05:57:42.988892|fisco-bcos-0x00007f2b9d0ffdc0|[g:1][LedgerParam][initConsensusIniConfig],maxTTL=2,minBlockGenerationTime=500,enablDynamicBlockSize=true,blockSizeIncreaseRatio=0.5,enableTTLOptimize=true,enablePrepareWithTxsHash=true
info|2025-10-11 05:57:42.988991|fisco-bcos-0x00007f2b9d0ffdc0|[g:1][LedgerParam][initRPBFTConsensusIniConfig],broadcastPrepareByTree=true,prepareStatusBroadcastPercent=33,maxRequestMissedTxsWaitTime=100,maxRequestPrepareWaitTime=100
info|2025-10-11 05:57:42.989008|fisco-bcos-0x00007f2b9d0ffdc0|[g:1][LedgerParam][initFlowControlConfig],maxQPS=9223372036854775807,outGoingBandwidth(Bytes)=9223372036854775807
info|2025-10-11 05:57:42.989019|fisco-bcos-0x00007f2b9d0ffdc0|[g:1][LedgerParam]parseSDKAllowList,sdkAllowList=[],enableSDKAllowListControl=false
info|2025-10-11 05:57:42.989045|fisco-bcos-0x00007f2b9d0ffdc0|[g:1][LEDGER][initLedger][DBInitializer]
info|2025-10-11 05:57:42.989077|fisco-bcos-0x00007f2b9d0ffdc0|[g:1][LEDGER]setSDKAllowList,groupId=1,sdkAllowListSize=0
info|2025-10-11 05:57:42.989088|fisco-bcos-0x00007f2b9d0ffdc0|[g:1][CHANNEL]registerSDKAllowListByGroupId,groupId=1,size=0
info|2025-10-11 05:57:42.989096|fisco-bcos-0x00007f2b9d0ffdc0|[g:1][CHANNEL]Disable group-level sdk permission control for sdk allowlist is empty
info|2025-10-11 05:57:42.989104|fisco-bcos-0x00007f2b9d0ffdc0|[g:1][DBINITIALIZER] [initStorageDB]
info|2025-10-11 05:57:42.989113|fisco-bcos-0x00007f2b9d0ffdc0|[g:1][DBINITIALIZER] [initRocksDBStorage]
info|2025-10-11 05:57:42.989160|fisco-bcos-0x00007f2b9d0ffdc0|[g:1][ROCKSDB]open rocksDB handler,path=data//group1/block/RocksDB
info|2025-10-11 05:57:43.009825|io_service-0x00007f2b9a386700|[NETWORK][Host]handshakeServer succ,remote endpoint=127.0.0.1:32880
info|2025-10-11 05:57:43.009993|io_service-0x00007f2b9a386700|[NETWORK][Host]startPeerSession, Remote=127.0.0.1:32880,local endpoint=127.0.0.1:30300,nodeID=73994dae...
info|2025-10-11 05:57:43.010418|io_service-0x00007f2b9a386700|[NETWORK][Host]handshakeClient succ,local endpoint=127.0.0.1:32880
info|2025-10-11 05:57:43.010507|io_service-0x00007f2b9a386700|[NETWORK][Host]startPeerSession, Remote=127.0.0.1:30300,local endpoint=127.0.0.1:32880,nodeID=73994dae...
info|2025-10-11 05:57:43.059704|io_service-0x00007f2b9a386700|[NETWORK][Host]handshakeClient succ,local endpoint=127.0.0.1:42686
info|2025-10-11 05:57:43.059784|io_service-0x00007f2b9a386700|[NETWORK][Host]startPeerSession, Remote=127.0.0.1:30301,local endpoint=127.0.0.1:42686,nodeID=374bdfe9...
info|2025-10-11 05:57:43.059978|P2P-0x00007f2b9b388700|[P2P][Service] Connection established,nodeID=374bdfe9...,endpoint=127.0.0.1:30301
info|2025-10-11 05:57:43.060256|io_service-0x00007f2b9a386700|[NETWORK][Host]handshakeClient succ,local endpoint=127.0.0.1:41414
info|2025-10-11 05:57:43.060313|io_service-0x00007f2b9a386700|[NETWORK][Host]startPeerSession, Remote=127.0.0.1:30302,local endpoint=127.0.0.1:41414,nodeID=87d00b98...
info|2025-10-11 05:57:43.060450|P2P-0x00007f2b9ab87700|[P2P][Service] Connection established,nodeID=87d00b98...,endpoint=127.0.0.1:30302
info|2025-10-11 05:57:43.060468|io_service-0x00007f2b9a386700|[NETWORK][Host]handshakeClient succ,local endpoint=127.0.0.1:60406
info|2025-10-11 05:57:43.060515|io_service-0x00007f2b9a386700|[NETWORK][Host]startPeerSession, Remote=127.0.0.1:30303,local endpoint=127.0.0.1:60406,nodeID=064cb676...
info|2025-10-11 05:57:43.060706|P2P-0x00007f2b9c38a700|[P2P][Service] Connection established,nodeID=064cb676...,endpoint=127.0.0.1:30303
info|2025-10-11 05:57:43.194204|fisco-bcos-0x00007f2b9d0ffdc0|[g:1][g:1][STORAGE][CachedStorage]Init flushStorage thread
info|2025-10-11 05:57:43.194474|fisco-bcos-0x00007f2b9d0ffdc0|[g:1][DBINITIALIZER] [init CachedStorage],maxCapacity=32,maxForwardBlock=10
info|2025-10-11 05:57:43.194522|fisco-bcos-0x00007f2b9d0ffdc0|[g:1][LEDGER][initLedger][initBlockChain]
info|2025-10-11 05:57:43.195014|fisco-bcos-0x00007f2b9d0ffdc0|[g:1][LEDGER]set enableHexBlock to be false,version=34275328
info|2025-10-11 05:57:43.195123|fisco-bcos-0x00007f2b9d0ffdc0|[g:1][BLOCKCHAIN][#checkAndBuildGenesisBlock],shouldBuild=false
info|2025-10-11 05:57:43.401521|fisco-bcos-0x00007f2b9d0ffdc0|[g:1][BLOCKCHAIN][#checkAndBuildGenesisBlock]Already have the 0th block, 0th groupMark is equal to file groupMark.
info|2025-10-11 05:57:43.401562|fisco-bcos-0x00007f2b9d0ffdc0|[g:1][LEDGER][initLedger]initBlockChain SUCC
info|2025-10-11 05:57:43.401761|fisco-bcos-0x00007f2b9d0ffdc0|[g:1][DBINITIALIZER] [createStateFactory],type=storage
info|2025-10-11 05:57:43.401781|fisco-bcos-0x00007f2b9d0ffdc0|[g:1][DBINITIALIZER] createStorageState SUCC
info|2025-10-11 05:57:43.401788|fisco-bcos-0x00007f2b9d0ffdc0|[g:1][DBINITIALIZER] [createStateFactory SUCC]
info|2025-10-11 05:57:43.401800|fisco-bcos-0x00007f2b9d0ffdc0|[g:1][DBINITIALIZER] createExecutiveContext...
info|2025-10-11 05:57:43.401830|fisco-bcos-0x00007f2b9d0ffdc0|[g:1][LEDGER]createGasMetric,vmFlagType=0
info|2025-10-11 05:57:43.401842|fisco-bcos-0x00007f2b9d0ffdc0|[g:1][LEDGER]createGasMetric
info|2025-10-11 05:57:43.401861|fisco-bcos-0x00007f2b9d0ffdc0|[g:1][DBINITIALIZER] create precompiledGasFactory and precompiledResultFactory
info|2025-10-11 05:57:43.401868|fisco-bcos-0x00007f2b9d0ffdc0|[g:1][DBINITIALIZER] createExecutiveContext SUCC
info|2025-10-11 05:57:43.401878|fisco-bcos-0x00007f2b9d0ffdc0|[g:1][DBINITIALIZER] [setSyncNumForCachedStorage],syncNum=448
info|2025-10-11 05:57:43.401931|fisco-bcos-0x00007f2b9d0ffdc0|[g:1][LEDGER][initNetworkBandWidthLimiter: outGoingBandwidthLimit has been disabled],groupId=1
info|2025-10-11 05:57:43.401944|fisco-bcos-0x00007f2b9d0ffdc0|[g:1][LEDGER][QPSLimit has been disabled],groupId=1
info|2025-10-11 05:57:43.401953|fisco-bcos-0x00007f2b9d0ffdc0|[g:1][LEDGER][initLedger][initBlockVerifier]
info|2025-10-11 05:57:43.401966|fisco-bcos-0x00007f2b9d0ffdc0|[g:1][LEDGER][initLedger][initBlockVerifier SUCC],evmFlags=0
info|2025-10-11 05:57:43.401976|fisco-bcos-0x00007f2b9d0ffdc0|[g:1][LEDGER][initLedger][initTxPool],txPoolLimit=150000
info|2025-10-11 05:57:43.648161|fisco-bcos-0x00007f2b9d0ffdc0|[g:1][LEDGER][initLedger]initTxPool SUCC
info|2025-10-11 05:57:43.648312|fisco-bcos-0x00007f2b9d0ffdc0|[g:1][LEDGER][initLedger][initSync],idleWaitMs=200,gossipInterval=1000,gossipPeers=3
info|2025-10-11 05:57:43.648339|fisco-bcos-0x00007f2b9d0ffdc0|[g:1][LEDGER]Init sync master,enableSendBlockStatusByTree=true,enableSendTxsByTree=true
info|2025-10-11 05:57:43.650539|fisco-bcos-0x00007f2b9d0ffdc0|[g:1][LEDGER][initLedger]initSync SUCC
info|2025-10-11 05:57:43.650605|fisco-bcos-0x00007f2b9d0ffdc0|[g:1][LEDGER][initLedger][consensusInitFactory]
info|2025-10-11 05:57:43.650618|fisco-bcos-0x00007f2b9d0ffdc0|[g:1][LEDGER][initLedger][createPBFTSealer]
info|2025-10-11 05:57:43.650625|fisco-bcos-0x00007f2b9d0ffdc0|[g:1][LEDGER][initLedger][createPBFTSealer],baseDir=data//group1,Protocol=65544
info|2025-10-11 05:57:43.650728|fisco-bcos-0x00007f2b9d0ffdc0|[g:1][LEDGER][initLedger]createPBFTSealer for PBFT or rPBFT,consensusType=pbft
info|2025-10-11 05:57:43.650743|fisco-bcos-0x00007f2b9d0ffdc0|[g:1][LEDGER]createConsensusEngine: create PBFTEngine
info|2025-10-11 05:57:43.650784|fisco-bcos-0x00007f2b9d0ffdc0|[g:1][CONSENSUS][PBFT]Register handler for PBFTEngine
info|2025-10-11 05:57:43.652730|fisco-bcos-0x00007f2b9d0ffdc0|[g:1][CONSENSUS][PBFT]setMinBlockGenerationTime,minBlockGenerationTime=500,consensusTime=1000
info|2025-10-11 05:57:43.652808|fisco-bcos-0x00007f2b9d0ffdc0|[g:1][LEDGER][initEventLogFilterManager]initEventLogFilterManager SUCC
info|2025-10-11 05:57:43.652826|fisco-bcos-0x00007f2b9d0ffdc0|[LedgerInitializer init group succ],groupID=1
info|2025-10-11 05:57:43.653263|fisco-bcos-0x00007f2b9d0ffdc0|[SafeHttpServer::StartListening]use default epoll
info|2025-10-11 05:57:43.654118|fisco-bcos-0x00007f2b9d0ffdc0|[INITIALIZER][RPCInitializer JsonrpcHttpServer started],jsonrpc_IP=127.0.0.1,jsonrpc_listen_port=8545,jsonrpc_thread_count=8,ipv6=false,disableDynamicGroup=false,uncheckGroupMember=false
info|2025-10-11 05:57:43.654206|fisco-bcos-0x00007f2b9d0ffdc0|[g:1][LEDGER]startAll...
info|2025-10-11 05:57:43.659031|P2P-0x00007f2b9c38a700|[g:1] [SYNC][id:73994dae...][Download][Request]Receive block request,peer=374bdfe9...,from=184,to=191
info|2025-10-11 05:57:43.659102|P2P-0x00007f2b9c38a700|[g:1] [SYNC][id:73994dae...][Download][Request]Receive block request,peer=374bdfe9...,from=192,to=199
info|2025-10-11 05:57:43.659167|P2P-0x00007f2b9c38a700|[g:1] [SYNC][id:73994dae...][Download][Request]Receive block request,peer=374bdfe9...,from=200,to=207
info|2025-10-11 05:57:43.659188|P2P-0x00007f2b9c38a700|[g:1] [SYNC][id:73994dae...][Download][Request]Receive block request,peer=374bdfe9...,from=208,to=215
info|2025-10-11 05:57:43.662518|fisco-bcos-0x00007f2b9d0ffdc0|[g:1][GossipBlockStatus]start GossipBlockStatus succ
info|2025-10-11 05:57:43.662602|fisco-bcos-0x00007f2b9d0ffdc0|[g:1][CONSENSUS][ConsensusEngine][Start ConsensusEngineBase]
info|2025-10-11 05:57:43.662946|fisco-bcos-0x00007f2b9d0ffdc0|[g:1][CONSENSUS][PBFT]^^^^^^^^Report,num=448,sealerIdx=2,hash=207cf09a...,next=449,tx=1,nodeIdx=2
info|2025-10-11 05:57:43.663042|fisco-bcos-0x00007f2b9d0ffdc0|[g:1][ROCKSDB]open rocksDB handler,path=data//group1/pbftMsgBackup/RocksDB
info|2025-10-11 05:57:43.694019|SyncSend-1-0x00007f2b8cb6b700|[g:1][SYNC][id:73994dae...][Download][Request][BlockSync]Batch blocks for sending,blockSize=24480,number=184,peer=374bdfe9...,timeCost=33
info|2025-10-11 05:57:43.697099|SyncSend-1-0x00007f2b8cb6b700|[g:1][SYNC][id:73994dae...][Download][Request][BlockSync]Batch blocks for sending,blockSize=3195,number=185,peer=374bdfe9...,timeCost=3
info|2025-10-11 05:57:43.701820|SyncSend-1-0x00007f2b8cb6b700|[g:1][SYNC][id:73994dae...][Download][Request][BlockSync]Batch blocks for sending,blockSize=24479,number=186,peer=374bdfe9...,timeCost=4
info|2025-10-11 05:57:43.703870|SyncSend-1-0x00007f2b8cb6b700|[g:1][SYNC][id:73994dae...][Download][Request][BlockSync]Batch blocks for sending,blockSize=3711,number=187,peer=374bdfe9...,timeCost=1
info|2025-10-11 05:57:43.705915|SyncSend-1-0x00007f2b8cb6b700|[g:1][SYNC][id:73994dae...][Download][Request][BlockSync]Batch blocks for sending,blockSize=47009,number=188,peer=374bdfe9...,timeCost=2
info|2025-10-11 05:57:43.710062|SyncSend-1-0x00007f2b8cb6b700|[g:1][SYNC][id:73994dae...][Download][Request][BlockSync]Batch blocks for sending,blockSize=3711,number=189,peer=374bdfe9...,timeCost=4
info|2025-10-11 05:57:43.711718|SyncSend-1-0x00007f2b8cb6b700|[g:1][SYNC][id:73994dae...][Download][Request][BlockSync]Batch blocks for sending,blockSize=47009,number=190,peer=374bdfe9...,timeCost=1
info|2025-10-11 05:57:43.713518|SyncSend-1-0x00007f2b8cb6b700|[g:1][SYNC][id:73994dae...][Download][Request][BlockSync]Batch blocks for sending,blockSize=3727,number=191,peer=374bdfe9...,timeCost=2
info|2025-10-11 05:57:43.715634|SyncSend-1-0x00007f2b8cb6b700|[g:1][SYNC][id:73994dae...][Download][Request][BlockSync]Batch blocks for sending,blockSize=1796,number=192,peer=374bdfe9...,timeCost=2
info|2025-10-11 05:57:43.718262|SyncSend-1-0x00007f2b8cb6b700|[g:1][SYNC][id:73994dae...][Download][Request][BlockSync]Batch blocks for sending,blockSize=3726,number=193,peer=374bdfe9...,timeCost=3
info|2025-10-11 05:57:43.719942|SyncSend-1-0x00007f2b8cb6b700|[g:1][SYNC][id:73994dae...][Download][Request][BlockSync]Batch blocks for sending,blockSize=1795,number=194,peer=374bdfe9...,timeCost=1
info|2025-10-11 05:57:43.725249|SyncSend-1-0x00007f2b8cb6b700|[g:1][SYNC][id:73994dae...][Download][Request][BlockSync]Batch blocks for sending,blockSize=3727,number=195,peer=374bdfe9...,timeCost=5
info|2025-10-11 05:57:43.728742|SyncSend-1-0x00007f2b8cb6b700|[g:1][SYNC][id:73994dae...][Download][Request][BlockSync]Batch blocks for sending,blockSize=1796,number=196,peer=374bdfe9...,timeCost=3
info|2025-10-11 05:57:43.730552|SyncSend-1-0x00007f2b8cb6b700|[g:1][SYNC][id:73994dae...][Download][Request][BlockSync]Batch blocks for sending,blockSize=3726,number=197,peer=374bdfe9...,timeCost=2
info|2025-10-11 05:57:43.734553|SyncSend-1-0x00007f2b8cb6b700|[g:1][SYNC][id:73994dae...][Download][Request][BlockSync]Batch blocks for sending,blockSize=1796,number=198,peer=374bdfe9...,timeCost=4
info|2025-10-11 05:57:43.742001|SyncSend-1-0x00007f2b8cb6b700|[g:1][SYNC][id:73994dae...][Download][Request][BlockSync]Batch blocks for sending,blockSize=4182,number=199,peer=374bdfe9...,timeCost=8
info|2025-10-11 05:57:43.748077|fisco-bcos-0x00007f2b9d0ffdc0|[g:1][CONSENSUS][PBFT][PBFT init env successfully]
info|2025-10-11 05:57:43.748222|fisco-bcos-0x00007f2b9d0ffdc0|[g:1][CONSENSUS][PBFT][Start PBFTEngine...]
info|2025-10-11 05:57:43.748241|fisco-bcos-0x00007f2b9d0ffdc0|[g:1][CONSENSUS][SEALER][Start sealer module]
info|2025-10-11 05:57:43.749549|SyncSend-1-0x00007f2b8cb6b700|[g:1][SYNC][id:73994dae...][Download][Request][BlockSync]Batch blocks for sending,blockSize=1797,number=200,peer=374bdfe9...,timeCost=7
info|2025-10-11 05:57:43.750853|fisco-bcos-0x00007f2b9d0ffdc0|[g:1][EVENT][EventLogFilterManager]start,m_maxBlockRange=0,m_maxBlockPerLoopFilter=3
info|2025-10-11 05:57:43.752658|SyncSend-1-0x00007f2b8cb6b700|[g:1][SYNC][id:73994dae...][Download][Request][BlockSync]Batch blocks for sending,blockSize=3660,number=201,peer=374bdfe9...,timeCost=3
info|2025-10-11 05:57:43.755108|alignTime-1-0x00007f2b8ab67700|[g:1][NodeTimeMaintenance]updateTimeInfo: update median time offset,updatedMedianTimeOffset=-1,peer=87d00b98...,peerTime=1760187463754,peerOffset=-1,utcTime=1760187463755
info|2025-10-11 05:57:43.755591|SyncSend-1-0x00007f2b8cb6b700|[g:1][SYNC][id:73994dae...][Download][Request][BlockSync]Batch blocks for sending,blockSize=1980,number=202,peer=374bdfe9...,timeCost=3
info|2025-10-11 05:57:43.757036|SyncSend-1-0x00007f2b8cb6b700|[g:1][SYNC][id:73994dae...][Download][Request][BlockSync]Batch blocks for sending,blockSize=3647,number=203,peer=374bdfe9...,timeCost=2
info|2025-10-11 05:57:43.758191|SyncSend-1-0x00007f2b8cb6b700|[g:1][SYNC][id:73994dae...][Download][Request][BlockSync]Batch blocks for sending,blockSize=3647,number=204,peer=374bdfe9...,timeCost=1
info|2025-10-11 05:57:43.759370|SyncSend-1-0x00007f2b8cb6b700|[g:1][SYNC][id:73994dae...][Download][Request][BlockSync]Batch blocks for sending,blockSize=1980,number=205,peer=374bdfe9...,timeCost=1
info|2025-10-11 05:57:43.761146|SyncSend-1-0x00007f2b8cb6b700|[g:1][SYNC][id:73994dae...][Download][Request][BlockSync]Batch blocks for sending,blockSize=3647,number=206,peer=374bdfe9...,timeCost=2
info|2025-10-11 05:57:43.763031|SyncSend-1-0x00007f2b8cb6b700|[g:1][SYNC][id:73994dae...][Download][Request][BlockSync]Batch blocks for sending,blockSize=3647,number=207,peer=374bdfe9...,timeCost=2
info|2025-10-11 05:57:43.764619|SyncSend-1-0x00007f2b8cb6b700|[g:1][SYNC][id:73994dae...][Download][Request][BlockSync]Batch blocks for sending,blockSize=1981,number=208,peer=374bdfe9...,timeCost=1
info|2025-10-11 05:57:43.766334|SyncSend-1-0x00007f2b8cb6b700|[g:1][SYNC][id:73994dae...][Download][Request][BlockSync]Batch blocks for sending,blockSize=3646,number=209,peer=374bdfe9...,timeCost=2
info|2025-10-11 05:57:43.768062|SyncSend-1-0x00007f2b8cb6b700|[g:1][SYNC][id:73994dae...][Download][Request][BlockSync]Batch blocks for sending,blockSize=3646,number=210,peer=374bdfe9...,timeCost=2
info|2025-10-11 05:57:43.770058|SyncSend-1-0x00007f2b8cb6b700|[g:1][SYNC][id:73994dae...][Download][Request][BlockSync]Batch blocks for sending,blockSize=1981,number=211,peer=374bdfe9...,timeCost=2
info|2025-10-11 05:57:43.771735|SyncSend-1-0x00007f2b8cb6b700|[g:1][SYNC][id:73994dae...][Download][Request][BlockSync]Batch blocks for sending,blockSize=3647,number=212,peer=374bdfe9...,timeCost=1
info|2025-10-11 05:57:43.773226|SyncSend-1-0x00007f2b8cb6b700|[g:1][SYNC][id:73994dae...][Download][Request][BlockSync]Batch blocks for sending,blockSize=3647,number=213,peer=374bdfe9...,timeCost=2
info|2025-10-11 05:57:43.775491|SyncSend-1-0x00007f2b8cb6b700|[g:1][SYNC][id:73994dae...][Download][Request][BlockSync]Batch blocks for sending,blockSize=3647,number=214,peer=374bdfe9...,timeCost=2
info|2025-10-11 05:57:43.778551|SyncSend-1-0x00007f2b8cb6b700|[g:1][SYNC][id:73994dae...][Download][Request][BlockSync]Batch blocks for sending,blockSize=3645,number=215,peer=374bdfe9...,timeCost=2
info|2025-10-11 05:57:43.795589|SyncSend-1-0x00007f2b8cb6b700|[g:1][g:1] [SYNC][id:374bdfe9...][Download][Request][BlockSync]Send block packet,peer=374bdfe9...,blocks=32,bytes(V)=229811
info|2025-10-11 05:57:44.384510|alignTime-1-0x00007f2b8ab67700|[g:1][NodeTimeMaintenance]updateTimeInfo: update median time offset,updatedMedianTimeOffset=-2,peer=064cb676...,peerTime=1760187464381,peerOffset=-3,utcTime=1760187464384
info|2025-10-11 05:57:44.391709|PBFT-1-0x00007f2b80352700|[g:1][CONSENSUS]addRawPrepare,height=449,reqIdx=0,hash=4de78505...,time=0
info|2025-10-11 05:57:44.399768|PBFT-1-0x00007f2b80352700|[g:1][CONSENSUS][PBFT]checkTimeout Succ,view=0,toView=1,nodeIdx=2,changeCycle=1,myNode=73994dae...,timecost=8
info|2025-10-11 05:57:44.409880|PBFT-1-0x00007f2b80352700|[g:1][CONSENSUS][PBFT]checkAndChangeView: Reach consensus,org_view=0,cur_changeCycle=1,curView=0,view=1
info|2025-10-11 05:57:44.472571|alignTime-1-0x00007f2b8ab67700|[g:1][NodeTimeMaintenance]updateTimeInfo: update median time offset,updatedMedianTimeOffset=-1,peer=374bdfe9...,peerTime=1760187464471,peerOffset=-1,utcTime=1760187464472
warning|2025-10-11 05:57:48.913210|PBFT-1-0x00007f2b80352700|[g:1][CONSENSUS][PBFT]ViewChangeWarning: not caused by omit empty block ,v=1,toV=2,curNum=448,hash=207cf09a...,nodeIdx=2,myNode=73994dae...
info|2025-10-11 05:57:48.917415|PBFT-1-0x00007f2b80352700|[g:1][CONSENSUS][PBFT]checkTimeout Succ,view=1,toView=2,nodeIdx=2,changeCycle=2,myNode=73994dae...,timecost=7
info|2025-10-11 05:57:48.923019|PBFT-1-0x00007f2b80352700|[g:1][CONSENSUS][PBFT]checkAndChangeView: Reach consensus,org_view=1,cur_changeCycle=2,curView=1,view=2
info|2025-10-11 05:57:49.923995|PBFTSeal-1-0x00007f2b78b43700|[g:1][CONSENSUS][SEALER]++++++++++++++++ Generating seal on,blkNum=449,tx=0,nodeIdx=2,hash=4a6828b5...
info|2025-10-11 05:57:49.936015|PBFT-1-0x00007f2b80352700|[g:1][CONSENSUS][PBFT]checkTimeout Succ,view=2,toView=3,nodeIdx=2,changeCycle=1,myNode=73994dae...,timecost=5
info|2025-10-11 05:57:49.943235|PBFT-1-0x00007f2b80352700|[g:1][CONSENSUS][PBFT]checkAndChangeView: Reach consensus,org_view=2,cur_changeCycle=1,curView=2,view=3
info|2025-10-11 05:57:50.948868|PBFT-1-0x00007f2b80352700|[g:1][CONSENSUS]addRawPrepare,height=449,reqIdx=3,hash=df748de9...,time=0
info|2025-10-11 05:57:50.953326|PBFT-1-0x00007f2b80352700|[g:1][CONSENSUS][PBFT]checkTimeout Succ,view=3,toView=4,nodeIdx=2,changeCycle=1,myNode=73994dae...,timecost=4
info|2025-10-11 05:57:50.972860|PBFT-1-0x00007f2b80352700|[g:1][CONSENSUS][PBFT]checkAndChangeView: Reach consensus,org_view=3,cur_changeCycle=1,curView=3,view=4
info|2025-10-11 05:57:51.986274|PBFT-1-0x00007f2b80352700|[g:1][CONSENSUS]addRawPrepare,height=449,reqIdx=0,hash=b79899d9...,time=0
info|2025-10-11 05:57:51.988456|PBFT-1-0x00007f2b80352700|[g:1][CONSENSUS][PBFT]checkTimeout Succ,view=4,toView=5,nodeIdx=2,changeCycle=1,myNode=73994dae...,timecost=2
info|2025-10-11 05:57:51.991158|PBFT-1-0x00007f2b80352700|[g:1][CONSENSUS][PBFT]checkAndChangeView: Reach consensus,org_view=4,cur_changeCycle=1,curView=4,view=5
info|2025-10-11 05:57:52.886582|io_service-0x00007f2b9a386700|[NETWORK][Host]P2P Recv Connect, From=127.0.0.1:58008
info|2025-10-11 05:57:52.886671|io_service-0x00007f2b9a386700|[NETWORK][Host]P2P StartAccept,Host=0.0.0.0:30300
info|2025-10-11 05:57:52.898581|io_service-0x00007f2b9a386700|[NETWORK][Host]handshakeServer succ,remote endpoint=127.0.0.1:58008
info|2025-10-11 05:57:52.898693|io_service-0x00007f2b9a386700|[NETWORK][Host]startPeerSession, Remote=127.0.0.1:58008,local endpoint=127.0.0.1:30300,nodeID=064cb676...
info|2025-10-11 05:57:52.906284|io_service-0x00007f2b9a386700|[NETWORK][Host]P2P Recv Connect, From=127.0.0.1:58014
info|2025-10-11 05:57:52.906518|io_service-0x00007f2b9a386700|[NETWORK][Host]P2P StartAccept,Host=0.0.0.0:30300
info|2025-10-11 05:57:52.919045|io_service-0x00007f2b9a386700|[NETWORK][Host]handshakeServer succ,remote endpoint=127.0.0.1:58014
info|2025-10-11 05:57:52.919153|io_service-0x00007f2b9a386700|[NETWORK][Host]startPeerSession, Remote=127.0.0.1:58014,local endpoint=127.0.0.1:30300,nodeID=374bdfe9...
info|2025-10-11 05:57:52.924875|io_service-0x00007f2b9a386700|[NETWORK][Host]P2P Recv Connect, From=127.0.0.1:58024
info|2025-10-11 05:57:52.925038|io_service-0x00007f2b9a386700|[NETWORK][Host]P2P StartAccept,Host=0.0.0.0:30300
info|2025-10-11 05:57:52.934414|io_service-0x00007f2b9a386700|[NETWORK][Host]handshakeServer succ,remote endpoint=127.0.0.1:58024
info|2025-10-11 05:57:52.934537|io_service-0x00007f2b9a386700|[NETWORK][Host]startPeerSession, Remote=127.0.0.1:58024,local endpoint=127.0.0.1:30300,nodeID=87d00b98...
info|2025-10-11 05:57:52.977079|io_service-0x00007f2b9a386700|[P2P][Service] heartBeat,connected count=3
info|2025-10-11 05:57:53.783947|ChannelServer-0x00007f2b91374700|[CHANNEL]Receive new connection,from=127.0.0.1:46020
info|2025-10-11 05:57:54.162977|ChannelServer-0x00007f2b91374700|[CHANNEL]channel new connect, host=127.0.0.1:46020
info|2025-10-11 05:57:54.163103|ChannelServer-0x00007f2b91374700|[CHANNEL]start receive
info|2025-10-11 05:57:54.163120|ChannelServer-0x00007f2b91374700|[CHANNEL][SESSION]setRemotePublicKey: set sdk public key,sdkPublicKey=18ec5cfe...
info|2025-10-11 05:57:54.579814|ChannelReq-0x00007f2b96b7f700|[RPC][getClientVersion]request
info|2025-10-11 05:57:54.717971|ChannelReq-0x00007f2b9637e700|[CHANNEL]onClientHandshake,ProtocolVersion=3,clientType=java-sdk,endpoint=127.0.0.1:46020
info|2025-10-11 05:57:54.881535|ChannelReq-0x00007f2b95b7d700|[RPC][getGroupList]request
info|2025-10-11 05:57:55.023913|ChannelReq-0x00007f2b98382700|[RPC][getClientVersion]request
warning|2025-10-11 05:57:56.498518|PBFT-1-0x00007f2b80352700|[g:1][CONSENSUS][PBFT]ViewChangeWarning: not caused by omit empty block ,v=5,toV=6,curNum=448,hash=207cf09a...,nodeIdx=2,myNode=73994dae...
info|2025-10-11 05:57:56.498853|PBFT-1-0x00007f2b80352700|[g:1][CONSENSUS][PBFT]checkTimeout Succ,view=5,toView=6,nodeIdx=2,changeCycle=2,myNode=73994dae...,timecost=2
info|2025-10-11 05:57:56.507278|PBFT-1-0x00007f2b80352700|[g:1][CONSENSUS][PBFT]checkAndChangeView: Reach consensus,org_view=5,cur_changeCycle=2,curView=5,view=6
info|2025-10-11 05:57:57.508385|PBFTSeal-1-0x00007f2b78b43700|[g:1][CONSENSUS][SEALER]++++++++++++++++ Generating seal on,blkNum=449,tx=0,nodeIdx=2,hash=ce680ccb...
info|2025-10-11 05:57:57.510985|PBFT-1-0x00007f2b80352700|[g:1][CONSENSUS][PBFT]checkTimeout Succ,view=6,toView=7,nodeIdx=2,changeCycle=1,myNode=73994dae...,timecost=2
info|2025-10-11 05:57:57.520004|PBFT-1-0x00007f2b80352700|[g:1][CONSENSUS][PBFT]checkAndChangeView: Reach consensus,org_view=6,cur_changeCycle=1,curView=6,view=7
info|2025-10-11 05:57:58.525776|PBFT-1-0x00007f2b80352700|[g:1][CONSENSUS]addRawPrepare,height=449,reqIdx=3,hash=c38aa0e5...,time=0
info|2025-10-11 05:57:58.527158|PBFT-1-0x00007f2b80352700|[g:1][CONSENSUS][PBFT]checkTimeout Succ,view=7,toView=8,nodeIdx=2,changeCycle=1,myNode=73994dae...,timecost=2
info|2025-10-11 05:57:58.535828|PBFT-1-0x00007f2b80352700|[g:1][CONSENSUS][PBFT]checkAndChangeView: Reach consensus,org_view=7,cur_changeCycle=1,curView=7,view=8
info|2025-10-11 05:57:59.541801|PBFT-1-0x00007f2b80352700|[g:1][CONSENSUS]addRawPrepare,height=449,reqIdx=0,hash=ee80510b...,time=0
info|2025-10-11 05:57:59.544795|PBFT-1-0x00007f2b80352700|[g:1][CONSENSUS][PBFT]checkTimeout Succ,view=8,toView=9,nodeIdx=2,changeCycle=1,myNode=73994dae...,timecost=2
info|2025-10-11 05:57:59.552021|PBFT-1-0x00007f2b80352700|[g:1][CONSENSUS][PBFT]checkAndChangeView: Reach consensus,org_view=8,cur_changeCycle=1,curView=8,view=9
info|2025-10-11 05:58:02.977887|io_service-0x00007f2b9a386700|[P2P][Service] heartBeat,connected count=3
warning|2025-10-11 05:58:04.059889|PBFT-1-0x00007f2b80352700|[g:1][CONSENSUS][PBFT]ViewChangeWarning: not caused by omit empty block ,v=9,toV=10,curNum=448,hash=207cf09a...,nodeIdx=2,myNode=73994dae...
info|2025-10-11 05:58:04.060038|PBFT-1-0x00007f2b80352700|[g:1][CONSENSUS][PBFT]checkTimeout Succ,view=9,toView=10,nodeIdx=2,changeCycle=2,myNode=73994dae...,timecost=2
info|2025-10-11 05:58:04.070318|PBFT-1-0x00007f2b80352700|[g:1][CONSENSUS][PBFT]checkAndChangeView: Reach consensus,org_view=9,cur_changeCycle=2,curView=9,view=10
info|2025-10-11 05:58:05.071933|PBFTSeal-1-0x00007f2b78b43700|[g:1][CONSENSUS][SEALER]++++++++++++++++ Generating seal on,blkNum=449,tx=0,nodeIdx=2,hash=9dfaafd3...
info|2025-10-11 05:58:05.081489|PBFT-1-0x00007f2b80352700|[g:1][CONSENSUS][PBFT]checkTimeout Succ,view=10,toView=11,nodeIdx=2,changeCycle=1,myNode=73994dae...,timecost=2
info|2025-10-11 05:58:05.091117|PBFT-1-0x00007f2b80352700|[g:1][CONSENSUS][PBFT]checkAndChangeView: Reach consensus,org_view=10,cur_changeCycle=1,curView=10,view=11
info|2025-10-11 05:58:06.103429|PBFT-1-0x00007f2b80352700|[g:1][CONSENSUS]addRawPrepare,height=449,reqIdx=3,hash=113c1143...,time=0
info|2025-10-11 05:58:06.106068|PBFT-1-0x00007f2b80352700|[g:1][CONSENSUS][PBFT]checkTimeout Succ,view=11,toView=12,nodeIdx=2,changeCycle=1,myNode=73994dae...,timecost=3
info|2025-10-11 05:58:06.115968|PBFT-1-0x00007f2b80352700|[g:1][CONSENSUS][PBFT]checkAndChangeView: Reach consensus,org_view=11,cur_changeCycle=1,curView=11,view=12
info|2025-10-11 05:58:07.118380|PBFT-1-0x00007f2b80352700|[g:1][CONSENSUS]addRawPrepare,height=449,reqIdx=0,hash=d31c43bd...,time=0
info|2025-10-11 05:58:07.122201|PBFT-1-0x00007f2b80352700|[g:1][CONSENSUS][PBFT]checkTimeout Succ,view=12,toView=13,nodeIdx=2,changeCycle=1,myNode=73994dae...,timecost=4
info|2025-10-11 05:58:07.125266|PBFT-1-0x00007f2b80352700|[g:1][CONSENSUS][PBFT]checkAndChangeView: Reach consensus,org_view=12,cur_changeCycle=1,curView=12,view=13
warning|2025-10-11 05:58:11.627097|PBFT-1-0x00007f2b80352700|[g:1][CONSENSUS][PBFT]ViewChangeWarning: not caused by omit empty block ,v=13,toV=14,curNum=448,hash=207cf09a...,nodeIdx=2,myNode=73994dae...
info|2025-10-11 05:58:11.627339|PBFT-1-0x00007f2b80352700|[g:1][CONSENSUS][PBFT]checkTimeout Succ,view=13,toView=14,nodeIdx=2,changeCycle=2,myNode=73994dae...,timecost=2
info|2025-10-11 05:58:11.636772|PBFT-1-0x00007f2b80352700|[g:1][CONSENSUS][PBFT]checkAndChangeView: Reach consensus,org_view=13,cur_changeCycle=2,curView=13,view=14
info|2025-10-11 05:58:12.638063|PBFTSeal-1-0x00007f2b78b43700|[g:1][CONSENSUS][SEALER]++++++++++++++++ Generating seal on,blkNum=449,tx=0,nodeIdx=2,hash=0a4c3758...
info|2025-10-11 05:58:12.646336|PBFT-1-0x00007f2b80352700|[g:1][CONSENSUS][PBFT]checkTimeout Succ,view=14,toView=15,nodeIdx=2,changeCycle=1,myNode=73994dae...,timecost=2
info|2025-10-11 05:58:12.654974|PBFT-1-0x00007f2b80352700|[g:1][CONSENSUS][PBFT]checkAndChangeView: Reach consensus,org_view=14,cur_changeCycle=1,curView=14,view=15
info|2025-10-11 05:58:12.978225|io_service-0x00007f2b9a386700|[P2P][Service] heartBeat,connected count=3
info|2025-10-11 05:58:13.656758|PBFT-1-0x00007f2b80352700|[g:1][CONSENSUS]addRawPrepare,height=449,reqIdx=3,hash=575eb45d...,time=0
info|2025-10-11 05:58:13.662156|PBFT-1-0x00007f2b80352700|[g:1][CONSENSUS][PBFT]checkTimeout Succ,view=15,toView=16,nodeIdx=2,changeCycle=1,myNode=73994dae...,timecost=6
info|2025-10-11 05:58:13.668362|PBFT-1-0x00007f2b80352700|[g:1][CONSENSUS][PBFT]checkAndChangeView: Reach consensus,org_view=15,cur_changeCycle=1,curView=15,view=16
info|2025-10-11 05:58:14.670166|PBFT-1-0x00007f2b80352700|[g:1][CONSENSUS]addRawPrepare,height=449,reqIdx=0,hash=f8c669ed...,time=0
info|2025-10-11 05:58:14.672054|PBFT-1-0x00007f2b80352700|[g:1][CONSENSUS][PBFT]checkTimeout Succ,view=16,toView=17,nodeIdx=2,changeCycle=1,myNode=73994dae...,timecost=2
info|2025-10-11 05:58:14.680866|PBFT-1-0x00007f2b80352700|[g:1][CONSENSUS][PBFT]checkAndChangeView: Reach consensus,org_view=16,cur_changeCycle=1,curView=16,view=17
warning|2025-10-11 05:58:19.185863|PBFT-1-0x00007f2b80352700|[g:1][CONSENSUS][PBFT]ViewChangeWarning: not caused by omit empty block ,v=17,toV=18,curNum=448,hash=207cf09a...,nodeIdx=2,myNode=73994dae...
info|2025-10-11 05:58:19.186036|PBFT-1-0x00007f2b80352700|[g:1][CONSENSUS][PBFT]checkTimeout Succ,view=17,toView=18,nodeIdx=2,changeCycle=2,myNode=73994dae...,timecost=2
info|2025-10-11 05:58:19.194978|PBFT-1-0x00007f2b80352700|[g:1][CONSENSUS][PBFT]checkAndChangeView: Reach consensus,org_view=17,cur_changeCycle=2,curView=17,view=18
info|2025-10-11 05:58:20.195065|PBFTSeal-1-0x00007f2b78b43700|[g:1][CONSENSUS][SEALER]++++++++++++++++ Generating seal on,blkNum=449,tx=0,nodeIdx=2,hash=5c64f25e...
info|2025-10-11 05:58:20.206178|PBFT-1-0x00007f2b80352700|[g:1][CONSENSUS][PBFT]checkTimeout Succ,view=18,toView=19,nodeIdx=2,changeCycle=1,myNode=73994dae...,timecost=3
info|2025-10-11 05:58:20.212558|PBFT-1-0x00007f2b80352700|[g:1][CONSENSUS][PBFT]checkAndChangeView: Reach consensus,org_view=18,cur_changeCycle=1,curView=18,view=19
info|2025-10-11 05:58:21.218939|PBFT-1-0x00007f2b80352700|[g:1][CONSENSUS]addRawPrepare,height=449,reqIdx=3,hash=33c18b7a...,time=0
info|2025-10-11 05:58:21.220518|PBFT-1-0x00007f2b80352700|[g:1][CONSENSUS][PBFT]checkTimeout Succ,view=19,toView=20,nodeIdx=2,changeCycle=1,myNode=73994dae...,timecost=2
info|2025-10-11 05:58:21.229498|PBFT-1-0x00007f2b80352700|[g:1][CONSENSUS][PBFT]checkAndChangeView: Reach consensus,org_view=19,cur_changeCycle=1,curView=19,view=20
info|2025-10-11 05:58:22.237026|PBFT-1-0x00007f2b80352700|[g:1][CONSENSUS]addRawPrepare,height=449,reqIdx=0,hash=89ea40cc...,time=0
info|2025-10-11 05:58:22.239213|PBFT-1-0x00007f2b80352700|[g:1][CONSENSUS][PBFT]checkTimeout Succ,view=20,toView=21,nodeIdx=2,changeCycle=1,myNode=73994dae...,timecost=2
info|2025-10-11 05:58:22.247657|PBFT-1-0x00007f2b80352700|[g:1][CONSENSUS][PBFT]checkAndChangeView: Reach consensus,org_view=20,cur_changeCycle=1,curView=20,view=21
info|2025-10-11 05:58:22.979222|io_service-0x00007f2b9a386700|[P2P][Service] heartBeat,connected count=3
warning|2025-10-11 05:58:26.752321|PBFT-1-0x00007f2b80352700|[g:1][CONSENSUS][PBFT]ViewChangeWarning: not caused by omit empty block ,v=21,toV=22,curNum=448,hash=207cf09a...,nodeIdx=2,myNode=73994dae...
info|2025-10-11 05:58:26.752528|PBFT-1-0x00007f2b80352700|[g:1][CONSENSUS][PBFT]checkTimeout Succ,view=21,toView=22,nodeIdx=2,changeCycle=2,myNode=73994dae...,timecost=2
info|2025-10-11 05:58:26.766956|PBFT-1-0x00007f2b80352700|[g:1][CONSENSUS][PBFT]checkAndChangeView: Reach consensus,org_view=21,cur_changeCycle=2,curView=21,view=22
info|2025-10-11 05:58:27.768108|PBFTSeal-1-0x00007f2b78b43700|[g:1][CONSENSUS][SEALER]++++++++++++++++ Generating seal on,blkNum=449,tx=0,nodeIdx=2,hash=4bd3b754...
info|2025-10-11 05:58:27.775867|PBFT-1-0x00007f2b80352700|[g:1][CONSENSUS][PBFT]checkTimeout Succ,view=22,toView=23,nodeIdx=2,changeCycle=1,myNode=73994dae...,timecost=4
info|2025-10-11 05:58:27.790872|PBFT-1-0x00007f2b80352700|[g:1][CONSENSUS][PBFT]checkAndChangeView: Reach consensus,org_view=22,cur_changeCycle=1,curView=22,view=23
info|2025-10-11 05:58:28.799774|PBFT-1-0x00007f2b80352700|[g:1][CONSENSUS]addRawPrepare,height=449,reqIdx=3,hash=a6c6fee6...,time=0
info|2025-10-11 05:58:28.801447|PBFT-1-0x00007f2b80352700|[g:1][CONSENSUS][PBFT]checkTimeout Succ,view=23,toView=24,nodeIdx=2,changeCycle=1,myNode=73994dae...,timecost=2
info|2025-10-11 05:58:28.810856|PBFT-1-0x00007f2b80352700|[g:1][CONSENSUS][PBFT]checkAndChangeView: Reach consensus,org_view=23,cur_changeCycle=1,curView=23,view=24
info|2025-10-11 05:58:29.816067|PBFT-1-0x00007f2b80352700|[g:1][CONSENSUS]addRawPrepare,height=449,reqIdx=0,hash=6ced0b9c...,time=0
info|2025-10-11 05:58:29.819710|PBFT-1-0x00007f2b80352700|[g:1][CONSENSUS][PBFT]checkTimeout Succ,view=24,toView=25,nodeIdx=2,changeCycle=1,myNode=73994dae...,timecost=3
info|2025-10-11 05:58:29.824956|PBFT-1-0x00007f2b80352700|[g:1][CONSENSUS][PBFT]checkAndChangeView: Reach consensus,org_view=24,cur_changeCycle=1,curView=24,view=25
info|2025-10-11 05:58:32.200843|P2P-0x00007f2b9bb89700|[g:1] [SYNC][id:73994dae...][Download][Request]Receive block request,peer=374bdfe9...,from=184,to=184
info|2025-10-11 05:58:32.201386|SyncSend-1-0x00007f2b8cb6b700|[g:1][SYNC][id:73994dae...][Download][Request][BlockSync]Batch blocks for sending,blockSize=24480,number=184,peer=374bdfe9...,timeCost=0
info|2025-10-11 05:58:32.201516|SyncSend-1-0x00007f2b8cb6b700|[g:1][g:1] [SYNC][id:374bdfe9...][Download][Request][BlockSync]Send block packet,peer=374bdfe9...,blocks=1,bytes(V)=24487
info|2025-10-11 05:58:32.979911|io_service-0x00007f2b9a386700|[P2P][Service] heartBeat,connected count=3
info|2025-10-11 05:58:34.052898|ChannelReq-0x00007f2b98b83700|[RPC][getGroupList]request
warning|2025-10-11 05:58:34.328234|PBFT-1-0x00007f2b80352700|[g:1][CONSENSUS][PBFT]ViewChangeWarning: not caused by omit empty block ,v=25,toV=26,curNum=448,hash=207cf09a...,nodeIdx=2,myNode=73994dae...
info|2025-10-11 05:58:34.332288|PBFT-1-0x00007f2b80352700|[g:1][CONSENSUS][PBFT]checkTimeout Succ,view=25,toView=26,nodeIdx=2,changeCycle=2,myNode=73994dae...,timecost=6
info|2025-10-11 05:58:34.338500|PBFT-1-0x00007f2b80352700|[g:1][CONSENSUS][PBFT]checkAndChangeView: Reach consensus,org_view=25,cur_changeCycle=2,curView=25,view=26
info|2025-10-11 05:58:35.339119|PBFTSeal-1-0x00007f2b78b43700|[g:1][CONSENSUS][SEALER]++++++++++++++++ Generating seal on,blkNum=449,tx=0,nodeIdx=2,hash=59e37e47...
info|2025-10-11 05:58:35.347640|PBFT-1-0x00007f2b80352700|[g:1][CONSENSUS][PBFT]checkTimeout Succ,view=26,toView=27,nodeIdx=2,changeCycle=1,myNode=73994dae...,timecost=2
info|2025-10-11 05:58:35.353323|PBFT-1-0x00007f2b80352700|[g:1][CONSENSUS][PBFT]checkAndChangeView: Reach consensus,org_view=26,cur_changeCycle=1,curView=26,view=27
info|2025-10-11 05:58:36.355472|PBFT-1-0x00007f2b80352700|[g:1][CONSENSUS]addRawPrepare,height=449,reqIdx=3,hash=97da896e...,time=0
info|2025-10-11 05:58:36.358178|PBFT-1-0x00007f2b80352700|[g:1][CONSENSUS][PBFT]checkTimeout Succ,view=27,toView=28,nodeIdx=2,changeCycle=1,myNode=73994dae...,timecost=3
info|2025-10-11 05:58:36.368185|PBFT-1-0x00007f2b80352700|[g:1][CONSENSUS][PBFT]checkAndChangeView: Reach consensus,org_view=27,cur_changeCycle=1,curView=27,view=28
info|2025-10-11 05:58:37.369394|PBFT-1-0x00007f2b80352700|[g:1][CONSENSUS]addRawPrepare,height=449,reqIdx=0,hash=702dcb2b...,time=0
info|2025-10-11 05:58:37.376061|PBFT-1-0x00007f2b80352700|[g:1][CONSENSUS][PBFT]checkTimeout Succ,view=28,toView=29,nodeIdx=2,changeCycle=1,myNode=73994dae...,timecost=7
info|2025-10-11 05:58:37.382437|PBFT-1-0x00007f2b80352700|[g:1][CONSENSUS][PBFT]checkAndChangeView: Reach consensus,org_view=28,cur_changeCycle=1,curView=28,view=29
warning|2025-10-11 05:58:41.888006|PBFT-1-0x00007f2b80352700|[g:1][CONSENSUS][PBFT]ViewChangeWarning: not caused by omit empty block ,v=29,toV=30,curNum=448,hash=207cf09a...,nodeIdx=2,myNode=73994dae...
info|2025-10-11 05:58:41.888300|PBFT-1-0x00007f2b80352700|[g:1][CONSENSUS][PBFT]checkTimeout Succ,view=29,toView=30,nodeIdx=2,changeCycle=2,myNode=73994dae...,timecost=4
info|2025-10-11 05:58:41.897028|PBFT-1-0x00007f2b80352700|[g:1][CONSENSUS][PBFT]checkAndChangeView: Reach consensus,org_view=29,cur_changeCycle=2,curView=29,view=30
info|2025-10-11 05:58:42.898955|PBFTSeal-1-0x00007f2b78b43700|[g:1][CONSENSUS][SEALER]++++++++++++++++ Generating seal on,blkNum=449,tx=0,nodeIdx=2,hash=e0bdacc6...
info|2025-10-11 05:58:42.901751|PBFT-1-0x00007f2b80352700|[g:1][CONSENSUS][PBFT]checkTimeout Succ,view=30,toView=31,nodeIdx=2,changeCycle=1,myNode=73994dae...,timecost=1
info|2025-10-11 05:58:42.910343|PBFT-1-0x00007f2b80352700|[g:1][CONSENSUS][PBFT]checkAndChangeView: Reach consensus,org_view=30,cur_changeCycle=1,curView=30,view=31
info|2025-10-11 05:58:42.980459|io_service-0x00007f2b9a386700|[P2P][Service] heartBeat,connected count=3
info|2025-10-11 05:58:43.920085|PBFT-1-0x00007f2b80352700|[g:1][CONSENSUS]addRawPrepare,height=449,reqIdx=3,hash=1dc7ce4b...,time=0
info|2025-10-11 05:58:43.922647|PBFT-1-0x00007f2b80352700|[g:1][CONSENSUS][PBFT]checkTimeout Succ,view=31,toView=32,nodeIdx=2,changeCycle=1,myNode=73994dae...,timecost=2
info|2025-10-11 05:58:43.930846|PBFT-1-0x00007f2b80352700|[g:1][CONSENSUS][PBFT]checkAndChangeView: Reach consensus,org_view=31,cur_changeCycle=1,curView=31,view=32
info|2025-10-11 05:58:44.933857|PBFT-1-0x00007f2b80352700|[g:1][CONSENSUS]addRawPrepare,height=449,reqIdx=0,hash=02b72aa3...,time=0
info|2025-10-11 05:58:44.935855|PBFT-1-0x00007f2b80352700|[g:1][CONSENSUS][PBFT]checkTimeout Succ,view=32,toView=33,nodeIdx=2,changeCycle=1,myNode=73994dae...,timecost=2
info|2025-10-11 05:58:44.945365|PBFT-1-0x00007f2b80352700|[g:1][CONSENSUS][PBFT]checkAndChangeView: Reach consensus,org_view=32,cur_changeCycle=1,curView=32,view=33
warning|2025-10-11 05:58:49.454317|PBFT-1-0x00007f2b80352700|[g:1][CONSENSUS][PBFT]ViewChangeWarning: not caused by omit empty block ,v=33,toV=34,curNum=448,hash=207cf09a...,nodeIdx=2,myNode=73994dae...
info|2025-10-11 05:58:49.454765|PBFT-1-0x00007f2b80352700|[g:1][CONSENSUS][PBFT]checkTimeout Succ,view=33,toView=34,nodeIdx=2,changeCycle=2,myNode=73994dae...,timecost=3
info|2025-10-11 05:58:49.463046|PBFT-1-0x00007f2b80352700|[g:1][CONSENSUS][PBFT]checkAndChangeView: Reach consensus,org_view=33,cur_changeCycle=2,curView=33,view=34
info|2025-10-11 05:58:50.465021|PBFTSeal-1-0x00007f2b78b43700|[g:1][CONSENSUS][SEALER]++++++++++++++++ Generating seal on,blkNum=449,tx=0,nodeIdx=2,hash=eea2a0fe...
info|2025-10-11 05:58:50.476387|PBFT-1-0x00007f2b80352700|[g:1][CONSENSUS][PBFT]checkTimeout Succ,view=34,toView=35,nodeIdx=2,changeCycle=1,myNode=73994dae...,timecost=4
info|2025-10-11 05:58:50.481057|PBFT-1-0x00007f2b80352700|[g:1][CONSENSUS][PBFT]checkAndChangeView: Reach consensus,org_view=34,cur_changeCycle=1,curView=34,view=35
info|2025-10-11 05:58:51.490624|PBFT-1-0x00007f2b80352700|[g:1][CONSENSUS]addRawPrepare,height=449,reqIdx=3,hash=28ccaa46...,time=0
info|2025-10-11 05:58:51.496618|PBFT-1-0x00007f2b80352700|[g:1][CONSENSUS][PBFT]checkTimeout Succ,view=35,toView=36,nodeIdx=2,changeCycle=1,myNode=73994dae...,timecost=6
info|2025-10-11 05:58:51.511140|PBFT-1-0x00007f2b80352700|[g:1][CONSENSUS][PBFT]checkAndChangeView: Reach consensus,org_view=35,cur_changeCycle=1,curView=35,view=36
info|2025-10-11 05:58:52.518397|PBFT-1-0x00007f2b80352700|[g:1][CONSENSUS]addRawPrepare,height=449,reqIdx=0,hash=5e51090c...,time=0
info|2025-10-11 05:58:52.524647|PBFT-1-0x00007f2b80352700|[g:1][CONSENSUS][PBFT]checkTimeout Succ,view=36,toView=37,nodeIdx=2,changeCycle=1,myNode=73994dae...,timecost=6
info|2025-10-11 05:58:52.558365|PBFT-1-0x00007f2b80352700|[g:1][CONSENSUS][PBFT]checkAndChangeView: Reach consensus,org_view=36,cur_changeCycle=1,curView=36,view=37
info|2025-10-11 05:58:52.981087|io_service-0x00007f2b9a386700|[P2P][Service] heartBeat,connected count=3
info|2025-10-11 05:58:57.064788|PBFT-1-0x00007f2b80352700|[g:1][CONSENSUS][PBFT]Trigger fast-viewchange,view=37,toView=37,minView=38,INFO=,reqNum=448,curNum=448,GenIdx=0,Cview=38,view=37,fromIdx=0,fromNode=064cb676...,fromIp=127.0.0.1:30303,hash=207cf09a...,nodeIdx=2,myNode=73994dae...
info|2025-10-11 05:58:57.066105|PBFT-1-0x00007f2b80352700|[g:1][CONSENSUS][PBFT]checkAndChangeView: Reach consensus,org_view=37,cur_changeCycle=2,curView=37,view=38
info|2025-10-11 05:58:57.066173|PBFT-1-0x00007f2b80352700|[g:1][CONSENSUS][PBFT]checkTimeout Succ,view=38,toView=38,nodeIdx=2,changeCycle=2,myNode=73994dae...,timecost=2
info|2025-10-11 05:58:58.067318|PBFTSeal-1-0x00007f2b78b43700|[g:1][CONSENSUS][SEALER]++++++++++++++++ Generating seal on,blkNum=449,tx=0,nodeIdx=2,hash=c3ad0ad7...
info|2025-10-11 05:58:58.071383|PBFT-1-0x00007f2b80352700|[g:1][CONSENSUS][PBFT]checkTimeout Succ,view=38,toView=39,nodeIdx=2,changeCycle=1,myNode=73994dae...,timecost=2
info|2025-10-11 05:58:58.079926|PBFT-1-0x00007f2b80352700|[g:1][CONSENSUS][PBFT]checkAndChangeView: Reach consensus,org_view=38,cur_changeCycle=1,curView=38,view=39
info|2025-10-11 05:58:58.224080|P2P-0x00007f2b9ab87700|[g:1] [SYNC][id:73994dae...][Download][Request]Receive block request,peer=374bdfe9...,from=184,to=184
info|2025-10-11 05:58:58.224575|SyncSend-1-0x00007f2b8cb6b700|[g:1][SYNC][id:73994dae...][Download][Request][BlockSync]Batch blocks for sending,blockSize=24480,number=184,peer=374bdfe9...,timeCost=0
info|2025-10-11 05:58:58.224656|SyncSend-1-0x00007f2b8cb6b700|[g:1][g:1] [SYNC][id:374bdfe9...][Download][Request][BlockSync]Send block packet,peer=374bdfe9...,blocks=1,bytes(V)=24487
info|2025-10-11 05:58:59.090031|PBFT-1-0x00007f2b80352700|[g:1][CONSENSUS]addRawPrepare,height=449,reqIdx=3,hash=8589533a...,time=0
info|2025-10-11 05:58:59.093449|PBFT-1-0x00007f2b80352700|[g:1][CONSENSUS][PBFT]checkTimeout Succ,view=39,toView=40,nodeIdx=2,changeCycle=1,myNode=73994dae...,timecost=3
info|2025-10-11 05:58:59.097688|PBFT-1-0x00007f2b80352700|[g:1][CONSENSUS][PBFT]checkAndChangeView: Reach consensus,org_view=39,cur_changeCycle=1,curView=39,view=40
info|2025-10-11 05:58:59.601840|PBFTWork-1-0x00007f2b86b5f700|[g:1][CONSENSUS][PartiallyPBFTReqCache]addPartiallyRawPrepare,height=449,reqIdx=0,hash=3f35af58...
info|2025-10-11 05:58:59.602292|PBFTWork-1-0x00007f2b86b5f700|[g:1][BLOCKVERIFIER][executeBlock]Executing block,txNum=1,num=449,parentHash=207cf09a3558eb3ca1b014ce4bef02d0143bf3ab8e407d179f20037533cc68e2,parentNum=448,parentStateRoot=0000000000000000000000000000000000000000000000000000000000000000
info|2025-10-11 05:58:59.602779|PBFTWork-1-0x00007f2b86b5f700|[g:1][PRECOMPILED]init GasChargeManagePrecompiled
info|2025-10-11 05:58:59.620402|PBFTWork-1-0x00007f2b86b5f700|[g:1][STORAGE][MemoryTableFactory2]createTable,table name=c_005cb4b6edfcb52e6282c2ac514973fb135a9576,keyField=key,valueField=value
info|2025-10-11 05:58:59.622500|PBFTWork-1-0x00007f2b86b5f700|[g:1][CONSENSUS][PBFT]execBlock,blkNum=449,reqIdx=0,hash=9d92eec5...,nodeIdx=2,myNode=73994dae...,decodeCost=0,checkCost=0,notifyCost=0,noteSealingCost=0,currentCycle=1,verifyAndSetSenderCost=0,execCost=20,execPerTx=20,totalCost=20
info|2025-10-11 05:58:59.625013|PBFTWork-1-0x00007f2b86b5f700|[g:1][CONSENSUS][PBFT]handlePrepareMsg Succ,timecost=3,INFO=handlePartiallyPrepare,reqIdx=0,view=40,reqNum=449,curNum=448,consNum=449,hash=3f35af58...,nodeIdx=2,myNode=73994dae...,curChangeCycle=1
info|2025-10-11 05:58:59.627783|PBFT-1-0x00007f2b80352700|[g:1][CONSENSUS][PBFT]handleSignMsg Succ,Timecost=2,INFO=handleSignMsg,num=449,curNum=448,GenIdx=0,Sview=40,view=40,fromIdx=0,fromNode=064cb676...,fromIp=127.0.0.1:30303,hash=9d92eec5...,nodeIdx=2,myNode=73994dae...
info|2025-10-11 05:58:59.653948|PBFT-1-0x00007f2b80352700|[g:1][CONSENSUS][PBFT]checkAndCommit: backup/updateCommittedPrepare,reqNum=449,hash=3f35af58...,nodeIdx=2,myNode=73994dae...
info|2025-10-11 05:58:59.655648|PBFT-1-0x00007f2b80352700|[g:1][CONSENSUS][PBFT]handleSignMsg Succ,Timecost=3,INFO=handleSignMsg,num=449,curNum=448,GenIdx=3,Sview=40,view=40,fromIdx=3,fromNode=87d00b98...,fromIp=127.0.0.1:30302,hash=9d92eec5...,nodeIdx=2,myNode=73994dae...
info|2025-10-11 05:58:59.662480|PBFT-1-0x00007f2b80352700|[g:1][CONSENSUS][PBFT]handleCommitMsg Succ,INFO=handleCommitMsg,reqNum=449,curNum=448,GenIdx=0,Cview=40,view=40,fromIdx=0,fromNode=064cb676...,fromIp=127.0.0.1:30303,hash=9d92eec5...,nodeIdx=2,myNode=73994dae...,Timecost=4
info|2025-10-11 05:58:59.672547|PBFT-1-0x00007f2b80352700|[g:1][CONSENSUS][PBFT]checkAndSave: CommitReq enough,prepareHeight=449,commitSize=3,hash=9d92eec5...,nodeIdx=2,myNode=73994dae...
info|2025-10-11 05:58:59.673496|PBFT-1-0x00007f2b80352700|[g:1][g:1][STORAGE][CachedStorage]commit: 9 num: 449
info|2025-10-11 05:58:59.682052|PBFT-1-0x00007f2b80352700|[g:1][g:1][STORAGE][CachedStorage]Submited block task: 449, current syncd block: 448
info|2025-10-11 05:58:59.682197|PBFT-1-0x00007f2b80352700|[g:1]Push block notify: 1-449
info|2025-10-11 05:58:59.682279|taskPool-1-0x00007f2b89364700|[g:1][g:1][STORAGE][CachedStorage]Start commit block: 449 to backend storage
info|2025-10-11 05:58:59.682930|PBFT-1-0x00007f2b80352700|[g:1][CHANNEL]Push message success,topic=_block_notify_1,seq=00000000,session=127.0.0.1:46020,
info|2025-10-11 05:58:59.684719|PBFT-1-0x00007f2b80352700|[g:1][CONSENSUS][PBFT]CommitBlock Succ,prepareHeight=449,reqIdx=0,hash=9d92eec5...,nodeIdx=2,myNode=73994dae...,genSigTimeCost=0,commitBlockTimeCost=11,dropTxsTimeCost=1,noteSealingTimeCost=0,totalTimeCost=12
info|2025-10-11 05:58:59.684765|PBFT-1-0x00007f2b80352700|[g:1][CONSENSUS][PBFT]handleCommitMsg Succ,INFO=handleCommitMsg,reqNum=449,curNum=448,GenIdx=3,Cview=40,view=40,fromIdx=3,fromNode=87d00b98...,fromIp=127.0.0.1:30302,hash=9d92eec5...,nodeIdx=2,myNode=73994dae...,Timecost=15
info|2025-10-11 05:58:59.685054|PBFTSeal-1-0x00007f2b78b43700|[g:1][CONSENSUS][SEALER]increase maxNoTimeoutTx,maxNoTimeoutTx=1
info|2025-10-11 05:58:59.685074|PBFTSeal-1-0x00007f2b78b43700|[g:1][CONSENSUS][PBFT]^^^^^^^^Report,num=449,sealerIdx=0,hash=9d92eec5...,next=450,tx=1,nodeIdx=2
info|2025-10-11 05:58:59.761142|taskPool-1-0x00007f2b89364700|[g:1][g:1][STORAGE][CachedStorage]
---------------------------------------------------------------------
Commit block: 449 to backend storage finished, current cached block: 449
Flush elapsed time: 0.0789s
---------------------------------------------------------------------
warning|2025-10-11 05:59:02.690997|PBFT-1-0x00007f2b80352700|[g:1][CONSENSUS][PBFT]ViewChangeWarning: not caused by omit empty block ,v=0,toV=1,curNum=449,hash=9d92eec5...,nodeIdx=2,myNode=73994dae...
info|2025-10-11 05:59:02.692686|PBFT-1-0x00007f2b80352700|[g:1][CONSENSUS][PBFT]checkTimeout Succ,view=0,toView=1,nodeIdx=2,changeCycle=1,myNode=73994dae...,timecost=3
info|2025-10-11 05:59:02.697826|PBFT-1-0x00007f2b80352700|[g:1][CONSENSUS][PBFT]checkAndChangeView: Reach consensus,org_view=0,cur_changeCycle=1,curView=0,view=1
info|2025-10-11 05:59:02.981885|io_service-0x00007f2b9a386700|[P2P][Service] heartBeat,connected count=3
info|2025-10-1