info|2025-10-13 03:25:16.119520|fisco-bcos-0x00007f90202c4dc0|[INITIALIZER]ChannelRPCHttpServer deleted.
info|2025-10-13 03:25:16.120984|fisco-bcos-0x00007f90202c4dc0|[INITIALIZER]JsonrpcHttpServer deleted.
info|2025-10-13 03:25:16.121057|fisco-bcos-0x00007f90202c4dc0|[INITIALIZER]RPCInitializer stopped
info|2025-10-13 03:25:16.121156|io_service-0x00007f901d54b700|[NETWORK][Host]Host exit
info|2025-10-13 03:25:16.123542|fisco-bcos-0x00007f90202c4dc0|[INITIALIZER]P2PInitializer stopped
info|2025-10-13 03:25:16.123609|fisco-bcos-0x00007f90202c4dc0|[LEDGER]stop sealer,groupID=1
info|2025-10-13 03:25:16.123623|fisco-bcos-0x00007f90202c4dc0|[LEDGER]sealer stopped. stop sync,groupID=1
info|2025-10-13 03:25:16.123646|fisco-bcos-0x00007f90202c4dc0|[g:1] [SYNC][id:73994dae...]SyncMsgEngine stopped
info|2025-10-13 03:25:16.123985|fisco-bcos-0x00007f90202c4dc0|[GossipBlockStatus]GossipBlockStatus already stopped
info|2025-10-13 03:25:16.123999|fisco-bcos-0x00007f90202c4dc0|[SYNC][id:73994dae...][g:1]SyncMaster stopped
info|2025-10-13 03:25:16.124009|fisco-bcos-0x00007f90202c4dc0|[LEDGER]sync stopped. stop event filter manager,groupID=1
info|2025-10-13 03:25:16.124016|fisco-bcos-0x00007f90202c4dc0|[LEDGER]event filter manager stopped. stop tx pool,groupID=1
info|2025-10-13 03:25:16.124027|fisco-bcos-0x00007f90202c4dc0|[LEDGER]removeNetworkStatHandlerByGroupID and removeGroupBandwidthLimiter for service,groupID=1
info|2025-10-13 03:25:16.124043|fisco-bcos-0x00007f90202c4dc0|[g:1][STORAGE][CachedStorage]Stopping flushStorage thread
info|2025-10-13 03:25:16.787908|fisco-bcos-0x00007f90202c4dc0|[g:1][STORAGE][CachedStorage]flushStorage thread stopped.
info|2025-10-13 03:25:16.787983|fisco-bcos-0x00007f90202c4dc0|[DBINITIALIZER] storage stopped
info|2025-10-13 03:25:16.839960|fisco-bcos-0x00007f90202c4dc0|[g:1] [SYNC][id:73994dae...]SyncMsgEngine stopped
info|2025-10-13 03:25:16.840125|fisco-bcos-0x00007f90202c4dc0|[GossipBlockStatus]GossipBlockStatus already stopped
info|2025-10-13 03:25:16.840161|fisco-bcos-0x00007f90202c4dc0|[SYNC][id:73994dae...][g:1]SyncMaster stopped
info|2025-10-13 03:25:16.840212|fisco-bcos-0x00007f90202c4dc0|[g:1] [SYNC][id:73994dae...]SyncMsgEngine stopped
