info|2025-10-10 08:00:00.174900|Sync-1-0x00007f2f2bb1b700|[g:1][SYNC][id:73994dae...]print sync info,peersCount=3,infoJson={"blockNumber":315,"genesisHash":"f0d3e67991e2c3d83533c031601c30c4741aba35d7d8017900779abe4ae22efe","isSyncing":false,"knownHighestNumber":315,"knownLatestHash":"6da5d8129026a9c6b924c5f9a6f6408b040396ac6282badd756c7a1d307b982e","latestHash":"6da5d8129026a9c6b924c5f9a6f6408b040396ac6282badd756c7a1d307b982e","nodeId":"73994dae9e8b8da733108a4153dfe79151d701dff425f84c87b5324e8ebd02ab6a0ebc9e4f1e0298a7ddca50f94a8f95c62b6997226d571e470e8f2b0600634a","peers":[{"blockNumber":315,"genesisHash":"f0d3e67991e2c3d83533c031601c30c4741aba35d7d8017900779abe4ae22efe","latestHash":"6da5d8129026a9c6b924c5f9a6f6408b040396ac6282badd756c7a1d307b982e","nodeId":"064cb676a36047a4b52ecbf9c01664b1e987d91b438110ba6a12d96972726622e824d295b1de8b0298b5afe7bbbc0bd04a3890e1a36eae028c1cfbe07971b995"},{"blockNumber":183,"genesisHash":"f0d3e67991e2c3d83533c031601c30c4741aba35d7d8017900779abe4ae22efe","latestHash":"84b9e5d996bf7a5eb7a7af1e23a8308230a576a20d5c81a92b78a013e510177d","nodeId":"374bdfe969e1d8ea1200ade93e5d8cf1a7d5741f238011004b0f43ca818706f194b2f067e1708125f7ffc536610b9a72addbd56b238d65f18912be39037ffcc5"},{"blockNumber":315,"genesisHash":"f0d3e67991e2c3d83533c031601c30c4741aba35d7d8017900779abe4ae22efe","latestHash":"6da5d8129026a9c6b924c5f9a6f6408b040396ac6282badd756c7a1d307b982e","nodeId":"87d00b98321fc70a5abc85ad9e80db10cce315194133697bf74aace1d3f8430957a766240f751752708f4282f46110d6ea56c3eb5d1c02ce98a66f327f595270"}],"protocolId":65545,"txPoolSize":"1"}
info|2025-10-10 08:00:04.371885|ChannelReq-0x00007f2f40b45700|[RPC][getGroupList]request
info|2025-10-10 08:00:09.533242|io_service-0x00007f2f4434c700|[P2P][Service] heartBeat,connected count=3
info|2025-10-10 08:00:19.534111|io_service-0x00007f2f4434c700|[P2P][Service] heartBeat,connected count=3
warning|2025-10-10 08:00:28.147424|PBFT-1-0x00007f2f2a318700|[g:1][CONSENSUS][PBFT]ViewChangeWarning: not caused by omit empty block ,v=10,toV=11,curNum=315,hash=6da5d812...,nodeIdx=2,myNode=73994dae...
info|2025-10-10 08:00:28.150188|PBFT-1-0x00007f2f2a318700|[g:1][CONSENSUS][PBFT]checkTimeout Succ,view=10,toView=11,nodeIdx=2,changeCycle=8,myNode=73994dae...,timecost=4
info|2025-10-10 08:00:28.151573|PBFT-1-0x00007f2f2a318700|[g:1][CONSENSUS][PBFT]checkAndChangeView: Reach consensus,org_view=10,cur_changeCycle=8,curView=10,view=11
info|2025-10-10 08:00:28.652853|PBFTSeal-1-0x00007f2f22b09700|[g:1][CONSENSUS][SEALER]++++++++++++++++ Generating seal on,blkNum=316,tx=1,nodeIdx=2,hash=cd1cde7b...
info|2025-10-10 08:00:28.688634|sealerWorker-0x00007f2f32328700|[CONSENSUS]addRawPrepare,height=316,reqIdx=2,hash=cd1cde7b...,time=0
info|2025-10-10 08:00:28.688906|sealerWorker-0x00007f2f32328700|[BLOCKVERIFIER][executeBlock]Executing block,txNum=1,num=316,parentHash=6da5d8129026a9c6b924c5f9a6f6408b040396ac6282badd756c7a1d307b982e,parentNum=315,parentStateRoot=a87833d74143e8df2bd677ee6923f4d0a0a803bd7e009c464543c6f44e888c23
info|2025-10-10 08:00:28.689197|sealerWorker-0x00007f2f32328700|[PRECOMPILED]init GasChargeManagePrecompiled
info|2025-10-10 08:00:28.693705|sealerWorker-0x00007f2f23b0b700|[PRECOMPILED][TimerPrecompiled]getCurrentTimeMillis,timeMillis=1760108428693
info|2025-10-10 08:00:28.695311|sealerWorker-0x00007f2f23b0b700|[PRECOMPILED][TimerPrecompiled]getCurrentTimeMillis,timeMillis=1760108428695
info|2025-10-10 08:00:28.695527|sealerWorker-0x00007f2f32328700|[CONSENSUS][PBFT]execBlock,blkNum=316,reqIdx=2,hash=66fb4008...,nodeIdx=2,myNode=73994dae...,decodeCost=0,checkCost=0,notifyCost=0,noteSealingCost=0,currentCycle=8,verifyAndSetSenderCost=0,execCost=7,execPerTx=7,totalCost=7
info|2025-10-10 08:00:28.697980|sealerWorker-0x00007f2f32328700|[CONSENSUS][PBFT]handlePrepareMsg Succ,timecost=3,INFO=handlePrepareMsg,reqIdx=2,view=11,reqNum=316,curNum=315,consNum=316,curView=11,fromIp=self,hash=cd1cde7b...,nodeIdx=2,myNode=73994dae...,curChangeCycle=8
info|2025-10-10 08:00:28.698032|sealerWorker-0x00007f2f32328700|[CONSENSUS][PBFT]generateLocalPrepare,hash=cd1cde7b...,H=316,nodeIdx=2,myNode=73994dae...
info|2025-10-10 08:00:28.708072|PBFT-1-0x00007f2f2a318700|[g:1][CONSENSUS][PBFT]checkReq: Recv future request,prepHash=66fb4008...,INFO=handleSignMsg,num=316,curNum=315,GenIdx=0,Sview=11,view=11,fromIdx=0,fromNode=064cb676...,fromIp=127.0.0.1:30303,hash=77bb5bfb...,nodeIdx=2,myNode=73994dae...
info|2025-10-10 08:00:28.708117|PBFT-1-0x00007f2f2a318700|[g:1][CONSENSUS][PBFT]FutureBlock,INFO=handleSignMsg,num=316,curNum=315,GenIdx=0,Sview=11,view=11,fromIdx=0,fromNode=064cb676...,fromIp=127.0.0.1:30303,hash=77bb5bfb...,nodeIdx=2,myNode=73994dae...
info|2025-10-10 08:00:28.709578|PBFT-1-0x00007f2f2a318700|[g:1][CONSENSUS][PBFT]checkReq: Recv future request,prepHash=66fb4008...,INFO=handleSignMsg,num=316,curNum=315,GenIdx=3,Sview=11,view=11,fromIdx=3,fromNode=87d00b98...,fromIp=127.0.0.1:30302,hash=77bb5bfb...,nodeIdx=2,myNode=73994dae...
info|2025-10-10 08:00:28.709623|PBFT-1-0x00007f2f2a318700|[g:1][CONSENSUS][PBFT]FutureBlock,INFO=handleSignMsg,num=316,curNum=315,GenIdx=3,Sview=11,view=11,fromIdx=3,fromNode=87d00b98...,fromIp=127.0.0.1:30302,hash=77bb5bfb...,nodeIdx=2,myNode=73994dae...
info|2025-10-10 08:00:29.534672|io_service-0x00007f2f4434c700|[P2P][Service] heartBeat,connected count=3
info|2025-10-10 08:00:39.535411|io_service-0x00007f2f4434c700|[P2P][Service] heartBeat,connected count=3
info|2025-10-10 08:00:49.535937|io_service-0x00007f2f4434c700|[P2P][Service] heartBeat,connected count=3
info|2025-10-10 08:00:53.538788|P2P-0x00007f2f45b4f700|[g:1] [SYNC][id:73994dae...][Download][Request]Receive block request,peer=374bdfe9...,from=184,to=184
info|2025-10-10 08:00:53.539317|SyncSend-1-0x00007f2f36b31700|[g:1][SYNC][id:73994dae...][Download][Request][BlockSync]Batch blocks for sending,blockSize=24480,number=184,peer=374bdfe9...,timeCost=0
info|2025-10-10 08:00:53.539450|SyncSend-1-0x00007f2f36b31700|[g:1][g:1] [SYNC][id:374bdfe9...][Download][Request][BlockSync]Send block packet,peer=374bdfe9...,blocks=1,bytes(V)=24487
info|2025-10-10 08:00:59.537034|io_service-0x00007f2f4434c700|[P2P][Service] heartBeat,connected count=3
info|2025-10-10 08:01:00.111132|P2P-0x00007f2f46350700|[g:1] [SYNC][id:73994dae...][Download][Request]Receive block request,peer=374bdfe9...,from=184,to=184
info|2025-10-10 08:01:00.111525|SyncSend-1-0x00007f2f36b31700|[g:1][SYNC][id:73994dae...][Download][Request][BlockSync]Batch blocks for sending,blockSize=24480,number=184,peer=374bdfe9...,timeCost=0
info|2025-10-10 08:01:00.111612|SyncSend-1-0x00007f2f36b31700|[g:1][g:1] [SYNC][id:374bdfe9...][Download][Request][BlockSync]Send block packet,peer=374bdfe9...,blocks=1,bytes(V)=24487
info|2025-10-10 08:01:04.370316|ChannelReq-0x00007f2f41346700|[RPC][getGroupList]request
info|2025-10-10 08:01:09.537441|io_service-0x00007f2f4434c700|[P2P][Service] heartBeat,connected count=3
info|2025-10-10 08:01:13.120076|P2P-0x00007f2f45b4f700|[g:1] [SYNC][id:73994dae...][Download][Request]Receive block request,peer=374bdfe9...,from=184,to=184
info|2025-10-10 08:01:13.120523|SyncSend-1-0x00007f2f36b31700|[g:1][SYNC][id:73994dae...][Download][Request][BlockSync]Batch blocks for sending,blockSize=24480,number=184,peer=374bdfe9...,timeCost=0
info|2025-10-10 08:01:13.120681|SyncSend-1-0x00007f2f36b31700|[g:1][g:1] [SYNC][id:374bdfe9...][Download][Request][BlockSync]Send block packet,peer=374bdfe9...,blocks=1,bytes(V)=24487
info|2025-10-10 08:01:19.529357|P2P-0x00007f2f4534e700|[g:1] [SYNC][id:73994dae...][Download][Request]Receive block request,peer=374bdfe9...,from=184,to=184
info|2025-10-10 08:01:19.529832|SyncSend-1-0x00007f2f36b31700|[g:1][SYNC][id:73994dae...][Download][Request][BlockSync]Batch blocks for sending,blockSize=24480,number=184,peer=374bdfe9...,timeCost=0
info|2025-10-10 08:01:19.529924|SyncSend-1-0x00007f2f36b31700|[g:1][g:1] [SYNC][id:374bdfe9...][Download][Request][BlockSync]Send block packet,peer=374bdfe9...,blocks=1,bytes(V)=24487
info|2025-10-10 08:01:19.537761|io_service-0x00007f2f4434c700|[P2P][Service] heartBeat,connected count=3
info|2025-10-10 08:01:26.127832|P2P-0x00007f2f44b4d700|[g:1] [SYNC][id:73994dae...][Download][Request]Receive block request,peer=374bdfe9...,from=184,to=184
info|2025-10-10 08:01:26.128287|SyncSend-1-0x00007f2f36b31700|[g:1][SYNC][id:73994dae...][Download][Request][BlockSync]Batch blocks for sending,blockSize=24480,number=184,peer=374bdfe9...,timeCost=0
info|2025-10-10 08:01:26.128349|SyncSend-1-0x00007f2f36b31700|[g:1][g:1] [SYNC][id:374bdfe9...][Download][Request][BlockSync]Send block packet,peer=374bdfe9...,blocks=1,bytes(V)=24487
info|2025-10-10 08:01:29.538654|io_service-0x00007f2f4434c700|[P2P][Service] heartBeat,connected count=3
info|2025-10-10 08:01:32.539452|P2P-0x00007f2f45b4f700|[g:1] [SYNC][id:73994dae...][Download][Request]Receive block request,peer=374bdfe9...,from=184,to=184
info|2025-10-10 08:01:32.540061|SyncSend-1-0x00007f2f36b31700|[g:1][SYNC][id:73994dae...][Download][Request][BlockSync]Batch blocks for sending,blockSize=24480,number=184,peer=374bdfe9...,timeCost=1
info|2025-10-10 08:01:32.540184|SyncSend-1-0x00007f2f36b31700|[g:1][g:1] [SYNC][id:374bdfe9...][Download][Request][BlockSync]Send block packet,peer=374bdfe9...,blocks=1,bytes(V)=24487
info|2025-10-10 08:01:39.539070|io_service-0x00007f2f4434c700|[P2P][Service] heartBeat,connected count=3
info|2025-10-10 08:01:45.395258|P2P-0x00007f2f4534e700|[g:1] [SYNC][id:73994dae...][Download][Request]Receive block request,peer=374bdfe9...,from=184,to=184
info|2025-10-10 08:01:45.395729|SyncSend-1-0x00007f2f36b31700|[g:1][SYNC][id:73994dae...][Download][Request][BlockSync]Batch blocks for sending,blockSize=24480,number=184,peer=374bdfe9...,timeCost=0
info|2025-10-10 08:01:45.395883|SyncSend-1-0x00007f2f36b31700|[g:1][g:1] [SYNC][id:374bdfe9...][Download][Request][BlockSync]Send block packet,peer=374bdfe9...,blocks=1,bytes(V)=24487
info|2025-10-10 08:01:45.583327|PBFT-1-0x00007f2f2a318700|[g:1][CONSENSUS][SEALER]decrease maxBlockCanSeal to half for PBFT timeout,org_maxBlockCanSeal=62,halfed_maxBlockCanSeal=31,timeoutCount=5,lastTimeoutTx=1
warning|2025-10-10 08:01:45.587903|PBFT-1-0x00007f2f2a318700|[g:1][CONSENSUS][PBFT]ViewChangeWarning: not caused by omit empty block ,v=11,toV=12,curNum=315,hash=6da5d812...,nodeIdx=2,myNode=73994dae...
info|2025-10-10 08:01:45.589459|PBFT-1-0x00007f2f2a318700|[g:1][CONSENSUS][PBFT]checkTimeout Succ,view=11,toView=12,nodeIdx=2,changeCycle=9,myNode=73994dae...,timecost=6
info|2025-10-10 08:01:45.608159|PBFT-1-0x00007f2f2a318700|[g:1][CONSENSUS][PBFT]checkAndChangeView: Reach consensus,org_view=11,cur_changeCycle=9,curView=11,view=12
info|2025-10-10 08:01:46.112902|PBFTWork-1-0x00007f2f30b25700|[g:1][CONSENSUS][PartiallyPBFTReqCache]addPartiallyRawPrepare,height=316,reqIdx=3,hash=895e5b12...
info|2025-10-10 08:01:46.116343|PBFTWork-1-0x00007f2f30b25700|[g:1][BLOCKVERIFIER][executeBlock]Executing block,txNum=1,num=316,parentHash=6da5d8129026a9c6b924c5f9a6f6408b040396ac6282badd756c7a1d307b982e,parentNum=315,parentStateRoot=a87833d74143e8df2bd677ee6923f4d0a0a803bd7e009c464543c6f44e888c23
info|2025-10-10 08:01:46.116792|PBFTWork-1-0x00007f2f30b25700|[g:1][PRECOMPILED]init GasChargeManagePrecompiled
info|2025-10-10 08:01:46.127270|sealerWorker-0x00007f2f23b0b700|[PRECOMPILED][TimerPrecompiled]getCurrentTimeMillis,timeMillis=1760108506127
info|2025-10-10 08:01:46.132357|sealerWorker-0x00007f2f23b0b700|[PRECOMPILED][TimerPrecompiled]getCurrentTimeMillis,timeMillis=1760108506132
info|2025-10-10 08:01:46.132633|PBFTWork-1-0x00007f2f30b25700|[g:1][CONSENSUS][PBFT]execBlock,blkNum=316,reqIdx=3,hash=d0728e00...,nodeIdx=2,myNode=73994dae...,decodeCost=0,checkCost=2,notifyCost=0,noteSealingCost=0,currentCycle=9,verifyAndSetSenderCost=0,execCost=17,execPerTx=17,totalCost=19
info|2025-10-10 08:01:46.139029|PBFTWork-1-0x00007f2f30b25700|[g:1][CONSENSUS][PBFT]handlePrepareMsg Succ,timecost=7,INFO=handlePartiallyPrepare,reqIdx=3,view=12,reqNum=316,curNum=315,consNum=316,hash=895e5b12...,nodeIdx=2,myNode=73994dae...,curChangeCycle=9
info|2025-10-10 08:01:46.140679|PBFT-1-0x00007f2f2a318700|[g:1][CONSENSUS][PBFT]checkReq: Recv future request,prepHash=d0728e00...,INFO=handleSignMsg,num=316,curNum=315,GenIdx=3,Sview=12,view=12,fromIdx=3,fromNode=87d00b98...,fromIp=127.0.0.1:30302,hash=4e164588...,nodeIdx=2,myNode=73994dae...
info|2025-10-10 08:01:46.140722|PBFT-1-0x00007f2f2a318700|[g:1][CONSENSUS][PBFT]FutureBlock,INFO=handleSignMsg,num=316,curNum=315,GenIdx=3,Sview=12,view=12,fromIdx=3,fromNode=87d00b98...,fromIp=127.0.0.1:30302,hash=4e164588...,nodeIdx=2,myNode=73994dae...
info|2025-10-10 08:01:46.146806|PBFT-1-0x00007f2f2a318700|[g:1][CONSENSUS][PBFT]checkReq: Recv future request,prepHash=d0728e00...,INFO=handleSignMsg,num=316,curNum=315,GenIdx=0,Sview=12,view=12,fromIdx=0,fromNode=064cb676...,fromIp=127.0.0.1:30303,hash=4fdf36a6...,nodeIdx=2,myNode=73994dae...
info|2025-10-10 08:01:46.146831|PBFT-1-0x00007f2f2a318700|[g:1][CONSENSUS][PBFT]FutureBlock,INFO=handleSignMsg,num=316,curNum=315,GenIdx=0,Sview=12,view=12,fromIdx=0,fromNode=064cb676...,fromIp=127.0.0.1:30303,hash=4fdf36a6...,nodeIdx=2,myNode=73994dae...
info|2025-10-10 08:01:49.539473|io_service-0x00007f2f4434c700|[P2P][Service] heartBeat,connected count=3
info|2025-10-10 08:01:58.359940|P2P-0x00007f2f4534e700|[g:1] [SYNC][id:73994dae...][Download][Request]Receive block request,peer=374bdfe9...,from=184,to=184
info|2025-10-10 08:01:58.360618|SyncSend-1-0x00007f2f36b31700|[g:1][SYNC][id:73994dae...][Download][Request][BlockSync]Batch blocks for sending,blockSize=24480,number=184,peer=374bdfe9...,timeCost=0
info|2025-10-10 08:01:58.360792|SyncSend-1-0x00007f2f36b31700|[g:1][g:1] [SYNC][id:374bdfe9...][Download][Request][BlockSync]Send block packet,peer=374bdfe9...,blocks=1,bytes(V)=24487
info|2025-10-10 08:01:59.539841|io_service-0x00007f2f4434c700|[P2P][Service] heartBeat,connected count=3
info|2025-10-10 08:02:04.370778|ChannelReq-0x00007f2f41b47700|[RPC][getGroupList]request
info|2025-10-10 08:02:09.540367|io_service-0x00007f2f4434c700|[P2P][Service] heartBeat,connected count=3
info|2025-10-10 08:02:19.541117|io_service-0x00007f2f4434c700|[P2P][Service] heartBeat,connected count=3
info|2025-10-10 08:02:23.981444|P2P-0x00007f2f46350700|[g:1] [SYNC][id:73994dae...][Download][Request]Receive block request,peer=374bdfe9...,from=184,to=184
info|2025-10-10 08:02:23.981998|SyncSend-1-0x00007f2f36b31700|[g:1][SYNC][id:73994dae...][Download][Request][BlockSync]Batch blocks for sending,blockSize=24480,number=184,peer=374bdfe9...,timeCost=1
info|2025-10-10 08:02:23.982098|SyncSend-1-0x00007f2f36b31700|[g:1][g:1] [SYNC][id:374bdfe9...][Download][Request][BlockSync]Send block packet,peer=374bdfe9...,blocks=1,bytes(V)=24487
info|2025-10-10 08:02:29.541342|io_service-0x00007f2f4434c700|[P2P][Service] heartBeat,connected count=3
info|2025-10-10 08:02:39.541889|io_service-0x00007f2f4434c700|[P2P][Service] heartBeat,connected count=3
info|2025-10-10 08:02:47.591732|fisco-bcos-0x00007f2f470c5dc0|[LEDGER]stop sealer,groupID=1
info|2025-10-10 08:02:47.591792|fisco-bcos-0x00007f2f470c5dc0|[CONSENSUS][SEALER]Stop sealer module...
info|2025-10-10 08:02:47.601277|fisco-bcos-0x00007f2f470c5dc0|[CONSENSUS][ConsensusEngine][Stop ConsensusEngineBase]
info|2025-10-10 08:02:47.604878|fisco-bcos-0x00007f2f470c5dc0|[CONSENSUS][ConsensusEngine]ConsensusEngineBase stopped
info|2025-10-10 08:02:47.604947|fisco-bcos-0x00007f2f470c5dc0|[LEDGER]sealer stopped. stop sync,groupID=1
info|2025-10-10 08:02:47.606428|fisco-bcos-0x00007f2f470c5dc0|[g:1] [SYNC][id:73994dae...]SyncMsgEngine stopped
info|2025-10-10 08:02:47.697527|fisco-bcos-0x00007f2f470c5dc0|[GossipBlockStatus]stop GossipBlockStatus succ
info|2025-10-10 08:02:48.276646|fisco-bcos-0x00007f2f470c5dc0|[SYNC][id:73994dae...][g:1]SyncMaster stopped
info|2025-10-10 08:02:48.276742|fisco-bcos-0x00007f2f470c5dc0|[LEDGER]sync stopped. stop event filter manager,groupID=1
info|2025-10-10 08:02:48.377372|fisco-bcos-0x00007f2f470c5dc0|[EVENT][EventLogFilterManager]stop
info|2025-10-10 08:02:48.377458|fisco-bcos-0x00007f2f470c5dc0|[LEDGER]event filter manager stopped. stop tx pool,groupID=1
info|2025-10-10 08:02:48.378031|fisco-bcos-0x00007f2f470c5dc0|[LEDGER]removeNetworkStatHandlerByGroupID and removeGroupBandwidthLimiter for service,groupID=1
info|2025-10-10 08:02:48.378091|fisco-bcos-0x00007f2f470c5dc0|[CHANNEL]removeSDKAllowListByGroupId,groupId=1
info|2025-10-10 08:02:48.378102|fisco-bcos-0x00007f2f470c5dc0|[INITIALIZER]ledgerInitializer stopped
info|2025-10-10 08:02:49.066960|io_service-0x00007f2f4434c700|[NETWORK][Session]doRead failed,endpoint=127.0.0.1:30303,message=short read (SSL routines, SSL routines)
info|2025-10-10 08:02:49.067024|io_service-0x00007f2f4434c700|[NETWORK][Session]drop, call and erase all callbackFunc of the session!,endpoint=127.0.0.1:30303
info|2025-10-10 08:02:49.067078|io_service-0x00007f2f4434c700|[NETWORK][Session][drop] closing remote 127.0.0.1:30303,reason=Low-level TCP communication failed.,endpoint=127.0.0.1:30303
info|2025-10-10 08:02:49.067256|io_service-0x00007f2f4434c700|[NETWORK][Session]Session inactive
info|2025-10-10 08:02:49.067272|io_service-0x00007f2f4434c700|[NETWORK][Session]Session inactive
info|2025-10-10 08:02:49.067282|io_service-0x00007f2f4434c700|[NETWORK][Session][drop] shutdown failed ,code=9,message=Bad file descriptor
info|2025-10-10 08:02:49.067548|P2P-0x00007f2f44b4d700|[P2P][Service] disconnect inactive P2PSession,nodeID=064cb676...,endpoint=127.0.0.1:30303,code=3,what=Disconnect
info|2025-10-10 08:02:49.067592|P2P-0x00007f2f44b4d700|[P2P][Service] onDisconnect,code=3,what=Dynamic exception type: dev::network::NetworkException
std::exception::what: Disconnect
info|2025-10-10 08:02:49.084985|io_service-0x00007f2f4434c700|[NETWORK][Session]doRead failed,endpoint=127.0.0.1:30302,message=short read (SSL routines, SSL routines)
info|2025-10-10 08:02:49.085039|io_service-0x00007f2f4434c700|[NETWORK][Session]drop, call and erase all callbackFunc of the session!,endpoint=127.0.0.1:30302
info|2025-10-10 08:02:49.085080|io_service-0x00007f2f4434c700|[NETWORK][Session][drop] closing remote 127.0.0.1:30302,reason=Low-level TCP communication failed.,endpoint=127.0.0.1:30302
info|2025-10-10 08:02:49.085270|io_service-0x00007f2f4434c700|[NETWORK][Session]Session inactive
info|2025-10-10 08:02:49.085282|io_service-0x00007f2f4434c700|[NETWORK][Session]Session inactive
info|2025-10-10 08:02:49.085290|io_service-0x00007f2f4434c700|[NETWORK][Session][drop] shutdown failed ,code=9,message=Bad file descriptor
info|2025-10-10 08:02:49.085340|P2P-0x00007f2f4534e700|[P2P][Service] disconnect inactive P2PSession,nodeID=87d00b98...,endpoint=127.0.0.1:30302,code=3,what=Disconnect
info|2025-10-10 08:02:49.085373|P2P-0x00007f2f4534e700|[P2P][Service] onDisconnect,code=3,what=Dynamic exception type: dev::network::NetworkException
std::exception::what: Disconnect
info|2025-10-10 08:02:49.287778|io_service-0x00007f2f4434c700|[NETWORK][Session]doRead failed,endpoint=127.0.0.1:54840,message=short read (SSL routines, SSL routines)
info|2025-10-10 08:02:49.287935|io_service-0x00007f2f4434c700|[NETWORK][Session]drop, call and erase all callbackFunc of the session!,endpoint=127.0.0.1:54840
info|2025-10-10 08:02:49.288001|io_service-0x00007f2f4434c700|[NETWORK][Session][drop] closing remote 127.0.0.1:54840,reason=Low-level TCP communication failed.,endpoint=127.0.0.1:54840
info|2025-10-10 08:02:49.288394|io_service-0x00007f2f4434c700|[NETWORK][Session]Session inactive
info|2025-10-10 08:02:49.288427|io_service-0x00007f2f4434c700|[NETWORK][Session]Session inactive
info|2025-10-10 08:02:49.288450|io_service-0x00007f2f4434c700|[NETWORK][Session][drop] shutdown failed ,code=9,message=Bad file descriptor
info|2025-10-10 08:02:49.288518|P2P-0x00007f2f46350700|[P2P][Service] disconnect inactive P2PSession,nodeID=374bdfe9...,endpoint=127.0.0.1:54840,code=3,what=Disconnect
info|2025-10-10 08:02:49.288541|P2P-0x00007f2f46350700|[P2P][Service] onDisconnect,code=3,what=Dynamic exception type: dev::network::NetworkException
std::exception::what: Disconnect
info|2025-10-10 08:02:49.378992|fisco-bcos-0x00007f2f470c5dc0|[INITIALIZER]ChannelRPCHttpServer deleted.
info|2025-10-10 08:02:49.379861|fisco-bcos-0x00007f2f470c5dc0|[INITIALIZER]JsonrpcHttpServer deleted.
info|2025-10-10 08:02:49.379893|fisco-bcos-0x00007f2f470c5dc0|[INITIALIZER]RPCInitializer stopped
info|2025-10-10 08:02:49.379989|io_service-0x00007f2f4434c700|[NETWORK][Host]Host exit
info|2025-10-10 08:02:49.380740|fisco-bcos-0x00007f2f470c5dc0|[INITIALIZER]P2PInitializer stopped
info|2025-10-10 08:02:49.380780|fisco-bcos-0x00007f2f470c5dc0|[LEDGER]stop sealer,groupID=1
info|2025-10-10 08:02:49.380790|fisco-bcos-0x00007f2f470c5dc0|[LEDGER]sealer stopped. stop sync,groupID=1
info|2025-10-10 08:02:49.380802|fisco-bcos-0x00007f2f470c5dc0|[g:1] [SYNC][id:73994dae...]SyncMsgEngine stopped
info|2025-10-10 08:02:49.380816|fisco-bcos-0x00007f2f470c5dc0|[GossipBlockStatus]GossipBlockStatus already stopped
info|2025-10-10 08:02:49.380822|fisco-bcos-0x00007f2f470c5dc0|[SYNC][id:73994dae...][g:1]SyncMaster stopped
info|2025-10-10 08:02:49.380828|fisco-bcos-0x00007f2f470c5dc0|[LEDGER]sync stopped. stop event filter manager,groupID=1
info|2025-10-10 08:02:49.380835|fisco-bcos-0x00007f2f470c5dc0|[LEDGER]event filter manager stopped. stop tx pool,groupID=1
info|2025-10-10 08:02:49.380843|fisco-bcos-0x00007f2f470c5dc0|[LEDGER]removeNetworkStatHandlerByGroupID and removeGroupBandwidthLimiter for service,groupID=1
info|2025-10-10 08:02:49.380867|fisco-bcos-0x00007f2f470c5dc0|[g:1][STORAGE][CachedStorage]Stopping flushStorage thread
info|2025-10-10 08:02:49.971953|fisco-bcos-0x00007f2f470c5dc0|[g:1][STORAGE][CachedStorage]flushStorage thread stopped.
info|2025-10-10 08:02:49.971980|fisco-bcos-0x00007f2f470c5dc0|[DBINITIALIZER] storage stopped
info|2025-10-10 08:02:49.982077|fisco-bcos-0x00007f2f470c5dc0|[g:1] [SYNC][id:73994dae...]SyncMsgEngine stopped
info|2025-10-10 08:02:49.982131|fisco-bcos-0x00007f2f470c5dc0|[GossipBlockStatus]GossipBlockStatus already stopped
info|2025-10-10 08:02:49.982137|fisco-bcos-0x00007f2f470c5dc0|[SYNC][id:73994dae...][g:1]SyncMaster stopped
info|2025-10-10 08:02:49.982160|fisco-bcos-0x00007f2f470c5dc0|[g:1] [SYNC][id:73994dae...]SyncMsgEngine stopped
