info|2025-10-07 00:28:41.713655|fisco-bcos-0x00007fe4ba002dc0|[INITIALIZER][initGlobalConfig],enableCompress=true,compatibilityVersion=2.11.0,versionNumber=34275328,enableStat=false,chainId=1,useSMCrypto=true,IgnoreObserverWriteRequest=false
info|2025-10-07 00:28:41.714322|fisco-bcos-0x00007fe4ba002dc0|[INITIALIZER][SecureInitializerGM]get pub of node,nodeID=73994dae9e8b8da733108a4153dfe79151d701dff425f84c87b5324e8ebd02ab6a0ebc9e4f1e0298a7ddca50f94a8f95c62b6997226d571e470e8f2b0600634a
info|2025-10-07 00:28:41.722958|fisco-bcos-0x00007fe4ba002dc0|[NETWORK][Host]Connecting to node,endpoint=127.0.0.1:30300
info|2025-10-07 00:28:41.724432|fisco-bcos-0x00007fe4ba002dc0|[NETWORK][Host]Connecting to node,endpoint=127.0.0.1:30301
info|2025-10-07 00:28:41.724566|fisco-bcos-0x00007fe4ba002dc0|[NETWORK][Host]Connecting to node,endpoint=127.0.0.1:30302
info|2025-10-07 00:28:41.724648|fisco-bcos-0x00007fe4ba002dc0|[NETWORK][Host]Connecting to node,endpoint=127.0.0.1:30303
info|2025-10-07 00:28:41.724755|fisco-bcos-0x00007fe4ba002dc0|[P2P][Service] heartBeat,connected count=0
info|2025-10-07 00:28:41.724787|fisco-bcos-0x00007fe4ba002dc0|[INITIALIZER][RPCInitializer],network_security.check_cert_issuer=true
info|2025-10-07 00:28:41.725644|fisco-bcos-0x00007fe4ba002dc0|[CHANNEL][ChannelServer::run],threadPoolSize=8
info|2025-10-07 00:28:41.725692|fisco-bcos-0x00007fe4ba002dc0|[CHANNEL]ChannelRPCServer started
info|2025-10-07 00:28:41.725698|fisco-bcos-0x00007fe4ba002dc0|[INITIALIZER][RPCInitializer: ChannelRPCHttpServer started.],disableDynamicGroup=false,uncheckGroupMember=false,threadSize=8
info|2025-10-07 00:28:41.725708|fisco-bcos-0x00007fe4ba002dc0|[INITIALIZER][LedgerInitializer]initConfig
info|2025-10-07 00:28:41.725716|fisco-bcos-0x00007fe4ba002dc0|[LedgerInitializer],groupConfigPath=conf/
info|2025-10-07 00:28:41.725930|fisco-bcos-0x00007fe4ba002dc0|[INITIALIZER][initSingleLedger] [GroupId], LedgerConstructor:  1,configFileName=conf/group.1.genesis,dataDir=data/
info|2025-10-07 00:28:41.726000|fisco-bcos-0x00007fe4ba002dc0|[g:1][LedgerParam][parseGenesisConfig]initConsensusConfig/initStorageConfig/initTxConfig,configFile=conf/group.1.genesis
info|2025-10-07 00:28:41.726013|fisco-bcos-0x00007fe4ba002dc0|[g:1][LedgerParam][initConsensusConfig],type=pbft,consensusTimeout=3,maxTxNum=1000,txGasLimit=300000000
info|2025-10-07 00:28:41.726028|fisco-bcos-0x00007fe4ba002dc0|[g:1][LedgerParam][parsePublicKeyListOfSection],sectionName=consensus,it.first=73994dae9e8b8da733108a4153dfe79151d701dff425f84c87b5324e8ebd02ab6a0ebc9e4f1e0298a7ddca50f94a8f95c62b6997226d571e470e8f2b0600634a
info|2025-10-07 00:28:41.726038|fisco-bcos-0x00007fe4ba002dc0|[g:1][LedgerParam][parsePublicKeyListOfSection],sectionName=consensus,it.first=374bdfe969e1d8ea1200ade93e5d8cf1a7d5741f238011004b0f43ca818706f194b2f067e1708125f7ffc536610b9a72addbd56b238d65f18912be39037ffcc5
info|2025-10-07 00:28:41.726048|fisco-bcos-0x00007fe4ba002dc0|[g:1][LedgerParam][parsePublicKeyListOfSection],sectionName=consensus,it.first=87d00b98321fc70a5abc85ad9e80db10cce315194133697bf74aace1d3f8430957a766240f751752708f4282f46110d6ea56c3eb5d1c02ce98a66f327f595270
info|2025-10-07 00:28:41.726059|fisco-bcos-0x00007fe4ba002dc0|[g:1][LedgerParam][parsePublicKeyListOfSection],sectionName=consensus,it.first=064cb676a36047a4b52ecbf9c01664b1e987d91b438110ba6a12d96972726622e824d295b1de8b0298b5afe7bbbc0bd04a3890e1a36eae028c1cfbe07971b995
info|2025-10-07 00:28:41.726064|fisco-bcos-0x00007fe4ba002dc0|[g:1][LedgerParam][parsePublicKeyListOfSection],totalPubKeySize=4
info|2025-10-07 00:28:41.726093|fisco-bcos-0x00007fe4ba002dc0|[g:1][LedgerParam][max_block_range],maxBlockRange=0,maxBlockPerProcess=3
info|2025-10-07 00:28:41.726098|fisco-bcos-0x00007fe4ba002dc0|[g:1][LedgerParam][parseGenesisConfig],timestamp=1759762229000
info|2025-10-07 00:28:41.726107|fisco-bcos-0x00007fe4ba002dc0|[g:1][LedgerParam]setEVMFlags,enableFreeStorageVMSchedule=false,evmFlags=0
info|2025-10-07 00:28:41.726118|fisco-bcos-0x00007fe4ba002dc0|[g:1][LedgerParam]store evmFlag,evmFlag=0
info|2025-10-07 00:28:41.726122|fisco-bcos-0x00007fe4ba002dc0|[g:1][LedgerParam]store consensus time,consensusTimeout=3
info|2025-10-07 00:28:41.726125|fisco-bcos-0x00007fe4ba002dc0|[g:1][LedgerParam][initMark],genesisMark=1-064cb676a36047a4b52ecbf9c01664b1e987d91b438110ba6a12d96972726622e824d295b1de8b0298b5afe7bbbc0bd04a3890e1a36eae028c1cfbe07971b995,374bdfe969e1d8ea1200ade93e5d8cf1a7d5741f238011004b0f43ca818706f194b2f067e1708125f7ffc536610b9a72addbd56b238d65f18912be39037ffcc5,73994dae9e8b8da733108a4153dfe79151d701dff425f84c87b5324e8ebd02ab6a0ebc9e4f1e0298a7ddca50f94a8f95c62b6997226d571e470e8f2b0600634a,87d00b98321fc70a5abc85ad9e80db10cce315194133697bf74aace1d3f8430957a766240f751752708f4282f46110d6ea56c3eb5d1c02ce98a66f327f595270,-pbft-storage-0-1000-300000000-3
info|2025-10-07 00:28:41.726130|fisco-bcos-0x00007fe4ba002dc0|[g:1][LedgerParam][initIniConfig]initTxPoolConfig/initSyncConfig/initTxExecuteConfig,configFile=conf/group.1.ini
info|2025-10-07 00:28:41.726257|fisco-bcos-0x00007fe4ba002dc0|[g:1][LedgerParam][initStorageConfig],stateType=storage,storageDB=rocksdb,storagePath=data//group1/block/RocksDB,baseDir=data//group1,dbtype=mysql,dbip=127.0.0.1,dbport=3306,dbcharset=utf8mb4,initconnections=15,maxconnections=50,scrollThreshold=2000,enableReconfirmCommittee=false
info|2025-10-07 00:28:41.726277|fisco-bcos-0x00007fe4ba002dc0|[g:1][LedgerParam][initTxPoolConfig],txPoolLimit=150000,memorySizeLimit(MB)=512,notifyWorkerNum=2,txsExpirationTime(ms)=600000
info|2025-10-07 00:28:41.726284|fisco-bcos-0x00007fe4ba002dc0|[g:1][LedgerParam][initSyncConfig],idleWaitMs=200
info|2025-10-07 00:28:41.726292|fisco-bcos-0x00007fe4ba002dc0|[g:1][LedgerParam][initSyncConfig],enableSendTxsByTree=true,enableSendBlockStatusByTree=true
info|2025-10-07 00:28:41.726297|fisco-bcos-0x00007fe4ba002dc0|[g:1][LedgerParam][initSyncConfig],gossipInterval=1000
info|2025-10-07 00:28:41.726307|fisco-bcos-0x00007fe4ba002dc0|[g:1][LedgerParam][initSyncConfig],enableSendBlockStatusByTree=true,gossipInterval=1000,gossipPeers=3,syncTreeWidth=3,maxQueueSizeForBlockSync=536870912,txsStatusGossipMaxPeers=5,syncInfoPrintInterval=10,freeNodeRead=false
info|2025-10-07 00:28:41.726313|fisco-bcos-0x00007fe4ba002dc0|[g:1][LedgerParam][InitTxExecuteConfig],enableParallel=true
info|2025-10-07 00:28:41.726327|fisco-bcos-0x00007fe4ba002dc0|[g:1][LedgerParam][initConsensusIniConfig],maxTTL=2,minBlockGenerationTime=500,enablDynamicBlockSize=true,blockSizeIncreaseRatio=0.5,enableTTLOptimize=true,enablePrepareWithTxsHash=true
info|2025-10-07 00:28:41.726361|fisco-bcos-0x00007fe4ba002dc0|[g:1][LedgerParam][initRPBFTConsensusIniConfig],broadcastPrepareByTree=true,prepareStatusBroadcastPercent=33,maxRequestMissedTxsWaitTime=100,maxRequestPrepareWaitTime=100
info|2025-10-07 00:28:41.726373|fisco-bcos-0x00007fe4ba002dc0|[g:1][LedgerParam][initFlowControlConfig],maxQPS=9223372036854775807,outGoingBandwidth(Bytes)=9223372036854775807
info|2025-10-07 00:28:41.726377|fisco-bcos-0x00007fe4ba002dc0|[g:1][LedgerParam]parseSDKAllowList,sdkAllowList=[],enableSDKAllowListControl=false
info|2025-10-07 00:28:41.726391|fisco-bcos-0x00007fe4ba002dc0|[g:1][LEDGER][initLedger][DBInitializer]
info|2025-10-07 00:28:41.726395|fisco-bcos-0x00007fe4ba002dc0|[g:1][LEDGER]setSDKAllowList,groupId=1,sdkAllowListSize=0
info|2025-10-07 00:28:41.726406|fisco-bcos-0x00007fe4ba002dc0|[g:1][CHANNEL]registerSDKAllowListByGroupId,groupId=1,size=0
info|2025-10-07 00:28:41.726410|fisco-bcos-0x00007fe4ba002dc0|[g:1][CHANNEL]Disable group-level sdk permission control for sdk allowlist is empty
info|2025-10-07 00:28:41.731971|io_service-0x00007fe4b7289700|[NETWORK][Host]P2P StartAccept,Host=0.0.0.0:30300
info|2025-10-07 00:28:41.738930|io_service-0x00007fe4b7289700|[NETWORK][ASIO]asyncResolveConnect,endpoint=127.0.0.1:30300
info|2025-10-07 00:28:41.739018|io_service-0x00007fe4b7289700|[NETWORK][ASIO]asyncResolveConnect,endpoint=127.0.0.1:30301
info|2025-10-07 00:28:41.739071|io_service-0x00007fe4b7289700|[NETWORK][ASIO]asyncResolveConnect,endpoint=127.0.0.1:30302
info|2025-10-07 00:28:41.739270|io_service-0x00007fe4b7289700|[NETWORK][ASIO]asyncResolveConnect,endpoint=127.0.0.1:30303
info|2025-10-07 00:28:41.739508|io_service-0x00007fe4b7289700|[NETWORK][Host]P2P Recv Connect, From=127.0.0.1:44330
info|2025-10-07 00:28:41.739613|io_service-0x00007fe4b7289700|[NETWORK][Host]P2P StartAccept,Host=0.0.0.0:30300
info|2025-10-07 00:28:41.746603|fisco-bcos-0x00007fe4ba002dc0|[g:1][DBINITIALIZER] [initStorageDB]
info|2025-10-07 00:28:41.746643|fisco-bcos-0x00007fe4ba002dc0|[g:1][DBINITIALIZER] [initRocksDBStorage]
info|2025-10-07 00:28:41.746677|fisco-bcos-0x00007fe4ba002dc0|[g:1][ROCKSDB]open rocksDB handler,path=data//group1/block/RocksDB
info|2025-10-07 00:28:41.775863|fisco-bcos-0x00007fe4ba002dc0|[g:1][g:1][STORAGE][CachedStorage]Init flushStorage thread
info|2025-10-07 00:28:41.775963|fisco-bcos-0x00007fe4ba002dc0|[g:1][DBINITIALIZER] [init CachedStorage],maxCapacity=32,maxForwardBlock=10
info|2025-10-07 00:28:41.775974|fisco-bcos-0x00007fe4ba002dc0|[g:1][LEDGER][initLedger][initBlockChain]
info|2025-10-07 00:28:41.776236|fisco-bcos-0x00007fe4ba002dc0|[g:1][LEDGER]set enableHexBlock to be false,version=34275328
info|2025-10-07 00:28:41.776253|fisco-bcos-0x00007fe4ba002dc0|[g:1][BLOCKCHAIN][#checkAndBuildGenesisBlock],shouldBuild=false
info|2025-10-07 00:28:41.776534|fisco-bcos-0x00007fe4ba002dc0|[g:1][BLOCKCHAIN][#checkAndBuildGenesisBlock]Already have the 0th block, 0th groupMark is equal to file groupMark.
info|2025-10-07 00:28:41.776549|fisco-bcos-0x00007fe4ba002dc0|[g:1][LEDGER][initLedger]initBlockChain SUCC
info|2025-10-07 00:28:41.776586|fisco-bcos-0x00007fe4ba002dc0|[g:1][DBINITIALIZER] [createStateFactory],type=storage
info|2025-10-07 00:28:41.776592|fisco-bcos-0x00007fe4ba002dc0|[g:1][DBINITIALIZER] createStorageState SUCC
info|2025-10-07 00:28:41.776595|fisco-bcos-0x00007fe4ba002dc0|[g:1][DBINITIALIZER] [createStateFactory SUCC]
info|2025-10-07 00:28:41.776599|fisco-bcos-0x00007fe4ba002dc0|[g:1][DBINITIALIZER] createExecutiveContext...
info|2025-10-07 00:28:41.776616|fisco-bcos-0x00007fe4ba002dc0|[g:1][LEDGER]createGasMetric,vmFlagType=0
info|2025-10-07 00:28:41.776622|fisco-bcos-0x00007fe4ba002dc0|[g:1][LEDGER]createGasMetric
info|2025-10-07 00:28:41.776631|fisco-bcos-0x00007fe4ba002dc0|[g:1][DBINITIALIZER] create precompiledGasFactory and precompiledResultFactory
info|2025-10-07 00:28:41.776634|fisco-bcos-0x00007fe4ba002dc0|[g:1][DBINITIALIZER] createExecutiveContext SUCC
info|2025-10-07 00:28:41.776639|fisco-bcos-0x00007fe4ba002dc0|[g:1][DBINITIALIZER] [setSyncNumForCachedStorage],syncNum=36
info|2025-10-07 00:28:41.776644|fisco-bcos-0x00007fe4ba002dc0|[g:1][LEDGER][initNetworkBandWidthLimiter: outGoingBandwidthLimit has been disabled],groupId=1
info|2025-10-07 00:28:41.776649|fisco-bcos-0x00007fe4ba002dc0|[g:1][LEDGER][QPSLimit has been disabled],groupId=1
info|2025-10-07 00:28:41.776653|fisco-bcos-0x00007fe4ba002dc0|[g:1][LEDGER][initLedger][initBlockVerifier]
info|2025-10-07 00:28:41.776659|fisco-bcos-0x00007fe4ba002dc0|[g:1][LEDGER][initLedger][initBlockVerifier SUCC],evmFlags=0
info|2025-10-07 00:28:41.776663|fisco-bcos-0x00007fe4ba002dc0|[g:1][LEDGER][initLedger][initTxPool],txPoolLimit=150000
info|2025-10-07 00:28:41.780893|fisco-bcos-0x00007fe4ba002dc0|[g:1][LEDGER][initLedger]initTxPool SUCC
info|2025-10-07 00:28:41.780971|fisco-bcos-0x00007fe4ba002dc0|[g:1][LEDGER][initLedger][initSync],idleWaitMs=200,gossipInterval=1000,gossipPeers=3
info|2025-10-07 00:28:41.780989|fisco-bcos-0x00007fe4ba002dc0|[g:1][LEDGER]Init sync master,enableSendBlockStatusByTree=true,enableSendTxsByTree=true
info|2025-10-07 00:28:41.782528|fisco-bcos-0x00007fe4ba002dc0|[g:1][LEDGER][initLedger]initSync SUCC
info|2025-10-07 00:28:41.782827|fisco-bcos-0x00007fe4ba002dc0|[g:1][LEDGER][initLedger][consensusInitFactory]
info|2025-10-07 00:28:41.782894|fisco-bcos-0x00007fe4ba002dc0|[g:1][LEDGER][initLedger][createPBFTSealer]
info|2025-10-07 00:28:41.782914|fisco-bcos-0x00007fe4ba002dc0|[g:1][LEDGER][initLedger][createPBFTSealer],baseDir=data//group1,Protocol=65544
info|2025-10-07 00:28:41.783096|fisco-bcos-0x00007fe4ba002dc0|[g:1][LEDGER][initLedger]createPBFTSealer for PBFT or rPBFT,consensusType=pbft
info|2025-10-07 00:28:41.783179|fisco-bcos-0x00007fe4ba002dc0|[g:1][LEDGER]createConsensusEngine: create PBFTEngine
info|2025-10-07 00:28:41.783217|fisco-bcos-0x00007fe4ba002dc0|[g:1][CONSENSUS][PBFT]Register handler for PBFTEngine
info|2025-10-07 00:28:41.784069|fisco-bcos-0x00007fe4ba002dc0|[g:1][CONSENSUS][PBFT]setMinBlockGenerationTime,minBlockGenerationTime=500,consensusTime=1000
info|2025-10-07 00:28:41.788370|fisco-bcos-0x00007fe4ba002dc0|[g:1][LEDGER][initEventLogFilterManager]initEventLogFilterManager SUCC
info|2025-10-07 00:28:41.788411|fisco-bcos-0x00007fe4ba002dc0|[LedgerInitializer init group succ],groupID=1
info|2025-10-07 00:28:41.788598|fisco-bcos-0x00007fe4ba002dc0|[SafeHttpServer::StartListening]use default epoll
info|2025-10-07 00:28:41.788880|fisco-bcos-0x00007fe4ba002dc0|[INITIALIZER][RPCInitializer JsonrpcHttpServer started],jsonrpc_IP=127.0.0.1,jsonrpc_listen_port=8545,jsonrpc_thread_count=8,ipv6=false,disableDynamicGroup=false,uncheckGroupMember=false
info|2025-10-07 00:28:41.788915|fisco-bcos-0x00007fe4ba002dc0|[g:1][LEDGER]startAll...
info|2025-10-07 00:28:41.796891|fisco-bcos-0x00007fe4ba002dc0|[g:1][GossipBlockStatus]start GossipBlockStatus succ
info|2025-10-07 00:28:41.796968|fisco-bcos-0x00007fe4ba002dc0|[g:1][CONSENSUS][ConsensusEngine][Start ConsensusEngineBase]
info|2025-10-07 00:28:41.798760|fisco-bcos-0x00007fe4ba002dc0|[g:1][CONSENSUS][PBFT]^^^^^^^^Report,num=36,sealerIdx=3,hash=1ccc417a...,next=37,tx=1,nodeIdx=2
info|2025-10-07 00:28:41.798902|fisco-bcos-0x00007fe4ba002dc0|[g:1][ROCKSDB]open rocksDB handler,path=data//group1/pbftMsgBackup/RocksDB
info|2025-10-07 00:28:41.799791|io_service-0x00007fe4b7289700|[NETWORK][Host]handshakeServer succ,remote endpoint=127.0.0.1:44330
info|2025-10-07 00:28:41.799935|io_service-0x00007fe4b7289700|[NETWORK][Host]startPeerSession, Remote=127.0.0.1:44330,local endpoint=127.0.0.1:30300,nodeID=73994dae...
info|2025-10-07 00:28:41.811634|io_service-0x00007fe4b7289700|[NETWORK][Host]handshakeClient succ,local endpoint=127.0.0.1:54576
info|2025-10-07 00:28:41.811740|P2P-0x00007fe4b928d700|[P2P][Service] Connection established,nodeID=374bdfe9...,endpoint=127.0.0.1:30301
info|2025-10-07 00:28:41.811774|io_service-0x00007fe4b7289700|[NETWORK][Host]startPeerSession, Remote=127.0.0.1:30301,local endpoint=127.0.0.1:54576,nodeID=374bdfe9...
info|2025-10-07 00:28:41.811869|io_service-0x00007fe4b7289700|[NETWORK][Host]handshakeClient succ,local endpoint=127.0.0.1:44330
info|2025-10-07 00:28:41.811898|io_service-0x00007fe4b7289700|[NETWORK][Host]startPeerSession, Remote=127.0.0.1:30300,local endpoint=127.0.0.1:44330,nodeID=73994dae...
info|2025-10-07 00:28:41.811994|io_service-0x00007fe4b7289700|[NETWORK][Host]handshakeClient succ,local endpoint=127.0.0.1:32784
info|2025-10-07 00:28:41.812023|io_service-0x00007fe4b7289700|[NETWORK][Host]startPeerSession, Remote=127.0.0.1:30303,local endpoint=127.0.0.1:32784,nodeID=064cb676...
info|2025-10-07 00:28:41.812083|P2P-0x00007fe4b8a8c700|[P2P][Service] Connection established,nodeID=064cb676...,endpoint=127.0.0.1:30303
info|2025-10-07 00:28:41.812659|io_service-0x00007fe4b7289700|[NETWORK][Host]handshakeClient succ,local endpoint=127.0.0.1:53502
info|2025-10-07 00:28:41.812709|io_service-0x00007fe4b7289700|[NETWORK][Host]startPeerSession, Remote=127.0.0.1:30302,local endpoint=127.0.0.1:53502,nodeID=87d00b98...
info|2025-10-07 00:28:41.812995|P2P-0x00007fe4b7a8a700|[P2P][Service] Connection established,nodeID=87d00b98...,endpoint=127.0.0.1:30302
info|2025-10-07 00:28:41.813534|alignTime-1-0x00007fe4a7a6a700|[g:1][NodeTimeMaintenance]updateTimeInfo: update median time offset,updatedMedianTimeOffset=-1,peer=87d00b98...,peerTime=1759822121812,peerOffset=-1,utcTime=1759822121813
info|2025-10-07 00:28:41.820499|fisco-bcos-0x00007fe4ba002dc0|[g:1][CONSENSUS][PBFT][PBFT init env successfully]
info|2025-10-07 00:28:41.820594|fisco-bcos-0x00007fe4ba002dc0|[g:1][CONSENSUS][PBFT][Start PBFTEngine...]
info|2025-10-07 00:28:41.820602|fisco-bcos-0x00007fe4ba002dc0|[g:1][CONSENSUS][SEALER][Start sealer module]
info|2025-10-07 00:28:41.821775|alignTime-1-0x00007fe4a7a6a700|[g:1][NodeTimeMaintenance]updateTimeInfo: update median time offset,updatedMedianTimeOffset=-5,peer=374bdfe9...,peerTime=1759822121812,peerOffset=-9,utcTime=1759822121821
info|2025-10-07 00:28:41.821826|fisco-bcos-0x00007fe4ba002dc0|[g:1][EVENT][EventLogFilterManager]start,m_maxBlockRange=0,m_maxBlockPerLoopFilter=3
info|2025-10-07 00:28:41.982036|alignTime-1-0x00007fe4a7a6a700|[g:1][NodeTimeMaintenance]updateTimeInfo: update median time offset,updatedMedianTimeOffset=-3,peer=064cb676...,peerTime=1759822121979,peerOffset=-3,utcTime=1759822121982
info|2025-10-07 00:28:42.751290|PBFT-1-0x00007fe49d255700|[g:1][CONSENSUS]addRawPrepare,height=37,reqIdx=0,hash=d89c3f91...,time=0
info|2025-10-07 00:28:42.753367|PBFT-1-0x00007fe49d255700|[g:1][CONSENSUS][PBFT]checkTimeout Succ,view=0,toView=1,nodeIdx=2,changeCycle=1,myNode=73994dae...,timecost=2
info|2025-10-07 00:28:42.774196|PBFT-1-0x00007fe49d255700|[g:1][CONSENSUS][PBFT]checkAndChangeView: Reach consensus,org_view=0,cur_changeCycle=1,curView=0,view=1
info|2025-10-07 00:28:43.783899|PBFT-1-0x00007fe49d255700|[g:1][CONSENSUS]addRawPrepare,height=37,reqIdx=1,hash=6e402d5b...,time=0
info|2025-10-07 00:28:43.785041|PBFT-1-0x00007fe49d255700|[g:1][CONSENSUS][PBFT]checkTimeout Succ,view=1,toView=2,nodeIdx=2,changeCycle=1,myNode=73994dae...,timecost=2
info|2025-10-07 00:28:43.793120|PBFT-1-0x00007fe49d255700|[g:1][CONSENSUS][PBFT]checkAndChangeView: Reach consensus,org_view=1,cur_changeCycle=1,curView=1,view=2
info|2025-10-07 00:28:44.793953|PBFTSeal-1-0x00007fe495a46700|[g:1][CONSENSUS][SEALER]++++++++++++++++ Generating seal on,blkNum=37,tx=0,nodeIdx=2,hash=ee6779a2...
info|2025-10-07 00:28:44.799445|PBFT-1-0x00007fe49d255700|[g:1][CONSENSUS][PBFT]checkTimeout Succ,view=2,toView=3,nodeIdx=2,changeCycle=1,myNode=73994dae...,timecost=4
info|2025-10-07 00:28:44.806850|PBFT-1-0x00007fe49d255700|[g:1][CONSENSUS][PBFT]checkAndChangeView: Reach consensus,org_view=2,cur_changeCycle=1,curView=2,view=3
info|2025-10-07 00:28:45.814737|PBFT-1-0x00007fe49d255700|[g:1][CONSENSUS]addRawPrepare,height=37,reqIdx=3,hash=8f7bd424...,time=0
info|2025-10-07 00:28:45.816125|PBFT-1-0x00007fe49d255700|[g:1][CONSENSUS][PBFT]checkTimeout Succ,view=3,toView=4,nodeIdx=2,changeCycle=1,myNode=73994dae...,timecost=2
info|2025-10-07 00:28:45.827010|PBFT-1-0x00007fe49d255700|[g:1][CONSENSUS][PBFT]checkAndChangeView: Reach consensus,org_view=3,cur_changeCycle=1,curView=3,view=4
info|2025-10-07 00:28:46.835410|PBFT-1-0x00007fe49d255700|[g:1][CONSENSUS]addRawPrepare,height=37,reqIdx=0,hash=9b91aef2...,time=0
info|2025-10-07 00:28:46.836537|PBFT-1-0x00007fe49d255700|[g:1][CONSENSUS][PBFT]checkTimeout Succ,view=4,toView=5,nodeIdx=2,changeCycle=1,myNode=73994dae...,timecost=1
info|2025-10-07 00:28:46.841199|PBFT-1-0x00007fe49d255700|[g:1][CONSENSUS][PBFT]checkAndChangeView: Reach consensus,org_view=4,cur_changeCycle=1,curView=4,view=5
info|2025-10-07 00:28:47.888028|PBFT-1-0x00007fe49d255700|[g:1][CONSENSUS]addRawPrepare,height=37,reqIdx=1,hash=d9520adf...,time=0
info|2025-10-07 00:28:47.891764|PBFT-1-0x00007fe49d255700|[g:1][CONSENSUS][PBFT]checkTimeout Succ,view=5,toView=6,nodeIdx=2,changeCycle=1,myNode=73994dae...,timecost=3
info|2025-10-07 00:28:47.896424|PBFT-1-0x00007fe49d255700|[g:1][CONSENSUS][PBFT]checkAndChangeView: Reach consensus,org_view=5,cur_changeCycle=1,curView=5,view=6
info|2025-10-07 00:28:48.897438|PBFTSeal-1-0x00007fe495a46700|[g:1][CONSENSUS][SEALER]++++++++++++++++ Generating seal on,blkNum=37,tx=0,nodeIdx=2,hash=49d78242...
info|2025-10-07 00:28:48.903303|PBFT-1-0x00007fe49d255700|[g:1][CONSENSUS][PBFT]checkTimeout Succ,view=6,toView=7,nodeIdx=2,changeCycle=1,myNode=73994dae...,timecost=3
info|2025-10-07 00:28:48.914079|PBFT-1-0x00007fe49d255700|[g:1][CONSENSUS][PBFT]checkAndChangeView: Reach consensus,org_view=6,cur_changeCycle=1,curView=6,view=7
info|2025-10-07 00:28:49.920226|PBFT-1-0x00007fe49d255700|[g:1][CONSENSUS]addRawPrepare,height=37,reqIdx=3,hash=635e071b...,time=0
info|2025-10-07 00:28:49.922966|PBFT-1-0x00007fe49d255700|[g:1][CONSENSUS][PBFT]checkTimeout Succ,view=7,toView=8,nodeIdx=2,changeCycle=1,myNode=73994dae...,timecost=2
info|2025-10-07 00:28:49.928817|PBFT-1-0x00007fe49d255700|[g:1][CONSENSUS][PBFT]checkAndChangeView: Reach consensus,org_view=7,cur_changeCycle=1,curView=7,view=8
info|2025-10-07 00:28:50.937141|PBFT-1-0x00007fe49d255700|[g:1][CONSENSUS]addRawPrepare,height=37,reqIdx=0,hash=9a9a30e6...,time=0
info|2025-10-07 00:28:50.939969|PBFT-1-0x00007fe49d255700|[g:1][CONSENSUS][PBFT]checkTimeout Succ,view=8,toView=9,nodeIdx=2,changeCycle=1,myNode=73994dae...,timecost=3
info|2025-10-07 00:28:50.950522|PBFT-1-0x00007fe49d255700|[g:1][CONSENSUS][PBFT]checkAndChangeView: Reach consensus,org_view=8,cur_changeCycle=1,curView=8,view=9
info|2025-10-07 00:28:51.317960|ChannelServer-0x00007fe4ae277700|[CHANNEL]Receive new connection,from=127.0.0.1:58514
info|2025-10-07 00:28:51.330403|ChannelServer-0x00007fe4ae277700|[CHANNEL]channel new connect, host=127.0.0.1:58514
info|2025-10-07 00:28:51.330554|ChannelServer-0x00007fe4ae277700|[CHANNEL]start receive
info|2025-10-07 00:28:51.330602|ChannelServer-0x00007fe4ae277700|[CHANNEL][SESSION]setRemotePublicKey: set sdk public key,sdkPublicKey=18ec5cfe...
info|2025-10-07 00:28:51.334064|ChannelReq-0x00007fe4b6287700|[RPC][getClientVersion]request
info|2025-10-07 00:28:51.336828|ChannelReq-0x00007fe4b5a86700|[CHANNEL]onClientHandshake,ProtocolVersion=3,clientType=java-sdk,endpoint=127.0.0.1:58514
info|2025-10-07 00:28:51.342461|ChannelReq-0x00007fe4b4a84700|[RPC][getGroupList]request
info|2025-10-07 00:28:51.361665|ChannelReq-0x00007fe4b3281700|[RPC][getClientVersion]request
info|2025-10-07 00:28:51.665081|io_service-0x00007fe4b7289700|[NETWORK][Host]P2P Recv Connect, From=127.0.0.1:44604
info|2025-10-07 00:28:51.665166|io_service-0x00007fe4b7289700|[NETWORK][Host]P2P StartAccept,Host=0.0.0.0:30300
info|2025-10-07 00:28:51.673130|io_service-0x00007fe4b7289700|[NETWORK][Host]handshakeServer succ,remote endpoint=127.0.0.1:44604
info|2025-10-07 00:28:51.673231|io_service-0x00007fe4b7289700|[NETWORK][Host]startPeerSession, Remote=127.0.0.1:44604,local endpoint=127.0.0.1:30300,nodeID=064cb676...
info|2025-10-07 00:28:51.673965|io_service-0x00007fe4b7289700|[NETWORK][Host]P2P Recv Connect, From=127.0.0.1:44610
info|2025-10-07 00:28:51.674030|io_service-0x00007fe4b7289700|[NETWORK][Host]P2P StartAccept,Host=0.0.0.0:30300
info|2025-10-07 00:28:51.687708|io_service-0x00007fe4b7289700|[NETWORK][Host]handshakeServer succ,remote endpoint=127.0.0.1:44610
info|2025-10-07 00:28:51.687793|io_service-0x00007fe4b7289700|[NETWORK][Host]startPeerSession, Remote=127.0.0.1:44610,local endpoint=127.0.0.1:30300,nodeID=374bdfe9...
info|2025-10-07 00:28:51.693186|io_service-0x00007fe4b7289700|[NETWORK][Host]P2P Recv Connect, From=127.0.0.1:44616
info|2025-10-07 00:28:51.693264|io_service-0x00007fe4b7289700|[NETWORK][Host]P2P StartAccept,Host=0.0.0.0:30300
info|2025-10-07 00:28:51.706407|io_service-0x00007fe4b7289700|[NETWORK][Host]handshakeServer succ,remote endpoint=127.0.0.1:44616
info|2025-10-07 00:28:51.706454|io_service-0x00007fe4b7289700|[NETWORK][Host]startPeerSession, Remote=127.0.0.1:44616,local endpoint=127.0.0.1:30300,nodeID=87d00b98...
info|2025-10-07 00:28:51.726384|io_service-0x00007fe4b7289700|[P2P][Service] heartBeat,connected count=3
info|2025-10-07 00:28:51.959376|PBFT-1-0x00007fe49d255700|[g:1][CONSENSUS]addRawPrepare,height=37,reqIdx=1,hash=51df658a...,time=0
info|2025-10-07 00:28:51.960731|PBFT-1-0x00007fe49d255700|[g:1][CONSENSUS][PBFT]checkTimeout Succ,view=9,toView=10,nodeIdx=2,changeCycle=1,myNode=73994dae...,timecost=1
info|2025-10-07 00:28:51.969032|PBFT-1-0x00007fe49d255700|[g:1][CONSENSUS][PBFT]checkAndChangeView: Reach consensus,org_view=9,cur_changeCycle=1,curView=9,view=10
info|2025-10-07 00:28:52.970296|PBFTSeal-1-0x00007fe495a46700|[g:1][CONSENSUS][SEALER]++++++++++++++++ Generating seal on,blkNum=37,tx=0,nodeIdx=2,hash=a5ebc76a...
info|2025-10-07 00:28:52.977343|PBFT-1-0x00007fe49d255700|[g:1][CONSENSUS][PBFT]checkTimeout Succ,view=10,toView=11,nodeIdx=2,changeCycle=1,myNode=73994dae...,timecost=2
info|2025-10-07 00:28:52.983413|PBFT-1-0x00007fe49d255700|[g:1][CONSENSUS][PBFT]checkAndChangeView: Reach consensus,org_view=10,cur_changeCycle=1,curView=10,view=11
info|2025-10-07 00:28:53.990001|PBFT-1-0x00007fe49d255700|[g:1][CONSENSUS]addRawPrepare,height=37,reqIdx=3,hash=84991a3b...,time=1
info|2025-10-07 00:28:53.991402|PBFT-1-0x00007fe49d255700|[g:1][CONSENSUS][PBFT]checkTimeout Succ,view=11,toView=12,nodeIdx=2,changeCycle=1,myNode=73994dae...,timecost=1
info|2025-10-07 00:28:54.005132|PBFT-1-0x00007fe49d255700|[g:1][CONSENSUS][PBFT]checkAndChangeView: Reach consensus,org_view=11,cur_changeCycle=1,curView=11,view=12
info|2025-10-07 00:28:55.011167|PBFT-1-0x00007fe49d255700|[g:1][CONSENSUS]addRawPrepare,height=37,reqIdx=0,hash=8269d399...,time=0
info|2025-10-07 00:28:55.014416|PBFT-1-0x00007fe49d255700|[g:1][CONSENSUS][PBFT]checkTimeout Succ,view=12,toView=13,nodeIdx=2,changeCycle=1,myNode=73994dae...,timecost=3
info|2025-10-07 00:28:55.021965|PBFT-1-0x00007fe49d255700|[g:1][CONSENSUS][PBFT]checkAndChangeView: Reach consensus,org_view=12,cur_changeCycle=1,curView=12,view=13
info|2025-10-07 00:28:56.027492|PBFT-1-0x00007fe49d255700|[g:1][CONSENSUS]addRawPrepare,height=37,reqIdx=1,hash=c25736f4...,time=0
info|2025-10-07 00:28:56.028717|PBFT-1-0x00007fe49d255700|[g:1][CONSENSUS][PBFT]checkTimeout Succ,view=13,toView=14,nodeIdx=2,changeCycle=1,myNode=73994dae...,timecost=1
info|2025-10-07 00:28:56.037975|PBFT-1-0x00007fe49d255700|[g:1][CONSENSUS][PBFT]checkAndChangeView: Reach consensus,org_view=13,cur_changeCycle=1,curView=13,view=14
info|2025-10-07 00:28:57.038327|PBFTSeal-1-0x00007fe495a46700|[g:1][CONSENSUS][SEALER]++++++++++++++++ Generating seal on,blkNum=37,tx=0,nodeIdx=2,hash=404f1ec6...
info|2025-10-07 00:28:57.050062|PBFT-1-0x00007fe49d255700|[g:1][CONSENSUS][PBFT]checkTimeout Succ,view=14,toView=15,nodeIdx=2,changeCycle=1,myNode=73994dae...,timecost=3
info|2025-10-07 00:28:57.054118|PBFT-1-0x00007fe49d255700|[g:1][CONSENSUS][PBFT]checkAndChangeView: Reach consensus,org_view=14,cur_changeCycle=1,curView=14,view=15
info|2025-10-07 00:28:58.062794|PBFT-1-0x00007fe49d255700|[g:1][CONSENSUS]addRawPrepare,height=37,reqIdx=3,hash=9650cfde...,time=0
info|2025-10-07 00:28:58.068596|PBFT-1-0x00007fe49d255700|[g:1][CONSENSUS][PBFT]checkTimeout Succ,view=15,toView=16,nodeIdx=2,changeCycle=1,myNode=73994dae...,timecost=6
info|2025-10-07 00:28:58.072410|PBFT-1-0x00007fe49d255700|[g:1][CONSENSUS][PBFT]checkAndChangeView: Reach consensus,org_view=15,cur_changeCycle=1,curView=15,view=16
info|2025-10-07 00:28:59.078342|PBFT-1-0x00007fe49d255700|[g:1][CONSENSUS]addRawPrepare,height=37,reqIdx=0,hash=f2923847...,time=0
info|2025-10-07 00:28:59.081286|PBFT-1-0x00007fe49d255700|[g:1][CONSENSUS][PBFT]checkTimeout Succ,view=16,toView=17,nodeIdx=2,changeCycle=1,myNode=73994dae...,timecost=3
info|2025-10-07 00:28:59.098306|PBFT-1-0x00007fe49d255700|[g:1][CONSENSUS][PBFT]checkAndChangeView: Reach consensus,org_view=16,cur_changeCycle=1,curView=16,view=17
info|2025-10-07 00:29:00.098454|PBFT-1-0x00007fe49d255700|[g:1][CONSENSUS]addRawPrepare,height=37,reqIdx=1,hash=29209744...,time=0
info|2025-10-07 00:29:00.099875|PBFT-1-0x00007fe49d255700|[g:1][CONSENSUS][PBFT]checkTimeout Succ,view=17,toView=18,nodeIdx=2,changeCycle=1,myNode=73994dae...,timecost=1
info|2025-10-07 00:29:00.103128|PBFT-1-0x00007fe49d255700|[g:1][CONSENSUS][PBFT]checkAndChangeView: Reach consensus,org_view=17,cur_changeCycle=1,curView=17,view=18
info|2025-10-07 00:29:01.103621|PBFTSeal-1-0x00007fe495a46700|[g:1][CONSENSUS][SEALER]++++++++++++++++ Generating seal on,blkNum=37,tx=0,nodeIdx=2,hash=59ff9b55...
info|2025-10-07 00:29:01.106236|PBFT-1-0x00007fe49d255700|[g:1][CONSENSUS][PBFT]checkTimeout Succ,view=18,toView=19,nodeIdx=2,changeCycle=1,myNode=73994dae...,timecost=2
info|2025-10-07 00:29:01.113843|PBFT-1-0x00007fe49d255700|[g:1][CONSENSUS][PBFT]checkAndChangeView: Reach consensus,org_view=18,cur_changeCycle=1,curView=18,view=19
info|2025-10-07 00:29:01.727169|io_service-0x00007fe4b7289700|[P2P][Service] heartBeat,connected count=3
info|2025-10-07 00:29:02.122866|PBFT-1-0x00007fe49d255700|[g:1][CONSENSUS]addRawPrepare,height=37,reqIdx=3,hash=16da3dde...,time=0
info|2025-10-07 00:29:02.127207|PBFT-1-0x00007fe49d255700|[g:1][CONSENSUS][PBFT]checkTimeout Succ,view=19,toView=20,nodeIdx=2,changeCycle=1,myNode=73994dae...,timecost=5
info|2025-10-07 00:29:02.133954|PBFT-1-0x00007fe49d255700|[g:1][CONSENSUS][PBFT]checkAndChangeView: Reach consensus,org_view=19,cur_changeCycle=1,curView=19,view=20
info|2025-10-07 00:29:03.137677|PBFT-1-0x00007fe49d255700|[g:1][CONSENSUS]addRawPrepare,height=37,reqIdx=0,hash=aacbec23...,time=0
info|2025-10-07 00:29:03.139389|PBFT-1-0x00007fe49d255700|[g:1][CONSENSUS][PBFT]checkTimeout Succ,view=20,toView=21,nodeIdx=2,changeCycle=1,myNode=73994dae...,timecost=2
info|2025-10-07 00:29:03.145770|PBFT-1-0x00007fe49d255700|[g:1][CONSENSUS][PBFT]checkAndChangeView: Reach consensus,org_view=20,cur_changeCycle=1,curView=20,view=21
info|2025-10-07 00:29:04.153314|PBFT-1-0x00007fe49d255700|[g:1][CONSENSUS]addRawPrepare,height=37,reqIdx=1,hash=9cacf61f...,time=0
info|2025-10-07 00:29:04.158824|PBFT-1-0x00007fe49d255700|[g:1][CONSENSUS][PBFT]checkTimeout Succ,view=21,toView=22,nodeIdx=2,changeCycle=1,myNode=73994dae...,timecost=5
info|2025-10-07 00:29:04.166179|PBFT-1-0x00007fe49d255700|[g:1][CONSENSUS][PBFT]checkAndChangeView: Reach consensus,org_view=21,cur_changeCycle=1,curView=21,view=22
info|2025-10-07 00:29:05.166686|PBFTSeal-1-0x00007fe495a46700|[g:1][CONSENSUS][SEALER]++++++++++++++++ Generating seal on,blkNum=37,tx=0,nodeIdx=2,hash=44db2ef3...
info|2025-10-07 00:29:05.173606|PBFT-1-0x00007fe49d255700|[g:1][CONSENSUS][PBFT]checkTimeout Succ,view=22,toView=23,nodeIdx=2,changeCycle=1,myNode=73994dae...,timecost=4
info|2025-10-07 00:29:05.180496|PBFT-1-0x00007fe49d255700|[g:1][CONSENSUS][PBFT]checkAndChangeView: Reach consensus,org_view=22,cur_changeCycle=1,curView=22,view=23
info|2025-10-07 00:29:06.187066|PBFT-1-0x00007fe49d255700|[g:1][CONSENSUS]addRawPrepare,height=37,reqIdx=3,hash=e72c0fcf...,time=0
info|2025-10-07 00:29:06.188771|PBFT-1-0x00007fe49d255700|[g:1][CONSENSUS][PBFT]checkTimeout Succ,view=23,toView=24,nodeIdx=2,changeCycle=1,myNode=73994dae...,timecost=1
info|2025-10-07 00:29:06.197925|PBFT-1-0x00007fe49d255700|[g:1][CONSENSUS][PBFT]checkAndChangeView: Reach consensus,org_view=23,cur_changeCycle=1,curView=23,view=24
info|2025-10-07 00:29:07.251598|PBFT-1-0x00007fe49d255700|[g:1][CONSENSUS]addRawPrepare,height=37,reqIdx=0,hash=8803e5c1...,time=0
info|2025-10-07 00:29:07.255857|PBFT-1-0x00007fe49d255700|[g:1][CONSENSUS][PBFT]checkTimeout Succ,view=24,toView=25,nodeIdx=2,changeCycle=1,myNode=73994dae...,timecost=1
info|2025-10-07 00:29:07.258563|PBFT-1-0x00007fe49d255700|[g:1][CONSENSUS][PBFT]checkAndChangeView: Reach consensus,org_view=24,cur_changeCycle=1,curView=24,view=25
info|2025-10-07 00:29:08.258685|PBFT-1-0x00007fe49d255700|[g:1][CONSENSUS]addRawPrepare,height=37,reqIdx=1,hash=4addad85...,time=0
info|2025-10-07 00:29:08.260227|PBFT-1-0x00007fe49d255700|[g:1][CONSENSUS][PBFT]checkTimeout Succ,view=25,toView=26,nodeIdx=2,changeCycle=1,myNode=73994dae...,timecost=2
info|2025-10-07 00:29:08.271443|PBFT-1-0x00007fe49d255700|[g:1][CONSENSUS][PBFT]checkAndChangeView: Reach consensus,org_view=25,cur_changeCycle=1,curView=25,view=26
info|2025-10-07 00:29:09.270966|PBFTSeal-1-0x00007fe495a46700|[g:1][CONSENSUS][SEALER]++++++++++++++++ Generating seal on,blkNum=37,tx=0,nodeIdx=2,hash=d7d7cd31...
info|2025-10-07 00:29:09.273636|PBFT-1-0x00007fe49d255700|[g:1][CONSENSUS][PBFT]checkTimeout Succ,view=26,toView=27,nodeIdx=2,changeCycle=1,myNode=73994dae...,timecost=1
info|2025-10-07 00:29:09.281160|PBFT-1-0x00007fe49d255700|[g:1][CONSENSUS][PBFT]checkAndChangeView: Reach consensus,org_view=26,cur_changeCycle=1,curView=26,view=27
info|2025-10-07 00:29:10.293869|PBFT-1-0x00007fe49d255700|[g:1][CONSENSUS]addRawPrepare,height=37,reqIdx=3,hash=db7ab06d...,time=0
info|2025-10-07 00:29:10.295650|PBFT-1-0x00007fe49d255700|[g:1][CONSENSUS][PBFT]checkTimeout Succ,view=27,toView=28,nodeIdx=2,changeCycle=1,myNode=73994dae...,timecost=2
info|2025-10-07 00:29:10.298758|PBFT-1-0x00007fe49d255700|[g:1][CONSENSUS][PBFT]checkAndChangeView: Reach consensus,org_view=27,cur_changeCycle=1,curView=27,view=28
info|2025-10-07 00:29:11.308196|PBFT-1-0x00007fe49d255700|[g:1][CONSENSUS]addRawPrepare,height=37,reqIdx=0,hash=27e5e8bf...,time=0
info|2025-10-07 00:29:11.317077|PBFT-1-0x00007fe49d255700|[g:1][CONSENSUS][PBFT]checkTimeout Succ,view=28,toView=29,nodeIdx=2,changeCycle=1,myNode=73994dae...,timecost=9
info|2025-10-07 00:29:11.322441|PBFT-1-0x00007fe49d255700|[g:1][CONSENSUS][PBFT]checkAndChangeView: Reach consensus,org_view=28,cur_changeCycle=1,curView=28,view=29
info|2025-10-07 00:29:11.727550|io_service-0x00007fe4b7289700|[P2P][Service] heartBeat,connected count=3
info|2025-10-07 00:29:12.331074|PBFT-1-0x00007fe49d255700|[g:1][CONSENSUS]addRawPrepare,height=37,reqIdx=1,hash=d417f830...,time=0
info|2025-10-07 00:29:12.337618|PBFT-1-0x00007fe49d255700|[g:1][CONSENSUS][PBFT]checkTimeout Succ,view=29,toView=30,nodeIdx=2,changeCycle=1,myNode=73994dae...,timecost=6
info|2025-10-07 00:29:12.340447|PBFT-1-0x00007fe49d255700|[g:1][CONSENSUS][PBFT]checkAndChangeView: Reach consensus,org_view=29,cur_changeCycle=1,curView=29,view=30
info|2025-10-07 00:29:13.340633|PBFTSeal-1-0x00007fe495a46700|[g:1][CONSENSUS][SEALER]++++++++++++++++ Generating seal on,blkNum=37,tx=0,nodeIdx=2,hash=b1f77319...
info|2025-10-07 00:29:13.347256|PBFT-1-0x00007fe49d255700|[g:1][CONSENSUS][PBFT]checkTimeout Succ,view=30,toView=31,nodeIdx=2,changeCycle=1,myNode=73994dae...,timecost=2
info|2025-10-07 00:29:13.351204|PBFT-1-0x00007fe49d255700|[g:1][CONSENSUS][PBFT]checkAndChangeView: Reach consensus,org_view=30,cur_changeCycle=1,curView=30,view=31
info|2025-10-07 00:29:14.361926|PBFT-1-0x00007fe49d255700|[g:1][CONSENSUS]addRawPrepare,height=37,reqIdx=3,hash=22cf73ac...,time=0
info|2025-10-07 00:29:14.368151|PBFT-1-0x00007fe49d255700|[g:1][CONSENSUS][PBFT]checkTimeout Succ,view=31,toView=32,nodeIdx=2,changeCycle=1,myNode=73994dae...,timecost=5
info|2025-10-07 00:29:14.374715|PBFT-1-0x00007fe49d255700|[g:1][CONSENSUS][PBFT]checkAndChangeView: Reach consensus,org_view=31,cur_changeCycle=1,curView=31,view=32
info|2025-10-07 00:29:15.375357|PBFT-1-0x00007fe49d255700|[g:1][CONSENSUS]addRawPrepare,height=37,reqIdx=0,hash=2cd59574...,time=0
info|2025-10-07 00:29:15.377900|PBFT-1-0x00007fe49d255700|[g:1][CONSENSUS][PBFT]checkTimeout Succ,view=32,toView=33,nodeIdx=2,changeCycle=1,myNode=73994dae...,timecost=2
info|2025-10-07 00:29:15.389409|PBFT-1-0x00007fe49d255700|[g:1][CONSENSUS][PBFT]checkAndChangeView: Reach consensus,org_view=32,cur_changeCycle=1,curView=32,view=33
info|2025-10-07 00:29:16.390896|PBFT-1-0x00007fe49d255700|[g:1][CONSENSUS]addRawPrepare,height=37,reqIdx=1,hash=21b681c4...,time=0
info|2025-10-07 00:29:16.392355|PBFT-1-0x00007fe49d255700|[g:1][CONSENSUS][PBFT]checkTimeout Succ,view=33,toView=34,nodeIdx=2,changeCycle=1,myNode=73994dae...,timecost=1
info|2025-10-07 00:29:16.404181|PBFT-1-0x00007fe49d255700|[g:1][CONSENSUS][PBFT]checkAndChangeView: Reach consensus,org_view=33,cur_changeCycle=1,curView=33,view=34
info|2025-10-07 00:29:17.404479|PBFTSeal-1-0x00007fe495a46700|[g:1][CONSENSUS][SEALER]++++++++++++++++ Generating seal on,blkNum=37,tx=0,nodeIdx=2,hash=f1593a38...
info|2025-10-07 00:29:17.412406|PBFT-1-0x00007fe49d255700|[g:1][CONSENSUS][PBFT]checkTimeout Succ,view=34,toView=35,nodeIdx=2,changeCycle=1,myNode=73994dae...,timecost=1
info|2025-10-07 00:29:17.416759|PBFT-1-0x00007fe49d255700|[g:1][CONSENSUS][PBFT]checkAndChangeView: Reach consensus,org_view=34,cur_changeCycle=1,curView=34,view=35
info|2025-10-07 00:29:18.427372|PBFT-1-0x00007fe49d255700|[g:1][CONSENSUS]addRawPrepare,height=37,reqIdx=3,hash=f419dd81...,time=0
info|2025-10-07 00:29:18.428954|PBFT-1-0x00007fe49d255700|[g:1][CONSENSUS][PBFT]checkTimeout Succ,view=35,toView=36,nodeIdx=2,changeCycle=1,myNode=73994dae...,timecost=1
info|2025-10-07 00:29:18.436574|PBFT-1-0x00007fe49d255700|[g:1][CONSENSUS][PBFT]checkAndChangeView: Reach consensus,org_view=35,cur_changeCycle=1,curView=35,view=36
info|2025-10-07 00:29:19.442756|PBFT-1-0x00007fe49d255700|[g:1][CONSENSUS]addRawPrepare,height=37,reqIdx=0,hash=2d7a33eb...,time=0
info|2025-10-07 00:29:19.444499|PBFT-1-0x00007fe49d255700|[g:1][CONSENSUS][PBFT]checkTimeout Succ,view=36,toView=37,nodeIdx=2,changeCycle=1,myNode=73994dae...,timecost=2
info|2025-10-07 00:29:19.450134|PBFT-1-0x00007fe49d255700|[g:1][CONSENSUS][PBFT]checkAndChangeView: Reach consensus,org_view=36,cur_changeCycle=1,curView=36,view=37
info|2025-10-07 00:29:20.458671|PBFT-1-0x00007fe49d255700|[g:1][CONSENSUS]addRawPrepare,height=37,reqIdx=1,hash=20335828...,time=0
info|2025-10-07 00:29:20.461753|PBFT-1-0x00007fe49d255700|[g:1][CONSENSUS][PBFT]checkTimeout Succ,view=37,toView=38,nodeIdx=2,changeCycle=1,myNode=73994dae...,timecost=3
info|2025-10-07 00:29:20.470498|PBFT-1-0x00007fe49d255700|[g:1][CONSENSUS][PBFT]checkAndChangeView: Reach consensus,org_view=37,cur_changeCycle=1,curView=37,view=38
info|2025-10-07 00:29:21.471849|PBFTSeal-1-0x00007fe495a46700|[g:1][CONSENSUS][SEALER]++++++++++++++++ Generating seal on,blkNum=37,tx=0,nodeIdx=2,hash=cd5cc692...
info|2025-10-07 00:29:21.479097|PBFT-1-0x00007fe49d255700|[g:1][CONSENSUS][PBFT]checkTimeout Succ,view=38,toView=39,nodeIdx=2,changeCycle=1,myNode=73994dae...,timecost=2
info|2025-10-07 00:29:21.486774|PBFT-1-0x00007fe49d255700|[g:1][CONSENSUS][PBFT]checkAndChangeView: Reach consensus,org_view=38,cur_changeCycle=1,curView=38,view=39
info|2025-10-07 00:29:21.727738|io_service-0x00007fe4b7289700|[P2P][Service] heartBeat,connected count=3
info|2025-10-07 00:29:22.531958|PBFT-1-0x00007fe49d255700|[g:1][CONSENSUS][PBFT]Trigger fast-viewchange,view=39,toView=39,minView=40,INFO=,reqNum=36,curNum=36,GenIdx=1,Cview=40,view=39,fromIdx=1,fromNode=374bdfe9...,fromIp=127.0.0.1:30301,hash=1ccc417a...,nodeIdx=2,myNode=73994dae...
info|2025-10-07 00:29:22.533370|PBFT-1-0x00007fe49d255700|[g:1][CONSENSUS][PBFT]checkAndChangeView: Reach consensus,org_view=39,cur_changeCycle=2,curView=39,view=40
info|2025-10-07 00:29:22.533554|PBFT-1-0x00007fe49d255700|[g:1][CONSENSUS][PBFT]checkTimeout Succ,view=40,toView=40,nodeIdx=2,changeCycle=2,myNode=73994dae...,timecost=1
info|2025-10-07 00:29:23.504465|PBFT-1-0x00007fe49d255700|[g:1][CONSENSUS]addRawPrepare,height=37,reqIdx=0,hash=ea8ef0ee...,time=0
info|2025-10-07 00:29:23.506184|PBFT-1-0x00007fe49d255700|[g:1][CONSENSUS][PBFT]checkTimeout Succ,view=40,toView=41,nodeIdx=2,changeCycle=1,myNode=73994dae...,timecost=2
info|2025-10-07 00:29:23.517690|PBFT-1-0x00007fe49d255700|[g:1][CONSENSUS][PBFT]checkAndChangeView: Reach consensus,org_view=40,cur_changeCycle=1,curView=40,view=41
info|2025-10-07 00:29:24.519482|PBFT-1-0x00007fe49d255700|[g:1][CONSENSUS]addRawPrepare,height=37,reqIdx=1,hash=a8c1179f...,time=0
info|2025-10-07 00:29:24.525615|PBFT-1-0x00007fe49d255700|[g:1][CONSENSUS][PBFT]checkTimeout Succ,view=41,toView=42,nodeIdx=2,changeCycle=1,myNode=73994dae...,timecost=1
info|2025-10-07 00:29:24.530609|PBFT-1-0x00007fe49d255700|[g:1][CONSENSUS][PBFT]checkAndChangeView: Reach consensus,org_view=41,cur_changeCycle=1,curView=41,view=42
info|2025-10-07 00:29:25.532114|PBFTSeal-1-0x00007fe495a46700|[g:1][CONSENSUS][SEALER]++++++++++++++++ Generating seal on,blkNum=37,tx=0,nodeIdx=2,hash=55252370...
info|2025-10-07 00:29:25.541283|PBFT-1-0x00007fe49d255700|[g:1][CONSENSUS][PBFT]checkTimeout Succ,view=42,toView=43,nodeIdx=2,changeCycle=1,myNode=73994dae...,timecost=3
info|2025-10-07 00:29:25.546640|PBFT-1-0x00007fe49d255700|[g:1][CONSENSUS][PBFT]checkAndChangeView: Reach consensus,org_view=42,cur_changeCycle=1,curView=42,view=43
info|2025-10-07 00:29:26.556731|PBFT-1-0x00007fe49d255700|[g:1][CONSENSUS]addRawPrepare,height=37,reqIdx=3,hash=cdc7fe85...,time=0
info|2025-10-07 00:29:26.561683|PBFT-1-0x00007fe49d255700|[g:1][CONSENSUS][PBFT]checkTimeout Succ,view=43,toView=44,nodeIdx=2,changeCycle=1,myNode=73994dae...,timecost=4
info|2025-10-07 00:29:26.569379|PBFT-1-0x00007fe49d255700|[g:1][CONSENSUS][PBFT]checkAndChangeView: Reach consensus,org_view=43,cur_changeCycle=1,curView=43,view=44
info|2025-10-07 00:29:27.575942|PBFT-1-0x00007fe49d255700|[g:1][CONSENSUS]addRawPrepare,height=37,reqIdx=0,hash=f79e4c54...,time=0
info|2025-10-07 00:29:27.582155|PBFT-1-0x00007fe49d255700|[g:1][CONSENSUS][PBFT]checkTimeout Succ,view=44,toView=45,nodeIdx=2,changeCycle=1,myNode=73994dae...,timecost=6
info|2025-10-07 00:29:27.585252|PBFT-1-0x00007fe49d255700|[g:1][CONSENSUS][PBFT]checkAndChangeView: Reach consensus,org_view=44,cur_changeCycle=1,curView=44,view=45
info|2025-10-07 00:29:28.592807|PBFT-1-0x00007fe49d255700|[g:1][CONSENSUS]addRawPrepare,height=37,reqIdx=1,hash=a657212e...,time=0
info|2025-10-07 00:29:28.594258|PBFT-1-0x00007fe49d255700|[g:1][CONSENSUS][PBFT]checkTimeout Succ,view=45,toView=46,nodeIdx=2,changeCycle=1,myNode=73994dae...,timecost=2
info|2025-10-07 00:29:28.602520|PBFT-1-0x00007fe49d255700|[g:1][CONSENSUS][PBFT]checkAndChangeView: Reach consensus,org_view=45,cur_changeCycle=1,curView=45,view=46
info|2025-10-07 00:29:29.602916|PBFTSeal-1-0x00007fe495a46700|[g:1][CONSENSUS][SEALER]++++++++++++++++ Generating seal on,blkNum=37,tx=0,nodeIdx=2,hash=0f02cc07...
info|2025-10-07 00:29:29.612390|PBFT-1-0x00007fe49d255700|[g:1][CONSENSUS][PBFT]checkTimeout Succ,view=46,toView=47,nodeIdx=2,changeCycle=1,myNode=73994dae...,timecost=2
info|2025-10-07 00:29:29.618943|PBFT-1-0x00007fe49d255700|[g:1][CONSENSUS][PBFT]checkAndChangeView: Reach consensus,org_view=46,cur_changeCycle=1,curView=46,view=47
info|2025-10-07 00:29:30.627567|PBFT-1-0x00007fe49d255700|[g:1][CONSENSUS]addRawPrepare,height=37,reqIdx=3,hash=5bc65f64...,time=0
info|2025-10-07 00:29:30.629489|PBFT-1-0x00007fe49d255700|[g:1][CONSENSUS][PBFT]checkTimeout Succ,view=47,toView=48,nodeIdx=2,changeCycle=1,myNode=73994dae...,timecost=2
info|2025-10-07 00:29:30.636719|PBFT-1-0x00007fe49d255700|[g:1][CONSENSUS][PBFT]checkAndChangeView: Reach consensus,org_view=47,cur_changeCycle=1,curView=47,view=48
info|2025-10-07 00:29:31.642882|PBFT-1-0x00007fe49d255700|[g:1][CONSENSUS]addRawPrepare,height=37,reqIdx=0,hash=8116bbed...,time=0
info|2025-10-07 00:29:31.646209|PBFT-1-0x00007fe49d255700|[g:1][CONSENSUS][PBFT]checkTimeout Succ,view=48,toView=49,nodeIdx=2,changeCycle=1,myNode=73994dae...,timecost=4
info|2025-10-07 00:29:31.651737|PBFT-1-0x00007fe49d255700|[g:1][CONSENSUS][PBFT]checkAndChangeView: Reach consensus,org_view=48,cur_changeCycle=1,curView=48,view=49
info|2025-10-07 00:29:31.710137|ChannelReq-0x00007fe4b4283700|[RPC][getGroupList]request
info|2025-10-07 00:29:31.728032|io_service-0x00007fe4b7289700|[P2P][Service] heartBeat,connected count=3
info|2025-10-07 00:29:32.703999|PBFT-1-0x00007fe49d255700|[g:1][CONSENSUS]addRawPrepare,height=37,reqIdx=1,hash=de9d2672...,time=1
info|2025-10-07 00:29:32.705389|PBFT-1-0x00007fe49d255700|[g:1][CONSENSUS][PBFT]checkTimeout Succ,view=49,toView=50,nodeIdx=2,changeCycle=1,myNode=73994dae...,timecost=1
info|2025-10-07 00:29:32.710372|PBFT-1-0x00007fe49d255700|[g:1][CONSENSUS][PBFT]checkAndChangeView: Reach consensus,org_view=49,cur_changeCycle=1,curView=49,view=50
info|2025-10-07 00:29:33.711223|PBFTSeal-1-0x00007fe495a46700|[g:1][CONSENSUS][SEALER]++++++++++++++++ Generating seal on,blkNum=37,tx=0,nodeIdx=2,hash=579cb1c7...
info|2025-10-07 00:29:33.720530|PBFT-1-0x00007fe49d255700|[g:1][CONSENSUS][PBFT]checkTimeout Succ,view=50,toView=51,nodeIdx=2,changeCycle=1,myNode=73994dae...,timecost=7
info|2025-10-07 00:29:33.731368|PBFT-1-0x00007fe49d255700|[g:1][CONSENSUS][PBFT]checkAndChangeView: Reach consensus,org_view=50,cur_changeCycle=1,curView=50,view=51
info|2025-10-07 00:29:34.742470|PBFT-1-0x00007fe49d255700|[g:1][CONSENSUS]addRawPrepare,height=37,reqIdx=3,hash=444c708b...,time=0
info|2025-10-07 00:29:34.744015|PBFT-1-0x00007fe49d255700|[g:1][CONSENSUS][PBFT]checkTimeout Succ,view=51,toView=52,nodeIdx=2,changeCycle=1,myNode=73994dae...,timecost=2
info|2025-10-07 00:29:34.759479|PBFT-1-0x00007fe49d255700|[g:1][CONSENSUS][PBFT]checkAndChangeView: Reach consensus,org_view=51,cur_changeCycle=1,curView=51,view=52
info|2025-10-07 00:29:35.768004|PBFT-1-0x00007fe49d255700|[g:1][CONSENSUS]addRawPrepare,height=37,reqIdx=0,hash=aa97f2fb...,time=1
info|2025-10-07 00:29:35.774384|PBFT-1-0x00007fe49d255700|[g:1][CONSENSUS][PBFT]checkTimeout Succ,view=52,toView=53,nodeIdx=2,changeCycle=1,myNode=73994dae...,timecost=6
info|2025-10-07 00:29:35.778598|PBFT-1-0x00007fe49d255700|[g:1][CONSENSUS][PBFT]checkAndChangeView: Reach consensus,org_view=52,cur_changeCycle=1,curView=52,view=53
info|2025-10-07 00:29:36.783489|PBFT-1-0x00007fe49d255700|[g:1][CONSENSUS]addRawPrepare,height=37,reqIdx=1,hash=81d63d22...,time=0
info|2025-10-07 00:29:36.789074|PBFT-1-0x00007fe49d255700|[g:1][CONSENSUS][PBFT]checkTimeout Succ,view=53,toView=54,nodeIdx=2,changeCycle=1,myNode=73994dae...,timecost=6
info|2025-10-07 00:29:36.794026|PBFT-1-0x00007fe49d255700|[g:1][CONSENSUS][PBFT]checkAndChangeView: Reach consensus,org_view=53,cur_changeCycle=1,curView=53,view=54
info|2025-10-07 00:29:37.794889|PBFTSeal-1-0x00007fe495a46700|[g:1][CONSENSUS][SEALER]++++++++++++++++ Generating seal on,blkNum=37,tx=0,nodeIdx=2,hash=de8e928b...
info|2025-10-07 00:29:37.805376|PBFT-1-0x00007fe49d255700|[g:1][CONSENSUS][PBFT]checkTimeout Succ,view=54,toView=55,nodeIdx=2,changeCycle=1,myNode=73994dae...,timecost=2
info|2025-10-07 00:29:37.814144|PBFT-1-0x00007fe49d255700|[g:1][CONSENSUS][PBFT]checkAndChangeView: Reach consensus,org_view=54,cur_changeCycle=1,curView=54,view=55
info|2025-10-07 00:29:38.819449|PBFT-1-0x00007fe49d255700|[g:1][CONSENSUS]addRawPrepare,height=37,reqIdx=3,hash=aebbaeb8...,time=0
info|2025-10-07 00:29:38.826242|PBFT-1-0x00007fe49d255700|[g:1][CONSENSUS][PBFT]checkTimeout Succ,view=55,toView=56,nodeIdx=2,changeCycle=1,myNode=73994dae...,timecost=6
info|2025-10-07 00:29:38.833366|PBFT-1-0x00007fe49d255700|[g:1][CONSENSUS][PBFT]checkAndChangeView: Reach consensus,org_view=55,cur_changeCycle=1,curView=55,view=56
info|2025-10-07 00:29:39.833824|PBFT-1-0x00007fe49d255700|[g:1][CONSENSUS]addRawPrepare,height=37,reqIdx=0,hash=30358014...,time=0
info|2025-10-07 00:29:39.835204|PBFT-1-0x00007fe49d255700|[g:1][CONSENSUS][PBFT]checkTimeout Succ,view=56,toView=57,nodeIdx=2,changeCycle=1,myNode=73994dae...,timecost=2
info|2025-10-07 00:29:39.848034|PBFT-1-0x00007fe49d255700|[g:1][CONSENSUS][PBFT]checkAndChangeView: Reach consensus,org_view=56,cur_changeCycle=1,curView=56,view=57
info|2025-10-07 00:29:40.858185|PBFT-1-0x00007fe49d255700|[g:1][CONSENSUS]addRawPrepare,height=37,reqIdx=1,hash=1e8b13f4...,time=0
info|2025-10-07 00:29:40.862196|PBFT-1-0x00007fe49d255700|[g:1][CONSENSUS][PBFT]checkTimeout Succ,view=57,toView=58,nodeIdx=2,changeCycle=1,myNode=73994dae...,timecost=4
info|2025-10-07 00:29:40.865070|PBFT-1-0x00007fe49d255700|[g:1][CONSENSUS][PBFT]checkAndChangeView: Reach consensus,org_view=57,cur_changeCycle=1,curView=57,view=58
info|2025-10-07 00:29:41.728931|io_service-0x00007fe4b7289700|[P2P][Service] heartBeat,connected count=3
info|2025-10-07 00:29:41.865370|PBFTSeal-1-0x00007fe495a46700|[g:1][CONSENSUS][SEALER]++++++++++++++++ Generating seal on,blkNum=37,tx=0,nodeIdx=2,hash=7640fc36...
info|2025-10-07 00:29:41.877217|PBFT-1-0x00007fe49d255700|[g:1][CONSENSUS][PBFT]checkTimeout Succ,view=58,toView=59,nodeIdx=2,changeCycle=1,myNode=73994dae...,timecost=4
info|2025-10-07 00:29:41.907485|PBFT-1-0x00007fe49d255700|[g:1][CONSENSUS][PBFT]checkAndChangeView: Reach consensus,org_view=58,cur_changeCycle=1,curView=58,view=59
info|2025-10-07 00:29:42.915330|PBFT-1-0x00007fe49d255700|[g:1][CONSENSUS]addRawPrepare,height=37,reqIdx=3,hash=e8b97b41...,time=0
info|2025-10-07 00:29:42.917197|PBFT-1-0x00007fe49d255700|[g:1][CONSENSUS][PBFT]checkTimeout Succ,view=59,toView=60,nodeIdx=2,changeCycle=1,myNode=73994dae...,timecost=2
info|2025-10-07 00:29:42.925521|PBFT-1-0x00007fe49d255700|[g:1][CONSENSUS][PBFT]checkAndChangeView: Reach consensus,org_view=59,cur_changeCycle=1,curView=59,view=60
info|2025-10-07 00:29:43.928993|PBFT-1-0x00007fe49d255700|[g:1][CONSENSUS]addRawPrepare,height=37,reqIdx=0,hash=dcfd2d55...,time=1
info|2025-10-07 00:29:43.933464|PBFT-1-0x00007fe49d255700|[g:1][CONSENSUS][PBFT]checkTimeout Succ,view=60,toView=61,nodeIdx=2,changeCycle=1,myNode=73994dae...,timecost=4
info|2025-10-07 00:29:43.940233|PBFT-1-0x00007fe49d255700|[g:1][CONSENSUS][PBFT]checkAndChangeView: Reach consensus,org_view=60,cur_changeCycle=1,curView=60,view=61
info|2025-10-07 00:29:44.949320|PBFT-1-0x00007fe49d255700|[g:1][CONSENSUS]addRawPrepare,height=37,reqIdx=1,hash=f9eba8c1...,time=0
info|2025-10-07 00:29:44.952880|PBFT-1-0x00007fe49d255700|[g:1][CONSENSUS][PBFT]checkTimeout Succ,view=61,toView=62,nodeIdx=2,changeCycle=1,myNode=73994dae...,timecost=3
info|2025-10-07 00:29:44.956176|PBFT-1-0x00007fe49d255700|[g:1][CONSENSUS][PBFT]checkAndChangeView: Reach consensus,org_view=61,cur_changeCycle=1,curView=61,view=62
info|2025-10-07 00:29:45.956030|PBFTSeal-1-0x00007fe495a46700|[g:1][CONSENSUS][SEALER]++++++++++++++++ Generating seal on,blkNum=37,tx=0,nodeIdx=2,hash=18af9bd9...
info|2025-10-07 00:29:45.969771|PBFT-1-0x00007fe49d255700|[g:1][CONSENSUS][PBFT]checkTimeout Succ,view=62,toView=63,nodeIdx=2,changeCycle=1,myNode=73994dae...,timecost=6
info|2025-10-07 00:29:45.971999|PBFT-1-0x00007fe49d255700|[g:1][CONSENSUS][PBFT]checkAndChangeView: Reach consensus,org_view=62,cur_changeCycle=1,curView=62,view=63
info|2025-10-07 00:29:46.976177|PBFT-1-0x00007fe49d255700|[g:1][CONSENSUS]addRawPrepare,height=37,reqIdx=3,hash=12461e3a...,time=0
info|2025-10-07 00:29:46.979600|PBFT-1-0x00007fe49d255700|[g:1][CONSENSUS][PBFT]checkTimeout Succ,view=63,toView=64,nodeIdx=2,changeCycle=1,myNode=73994dae...,timecost=3
info|2025-10-07 00:29:46.994111|PBFT-1-0x00007fe49d255700|[g:1][CONSENSUS][PBFT]checkAndChangeView: Reach consensus,org_view=63,cur_changeCycle=1,curView=63,view=64
info|2025-10-07 00:29:47.997887|PBFT-1-0x00007fe49d255700|[g:1][CONSENSUS]addRawPrepare,height=37,reqIdx=0,hash=b4fca592...,time=0
info|2025-10-07 00:29:48.000422|PBFT-1-0x00007fe49d255700|[g:1][CONSENSUS][PBFT]checkTimeout Succ,view=64,toView=65,nodeIdx=2,changeCycle=1,myNode=73994dae...,timecost=2
info|2025-10-07 00:29:48.008903|PBFT-1-0x00007fe49d255700|[g:1][CONSENSUS][PBFT]checkAndChangeView: Reach consensus,org_view=64,cur_changeCycle=1,curView=64,view=65
info|2025-10-07 00:29:49.017160|PBFT-1-0x00007fe49d255700|[g:1][CONSENSUS]addRawPrepare,height=37,reqIdx=1,hash=a38697bb...,time=0
info|2025-10-07 00:29:49.023169|PBFT-1-0x00007fe49d255700|[g:1][CONSENSUS][PBFT]checkTimeout Succ,view=65,toView=66,nodeIdx=2,changeCycle=1,myNode=73994dae...,timecost=4
info|2025-10-07 00:29:49.031995|PBFT-1-0x00007fe49d255700|[g:1][CONSENSUS][PBFT]checkAndChangeView: Reach consensus,org_view=65,cur_changeCycle=1,curView=65,view=66
info|2025-10-07 00:29:50.032344|PBFTSeal-1-0x00007fe495a46700|[g:1][CONSENSUS][SEALER]++++++++++++++++ Generating seal on,blkNum=37,tx=0,nodeIdx=2,hash=ca11caa9...
info|2025-10-07 00:29:50.039024|PBFT-1-0x00007fe49d255700|[g:1][CONSENSUS][PBFT]checkTimeout Succ,view=66,toView=67,nodeIdx=2,changeCycle=1,myNode=73994dae...,timecost=4
info|2025-10-07 00:29:50.046762|PBFT-1-0x00007fe49d255700|[g:1][CONSENSUS][PBFT]checkAndChangeView: Reach consensus,org_view=66,cur_changeCycle=1,curView=66,view=67
info|2025-10-07 00:29:51.056012|PBFT-1-0x00007fe49d255700|[g:1][CONSENSUS]addRawPrepare,height=37,reqIdx=3,hash=7fe4703a...,time=0
info|2025-10-07 00:29:51.061972|PBFT-1-0x00007fe49d255700|[g:1][CONSENSUS][PBFT]checkTimeout Succ,view=67,toView=68,nodeIdx=2,changeCycle=1,myNode=73994dae...,timecost=5
info|2025-10-07 00:29:51.067216|PBFT-1-0x00007fe49d255700|[g:1][CONSENSUS][PBFT]checkAndChangeView: Reach consensus,org_view=67,cur_changeCycle=1,curView=67,view=68
info|2025-10-07 00:29:51.729531|io_service-0x00007fe4b7289700|[P2P][Service] heartBeat,connected count=3
info|2025-10-07 00:29:52.072371|PBFT-1-0x00007fe49d255700|[g:1][CONSENSUS]addRawPrepare,height=37,reqIdx=0,hash=4928e0dc...,time=0
info|2025-10-07 00:29:52.075380|PBFT-1-0x00007fe49d255700|[g:1][CONSENSUS][PBFT]checkTimeout Succ,view=68,toView=69,nodeIdx=2,changeCycle=1,myNode=73994dae...,timecost=3
info|2025-10-07 00:29:52.088712|PBFT-1-0x00007fe49d255700|[g:1][CONSENSUS][PBFT]checkAndChangeView: Reach consensus,org_view=68,cur_changeCycle=1,curView=68,view=69
info|2025-10-07 00:29:53.095731|PBFT-1-0x00007fe49d255700|[g:1][CONSENSUS]addRawPrepare,height=37,reqIdx=1,hash=6f131b84...,time=0
info|2025-10-07 00:29:53.097721|PBFT-1-0x00007fe49d255700|[g:1][CONSENSUS][PBFT]checkTimeout Succ,view=69,toView=70,nodeIdx=2,changeCycle=1,myNode=73994dae...,timecost=2
info|2025-10-07 00:29:53.111078|PBFT-1-0x00007fe49d255700|[g:1][CONSENSUS][PBFT]checkAndChangeView: Reach consensus,org_view=69,cur_changeCycle=1,curView=69,view=70
info|2025-10-07 00:29:54.111196|PBFTSeal-1-0x00007fe495a46700|[g:1][CONSENSUS][SEALER]++++++++++++++++ Generating seal on,blkNum=37,tx=0,nodeIdx=2,hash=bc7af53c...
info|2025-10-07 00:29:54.119786|PBFT-1-0x00007fe49d255700|[g:1][CONSENSUS][PBFT]checkTimeout Succ,view=70,toView=71,nodeIdx=2,changeCycle=1,myNode=73994dae...,timecost=2
info|2025-10-07 00:29:54.126541|PBFT-1-0x00007fe49d255700|[g:1][CONSENSUS][PBFT]checkAndChangeView: Reach consensus,org_view=70,cur_changeCycle=1,curView=70,view=71
info|2025-10-07 00:29:55.136681|PBFT-1-0x00007fe49d255700|[g:1][CONSENSUS]addRawPrepare,height=37,reqIdx=3,hash=b32c40af...,time=0
info|2025-10-07 00:29:55.139626|PBFT-1-0x00007fe49d255700|[g:1][CONSENSUS][PBFT]checkTimeout Succ,view=71,toView=72,nodeIdx=2,changeCycle=1,myNode=73994dae...,timecost=3
info|2025-10-07 00:29:55.144818|PBFT-1-0x00007fe49d255700|[g:1][CONSENSUS][PBFT]checkAndChangeView: Reach consensus,org_view=71,cur_changeCycle=1,curView=71,view=72
info|2025-10-07 00:29:56.155759|PBFT-1-0x00007fe49d255700|[g:1][CONSENSUS]addRawPrepare,height=37,reqIdx=0,hash=9529c3e1...,time=0
info|2025-10-07 00:29:56.160632|PBFT-1-0x00007fe49d255700|[g:1][CONSENSUS][PBFT]checkTimeout Succ,view=72,toView=73,nodeIdx=2,changeCycle=1,myNode=73994dae...,timecost=5
info|2025-10-07 00:29:56.165215|PBFT-1-0x00007fe49d255700|[g:1][CONSENSUS][PBFT]checkAndChangeView: Reach consensus,org_view=72,cur_changeCycle=1,curView=72,view=73
info|2025-10-07 00:29:57.176753|PBFT-1-0x00007fe49d255700|[g:1][CONSENSUS]addRawPrepare,height=37,reqIdx=1,hash=7ad7d52d...,time=2
info|2025-10-07 00:29:57.180943|PBFT-1-0x00007fe49d255700|[g:1][CONSENSUS][PBFT]checkTimeout Succ,view=73,toView=74,nodeIdx=2,changeCycle=1,myNode=73994dae...,timecost=4
info|2025-10-07 00:29:57.184177|PBFT-1-0x00007fe49d255700|[g:1][CONSENSUS][PBFT]checkAndChangeView: Reach consensus,org_view=73,cur_changeCycle=1,curView=73,view=74
info|2025-10-07 00:29:58.184213|PBFTSeal-1-0x00007fe495a46700|[g:1][CONSENSUS][SEALER]++++++++++++++++ Generating seal on,blkNum=37,tx=0,nodeIdx=2,hash=462f2d35...
info|2025-10-07 00:29:58.192577|PBFT-1-0x00007fe49d255700|[g:1][CONSENSUS][PBFT]checkTimeout Succ,view=74,toView=75,nodeIdx=2,changeCycle=1,myNode=73994dae...,timecost=2
info|2025-10-07 00:29:58.197840|PBFT-1-0x00007fe49d255700|[g:1][CONSENSUS][PBFT]checkAndChangeView: Reach consensus,org_view=74,cur_changeCycle=1,curView=74,view=75
info|2025-10-07 00:29:59.206773|PBFT-1-0x00007fe49d255700|[g:1][CONSENSUS]addRawPrepare,height=37,reqIdx=3,hash=fc70f1e7...,time=0
info|2025-10-07 00:29:59.209829|PBFT-1-0x00007fe49d255700|[g:1][CONSENSUS][PBFT]checkTimeout Succ,view=75,toView=76,nodeIdx=2,changeCycle=1,myNode=73994dae...,timecost=3
info|2025-10-07 00:29:59.221674|PBFT-1-0x00007fe49d255700|[g:1][CONSENSUS][PBFT]checkAndChangeView: Reach consensus,org_view=75,cur_changeCycle=1,curView=75,view=76
info|2025-10-07 00:30:00.026278|Sync-1-0x00007fe49ea58700|[g:1][SYNC][id:73994dae...]print sync info,peersCount=3,infoJson={"blockNumber":36,"genesisHash":"f0d3e67991e2c3d83533c031601c30c4741aba35d7d8017900779abe4ae22efe","isSyncing":false,"knownHighestNumber":36,"knownLatestHash":"1ccc417a3b0c102a7c1c22ff3f802c53af0398c36cee390b738361f0a92f7b2e","latestHash":"1ccc417a3b0c102a7c1c22ff3f802c53af0398c36cee390b738361f0a92f7b2e","nodeId":"73994dae9e8b8da733108a4153dfe79151d701dff425f84c87b5324e8ebd02ab6a0ebc9e4f1e0298a7ddca50f94a8f95c62b6997226d571e470e8f2b0600634a","peers":[{"blockNumber":36,"genesisHash":"f0d3e67991e2c3d83533c031601c30c4741aba35d7d8017900779abe4ae22efe","latestHash":"1ccc417a3b0c102a7c1c22ff3f802c53af0398c36cee390b738361f0a92f7b2e","nodeId":"064cb676a36047a4b52ecbf9c01664b1e987d91b438110ba6a12d96972726622e824d295b1de8b0298b5afe7bbbc0bd04a3890e1a36eae028c1cfbe07971b995"},{"blockNumber":36,"genesisHash":"f0d3e67991e2c3d83533c031601c30c4741aba35d7d8017900779abe4ae22efe","latestHash":"1ccc417a3b0c102a7c1c22ff3f802c53af0398c36cee390b738361f0a92f7b2e","nodeId":"374bdfe969e1d8ea1200ade93e5d8cf1a7d5741f238011004b0f43ca818706f194b2f067e1708125f7ffc536610b9a72addbd56b238d65f18912be39037ffcc5"},{"blockNumber":36,"genesisHash":"f0d3e67991e2c3d83533c031601c30c4741aba35d7d8017900779abe4ae22efe","latestHash":"1ccc417a3b0c102a7c1c22ff3f802c53af0398c36cee390b738361f0a92f7b2e","nodeId":"87d00b98321fc70a5abc85ad9e80db10cce315194133697bf74aace1d3f8430957a766240f751752708f4282f46110d6ea56c3eb5d1c02ce98a66f327f595270"}],"protocolId":65545,"txPoolSize":"0"}
info|2025-10-07 00:30:00.224349|PBFT-1-0x00007fe49d255700|[g:1][CONSENSUS]addRawPrepare,height=37,reqIdx=0,hash=bcf3e825...,time=0
info|2025-10-07 00:30:00.226983|PBFT-1-0x00007fe49d255700|[g:1][CONSENSUS][PBFT]checkTimeout Succ,view=76,toView=77,nodeIdx=2,changeCycle=1,myNode=73994dae...,timecost=3
info|2025-10-07 00:30:00.240361|PBFT-1-0x00007fe49d255700|[g:1][CONSENSUS][PBFT]checkAndChangeView: Reach consensus,org_view=76,cur_changeCycle=1,curView=76,view=77
info|2025-10-07 00:30:01.244210|PBFT-1-0x00007fe49d255700|[g:1][CONSENSUS]addRawPrepare,height=37,reqIdx=1,hash=8e22efec...,time=0
info|2025-10-07 00:30:01.248546|PBFT-1-0x00007fe49d255700|[g:1][CONSENSUS][PBFT]checkTimeout Succ,view=77,toView=78,nodeIdx=2,changeCycle=1,myNode=73994dae...,timecost=4
info|2025-10-07 00:30:01.253715|PBFT-1-0x00007fe49d255700|[g:1][CONSENSUS][PBFT]checkAndChangeView: Reach consensus,org_view=77,cur_changeCycle=1,curView=77,view=78
info|2025-10-07 00:30:01.730072|io_service-0x00007fe4b7289700|[P2P][Service] heartBeat,connected count=3
info|2025-10-07 00:30:02.253903|PBFTSeal-1-0x00007fe495a46700|[g:1][CONSENSUS][SEALER]++++++++++++++++ Generating seal on,blkNum=37,tx=0,nodeIdx=2,hash=1c50363e...
info|2025-10-07 00:30:02.267497|PBFT-1-0x00007fe49d255700|[g:1][CONSENSUS][PBFT]checkTimeout Succ,view=78,toView=79,nodeIdx=2,changeCycle=1,myNode=73994dae...,timecost=3
info|2025-10-07 00:30:02.269365|PBFT-1-0x00007fe49d255700|[g:1][CONSENSUS][PBFT]checkAndChangeView: Reach consensus,org_view=78,cur_changeCycle=1,curView=78,view=79
info|2025-10-07 00:30:03.275485|PBFT-1-0x00007fe49d255700|[g:1][CONSENSUS]addRawPrepare,height=37,reqIdx=3,hash=9df30a4e...,time=0
info|2025-10-07 00:30:03.280018|PBFT-1-0x00007fe49d255700|[g:1][CONSENSUS][PBFT]checkTimeout Succ,view=79,toView=80,nodeIdx=2,changeCycle=1,myNode=73994dae...,timecost=5
info|2025-10-07 00:30:03.283558|PBFT-1-0x00007fe49d255700|[g:1][CONSENSUS][PBFT]checkAndChangeView: Reach consensus,org_view=79,cur_changeCycle=1,curView=79,view=80
info|2025-10-07 00:30:04.294344|PBFT-1-0x00007fe49d255700|[g:1][CONSENSUS]addRawPrepare,height=37,reqIdx=0,hash=6e56a3a1...,time=0
info|2025-10-07 00:30:04.297742|PBFT-1-0x00007fe49d255700|[g:1][CONSENSUS][PBFT]checkTimeout Succ,view=80,toView=81,nodeIdx=2,changeCycle=1,myNode=73994dae...,timecost=3
info|2025-10-07 00:30:04.300829|PBFT-1-0x00007fe49d255700|[g:1][CONSENSUS][PBFT]checkAndChangeView: Reach consensus,org_view=80,cur_changeCycle=1,curView=80,view=81
info|2025-10-07 00:30:05.309087|PBFT-1-0x00007fe49d255700|[g:1][CONSENSUS]addRawPrepare,height=37,reqIdx=1,hash=cd7e1a5f...,time=0
info|2025-10-07 00:30:05.310379|PBFT-1-0x00007fe49d255700|[g:1][CONSENSUS][PBFT]checkTimeout Succ,view=81,toView=82,nodeIdx=2,changeCycle=1,myNode=73994dae...,timecost=1
info|2025-10-07 00:30:05.320457|PBFT-1-0x00007fe49d255700|[g:1][CONSENSUS][PBFT]checkAndChangeView: Reach consensus,org_view=81,cur_changeCycle=1,curView=81,view=82
info|2025-10-07 00:30:06.319984|PBFTSeal-1-0x00007fe495a46700|[g:1][CONSENSUS][SEALER]++++++++++++++++ Generating seal on,blkNum=37,tx=0,nodeIdx=2,hash=120e3191...
info|2025-10-07 00:30:06.329168|PBFT-1-0x00007fe49d255700|[g:1][CONSENSUS][PBFT]checkTimeout Succ,view=82,toView=83,nodeIdx=2,changeCycle=1,myNode=73994dae...,timecost=8
info|2025-10-07 00:30:06.337038|PBFT-1-0x00007fe49d255700|[g:1][CONSENSUS][PBFT]checkAndChangeView: Reach consensus,org_view=82,cur_changeCycle=1,curView=82,view=83
info|2025-10-07 00:30:07.341015|PBFT-1-0x00007fe49d255700|[g:1][CONSENSUS]addRawPrepare,height=37,reqIdx=3,hash=88ed2a34...,time=1
info|2025-10-07 00:30:07.344019|PBFT-1-0x00007fe49d255700|[g:1][CONSENSUS][PBFT]checkTimeout Succ,view=83,toView=84,nodeIdx=2,changeCycle=1,myNode=73994dae...,timecost=3
info|2025-10-07 00:30:07.349240|PBFT-1-0x00007fe49d255700|[g:1][CONSENSUS][PBFT]checkAndChangeView: Reach consensus,org_view=83,cur_changeCycle=1,curView=83,view=84
info|2025-10-07 00:30:07.857601|PBFTWork-1-0x00007fe4a3a62700|[g:1][CONSENSUS][PartiallyPBFTReqCache]addPartiallyRawPrepare,height=37,reqIdx=0,hash=60d18292...
info|2025-10-07 00:30:07.858180|PBFTWork-1-0x00007fe4a3a62700|[g:1][BLOCKVERIFIER][executeBlock]Executing block,txNum=1,num=37,parentHash=1ccc417a3b0c102a7c1c22ff3f802c53af0398c36cee390b738361f0a92f7b2e,parentNum=36,parentStateRoot=cf6202a2f15ff1523659fb6a132cd426644eca16f25d69b0bca8eb0131d621d9
info|2025-10-07 00:30:07.858445|PBFTWork-1-0x00007fe4a3a62700|[g:1][PRECOMPILED]init GasChargeManagePrecompiled
info|2025-10-07 00:30:08.275567|PBFTWork-1-0x00007fe4a3a62700|[g:1][PRECOMPILED][TimerPrecompiled]getCurrentTimeMillis,timeMillis=1759822208275
info|2025-10-07 00:30:10.319114|PBFTWork-1-0x00007fe4a3a62700|[g:1][PRECOMPILED][TimerPrecompiled]getCurrentTimeMillis,timeMillis=1759822210319
info|2025-10-07 00:30:10.320332|PBFTWork-1-0x00007fe4a3a62700|[g:1][PRECOMPILED][TimerPrecompiled]getCurrentTimeMillis,timeMillis=1759822210320
info|2025-10-07 00:30:11.730206|io_service-0x00007fe4b7289700|[P2P][Service] heartBeat,connected count=3
info|2025-10-07 00:30:11.751254|PBFTWork-1-0x00007fe4a3a62700|[g:1][PRECOMPILED][TimerPrecompiled]getCurrentTimeMillis,timeMillis=1759822211751
info|2025-10-07 00:30:11.766291|PBFTWork-1-0x00007fe4a3a62700|[g:1][CONSENSUS][PBFT]execBlock,blkNum=37,reqIdx=0,hash=2b8dd01e...,nodeIdx=2,myNode=73994dae...,decodeCost=0,checkCost=1,notifyCost=0,noteSealingCost=0,currentCycle=1,verifyAndSetSenderCost=0,execCost=3908,execPerTx=3908,totalCost=3909
info|2025-10-07 00:30:11.769890|PBFTWork-1-0x00007fe4a3a62700|[g:1][CONSENSUS][PBFT]handlePrepareMsg Succ,timecost=3,INFO=handlePartiallyPrepare,reqIdx=0,view=84,reqNum=37,curNum=36,consNum=37,hash=60d18292...,nodeIdx=2,myNode=73994dae...,curChangeCycle=1
info|2025-10-07 00:30:11.769982|PBFT-1-0x00007fe49d255700|[g:1][CONSENSUS][PBFT]checkReq: Recv future request,prepHash=2b8dd01e...,INFO=handleSignMsg,num=37,curNum=36,GenIdx=3,Sview=84,view=84,fromIdx=3,fromNode=87d00b98...,fromIp=127.0.0.1:30302,hash=cea403fb...,nodeIdx=2,myNode=73994dae...
info|2025-10-07 00:30:11.769995|PBFT-1-0x00007fe49d255700|[g:1][CONSENSUS][PBFT]FutureBlock,INFO=handleSignMsg,num=37,curNum=36,GenIdx=3,Sview=84,view=84,fromIdx=3,fromNode=87d00b98...,fromIp=127.0.0.1:30302,hash=cea403fb...,nodeIdx=2,myNode=73994dae...
info|2025-10-07 00:30:11.886832|PBFT-1-0x00007fe49d255700|[g:1][CONSENSUS][PBFT]checkReq: Recv future request,prepHash=2b8dd01e...,INFO=handleSignMsg,num=37,curNum=36,GenIdx=1,Sview=84,view=84,fromIdx=1,fromNode=374bdfe9...,fromIp=127.0.0.1:30301,hash=59a1c4d1...,nodeIdx=2,myNode=73994dae...
info|2025-10-07 00:30:11.886907|PBFT-1-0x00007fe49d255700|[g:1][CONSENSUS][PBFT]FutureBlock,INFO=handleSignMsg,num=37,curNum=36,GenIdx=1,Sview=84,view=84,fromIdx=1,fromNode=374bdfe9...,fromIp=127.0.0.1:30301,hash=59a1c4d1...,nodeIdx=2,myNode=73994dae...
info|2025-10-07 00:30:12.073420|PBFT-1-0x00007fe49d255700|[g:1][CONSENSUS][PBFT]checkReq: Recv future request,prepHash=2b8dd01e...,INFO=handleSignMsg,num=37,curNum=36,GenIdx=0,Sview=84,view=84,fromIdx=0,fromNode=064cb676...,fromIp=127.0.0.1:30303,hash=b14f1929...,nodeIdx=2,myNode=73994dae...
info|2025-10-07 00:30:12.073464|PBFT-1-0x00007fe49d255700|[g:1][CONSENSUS][PBFT]FutureBlock,INFO=handleSignMsg,num=37,curNum=36,GenIdx=0,Sview=84,view=84,fromIdx=0,fromNode=064cb676...,fromIp=127.0.0.1:30303,hash=b14f1929...,nodeIdx=2,myNode=73994dae...
info|2025-10-07 00:30:16.272563|PBFT-1-0x00007fe49d255700|[g:1][CONSENSUS][SEALER]decrease maxBlockCanSeal to half for PBFT timeout,org_maxBlockCanSeal=1000,halfed_maxBlockCanSeal=500,timeoutCount=1,lastTimeoutTx=1
warning|2025-10-07 00:30:16.273856|PBFT-1-0x00007fe49d255700|[g:1][CONSENSUS][PBFT]ViewChangeWarning: not caused by omit empty block ,v=84,toV=85,curNum=36,hash=1ccc417a...,nodeIdx=2,myNode=73994dae...
info|2025-10-07 00:30:16.274141|PBFT-1-0x00007fe49d255700|[g:1][CONSENSUS][PBFT]checkTimeout Succ,view=84,toView=85,nodeIdx=2,changeCycle=2,myNode=73994dae...,timecost=2
info|2025-10-07 00:30:16.282393|PBFT-1-0x00007fe49d255700|[g:1][CONSENSUS][PBFT]checkAndChangeView: Reach consensus,org_view=84,cur_changeCycle=2,curView=84,view=85
info|2025-10-07 00:30:16.786046|PBFTWork-1-0x00007fe4a3a62700|[g:1][CONSENSUS][PartiallyPBFTReqCache]addPartiallyRawPrepare,height=37,reqIdx=1,hash=fab29009...
info|2025-10-07 00:30:16.786899|PBFTWork-1-0x00007fe4a3a62700|[g:1][BLOCKVERIFIER][executeBlock]Executing block,txNum=1,num=37,parentHash=1ccc417a3b0c102a7c1c22ff3f802c53af0398c36cee390b738361f0a92f7b2e,parentNum=36,parentStateRoot=cf6202a2f15ff1523659fb6a132cd426644eca16f25d69b0bca8eb0131d621d9
info|2025-10-07 00:30:16.787711|PBFTWork-1-0x00007fe4a3a62700|[g:1][PRECOMPILED]init GasChargeManagePrecompiled
info|2025-10-07 00:30:17.318460|PBFTWork-1-0x00007fe496a48700|[PRECOMPILED][TimerPrecompiled]getCurrentTimeMillis,timeMillis=1759822217318
info|2025-10-07 00:30:19.688089|PBFTWork-1-0x00007fe496a48700|[PRECOMPILED][TimerPrecompiled]getCurrentTimeMillis,timeMillis=1759822219688
info|2025-10-07 00:30:19.691132|PBFTWork-1-0x00007fe496a48700|[PRECOMPILED][TimerPrecompiled]getCurrentTimeMillis,timeMillis=1759822219691
info|2025-10-07 00:30:21.631124|PBFTWork-1-0x00007fe496a48700|[PRECOMPILED][TimerPrecompiled]getCurrentTimeMillis,timeMillis=1759822221631
info|2025-10-07 00:30:21.641874|PBFTWork-1-0x00007fe4a3a62700|[g:1][CONSENSUS][PBFT]execBlock,blkNum=37,reqIdx=1,hash=27268c8c...,nodeIdx=2,myNode=73994dae...,decodeCost=0,checkCost=0,notifyCost=0,noteSealingCost=0,currentCycle=2,verifyAndSetSenderCost=0,execCost=4855,execPerTx=4855,totalCost=4855
info|2025-10-07 00:30:21.645009|PBFTWork-1-0x00007fe4a3a62700|[g:1][CONSENSUS][PBFT]handlePrepareMsg Succ,timecost=4,INFO=handlePartiallyPrepare,reqIdx=1,view=85,reqNum=37,curNum=36,consNum=37,hash=fab29009...,nodeIdx=2,myNode=73994dae...,curChangeCycle=2
info|2025-10-07 00:30:21.645081|PBFT-1-0x00007fe49d255700|[g:1][CONSENSUS][PBFT]checkReq: Recv future request,prepHash=27268c8c...,INFO=handleSignMsg,num=37,curNum=36,GenIdx=1,Sview=85,view=85,fromIdx=1,fromNode=374bdfe9...,fromIp=127.0.0.1:30301,hash=2b0178be...,nodeIdx=2,myNode=73994dae...
info|2025-10-07 00:30:21.645092|PBFT-1-0x00007fe49d255700|[g:1][CONSENSUS][PBFT]FutureBlock,INFO=handleSignMsg,num=37,curNum=36,GenIdx=1,Sview=85,view=85,fromIdx=1,fromNode=374bdfe9...,fromIp=127.0.0.1:30301,hash=2b0178be...,nodeIdx=2,myNode=73994dae...
info|2025-10-07 00:30:21.645109|PBFT-1-0x00007fe49d255700|[g:1][CONSENSUS][PBFT]checkReq: Recv future request,prepHash=27268c8c...,INFO=handleSignMsg,num=37,curNum=36,GenIdx=0,Sview=85,view=85,fromIdx=0,fromNode=064cb676...,fromIp=127.0.0.1:30303,hash=4d1743af...,nodeIdx=2,myNode=73994dae...
info|2025-10-07 00:30:21.645116|PBFT-1-0x00007fe49d255700|[g:1][CONSENSUS][PBFT]FutureBlock,INFO=handleSignMsg,num=37,curNum=36,GenIdx=0,Sview=85,view=85,fromIdx=0,fromNode=064cb676...,fromIp=127.0.0.1:30303,hash=4d1743af...,nodeIdx=2,myNode=73994dae...
info|2025-10-07 00:30:21.713816|PBFT-1-0x00007fe49d255700|[g:1][CONSENSUS][PBFT]checkReq: Recv future request,prepHash=27268c8c...,INFO=handleSignMsg,num=37,curNum=36,GenIdx=3,Sview=85,view=85,fromIdx=3,fromNode=87d00b98...,fromIp=127.0.0.1:30302,hash=c2b7709a...,nodeIdx=2,myNode=73994dae...
info|2025-10-07 00:30:21.713847|PBFT-1-0x00007fe49d255700|[g:1][CONSENSUS][PBFT]FutureBlock,INFO=handleSignMsg,num=37,curNum=36,GenIdx=3,Sview=85,view=85,fromIdx=3,fromNode=87d00b98...,fromIp=127.0.0.1:30302,hash=c2b7709a...,nodeIdx=2,myNode=73994dae...
info|2025-10-07 00:30:21.730724|io_service-0x00007fe4b7289700|[P2P][Service] heartBeat,connected count=3
info|2025-10-07 00:30:28.302855|PBFT-1-0x00007fe49d255700|[g:1][CONSENSUS][PBFT]Trigger fast-viewchange,view=85,toView=85,minView=86,INFO=,reqNum=36,curNum=36,GenIdx=0,Cview=86,view=85,fromIdx=0,fromNode=064cb676...,fromIp=127.0.0.1:30303,hash=1ccc417a...,nodeIdx=2,myNode=73994dae...
info|2025-10-07 00:30:28.306929|PBFT-1-0x00007fe49d255700|[g:1][CONSENSUS][PBFT]checkAndChangeView: Reach consensus,org_view=85,cur_changeCycle=3,curView=85,view=86
info|2025-10-07 00:30:28.307474|PBFT-1-0x00007fe49d255700|[g:1][CONSENSUS][PBFT]checkTimeout Succ,view=86,toView=86,nodeIdx=2,changeCycle=3,myNode=73994dae...,timecost=4
info|2025-10-07 00:30:28.808079|PBFTSeal-1-0x00007fe495a46700|[g:1][CONSENSUS][SEALER]++++++++++++++++ Generating seal on,blkNum=37,tx=1,nodeIdx=2,hash=be26004e...
info|2025-10-07 00:30:28.814849|sealerWorker-0x00007fe4a5265700|[CONSENSUS]addRawPrepare,height=37,reqIdx=2,hash=be26004e...,time=0
info|2025-10-07 00:30:28.815225|sealerWorker-0x00007fe4a5265700|[BLOCKVERIFIER][executeBlock]Executing block,txNum=1,num=37,parentHash=1ccc417a3b0c102a7c1c22ff3f802c53af0398c36cee390b738361f0a92f7b2e,parentNum=36,parentStateRoot=cf6202a2f15ff1523659fb6a132cd426644eca16f25d69b0bca8eb0131d621d9
info|2025-10-07 00:30:28.815425|sealerWorker-0x00007fe4a5265700|[PRECOMPILED]init GasChargeManagePrecompiled
info|2025-10-07 00:30:29.286750|sealerWorker-0x00007fe4a5265700|[PRECOMPILED][TimerPrecompiled]getCurrentTimeMillis,timeMillis=1759822229286
info|2025-10-07 00:30:31.527886|sealerWorker-0x00007fe4a5265700|[PRECOMPILED][TimerPrecompiled]getCurrentTimeMillis,timeMillis=1759822231527
info|2025-10-07 00:30:31.530394|sealerWorker-0x00007fe4a5265700|[PRECOMPILED][TimerPrecompiled]getCurrentTimeMillis,timeMillis=1759822231530
info|2025-10-07 00:30:31.708777|ChannelReq-0x00007fe4b4283700|[RPC][getGroupList]request
info|2025-10-07 00:30:31.730866|io_service-0x00007fe4b7289700|[P2P][Service] heartBeat,connected count=3
info|2025-10-07 00:30:33.253968|sealerWorker-0x00007fe4a5265700|[PRECOMPILED][TimerPrecompiled]getCurrentTimeMillis,timeMillis=1759822233253
info|2025-10-07 00:30:33.258002|sealerWorker-0x00007fe4a5265700|[CONSENSUS][PBFT]execBlock,blkNum=37,reqIdx=2,hash=9b80c664...,nodeIdx=2,myNode=73994dae...,decodeCost=0,checkCost=0,notifyCost=0,noteSealingCost=0,currentCycle=3,verifyAndSetSenderCost=0,execCost=4442,execPerTx=4442,totalCost=4443
info|2025-10-07 00:30:33.260415|sealerWorker-0x00007fe4a5265700|[CONSENSUS][PBFT]handlePrepareMsg Succ,timecost=2,INFO=handlePrepareMsg,reqIdx=2,view=86,reqNum=37,curNum=36,consNum=37,curView=86,fromIp=self,hash=be26004e...,nodeIdx=2,myNode=73994dae...,curChangeCycle=3
info|2025-10-07 00:30:33.260513|sealerWorker-0x00007fe4a5265700|[CONSENSUS][PBFT]generateLocalPrepare,hash=be26004e...,H=37,nodeIdx=2,myNode=73994dae...
info|2025-10-07 00:30:33.260815|PBFT-1-0x00007fe49d255700|[g:1][CONSENSUS][PBFT]checkReq: Recv future request,prepHash=9b80c664...,INFO=handleSignMsg,num=37,curNum=36,GenIdx=0,Sview=86,view=86,fromIdx=0,fromNode=064cb676...,fromIp=127.0.0.1:30303,hash=4ee6c468...,nodeIdx=2,myNode=73994dae...
info|2025-10-07 00:30:33.260841|PBFT-1-0x00007fe49d255700|[g:1][CONSENSUS][PBFT]FutureBlock,INFO=handleSignMsg,num=37,curNum=36,GenIdx=0,Sview=86,view=86,fromIdx=0,fromNode=064cb676...,fromIp=127.0.0.1:30303,hash=4ee6c468...,nodeIdx=2,myNode=73994dae...
info|2025-10-07 00:30:33.260865|PBFT-1-0x00007fe49d255700|[g:1][CONSENSUS][PBFT]checkReq: Recv future request,prepHash=9b80c664...,INFO=handleSignMsg,num=37,curNum=36,GenIdx=1,Sview=86,view=86,fromIdx=1,fromNode=374bdfe9...,fromIp=127.0.0.1:30301,hash=8df56bf9...,nodeIdx=2,myNode=73994dae...
info|2025-10-07 00:30:33.260878|PBFT-1-0x00007fe49d255700|[g:1][CONSENSUS][PBFT]FutureBlock,INFO=handleSignMsg,num=37,curNum=36,GenIdx=1,Sview=86,view=86,fromIdx=1,fromNode=374bdfe9...,fromIp=127.0.0.1:30301,hash=8df56bf9...,nodeIdx=2,myNode=73994dae...
info|2025-10-07 00:30:33.260893|PBFT-1-0x00007fe49d255700|[g:1][CONSENSUS][PBFT]checkReq: Recv future request,prepHash=9b80c664...,INFO=handleSignMsg,num=37,curNum=36,GenIdx=3,Sview=86,view=86,fromIdx=3,fromNode=87d00b98...,fromIp=127.0.0.1:30302,hash=f139e490...,nodeIdx=2,myNode=73994dae...
info|2025-10-07 00:30:33.260899|PBFT-1-0x00007fe49d255700|[g:1][CONSENSUS][PBFT]FutureBlock,INFO=handleSignMsg,num=37,curNum=36,GenIdx=3,Sview=86,view=86,fromIdx=3,fromNode=87d00b98...,fromIp=127.0.0.1:30302,hash=f139e490...,nodeIdx=2,myNode=73994dae...
info|2025-10-07 00:30:41.731109|io_service-0x00007fe4b7289700|[P2P][Service] heartBeat,connected count=3
info|2025-10-07 00:30:42.856113|PBFT-1-0x00007fe49d255700|[g:1][CONSENSUS][PBFT]Trigger fast-viewchange,view=86,toView=86,minView=87,INFO=,reqNum=36,curNum=36,GenIdx=1,Cview=87,view=86,fromIdx=1,fromNode=374bdfe9...,fromIp=127.0.0.1:30301,hash=1ccc417a...,nodeIdx=2,myNode=73994dae...
info|2025-10-07 00:30:42.858524|PBFT-1-0x00007fe49d255700|[g:1][CONSENSUS][PBFT]checkAndChangeView: Reach consensus,org_view=86,cur_changeCycle=4,curView=86,view=87
info|2025-10-07 00:30:42.858579|PBFT-1-0x00007fe49d255700|[g:1][CONSENSUS][PBFT]checkTimeout Succ,view=87,toView=87,nodeIdx=2,changeCycle=4,myNode=73994dae...,timecost=2
info|2025-10-07 00:30:43.368194|PBFTWork-1-0x00007fe4a3a62700|[g:1][CONSENSUS][PartiallyPBFTReqCache]addPartiallyRawPrepare,height=37,reqIdx=3,hash=ce330e6d...
info|2025-10-07 00:30:43.368486|PBFTWork-1-0x00007fe4a3a62700|[g:1][BLOCKVERIFIER][executeBlock]Executing block,txNum=1,num=37,parentHash=1ccc417a3b0c102a7c1c22ff3f802c53af0398c36cee390b738361f0a92f7b2e,parentNum=36,parentStateRoot=cf6202a2f15ff1523659fb6a132cd426644eca16f25d69b0bca8eb0131d621d9
info|2025-10-07 00:30:43.368663|PBFTWork-1-0x00007fe4a3a62700|[g:1][PRECOMPILED]init GasChargeManagePrecompiled
info|2025-10-07 00:30:43.836546|PBFTWork-1-0x00007fe4a3a62700|[g:1][PRECOMPILED][TimerPrecompiled]getCurrentTimeMillis,timeMillis=1759822243836
info|2025-10-07 00:30:46.089750|PBFTWork-1-0x00007fe4a3a62700|[g:1][PRECOMPILED][TimerPrecompiled]getCurrentTimeMillis,timeMillis=1759822246089
info|2025-10-07 00:30:46.092256|PBFTWork-1-0x00007fe4a3a62700|[g:1][PRECOMPILED][TimerPrecompiled]getCurrentTimeMillis,timeMillis=1759822246092
info|2025-10-07 00:30:47.349006|PBFTWork-1-0x00007fe4a3a62700|[g:1][PRECOMPILED][TimerPrecompiled]getCurrentTimeMillis,timeMillis=1759822247348
info|2025-10-07 00:30:47.359064|PBFTWork-1-0x00007fe4a3a62700|[g:1][CONSENSUS][PBFT]execBlock,blkNum=37,reqIdx=3,hash=7a7e0bb3...,nodeIdx=2,myNode=73994dae...,decodeCost=0,checkCost=0,notifyCost=0,noteSealingCost=0,currentCycle=4,verifyAndSetSenderCost=0,execCost=3991,execPerTx=3991,totalCost=3991
info|2025-10-07 00:30:47.363981|PBFTWork-1-0x00007fe4a3a62700|[g:1][CONSENSUS][PBFT]handlePrepareMsg Succ,timecost=4,INFO=handlePartiallyPrepare,reqIdx=3,view=87,reqNum=37,curNum=36,consNum=37,hash=ce330e6d...,nodeIdx=2,myNode=73994dae...,curChangeCycle=4
info|2025-10-07 00:30:47.364116|PBFT-1-0x00007fe49d255700|[g:1][CONSENSUS][PBFT]checkReq: Recv future request,prepHash=7a7e0bb3...,INFO=handleSignMsg,num=37,curNum=36,GenIdx=0,Sview=87,view=87,fromIdx=0,fromNode=064cb676...,fromIp=127.0.0.1:30303,hash=3039a8b5...,nodeIdx=2,myNode=73994dae...
info|2025-10-07 00:30:47.364146|PBFT-1-0x00007fe49d255700|[g:1][CONSENSUS][PBFT]FutureBlock,INFO=handleSignMsg,num=37,curNum=36,GenIdx=0,Sview=87,view=87,fromIdx=0,fromNode=064cb676...,fromIp=127.0.0.1:30303,hash=3039a8b5...,nodeIdx=2,myNode=73994dae...
info|2025-10-07 00:30:47.402875|PBFT-1-0x00007fe49d255700|[g:1][CONSENSUS][PBFT]checkReq: Recv future request,prepHash=7a7e0bb3...,INFO=handleSignMsg,num=37,curNum=36,GenIdx=3,Sview=87,view=87,fromIdx=3,fromNode=87d00b98...,fromIp=127.0.0.1:30302,hash=e139db3f...,nodeIdx=2,myNode=73994dae...
info|2025-10-07 00:30:47.402917|PBFT-1-0x00007fe49d255700|[g:1][CONSENSUS][PBFT]FutureBlock,INFO=handleSignMsg,num=37,curNum=36,GenIdx=3,Sview=87,view=87,fromIdx=3,fromNode=87d00b98...,fromIp=127.0.0.1:30302,hash=e139db3f...,nodeIdx=2,myNode=73994dae...
info|2025-10-07 00:30:47.728939|PBFT-1-0x00007fe49d255700|[g:1][CONSENSUS][PBFT]checkReq: Recv future request,prepHash=7a7e0bb3...,INFO=handleSignMsg,num=37,curNum=36,GenIdx=1,Sview=87,view=87,fromIdx=1,fromNode=374bdfe9...,fromIp=127.0.0.1:30301,hash=33455543...,nodeIdx=2,myNode=73994dae...
info|2025-10-07 00:30:47.728962|PBFT-1-0x00007fe49d255700|[g:1][CONSENSUS][PBFT]FutureBlock,INFO=handleSignMsg,num=37,curNum=36,GenIdx=1,Sview=87,view=87,fromIdx=1,fromNode=374bdfe9...,fromIp=127.0.0.1:30301,hash=33455543...,nodeIdx=2,myNode=73994dae...
info|2025-10-07 00:30:51.731623|io_service-0x00007fe4b7289700|[P2P][Service] heartBeat,connected count=3
info|2025-10-07 00:31:01.731922|io_service-0x00007fe4b7289700|[P2P][Service] heartBeat,connected count=3
info|2025-10-07 00:31:02.550072|PBFT-1-0x00007fe49d255700|[g:1][CONSENSUS][SEALER]decrease maxBlockCanSeal to half for PBFT timeout,org_maxBlockCanSeal=500,halfed_maxBlockCanSeal=250,timeoutCount=2,lastTimeoutTx=1
warning|2025-10-07 00:31:02.551196|PBFT-1-0x00007fe49d255700|[g:1][CONSENSUS][PBFT]ViewChangeWarning: not caused by omit empty block ,v=87,toV=88,curNum=36,hash=1ccc417a...,nodeIdx=2,myNode=73994dae...
info|2025-10-07 00:31:02.551284|PBFT-1-0x00007fe49d255700|[g:1][CONSENSUS][PBFT]checkTimeout Succ,view=87,toView=88,nodeIdx=2,changeCycle=5,myNode=73994dae...,timecost=1
info|2025-10-07 00:31:02.557602|PBFT-1-0x00007fe49d255700|[g:1][CONSENSUS][PBFT]checkAndChangeView: Reach consensus,org_view=87,cur_changeCycle=5,curView=87,view=88
info|2025-10-07 00:31:03.062419|PBFTWork-1-0x00007fe4a3a62700|[g:1][CONSENSUS][PartiallyPBFTReqCache]addPartiallyRawPrepare,height=37,reqIdx=0,hash=7d864210...
info|2025-10-07 00:31:03.062722|PBFTWork-1-0x00007fe4a3a62700|[g:1][BLOCKVERIFIER][executeBlock]Executing block,txNum=2,num=37,parentHash=1ccc417a3b0c102a7c1c22ff3f802c53af0398c36cee390b738361f0a92f7b2e,parentNum=36,parentStateRoot=cf6202a2f15ff1523659fb6a132cd426644eca16f25d69b0bca8eb0131d621d9
info|2025-10-07 00:31:03.062846|PBFTWork-1-0x00007fe4a3a62700|[g:1][PRECOMPILED]init GasChargeManagePrecompiled
info|2025-10-07 00:31:03.265910|PBFTWork-1-0x00007fe4a3a62700|[g:1][PRECOMPILED][TimerPrecompiled]getCurrentTimeMillis,timeMillis=1759822263265
info|2025-10-07 00:31:04.678896|PBFTWork-1-0x00007fe4a3a62700|[g:1][PRECOMPILED][TimerPrecompiled]getCurrentTimeMillis,timeMillis=1759822264678
info|2025-10-07 00:31:04.681919|PBFTWork-1-0x00007fe4a3a62700|[g:1][PRECOMPILED][TimerPrecompiled]getCurrentTimeMillis,timeMillis=1759822264681
info|2025-10-07 00:31:06.030138|PBFTWork-1-0x00007fe4a3a62700|[g:1][PRECOMPILED][TimerPrecompiled]getCurrentTimeMillis,timeMillis=1759822266030
info|2025-10-07 00:31:06.038396|PBFTWork-1-0x00007fe4a3a62700|[g:1][STORAGE][MemoryTableFactory2]createTable,table name=c_bbd50cc17c4eaee9646109e9d81abb04cc2d47cf,keyField=key,valueField=value
info|2025-10-07 00:31:06.042133|PBFTWork-1-0x00007fe4a3a62700|[g:1][CONSENSUS][PBFT]execBlock,blkNum=37,reqIdx=0,hash=37e766b4...,nodeIdx=2,myNode=73994dae...,decodeCost=0,checkCost=0,notifyCost=0,noteSealingCost=0,currentCycle=5,verifyAndSetSenderCost=0,execCost=2980,execPerTx=1490,totalCost=2980
info|2025-10-07 00:31:06.051576|PBFTWork-1-0x00007fe4a3a62700|[g:1][CONSENSUS][PBFT]handlePrepareMsg Succ,timecost=9,INFO=handlePartiallyPrepare,reqIdx=0,view=88,reqNum=37,curNum=36,consNum=37,hash=7d864210...,nodeIdx=2,myNode=73994dae...,curChangeCycle=5
info|2025-10-07 00:31:07.566066|PBFT-1-0x00007fe49d255700|[g:1][CONSENSUS][PBFT]checkReq: Recv future request,prepHash=37e766b4...,INFO=handleSignMsg,num=37,curNum=36,GenIdx=3,Sview=88,view=88,fromIdx=3,fromNode=87d00b98...,fromIp=127.0.0.1:30302,hash=090a3248...,nodeIdx=2,myNode=73994dae...
info|2025-10-07 00:31:07.566106|PBFT-1-0x00007fe49d255700|[g:1][CONSENSUS][PBFT]FutureBlock,INFO=handleSignMsg,num=37,curNum=36,GenIdx=3,Sview=88,view=88,fromIdx=3,fromNode=87d00b98...,fromIp=127.0.0.1:30302,hash=090a3248...,nodeIdx=2,myNode=73994dae...
info|2025-10-07 00:31:07.683747|PBFT-1-0x00007fe49d255700|[g:1][CONSENSUS][PBFT]checkReq: Recv future request,prepHash=37e766b4...,INFO=handleSignMsg,num=37,curNum=36,GenIdx=1,Sview=88,view=88,fromIdx=1,fromNode=374bdfe9...,fromIp=127.0.0.1:30301,hash=f27b3794...,nodeIdx=2,myNode=73994dae...
info|2025-10-07 00:31:07.683828|PBFT-1-0x00007fe49d255700|[g:1][CONSENSUS][PBFT]FutureBlock,INFO=handleSignMsg,num=37,curNum=36,GenIdx=1,Sview=88,view=88,fromIdx=1,fromNode=374bdfe9...,fromIp=127.0.0.1:30301,hash=f27b3794...,nodeIdx=2,myNode=73994dae...
info|2025-10-07 00:31:08.014262|PBFT-1-0x00007fe49d255700|[g:1][CONSENSUS][PBFT]checkReq: Recv future request,prepHash=37e766b4...,INFO=handleSignMsg,num=37,curNum=36,GenIdx=0,Sview=88,view=88,fromIdx=0,fromNode=064cb676...,fromIp=127.0.0.1:30303,hash=1f6a93f0...,nodeIdx=2,myNode=73994dae...
info|2025-10-07 00:31:08.014297|PBFT-1-0x00007fe49d255700|[g:1][CONSENSUS][PBFT]FutureBlock,INFO=handleSignMsg,num=37,curNum=36,GenIdx=0,Sview=88,view=88,fromIdx=0,fromNode=064cb676...,fromIp=127.0.0.1:30303,hash=1f6a93f0...,nodeIdx=2,myNode=73994dae...
info|2025-10-07 00:31:11.732193|io_service-0x00007fe4b7289700|[P2P][Service] heartBeat,connected count=3
info|2025-10-07 00:31:21.733009|io_service-0x00007fe4b7289700|[P2P][Service] heartBeat,connected count=3
info|2025-10-07 00:31:28.833183|PBFT-1-0x00007fe49d255700|[g:1][CONSENSUS][SEALER]decrease maxBlockCanSeal to half for PBFT timeout,org_maxBlockCanSeal=250,halfed_maxBlockCanSeal=125,timeoutCount=3,lastTimeoutTx=1
warning|2025-10-07 00:31:28.834583|PBFT-1-0x00007fe49d255700|[g:1][CONSENSUS][PBFT]ViewChangeWarning: not caused by omit empty block ,v=88,toV=89,curNum=36,hash=1ccc417a...,nodeIdx=2,myNode=73994dae...
info|2025-10-07 00:31:28.834761|PBFT-1-0x00007fe49d255700|[g:1][CONSENSUS][PBFT]checkTimeout Succ,view=88,toView=89,nodeIdx=2,changeCycle=6,myNode=73994dae...,timecost=1
info|2025-10-07 00:31:30.355456|PBFT-1-0x00007fe49d255700|[g:1][CONSENSUS][PBFT]checkAndChangeView: Reach consensus,org_view=88,cur_changeCycle=6,curView=88,view=89
info|2025-10-07 00:31:30.856343|PBFTWork-1-0x00007fe4a3a62700|[g:1][CONSENSUS][PartiallyPBFTReqCache]addPartiallyRawPrepare,height=37,reqIdx=1,hash=96bd787b...
info|2025-10-07 00:31:30.856598|PBFTWork-1-0x00007fe4a3a62700|[g:1][BLOCKVERIFIER][executeBlock]Executing block,txNum=2,num=37,parentHash=1ccc417a3b0c102a7c1c22ff3f802c53af0398c36cee390b738361f0a92f7b2e,parentNum=36,parentStateRoot=cf6202a2f15ff1523659fb6a132cd426644eca16f25d69b0bca8eb0131d621d9
info|2025-10-07 00:31:30.858540|PBFTWork-1-0x00007fe4a3a62700|[g:1][PRECOMPILED]init GasChargeManagePrecompiled
info|2025-10-07 00:31:31.309700|PBFTWork-1-0x00007fe4a3a62700|[g:1][PRECOMPILED][TimerPrecompiled]getCurrentTimeMillis,timeMillis=1759822291309
info|2025-10-07 00:31:31.710004|ChannelReq-0x00007fe4b4283700|[RPC][getGroupList]request
info|2025-10-07 00:31:31.733187|io_service-0x00007fe4b7289700|[P2P][Service] heartBeat,connected count=3
info|2025-10-07 00:31:33.753700|PBFTWork-1-0x00007fe4a3a62700|[g:1][PRECOMPILED][TimerPrecompiled]getCurrentTimeMillis,timeMillis=1759822293753
info|2025-10-07 00:31:33.756811|PBFTWork-1-0x00007fe4a3a62700|[g:1][PRECOMPILED][TimerPrecompiled]getCurrentTimeMillis,timeMillis=1759822293756
info|2025-10-07 00:31:35.669697|PBFTWork-1-0x00007fe4a3a62700|[g:1][PRECOMPILED][TimerPrecompiled]getCurrentTimeMillis,timeMillis=1759822295669
info|2025-10-07 00:31:35.672036|PBFTWork-1-0x00007fe4a3a62700|[g:1][STORAGE][MemoryTableFactory2]createTable,table name=c_bbd50cc17c4eaee9646109e9d81abb04cc2d47cf,keyField=key,valueField=value
info|2025-10-07 00:31:35.684288|PBFTWork-1-0x00007fe4a3a62700|[g:1][CONSENSUS][PBFT]execBlock,blkNum=37,reqIdx=1,hash=44e9aeb6...,nodeIdx=2,myNode=73994dae...,decodeCost=0,checkCost=0,notifyCost=0,noteSealingCost=0,currentCycle=6,verifyAndSetSenderCost=0,execCost=4828,execPerTx=2414,totalCost=4828
info|2025-10-07 00:31:35.690585|PBFTWork-1-0x00007fe4a3a62700|[g:1][CONSENSUS][PBFT]handlePrepareMsg Succ,timecost=6,INFO=handlePartiallyPrepare,reqIdx=1,view=89,reqNum=37,curNum=36,consNum=37,hash=96bd787b...,nodeIdx=2,myNode=73994dae...,curChangeCycle=6
info|2025-10-07 00:31:35.690880|PBFT-1-0x00007fe49d255700|[g:1][CONSENSUS][PBFT]checkReq: Recv future request,prepHash=44e9aeb6...,INFO=handleSignMsg,num=37,curNum=36,GenIdx=3,Sview=89,view=89,fromIdx=3,fromNode=87d00b98...,fromIp=127.0.0.1:30302,hash=60a39dc7...,nodeIdx=2,myNode=73994dae...
info|2025-10-07 00:31:35.690934|PBFT-1-0x00007fe49d255700|[g:1][CONSENSUS][PBFT]FutureBlock,INFO=handleSignMsg,num=37,curNum=36,GenIdx=3,Sview=89,view=89,fromIdx=3,fromNode=87d00b98...,fromIp=127.0.0.1:30302,hash=60a39dc7...,nodeIdx=2,myNode=73994dae...
info|2025-10-07 00:31:35.690961|PBFT-1-0x00007fe49d255700|[g:1][CONSENSUS][PBFT]checkReq: Recv future request,prepHash=44e9aeb6...,INFO=handleSignMsg,num=37,curNum=36,GenIdx=0,Sview=89,view=89,fromIdx=0,fromNode=064cb676...,fromIp=127.0.0.1:30303,hash=c5776c84...,nodeIdx=2,myNode=73994dae...
info|2025-10-07 00:31:35.690969|PBFT-1-0x00007fe49d255700|[g:1][CONSENSUS][PBFT]FutureBlock,INFO=handleSignMsg,num=37,curNum=36,GenIdx=0,Sview=89,view=89,fromIdx=0,fromNode=064cb676...,fromIp=127.0.0.1:30303,hash=c5776c84...,nodeIdx=2,myNode=73994dae...
info|2025-10-07 00:31:35.728972|PBFT-1-0x00007fe49d255700|[g:1][CONSENSUS][PBFT]checkReq: Recv future request,prepHash=44e9aeb6...,INFO=handleSignMsg,num=37,curNum=36,GenIdx=1,Sview=89,view=89,fromIdx=1,fromNode=374bdfe9...,fromIp=127.0.0.1:30301,hash=b338da93...,nodeIdx=2,myNode=73994dae...
info|2025-10-07 00:31:35.728997|PBFT-1-0x00007fe49d255700|[g:1][CONSENSUS][PBFT]FutureBlock,INFO=handleSignMsg,num=37,curNum=36,GenIdx=1,Sview=89,view=89,fromIdx=1,fromNode=374bdfe9...,fromIp=127.0.0.1:30301,hash=b338da93...,nodeIdx=2,myNode=73994dae...
info|2025-10-07 00:31:36.130436|fisco-bcos-0x00007fe4ba002dc0|[LEDGER]stop sealer,groupID=1
info|2025-10-07 00:31:36.130462|fisco-bcos-0x00007fe4ba002dc0|[CONSENSUS][SEALER]Stop sealer module...
info|2025-10-07 00:31:36.135631|fisco-bcos-0x00007fe4ba002dc0|[CONSENSUS][ConsensusEngine][Stop ConsensusEngineBase]
info|2025-10-07 00:31:36.139343|fisco-bcos-0x00007fe4ba002dc0|[CONSENSUS][ConsensusEngine]ConsensusEngineBase stopped
info|2025-10-07 00:31:36.139376|fisco-bcos-0x00007fe4ba002dc0|[LEDGER]sealer stopped. stop sync,groupID=1
info|2025-10-07 00:31:36.140526|fisco-bcos-0x00007fe4ba002dc0|[g:1] [SYNC][id:73994dae...]SyncMsgEngine stopped
info|2025-10-07 00:31:36.218841|fisco-bcos-0x00007fe4ba002dc0|[GossipBlockStatus]stop GossipBlockStatus succ
info|2025-10-07 00:31:37.074562|fisco-bcos-0x00007fe4ba002dc0|[SYNC][id:73994dae...][g:1]SyncMaster stopped
info|2025-10-07 00:31:37.074602|fisco-bcos-0x00007fe4ba002dc0|[LEDGER]sync stopped. stop event filter manager,groupID=1
info|2025-10-07 00:31:37.091908|fisco-bcos-0x00007fe4ba002dc0|[EVENT][EventLogFilterManager]stop
info|2025-10-07 00:31:37.091938|fisco-bcos-0x00007fe4ba002dc0|[LEDGER]event filter manager stopped. stop tx pool,groupID=1
info|2025-10-07 00:31:37.092215|fisco-bcos-0x00007fe4ba002dc0|[LEDGER]removeNetworkStatHandlerByGroupID and removeGroupBandwidthLimiter for service,groupID=1
info|2025-10-07 00:31:37.092232|fisco-bcos-0x00007fe4ba002dc0|[CHANNEL]removeSDKAllowListByGroupId,groupId=1
info|2025-10-07 00:31:37.092239|fisco-bcos-0x00007fe4ba002dc0|[INITIALIZER]ledgerInitializer stopped
warning|2025-10-07 00:31:37.092287|ChannelServer-0x00007fe4ae277700|[CHANNEL]Accept failed,message=Operation canceled
info|2025-10-07 00:31:37.979096|io_service-0x00007fe4b7289700|[NETWORK][Session]doRead failed,endpoint=127.0.0.1:30303,message=short read (SSL routines, SSL routines)
info|2025-10-07 00:31:37.979157|io_service-0x00007fe4b7289700|[NETWORK][Session]drop, call and erase all callbackFunc of the session!,endpoint=127.0.0.1:30303
info|2025-10-07 00:31:37.979185|io_service-0x00007fe4b7289700|[NETWORK][Session][drop] closing remote 127.0.0.1:30303,reason=Low-level TCP communication failed.,endpoint=127.0.0.1:30303
info|2025-10-07 00:31:37.979372|io_service-0x00007fe4b7289700|[NETWORK][Session]Session inactive
info|2025-10-07 00:31:37.979382|io_service-0x00007fe4b7289700|[NETWORK][Session]Session inactive
info|2025-10-07 00:31:37.979387|io_service-0x00007fe4b7289700|[NETWORK][Session][drop] shutdown failed ,code=9,message=Bad file descriptor
info|2025-10-07 00:31:37.979621|P2P-0x00007fe4b8a8c700|[P2P][Service] disconnect inactive P2PSession,nodeID=064cb676...,endpoint=127.0.0.1:30303,code=3,what=Disconnect
info|2025-10-07 00:31:37.979642|P2P-0x00007fe4b8a8c700|[P2P][Service] onDisconnect,code=3,what=Dynamic exception type: dev::network::NetworkException
std::exception::what: Disconnect
info|2025-10-07 00:31:38.094234|fisco-bcos-0x00007fe4ba002dc0|[INITIALIZER]ChannelRPCHttpServer deleted.
info|2025-10-07 00:31:38.094702|fisco-bcos-0x00007fe4ba002dc0|[INITIALIZER]JsonrpcHttpServer deleted.
info|2025-10-07 00:31:38.094722|fisco-bcos-0x00007fe4ba002dc0|[INITIALIZER]RPCInitializer stopped
info|2025-10-07 00:31:38.094891|io_service-0x00007fe4b7289700|[NETWORK][Host]Host exit
info|2025-10-07 00:31:38.096212|fisco-bcos-0x00007fe4ba002dc0|[INITIALIZER]P2PInitializer stopped
info|2025-10-07 00:31:38.096235|fisco-bcos-0x00007fe4ba002dc0|[LEDGER]stop sealer,groupID=1
info|2025-10-07 00:31:38.096242|fisco-bcos-0x00007fe4ba002dc0|[LEDGER]sealer stopped. stop sync,groupID=1
info|2025-10-07 00:31:38.096251|fisco-bcos-0x00007fe4ba002dc0|[g:1] [SYNC][id:73994dae...]SyncMsgEngine stopped
info|2025-10-07 00:31:38.096261|fisco-bcos-0x00007fe4ba002dc0|[GossipBlockStatus]GossipBlockStatus already stopped
info|2025-10-07 00:31:38.096265|fisco-bcos-0x00007fe4ba002dc0|[SYNC][id:73994dae...][g:1]SyncMaster stopped
info|2025-10-07 00:31:38.096269|fisco-bcos-0x00007fe4ba002dc0|[LEDGER]sync stopped. stop event filter manager,groupID=1
info|2025-10-07 00:31:38.096277|fisco-bcos-0x00007fe4ba002dc0|[LEDGER]event filter manager stopped. stop tx pool,groupID=1
info|2025-10-07 00:31:38.096283|fisco-bcos-0x00007fe4ba002dc0|[LEDGER]removeNetworkStatHandlerByGroupID and removeGroupBandwidthLimiter for service,groupID=1
info|2025-10-07 00:31:38.096296|fisco-bcos-0x00007fe4ba002dc0|[g:1][STORAGE][CachedStorage]Stopping flushStorage thread
info|2025-10-07 00:31:38.461601|fisco-bcos-0x00007fe4ba002dc0|[g:1][STORAGE][CachedStorage]flushStorage thread stopped.
info|2025-10-07 00:31:38.461628|fisco-bcos-0x00007fe4ba002dc0|[DBINITIALIZER] storage stopped
info|2025-10-07 00:31:38.464138|fisco-bcos-0x00007fe4ba002dc0|[g:1] [SYNC][id:73994dae...]SyncMsgEngine stopped
info|2025-10-07 00:31:38.464179|fisco-bcos-0x00007fe4ba002dc0|[GossipBlockStatus]GossipBlockStatus already stopped
info|2025-10-07 00:31:38.464185|fisco-bcos-0x00007fe4ba002dc0|[SYNC][id:73994dae...][g:1]SyncMaster stopped
info|2025-10-07 00:31:38.464201|fisco-bcos-0x00007fe4ba002dc0|[g:1] [SYNC][id:73994dae...]SyncMsgEngine stopped
