info|2025-10-11 07:21:24.357433|fisco-bcos-0x00007f8c8e736dc0|[INITIALIZER][initGlobalConfig],enableCompress=true,compatibilityVersion=2.11.0,versionNumber=34275328,enableStat=false,chainId=1,useSMCrypto=true,IgnoreObserverWriteRequest=false
info|2025-10-11 07:21:24.421554|fisco-bcos-0x00007f8c8e736dc0|[INITIALIZER][SecureInitializerGM]get pub of node,nodeID=73994dae9e8b8da733108a4153dfe79151d701dff425f84c87b5324e8ebd02ab6a0ebc9e4f1e0298a7ddca50f94a8f95c62b6997226d571e470e8f2b0600634a
info|2025-10-11 07:21:24.568823|fisco-bcos-0x00007f8c8e736dc0|[NETWORK][Host]Connecting to node,endpoint=127.0.0.1:30300
info|2025-10-11 07:21:24.568980|io_service-0x00007f8c8b9bd700|[NETWORK][Host]P2P StartAccept,Host=0.0.0.0:30300
info|2025-10-11 07:21:24.569104|fisco-bcos-0x00007f8c8e736dc0|[NETWORK][Host]Connecting to node,endpoint=127.0.0.1:30301
info|2025-10-11 07:21:24.569200|fisco-bcos-0x00007f8c8e736dc0|[NETWORK][Host]Connecting to node,endpoint=127.0.0.1:30302
info|2025-10-11 07:21:24.569308|fisco-bcos-0x00007f8c8e736dc0|[NETWORK][Host]Connecting to node,endpoint=127.0.0.1:30303
info|2025-10-11 07:21:24.569382|fisco-bcos-0x00007f8c8e736dc0|[P2P][Service] heartBeat,connected count=0
info|2025-10-11 07:21:24.569423|io_service-0x00007f8c8b9bd700|[NETWORK][ASIO]asyncResolveConnect,endpoint=127.0.0.1:30300
info|2025-10-11 07:21:24.569480|fisco-bcos-0x00007f8c8e736dc0|[INITIALIZER][RPCInitializer],network_security.check_cert_issuer=true
info|2025-10-11 07:21:24.569633|io_service-0x00007f8c8b9bd700|[NETWORK][Host]P2P Recv Connect, From=127.0.0.1:35002
info|2025-10-11 07:21:24.569737|io_service-0x00007f8c8b9bd700|[NETWORK][Host]P2P StartAccept,Host=0.0.0.0:30300
info|2025-10-11 07:21:24.570701|fisco-bcos-0x00007f8c8e736dc0|[CHANNEL][ChannelServer::run],threadPoolSize=8
info|2025-10-11 07:21:24.570822|fisco-bcos-0x00007f8c8e736dc0|[CHANNEL]ChannelRPCServer started
info|2025-10-11 07:21:24.570831|fisco-bcos-0x00007f8c8e736dc0|[INITIALIZER][RPCInitializer: ChannelRPCHttpServer started.],disableDynamicGroup=false,uncheckGroupMember=false,threadSize=8
info|2025-10-11 07:21:24.570842|fisco-bcos-0x00007f8c8e736dc0|[INITIALIZER][LedgerInitializer]initConfig
info|2025-10-11 07:21:24.570853|fisco-bcos-0x00007f8c8e736dc0|[LedgerInitializer],groupConfigPath=conf/
info|2025-10-11 07:21:24.573396|fisco-bcos-0x00007f8c8e736dc0|[INITIALIZER][initSingleLedger] [GroupId], LedgerConstructor:  1,configFileName=conf/group.1.genesis,dataDir=data/
info|2025-10-11 07:21:24.573531|fisco-bcos-0x00007f8c8e736dc0|[g:1][LedgerParam][parseGenesisConfig]initConsensusConfig/initStorageConfig/initTxConfig,configFile=conf/group.1.genesis
info|2025-10-11 07:21:24.573548|fisco-bcos-0x00007f8c8e736dc0|[g:1][LedgerParam][initConsensusConfig],type=pbft,consensusTimeout=3,maxTxNum=1000,txGasLimit=300000000
info|2025-10-11 07:21:24.573568|fisco-bcos-0x00007f8c8e736dc0|[g:1][LedgerParam][parsePublicKeyListOfSection],sectionName=consensus,it.first=73994dae9e8b8da733108a4153dfe79151d701dff425f84c87b5324e8ebd02ab6a0ebc9e4f1e0298a7ddca50f94a8f95c62b6997226d571e470e8f2b0600634a
info|2025-10-11 07:21:24.573582|fisco-bcos-0x00007f8c8e736dc0|[g:1][LedgerParam][parsePublicKeyListOfSection],sectionName=consensus,it.first=374bdfe969e1d8ea1200ade93e5d8cf1a7d5741f238011004b0f43ca818706f194b2f067e1708125f7ffc536610b9a72addbd56b238d65f18912be39037ffcc5
info|2025-10-11 07:21:24.573594|fisco-bcos-0x00007f8c8e736dc0|[g:1][LedgerParam][parsePublicKeyListOfSection],sectionName=consensus,it.first=87d00b98321fc70a5abc85ad9e80db10cce315194133697bf74aace1d3f8430957a766240f751752708f4282f46110d6ea56c3eb5d1c02ce98a66f327f595270
info|2025-10-11 07:21:24.573610|fisco-bcos-0x00007f8c8e736dc0|[g:1][LedgerParam][parsePublicKeyListOfSection],sectionName=consensus,it.first=064cb676a36047a4b52ecbf9c01664b1e987d91b438110ba6a12d96972726622e824d295b1de8b0298b5afe7bbbc0bd04a3890e1a36eae028c1cfbe07971b995
info|2025-10-11 07:21:24.573616|fisco-bcos-0x00007f8c8e736dc0|[g:1][LedgerParam][parsePublicKeyListOfSection],totalPubKeySize=4
info|2025-10-11 07:21:24.573648|fisco-bcos-0x00007f8c8e736dc0|[g:1][LedgerParam][max_block_range],maxBlockRange=0,maxBlockPerProcess=3
info|2025-10-11 07:21:24.573668|fisco-bcos-0x00007f8c8e736dc0|[g:1][LedgerParam][parseGenesisConfig],timestamp=1759762229000
info|2025-10-11 07:21:24.573680|fisco-bcos-0x00007f8c8e736dc0|[g:1][LedgerParam]setEVMFlags,enableFreeStorageVMSchedule=false,evmFlags=0
info|2025-10-11 07:21:24.573695|fisco-bcos-0x00007f8c8e736dc0|[g:1][LedgerParam]store evmFlag,evmFlag=0
info|2025-10-11 07:21:24.573701|fisco-bcos-0x00007f8c8e736dc0|[g:1][LedgerParam]store consensus time,consensusTimeout=3
info|2025-10-11 07:21:24.573705|fisco-bcos-0x00007f8c8e736dc0|[g:1][LedgerParam][initMark],genesisMark=1-064cb676a36047a4b52ecbf9c01664b1e987d91b438110ba6a12d96972726622e824d295b1de8b0298b5afe7bbbc0bd04a3890e1a36eae028c1cfbe07971b995,374bdfe969e1d8ea1200ade93e5d8cf1a7d5741f238011004b0f43ca818706f194b2f067e1708125f7ffc536610b9a72addbd56b238d65f18912be39037ffcc5,73994dae9e8b8da733108a4153dfe79151d701dff425f84c87b5324e8ebd02ab6a0ebc9e4f1e0298a7ddca50f94a8f95c62b6997226d571e470e8f2b0600634a,87d00b98321fc70a5abc85ad9e80db10cce315194133697bf74aace1d3f8430957a766240f751752708f4282f46110d6ea56c3eb5d1c02ce98a66f327f595270,-pbft-storage-0-1000-300000000-3
info|2025-10-11 07:21:24.573712|fisco-bcos-0x00007f8c8e736dc0|[g:1][LedgerParam][initIniConfig]initTxPoolConfig/initSyncConfig/initTxExecuteConfig,configFile=conf/group.1.ini
info|2025-10-11 07:21:24.574399|fisco-bcos-0x00007f8c8e736dc0|[g:1][LedgerParam][initStorageConfig],stateType=storage,storageDB=rocksdb,storagePath=data//group1/block/RocksDB,baseDir=data//group1,dbtype=mysql,dbip=127.0.0.1,dbport=3306,dbcharset=utf8mb4,initconnections=15,maxconnections=50,scrollThreshold=2000,enableReconfirmCommittee=false
info|2025-10-11 07:21:24.574433|fisco-bcos-0x00007f8c8e736dc0|[g:1][LedgerParam][initTxPoolConfig],txPoolLimit=150000,memorySizeLimit(MB)=512,notifyWorkerNum=2,txsExpirationTime(ms)=600000
info|2025-10-11 07:21:24.574442|fisco-bcos-0x00007f8c8e736dc0|[g:1][LedgerParam][initSyncConfig],idleWaitMs=200
info|2025-10-11 07:21:24.574452|fisco-bcos-0x00007f8c8e736dc0|[g:1][LedgerParam][initSyncConfig],enableSendTxsByTree=true,enableSendBlockStatusByTree=true
info|2025-10-11 07:21:24.574459|fisco-bcos-0x00007f8c8e736dc0|[g:1][LedgerParam][initSyncConfig],gossipInterval=1000
info|2025-10-11 07:21:24.574472|fisco-bcos-0x00007f8c8e736dc0|[g:1][LedgerParam][initSyncConfig],enableSendBlockStatusByTree=true,gossipInterval=1000,gossipPeers=3,syncTreeWidth=3,maxQueueSizeForBlockSync=536870912,txsStatusGossipMaxPeers=5,syncInfoPrintInterval=10,freeNodeRead=false
info|2025-10-11 07:21:24.574480|fisco-bcos-0x00007f8c8e736dc0|[g:1][LedgerParam][InitTxExecuteConfig],enableParallel=true
info|2025-10-11 07:21:24.574513|fisco-bcos-0x00007f8c8e736dc0|[g:1][LedgerParam][initConsensusIniConfig],maxTTL=2,minBlockGenerationTime=500,enablDynamicBlockSize=true,blockSizeIncreaseRatio=0.5,enableTTLOptimize=true,enablePrepareWithTxsHash=true
info|2025-10-11 07:21:24.574551|fisco-bcos-0x00007f8c8e736dc0|[g:1][LedgerParam][initRPBFTConsensusIniConfig],broadcastPrepareByTree=true,prepareStatusBroadcastPercent=33,maxRequestMissedTxsWaitTime=100,maxRequestPrepareWaitTime=100
info|2025-10-11 07:21:24.574559|fisco-bcos-0x00007f8c8e736dc0|[g:1][LedgerParam][initFlowControlConfig],maxQPS=9223372036854775807,outGoingBandwidth(Bytes)=9223372036854775807
info|2025-10-11 07:21:24.574564|fisco-bcos-0x00007f8c8e736dc0|[g:1][LedgerParam]parseSDKAllowList,sdkAllowList=[],enableSDKAllowListControl=false
info|2025-10-11 07:21:24.574591|fisco-bcos-0x00007f8c8e736dc0|[g:1][LEDGER][initLedger][DBInitializer]
info|2025-10-11 07:21:24.574597|fisco-bcos-0x00007f8c8e736dc0|[g:1][LEDGER]setSDKAllowList,groupId=1,sdkAllowListSize=0
info|2025-10-11 07:21:24.574601|fisco-bcos-0x00007f8c8e736dc0|[g:1][CHANNEL]registerSDKAllowListByGroupId,groupId=1,size=0
info|2025-10-11 07:21:24.574606|fisco-bcos-0x00007f8c8e736dc0|[g:1][CHANNEL]Disable group-level sdk permission control for sdk allowlist is empty
info|2025-10-11 07:21:24.574622|fisco-bcos-0x00007f8c8e736dc0|[g:1][DBINITIALIZER] [initStorageDB]
info|2025-10-11 07:21:24.574627|fisco-bcos-0x00007f8c8e736dc0|[g:1][DBINITIALIZER] [initRocksDBStorage]
info|2025-10-11 07:21:24.575169|fisco-bcos-0x00007f8c8e736dc0|[g:1][ROCKSDB]open rocksDB handler,path=data//group1/block/RocksDB
info|2025-10-11 07:21:24.577536|io_service-0x00007f8c8b9bd700|[NETWORK][ASIO]asyncResolveConnect,endpoint=127.0.0.1:30301
info|2025-10-11 07:21:24.577868|io_service-0x00007f8c8b9bd700|[NETWORK][ASIO]asyncResolveConnect,endpoint=127.0.0.1:30302
info|2025-10-11 07:21:24.578135|io_service-0x00007f8c8b9bd700|[NETWORK][ASIO]asyncResolveConnect,endpoint=127.0.0.1:30303
info|2025-10-11 07:21:24.583628|io_service-0x00007f8c8b9bd700|[NETWORK][Host]handshakeServer succ,remote endpoint=127.0.0.1:35002
info|2025-10-11 07:21:24.583752|io_service-0x00007f8c8b9bd700|[NETWORK][Host]startPeerSession, Remote=127.0.0.1:35002,local endpoint=127.0.0.1:30300,nodeID=73994dae...
info|2025-10-11 07:21:24.587809|io_service-0x00007f8c8b9bd700|[NETWORK][Host]handshakeClient succ,local endpoint=127.0.0.1:35002
info|2025-10-11 07:21:24.587926|io_service-0x00007f8c8b9bd700|[NETWORK][Host]startPeerSession, Remote=127.0.0.1:30300,local endpoint=127.0.0.1:35002,nodeID=73994dae...
info|2025-10-11 07:21:24.618368|io_service-0x00007f8c8b9bd700|[NETWORK][Host]handshakeClient succ,local endpoint=127.0.0.1:47056
info|2025-10-11 07:21:24.621548|P2P-0x00007f8c8c9bf700|[P2P][Service] Connection established,nodeID=374bdfe9...,endpoint=127.0.0.1:30301
info|2025-10-11 07:21:24.622334|io_service-0x00007f8c8b9bd700|[NETWORK][Host]startPeerSession, Remote=127.0.0.1:30301,local endpoint=127.0.0.1:47056,nodeID=374bdfe9...
info|2025-10-11 07:21:24.622561|io_service-0x00007f8c8b9bd700|[NETWORK][Host]handshakeClient succ,local endpoint=127.0.0.1:37198
info|2025-10-11 07:21:24.622660|P2P-0x00007f8c8c1be700|[P2P][Service] Connection established,nodeID=87d00b98...,endpoint=127.0.0.1:30302
info|2025-10-11 07:21:24.622692|io_service-0x00007f8c8b9bd700|[NETWORK][Host]startPeerSession, Remote=127.0.0.1:30302,local endpoint=127.0.0.1:37198,nodeID=87d00b98...
info|2025-10-11 07:21:24.624553|io_service-0x00007f8c8b9bd700|[NETWORK][Host]handshakeClient succ,local endpoint=127.0.0.1:59004
info|2025-10-11 07:21:24.624726|P2P-0x00007f8c8c9bf700|[P2P][Service] Connection established,nodeID=064cb676...,endpoint=127.0.0.1:30303
info|2025-10-11 07:21:24.624775|io_service-0x00007f8c8b9bd700|[NETWORK][Host]startPeerSession, Remote=127.0.0.1:30303,local endpoint=127.0.0.1:59004,nodeID=064cb676...
info|2025-10-11 07:21:24.644951|fisco-bcos-0x00007f8c8e736dc0|[g:1][g:1][STORAGE][CachedStorage]Init flushStorage thread
info|2025-10-11 07:21:24.645183|fisco-bcos-0x00007f8c8e736dc0|[g:1][DBINITIALIZER] [init CachedStorage],maxCapacity=32,maxForwardBlock=10
info|2025-10-11 07:21:24.645240|fisco-bcos-0x00007f8c8e736dc0|[g:1][LEDGER][initLedger][initBlockChain]
info|2025-10-11 07:21:24.645904|fisco-bcos-0x00007f8c8e736dc0|[g:1][LEDGER]set enableHexBlock to be false,version=34275328
info|2025-10-11 07:21:24.645967|fisco-bcos-0x00007f8c8e736dc0|[g:1][BLOCKCHAIN][#checkAndBuildGenesisBlock],shouldBuild=false
info|2025-10-11 07:21:24.672314|fisco-bcos-0x00007f8c8e736dc0|[g:1][BLOCKCHAIN][#checkAndBuildGenesisBlock]Already have the 0th block, 0th groupMark is equal to file groupMark.
info|2025-10-11 07:21:24.672395|fisco-bcos-0x00007f8c8e736dc0|[g:1][LEDGER][initLedger]initBlockChain SUCC
info|2025-10-11 07:21:24.672470|fisco-bcos-0x00007f8c8e736dc0|[g:1][DBINITIALIZER] [createStateFactory],type=storage
info|2025-10-11 07:21:24.672479|fisco-bcos-0x00007f8c8e736dc0|[g:1][DBINITIALIZER] createStorageState SUCC
info|2025-10-11 07:21:24.672483|fisco-bcos-0x00007f8c8e736dc0|[g:1][DBINITIALIZER] [createStateFactory SUCC]
info|2025-10-11 07:21:24.672487|fisco-bcos-0x00007f8c8e736dc0|[g:1][DBINITIALIZER] createExecutiveContext...
info|2025-10-11 07:21:24.672507|fisco-bcos-0x00007f8c8e736dc0|[g:1][LEDGER]createGasMetric,vmFlagType=0
info|2025-10-11 07:21:24.672514|fisco-bcos-0x00007f8c8e736dc0|[g:1][LEDGER]createGasMetric
info|2025-10-11 07:21:24.672525|fisco-bcos-0x00007f8c8e736dc0|[g:1][DBINITIALIZER] create precompiledGasFactory and precompiledResultFactory
info|2025-10-11 07:21:24.672529|fisco-bcos-0x00007f8c8e736dc0|[g:1][DBINITIALIZER] createExecutiveContext SUCC
info|2025-10-11 07:21:24.672535|fisco-bcos-0x00007f8c8e736dc0|[g:1][DBINITIALIZER] [setSyncNumForCachedStorage],syncNum=464
info|2025-10-11 07:21:24.672543|fisco-bcos-0x00007f8c8e736dc0|[g:1][LEDGER][initNetworkBandWidthLimiter: outGoingBandwidthLimit has been disabled],groupId=1
info|2025-10-11 07:21:24.672548|fisco-bcos-0x00007f8c8e736dc0|[g:1][LEDGER][QPSLimit has been disabled],groupId=1
info|2025-10-11 07:21:24.672554|fisco-bcos-0x00007f8c8e736dc0|[g:1][LEDGER][initLedger][initBlockVerifier]
info|2025-10-11 07:21:24.672562|fisco-bcos-0x00007f8c8e736dc0|[g:1][LEDGER][initLedger][initBlockVerifier SUCC],evmFlags=0
info|2025-10-11 07:21:24.672566|fisco-bcos-0x00007f8c8e736dc0|[g:1][LEDGER][initLedger][initTxPool],txPoolLimit=150000
info|2025-10-11 07:21:24.859350|fisco-bcos-0x00007f8c8e736dc0|[g:1][LEDGER][initLedger]initTxPool SUCC
info|2025-10-11 07:21:24.859424|fisco-bcos-0x00007f8c8e736dc0|[g:1][LEDGER][initLedger][initSync],idleWaitMs=200,gossipInterval=1000,gossipPeers=3
info|2025-10-11 07:21:24.859439|fisco-bcos-0x00007f8c8e736dc0|[g:1][LEDGER]Init sync master,enableSendBlockStatusByTree=true,enableSendTxsByTree=true
info|2025-10-11 07:21:24.866128|fisco-bcos-0x00007f8c8e736dc0|[g:1][LEDGER][initLedger]initSync SUCC
info|2025-10-11 07:21:24.866206|fisco-bcos-0x00007f8c8e736dc0|[g:1][LEDGER][initLedger][consensusInitFactory]
info|2025-10-11 07:21:24.866223|fisco-bcos-0x00007f8c8e736dc0|[g:1][LEDGER][initLedger][createPBFTSealer]
info|2025-10-11 07:21:24.866230|fisco-bcos-0x00007f8c8e736dc0|[g:1][LEDGER][initLedger][createPBFTSealer],baseDir=data//group1,Protocol=65544
info|2025-10-11 07:21:24.866336|fisco-bcos-0x00007f8c8e736dc0|[g:1][LEDGER][initLedger]createPBFTSealer for PBFT or rPBFT,consensusType=pbft
info|2025-10-11 07:21:24.866389|fisco-bcos-0x00007f8c8e736dc0|[g:1][LEDGER]createConsensusEngine: create PBFTEngine
info|2025-10-11 07:21:24.866413|fisco-bcos-0x00007f8c8e736dc0|[g:1][CONSENSUS][PBFT]Register handler for PBFTEngine
info|2025-10-11 07:21:24.874931|fisco-bcos-0x00007f8c8e736dc0|[g:1][CONSENSUS][PBFT]setMinBlockGenerationTime,minBlockGenerationTime=500,consensusTime=1000
info|2025-10-11 07:21:24.875729|fisco-bcos-0x00007f8c8e736dc0|[g:1][LEDGER][initEventLogFilterManager]initEventLogFilterManager SUCC
info|2025-10-11 07:21:24.876067|fisco-bcos-0x00007f8c8e736dc0|[LedgerInitializer init group succ],groupID=1
info|2025-10-11 07:21:24.877228|fisco-bcos-0x00007f8c8e736dc0|[SafeHttpServer::StartListening]use default epoll
info|2025-10-11 07:21:24.878374|fisco-bcos-0x00007f8c8e736dc0|[INITIALIZER][RPCInitializer JsonrpcHttpServer started],jsonrpc_IP=127.0.0.1,jsonrpc_listen_port=8545,jsonrpc_thread_count=8,ipv6=false,disableDynamicGroup=false,uncheckGroupMember=false
info|2025-10-11 07:21:24.878458|fisco-bcos-0x00007f8c8e736dc0|[g:1][LEDGER]startAll...
info|2025-10-11 07:21:24.886745|P2P-0x00007f8c8d9c1700|[g:1] [SYNC][id:73994dae...][Download][Request]Receive block request,peer=374bdfe9...,from=184,to=191
info|2025-10-11 07:21:24.886835|P2P-0x00007f8c8d9c1700|[g:1] [SYNC][id:73994dae...][Download][Request]Receive block request,peer=374bdfe9...,from=192,to=199
info|2025-10-11 07:21:24.886856|P2P-0x00007f8c8d9c1700|[g:1] [SYNC][id:73994dae...][Download][Request]Receive block request,peer=374bdfe9...,from=200,to=207
info|2025-10-11 07:21:24.886871|P2P-0x00007f8c8d9c1700|[g:1] [SYNC][id:73994dae...][Download][Request]Receive block request,peer=374bdfe9...,from=208,to=215
info|2025-10-11 07:21:24.887083|alignTime-1-0x00007f8c7c19e700|[g:1][NodeTimeMaintenance]updateTimeInfo: update median time offset,updatedMedianTimeOffset=-5,peer=374bdfe9...,peerTime=1760192484882,peerOffset=-5,utcTime=1760192484887
info|2025-10-11 07:21:24.890913|SyncSend-1-0x00007f8c7e1a2700|[g:1][SYNC][id:73994dae...][Download][Request][BlockSync]Batch blocks for sending,blockSize=24480,number=184,peer=374bdfe9...,timeCost=3
info|2025-10-11 07:21:24.892250|SyncSend-1-0x00007f8c7e1a2700|[g:1][SYNC][id:73994dae...][Download][Request][BlockSync]Batch blocks for sending,blockSize=3195,number=185,peer=374bdfe9...,timeCost=2
info|2025-10-11 07:21:24.893457|SyncSend-1-0x00007f8c7e1a2700|[g:1][SYNC][id:73994dae...][Download][Request][BlockSync]Batch blocks for sending,blockSize=24479,number=186,peer=374bdfe9...,timeCost=1
info|2025-10-11 07:21:24.894999|fisco-bcos-0x00007f8c8e736dc0|[g:1][GossipBlockStatus]start GossipBlockStatus succ
info|2025-10-11 07:21:24.895070|fisco-bcos-0x00007f8c8e736dc0|[g:1][CONSENSUS][ConsensusEngine][Start ConsensusEngineBase]
info|2025-10-11 07:21:24.895453|SyncSend-1-0x00007f8c7e1a2700|[g:1][SYNC][id:73994dae...][Download][Request][BlockSync]Batch blocks for sending,blockSize=3711,number=187,peer=374bdfe9...,timeCost=2
info|2025-10-11 07:21:24.896588|SyncSend-1-0x00007f8c7e1a2700|[g:1][SYNC][id:73994dae...][Download][Request][BlockSync]Batch blocks for sending,blockSize=47009,number=188,peer=374bdfe9...,timeCost=1
info|2025-10-11 07:21:24.897643|SyncSend-1-0x00007f8c7e1a2700|[g:1][SYNC][id:73994dae...][Download][Request][BlockSync]Batch blocks for sending,blockSize=3711,number=189,peer=374bdfe9...,timeCost=1
info|2025-10-11 07:21:24.898778|SyncSend-1-0x00007f8c7e1a2700|[g:1][SYNC][id:73994dae...][Download][Request][BlockSync]Batch blocks for sending,blockSize=47009,number=190,peer=374bdfe9...,timeCost=1
info|2025-10-11 07:21:24.899700|SyncSend-1-0x00007f8c7e1a2700|[g:1][SYNC][id:73994dae...][Download][Request][BlockSync]Batch blocks for sending,blockSize=3727,number=191,peer=374bdfe9...,timeCost=1
info|2025-10-11 07:21:24.900940|SyncSend-1-0x00007f8c7e1a2700|[g:1][SYNC][id:73994dae...][Download][Request][BlockSync]Batch blocks for sending,blockSize=1796,number=192,peer=374bdfe9...,timeCost=1
info|2025-10-11 07:21:24.902231|SyncSend-1-0x00007f8c7e1a2700|[g:1][SYNC][id:73994dae...][Download][Request][BlockSync]Batch blocks for sending,blockSize=3726,number=193,peer=374bdfe9...,timeCost=2
info|2025-10-11 07:21:24.903114|fisco-bcos-0x00007f8c8e736dc0|[g:1][CONSENSUS][PBFT]^^^^^^^^Report,num=464,sealerIdx=0,hash=928ed8de...,next=465,tx=1,nodeIdx=2
info|2025-10-11 07:21:24.903806|fisco-bcos-0x00007f8c8e736dc0|[g:1][ROCKSDB]open rocksDB handler,path=data//group1/pbftMsgBackup/RocksDB
info|2025-10-11 07:21:24.906284|SyncSend-1-0x00007f8c7e1a2700|[g:1][SYNC][id:73994dae...][Download][Request][BlockSync]Batch blocks for sending,blockSize=1795,number=194,peer=374bdfe9...,timeCost=8
info|2025-10-11 07:21:24.912596|SyncSend-1-0x00007f8c7e1a2700|[g:1][SYNC][id:73994dae...][Download][Request][BlockSync]Batch blocks for sending,blockSize=3727,number=195,peer=374bdfe9...,timeCost=2
info|2025-10-11 07:21:24.913527|SyncSend-1-0x00007f8c7e1a2700|[g:1][SYNC][id:73994dae...][Download][Request][BlockSync]Batch blocks for sending,blockSize=1796,number=196,peer=374bdfe9...,timeCost=1
info|2025-10-11 07:21:24.914605|SyncSend-1-0x00007f8c7e1a2700|[g:1][SYNC][id:73994dae...][Download][Request][BlockSync]Batch blocks for sending,blockSize=3726,number=197,peer=374bdfe9...,timeCost=1
info|2025-10-11 07:21:24.915683|SyncSend-1-0x00007f8c7e1a2700|[g:1][SYNC][id:73994dae...][Download][Request][BlockSync]Batch blocks for sending,blockSize=1796,number=198,peer=374bdfe9...,timeCost=1
info|2025-10-11 07:21:24.916960|SyncSend-1-0x00007f8c7e1a2700|[g:1][SYNC][id:73994dae...][Download][Request][BlockSync]Batch blocks for sending,blockSize=4182,number=199,peer=374bdfe9...,timeCost=1
info|2025-10-11 07:21:24.918485|SyncSend-1-0x00007f8c7e1a2700|[g:1][SYNC][id:73994dae...][Download][Request][BlockSync]Batch blocks for sending,blockSize=1797,number=200,peer=374bdfe9...,timeCost=1
info|2025-10-11 07:21:24.919903|SyncSend-1-0x00007f8c7e1a2700|[g:1][SYNC][id:73994dae...][Download][Request][BlockSync]Batch blocks for sending,blockSize=3660,number=201,peer=374bdfe9...,timeCost=1
info|2025-10-11 07:21:24.921051|SyncSend-1-0x00007f8c7e1a2700|[g:1][SYNC][id:73994dae...][Download][Request][BlockSync]Batch blocks for sending,blockSize=1980,number=202,peer=374bdfe9...,timeCost=1
info|2025-10-11 07:21:24.923526|SyncSend-1-0x00007f8c7e1a2700|[g:1][SYNC][id:73994dae...][Download][Request][BlockSync]Batch blocks for sending,blockSize=3647,number=203,peer=374bdfe9...,timeCost=2
info|2025-10-11 07:21:24.925638|SyncSend-1-0x00007f8c7e1a2700|[g:1][SYNC][id:73994dae...][Download][Request][BlockSync]Batch blocks for sending,blockSize=3647,number=204,peer=374bdfe9...,timeCost=2
info|2025-10-11 07:21:24.927710|SyncSend-1-0x00007f8c7e1a2700|[g:1][SYNC][id:73994dae...][Download][Request][BlockSync]Batch blocks for sending,blockSize=1980,number=205,peer=374bdfe9...,timeCost=2
info|2025-10-11 07:21:24.929935|SyncSend-1-0x00007f8c7e1a2700|[g:1][SYNC][id:73994dae...][Download][Request][BlockSync]Batch blocks for sending,blockSize=3647,number=206,peer=374bdfe9...,timeCost=2
info|2025-10-11 07:21:24.931974|SyncSend-1-0x00007f8c7e1a2700|[g:1][SYNC][id:73994dae...][Download][Request][BlockSync]Batch blocks for sending,blockSize=3647,number=207,peer=374bdfe9...,timeCost=2
info|2025-10-11 07:21:24.933574|SyncSend-1-0x00007f8c7e1a2700|[g:1][SYNC][id:73994dae...][Download][Request][BlockSync]Batch blocks for sending,blockSize=1981,number=208,peer=374bdfe9...,timeCost=1
info|2025-10-11 07:21:24.935898|SyncSend-1-0x00007f8c7e1a2700|[g:1][SYNC][id:73994dae...][Download][Request][BlockSync]Batch blocks for sending,blockSize=3646,number=209,peer=374bdfe9...,timeCost=2
info|2025-10-11 07:21:24.937954|SyncSend-1-0x00007f8c7e1a2700|[g:1][SYNC][id:73994dae...][Download][Request][BlockSync]Batch blocks for sending,blockSize=3646,number=210,peer=374bdfe9...,timeCost=2
info|2025-10-11 07:21:24.938851|SyncSend-1-0x00007f8c7e1a2700|[g:1][SYNC][id:73994dae...][Download][Request][BlockSync]Batch blocks for sending,blockSize=1981,number=211,peer=374bdfe9...,timeCost=0
info|2025-10-11 07:21:24.939651|SyncSend-1-0x00007f8c7e1a2700|[g:1][SYNC][id:73994dae...][Download][Request][BlockSync]Batch blocks for sending,blockSize=3647,number=212,peer=374bdfe9...,timeCost=1
info|2025-10-11 07:21:24.944132|SyncSend-1-0x00007f8c7e1a2700|[g:1][SYNC][id:73994dae...][Download][Request][BlockSync]Batch blocks for sending,blockSize=3647,number=213,peer=374bdfe9...,timeCost=5
info|2025-10-11 07:21:24.945830|SyncSend-1-0x00007f8c7e1a2700|[g:1][SYNC][id:73994dae...][Download][Request][BlockSync]Batch blocks for sending,blockSize=3647,number=214,peer=374bdfe9...,timeCost=1
info|2025-10-11 07:21:24.947536|SyncSend-1-0x00007f8c7e1a2700|[g:1][SYNC][id:73994dae...][Download][Request][BlockSync]Batch blocks for sending,blockSize=3645,number=215,peer=374bdfe9...,timeCost=2
info|2025-10-11 07:21:24.948470|SyncSend-1-0x00007f8c7e1a2700|[g:1][g:1] [SYNC][id:374bdfe9...][Download][Request][BlockSync]Send block packet,peer=374bdfe9...,blocks=32,bytes(V)=229811
info|2025-10-11 07:21:24.971495|fisco-bcos-0x00007f8c8e736dc0|[g:1][CONSENSUS][PBFT][PBFT init env successfully]
info|2025-10-11 07:21:24.971543|fisco-bcos-0x00007f8c8e736dc0|[g:1][CONSENSUS][PBFT][Start PBFTEngine...]
info|2025-10-11 07:21:24.971552|fisco-bcos-0x00007f8c8e736dc0|[g:1][CONSENSUS][SEALER][Start sealer module]
info|2025-10-11 07:21:24.988587|fisco-bcos-0x00007f8c8e736dc0|[g:1][EVENT][EventLogFilterManager]start,m_maxBlockRange=0,m_maxBlockPerLoopFilter=3
info|2025-10-11 07:21:25.003405|alignTime-1-0x00007f8c7c19e700|[g:1][NodeTimeMaintenance]updateTimeInfo: update median time offset,updatedMedianTimeOffset=-3,peer=87d00b98...,peerTime=1760192485002,peerOffset=-1,utcTime=1760192485003
info|2025-10-11 07:21:25.018127|alignTime-1-0x00007f8c7c19e700|[g:1][NodeTimeMaintenance]updateTimeInfo: update median time offset,updatedMedianTimeOffset=-3,peer=064cb676...,peerTime=1760192485015,peerOffset=-3,utcTime=1760192485018
info|2025-10-11 07:21:26.042029|PBFT-1-0x00007f8c71989700|[g:1][CONSENSUS]addRawPrepare,height=465,reqIdx=0,hash=60eb4b4e...,time=0
info|2025-10-11 07:21:26.046341|PBFT-1-0x00007f8c71989700|[g:1][CONSENSUS][PBFT]checkTimeout Succ,view=0,toView=1,nodeIdx=2,changeCycle=1,myNode=73994dae...,timecost=4
info|2025-10-11 07:21:26.061479|PBFT-1-0x00007f8c71989700|[g:1][CONSENSUS][PBFT]checkAndChangeView: Reach consensus,org_view=0,cur_changeCycle=1,curView=0,view=1
warning|2025-10-11 07:21:30.564899|PBFT-1-0x00007f8c71989700|[g:1][CONSENSUS][PBFT]ViewChangeWarning: not caused by omit empty block ,v=1,toV=2,curNum=464,hash=928ed8de...,nodeIdx=2,myNode=73994dae...
info|2025-10-11 07:21:30.568027|PBFT-1-0x00007f8c71989700|[g:1][CONSENSUS][PBFT]checkTimeout Succ,view=1,toView=2,nodeIdx=2,changeCycle=2,myNode=73994dae...,timecost=5
info|2025-10-11 07:21:30.576258|PBFT-1-0x00007f8c71989700|[g:1][CONSENSUS][PBFT]checkAndChangeView: Reach consensus,org_view=1,cur_changeCycle=2,curView=1,view=2
info|2025-10-11 07:21:31.577336|PBFTSeal-1-0x00007f8c6a17a700|[g:1][CONSENSUS][SEALER]++++++++++++++++ Generating seal on,blkNum=465,tx=0,nodeIdx=2,hash=919c4596...
info|2025-10-11 07:21:31.586598|PBFT-1-0x00007f8c71989700|[g:1][CONSENSUS][PBFT]checkTimeout Succ,view=2,toView=3,nodeIdx=2,changeCycle=1,myNode=73994dae...,timecost=3
info|2025-10-11 07:21:31.593082|PBFT-1-0x00007f8c71989700|[g:1][CONSENSUS][PBFT]checkAndChangeView: Reach consensus,org_view=2,cur_changeCycle=1,curView=2,view=3
info|2025-10-11 07:21:32.598121|PBFT-1-0x00007f8c71989700|[g:1][CONSENSUS]addRawPrepare,height=465,reqIdx=3,hash=5f9e4aca...,time=0
info|2025-10-11 07:21:32.600986|PBFT-1-0x00007f8c71989700|[g:1][CONSENSUS][PBFT]checkTimeout Succ,view=3,toView=4,nodeIdx=2,changeCycle=1,myNode=73994dae...,timecost=3
info|2025-10-11 07:21:32.608953|PBFT-1-0x00007f8c71989700|[g:1][CONSENSUS][PBFT]checkAndChangeView: Reach consensus,org_view=3,cur_changeCycle=1,curView=3,view=4
info|2025-10-11 07:21:33.617969|PBFT-1-0x00007f8c71989700|[g:1][CONSENSUS]addRawPrepare,height=465,reqIdx=0,hash=e320f4f9...,time=0
info|2025-10-11 07:21:33.621240|PBFT-1-0x00007f8c71989700|[g:1][CONSENSUS][PBFT]checkTimeout Succ,view=4,toView=5,nodeIdx=2,changeCycle=1,myNode=73994dae...,timecost=3
info|2025-10-11 07:21:33.624014|PBFT-1-0x00007f8c71989700|[g:1][CONSENSUS][PBFT]checkAndChangeView: Reach consensus,org_view=4,cur_changeCycle=1,curView=4,view=5
info|2025-10-11 07:21:33.785568|ChannelServer-0x00007f8c829ab700|[CHANNEL]Receive new connection,from=127.0.0.1:47802
info|2025-10-11 07:21:34.488597|io_service-0x00007f8c8b9bd700|[NETWORK][Host]P2P Recv Connect, From=127.0.0.1:52574
info|2025-10-11 07:21:34.488698|io_service-0x00007f8c8b9bd700|[NETWORK][Host]P2P StartAccept,Host=0.0.0.0:30300
info|2025-10-11 07:21:34.496579|io_service-0x00007f8c8b9bd700|[NETWORK][Host]P2P Recv Connect, From=127.0.0.1:52582
info|2025-10-11 07:21:34.496701|io_service-0x00007f8c8b9bd700|[NETWORK][Host]P2P StartAccept,Host=0.0.0.0:30300
info|2025-10-11 07:21:34.513891|io_service-0x00007f8c8b9bd700|[NETWORK][Host]P2P Recv Connect, From=127.0.0.1:52588
info|2025-10-11 07:21:34.514040|io_service-0x00007f8c8b9bd700|[NETWORK][Host]P2P StartAccept,Host=0.0.0.0:30300
info|2025-10-11 07:21:34.522782|io_service-0x00007f8c8b9bd700|[NETWORK][Host]handshakeServer succ,remote endpoint=127.0.0.1:52574
info|2025-10-11 07:21:34.524851|io_service-0x00007f8c8b9bd700|[NETWORK][Host]startPeerSession, Remote=127.0.0.1:52574,local endpoint=127.0.0.1:30300,nodeID=374bdfe9...
info|2025-10-11 07:21:34.532632|io_service-0x00007f8c8b9bd700|[NETWORK][Host]handshakeServer succ,remote endpoint=127.0.0.1:52582
info|2025-10-11 07:21:34.533435|io_service-0x00007f8c8b9bd700|[NETWORK][Host]startPeerSession, Remote=127.0.0.1:52582,local endpoint=127.0.0.1:30300,nodeID=064cb676...
info|2025-10-11 07:21:34.544990|io_service-0x00007f8c8b9bd700|[NETWORK][Host]handshakeServer succ,remote endpoint=127.0.0.1:52588
info|2025-10-11 07:21:34.545156|io_service-0x00007f8c8b9bd700|[NETWORK][Host]startPeerSession, Remote=127.0.0.1:52588,local endpoint=127.0.0.1:30300,nodeID=87d00b98...
info|2025-10-11 07:21:34.569638|io_service-0x00007f8c8b9bd700|[P2P][Service] heartBeat,connected count=3
info|2025-10-11 07:21:34.768208|ChannelServer-0x00007f8c829ab700|[CHANNEL]channel new connect, host=127.0.0.1:47802
info|2025-10-11 07:21:34.768340|ChannelServer-0x00007f8c829ab700|[CHANNEL]start receive
info|2025-10-11 07:21:34.768357|ChannelServer-0x00007f8c829ab700|[CHANNEL][SESSION]setRemotePublicKey: set sdk public key,sdkPublicKey=18ec5cfe...
info|2025-10-11 07:21:35.089691|ChannelReq-0x00007f8c8a1ba700|[RPC][getClientVersion]request
info|2025-10-11 07:21:35.321206|ChannelReq-0x00007f8c8a9bb700|[CHANNEL]onClientHandshake,ProtocolVersion=3,clientType=java-sdk,endpoint=127.0.0.1:47802
info|2025-10-11 07:21:35.510647|ChannelReq-0x00007f8c879b5700|[RPC][getGroupList]request
info|2025-10-11 07:21:35.672909|ChannelReq-0x00007f8c891b8700|[RPC][getClientVersion]request
warning|2025-10-11 07:21:38.131316|PBFT-1-0x00007f8c71989700|[g:1][CONSENSUS][PBFT]ViewChangeWarning: not caused by omit empty block ,v=5,toV=6,curNum=464,hash=928ed8de...,nodeIdx=2,myNode=73994dae...
info|2025-10-11 07:21:38.131846|PBFT-1-0x00007f8c71989700|[g:1][CONSENSUS][PBFT]checkTimeout Succ,view=5,toView=6,nodeIdx=2,changeCycle=2,myNode=73994dae...,timecost=3
info|2025-10-11 07:21:38.136098|PBFT-1-0x00007f8c71989700|[g:1][CONSENSUS][PBFT]checkAndChangeView: Reach consensus,org_view=5,cur_changeCycle=2,curView=5,view=6
info|2025-10-11 07:21:39.136943|PBFTSeal-1-0x00007f8c6a17a700|[g:1][CONSENSUS][SEALER]++++++++++++++++ Generating seal on,blkNum=465,tx=0,nodeIdx=2,hash=355f9fea...
info|2025-10-11 07:21:39.140402|PBFT-1-0x00007f8c71989700|[g:1][CONSENSUS][PBFT]checkTimeout Succ,view=6,toView=7,nodeIdx=2,changeCycle=1,myNode=73994dae...,timecost=2
info|2025-10-11 07:21:39.150802|PBFT-1-0x00007f8c71989700|[g:1][CONSENSUS][PBFT]checkAndChangeView: Reach consensus,org_view=6,cur_changeCycle=1,curView=6,view=7
info|2025-10-11 07:21:40.159965|PBFT-1-0x00007f8c71989700|[g:1][CONSENSUS]addRawPrepare,height=465,reqIdx=3,hash=a34d4805...,time=1
info|2025-10-11 07:21:40.164488|PBFT-1-0x00007f8c71989700|[g:1][CONSENSUS][PBFT]checkTimeout Succ,view=7,toView=8,nodeIdx=2,changeCycle=1,myNode=73994dae...,timecost=4
info|2025-10-11 07:21:40.174065|PBFT-1-0x00007f8c71989700|[g:1][CONSENSUS][PBFT]checkAndChangeView: Reach consensus,org_view=7,cur_changeCycle=1,curView=7,view=8
info|2025-10-11 07:21:41.176622|PBFT-1-0x00007f8c71989700|[g:1][CONSENSUS]addRawPrepare,height=465,reqIdx=0,hash=a140fcdb...,time=0
info|2025-10-11 07:21:41.178425|PBFT-1-0x00007f8c71989700|[g:1][CONSENSUS][PBFT]checkTimeout Succ,view=8,toView=9,nodeIdx=2,changeCycle=1,myNode=73994dae...,timecost=2
info|2025-10-11 07:21:41.186832|PBFT-1-0x00007f8c71989700|[g:1][CONSENSUS][PBFT]checkAndChangeView: Reach consensus,org_view=8,cur_changeCycle=1,curView=8,view=9
info|2025-10-11 07:21:44.569882|io_service-0x00007f8c8b9bd700|[P2P][Service] heartBeat,connected count=3
warning|2025-10-11 07:21:45.694282|PBFT-1-0x00007f8c71989700|[g:1][CONSENSUS][PBFT]ViewChangeWarning: not caused by omit empty block ,v=9,toV=10,curNum=464,hash=928ed8de...,nodeIdx=2,myNode=73994dae...
info|2025-10-11 07:21:45.696710|PBFT-1-0x00007f8c71989700|[g:1][CONSENSUS][PBFT]checkTimeout Succ,view=9,toView=10,nodeIdx=2,changeCycle=2,myNode=73994dae...,timecost=5
info|2025-10-11 07:21:45.700371|PBFT-1-0x00007f8c71989700|[g:1][CONSENSUS][PBFT]checkAndChangeView: Reach consensus,org_view=9,cur_changeCycle=2,curView=9,view=10
info|2025-10-11 07:21:46.702256|PBFTSeal-1-0x00007f8c6a17a700|[g:1][CONSENSUS][SEALER]++++++++++++++++ Generating seal on,blkNum=465,tx=0,nodeIdx=2,hash=57744586...
info|2025-10-11 07:21:46.714440|PBFT-1-0x00007f8c71989700|[g:1][CONSENSUS][PBFT]checkTimeout Succ,view=10,toView=11,nodeIdx=2,changeCycle=1,myNode=73994dae...,timecost=4
info|2025-10-11 07:21:46.720413|PBFT-1-0x00007f8c71989700|[g:1][CONSENSUS][PBFT]checkAndChangeView: Reach consensus,org_view=10,cur_changeCycle=1,curView=10,view=11
info|2025-10-11 07:21:47.731350|PBFT-1-0x00007f8c71989700|[g:1][CONSENSUS]addRawPrepare,height=465,reqIdx=3,hash=73a83260...,time=0
info|2025-10-11 07:21:47.741420|PBFT-1-0x00007f8c71989700|[g:1][CONSENSUS][PBFT]checkTimeout Succ,view=11,toView=12,nodeIdx=2,changeCycle=1,myNode=73994dae...,timecost=8
info|2025-10-11 07:21:47.750914|PBFT-1-0x00007f8c71989700|[g:1][CONSENSUS][PBFT]checkAndChangeView: Reach consensus,org_view=11,cur_changeCycle=1,curView=11,view=12
info|2025-10-11 07:21:48.755012|PBFT-1-0x00007f8c71989700|[g:1][CONSENSUS]addRawPrepare,height=465,reqIdx=0,hash=3560faf2...,time=1
info|2025-10-11 07:21:48.762427|PBFT-1-0x00007f8c71989700|[g:1][CONSENSUS][PBFT]checkTimeout Succ,view=12,toView=13,nodeIdx=2,changeCycle=1,myNode=73994dae...,timecost=7
info|2025-10-11 07:21:48.767444|PBFT-1-0x00007f8c71989700|[g:1][CONSENSUS][PBFT]checkAndChangeView: Reach consensus,org_view=12,cur_changeCycle=1,curView=12,view=13
warning|2025-10-11 07:21:53.281705|PBFT-1-0x00007f8c71989700|[g:1][CONSENSUS][PBFT]ViewChangeWarning: not caused by omit empty block ,v=13,toV=14,curNum=464,hash=928ed8de...,nodeIdx=2,myNode=73994dae...
info|2025-10-11 07:21:53.282400|PBFT-1-0x00007f8c71989700|[g:1][CONSENSUS][PBFT]checkTimeout Succ,view=13,toView=14,nodeIdx=2,changeCycle=2,myNode=73994dae...,timecost=5
info|2025-10-11 07:21:53.294121|PBFT-1-0x00007f8c71989700|[g:1][CONSENSUS][PBFT]checkAndChangeView: Reach consensus,org_view=13,cur_changeCycle=2,curView=13,view=14
info|2025-10-11 07:21:54.294807|PBFTSeal-1-0x00007f8c6a17a700|[g:1][CONSENSUS][SEALER]++++++++++++++++ Generating seal on,blkNum=465,tx=0,nodeIdx=2,hash=1d0b68a0...
info|2025-10-11 07:21:54.299117|PBFT-1-0x00007f8c71989700|[g:1][CONSENSUS][PBFT]checkTimeout Succ,view=14,toView=15,nodeIdx=2,changeCycle=1,myNode=73994dae...,timecost=2
info|2025-10-11 07:21:54.309871|PBFT-1-0x00007f8c71989700|[g:1][CONSENSUS][PBFT]checkAndChangeView: Reach consensus,org_view=14,cur_changeCycle=1,curView=14,view=15
info|2025-10-11 07:21:54.570935|io_service-0x00007f8c8b9bd700|[P2P][Service] heartBeat,connected count=3
info|2025-10-11 07:21:55.317766|PBFT-1-0x00007f8c71989700|[g:1][CONSENSUS]addRawPrepare,height=465,reqIdx=3,hash=e78eb9f6...,time=0
info|2025-10-11 07:21:55.320356|PBFT-1-0x00007f8c71989700|[g:1][CONSENSUS][PBFT]checkTimeout Succ,view=15,toView=16,nodeIdx=2,changeCycle=1,myNode=73994dae...,timecost=3
info|2025-10-11 07:21:55.327920|PBFT-1-0x00007f8c71989700|[g:1][CONSENSUS][PBFT]checkAndChangeView: Reach consensus,org_view=15,cur_changeCycle=1,curView=15,view=16
info|2025-10-11 07:21:56.337076|PBFT-1-0x00007f8c71989700|[g:1][CONSENSUS]addRawPrepare,height=465,reqIdx=0,hash=146a64dd...,time=0
info|2025-10-11 07:21:56.340290|PBFT-1-0x00007f8c71989700|[g:1][CONSENSUS][PBFT]checkTimeout Succ,view=16,toView=17,nodeIdx=2,changeCycle=1,myNode=73994dae...,timecost=3
info|2025-10-11 07:21:56.348627|PBFT-1-0x00007f8c71989700|[g:1][CONSENSUS][PBFT]checkAndChangeView: Reach consensus,org_view=16,cur_changeCycle=1,curView=16,view=17
info|2025-10-11 07:22:00.252605|P2P-0x00007f8c8d9c1700|[g:1] [SYNC][id:73994dae...][Download][Request]Receive block request,peer=374bdfe9...,from=184,to=184
info|2025-10-11 07:22:00.253210|SyncSend-1-0x00007f8c7e1a2700|[g:1][SYNC][id:73994dae...][Download][Request][BlockSync]Batch blocks for sending,blockSize=24480,number=184,peer=374bdfe9...,timeCost=1
info|2025-10-11 07:22:00.253367|SyncSend-1-0x00007f8c7e1a2700|[g:1][g:1] [SYNC][id:374bdfe9...][Download][Request][BlockSync]Send block packet,peer=374bdfe9...,blocks=1,bytes(V)=24487
warning|2025-10-11 07:22:00.854006|PBFT-1-0x00007f8c71989700|[g:1][CONSENSUS][PBFT]ViewChangeWarning: not caused by omit empty block ,v=17,toV=18,curNum=464,hash=928ed8de...,nodeIdx=2,myNode=73994dae...
info|2025-10-11 07:22:00.859798|PBFT-1-0x00007f8c71989700|[g:1][CONSENSUS][PBFT]checkTimeout Succ,view=17,toView=18,nodeIdx=2,changeCycle=2,myNode=73994dae...,timecost=9
info|2025-10-11 07:22:00.869288|PBFT-1-0x00007f8c71989700|[g:1][CONSENSUS][PBFT]checkAndChangeView: Reach consensus,org_view=17,cur_changeCycle=2,curView=17,view=18
info|2025-10-11 07:22:01.870637|PBFTSeal-1-0x00007f8c6a17a700|[g:1][CONSENSUS][SEALER]++++++++++++++++ Generating seal on,blkNum=465,tx=0,nodeIdx=2,hash=7b599592...
info|2025-10-11 07:22:01.880358|PBFT-1-0x00007f8c71989700|[g:1][CONSENSUS][PBFT]checkTimeout Succ,view=18,toView=19,nodeIdx=2,changeCycle=1,myNode=73994dae...,timecost=2
info|2025-10-11 07:22:01.885953|PBFT-1-0x00007f8c71989700|[g:1][CONSENSUS][PBFT]checkAndChangeView: Reach consensus,org_view=18,cur_changeCycle=1,curView=18,view=19
info|2025-10-11 07:22:02.894176|PBFT-1-0x00007f8c71989700|[g:1][CONSENSUS]addRawPrepare,height=465,reqIdx=3,hash=bac4c01d...,time=0
info|2025-10-11 07:22:02.895820|PBFT-1-0x00007f8c71989700|[g:1][CONSENSUS][PBFT]checkTimeout Succ,view=19,toView=20,nodeIdx=2,changeCycle=1,myNode=73994dae...,timecost=1
info|2025-10-11 07:22:02.904550|PBFT-1-0x00007f8c71989700|[g:1][CONSENSUS][PBFT]checkAndChangeView: Reach consensus,org_view=19,cur_changeCycle=1,curView=19,view=20
info|2025-10-11 07:22:03.906681|PBFT-1-0x00007f8c71989700|[g:1][CONSENSUS]addRawPrepare,height=465,reqIdx=0,hash=ece45271...,time=0
info|2025-10-11 07:22:03.915408|PBFT-1-0x00007f8c71989700|[g:1][CONSENSUS][PBFT]checkTimeout Succ,view=20,toView=21,nodeIdx=2,changeCycle=1,myNode=73994dae...,timecost=9
info|2025-10-11 07:22:03.919413|PBFT-1-0x00007f8c71989700|[g:1][CONSENSUS][PBFT]checkAndChangeView: Reach consensus,org_view=20,cur_changeCycle=1,curView=20,view=21
info|2025-10-11 07:22:04.571987|io_service-0x00007f8c8b9bd700|[P2P][Service] heartBeat,connected count=3
warning|2025-10-11 07:22:08.426308|PBFT-1-0x00007f8c71989700|[g:1][CONSENSUS][PBFT]ViewChangeWarning: not caused by omit empty block ,v=21,toV=22,curNum=464,hash=928ed8de...,nodeIdx=2,myNode=73994dae...
info|2025-10-11 07:22:08.427182|PBFT-1-0x00007f8c71989700|[g:1][CONSENSUS][PBFT]checkTimeout Succ,view=21,toView=22,nodeIdx=2,changeCycle=2,myNode=73994dae...,timecost=5
info|2025-10-11 07:22:08.431410|PBFT-1-0x00007f8c71989700|[g:1][CONSENSUS][PBFT]checkAndChangeView: Reach consensus,org_view=21,cur_changeCycle=2,curView=21,view=22
info|2025-10-11 07:22:09.431623|PBFTSeal-1-0x00007f8c6a17a700|[g:1][CONSENSUS][SEALER]++++++++++++++++ Generating seal on,blkNum=465,tx=0,nodeIdx=2,hash=7904cbef...
info|2025-10-11 07:22:09.444647|PBFT-1-0x00007f8c71989700|[g:1][CONSENSUS][PBFT]checkTimeout Succ,view=22,toView=23,nodeIdx=2,changeCycle=1,myNode=73994dae...,timecost=3
info|2025-10-11 07:22:09.456030|PBFT-1-0x00007f8c71989700|[g:1][CONSENSUS][PBFT]checkAndChangeView: Reach consensus,org_view=22,cur_changeCycle=1,curView=22,view=23
info|2025-10-11 07:22:10.464133|PBFT-1-0x00007f8c71989700|[g:1][CONSENSUS]addRawPrepare,height=465,reqIdx=3,hash=e28644df...,time=0
info|2025-10-11 07:22:10.466980|PBFT-1-0x00007f8c71989700|[g:1][CONSENSUS][PBFT]checkTimeout Succ,view=23,toView=24,nodeIdx=2,changeCycle=1,myNode=73994dae...,timecost=3
info|2025-10-11 07:22:10.476394|PBFT-1-0x00007f8c71989700|[g:1][CONSENSUS][PBFT]checkAndChangeView: Reach consensus,org_view=23,cur_changeCycle=1,curView=23,view=24
info|2025-10-11 07:22:11.483036|PBFT-1-0x00007f8c71989700|[g:1][CONSENSUS]addRawPrepare,height=465,reqIdx=0,hash=ec80301b...,time=0
info|2025-10-11 07:22:11.485059|PBFT-1-0x00007f8c71989700|[g:1][CONSENSUS][PBFT]checkTimeout Succ,view=24,toView=25,nodeIdx=2,changeCycle=1,myNode=73994dae...,timecost=2
info|2025-10-11 07:22:11.494287|PBFT-1-0x00007f8c71989700|[g:1][CONSENSUS][PBFT]checkAndChangeView: Reach consensus,org_view=24,cur_changeCycle=1,curView=24,view=25
info|2025-10-11 07:22:13.060534|P2P-0x00007f8c8c1be700|[g:1] [SYNC][id:73994dae...][Download][Request]Receive block request,peer=374bdfe9...,from=184,to=184
info|2025-10-11 07:22:13.061071|SyncSend-1-0x00007f8c7e1a2700|[g:1][SYNC][id:73994dae...][Download][Request][BlockSync]Batch blocks for sending,blockSize=24480,number=184,peer=374bdfe9...,timeCost=1
info|2025-10-11 07:22:13.061182|SyncSend-1-0x00007f8c7e1a2700|[g:1][g:1] [SYNC][id:374bdfe9...][Download][Request][BlockSync]Send block packet,peer=374bdfe9...,blocks=1,bytes(V)=24487
info|2025-10-11 07:22:14.572388|io_service-0x00007f8c8b9bd700|[P2P][Service] heartBeat,connected count=3
warning|2025-10-11 07:22:15.997478|PBFT-1-0x00007f8c71989700|[g:1][CONSENSUS][PBFT]ViewChangeWarning: not caused by omit empty block ,v=25,toV=26,curNum=464,hash=928ed8de...,nodeIdx=2,myNode=73994dae...
info|2025-10-11 07:22:15.997679|PBFT-1-0x00007f8c71989700|[g:1][CONSENSUS][PBFT]checkTimeout Succ,view=25,toView=26,nodeIdx=2,changeCycle=2,myNode=73994dae...,timecost=3
info|2025-10-11 07:22:16.004935|PBFT-1-0x00007f8c71989700|[g:1][CONSENSUS][PBFT]checkAndChangeView: Reach consensus,org_view=25,cur_changeCycle=2,curView=25,view=26
info|2025-10-11 07:22:17.005334|PBFTSeal-1-0x00007f8c6a17a700|[g:1][CONSENSUS][SEALER]++++++++++++++++ Generating seal on,blkNum=465,tx=0,nodeIdx=2,hash=a498c8cf...
info|2025-10-11 07:22:17.014238|PBFT-1-0x00007f8c71989700|[g:1][CONSENSUS][PBFT]checkTimeout Succ,view=26,toView=27,nodeIdx=2,changeCycle=1,myNode=73994dae...,timecost=2
info|2025-10-11 07:22:17.020332|PBFT-1-0x00007f8c71989700|[g:1][CONSENSUS][PBFT]checkAndChangeView: Reach consensus,org_view=26,cur_changeCycle=1,curView=26,view=27
info|2025-10-11 07:22:18.028619|PBFT-1-0x00007f8c71989700|[g:1][CONSENSUS]addRawPrepare,height=465,reqIdx=3,hash=a7fba587...,time=0
info|2025-10-11 07:22:18.031054|PBFT-1-0x00007f8c71989700|[g:1][CONSENSUS][PBFT]checkTimeout Succ,view=27,toView=28,nodeIdx=2,changeCycle=1,myNode=73994dae...,timecost=3
info|2025-10-11 07:22:18.038487|PBFT-1-0x00007f8c71989700|[g:1][CONSENSUS][PBFT]checkAndChangeView: Reach consensus,org_view=27,cur_changeCycle=1,curView=27,view=28
info|2025-10-11 07:22:19.045340|PBFT-1-0x00007f8c71989700|[g:1][CONSENSUS]addRawPrepare,height=465,reqIdx=0,hash=a9a99cc7...,time=0
info|2025-10-11 07:22:19.047828|PBFT-1-0x00007f8c71989700|[g:1][CONSENSUS][PBFT]checkTimeout Succ,view=28,toView=29,nodeIdx=2,changeCycle=1,myNode=73994dae...,timecost=2
info|2025-10-11 07:22:19.053850|PBFT-1-0x00007f8c71989700|[g:1][CONSENSUS][PBFT]checkAndChangeView: Reach consensus,org_view=28,cur_changeCycle=1,curView=28,view=29
warning|2025-10-11 07:22:23.556649|PBFT-1-0x00007f8c71989700|[g:1][CONSENSUS][PBFT]ViewChangeWarning: not caused by omit empty block ,v=29,toV=30,curNum=464,hash=928ed8de...,nodeIdx=2,myNode=73994dae...
info|2025-10-11 07:22:23.556954|PBFT-1-0x00007f8c71989700|[g:1][CONSENSUS][PBFT]checkTimeout Succ,view=29,toView=30,nodeIdx=2,changeCycle=2,myNode=73994dae...,timecost=1
info|2025-10-11 07:22:23.569818|PBFT-1-0x00007f8c71989700|[g:1][CONSENSUS][PBFT]checkAndChangeView: Reach consensus,org_view=29,cur_changeCycle=2,curView=29,view=30
info|2025-10-11 07:22:24.069677|PBFTSeal-1-0x00007f8c6a17a700|[g:1][CONSENSUS][SEALER]++++++++++++++++ Generating seal on,blkNum=465,tx=1,nodeIdx=2,hash=48c78bdd...
info|2025-10-11 07:22:24.073533|sealerWorker-0x00007f8c79999700|[CONSENSUS]addRawPrepare,height=465,reqIdx=2,hash=48c78bdd...,time=0
info|2025-10-11 07:22:24.074263|sealerWorker-0x00007f8c79999700|[BLOCKVERIFIER][executeBlock]Executing block,txNum=1,num=465,parentHash=928ed8de755e5cba39fc62c1d3859244cbdcb65dc47158ead5341a3885cd8204,parentNum=464,parentStateRoot=0000000000000000000000000000000000000000000000000000000000000000
info|2025-10-11 07:22:24.074883|sealerWorker-0x00007f8c79999700|[PRECOMPILED]init GasChargeManagePrecompiled
info|2025-10-11 07:22:24.115763|sealerWorker-0x00007f8c79999700|[STORAGE][MemoryTableFactory2]createTable,table name=c_94de8a66390029a0aa5bf5ec079599209c0bca68,keyField=key,valueField=value
info|2025-10-11 07:22:24.118750|sealerWorker-0x00007f8c79999700|[CONSENSUS][PBFT]execBlock,blkNum=465,reqIdx=2,hash=adb9dd7e...,nodeIdx=2,myNode=73994dae...,decodeCost=0,checkCost=0,notifyCost=0,noteSealingCost=1,currentCycle=2,verifyAndSetSenderCost=0,execCost=44,execPerTx=44,totalCost=45
info|2025-10-11 07:22:24.121731|sealerWorker-0x00007f8c79999700|[CONSENSUS][PBFT]handlePrepareMsg Succ,timecost=3,INFO=handlePrepareMsg,reqIdx=2,view=30,reqNum=465,curNum=464,consNum=465,curView=30,fromIp=self,hash=48c78bdd...,nodeIdx=2,myNode=73994dae...,curChangeCycle=2
info|2025-10-11 07:22:24.121829|sealerWorker-0x00007f8c79999700|[CONSENSUS][PBFT]generateLocalPrepare,hash=48c78bdd...,H=465,nodeIdx=2,myNode=73994dae...
info|2025-10-11 07:22:24.123310|PBFT-1-0x00007f8c71989700|[g:1][CONSENSUS][PBFT]handleSignMsg Succ,Timecost=1,INFO=handleSignMsg,num=465,curNum=464,GenIdx=0,Sview=30,view=30,fromIdx=0,fromNode=064cb676...,fromIp=127.0.0.1:30303,hash=adb9dd7e...,nodeIdx=2,myNode=73994dae...
info|2025-10-11 07:22:24.126253|PBFT-1-0x00007f8c71989700|[g:1][CONSENSUS][PBFT]checkAndCommit: backup/updateCommittedPrepare,reqNum=465,hash=48c78bdd...,nodeIdx=2,myNode=73994dae...
info|2025-10-11 07:22:24.128750|PBFT-1-0x00007f8c71989700|[g:1][CONSENSUS][PBFT]handleSignMsg Succ,Timecost=5,INFO=handleSignMsg,num=465,curNum=464,GenIdx=3,Sview=30,view=30,fromIdx=3,fromNode=87d00b98...,fromIp=127.0.0.1:30302,hash=adb9dd7e...,nodeIdx=2,myNode=73994dae...
info|2025-10-11 07:22:24.130351|PBFT-1-0x00007f8c71989700|[g:1][CONSENSUS][PBFT]handleCommitMsg Succ,INFO=handleCommitMsg,reqNum=465,curNum=464,GenIdx=0,Cview=30,view=30,fromIdx=0,fromNode=064cb676...,fromIp=127.0.0.1:30303,hash=adb9dd7e...,nodeIdx=2,myNode=73994dae...,Timecost=2
info|2025-10-11 07:22:24.137082|PBFT-1-0x00007f8c71989700|[g:1][CONSENSUS][PBFT]checkAndSave: CommitReq enough,prepareHeight=465,commitSize=3,hash=adb9dd7e...,nodeIdx=2,myNode=73994dae...
info|2025-10-11 07:22:24.137912|PBFT-1-0x00007f8c71989700|[g:1][g:1][STORAGE][CachedStorage]commit: 9 num: 465
info|2025-10-11 07:22:24.138621|PBFT-1-0x00007f8c71989700|[g:1][g:1][STORAGE][CachedStorage]Submited block task: 465, current syncd block: 464
info|2025-10-11 07:22:24.138644|taskPool-1-0x00007f8c7a99b700|[g:1][g:1][STORAGE][CachedStorage]Start commit block: 465 to backend storage
info|2025-10-11 07:22:24.138799|PBFT-1-0x00007f8c71989700|[g:1]Push block notify: 1-465
info|2025-10-11 07:22:24.138866|PBFT-1-0x00007f8c71989700|[g:1][CHANNEL]Push message success,topic=_block_notify_1,seq=00000000,session=127.0.0.1:47802,
info|2025-10-11 07:22:24.141844|PBFT-1-0x00007f8c71989700|[g:1][CONSENSUS][PBFT]CommitBlock Succ,prepareHeight=465,reqIdx=2,hash=adb9dd7e...,nodeIdx=2,myNode=73994dae...,genSigTimeCost=0,commitBlockTimeCost=2,dropTxsTimeCost=2,noteSealingTimeCost=0,totalTimeCost=4
info|2025-10-11 07:22:24.143102|PBFT-1-0x00007f8c71989700|[g:1][CONSENSUS][PBFT]handleCommitMsg Succ,INFO=handleCommitMsg,reqNum=465,curNum=464,GenIdx=3,Cview=30,view=30,fromIdx=3,fromNode=87d00b98...,fromIp=127.0.0.1:30302,hash=adb9dd7e...,nodeIdx=2,myNode=73994dae...,Timecost=8
info|2025-10-11 07:22:24.144179|PBFTSeal-1-0x00007f8c6a17a700|[g:1][CONSENSUS][SEALER]increase maxNoTimeoutTx,maxNoTimeoutTx=1
info|2025-10-11 07:22:24.144198|PBFTSeal-1-0x00007f8c6a17a700|[g:1][CONSENSUS][PBFT]^^^^^^^^Report,num=465,sealerIdx=2,hash=adb9dd7e...,next=466,tx=1,nodeIdx=2
info|2025-10-11 07:22:24.481628|taskPool-1-0x00007f8c7a99b700|[g:1][g:1][STORAGE][CachedStorage]
---------------------------------------------------------------------
Commit block: 465 to backend storage finished, current cached block: 465
Flush elapsed time: 0.3430s
---------------------------------------------------------------------
info|2025-10-11 07:22:24.572890|io_service-0x00007f8c8b9bd700|[P2P][Service] heartBeat,connected count=3
info|2025-10-11 07:22:25.871062|P2P-0x00007f8c8c9bf700|[g:1] [SYNC][id:73994dae...][Download][Request]Receive block request,peer=374bdfe9...,from=184,to=184
info|2025-10-11 07:22:25.871481|SyncSend-1-0x00007f8c7e1a2700|[g:1][SYNC][id:73994dae...][Download][Request][BlockSync]Batch blocks for sending,blockSize=24480,number=184,peer=374bdfe9...,timeCost=0
info|2025-10-11 07:22:25.871579|SyncSend-1-0x00007f8c7e1a2700|[g:1][g:1] [SYNC][id:374bdfe9...][Download][Request][BlockSync]Send block packet,peer=374bdfe9...,blocks=1,bytes(V)=24487
warning|2025-10-11 07:22:27.148381|PBFT-1-0x00007f8c71989700|[g:1][CONSENSUS][PBFT]ViewChangeWarning: not caused by omit empty block ,v=0,toV=1,curNum=465,hash=adb9dd7e...,nodeIdx=2,myNode=73994dae...
info|2025-10-11 07:22:27.148797|PBFT-1-0x00007f8c71989700|[g:1][CONSENSUS][PBFT]checkTimeout Succ,view=0,toView=1,nodeIdx=2,changeCycle=1,myNode=73994dae...,timecost=2
info|2025-10-11 07:22:27.167540|PBFT-1-0x00007f8c71989700|[g:1][CONSENSUS][PBFT]checkAndChangeView: Reach consensus,org_view=0,cur_changeCycle=1,curView=0,view=1
info|2025-10-11 07:22:28.168762|PBFTSeal-1-0x00007f8c6a17a700|[g:1][CONSENSUS][SEALER]++++++++++++++++ Generating seal on,blkNum=466,tx=0,nodeIdx=2,hash=427c5f7d...
info|2025-10-11 07:22:28.181848|PBFT-1-0x00007f8c71989700|[g:1][CONSENSUS][PBFT]checkTimeout Succ,view=1,toView=2,nodeIdx=2,changeCycle=1,myNode=73994dae...,timecost=3
info|2025-10-11 07:22:28.187188|PBFT-1-0x00007f8c71989700|[g:1][CONSENSUS][PBFT]checkAndChangeView: Reach consensus,org_view=1,cur_changeCycle=1,curView=1,view=2
info|2025-10-11 07:22:29.198258|PBFT-1-0x00007f8c71989700|[g:1][CONSENSUS]addRawPrepare,height=466,reqIdx=3,hash=e952d150...,time=0
info|2025-10-11 07:22:29.207307|PBFT-1-0x00007f8c71989700|[g:1][CONSENSUS][PBFT]checkTimeout Succ,view=2,toView=3,nodeIdx=2,changeCycle=1,myNode=73994dae...,timecost=9
info|2025-10-11 07:22:29.212323|PBFT-1-0x00007f8c71989700|[g:1][CONSENSUS][PBFT]checkAndChangeView: Reach consensus,org_view=2,cur_changeCycle=1,curView=2,view=3
info|2025-10-11 07:22:30.210839|PBFT-1-0x00007f8c71989700|[g:1][CONSENSUS]addRawPrepare,height=466,reqIdx=0,hash=4c90799c...,time=0
info|2025-10-11 07:22:30.213178|PBFT-1-0x00007f8c71989700|[g:1][CONSENSUS][PBFT]checkTimeout Succ,view=3,toView=4,nodeIdx=2,changeCycle=1,myNode=73994dae...,timecost=3
info|2025-10-11 07:22:30.226345|PBFT-1-0x00007f8c71989700|[g:1][CONSENSUS][PBFT]checkAndChangeView: Reach consensus,org_view=3,cur_changeCycle=1,curView=3,view=4
info|2025-10-11 07:22:34.053356|ChannelReq-0x00007f8c891b8700|[RPC][getGroupList]request
info|2025-10-11 07:22:34.573308|io_service-0x00007f8c8b9bd700|[P2P][Service] heartBeat,connected count=3
warning|2025-10-11 07:22:34.732370|PBFT-1-0x00007f8c71989700|[g:1][CONSENSUS][PBFT]ViewChangeWarning: not caused by omit empty block ,v=4,toV=5,curNum=465,hash=adb9dd7e...,nodeIdx=2,myNode=73994dae...
info|2025-10-11 07:22:34.738495|PBFT-1-0x00007f8c71989700|[g:1][CONSENSUS][PBFT]checkTimeout Succ,view=4,toView=5,nodeIdx=2,changeCycle=2,myNode=73994dae...,timecost=11
info|2025-10-11 07:22:34.746325|PBFT-1-0x00007f8c71989700|[g:1][CONSENSUS][PBFT]checkAndChangeView: Reach consensus,org_view=4,cur_changeCycle=2,curView=4,view=5
info|2025-10-11 07:22:35.746819|PBFTSeal-1-0x00007f8c6a17a700|[g:1][CONSENSUS][SEALER]++++++++++++++++ Generating seal on,blkNum=466,tx=0,nodeIdx=2,hash=483497c0...
info|2025-10-11 07:22:35.759608|PBFT-1-0x00007f8c71989700|[g:1][CONSENSUS][PBFT]checkTimeout Succ,view=5,toView=6,nodeIdx=2,changeCycle=1,myNode=73994dae...,timecost=9
info|2025-10-11 07:22:35.765853|PBFT-1-0x00007f8c71989700|[g:1][CONSENSUS][PBFT]checkAndChangeView: Reach consensus,org_view=5,cur_changeCycle=1,curView=5,view=6
info|2025-10-11 07:22:36.772673|PBFT-1-0x00007f8c71989700|[g:1][CONSENSUS]addRawPrepare,height=466,reqIdx=3,hash=d4f8b6a6...,time=0
info|2025-10-11 07:22:36.777198|PBFT-1-0x00007f8c71989700|[g:1][CONSENSUS][PBFT]checkTimeout Succ,view=6,toView=7,nodeIdx=2,changeCycle=1,myNode=73994dae...,timecost=5
info|2025-10-11 07:22:36.784469|PBFT-1-0x00007f8c71989700|[g:1][CONSENSUS][PBFT]checkAndChangeView: Reach consensus,org_view=6,cur_changeCycle=1,curView=6,view=7
info|2025-10-11 07:22:37.790521|PBFT-1-0x00007f8c71989700|[g:1][CONSENSUS]addRawPrepare,height=466,reqIdx=0,hash=4e4f950e...,time=0
info|2025-10-11 07:22:37.792714|PBFT-1-0x00007f8c71989700|[g:1][CONSENSUS][PBFT]checkTimeout Succ,view=7,toView=8,nodeIdx=2,changeCycle=1,myNode=73994dae...,timecost=2
info|2025-10-11 07:22:37.806927|PBFT-1-0x00007f8c71989700|[g:1][CONSENSUS][PBFT]checkAndChangeView: Reach consensus,org_view=7,cur_changeCycle=1,curView=7,view=8
warning|2025-10-11 07:22:42.313529|PBFT-1-0x00007f8c71989700|[g:1][CONSENSUS][PBFT]ViewChangeWarning: not caused by omit empty block ,v=8,toV=9,curNum=465,hash=adb9dd7e...,nodeIdx=2,myNode=73994dae...
info|2025-10-11 07:22:42.313811|PBFT-1-0x00007f8c71989700|[g:1][CONSENSUS][PBFT]checkTimeout Succ,view=8,toView=9,nodeIdx=2,changeCycle=2,myNode=73994dae...,timecost=2
info|2025-10-11 07:22:42.320510|PBFT-1-0x00007f8c71989700|[g:1][CONSENSUS][PBFT]checkAndChangeView: Reach consensus,org_view=8,cur_changeCycle=2,curView=8,view=9
info|2025-10-11 07:22:42.823387|PBFTSeal-1-0x00007f8c6a17a700|[g:1][CONSENSUS][SEALER]++++++++++++++++ Generating seal on,blkNum=466,tx=1,nodeIdx=2,hash=d0953eed...
info|2025-10-11 07:22:42.831501|sealerWorker-0x00007f8c79999700|[CONSENSUS]addRawPrepare,height=466,reqIdx=2,hash=d0953eed...,time=0
info|2025-10-11 07:22:42.831783|sealerWorker-0x00007f8c79999700|[BLOCKVERIFIER][executeBlock]Executing block,txNum=1,num=466,parentHash=adb9dd7eb337d64c6ae02173c499e700beae1d5ae1bc3c785ea9976ddf85ebf6,parentNum=465,parentStateRoot=9ecf2e5b65d4c6234a984c6013270be34e5c0fe0c2308f985b3ae02de4932ff8
info|2025-10-11 07:22:42.832138|sealerWorker-0x00007f8c79999700|[PRECOMPILED]init GasChargeManagePrecompiled
info|2025-10-11 07:22:42.860300|sealerWorker-0x00007f8c79999700|[PRECOMPILED][TimerPrecompiled]getCurrentTimeMillis,timeMillis=1760192562860
info|2025-10-11 07:22:42.862361|sealerWorker-0x00007f8c79999700|[PRECOMPILED][TimerPrecompiled]getCurrentTimeMillis,timeMillis=1760192562862
info|2025-10-11 07:22:42.871958|sealerWorker-0x00007f8c79999700|[CONSENSUS][PBFT]execBlock,blkNum=466,reqIdx=2,hash=409b4483...,nodeIdx=2,myNode=73994dae...,decodeCost=0,checkCost=0,notifyCost=0,noteSealingCost=0,currentCycle=2,verifyAndSetSenderCost=0,execCost=40,execPerTx=40,totalCost=40
info|2025-10-11 07:22:42.875052|sealerWorker-0x00007f8c79999700|[CONSENSUS][PBFT]handlePrepareMsg Succ,timecost=3,INFO=handlePrepareMsg,reqIdx=2,view=9,reqNum=466,curNum=465,consNum=466,curView=9,fromIp=self,hash=d0953eed...,nodeIdx=2,myNode=73994dae...,curChangeCycle=2
info|2025-10-11 07:22:42.875174|sealerWorker-0x00007f8c79999700|[CONSENSUS][PBFT]generateLocalPrepare,hash=d0953eed...,H=466,nodeIdx=2,myNode=73994dae...
info|2025-10-11 07:22:42.875541|PBFT-1-0x00007f8c71989700|[g:1][CONSENSUS][PBFT]checkReq: Recv future request,prepHash=409b4483...,INFO=handleSignMsg,num=466,curNum=465,GenIdx=0,Sview=9,view=9,fromIdx=0,fromNode=064cb676...,fromIp=127.0.0.1:30303,hash=dab2cf1d...,nodeIdx=2,myNode=73994dae...
info|2025-10-11 07:22:42.875597|PBFT-1-0x00007f8c71989700|[g:1][CONSENSUS][PBFT]FutureBlock,INFO=handleSignMsg,num=466,curNum=465,GenIdx=0,Sview=9,view=9,fromIdx=0,fromNode=064cb676...,fromIp=127.0.0.1:30303,hash=dab2cf1d...,nodeIdx=2,myNode=73994dae...
info|2025-10-11 07:22:42.878092|PBFT-1-0x00007f8c71989700|[g:1][CONSENSUS][PBFT]handleSignMsg Succ,Timecost=3,INFO=handleSignMsg,num=466,curNum=465,GenIdx=3,Sview=9,view=9,fromIdx=3,fromNode=87d00b98...,fromIp=127.0.0.1:30302,hash=409b4483...,nodeIdx=2,myNode=73994dae...
info|2025-10-11 07:22:44.573651|io_service-0x00007f8c8b9bd700|[P2P][Service] heartBeat,connected count=3
info|2025-10-11 07:22:45.084662|P2P-0x00007f8c8c1be700|[g:1] [SYNC][id:73994dae...][Download][Request]Receive block request,peer=374bdfe9...,from=184,to=184
info|2025-10-11 07:22:45.085239|SyncSend-1-0x00007f8c7e1a2700|[g:1][SYNC][id:73994dae...][Download][Request][BlockSync]Batch blocks for sending,blockSize=24480,number=184,peer=374bdfe9...,timeCost=1
info|2025-10-11 07:22:45.085369|SyncSend-1-0x00007f8c7e1a2700|[g:1][g:1] [SYNC][id:374bdfe9...][Download][Request][BlockSync]Send block packet,peer=374bdfe9...,blocks=1,bytes(V)=24487
info|2025-10-11 07:22:49.623213|PBFT-1-0x00007f8c71989700|[g:1][CONSENSUS][PBFT]Trigger fast-viewchange,view=9,toView=9,minView=10,INFO=,reqNum=465,curNum=465,GenIdx=3,Cview=10,view=9,fromIdx=3,fromNode=87d00b98...,fromIp=127.0.0.1:30302,hash=adb9dd7e...,nodeIdx=2,myNode=73994dae...
info|2025-10-11 07:22:49.624836|PBFT-1-0x00007f8c71989700|[g:1][CONSENSUS][PBFT]checkAndChangeView: Reach consensus,org_view=9,cur_changeCycle=3,curView=9,view=10
info|2025-10-11 07:22:49.624930|PBFT-1-0x00007f8c71989700|[g:1][CONSENSUS][PBFT]checkTimeout Succ,view=10,toView=10,nodeIdx=2,changeCycle=3,myNode=73994dae...,timecost=1
info|2025-10-11 07:22:50.135502|PBFTWork-1-0x00007f8c78196700|[g:1][CONSENSUS][PartiallyPBFTReqCache]addPartiallyRawPrepare,height=466,reqIdx=3,hash=269c6f35...
info|2025-10-11 07:22:50.135915|PBFTWork-1-0x00007f8c78196700|[g:1][CONSENSUS][PBFT]I am the next leader = 2, filter trans size = 1, total trans = 1
info|2025-10-11 07:22:50.136126|PBFTWork-1-0x00007f8c78196700|[g:1][BLOCKVERIFIER][executeBlock]Executing block,txNum=1,num=466,parentHash=adb9dd7eb337d64c6ae02173c499e700beae1d5ae1bc3c785ea9976ddf85ebf6,parentNum=465,parentStateRoot=9ecf2e5b65d4c6234a984c6013270be34e5c0fe0c2308f985b3ae02de4932ff8
info|2025-10-11 07:22:50.136516|PBFTWork-1-0x00007f8c78196700|[g:1][PRECOMPILED]init GasChargeManagePrecompiled
info|2025-10-11 07:22:50.146501|sealerWorker-0x00007f8c6b17c700|[PRECOMPILED][TimerPrecompiled]getCurrentTimeMillis,timeMillis=1760192570146
info|2025-10-11 07:22:50.149337|sealerWorker-0x00007f8c6b17c700|[PRECOMPILED][TimerPrecompiled]getCurrentTimeMillis,timeMillis=1760192570149
info|2025-10-11 07:22:50.155926|PBFTWork-1-0x00007f8c78196700|[g:1][CONSENSUS][PBFT]execBlock,blkNum=466,reqIdx=3,hash=706d6287...,nodeIdx=2,myNode=73994dae...,decodeCost=0,checkCost=0,notifyCost=0,noteSealingCost=0,currentCycle=3,verifyAndSetSenderCost=1,execCost=19,execPerTx=19,totalCost=20
info|2025-10-11 07:22:50.159639|PBFTWork-1-0x00007f8c78196700|[g:1][CONSENSUS][PBFT]handlePrepareMsg Succ,timecost=4,INFO=handlePartiallyPrepare,reqIdx=3,view=10,reqNum=466,curNum=465,consNum=466,hash=269c6f35...,nodeIdx=2,myNode=73994dae...,curChangeCycle=3
info|2025-10-11 07:22:50.165696|PBFT-1-0x00007f8c71989700|[g:1][CONSENSUS][PBFT]checkReq: Recv future request,prepHash=706d6287...,INFO=handleSignMsg,num=466,curNum=465,GenIdx=3,Sview=10,view=10,fromIdx=3,fromNode=87d00b98...,fromIp=127.0.0.1:30302,hash=fd0b6c04...,nodeIdx=2,myNode=73994dae...
info|2025-10-11 07:22:50.165754|PBFT-1-0x00007f8c71989700|[g:1][CONSENSUS][PBFT]FutureBlock,INFO=handleSignMsg,num=466,curNum=465,GenIdx=3,Sview=10,view=10,fromIdx=3,fromNode=87d00b98...,fromIp=127.0.0.1:30302,hash=fd0b6c04...,nodeIdx=2,myNode=73994dae...
info|2025-10-11 07:22:50.170664|PBFT-1-0x00007f8c71989700|[g:1][CONSENSUS][PBFT]checkReq: Recv future request,prepHash=706d6287...,INFO=handleSignMsg,num=466,curNum=465,GenIdx=0,Sview=10,view=10,fromIdx=0,fromNode=064cb676...,fromIp=127.0.0.1:30303,hash=e337bd80...,nodeIdx=2,myNode=73994dae...
info|2025-10-11 07:22:50.170689|PBFT-1-0x00007f8c71989700|[g:1][CONSENSUS][PBFT]FutureBlock,INFO=handleSignMsg,num=466,curNum=465,GenIdx=0,Sview=10,view=10,fromIdx=0,fromNode=064cb676...,fromIp=127.0.0.1:30303,hash=e337bd80...,nodeIdx=2,myNode=73994dae...
info|2025-10-11 07:22:51.489734|P2P-0x00007f8c8d9c1700|[g:1] [SYNC][id:73994dae...][Download][Request]Receive block request,peer=374bdfe9...,from=184,to=184
info|2025-10-11 07:22:51.490253|SyncSend-1-0x00007f8c7e1a2700|[g:1][SYNC][id:73994dae...][Download][Request][BlockSync]Batch blocks for sending,blockSize=24480,number=184,peer=374bdfe9...,timeCost=0
info|2025-10-11 07:22:51.490340|SyncSend-1-0x00007f8c7e1a2700|[g:1][g:1] [SYNC][id:374bdfe9...][Download][Request][BlockSync]Send block packet,peer=374bdfe9...,blocks=1,bytes(V)=24487
info|2025-10-11 07:22:54.574476|io_service-0x00007f8c8b9bd700|[P2P][Service] heartBeat,connected count=3
info|2025-10-11 07:23:00.289197|PBFT-1-0x00007f8c71989700|[g:1][CONSENSUS][SEALER]decrease maxBlockCanSeal to half for PBFT timeout,org_maxBlockCanSeal=1000,halfed_maxBlockCanSeal=500,timeoutCount=1,lastTimeoutTx=1
warning|2025-10-11 07:23:00.290403|PBFT-1-0x00007f8c71989700|[g:1][CONSENSUS][PBFT]ViewChangeWarning: not caused by omit empty block ,v=10,toV=11,curNum=465,hash=adb9dd7e...,nodeIdx=2,myNode=73994dae...
info|2025-10-11 07:23:00.290524|PBFT-1-0x00007f8c71989700|[g:1][CONSENSUS][PBFT]checkTimeout Succ,view=10,toView=11,nodeIdx=2,changeCycle=4,myNode=73994dae...,timecost=1
info|2025-10-11 07:23:00.298786|PBFT-1-0x00007f8c71989700|[g:1][CONSENSUS][PBFT]checkAndChangeView: Reach consensus,org_view=10,cur_changeCycle=4,curView=10,view=11
info|2025-10-11 07:23:00.805446|PBFTWork-1-0x00007f8c78196700|[g:1][CONSENSUS][PartiallyPBFTReqCache]addPartiallyRawPrepare,height=466,reqIdx=0,hash=96ffd01c...
info|2025-10-11 07:23:00.806134|PBFTWork-1-0x00007f8c78196700|[g:1][CONSENSUS][PBFT]I am the next leader = 2, filter trans size = 1, total trans = 1
info|2025-10-11 07:23:00.806822|PBFTWork-1-0x00007f8c78196700|[g:1][BLOCKVERIFIER][executeBlock]Executing block,txNum=1,num=466,parentHash=adb9dd7eb337d64c6ae02173c499e700beae1d5ae1bc3c785ea9976ddf85ebf6,parentNum=465,parentStateRoot=9ecf2e5b65d4c6234a984c6013270be34e5c0fe0c2308f985b3ae02de4932ff8
info|2025-10-11 07:23:00.807781|PBFTWork-1-0x00007f8c78196700|[g:1][PRECOMPILED]init GasChargeManagePrecompiled
info|2025-10-11 07:23:00.814785|sealerWorker-0x00007f8c6b17c700|[PRECOMPILED][TimerPrecompiled]getCurrentTimeMillis,timeMillis=1760192580814
info|2025-10-11 07:23:00.816869|sealerWorker-0x00007f8c6b17c700|[PRECOMPILED][TimerPrecompiled]getCurrentTimeMillis,timeMillis=1760192580816
info|2025-10-11 07:23:00.823009|PBFTWork-1-0x00007f8c78196700|[g:1][CONSENSUS][PBFT]execBlock,blkNum=466,reqIdx=0,hash=0699bc1a...,nodeIdx=2,myNode=73994dae...,decodeCost=0,checkCost=1,notifyCost=0,noteSealingCost=0,currentCycle=4,verifyAndSetSenderCost=0,execCost=16,execPerTx=16,totalCost=18
info|2025-10-11 07:23:00.829511|PBFTWork-1-0x00007f8c78196700|[g:1][CONSENSUS][PBFT]handlePrepareMsg Succ,timecost=6,INFO=handlePartiallyPrepare,reqIdx=0,view=11,reqNum=466,curNum=465,consNum=466,hash=96ffd01c...,nodeIdx=2,myNode=73994dae...,curChangeCycle=4
info|2025-10-11 07:23:00.829607|PBFT-1-0x00007f8c71989700|[g:1][CONSENSUS][PBFT]checkReq: Recv future request,prepHash=0699bc1a...,INFO=handleSignMsg,num=466,curNum=465,GenIdx=3,Sview=11,view=11,fromIdx=3,fromNode=87d00b98...,fromIp=127.0.0.1:30302,hash=4a113e3d...,nodeIdx=2,myNode=73994dae...
info|2025-10-11 07:23:00.829622|PBFT-1-0x00007f8c71989700|[g:1][CONSENSUS][PBFT]FutureBlock,INFO=handleSignMsg,num=466,curNum=465,GenIdx=3,Sview=11,view=11,fromIdx=3,fromNode=87d00b98...,fromIp=127.0.0.1:30302,hash=4a113e3d...,nodeIdx=2,myNode=73994dae...
info|2025-10-11 07:23:00.832638|PBFT-1-0x00007f8c71989700|[g:1][CONSENSUS][PBFT]handleSignMsg Succ,Timecost=1,INFO=handleSignMsg,num=466,curNum=465,GenIdx=0,Sview=11,view=11,fromIdx=0,fromNode=064cb676...,fromIp=127.0.0.1:30303,hash=0699bc1a...,nodeIdx=2,myNode=73994dae...
info|2025-10-11 07:23:04.575163|io_service-0x00007f8c8b9bd700|[P2P][Service] heartBeat,connected count=3
info|2025-10-11 07:23:14.575559|io_service-0x00007f8c8b9bd700|[P2P][Service] heartBeat,connected count=3
info|2025-10-11 07:23:16.014286|PBFT-1-0x00007f8c71989700|[g:1][CONSENSUS][SEALER]decrease maxBlockCanSeal to half for PBFT timeout,org_maxBlockCanSeal=500,halfed_maxBlockCanSeal=250,timeoutCount=2,lastTimeoutTx=1
warning|2025-10-11 07:23:16.015845|PBFT-1-0x00007f8c71989700|[g:1][CONSENSUS][PBFT]ViewChangeWarning: not caused by omit empty block ,v=11,toV=12,curNum=465,hash=adb9dd7e...,nodeIdx=2,myNode=73994dae...
info|2025-10-11 07:23:16.016013|PBFT-1-0x00007f8c71989700|[g:1][CONSENSUS][PBFT]checkTimeout Succ,view=11,toView=12,nodeIdx=2,changeCycle=5,myNode=73994dae...,timecost=2
info|2025-10-11 07:23:16.030067|PBFT-1-0x00007f8c71989700|[g:1][CONSENSUS][PBFT]checkAndChangeView: Reach consensus,org_view=11,cur_changeCycle=5,curView=11,view=12
info|2025-10-11 07:23:17.107583|P2P-0x00007f8c8d9c1700|[g:1] [SYNC][id:73994dae...][Download][Request]Receive block request,peer=374bdfe9...,from=184,to=184
info|2025-10-11 07:23:17.108036|SyncSend-1-0x00007f8c7e1a2700|[g:1][SYNC][id:73994dae...][Download][Request][BlockSync]Batch blocks for sending,blockSize=24480,number=184,peer=374bdfe9...,timeCost=1
info|2025-10-11 07:23:17.108141|SyncSend-1-0x00007f8c7e1a2700|[g:1][g:1] [SYNC][id:374bdfe9...][Download][Request][BlockSync]Send block packet,peer=374bdfe9...,blocks=1,bytes(V)=24487
info|2025-10-11 07:23:17.311067|fisco-bcos-0x00007f8c8e736dc0|[LEDGER]stop sealer,groupID=1
info|2025-10-11 07:23:17.311112|fisco-bcos-0x00007f8c8e736dc0|[CONSENSUS][SEALER]Stop sealer module...
info|2025-10-11 07:23:17.316422|fisco-bcos-0x00007f8c8e736dc0|[CONSENSUS][ConsensusEngine][Stop ConsensusEngineBase]
info|2025-10-11 07:23:17.321865|fisco-bcos-0x00007f8c8e736dc0|[CONSENSUS][ConsensusEngine]ConsensusEngineBase stopped
info|2025-10-11 07:23:17.321908|fisco-bcos-0x00007f8c8e736dc0|[LEDGER]sealer stopped. stop sync,groupID=1
info|2025-10-11 07:23:17.322722|fisco-bcos-0x00007f8c8e736dc0|[g:1] [SYNC][id:73994dae...]SyncMsgEngine stopped
info|2025-10-11 07:23:17.488061|fisco-bcos-0x00007f8c8e736dc0|[GossipBlockStatus]stop GossipBlockStatus succ
info|2025-10-11 07:23:18.111836|fisco-bcos-0x00007f8c8e736dc0|[SYNC][id:73994dae...][g:1]SyncMaster stopped
info|2025-10-11 07:23:18.111905|fisco-bcos-0x00007f8c8e736dc0|[LEDGER]sync stopped. stop event filter manager,groupID=1
info|2025-10-11 07:23:18.165064|fisco-bcos-0x00007f8c8e736dc0|[EVENT][EventLogFilterManager]stop
info|2025-10-11 07:23:18.165106|fisco-bcos-0x00007f8c8e736dc0|[LEDGER]event filter manager stopped. stop tx pool,groupID=1
info|2025-10-11 07:23:18.165545|fisco-bcos-0x00007f8c8e736dc0|[LEDGER]removeNetworkStatHandlerByGroupID and removeGroupBandwidthLimiter for service,groupID=1
info|2025-10-11 07:23:18.165649|fisco-bcos-0x00007f8c8e736dc0|[CHANNEL]removeSDKAllowListByGroupId,groupId=1
info|2025-10-11 07:23:18.165659|fisco-bcos-0x00007f8c8e736dc0|[INITIALIZER]ledgerInitializer stopped
info|2025-10-11 07:23:19.166685|fisco-bcos-0x00007f8c8e736dc0|[INITIALIZER]ChannelRPCHttpServer deleted.
info|2025-10-11 07:23:19.167230|fisco-bcos-0x00007f8c8e736dc0|[INITIALIZER]JsonrpcHttpServer deleted.
info|2025-10-11 07:23:19.167260|fisco-bcos-0x00007f8c8e736dc0|[INITIALIZER]RPCInitializer stopped
info|2025-10-11 07:23:19.167357|io_service-0x00007f8c8b9bd700|[NETWORK][Host]Host exit
info|2025-10-11 07:23:19.169036|fisco-bcos-0x00007f8c8e736dc0|[INITIALIZER]P2PInitializer stopped
info|2025-10-11 07:23:19.169068|fisco-bcos-0x00007f8c8e736dc0|[LEDGER]stop sealer,groupID=1
info|2025-10-11 07:23:19.169076|fisco-bcos-0x00007f8c8e736dc0|[LEDGER]sealer stopped. stop sync,groupID=1
info|2025-10-11 07:23:19.169117|fisco-bcos-0x00007f8c8e736dc0|[g:1] [SYNC][id:73994dae...]SyncMsgEngine stopped
info|2025-10-11 07:23:19.169133|fisco-bcos-0x00007f8c8e736dc0|[GossipBlockStatus]GossipBlockStatus already stopped
info|2025-10-11 07:23:19.169138|fisco-bcos-0x00007f8c8e736dc0|[SYNC][id:73994dae...][g:1]SyncMaster stopped
info|2025-10-11 07:23:19.169143|fisco-bcos-0x00007f8c8e736dc0|[LEDGER]sync stopped. stop event filter manager,groupID=1
info|2025-10-11 07:23:19.169148|fisco-bcos-0x00007f8c8e736dc0|[LEDGER]event filter manager stopped. stop tx pool,groupID=1
info|2025-10-11 07:23:19.169156|fisco-bcos-0x00007f8c8e736dc0|[LEDGER]removeNetworkStatHandlerByGroupID and removeGroupBandwidthLimiter for service,groupID=1
info|2025-10-11 07:23:19.169169|fisco-bcos-0x00007f8c8e736dc0|[g:1][STORAGE][CachedStorage]Stopping flushStorage thread
info|2025-10-11 07:23:19.720232|fisco-bcos-0x00007f8c8e736dc0|[g:1][STORAGE][CachedStorage]flushStorage thread stopped.
info|2025-10-11 07:23:19.720262|fisco-bcos-0x00007f8c8e736dc0|[DBINITIALIZER] storage stopped
info|2025-10-11 07:23:19.726407|fisco-bcos-0x00007f8c8e736dc0|[g:1] [SYNC][id:73994dae...]SyncMsgEngine stopped
info|2025-10-11 07:23:19.726458|fisco-bcos-0x00007f8c8e736dc0|[GossipBlockStatus]GossipBlockStatus already stopped
info|2025-10-11 07:23:19.726462|fisco-bcos-0x00007f8c8e736dc0|[SYNC][id:73994dae...][g:1]SyncMaster stopped
info|2025-10-11 07:23:19.726479|fisco-bcos-0x00007f8c8e736dc0|[g:1] [SYNC][id:73994dae...]SyncMsgEngine stopped
