config file path : config.ini
[2025-10-03 04:01:45] Initializing...
[INITIALIZER][Initializer]Init failed,EINFO=/home/runner/work/FISCO-BCOS/FISCO-BCOS/libsecurity/KeyCenter.cpp(224): Throw in function getDataKey
Dynamic exception type: boost::wrapexcept<dev::KeyCenterConnectionError>
std::exception::what: std::exception
[dev::tag_comment*] = std::exception

Init failed!!!
config file path : config.ini
[2025-10-03 04:04:47] Initializing...
[INITIALIZER][Initializer]Init failed,EINFO=/home/runner/work/FISCO-BCOS/FISCO-BCOS/libsecurity/KeyCenter.cpp(224): Throw in function getDataKey
Dynamic exception type: boost::wrapexcept<dev::KeyCenterConnectionError>
std::exception::what: std::exception
[dev::tag_comment*] = std::exception

Init failed!!!
config file path : config.ini
[2025-10-03 06:41:44] Initializing...
[2025-10-03 06:41:44.108545] [0x000000000acd0f40] [error]   [INITIALIZER][Initializer]Init failed,EINFO=/home/runner/work/FISCO-BCOS/FISCO-BCOS/deps/src/boost/boost/property_tree/ini_parser.hpp(172): Throw in function read_ini<boost::property_tree::basic_ptree<std::__cxx11::basic_string<char>, std::__cxx11::basic_string<char> > >
Dynamic exception type: boost::wrapexcept<boost::property_tree::ini_parser::ini_parser_error>
std::exception::what: config.ini(80): '=' character not found in line

[INITIALIZER][Initializer]Init failed,EINFO=/home/runner/work/FISCO-BCOS/FISCO-BCOS/deps/src/boost/boost/property_tree/ini_parser.hpp(172): Throw in function read_ini<boost::property_tree::basic_ptree<std::__cxx11::basic_string<char>, std::__cxx11::basic_string<char> > >
Dynamic exception type: boost::wrapexcept<boost::property_tree::ini_parser::ini_parser_error>
std::exception::what: config.ini(80): '=' character not found in line

Init failed!!!
[2025-10-03 06:41:44.114929] [0x000000000acd0f40] [info]    [INITIALIZER]ledgerInitializer stopped
[2025-10-03 06:41:44.114941] [0x000000000acd0f40] [info]    [INITIALIZER]RPCInitializer stopped
[2025-10-03 06:41:44.114948] [0x000000000acd0f40] [info]    [INITIALIZER]P2PInitializer stopped
config file path : config.ini
[2025-10-03 06:44:44] Initializing...
[INITIALIZER][Initializer]Init failed,EINFO=/home/runner/work/FISCO-BCOS/FISCO-BCOS/libinitializer/SecureInitializer.cpp(678): Throw in function initConfigWithSMCrypto
Dynamic exception type: boost::wrapexcept<dev::Exception>
std::exception::what: std::exception

Init failed!!!
config file path : config.ini
[2025-10-03 08:56:34] Initializing...
FISCO-BCOS Version : 2.11.0 gm
Build Time         : 20240520 01:38:47
Build Type         : Linux/g++/Release
Git Branch         : HEAD
Git Commit Hash    : bee4dda033297443f02774973445d954933db885
Compile Options    : 
[2025-10-03 08:56:34] The FISCO-BCOS is running...
config file path : config.ini
[2025-10-05 09:45:47] Initializing...
[INITIALIZER][Initializer]Init failed,EINFO=/home/runner/work/FISCO-BCOS/FISCO-BCOS/libsecurity/KeyCenter.cpp(224): Throw in function getDataKey
Dynamic exception type: boost::wrapexcept<dev::KeyCenterConnectionError>
std::exception::what: std::exception
[dev::tag_comment*] = std::exception

Init failed!!!
config file path : config.ini
[2025-10-05 09:49:50] Initializing...
[INITIALIZER][Initializer]Init failed,EINFO=/home/runner/work/FISCO-BCOS/FISCO-BCOS/libinitializer/SecureInitializer.cpp(678): Throw in function initConfigWithSMCrypto
Dynamic exception type: boost::wrapexcept<dev::Exception>
std::exception::what: std::exception

Init failed!!!
config file path : config.ini
[2025-10-05 09:59:37] Initializing...
[INITIALIZER][LedgerInitializer]initLedger failed,errorInfo=/home/runner/work/FISCO-BCOS/FISCO-BCOS/libstorage/MemoryTable2.cpp(56): Throw in function prepareExit
Dynamic exception type: boost::wrapexcept<dev::storage::StorageException>
std::exception::what: backend DB is dead. Prepare to exit.current_id
[INITIALIZER][LedgerInitializer]initLedger failed,EINFO=/home/runner/work/FISCO-BCOS/FISCO-BCOS/libinitializer/LedgerInitializer.cpp(126): Throw in function operator()
Dynamic exception type: boost::wrapexcept<std::exception>
std::exception::what: std::exception

[INITIALIZER][Initializer]Init failed,EINFO=/home/runner/work/FISCO-BCOS/FISCO-BCOS/libinitializer/LedgerInitializer.cpp(136): Throw in function initLedgers
Dynamic exception type: boost::wrapexcept<std::exception>
std::exception::what: std::exception

Init failed!!!
config file path : config.ini
[2025-10-05 10:02:46] Initializing...
[INITIALIZER][Initializer]Init failed,EINFO=/home/runner/work/FISCO-BCOS/FISCO-BCOS/libinitializer/SecureInitializer.cpp(678): Throw in function initConfigWithSMCrypto
Dynamic exception type: boost::wrapexcept<dev::Exception>
std::exception::what: std::exception

Init failed!!!
config file path : config.ini
[2025-10-05 10:04:35] Initializing...
[INITIALIZER][LedgerInitializer]initLedger failed,errorInfo=/home/runner/work/FISCO-BCOS/FISCO-BCOS/libstorage/MemoryTable2.cpp(56): Throw in function prepareExit
Dynamic exception type: boost::wrapexcept<dev::storage::StorageException>
std::exception::what: backend DB is dead. Prepare to exit.current_id
[INITIALIZER][LedgerInitializer]initLedger failed,EINFO=/home/runner/work/FISCO-BCOS/FISCO-BCOS/libinitializer/LedgerInitializer.cpp(126): Throw in function operator()
Dynamic exception type: boost::wrapexcept<std::exception>
std::exception::what: std::exception

[INITIALIZER][Initializer]Init failed,EINFO=/home/runner/work/FISCO-BCOS/FISCO-BCOS/libinitializer/LedgerInitializer.cpp(136): Throw in function initLedgers
Dynamic exception type: boost::wrapexcept<std::exception>
std::exception::what: std::exception

Init failed!!!
config file path : config.ini
[2025-10-05 19:11:07] Initializing...
[INITIALIZER][Initializer]Init failed,EINFO=/home/runner/work/FISCO-BCOS/FISCO-BCOS/libsecurity/KeyCenter.cpp(224): Throw in function getDataKey
Dynamic exception type: boost::wrapexcept<dev::KeyCenterConnectionError>
std::exception::what: std::exception
[dev::tag_comment*] = std::exception

Init failed!!!
