info|2025-10-11 09:00:00.024582|Sync-1-0x00007f1f99519700|[g:1][SYNC][id:374bdfe9...]print sync info,peersCount=3,infoJson={"blockNumber":183,"genesisHash":"f0d3e67991e2c3d83533c031601c30c4741aba35d7d8017900779abe4ae22efe","isSyncing":true,"knownHighestNumber":472,"knownLatestHash":"5f36275cbdc7574abba3a618830e3fb2cc1c0930313194ddfa8a689deb54f2f5","latestHash":"84b9e5d996bf7a5eb7a7af1e23a8308230a576a20d5c81a92b78a013e510177d","nodeId":"374bdfe969e1d8ea1200ade93e5d8cf1a7d5741f238011004b0f43ca818706f194b2f067e1708125f7ffc536610b9a72addbd56b238d65f18912be39037ffcc5","peers":[{"blockNumber":472,"genesisHash":"f0d3e67991e2c3d83533c031601c30c4741aba35d7d8017900779abe4ae22efe","latestHash":"5f36275cbdc7574abba3a618830e3fb2cc1c0930313194ddfa8a689deb54f2f5","nodeId":"064cb676a36047a4b52ecbf9c01664b1e987d91b438110ba6a12d96972726622e824d295b1de8b0298b5afe7bbbc0bd04a3890e1a36eae028c1cfbe07971b995"},{"blockNumber":472,"genesisHash":"f0d3e67991e2c3d83533c031601c30c4741aba35d7d8017900779abe4ae22efe","latestHash":"5f36275cbdc7574abba3a618830e3fb2cc1c0930313194ddfa8a689deb54f2f5","nodeId":"73994dae9e8b8da733108a4153dfe79151d701dff425f84c87b5324e8ebd02ab6a0ebc9e4f1e0298a7ddca50f94a8f95c62b6997226d571e470e8f2b0600634a"},{"blockNumber":472,"genesisHash":"f0d3e67991e2c3d83533c031601c30c4741aba35d7d8017900779abe4ae22efe","latestHash":"5f36275cbdc7574abba3a618830e3fb2cc1c0930313194ddfa8a689deb54f2f5","nodeId":"87d00b98321fc70a5abc85ad9e80db10cce315194133697bf74aace1d3f8430957a766240f751752708f4282f46110d6ea56c3eb5d1c02ce98a66f327f595270"}],"protocolId":65545,"txPoolSize":"0"}
info|2025-10-11 09:00:01.318404|io_service-0x00007f1fb1d4a700|[P2P][Service] heartBeat,connected count=3
info|2025-10-11 09:00:05.187209|Download-1-0x00007f1fa4d30700|[g:1][SYNC][id:374bdfe9...][Download][Request]Request blocks,from=184,to=184,peer=73994dae...
info|2025-10-11 09:00:05.194316|Download-1-0x00007f1fa4d30700|[g:1][SYNC][id:374bdfe9...][Download][BlockSync]Download block execute,number=184,txs=1,hash=22a8c2ae...
info|2025-10-11 09:00:05.194432|Download-1-0x00007f1fa4d30700|[g:1][BLOCKVERIFIER][executeBlock]Executing block,txNum=1,num=184,parentHash=84b9e5d996bf7a5eb7a7af1e23a8308230a576a20d5c81a92b78a013e510177d,parentNum=183,parentStateRoot=193aa4e3ddcabc3eb1c4bc64eca338693c126abd7770f253f6dd6e3fee2170ea
info|2025-10-11 09:00:05.194747|Download-1-0x00007f1fa4d30700|[g:1][PRECOMPILED]init GasChargeManagePrecompiled
info|2025-10-11 09:00:05.195455|Download-1-0x00007f1f91509700|[PRECOMPILED][TimerPrecompiled]getCurrentTimeMillis,timeMillis=1760198405195
error|2025-10-11 09:00:05.195601|Download-1-0x00007f1f91509700|[PRECOMPILED]SM2EncryptPrecompiled exception:Unknown function
error|2025-10-11 09:00:05.195644|Download-1-0x00007f1f91509700|[EXECUTIVECONTEXT]PrecompiledException,address=000000000000000000000000000000000000500b,message:=Unknown function
error|2025-10-11 09:00:05.195692|Download-1-0x00007f1f91509700|[EXECUTIVE][TxExeError]Transaction execution error,TransactionExceptionID=22,hash=34fcf37998bfab32d1354d28f63091611b3b7e8622725266293468c69156e50d
error|2025-10-11 09:00:05.196229|Download-1-0x00007f1fa4d30700|[g:1][BLOCKVERIFIER]Invalid Block with bad stateRoot or receiptRoot or dbHash,blkNum=184,originHash=22a8c2ae...,curHash=d70f1cff...,orgReceipt=ed245b8c...,curRecepit=8937e548...,orgTxRoot=2d8a5d62...,curTxRoot=2d8a5d62...,orgState=00000000...,curState=00000000...,orgDBHash=00000000...,curDBHash=00000000...
warning|2025-10-11 09:00:05.196435|Download-1-0x00007f1fa4d30700|[g:1][BLOCKVERIFIER][executeBlock]executeBlock exception,blockNumber=184
info|2025-10-11 09:00:11.319129|io_service-0x00007f1fb1d4a700|[P2P][Service] heartBeat,connected count=3
info|2025-10-11 09:00:11.740416|Download-1-0x00007f1fa4d30700|[g:1][SYNC][id:374bdfe9...][Download][Request]Request blocks,from=184,to=184,peer=064cb676...
info|2025-10-11 09:00:11.746518|Download-1-0x00007f1fa4d30700|[g:1][SYNC][id:374bdfe9...][Download][BlockSync]Download block execute,number=184,txs=1,hash=22a8c2ae...
info|2025-10-11 09:00:11.746697|Download-1-0x00007f1fa4d30700|[g:1][BLOCKVERIFIER][executeBlock]Executing block,txNum=1,num=184,parentHash=84b9e5d996bf7a5eb7a7af1e23a8308230a576a20d5c81a92b78a013e510177d,parentNum=183,parentStateRoot=193aa4e3ddcabc3eb1c4bc64eca338693c126abd7770f253f6dd6e3fee2170ea
info|2025-10-11 09:00:11.746941|Download-1-0x00007f1fa4d30700|[g:1][PRECOMPILED]init GasChargeManagePrecompiled
info|2025-10-11 09:00:11.747361|Download-1-0x00007f1fa4d30700|[g:1][PRECOMPILED][TimerPrecompiled]getCurrentTimeMillis,timeMillis=1760198411747
error|2025-10-11 09:00:11.747499|Download-1-0x00007f1fa4d30700|[g:1][PRECOMPILED]SM2EncryptPrecompiled exception:Unknown function
error|2025-10-11 09:00:11.747645|Download-1-0x00007f1fa4d30700|[g:1][EXECUTIVECONTEXT]PrecompiledException,address=000000000000000000000000000000000000500b,message:=Unknown function
error|2025-10-11 09:00:11.747716|Download-1-0x00007f1fa4d30700|[g:1][EXECUTIVE][TxExeError]Transaction execution error,TransactionExceptionID=22,hash=34fcf37998bfab32d1354d28f63091611b3b7e8622725266293468c69156e50d
error|2025-10-11 09:00:11.747951|Download-1-0x00007f1fa4d30700|[g:1][BLOCKVERIFIER]Invalid Block with bad stateRoot or receiptRoot or dbHash,blkNum=184,originHash=22a8c2ae...,curHash=d70f1cff...,orgReceipt=ed245b8c...,curRecepit=8937e548...,orgTxRoot=2d8a5d62...,curTxRoot=2d8a5d62...,orgState=00000000...,curState=00000000...,orgDBHash=00000000...,curDBHash=00000000...
warning|2025-10-11 09:00:11.748088|Download-1-0x00007f1fa4d30700|[g:1][BLOCKVERIFIER][executeBlock]executeBlock exception,blockNumber=184
info|2025-10-11 09:00:18.195757|Download-1-0x00007f1fa4d30700|[g:1][SYNC][id:374bdfe9...][Download][Request]Request blocks,from=184,to=184,peer=87d00b98...
info|2025-10-11 09:00:18.201486|Download-1-0x00007f1fa4d30700|[g:1][SYNC][id:374bdfe9...][Download][BlockSync]Download block execute,number=184,txs=1,hash=22a8c2ae...
info|2025-10-11 09:00:18.201562|Download-1-0x00007f1fa4d30700|[g:1][BLOCKVERIFIER][executeBlock]Executing block,txNum=1,num=184,parentHash=84b9e5d996bf7a5eb7a7af1e23a8308230a576a20d5c81a92b78a013e510177d,parentNum=183,parentStateRoot=193aa4e3ddcabc3eb1c4bc64eca338693c126abd7770f253f6dd6e3fee2170ea
info|2025-10-11 09:00:18.201741|Download-1-0x00007f1fa4d30700|[g:1][PRECOMPILED]init GasChargeManagePrecompiled
info|2025-10-11 09:00:18.202322|Download-1-0x00007f1fa4d30700|[g:1][PRECOMPILED][TimerPrecompiled]getCurrentTimeMillis,timeMillis=1760198418202
error|2025-10-11 09:00:18.202452|Download-1-0x00007f1fa4d30700|[g:1][PRECOMPILED]SM2EncryptPrecompiled exception:Unknown function
error|2025-10-11 09:00:18.202503|Download-1-0x00007f1fa4d30700|[g:1][EXECUTIVECONTEXT]PrecompiledException,address=000000000000000000000000000000000000500b,message:=Unknown function
error|2025-10-11 09:00:18.202545|Download-1-0x00007f1fa4d30700|[g:1][EXECUTIVE][TxExeError]Transaction execution error,TransactionExceptionID=22,hash=34fcf37998bfab32d1354d28f63091611b3b7e8622725266293468c69156e50d
error|2025-10-11 09:00:18.202730|Download-1-0x00007f1fa4d30700|[g:1][BLOCKVERIFIER]Invalid Block with bad stateRoot or receiptRoot or dbHash,blkNum=184,originHash=22a8c2ae...,curHash=d70f1cff...,orgReceipt=ed245b8c...,curRecepit=8937e548...,orgTxRoot=2d8a5d62...,curTxRoot=2d8a5d62...,orgState=00000000...,curState=00000000...,orgDBHash=00000000...,curDBHash=00000000...
warning|2025-10-11 09:00:18.202888|Download-1-0x00007f1fa4d30700|[g:1][BLOCKVERIFIER][executeBlock]executeBlock exception,blockNumber=184
info|2025-10-11 09:00:21.320266|io_service-0x00007f1fb1d4a700|[P2P][Service] heartBeat,connected count=3
info|2025-10-11 09:00:24.751372|Download-1-0x00007f1fa4d30700|[g:1][SYNC][id:374bdfe9...][Download][Request]Request blocks,from=184,to=184,peer=87d00b98...
info|2025-10-11 09:00:24.758142|Download-1-0x00007f1fa4d30700|[g:1][SYNC][id:374bdfe9...][Download][BlockSync]Download block execute,number=184,txs=1,hash=22a8c2ae...
info|2025-10-11 09:00:24.758220|Download-1-0x00007f1fa4d30700|[g:1][BLOCKVERIFIER][executeBlock]Executing block,txNum=1,num=184,parentHash=84b9e5d996bf7a5eb7a7af1e23a8308230a576a20d5c81a92b78a013e510177d,parentNum=183,parentStateRoot=193aa4e3ddcabc3eb1c4bc64eca338693c126abd7770f253f6dd6e3fee2170ea
info|2025-10-11 09:00:24.758454|Download-1-0x00007f1fa4d30700|[g:1][PRECOMPILED]init GasChargeManagePrecompiled
info|2025-10-11 09:00:24.758952|Download-1-0x00007f1fa4d30700|[g:1][PRECOMPILED][TimerPrecompiled]getCurrentTimeMillis,timeMillis=1760198424758
error|2025-10-11 09:00:24.759123|Download-1-0x00007f1fa4d30700|[g:1][PRECOMPILED]SM2EncryptPrecompiled exception:Unknown function
error|2025-10-11 09:00:24.759196|Download-1-0x00007f1fa4d30700|[g:1][EXECUTIVECONTEXT]PrecompiledException,address=000000000000000000000000000000000000500b,message:=Unknown function
error|2025-10-11 09:00:24.759264|Download-1-0x00007f1fa4d30700|[g:1][EXECUTIVE][TxExeError]Transaction execution error,TransactionExceptionID=22,hash=34fcf37998bfab32d1354d28f63091611b3b7e8622725266293468c69156e50d
error|2025-10-11 09:00:24.759558|Download-1-0x00007f1fa4d30700|[g:1][BLOCKVERIFIER]Invalid Block with bad stateRoot or receiptRoot or dbHash,blkNum=184,originHash=22a8c2ae...,curHash=d70f1cff...,orgReceipt=ed245b8c...,curRecepit=8937e548...,orgTxRoot=2d8a5d62...,curTxRoot=2d8a5d62...,orgState=00000000...,curState=00000000...,orgDBHash=00000000...,curDBHash=00000000...
warning|2025-10-11 09:00:24.759715|Download-1-0x00007f1fa4d30700|[g:1][BLOCKVERIFIER][executeBlock]executeBlock exception,blockNumber=184
info|2025-10-11 09:00:31.169776|Download-1-0x00007f1fa4d30700|[g:1][SYNC][id:374bdfe9...][Download][Request]Request blocks,from=184,to=184,peer=73994dae...
info|2025-10-11 09:00:31.176073|Download-1-0x00007f1fa4d30700|[g:1][SYNC][id:374bdfe9...][Download][BlockSync]Download block execute,number=184,txs=1,hash=22a8c2ae...
info|2025-10-11 09:00:31.176184|Download-1-0x00007f1fa4d30700|[g:1][BLOCKVERIFIER][executeBlock]Executing block,txNum=1,num=184,parentHash=84b9e5d996bf7a5eb7a7af1e23a8308230a576a20d5c81a92b78a013e510177d,parentNum=183,parentStateRoot=193aa4e3ddcabc3eb1c4bc64eca338693c126abd7770f253f6dd6e3fee2170ea
info|2025-10-11 09:00:31.176359|Download-1-0x00007f1fa4d30700|[g:1][PRECOMPILED]init GasChargeManagePrecompiled
info|2025-10-11 09:00:31.176855|Download-1-0x00007f1fa4d30700|[g:1][PRECOMPILED][TimerPrecompiled]getCurrentTimeMillis,timeMillis=1760198431176
error|2025-10-11 09:00:31.176971|Download-1-0x00007f1fa4d30700|[g:1][PRECOMPILED]SM2EncryptPrecompiled exception:Unknown function
error|2025-10-11 09:00:31.177020|Download-1-0x00007f1fa4d30700|[g:1][EXECUTIVECONTEXT]PrecompiledException,address=000000000000000000000000000000000000500b,message:=Unknown function
error|2025-10-11 09:00:31.177065|Download-1-0x00007f1fa4d30700|[g:1][EXECUTIVE][TxExeError]Transaction execution error,TransactionExceptionID=22,hash=34fcf37998bfab32d1354d28f63091611b3b7e8622725266293468c69156e50d
error|2025-10-11 09:00:31.177310|Download-1-0x00007f1fa4d30700|[g:1][BLOCKVERIFIER]Invalid Block with bad stateRoot or receiptRoot or dbHash,blkNum=184,originHash=22a8c2ae...,curHash=d70f1cff...,orgReceipt=ed245b8c...,curRecepit=8937e548...,orgTxRoot=2d8a5d62...,curTxRoot=2d8a5d62...,orgState=00000000...,curState=00000000...,orgDBHash=00000000...,curDBHash=00000000...
warning|2025-10-11 09:00:31.177448|Download-1-0x00007f1fa4d30700|[g:1][BLOCKVERIFIER][executeBlock]executeBlock exception,blockNumber=184
info|2025-10-11 09:00:31.320612|io_service-0x00007f1fb1d4a700|[P2P][Service] heartBeat,connected count=3
info|2025-10-11 09:00:37.762482|Download-1-0x00007f1fa4d30700|[g:1][SYNC][id:374bdfe9...][Download][Request]Request blocks,from=184,to=184,peer=87d00b98...
info|2025-10-11 09:00:37.769459|Download-1-0x00007f1fa4d30700|[g:1][SYNC][id:374bdfe9...][Download][BlockSync]Download block execute,number=184,txs=1,hash=22a8c2ae...
info|2025-10-11 09:00:37.769524|Download-1-0x00007f1fa4d30700|[g:1][BLOCKVERIFIER][executeBlock]Executing block,txNum=1,num=184,parentHash=84b9e5d996bf7a5eb7a7af1e23a8308230a576a20d5c81a92b78a013e510177d,parentNum=183,parentStateRoot=193aa4e3ddcabc3eb1c4bc64eca338693c126abd7770f253f6dd6e3fee2170ea
info|2025-10-11 09:00:37.769706|Download-1-0x00007f1fa4d30700|[g:1][PRECOMPILED]init GasChargeManagePrecompiled
info|2025-10-11 09:00:37.770213|Download-1-0x00007f1fa4d30700|[g:1][PRECOMPILED][TimerPrecompiled]getCurrentTimeMillis,timeMillis=1760198437770
error|2025-10-11 09:00:37.770335|Download-1-0x00007f1fa4d30700|[g:1][PRECOMPILED]SM2EncryptPrecompiled exception:Unknown function
error|2025-10-11 09:00:37.770360|Download-1-0x00007f1fa4d30700|[g:1][EXECUTIVECONTEXT]PrecompiledException,address=000000000000000000000000000000000000500b,message:=Unknown function
error|2025-10-11 09:00:37.770398|Download-1-0x00007f1fa4d30700|[g:1][EXECUTIVE][TxExeError]Transaction execution error,TransactionExceptionID=22,hash=34fcf37998bfab32d1354d28f63091611b3b7e8622725266293468c69156e50d
error|2025-10-11 09:00:37.770617|Download-1-0x00007f1fa4d30700|[g:1][BLOCKVERIFIER]Invalid Block with bad stateRoot or receiptRoot or dbHash,blkNum=184,originHash=22a8c2ae...,curHash=d70f1cff...,orgReceipt=ed245b8c...,curRecepit=8937e548...,orgTxRoot=2d8a5d62...,curTxRoot=2d8a5d62...,orgState=00000000...,curState=00000000...,orgDBHash=00000000...,curDBHash=00000000...
warning|2025-10-11 09:00:37.770754|Download-1-0x00007f1fa4d30700|[g:1][BLOCKVERIFIER][executeBlock]executeBlock exception,blockNumber=184
info|2025-10-11 09:00:41.321031|io_service-0x00007f1fb1d4a700|[P2P][Service] heartBeat,connected count=3
info|2025-10-11 09:00:44.214125|Download-1-0x00007f1fa4d30700|[g:1][SYNC][id:374bdfe9...][Download][Request]Request blocks,from=184,to=184,peer=064cb676...
info|2025-10-11 09:00:44.224825|Download-1-0x00007f1fa4d30700|[g:1][SYNC][id:374bdfe9...][Download][BlockSync]Download block execute,number=184,txs=1,hash=22a8c2ae...
info|2025-10-11 09:00:44.224890|Download-1-0x00007f1fa4d30700|[g:1][BLOCKVERIFIER][executeBlock]Executing block,txNum=1,num=184,parentHash=84b9e5d996bf7a5eb7a7af1e23a8308230a576a20d5c81a92b78a013e510177d,parentNum=183,parentStateRoot=193aa4e3ddcabc3eb1c4bc64eca338693c126abd7770f253f6dd6e3fee2170ea
info|2025-10-11 09:00:44.225075|Download-1-0x00007f1fa4d30700|[g:1][PRECOMPILED]init GasChargeManagePrecompiled
info|2025-10-11 09:00:44.225708|Download-1-0x00007f1fa4d30700|[g:1][PRECOMPILED][TimerPrecompiled]getCurrentTimeMillis,timeMillis=1760198444225
error|2025-10-11 09:00:44.225934|Download-1-0x00007f1fa4d30700|[g:1][PRECOMPILED]SM2EncryptPrecompiled exception:Unknown function
error|2025-10-11 09:00:44.226000|Download-1-0x00007f1fa4d30700|[g:1][EXECUTIVECONTEXT]PrecompiledException,address=000000000000000000000000000000000000500b,message:=Unknown function
error|2025-10-11 09:00:44.226050|Download-1-0x00007f1fa4d30700|[g:1][EXECUTIVE][TxExeError]Transaction execution error,TransactionExceptionID=22,hash=34fcf37998bfab32d1354d28f63091611b3b7e8622725266293468c69156e50d
error|2025-10-11 09:00:44.226312|Download-1-0x00007f1fa4d30700|[g:1][BLOCKVERIFIER]Invalid Block with bad stateRoot or receiptRoot or dbHash,blkNum=184,originHash=22a8c2ae...,curHash=d70f1cff...,orgReceipt=ed245b8c...,curRecepit=8937e548...,orgTxRoot=2d8a5d62...,curTxRoot=2d8a5d62...,orgState=00000000...,curState=00000000...,orgDBHash=00000000...,curDBHash=00000000...
warning|2025-10-11 09:00:44.226483|Download-1-0x00007f1fa4d30700|[g:1][BLOCKVERIFIER][executeBlock]executeBlock exception,blockNumber=184
info|2025-10-11 09:00:50.681030|Download-1-0x00007f1fa4d30700|[g:1][SYNC][id:374bdfe9...][Download][Request]Request blocks,from=184,to=184,peer=87d00b98...
info|2025-10-11 09:00:50.686494|Download-1-0x00007f1fa4d30700|[g:1][SYNC][id:374bdfe9...][Download][BlockSync]Download block execute,number=184,txs=1,hash=22a8c2ae...
info|2025-10-11 09:00:50.686562|Download-1-0x00007f1fa4d30700|[g:1][BLOCKVERIFIER][executeBlock]Executing block,txNum=1,num=184,parentHash=84b9e5d996bf7a5eb7a7af1e23a8308230a576a20d5c81a92b78a013e510177d,parentNum=183,parentStateRoot=193aa4e3ddcabc3eb1c4bc64eca338693c126abd7770f253f6dd6e3fee2170ea
info|2025-10-11 09:00:50.686758|Download-1-0x00007f1fa4d30700|[g:1][PRECOMPILED]init GasChargeManagePrecompiled
info|2025-10-11 09:00:50.687123|Download-1-0x00007f1fa4d30700|[g:1][PRECOMPILED][TimerPrecompiled]getCurrentTimeMillis,timeMillis=1760198450687
error|2025-10-11 09:00:50.687224|Download-1-0x00007f1fa4d30700|[g:1][PRECOMPILED]SM2EncryptPrecompiled exception:Unknown function
error|2025-10-11 09:00:50.687248|Download-1-0x00007f1fa4d30700|[g:1][EXECUTIVECONTEXT]PrecompiledException,address=000000000000000000000000000000000000500b,message:=Unknown function
error|2025-10-11 09:00:50.687278|Download-1-0x00007f1fa4d30700|[g:1][EXECUTIVE][TxExeError]Transaction execution error,TransactionExceptionID=22,hash=34fcf37998bfab32d1354d28f63091611b3b7e8622725266293468c69156e50d
error|2025-10-11 09:00:50.687432|Download-1-0x00007f1fa4d30700|[g:1][BLOCKVERIFIER]Invalid Block with bad stateRoot or receiptRoot or dbHash,blkNum=184,originHash=22a8c2ae...,curHash=d70f1cff...,orgReceipt=ed245b8c...,curRecepit=8937e548...,orgTxRoot=2d8a5d62...,curTxRoot=2d8a5d62...,orgState=00000000...,curState=00000000...,orgDBHash=00000000...,curDBHash=00000000...
warning|2025-10-11 09:00:50.687561|Download-1-0x00007f1fa4d30700|[g:1][BLOCKVERIFIER][executeBlock]executeBlock exception,blockNumber=184
info|2025-10-11 09:00:51.321726|io_service-0x00007f1fb1d4a700|[P2P][Service] heartBeat,connected count=3
info|2025-10-11 09:00:57.224133|Download-1-0x00007f1fa4d30700|[g:1][SYNC][id:374bdfe9...][Download][Request]Request blocks,from=184,to=184,peer=87d00b98...
info|2025-10-11 09:00:57.228827|Download-1-0x00007f1fa4d30700|[g:1][SYNC][id:374bdfe9...][Download][BlockSync]Download block execute,number=184,txs=1,hash=22a8c2ae...
info|2025-10-11 09:00:57.229095|Download-1-0x00007f1fa4d30700|[g:1][BLOCKVERIFIER][executeBlock]Executing block,txNum=1,num=184,parentHash=84b9e5d996bf7a5eb7a7af1e23a8308230a576a20d5c81a92b78a013e510177d,parentNum=183,parentStateRoot=193aa4e3ddcabc3eb1c4bc64eca338693c126abd7770f253f6dd6e3fee2170ea
info|2025-10-11 09:00:57.229273|Download-1-0x00007f1fa4d30700|[g:1][PRECOMPILED]init GasChargeManagePrecompiled
info|2025-10-11 09:00:57.229552|Download-1-0x00007f1f91509700|[PRECOMPILED][TimerPrecompiled]getCurrentTimeMillis,timeMillis=1760198457229
error|2025-10-11 09:00:57.229613|Download-1-0x00007f1f91509700|[PRECOMPILED]SM2EncryptPrecompiled exception:Unknown function
error|2025-10-11 09:00:57.229632|Download-1-0x00007f1f91509700|[EXECUTIVECONTEXT]PrecompiledException,address=000000000000000000000000000000000000500b,message:=Unknown function
error|2025-10-11 09:00:57.229660|Download-1-0x00007f1f91509700|[EXECUTIVE][TxExeError]Transaction execution error,TransactionExceptionID=22,hash=34fcf37998bfab32d1354d28f63091611b3b7e8622725266293468c69156e50d
error|2025-10-11 09:00:57.230067|Download-1-0x00007f1fa4d30700|[g:1][BLOCKVERIFIER]Invalid Block with bad stateRoot or receiptRoot or dbHash,blkNum=184,originHash=22a8c2ae...,curHash=d70f1cff...,orgReceipt=ed245b8c...,curRecepit=8937e548...,orgTxRoot=2d8a5d62...,curTxRoot=2d8a5d62...,orgState=00000000...,curState=00000000...,orgDBHash=00000000...,curDBHash=00000000...
warning|2025-10-11 09:00:57.235199|Download-1-0x00007f1fa4d30700|[g:1][BLOCKVERIFIER][executeBlock]executeBlock exception,blockNumber=184
info|2025-10-11 09:01:01.322121|io_service-0x00007f1fb1d4a700|[P2P][Service] heartBeat,connected count=3
info|2025-10-11 09:01:03.785418|Download-1-0x00007f1fa4d30700|[g:1][SYNC][id:374bdfe9...][Download][Request]Request blocks,from=184,to=184,peer=064cb676...
info|2025-10-11 09:01:03.810995|Download-1-0x00007f1fa4d30700|[g:1][SYNC][id:374bdfe9...][Download][BlockSync]Download block execute,number=184,txs=1,hash=22a8c2ae...
info|2025-10-11 09:01:03.811076|Download-1-0x00007f1fa4d30700|[g:1][BLOCKVERIFIER][executeBlock]Executing block,txNum=1,num=184,parentHash=84b9e5d996bf7a5eb7a7af1e23a8308230a576a20d5c81a92b78a013e510177d,parentNum=183,parentStateRoot=193aa4e3ddcabc3eb1c4bc64eca338693c126abd7770f253f6dd6e3fee2170ea
info|2025-10-11 09:01:03.811442|Download-1-0x00007f1fa4d30700|[g:1][PRECOMPILED]init GasChargeManagePrecompiled
info|2025-10-11 09:01:03.832704|Download-1-0x00007f1fa4d30700|[g:1][PRECOMPILED][TimerPrecompiled]getCurrentTimeMillis,timeMillis=1760198463832
error|2025-10-11 09:01:03.834702|Download-1-0x00007f1fa4d30700|[g:1][PRECOMPILED]SM2EncryptPrecompiled exception:Unknown function
error|2025-10-11 09:01:03.834818|Download-1-0x00007f1fa4d30700|[g:1][EXECUTIVECONTEXT]PrecompiledException,address=000000000000000000000000000000000000500b,message:=Unknown function
error|2025-10-11 09:01:03.834892|Download-1-0x00007f1fa4d30700|[g:1][EXECUTIVE][TxExeError]Transaction execution error,TransactionExceptionID=22,hash=34fcf37998bfab32d1354d28f63091611b3b7e8622725266293468c69156e50d
error|2025-10-11 09:01:03.848443|Download-1-0x00007f1fa4d30700|[g:1][BLOCKVERIFIER]Invalid Block with bad stateRoot or receiptRoot or dbHash,blkNum=184,originHash=22a8c2ae...,curHash=d70f1cff...,orgReceipt=ed245b8c...,curRecepit=8937e548...,orgTxRoot=2d8a5d62...,curTxRoot=2d8a5d62...,orgState=00000000...,curState=00000000...,orgDBHash=00000000...,curDBHash=00000000...
warning|2025-10-11 09:01:03.848772|Download-1-0x00007f1fa4d30700|[g:1][BLOCKVERIFIER][executeBlock]executeBlock exception,blockNumber=184
info|2025-10-11 09:01:10.238049|Download-1-0x00007f1fa4d30700|[g:1][SYNC][id:374bdfe9...][Download][Request]Request blocks,from=184,to=184,peer=73994dae...
info|2025-10-11 09:01:10.243505|Download-1-0x00007f1fa4d30700|[g:1][SYNC][id:374bdfe9...][Download][BlockSync]Download block execute,number=184,txs=1,hash=22a8c2ae...
info|2025-10-11 09:01:10.243599|Download-1-0x00007f1fa4d30700|[g:1][BLOCKVERIFIER][executeBlock]Executing block,txNum=1,num=184,parentHash=84b9e5d996bf7a5eb7a7af1e23a8308230a576a20d5c81a92b78a013e510177d,parentNum=183,parentStateRoot=193aa4e3ddcabc3eb1c4bc64eca338693c126abd7770f253f6dd6e3fee2170ea
info|2025-10-11 09:01:10.243812|Download-1-0x00007f1fa4d30700|[g:1][PRECOMPILED]init GasChargeManagePrecompiled
info|2025-10-11 09:01:10.244439|Download-1-0x00007f1f91509700|[PRECOMPILED][TimerPrecompiled]getCurrentTimeMillis,timeMillis=1760198470244
error|2025-10-11 09:01:10.244564|Download-1-0x00007f1f91509700|[PRECOMPILED]SM2EncryptPrecompiled exception:Unknown function
error|2025-10-11 09:01:10.244589|Download-1-0x00007f1f91509700|[EXECUTIVECONTEXT]PrecompiledException,address=000000000000000000000000000000000000500b,message:=Unknown function
error|2025-10-11 09:01:10.244630|Download-1-0x00007f1f91509700|[EXECUTIVE][TxExeError]Transaction execution error,TransactionExceptionID=22,hash=34fcf37998bfab32d1354d28f63091611b3b7e8622725266293468c69156e50d
error|2025-10-11 09:01:10.245116|Download-1-0x00007f1fa4d30700|[g:1][BLOCKVERIFIER]Invalid Block with bad stateRoot or receiptRoot or dbHash,blkNum=184,originHash=22a8c2ae...,curHash=d70f1cff...,orgReceipt=ed245b8c...,curRecepit=8937e548...,orgTxRoot=2d8a5d62...,curTxRoot=2d8a5d62...,orgState=00000000...,curState=00000000...,orgDBHash=00000000...,curDBHash=00000000...
warning|2025-10-11 09:01:10.245284|Download-1-0x00007f1fa4d30700|[g:1][BLOCKVERIFIER][executeBlock]executeBlock exception,blockNumber=184
info|2025-10-11 09:01:11.322573|io_service-0x00007f1fb1d4a700|[P2P][Service] heartBeat,connected count=3
info|2025-10-11 09:01:16.794366|Download-1-0x00007f1fa4d30700|[g:1][SYNC][id:374bdfe9...][Download][Request]Request blocks,from=184,to=184,peer=064cb676...
info|2025-10-11 09:01:16.800447|Download-1-0x00007f1fa4d30700|[g:1][SYNC][id:374bdfe9...][Download][BlockSync]Download block execute,number=184,txs=1,hash=22a8c2ae...
info|2025-10-11 09:01:16.800563|Download-1-0x00007f1fa4d30700|[g:1][BLOCKVERIFIER][executeBlock]Executing block,txNum=1,num=184,parentHash=84b9e5d996bf7a5eb7a7af1e23a8308230a576a20d5c81a92b78a013e510177d,parentNum=183,parentStateRoot=193aa4e3ddcabc3eb1c4bc64eca338693c126abd7770f253f6dd6e3fee2170ea
info|2025-10-11 09:01:16.800788|Download-1-0x00007f1fa4d30700|[g:1][PRECOMPILED]init GasChargeManagePrecompiled
info|2025-10-11 09:01:16.801399|Download-1-0x00007f1f91509700|[PRECOMPILED][TimerPrecompiled]getCurrentTimeMillis,timeMillis=1760198476801
error|2025-10-11 09:01:16.801512|Download-1-0x00007f1f91509700|[PRECOMPILED]SM2EncryptPrecompiled exception:Unknown function
error|2025-10-11 09:01:16.801539|Download-1-0x00007f1f91509700|[EXECUTIVECONTEXT]PrecompiledException,address=000000000000000000000000000000000000500b,message:=Unknown function
error|2025-10-11 09:01:16.801577|Download-1-0x00007f1f91509700|[EXECUTIVE][TxExeError]Transaction execution error,TransactionExceptionID=22,hash=34fcf37998bfab32d1354d28f63091611b3b7e8622725266293468c69156e50d
error|2025-10-11 09:01:16.802030|Download-1-0x00007f1fa4d30700|[g:1][BLOCKVERIFIER]Invalid Block with bad stateRoot or receiptRoot or dbHash,blkNum=184,originHash=22a8c2ae...,curHash=d70f1cff...,orgReceipt=ed245b8c...,curRecepit=8937e548...,orgTxRoot=2d8a5d62...,curTxRoot=2d8a5d62...,orgState=00000000...,curState=00000000...,orgDBHash=00000000...,curDBHash=00000000...
warning|2025-10-11 09:01:16.802221|Download-1-0x00007f1fa4d30700|[g:1][BLOCKVERIFIER][executeBlock]executeBlock exception,blockNumber=184
info|2025-10-11 09:01:21.323048|io_service-0x00007f1fb1d4a700|[P2P][Service] heartBeat,connected count=3
info|2025-10-11 09:01:23.248875|Download-1-0x00007f1fa4d30700|[g:1][SYNC][id:374bdfe9...][Download][Request]Request blocks,from=184,to=184,peer=73994dae...
info|2025-10-11 09:01:23.254883|Download-1-0x00007f1fa4d30700|[g:1][SYNC][id:374bdfe9...][Download][BlockSync]Download block execute,number=184,txs=1,hash=22a8c2ae...
info|2025-10-11 09:01:23.255083|Download-1-0x00007f1fa4d30700|[g:1][BLOCKVERIFIER][executeBlock]Executing block,txNum=1,num=184,parentHash=84b9e5d996bf7a5eb7a7af1e23a8308230a576a20d5c81a92b78a013e510177d,parentNum=183,parentStateRoot=193aa4e3ddcabc3eb1c4bc64eca338693c126abd7770f253f6dd6e3fee2170ea
info|2025-10-11 09:01:23.255467|Download-1-0x00007f1fa4d30700|[g:1][PRECOMPILED]init GasChargeManagePrecompiled
info|2025-10-11 09:01:23.256465|Download-1-0x00007f1f91509700|[PRECOMPILED][TimerPrecompiled]getCurrentTimeMillis,timeMillis=1760198483256
error|2025-10-11 09:01:23.256587|Download-1-0x00007f1f91509700|[PRECOMPILED]SM2EncryptPrecompiled exception:Unknown function
error|2025-10-11 09:01:23.256611|Download-1-0x00007f1f91509700|[EXECUTIVECONTEXT]PrecompiledException,address=000000000000000000000000000000000000500b,message:=Unknown function
error|2025-10-11 09:01:23.256650|Download-1-0x00007f1f91509700|[EXECUTIVE][TxExeError]Transaction execution error,TransactionExceptionID=22,hash=34fcf37998bfab32d1354d28f63091611b3b7e8622725266293468c69156e50d
error|2025-10-11 09:01:23.257138|Download-1-0x00007f1fa4d30700|[g:1][BLOCKVERIFIER]Invalid Block with bad stateRoot or receiptRoot or dbHash,blkNum=184,originHash=22a8c2ae...,curHash=d70f1cff...,orgReceipt=ed245b8c...,curRecepit=8937e548...,orgTxRoot=2d8a5d62...,curTxRoot=2d8a5d62...,orgState=00000000...,curState=00000000...,orgDBHash=00000000...,curDBHash=00000000...
warning|2025-10-11 09:01:23.257397|Download-1-0x00007f1fa4d30700|[g:1][BLOCKVERIFIER][executeBlock]executeBlock exception,blockNumber=184
info|2025-10-11 09:01:29.804854|Download-1-0x00007f1fa4d30700|[g:1][SYNC][id:374bdfe9...][Download][Request]Request blocks,from=184,to=184,peer=87d00b98...
info|2025-10-11 09:01:29.810471|Download-1-0x00007f1fa4d30700|[g:1][SYNC][id:374bdfe9...][Download][BlockSync]Download block execute,number=184,txs=1,hash=22a8c2ae...
info|2025-10-11 09:01:29.810532|Download-1-0x00007f1fa4d30700|[g:1][BLOCKVERIFIER][executeBlock]Executing block,txNum=1,num=184,parentHash=84b9e5d996bf7a5eb7a7af1e23a8308230a576a20d5c81a92b78a013e510177d,parentNum=183,parentStateRoot=193aa4e3ddcabc3eb1c4bc64eca338693c126abd7770f253f6dd6e3fee2170ea
info|2025-10-11 09:01:29.810751|Download-1-0x00007f1fa4d30700|[g:1][PRECOMPILED]init GasChargeManagePrecompiled
info|2025-10-11 09:01:29.811092|Download-1-0x00007f1fa4d30700|[g:1][PRECOMPILED][TimerPrecompiled]getCurrentTimeMillis,timeMillis=1760198489811
error|2025-10-11 09:01:29.811178|Download-1-0x00007f1fa4d30700|[g:1][PRECOMPILED]SM2EncryptPrecompiled exception:Unknown function
error|2025-10-11 09:01:29.811201|Download-1-0x00007f1fa4d30700|[g:1][EXECUTIVECONTEXT]PrecompiledException,address=000000000000000000000000000000000000500b,message:=Unknown function
error|2025-10-11 09:01:29.811232|Download-1-0x00007f1fa4d30700|[g:1][EXECUTIVE][TxExeError]Transaction execution error,TransactionExceptionID=22,hash=34fcf37998bfab32d1354d28f63091611b3b7e8622725266293468c69156e50d
error|2025-10-11 09:01:29.811399|Download-1-0x00007f1fa4d30700|[g:1][BLOCKVERIFIER]Invalid Block with bad stateRoot or receiptRoot or dbHash,blkNum=184,originHash=22a8c2ae...,curHash=d70f1cff...,orgReceipt=ed245b8c...,curRecepit=8937e548...,orgTxRoot=2d8a5d62...,curTxRoot=2d8a5d62...,orgState=00000000...,curState=00000000...,orgDBHash=00000000...,curDBHash=00000000...
warning|2025-10-11 09:01:29.811509|Download-1-0x00007f1fa4d30700|[g:1][BLOCKVERIFIER][executeBlock]executeBlock exception,blockNumber=184
info|2025-10-11 09:01:31.323737|io_service-0x00007f1fb1d4a700|[P2P][Service] heartBeat,connected count=3
info|2025-10-11 09:01:36.257917|Download-1-0x00007f1fa4d30700|[g:1][SYNC][id:374bdfe9...][Download][Request]Request blocks,from=184,to=184,peer=064cb676...
info|2025-10-11 09:01:36.263807|Download-1-0x00007f1fa4d30700|[g:1][SYNC][id:374bdfe9...][Download][BlockSync]Download block execute,number=184,txs=1,hash=22a8c2ae...
info|2025-10-11 09:01:36.263890|Download-1-0x00007f1fa4d30700|[g:1][BLOCKVERIFIER][executeBlock]Executing block,txNum=1,num=184,parentHash=84b9e5d996bf7a5eb7a7af1e23a8308230a576a20d5c81a92b78a013e510177d,parentNum=183,parentStateRoot=193aa4e3ddcabc3eb1c4bc64eca338693c126abd7770f253f6dd6e3fee2170ea
info|2025-10-11 09:01:36.264213|Download-1-0x00007f1fa4d30700|[g:1][PRECOMPILED]init GasChargeManagePrecompiled
info|2025-10-11 09:01:36.264545|Download-1-0x00007f1fa4d30700|[g:1][PRECOMPILED][TimerPrecompiled]getCurrentTimeMillis,timeMillis=1760198496264
error|2025-10-11 09:01:36.264679|Download-1-0x00007f1fa4d30700|[g:1][PRECOMPILED]SM2EncryptPrecompiled exception:Unknown function
error|2025-10-11 09:01:36.264709|Download-1-0x00007f1fa4d30700|[g:1][EXECUTIVECONTEXT]PrecompiledException,address=000000000000000000000000000000000000500b,message:=Unknown function
error|2025-10-11 09:01:36.264760|Download-1-0x00007f1fa4d30700|[g:1][EXECUTIVE][TxExeError]Transaction execution error,TransactionExceptionID=22,hash=34fcf37998bfab32d1354d28f63091611b3b7e8622725266293468c69156e50d
error|2025-10-11 09:01:36.264903|Download-1-0x00007f1fa4d30700|[g:1][BLOCKVERIFIER]Invalid Block with bad stateRoot or receiptRoot or dbHash,blkNum=184,originHash=22a8c2ae...,curHash=d70f1cff...,orgReceipt=ed245b8c...,curRecepit=8937e548...,orgTxRoot=2d8a5d62...,curTxRoot=2d8a5d62...,orgState=00000000...,curState=00000000...,orgDBHash=00000000...,curDBHash=00000000...
warning|2025-10-11 09:01:36.265035|Download-1-0x00007f1fa4d30700|[g:1][BLOCKVERIFIER][executeBlock]executeBlock exception,blockNumber=184
info|2025-10-11 09:01:41.324623|io_service-0x00007f1fb1d4a700|[P2P][Service] heartBeat,connected count=3
info|2025-10-11 09:01:42.813698|Download-1-0x00007f1fa4d30700|[g:1][SYNC][id:374bdfe9...][Download][Request]Request blocks,from=184,to=184,peer=87d00b98...
info|2025-10-11 09:01:42.818824|Download-1-0x00007f1fa4d30700|[g:1][SYNC][id:374bdfe9...][Download][BlockSync]Download block execute,number=184,txs=1,hash=22a8c2ae...
info|2025-10-11 09:01:42.818910|Download-1-0x00007f1fa4d30700|[g:1][BLOCKVERIFIER][executeBlock]Executing block,txNum=1,num=184,parentHash=84b9e5d996bf7a5eb7a7af1e23a8308230a576a20d5c81a92b78a013e510177d,parentNum=183,parentStateRoot=193aa4e3ddcabc3eb1c4bc64eca338693c126abd7770f253f6dd6e3fee2170ea
info|2025-10-11 09:01:42.819115|Download-1-0x00007f1fa4d30700|[g:1][PRECOMPILED]init GasChargeManagePrecompiled
info|2025-10-11 09:01:42.819606|Download-1-0x00007f1f91509700|[PRECOMPILED][TimerPrecompiled]getCurrentTimeMillis,timeMillis=1760198502819
error|2025-10-11 09:01:42.819705|Download-1-0x00007f1f91509700|[PRECOMPILED]SM2EncryptPrecompiled exception:Unknown function
error|2025-10-11 09:01:42.819729|Download-1-0x00007f1f91509700|[EXECUTIVECONTEXT]PrecompiledException,address=000000000000000000000000000000000000500b,message:=Unknown function
error|2025-10-11 09:01:42.819764|Download-1-0x00007f1f91509700|[EXECUTIVE][TxExeError]Transaction execution error,TransactionExceptionID=22,hash=34fcf37998bfab32d1354d28f63091611b3b7e8622725266293468c69156e50d
error|2025-10-11 09:01:42.820085|Download-1-0x00007f1fa4d30700|[g:1][BLOCKVERIFIER]Invalid Block with bad stateRoot or receiptRoot or dbHash,blkNum=184,originHash=22a8c2ae...,curHash=d70f1cff...,orgReceipt=ed245b8c...,curRecepit=8937e548...,orgTxRoot=2d8a5d62...,curTxRoot=2d8a5d62...,orgState=00000000...,curState=00000000...,orgDBHash=00000000...,curDBHash=00000000...
warning|2025-10-11 09:01:42.820223|Download-1-0x00007f1fa4d30700|[g:1][BLOCKVERIFIER][executeBlock]executeBlock exception,blockNumber=184
info|2025-10-11 09:01:49.266246|Download-1-0x00007f1fa4d30700|[g:1][SYNC][id:374bdfe9...][Download][Request]Request blocks,from=184,to=184,peer=064cb676...
info|2025-10-11 09:01:49.274693|Download-1-0x00007f1fa4d30700|[g:1][SYNC][id:374bdfe9...][Download][BlockSync]Download block execute,number=184,txs=1,hash=22a8c2ae...
info|2025-10-11 09:01:49.274782|Download-1-0x00007f1fa4d30700|[g:1][BLOCKVERIFIER][executeBlock]Executing block,txNum=1,num=184,parentHash=84b9e5d996bf7a5eb7a7af1e23a8308230a576a20d5c81a92b78a013e510177d,parentNum=183,parentStateRoot=193aa4e3ddcabc3eb1c4bc64eca338693c126abd7770f253f6dd6e3fee2170ea
info|2025-10-11 09:01:49.275052|Download-1-0x00007f1fa4d30700|[g:1][PRECOMPILED]init GasChargeManagePrecompiled
info|2025-10-11 09:01:49.278552|Download-1-0x00007f1f91509700|[PRECOMPILED][TimerPrecompiled]getCurrentTimeMillis,timeMillis=1760198509278
error|2025-10-11 09:01:49.278734|Download-1-0x00007f1f91509700|[PRECOMPILED]SM2EncryptPrecompiled exception:Unknown function
error|2025-10-11 09:01:49.278769|Download-1-0x00007f1f91509700|[EXECUTIVECONTEXT]PrecompiledException,address=000000000000000000000000000000000000500b,message:=Unknown function
error|2025-10-11 09:01:49.278813|Download-1-0x00007f1f91509700|[EXECUTIVE][TxExeError]Transaction execution error,TransactionExceptionID=22,hash=34fcf37998bfab32d1354d28f63091611b3b7e8622725266293468c69156e50d
error|2025-10-11 09:01:49.279328|Download-1-0x00007f1fa4d30700|[g:1][BLOCKVERIFIER]Invalid Block with bad stateRoot or receiptRoot or dbHash,blkNum=184,originHash=22a8c2ae...,curHash=d70f1cff...,orgReceipt=ed245b8c...,curRecepit=8937e548...,orgTxRoot=2d8a5d62...,curTxRoot=2d8a5d62...,orgState=00000000...,curState=00000000...,orgDBHash=00000000...,curDBHash=00000000...
warning|2025-10-11 09:01:49.279616|Download-1-0x00007f1fa4d30700|[g:1][BLOCKVERIFIER][executeBlock]executeBlock exception,blockNumber=184
info|2025-10-11 09:01:51.324888|io_service-0x00007f1fb1d4a700|[P2P][Service] heartBeat,connected count=3
info|2025-10-11 09:01:55.824088|Download-1-0x00007f1fa4d30700|[g:1][SYNC][id:374bdfe9...][Download][Request]Request blocks,from=184,to=184,peer=73994dae...
info|2025-10-11 09:01:55.828684|Download-1-0x00007f1fa4d30700|[g:1][SYNC][id:374bdfe9...][Download][BlockSync]Download block execute,number=184,txs=1,hash=22a8c2ae...
info|2025-10-11 09:01:55.828833|Download-1-0x00007f1fa4d30700|[g:1][BLOCKVERIFIER][executeBlock]Executing block,txNum=1,num=184,parentHash=84b9e5d996bf7a5eb7a7af1e23a8308230a576a20d5c81a92b78a013e510177d,parentNum=183,parentStateRoot=193aa4e3ddcabc3eb1c4bc64eca338693c126abd7770f253f6dd6e3fee2170ea
info|2025-10-11 09:01:55.829001|Download-1-0x00007f1fa4d30700|[g:1][PRECOMPILED]init GasChargeManagePrecompiled
info|2025-10-11 09:01:55.829287|Download-1-0x00007f1f91509700|[PRECOMPILED][TimerPrecompiled]getCurrentTimeMillis,timeMillis=1760198515829
error|2025-10-11 09:01:55.829352|Download-1-0x00007f1f91509700|[PRECOMPILED]SM2EncryptPrecompiled exception:Unknown function
error|2025-10-11 09:01:55.829371|Download-1-0x00007f1f91509700|[EXECUTIVECONTEXT]PrecompiledException,address=000000000000000000000000000000000000500b,message:=Unknown function
error|2025-10-11 09:01:55.829399|Download-1-0x00007f1f91509700|[EXECUTIVE][TxExeError]Transaction execution error,TransactionExceptionID=22,hash=34fcf37998bfab32d1354d28f63091611b3b7e8622725266293468c69156e50d
error|2025-10-11 09:01:55.829742|Download-1-0x00007f1fa4d30700|[g:1][BLOCKVERIFIER]Invalid Block with bad stateRoot or receiptRoot or dbHash,blkNum=184,originHash=22a8c2ae...,curHash=d70f1cff...,orgReceipt=ed245b8c...,curRecepit=8937e548...,orgTxRoot=2d8a5d62...,curTxRoot=2d8a5d62...,orgState=00000000...,curState=00000000...,orgDBHash=00000000...,curDBHash=00000000...
warning|2025-10-11 09:01:55.829915|Download-1-0x00007f1fa4d30700|[g:1][BLOCKVERIFIER][executeBlock]executeBlock exception,blockNumber=184
info|2025-10-11 09:02:01.325240|io_service-0x00007f1fb1d4a700|[P2P][Service] heartBeat,connected count=3
info|2025-10-11 09:02:02.276333|Download-1-0x00007f1fa4d30700|[g:1][SYNC][id:374bdfe9...][Download][Request]Request blocks,from=184,to=184,peer=87d00b98...
info|2025-10-11 09:02:02.282327|Download-1-0x00007f1fa4d30700|[g:1][SYNC][id:374bdfe9...][Download][BlockSync]Download block execute,number=184,txs=1,hash=22a8c2ae...
info|2025-10-11 09:02:02.282362|Download-1-0x00007f1fa4d30700|[g:1][BLOCKVERIFIER][executeBlock]Executing block,txNum=1,num=184,parentHash=84b9e5d996bf7a5eb7a7af1e23a8308230a576a20d5c81a92b78a013e510177d,parentNum=183,parentStateRoot=193aa4e3ddcabc3eb1c4bc64eca338693c126abd7770f253f6dd6e3fee2170ea
info|2025-10-11 09:02:02.282482|Download-1-0x00007f1fa4d30700|[g:1][PRECOMPILED]init GasChargeManagePrecompiled
info|2025-10-11 09:02:02.282782|Download-1-0x00007f1f91509700|[PRECOMPILED][TimerPrecompiled]getCurrentTimeMillis,timeMillis=1760198522282
error|2025-10-11 09:02:02.282858|Download-1-0x00007f1f91509700|[PRECOMPILED]SM2EncryptPrecompiled exception:Unknown function
error|2025-10-11 09:02:02.282883|Download-1-0x00007f1f91509700|[EXECUTIVECONTEXT]PrecompiledException,address=000000000000000000000000000000000000500b,message:=Unknown function
error|2025-10-11 09:02:02.282925|Download-1-0x00007f1f91509700|[EXECUTIVE][TxExeError]Transaction execution error,TransactionExceptionID=22,hash=34fcf37998bfab32d1354d28f63091611b3b7e8622725266293468c69156e50d
error|2025-10-11 09:02:02.283346|Download-1-0x00007f1fa4d30700|[g:1][BLOCKVERIFIER]Invalid Block with bad stateRoot or receiptRoot or dbHash,blkNum=184,originHash=22a8c2ae...,curHash=d70f1cff...,orgReceipt=ed245b8c...,curRecepit=8937e548...,orgTxRoot=2d8a5d62...,curTxRoot=2d8a5d62...,orgState=00000000...,curState=00000000...,orgDBHash=00000000...,curDBHash=00000000...
warning|2025-10-11 09:02:02.283534|Download-1-0x00007f1fa4d30700|[g:1][BLOCKVERIFIER][executeBlock]executeBlock exception,blockNumber=184
info|2025-10-11 09:02:08.755760|Download-1-0x00007f1fa4d30700|[g:1][SYNC][id:374bdfe9...][Download][Request]Request blocks,from=184,to=184,peer=064cb676...
info|2025-10-11 09:02:08.762801|Download-1-0x00007f1fa4d30700|[g:1][SYNC][id:374bdfe9...][Download][BlockSync]Download block execute,number=184,txs=1,hash=22a8c2ae...
info|2025-10-11 09:02:08.762950|Download-1-0x00007f1fa4d30700|[g:1][BLOCKVERIFIER][executeBlock]Executing block,txNum=1,num=184,parentHash=84b9e5d996bf7a5eb7a7af1e23a8308230a576a20d5c81a92b78a013e510177d,parentNum=183,parentStateRoot=193aa4e3ddcabc3eb1c4bc64eca338693c126abd7770f253f6dd6e3fee2170ea
info|2025-10-11 09:02:08.763267|Download-1-0x00007f1fa4d30700|[g:1][PRECOMPILED]init GasChargeManagePrecompiled
info|2025-10-11 09:02:08.763931|Download-1-0x00007f1fa4d30700|[g:1][PRECOMPILED][TimerPrecompiled]getCurrentTimeMillis,timeMillis=1760198528763
error|2025-10-11 09:02:08.764217|Download-1-0x00007f1fa4d30700|[g:1][PRECOMPILED]SM2EncryptPrecompiled exception:Unknown function
error|2025-10-11 09:02:08.764304|Download-1-0x00007f1fa4d30700|[g:1][EXECUTIVECONTEXT]PrecompiledException,address=000000000000000000000000000000000000500b,message:=Unknown function
error|2025-10-11 09:02:08.764398|Download-1-0x00007f1fa4d30700|[g:1][EXECUTIVE][TxExeError]Transaction execution error,TransactionExceptionID=22,hash=34fcf37998bfab32d1354d28f63091611b3b7e8622725266293468c69156e50d
error|2025-10-11 09:02:08.764726|Download-1-0x00007f1fa4d30700|[g:1][BLOCKVERIFIER]Invalid Block with bad stateRoot or receiptRoot or dbHash,blkNum=184,originHash=22a8c2ae...,curHash=d70f1cff...,orgReceipt=ed245b8c...,curRecepit=8937e548...,orgTxRoot=2d8a5d62...,curTxRoot=2d8a5d62...,orgState=00000000...,curState=00000000...,orgDBHash=00000000...,curDBHash=00000000...
warning|2025-10-11 09:02:08.764928|Download-1-0x00007f1fa4d30700|[g:1][BLOCKVERIFIER][executeBlock]executeBlock exception,blockNumber=184
info|2025-10-11 09:02:11.326678|io_service-0x00007f1fb1d4a700|[P2P][Service] heartBeat,connected count=3
info|2025-10-11 09:02:15.287705|Download-1-0x00007f1fa4d30700|[g:1][SYNC][id:374bdfe9...][Download][Request]Request blocks,from=184,to=184,peer=064cb676...
info|2025-10-11 09:02:15.292627|Download-1-0x00007f1fa4d30700|[g:1][SYNC][id:374bdfe9...][Download][BlockSync]Download block execute,number=184,txs=1,hash=22a8c2ae...
info|2025-10-11 09:02:15.292683|Download-1-0x00007f1fa4d30700|[g:1][BLOCKVERIFIER][executeBlock]Executing block,txNum=1,num=184,parentHash=84b9e5d996bf7a5eb7a7af1e23a8308230a576a20d5c81a92b78a013e510177d,parentNum=183,parentStateRoot=193aa4e3ddcabc3eb1c4bc64eca338693c126abd7770f253f6dd6e3fee2170ea
info|2025-10-11 09:02:15.292873|Download-1-0x00007f1fa4d30700|[g:1][PRECOMPILED]init GasChargeManagePrecompiled
info|2025-10-11 09:02:15.293242|Download-1-0x00007f1f91509700|[PRECOMPILED][TimerPrecompiled]getCurrentTimeMillis,timeMillis=1760198535293
error|2025-10-11 09:02:15.293379|Download-1-0x00007f1f91509700|[PRECOMPILED]SM2EncryptPrecompiled exception:Unknown function
error|2025-10-11 09:02:15.293433|Download-1-0x00007f1f91509700|[EXECUTIVECONTEXT]PrecompiledException,address=000000000000000000000000000000000000500b,message:=Unknown function
error|2025-10-11 09:02:15.293473|Download-1-0x00007f1f91509700|[EXECUTIVE][TxExeError]Transaction execution error,TransactionExceptionID=22,hash=34fcf37998bfab32d1354d28f63091611b3b7e8622725266293468c69156e50d
error|2025-10-11 09:02:15.293895|Download-1-0x00007f1fa4d30700|[g:1][BLOCKVERIFIER]Invalid Block with bad stateRoot or receiptRoot or dbHash,blkNum=184,originHash=22a8c2ae...,curHash=d70f1cff...,orgReceipt=ed245b8c...,curRecepit=8937e548...,orgTxRoot=2d8a5d62...,curTxRoot=2d8a5d62...,orgState=00000000...,curState=00000000...,orgDBHash=00000000...,curDBHash=00000000...
warning|2025-10-11 09:02:15.294037|Download-1-0x00007f1fa4d30700|[g:1][BLOCKVERIFIER][executeBlock]executeBlock exception,blockNumber=184
info|2025-10-11 09:02:21.327780|io_service-0x00007f1fb1d4a700|[P2P][Service] heartBeat,connected count=3
info|2025-10-11 09:02:21.730691|Download-1-0x00007f1fa4d30700|[g:1][SYNC][id:374bdfe9...][Download][Request]Request blocks,from=184,to=184,peer=064cb676...
info|2025-10-11 09:02:21.735628|Download-1-0x00007f1fa4d30700|[g:1][SYNC][id:374bdfe9...][Download][BlockSync]Download block execute,number=184,txs=1,hash=22a8c2ae...
info|2025-10-11 09:02:21.735713|Download-1-0x00007f1fa4d30700|[g:1][BLOCKVERIFIER][executeBlock]Executing block,txNum=1,num=184,parentHash=84b9e5d996bf7a5eb7a7af1e23a8308230a576a20d5c81a92b78a013e510177d,parentNum=183,parentStateRoot=193aa4e3ddcabc3eb1c4bc64eca338693c126abd7770f253f6dd6e3fee2170ea
info|2025-10-11 09:02:21.735884|Download-1-0x00007f1fa4d30700|[g:1][PRECOMPILED]init GasChargeManagePrecompiled
info|2025-10-11 09:02:21.736201|Download-1-0x00007f1f91509700|[PRECOMPILED][TimerPrecompiled]getCurrentTimeMillis,timeMillis=1760198541736
error|2025-10-11 09:02:21.736325|Download-1-0x00007f1f91509700|[PRECOMPILED]SM2EncryptPrecompiled exception:Unknown function
error|2025-10-11 09:02:21.736373|Download-1-0x00007f1f91509700|[EXECUTIVECONTEXT]PrecompiledException,address=000000000000000000000000000000000000500b,message:=Unknown function
error|2025-10-11 09:02:21.736438|Download-1-0x00007f1f91509700|[EXECUTIVE][TxExeError]Transaction execution error,TransactionExceptionID=22,hash=34fcf37998bfab32d1354d28f63091611b3b7e8622725266293468c69156e50d
error|2025-10-11 09:02:21.736892|Download-1-0x00007f1fa4d30700|[g:1][BLOCKVERIFIER]Invalid Block with bad stateRoot or receiptRoot or dbHash,blkNum=184,originHash=22a8c2ae...,curHash=d70f1cff...,orgReceipt=ed245b8c...,curRecepit=8937e548...,orgTxRoot=2d8a5d62...,curTxRoot=2d8a5d62...,orgState=00000000...,curState=00000000...,orgDBHash=00000000...,curDBHash=00000000...
warning|2025-10-11 09:02:21.737058|Download-1-0x00007f1fa4d30700|[g:1][BLOCKVERIFIER][executeBlock]executeBlock exception,blockNumber=184
info|2025-10-11 09:02:28.144109|Download-1-0x00007f1fa4d30700|[g:1][SYNC][id:374bdfe9...][Download][Request]Request blocks,from=184,to=184,peer=73994dae...
info|2025-10-11 09:02:28.150641|Download-1-0x00007f1fa4d30700|[g:1][SYNC][id:374bdfe9...][Download][BlockSync]Download block execute,number=184,txs=1,hash=22a8c2ae...
info|2025-10-11 09:02:28.150699|Download-1-0x00007f1fa4d30700|[g:1][BLOCKVERIFIER][executeBlock]Executing block,txNum=1,num=184,parentHash=84b9e5d996bf7a5eb7a7af1e23a8308230a576a20d5c81a92b78a013e510177d,parentNum=183,parentStateRoot=193aa4e3ddcabc3eb1c4bc64eca338693c126abd7770f253f6dd6e3fee2170ea
info|2025-10-11 09:02:28.150859|Download-1-0x00007f1fa4d30700|[g:1][PRECOMPILED]init GasChargeManagePrecompiled
info|2025-10-11 09:02:28.151186|Download-1-0x00007f1f91509700|[PRECOMPILED][TimerPrecompiled]getCurrentTimeMillis,timeMillis=1760198548151
error|2025-10-11 09:02:28.151269|Download-1-0x00007f1f91509700|[PRECOMPILED]SM2EncryptPrecompiled exception:Unknown function
error|2025-10-11 09:02:28.151292|Download-1-0x00007f1f91509700|[EXECUTIVECONTEXT]PrecompiledException,address=000000000000000000000000000000000000500b,message:=Unknown function
error|2025-10-11 09:02:28.151322|Download-1-0x00007f1f91509700|[EXECUTIVE][TxExeError]Transaction execution error,TransactionExceptionID=22,hash=34fcf37998bfab32d1354d28f63091611b3b7e8622725266293468c69156e50d
error|2025-10-11 09:02:28.151608|Download-1-0x00007f1fa4d30700|[g:1][BLOCKVERIFIER]Invalid Block with bad stateRoot or receiptRoot or dbHash,blkNum=184,originHash=22a8c2ae...,curHash=d70f1cff...,orgReceipt=ed245b8c...,curRecepit=8937e548...,orgTxRoot=2d8a5d62...,curTxRoot=2d8a5d62...,orgState=00000000...,curState=00000000...,orgDBHash=00000000...,curDBHash=00000000...
warning|2025-10-11 09:02:28.151724|Download-1-0x00007f1fa4d30700|[g:1][BLOCKVERIFIER][executeBlock]executeBlock exception,blockNumber=184
info|2025-10-11 09:02:31.328412|io_service-0x00007f1fb1d4a700|[P2P][Service] heartBeat,connected count=3
info|2025-10-11 09:02:34.657568|Download-1-0x00007f1fa4d30700|[g:1][SYNC][id:374bdfe9...][Download][Request]Request blocks,from=184,to=184,peer=064cb676...
info|2025-10-11 09:02:34.662617|Download-1-0x00007f1fa4d30700|[g:1][SYNC][id:374bdfe9...][Download][BlockSync]Download block execute,number=184,txs=1,hash=22a8c2ae...
info|2025-10-11 09:02:34.662835|Download-1-0x00007f1fa4d30700|[g:1][BLOCKVERIFIER][executeBlock]Executing block,txNum=1,num=184,parentHash=84b9e5d996bf7a5eb7a7af1e23a8308230a576a20d5c81a92b78a013e510177d,parentNum=183,parentStateRoot=193aa4e3ddcabc3eb1c4bc64eca338693c126abd7770f253f6dd6e3fee2170ea
info|2025-10-11 09:02:34.663046|Download-1-0x00007f1fa4d30700|[g:1][PRECOMPILED]init GasChargeManagePrecompiled
info|2025-10-11 09:02:34.663456|Download-1-0x00007f1fa4d30700|[g:1][PRECOMPILED][TimerPrecompiled]getCurrentTimeMillis,timeMillis=1760198554663
error|2025-10-11 09:02:34.663568|Download-1-0x00007f1fa4d30700|[g:1][PRECOMPILED]SM2EncryptPrecompiled exception:Unknown function
error|2025-10-11 09:02:34.663604|Download-1-0x00007f1fa4d30700|[g:1][EXECUTIVECONTEXT]PrecompiledException,address=000000000000000000000000000000000000500b,message:=Unknown function
error|2025-10-11 09:02:34.663653|Download-1-0x00007f1fa4d30700|[g:1][EXECUTIVE][TxExeError]Transaction execution error,TransactionExceptionID=22,hash=34fcf37998bfab32d1354d28f63091611b3b7e8622725266293468c69156e50d
error|2025-10-11 09:02:34.663895|Download-1-0x00007f1fa4d30700|[g:1][BLOCKVERIFIER]Invalid Block with bad stateRoot or receiptRoot or dbHash,blkNum=184,originHash=22a8c2ae...,curHash=d70f1cff...,orgReceipt=ed245b8c...,curRecepit=8937e548...,orgTxRoot=2d8a5d62...,curTxRoot=2d8a5d62...,orgState=00000000...,curState=00000000...,orgDBHash=00000000...,curDBHash=00000000...
warning|2025-10-11 09:02:34.664049|Download-1-0x00007f1fa4d30700|[g:1][BLOCKVERIFIER][executeBlock]executeBlock exception,blockNumber=184
info|2025-10-11 09:02:41.064300|Download-1-0x00007f1fa4d30700|[g:1][SYNC][id:374bdfe9...][Download][Request]Request blocks,from=184,to=184,peer=87d00b98...
info|2025-10-11 09:02:41.068708|Download-1-0x00007f1fa4d30700|[g:1][SYNC][id:374bdfe9...][Download][BlockSync]Download block execute,number=184,txs=1,hash=22a8c2ae...
info|2025-10-11 09:02:41.068845|Download-1-0x00007f1fa4d30700|[g:1][BLOCKVERIFIER][executeBlock]Executing block,txNum=1,num=184,parentHash=84b9e5d996bf7a5eb7a7af1e23a8308230a576a20d5c81a92b78a013e510177d,parentNum=183,parentStateRoot=193aa4e3ddcabc3eb1c4bc64eca338693c126abd7770f253f6dd6e3fee2170ea
info|2025-10-11 09:02:41.069073|Download-1-0x00007f1fa4d30700|[g:1][PRECOMPILED]init GasChargeManagePrecompiled
info|2025-10-11 09:02:41.069442|Download-1-0x00007f1fa4d30700|[g:1][PRECOMPILED][TimerPrecompiled]getCurrentTimeMillis,timeMillis=1760198561069
error|2025-10-11 09:02:41.069588|Download-1-0x00007f1fa4d30700|[g:1][PRECOMPILED]SM2EncryptPrecompiled exception:Unknown function
error|2025-10-11 09:02:41.069655|Download-1-0x00007f1fa4d30700|[g:1][EXECUTIVECONTEXT]PrecompiledException,address=000000000000000000000000000000000000500b,message:=Unknown function
error|2025-10-11 09:02:41.069721|Download-1-0x00007f1fa4d30700|[g:1][EXECUTIVE][TxExeError]Transaction execution error,TransactionExceptionID=22,hash=34fcf37998bfab32d1354d28f63091611b3b7e8622725266293468c69156e50d
error|2025-10-11 09:02:41.070014|Download-1-0x00007f1fa4d30700|[g:1][BLOCKVERIFIER]Invalid Block with bad stateRoot or receiptRoot or dbHash,blkNum=184,originHash=22a8c2ae...,curHash=d70f1cff...,orgReceipt=ed245b8c...,curRecepit=8937e548...,orgTxRoot=2d8a5d62...,curTxRoot=2d8a5d62...,orgState=00000000...,curState=00000000...,orgDBHash=00000000...,curDBHash=00000000...
warning|2025-10-11 09:02:41.070191|Download-1-0x00007f1fa4d30700|[g:1][BLOCKVERIFIER][executeBlock]executeBlock exception,blockNumber=184
info|2025-10-11 09:02:41.329308|io_service-0x00007f1fb1d4a700|[P2P][Service] heartBeat,connected count=3
info|2025-10-11 09:02:47.467229|Download-1-0x00007f1fa4d30700|[g:1][SYNC][id:374bdfe9...][Download][Request]Request blocks,from=184,to=184,peer=064cb676...
info|2025-10-11 09:02:47.472393|Download-1-0x00007f1fa4d30700|[g:1][SYNC][id:374bdfe9...][Download][BlockSync]Download block execute,number=184,txs=1,hash=22a8c2ae...
info|2025-10-11 09:02:47.472511|Download-1-0x00007f1fa4d30700|[g:1][BLOCKVERIFIER][executeBlock]Executing block,txNum=1,num=184,parentHash=84b9e5d996bf7a5eb7a7af1e23a8308230a576a20d5c81a92b78a013e510177d,parentNum=183,parentStateRoot=193aa4e3ddcabc3eb1c4bc64eca338693c126abd7770f253f6dd6e3fee2170ea
info|2025-10-11 09:02:47.472657|Download-1-0x00007f1fa4d30700|[g:1][PRECOMPILED]init GasChargeManagePrecompiled
info|2025-10-11 09:02:47.473112|Download-1-0x00007f1f91509700|[PRECOMPILED][TimerPrecompiled]getCurrentTimeMillis,timeMillis=1760198567473
error|2025-10-11 09:02:47.473234|Download-1-0x00007f1f91509700|[PRECOMPILED]SM2EncryptPrecompiled exception:Unknown function
error|2025-10-11 09:02:47.473259|Download-1-0x00007f1f91509700|[EXECUTIVECONTEXT]PrecompiledException,address=000000000000000000000000000000000000500b,message:=Unknown function
error|2025-10-11 09:02:47.473323|Download-1-0x00007f1f91509700|[EXECUTIVE][TxExeError]Transaction execution error,TransactionExceptionID=22,hash=34fcf37998bfab32d1354d28f63091611b3b7e8622725266293468c69156e50d
error|2025-10-11 09:02:47.473599|Download-1-0x00007f1fa4d30700|[g:1][BLOCKVERIFIER]Invalid Block with bad stateRoot or receiptRoot or dbHash,blkNum=184,originHash=22a8c2ae...,curHash=d70f1cff...,orgReceipt=ed245b8c...,curRecepit=8937e548...,orgTxRoot=2d8a5d62...,curTxRoot=2d8a5d62...,orgState=00000000...,curState=00000000...,orgDBHash=00000000...,curDBHash=00000000...
warning|2025-10-11 09:02:47.473781|Download-1-0x00007f1fa4d30700|[g:1][BLOCKVERIFIER][executeBlock]executeBlock exception,blockNumber=184
info|2025-10-11 09:02:51.329667|io_service-0x00007f1fb1d4a700|[P2P][Service] heartBeat,connected count=3
info|2025-10-11 09:02:53.880390|Download-1-0x00007f1fa4d30700|[g:1][SYNC][id:374bdfe9...][Download][Request]Request blocks,from=184,to=184,peer=064cb676...
info|2025-10-11 09:02:53.886526|Download-1-0x00007f1fa4d30700|[g:1][SYNC][id:374bdfe9...][Download][BlockSync]Download block execute,number=184,txs=1,hash=22a8c2ae...
info|2025-10-11 09:02:53.886671|Download-1-0x00007f1fa4d30700|[g:1][BLOCKVERIFIER][executeBlock]Executing block,txNum=1,num=184,parentHash=84b9e5d996bf7a5eb7a7af1e23a8308230a576a20d5c81a92b78a013e510177d,parentNum=183,parentStateRoot=193aa4e3ddcabc3eb1c4bc64eca338693c126abd7770f253f6dd6e3fee2170ea
info|2025-10-11 09:02:53.886897|Download-1-0x00007f1fa4d30700|[g:1][PRECOMPILED]init GasChargeManagePrecompiled
info|2025-10-11 09:02:53.887462|Download-1-0x00007f1fa4d30700|[g:1][PRECOMPILED][TimerPrecompiled]getCurrentTimeMillis,timeMillis=1760198573887
error|2025-10-11 09:02:53.887645|Download-1-0x00007f1fa4d30700|[g:1][PRECOMPILED]SM2EncryptPrecompiled exception:Unknown function
error|2025-10-11 09:02:53.887700|Download-1-0x00007f1fa4d30700|[g:1][EXECUTIVECONTEXT]PrecompiledException,address=000000000000000000000000000000000000500b,message:=Unknown function
error|2025-10-11 09:02:53.887768|Download-1-0x00007f1fa4d30700|[g:1][EXECUTIVE][TxExeError]Transaction execution error,TransactionExceptionID=22,hash=34fcf37998bfab32d1354d28f63091611b3b7e8622725266293468c69156e50d
error|2025-10-11 09:02:53.888206|Download-1-0x00007f1fa4d30700|[g:1][BLOCKVERIFIER]Invalid Block with bad stateRoot or receiptRoot or dbHash,blkNum=184,originHash=22a8c2ae...,curHash=d70f1cff...,orgReceipt=ed245b8c...,curRecepit=8937e548...,orgTxRoot=2d8a5d62...,curTxRoot=2d8a5d62...,orgState=00000000...,curState=00000000...,orgDBHash=00000000...,curDBHash=00000000...
warning|2025-10-11 09:02:53.888430|Download-1-0x00007f1fa4d30700|[g:1][BLOCKVERIFIER][executeBlock]executeBlock exception,blockNumber=184
info|2025-10-11 09:03:00.326985|Download-1-0x00007f1fa4d30700|[g:1][SYNC][id:374bdfe9...][Download][Request]Request blocks,from=184,to=184,peer=87d00b98...
info|2025-10-11 09:03:00.332981|Download-1-0x00007f1fa4d30700|[g:1][SYNC][id:374bdfe9...][Download][BlockSync]Download block execute,number=184,txs=1,hash=22a8c2ae...
info|2025-10-11 09:03:00.333079|Download-1-0x00007f1fa4d30700|[g:1][BLOCKVERIFIER][executeBlock]Executing block,txNum=1,num=184,parentHash=84b9e5d996bf7a5eb7a7af1e23a8308230a576a20d5c81a92b78a013e510177d,parentNum=183,parentStateRoot=193aa4e3ddcabc3eb1c4bc64eca338693c126abd7770f253f6dd6e3fee2170ea
info|2025-10-11 09:03:00.333311|Download-1-0x00007f1fa4d30700|[g:1][PRECOMPILED]init GasChargeManagePrecompiled
info|2025-10-11 09:03:00.333988|Download-1-0x00007f1fa4d30700|[g:1][PRECOMPILED][TimerPrecompiled]getCurrentTimeMillis,timeMillis=1760198580333
error|2025-10-11 09:03:00.334154|Download-1-0x00007f1fa4d30700|[g:1][PRECOMPILED]SM2EncryptPrecompiled exception:Unknown function
error|2025-10-11 09:03:00.334210|Download-1-0x00007f1fa4d30700|[g:1][EXECUTIVECONTEXT]PrecompiledException,address=000000000000000000000000000000000000500b,message:=Unknown function
error|2025-10-11 09:03:00.334268|Download-1-0x00007f1fa4d30700|[g:1][EXECUTIVE][TxExeError]Transaction execution error,TransactionExceptionID=22,hash=34fcf37998bfab32d1354d28f63091611b3b7e8622725266293468c69156e50d
error|2025-10-11 09:03:00.334552|Download-1-0x00007f1fa4d30700|[g:1][BLOCKVERIFIER]Invalid Block with bad stateRoot or receiptRoot or dbHash,blkNum=184,originHash=22a8c2ae...,curHash=d70f1cff...,orgReceipt=ed245b8c...,curRecepit=8937e548...,orgTxRoot=2d8a5d62...,curTxRoot=2d8a5d62...,orgState=00000000...,curState=00000000...,orgDBHash=00000000...,curDBHash=00000000...
warning|2025-10-11 09:03:00.334713|Download-1-0x00007f1fa4d30700|[g:1][BLOCKVERIFIER][executeBlock]executeBlock exception,blockNumber=184
info|2025-10-11 09:03:01.329936|io_service-0x00007f1fb1d4a700|[P2P][Service] heartBeat,connected count=3
info|2025-10-11 09:03:06.883886|Download-1-0x00007f1fa4d30700|[g:1][SYNC][id:374bdfe9...][Download][Request]Request blocks,from=184,to=184,peer=87d00b98...
info|2025-10-11 09:03:06.892016|Download-1-0x00007f1fa4d30700|[g:1][SYNC][id:374bdfe9...][Download][BlockSync]Download block execute,number=184,txs=1,hash=22a8c2ae...
info|2025-10-11 09:03:06.892118|Download-1-0x00007f1fa4d30700|[g:1][BLOCKVERIFIER][executeBlock]Executing block,txNum=1,num=184,parentHash=84b9e5d996bf7a5eb7a7af1e23a8308230a576a20d5c81a92b78a013e510177d,parentNum=183,parentStateRoot=193aa4e3ddcabc3eb1c4bc64eca338693c126abd7770f253f6dd6e3fee2170ea
info|2025-10-11 09:03:06.892518|Download-1-0x00007f1fa4d30700|[g:1][PRECOMPILED]init GasChargeManagePrecompiled
info|2025-10-11 09:03:06.893075|Download-1-0x00007f1fa4d30700|[g:1][PRECOMPILED][TimerPrecompiled]getCurrentTimeMillis,timeMillis=1760198586893
error|2025-10-11 09:03:06.893241|Download-1-0x00007f1fa4d30700|[g:1][PRECOMPILED]SM2EncryptPrecompiled exception:Unknown function
error|2025-10-11 09:03:06.893296|Download-1-0x00007f1fa4d30700|[g:1][EXECUTIVECONTEXT]PrecompiledException,address=000000000000000000000000000000000000500b,message:=Unknown function
error|2025-10-11 09:03:06.893402|Download-1-0x00007f1fa4d30700|[g:1][EXECUTIVE][TxExeError]Transaction execution error,TransactionExceptionID=22,hash=34fcf37998bfab32d1354d28f63091611b3b7e8622725266293468c69156e50d
error|2025-10-11 09:03:06.893623|Download-1-0x00007f1fa4d30700|[g:1][BLOCKVERIFIER]Invalid Block with bad stateRoot or receiptRoot or dbHash,blkNum=184,originHash=22a8c2ae...,curHash=d70f1cff...,orgReceipt=ed245b8c...,curRecepit=8937e548...,orgTxRoot=2d8a5d62...,curTxRoot=2d8a5d62...,orgState=00000000...,curState=00000000...,orgDBHash=00000000...,curDBHash=00000000...
warning|2025-10-11 09:03:06.893763|Download-1-0x00007f1fa4d30700|[g:1][BLOCKVERIFIER][executeBlock]executeBlock exception,blockNumber=184
info|2025-10-11 09:03:11.330352|io_service-0x00007f1fb1d4a700|[P2P][Service] heartBeat,connected count=3
info|2025-10-11 09:03:13.336417|Download-1-0x00007f1fa4d30700|[g:1][SYNC][id:374bdfe9...][Download][Request]Request blocks,from=184,to=184,peer=87d00b98...
info|2025-10-11 09:03:13.343904|Download-1-0x00007f1fa4d30700|[g:1][SYNC][id:374bdfe9...][Download][BlockSync]Download block execute,number=184,txs=1,hash=22a8c2ae...
info|2025-10-11 09:03:13.344000|Download-1-0x00007f1fa4d30700|[g:1][BLOCKVERIFIER][executeBlock]Executing block,txNum=1,num=184,parentHash=84b9e5d996bf7a5eb7a7af1e23a8308230a576a20d5c81a92b78a013e510177d,parentNum=183,parentStateRoot=193aa4e3ddcabc3eb1c4bc64eca338693c126abd7770f253f6dd6e3fee2170ea
info|2025-10-11 09:03:13.344857|Download-1-0x00007f1fa4d30700|[g:1][PRECOMPILED]init GasChargeManagePrecompiled
info|2025-10-11 09:03:13.345347|Download-1-0x00007f1fa4d30700|[g:1][PRECOMPILED][TimerPrecompiled]getCurrentTimeMillis,timeMillis=1760198593345
error|2025-10-11 09:03:13.345511|Download-1-0x00007f1fa4d30700|[g:1][PRECOMPILED]SM2EncryptPrecompiled exception:Unknown function
error|2025-10-11 09:03:13.345567|Download-1-0x00007f1fa4d30700|[g:1][EXECUTIVECONTEXT]PrecompiledException,address=000000000000000000000000000000000000500b,message:=Unknown function
error|2025-10-11 09:03:13.345647|Download-1-0x00007f1fa4d30700|[g:1][EXECUTIVE][TxExeError]Transaction execution error,TransactionExceptionID=22,hash=34fcf37998bfab32d1354d28f63091611b3b7e8622725266293468c69156e50d
error|2025-10-11 09:03:13.346946|Download-1-0x00007f1fa4d30700|[g:1][BLOCKVERIFIER]Invalid Block with bad stateRoot or receiptRoot or dbHash,blkNum=184,originHash=22a8c2ae...,curHash=d70f1cff...,orgReceipt=ed245b8c...,curRecepit=8937e548...,orgTxRoot=2d8a5d62...,curTxRoot=2d8a5d62...,orgState=00000000...,curState=00000000...,orgDBHash=00000000...,curDBHash=00000000...
warning|2025-10-11 09:03:13.348273|Download-1-0x00007f1fa4d30700|[g:1][BLOCKVERIFIER][executeBlock]executeBlock exception,blockNumber=184
info|2025-10-11 09:03:19.896012|Download-1-0x00007f1fa4d30700|[g:1][SYNC][id:374bdfe9...][Download][Request]Request blocks,from=184,to=184,peer=064cb676...
info|2025-10-11 09:03:19.902933|Download-1-0x00007f1fa4d30700|[g:1][SYNC][id:374bdfe9...][Download][BlockSync]Download block execute,number=184,txs=1,hash=22a8c2ae...
info|2025-10-11 09:03:19.903178|Download-1-0x00007f1fa4d30700|[g:1][BLOCKVERIFIER][executeBlock]Executing block,txNum=1,num=184,parentHash=84b9e5d996bf7a5eb7a7af1e23a8308230a576a20d5c81a92b78a013e510177d,parentNum=183,parentStateRoot=193aa4e3ddcabc3eb1c4bc64eca338693c126abd7770f253f6dd6e3fee2170ea
info|2025-10-11 09:03:19.903815|Download-1-0x00007f1fa4d30700|[g:1][PRECOMPILED]init GasChargeManagePrecompiled
info|2025-10-11 09:03:19.904951|Download-1-0x00007f1fa4d30700|[g:1][PRECOMPILED][TimerPrecompiled]getCurrentTimeMillis,timeMillis=1760198599904
error|2025-10-11 09:03:19.905169|Download-1-0x00007f1fa4d30700|[g:1][PRECOMPILED]SM2EncryptPrecompiled exception:Unknown function
error|2025-10-11 09:03:19.905245|Download-1-0x00007f1fa4d30700|[g:1][EXECUTIVECONTEXT]PrecompiledException,address=000000000000000000000000000000000000500b,message:=Unknown function
error|2025-10-11 09:03:19.905635|Download-1-0x00007f1fa4d30700|[g:1][EXECUTIVE][TxExeError]Transaction execution error,TransactionExceptionID=22,hash=34fcf37998bfab32d1354d28f63091611b3b7e8622725266293468c69156e50d
error|2025-10-11 09:03:19.905976|Download-1-0x00007f1fa4d30700|[g:1][BLOCKVERIFIER]Invalid Block with bad stateRoot or receiptRoot or dbHash,blkNum=184,originHash=22a8c2ae...,curHash=d70f1cff...,orgReceipt=ed245b8c...,curRecepit=8937e548...,orgTxRoot=2d8a5d62...,curTxRoot=2d8a5d62...,orgState=00000000...,curState=00000000...,orgDBHash=00000000...,curDBHash=00000000...
warning|2025-10-11 09:03:19.906292|Download-1-0x00007f1fa4d30700|[g:1][BLOCKVERIFIER][executeBlock]executeBlock exception,blockNumber=184
info|2025-10-11 09:03:21.331352|io_service-0x00007f1fb1d4a700|[P2P][Service] heartBeat,connected count=3
info|2025-10-11 09:03:26.347728|Download-1-0x00007f1fa4d30700|[g:1][SYNC][id:374bdfe9...][Download][Request]Request blocks,from=184,to=184,peer=87d00b98...
info|2025-10-11 09:03:26.354413|Download-1-0x00007f1fa4d30700|[g:1][SYNC][id:374bdfe9...][Download][BlockSync]Download block execute,number=184,txs=1,hash=22a8c2ae...
info|2025-10-11 09:03:26.354578|Download-1-0x00007f1fa4d30700|[g:1][BLOCKVERIFIER][executeBlock]Executing block,txNum=1,num=184,parentHash=84b9e5d996bf7a5eb7a7af1e23a8308230a576a20d5c81a92b78a013e510177d,parentNum=183,parentStateRoot=193aa4e3ddcabc3eb1c4bc64eca338693c126abd7770f253f6dd6e3fee2170ea
info|2025-10-11 09:03:26.354972|Download-1-0x00007f1fa4d30700|[g:1][PRECOMPILED]init GasChargeManagePrecompiled
info|2025-10-11 09:03:26.356453|Download-1-0x00007f1f91509700|[PRECOMPILED][TimerPrecompiled]getCurrentTimeMillis,timeMillis=1760198606356
error|2025-10-11 09:03:26.356743|Download-1-0x00007f1f91509700|[PRECOMPILED]SM2EncryptPrecompiled exception:Unknown function
error|2025-10-11 09:03:26.356792|Download-1-0x00007f1f91509700|[EXECUTIVECONTEXT]PrecompiledException,address=000000000000000000000000000000000000500b,message:=Unknown function
error|2025-10-11 09:03:26.356864|Download-1-0x00007f1f91509700|[EXECUTIVE][TxExeError]Transaction execution error,TransactionExceptionID=22,hash=34fcf37998bfab32d1354d28f63091611b3b7e8622725266293468c69156e50d
error|2025-10-11 09:03:26.357572|Download-1-0x00007f1fa4d30700|[g:1][BLOCKVERIFIER]Invalid Block with bad stateRoot or receiptRoot or dbHash,blkNum=184,originHash=22a8c2ae...,curHash=d70f1cff...,orgReceipt=ed245b8c...,curRecepit=8937e548...,orgTxRoot=2d8a5d62...,curTxRoot=2d8a5d62...,orgState=00000000...,curState=00000000...,orgDBHash=00000000...,curDBHash=00000000...
warning|2025-10-11 09:03:26.357852|Download-1-0x00007f1fa4d30700|[g:1][BLOCKVERIFIER][executeBlock]executeBlock exception,blockNumber=184
info|2025-10-11 09:03:31.331773|io_service-0x00007f1fb1d4a700|[P2P][Service] heartBeat,connected count=3
info|2025-10-11 09:03:32.906645|Download-1-0x00007f1fa4d30700|[g:1][SYNC][id:374bdfe9...][Download][Request]Request blocks,from=184,to=184,peer=87d00b98...
info|2025-10-11 09:03:32.912920|Download-1-0x00007f1fa4d30700|[g:1][SYNC][id:374bdfe9...][Download][BlockSync]Download block execute,number=184,txs=1,hash=22a8c2ae...
info|2025-10-11 09:03:32.913279|Download-1-0x00007f1fa4d30700|[g:1][BLOCKVERIFIER][executeBlock]Executing block,txNum=1,num=184,parentHash=84b9e5d996bf7a5eb7a7af1e23a8308230a576a20d5c81a92b78a013e510177d,parentNum=183,parentStateRoot=193aa4e3ddcabc3eb1c4bc64eca338693c126abd7770f253f6dd6e3fee2170ea
info|2025-10-11 09:03:32.913525|Download-1-0x00007f1fa4d30700|[g:1][PRECOMPILED]init GasChargeManagePrecompiled
info|2025-10-11 09:03:32.914167|Download-1-0x00007f1f91509700|[PRECOMPILED][TimerPrecompiled]getCurrentTimeMillis,timeMillis=1760198612914
error|2025-10-11 09:03:32.914303|Download-1-0x00007f1f91509700|[PRECOMPILED]SM2EncryptPrecompiled exception:Unknown function
error|2025-10-11 09:03:32.914334|Download-1-0x00007f1f91509700|[EXECUTIVECONTEXT]PrecompiledException,address=000000000000000000000000000000000000500b,message:=Unknown function
error|2025-10-11 09:03:32.914379|Download-1-0x00007f1f91509700|[EXECUTIVE][TxExeError]Transaction execution error,TransactionExceptionID=22,hash=34fcf37998bfab32d1354d28f63091611b3b7e8622725266293468c69156e50d
error|2025-10-11 09:03:32.914998|Download-1-0x00007f1fa4d30700|[g:1][BLOCKVERIFIER]Invalid Block with bad stateRoot or receiptRoot or dbHash,blkNum=184,originHash=22a8c2ae...,curHash=d70f1cff...,orgReceipt=ed245b8c...,curRecepit=8937e548...,orgTxRoot=2d8a5d62...,curTxRoot=2d8a5d62...,orgState=00000000...,curState=00000000...,orgDBHash=00000000...,curDBHash=00000000...
warning|2025-10-11 09:03:32.915265|Download-1-0x00007f1fa4d30700|[g:1][BLOCKVERIFIER][executeBlock]executeBlock exception,blockNumber=184
info|2025-10-11 09:03:39.358269|Download-1-0x00007f1fa4d30700|[g:1][SYNC][id:374bdfe9...][Download][Request]Request blocks,from=184,to=184,peer=73994dae...
info|2025-10-11 09:03:39.364698|Download-1-0x00007f1fa4d30700|[g:1][SYNC][id:374bdfe9...][Download][BlockSync]Download block execute,number=184,txs=1,hash=22a8c2ae...
info|2025-10-11 09:03:39.364798|Download-1-0x00007f1fa4d30700|[g:1][BLOCKVERIFIER][executeBlock]Executing block,txNum=1,num=184,parentHash=84b9e5d996bf7a5eb7a7af1e23a8308230a576a20d5c81a92b78a013e510177d,parentNum=183,parentStateRoot=193aa4e3ddcabc3eb1c4bc64eca338693c126abd7770f253f6dd6e3fee2170ea
info|2025-10-11 09:03:39.364998|Download-1-0x00007f1fa4d30700|[g:1][PRECOMPILED]init GasChargeManagePrecompiled
info|2025-10-11 09:03:39.365514|Download-1-0x00007f1f91509700|[PRECOMPILED][TimerPrecompiled]getCurrentTimeMillis,timeMillis=1760198619365
error|2025-10-11 09:03:39.365598|Download-1-0x00007f1f91509700|[PRECOMPILED]SM2EncryptPrecompiled exception:Unknown function
error|2025-10-11 09:03:39.365623|Download-1-0x00007f1f91509700|[EXECUTIVECONTEXT]PrecompiledException,address=000000000000000000000000000000000000500b,message:=Unknown function
error|2025-10-11 09:03:39.365661|Download-1-0x00007f1f91509700|[EXECUTIVE][TxExeError]Transaction execution error,TransactionExceptionID=22,hash=34fcf37998bfab32d1354d28f63091611b3b7e8622725266293468c69156e50d
error|2025-10-11 09:03:39.366606|Download-1-0x00007f1fa4d30700|[g:1][BLOCKVERIFIER]Invalid Block with bad stateRoot or receiptRoot or dbHash,blkNum=184,originHash=22a8c2ae...,curHash=d70f1cff...,orgReceipt=ed245b8c...,curRecepit=8937e548...,orgTxRoot=2d8a5d62...,curTxRoot=2d8a5d62...,orgState=00000000...,curState=00000000...,orgDBHash=00000000...,curDBHash=00000000...
warning|2025-10-11 09:03:39.367392|Download-1-0x00007f1fa4d30700|[g:1][BLOCKVERIFIER][executeBlock]executeBlock exception,blockNumber=184
info|2025-10-11 09:03:41.332234|io_service-0x00007f1fb1d4a700|[P2P][Service] heartBeat,connected count=3
info|2025-10-11 09:03:45.850425|Download-1-0x00007f1fa4d30700|[g:1][SYNC][id:374bdfe9...][Download][Request]Request blocks,from=184,to=184,peer=064cb676...
info|2025-10-11 09:03:45.857837|Download-1-0x00007f1fa4d30700|[g:1][SYNC][id:374bdfe9...][Download][BlockSync]Download block execute,number=184,txs=1,hash=22a8c2ae...
info|2025-10-11 09:03:45.857954|Download-1-0x00007f1fa4d30700|[g:1][BLOCKVERIFIER][executeBlock]Executing block,txNum=1,num=184,parentHash=84b9e5d996bf7a5eb7a7af1e23a8308230a576a20d5c81a92b78a013e510177d,parentNum=183,parentStateRoot=193aa4e3ddcabc3eb1c4bc64eca338693c126abd7770f253f6dd6e3fee2170ea
info|2025-10-11 09:03:45.858322|Download-1-0x00007f1fa4d30700|[g:1][PRECOMPILED]init GasChargeManagePrecompiled
info|2025-10-11 09:03:45.859022|Download-1-0x00007f1f91509700|[PRECOMPILED][TimerPrecompiled]getCurrentTimeMillis,timeMillis=1760198625859
error|2025-10-11 09:03:45.859153|Download-1-0x00007f1f91509700|[PRECOMPILED]SM2EncryptPrecompiled exception:Unknown function
error|2025-10-11 09:03:45.859182|Download-1-0x00007f1f91509700|[EXECUTIVECONTEXT]PrecompiledException,address=000000000000000000000000000000000000500b,message:=Unknown function
error|2025-10-11 09:03:45.859226|Download-1-0x00007f1f91509700|[EXECUTIVE][TxExeError]Transaction execution error,TransactionExceptionID=22,hash=34fcf37998bfab32d1354d28f63091611b3b7e8622725266293468c69156e50d
error|2025-10-11 09:03:45.860669|Download-1-0x00007f1fa4d30700|[g:1][BLOCKVERIFIER]Invalid Block with bad stateRoot or receiptRoot or dbHash,blkNum=184,originHash=22a8c2ae...,curHash=d70f1cff...,orgReceipt=ed245b8c...,curRecepit=8937e548...,orgTxRoot=2d8a5d62...,curTxRoot=2d8a5d62...,orgState=00000000...,curState=00000000...,orgDBHash=00000000...,curDBHash=00000000...
warning|2025-10-11 09:03:45.861041|Download-1-0x00007f1fa4d30700|[g:1][BLOCKVERIFIER][executeBlock]executeBlock exception,blockNumber=184
info|2025-10-11 09:03:51.332585|io_service-0x00007f1fb1d4a700|[P2P][Service] heartBeat,connected count=3
info|2025-10-11 09:03:52.385012|Download-1-0x00007f1fa4d30700|[g:1][SYNC][id:374bdfe9...][Download][Request]Request blocks,from=184,to=184,peer=73994dae...
info|2025-10-11 09:03:52.391258|Download-1-0x00007f1fa4d30700|[g:1][SYNC][id:374bdfe9...][Download][BlockSync]Download block execute,number=184,txs=1,hash=22a8c2ae...
info|2025-10-11 09:03:52.391404|Download-1-0x00007f1fa4d30700|[g:1][BLOCKVERIFIER][executeBlock]Executing block,txNum=1,num=184,parentHash=84b9e5d996bf7a5eb7a7af1e23a8308230a576a20d5c81a92b78a013e510177d,parentNum=183,parentStateRoot=193aa4e3ddcabc3eb1c4bc64eca338693c126abd7770f253f6dd6e3fee2170ea
info|2025-10-11 09:03:52.391638|Download-1-0x00007f1fa4d30700|[g:1][PRECOMPILED]init GasChargeManagePrecompiled
info|2025-10-11 09:03:52.392164|Download-1-0x00007f1f91509700|[PRECOMPILED][TimerPrecompiled]getCurrentTimeMillis,timeMillis=1760198632392
error|2025-10-11 09:03:52.392254|Download-1-0x00007f1f91509700|[PRECOMPILED]SM2EncryptPrecompiled exception:Unknown function
error|2025-10-11 09:03:52.392276|Download-1-0x00007f1f91509700|[EXECUTIVECONTEXT]PrecompiledException,address=000000000000000000000000000000000000500b,message:=Unknown function
error|2025-10-11 09:03:52.392318|Download-1-0x00007f1f91509700|[EXECUTIVE][TxExeError]Transaction execution error,TransactionExceptionID=22,hash=34fcf37998bfab32d1354d28f63091611b3b7e8622725266293468c69156e50d
error|2025-10-11 09:03:52.392749|Download-1-0x00007f1fa4d30700|[g:1][BLOCKVERIFIER]Invalid Block with bad stateRoot or receiptRoot or dbHash,blkNum=184,originHash=22a8c2ae...,curHash=d70f1cff...,orgReceipt=ed245b8c...,curRecepit=8937e548...,orgTxRoot=2d8a5d62...,curTxRoot=2d8a5d62...,orgState=00000000...,curState=00000000...,orgDBHash=00000000...,curDBHash=00000000...
warning|2025-10-11 09:03:52.392903|Download-1-0x00007f1fa4d30700|[g:1][BLOCKVERIFIER][executeBlock]executeBlock exception,blockNumber=184
info|2025-10-11 09:03:58.844206|Download-1-0x00007f1fa4d30700|[g:1][SYNC][id:374bdfe9...][Download][Request]Request blocks,from=184,to=184,peer=73994dae...
info|2025-10-11 09:03:58.859895|Download-1-0x00007f1fa4d30700|[g:1][SYNC][id:374bdfe9...][Download][BlockSync]Download block execute,number=184,txs=1,hash=22a8c2ae...
info|2025-10-11 09:03:58.872567|Download-1-0x00007f1fa4d30700|[g:1][BLOCKVERIFIER][executeBlock]Executing block,txNum=1,num=184,parentHash=84b9e5d996bf7a5eb7a7af1e23a8308230a576a20d5c81a92b78a013e510177d,parentNum=183,parentStateRoot=193aa4e3ddcabc3eb1c4bc64eca338693c126abd7770f253f6dd6e3fee2170ea
info|2025-10-11 09:03:58.872848|Download-1-0x00007f1fa4d30700|[g:1][PRECOMPILED]init GasChargeManagePrecompiled
info|2025-10-11 09:03:58.873279|Download-1-0x00007f1f91509700|[PRECOMPILED][TimerPrecompiled]getCurrentTimeMillis,timeMillis=1760198638873
error|2025-10-11 09:03:58.873370|Download-1-0x00007f1f91509700|[PRECOMPILED]SM2EncryptPrecompiled exception:Unknown function
error|2025-10-11 09:03:58.873395|Download-1-0x00007f1f91509700|[EXECUTIVECONTEXT]PrecompiledException,address=000000000000000000000000000000000000500b,message:=Unknown function
error|2025-10-11 09:03:58.873435|Download-1-0x00007f1f91509700|[EXECUTIVE][TxExeError]Transaction execution error,TransactionExceptionID=22,hash=34fcf37998bfab32d1354d28f63091611b3b7e8622725266293468c69156e50d
error|2025-10-11 09:03:58.879364|Download-1-0x00007f1fa4d30700|[g:1][BLOCKVERIFIER]Invalid Block with bad stateRoot or receiptRoot or dbHash,blkNum=184,originHash=22a8c2ae...,curHash=d70f1cff...,orgReceipt=ed245b8c...,curRecepit=8937e548...,orgTxRoot=2d8a5d62...,curTxRoot=2d8a5d62...,orgState=00000000...,curState=00000000...,orgDBHash=00000000...,curDBHash=00000000...
warning|2025-10-11 09:03:58.879866|Download-1-0x00007f1fa4d30700|[g:1][BLOCKVERIFIER][executeBlock]executeBlock exception,blockNumber=184
info|2025-10-11 09:04:01.332982|io_service-0x00007f1fb1d4a700|[P2P][Service] heartBeat,connected count=3
info|2025-10-11 09:04:05.395194|Download-1-0x00007f1fa4d30700|[g:1][SYNC][id:374bdfe9...][Download][Request]Request blocks,from=184,to=184,peer=064cb676...
info|2025-10-11 09:04:05.402004|Download-1-0x00007f1fa4d30700|[g:1][SYNC][id:374bdfe9...][Download][BlockSync]Download block execute,number=184,txs=1,hash=22a8c2ae...
info|2025-10-11 09:04:05.402112|Download-1-0x00007f1fa4d30700|[g:1][BLOCKVERIFIER][executeBlock]Executing block,txNum=1,num=184,parentHash=84b9e5d996bf7a5eb7a7af1e23a8308230a576a20d5c81a92b78a013e510177d,parentNum=183,parentStateRoot=193aa4e3ddcabc3eb1c4bc64eca338693c126abd7770f253f6dd6e3fee2170ea
info|2025-10-11 09:04:05.402357|Download-1-0x00007f1fa4d30700|[g:1][PRECOMPILED]init GasChargeManagePrecompiled
info|2025-10-11 09:04:05.402956|Download-1-0x00007f1f91509700|[PRECOMPILED][TimerPrecompiled]getCurrentTimeMillis,timeMillis=1760198645402
error|2025-10-11 09:04:05.403097|Download-1-0x00007f1f91509700|[PRECOMPILED]SM2EncryptPrecompiled exception:Unknown function
error|2025-10-11 09:04:05.403127|Download-1-0x00007f1f91509700|[EXECUTIVECONTEXT]PrecompiledException,address=000000000000000000000000000000000000500b,message:=Unknown function
error|2025-10-11 09:04:05.403170|Download-1-0x00007f1f91509700|[EXECUTIVE][TxExeError]Transaction execution error,TransactionExceptionID=22,hash=34fcf37998bfab32d1354d28f63091611b3b7e8622725266293468c69156e50d
error|2025-10-11 09:04:05.403608|Download-1-0x00007f1fa4d30700|[g:1][BLOCKVERIFIER]Invalid Block with bad stateRoot or receiptRoot or dbHash,blkNum=184,originHash=22a8c2ae...,curHash=d70f1cff...,orgReceipt=ed245b8c...,curRecepit=8937e548...,orgTxRoot=2d8a5d62...,curTxRoot=2d8a5d62...,orgState=00000000...,curState=00000000...,orgDBHash=00000000...,curDBHash=00000000...
warning|2025-10-11 09:04:05.403776|Download-1-0x00007f1fa4d30700|[g:1][BLOCKVERIFIER][executeBlock]executeBlock exception,blockNumber=184
info|2025-10-11 09:04:11.333357|io_service-0x00007f1fb1d4a700|[P2P][Service] heartBeat,connected count=3
info|2025-10-11 09:04:11.934825|Download-1-0x00007f1fa4d30700|[g:1][SYNC][id:374bdfe9...][Download][Request]Request blocks,from=184,to=184,peer=73994dae...
info|2025-10-11 09:04:11.940483|Download-1-0x00007f1fa4d30700|[g:1][SYNC][id:374bdfe9...][Download][BlockSync]Download block execute,number=184,txs=1,hash=22a8c2ae...
info|2025-10-11 09:04:11.940574|Download-1-0x00007f1fa4d30700|[g:1][BLOCKVERIFIER][executeBlock]Executing block,txNum=1,num=184,parentHash=84b9e5d996bf7a5eb7a7af1e23a8308230a576a20d5c81a92b78a013e510177d,parentNum=183,parentStateRoot=193aa4e3ddcabc3eb1c4bc64eca338693c126abd7770f253f6dd6e3fee2170ea
info|2025-10-11 09:04:11.940804|Download-1-0x00007f1fa4d30700|[g:1][PRECOMPILED]init GasChargeManagePrecompiled
info|2025-10-11 09:04:11.941220|Download-1-0x00007f1fa4d30700|[g:1][PRECOMPILED][TimerPrecompiled]getCurrentTimeMillis,timeMillis=1760198651941
error|2025-10-11 09:04:11.941361|Download-1-0x00007f1fa4d30700|[g:1][PRECOMPILED]SM2EncryptPrecompiled exception:Unknown function
error|2025-10-11 09:04:11.941441|Download-1-0x00007f1fa4d30700|[g:1][EXECUTIVECONTEXT]PrecompiledException,address=000000000000000000000000000000000000500b,message:=Unknown function
error|2025-10-11 09:04:11.941522|Download-1-0x00007f1fa4d30700|[g:1][EXECUTIVE][TxExeError]Transaction execution error,TransactionExceptionID=22,hash=34fcf37998bfab32d1354d28f63091611b3b7e8622725266293468c69156e50d
error|2025-10-11 09:04:11.941712|Download-1-0x00007f1fa4d30700|[g:1][BLOCKVERIFIER]Invalid Block with bad stateRoot or receiptRoot or dbHash,blkNum=184,originHash=22a8c2ae...,curHash=d70f1cff...,orgReceipt=ed245b8c...,curRecepit=8937e548...,orgTxRoot=2d8a5d62...,curTxRoot=2d8a5d62...,orgState=00000000...,curState=00000000...,orgDBHash=00000000...,curDBHash=00000000...
warning|2025-10-11 09:04:11.941845|Download-1-0x00007f1fa4d30700|[g:1][BLOCKVERIFIER][executeBlock]executeBlock exception,blockNumber=184
info|2025-10-11 09:04:18.404907|Download-1-0x00007f1fa4d30700|[g:1][SYNC][id:374bdfe9...][Download][Request]Request blocks,from=184,to=184,peer=73994dae...
info|2025-10-11 09:04:18.412032|Download-1-0x00007f1fa4d30700|[g:1][SYNC][id:374bdfe9...][Download][BlockSync]Download block execute,number=184,txs=1,hash=22a8c2ae...
info|2025-10-11 09:04:18.412162|Download-1-0x00007f1fa4d30700|[g:1][BLOCKVERIFIER][executeBlock]Executing block,txNum=1,num=184,parentHash=84b9e5d996bf7a5eb7a7af1e23a8308230a576a20d5c81a92b78a013e510177d,parentNum=183,parentStateRoot=193aa4e3ddcabc3eb1c4bc64eca338693c126abd7770f253f6dd6e3fee2170ea
info|2025-10-11 09:04:18.412510|Download-1-0x00007f1fa4d30700|[g:1][PRECOMPILED]init GasChargeManagePrecompiled
info|2025-10-11 09:04:18.413008|Download-1-0x00007f1fa4d30700|[g:1][PRECOMPILED][TimerPrecompiled]getCurrentTimeMillis,timeMillis=1760198658412
error|2025-10-11 09:04:18.413218|Download-1-0x00007f1fa4d30700|[g:1][PRECOMPILED]SM2EncryptPrecompiled exception:Unknown function
error|2025-10-11 09:04:18.413300|Download-1-0x00007f1fa4d30700|[g:1][EXECUTIVECONTEXT]PrecompiledException,address=000000000000000000000000000000000000500b,message:=Unknown function
error|2025-10-11 09:04:18.413363|Download-1-0x00007f1fa4d30700|[g:1][EXECUTIVE][TxExeError]Transaction execution error,TransactionExceptionID=22,hash=34fcf37998bfab32d1354d28f63091611b3b7e8622725266293468c69156e50d
error|2025-10-11 09:04:18.413631|Download-1-0x00007f1fa4d30700|[g:1][BLOCKVERIFIER]Invalid Block with bad stateRoot or receiptRoot or dbHash,blkNum=184,originHash=22a8c2ae...,curHash=d70f1cff...,orgReceipt=ed245b8c...,curRecepit=8937e548...,orgTxRoot=2d8a5d62...,curTxRoot=2d8a5d62...,orgState=00000000...,curState=00000000...,orgDBHash=00000000...,curDBHash=00000000...
warning|2025-10-11 09:04:18.413854|Download-1-0x00007f1fa4d30700|[g:1][BLOCKVERIFIER][executeBlock]executeBlock exception,blockNumber=184
info|2025-10-11 09:04:21.333874|io_service-0x00007f1fb1d4a700|[P2P][Service] heartBeat,connected count=3
info|2025-10-11 09:04:24.948688|Download-1-0x00007f1fa4d30700|[g:1][SYNC][id:374bdfe9...][Download][Request]Request blocks,from=184,to=184,peer=87d00b98...
info|2025-10-11 09:04:24.954754|Download-1-0x00007f1fa4d30700|[g:1][SYNC][id:374bdfe9...][Download][BlockSync]Download block execute,number=184,txs=1,hash=22a8c2ae...
info|2025-10-11 09:04:24.954864|Download-1-0x00007f1fa4d30700|[g:1][BLOCKVERIFIER][executeBlock]Executing block,txNum=1,num=184,parentHash=84b9e5d996bf7a5eb7a7af1e23a8308230a576a20d5c81a92b78a013e510177d,parentNum=183,parentStateRoot=193aa4e3ddcabc3eb1c4bc64eca338693c126abd7770f253f6dd6e3fee2170ea
info|2025-10-11 09:04:24.955058|Download-1-0x00007f1fa4d30700|[g:1][PRECOMPILED]init GasChargeManagePrecompiled
info|2025-10-11 09:04:24.955444|Download-1-0x00007f1f91509700|[PRECOMPILED][TimerPrecompiled]getCurrentTimeMillis,timeMillis=1760198664955
error|2025-10-11 09:04:24.955579|Download-1-0x00007f1f91509700|[PRECOMPILED]SM2EncryptPrecompiled exception:Unknown function
error|2025-10-11 09:04:24.955635|Download-1-0x00007f1f91509700|[EXECUTIVECONTEXT]PrecompiledException,address=000000000000000000000000000000000000500b,message:=Unknown function
error|2025-10-11 09:04:24.955679|Download-1-0x00007f1f91509700|[EXECUTIVE][TxExeError]Transaction execution error,TransactionExceptionID=22,hash=34fcf37998bfab32d1354d28f63091611b3b7e8622725266293468c69156e50d
error|2025-10-11 09:04:24.955984|Download-1-0x00007f1fa4d30700|[g:1][BLOCKVERIFIER]Invalid Block with bad stateRoot or receiptRoot or dbHash,blkNum=184,originHash=22a8c2ae...,curHash=d70f1cff...,orgReceipt=ed245b8c...,curRecepit=8937e548...,orgTxRoot=2d8a5d62...,curTxRoot=2d8a5d62...,orgState=00000000...,curState=00000000...,orgDBHash=00000000...,curDBHash=00000000...
warning|2025-10-11 09:04:24.956182|Download-1-0x00007f1fa4d30700|[g:1][BLOCKVERIFIER][executeBlock]executeBlock exception,blockNumber=184
info|2025-10-11 09:04:29.000378|fisco-bcos-0x00007f1fb4ac3dc0|[LEDGER]stop sealer,groupID=1
info|2025-10-11 09:04:29.000454|fisco-bcos-0x00007f1fb4ac3dc0|[CONSENSUS][SEALER]Stop sealer module...
info|2025-10-11 09:04:29.005627|fisco-bcos-0x00007f1fb4ac3dc0|[CONSENSUS][ConsensusEngine][Stop ConsensusEngineBase]
info|2025-10-11 09:04:29.009748|fisco-bcos-0x00007f1fb4ac3dc0|[CONSENSUS][ConsensusEngine]ConsensusEngineBase stopped
info|2025-10-11 09:04:29.009802|fisco-bcos-0x00007f1fb4ac3dc0|[LEDGER]sealer stopped. stop sync,groupID=1
info|2025-10-11 09:04:29.011006|fisco-bcos-0x00007f1fb4ac3dc0|[g:1] [SYNC][id:374bdfe9...]SyncMsgEngine stopped
info|2025-10-11 09:04:29.126613|fisco-bcos-0x00007f1fb4ac3dc0|[GossipBlockStatus]stop GossipBlockStatus succ
info|2025-10-11 09:04:29.349690|fisco-bcos-0x00007f1fb4ac3dc0|[SYNC][id:374bdfe9...][g:1]SyncMaster stopped
info|2025-10-11 09:04:29.349732|fisco-bcos-0x00007f1fb4ac3dc0|[LEDGER]sync stopped. stop event filter manager,groupID=1
info|2025-10-11 09:04:29.360351|fisco-bcos-0x00007f1fb4ac3dc0|[EVENT][EventLogFilterManager]stop
info|2025-10-11 09:04:29.360445|fisco-bcos-0x00007f1fb4ac3dc0|[LEDGER]event filter manager stopped. stop tx pool,groupID=1
info|2025-10-11 09:04:29.361285|fisco-bcos-0x00007f1fb4ac3dc0|[LEDGER]removeNetworkStatHandlerByGroupID and removeGroupBandwidthLimiter for service,groupID=1
info|2025-10-11 09:04:29.361576|fisco-bcos-0x00007f1fb4ac3dc0|[CHANNEL]removeSDKAllowListByGroupId,groupId=1
info|2025-10-11 09:04:29.361633|fisco-bcos-0x00007f1fb4ac3dc0|[INITIALIZER]ledgerInitializer stopped
warning|2025-10-11 09:04:29.361811|ChannelServer-0x00007f1fa8d38700|[CHANNEL]Accept failed,message=Operation canceled
warning|2025-10-11 09:04:29.362456|ChannelServer-0x00007f1fa8d38700|[CHANNEL]Accept failed,message=Operation canceled
info|2025-10-11 09:04:29.362653|ChannelServer-0x00007f1fa8d38700|[CHANNEL]Receive new connection,from=0.0.0.0:0
warning|2025-10-11 09:04:29.362838|ChannelServer-0x00007f1fa8d38700|[CHANNEL]SSL handshake error,remoteHost=0.0.0.0,remotePort=0,message=Bad file descriptor
info|2025-10-11 09:04:29.362904|ChannelServer-0x00007f1fa8d38700|[CHANNEL]Receive new connection,from=0.0.0.0:0
warning|2025-10-11 09:04:29.362954|ChannelServer-0x00007f1fa8d38700|[CHANNEL]SSL handshake error,remoteHost=0.0.0.0,remotePort=0,message=Bad file descriptor
info|2025-10-11 09:04:29.362989|ChannelServer-0x00007f1fa8d38700|[CHANNEL]Receive new connection,from=0.0.0.0:0
warning|2025-10-11 09:04:29.363030|ChannelServer-0x00007f1fa8d38700|[CHANNEL]SSL handshake error,remoteHost=0.0.0.0,remotePort=0,message=Bad file descriptor
info|2025-10-11 09:04:29.363062|ChannelServer-0x00007f1fa8d38700|[CHANNEL]Receive new connection,from=0.0.0.0:0
warning|2025-10-11 09:04:29.363106|ChannelServer-0x00007f1fa8d38700|[CHANNEL]SSL handshake error,remoteHost=0.0.0.0,remotePort=0,message=Bad file descriptor
info|2025-10-11 09:04:29.363254|ChannelServer-0x00007f1fa8d38700|[CHANNEL]Receive new connection,from=0.0.0.0:0
warning|2025-10-11 09:04:29.363320|ChannelServer-0x00007f1fa8d38700|[CHANNEL]SSL handshake error,remoteHost=0.0.0.0,remotePort=0,message=Bad file descriptor
info|2025-10-11 09:04:29.363351|ChannelServer-0x00007f1fa8d38700|[CHANNEL]Receive new connection,from=0.0.0.0:0
warning|2025-10-11 09:04:29.363381|ChannelServer-0x00007f1fa8d38700|[CHANNEL]SSL handshake error,remoteHost=0.0.0.0,remotePort=0,message=Bad file descriptor
info|2025-10-11 09:04:29.363402|ChannelServer-0x00007f1fa8d38700|[CHANNEL]Receive new connection,from=0.0.0.0:0
warning|2025-10-11 09:04:29.363431|ChannelServer-0x00007f1fa8d38700|[CHANNEL]SSL handshake error,remoteHost=0.0.0.0,remotePort=0,message=Bad file descriptor
info|2025-10-11 09:04:29.363452|ChannelServer-0x00007f1fa8d38700|[CHANNEL]Receive new connection,from=0.0.0.0:0
warning|2025-10-11 09:04:29.363475|ChannelServer-0x00007f1fa8d38700|[CHANNEL]SSL handshake error,remoteHost=0.0.0.0,remotePort=0,message=Bad file descriptor
info|2025-10-11 09:04:29.363495|ChannelServer-0x00007f1fa8d38700|[CHANNEL]Receive new connection,from=0.0.0.0:0
warning|2025-10-11 09:04:29.363566|ChannelServer-0x00007f1fa8d38700|[CHANNEL]SSL handshake error,remoteHost=0.0.0.0,remotePort=0,message=Bad file descriptor
info|2025-10-11 09:04:29.363590|ChannelServer-0x00007f1fa8d38700|[CHANNEL]Receive new connection,from=0.0.0.0:0
warning|2025-10-11 09:04:29.363617|ChannelServer-0x00007f1fa8d38700|[CHANNEL]SSL handshake error,remoteHost=0.0.0.0,remotePort=0,message=Bad file descriptor
info|2025-10-11 09:04:29.363640|ChannelServer-0x00007f1fa8d38700|[CHANNEL]Receive new connection,from=0.0.0.0:0
warning|2025-10-11 09:04:29.363666|ChannelServer-0x00007f1fa8d38700|[CHANNEL]SSL handshake error,remoteHost=0.0.0.0,remotePort=0,message=Bad file descriptor
info|2025-10-11 09:04:29.363687|ChannelServer-0x00007f1fa8d38700|[CHANNEL]Receive new connection,from=0.0.0.0:0
warning|2025-10-11 09:04:29.363712|ChannelServer-0x00007f1fa8d38700|[CHANNEL]SSL handshake error,remoteHost=0.0.0.0,remotePort=0,message=Bad file descriptor
info|2025-10-11 09:04:29.363730|ChannelServer-0x00007f1fa8d38700|[CHANNEL]Receive new connection,from=0.0.0.0:0
warning|2025-10-11 09:04:29.363753|ChannelServer-0x00007f1fa8d38700|[CHANNEL]SSL handshake error,remoteHost=0.0.0.0,remotePort=0,message=Bad file descriptor
info|2025-10-11 09:04:29.363770|ChannelServer-0x00007f1fa8d38700|[CHANNEL]Receive new connection,from=0.0.0.0:0
warning|2025-10-11 09:04:29.363791|ChannelServer-0x00007f1fa8d38700|[CHANNEL]SSL handshake error,remoteHost=0.0.0.0,remotePort=0,message=Bad file descriptor
info|2025-10-11 09:04:29.363893|ChannelServer-0x00007f1fa8d38700|[CHANNEL]Receive new connection,from=0.0.0.0:0
warning|2025-10-11 09:04:29.363951|ChannelServer-0x00007f1fa8d38700|[CHANNEL]SSL handshake error,remoteHost=0.0.0.0,remotePort=0,message=Bad file descriptor
info|2025-10-11 09:04:29.363980|ChannelServer-0x00007f1fa8d38700|[CHANNEL]Receive new connection,from=0.0.0.0:0
warning|2025-10-11 09:04:29.364009|ChannelServer-0x00007f1fa8d38700|[CHANNEL]SSL handshake error,remoteHost=0.0.0.0,remotePort=0,message=Bad file descriptor
info|2025-10-11 09:04:29.364039|ChannelServer-0x00007f1fa8d38700|[CHANNEL]Receive new connection,from=0.0.0.0:0
warning|2025-10-11 09:04:29.364076|ChannelServer-0x00007f1fa8d38700|[CHANNEL]SSL handshake error,remoteHost=0.0.0.0,remotePort=0,message=Bad file descriptor
info|2025-10-11 09:04:29.364149|ChannelServer-0x00007f1fa8d38700|[CHANNEL]Receive new connection,from=0.0.0.0:0
warning|2025-10-11 09:04:29.364193|ChannelServer-0x00007f1fa8d38700|[CHANNEL]SSL handshake error,remoteHost=0.0.0.0,remotePort=0,message=Bad file descriptor
info|2025-10-11 09:04:29.364354|ChannelServer-0x00007f1fa8d38700|[CHANNEL]Receive new connection,from=0.0.0.0:0
warning|2025-10-11 09:04:29.364428|ChannelServer-0x00007f1fa8d38700|[CHANNEL]SSL handshake error,remoteHost=0.0.0.0,remotePort=0,message=Bad file descriptor
info|2025-10-11 09:04:29.364468|ChannelServer-0x00007f1fa8d38700|[CHANNEL]Receive new connection,from=0.0.0.0:0
warning|2025-10-11 09:04:29.364508|ChannelServer-0x00007f1fa8d38700|[CHANNEL]SSL handshake error,remoteHost=0.0.0.0,remotePort=0,message=Bad file descriptor
info|2025-10-11 09:04:29.364538|ChannelServer-0x00007f1fa8d38700|[CHANNEL]Receive new connection,from=0.0.0.0:0
warning|2025-10-11 09:04:29.364586|ChannelServer-0x00007f1fa8d38700|[CHANNEL]SSL handshake error,remoteHost=0.0.0.0,remotePort=0,message=Bad file descriptor
info|2025-10-11 09:04:30.365846|fisco-bcos-0x00007f1fb4ac3dc0|[INITIALIZER]ChannelRPCHttpServer deleted.
info|2025-10-11 09:04:30.366772|fisco-bcos-0x00007f1fb4ac3dc0|[INITIALIZER]JsonrpcHttpServer deleted.
info|2025-10-11 09:04:30.366806|fisco-bcos-0x00007f1fb4ac3dc0|[INITIALIZER]RPCInitializer stopped
info|2025-10-11 09:04:30.366900|io_service-0x00007f1fb1d4a700|[NETWORK][Host]Host exit
info|2025-10-11 09:04:30.368623|fisco-bcos-0x00007f1fb4ac3dc0|[INITIALIZER]P2PInitializer stopped
info|2025-10-11 09:04:30.368656|fisco-bcos-0x00007f1fb4ac3dc0|[LEDGER]stop sealer,groupID=1
info|2025-10-11 09:04:30.368665|fisco-bcos-0x00007f1fb4ac3dc0|[LEDGER]sealer stopped. stop sync,groupID=1
info|2025-10-11 09:04:30.368678|fisco-bcos-0x00007f1fb4ac3dc0|[g:1] [SYNC][id:374bdfe9...]SyncMsgEngine stopped
info|2025-10-11 09:04:30.368690|fisco-bcos-0x00007f1fb4ac3dc0|[GossipBlockStatus]GossipBlockStatus already stopped
info|2025-10-11 09:04:30.368699|fisco-bcos-0x00007f1fb4ac3dc0|[SYNC][id:374bdfe9...][g:1]SyncMaster stopped
info|2025-10-11 09:04:30.368704|fisco-bcos-0x00007f1fb4ac3dc0|[LEDGER]sync stopped. stop event filter manager,groupID=1
info|2025-10-11 09:04:30.368709|fisco-bcos-0x00007f1fb4ac3dc0|[LEDGER]event filter manager stopped. stop tx pool,groupID=1
info|2025-10-11 09:04:30.368716|fisco-bcos-0x00007f1fb4ac3dc0|[LEDGER]removeNetworkStatHandlerByGroupID and removeGroupBandwidthLimiter for service,groupID=1
info|2025-10-11 09:04:30.368729|fisco-bcos-0x00007f1fb4ac3dc0|[g:1][STORAGE][CachedStorage]Stopping flushStorage thread
info|2025-10-11 09:04:30.387874|fisco-bcos-0x00007f1fb4ac3dc0|[g:1][STORAGE][CachedStorage]flushStorage thread stopped.
info|2025-10-11 09:04:30.387925|fisco-bcos-0x00007f1fb4ac3dc0|[DBINITIALIZER] storage stopped
info|2025-10-11 09:04:30.390375|fisco-bcos-0x00007f1fb4ac3dc0|[g:1] [SYNC][id:374bdfe9...]SyncMsgEngine stopped
info|2025-10-11 09:04:30.390464|fisco-bcos-0x00007f1fb4ac3dc0|[GossipBlockStatus]GossipBlockStatus already stopped
info|2025-10-11 09:04:30.390481|fisco-bcos-0x00007f1fb4ac3dc0|[SYNC][id:374bdfe9...][g:1]SyncMaster stopped
info|2025-10-11 09:04:30.390512|fisco-bcos-0x00007f1fb4ac3dc0|[g:1] [SYNC][id:374bdfe9...]SyncMsgEngine stopped
