info|2025-10-09 07:00:00.149299|Sync-1-0x00007fe63dbd6700|[g:1][SYNC][id:374bdfe9...]print sync info,peersCount=3,infoJson={"blockNumber":183,"genesisHash":"f0d3e67991e2c3d83533c031601c30c4741aba35d7d8017900779abe4ae22efe","isSyncing":true,"knownHighestNumber":216,"knownLatestHash":"4c115646d8a43fc1d16a8b12ca2155627248cc9ec38ef497d34f659e4e340bb7","latestHash":"84b9e5d996bf7a5eb7a7af1e23a8308230a576a20d5c81a92b78a013e510177d","nodeId":"374bdfe969e1d8ea1200ade93e5d8cf1a7d5741f238011004b0f43ca818706f194b2f067e1708125f7ffc536610b9a72addbd56b238d65f18912be39037ffcc5","peers":[{"blockNumber":216,"genesisHash":"f0d3e67991e2c3d83533c031601c30c4741aba35d7d8017900779abe4ae22efe","latestHash":"4c115646d8a43fc1d16a8b12ca2155627248cc9ec38ef497d34f659e4e340bb7","nodeId":"064cb676a36047a4b52ecbf9c01664b1e987d91b438110ba6a12d96972726622e824d295b1de8b0298b5afe7bbbc0bd04a3890e1a36eae028c1cfbe07971b995"},{"blockNumber":216,"genesisHash":"f0d3e67991e2c3d83533c031601c30c4741aba35d7d8017900779abe4ae22efe","latestHash":"4c115646d8a43fc1d16a8b12ca2155627248cc9ec38ef497d34f659e4e340bb7","nodeId":"73994dae9e8b8da733108a4153dfe79151d701dff425f84c87b5324e8ebd02ab6a0ebc9e4f1e0298a7ddca50f94a8f95c62b6997226d571e470e8f2b0600634a"},{"blockNumber":216,"genesisHash":"f0d3e67991e2c3d83533c031601c30c4741aba35d7d8017900779abe4ae22efe","latestHash":"4c115646d8a43fc1d16a8b12ca2155627248cc9ec38ef497d34f659e4e340bb7","nodeId":"87d00b98321fc70a5abc85ad9e80db10cce315194133697bf74aace1d3f8430957a766240f751752708f4282f46110d6ea56c3eb5d1c02ce98a66f327f595270"}],"protocolId":65545,"txPoolSize":"0"}
info|2025-10-09 07:00:01.507991|Download-1-0x00007fe6493ed700|[g:1][SYNC][id:374bdfe9...][Download][Request]Request blocks,from=184,to=184,peer=064cb676...
info|2025-10-09 07:00:01.519450|Download-1-0x00007fe6493ed700|[g:1][SYNC][id:374bdfe9...][Download][BlockSync]Download block execute,number=184,txs=1,hash=22a8c2ae...
info|2025-10-09 07:00:01.519579|Download-1-0x00007fe6493ed700|[g:1][BLOCKVERIFIER][executeBlock]Executing block,txNum=1,num=184,parentHash=84b9e5d996bf7a5eb7a7af1e23a8308230a576a20d5c81a92b78a013e510177d,parentNum=183,parentStateRoot=193aa4e3ddcabc3eb1c4bc64eca338693c126abd7770f253f6dd6e3fee2170ea
info|2025-10-09 07:00:01.520455|Download-1-0x00007fe6493ed700|[g:1][PRECOMPILED]init GasChargeManagePrecompiled
info|2025-10-09 07:00:01.521097|Download-1-0x00007fe635bc6700|[PRECOMPILED][TimerPrecompiled]getCurrentTimeMillis,timeMillis=1760018401521
info|2025-10-09 07:00:01.523605|Download-1-0x00007fe635bc6700|[PRECOMPILED][TimerPrecompiled]getCurrentTimeMillis,timeMillis=1760018401523
error|2025-10-09 07:00:01.524982|Download-1-0x00007fe6493ed700|[g:1][BLOCKVERIFIER]Invalid Block with bad stateRoot or receiptRoot or dbHash,blkNum=184,originHash=22a8c2ae...,curHash=9c2370ff...,orgReceipt=ed245b8c...,curRecepit=3aa0e3ff...,orgTxRoot=2d8a5d62...,curTxRoot=2d8a5d62...,orgState=00000000...,curState=00000000...,orgDBHash=00000000...,curDBHash=00000000...
warning|2025-10-09 07:00:01.525379|Download-1-0x00007fe6493ed700|[g:1][BLOCKVERIFIER][executeBlock]executeBlock exception,blockNumber=184
info|2025-10-09 07:00:07.911408|Download-1-0x00007fe6493ed700|[g:1][SYNC][id:374bdfe9...][Download][Request]Request blocks,from=184,to=184,peer=87d00b98...
info|2025-10-09 07:00:07.920053|Download-1-0x00007fe6493ed700|[g:1][SYNC][id:374bdfe9...][Download][BlockSync]Download block execute,number=184,txs=1,hash=22a8c2ae...
info|2025-10-09 07:00:07.920167|Download-1-0x00007fe6493ed700|[g:1][BLOCKVERIFIER][executeBlock]Executing block,txNum=1,num=184,parentHash=84b9e5d996bf7a5eb7a7af1e23a8308230a576a20d5c81a92b78a013e510177d,parentNum=183,parentStateRoot=193aa4e3ddcabc3eb1c4bc64eca338693c126abd7770f253f6dd6e3fee2170ea
info|2025-10-09 07:00:07.920410|Download-1-0x00007fe6493ed700|[g:1][PRECOMPILED]init GasChargeManagePrecompiled
info|2025-10-09 07:00:07.921197|Download-1-0x00007fe635bc6700|[PRECOMPILED][TimerPrecompiled]getCurrentTimeMillis,timeMillis=1760018407921
info|2025-10-09 07:00:07.924526|Download-1-0x00007fe635bc6700|[PRECOMPILED][TimerPrecompiled]getCurrentTimeMillis,timeMillis=1760018407924
error|2025-10-09 07:00:07.925040|Download-1-0x00007fe6493ed700|[g:1][BLOCKVERIFIER]Invalid Block with bad stateRoot or receiptRoot or dbHash,blkNum=184,originHash=22a8c2ae...,curHash=1f3ed186...,orgReceipt=ed245b8c...,curRecepit=cc8a350b...,orgTxRoot=2d8a5d62...,curTxRoot=2d8a5d62...,orgState=00000000...,curState=00000000...,orgDBHash=00000000...,curDBHash=00000000...
warning|2025-10-09 07:00:07.925252|Download-1-0x00007fe6493ed700|[g:1][BLOCKVERIFIER][executeBlock]executeBlock exception,blockNumber=184
info|2025-10-09 07:00:09.022895|io_service-0x00007fe656407700|[P2P][Service] heartBeat,connected count=3
info|2025-10-09 07:00:14.316980|Download-1-0x00007fe6493ed700|[g:1][SYNC][id:374bdfe9...][Download][Request]Request blocks,from=184,to=184,peer=87d00b98...
info|2025-10-09 07:00:14.323456|Download-1-0x00007fe6493ed700|[g:1][SYNC][id:374bdfe9...][Download][BlockSync]Download block execute,number=184,txs=1,hash=22a8c2ae...
info|2025-10-09 07:00:14.323500|Download-1-0x00007fe6493ed700|[g:1][BLOCKVERIFIER][executeBlock]Executing block,txNum=1,num=184,parentHash=84b9e5d996bf7a5eb7a7af1e23a8308230a576a20d5c81a92b78a013e510177d,parentNum=183,parentStateRoot=193aa4e3ddcabc3eb1c4bc64eca338693c126abd7770f253f6dd6e3fee2170ea
info|2025-10-09 07:00:14.323678|Download-1-0x00007fe6493ed700|[g:1][PRECOMPILED]init GasChargeManagePrecompiled
info|2025-10-09 07:00:14.324161|Download-1-0x00007fe6493ed700|[g:1][PRECOMPILED][TimerPrecompiled]getCurrentTimeMillis,timeMillis=1760018414324
info|2025-10-09 07:00:14.325783|Download-1-0x00007fe6493ed700|[g:1][PRECOMPILED][TimerPrecompiled]getCurrentTimeMillis,timeMillis=1760018414325
error|2025-10-09 07:00:14.326030|Download-1-0x00007fe6493ed700|[g:1][BLOCKVERIFIER]Invalid Block with bad stateRoot or receiptRoot or dbHash,blkNum=184,originHash=22a8c2ae...,curHash=75049785...,orgReceipt=ed245b8c...,curRecepit=446d76be...,orgTxRoot=2d8a5d62...,curTxRoot=2d8a5d62...,orgState=00000000...,curState=00000000...,orgDBHash=00000000...,curDBHash=00000000...
warning|2025-10-09 07:00:14.326217|Download-1-0x00007fe6493ed700|[g:1][BLOCKVERIFIER][executeBlock]executeBlock exception,blockNumber=184
info|2025-10-09 07:00:19.023549|io_service-0x00007fe656407700|[P2P][Service] heartBeat,connected count=3
info|2025-10-09 07:00:20.720725|Download-1-0x00007fe6493ed700|[g:1][SYNC][id:374bdfe9...][Download][Request]Request blocks,from=184,to=184,peer=73994dae...
info|2025-10-09 07:00:20.732354|Download-1-0x00007fe6493ed700|[g:1][SYNC][id:374bdfe9...][Download][BlockSync]Download block execute,number=184,txs=1,hash=22a8c2ae...
info|2025-10-09 07:00:20.732472|Download-1-0x00007fe6493ed700|[g:1][BLOCKVERIFIER][executeBlock]Executing block,txNum=1,num=184,parentHash=84b9e5d996bf7a5eb7a7af1e23a8308230a576a20d5c81a92b78a013e510177d,parentNum=183,parentStateRoot=193aa4e3ddcabc3eb1c4bc64eca338693c126abd7770f253f6dd6e3fee2170ea
info|2025-10-09 07:00:20.732763|Download-1-0x00007fe6493ed700|[g:1][PRECOMPILED]init GasChargeManagePrecompiled
info|2025-10-09 07:00:20.733756|Download-1-0x00007fe635bc6700|[PRECOMPILED][TimerPrecompiled]getCurrentTimeMillis,timeMillis=1760018420733
info|2025-10-09 07:00:20.737678|Download-1-0x00007fe635bc6700|[PRECOMPILED][TimerPrecompiled]getCurrentTimeMillis,timeMillis=1760018420737
error|2025-10-09 07:00:20.738708|Download-1-0x00007fe6493ed700|[g:1][BLOCKVERIFIER]Invalid Block with bad stateRoot or receiptRoot or dbHash,blkNum=184,originHash=22a8c2ae...,curHash=31f10247...,orgReceipt=ed245b8c...,curRecepit=0ac7fd2d...,orgTxRoot=2d8a5d62...,curTxRoot=2d8a5d62...,orgState=00000000...,curState=00000000...,orgDBHash=00000000...,curDBHash=00000000...
warning|2025-10-09 07:00:20.739010|Download-1-0x00007fe6493ed700|[g:1][BLOCKVERIFIER][executeBlock]executeBlock exception,blockNumber=184
info|2025-10-09 07:00:27.143817|Download-1-0x00007fe6493ed700|[g:1][SYNC][id:374bdfe9...][Download][Request]Request blocks,from=184,to=184,peer=87d00b98...
info|2025-10-09 07:00:27.156538|Download-1-0x00007fe6493ed700|[g:1][SYNC][id:374bdfe9...][Download][BlockSync]Download block execute,number=184,txs=1,hash=22a8c2ae...
info|2025-10-09 07:00:27.156695|Download-1-0x00007fe6493ed700|[g:1][BLOCKVERIFIER][executeBlock]Executing block,txNum=1,num=184,parentHash=84b9e5d996bf7a5eb7a7af1e23a8308230a576a20d5c81a92b78a013e510177d,parentNum=183,parentStateRoot=193aa4e3ddcabc3eb1c4bc64eca338693c126abd7770f253f6dd6e3fee2170ea
info|2025-10-09 07:00:27.157307|Download-1-0x00007fe6493ed700|[g:1][PRECOMPILED]init GasChargeManagePrecompiled
info|2025-10-09 07:00:27.158498|Download-1-0x00007fe635bc6700|[PRECOMPILED][TimerPrecompiled]getCurrentTimeMillis,timeMillis=1760018427158
info|2025-10-09 07:00:27.161863|Download-1-0x00007fe635bc6700|[PRECOMPILED][TimerPrecompiled]getCurrentTimeMillis,timeMillis=1760018427161
error|2025-10-09 07:00:27.162664|Download-1-0x00007fe6493ed700|[g:1][BLOCKVERIFIER]Invalid Block with bad stateRoot or receiptRoot or dbHash,blkNum=184,originHash=22a8c2ae...,curHash=1f3ed186...,orgReceipt=ed245b8c...,curRecepit=cc8a350b...,orgTxRoot=2d8a5d62...,curTxRoot=2d8a5d62...,orgState=00000000...,curState=00000000...,orgDBHash=00000000...,curDBHash=00000000...
warning|2025-10-09 07:00:27.163220|Download-1-0x00007fe6493ed700|[g:1][BLOCKVERIFIER][executeBlock]executeBlock exception,blockNumber=184
info|2025-10-09 07:00:29.024316|io_service-0x00007fe656407700|[P2P][Service] heartBeat,connected count=3
info|2025-10-09 07:00:33.550991|Download-1-0x00007fe6493ed700|[g:1][SYNC][id:374bdfe9...][Download][Request]Request blocks,from=184,to=184,peer=87d00b98...
info|2025-10-09 07:00:33.557441|Download-1-0x00007fe6493ed700|[g:1][SYNC][id:374bdfe9...][Download][BlockSync]Download block execute,number=184,txs=1,hash=22a8c2ae...
info|2025-10-09 07:00:33.557660|Download-1-0x00007fe6493ed700|[g:1][BLOCKVERIFIER][executeBlock]Executing block,txNum=1,num=184,parentHash=84b9e5d996bf7a5eb7a7af1e23a8308230a576a20d5c81a92b78a013e510177d,parentNum=183,parentStateRoot=193aa4e3ddcabc3eb1c4bc64eca338693c126abd7770f253f6dd6e3fee2170ea
info|2025-10-09 07:00:33.557897|Download-1-0x00007fe6493ed700|[g:1][PRECOMPILED]init GasChargeManagePrecompiled
info|2025-10-09 07:00:33.558371|Download-1-0x00007fe635bc6700|[PRECOMPILED][TimerPrecompiled]getCurrentTimeMillis,timeMillis=1760018433558
info|2025-10-09 07:00:33.559919|Download-1-0x00007fe635bc6700|[PRECOMPILED][TimerPrecompiled]getCurrentTimeMillis,timeMillis=1760018433559
error|2025-10-09 07:00:33.560407|Download-1-0x00007fe6493ed700|[g:1][BLOCKVERIFIER]Invalid Block with bad stateRoot or receiptRoot or dbHash,blkNum=184,originHash=22a8c2ae...,curHash=75049785...,orgReceipt=ed245b8c...,curRecepit=446d76be...,orgTxRoot=2d8a5d62...,curTxRoot=2d8a5d62...,orgState=00000000...,curState=00000000...,orgDBHash=00000000...,curDBHash=00000000...
warning|2025-10-09 07:00:33.560605|Download-1-0x00007fe6493ed700|[g:1][BLOCKVERIFIER][executeBlock]executeBlock exception,blockNumber=184
info|2025-10-09 07:00:39.024605|io_service-0x00007fe656407700|[P2P][Service] heartBeat,connected count=3
info|2025-10-09 07:00:39.951604|Download-1-0x00007fe6493ed700|[g:1][SYNC][id:374bdfe9...][Download][Request]Request blocks,from=184,to=184,peer=87d00b98...
info|2025-10-09 07:00:39.959086|Download-1-0x00007fe6493ed700|[g:1][SYNC][id:374bdfe9...][Download][BlockSync]Download block execute,number=184,txs=1,hash=22a8c2ae...
info|2025-10-09 07:00:39.959254|Download-1-0x00007fe6493ed700|[g:1][BLOCKVERIFIER][executeBlock]Executing block,txNum=1,num=184,parentHash=84b9e5d996bf7a5eb7a7af1e23a8308230a576a20d5c81a92b78a013e510177d,parentNum=183,parentStateRoot=193aa4e3ddcabc3eb1c4bc64eca338693c126abd7770f253f6dd6e3fee2170ea
info|2025-10-09 07:00:39.959906|Download-1-0x00007fe6493ed700|[g:1][PRECOMPILED]init GasChargeManagePrecompiled
info|2025-10-09 07:00:39.963146|Download-1-0x00007fe635bc6700|[PRECOMPILED][TimerPrecompiled]getCurrentTimeMillis,timeMillis=1760018439963
info|2025-10-09 07:00:39.965142|Download-1-0x00007fe635bc6700|[PRECOMPILED][TimerPrecompiled]getCurrentTimeMillis,timeMillis=1760018439965
error|2025-10-09 07:00:39.965496|Download-1-0x00007fe6493ed700|[g:1][BLOCKVERIFIER]Invalid Block with bad stateRoot or receiptRoot or dbHash,blkNum=184,originHash=22a8c2ae...,curHash=9c2370ff...,orgReceipt=ed245b8c...,curRecepit=3aa0e3ff...,orgTxRoot=2d8a5d62...,curTxRoot=2d8a5d62...,orgState=00000000...,curState=00000000...,orgDBHash=00000000...,curDBHash=00000000...
warning|2025-10-09 07:00:39.965709|Download-1-0x00007fe6493ed700|[g:1][BLOCKVERIFIER][executeBlock]executeBlock exception,blockNumber=184
info|2025-10-09 07:00:46.413110|Download-1-0x00007fe6493ed700|[g:1][SYNC][id:374bdfe9...][Download][Request]Request blocks,from=184,to=184,peer=73994dae...
info|2025-10-09 07:00:46.420769|Download-1-0x00007fe6493ed700|[g:1][SYNC][id:374bdfe9...][Download][BlockSync]Download block execute,number=184,txs=1,hash=22a8c2ae...
info|2025-10-09 07:00:46.420841|Download-1-0x00007fe6493ed700|[g:1][BLOCKVERIFIER][executeBlock]Executing block,txNum=1,num=184,parentHash=84b9e5d996bf7a5eb7a7af1e23a8308230a576a20d5c81a92b78a013e510177d,parentNum=183,parentStateRoot=193aa4e3ddcabc3eb1c4bc64eca338693c126abd7770f253f6dd6e3fee2170ea
info|2025-10-09 07:00:46.421128|Download-1-0x00007fe6493ed700|[g:1][PRECOMPILED]init GasChargeManagePrecompiled
info|2025-10-09 07:00:46.421910|Download-1-0x00007fe6493ed700|[g:1][PRECOMPILED][TimerPrecompiled]getCurrentTimeMillis,timeMillis=1760018446421
info|2025-10-09 07:00:46.423659|Download-1-0x00007fe6493ed700|[g:1][PRECOMPILED][TimerPrecompiled]getCurrentTimeMillis,timeMillis=1760018446423
error|2025-10-09 07:00:46.423954|Download-1-0x00007fe6493ed700|[g:1][BLOCKVERIFIER]Invalid Block with bad stateRoot or receiptRoot or dbHash,blkNum=184,originHash=22a8c2ae...,curHash=9c2370ff...,orgReceipt=ed245b8c...,curRecepit=3aa0e3ff...,orgTxRoot=2d8a5d62...,curTxRoot=2d8a5d62...,orgState=00000000...,curState=00000000...,orgDBHash=00000000...,curDBHash=00000000...
warning|2025-10-09 07:00:46.424122|Download-1-0x00007fe6493ed700|[g:1][BLOCKVERIFIER][executeBlock]executeBlock exception,blockNumber=184
info|2025-10-09 07:00:49.025267|io_service-0x00007fe656407700|[P2P][Service] heartBeat,connected count=3
info|2025-10-09 07:00:52.965221|Download-1-0x00007fe6493ed700|[g:1][SYNC][id:374bdfe9...][Download][Request]Request blocks,from=184,to=184,peer=064cb676...
info|2025-10-09 07:00:52.983479|Download-1-0x00007fe6493ed700|[g:1][SYNC][id:374bdfe9...][Download][BlockSync]Download block execute,number=184,txs=1,hash=22a8c2ae...
info|2025-10-09 07:00:52.983609|Download-1-0x00007fe6493ed700|[g:1][BLOCKVERIFIER][executeBlock]Executing block,txNum=1,num=184,parentHash=84b9e5d996bf7a5eb7a7af1e23a8308230a576a20d5c81a92b78a013e510177d,parentNum=183,parentStateRoot=193aa4e3ddcabc3eb1c4bc64eca338693c126abd7770f253f6dd6e3fee2170ea
info|2025-10-09 07:00:52.984223|Download-1-0x00007fe6493ed700|[g:1][PRECOMPILED]init GasChargeManagePrecompiled
info|2025-10-09 07:00:52.985128|Download-1-0x00007fe635bc6700|[PRECOMPILED][TimerPrecompiled]getCurrentTimeMillis,timeMillis=1760018452985
info|2025-10-09 07:00:52.988185|Download-1-0x00007fe635bc6700|[PRECOMPILED][TimerPrecompiled]getCurrentTimeMillis,timeMillis=1760018452988
error|2025-10-09 07:00:52.988963|Download-1-0x00007fe6493ed700|[g:1][BLOCKVERIFIER]Invalid Block with bad stateRoot or receiptRoot or dbHash,blkNum=184,originHash=22a8c2ae...,curHash=1f3ed186...,orgReceipt=ed245b8c...,curRecepit=cc8a350b...,orgTxRoot=2d8a5d62...,curTxRoot=2d8a5d62...,orgState=00000000...,curState=00000000...,orgDBHash=00000000...,curDBHash=00000000...
warning|2025-10-09 07:00:52.989307|Download-1-0x00007fe6493ed700|[g:1][BLOCKVERIFIER][executeBlock]executeBlock exception,blockNumber=184
info|2025-10-09 07:00:59.025906|io_service-0x00007fe656407700|[P2P][Service] heartBeat,connected count=3
info|2025-10-09 07:00:59.373585|Download-1-0x00007fe6493ed700|[g:1][SYNC][id:374bdfe9...][Download][Request]Request blocks,from=184,to=184,peer=064cb676...
info|2025-10-09 07:00:59.425500|Download-1-0x00007fe6493ed700|[g:1][SYNC][id:374bdfe9...][Download][BlockSync]Download block execute,number=184,txs=1,hash=22a8c2ae...
info|2025-10-09 07:00:59.426755|Download-1-0x00007fe6493ed700|[g:1][BLOCKVERIFIER][executeBlock]Executing block,txNum=1,num=184,parentHash=84b9e5d996bf7a5eb7a7af1e23a8308230a576a20d5c81a92b78a013e510177d,parentNum=183,parentStateRoot=193aa4e3ddcabc3eb1c4bc64eca338693c126abd7770f253f6dd6e3fee2170ea
info|2025-10-09 07:00:59.436329|Download-1-0x00007fe6493ed700|[g:1][PRECOMPILED]init GasChargeManagePrecompiled
info|2025-10-09 07:00:59.437029|Download-1-0x00007fe635bc6700|[PRECOMPILED][TimerPrecompiled]getCurrentTimeMillis,timeMillis=1760018459437
info|2025-10-09 07:00:59.439444|Download-1-0x00007fe635bc6700|[PRECOMPILED][TimerPrecompiled]getCurrentTimeMillis,timeMillis=1760018459439
error|2025-10-09 07:00:59.439869|Download-1-0x00007fe6493ed700|[g:1][BLOCKVERIFIER]Invalid Block with bad stateRoot or receiptRoot or dbHash,blkNum=184,originHash=22a8c2ae...,curHash=9c2370ff...,orgReceipt=ed245b8c...,curRecepit=3aa0e3ff...,orgTxRoot=2d8a5d62...,curTxRoot=2d8a5d62...,orgState=00000000...,curState=00000000...,orgDBHash=00000000...,curDBHash=00000000...
warning|2025-10-09 07:00:59.440262|Download-1-0x00007fe6493ed700|[g:1][BLOCKVERIFIER][executeBlock]executeBlock exception,blockNumber=184
info|2025-10-09 07:01:05.775502|Download-1-0x00007fe6493ed700|[g:1][SYNC][id:374bdfe9...][Download][Request]Request blocks,from=184,to=184,peer=73994dae...
info|2025-10-09 07:01:05.782843|Download-1-0x00007fe6493ed700|[g:1][SYNC][id:374bdfe9...][Download][BlockSync]Download block execute,number=184,txs=1,hash=22a8c2ae...
info|2025-10-09 07:01:05.783014|Download-1-0x00007fe6493ed700|[g:1][BLOCKVERIFIER][executeBlock]Executing block,txNum=1,num=184,parentHash=84b9e5d996bf7a5eb7a7af1e23a8308230a576a20d5c81a92b78a013e510177d,parentNum=183,parentStateRoot=193aa4e3ddcabc3eb1c4bc64eca338693c126abd7770f253f6dd6e3fee2170ea
info|2025-10-09 07:01:05.783245|Download-1-0x00007fe6493ed700|[g:1][PRECOMPILED]init GasChargeManagePrecompiled
info|2025-10-09 07:01:05.783692|Download-1-0x00007fe635bc6700|[PRECOMPILED][TimerPrecompiled]getCurrentTimeMillis,timeMillis=1760018465783
info|2025-10-09 07:01:05.785708|Download-1-0x00007fe635bc6700|[PRECOMPILED][TimerPrecompiled]getCurrentTimeMillis,timeMillis=1760018465785
error|2025-10-09 07:01:05.786149|Download-1-0x00007fe6493ed700|[g:1][BLOCKVERIFIER]Invalid Block with bad stateRoot or receiptRoot or dbHash,blkNum=184,originHash=22a8c2ae...,curHash=9c2370ff...,orgReceipt=ed245b8c...,curRecepit=3aa0e3ff...,orgTxRoot=2d8a5d62...,curTxRoot=2d8a5d62...,orgState=00000000...,curState=00000000...,orgDBHash=00000000...,curDBHash=00000000...
warning|2025-10-09 07:01:05.786314|Download-1-0x00007fe6493ed700|[g:1][BLOCKVERIFIER][executeBlock]executeBlock exception,blockNumber=184
info|2025-10-09 07:01:09.026324|io_service-0x00007fe656407700|[P2P][Service] heartBeat,connected count=3
info|2025-10-09 07:01:12.184696|Download-1-0x00007fe6493ed700|[g:1][SYNC][id:374bdfe9...][Download][Request]Request blocks,from=184,to=184,peer=73994dae...
info|2025-10-09 07:01:12.194059|Download-1-0x00007fe6493ed700|[g:1][SYNC][id:374bdfe9...][Download][BlockSync]Download block execute,number=184,txs=1,hash=22a8c2ae...
info|2025-10-09 07:01:12.194174|Download-1-0x00007fe6493ed700|[g:1][BLOCKVERIFIER][executeBlock]Executing block,txNum=1,num=184,parentHash=84b9e5d996bf7a5eb7a7af1e23a8308230a576a20d5c81a92b78a013e510177d,parentNum=183,parentStateRoot=193aa4e3ddcabc3eb1c4bc64eca338693c126abd7770f253f6dd6e3fee2170ea
info|2025-10-09 07:01:12.194518|Download-1-0x00007fe6493ed700|[g:1][PRECOMPILED]init GasChargeManagePrecompiled
info|2025-10-09 07:01:12.195053|Download-1-0x00007fe635bc6700|[PRECOMPILED][TimerPrecompiled]getCurrentTimeMillis,timeMillis=1760018472195
info|2025-10-09 07:01:12.197255|Download-1-0x00007fe635bc6700|[PRECOMPILED][TimerPrecompiled]getCurrentTimeMillis,timeMillis=1760018472197
error|2025-10-09 07:01:12.197802|Download-1-0x00007fe6493ed700|[g:1][BLOCKVERIFIER]Invalid Block with bad stateRoot or receiptRoot or dbHash,blkNum=184,originHash=22a8c2ae...,curHash=9c2370ff...,orgReceipt=ed245b8c...,curRecepit=3aa0e3ff...,orgTxRoot=2d8a5d62...,curTxRoot=2d8a5d62...,orgState=00000000...,curState=00000000...,orgDBHash=00000000...,curDBHash=00000000...
warning|2025-10-09 07:01:12.198056|Download-1-0x00007fe6493ed700|[g:1][BLOCKVERIFIER][executeBlock]executeBlock exception,blockNumber=184
info|2025-10-09 07:01:18.589301|Download-1-0x00007fe6493ed700|[g:1][SYNC][id:374bdfe9...][Download][Request]Request blocks,from=184,to=184,peer=87d00b98...
info|2025-10-09 07:01:18.598999|Download-1-0x00007fe6493ed700|[g:1][SYNC][id:374bdfe9...][Download][BlockSync]Download block execute,number=184,txs=1,hash=22a8c2ae...
info|2025-10-09 07:01:18.599094|Download-1-0x00007fe6493ed700|[g:1][BLOCKVERIFIER][executeBlock]Executing block,txNum=1,num=184,parentHash=84b9e5d996bf7a5eb7a7af1e23a8308230a576a20d5c81a92b78a013e510177d,parentNum=183,parentStateRoot=193aa4e3ddcabc3eb1c4bc64eca338693c126abd7770f253f6dd6e3fee2170ea
info|2025-10-09 07:01:18.599353|Download-1-0x00007fe6493ed700|[g:1][PRECOMPILED]init GasChargeManagePrecompiled
info|2025-10-09 07:01:18.599926|Download-1-0x00007fe635bc6700|[PRECOMPILED][TimerPrecompiled]getCurrentTimeMillis,timeMillis=1760018478599
info|2025-10-09 07:01:18.601365|Download-1-0x00007fe635bc6700|[PRECOMPILED][TimerPrecompiled]getCurrentTimeMillis,timeMillis=1760018478601
error|2025-10-09 07:01:18.601852|Download-1-0x00007fe6493ed700|[g:1][BLOCKVERIFIER]Invalid Block with bad stateRoot or receiptRoot or dbHash,blkNum=184,originHash=22a8c2ae...,curHash=9c2370ff...,orgReceipt=ed245b8c...,curRecepit=3aa0e3ff...,orgTxRoot=2d8a5d62...,curTxRoot=2d8a5d62...,orgState=00000000...,curState=00000000...,orgDBHash=00000000...,curDBHash=00000000...
warning|2025-10-09 07:01:18.602024|Download-1-0x00007fe6493ed700|[g:1][BLOCKVERIFIER][executeBlock]executeBlock exception,blockNumber=184
info|2025-10-09 07:01:19.026691|io_service-0x00007fe656407700|[P2P][Service] heartBeat,connected count=3
info|2025-10-09 07:01:24.991038|Download-1-0x00007fe6493ed700|[g:1][SYNC][id:374bdfe9...][Download][Request]Request blocks,from=184,to=184,peer=87d00b98...
info|2025-10-09 07:01:25.000902|Download-1-0x00007fe6493ed700|[g:1][SYNC][id:374bdfe9...][Download][BlockSync]Download block execute,number=184,txs=1,hash=22a8c2ae...
info|2025-10-09 07:01:25.001022|Download-1-0x00007fe6493ed700|[g:1][BLOCKVERIFIER][executeBlock]Executing block,txNum=1,num=184,parentHash=84b9e5d996bf7a5eb7a7af1e23a8308230a576a20d5c81a92b78a013e510177d,parentNum=183,parentStateRoot=193aa4e3ddcabc3eb1c4bc64eca338693c126abd7770f253f6dd6e3fee2170ea
info|2025-10-09 07:01:25.001296|Download-1-0x00007fe6493ed700|[g:1][PRECOMPILED]init GasChargeManagePrecompiled
info|2025-10-09 07:01:25.002034|Download-1-0x00007fe635bc6700|[PRECOMPILED][TimerPrecompiled]getCurrentTimeMillis,timeMillis=1760018485002
info|2025-10-09 07:01:25.004020|Download-1-0x00007fe635bc6700|[PRECOMPILED][TimerPrecompiled]getCurrentTimeMillis,timeMillis=1760018485004
error|2025-10-09 07:01:25.004573|Download-1-0x00007fe6493ed700|[g:1][BLOCKVERIFIER]Invalid Block with bad stateRoot or receiptRoot or dbHash,blkNum=184,originHash=22a8c2ae...,curHash=9c2370ff...,orgReceipt=ed245b8c...,curRecepit=3aa0e3ff...,orgTxRoot=2d8a5d62...,curTxRoot=2d8a5d62...,orgState=00000000...,curState=00000000...,orgDBHash=00000000...,curDBHash=00000000...
warning|2025-10-09 07:01:25.004817|Download-1-0x00007fe6493ed700|[g:1][BLOCKVERIFIER][executeBlock]executeBlock exception,blockNumber=184
info|2025-10-09 07:01:29.027152|io_service-0x00007fe656407700|[P2P][Service] heartBeat,connected count=3
info|2025-10-09 07:01:31.395758|Download-1-0x00007fe6493ed700|[g:1][SYNC][id:374bdfe9...][Download][Request]Request blocks,from=184,to=184,peer=87d00b98...
info|2025-10-09 07:01:31.402243|Download-1-0x00007fe6493ed700|[g:1][SYNC][id:374bdfe9...][Download][BlockSync]Download block execute,number=184,txs=1,hash=22a8c2ae...
info|2025-10-09 07:01:31.402356|Download-1-0x00007fe6493ed700|[g:1][BLOCKVERIFIER][executeBlock]Executing block,txNum=1,num=184,parentHash=84b9e5d996bf7a5eb7a7af1e23a8308230a576a20d5c81a92b78a013e510177d,parentNum=183,parentStateRoot=193aa4e3ddcabc3eb1c4bc64eca338693c126abd7770f253f6dd6e3fee2170ea
info|2025-10-09 07:01:31.402575|Download-1-0x00007fe6493ed700|[g:1][PRECOMPILED]init GasChargeManagePrecompiled
info|2025-10-09 07:01:31.403163|Download-1-0x00007fe635bc6700|[PRECOMPILED][TimerPrecompiled]getCurrentTimeMillis,timeMillis=1760018491403
info|2025-10-09 07:01:31.405814|Download-1-0x00007fe635bc6700|[PRECOMPILED][TimerPrecompiled]getCurrentTimeMillis,timeMillis=1760018491405
error|2025-10-09 07:01:31.406301|Download-1-0x00007fe6493ed700|[g:1][BLOCKVERIFIER]Invalid Block with bad stateRoot or receiptRoot or dbHash,blkNum=184,originHash=22a8c2ae...,curHash=9c2370ff...,orgReceipt=ed245b8c...,curRecepit=3aa0e3ff...,orgTxRoot=2d8a5d62...,curTxRoot=2d8a5d62...,orgState=00000000...,curState=00000000...,orgDBHash=00000000...,curDBHash=00000000...
warning|2025-10-09 07:01:31.406606|Download-1-0x00007fe6493ed700|[g:1][BLOCKVERIFIER][executeBlock]executeBlock exception,blockNumber=184
info|2025-10-09 07:01:37.800380|Download-1-0x00007fe6493ed700|[g:1][SYNC][id:374bdfe9...][Download][Request]Request blocks,from=184,to=184,peer=87d00b98...
info|2025-10-09 07:01:37.807393|Download-1-0x00007fe6493ed700|[g:1][SYNC][id:374bdfe9...][Download][BlockSync]Download block execute,number=184,txs=1,hash=22a8c2ae...
info|2025-10-09 07:01:37.807495|Download-1-0x00007fe6493ed700|[g:1][BLOCKVERIFIER][executeBlock]Executing block,txNum=1,num=184,parentHash=84b9e5d996bf7a5eb7a7af1e23a8308230a576a20d5c81a92b78a013e510177d,parentNum=183,parentStateRoot=193aa4e3ddcabc3eb1c4bc64eca338693c126abd7770f253f6dd6e3fee2170ea
info|2025-10-09 07:01:37.807710|Download-1-0x00007fe6493ed700|[g:1][PRECOMPILED]init GasChargeManagePrecompiled
info|2025-10-09 07:01:37.808416|Download-1-0x00007fe635bc6700|[PRECOMPILED][TimerPrecompiled]getCurrentTimeMillis,timeMillis=1760018497808
info|2025-10-09 07:01:37.810848|Download-1-0x00007fe635bc6700|[PRECOMPILED][TimerPrecompiled]getCurrentTimeMillis,timeMillis=1760018497810
error|2025-10-09 07:01:37.811341|Download-1-0x00007fe6493ed700|[g:1][BLOCKVERIFIER]Invalid Block with bad stateRoot or receiptRoot or dbHash,blkNum=184,originHash=22a8c2ae...,curHash=9c2370ff...,orgReceipt=ed245b8c...,curRecepit=3aa0e3ff...,orgTxRoot=2d8a5d62...,curTxRoot=2d8a5d62...,orgState=00000000...,curState=00000000...,orgDBHash=00000000...,curDBHash=00000000...
warning|2025-10-09 07:01:37.811588|Download-1-0x00007fe6493ed700|[g:1][BLOCKVERIFIER][executeBlock]executeBlock exception,blockNumber=184
info|2025-10-09 07:01:39.027746|io_service-0x00007fe656407700|[P2P][Service] heartBeat,connected count=3
info|2025-10-09 07:01:44.208624|Download-1-0x00007fe6493ed700|[g:1][SYNC][id:374bdfe9...][Download][Request]Request blocks,from=184,to=184,peer=73994dae...
info|2025-10-09 07:01:44.212323|Download-1-0x00007fe6493ed700|[g:1][SYNC][id:374bdfe9...][Download][BlockSync]Download block execute,number=184,txs=1,hash=22a8c2ae...
info|2025-10-09 07:01:44.212341|Download-1-0x00007fe6493ed700|[g:1][BLOCKVERIFIER][executeBlock]Executing block,txNum=1,num=184,parentHash=84b9e5d996bf7a5eb7a7af1e23a8308230a576a20d5c81a92b78a013e510177d,parentNum=183,parentStateRoot=193aa4e3ddcabc3eb1c4bc64eca338693c126abd7770f253f6dd6e3fee2170ea
info|2025-10-09 07:01:44.212451|Download-1-0x00007fe6493ed700|[g:1][PRECOMPILED]init GasChargeManagePrecompiled
info|2025-10-09 07:01:44.212647|Download-1-0x00007fe6493ed700|[g:1][PRECOMPILED][TimerPrecompiled]getCurrentTimeMillis,timeMillis=1760018504212
info|2025-10-09 07:01:44.213657|Download-1-0x00007fe6493ed700|[g:1][PRECOMPILED][TimerPrecompiled]getCurrentTimeMillis,timeMillis=1760018504213
error|2025-10-09 07:01:44.213803|Download-1-0x00007fe6493ed700|[g:1][BLOCKVERIFIER]Invalid Block with bad stateRoot or receiptRoot or dbHash,blkNum=184,originHash=22a8c2ae...,curHash=75049785...,orgReceipt=ed245b8c...,curRecepit=446d76be...,orgTxRoot=2d8a5d62...,curTxRoot=2d8a5d62...,orgState=00000000...,curState=00000000...,orgDBHash=00000000...,curDBHash=00000000...
warning|2025-10-09 07:01:44.213929|Download-1-0x00007fe6493ed700|[g:1][BLOCKVERIFIER][executeBlock]executeBlock exception,blockNumber=184
info|2025-10-09 07:01:49.028359|io_service-0x00007fe656407700|[P2P][Service] heartBeat,connected count=3
info|2025-10-09 07:01:50.803283|Download-1-0x00007fe6493ed700|[g:1][SYNC][id:374bdfe9...][Download][Request]Request blocks,from=184,to=184,peer=064cb676...
info|2025-10-09 07:01:50.808660|Download-1-0x00007fe6493ed700|[g:1][SYNC][id:374bdfe9...][Download][BlockSync]Download block execute,number=184,txs=1,hash=22a8c2ae...
info|2025-10-09 07:01:50.808805|Download-1-0x00007fe6493ed700|[g:1][BLOCKVERIFIER][executeBlock]Executing block,txNum=1,num=184,parentHash=84b9e5d996bf7a5eb7a7af1e23a8308230a576a20d5c81a92b78a013e510177d,parentNum=183,parentStateRoot=193aa4e3ddcabc3eb1c4bc64eca338693c126abd7770f253f6dd6e3fee2170ea
info|2025-10-09 07:01:50.809047|Download-1-0x00007fe6493ed700|[g:1][PRECOMPILED]init GasChargeManagePrecompiled
info|2025-10-09 07:01:50.809515|Download-1-0x00007fe635bc6700|[PRECOMPILED][TimerPrecompiled]getCurrentTimeMillis,timeMillis=1760018510809
info|2025-10-09 07:01:50.811059|Download-1-0x00007fe635bc6700|[PRECOMPILED][TimerPrecompiled]getCurrentTimeMillis,timeMillis=1760018510811
error|2025-10-09 07:01:50.811825|Download-1-0x00007fe6493ed700|[g:1][BLOCKVERIFIER]Invalid Block with bad stateRoot or receiptRoot or dbHash,blkNum=184,originHash=22a8c2ae...,curHash=9c2370ff...,orgReceipt=ed245b8c...,curRecepit=3aa0e3ff...,orgTxRoot=2d8a5d62...,curTxRoot=2d8a5d62...,orgState=00000000...,curState=00000000...,orgDBHash=00000000...,curDBHash=00000000...
warning|2025-10-09 07:01:50.812121|Download-1-0x00007fe6493ed700|[g:1][BLOCKVERIFIER][executeBlock]executeBlock exception,blockNumber=184
info|2025-10-09 07:01:57.209869|Download-1-0x00007fe6493ed700|[g:1][SYNC][id:374bdfe9...][Download][Request]Request blocks,from=184,to=184,peer=87d00b98...
info|2025-10-09 07:01:57.215243|Download-1-0x00007fe6493ed700|[g:1][SYNC][id:374bdfe9...][Download][BlockSync]Download block execute,number=184,txs=1,hash=22a8c2ae...
info|2025-10-09 07:01:57.215398|Download-1-0x00007fe6493ed700|[g:1][BLOCKVERIFIER][executeBlock]Executing block,txNum=1,num=184,parentHash=84b9e5d996bf7a5eb7a7af1e23a8308230a576a20d5c81a92b78a013e510177d,parentNum=183,parentStateRoot=193aa4e3ddcabc3eb1c4bc64eca338693c126abd7770f253f6dd6e3fee2170ea
info|2025-10-09 07:01:57.215575|Download-1-0x00007fe6493ed700|[g:1][PRECOMPILED]init GasChargeManagePrecompiled
info|2025-10-09 07:01:57.215873|Download-1-0x00007fe635bc6700|[PRECOMPILED][TimerPrecompiled]getCurrentTimeMillis,timeMillis=1760018517215
info|2025-10-09 07:01:57.217769|Download-1-0x00007fe635bc6700|[PRECOMPILED][TimerPrecompiled]getCurrentTimeMillis,timeMillis=1760018517217
error|2025-10-09 07:01:57.218064|Download-1-0x00007fe6493ed700|[g:1][BLOCKVERIFIER]Invalid Block with bad stateRoot or receiptRoot or dbHash,blkNum=184,originHash=22a8c2ae...,curHash=9c2370ff...,orgReceipt=ed245b8c...,curRecepit=3aa0e3ff...,orgTxRoot=2d8a5d62...,curTxRoot=2d8a5d62...,orgState=00000000...,curState=00000000...,orgDBHash=00000000...,curDBHash=00000000...
warning|2025-10-09 07:01:57.218208|Download-1-0x00007fe6493ed700|[g:1][BLOCKVERIFIER][executeBlock]executeBlock exception,blockNumber=184
info|2025-10-09 07:01:59.028846|io_service-0x00007fe656407700|[P2P][Service] heartBeat,connected count=3
warning|2025-10-09 07:02:01.681526|PBFT-1-0x00007fe63c3d3700|[g:1][CONSENSUS][PBFT]ViewChangeWarning: not caused by omit empty block ,v=0,toV=12,curNum=183,hash=84b9e5d9...,nodeIdx=1,myNode=374bdfe9...
info|2025-10-09 07:02:01.683004|PBFT-1-0x00007fe63c3d3700|[g:1][CONSENSUS][PBFT]checkTimeout Succ,view=0,toView=12,nodeIdx=1,changeCycle=12,myNode=374bdfe9...,timecost=4
info|2025-10-09 07:02:03.640878|Download-1-0x00007fe6493ed700|[g:1][SYNC][id:374bdfe9...][Download][Request]Request blocks,from=184,to=184,peer=064cb676...
info|2025-10-09 07:02:03.647591|Download-1-0x00007fe6493ed700|[g:1][SYNC][id:374bdfe9...][Download][BlockSync]Download block execute,number=184,txs=1,hash=22a8c2ae...
info|2025-10-09 07:02:03.647685|Download-1-0x00007fe6493ed700|[g:1][BLOCKVERIFIER][executeBlock]Executing block,txNum=1,num=184,parentHash=84b9e5d996bf7a5eb7a7af1e23a8308230a576a20d5c81a92b78a013e510177d,parentNum=183,parentStateRoot=193aa4e3ddcabc3eb1c4bc64eca338693c126abd7770f253f6dd6e3fee2170ea
info|2025-10-09 07:02:03.647897|Download-1-0x00007fe6493ed700|[g:1][PRECOMPILED]init GasChargeManagePrecompiled
info|2025-10-09 07:02:03.648378|Download-1-0x00007fe635bc6700|[PRECOMPILED][TimerPrecompiled]getCurrentTimeMillis,timeMillis=1760018523648
info|2025-10-09 07:02:03.650324|Download-1-0x00007fe635bc6700|[PRECOMPILED][TimerPrecompiled]getCurrentTimeMillis,timeMillis=1760018523650
error|2025-10-09 07:02:03.655314|Download-1-0x00007fe6493ed700|[g:1][BLOCKVERIFIER]Invalid Block with bad stateRoot or receiptRoot or dbHash,blkNum=184,originHash=22a8c2ae...,curHash=9c2370ff...,orgReceipt=ed245b8c...,curRecepit=3aa0e3ff...,orgTxRoot=2d8a5d62...,curTxRoot=2d8a5d62...,orgState=00000000...,curState=00000000...,orgDBHash=00000000...,curDBHash=00000000...
warning|2025-10-09 07:02:03.655530|Download-1-0x00007fe6493ed700|[g:1][BLOCKVERIFIER][executeBlock]executeBlock exception,blockNumber=184
info|2025-10-09 07:02:09.029273|io_service-0x00007fe656407700|[P2P][Service] heartBeat,connected count=3
info|2025-10-09 07:02:10.213861|Download-1-0x00007fe6493ed700|[g:1][SYNC][id:374bdfe9...][Download][Request]Request blocks,from=184,to=184,peer=87d00b98...
info|2025-10-09 07:02:10.222588|Download-1-0x00007fe6493ed700|[g:1][SYNC][id:374bdfe9...][Download][BlockSync]Download block execute,number=184,txs=1,hash=22a8c2ae...
info|2025-10-09 07:02:10.222685|Download-1-0x00007fe6493ed700|[g:1][BLOCKVERIFIER][executeBlock]Executing block,txNum=1,num=184,parentHash=84b9e5d996bf7a5eb7a7af1e23a8308230a576a20d5c81a92b78a013e510177d,parentNum=183,parentStateRoot=193aa4e3ddcabc3eb1c4bc64eca338693c126abd7770f253f6dd6e3fee2170ea
info|2025-10-09 07:02:10.223023|Download-1-0x00007fe6493ed700|[g:1][PRECOMPILED]init GasChargeManagePrecompiled
info|2025-10-09 07:02:10.223621|Download-1-0x00007fe635bc6700|[PRECOMPILED][TimerPrecompiled]getCurrentTimeMillis,timeMillis=1760018530223
info|2025-10-09 07:02:10.226028|Download-1-0x00007fe635bc6700|[PRECOMPILED][TimerPrecompiled]getCurrentTimeMillis,timeMillis=1760018530226
error|2025-10-09 07:02:10.226450|Download-1-0x00007fe6493ed700|[g:1][BLOCKVERIFIER]Invalid Block with bad stateRoot or receiptRoot or dbHash,blkNum=184,originHash=22a8c2ae...,curHash=1f3ed186...,orgReceipt=ed245b8c...,curRecepit=cc8a350b...,orgTxRoot=2d8a5d62...,curTxRoot=2d8a5d62...,orgState=00000000...,curState=00000000...,orgDBHash=00000000...,curDBHash=00000000...
warning|2025-10-09 07:02:10.226860|Download-1-0x00007fe6493ed700|[g:1][BLOCKVERIFIER][executeBlock]executeBlock exception,blockNumber=184
info|2025-10-09 07:02:16.624173|Download-1-0x00007fe6493ed700|[g:1][SYNC][id:374bdfe9...][Download][Request]Request blocks,from=184,to=184,peer=87d00b98...
info|2025-10-09 07:02:16.630956|Download-1-0x00007fe6493ed700|[g:1][SYNC][id:374bdfe9...][Download][BlockSync]Download block execute,number=184,txs=1,hash=22a8c2ae...
info|2025-10-09 07:02:16.631048|Download-1-0x00007fe6493ed700|[g:1][BLOCKVERIFIER][executeBlock]Executing block,txNum=1,num=184,parentHash=84b9e5d996bf7a5eb7a7af1e23a8308230a576a20d5c81a92b78a013e510177d,parentNum=183,parentStateRoot=193aa4e3ddcabc3eb1c4bc64eca338693c126abd7770f253f6dd6e3fee2170ea
info|2025-10-09 07:02:16.631323|Download-1-0x00007fe6493ed700|[g:1][PRECOMPILED]init GasChargeManagePrecompiled
info|2025-10-09 07:02:16.631791|Download-1-0x00007fe635bc6700|[PRECOMPILED][TimerPrecompiled]getCurrentTimeMillis,timeMillis=1760018536631
info|2025-10-09 07:02:16.633512|Download-1-0x00007fe635bc6700|[PRECOMPILED][TimerPrecompiled]getCurrentTimeMillis,timeMillis=1760018536633
error|2025-10-09 07:02:16.634002|Download-1-0x00007fe6493ed700|[g:1][BLOCKVERIFIER]Invalid Block with bad stateRoot or receiptRoot or dbHash,blkNum=184,originHash=22a8c2ae...,curHash=9c2370ff...,orgReceipt=ed245b8c...,curRecepit=3aa0e3ff...,orgTxRoot=2d8a5d62...,curTxRoot=2d8a5d62...,orgState=00000000...,curState=00000000...,orgDBHash=00000000...,curDBHash=00000000...
warning|2025-10-09 07:02:16.634256|Download-1-0x00007fe6493ed700|[g:1][BLOCKVERIFIER][executeBlock]executeBlock exception,blockNumber=184
info|2025-10-09 07:02:19.030447|io_service-0x00007fe656407700|[P2P][Service] heartBeat,connected count=3
info|2025-10-09 07:02:23.160456|Download-1-0x00007fe6493ed700|[g:1][SYNC][id:374bdfe9...][Download][Request]Request blocks,from=184,to=184,peer=73994dae...
info|2025-10-09 07:02:23.170143|Download-1-0x00007fe6493ed700|[g:1][SYNC][id:374bdfe9...][Download][BlockSync]Download block execute,number=184,txs=1,hash=22a8c2ae...
info|2025-10-09 07:02:23.170264|Download-1-0x00007fe6493ed700|[g:1][BLOCKVERIFIER][executeBlock]Executing block,txNum=1,num=184,parentHash=84b9e5d996bf7a5eb7a7af1e23a8308230a576a20d5c81a92b78a013e510177d,parentNum=183,parentStateRoot=193aa4e3ddcabc3eb1c4bc64eca338693c126abd7770f253f6dd6e3fee2170ea
info|2025-10-09 07:02:23.170666|Download-1-0x00007fe6493ed700|[g:1][PRECOMPILED]init GasChargeManagePrecompiled
info|2025-10-09 07:02:23.171479|Download-1-0x00007fe635bc6700|[PRECOMPILED][TimerPrecompiled]getCurrentTimeMillis,timeMillis=1760018543171
info|2025-10-09 07:02:23.173922|Download-1-0x00007fe635bc6700|[PRECOMPILED][TimerPrecompiled]getCurrentTimeMillis,timeMillis=1760018543173
error|2025-10-09 07:02:23.174732|Download-1-0x00007fe6493ed700|[g:1][BLOCKVERIFIER]Invalid Block with bad stateRoot or receiptRoot or dbHash,blkNum=184,originHash=22a8c2ae...,curHash=9c2370ff...,orgReceipt=ed245b8c...,curRecepit=3aa0e3ff...,orgTxRoot=2d8a5d62...,curTxRoot=2d8a5d62...,orgState=00000000...,curState=00000000...,orgDBHash=00000000...,curDBHash=00000000...
warning|2025-10-09 07:02:23.175002|Download-1-0x00007fe6493ed700|[g:1][BLOCKVERIFIER][executeBlock]executeBlock exception,blockNumber=184
info|2025-10-09 07:02:29.030951|io_service-0x00007fe656407700|[P2P][Service] heartBeat,connected count=3
info|2025-10-09 07:02:29.632668|Download-1-0x00007fe6493ed700|[g:1][SYNC][id:374bdfe9...][Download][Request]Request blocks,from=184,to=184,peer=87d00b98...
info|2025-10-09 07:02:29.639323|Download-1-0x00007fe6493ed700|[g:1][SYNC][id:374bdfe9...][Download][BlockSync]Download block execute,number=184,txs=1,hash=22a8c2ae...
info|2025-10-09 07:02:29.639430|Download-1-0x00007fe6493ed700|[g:1][BLOCKVERIFIER][executeBlock]Executing block,txNum=1,num=184,parentHash=84b9e5d996bf7a5eb7a7af1e23a8308230a576a20d5c81a92b78a013e510177d,parentNum=183,parentStateRoot=193aa4e3ddcabc3eb1c4bc64eca338693c126abd7770f253f6dd6e3fee2170ea
info|2025-10-09 07:02:29.639738|Download-1-0x00007fe6493ed700|[g:1][PRECOMPILED]init GasChargeManagePrecompiled
info|2025-10-09 07:02:29.640531|Download-1-0x00007fe635bc6700|[PRECOMPILED][TimerPrecompiled]getCurrentTimeMillis,timeMillis=1760018549640
info|2025-10-09 07:02:29.642764|Download-1-0x00007fe635bc6700|[PRECOMPILED][TimerPrecompiled]getCurrentTimeMillis,timeMillis=1760018549642
error|2025-10-09 07:02:29.643713|Download-1-0x00007fe6493ed700|[g:1][BLOCKVERIFIER]Invalid Block with bad stateRoot or receiptRoot or dbHash,blkNum=184,originHash=22a8c2ae...,curHash=9c2370ff...,orgReceipt=ed245b8c...,curRecepit=3aa0e3ff...,orgTxRoot=2d8a5d62...,curTxRoot=2d8a5d62...,orgState=00000000...,curState=00000000...,orgDBHash=00000000...,curDBHash=00000000...
warning|2025-10-09 07:02:29.644224|Download-1-0x00007fe6493ed700|[g:1][BLOCKVERIFIER][executeBlock]executeBlock exception,blockNumber=184
info|2025-10-09 07:02:36.039130|Download-1-0x00007fe6493ed700|[g:1][SYNC][id:374bdfe9...][Download][Request]Request blocks,from=184,to=184,peer=87d00b98...
info|2025-10-09 07:02:36.046201|Download-1-0x00007fe6493ed700|[g:1][SYNC][id:374bdfe9...][Download][BlockSync]Download block execute,number=184,txs=1,hash=22a8c2ae...
info|2025-10-09 07:02:36.046297|Download-1-0x00007fe6493ed700|[g:1][BLOCKVERIFIER][executeBlock]Executing block,txNum=1,num=184,parentHash=84b9e5d996bf7a5eb7a7af1e23a8308230a576a20d5c81a92b78a013e510177d,parentNum=183,parentStateRoot=193aa4e3ddcabc3eb1c4bc64eca338693c126abd7770f253f6dd6e3fee2170ea
info|2025-10-09 07:02:36.046503|Download-1-0x00007fe6493ed700|[g:1][PRECOMPILED]init GasChargeManagePrecompiled
info|2025-10-09 07:02:36.047243|Download-1-0x00007fe635bc6700|[PRECOMPILED][TimerPrecompiled]getCurrentTimeMillis,timeMillis=1760018556047
info|2025-10-09 07:02:36.049103|Download-1-0x00007fe635bc6700|[PRECOMPILED][TimerPrecompiled]getCurrentTimeMillis,timeMillis=1760018556049
error|2025-10-09 07:02:36.049821|Download-1-0x00007fe6493ed700|[g:1][BLOCKVERIFIER]Invalid Block with bad stateRoot or receiptRoot or dbHash,blkNum=184,originHash=22a8c2ae...,curHash=9c2370ff...,orgReceipt=ed245b8c...,curRecepit=3aa0e3ff...,orgTxRoot=2d8a5d62...,curTxRoot=2d8a5d62...,orgState=00000000...,curState=00000000...,orgDBHash=00000000...,curDBHash=00000000...
warning|2025-10-09 07:02:36.050032|Download-1-0x00007fe6493ed700|[g:1][BLOCKVERIFIER][executeBlock]executeBlock exception,blockNumber=184
info|2025-10-09 07:02:39.031473|io_service-0x00007fe656407700|[P2P][Service] heartBeat,connected count=3
info|2025-10-09 07:02:42.441496|Download-1-0x00007fe6493ed700|[g:1][SYNC][id:374bdfe9...][Download][Request]Request blocks,from=184,to=184,peer=87d00b98...
info|2025-10-09 07:02:42.450227|Download-1-0x00007fe6493ed700|[g:1][SYNC][id:374bdfe9...][Download][BlockSync]Download block execute,number=184,txs=1,hash=22a8c2ae...
info|2025-10-09 07:02:42.450434|Download-1-0x00007fe6493ed700|[g:1][BLOCKVERIFIER][executeBlock]Executing block,txNum=1,num=184,parentHash=84b9e5d996bf7a5eb7a7af1e23a8308230a576a20d5c81a92b78a013e510177d,parentNum=183,parentStateRoot=193aa4e3ddcabc3eb1c4bc64eca338693c126abd7770f253f6dd6e3fee2170ea
info|2025-10-09 07:02:42.450753|Download-1-0x00007fe6493ed700|[g:1][PRECOMPILED]init GasChargeManagePrecompiled
info|2025-10-09 07:02:42.451426|Download-1-0x00007fe635bc6700|[PRECOMPILED][TimerPrecompiled]getCurrentTimeMillis,timeMillis=1760018562451
info|2025-10-09 07:02:42.453958|Download-1-0x00007fe635bc6700|[PRECOMPILED][TimerPrecompiled]getCurrentTimeMillis,timeMillis=1760018562453
error|2025-10-09 07:02:42.454723|Download-1-0x00007fe6493ed700|[g:1][BLOCKVERIFIER]Invalid Block with bad stateRoot or receiptRoot or dbHash,blkNum=184,originHash=22a8c2ae...,curHash=9c2370ff...,orgReceipt=ed245b8c...,curRecepit=3aa0e3ff...,orgTxRoot=2d8a5d62...,curTxRoot=2d8a5d62...,orgState=00000000...,curState=00000000...,orgDBHash=00000000...,curDBHash=00000000...
warning|2025-10-09 07:02:42.455095|Download-1-0x00007fe6493ed700|[g:1][BLOCKVERIFIER][executeBlock]executeBlock exception,blockNumber=184
info|2025-10-09 07:02:49.024807|Download-1-0x00007fe6493ed700|[g:1][SYNC][id:374bdfe9...][Download][Request]Request blocks,from=184,to=184,peer=73994dae...
info|2025-10-09 07:02:49.031810|io_service-0x00007fe656407700|[P2P][Service] heartBeat,connected count=3
info|2025-10-09 07:02:49.033889|Download-1-0x00007fe6493ed700|[g:1][SYNC][id:374bdfe9...][Download][BlockSync]Download block execute,number=184,txs=1,hash=22a8c2ae...
info|2025-10-09 07:02:49.034034|Download-1-0x00007fe6493ed700|[g:1][BLOCKVERIFIER][executeBlock]Executing block,txNum=1,num=184,parentHash=84b9e5d996bf7a5eb7a7af1e23a8308230a576a20d5c81a92b78a013e510177d,parentNum=183,parentStateRoot=193aa4e3ddcabc3eb1c4bc64eca338693c126abd7770f253f6dd6e3fee2170ea
info|2025-10-09 07:02:49.035479|Download-1-0x00007fe6493ed700|[g:1][PRECOMPILED]init GasChargeManagePrecompiled
info|2025-10-09 07:02:49.042941|Download-1-0x00007fe635bc6700|[PRECOMPILED][TimerPrecompiled]getCurrentTimeMillis,timeMillis=1760018569042
info|2025-10-09 07:02:49.046139|Download-1-0x00007fe635bc6700|[PRECOMPILED][TimerPrecompiled]getCurrentTimeMillis,timeMillis=1760018569046
error|2025-10-09 07:02:49.046664|Download-1-0x00007fe6493ed700|[g:1][BLOCKVERIFIER]Invalid Block with bad stateRoot or receiptRoot or dbHash,blkNum=184,originHash=22a8c2ae...,curHash=31f10247...,orgReceipt=ed245b8c...,curRecepit=0ac7fd2d...,orgTxRoot=2d8a5d62...,curTxRoot=2d8a5d62...,orgState=00000000...,curState=00000000...,orgDBHash=00000000...,curDBHash=00000000...
warning|2025-10-09 07:02:49.047096|Download-1-0x00007fe6493ed700|[g:1][BLOCKVERIFIER][executeBlock]executeBlock exception,blockNumber=184
info|2025-10-09 07:02:55.451097|Download-1-0x00007fe6493ed700|[g:1][SYNC][id:374bdfe9...][Download][Request]Request blocks,from=184,to=184,peer=73994dae...
info|2025-10-09 07:02:55.460486|Download-1-0x00007fe6493ed700|[g:1][SYNC][id:374bdfe9...][Download][BlockSync]Download block execute,number=184,txs=1,hash=22a8c2ae...
info|2025-10-09 07:02:55.460830|Download-1-0x00007fe6493ed700|[g:1][BLOCKVERIFIER][executeBlock]Executing block,txNum=1,num=184,parentHash=84b9e5d996bf7a5eb7a7af1e23a8308230a576a20d5c81a92b78a013e510177d,parentNum=183,parentStateRoot=193aa4e3ddcabc3eb1c4bc64eca338693c126abd7770f253f6dd6e3fee2170ea
info|2025-10-09 07:02:55.461154|Download-1-0x00007fe6493ed700|[g:1][PRECOMPILED]init GasChargeManagePrecompiled
info|2025-10-09 07:02:55.462552|Download-1-0x00007fe635bc6700|[PRECOMPILED][TimerPrecompiled]getCurrentTimeMillis,timeMillis=1760018575462
info|2025-10-09 07:02:55.466106|Download-1-0x00007fe635bc6700|[PRECOMPILED][TimerPrecompiled]getCurrentTimeMillis,timeMillis=1760018575466
error|2025-10-09 07:02:55.466572|Download-1-0x00007fe6493ed700|[g:1][BLOCKVERIFIER]Invalid Block with bad stateRoot or receiptRoot or dbHash,blkNum=184,originHash=22a8c2ae...,curHash=31f10247...,orgReceipt=ed245b8c...,curRecepit=0ac7fd2d...,orgTxRoot=2d8a5d62...,curTxRoot=2d8a5d62...,orgState=00000000...,curState=00000000...,orgDBHash=00000000...,curDBHash=00000000...
warning|2025-10-09 07:02:55.467036|Download-1-0x00007fe6493ed700|[g:1][BLOCKVERIFIER][executeBlock]executeBlock exception,blockNumber=184
info|2025-10-09 07:02:59.032152|io_service-0x00007fe656407700|[P2P][Service] heartBeat,connected count=3
info|2025-10-09 07:03:01.856983|Download-1-0x00007fe6493ed700|[g:1][SYNC][id:374bdfe9...][Download][Request]Request blocks,from=184,to=184,peer=87d00b98...
info|2025-10-09 07:03:01.864475|Download-1-0x00007fe6493ed700|[g:1][SYNC][id:374bdfe9...][Download][BlockSync]Download block execute,number=184,txs=1,hash=22a8c2ae...
info|2025-10-09 07:03:01.864637|Download-1-0x00007fe6493ed700|[g:1][BLOCKVERIFIER][executeBlock]Executing block,txNum=1,num=184,parentHash=84b9e5d996bf7a5eb7a7af1e23a8308230a576a20d5c81a92b78a013e510177d,parentNum=183,parentStateRoot=193aa4e3ddcabc3eb1c4bc64eca338693c126abd7770f253f6dd6e3fee2170ea
info|2025-10-09 07:03:01.864832|Download-1-0x00007fe6493ed700|[g:1][PRECOMPILED]init GasChargeManagePrecompiled
info|2025-10-09 07:03:01.865225|Download-1-0x00007fe635bc6700|[PRECOMPILED][TimerPrecompiled]getCurrentTimeMillis,timeMillis=1760018581865
info|2025-10-09 07:03:01.866690|Download-1-0x00007fe635bc6700|[PRECOMPILED][TimerPrecompiled]getCurrentTimeMillis,timeMillis=1760018581866
error|2025-10-09 07:03:01.866967|Download-1-0x00007fe6493ed700|[g:1][BLOCKVERIFIER]Invalid Block with bad stateRoot or receiptRoot or dbHash,blkNum=184,originHash=22a8c2ae...,curHash=75049785...,orgReceipt=ed245b8c...,curRecepit=446d76be...,orgTxRoot=2d8a5d62...,curTxRoot=2d8a5d62...,orgState=00000000...,curState=00000000...,orgDBHash=00000000...,curDBHash=00000000...
warning|2025-10-09 07:03:01.867183|Download-1-0x00007fe6493ed700|[g:1][BLOCKVERIFIER][executeBlock]executeBlock exception,blockNumber=184
info|2025-10-09 07:03:08.258083|Download-1-0x00007fe6493ed700|[g:1][SYNC][id:374bdfe9...][Download][Request]Request blocks,from=184,to=184,peer=87d00b98...
info|2025-10-09 07:03:08.264938|Download-1-0x00007fe6493ed700|[g:1][SYNC][id:374bdfe9...][Download][BlockSync]Download block execute,number=184,txs=1,hash=22a8c2ae...
info|2025-10-09 07:03:08.265133|Download-1-0x00007fe6493ed700|[g:1][BLOCKVERIFIER][executeBlock]Executing block,txNum=1,num=184,parentHash=84b9e5d996bf7a5eb7a7af1e23a8308230a576a20d5c81a92b78a013e510177d,parentNum=183,parentStateRoot=193aa4e3ddcabc3eb1c4bc64eca338693c126abd7770f253f6dd6e3fee2170ea
info|2025-10-09 07:03:08.265542|Download-1-0x00007fe6493ed700|[g:1][PRECOMPILED]init GasChargeManagePrecompiled
info|2025-10-09 07:03:08.266083|Download-1-0x00007fe6493ed700|[g:1][PRECOMPILED][TimerPrecompiled]getCurrentTimeMillis,timeMillis=1760018588266
info|2025-10-09 07:03:08.268221|Download-1-0x00007fe6493ed700|[g:1][PRECOMPILED][TimerPrecompiled]getCurrentTimeMillis,timeMillis=1760018588268
error|2025-10-09 07:03:08.268748|Download-1-0x00007fe6493ed700|[g:1][BLOCKVERIFIER]Invalid Block with bad stateRoot or receiptRoot or dbHash,blkNum=184,originHash=22a8c2ae...,curHash=9c2370ff...,orgReceipt=ed245b8c...,curRecepit=3aa0e3ff...,orgTxRoot=2d8a5d62...,curTxRoot=2d8a5d62...,orgState=00000000...,curState=00000000...,orgDBHash=00000000...,curDBHash=00000000...
warning|2025-10-09 07:03:08.269042|Download-1-0x00007fe6493ed700|[g:1][BLOCKVERIFIER][executeBlock]executeBlock exception,blockNumber=184
info|2025-10-09 07:03:09.032929|io_service-0x00007fe656407700|[P2P][Service] heartBeat,connected count=3
info|2025-10-09 07:03:14.663576|Download-1-0x00007fe6493ed700|[g:1][SYNC][id:374bdfe9...][Download][Request]Request blocks,from=184,to=184,peer=87d00b98...
info|2025-10-09 07:03:14.669245|Download-1-0x00007fe6493ed700|[g:1][SYNC][id:374bdfe9...][Download][BlockSync]Download block execute,number=184,txs=1,hash=22a8c2ae...
info|2025-10-09 07:03:14.669304|Download-1-0x00007fe6493ed700|[g:1][BLOCKVERIFIER][executeBlock]Executing block,txNum=1,num=184,parentHash=84b9e5d996bf7a5eb7a7af1e23a8308230a576a20d5c81a92b78a013e510177d,parentNum=183,parentStateRoot=193aa4e3ddcabc3eb1c4bc64eca338693c126abd7770f253f6dd6e3fee2170ea
info|2025-10-09 07:03:14.669475|Download-1-0x00007fe6493ed700|[g:1][PRECOMPILED]init GasChargeManagePrecompiled
info|2025-10-09 07:03:14.669942|Download-1-0x00007fe6493ed700|[g:1][PRECOMPILED][TimerPrecompiled]getCurrentTimeMillis,timeMillis=1760018594669
info|2025-10-09 07:03:14.671675|Download-1-0x00007fe6493ed700|[g:1][PRECOMPILED][TimerPrecompiled]getCurrentTimeMillis,timeMillis=1760018594671
error|2025-10-09 07:03:14.671992|Download-1-0x00007fe6493ed700|[g:1][BLOCKVERIFIER]Invalid Block with bad stateRoot or receiptRoot or dbHash,blkNum=184,originHash=22a8c2ae...,curHash=9c2370ff...,orgReceipt=ed245b8c...,curRecepit=3aa0e3ff...,orgTxRoot=2d8a5d62...,curTxRoot=2d8a5d62...,orgState=00000000...,curState=00000000...,orgDBHash=00000000...,curDBHash=00000000...
warning|2025-10-09 07:03:14.672158|Download-1-0x00007fe6493ed700|[g:1][BLOCKVERIFIER][executeBlock]executeBlock exception,blockNumber=184
info|2025-10-09 07:03:19.033464|io_service-0x00007fe656407700|[P2P][Service] heartBeat,connected count=3
info|2025-10-09 07:03:21.070739|Download-1-0x00007fe6493ed700|[g:1][SYNC][id:374bdfe9...][Download][Request]Request blocks,from=184,to=184,peer=73994dae...
info|2025-10-09 07:03:21.077642|Download-1-0x00007fe6493ed700|[g:1][SYNC][id:374bdfe9...][Download][BlockSync]Download block execute,number=184,txs=1,hash=22a8c2ae...
info|2025-10-09 07:03:21.077745|Download-1-0x00007fe6493ed700|[g:1][BLOCKVERIFIER][executeBlock]Executing block,txNum=1,num=184,parentHash=84b9e5d996bf7a5eb7a7af1e23a8308230a576a20d5c81a92b78a013e510177d,parentNum=183,parentStateRoot=193aa4e3ddcabc3eb1c4bc64eca338693c126abd7770f253f6dd6e3fee2170ea
info|2025-10-09 07:03:21.077981|Download-1-0x00007fe6493ed700|[g:1][PRECOMPILED]init GasChargeManagePrecompiled
info|2025-10-09 07:03:21.078637|Download-1-0x00007fe635bc6700|[PRECOMPILED][TimerPrecompiled]getCurrentTimeMillis,timeMillis=1760018601078
info|2025-10-09 07:03:21.082231|Download-1-0x00007fe635bc6700|[PRECOMPILED][TimerPrecompiled]getCurrentTimeMillis,timeMillis=1760018601082
error|2025-10-09 07:03:21.082753|Download-1-0x00007fe6493ed700|[g:1][BLOCKVERIFIER]Invalid Block with bad stateRoot or receiptRoot or dbHash,blkNum=184,originHash=22a8c2ae...,curHash=31f10247...,orgReceipt=ed245b8c...,curRecepit=0ac7fd2d...,orgTxRoot=2d8a5d62...,curTxRoot=2d8a5d62...,orgState=00000000...,curState=00000000...,orgDBHash=00000000...,curDBHash=00000000...
warning|2025-10-09 07:03:21.082999|Download-1-0x00007fe6493ed700|[g:1][BLOCKVERIFIER][executeBlock]executeBlock exception,blockNumber=184
info|2025-10-09 07:03:27.473545|Download-1-0x00007fe6493ed700|[g:1][SYNC][id:374bdfe9...][Download][Request]Request blocks,from=184,to=184,peer=064cb676...
info|2025-10-09 07:03:27.479825|Download-1-0x00007fe6493ed700|[g:1][SYNC][id:374bdfe9...][Download][BlockSync]Download block execute,number=184,txs=1,hash=22a8c2ae...
info|2025-10-09 07:03:27.479910|Download-1-0x00007fe6493ed700|[g:1][BLOCKVERIFIER][executeBlock]Executing block,txNum=1,num=184,parentHash=84b9e5d996bf7a5eb7a7af1e23a8308230a576a20d5c81a92b78a013e510177d,parentNum=183,parentStateRoot=193aa4e3ddcabc3eb1c4bc64eca338693c126abd7770f253f6dd6e3fee2170ea
info|2025-10-09 07:03:27.480090|Download-1-0x00007fe6493ed700|[g:1][PRECOMPILED]init GasChargeManagePrecompiled
info|2025-10-09 07:03:27.480389|Download-1-0x00007fe635bc6700|[PRECOMPILED][TimerPrecompiled]getCurrentTimeMillis,timeMillis=1760018607480
info|2025-10-09 07:03:27.481674|Download-1-0x00007fe635bc6700|[PRECOMPILED][TimerPrecompiled]getCurrentTimeMillis,timeMillis=1760018607481
error|2025-10-09 07:03:27.481893|Download-1-0x00007fe6493ed700|[g:1][BLOCKVERIFIER]Invalid Block with bad stateRoot or receiptRoot or dbHash,blkNum=184,originHash=22a8c2ae...,curHash=75049785...,orgReceipt=ed245b8c...,curRecepit=446d76be...,orgTxRoot=2d8a5d62...,curTxRoot=2d8a5d62...,orgState=00000000...,curState=00000000...,orgDBHash=00000000...,curDBHash=00000000...
warning|2025-10-09 07:03:27.482042|Download-1-0x00007fe6493ed700|[g:1][BLOCKVERIFIER][executeBlock]executeBlock exception,blockNumber=184
info|2025-10-09 07:03:29.033996|io_service-0x00007fe656407700|[P2P][Service] heartBeat,connected count=3
info|2025-10-09 07:03:33.878098|Download-1-0x00007fe6493ed700|[g:1][SYNC][id:374bdfe9...][Download][Request]Request blocks,from=184,to=184,peer=064cb676...
info|2025-10-09 07:03:33.885486|Download-1-0x00007fe6493ed700|[g:1][SYNC][id:374bdfe9...][Download][BlockSync]Download block execute,number=184,txs=1,hash=22a8c2ae...
info|2025-10-09 07:03:33.885581|Download-1-0x00007fe6493ed700|[g:1][BLOCKVERIFIER][executeBlock]Executing block,txNum=1,num=184,parentHash=84b9e5d996bf7a5eb7a7af1e23a8308230a576a20d5c81a92b78a013e510177d,parentNum=183,parentStateRoot=193aa4e3ddcabc3eb1c4bc64eca338693c126abd7770f253f6dd6e3fee2170ea
info|2025-10-09 07:03:33.885794|Download-1-0x00007fe6493ed700|[g:1][PRECOMPILED]init GasChargeManagePrecompiled
info|2025-10-09 07:03:33.886241|Download-1-0x00007fe635bc6700|[PRECOMPILED][TimerPrecompiled]getCurrentTimeMillis,timeMillis=1760018613886
info|2025-10-09 07:03:33.888470|Download-1-0x00007fe635bc6700|[PRECOMPILED][TimerPrecompiled]getCurrentTimeMillis,timeMillis=1760018613888
error|2025-10-09 07:03:33.889129|Download-1-0x00007fe6493ed700|[g:1][BLOCKVERIFIER]Invalid Block with bad stateRoot or receiptRoot or dbHash,blkNum=184,originHash=22a8c2ae...,curHash=9c2370ff...,orgReceipt=ed245b8c...,curRecepit=3aa0e3ff...,orgTxRoot=2d8a5d62...,curTxRoot=2d8a5d62...,orgState=00000000...,curState=00000000...,orgDBHash=00000000...,curDBHash=00000000...
warning|2025-10-09 07:03:33.889401|Download-1-0x00007fe6493ed700|[g:1][BLOCKVERIFIER][executeBlock]executeBlock exception,blockNumber=184
info|2025-10-09 07:03:39.034168|io_service-0x00007fe656407700|[P2P][Service] heartBeat,connected count=3
info|2025-10-09 07:03:40.278997|Download-1-0x00007fe6493ed700|[g:1][SYNC][id:374bdfe9...][Download][Request]Request blocks,from=184,to=184,peer=064cb676...
info|2025-10-09 07:03:40.285181|Download-1-0x00007fe6493ed700|[g:1][SYNC][id:374bdfe9...][Download][BlockSync]Download block execute,number=184,txs=1,hash=22a8c2ae...
info|2025-10-09 07:03:40.285245|Download-1-0x00007fe6493ed700|[g:1][BLOCKVERIFIER][executeBlock]Executing block,txNum=1,num=184,parentHash=84b9e5d996bf7a5eb7a7af1e23a8308230a576a20d5c81a92b78a013e510177d,parentNum=183,parentStateRoot=193aa4e3ddcabc3eb1c4bc64eca338693c126abd7770f253f6dd6e3fee2170ea
info|2025-10-09 07:03:40.285460|Download-1-0x00007fe6493ed700|[g:1][PRECOMPILED]init GasChargeManagePrecompiled
info|2025-10-09 07:03:40.285856|Download-1-0x00007fe6493ed700|[g:1][PRECOMPILED][TimerPrecompiled]getCurrentTimeMillis,timeMillis=1760018620285
info|2025-10-09 07:03:40.287172|Download-1-0x00007fe6493ed700|[g:1][PRECOMPILED][TimerPrecompiled]getCurrentTimeMillis,timeMillis=1760018620287
error|2025-10-09 07:03:40.287383|Download-1-0x00007fe6493ed700|[g:1][BLOCKVERIFIER]Invalid Block with bad stateRoot or receiptRoot or dbHash,blkNum=184,originHash=22a8c2ae...,curHash=9c2370ff...,orgReceipt=ed245b8c...,curRecepit=3aa0e3ff...,orgTxRoot=2d8a5d62...,curTxRoot=2d8a5d62...,orgState=00000000...,curState=00000000...,orgDBHash=00000000...,curDBHash=00000000...
warning|2025-10-09 07:03:40.287538|Download-1-0x00007fe6493ed700|[g:1][BLOCKVERIFIER][executeBlock]executeBlock exception,blockNumber=184
info|2025-10-09 07:03:46.686180|Download-1-0x00007fe6493ed700|[g:1][SYNC][id:374bdfe9...][Download][Request]Request blocks,from=184,to=184,peer=73994dae...
info|2025-10-09 07:03:46.691834|Download-1-0x00007fe6493ed700|[g:1][SYNC][id:374bdfe9...][Download][BlockSync]Download block execute,number=184,txs=1,hash=22a8c2ae...
info|2025-10-09 07:03:46.691919|Download-1-0x00007fe6493ed700|[g:1][BLOCKVERIFIER][executeBlock]Executing block,txNum=1,num=184,parentHash=84b9e5d996bf7a5eb7a7af1e23a8308230a576a20d5c81a92b78a013e510177d,parentNum=183,parentStateRoot=193aa4e3ddcabc3eb1c4bc64eca338693c126abd7770f253f6dd6e3fee2170ea
info|2025-10-09 07:03:46.692199|Download-1-0x00007fe6493ed700|[g:1][PRECOMPILED]init GasChargeManagePrecompiled
info|2025-10-09 07:03:46.692621|Download-1-0x00007fe635bc6700|[PRECOMPILED][TimerPrecompiled]getCurrentTimeMillis,timeMillis=1760018626692
info|2025-10-09 07:03:46.694087|Download-1-0x00007fe635bc6700|[PRECOMPILED][TimerPrecompiled]getCurrentTimeMillis,timeMillis=1760018626694
error|2025-10-09 07:03:46.694602|Download-1-0x00007fe6493ed700|[g:1][BLOCKVERIFIER]Invalid Block with bad stateRoot or receiptRoot or dbHash,blkNum=184,originHash=22a8c2ae...,curHash=9c2370ff...,orgReceipt=ed245b8c...,curRecepit=3aa0e3ff...,orgTxRoot=2d8a5d62...,curTxRoot=2d8a5d62...,orgState=00000000...,curState=00000000...,orgDBHash=00000000...,curDBHash=00000000...
warning|2025-10-09 07:03:46.694756|Download-1-0x00007fe6493ed700|[g:1][BLOCKVERIFIER][executeBlock]executeBlock exception,blockNumber=184
info|2025-10-09 07:03:49.035289|io_service-0x00007fe656407700|[P2P][Service] heartBeat,connected count=3
info|2025-10-09 07:03:53.091442|Download-1-0x00007fe6493ed700|[g:1][SYNC][id:374bdfe9...][Download][Request]Request blocks,from=184,to=184,peer=87d00b98...
info|2025-10-09 07:03:53.099722|Download-1-0x00007fe6493ed700|[g:1][SYNC][id:374bdfe9...][Download][BlockSync]Download block execute,number=184,txs=1,hash=22a8c2ae...
info|2025-10-09 07:03:53.099870|Download-1-0x00007fe6493ed700|[g:1][BLOCKVERIFIER][executeBlock]Executing block,txNum=1,num=184,parentHash=84b9e5d996bf7a5eb7a7af1e23a8308230a576a20d5c81a92b78a013e510177d,parentNum=183,parentStateRoot=193aa4e3ddcabc3eb1c4bc64eca338693c126abd7770f253f6dd6e3fee2170ea
info|2025-10-09 07:03:53.100108|Download-1-0x00007fe6493ed700|[g:1][PRECOMPILED]init GasChargeManagePrecompiled
info|2025-10-09 07:03:53.100542|Download-1-0x00007fe635bc6700|[PRECOMPILED][TimerPrecompiled]getCurrentTimeMillis,timeMillis=1760018633100
info|2025-10-09 07:03:53.102250|Download-1-0x00007fe635bc6700|[PRECOMPILED][TimerPrecompiled]getCurrentTimeMillis,timeMillis=1760018633102
error|2025-10-09 07:03:53.102923|Download-1-0x00007fe6493ed700|[g:1][BLOCKVERIFIER]Invalid Block with bad stateRoot or receiptRoot or dbHash,blkNum=184,originHash=22a8c2ae...,curHash=9c2370ff...,orgReceipt=ed245b8c...,curRecepit=3aa0e3ff...,orgTxRoot=2d8a5d62...,curTxRoot=2d8a5d62...,orgState=00000000...,curState=00000000...,orgDBHash=00000000...,curDBHash=00000000...
warning|2025-10-09 07:03:53.103134|Download-1-0x00007fe6493ed700|[g:1][BLOCKVERIFIER][executeBlock]executeBlock exception,blockNumber=184
info|2025-10-09 07:03:59.037195|io_service-0x00007fe656407700|[P2P][Service] heartBeat,connected count=3
info|2025-10-09 07:03:59.495468|Download-1-0x00007fe6493ed700|[g:1][SYNC][id:374bdfe9...][Download][Request]Request blocks,from=184,to=184,peer=73994dae...
info|2025-10-09 07:03:59.522556|Download-1-0x00007fe6493ed700|[g:1][SYNC][id:374bdfe9...][Download][BlockSync]Download block execute,number=184,txs=1,hash=22a8c2ae...
info|2025-10-09 07:03:59.522670|Download-1-0x00007fe6493ed700|[g:1][BLOCKVERIFIER][executeBlock]Executing block,txNum=1,num=184,parentHash=84b9e5d996bf7a5eb7a7af1e23a8308230a576a20d5c81a92b78a013e510177d,parentNum=183,parentStateRoot=193aa4e3ddcabc3eb1c4bc64eca338693c126abd7770f253f6dd6e3fee2170ea
info|2025-10-09 07:03:59.523215|Download-1-0x00007fe6493ed700|[g:1][PRECOMPILED]init GasChargeManagePrecompiled
info|2025-10-09 07:03:59.524666|Download-1-0x00007fe635bc6700|[PRECOMPILED][TimerPrecompiled]getCurrentTimeMillis,timeMillis=1760018639524
info|2025-10-09 07:03:59.533246|Download-1-0x00007fe635bc6700|[PRECOMPILED][TimerPrecompiled]getCurrentTimeMillis,timeMillis=1760018639533
error|2025-10-09 07:03:59.533804|Download-1-0x00007fe6493ed700|[g:1][BLOCKVERIFIER]Invalid Block with bad stateRoot or receiptRoot or dbHash,blkNum=184,originHash=22a8c2ae...,curHash=2a16a11d...,orgReceipt=ed245b8c...,curRecepit=7422b3e2...,orgTxRoot=2d8a5d62...,curTxRoot=2d8a5d62...,orgState=00000000...,curState=00000000...,orgDBHash=00000000...,curDBHash=00000000...
warning|2025-10-09 07:03:59.534113|Download-1-0x00007fe6493ed700|[g:1][BLOCKVERIFIER][executeBlock]executeBlock exception,blockNumber=184
info|2025-10-09 07:04:05.950852|Download-1-0x00007fe6493ed700|[g:1][SYNC][id:374bdfe9...][Download][Request]Request blocks,from=184,to=184,peer=064cb676...
info|2025-10-09 07:04:05.963598|Download-1-0x00007fe6493ed700|[g:1][SYNC][id:374bdfe9...][Download][BlockSync]Download block execute,number=184,txs=1,hash=22a8c2ae...
info|2025-10-09 07:04:05.963730|Download-1-0x00007fe6493ed700|[g:1][BLOCKVERIFIER][executeBlock]Executing block,txNum=1,num=184,parentHash=84b9e5d996bf7a5eb7a7af1e23a8308230a576a20d5c81a92b78a013e510177d,parentNum=183,parentStateRoot=193aa4e3ddcabc3eb1c4bc64eca338693c126abd7770f253f6dd6e3fee2170ea
info|2025-10-09 07:04:05.964058|Download-1-0x00007fe6493ed700|[g:1][PRECOMPILED]init GasChargeManagePrecompiled
info|2025-10-09 07:04:05.964580|Download-1-0x00007fe635bc6700|[PRECOMPILED][TimerPrecompiled]getCurrentTimeMillis,timeMillis=1760018645964
info|2025-10-09 07:04:05.966361|Download-1-0x00007fe635bc6700|[PRECOMPILED][TimerPrecompiled]getCurrentTimeMillis,timeMillis=1760018645966
error|2025-10-09 07:04:05.966931|Download-1-0x00007fe6493ed700|[g:1][BLOCKVERIFIER]Invalid Block with bad stateRoot or receiptRoot or dbHash,blkNum=184,originHash=22a8c2ae...,curHash=9c2370ff...,orgReceipt=ed245b8c...,curRecepit=3aa0e3ff...,orgTxRoot=2d8a5d62...,curTxRoot=2d8a5d62...,orgState=00000000...,curState=00000000...,orgDBHash=00000000...,curDBHash=00000000...
warning|2025-10-09 07:04:05.967447|Download-1-0x00007fe6493ed700|[g:1][BLOCKVERIFIER][executeBlock]executeBlock exception,blockNumber=184
info|2025-10-09 07:04:09.037767|io_service-0x00007fe656407700|[P2P][Service] heartBeat,connected count=3
info|2025-10-09 07:04:12.507064|Download-1-0x00007fe6493ed700|[g:1][SYNC][id:374bdfe9...][Download][Request]Request blocks,from=184,to=184,peer=064cb676...
info|2025-10-09 07:04:12.514933|Download-1-0x00007fe6493ed700|[g:1][SYNC][id:374bdfe9...][Download][BlockSync]Download block execute,number=184,txs=1,hash=22a8c2ae...
info|2025-10-09 07:04:12.515114|Download-1-0x00007fe6493ed700|[g:1][BLOCKVERIFIER][executeBlock]Executing block,txNum=1,num=184,parentHash=84b9e5d996bf7a5eb7a7af1e23a8308230a576a20d5c81a92b78a013e510177d,parentNum=183,parentStateRoot=193aa4e3ddcabc3eb1c4bc64eca338693c126abd7770f253f6dd6e3fee2170ea
info|2025-10-09 07:04:12.515414|Download-1-0x00007fe6493ed700|[g:1][PRECOMPILED]init GasChargeManagePrecompiled
info|2025-10-09 07:04:12.516042|Download-1-0x00007fe635bc6700|[PRECOMPILED][TimerPrecompiled]getCurrentTimeMillis,timeMillis=1760018652516
info|2025-10-09 07:04:12.517691|Download-1-0x00007fe635bc6700|[PRECOMPILED][TimerPrecompiled]getCurrentTimeMillis,timeMillis=1760018652517
error|2025-10-09 07:04:12.518475|Download-1-0x00007fe6493ed700|[g:1][BLOCKVERIFIER]Invalid Block with bad stateRoot or receiptRoot or dbHash,blkNum=184,originHash=22a8c2ae...,curHash=75049785...,orgReceipt=ed245b8c...,curRecepit=446d76be...,orgTxRoot=2d8a5d62...,curTxRoot=2d8a5d62...,orgState=00000000...,curState=00000000...,orgDBHash=00000000...,curDBHash=00000000...
warning|2025-10-09 07:04:12.518798|Download-1-0x00007fe6493ed700|[g:1][BLOCKVERIFIER][executeBlock]executeBlock exception,blockNumber=184
info|2025-10-09 07:04:18.914782|Download-1-0x00007fe6493ed700|[g:1][SYNC][id:374bdfe9...][Download][Request]Request blocks,from=184,to=184,peer=87d00b98...
info|2025-10-09 07:04:18.921685|Download-1-0x00007fe6493ed700|[g:1][SYNC][id:374bdfe9...][Download][BlockSync]Download block execute,number=184,txs=1,hash=22a8c2ae...
info|2025-10-09 07:04:18.921859|Download-1-0x00007fe6493ed700|[g:1][BLOCKVERIFIER][executeBlock]Executing block,txNum=1,num=184,parentHash=84b9e5d996bf7a5eb7a7af1e23a8308230a576a20d5c81a92b78a013e510177d,parentNum=183,parentStateRoot=193aa4e3ddcabc3eb1c4bc64eca338693c126abd7770f253f6dd6e3fee2170ea
info|2025-10-09 07:04:18.922068|Download-1-0x00007fe6493ed700|[g:1][PRECOMPILED]init GasChargeManagePrecompiled
info|2025-10-09 07:04:18.922625|Download-1-0x00007fe635bc6700|[PRECOMPILED][TimerPrecompiled]getCurrentTimeMillis,timeMillis=1760018658922
info|2025-10-09 07:04:18.924265|Download-1-0x00007fe635bc6700|[PRECOMPILED][TimerPrecompiled]getCurrentTimeMillis,timeMillis=1760018658924
error|2025-10-09 07:04:18.924751|Download-1-0x00007fe6493ed700|[g:1][BLOCKVERIFIER]Invalid Block with bad stateRoot or receiptRoot or dbHash,blkNum=184,originHash=22a8c2ae...,curHash=9c2370ff...,orgReceipt=ed245b8c...,curRecepit=3aa0e3ff...,orgTxRoot=2d8a5d62...,curTxRoot=2d8a5d62...,orgState=00000000...,curState=00000000...,orgDBHash=00000000...,curDBHash=00000000...
warning|2025-10-09 07:04:18.924921|Download-1-0x00007fe6493ed700|[g:1][BLOCKVERIFIER][executeBlock]executeBlock exception,blockNumber=184
info|2025-10-09 07:04:19.038126|io_service-0x00007fe656407700|[P2P][Service] heartBeat,connected count=3
info|2025-10-09 07:04:25.316499|Download-1-0x00007fe6493ed700|[g:1][SYNC][id:374bdfe9...][Download][Request]Request blocks,from=184,to=184,peer=064cb676...
info|2025-10-09 07:04:25.325514|Download-1-0x00007fe6493ed700|[g:1][SYNC][id:374bdfe9...][Download][BlockSync]Download block execute,number=184,txs=1,hash=22a8c2ae...
info|2025-10-09 07:04:25.325777|Download-1-0x00007fe6493ed700|[g:1][BLOCKVERIFIER][executeBlock]Executing block,txNum=1,num=184,parentHash=84b9e5d996bf7a5eb7a7af1e23a8308230a576a20d5c81a92b78a013e510177d,parentNum=183,parentStateRoot=193aa4e3ddcabc3eb1c4bc64eca338693c126abd7770f253f6dd6e3fee2170ea
info|2025-10-09 07:04:25.326013|Download-1-0x00007fe6493ed700|[g:1][PRECOMPILED]init GasChargeManagePrecompiled
info|2025-10-09 07:04:25.326707|Download-1-0x00007fe635bc6700|[PRECOMPILED][TimerPrecompiled]getCurrentTimeMillis,timeMillis=1760018665326
info|2025-10-09 07:04:25.328707|Download-1-0x00007fe635bc6700|[PRECOMPILED][TimerPrecompiled]getCurrentTimeMillis,timeMillis=1760018665328
error|2025-10-09 07:04:25.329260|Download-1-0x00007fe6493ed700|[g:1][BLOCKVERIFIER]Invalid Block with bad stateRoot or receiptRoot or dbHash,blkNum=184,originHash=22a8c2ae...,curHash=9c2370ff...,orgReceipt=ed245b8c...,curRecepit=3aa0e3ff...,orgTxRoot=2d8a5d62...,curTxRoot=2d8a5d62...,orgState=00000000...,curState=00000000...,orgDBHash=00000000...,curDBHash=00000000...
warning|2025-10-09 07:04:25.329463|Download-1-0x00007fe6493ed700|[g:1][BLOCKVERIFIER][executeBlock]executeBlock exception,blockNumber=184
info|2025-10-09 07:04:29.038411|io_service-0x00007fe656407700|[P2P][Service] heartBeat,connected count=3
info|2025-10-09 07:04:31.724938|Download-1-0x00007fe6493ed700|[g:1][SYNC][id:374bdfe9...][Download][Request]Request blocks,from=184,to=184,peer=064cb676...
info|2025-10-09 07:04:31.732923|Download-1-0x00007fe6493ed700|[g:1][SYNC][id:374bdfe9...][Download][BlockSync]Download block execute,number=184,txs=1,hash=22a8c2ae...
info|2025-10-09 07:04:31.733196|Download-1-0x00007fe6493ed700|[g:1][BLOCKVERIFIER][executeBlock]Executing block,txNum=1,num=184,parentHash=84b9e5d996bf7a5eb7a7af1e23a8308230a576a20d5c81a92b78a013e510177d,parentNum=183,parentStateRoot=193aa4e3ddcabc3eb1c4bc64eca338693c126abd7770f253f6dd6e3fee2170ea
info|2025-10-09 07:04:31.733567|Download-1-0x00007fe6493ed700|[g:1][PRECOMPILED]init GasChargeManagePrecompiled
info|2025-10-09 07:04:31.734235|Download-1-0x00007fe635bc6700|[PRECOMPILED][TimerPrecompiled]getCurrentTimeMillis,timeMillis=1760018671734
info|2025-10-09 07:04:31.736418|Download-1-0x00007fe635bc6700|[PRECOMPILED][TimerPrecompiled]getCurrentTimeMillis,timeMillis=1760018671736
error|2025-10-09 07:04:31.736968|Download-1-0x00007fe6493ed700|[g:1][BLOCKVERIFIER]Invalid Block with bad stateRoot or receiptRoot or dbHash,blkNum=184,originHash=22a8c2ae...,curHash=9c2370ff...,orgReceipt=ed245b8c...,curRecepit=3aa0e3ff...,orgTxRoot=2d8a5d62...,curTxRoot=2d8a5d62...,orgState=00000000...,curState=00000000...,orgDBHash=00000000...,curDBHash=00000000...
warning|2025-10-09 07:04:31.737216|Download-1-0x00007fe6493ed700|[g:1][BLOCKVERIFIER][executeBlock]executeBlock exception,blockNumber=184
info|2025-10-09 07:04:38.214238|Download-1-0x00007fe6493ed700|[g:1][SYNC][id:374bdfe9...][Download][Request]Request blocks,from=184,to=184,peer=87d00b98...
info|2025-10-09 07:04:38.222779|Download-1-0x00007fe6493ed700|[g:1][SYNC][id:374bdfe9...][Download][BlockSync]Download block execute,number=184,txs=1,hash=22a8c2ae...
info|2025-10-09 07:04:38.222904|Download-1-0x00007fe6493ed700|[g:1][BLOCKVERIFIER][executeBlock]Executing block,txNum=1,num=184,parentHash=84b9e5d996bf7a5eb7a7af1e23a8308230a576a20d5c81a92b78a013e510177d,parentNum=183,parentStateRoot=193aa4e3ddcabc3eb1c4bc64eca338693c126abd7770f253f6dd6e3fee2170ea
info|2025-10-09 07:04:38.223206|Download-1-0x00007fe6493ed700|[g:1][PRECOMPILED]init GasChargeManagePrecompiled
info|2025-10-09 07:04:38.223945|Download-1-0x00007fe635bc6700|[PRECOMPILED][TimerPrecompiled]getCurrentTimeMillis,timeMillis=1760018678223
info|2025-10-09 07:04:38.226332|Download-1-0x00007fe635bc6700|[PRECOMPILED][TimerPrecompiled]getCurrentTimeMillis,timeMillis=1760018678226
error|2025-10-09 07:04:38.226888|Download-1-0x00007fe6493ed700|[g:1][BLOCKVERIFIER]Invalid Block with bad stateRoot or receiptRoot or dbHash,blkNum=184,originHash=22a8c2ae...,curHash=1f3ed186...,orgReceipt=ed245b8c...,curRecepit=cc8a350b...,orgTxRoot=2d8a5d62...,curTxRoot=2d8a5d62...,orgState=00000000...,curState=00000000...,orgDBHash=00000000...,curDBHash=00000000...
warning|2025-10-09 07:04:38.227123|Download-1-0x00007fe6493ed700|[g:1][BLOCKVERIFIER][executeBlock]executeBlock exception,blockNumber=184
info|2025-10-09 07:04:39.038916|io_service-0x00007fe656407700|[P2P][Service] heartBeat,connected count=3
info|2025-10-09 07:04:44.740544|Download-1-0x00007fe6493ed700|[g:1][SYNC][id:374bdfe9...][Download][Request]Request blocks,from=184,to=184,peer=064cb676...
info|2025-10-09 07:04:44.749235|Download-1-0x00007fe6493ed700|[g:1][SYNC][id:374bdfe9...][Download][BlockSync]Download block execute,number=184,txs=1,hash=22a8c2ae...
info|2025-10-09 07:04:44.749376|Download-1-0x00007fe6493ed700|[g:1][BLOCKVERIFIER][executeBlock]Executing block,txNum=1,num=184,parentHash=84b9e5d996bf7a5eb7a7af1e23a8308230a576a20d5c81a92b78a013e510177d,parentNum=183,parentStateRoot=193aa4e3ddcabc3eb1c4bc64eca338693c126abd7770f253f6dd6e3fee2170ea
info|2025-10-09 07:04:44.749674|Download-1-0x00007fe6493ed700|[g:1][PRECOMPILED]init GasChargeManagePrecompiled
info|2025-10-09 07:04:44.750181|Download-1-0x00007fe6493ed700|[g:1][PRECOMPILED][TimerPrecompiled]getCurrentTimeMillis,timeMillis=1760018684750
info|2025-10-09 07:04:44.752348|Download-1-0x00007fe6493ed700|[g:1][PRECOMPILED][TimerPrecompiled]getCurrentTimeMillis,timeMillis=1760018684752
error|2025-10-09 07:04:44.752690|Download-1-0x00007fe6493ed700|[g:1][BLOCKVERIFIER]Invalid Block with bad stateRoot or receiptRoot or dbHash,blkNum=184,originHash=22a8c2ae...,curHash=9c2370ff...,orgReceipt=ed245b8c...,curRecepit=3aa0e3ff...,orgTxRoot=2d8a5d62...,curTxRoot=2d8a5d62...,orgState=00000000...,curState=00000000...,orgDBHash=00000000...,curDBHash=00000000...
warning|2025-10-09 07:04:44.752917|Download-1-0x00007fe6493ed700|[g:1][BLOCKVERIFIER][executeBlock]executeBlock exception,blockNumber=184
info|2025-10-09 07:04:49.039128|io_service-0x00007fe656407700|[P2P][Service] heartBeat,connected count=3
info|2025-10-09 07:04:51.147230|Download-1-0x00007fe6493ed700|[g:1][SYNC][id:374bdfe9...][Download][Request]Request blocks,from=184,to=184,peer=73994dae...
info|2025-10-09 07:04:51.154470|Download-1-0x00007fe6493ed700|[g:1][SYNC][id:374bdfe9...][Download][BlockSync]Download block execute,number=184,txs=1,hash=22a8c2ae...
info|2025-10-09 07:04:51.154553|Download-1-0x00007fe6493ed700|[g:1][BLOCKVERIFIER][executeBlock]Executing block,txNum=1,num=184,parentHash=84b9e5d996bf7a5eb7a7af1e23a8308230a576a20d5c81a92b78a013e510177d,parentNum=183,parentStateRoot=193aa4e3ddcabc3eb1c4bc64eca338693c126abd7770f253f6dd6e3fee2170ea
info|2025-10-09 07:04:51.154896|Download-1-0x00007fe6493ed700|[g:1][PRECOMPILED]init GasChargeManagePrecompiled
info|2025-10-09 07:04:51.155397|Download-1-0x00007fe6493ed700|[g:1][PRECOMPILED][TimerPrecompiled]getCurrentTimeMillis,timeMillis=1760018691155
info|2025-10-09 07:04:51.157063|Download-1-0x00007fe6493ed700|[g:1][PRECOMPILED][TimerPrecompiled]getCurrentTimeMillis,timeMillis=1760018691157
error|2025-10-09 07:04:51.157360|Download-1-0x00007fe6493ed700|[g:1][BLOCKVERIFIER]Invalid Block with bad stateRoot or receiptRoot or dbHash,blkNum=184,originHash=22a8c2ae...,curHash=9c2370ff...,orgReceipt=ed245b8c...,curRecepit=3aa0e3ff...,orgTxRoot=2d8a5d62...,curTxRoot=2d8a5d62...,orgState=00000000...,curState=00000000...,orgDBHash=00000000...,curDBHash=00000000...
warning|2025-10-09 07:04:51.157547|Download-1-0x00007fe6493ed700|[g:1][BLOCKVERIFIER][executeBlock]executeBlock exception,blockNumber=184
info|2025-10-09 07:04:57.625848|Download-1-0x00007fe6493ed700|[g:1][SYNC][id:374bdfe9...][Download][Request]Request blocks,from=184,to=184,peer=87d00b98...
info|2025-10-09 07:04:57.632407|Download-1-0x00007fe6493ed700|[g:1][SYNC][id:374bdfe9...][Download][BlockSync]Download block execute,number=184,txs=1,hash=22a8c2ae...
info|2025-10-09 07:04:57.632537|Download-1-0x00007fe6493ed700|[g:1][BLOCKVERIFIER][executeBlock]Executing block,txNum=1,num=184,parentHash=84b9e5d996bf7a5eb7a7af1e23a8308230a576a20d5c81a92b78a013e510177d,parentNum=183,parentStateRoot=193aa4e3ddcabc3eb1c4bc64eca338693c126abd7770f253f6dd6e3fee2170ea
info|2025-10-09 07:04:57.632797|Download-1-0x00007fe6493ed700|[g:1][PRECOMPILED]init GasChargeManagePrecompiled
info|2025-10-09 07:04:57.633411|Download-1-0x00007fe635bc6700|[PRECOMPILED][TimerPrecompiled]getCurrentTimeMillis,timeMillis=1760018697633
info|2025-10-09 07:04:57.635078|Download-1-0x00007fe635bc6700|[PRECOMPILED][TimerPrecompiled]getCurrentTimeMillis,timeMillis=1760018697635
error|2025-10-09 07:04:57.635575|Download-1-0x00007fe6493ed700|[g:1][BLOCKVERIFIER]Invalid Block with bad stateRoot or receiptRoot or dbHash,blkNum=184,originHash=22a8c2ae...,curHash=9c2370ff...,orgReceipt=ed245b8c...,curRecepit=3aa0e3ff...,orgTxRoot=2d8a5d62...,curTxRoot=2d8a5d62...,orgState=00000000...,curState=00000000...,orgDBHash=00000000...,curDBHash=00000000...
warning|2025-10-09 07:04:57.635766|Download-1-0x00007fe6493ed700|[g:1][BLOCKVERIFIER][executeBlock]executeBlock exception,blockNumber=184
info|2025-10-09 07:04:59.039716|io_service-0x00007fe656407700|[P2P][Service] heartBeat,connected count=3
info|2025-10-09 07:05:04.033342|Download-1-0x00007fe6493ed700|[g:1][SYNC][id:374bdfe9...][Download][Request]Request blocks,from=184,to=184,peer=064cb676...
info|2025-10-09 07:05:04.038644|Download-1-0x00007fe6493ed700|[g:1][SYNC][id:374bdfe9...][Download][BlockSync]Download block execute,number=184,txs=1,hash=22a8c2ae...
info|2025-10-09 07:05:04.039480|Download-1-0x00007fe6493ed700|[g:1][BLOCKVERIFIER][executeBlock]Executing block,txNum=1,num=184,parentHash=84b9e5d996bf7a5eb7a7af1e23a8308230a576a20d5c81a92b78a013e510177d,parentNum=183,parentStateRoot=193aa4e3ddcabc3eb1c4bc64eca338693c126abd7770f253f6dd6e3fee2170ea
info|2025-10-09 07:05:04.039742|Download-1-0x00007fe6493ed700|[g:1][PRECOMPILED]init GasChargeManagePrecompiled
info|2025-10-09 07:05:04.040121|Download-1-0x00007fe635bc6700|[PRECOMPILED][TimerPrecompiled]getCurrentTimeMillis,timeMillis=1760018704040
info|2025-10-09 07:05:04.041378|Download-1-0x00007fe635bc6700|[PRECOMPILED][TimerPrecompiled]getCurrentTimeMillis,timeMillis=1760018704041
error|2025-10-09 07:05:04.041814|Download-1-0x00007fe6493ed700|[g:1][BLOCKVERIFIER]Invalid Block with bad stateRoot or receiptRoot or dbHash,blkNum=184,originHash=22a8c2ae...,curHash=75049785...,orgReceipt=ed245b8c...,curRecepit=446d76be...,orgTxRoot=2d8a5d62...,curTxRoot=2d8a5d62...,orgState=00000000...,curState=00000000...,orgDBHash=00000000...,curDBHash=00000000...
warning|2025-10-09 07:05:04.041990|Download-1-0x00007fe6493ed700|[g:1][BLOCKVERIFIER][executeBlock]executeBlock exception,blockNumber=184
info|2025-10-09 07:05:09.040550|io_service-0x00007fe656407700|[P2P][Service] heartBeat,connected count=3
info|2025-10-09 07:05:10.436047|Download-1-0x00007fe6493ed700|[g:1][SYNC][id:374bdfe9...][Download][Request]Request blocks,from=184,to=184,peer=064cb676...
info|2025-10-09 07:05:10.446356|Download-1-0x00007fe6493ed700|[g:1][SYNC][id:374bdfe9...][Download][BlockSync]Download block execute,number=184,txs=1,hash=22a8c2ae...
info|2025-10-09 07:05:10.446462|Download-1-0x00007fe6493ed700|[g:1][BLOCKVERIFIER][executeBlock]Executing block,txNum=1,num=184,parentHash=84b9e5d996bf7a5eb7a7af1e23a8308230a576a20d5c81a92b78a013e510177d,parentNum=183,parentStateRoot=193aa4e3ddcabc3eb1c4bc64eca338693c126abd7770f253f6dd6e3fee2170ea
info|2025-10-09 07:05:10.446794|Download-1-0x00007fe6493ed700|[g:1][PRECOMPILED]init GasChargeManagePrecompiled
info|2025-10-09 07:05:10.447249|Download-1-0x00007fe635bc6700|[PRECOMPILED][TimerPrecompiled]getCurrentTimeMillis,timeMillis=1760018710447
info|2025-10-09 07:05:10.449051|Download-1-0x00007fe635bc6700|[PRECOMPILED][TimerPrecompiled]getCurrentTimeMillis,timeMillis=1760018710449
error|2025-10-09 07:05:10.449588|Download-1-0x00007fe6493ed700|[g:1][BLOCKVERIFIER]Invalid Block with bad stateRoot or receiptRoot or dbHash,blkNum=184,originHash=22a8c2ae...,curHash=9c2370ff...,orgReceipt=ed245b8c...,curRecepit=3aa0e3ff...,orgTxRoot=2d8a5d62...,curTxRoot=2d8a5d62...,orgState=00000000...,curState=00000000...,orgDBHash=00000000...,curDBHash=00000000...
warning|2025-10-09 07:05:10.449772|Download-1-0x00007fe6493ed700|[g:1][BLOCKVERIFIER][executeBlock]executeBlock exception,blockNumber=184
info|2025-10-09 07:05:16.842942|Download-1-0x00007fe6493ed700|[g:1][SYNC][id:374bdfe9...][Download][Request]Request blocks,from=184,to=184,peer=064cb676...
info|2025-10-09 07:05:16.851013|Download-1-0x00007fe6493ed700|[g:1][SYNC][id:374bdfe9...][Download][BlockSync]Download block execute,number=184,txs=1,hash=22a8c2ae...
info|2025-10-09 07:05:16.851115|Download-1-0x00007fe6493ed700|[g:1][BLOCKVERIFIER][executeBlock]Executing block,txNum=1,num=184,parentHash=84b9e5d996bf7a5eb7a7af1e23a8308230a576a20d5c81a92b78a013e510177d,parentNum=183,parentStateRoot=193aa4e3ddcabc3eb1c4bc64eca338693c126abd7770f253f6dd6e3fee2170ea
info|2025-10-09 07:05:16.851451|Download-1-0x00007fe6493ed700|[g:1][PRECOMPILED]init GasChargeManagePrecompiled
info|2025-10-09 07:05:16.852028|Download-1-0x00007fe635bc6700|[PRECOMPILED][TimerPrecompiled]getCurrentTimeMillis,timeMillis=1760018716852
info|2025-10-09 07:05:16.853882|Download-1-0x00007fe635bc6700|[PRECOMPILED][TimerPrecompiled]getCurrentTimeMillis,timeMillis=1760018716853
error|2025-10-09 07:05:16.854549|Download-1-0x00007fe6493ed700|[g:1][BLOCKVERIFIER]Invalid Block with bad stateRoot or receiptRoot or dbHash,blkNum=184,originHash=22a8c2ae...,curHash=75049785...,orgReceipt=ed245b8c...,curRecepit=446d76be...,orgTxRoot=2d8a5d62...,curTxRoot=2d8a5d62...,orgState=00000000...,curState=00000000...,orgDBHash=00000000...,curDBHash=00000000...
warning|2025-10-09 07:05:16.854969|Download-1-0x00007fe6493ed700|[g:1][BLOCKVERIFIER][executeBlock]executeBlock exception,blockNumber=184
info|2025-10-09 07:05:19.040855|io_service-0x00007fe656407700|[P2P][Service] heartBeat,connected count=3
info|2025-10-09 07:05:23.325677|Download-1-0x00007fe6493ed700|[g:1][SYNC][id:374bdfe9...][Download][Request]Request blocks,from=184,to=184,peer=73994dae...
info|2025-10-09 07:05:23.333470|Download-1-0x00007fe6493ed700|[g:1][SYNC][id:374bdfe9...][Download][BlockSync]Download block execute,number=184,txs=1,hash=22a8c2ae...
info|2025-10-09 07:05:23.333594|Download-1-0x00007fe6493ed700|[g:1][BLOCKVERIFIER][executeBlock]Executing block,txNum=1,num=184,parentHash=84b9e5d996bf7a5eb7a7af1e23a8308230a576a20d5c81a92b78a013e510177d,parentNum=183,parentStateRoot=193aa4e3ddcabc3eb1c4bc64eca338693c126abd7770f253f6dd6e3fee2170ea
info|2025-10-09 07:05:23.334005|Download-1-0x00007fe6493ed700|[g:1][PRECOMPILED]init GasChargeManagePrecompiled
info|2025-10-09 07:05:23.335186|Download-1-0x00007fe635bc6700|[PRECOMPILED][TimerPrecompiled]getCurrentTimeMillis,timeMillis=1760018723335
info|2025-10-09 07:05:23.340026|Download-1-0x00007fe635bc6700|[PRECOMPILED][TimerPrecompiled]getCurrentTimeMillis,timeMillis=1760018723340
error|2025-10-09 07:05:23.340545|Download-1-0x00007fe6493ed700|[g:1][BLOCKVERIFIER]Invalid Block with bad stateRoot or receiptRoot or dbHash,blkNum=184,originHash=22a8c2ae...,curHash=1b3bc278...,orgReceipt=ed245b8c...,curRecepit=8d1085e4...,orgTxRoot=2d8a5d62...,curTxRoot=2d8a5d62...,orgState=00000000...,curState=00000000...,orgDBHash=00000000...,curDBHash=00000000...
warning|2025-10-09 07:05:23.340916|Download-1-0x00007fe6493ed700|[g:1][BLOCKVERIFIER][executeBlock]executeBlock exception,blockNumber=184
info|2025-10-09 07:05:29.041089|io_service-0x00007fe656407700|[P2P][Service] heartBeat,connected count=3
info|2025-10-09 07:05:29.854872|Download-1-0x00007fe6493ed700|[g:1][SYNC][id:374bdfe9...][Download][Request]Request blocks,from=184,to=184,peer=064cb676...
info|2025-10-09 07:05:29.867872|Download-1-0x00007fe6493ed700|[g:1][SYNC][id:374bdfe9...][Download][BlockSync]Download block execute,number=184,txs=1,hash=22a8c2ae...
info|2025-10-09 07:05:29.867927|Download-1-0x00007fe6493ed700|[g:1][BLOCKVERIFIER][executeBlock]Executing block,txNum=1,num=184,parentHash=84b9e5d996bf7a5eb7a7af1e23a8308230a576a20d5c81a92b78a013e510177d,parentNum=183,parentStateRoot=193aa4e3ddcabc3eb1c4bc64eca338693c126abd7770f253f6dd6e3fee2170ea
info|2025-10-09 07:05:29.868484|Download-1-0x00007fe6493ed700|[g:1][PRECOMPILED]init GasChargeManagePrecompiled
info|2025-10-09 07:05:29.869144|Download-1-0x00007fe6493ed700|[g:1][PRECOMPILED][TimerPrecompiled]getCurrentTimeMillis,timeMillis=1760018729869
info|2025-10-09 07:05:29.873397|Download-1-0x00007fe6493ed700|[g:1][PRECOMPILED][TimerPrecompiled]getCurrentTimeMillis,timeMillis=1760018729873
error|2025-10-09 07:05:29.873818|Download-1-0x00007fe6493ed700|[g:1][BLOCKVERIFIER]Invalid Block with bad stateRoot or receiptRoot or dbHash,blkNum=184,originHash=22a8c2ae...,curHash=31f10247...,orgReceipt=ed245b8c...,curRecepit=0ac7fd2d...,orgTxRoot=2d8a5d62...,curTxRoot=2d8a5d62...,orgState=00000000...,curState=00000000...,orgDBHash=00000000...,curDBHash=00000000...
warning|2025-10-09 07:05:29.874501|Download-1-0x00007fe6493ed700|[g:1][BLOCKVERIFIER][executeBlock]executeBlock exception,blockNumber=184
info|2025-10-09 07:05:35.044359|fisco-bcos-0x00007fe659180dc0|[LEDGER]stop sealer,groupID=1
info|2025-10-09 07:05:35.044441|fisco-bcos-0x00007fe659180dc0|[CONSENSUS][SEALER]Stop sealer module...
info|2025-10-09 07:05:35.171451|fisco-bcos-0x00007fe659180dc0|[CONSENSUS][ConsensusEngine][Stop ConsensusEngineBase]
info|2025-10-09 07:05:35.175258|fisco-bcos-0x00007fe659180dc0|[CONSENSUS][ConsensusEngine]ConsensusEngineBase stopped
info|2025-10-09 07:05:35.175338|fisco-bcos-0x00007fe659180dc0|[LEDGER]sealer stopped. stop sync,groupID=1
info|2025-10-09 07:05:35.234495|fisco-bcos-0x00007fe659180dc0|[g:1] [SYNC][id:374bdfe9...]SyncMsgEngine stopped
info|2025-10-09 07:05:35.651215|fisco-bcos-0x00007fe659180dc0|[GossipBlockStatus]stop GossipBlockStatus succ
info|2025-10-09 07:05:36.505555|fisco-bcos-0x00007fe659180dc0|[SYNC][id:374bdfe9...][g:1]SyncMaster stopped
info|2025-10-09 07:05:36.505616|fisco-bcos-0x00007fe659180dc0|[LEDGER]sync stopped. stop event filter manager,groupID=1
info|2025-10-09 07:05:36.528813|fisco-bcos-0x00007fe659180dc0|[EVENT][EventLogFilterManager]stop
info|2025-10-09 07:05:36.528860|fisco-bcos-0x00007fe659180dc0|[LEDGER]event filter manager stopped. stop tx pool,groupID=1
info|2025-10-09 07:05:36.681763|fisco-bcos-0x00007fe659180dc0|[LEDGER]removeNetworkStatHandlerByGroupID and removeGroupBandwidthLimiter for service,groupID=1
info|2025-10-09 07:05:36.681819|fisco-bcos-0x00007fe659180dc0|[CHANNEL]removeSDKAllowListByGroupId,groupId=1
info|2025-10-09 07:05:36.681829|fisco-bcos-0x00007fe659180dc0|[INITIALIZER]ledgerInitializer stopped
info|2025-10-09 07:05:37.072191|io_service-0x00007fe656407700|[NETWORK][Session]doRead failed,endpoint=127.0.0.1:30300,message=short read (SSL routines, SSL routines)
info|2025-10-09 07:05:37.115148|io_service-0x00007fe656407700|[NETWORK][Session]drop, call and erase all callbackFunc of the session!,endpoint=127.0.0.1:30300
info|2025-10-09 07:05:37.115208|io_service-0x00007fe656407700|[NETWORK][Session][drop] closing remote 127.0.0.1:30300,reason=Low-level TCP communication failed.,endpoint=127.0.0.1:30300
info|2025-10-09 07:05:37.115302|P2P-0x00007fe65840b700|[P2P][Service] disconnect inactive P2PSession,nodeID=73994dae...,endpoint=127.0.0.1:30300,code=3,what=Disconnect
info|2025-10-09 07:05:37.115400|io_service-0x00007fe656407700|[NETWORK][Session]Session inactive
info|2025-10-09 07:05:37.115412|io_service-0x00007fe656407700|[NETWORK][Session]Session inactive
info|2025-10-09 07:05:37.115360|P2P-0x00007fe65840b700|[P2P][Service] onDisconnect,code=3,what=Dynamic exception type: dev::network::NetworkException
std::exception::what: Disconnect
info|2025-10-09 07:05:37.115419|io_service-0x00007fe656407700|[NETWORK][Session][drop] shutdown failed ,code=9,message=Bad file descriptor
info|2025-10-09 07:05:38.001409|fisco-bcos-0x00007fe659180dc0|[INITIALIZER]ChannelRPCHttpServer deleted.
info|2025-10-09 07:05:38.061394|io_service-0x00007fe656407700|[NETWORK][Session]doRead failed,endpoint=127.0.0.1:30302,message=short read (SSL routines, SSL routines)
info|2025-10-09 07:05:38.061441|io_service-0x00007fe656407700|[NETWORK][Session]drop, call and erase all callbackFunc of the session!,endpoint=127.0.0.1:30302
info|2025-10-09 07:05:38.061455|io_service-0x00007fe656407700|[NETWORK][Session][drop] closing remote 127.0.0.1:30302,reason=Low-level TCP communication failed.,endpoint=127.0.0.1:30302
info|2025-10-09 07:05:38.061648|io_service-0x00007fe656407700|[NETWORK][Session]Session inactive
info|2025-10-09 07:05:38.061662|io_service-0x00007fe656407700|[NETWORK][Session]Session inactive
info|2025-10-09 07:05:38.061669|io_service-0x00007fe656407700|[NETWORK][Session][drop] shutdown failed ,code=9,message=Bad file descriptor
info|2025-10-09 07:05:38.061704|P2P-0x00007fe657c0a700|[P2P][Service] disconnect inactive P2PSession,nodeID=87d00b98...,endpoint=127.0.0.1:30302,code=3,what=Disconnect
info|2025-10-09 07:05:38.061724|P2P-0x00007fe657c0a700|[P2P][Service] onDisconnect,code=3,what=Dynamic exception type: dev::network::NetworkException
std::exception::what: Disconnect
info|2025-10-09 07:05:38.094318|fisco-bcos-0x00007fe659180dc0|[INITIALIZER]JsonrpcHttpServer deleted.
info|2025-10-09 07:05:38.094353|fisco-bcos-0x00007fe659180dc0|[INITIALIZER]RPCInitializer stopped
error|2025-10-09 07:05:38.094433|io_service-0x00007fe656407700|[NETWORK][Host]accept connection failed,endpoint=0.0.0.0:0,code=125,message=Operation canceled
info|2025-10-09 07:05:38.094524|io_service-0x00007fe656407700|[NETWORK][Host]Host exit
info|2025-10-09 07:05:38.132950|fisco-bcos-0x00007fe659180dc0|[INITIALIZER]P2PInitializer stopped
info|2025-10-09 07:05:38.133061|fisco-bcos-0x00007fe659180dc0|[LEDGER]stop sealer,groupID=1
info|2025-10-09 07:05:38.133087|fisco-bcos-0x00007fe659180dc0|[LEDGER]sealer stopped. stop sync,groupID=1
info|2025-10-09 07:05:38.133112|fisco-bcos-0x00007fe659180dc0|[g:1] [SYNC][id:374bdfe9...]SyncMsgEngine stopped
info|2025-10-09 07:05:38.133141|fisco-bcos-0x00007fe659180dc0|[GossipBlockStatus]GossipBlockStatus already stopped
info|2025-10-09 07:05:38.133159|fisco-bcos-0x00007fe659180dc0|[SYNC][id:374bdfe9...][g:1]SyncMaster stopped
info|2025-10-09 07:05:38.133178|fisco-bcos-0x00007fe659180dc0|[LEDGER]sync stopped. stop event filter manager,groupID=1
info|2025-10-09 07:05:38.133195|fisco-bcos-0x00007fe659180dc0|[LEDGER]event filter manager stopped. stop tx pool,groupID=1
info|2025-10-09 07:05:38.133218|fisco-bcos-0x00007fe659180dc0|[LEDGER]removeNetworkStatHandlerByGroupID and removeGroupBandwidthLimiter for service,groupID=1
info|2025-10-09 07:05:38.133267|fisco-bcos-0x00007fe659180dc0|[g:1][STORAGE][CachedStorage]Stopping flushStorage thread
info|2025-10-09 07:05:38.468038|fisco-bcos-0x00007fe659180dc0|[g:1][STORAGE][CachedStorage]flushStorage thread stopped.
info|2025-10-09 07:05:38.468070|fisco-bcos-0x00007fe659180dc0|[DBINITIALIZER] storage stopped
info|2025-10-09 07:05:39.640006|fisco-bcos-0x00007fe659180dc0|[g:1] [SYNC][id:374bdfe9...]SyncMsgEngine stopped
info|2025-10-09 07:05:39.640092|fisco-bcos-0x00007fe659180dc0|[GossipBlockStatus]GossipBlockStatus already stopped
info|2025-10-09 07:05:39.640102|fisco-bcos-0x00007fe659180dc0|[SYNC][id:374bdfe9...][g:1]SyncMaster stopped
info|2025-10-09 07:05:39.640133|fisco-bcos-0x00007fe659180dc0|[g:1] [SYNC][id:374bdfe9...]SyncMsgEngine stopped
