info|2025-10-13 07:42:06.759605|fisco-bcos-0x00007facd45efdc0|[INITIALIZER][initGlobalConfig],enableCompress=true,compatibilityVersion=2.11.0,versionNumber=34275328,enableStat=false,chainId=1,useSMCrypto=true,IgnoreObserverWriteRequest=false
info|2025-10-13 07:42:06.762132|fisco-bcos-0x00007facd45efdc0|[INITIALIZER][SecureInitializerGM]get pub of node,nodeID=374bdfe969e1d8ea1200ade93e5d8cf1a7d5741f238011004b0f43ca818706f194b2f067e1708125f7ffc536610b9a72addbd56b238d65f18912be39037ffcc5
info|2025-10-13 07:42:06.763021|fisco-bcos-0x00007facd45efdc0|[NETWORK][Host]Connecting to node,endpoint=127.0.0.1:30300
info|2025-10-13 07:42:06.763116|fisco-bcos-0x00007facd45efdc0|[NETWORK][Host]Connecting to node,endpoint=127.0.0.1:30301
info|2025-10-13 07:42:06.763176|fisco-bcos-0x00007facd45efdc0|[NETWORK][Host]Connecting to node,endpoint=127.0.0.1:30302
info|2025-10-13 07:42:06.768335|fisco-bcos-0x00007facd45efdc0|[NETWORK][Host]Connecting to node,endpoint=127.0.0.1:30303
info|2025-10-13 07:42:06.768409|fisco-bcos-0x00007facd45efdc0|[P2P][Service] heartBeat,connected count=0
info|2025-10-13 07:42:06.768445|fisco-bcos-0x00007facd45efdc0|[INITIALIZER][RPCInitializer],network_security.check_cert_issuer=true
info|2025-10-13 07:42:06.769104|fisco-bcos-0x00007facd45efdc0|[CHANNEL][ChannelServer::run],threadPoolSize=8
info|2025-10-13 07:42:06.769153|fisco-bcos-0x00007facd45efdc0|[CHANNEL]ChannelRPCServer started
info|2025-10-13 07:42:06.769159|fisco-bcos-0x00007facd45efdc0|[INITIALIZER][RPCInitializer: ChannelRPCHttpServer started.],disableDynamicGroup=false,uncheckGroupMember=false,threadSize=8
info|2025-10-13 07:42:06.769166|fisco-bcos-0x00007facd45efdc0|[INITIALIZER][LedgerInitializer]initConfig
info|2025-10-13 07:42:06.769179|fisco-bcos-0x00007facd45efdc0|[LedgerInitializer],groupConfigPath=conf/
info|2025-10-13 07:42:06.769374|fisco-bcos-0x00007facd45efdc0|[INITIALIZER][initSingleLedger] [GroupId], LedgerConstructor:  1,configFileName=conf/group.1.genesis,dataDir=data/
info|2025-10-13 07:42:06.769451|fisco-bcos-0x00007facd45efdc0|[g:1][LedgerParam][parseGenesisConfig]initConsensusConfig/initStorageConfig/initTxConfig,configFile=conf/group.1.genesis
info|2025-10-13 07:42:06.769463|fisco-bcos-0x00007facd45efdc0|[g:1][LedgerParam][initConsensusConfig],type=pbft,consensusTimeout=3,maxTxNum=1000,txGasLimit=300000000
info|2025-10-13 07:42:06.769477|fisco-bcos-0x00007facd45efdc0|[g:1][LedgerParam][parsePublicKeyListOfSection],sectionName=consensus,it.first=73994dae9e8b8da733108a4153dfe79151d701dff425f84c87b5324e8ebd02ab6a0ebc9e4f1e0298a7ddca50f94a8f95c62b6997226d571e470e8f2b0600634a
info|2025-10-13 07:42:06.769489|fisco-bcos-0x00007facd45efdc0|[g:1][LedgerParam][parsePublicKeyListOfSection],sectionName=consensus,it.first=374bdfe969e1d8ea1200ade93e5d8cf1a7d5741f238011004b0f43ca818706f194b2f067e1708125f7ffc536610b9a72addbd56b238d65f18912be39037ffcc5
info|2025-10-13 07:42:06.769499|fisco-bcos-0x00007facd45efdc0|[g:1][LedgerParam][parsePublicKeyListOfSection],sectionName=consensus,it.first=87d00b98321fc70a5abc85ad9e80db10cce315194133697bf74aace1d3f8430957a766240f751752708f4282f46110d6ea56c3eb5d1c02ce98a66f327f595270
info|2025-10-13 07:42:06.769516|fisco-bcos-0x00007facd45efdc0|[g:1][LedgerParam][parsePublicKeyListOfSection],sectionName=consensus,it.first=064cb676a36047a4b52ecbf9c01664b1e987d91b438110ba6a12d96972726622e824d295b1de8b0298b5afe7bbbc0bd04a3890e1a36eae028c1cfbe07971b995
info|2025-10-13 07:42:06.769521|fisco-bcos-0x00007facd45efdc0|[g:1][LedgerParam][parsePublicKeyListOfSection],totalPubKeySize=4
info|2025-10-13 07:42:06.769544|fisco-bcos-0x00007facd45efdc0|[g:1][LedgerParam][max_block_range],maxBlockRange=0,maxBlockPerProcess=3
info|2025-10-13 07:42:06.769550|fisco-bcos-0x00007facd45efdc0|[g:1][LedgerParam][parseGenesisConfig],timestamp=1759762229000
info|2025-10-13 07:42:06.769558|fisco-bcos-0x00007facd45efdc0|[g:1][LedgerParam]setEVMFlags,enableFreeStorageVMSchedule=false,evmFlags=0
info|2025-10-13 07:42:06.769569|fisco-bcos-0x00007facd45efdc0|[g:1][LedgerParam]store evmFlag,evmFlag=0
info|2025-10-13 07:42:06.769573|fisco-bcos-0x00007facd45efdc0|[g:1][LedgerParam]store consensus time,consensusTimeout=3
info|2025-10-13 07:42:06.769577|fisco-bcos-0x00007facd45efdc0|[g:1][LedgerParam][initMark],genesisMark=1-064cb676a36047a4b52ecbf9c01664b1e987d91b438110ba6a12d96972726622e824d295b1de8b0298b5afe7bbbc0bd04a3890e1a36eae028c1cfbe07971b995,374bdfe969e1d8ea1200ade93e5d8cf1a7d5741f238011004b0f43ca818706f194b2f067e1708125f7ffc536610b9a72addbd56b238d65f18912be39037ffcc5,73994dae9e8b8da733108a4153dfe79151d701dff425f84c87b5324e8ebd02ab6a0ebc9e4f1e0298a7ddca50f94a8f95c62b6997226d571e470e8f2b0600634a,87d00b98321fc70a5abc85ad9e80db10cce315194133697bf74aace1d3f8430957a766240f751752708f4282f46110d6ea56c3eb5d1c02ce98a66f327f595270,-pbft-storage-0-1000-300000000-3
info|2025-10-13 07:42:06.769587|fisco-bcos-0x00007facd45efdc0|[g:1][LedgerParam][initIniConfig]initTxPoolConfig/initSyncConfig/initTxExecuteConfig,configFile=conf/group.1.ini
info|2025-10-13 07:42:06.769716|fisco-bcos-0x00007facd45efdc0|[g:1][LedgerParam][initStorageConfig],stateType=storage,storageDB=rocksdb,storagePath=data//group1/block/RocksDB,baseDir=data//group1,dbtype=mysql,dbip=127.0.0.1,dbport=3306,dbcharset=utf8mb4,initconnections=15,maxconnections=50,scrollThreshold=2000,enableReconfirmCommittee=false
info|2025-10-13 07:42:06.769730|fisco-bcos-0x00007facd45efdc0|[g:1][LedgerParam][initTxPoolConfig],txPoolLimit=150000,memorySizeLimit(MB)=512,notifyWorkerNum=2,txsExpirationTime(ms)=600000
info|2025-10-13 07:42:06.769736|fisco-bcos-0x00007facd45efdc0|[g:1][LedgerParam][initSyncConfig],idleWaitMs=200
info|2025-10-13 07:42:06.769744|fisco-bcos-0x00007facd45efdc0|[g:1][LedgerParam][initSyncConfig],enableSendTxsByTree=true,enableSendBlockStatusByTree=true
info|2025-10-13 07:42:06.769750|fisco-bcos-0x00007facd45efdc0|[g:1][LedgerParam][initSyncConfig],gossipInterval=1000
info|2025-10-13 07:42:06.769760|fisco-bcos-0x00007facd45efdc0|[g:1][LedgerParam][initSyncConfig],enableSendBlockStatusByTree=true,gossipInterval=1000,gossipPeers=3,syncTreeWidth=3,maxQueueSizeForBlockSync=536870912,txsStatusGossipMaxPeers=5,syncInfoPrintInterval=10,freeNodeRead=false
info|2025-10-13 07:42:06.769766|fisco-bcos-0x00007facd45efdc0|[g:1][LedgerParam][InitTxExecuteConfig],enableParallel=true
info|2025-10-13 07:42:06.769786|fisco-bcos-0x00007facd45efdc0|[g:1][LedgerParam][initConsensusIniConfig],maxTTL=2,minBlockGenerationTime=500,enablDynamicBlockSize=true,blockSizeIncreaseRatio=0.5,enableTTLOptimize=true,enablePrepareWithTxsHash=true
info|2025-10-13 07:42:06.769815|fisco-bcos-0x00007facd45efdc0|[g:1][LedgerParam][initRPBFTConsensusIniConfig],broadcastPrepareByTree=true,prepareStatusBroadcastPercent=33,maxRequestMissedTxsWaitTime=100,maxRequestPrepareWaitTime=100
info|2025-10-13 07:42:06.769821|fisco-bcos-0x00007facd45efdc0|[g:1][LedgerParam][initFlowControlConfig],maxQPS=9223372036854775807,outGoingBandwidth(Bytes)=9223372036854775807
info|2025-10-13 07:42:06.769825|fisco-bcos-0x00007facd45efdc0|[g:1][LedgerParam]parseSDKAllowList,sdkAllowList=[],enableSDKAllowListControl=false
info|2025-10-13 07:42:06.769839|fisco-bcos-0x00007facd45efdc0|[g:1][LEDGER][initLedger][DBInitializer]
info|2025-10-13 07:42:06.769843|fisco-bcos-0x00007facd45efdc0|[g:1][LEDGER]setSDKAllowList,groupId=1,sdkAllowListSize=0
info|2025-10-13 07:42:06.769847|fisco-bcos-0x00007facd45efdc0|[g:1][CHANNEL]registerSDKAllowListByGroupId,groupId=1,size=0
info|2025-10-13 07:42:06.769851|fisco-bcos-0x00007facd45efdc0|[g:1][CHANNEL]Disable group-level sdk permission control for sdk allowlist is empty
info|2025-10-13 07:42:06.769863|fisco-bcos-0x00007facd45efdc0|[g:1][DBINITIALIZER] [initStorageDB]
info|2025-10-13 07:42:06.769867|fisco-bcos-0x00007facd45efdc0|[g:1][DBINITIALIZER] [initRocksDBStorage]
info|2025-10-13 07:42:06.769888|fisco-bcos-0x00007facd45efdc0|[g:1][ROCKSDB]open rocksDB handler,path=data//group1/block/RocksDB
info|2025-10-13 07:42:06.772364|io_service-0x00007facd1876700|[NETWORK][Host]P2P StartAccept,Host=0.0.0.0:30301
info|2025-10-13 07:42:06.772564|io_service-0x00007facd1876700|[NETWORK][ASIO]asyncResolveConnect,endpoint=127.0.0.1:30300
info|2025-10-13 07:42:06.772704|io_service-0x00007facd1876700|[NETWORK][ASIO]asyncResolveConnect,endpoint=127.0.0.1:30301
info|2025-10-13 07:42:06.772763|io_service-0x00007facd1876700|[NETWORK][ASIO]asyncResolveConnect,endpoint=127.0.0.1:30302
info|2025-10-13 07:42:06.772848|io_service-0x00007facd1876700|[NETWORK][ASIO]asyncResolveConnect,endpoint=127.0.0.1:30303
info|2025-10-13 07:42:06.773056|io_service-0x00007facd1876700|[NETWORK][Host]P2P Recv Connect, From=127.0.0.1:58286
info|2025-10-13 07:42:06.773112|io_service-0x00007facd1876700|[NETWORK][Host]P2P StartAccept,Host=0.0.0.0:30301
info|2025-10-13 07:42:06.799526|fisco-bcos-0x00007facd45efdc0|[g:1][g:1][STORAGE][CachedStorage]Init flushStorage thread
info|2025-10-13 07:42:06.800045|fisco-bcos-0x00007facd45efdc0|[g:1][DBINITIALIZER] [init CachedStorage],maxCapacity=32,maxForwardBlock=10
info|2025-10-13 07:42:06.800106|fisco-bcos-0x00007facd45efdc0|[g:1][LEDGER][initLedger][initBlockChain]
info|2025-10-13 07:42:06.800402|fisco-bcos-0x00007facd45efdc0|[g:1][LEDGER]set enableHexBlock to be false,version=34275328
info|2025-10-13 07:42:06.800436|fisco-bcos-0x00007facd45efdc0|[g:1][BLOCKCHAIN][#checkAndBuildGenesisBlock],shouldBuild=false
info|2025-10-13 07:42:06.800874|fisco-bcos-0x00007facd45efdc0|[g:1][BLOCKCHAIN][#checkAndBuildGenesisBlock]Already have the 0th block, 0th groupMark is equal to file groupMark.
info|2025-10-13 07:42:06.800905|fisco-bcos-0x00007facd45efdc0|[g:1][LEDGER][initLedger]initBlockChain SUCC
info|2025-10-13 07:42:06.800963|fisco-bcos-0x00007facd45efdc0|[g:1][DBINITIALIZER] [createStateFactory],type=storage
info|2025-10-13 07:42:06.800987|fisco-bcos-0x00007facd45efdc0|[g:1][DBINITIALIZER] createStorageState SUCC
info|2025-10-13 07:42:06.801000|fisco-bcos-0x00007facd45efdc0|[g:1][DBINITIALIZER] [createStateFactory SUCC]
info|2025-10-13 07:42:06.801016|fisco-bcos-0x00007facd45efdc0|[g:1][DBINITIALIZER] createExecutiveContext...
info|2025-10-13 07:42:06.801044|fisco-bcos-0x00007facd45efdc0|[g:1][LEDGER]createGasMetric,vmFlagType=0
info|2025-10-13 07:42:06.801063|fisco-bcos-0x00007facd45efdc0|[g:1][LEDGER]createGasMetric
info|2025-10-13 07:42:06.801085|fisco-bcos-0x00007facd45efdc0|[g:1][DBINITIALIZER] create precompiledGasFactory and precompiledResultFactory
info|2025-10-13 07:42:06.801123|fisco-bcos-0x00007facd45efdc0|[g:1][DBINITIALIZER] createExecutiveContext SUCC
info|2025-10-13 07:42:06.801147|fisco-bcos-0x00007facd45efdc0|[g:1][DBINITIALIZER] [setSyncNumForCachedStorage],syncNum=183
info|2025-10-13 07:42:06.801156|fisco-bcos-0x00007facd45efdc0|[g:1][LEDGER][initNetworkBandWidthLimiter: outGoingBandwidthLimit has been disabled],groupId=1
info|2025-10-13 07:42:06.801162|fisco-bcos-0x00007facd45efdc0|[g:1][LEDGER][QPSLimit has been disabled],groupId=1
info|2025-10-13 07:42:06.801166|fisco-bcos-0x00007facd45efdc0|[g:1][LEDGER][initLedger][initBlockVerifier]
info|2025-10-13 07:42:06.801173|fisco-bcos-0x00007facd45efdc0|[g:1][LEDGER][initLedger][initBlockVerifier SUCC],evmFlags=0
info|2025-10-13 07:42:06.801176|io_service-0x00007facd1876700|[NETWORK][Host]P2P Recv Connect, From=127.0.0.1:58298
info|2025-10-13 07:42:06.801301|io_service-0x00007facd1876700|[NETWORK][Host]P2P StartAccept,Host=0.0.0.0:30301
info|2025-10-13 07:42:06.804381|fisco-bcos-0x00007facd45efdc0|[g:1][LEDGER][initLedger][initTxPool],txPoolLimit=150000
info|2025-10-13 07:42:06.837756|io_service-0x00007facd1876700|[NETWORK][Host]P2P Recv Connect, From=127.0.0.1:58304
info|2025-10-13 07:42:06.837879|io_service-0x00007facd1876700|[NETWORK][Host]P2P StartAccept,Host=0.0.0.0:30301
info|2025-10-13 07:42:06.938235|io_service-0x00007facd1876700|[NETWORK][Host]P2P Recv Connect, From=127.0.0.1:58308
info|2025-10-13 07:42:06.938288|io_service-0x00007facd1876700|[NETWORK][Host]P2P StartAccept,Host=0.0.0.0:30301
info|2025-10-13 07:42:06.938391|io_service-0x00007facd1876700|[NETWORK][Host]handshakeServer succ,remote endpoint=127.0.0.1:58286
info|2025-10-13 07:42:06.938425|io_service-0x00007facd1876700|[NETWORK][Host]startPeerSession, Remote=127.0.0.1:58286,local endpoint=127.0.0.1:30301,nodeID=374bdfe9...
info|2025-10-13 07:42:06.938536|io_service-0x00007facd1876700|[NETWORK][Host]handshakeClient succ,local endpoint=127.0.0.1:38324
info|2025-10-13 07:42:06.938567|io_service-0x00007facd1876700|[NETWORK][Host]startPeerSession, Remote=127.0.0.1:30303,local endpoint=127.0.0.1:38324,nodeID=064cb676...
info|2025-10-13 07:42:06.938654|io_service-0x00007facd1876700|[NETWORK][Host]handshakeClient succ,local endpoint=127.0.0.1:58286
info|2025-10-13 07:42:06.938681|io_service-0x00007facd1876700|[NETWORK][Host]startPeerSession, Remote=127.0.0.1:30301,local endpoint=127.0.0.1:58286,nodeID=374bdfe9...
info|2025-10-13 07:42:06.938730|P2P-0x00007facd2077700|[P2P][Service] Connection established,nodeID=064cb676...,endpoint=127.0.0.1:30303
info|2025-10-13 07:42:06.957334|fisco-bcos-0x00007facd45efdc0|[g:1][LEDGER][initLedger]initTxPool SUCC
info|2025-10-13 07:42:06.957936|fisco-bcos-0x00007facd45efdc0|[g:1][LEDGER][initLedger][initSync],idleWaitMs=200,gossipInterval=1000,gossipPeers=3
info|2025-10-13 07:42:06.958165|fisco-bcos-0x00007facd45efdc0|[g:1][LEDGER]Init sync master,enableSendBlockStatusByTree=true,enableSendTxsByTree=true
info|2025-10-13 07:42:06.959079|fisco-bcos-0x00007facd45efdc0|[g:1][LEDGER][initLedger]initSync SUCC
info|2025-10-13 07:42:06.959133|fisco-bcos-0x00007facd45efdc0|[g:1][LEDGER][initLedger][consensusInitFactory]
info|2025-10-13 07:42:06.959140|fisco-bcos-0x00007facd45efdc0|[g:1][LEDGER][initLedger][createPBFTSealer]
info|2025-10-13 07:42:06.959144|fisco-bcos-0x00007facd45efdc0|[g:1][LEDGER][initLedger][createPBFTSealer],baseDir=data//group1,Protocol=65544
info|2025-10-13 07:42:06.959202|fisco-bcos-0x00007facd45efdc0|[g:1][LEDGER][initLedger]createPBFTSealer for PBFT or rPBFT,consensusType=pbft
info|2025-10-13 07:42:06.959209|fisco-bcos-0x00007facd45efdc0|[g:1][LEDGER]createConsensusEngine: create PBFTEngine
info|2025-10-13 07:42:06.959221|fisco-bcos-0x00007facd45efdc0|[g:1][CONSENSUS][PBFT]Register handler for PBFTEngine
info|2025-10-13 07:42:06.969350|fisco-bcos-0x00007facd45efdc0|[g:1][CONSENSUS][PBFT]setMinBlockGenerationTime,minBlockGenerationTime=500,consensusTime=1000
info|2025-10-13 07:42:06.969422|fisco-bcos-0x00007facd45efdc0|[g:1][LEDGER][initEventLogFilterManager]initEventLogFilterManager SUCC
info|2025-10-13 07:42:06.969448|fisco-bcos-0x00007facd45efdc0|[LedgerInitializer init group succ],groupID=1
info|2025-10-13 07:42:06.969834|fisco-bcos-0x00007facd45efdc0|[SafeHttpServer::StartListening]use default epoll
info|2025-10-13 07:42:06.970917|fisco-bcos-0x00007facd45efdc0|[INITIALIZER][RPCInitializer JsonrpcHttpServer started],jsonrpc_IP=127.0.0.1,jsonrpc_listen_port=8546,jsonrpc_thread_count=8,ipv6=false,disableDynamicGroup=false,uncheckGroupMember=false
info|2025-10-13 07:42:06.971001|fisco-bcos-0x00007facd45efdc0|[g:1][LEDGER]startAll...
info|2025-10-13 07:42:06.976675|io_service-0x00007facd1876700|[NETWORK][Host]handshakeServer succ,remote endpoint=127.0.0.1:58298
info|2025-10-13 07:42:06.976777|io_service-0x00007facd1876700|[NETWORK][Host]startPeerSession, Remote=127.0.0.1:58298,local endpoint=127.0.0.1:30301,nodeID=064cb676...
info|2025-10-13 07:42:06.977132|io_service-0x00007facd1876700|[NETWORK][Host]handshakeClient succ,local endpoint=127.0.0.1:33938
info|2025-10-13 07:42:06.977172|io_service-0x00007facd1876700|[NETWORK][Host]startPeerSession, Remote=127.0.0.1:30302,local endpoint=127.0.0.1:33938,nodeID=87d00b98...
info|2025-10-13 07:42:06.977282|P2P-0x00007facd2878700|[P2P][Service] Connection established,nodeID=87d00b98...,endpoint=127.0.0.1:30302
info|2025-10-13 07:42:06.977447|io_service-0x00007facd1876700|[NETWORK][Host]handshakeClient succ,local endpoint=127.0.0.1:37882
info|2025-10-13 07:42:06.977490|io_service-0x00007facd1876700|[NETWORK][Host]startPeerSession, Remote=127.0.0.1:30300,local endpoint=127.0.0.1:37882,nodeID=73994dae...
info|2025-10-13 07:42:06.977593|P2P-0x00007facd3079700|[P2P][Service] Connection established,nodeID=73994dae...,endpoint=127.0.0.1:30300
info|2025-10-13 07:42:06.980506|fisco-bcos-0x00007facd45efdc0|[g:1][GossipBlockStatus]start GossipBlockStatus succ
info|2025-10-13 07:42:06.980646|fisco-bcos-0x00007facd45efdc0|[g:1][CONSENSUS][ConsensusEngine][Start ConsensusEngineBase]
info|2025-10-13 07:42:06.985060|fisco-bcos-0x00007facd45efdc0|[g:1][CONSENSUS][PBFT]^^^^^^^^Report,num=183,sealerIdx=0,hash=84b9e5d9...,next=184,tx=1,nodeIdx=1
info|2025-10-13 07:42:06.985142|fisco-bcos-0x00007facd45efdc0|[g:1][ROCKSDB]open rocksDB handler,path=data//group1/pbftMsgBackup/RocksDB
info|2025-10-13 07:42:07.007214|io_service-0x00007facd1876700|[NETWORK][Host]handshakeServer succ,remote endpoint=127.0.0.1:58304
info|2025-10-13 07:42:07.007592|io_service-0x00007facd1876700|[NETWORK][Host]startPeerSession, Remote=127.0.0.1:58304,local endpoint=127.0.0.1:30301,nodeID=73994dae...
info|2025-10-13 07:42:07.009534|Download-1-0x00007facc485c700|[g:1][SYNC][id:374bdfe9...][Download][Request]Request blocks,from=184,to=191,peer=064cb676...
info|2025-10-13 07:42:07.009523|alignTime-1-0x00007facc2057700|[g:1][NodeTimeMaintenance]updateTimeInfo: update median time offset,updatedMedianTimeOffset=-9,peer=064cb676...,peerTime=1760366527000,peerOffset=-9,utcTime=1760366527009
info|2025-10-13 07:42:07.009566|Download-1-0x00007facc485c700|[g:1][SYNC][id:374bdfe9...][Download][Request]Request blocks,from=192,to=199,peer=064cb676...
info|2025-10-13 07:42:07.009580|Download-1-0x00007facc485c700|[g:1][SYNC][id:374bdfe9...][Download][Request]Request blocks,from=200,to=207,peer=064cb676...
info|2025-10-13 07:42:07.009594|Download-1-0x00007facc485c700|[g:1][SYNC][id:374bdfe9...][Download][Request]Request blocks,from=208,to=215,peer=064cb676...
info|2025-10-13 07:42:07.046491|fisco-bcos-0x00007facd45efdc0|[g:1][CONSENSUS][PBFT][PBFT init env successfully]
info|2025-10-13 07:42:07.046855|fisco-bcos-0x00007facd45efdc0|[g:1][CONSENSUS][PBFT][Start PBFTEngine...]
info|2025-10-13 07:42:07.046960|fisco-bcos-0x00007facd45efdc0|[g:1][CONSENSUS][SEALER][Start sealer module]
info|2025-10-13 07:42:07.056026|fisco-bcos-0x00007facd45efdc0|[g:1][EVENT][EventLogFilterManager]start,m_maxBlockRange=0,m_maxBlockPerLoopFilter=3
info|2025-10-13 07:42:07.059374|io_service-0x00007facd1876700|[NETWORK][Host]handshakeServer succ,remote endpoint=127.0.0.1:58308
info|2025-10-13 07:42:07.059421|io_service-0x00007facd1876700|[NETWORK][Host]startPeerSession, Remote=127.0.0.1:58308,local endpoint=127.0.0.1:30301,nodeID=87d00b98...
info|2025-10-13 07:42:07.084720|Download-1-0x00007facc485c700|[g:1][SYNC][id:374bdfe9...][Download][BlockSync]Download block execute,number=184,txs=1,hash=22a8c2ae...
info|2025-10-13 07:42:07.085606|Download-1-0x00007facc485c700|[g:1][BLOCKVERIFIER][executeBlock]Executing block,txNum=1,num=184,parentHash=84b9e5d996bf7a5eb7a7af1e23a8308230a576a20d5c81a92b78a013e510177d,parentNum=183,parentStateRoot=193aa4e3ddcabc3eb1c4bc64eca338693c126abd7770f253f6dd6e3fee2170ea
info|2025-10-13 07:42:07.093931|Download-1-0x00007facc485c700|[g:1][PRECOMPILED]init GasChargeManagePrecompiled
info|2025-10-13 07:42:07.094867|Download-1-0x00007facc485c700|[g:1][PRECOMPILED][TimerPrecompiled]getCurrentTimeMillis,timeMillis=1760366527094
error|2025-10-13 07:42:07.095104|Download-1-0x00007facc485c700|[g:1][PRECOMPILED]SM2EncryptPrecompiled exception:Unknown function
error|2025-10-13 07:42:07.095201|Download-1-0x00007facc485c700|[g:1][EXECUTIVECONTEXT]PrecompiledException,address=000000000000000000000000000000000000500b,message:=Unknown function
error|2025-10-13 07:42:07.095281|Download-1-0x00007facc485c700|[g:1][EXECUTIVE][TxExeError]Transaction execution error,TransactionExceptionID=22,hash=34fcf37998bfab32d1354d28f63091611b3b7e8622725266293468c69156e50d
error|2025-10-13 07:42:07.095450|Download-1-0x00007facc485c700|[g:1][BLOCKVERIFIER]Invalid Block with bad stateRoot or receiptRoot or dbHash,blkNum=184,originHash=22a8c2ae...,curHash=d70f1cff...,orgReceipt=ed245b8c...,curRecepit=8937e548...,orgTxRoot=2d8a5d62...,curTxRoot=2d8a5d62...,orgState=00000000...,curState=00000000...,orgDBHash=00000000...,curDBHash=00000000...
warning|2025-10-13 07:42:07.095583|Download-1-0x00007facc485c700|[g:1][BLOCKVERIFIER][executeBlock]executeBlock exception,blockNumber=184
info|2025-10-13 07:42:07.116882|alignTime-1-0x00007facc2057700|[g:1][NodeTimeMaintenance]updateTimeInfo: update median time offset,updatedMedianTimeOffset=-5,peer=87d00b98...,peerTime=1760366527115,peerOffset=-1,utcTime=1760366527116
info|2025-10-13 07:42:07.150100|alignTime-1-0x00007facc2057700|[g:1][NodeTimeMaintenance]updateTimeInfo: update median time offset,updatedMedianTimeOffset=-1,peer=73994dae...,peerTime=1760366527149,peerOffset=-1,utcTime=1760366527150
warning|2025-10-13 07:42:09.993064|PBFT-1-0x00007facb7842700|[g:1][CONSENSUS][PBFT]ViewChangeWarning: not caused by omit empty block ,v=0,toV=1,curNum=183,hash=84b9e5d9...,nodeIdx=1,myNode=374bdfe9...
info|2025-10-13 07:42:09.993346|PBFT-1-0x00007facb7842700|[g:1][CONSENSUS][PBFT]checkTimeout Succ,view=0,toView=1,nodeIdx=1,changeCycle=1,myNode=374bdfe9...,timecost=2
info|2025-10-13 07:42:12.011555|P2P-0x00007facd3079700|[NETWORK][Session]Received topic: [2	_block_notify_1] from 73994dae9e8b8da733108a4153dfe79151d701dff425f84c87b5324e8ebd02ab6a0ebc9e4f1e0298a7ddca50f94a8f95c62b6997226d571e470e8f2b0600634a
warning|2025-10-13 07:42:14.502490|PBFT-1-0x00007facb7842700|[g:1][CONSENSUS][PBFT]ViewChangeWarning: not caused by omit empty block ,v=0,toV=2,curNum=183,hash=84b9e5d9...,nodeIdx=1,myNode=374bdfe9...
info|2025-10-13 07:42:14.503783|PBFT-1-0x00007facb7842700|[g:1][CONSENSUS][PBFT]checkTimeout Succ,view=0,toView=2,nodeIdx=1,changeCycle=2,myNode=374bdfe9...,timecost=3
info|2025-10-13 07:42:16.768552|io_service-0x00007facd1876700|[P2P][Service] heartBeat,connected count=3
warning|2025-10-13 07:42:21.257048|PBFT-1-0x00007facb7842700|[g:1][CONSENSUS][PBFT]ViewChangeWarning: not caused by omit empty block ,v=0,toV=3,curNum=183,hash=84b9e5d9...,nodeIdx=1,myNode=374bdfe9...
info|2025-10-13 07:42:21.257458|PBFT-1-0x00007facb7842700|[g:1][CONSENSUS][PBFT]checkTimeout Succ,view=0,toView=3,nodeIdx=1,changeCycle=3,myNode=374bdfe9...,timecost=2
info|2025-10-13 07:42:23.027415|Download-1-0x00007facc485c700|[g:1][SYNC][id:374bdfe9...][Download][Request]Request blocks,from=184,to=184,peer=87d00b98...
info|2025-10-13 07:42:23.032897|Download-1-0x00007facc485c700|[g:1][SYNC][id:374bdfe9...][Download][BlockSync]Download block execute,number=184,txs=1,hash=22a8c2ae...
info|2025-10-13 07:42:23.032973|Download-1-0x00007facc485c700|[g:1][BLOCKVERIFIER][executeBlock]Executing block,txNum=1,num=184,parentHash=84b9e5d996bf7a5eb7a7af1e23a8308230a576a20d5c81a92b78a013e510177d,parentNum=183,parentStateRoot=193aa4e3ddcabc3eb1c4bc64eca338693c126abd7770f253f6dd6e3fee2170ea
info|2025-10-13 07:42:23.033144|Download-1-0x00007facc485c700|[g:1][PRECOMPILED]init GasChargeManagePrecompiled
info|2025-10-13 07:42:23.033452|Download-1-0x00007facb1035700|[PRECOMPILED][TimerPrecompiled]getCurrentTimeMillis,timeMillis=1760366543033
error|2025-10-13 07:42:23.033508|Download-1-0x00007facb1035700|[PRECOMPILED]SM2EncryptPrecompiled exception:Unknown function
error|2025-10-13 07:42:23.033525|Download-1-0x00007facb1035700|[EXECUTIVECONTEXT]PrecompiledException,address=000000000000000000000000000000000000500b,message:=Unknown function
error|2025-10-13 07:42:23.033551|Download-1-0x00007facb1035700|[EXECUTIVE][TxExeError]Transaction execution error,TransactionExceptionID=22,hash=34fcf37998bfab32d1354d28f63091611b3b7e8622725266293468c69156e50d
error|2025-10-13 07:42:23.033825|Download-1-0x00007facc485c700|[g:1][BLOCKVERIFIER]Invalid Block with bad stateRoot or receiptRoot or dbHash,blkNum=184,originHash=22a8c2ae...,curHash=d70f1cff...,orgReceipt=ed245b8c...,curRecepit=8937e548...,orgTxRoot=2d8a5d62...,curTxRoot=2d8a5d62...,orgState=00000000...,curState=00000000...,orgDBHash=00000000...,curDBHash=00000000...
warning|2025-10-13 07:42:23.033906|Download-1-0x00007facc485c700|[g:1][BLOCKVERIFIER][executeBlock]executeBlock exception,blockNumber=184
info|2025-10-13 07:42:26.768792|io_service-0x00007facd1876700|[P2P][Service] heartBeat,connected count=3
info|2025-10-13 07:42:29.571265|Download-1-0x00007facc485c700|[g:1][SYNC][id:374bdfe9...][Download][Request]Request blocks,from=184,to=184,peer=73994dae...
info|2025-10-13 07:42:29.576407|Download-1-0x00007facc485c700|[g:1][SYNC][id:374bdfe9...][Download][BlockSync]Download block execute,number=184,txs=1,hash=22a8c2ae...
info|2025-10-13 07:42:29.576515|Download-1-0x00007facc485c700|[g:1][BLOCKVERIFIER][executeBlock]Executing block,txNum=1,num=184,parentHash=84b9e5d996bf7a5eb7a7af1e23a8308230a576a20d5c81a92b78a013e510177d,parentNum=183,parentStateRoot=193aa4e3ddcabc3eb1c4bc64eca338693c126abd7770f253f6dd6e3fee2170ea
info|2025-10-13 07:42:29.576722|Download-1-0x00007facc485c700|[g:1][PRECOMPILED]init GasChargeManagePrecompiled
info|2025-10-13 07:42:29.577299|Download-1-0x00007facb1035700|[PRECOMPILED][TimerPrecompiled]getCurrentTimeMillis,timeMillis=1760366549577
error|2025-10-13 07:42:29.577393|Download-1-0x00007facb1035700|[PRECOMPILED]SM2EncryptPrecompiled exception:Unknown function
error|2025-10-13 07:42:29.577414|Download-1-0x00007facb1035700|[EXECUTIVECONTEXT]PrecompiledException,address=000000000000000000000000000000000000500b,message:=Unknown function
error|2025-10-13 07:42:29.577443|Download-1-0x00007facb1035700|[EXECUTIVE][TxExeError]Transaction execution error,TransactionExceptionID=22,hash=34fcf37998bfab32d1354d28f63091611b3b7e8622725266293468c69156e50d
error|2025-10-13 07:42:29.577740|Download-1-0x00007facc485c700|[g:1][BLOCKVERIFIER]Invalid Block with bad stateRoot or receiptRoot or dbHash,blkNum=184,originHash=22a8c2ae...,curHash=d70f1cff...,orgReceipt=ed245b8c...,curRecepit=8937e548...,orgTxRoot=2d8a5d62...,curTxRoot=2d8a5d62...,orgState=00000000...,curState=00000000...,orgDBHash=00000000...,curDBHash=00000000...
warning|2025-10-13 07:42:29.577838|Download-1-0x00007facc485c700|[g:1][BLOCKVERIFIER][executeBlock]executeBlock exception,blockNumber=184
warning|2025-10-13 07:42:31.387009|PBFT-1-0x00007facb7842700|[g:1][CONSENSUS][PBFT]ViewChangeWarning: not caused by omit empty block ,v=0,toV=4,curNum=183,hash=84b9e5d9...,nodeIdx=1,myNode=374bdfe9...
info|2025-10-13 07:42:31.387339|PBFT-1-0x00007facb7842700|[g:1][CONSENSUS][PBFT]checkTimeout Succ,view=0,toView=4,nodeIdx=1,changeCycle=4,myNode=374bdfe9...,timecost=2
info|2025-10-13 07:42:35.978712|Download-1-0x00007facc485c700|[g:1][SYNC][id:374bdfe9...][Download][Request]Request blocks,from=184,to=184,peer=064cb676...
info|2025-10-13 07:42:35.983584|Download-1-0x00007facc485c700|[g:1][SYNC][id:374bdfe9...][Download][BlockSync]Download block execute,number=184,txs=1,hash=22a8c2ae...
info|2025-10-13 07:42:35.983669|Download-1-0x00007facc485c700|[g:1][BLOCKVERIFIER][executeBlock]Executing block,txNum=1,num=184,parentHash=84b9e5d996bf7a5eb7a7af1e23a8308230a576a20d5c81a92b78a013e510177d,parentNum=183,parentStateRoot=193aa4e3ddcabc3eb1c4bc64eca338693c126abd7770f253f6dd6e3fee2170ea
info|2025-10-13 07:42:35.983831|Download-1-0x00007facc485c700|[g:1][PRECOMPILED]init GasChargeManagePrecompiled
info|2025-10-13 07:42:35.984122|Download-1-0x00007facb1035700|[PRECOMPILED][TimerPrecompiled]getCurrentTimeMillis,timeMillis=1760366555984
error|2025-10-13 07:42:35.984180|Download-1-0x00007facb1035700|[PRECOMPILED]SM2EncryptPrecompiled exception:Unknown function
error|2025-10-13 07:42:35.984199|Download-1-0x00007facb1035700|[EXECUTIVECONTEXT]PrecompiledException,address=000000000000000000000000000000000000500b,message:=Unknown function
error|2025-10-13 07:42:35.984297|Download-1-0x00007facb1035700|[EXECUTIVE][TxExeError]Transaction execution error,TransactionExceptionID=22,hash=34fcf37998bfab32d1354d28f63091611b3b7e8622725266293468c69156e50d
error|2025-10-13 07:42:35.984615|Download-1-0x00007facc485c700|[g:1][BLOCKVERIFIER]Invalid Block with bad stateRoot or receiptRoot or dbHash,blkNum=184,originHash=22a8c2ae...,curHash=d70f1cff...,orgReceipt=ed245b8c...,curRecepit=8937e548...,orgTxRoot=2d8a5d62...,curTxRoot=2d8a5d62...,orgState=00000000...,curState=00000000...,orgDBHash=00000000...,curDBHash=00000000...
warning|2025-10-13 07:42:35.984710|Download-1-0x00007facc485c700|[g:1][BLOCKVERIFIER][executeBlock]executeBlock exception,blockNumber=184
info|2025-10-13 07:42:36.769492|io_service-0x00007facd1876700|[P2P][Service] heartBeat,connected count=3
info|2025-10-13 07:42:42.380483|Download-1-0x00007facc485c700|[g:1][SYNC][id:374bdfe9...][Download][Request]Request blocks,from=184,to=184,peer=064cb676...
info|2025-10-13 07:42:42.386114|Download-1-0x00007facc485c700|[g:1][SYNC][id:374bdfe9...][Download][BlockSync]Download block execute,number=184,txs=1,hash=22a8c2ae...
info|2025-10-13 07:42:42.386239|Download-1-0x00007facc485c700|[g:1][BLOCKVERIFIER][executeBlock]Executing block,txNum=1,num=184,parentHash=84b9e5d996bf7a5eb7a7af1e23a8308230a576a20d5c81a92b78a013e510177d,parentNum=183,parentStateRoot=193aa4e3ddcabc3eb1c4bc64eca338693c126abd7770f253f6dd6e3fee2170ea
info|2025-10-13 07:42:42.386464|Download-1-0x00007facc485c700|[g:1][PRECOMPILED]init GasChargeManagePrecompiled
info|2025-10-13 07:42:42.386957|Download-1-0x00007facb1035700|[PRECOMPILED][TimerPrecompiled]getCurrentTimeMillis,timeMillis=1760366562386
error|2025-10-13 07:42:42.387047|Download-1-0x00007facb1035700|[PRECOMPILED]SM2EncryptPrecompiled exception:Unknown function
error|2025-10-13 07:42:42.387072|Download-1-0x00007facb1035700|[EXECUTIVECONTEXT]PrecompiledException,address=000000000000000000000000000000000000500b,message:=Unknown function
error|2025-10-13 07:42:42.387111|Download-1-0x00007facb1035700|[EXECUTIVE][TxExeError]Transaction execution error,TransactionExceptionID=22,hash=34fcf37998bfab32d1354d28f63091611b3b7e8622725266293468c69156e50d
error|2025-10-13 07:42:42.387536|Download-1-0x00007facc485c700|[g:1][BLOCKVERIFIER]Invalid Block with bad stateRoot or receiptRoot or dbHash,blkNum=184,originHash=22a8c2ae...,curHash=d70f1cff...,orgReceipt=ed245b8c...,curRecepit=8937e548...,orgTxRoot=2d8a5d62...,curTxRoot=2d8a5d62...,orgState=00000000...,curState=00000000...,orgDBHash=00000000...,curDBHash=00000000...
warning|2025-10-13 07:42:42.387709|Download-1-0x00007facc485c700|[g:1][BLOCKVERIFIER][executeBlock]executeBlock exception,blockNumber=184
warning|2025-10-13 07:42:46.582426|PBFT-1-0x00007facb7842700|[g:1][CONSENSUS][PBFT]ViewChangeWarning: not caused by omit empty block ,v=0,toV=5,curNum=183,hash=84b9e5d9...,nodeIdx=1,myNode=374bdfe9...
info|2025-10-13 07:42:46.582957|PBFT-1-0x00007facb7842700|[g:1][CONSENSUS][PBFT]checkTimeout Succ,view=0,toView=5,nodeIdx=1,changeCycle=5,myNode=374bdfe9...,timecost=3
info|2025-10-13 07:42:46.770140|io_service-0x00007facd1876700|[P2P][Service] heartBeat,connected count=3
info|2025-10-13 07:42:48.788821|Download-1-0x00007facc485c700|[g:1][SYNC][id:374bdfe9...][Download][Request]Request blocks,from=184,to=184,peer=73994dae...
info|2025-10-13 07:42:48.794585|Download-1-0x00007facc485c700|[g:1][SYNC][id:374bdfe9...][Download][BlockSync]Download block execute,number=184,txs=1,hash=22a8c2ae...
info|2025-10-13 07:42:48.794687|Download-1-0x00007facc485c700|[g:1][BLOCKVERIFIER][executeBlock]Executing block,txNum=1,num=184,parentHash=84b9e5d996bf7a5eb7a7af1e23a8308230a576a20d5c81a92b78a013e510177d,parentNum=183,parentStateRoot=193aa4e3ddcabc3eb1c4bc64eca338693c126abd7770f253f6dd6e3fee2170ea
info|2025-10-13 07:42:48.794854|Download-1-0x00007facc485c700|[g:1][PRECOMPILED]init GasChargeManagePrecompiled
info|2025-10-13 07:42:48.795232|Download-1-0x00007facb1035700|[PRECOMPILED][TimerPrecompiled]getCurrentTimeMillis,timeMillis=1760366568795
error|2025-10-13 07:42:48.795317|Download-1-0x00007facb1035700|[PRECOMPILED]SM2EncryptPrecompiled exception:Unknown function
error|2025-10-13 07:42:48.795333|Download-1-0x00007facb1035700|[EXECUTIVECONTEXT]PrecompiledException,address=000000000000000000000000000000000000500b,message:=Unknown function
error|2025-10-13 07:42:48.795360|Download-1-0x00007facb1035700|[EXECUTIVE][TxExeError]Transaction execution error,TransactionExceptionID=22,hash=34fcf37998bfab32d1354d28f63091611b3b7e8622725266293468c69156e50d
error|2025-10-13 07:42:48.795642|Download-1-0x00007facc485c700|[g:1][BLOCKVERIFIER]Invalid Block with bad stateRoot or receiptRoot or dbHash,blkNum=184,originHash=22a8c2ae...,curHash=d70f1cff...,orgReceipt=ed245b8c...,curRecepit=8937e548...,orgTxRoot=2d8a5d62...,curTxRoot=2d8a5d62...,orgState=00000000...,curState=00000000...,orgDBHash=00000000...,curDBHash=00000000...
warning|2025-10-13 07:42:48.795765|Download-1-0x00007facc485c700|[g:1][BLOCKVERIFIER][executeBlock]executeBlock exception,blockNumber=184
info|2025-10-13 07:42:55.191907|Download-1-0x00007facc485c700|[g:1][SYNC][id:374bdfe9...][Download][Request]Request blocks,from=184,to=184,peer=064cb676...
info|2025-10-13 07:42:55.198000|Download-1-0x00007facc485c700|[g:1][SYNC][id:374bdfe9...][Download][BlockSync]Download block execute,number=184,txs=1,hash=22a8c2ae...
info|2025-10-13 07:42:55.198088|Download-1-0x00007facc485c700|[g:1][BLOCKVERIFIER][executeBlock]Executing block,txNum=1,num=184,parentHash=84b9e5d996bf7a5eb7a7af1e23a8308230a576a20d5c81a92b78a013e510177d,parentNum=183,parentStateRoot=193aa4e3ddcabc3eb1c4bc64eca338693c126abd7770f253f6dd6e3fee2170ea
info|2025-10-13 07:42:55.198253|Download-1-0x00007facc485c700|[g:1][PRECOMPILED]init GasChargeManagePrecompiled
info|2025-10-13 07:42:55.198582|Download-1-0x00007facb1035700|[PRECOMPILED][TimerPrecompiled]getCurrentTimeMillis,timeMillis=1760366575198
error|2025-10-13 07:42:55.198643|Download-1-0x00007facb1035700|[PRECOMPILED]SM2EncryptPrecompiled exception:Unknown function
error|2025-10-13 07:42:55.198663|Download-1-0x00007facb1035700|[EXECUTIVECONTEXT]PrecompiledException,address=000000000000000000000000000000000000500b,message:=Unknown function
error|2025-10-13 07:42:55.198693|Download-1-0x00007facb1035700|[EXECUTIVE][TxExeError]Transaction execution error,TransactionExceptionID=22,hash=34fcf37998bfab32d1354d28f63091611b3b7e8622725266293468c69156e50d
error|2025-10-13 07:42:55.199095|Download-1-0x00007facc485c700|[g:1][BLOCKVERIFIER]Invalid Block with bad stateRoot or receiptRoot or dbHash,blkNum=184,originHash=22a8c2ae...,curHash=d70f1cff...,orgReceipt=ed245b8c...,curRecepit=8937e548...,orgTxRoot=2d8a5d62...,curTxRoot=2d8a5d62...,orgState=00000000...,curState=00000000...,orgDBHash=00000000...,curDBHash=00000000...
warning|2025-10-13 07:42:55.199202|Download-1-0x00007facc485c700|[g:1][BLOCKVERIFIER][executeBlock]executeBlock exception,blockNumber=184
info|2025-10-13 07:42:56.770387|io_service-0x00007facd1876700|[P2P][Service] heartBeat,connected count=3
info|2025-10-13 07:43:01.600603|Download-1-0x00007facc485c700|[g:1][SYNC][id:374bdfe9...][Download][Request]Request blocks,from=184,to=184,peer=064cb676...
info|2025-10-13 07:43:01.606662|Download-1-0x00007facc485c700|[g:1][SYNC][id:374bdfe9...][Download][BlockSync]Download block execute,number=184,txs=1,hash=22a8c2ae...
info|2025-10-13 07:43:01.606757|Download-1-0x00007facc485c700|[g:1][BLOCKVERIFIER][executeBlock]Executing block,txNum=1,num=184,parentHash=84b9e5d996bf7a5eb7a7af1e23a8308230a576a20d5c81a92b78a013e510177d,parentNum=183,parentStateRoot=193aa4e3ddcabc3eb1c4bc64eca338693c126abd7770f253f6dd6e3fee2170ea
info|2025-10-13 07:43:01.606967|Download-1-0x00007facc485c700|[g:1][PRECOMPILED]init GasChargeManagePrecompiled
info|2025-10-13 07:43:01.607378|Download-1-0x00007facb1035700|[PRECOMPILED][TimerPrecompiled]getCurrentTimeMillis,timeMillis=1760366581607
error|2025-10-13 07:43:01.607473|Download-1-0x00007facb1035700|[PRECOMPILED]SM2EncryptPrecompiled exception:Unknown function
error|2025-10-13 07:43:01.607500|Download-1-0x00007facb1035700|[EXECUTIVECONTEXT]PrecompiledException,address=000000000000000000000000000000000000500b,message:=Unknown function
error|2025-10-13 07:43:01.607535|Download-1-0x00007facb1035700|[EXECUTIVE][TxExeError]Transaction execution error,TransactionExceptionID=22,hash=34fcf37998bfab32d1354d28f63091611b3b7e8622725266293468c69156e50d
error|2025-10-13 07:43:01.607924|Download-1-0x00007facc485c700|[g:1][BLOCKVERIFIER]Invalid Block with bad stateRoot or receiptRoot or dbHash,blkNum=184,originHash=22a8c2ae...,curHash=d70f1cff...,orgReceipt=ed245b8c...,curRecepit=8937e548...,orgTxRoot=2d8a5d62...,curTxRoot=2d8a5d62...,orgState=00000000...,curState=00000000...,orgDBHash=00000000...,curDBHash=00000000...
warning|2025-10-13 07:43:01.608035|Download-1-0x00007facc485c700|[g:1][BLOCKVERIFIER][executeBlock]executeBlock exception,blockNumber=184
info|2025-10-13 07:43:06.770605|io_service-0x00007facd1876700|[P2P][Service] heartBeat,connected count=3
info|2025-10-13 07:43:08.011631|Download-1-0x00007facc485c700|[g:1][SYNC][id:374bdfe9...][Download][Request]Request blocks,from=184,to=184,peer=73994dae...
info|2025-10-13 07:43:08.017002|Download-1-0x00007facc485c700|[g:1][SYNC][id:374bdfe9...][Download][BlockSync]Download block execute,number=184,txs=1,hash=22a8c2ae...
info|2025-10-13 07:43:08.017072|Download-1-0x00007facc485c700|[g:1][BLOCKVERIFIER][executeBlock]Executing block,txNum=1,num=184,parentHash=84b9e5d996bf7a5eb7a7af1e23a8308230a576a20d5c81a92b78a013e510177d,parentNum=183,parentStateRoot=193aa4e3ddcabc3eb1c4bc64eca338693c126abd7770f253f6dd6e3fee2170ea
info|2025-10-13 07:43:08.017319|Download-1-0x00007facc485c700|[g:1][PRECOMPILED]init GasChargeManagePrecompiled
info|2025-10-13 07:43:08.017963|Download-1-0x00007facb1035700|[PRECOMPILED][TimerPrecompiled]getCurrentTimeMillis,timeMillis=1760366588017
error|2025-10-13 07:43:08.018084|Download-1-0x00007facb1035700|[PRECOMPILED]SM2EncryptPrecompiled exception:Unknown function
error|2025-10-13 07:43:08.018107|Download-1-0x00007facb1035700|[EXECUTIVECONTEXT]PrecompiledException,address=000000000000000000000000000000000000500b,message:=Unknown function
error|2025-10-13 07:43:08.018140|Download-1-0x00007facb1035700|[EXECUTIVE][TxExeError]Transaction execution error,TransactionExceptionID=22,hash=34fcf37998bfab32d1354d28f63091611b3b7e8622725266293468c69156e50d
error|2025-10-13 07:43:08.018509|Download-1-0x00007facc485c700|[g:1][BLOCKVERIFIER]Invalid Block with bad stateRoot or receiptRoot or dbHash,blkNum=184,originHash=22a8c2ae...,curHash=d70f1cff...,orgReceipt=ed245b8c...,curRecepit=8937e548...,orgTxRoot=2d8a5d62...,curTxRoot=2d8a5d62...,orgState=00000000...,curState=00000000...,orgDBHash=00000000...,curDBHash=00000000...
warning|2025-10-13 07:43:08.018626|Download-1-0x00007facc485c700|[g:1][BLOCKVERIFIER][executeBlock]executeBlock exception,blockNumber=184
warning|2025-10-13 07:43:09.369837|PBFT-1-0x00007facb7842700|[g:1][CONSENSUS][PBFT]ViewChangeWarning: not caused by omit empty block ,v=0,toV=6,curNum=183,hash=84b9e5d9...,nodeIdx=1,myNode=374bdfe9...
info|2025-10-13 07:43:09.370102|PBFT-1-0x00007facb7842700|[g:1][CONSENSUS][PBFT]checkTimeout Succ,view=0,toView=6,nodeIdx=1,changeCycle=6,myNode=374bdfe9...,timecost=3
info|2025-10-13 07:43:14.415242|Download-1-0x00007facc485c700|[g:1][SYNC][id:374bdfe9...][Download][Request]Request blocks,from=184,to=184,peer=73994dae...
info|2025-10-13 07:43:14.419803|Download-1-0x00007facc485c700|[g:1][SYNC][id:374bdfe9...][Download][BlockSync]Download block execute,number=184,txs=1,hash=22a8c2ae...
info|2025-10-13 07:43:14.419892|Download-1-0x00007facc485c700|[g:1][BLOCKVERIFIER][executeBlock]Executing block,txNum=1,num=184,parentHash=84b9e5d996bf7a5eb7a7af1e23a8308230a576a20d5c81a92b78a013e510177d,parentNum=183,parentStateRoot=193aa4e3ddcabc3eb1c4bc64eca338693c126abd7770f253f6dd6e3fee2170ea
info|2025-10-13 07:43:14.420048|Download-1-0x00007facc485c700|[g:1][PRECOMPILED]init GasChargeManagePrecompiled
info|2025-10-13 07:43:14.420319|Download-1-0x00007facc485c700|[g:1][PRECOMPILED][TimerPrecompiled]getCurrentTimeMillis,timeMillis=1760366594420
error|2025-10-13 07:43:14.420391|Download-1-0x00007facc485c700|[g:1][PRECOMPILED]SM2EncryptPrecompiled exception:Unknown function
error|2025-10-13 07:43:14.420407|Download-1-0x00007facc485c700|[g:1][EXECUTIVECONTEXT]PrecompiledException,address=000000000000000000000000000000000000500b,message:=Unknown function
error|2025-10-13 07:43:14.420433|Download-1-0x00007facc485c700|[g:1][EXECUTIVE][TxExeError]Transaction execution error,TransactionExceptionID=22,hash=34fcf37998bfab32d1354d28f63091611b3b7e8622725266293468c69156e50d
error|2025-10-13 07:43:14.420537|Download-1-0x00007facc485c700|[g:1][BLOCKVERIFIER]Invalid Block with bad stateRoot or receiptRoot or dbHash,blkNum=184,originHash=22a8c2ae...,curHash=d70f1cff...,orgReceipt=ed245b8c...,curRecepit=8937e548...,orgTxRoot=2d8a5d62...,curTxRoot=2d8a5d62...,orgState=00000000...,curState=00000000...,orgDBHash=00000000...,curDBHash=00000000...
warning|2025-10-13 07:43:14.420615|Download-1-0x00007facc485c700|[g:1][BLOCKVERIFIER][executeBlock]executeBlock exception,blockNumber=184
info|2025-10-13 07:43:16.771134|io_service-0x00007facd1876700|[P2P][Service] heartBeat,connected count=3
info|2025-10-13 07:43:20.822508|Download-1-0x00007facc485c700|[g:1][SYNC][id:374bdfe9...][Download][Request]Request blocks,from=184,to=184,peer=73994dae...
info|2025-10-13 07:43:20.828173|Download-1-0x00007facc485c700|[g:1][SYNC][id:374bdfe9...][Download][BlockSync]Download block execute,number=184,txs=1,hash=22a8c2ae...
info|2025-10-13 07:43:20.828289|Download-1-0x00007facc485c700|[g:1][BLOCKVERIFIER][executeBlock]Executing block,txNum=1,num=184,parentHash=84b9e5d996bf7a5eb7a7af1e23a8308230a576a20d5c81a92b78a013e510177d,parentNum=183,parentStateRoot=193aa4e3ddcabc3eb1c4bc64eca338693c126abd7770f253f6dd6e3fee2170ea
info|2025-10-13 07:43:20.828468|Download-1-0x00007facc485c700|[g:1][PRECOMPILED]init GasChargeManagePrecompiled
info|2025-10-13 07:43:20.828907|Download-1-0x00007facc485c700|[g:1][PRECOMPILED][TimerPrecompiled]getCurrentTimeMillis,timeMillis=1760366600828
error|2025-10-13 07:43:20.829007|Download-1-0x00007facc485c700|[g:1][PRECOMPILED]SM2EncryptPrecompiled exception:Unknown function
error|2025-10-13 07:43:20.829047|Download-1-0x00007facc485c700|[g:1][EXECUTIVECONTEXT]PrecompiledException,address=000000000000000000000000000000000000500b,message:=Unknown function
error|2025-10-13 07:43:20.829094|Download-1-0x00007facc485c700|[g:1][EXECUTIVE][TxExeError]Transaction execution error,TransactionExceptionID=22,hash=34fcf37998bfab32d1354d28f63091611b3b7e8622725266293468c69156e50d
error|2025-10-13 07:43:20.829312|Download-1-0x00007facc485c700|[g:1][BLOCKVERIFIER]Invalid Block with bad stateRoot or receiptRoot or dbHash,blkNum=184,originHash=22a8c2ae...,curHash=d70f1cff...,orgReceipt=ed245b8c...,curRecepit=8937e548...,orgTxRoot=2d8a5d62...,curTxRoot=2d8a5d62...,orgState=00000000...,curState=00000000...,orgDBHash=00000000...,curDBHash=00000000...
warning|2025-10-13 07:43:20.829420|Download-1-0x00007facc485c700|[g:1][BLOCKVERIFIER][executeBlock]executeBlock exception,blockNumber=184
info|2025-10-13 07:43:26.772145|io_service-0x00007facd1876700|[P2P][Service] heartBeat,connected count=3
info|2025-10-13 07:43:27.226098|Download-1-0x00007facc485c700|[g:1][SYNC][id:374bdfe9...][Download][Request]Request blocks,from=184,to=184,peer=73994dae...
info|2025-10-13 07:43:27.231671|Download-1-0x00007facc485c700|[g:1][SYNC][id:374bdfe9...][Download][BlockSync]Download block execute,number=184,txs=1,hash=22a8c2ae...
info|2025-10-13 07:43:27.231766|Download-1-0x00007facc485c700|[g:1][BLOCKVERIFIER][executeBlock]Executing block,txNum=1,num=184,parentHash=84b9e5d996bf7a5eb7a7af1e23a8308230a576a20d5c81a92b78a013e510177d,parentNum=183,parentStateRoot=193aa4e3ddcabc3eb1c4bc64eca338693c126abd7770f253f6dd6e3fee2170ea
info|2025-10-13 07:43:27.231935|Download-1-0x00007facc485c700|[g:1][PRECOMPILED]init GasChargeManagePrecompiled
info|2025-10-13 07:43:27.232284|Download-1-0x00007facb1035700|[PRECOMPILED][TimerPrecompiled]getCurrentTimeMillis,timeMillis=1760366607232
error|2025-10-13 07:43:27.232404|Download-1-0x00007facb1035700|[PRECOMPILED]SM2EncryptPrecompiled exception:Unknown function
error|2025-10-13 07:43:27.232448|Download-1-0x00007facb1035700|[EXECUTIVECONTEXT]PrecompiledException,address=000000000000000000000000000000000000500b,message:=Unknown function
error|2025-10-13 07:43:27.232518|Download-1-0x00007facb1035700|[EXECUTIVE][TxExeError]Transaction execution error,TransactionExceptionID=22,hash=34fcf37998bfab32d1354d28f63091611b3b7e8622725266293468c69156e50d
error|2025-10-13 07:43:27.232857|Download-1-0x00007facc485c700|[g:1][BLOCKVERIFIER]Invalid Block with bad stateRoot or receiptRoot or dbHash,blkNum=184,originHash=22a8c2ae...,curHash=d70f1cff...,orgReceipt=ed245b8c...,curRecepit=8937e548...,orgTxRoot=2d8a5d62...,curTxRoot=2d8a5d62...,orgState=00000000...,curState=00000000...,orgDBHash=00000000...,curDBHash=00000000...
warning|2025-10-13 07:43:27.232972|Download-1-0x00007facc485c700|[g:1][BLOCKVERIFIER][executeBlock]executeBlock exception,blockNumber=184
info|2025-10-13 07:43:33.631728|Download-1-0x00007facc485c700|[g:1][SYNC][id:374bdfe9...][Download][Request]Request blocks,from=184,to=184,peer=73994dae...
info|2025-10-13 07:43:33.637136|Download-1-0x00007facc485c700|[g:1][SYNC][id:374bdfe9...][Download][BlockSync]Download block execute,number=184,txs=1,hash=22a8c2ae...
info|2025-10-13 07:43:33.637248|Download-1-0x00007facc485c700|[g:1][BLOCKVERIFIER][executeBlock]Executing block,txNum=1,num=184,parentHash=84b9e5d996bf7a5eb7a7af1e23a8308230a576a20d5c81a92b78a013e510177d,parentNum=183,parentStateRoot=193aa4e3ddcabc3eb1c4bc64eca338693c126abd7770f253f6dd6e3fee2170ea
info|2025-10-13 07:43:33.637415|Download-1-0x00007facc485c700|[g:1][PRECOMPILED]init GasChargeManagePrecompiled
info|2025-10-13 07:43:33.637735|Download-1-0x00007facb1035700|[PRECOMPILED][TimerPrecompiled]getCurrentTimeMillis,timeMillis=1760366613637
error|2025-10-13 07:43:33.637826|Download-1-0x00007facb1035700|[PRECOMPILED]SM2EncryptPrecompiled exception:Unknown function
error|2025-10-13 07:43:33.637885|Download-1-0x00007facb1035700|[EXECUTIVECONTEXT]PrecompiledException,address=000000000000000000000000000000000000500b,message:=Unknown function
error|2025-10-13 07:43:33.637921|Download-1-0x00007facb1035700|[EXECUTIVE][TxExeError]Transaction execution error,TransactionExceptionID=22,hash=34fcf37998bfab32d1354d28f63091611b3b7e8622725266293468c69156e50d
error|2025-10-13 07:43:33.638248|Download-1-0x00007facc485c700|[g:1][BLOCKVERIFIER]Invalid Block with bad stateRoot or receiptRoot or dbHash,blkNum=184,originHash=22a8c2ae...,curHash=d70f1cff...,orgReceipt=ed245b8c...,curRecepit=8937e548...,orgTxRoot=2d8a5d62...,curTxRoot=2d8a5d62...,orgState=00000000...,curState=00000000...,orgDBHash=00000000...,curDBHash=00000000...
warning|2025-10-13 07:43:33.638357|Download-1-0x00007facc485c700|[g:1][BLOCKVERIFIER][executeBlock]executeBlock exception,blockNumber=184
info|2025-10-13 07:43:36.772580|io_service-0x00007facd1876700|[P2P][Service] heartBeat,connected count=3
info|2025-10-13 07:43:40.042637|Download-1-0x00007facc485c700|[g:1][SYNC][id:374bdfe9...][Download][Request]Request blocks,from=184,to=184,peer=73994dae...
info|2025-10-13 07:43:40.048005|Download-1-0x00007facc485c700|[g:1][SYNC][id:374bdfe9...][Download][BlockSync]Download block execute,number=184,txs=1,hash=22a8c2ae...
info|2025-10-13 07:43:40.048097|Download-1-0x00007facc485c700|[g:1][BLOCKVERIFIER][executeBlock]Executing block,txNum=1,num=184,parentHash=84b9e5d996bf7a5eb7a7af1e23a8308230a576a20d5c81a92b78a013e510177d,parentNum=183,parentStateRoot=193aa4e3ddcabc3eb1c4bc64eca338693c126abd7770f253f6dd6e3fee2170ea
info|2025-10-13 07:43:40.048268|Download-1-0x00007facc485c700|[g:1][PRECOMPILED]init GasChargeManagePrecompiled
info|2025-10-13 07:43:40.048604|Download-1-0x00007facc485c700|[g:1][PRECOMPILED][TimerPrecompiled]getCurrentTimeMillis,timeMillis=1760366620048
error|2025-10-13 07:43:40.048713|Download-1-0x00007facc485c700|[g:1][PRECOMPILED]SM2EncryptPrecompiled exception:Unknown function
error|2025-10-13 07:43:40.048754|Download-1-0x00007facc485c700|[g:1][EXECUTIVECONTEXT]PrecompiledException,address=000000000000000000000000000000000000500b,message:=Unknown function
error|2025-10-13 07:43:40.048800|Download-1-0x00007facc485c700|[g:1][EXECUTIVE][TxExeError]Transaction execution error,TransactionExceptionID=22,hash=34fcf37998bfab32d1354d28f63091611b3b7e8622725266293468c69156e50d
error|2025-10-13 07:43:40.049009|Download-1-0x00007facc485c700|[g:1][BLOCKVERIFIER]Invalid Block with bad stateRoot or receiptRoot or dbHash,blkNum=184,originHash=22a8c2ae...,curHash=d70f1cff...,orgReceipt=ed245b8c...,curRecepit=8937e548...,orgTxRoot=2d8a5d62...,curTxRoot=2d8a5d62...,orgState=00000000...,curState=00000000...,orgDBHash=00000000...,curDBHash=00000000...
warning|2025-10-13 07:43:40.049102|Download-1-0x00007facc485c700|[g:1][BLOCKVERIFIER][executeBlock]executeBlock exception,blockNumber=184
warning|2025-10-13 07:43:43.540800|PBFT-1-0x00007facb7842700|[g:1][CONSENSUS][PBFT]ViewChangeWarning: not caused by omit empty block ,v=0,toV=7,curNum=183,hash=84b9e5d9...,nodeIdx=1,myNode=374bdfe9...
info|2025-10-13 07:43:43.541644|PBFT-1-0x00007facb7842700|[g:1][CONSENSUS][PBFT]checkTimeout Succ,view=0,toView=7,nodeIdx=1,changeCycle=7,myNode=374bdfe9...,timecost=3
info|2025-10-13 07:43:46.447123|Download-1-0x00007facc485c700|[g:1][SYNC][id:374bdfe9...][Download][Request]Request blocks,from=184,to=184,peer=87d00b98...
info|2025-10-13 07:43:46.452938|Download-1-0x00007facc485c700|[g:1][SYNC][id:374bdfe9...][Download][BlockSync]Download block execute,number=184,txs=1,hash=22a8c2ae...
info|2025-10-13 07:43:46.452968|Download-1-0x00007facc485c700|[g:1][BLOCKVERIFIER][executeBlock]Executing block,txNum=1,num=184,parentHash=84b9e5d996bf7a5eb7a7af1e23a8308230a576a20d5c81a92b78a013e510177d,parentNum=183,parentStateRoot=193aa4e3ddcabc3eb1c4bc64eca338693c126abd7770f253f6dd6e3fee2170ea
info|2025-10-13 07:43:46.453151|Download-1-0x00007facc485c700|[g:1][PRECOMPILED]init GasChargeManagePrecompiled
info|2025-10-13 07:43:46.453504|Download-1-0x00007facc485c700|[g:1][PRECOMPILED][TimerPrecompiled]getCurrentTimeMillis,timeMillis=1760366626453
error|2025-10-13 07:43:46.453567|Download-1-0x00007facc485c700|[g:1][PRECOMPILED]SM2EncryptPrecompiled exception:Unknown function
error|2025-10-13 07:43:46.453612|Download-1-0x00007facc485c700|[g:1][EXECUTIVECONTEXT]PrecompiledException,address=000000000000000000000000000000000000500b,message:=Unknown function
error|2025-10-13 07:43:46.453647|Download-1-0x00007facc485c700|[g:1][EXECUTIVE][TxExeError]Transaction execution error,TransactionExceptionID=22,hash=34fcf37998bfab32d1354d28f63091611b3b7e8622725266293468c69156e50d
error|2025-10-13 07:43:46.453830|Download-1-0x00007facc485c700|[g:1][BLOCKVERIFIER]Invalid Block with bad stateRoot or receiptRoot or dbHash,blkNum=184,originHash=22a8c2ae...,curHash=d70f1cff...,orgReceipt=ed245b8c...,curRecepit=8937e548...,orgTxRoot=2d8a5d62...,curTxRoot=2d8a5d62...,orgState=00000000...,curState=00000000...,orgDBHash=00000000...,curDBHash=00000000...
warning|2025-10-13 07:43:46.453935|Download-1-0x00007facc485c700|[g:1][BLOCKVERIFIER][executeBlock]executeBlock exception,blockNumber=184
info|2025-10-13 07:43:46.773576|io_service-0x00007facd1876700|[P2P][Service] heartBeat,connected count=3
info|2025-10-13 07:43:52.854643|Download-1-0x00007facc485c700|[g:1][SYNC][id:374bdfe9...][Download][Request]Request blocks,from=184,to=184,peer=064cb676...
info|2025-10-13 07:43:52.861009|Download-1-0x00007facc485c700|[g:1][SYNC][id:374bdfe9...][Download][BlockSync]Download block execute,number=184,txs=1,hash=22a8c2ae...
info|2025-10-13 07:43:52.861063|Download-1-0x00007facc485c700|[g:1][BLOCKVERIFIER][executeBlock]Executing block,txNum=1,num=184,parentHash=84b9e5d996bf7a5eb7a7af1e23a8308230a576a20d5c81a92b78a013e510177d,parentNum=183,parentStateRoot=193aa4e3ddcabc3eb1c4bc64eca338693c126abd7770f253f6dd6e3fee2170ea
info|2025-10-13 07:43:52.861248|Download-1-0x00007facc485c700|[g:1][PRECOMPILED]init GasChargeManagePrecompiled
info|2025-10-13 07:43:52.861630|Download-1-0x00007facc485c700|[g:1][PRECOMPILED][TimerPrecompiled]getCurrentTimeMillis,timeMillis=1760366632861
error|2025-10-13 07:43:52.861715|Download-1-0x00007facc485c700|[g:1][PRECOMPILED]SM2EncryptPrecompiled exception:Unknown function
error|2025-10-13 07:43:52.861739|Download-1-0x00007facc485c700|[g:1][EXECUTIVECONTEXT]PrecompiledException,address=000000000000000000000000000000000000500b,message:=Unknown function
error|2025-10-13 07:43:52.861822|Download-1-0x00007facc485c700|[g:1][EXECUTIVE][TxExeError]Transaction execution error,TransactionExceptionID=22,hash=34fcf37998bfab32d1354d28f63091611b3b7e8622725266293468c69156e50d
error|2025-10-13 07:43:52.861993|Download-1-0x00007facc485c700|[g:1][BLOCKVERIFIER]Invalid Block with bad stateRoot or receiptRoot or dbHash,blkNum=184,originHash=22a8c2ae...,curHash=d70f1cff...,orgReceipt=ed245b8c...,curRecepit=8937e548...,orgTxRoot=2d8a5d62...,curTxRoot=2d8a5d62...,orgState=00000000...,curState=00000000...,orgDBHash=00000000...,curDBHash=00000000...
warning|2025-10-13 07:43:52.862097|Download-1-0x00007facc485c700|[g:1][BLOCKVERIFIER][executeBlock]executeBlock exception,blockNumber=184
info|2025-10-13 07:43:56.773842|io_service-0x00007facd1876700|[P2P][Service] heartBeat,connected count=3
info|2025-10-13 07:43:59.258719|Download-1-0x00007facc485c700|[g:1][SYNC][id:374bdfe9...][Download][Request]Request blocks,from=184,to=184,peer=73994dae...
info|2025-10-13 07:43:59.264612|Download-1-0x00007facc485c700|[g:1][SYNC][id:374bdfe9...][Download][BlockSync]Download block execute,number=184,txs=1,hash=22a8c2ae...
info|2025-10-13 07:43:59.264719|Download-1-0x00007facc485c700|[g:1][BLOCKVERIFIER][executeBlock]Executing block,txNum=1,num=184,parentHash=84b9e5d996bf7a5eb7a7af1e23a8308230a576a20d5c81a92b78a013e510177d,parentNum=183,parentStateRoot=193aa4e3ddcabc3eb1c4bc64eca338693c126abd7770f253f6dd6e3fee2170ea
info|2025-10-13 07:43:59.264894|Download-1-0x00007facc485c700|[g:1][PRECOMPILED]init GasChargeManagePrecompiled
info|2025-10-13 07:43:59.265236|Download-1-0x00007facb1035700|[PRECOMPILED][TimerPrecompiled]getCurrentTimeMillis,timeMillis=1760366639265
error|2025-10-13 07:43:59.265297|Download-1-0x00007facb1035700|[PRECOMPILED]SM2EncryptPrecompiled exception:Unknown function
error|2025-10-13 07:43:59.265318|Download-1-0x00007facb1035700|[EXECUTIVECONTEXT]PrecompiledException,address=000000000000000000000000000000000000500b,message:=Unknown function
error|2025-10-13 07:43:59.265347|Download-1-0x00007facb1035700|[EXECUTIVE][TxExeError]Transaction execution error,TransactionExceptionID=22,hash=34fcf37998bfab32d1354d28f63091611b3b7e8622725266293468c69156e50d
error|2025-10-13 07:43:59.265673|Download-1-0x00007facc485c700|[g:1][BLOCKVERIFIER]Invalid Block with bad stateRoot or receiptRoot or dbHash,blkNum=184,originHash=22a8c2ae...,curHash=d70f1cff...,orgReceipt=ed245b8c...,curRecepit=8937e548...,orgTxRoot=2d8a5d62...,curTxRoot=2d8a5d62...,orgState=00000000...,curState=00000000...,orgDBHash=00000000...,curDBHash=00000000...
warning|2025-10-13 07:43:59.265770|Download-1-0x00007facc485c700|[g:1][BLOCKVERIFIER][executeBlock]executeBlock exception,blockNumber=184
info|2025-10-13 07:44:05.665168|Download-1-0x00007facc485c700|[g:1][SYNC][id:374bdfe9...][Download][Request]Request blocks,from=184,to=184,peer=064cb676...
info|2025-10-13 07:44:05.669217|Download-1-0x00007facc485c700|[g:1][SYNC][id:374bdfe9...][Download][BlockSync]Download block execute,number=184,txs=1,hash=22a8c2ae...
info|2025-10-13 07:44:05.669252|Download-1-0x00007facc485c700|[g:1][BLOCKVERIFIER][executeBlock]Executing block,txNum=1,num=184,parentHash=84b9e5d996bf7a5eb7a7af1e23a8308230a576a20d5c81a92b78a013e510177d,parentNum=183,parentStateRoot=193aa4e3ddcabc3eb1c4bc64eca338693c126abd7770f253f6dd6e3fee2170ea
info|2025-10-13 07:44:05.669408|Download-1-0x00007facc485c700|[g:1][PRECOMPILED]init GasChargeManagePrecompiled
info|2025-10-13 07:44:05.669777|Download-1-0x00007facc485c700|[g:1][PRECOMPILED][TimerPrecompiled]getCurrentTimeMillis,timeMillis=1760366645669
error|2025-10-13 07:44:05.669831|Download-1-0x00007facc485c700|[g:1][PRECOMPILED]SM2EncryptPrecompiled exception:Unknown function
error|2025-10-13 07:44:05.669868|Download-1-0x00007facc485c700|[g:1][EXECUTIVECONTEXT]PrecompiledException,address=000000000000000000000000000000000000500b,message:=Unknown function
error|2025-10-13 07:44:05.669919|Download-1-0x00007facc485c700|[g:1][EXECUTIVE][TxExeError]Transaction execution error,TransactionExceptionID=22,hash=34fcf37998bfab32d1354d28f63091611b3b7e8622725266293468c69156e50d
error|2025-10-13 07:44:05.670058|Download-1-0x00007facc485c700|[g:1][BLOCKVERIFIER]Invalid Block with bad stateRoot or receiptRoot or dbHash,blkNum=184,originHash=22a8c2ae...,curHash=d70f1cff...,orgReceipt=ed245b8c...,curRecepit=8937e548...,orgTxRoot=2d8a5d62...,curTxRoot=2d8a5d62...,orgState=00000000...,curState=00000000...,orgDBHash=00000000...,curDBHash=00000000...
warning|2025-10-13 07:44:05.670146|Download-1-0x00007facc485c700|[g:1][BLOCKVERIFIER][executeBlock]executeBlock exception,blockNumber=184
info|2025-10-13 07:44:06.774577|io_service-0x00007facd1876700|[P2P][Service] heartBeat,connected count=3
info|2025-10-13 07:44:12.166217|Download-1-0x00007facc485c700|[g:1][SYNC][id:374bdfe9...][Download][Request]Request blocks,from=184,to=184,peer=87d00b98...
info|2025-10-13 07:44:12.171059|Download-1-0x00007facc485c700|[g:1][SYNC][id:374bdfe9...][Download][BlockSync]Download block execute,number=184,txs=1,hash=22a8c2ae...
info|2025-10-13 07:44:12.171109|Download-1-0x00007facc485c700|[g:1][BLOCKVERIFIER][executeBlock]Executing block,txNum=1,num=184,parentHash=84b9e5d996bf7a5eb7a7af1e23a8308230a576a20d5c81a92b78a013e510177d,parentNum=183,parentStateRoot=193aa4e3ddcabc3eb1c4bc64eca338693c126abd7770f253f6dd6e3fee2170ea
info|2025-10-13 07:44:12.171280|Download-1-0x00007facc485c700|[g:1][PRECOMPILED]init GasChargeManagePrecompiled
info|2025-10-13 07:44:12.171795|Download-1-0x00007facc485c700|[g:1][PRECOMPILED][TimerPrecompiled]getCurrentTimeMillis,timeMillis=1760366652171
error|2025-10-13 07:44:12.171911|Download-1-0x00007facc485c700|[g:1][PRECOMPILED]SM2EncryptPrecompiled exception:Unknown function
error|2025-10-13 07:44:12.171944|Download-1-0x00007facc485c700|[g:1][EXECUTIVECONTEXT]PrecompiledException,address=000000000000000000000000000000000000500b,message:=Unknown function
error|2025-10-13 07:44:12.171978|Download-1-0x00007facc485c700|[g:1][EXECUTIVE][TxExeError]Transaction execution error,TransactionExceptionID=22,hash=34fcf37998bfab32d1354d28f63091611b3b7e8622725266293468c69156e50d
error|2025-10-13 07:44:12.172122|Download-1-0x00007facc485c700|[g:1][BLOCKVERIFIER]Invalid Block with bad stateRoot or receiptRoot or dbHash,blkNum=184,originHash=22a8c2ae...,curHash=d70f1cff...,orgReceipt=ed245b8c...,curRecepit=8937e548...,orgTxRoot=2d8a5d62...,curTxRoot=2d8a5d62...,orgState=00000000...,curState=00000000...,orgDBHash=00000000...,curDBHash=00000000...
warning|2025-10-13 07:44:12.172237|Download-1-0x00007facc485c700|[g:1][BLOCKVERIFIER][executeBlock]executeBlock exception,blockNumber=184
info|2025-10-13 07:44:16.775076|io_service-0x00007facd1876700|[P2P][Service] heartBeat,connected count=3
info|2025-10-13 07:44:17.350951|fisco-bcos-0x00007facd45efdc0|[LEDGER]stop sealer,groupID=1
info|2025-10-13 07:44:17.350996|fisco-bcos-0x00007facd45efdc0|[CONSENSUS][SEALER]Stop sealer module...
info|2025-10-13 07:44:17.353694|fisco-bcos-0x00007facd45efdc0|[CONSENSUS][ConsensusEngine][Stop ConsensusEngineBase]
info|2025-10-13 07:44:17.359717|fisco-bcos-0x00007facd45efdc0|[CONSENSUS][ConsensusEngine]ConsensusEngineBase stopped
info|2025-10-13 07:44:17.359752|fisco-bcos-0x00007facd45efdc0|[LEDGER]sealer stopped. stop sync,groupID=1
info|2025-10-13 07:44:17.360647|fisco-bcos-0x00007facd45efdc0|[g:1] [SYNC][id:374bdfe9...]SyncMsgEngine stopped
info|2025-10-13 07:44:17.418129|fisco-bcos-0x00007facd45efdc0|[GossipBlockStatus]stop GossipBlockStatus succ
info|2025-10-13 07:44:18.174726|fisco-bcos-0x00007facd45efdc0|[SYNC][id:374bdfe9...][g:1]SyncMaster stopped
info|2025-10-13 07:44:18.174765|fisco-bcos-0x00007facd45efdc0|[LEDGER]sync stopped. stop event filter manager,groupID=1
info|2025-10-13 07:44:18.244450|fisco-bcos-0x00007facd45efdc0|[EVENT][EventLogFilterManager]stop
info|2025-10-13 07:44:18.244482|fisco-bcos-0x00007facd45efdc0|[LEDGER]event filter manager stopped. stop tx pool,groupID=1
info|2025-10-13 07:44:18.244959|fisco-bcos-0x00007facd45efdc0|[LEDGER]removeNetworkStatHandlerByGroupID and removeGroupBandwidthLimiter for service,groupID=1
info|2025-10-13 07:44:18.244976|fisco-bcos-0x00007facd45efdc0|[CHANNEL]removeSDKAllowListByGroupId,groupId=1
info|2025-10-13 07:44:18.244984|fisco-bcos-0x00007facd45efdc0|[INITIALIZER]ledgerInitializer stopped
info|2025-10-13 07:44:19.245985|fisco-bcos-0x00007facd45efdc0|[INITIALIZER]ChannelRPCHttpServer deleted.
info|2025-10-13 07:44:19.247221|fisco-bcos-0x00007facd45efdc0|[INITIALIZER]JsonrpcHttpServer deleted.
info|2025-10-13 07:44:19.247241|fisco-bcos-0x00007facd45efdc0|[INITIALIZER]RPCInitializer stopped
info|2025-10-13 07:44:19.247374|io_service-0x00007facd1876700|[NETWORK][Host]Host exit
info|2025-10-13 07:44:19.248680|fisco-bcos-0x00007facd45efdc0|[INITIALIZER]P2PInitializer stopped
info|2025-10-13 07:44:19.248742|fisco-bcos-0x00007facd45efdc0|[LEDGER]stop sealer,groupID=1
info|2025-10-13 07:44:19.248754|fisco-bcos-0x00007facd45efdc0|[LEDGER]sealer stopped. stop sync,groupID=1
info|2025-10-13 07:44:19.248766|fisco-bcos-0x00007facd45efdc0|[g:1] [SYNC][id:374bdfe9...]SyncMsgEngine stopped
info|2025-10-13 07:44:19.248783|fisco-bcos-0x00007facd45efdc0|[GossipBlockStatus]GossipBlockStatus already stopped
info|2025-10-13 07:44:19.248788|fisco-bcos-0x00007facd45efdc0|[SYNC][id:374bdfe9...][g:1]SyncMaster stopped
info|2025-10-13 07:44:19.248793|fisco-bcos-0x00007facd45efdc0|[LEDGER]sync stopped. stop event filter manager,groupID=1
info|2025-10-13 07:44:19.248798|fisco-bcos-0x00007facd45efdc0|[LEDGER]event filter manager stopped. stop tx pool,groupID=1
info|2025-10-13 07:44:19.248805|fisco-bcos-0x00007facd45efdc0|[LEDGER]removeNetworkStatHandlerByGroupID and removeGroupBandwidthLimiter for service,groupID=1
info|2025-10-13 07:44:19.248845|fisco-bcos-0x00007facd45efdc0|[g:1][STORAGE][CachedStorage]Stopping flushStorage thread
info|2025-10-13 07:44:19.995599|fisco-bcos-0x00007facd45efdc0|[g:1][STORAGE][CachedStorage]flushStorage thread stopped.
info|2025-10-13 07:44:19.995645|fisco-bcos-0x00007facd45efdc0|[DBINITIALIZER] storage stopped
info|2025-10-13 07:44:19.999247|fisco-bcos-0x00007facd45efdc0|[g:1] [SYNC][id:374bdfe9...]SyncMsgEngine stopped
info|2025-10-13 07:44:19.999285|fisco-bcos-0x00007facd45efdc0|[GossipBlockStatus]GossipBlockStatus already stopped
info|2025-10-13 07:44:19.999291|fisco-bcos-0x00007facd45efdc0|[SYNC][id:374bdfe9...][g:1]SyncMaster stopped
info|2025-10-13 07:44:19.999313|fisco-bcos-0x00007facd45efdc0|[g:1] [SYNC][id:374bdfe9...]SyncMsgEngine stopped
