info|2025-10-28 02:00:00.128568|Sync-1-0x00007fc82a2c9700|[g:1][SYNC][id:374bdfe9...]print sync info,peersCount=3,infoJson={"blockNumber":183,"genesisHash":"f0d3e67991e2c3d83533c031601c30c4741aba35d7d8017900779abe4ae22efe","isSyncing":true,"knownHighestNumber":893,"knownLatestHash":"661352b2e24b1d18123a3f42b5c5b6f18b03993a0a961d13eaa0452b9870df3d","latestHash":"84b9e5d996bf7a5eb7a7af1e23a8308230a576a20d5c81a92b78a013e510177d","nodeId":"374bdfe969e1d8ea1200ade93e5d8cf1a7d5741f238011004b0f43ca818706f194b2f067e1708125f7ffc536610b9a72addbd56b238d65f18912be39037ffcc5","peers":[{"blockNumber":893,"genesisHash":"f0d3e67991e2c3d83533c031601c30c4741aba35d7d8017900779abe4ae22efe","latestHash":"661352b2e24b1d18123a3f42b5c5b6f18b03993a0a961d13eaa0452b9870df3d","nodeId":"064cb676a36047a4b52ecbf9c01664b1e987d91b438110ba6a12d96972726622e824d295b1de8b0298b5afe7bbbc0bd04a3890e1a36eae028c1cfbe07971b995"},{"blockNumber":893,"genesisHash":"f0d3e67991e2c3d83533c031601c30c4741aba35d7d8017900779abe4ae22efe","latestHash":"661352b2e24b1d18123a3f42b5c5b6f18b03993a0a961d13eaa0452b9870df3d","nodeId":"73994dae9e8b8da733108a4153dfe79151d701dff425f84c87b5324e8ebd02ab6a0ebc9e4f1e0298a7ddca50f94a8f95c62b6997226d571e470e8f2b0600634a"},{"blockNumber":893,"genesisHash":"f0d3e67991e2c3d83533c031601c30c4741aba35d7d8017900779abe4ae22efe","latestHash":"661352b2e24b1d18123a3f42b5c5b6f18b03993a0a961d13eaa0452b9870df3d","nodeId":"87d00b98321fc70a5abc85ad9e80db10cce315194133697bf74aace1d3f8430957a766240f751752708f4282f46110d6ea56c3eb5d1c02ce98a66f327f595270"}],"protocolId":65545,"txPoolSize":"0"}
info|2025-10-28 02:00:02.728431|Download-1-0x00007fc835ae0700|[g:1][SYNC][id:374bdfe9...][Download][Request]Request blocks,from=184,to=184,peer=87d00b98...
info|2025-10-28 02:00:02.733001|Download-1-0x00007fc835ae0700|[g:1][SYNC][id:374bdfe9...][Download][BlockSync]Download block execute,number=184,txs=1,hash=22a8c2ae...
info|2025-10-28 02:00:02.733032|Download-1-0x00007fc835ae0700|[g:1][BLOCKVERIFIER][executeBlock]Executing block,txNum=1,num=184,parentHash=84b9e5d996bf7a5eb7a7af1e23a8308230a576a20d5c81a92b78a013e510177d,parentNum=183,parentStateRoot=193aa4e3ddcabc3eb1c4bc64eca338693c126abd7770f253f6dd6e3fee2170ea
info|2025-10-28 02:00:02.733196|Download-1-0x00007fc835ae0700|[g:1][PRECOMPILED]init GasChargeManagePrecompiled
info|2025-10-28 02:00:02.733731|Download-1-0x00007fc8282c5700|[PRECOMPILED][TimerPrecompiled]getCurrentTimeMillis,timeMillis=1761642002733
error|2025-10-28 02:00:02.733830|Download-1-0x00007fc8282c5700|[PRECOMPILED]SM2EncryptPrecompiled exception:Unknown function
error|2025-10-28 02:00:02.733880|Download-1-0x00007fc8282c5700|[EXECUTIVECONTEXT]PrecompiledException,address=000000000000000000000000000000000000500b,message:=Unknown function
error|2025-10-28 02:00:02.733914|Download-1-0x00007fc8282c5700|[EXECUTIVE][TxExeError]Transaction execution error,TransactionExceptionID=22,hash=34fcf37998bfab32d1354d28f63091611b3b7e8622725266293468c69156e50d
error|2025-10-28 02:00:02.734066|Download-1-0x00007fc835ae0700|[g:1][BLOCKVERIFIER]Invalid Block with bad stateRoot or receiptRoot or dbHash,blkNum=184,originHash=22a8c2ae...,curHash=d70f1cff...,orgReceipt=ed245b8c...,curRecepit=8937e548...,orgTxRoot=2d8a5d62...,curTxRoot=2d8a5d62...,orgState=00000000...,curState=00000000...,orgDBHash=00000000...,curDBHash=00000000...
warning|2025-10-28 02:00:02.734169|Download-1-0x00007fc835ae0700|[g:1][BLOCKVERIFIER][executeBlock]executeBlock exception,blockNumber=184
info|2025-10-28 02:00:04.297395|io_service-0x00007fc842afa700|[P2P][Service] heartBeat,connected count=3
info|2025-10-28 02:00:09.134901|Download-1-0x00007fc835ae0700|[g:1][SYNC][id:374bdfe9...][Download][Request]Request blocks,from=184,to=184,peer=73994dae...
info|2025-10-28 02:00:09.139510|Download-1-0x00007fc835ae0700|[g:1][SYNC][id:374bdfe9...][Download][BlockSync]Download block execute,number=184,txs=1,hash=22a8c2ae...
info|2025-10-28 02:00:09.139558|Download-1-0x00007fc835ae0700|[g:1][BLOCKVERIFIER][executeBlock]Executing block,txNum=1,num=184,parentHash=84b9e5d996bf7a5eb7a7af1e23a8308230a576a20d5c81a92b78a013e510177d,parentNum=183,parentStateRoot=193aa4e3ddcabc3eb1c4bc64eca338693c126abd7770f253f6dd6e3fee2170ea
info|2025-10-28 02:00:09.139787|Download-1-0x00007fc835ae0700|[g:1][PRECOMPILED]init GasChargeManagePrecompiled
info|2025-10-28 02:00:09.140247|Download-1-0x00007fc835ae0700|[g:1][PRECOMPILED][TimerPrecompiled]getCurrentTimeMillis,timeMillis=1761642009140
error|2025-10-28 02:00:09.140345|Download-1-0x00007fc835ae0700|[g:1][PRECOMPILED]SM2EncryptPrecompiled exception:Unknown function
error|2025-10-28 02:00:09.140388|Download-1-0x00007fc835ae0700|[g:1][EXECUTIVECONTEXT]PrecompiledException,address=000000000000000000000000000000000000500b,message:=Unknown function
error|2025-10-28 02:00:09.140420|Download-1-0x00007fc835ae0700|[g:1][EXECUTIVE][TxExeError]Transaction execution error,TransactionExceptionID=22,hash=34fcf37998bfab32d1354d28f63091611b3b7e8622725266293468c69156e50d
error|2025-10-28 02:00:09.140750|Download-1-0x00007fc835ae0700|[g:1][BLOCKVERIFIER]Invalid Block with bad stateRoot or receiptRoot or dbHash,blkNum=184,originHash=22a8c2ae...,curHash=d70f1cff...,orgReceipt=ed245b8c...,curRecepit=8937e548...,orgTxRoot=2d8a5d62...,curTxRoot=2d8a5d62...,orgState=00000000...,curState=00000000...,orgDBHash=00000000...,curDBHash=00000000...
warning|2025-10-28 02:00:09.140861|Download-1-0x00007fc835ae0700|[g:1][BLOCKVERIFIER][executeBlock]executeBlock exception,blockNumber=184
info|2025-10-28 02:00:14.298542|io_service-0x00007fc842afa700|[P2P][Service] heartBeat,connected count=3
info|2025-10-28 02:00:15.537049|Download-1-0x00007fc835ae0700|[g:1][SYNC][id:374bdfe9...][Download][Request]Request blocks,from=184,to=184,peer=87d00b98...
info|2025-10-28 02:00:15.543530|Download-1-0x00007fc835ae0700|[g:1][SYNC][id:374bdfe9...][Download][BlockSync]Download block execute,number=184,txs=1,hash=22a8c2ae...
info|2025-10-28 02:00:15.543605|Download-1-0x00007fc835ae0700|[g:1][BLOCKVERIFIER][executeBlock]Executing block,txNum=1,num=184,parentHash=84b9e5d996bf7a5eb7a7af1e23a8308230a576a20d5c81a92b78a013e510177d,parentNum=183,parentStateRoot=193aa4e3ddcabc3eb1c4bc64eca338693c126abd7770f253f6dd6e3fee2170ea
info|2025-10-28 02:00:15.543815|Download-1-0x00007fc835ae0700|[g:1][PRECOMPILED]init GasChargeManagePrecompiled
info|2025-10-28 02:00:15.544367|Download-1-0x00007fc8222b9700|[PRECOMPILED][TimerPrecompiled]getCurrentTimeMillis,timeMillis=1761642015544
error|2025-10-28 02:00:15.544455|Download-1-0x00007fc8222b9700|[PRECOMPILED]SM2EncryptPrecompiled exception:Unknown function
error|2025-10-28 02:00:15.544475|Download-1-0x00007fc8222b9700|[EXECUTIVECONTEXT]PrecompiledException,address=000000000000000000000000000000000000500b,message:=Unknown function
error|2025-10-28 02:00:15.544509|Download-1-0x00007fc8222b9700|[EXECUTIVE][TxExeError]Transaction execution error,TransactionExceptionID=22,hash=34fcf37998bfab32d1354d28f63091611b3b7e8622725266293468c69156e50d
error|2025-10-28 02:00:15.544820|Download-1-0x00007fc835ae0700|[g:1][BLOCKVERIFIER]Invalid Block with bad stateRoot or receiptRoot or dbHash,blkNum=184,originHash=22a8c2ae...,curHash=d70f1cff...,orgReceipt=ed245b8c...,curRecepit=8937e548...,orgTxRoot=2d8a5d62...,curTxRoot=2d8a5d62...,orgState=00000000...,curState=00000000...,orgDBHash=00000000...,curDBHash=00000000...
warning|2025-10-28 02:00:15.544945|Download-1-0x00007fc835ae0700|[g:1][BLOCKVERIFIER][executeBlock]executeBlock exception,blockNumber=184
warning|2025-10-28 02:00:16.769180|PBFT-1-0x00007fc828ac6700|[g:1][CONSENSUS][PBFT]ViewChangeWarning: not caused by omit empty block ,v=0,toV=6,curNum=183,hash=84b9e5d9...,nodeIdx=1,myNode=374bdfe9...
info|2025-10-28 02:00:16.769344|PBFT-1-0x00007fc828ac6700|[g:1][CONSENSUS][PBFT]checkTimeout Succ,view=0,toView=6,nodeIdx=1,changeCycle=6,myNode=374bdfe9...,timecost=2
info|2025-10-28 02:00:21.944404|Download-1-0x00007fc835ae0700|[g:1][SYNC][id:374bdfe9...][Download][Request]Request blocks,from=184,to=184,peer=87d00b98...
info|2025-10-28 02:00:21.949390|Download-1-0x00007fc835ae0700|[g:1][SYNC][id:374bdfe9...][Download][BlockSync]Download block execute,number=184,txs=1,hash=22a8c2ae...
info|2025-10-28 02:00:21.949432|Download-1-0x00007fc835ae0700|[g:1][BLOCKVERIFIER][executeBlock]Executing block,txNum=1,num=184,parentHash=84b9e5d996bf7a5eb7a7af1e23a8308230a576a20d5c81a92b78a013e510177d,parentNum=183,parentStateRoot=193aa4e3ddcabc3eb1c4bc64eca338693c126abd7770f253f6dd6e3fee2170ea
info|2025-10-28 02:00:21.949600|Download-1-0x00007fc835ae0700|[g:1][PRECOMPILED]init GasChargeManagePrecompiled
info|2025-10-28 02:00:21.949958|Download-1-0x00007fc835ae0700|[g:1][PRECOMPILED][TimerPrecompiled]getCurrentTimeMillis,timeMillis=1761642021949
error|2025-10-28 02:00:21.950051|Download-1-0x00007fc835ae0700|[g:1][PRECOMPILED]SM2EncryptPrecompiled exception:Unknown function
error|2025-10-28 02:00:21.950070|Download-1-0x00007fc835ae0700|[g:1][EXECUTIVECONTEXT]PrecompiledException,address=000000000000000000000000000000000000500b,message:=Unknown function
error|2025-10-28 02:00:21.950103|Download-1-0x00007fc835ae0700|[g:1][EXECUTIVE][TxExeError]Transaction execution error,TransactionExceptionID=22,hash=34fcf37998bfab32d1354d28f63091611b3b7e8622725266293468c69156e50d
error|2025-10-28 02:00:21.950277|Download-1-0x00007fc835ae0700|[g:1][BLOCKVERIFIER]Invalid Block with bad stateRoot or receiptRoot or dbHash,blkNum=184,originHash=22a8c2ae...,curHash=d70f1cff...,orgReceipt=ed245b8c...,curRecepit=8937e548...,orgTxRoot=2d8a5d62...,curTxRoot=2d8a5d62...,orgState=00000000...,curState=00000000...,orgDBHash=00000000...,curDBHash=00000000...
warning|2025-10-28 02:00:21.950402|Download-1-0x00007fc835ae0700|[g:1][BLOCKVERIFIER][executeBlock]executeBlock exception,blockNumber=184
info|2025-10-28 02:00:24.299743|io_service-0x00007fc842afa700|[P2P][Service] heartBeat,connected count=3
info|2025-10-28 02:00:28.348756|Download-1-0x00007fc835ae0700|[g:1][SYNC][id:374bdfe9...][Download][Request]Request blocks,from=184,to=184,peer=87d00b98...
info|2025-10-28 02:00:28.352647|Download-1-0x00007fc835ae0700|[g:1][SYNC][id:374bdfe9...][Download][BlockSync]Download block execute,number=184,txs=1,hash=22a8c2ae...
info|2025-10-28 02:00:28.352683|Download-1-0x00007fc835ae0700|[g:1][BLOCKVERIFIER][executeBlock]Executing block,txNum=1,num=184,parentHash=84b9e5d996bf7a5eb7a7af1e23a8308230a576a20d5c81a92b78a013e510177d,parentNum=183,parentStateRoot=193aa4e3ddcabc3eb1c4bc64eca338693c126abd7770f253f6dd6e3fee2170ea
info|2025-10-28 02:00:28.352839|Download-1-0x00007fc835ae0700|[g:1][PRECOMPILED]init GasChargeManagePrecompiled
info|2025-10-28 02:00:28.353166|Download-1-0x00007fc835ae0700|[g:1][PRECOMPILED][TimerPrecompiled]getCurrentTimeMillis,timeMillis=1761642028353
error|2025-10-28 02:00:28.353243|Download-1-0x00007fc835ae0700|[g:1][PRECOMPILED]SM2EncryptPrecompiled exception:Unknown function
error|2025-10-28 02:00:28.353263|Download-1-0x00007fc835ae0700|[g:1][EXECUTIVECONTEXT]PrecompiledException,address=000000000000000000000000000000000000500b,message:=Unknown function
error|2025-10-28 02:00:28.353292|Download-1-0x00007fc835ae0700|[g:1][EXECUTIVE][TxExeError]Transaction execution error,TransactionExceptionID=22,hash=34fcf37998bfab32d1354d28f63091611b3b7e8622725266293468c69156e50d
error|2025-10-28 02:00:28.353514|Download-1-0x00007fc835ae0700|[g:1][BLOCKVERIFIER]Invalid Block with bad stateRoot or receiptRoot or dbHash,blkNum=184,originHash=22a8c2ae...,curHash=d70f1cff...,orgReceipt=ed245b8c...,curRecepit=8937e548...,orgTxRoot=2d8a5d62...,curTxRoot=2d8a5d62...,orgState=00000000...,curState=00000000...,orgDBHash=00000000...,curDBHash=00000000...
warning|2025-10-28 02:00:28.353599|Download-1-0x00007fc835ae0700|[g:1][BLOCKVERIFIER][executeBlock]executeBlock exception,blockNumber=184
info|2025-10-28 02:00:34.300336|io_service-0x00007fc842afa700|[P2P][Service] heartBeat,connected count=3
info|2025-10-28 02:00:34.752409|Download-1-0x00007fc835ae0700|[g:1][SYNC][id:374bdfe9...][Download][Request]Request blocks,from=184,to=184,peer=87d00b98...
info|2025-10-28 02:00:34.756607|Download-1-0x00007fc835ae0700|[g:1][SYNC][id:374bdfe9...][Download][BlockSync]Download block execute,number=184,txs=1,hash=22a8c2ae...
info|2025-10-28 02:00:34.756632|Download-1-0x00007fc835ae0700|[g:1][BLOCKVERIFIER][executeBlock]Executing block,txNum=1,num=184,parentHash=84b9e5d996bf7a5eb7a7af1e23a8308230a576a20d5c81a92b78a013e510177d,parentNum=183,parentStateRoot=193aa4e3ddcabc3eb1c4bc64eca338693c126abd7770f253f6dd6e3fee2170ea
info|2025-10-28 02:00:34.756791|Download-1-0x00007fc835ae0700|[g:1][PRECOMPILED]init GasChargeManagePrecompiled
info|2025-10-28 02:00:34.757060|Download-1-0x00007fc835ae0700|[g:1][PRECOMPILED][TimerPrecompiled]getCurrentTimeMillis,timeMillis=1761642034757
error|2025-10-28 02:00:34.757115|Download-1-0x00007fc835ae0700|[g:1][PRECOMPILED]SM2EncryptPrecompiled exception:Unknown function
error|2025-10-28 02:00:34.757132|Download-1-0x00007fc835ae0700|[g:1][EXECUTIVECONTEXT]PrecompiledException,address=000000000000000000000000000000000000500b,message:=Unknown function
error|2025-10-28 02:00:34.757159|Download-1-0x00007fc835ae0700|[g:1][EXECUTIVE][TxExeError]Transaction execution error,TransactionExceptionID=22,hash=34fcf37998bfab32d1354d28f63091611b3b7e8622725266293468c69156e50d
error|2025-10-28 02:00:34.757262|Download-1-0x00007fc835ae0700|[g:1][BLOCKVERIFIER]Invalid Block with bad stateRoot or receiptRoot or dbHash,blkNum=184,originHash=22a8c2ae...,curHash=d70f1cff...,orgReceipt=ed245b8c...,curRecepit=8937e548...,orgTxRoot=2d8a5d62...,curTxRoot=2d8a5d62...,orgState=00000000...,curState=00000000...,orgDBHash=00000000...,curDBHash=00000000...
warning|2025-10-28 02:00:34.757326|Download-1-0x00007fc835ae0700|[g:1][BLOCKVERIFIER][executeBlock]executeBlock exception,blockNumber=184
info|2025-10-28 02:00:41.158967|Download-1-0x00007fc835ae0700|[g:1][SYNC][id:374bdfe9...][Download][Request]Request blocks,from=184,to=184,peer=87d00b98...
info|2025-10-28 02:00:41.163340|Download-1-0x00007fc835ae0700|[g:1][SYNC][id:374bdfe9...][Download][BlockSync]Download block execute,number=184,txs=1,hash=22a8c2ae...
info|2025-10-28 02:00:41.163373|Download-1-0x00007fc835ae0700|[g:1][BLOCKVERIFIER][executeBlock]Executing block,txNum=1,num=184,parentHash=84b9e5d996bf7a5eb7a7af1e23a8308230a576a20d5c81a92b78a013e510177d,parentNum=183,parentStateRoot=193aa4e3ddcabc3eb1c4bc64eca338693c126abd7770f253f6dd6e3fee2170ea
info|2025-10-28 02:00:41.163532|Download-1-0x00007fc835ae0700|[g:1][PRECOMPILED]init GasChargeManagePrecompiled
info|2025-10-28 02:00:41.163838|Download-1-0x00007fc835ae0700|[g:1][PRECOMPILED][TimerPrecompiled]getCurrentTimeMillis,timeMillis=1761642041163
error|2025-10-28 02:00:41.163966|Download-1-0x00007fc835ae0700|[g:1][PRECOMPILED]SM2EncryptPrecompiled exception:Unknown function
error|2025-10-28 02:00:41.164009|Download-1-0x00007fc835ae0700|[g:1][EXECUTIVECONTEXT]PrecompiledException,address=000000000000000000000000000000000000500b,message:=Unknown function
error|2025-10-28 02:00:41.164045|Download-1-0x00007fc835ae0700|[g:1][EXECUTIVE][TxExeError]Transaction execution error,TransactionExceptionID=22,hash=34fcf37998bfab32d1354d28f63091611b3b7e8622725266293468c69156e50d
error|2025-10-28 02:00:41.164465|Download-1-0x00007fc835ae0700|[g:1][BLOCKVERIFIER]Invalid Block with bad stateRoot or receiptRoot or dbHash,blkNum=184,originHash=22a8c2ae...,curHash=d70f1cff...,orgReceipt=ed245b8c...,curRecepit=8937e548...,orgTxRoot=2d8a5d62...,curTxRoot=2d8a5d62...,orgState=00000000...,curState=00000000...,orgDBHash=00000000...,curDBHash=00000000...
warning|2025-10-28 02:00:41.164584|Download-1-0x00007fc835ae0700|[g:1][BLOCKVERIFIER][executeBlock]executeBlock exception,blockNumber=184
info|2025-10-28 02:00:44.301175|io_service-0x00007fc842afa700|[P2P][Service] heartBeat,connected count=3
info|2025-10-28 02:00:47.562523|Download-1-0x00007fc835ae0700|[g:1][SYNC][id:374bdfe9...][Download][Request]Request blocks,from=184,to=184,peer=73994dae...
info|2025-10-28 02:00:47.566833|Download-1-0x00007fc835ae0700|[g:1][SYNC][id:374bdfe9...][Download][BlockSync]Download block execute,number=184,txs=1,hash=22a8c2ae...
info|2025-10-28 02:00:47.566874|Download-1-0x00007fc835ae0700|[g:1][BLOCKVERIFIER][executeBlock]Executing block,txNum=1,num=184,parentHash=84b9e5d996bf7a5eb7a7af1e23a8308230a576a20d5c81a92b78a013e510177d,parentNum=183,parentStateRoot=193aa4e3ddcabc3eb1c4bc64eca338693c126abd7770f253f6dd6e3fee2170ea
info|2025-10-28 02:00:47.567033|Download-1-0x00007fc835ae0700|[g:1][PRECOMPILED]init GasChargeManagePrecompiled
info|2025-10-28 02:00:47.567396|Download-1-0x00007fc835ae0700|[g:1][PRECOMPILED][TimerPrecompiled]getCurrentTimeMillis,timeMillis=1761642047567
error|2025-10-28 02:00:47.567491|Download-1-0x00007fc835ae0700|[g:1][PRECOMPILED]SM2EncryptPrecompiled exception:Unknown function
error|2025-10-28 02:00:47.567513|Download-1-0x00007fc835ae0700|[g:1][EXECUTIVECONTEXT]PrecompiledException,address=000000000000000000000000000000000000500b,message:=Unknown function
error|2025-10-28 02:00:47.567542|Download-1-0x00007fc835ae0700|[g:1][EXECUTIVE][TxExeError]Transaction execution error,TransactionExceptionID=22,hash=34fcf37998bfab32d1354d28f63091611b3b7e8622725266293468c69156e50d
error|2025-10-28 02:00:47.567746|Download-1-0x00007fc835ae0700|[g:1][BLOCKVERIFIER]Invalid Block with bad stateRoot or receiptRoot or dbHash,blkNum=184,originHash=22a8c2ae...,curHash=d70f1cff...,orgReceipt=ed245b8c...,curRecepit=8937e548...,orgTxRoot=2d8a5d62...,curTxRoot=2d8a5d62...,orgState=00000000...,curState=00000000...,orgDBHash=00000000...,curDBHash=00000000...
warning|2025-10-28 02:00:47.567836|Download-1-0x00007fc835ae0700|[g:1][BLOCKVERIFIER][executeBlock]executeBlock exception,blockNumber=184
warning|2025-10-28 02:00:50.943567|PBFT-1-0x00007fc828ac6700|[g:1][CONSENSUS][PBFT]ViewChangeWarning: not caused by omit empty block ,v=0,toV=7,curNum=183,hash=84b9e5d9...,nodeIdx=1,myNode=374bdfe9...
info|2025-10-28 02:00:50.943859|PBFT-1-0x00007fc828ac6700|[g:1][CONSENSUS][PBFT]checkTimeout Succ,view=0,toView=7,nodeIdx=1,changeCycle=7,myNode=374bdfe9...,timecost=1
info|2025-10-28 02:00:53.969844|Download-1-0x00007fc835ae0700|[g:1][SYNC][id:374bdfe9...][Download][Request]Request blocks,from=184,to=184,peer=73994dae...
info|2025-10-28 02:00:53.973793|Download-1-0x00007fc835ae0700|[g:1][SYNC][id:374bdfe9...][Download][BlockSync]Download block execute,number=184,txs=1,hash=22a8c2ae...
info|2025-10-28 02:00:53.973813|Download-1-0x00007fc835ae0700|[g:1][BLOCKVERIFIER][executeBlock]Executing block,txNum=1,num=184,parentHash=84b9e5d996bf7a5eb7a7af1e23a8308230a576a20d5c81a92b78a013e510177d,parentNum=183,parentStateRoot=193aa4e3ddcabc3eb1c4bc64eca338693c126abd7770f253f6dd6e3fee2170ea
info|2025-10-28 02:00:53.973935|Download-1-0x00007fc835ae0700|[g:1][PRECOMPILED]init GasChargeManagePrecompiled
info|2025-10-28 02:00:53.974229|Download-1-0x00007fc835ae0700|[g:1][PRECOMPILED][TimerPrecompiled]getCurrentTimeMillis,timeMillis=1761642053974
error|2025-10-28 02:00:53.974308|Download-1-0x00007fc835ae0700|[g:1][PRECOMPILED]SM2EncryptPrecompiled exception:Unknown function
error|2025-10-28 02:00:53.974346|Download-1-0x00007fc835ae0700|[g:1][EXECUTIVECONTEXT]PrecompiledException,address=000000000000000000000000000000000000500b,message:=Unknown function
error|2025-10-28 02:00:53.974376|Download-1-0x00007fc835ae0700|[g:1][EXECUTIVE][TxExeError]Transaction execution error,TransactionExceptionID=22,hash=34fcf37998bfab32d1354d28f63091611b3b7e8622725266293468c69156e50d
error|2025-10-28 02:00:53.974571|Download-1-0x00007fc835ae0700|[g:1][BLOCKVERIFIER]Invalid Block with bad stateRoot or receiptRoot or dbHash,blkNum=184,originHash=22a8c2ae...,curHash=d70f1cff...,orgReceipt=ed245b8c...,curRecepit=8937e548...,orgTxRoot=2d8a5d62...,curTxRoot=2d8a5d62...,orgState=00000000...,curState=00000000...,orgDBHash=00000000...,curDBHash=00000000...
warning|2025-10-28 02:00:53.974635|Download-1-0x00007fc835ae0700|[g:1][BLOCKVERIFIER][executeBlock]executeBlock exception,blockNumber=184
info|2025-10-28 02:00:54.301503|io_service-0x00007fc842afa700|[P2P][Service] heartBeat,connected count=3
info|2025-10-28 02:00:55.476934|ChannelReq-0x00007fc840af6700|[RPC][getGroupList]request
info|2025-10-28 02:01:00.376920|Download-1-0x00007fc835ae0700|[g:1][SYNC][id:374bdfe9...][Download][Request]Request blocks,from=184,to=184,peer=064cb676...
info|2025-10-28 02:01:00.381242|Download-1-0x00007fc835ae0700|[g:1][SYNC][id:374bdfe9...][Download][BlockSync]Download block execute,number=184,txs=1,hash=22a8c2ae...
info|2025-10-28 02:01:00.381281|Download-1-0x00007fc835ae0700|[g:1][BLOCKVERIFIER][executeBlock]Executing block,txNum=1,num=184,parentHash=84b9e5d996bf7a5eb7a7af1e23a8308230a576a20d5c81a92b78a013e510177d,parentNum=183,parentStateRoot=193aa4e3ddcabc3eb1c4bc64eca338693c126abd7770f253f6dd6e3fee2170ea
info|2025-10-28 02:01:00.381423|Download-1-0x00007fc835ae0700|[g:1][PRECOMPILED]init GasChargeManagePrecompiled
info|2025-10-28 02:01:00.382204|Download-1-0x00007fc835ae0700|[g:1][PRECOMPILED][TimerPrecompiled]getCurrentTimeMillis,timeMillis=1761642060382
error|2025-10-28 02:01:00.382300|Download-1-0x00007fc835ae0700|[g:1][PRECOMPILED]SM2EncryptPrecompiled exception:Unknown function
error|2025-10-28 02:01:00.382337|Download-1-0x00007fc835ae0700|[g:1][EXECUTIVECONTEXT]PrecompiledException,address=000000000000000000000000000000000000500b,message:=Unknown function
error|2025-10-28 02:01:00.382369|Download-1-0x00007fc835ae0700|[g:1][EXECUTIVE][TxExeError]Transaction execution error,TransactionExceptionID=22,hash=34fcf37998bfab32d1354d28f63091611b3b7e8622725266293468c69156e50d
error|2025-10-28 02:01:00.382762|Download-1-0x00007fc835ae0700|[g:1][BLOCKVERIFIER]Invalid Block with bad stateRoot or receiptRoot or dbHash,blkNum=184,originHash=22a8c2ae...,curHash=d70f1cff...,orgReceipt=ed245b8c...,curRecepit=8937e548...,orgTxRoot=2d8a5d62...,curTxRoot=2d8a5d62...,orgState=00000000...,curState=00000000...,orgDBHash=00000000...,curDBHash=00000000...
warning|2025-10-28 02:01:00.382857|Download-1-0x00007fc835ae0700|[g:1][BLOCKVERIFIER][executeBlock]executeBlock exception,blockNumber=184
info|2025-10-28 02:01:04.302187|io_service-0x00007fc842afa700|[P2P][Service] heartBeat,connected count=3
info|2025-10-28 02:01:06.781137|Download-1-0x00007fc835ae0700|[g:1][SYNC][id:374bdfe9...][Download][Request]Request blocks,from=184,to=184,peer=73994dae...
info|2025-10-28 02:01:06.785245|Download-1-0x00007fc835ae0700|[g:1][SYNC][id:374bdfe9...][Download][BlockSync]Download block execute,number=184,txs=1,hash=22a8c2ae...
info|2025-10-28 02:01:06.785280|Download-1-0x00007fc835ae0700|[g:1][BLOCKVERIFIER][executeBlock]Executing block,txNum=1,num=184,parentHash=84b9e5d996bf7a5eb7a7af1e23a8308230a576a20d5c81a92b78a013e510177d,parentNum=183,parentStateRoot=193aa4e3ddcabc3eb1c4bc64eca338693c126abd7770f253f6dd6e3fee2170ea
info|2025-10-28 02:01:06.785436|Download-1-0x00007fc835ae0700|[g:1][PRECOMPILED]init GasChargeManagePrecompiled
info|2025-10-28 02:01:06.785762|Download-1-0x00007fc835ae0700|[g:1][PRECOMPILED][TimerPrecompiled]getCurrentTimeMillis,timeMillis=1761642066785
error|2025-10-28 02:01:06.785867|Download-1-0x00007fc835ae0700|[g:1][PRECOMPILED]SM2EncryptPrecompiled exception:Unknown function
error|2025-10-28 02:01:06.785905|Download-1-0x00007fc835ae0700|[g:1][EXECUTIVECONTEXT]PrecompiledException,address=000000000000000000000000000000000000500b,message:=Unknown function
error|2025-10-28 02:01:06.785935|Download-1-0x00007fc835ae0700|[g:1][EXECUTIVE][TxExeError]Transaction execution error,TransactionExceptionID=22,hash=34fcf37998bfab32d1354d28f63091611b3b7e8622725266293468c69156e50d
error|2025-10-28 02:01:06.786103|Download-1-0x00007fc835ae0700|[g:1][BLOCKVERIFIER]Invalid Block with bad stateRoot or receiptRoot or dbHash,blkNum=184,originHash=22a8c2ae...,curHash=d70f1cff...,orgReceipt=ed245b8c...,curRecepit=8937e548...,orgTxRoot=2d8a5d62...,curTxRoot=2d8a5d62...,orgState=00000000...,curState=00000000...,orgDBHash=00000000...,curDBHash=00000000...
warning|2025-10-28 02:01:06.786190|Download-1-0x00007fc835ae0700|[g:1][BLOCKVERIFIER][executeBlock]executeBlock exception,blockNumber=184
info|2025-10-28 02:01:13.210239|Download-1-0x00007fc835ae0700|[g:1][SYNC][id:374bdfe9...][Download][Request]Request blocks,from=184,to=184,peer=87d00b98...
info|2025-10-28 02:01:13.215978|Download-1-0x00007fc835ae0700|[g:1][SYNC][id:374bdfe9...][Download][BlockSync]Download block execute,number=184,txs=1,hash=22a8c2ae...
info|2025-10-28 02:01:13.216028|Download-1-0x00007fc835ae0700|[g:1][BLOCKVERIFIER][executeBlock]Executing block,txNum=1,num=184,parentHash=84b9e5d996bf7a5eb7a7af1e23a8308230a576a20d5c81a92b78a013e510177d,parentNum=183,parentStateRoot=193aa4e3ddcabc3eb1c4bc64eca338693c126abd7770f253f6dd6e3fee2170ea
info|2025-10-28 02:01:13.216170|Download-1-0x00007fc835ae0700|[g:1][PRECOMPILED]init GasChargeManagePrecompiled
info|2025-10-28 02:01:13.216675|Download-1-0x00007fc835ae0700|[g:1][PRECOMPILED][TimerPrecompiled]getCurrentTimeMillis,timeMillis=1761642073216
error|2025-10-28 02:01:13.216804|Download-1-0x00007fc835ae0700|[g:1][PRECOMPILED]SM2EncryptPrecompiled exception:Unknown function
error|2025-10-28 02:01:13.216830|Download-1-0x00007fc835ae0700|[g:1][EXECUTIVECONTEXT]PrecompiledException,address=000000000000000000000000000000000000500b,message:=Unknown function
error|2025-10-28 02:01:13.216865|Download-1-0x00007fc835ae0700|[g:1][EXECUTIVE][TxExeError]Transaction execution error,TransactionExceptionID=22,hash=34fcf37998bfab32d1354d28f63091611b3b7e8622725266293468c69156e50d
error|2025-10-28 02:01:13.217114|Download-1-0x00007fc835ae0700|[g:1][BLOCKVERIFIER]Invalid Block with bad stateRoot or receiptRoot or dbHash,blkNum=184,originHash=22a8c2ae...,curHash=d70f1cff...,orgReceipt=ed245b8c...,curRecepit=8937e548...,orgTxRoot=2d8a5d62...,curTxRoot=2d8a5d62...,orgState=00000000...,curState=00000000...,orgDBHash=00000000...,curDBHash=00000000...
warning|2025-10-28 02:01:13.217253|Download-1-0x00007fc835ae0700|[g:1][BLOCKVERIFIER][executeBlock]executeBlock exception,blockNumber=184
info|2025-10-28 02:01:14.303226|io_service-0x00007fc842afa700|[P2P][Service] heartBeat,connected count=3
info|2025-10-28 02:01:19.792008|Download-1-0x00007fc835ae0700|[g:1][SYNC][id:374bdfe9...][Download][Request]Request blocks,from=184,to=184,peer=064cb676...
info|2025-10-28 02:01:19.795954|Download-1-0x00007fc835ae0700|[g:1][SYNC][id:374bdfe9...][Download][BlockSync]Download block execute,number=184,txs=1,hash=22a8c2ae...
info|2025-10-28 02:01:19.795986|Download-1-0x00007fc835ae0700|[g:1][BLOCKVERIFIER][executeBlock]Executing block,txNum=1,num=184,parentHash=84b9e5d996bf7a5eb7a7af1e23a8308230a576a20d5c81a92b78a013e510177d,parentNum=183,parentStateRoot=193aa4e3ddcabc3eb1c4bc64eca338693c126abd7770f253f6dd6e3fee2170ea
info|2025-10-28 02:01:19.796103|Download-1-0x00007fc835ae0700|[g:1][PRECOMPILED]init GasChargeManagePrecompiled
info|2025-10-28 02:01:19.796491|Download-1-0x00007fc835ae0700|[g:1][PRECOMPILED][TimerPrecompiled]getCurrentTimeMillis,timeMillis=1761642079796
error|2025-10-28 02:01:19.796594|Download-1-0x00007fc835ae0700|[g:1][PRECOMPILED]SM2EncryptPrecompiled exception:Unknown function
error|2025-10-28 02:01:19.796633|Download-1-0x00007fc835ae0700|[g:1][EXECUTIVECONTEXT]PrecompiledException,address=000000000000000000000000000000000000500b,message:=Unknown function
error|2025-10-28 02:01:19.796667|Download-1-0x00007fc835ae0700|[g:1][EXECUTIVE][TxExeError]Transaction execution error,TransactionExceptionID=22,hash=34fcf37998bfab32d1354d28f63091611b3b7e8622725266293468c69156e50d
error|2025-10-28 02:01:19.796919|Download-1-0x00007fc835ae0700|[g:1][BLOCKVERIFIER]Invalid Block with bad stateRoot or receiptRoot or dbHash,blkNum=184,originHash=22a8c2ae...,curHash=d70f1cff...,orgReceipt=ed245b8c...,curRecepit=8937e548...,orgTxRoot=2d8a5d62...,curTxRoot=2d8a5d62...,orgState=00000000...,curState=00000000...,orgDBHash=00000000...,curDBHash=00000000...
warning|2025-10-28 02:01:19.797048|Download-1-0x00007fc835ae0700|[g:1][BLOCKVERIFIER][executeBlock]executeBlock exception,blockNumber=184
info|2025-10-28 02:01:24.303861|io_service-0x00007fc842afa700|[P2P][Service] heartBeat,connected count=3
info|2025-10-28 02:01:24.667694|fisco-bcos-0x00007fc845873dc0|[LEDGER]stop sealer,groupID=1
info|2025-10-28 02:01:24.667745|fisco-bcos-0x00007fc845873dc0|[CONSENSUS][SEALER]Stop sealer module...
info|2025-10-28 02:01:24.674943|fisco-bcos-0x00007fc845873dc0|[CONSENSUS][ConsensusEngine][Stop ConsensusEngineBase]
info|2025-10-28 02:01:24.679938|fisco-bcos-0x00007fc845873dc0|[CONSENSUS][ConsensusEngine]ConsensusEngineBase stopped
info|2025-10-28 02:01:24.679994|fisco-bcos-0x00007fc845873dc0|[LEDGER]sealer stopped. stop sync,groupID=1
info|2025-10-28 02:01:24.681392|fisco-bcos-0x00007fc845873dc0|[g:1] [SYNC][id:374bdfe9...]SyncMsgEngine stopped
info|2025-10-28 02:01:24.847789|fisco-bcos-0x00007fc845873dc0|[GossipBlockStatus]stop GossipBlockStatus succ
info|2025-10-28 02:01:25.598275|fisco-bcos-0x00007fc845873dc0|[SYNC][id:374bdfe9...][g:1]SyncMaster stopped
info|2025-10-28 02:01:25.598317|fisco-bcos-0x00007fc845873dc0|[LEDGER]sync stopped. stop event filter manager,groupID=1
info|2025-10-28 02:01:25.663122|fisco-bcos-0x00007fc845873dc0|[EVENT][EventLogFilterManager]stop
info|2025-10-28 02:01:25.663160|fisco-bcos-0x00007fc845873dc0|[LEDGER]event filter manager stopped. stop tx pool,groupID=1
info|2025-10-28 02:01:25.663584|fisco-bcos-0x00007fc845873dc0|[LEDGER]removeNetworkStatHandlerByGroupID and removeGroupBandwidthLimiter for service,groupID=1
info|2025-10-28 02:01:25.663609|fisco-bcos-0x00007fc845873dc0|[CHANNEL]removeSDKAllowListByGroupId,groupId=1
info|2025-10-28 02:01:25.663617|fisco-bcos-0x00007fc845873dc0|[INITIALIZER]ledgerInitializer stopped
info|2025-10-28 02:01:26.664382|fisco-bcos-0x00007fc845873dc0|[INITIALIZER]ChannelRPCHttpServer deleted.
info|2025-10-28 02:01:26.664846|fisco-bcos-0x00007fc845873dc0|[INITIALIZER]JsonrpcHttpServer deleted.
info|2025-10-28 02:01:26.664860|fisco-bcos-0x00007fc845873dc0|[INITIALIZER]RPCInitializer stopped
info|2025-10-28 02:01:26.664954|io_service-0x00007fc842afa700|[NETWORK][Host]Host exit
info|2025-10-28 02:01:26.666026|fisco-bcos-0x00007fc845873dc0|[INITIALIZER]P2PInitializer stopped
info|2025-10-28 02:01:26.666048|fisco-bcos-0x00007fc845873dc0|[LEDGER]stop sealer,groupID=1
info|2025-10-28 02:01:26.666055|fisco-bcos-0x00007fc845873dc0|[LEDGER]sealer stopped. stop sync,groupID=1
info|2025-10-28 02:01:26.666063|fisco-bcos-0x00007fc845873dc0|[g:1] [SYNC][id:374bdfe9...]SyncMsgEngine stopped
info|2025-10-28 02:01:26.666073|fisco-bcos-0x00007fc845873dc0|[GossipBlockStatus]GossipBlockStatus already stopped
info|2025-10-28 02:01:26.666077|fisco-bcos-0x00007fc845873dc0|[SYNC][id:374bdfe9...][g:1]SyncMaster stopped
info|2025-10-28 02:01:26.666081|fisco-bcos-0x00007fc845873dc0|[LEDGER]sync stopped. stop event filter manager,groupID=1
info|2025-10-28 02:01:26.666085|fisco-bcos-0x00007fc845873dc0|[LEDGER]event filter manager stopped. stop tx pool,groupID=1
info|2025-10-28 02:01:26.666092|fisco-bcos-0x00007fc845873dc0|[LEDGER]removeNetworkStatHandlerByGroupID and removeGroupBandwidthLimiter for service,groupID=1
info|2025-10-28 02:01:26.666103|fisco-bcos-0x00007fc845873dc0|[g:1][STORAGE][CachedStorage]Stopping flushStorage thread
info|2025-10-28 02:01:27.508777|fisco-bcos-0x00007fc845873dc0|[g:1][STORAGE][CachedStorage]flushStorage thread stopped.
info|2025-10-28 02:01:27.508812|fisco-bcos-0x00007fc845873dc0|[DBINITIALIZER] storage stopped
info|2025-10-28 02:01:27.510419|fisco-bcos-0x00007fc845873dc0|[g:1] [SYNC][id:374bdfe9...]SyncMsgEngine stopped
info|2025-10-28 02:01:27.510447|fisco-bcos-0x00007fc845873dc0|[GossipBlockStatus]GossipBlockStatus already stopped
info|2025-10-28 02:01:27.510451|fisco-bcos-0x00007fc845873dc0|[SYNC][id:374bdfe9...][g:1]SyncMaster stopped
info|2025-10-28 02:01:27.510484|fisco-bcos-0x00007fc845873dc0|[g:1] [SYNC][id:374bdfe9...]SyncMsgEngine stopped
