info|2025-10-10 01:07:02.845529|fisco-bcos-0x00007f860dc0cdc0|[INITIALIZER][initGlobalConfig],enableCompress=true,compatibilityVersion=2.11.0,versionNumber=34275328,enableStat=false,chainId=1,useSMCrypto=true,IgnoreObserverWriteRequest=false
info|2025-10-10 01:07:02.846984|fisco-bcos-0x00007f860dc0cdc0|[INITIALIZER][SecureInitializerGM]get pub of node,nodeID=374bdfe969e1d8ea1200ade93e5d8cf1a7d5741f238011004b0f43ca818706f194b2f067e1708125f7ffc536610b9a72addbd56b238d65f18912be39037ffcc5
info|2025-10-10 01:07:02.852799|fisco-bcos-0x00007f860dc0cdc0|[NETWORK][Host]Connecting to node,endpoint=127.0.0.1:30300
info|2025-10-10 01:07:02.852966|fisco-bcos-0x00007f860dc0cdc0|[NETWORK][Host]Connecting to node,endpoint=127.0.0.1:30301
info|2025-10-10 01:07:02.853079|fisco-bcos-0x00007f860dc0cdc0|[NETWORK][Host]Connecting to node,endpoint=127.0.0.1:30302
info|2025-10-10 01:07:02.853207|fisco-bcos-0x00007f860dc0cdc0|[NETWORK][Host]Connecting to node,endpoint=127.0.0.1:30303
info|2025-10-10 01:07:02.853280|fisco-bcos-0x00007f860dc0cdc0|[P2P][Service] heartBeat,connected count=0
info|2025-10-10 01:07:02.853332|fisco-bcos-0x00007f860dc0cdc0|[INITIALIZER][RPCInitializer],network_security.check_cert_issuer=true
info|2025-10-10 01:07:02.854687|fisco-bcos-0x00007f860dc0cdc0|[CHANNEL][ChannelServer::run],threadPoolSize=8
info|2025-10-10 01:07:02.854774|fisco-bcos-0x00007f860dc0cdc0|[CHANNEL]ChannelRPCServer started
info|2025-10-10 01:07:02.854785|fisco-bcos-0x00007f860dc0cdc0|[INITIALIZER][RPCInitializer: ChannelRPCHttpServer started.],disableDynamicGroup=false,uncheckGroupMember=false,threadSize=8
info|2025-10-10 01:07:02.854799|fisco-bcos-0x00007f860dc0cdc0|[INITIALIZER][LedgerInitializer]initConfig
info|2025-10-10 01:07:02.854823|fisco-bcos-0x00007f860dc0cdc0|[LedgerInitializer],groupConfigPath=conf/
info|2025-10-10 01:07:02.859518|io_service-0x00007f860ae93700|[NETWORK][Host]P2P StartAccept,Host=0.0.0.0:30301
info|2025-10-10 01:07:02.859800|io_service-0x00007f860ae93700|[NETWORK][ASIO]asyncResolveConnect,endpoint=127.0.0.1:30300
info|2025-10-10 01:07:02.859896|io_service-0x00007f860ae93700|[NETWORK][ASIO]asyncResolveConnect,endpoint=127.0.0.1:30301
info|2025-10-10 01:07:02.859975|io_service-0x00007f860ae93700|[NETWORK][ASIO]asyncResolveConnect,endpoint=127.0.0.1:30302
info|2025-10-10 01:07:02.860044|io_service-0x00007f860ae93700|[NETWORK][ASIO]asyncResolveConnect,endpoint=127.0.0.1:30303
info|2025-10-10 01:07:02.860073|io_service-0x00007f860ae93700|[NETWORK][Host]P2P Recv Connect, From=127.0.0.1:46672
info|2025-10-10 01:07:02.860251|io_service-0x00007f860ae93700|[NETWORK][Host]P2P StartAccept,Host=0.0.0.0:30301
info|2025-10-10 01:07:02.862385|io_service-0x00007f860ae93700|[NETWORK][Host]P2P Recv Connect, From=127.0.0.1:46674
info|2025-10-10 01:07:02.862474|io_service-0x00007f860ae93700|[NETWORK][Host]P2P StartAccept,Host=0.0.0.0:30301
info|2025-10-10 01:07:02.871409|fisco-bcos-0x00007f860dc0cdc0|[INITIALIZER][initSingleLedger] [GroupId], LedgerConstructor:  1,configFileName=conf/group.1.genesis,dataDir=data/
info|2025-10-10 01:07:02.871563|fisco-bcos-0x00007f860dc0cdc0|[g:1][LedgerParam][parseGenesisConfig]initConsensusConfig/initStorageConfig/initTxConfig,configFile=conf/group.1.genesis
info|2025-10-10 01:07:02.871607|fisco-bcos-0x00007f860dc0cdc0|[g:1][LedgerParam][initConsensusConfig],type=pbft,consensusTimeout=3,maxTxNum=1000,txGasLimit=300000000
info|2025-10-10 01:07:02.871658|fisco-bcos-0x00007f860dc0cdc0|[g:1][LedgerParam][parsePublicKeyListOfSection],sectionName=consensus,it.first=73994dae9e8b8da733108a4153dfe79151d701dff425f84c87b5324e8ebd02ab6a0ebc9e4f1e0298a7ddca50f94a8f95c62b6997226d571e470e8f2b0600634a
info|2025-10-10 01:07:02.871728|fisco-bcos-0x00007f860dc0cdc0|[g:1][LedgerParam][parsePublicKeyListOfSection],sectionName=consensus,it.first=374bdfe969e1d8ea1200ade93e5d8cf1a7d5741f238011004b0f43ca818706f194b2f067e1708125f7ffc536610b9a72addbd56b238d65f18912be39037ffcc5
info|2025-10-10 01:07:02.871797|fisco-bcos-0x00007f860dc0cdc0|[g:1][LedgerParam][parsePublicKeyListOfSection],sectionName=consensus,it.first=87d00b98321fc70a5abc85ad9e80db10cce315194133697bf74aace1d3f8430957a766240f751752708f4282f46110d6ea56c3eb5d1c02ce98a66f327f595270
info|2025-10-10 01:07:02.871895|fisco-bcos-0x00007f860dc0cdc0|[g:1][LedgerParam][parsePublicKeyListOfSection],sectionName=consensus,it.first=064cb676a36047a4b52ecbf9c01664b1e987d91b438110ba6a12d96972726622e824d295b1de8b0298b5afe7bbbc0bd04a3890e1a36eae028c1cfbe07971b995
info|2025-10-10 01:07:02.871965|fisco-bcos-0x00007f860dc0cdc0|[g:1][LedgerParam][parsePublicKeyListOfSection],totalPubKeySize=4
info|2025-10-10 01:07:02.872058|fisco-bcos-0x00007f860dc0cdc0|[g:1][LedgerParam][max_block_range],maxBlockRange=0,maxBlockPerProcess=3
info|2025-10-10 01:07:02.872318|fisco-bcos-0x00007f860dc0cdc0|[g:1][LedgerParam][parseGenesisConfig],timestamp=1759762229000
info|2025-10-10 01:07:02.872384|fisco-bcos-0x00007f860dc0cdc0|[g:1][LedgerParam]setEVMFlags,enableFreeStorageVMSchedule=false,evmFlags=0
info|2025-10-10 01:07:02.872454|fisco-bcos-0x00007f860dc0cdc0|[g:1][LedgerParam]store evmFlag,evmFlag=0
info|2025-10-10 01:07:02.872493|fisco-bcos-0x00007f860dc0cdc0|[g:1][LedgerParam]store consensus time,consensusTimeout=3
info|2025-10-10 01:07:02.872528|fisco-bcos-0x00007f860dc0cdc0|[g:1][LedgerParam][initMark],genesisMark=1-064cb676a36047a4b52ecbf9c01664b1e987d91b438110ba6a12d96972726622e824d295b1de8b0298b5afe7bbbc0bd04a3890e1a36eae028c1cfbe07971b995,374bdfe969e1d8ea1200ade93e5d8cf1a7d5741f238011004b0f43ca818706f194b2f067e1708125f7ffc536610b9a72addbd56b238d65f18912be39037ffcc5,73994dae9e8b8da733108a4153dfe79151d701dff425f84c87b5324e8ebd02ab6a0ebc9e4f1e0298a7ddca50f94a8f95c62b6997226d571e470e8f2b0600634a,87d00b98321fc70a5abc85ad9e80db10cce315194133697bf74aace1d3f8430957a766240f751752708f4282f46110d6ea56c3eb5d1c02ce98a66f327f595270,-pbft-storage-0-1000-300000000-3
info|2025-10-10 01:07:02.872569|fisco-bcos-0x00007f860dc0cdc0|[g:1][LedgerParam][initIniConfig]initTxPoolConfig/initSyncConfig/initTxExecuteConfig,configFile=conf/group.1.ini
info|2025-10-10 01:07:02.872937|fisco-bcos-0x00007f860dc0cdc0|[g:1][LedgerParam][initStorageConfig],stateType=storage,storageDB=rocksdb,storagePath=data//group1/block/RocksDB,baseDir=data//group1,dbtype=mysql,dbip=127.0.0.1,dbport=3306,dbcharset=utf8mb4,initconnections=15,maxconnections=50,scrollThreshold=2000,enableReconfirmCommittee=false
info|2025-10-10 01:07:02.873069|fisco-bcos-0x00007f860dc0cdc0|[g:1][LedgerParam][initTxPoolConfig],txPoolLimit=150000,memorySizeLimit(MB)=512,notifyWorkerNum=2,txsExpirationTime(ms)=600000
info|2025-10-10 01:07:02.873179|fisco-bcos-0x00007f860dc0cdc0|[g:1][LedgerParam][initSyncConfig],idleWaitMs=200
info|2025-10-10 01:07:02.873212|fisco-bcos-0x00007f860dc0cdc0|[g:1][LedgerParam][initSyncConfig],enableSendTxsByTree=true,enableSendBlockStatusByTree=true
info|2025-10-10 01:07:02.873238|fisco-bcos-0x00007f860dc0cdc0|[g:1][LedgerParam][initSyncConfig],gossipInterval=1000
info|2025-10-10 01:07:02.873271|fisco-bcos-0x00007f860dc0cdc0|[g:1][LedgerParam][initSyncConfig],enableSendBlockStatusByTree=true,gossipInterval=1000,gossipPeers=3,syncTreeWidth=3,maxQueueSizeForBlockSync=536870912,txsStatusGossipMaxPeers=5,syncInfoPrintInterval=10,freeNodeRead=false
info|2025-10-10 01:07:02.873300|fisco-bcos-0x00007f860dc0cdc0|[g:1][LedgerParam][InitTxExecuteConfig],enableParallel=true
info|2025-10-10 01:07:02.873341|fisco-bcos-0x00007f860dc0cdc0|[g:1][LedgerParam][initConsensusIniConfig],maxTTL=2,minBlockGenerationTime=500,enablDynamicBlockSize=true,blockSizeIncreaseRatio=0.5,enableTTLOptimize=true,enablePrepareWithTxsHash=true
info|2025-10-10 01:07:02.873398|fisco-bcos-0x00007f860dc0cdc0|[g:1][LedgerParam][initRPBFTConsensusIniConfig],broadcastPrepareByTree=true,prepareStatusBroadcastPercent=33,maxRequestMissedTxsWaitTime=100,maxRequestPrepareWaitTime=100
info|2025-10-10 01:07:02.873425|fisco-bcos-0x00007f860dc0cdc0|[g:1][LedgerParam][initFlowControlConfig],maxQPS=9223372036854775807,outGoingBandwidth(Bytes)=9223372036854775807
info|2025-10-10 01:07:02.873451|fisco-bcos-0x00007f860dc0cdc0|[g:1][LedgerParam]parseSDKAllowList,sdkAllowList=[],enableSDKAllowListControl=false
info|2025-10-10 01:07:02.873502|fisco-bcos-0x00007f860dc0cdc0|[g:1][LEDGER][initLedger][DBInitializer]
info|2025-10-10 01:07:02.873540|fisco-bcos-0x00007f860dc0cdc0|[g:1][LEDGER]setSDKAllowList,groupId=1,sdkAllowListSize=0
info|2025-10-10 01:07:02.873563|fisco-bcos-0x00007f860dc0cdc0|[g:1][CHANNEL]registerSDKAllowListByGroupId,groupId=1,size=0
info|2025-10-10 01:07:02.873585|fisco-bcos-0x00007f860dc0cdc0|[g:1][CHANNEL]Disable group-level sdk permission control for sdk allowlist is empty
info|2025-10-10 01:07:02.873606|fisco-bcos-0x00007f860dc0cdc0|[g:1][DBINITIALIZER] [initStorageDB]
info|2025-10-10 01:07:02.873627|fisco-bcos-0x00007f860dc0cdc0|[g:1][DBINITIALIZER] [initRocksDBStorage]
info|2025-10-10 01:07:02.873678|fisco-bcos-0x00007f860dc0cdc0|[g:1][ROCKSDB]open rocksDB handler,path=data//group1/block/RocksDB
info|2025-10-10 01:07:02.875801|io_service-0x00007f860ae93700|[NETWORK][Host]P2P Recv Connect, From=127.0.0.1:46678
info|2025-10-10 01:07:02.876162|io_service-0x00007f860ae93700|[NETWORK][Host]P2P StartAccept,Host=0.0.0.0:30301
info|2025-10-10 01:07:02.933874|fisco-bcos-0x00007f860dc0cdc0|[g:1][g:1][STORAGE][CachedStorage]Init flushStorage thread
info|2025-10-10 01:07:02.934182|fisco-bcos-0x00007f860dc0cdc0|[g:1][DBINITIALIZER] [init CachedStorage],maxCapacity=32,maxForwardBlock=10
info|2025-10-10 01:07:02.934256|fisco-bcos-0x00007f860dc0cdc0|[g:1][LEDGER][initLedger][initBlockChain]
info|2025-10-10 01:07:02.934725|fisco-bcos-0x00007f860dc0cdc0|[g:1][LEDGER]set enableHexBlock to be false,version=34275328
info|2025-10-10 01:07:02.939159|fisco-bcos-0x00007f860dc0cdc0|[g:1][BLOCKCHAIN][#checkAndBuildGenesisBlock],shouldBuild=false
info|2025-10-10 01:07:02.940585|fisco-bcos-0x00007f860dc0cdc0|[g:1][BLOCKCHAIN][#checkAndBuildGenesisBlock]Already have the 0th block, 0th groupMark is equal to file groupMark.
info|2025-10-10 01:07:02.945274|fisco-bcos-0x00007f860dc0cdc0|[g:1][LEDGER][initLedger]initBlockChain SUCC
info|2025-10-10 01:07:02.945491|fisco-bcos-0x00007f860dc0cdc0|[g:1][DBINITIALIZER] [createStateFactory],type=storage
info|2025-10-10 01:07:02.945560|fisco-bcos-0x00007f860dc0cdc0|[g:1][DBINITIALIZER] createStorageState SUCC
info|2025-10-10 01:07:02.945572|fisco-bcos-0x00007f860dc0cdc0|[g:1][DBINITIALIZER] [createStateFactory SUCC]
info|2025-10-10 01:07:02.945579|fisco-bcos-0x00007f860dc0cdc0|[g:1][DBINITIALIZER] createExecutiveContext...
info|2025-10-10 01:07:02.945605|fisco-bcos-0x00007f860dc0cdc0|[g:1][LEDGER]createGasMetric,vmFlagType=0
info|2025-10-10 01:07:02.945614|fisco-bcos-0x00007f860dc0cdc0|[g:1][LEDGER]createGasMetric
info|2025-10-10 01:07:02.945631|fisco-bcos-0x00007f860dc0cdc0|[g:1][DBINITIALIZER] create precompiledGasFactory and precompiledResultFactory
info|2025-10-10 01:07:02.945638|fisco-bcos-0x00007f860dc0cdc0|[g:1][DBINITIALIZER] createExecutiveContext SUCC
info|2025-10-10 01:07:02.945946|fisco-bcos-0x00007f860dc0cdc0|[g:1][DBINITIALIZER] [setSyncNumForCachedStorage],syncNum=183
info|2025-10-10 01:07:02.946088|fisco-bcos-0x00007f860dc0cdc0|[g:1][LEDGER][initNetworkBandWidthLimiter: outGoingBandwidthLimit has been disabled],groupId=1
info|2025-10-10 01:07:02.946180|fisco-bcos-0x00007f860dc0cdc0|[g:1][LEDGER][QPSLimit has been disabled],groupId=1
info|2025-10-10 01:07:02.946202|fisco-bcos-0x00007f860dc0cdc0|[g:1][LEDGER][initLedger][initBlockVerifier]
info|2025-10-10 01:07:02.946243|fisco-bcos-0x00007f860dc0cdc0|[g:1][LEDGER][initLedger][initBlockVerifier SUCC],evmFlags=0
info|2025-10-10 01:07:02.946277|fisco-bcos-0x00007f860dc0cdc0|[g:1][LEDGER][initLedger][initTxPool],txPoolLimit=150000
info|2025-10-10 01:07:02.985140|io_service-0x00007f860ae93700|[NETWORK][Host]P2P Recv Connect, From=127.0.0.1:46692
info|2025-10-10 01:07:02.985292|io_service-0x00007f860ae93700|[NETWORK][Host]P2P StartAccept,Host=0.0.0.0:30301
info|2025-10-10 01:07:03.012346|io_service-0x00007f860ae93700|[NETWORK][Host]handshakeClient succ,local endpoint=127.0.0.1:57766
info|2025-10-10 01:07:03.012429|io_service-0x00007f860ae93700|[NETWORK][Host]startPeerSession, Remote=127.0.0.1:30300,local endpoint=127.0.0.1:57766,nodeID=73994dae...
info|2025-10-10 01:07:03.012739|P2P-0x00007f860ce97700|[P2P][Service] Connection established,nodeID=73994dae...,endpoint=127.0.0.1:30300
info|2025-10-10 01:07:03.013938|io_service-0x00007f860ae93700|[NETWORK][Host]handshakeServer succ,remote endpoint=127.0.0.1:46672
info|2025-10-10 01:07:03.014025|io_service-0x00007f860ae93700|[NETWORK][Host]startPeerSession, Remote=127.0.0.1:46672,local endpoint=127.0.0.1:30301,nodeID=064cb676...
info|2025-10-10 01:07:03.014077|io_service-0x00007f860ae93700|[NETWORK][Host]handshakeServer succ,remote endpoint=127.0.0.1:46674
info|2025-10-10 01:07:03.014126|io_service-0x00007f860ae93700|[NETWORK][Host]startPeerSession, Remote=127.0.0.1:46674,local endpoint=127.0.0.1:30301,nodeID=374bdfe9...
info|2025-10-10 01:07:03.014362|P2P-0x00007f860c696700|[P2P][Service] Connection established,nodeID=064cb676...,endpoint=127.0.0.1:46672
info|2025-10-10 01:07:03.019846|io_service-0x00007f860ae93700|[NETWORK][Host]handshakeClient succ,local endpoint=127.0.0.1:46674
info|2025-10-10 01:07:03.019916|io_service-0x00007f860ae93700|[NETWORK][Host]startPeerSession, Remote=127.0.0.1:30301,local endpoint=127.0.0.1:46674,nodeID=374bdfe9...
info|2025-10-10 01:07:03.029453|io_service-0x00007f860ae93700|[NETWORK][Host]handshakeServer succ,remote endpoint=127.0.0.1:46678
info|2025-10-10 01:07:03.029535|io_service-0x00007f860ae93700|[NETWORK][Host]startPeerSession, Remote=127.0.0.1:46678,local endpoint=127.0.0.1:30301,nodeID=73994dae...
info|2025-10-10 01:07:03.072380|io_service-0x00007f860ae93700|[NETWORK][Host]handshakeClient succ,local endpoint=127.0.0.1:56592
info|2025-10-10 01:07:03.072461|io_service-0x00007f860ae93700|[NETWORK][Host]startPeerSession, Remote=127.0.0.1:30303,local endpoint=127.0.0.1:56592,nodeID=064cb676...
info|2025-10-10 01:07:03.105666|io_service-0x00007f860ae93700|[NETWORK][Host]handshakeClient succ,local endpoint=127.0.0.1:57664
info|2025-10-10 01:07:03.105780|io_service-0x00007f860ae93700|[NETWORK][Host]startPeerSession, Remote=127.0.0.1:30302,local endpoint=127.0.0.1:57664,nodeID=87d00b98...
info|2025-10-10 01:07:03.105887|P2P-0x00007f860c696700|[P2P][Service] Connection established,nodeID=87d00b98...,endpoint=127.0.0.1:30302
info|2025-10-10 01:07:03.122315|io_service-0x00007f860ae93700|[NETWORK][Host]handshakeServer succ,remote endpoint=127.0.0.1:46692
info|2025-10-10 01:07:03.122631|io_service-0x00007f860ae93700|[NETWORK][Host]startPeerSession, Remote=127.0.0.1:46692,local endpoint=127.0.0.1:30301,nodeID=87d00b98...
info|2025-10-10 01:07:03.138627|fisco-bcos-0x00007f860dc0cdc0|[g:1][LEDGER][initLedger]initTxPool SUCC
info|2025-10-10 01:07:03.140008|fisco-bcos-0x00007f860dc0cdc0|[g:1][LEDGER][initLedger][initSync],idleWaitMs=200,gossipInterval=1000,gossipPeers=3
info|2025-10-10 01:07:03.140178|fisco-bcos-0x00007f860dc0cdc0|[g:1][LEDGER]Init sync master,enableSendBlockStatusByTree=true,enableSendTxsByTree=true
info|2025-10-10 01:07:03.149078|fisco-bcos-0x00007f860dc0cdc0|[g:1][LEDGER][initLedger]initSync SUCC
info|2025-10-10 01:07:03.149235|fisco-bcos-0x00007f860dc0cdc0|[g:1][LEDGER][initLedger][consensusInitFactory]
info|2025-10-10 01:07:03.149298|fisco-bcos-0x00007f860dc0cdc0|[g:1][LEDGER][initLedger][createPBFTSealer]
info|2025-10-10 01:07:03.149355|fisco-bcos-0x00007f860dc0cdc0|[g:1][LEDGER][initLedger][createPBFTSealer],baseDir=data//group1,Protocol=65544
info|2025-10-10 01:07:03.149663|fisco-bcos-0x00007f860dc0cdc0|[g:1][LEDGER][initLedger]createPBFTSealer for PBFT or rPBFT,consensusType=pbft
info|2025-10-10 01:07:03.149749|fisco-bcos-0x00007f860dc0cdc0|[g:1][LEDGER]createConsensusEngine: create PBFTEngine
info|2025-10-10 01:07:03.149820|fisco-bcos-0x00007f860dc0cdc0|[g:1][CONSENSUS][PBFT]Register handler for PBFTEngine
info|2025-10-10 01:07:03.151518|fisco-bcos-0x00007f860dc0cdc0|[g:1][CONSENSUS][PBFT]setMinBlockGenerationTime,minBlockGenerationTime=500,consensusTime=1000
info|2025-10-10 01:07:03.156832|fisco-bcos-0x00007f860dc0cdc0|[g:1][LEDGER][initEventLogFilterManager]initEventLogFilterManager SUCC
info|2025-10-10 01:07:03.157088|fisco-bcos-0x00007f860dc0cdc0|[LedgerInitializer init group succ],groupID=1
info|2025-10-10 01:07:03.158127|fisco-bcos-0x00007f860dc0cdc0|[SafeHttpServer::StartListening]use default epoll
info|2025-10-10 01:07:03.158887|fisco-bcos-0x00007f860dc0cdc0|[INITIALIZER][RPCInitializer JsonrpcHttpServer started],jsonrpc_IP=127.0.0.1,jsonrpc_listen_port=8546,jsonrpc_thread_count=8,ipv6=false,disableDynamicGroup=false,uncheckGroupMember=false
info|2025-10-10 01:07:03.158991|fisco-bcos-0x00007f860dc0cdc0|[g:1][LEDGER]startAll...
info|2025-10-10 01:07:03.164602|fisco-bcos-0x00007f860dc0cdc0|[g:1][GossipBlockStatus]start GossipBlockStatus succ
info|2025-10-10 01:07:03.164631|fisco-bcos-0x00007f860dc0cdc0|[g:1][CONSENSUS][ConsensusEngine][Start ConsensusEngineBase]
info|2025-10-10 01:07:03.164992|fisco-bcos-0x00007f860dc0cdc0|[g:1][CONSENSUS][PBFT]^^^^^^^^Report,num=183,sealerIdx=0,hash=84b9e5d9...,next=184,tx=1,nodeIdx=1
info|2025-10-10 01:07:03.165051|fisco-bcos-0x00007f860dc0cdc0|[g:1][ROCKSDB]open rocksDB handler,path=data//group1/pbftMsgBackup/RocksDB
info|2025-10-10 01:07:03.166787|alignTime-1-0x00007f85fb674700|[g:1][NodeTimeMaintenance]updateTimeInfo: update median time offset,updatedMedianTimeOffset=-3,peer=87d00b98...,peerTime=1760083623163,peerOffset=-3,utcTime=1760083623166
info|2025-10-10 01:07:03.169090|Download-1-0x00007f85fde79700|[g:1][SYNC][id:374bdfe9...][Download][Request]Request blocks,from=184,to=191,peer=87d00b98...
info|2025-10-10 01:07:03.169175|Download-1-0x00007f85fde79700|[g:1][SYNC][id:374bdfe9...][Download][Request]Request blocks,from=192,to=199,peer=87d00b98...
info|2025-10-10 01:07:03.169198|Download-1-0x00007f85fde79700|[g:1][SYNC][id:374bdfe9...][Download][Request]Request blocks,from=200,to=207,peer=87d00b98...
info|2025-10-10 01:07:03.169227|Download-1-0x00007f85fde79700|[g:1][SYNC][id:374bdfe9...][Download][Request]Request blocks,from=208,to=215,peer=87d00b98...
info|2025-10-10 01:07:03.187892|fisco-bcos-0x00007f860dc0cdc0|[g:1][CONSENSUS][PBFT][PBFT init env successfully]
info|2025-10-10 01:07:03.187980|fisco-bcos-0x00007f860dc0cdc0|[g:1][CONSENSUS][PBFT][Start PBFTEngine...]
info|2025-10-10 01:07:03.188017|fisco-bcos-0x00007f860dc0cdc0|[g:1][CONSENSUS][SEALER][Start sealer module]
info|2025-10-10 01:07:03.188621|fisco-bcos-0x00007f860dc0cdc0|[g:1][EVENT][EventLogFilterManager]start,m_maxBlockRange=0,m_maxBlockPerLoopFilter=3
info|2025-10-10 01:07:03.198286|alignTime-1-0x00007f85fb674700|[g:1][NodeTimeMaintenance]updateTimeInfo: update median time offset,updatedMedianTimeOffset=-2,peer=73994dae...,peerTime=1760083623197,peerOffset=-1,utcTime=1760083623198
info|2025-10-10 01:07:03.316654|Download-1-0x00007f85fde79700|[g:1][SYNC][id:374bdfe9...][Download][BlockSync]Download block execute,number=184,txs=1,hash=22a8c2ae...
info|2025-10-10 01:07:03.316726|Download-1-0x00007f85fde79700|[g:1][BLOCKVERIFIER][executeBlock]Executing block,txNum=1,num=184,parentHash=84b9e5d996bf7a5eb7a7af1e23a8308230a576a20d5c81a92b78a013e510177d,parentNum=183,parentStateRoot=193aa4e3ddcabc3eb1c4bc64eca338693c126abd7770f253f6dd6e3fee2170ea
info|2025-10-10 01:07:03.317064|Download-1-0x00007f85fde79700|[g:1][PRECOMPILED]init GasChargeManagePrecompiled
info|2025-10-10 01:07:03.318015|Download-1-0x00007f85fde79700|[g:1][PRECOMPILED][TimerPrecompiled]getCurrentTimeMillis,timeMillis=1760083623318
error|2025-10-10 01:07:03.318277|Download-1-0x00007f85fde79700|[g:1][PRECOMPILED]SM2EncryptPrecompiled exception:Unknown function
error|2025-10-10 01:07:03.318343|Download-1-0x00007f85fde79700|[g:1][EXECUTIVECONTEXT]PrecompiledException,address=000000000000000000000000000000000000500b,message:=Unknown function
error|2025-10-10 01:07:03.318399|Download-1-0x00007f85fde79700|[g:1][EXECUTIVE][TxExeError]Transaction execution error,TransactionExceptionID=22,hash=34fcf37998bfab32d1354d28f63091611b3b7e8622725266293468c69156e50d
error|2025-10-10 01:07:03.318606|Download-1-0x00007f85fde79700|[g:1][BLOCKVERIFIER]Invalid Block with bad stateRoot or receiptRoot or dbHash,blkNum=184,originHash=22a8c2ae...,curHash=d70f1cff...,orgReceipt=ed245b8c...,curRecepit=8937e548...,orgTxRoot=2d8a5d62...,curTxRoot=2d8a5d62...,orgState=00000000...,curState=00000000...,orgDBHash=00000000...,curDBHash=00000000...
warning|2025-10-10 01:07:03.318734|Download-1-0x00007f85fde79700|[g:1][BLOCKVERIFIER][executeBlock]executeBlock exception,blockNumber=184
info|2025-10-10 01:07:04.067386|alignTime-1-0x00007f85fb674700|[g:1][NodeTimeMaintenance]updateTimeInfo: update median time offset,updatedMedianTimeOffset=-2,peer=064cb676...,peerTime=1760083624065,peerOffset=-2,utcTime=1760083624067
warning|2025-10-10 01:07:06.171871|PBFT-1-0x00007f85f0e5f700|[g:1][CONSENSUS][PBFT]ViewChangeWarning: not caused by omit empty block ,v=0,toV=1,curNum=183,hash=84b9e5d9...,nodeIdx=1,myNode=374bdfe9...
info|2025-10-10 01:07:06.172242|PBFT-1-0x00007f85f0e5f700|[g:1][CONSENSUS][PBFT]checkTimeout Succ,view=0,toView=1,nodeIdx=1,changeCycle=1,myNode=374bdfe9...,timecost=3
info|2025-10-10 01:07:07.969334|P2P-0x00007f860ce97700|[NETWORK][Session]Received topic: [2	_block_notify_1] from 73994dae9e8b8da733108a4153dfe79151d701dff425f84c87b5324e8ebd02ab6a0ebc9e4f1e0298a7ddca50f94a8f95c62b6997226d571e470e8f2b0600634a
warning|2025-10-10 01:07:10.672459|PBFT-1-0x00007f85f0e5f700|[g:1][CONSENSUS][PBFT]ViewChangeWarning: not caused by omit empty block ,v=0,toV=2,curNum=183,hash=84b9e5d9...,nodeIdx=1,myNode=374bdfe9...
info|2025-10-10 01:07:10.673299|PBFT-1-0x00007f85f0e5f700|[g:1][CONSENSUS][PBFT]checkTimeout Succ,view=0,toView=2,nodeIdx=1,changeCycle=2,myNode=374bdfe9...,timecost=2
info|2025-10-10 01:07:12.854094|io_service-0x00007f860ae93700|[P2P][Service] heartBeat,connected count=3
warning|2025-10-10 01:07:17.423377|PBFT-1-0x00007f85f0e5f700|[g:1][CONSENSUS][PBFT]ViewChangeWarning: not caused by omit empty block ,v=0,toV=3,curNum=183,hash=84b9e5d9...,nodeIdx=1,myNode=374bdfe9...
info|2025-10-10 01:07:17.424539|PBFT-1-0x00007f85f0e5f700|[g:1][CONSENSUS][PBFT]checkTimeout Succ,view=0,toView=3,nodeIdx=1,changeCycle=3,myNode=374bdfe9...,timecost=3
info|2025-10-10 01:07:19.177047|Download-1-0x00007f85fde79700|[g:1][SYNC][id:374bdfe9...][Download][Request]Request blocks,from=184,to=184,peer=87d00b98...
info|2025-10-10 01:07:19.182102|Download-1-0x00007f85fde79700|[g:1][SYNC][id:374bdfe9...][Download][BlockSync]Download block execute,number=184,txs=1,hash=22a8c2ae...
info|2025-10-10 01:07:19.182192|Download-1-0x00007f85fde79700|[g:1][BLOCKVERIFIER][executeBlock]Executing block,txNum=1,num=184,parentHash=84b9e5d996bf7a5eb7a7af1e23a8308230a576a20d5c81a92b78a013e510177d,parentNum=183,parentStateRoot=193aa4e3ddcabc3eb1c4bc64eca338693c126abd7770f253f6dd6e3fee2170ea
info|2025-10-10 01:07:19.182484|Download-1-0x00007f85fde79700|[g:1][PRECOMPILED]init GasChargeManagePrecompiled
info|2025-10-10 01:07:19.183055|Download-1-0x00007f85fde79700|[g:1][PRECOMPILED][TimerPrecompiled]getCurrentTimeMillis,timeMillis=1760083639183
error|2025-10-10 01:07:19.183214|Download-1-0x00007f85fde79700|[g:1][PRECOMPILED]SM2EncryptPrecompiled exception:Unknown function
error|2025-10-10 01:07:19.183264|Download-1-0x00007f85fde79700|[g:1][EXECUTIVECONTEXT]PrecompiledException,address=000000000000000000000000000000000000500b,message:=Unknown function
error|2025-10-10 01:07:19.183317|Download-1-0x00007f85fde79700|[g:1][EXECUTIVE][TxExeError]Transaction execution error,TransactionExceptionID=22,hash=34fcf37998bfab32d1354d28f63091611b3b7e8622725266293468c69156e50d
error|2025-10-10 01:07:19.183509|Download-1-0x00007f85fde79700|[g:1][BLOCKVERIFIER]Invalid Block with bad stateRoot or receiptRoot or dbHash,blkNum=184,originHash=22a8c2ae...,curHash=d70f1cff...,orgReceipt=ed245b8c...,curRecepit=8937e548...,orgTxRoot=2d8a5d62...,curTxRoot=2d8a5d62...,orgState=00000000...,curState=00000000...,orgDBHash=00000000...,curDBHash=00000000...
warning|2025-10-10 01:07:19.183682|Download-1-0x00007f85fde79700|[g:1][BLOCKVERIFIER][executeBlock]executeBlock exception,blockNumber=184
info|2025-10-10 01:07:22.855264|io_service-0x00007f860ae93700|[P2P][Service] heartBeat,connected count=3
info|2025-10-10 01:07:25.620690|Download-1-0x00007f85fde79700|[g:1][SYNC][id:374bdfe9...][Download][Request]Request blocks,from=184,to=184,peer=87d00b98...
info|2025-10-10 01:07:25.625702|Download-1-0x00007f85fde79700|[g:1][SYNC][id:374bdfe9...][Download][BlockSync]Download block execute,number=184,txs=1,hash=22a8c2ae...
info|2025-10-10 01:07:25.625795|Download-1-0x00007f85fde79700|[g:1][BLOCKVERIFIER][executeBlock]Executing block,txNum=1,num=184,parentHash=84b9e5d996bf7a5eb7a7af1e23a8308230a576a20d5c81a92b78a013e510177d,parentNum=183,parentStateRoot=193aa4e3ddcabc3eb1c4bc64eca338693c126abd7770f253f6dd6e3fee2170ea
info|2025-10-10 01:07:25.626008|Download-1-0x00007f85fde79700|[g:1][PRECOMPILED]init GasChargeManagePrecompiled
info|2025-10-10 01:07:25.626580|Download-1-0x00007f85fde79700|[g:1][PRECOMPILED][TimerPrecompiled]getCurrentTimeMillis,timeMillis=1760083645626
error|2025-10-10 01:07:25.626733|Download-1-0x00007f85fde79700|[g:1][PRECOMPILED]SM2EncryptPrecompiled exception:Unknown function
error|2025-10-10 01:07:25.626784|Download-1-0x00007f85fde79700|[g:1][EXECUTIVECONTEXT]PrecompiledException,address=000000000000000000000000000000000000500b,message:=Unknown function
error|2025-10-10 01:07:25.626833|Download-1-0x00007f85fde79700|[g:1][EXECUTIVE][TxExeError]Transaction execution error,TransactionExceptionID=22,hash=34fcf37998bfab32d1354d28f63091611b3b7e8622725266293468c69156e50d
error|2025-10-10 01:07:25.627021|Download-1-0x00007f85fde79700|[g:1][BLOCKVERIFIER]Invalid Block with bad stateRoot or receiptRoot or dbHash,blkNum=184,originHash=22a8c2ae...,curHash=d70f1cff...,orgReceipt=ed245b8c...,curRecepit=8937e548...,orgTxRoot=2d8a5d62...,curTxRoot=2d8a5d62...,orgState=00000000...,curState=00000000...,orgDBHash=00000000...,curDBHash=00000000...
warning|2025-10-10 01:07:25.627156|Download-1-0x00007f85fde79700|[g:1][BLOCKVERIFIER][executeBlock]executeBlock exception,blockNumber=184
warning|2025-10-10 01:07:27.558109|PBFT-1-0x00007f85f0e5f700|[g:1][CONSENSUS][PBFT]ViewChangeWarning: not caused by omit empty block ,v=0,toV=4,curNum=183,hash=84b9e5d9...,nodeIdx=1,myNode=374bdfe9...
info|2025-10-10 01:07:27.558300|PBFT-1-0x00007f85f0e5f700|[g:1][CONSENSUS][PBFT]checkTimeout Succ,view=0,toView=4,nodeIdx=1,changeCycle=4,myNode=374bdfe9...,timecost=2
info|2025-10-10 01:07:32.088004|Download-1-0x00007f85fde79700|[g:1][SYNC][id:374bdfe9...][Download][Request]Request blocks,from=184,to=184,peer=87d00b98...
info|2025-10-10 01:07:32.093365|Download-1-0x00007f85fde79700|[g:1][SYNC][id:374bdfe9...][Download][BlockSync]Download block execute,number=184,txs=1,hash=22a8c2ae...
info|2025-10-10 01:07:32.093732|Download-1-0x00007f85fde79700|[g:1][BLOCKVERIFIER][executeBlock]Executing block,txNum=1,num=184,parentHash=84b9e5d996bf7a5eb7a7af1e23a8308230a576a20d5c81a92b78a013e510177d,parentNum=183,parentStateRoot=193aa4e3ddcabc3eb1c4bc64eca338693c126abd7770f253f6dd6e3fee2170ea
info|2025-10-10 01:07:32.094231|Download-1-0x00007f85fde79700|[g:1][PRECOMPILED]init GasChargeManagePrecompiled
info|2025-10-10 01:07:32.094860|Download-1-0x00007f85ea652700|[PRECOMPILED][TimerPrecompiled]getCurrentTimeMillis,timeMillis=1760083652094
error|2025-10-10 01:07:32.094968|Download-1-0x00007f85ea652700|[PRECOMPILED]SM2EncryptPrecompiled exception:Unknown function
error|2025-10-10 01:07:32.094990|Download-1-0x00007f85ea652700|[EXECUTIVECONTEXT]PrecompiledException,address=000000000000000000000000000000000000500b,message:=Unknown function
error|2025-10-10 01:07:32.095042|Download-1-0x00007f85ea652700|[EXECUTIVE][TxExeError]Transaction execution error,TransactionExceptionID=22,hash=34fcf37998bfab32d1354d28f63091611b3b7e8622725266293468c69156e50d
error|2025-10-10 01:07:32.095237|Download-1-0x00007f85fde79700|[g:1][BLOCKVERIFIER]Invalid Block with bad stateRoot or receiptRoot or dbHash,blkNum=184,originHash=22a8c2ae...,curHash=d70f1cff...,orgReceipt=ed245b8c...,curRecepit=8937e548...,orgTxRoot=2d8a5d62...,curTxRoot=2d8a5d62...,orgState=00000000...,curState=00000000...,orgDBHash=00000000...,curDBHash=00000000...
warning|2025-10-10 01:07:32.095782|Download-1-0x00007f85fde79700|[g:1][BLOCKVERIFIER][executeBlock]executeBlock exception,blockNumber=184
info|2025-10-10 01:07:32.856000|io_service-0x00007f860ae93700|[P2P][Service] heartBeat,connected count=3
info|2025-10-10 01:07:38.632690|Download-1-0x00007f85fde79700|[g:1][SYNC][id:374bdfe9...][Download][Request]Request blocks,from=184,to=184,peer=064cb676...
info|2025-10-10 01:07:38.637471|Download-1-0x00007f85fde79700|[g:1][SYNC][id:374bdfe9...][Download][BlockSync]Download block execute,number=184,txs=1,hash=22a8c2ae...
info|2025-10-10 01:07:38.637518|Download-1-0x00007f85fde79700|[g:1][BLOCKVERIFIER][executeBlock]Executing block,txNum=1,num=184,parentHash=84b9e5d996bf7a5eb7a7af1e23a8308230a576a20d5c81a92b78a013e510177d,parentNum=183,parentStateRoot=193aa4e3ddcabc3eb1c4bc64eca338693c126abd7770f253f6dd6e3fee2170ea
info|2025-10-10 01:07:38.637642|Download-1-0x00007f85fde79700|[g:1][PRECOMPILED]init GasChargeManagePrecompiled
info|2025-10-10 01:07:38.638015|Download-1-0x00007f85ea652700|[PRECOMPILED][TimerPrecompiled]getCurrentTimeMillis,timeMillis=1760083658638
error|2025-10-10 01:07:38.638096|Download-1-0x00007f85ea652700|[PRECOMPILED]SM2EncryptPrecompiled exception:Unknown function
error|2025-10-10 01:07:38.638117|Download-1-0x00007f85ea652700|[EXECUTIVECONTEXT]PrecompiledException,address=000000000000000000000000000000000000500b,message:=Unknown function
error|2025-10-10 01:07:38.638145|Download-1-0x00007f85ea652700|[EXECUTIVE][TxExeError]Transaction execution error,TransactionExceptionID=22,hash=34fcf37998bfab32d1354d28f63091611b3b7e8622725266293468c69156e50d
error|2025-10-10 01:07:38.638434|Download-1-0x00007f85fde79700|[g:1][BLOCKVERIFIER]Invalid Block with bad stateRoot or receiptRoot or dbHash,blkNum=184,originHash=22a8c2ae...,curHash=d70f1cff...,orgReceipt=ed245b8c...,curRecepit=8937e548...,orgTxRoot=2d8a5d62...,curTxRoot=2d8a5d62...,orgState=00000000...,curState=00000000...,orgDBHash=00000000...,curDBHash=00000000...
warning|2025-10-10 01:07:38.638555|Download-1-0x00007f85fde79700|[g:1][BLOCKVERIFIER][executeBlock]executeBlock exception,blockNumber=184
warning|2025-10-10 01:07:42.755142|PBFT-1-0x00007f85f0e5f700|[g:1][CONSENSUS][PBFT]ViewChangeWarning: not caused by omit empty block ,v=0,toV=5,curNum=183,hash=84b9e5d9...,nodeIdx=1,myNode=374bdfe9...
info|2025-10-10 01:07:42.756000|PBFT-1-0x00007f85f0e5f700|[g:1][CONSENSUS][PBFT]checkTimeout Succ,view=0,toView=5,nodeIdx=1,changeCycle=5,myNode=374bdfe9...,timecost=3
info|2025-10-10 01:07:42.857033|io_service-0x00007f860ae93700|[P2P][Service] heartBeat,connected count=3
info|2025-10-10 01:07:45.039296|Download-1-0x00007f85fde79700|[g:1][SYNC][id:374bdfe9...][Download][Request]Request blocks,from=184,to=184,peer=73994dae...
info|2025-10-10 01:07:45.044641|Download-1-0x00007f85fde79700|[g:1][SYNC][id:374bdfe9...][Download][BlockSync]Download block execute,number=184,txs=1,hash=22a8c2ae...
info|2025-10-10 01:07:45.044706|Download-1-0x00007f85fde79700|[g:1][BLOCKVERIFIER][executeBlock]Executing block,txNum=1,num=184,parentHash=84b9e5d996bf7a5eb7a7af1e23a8308230a576a20d5c81a92b78a013e510177d,parentNum=183,parentStateRoot=193aa4e3ddcabc3eb1c4bc64eca338693c126abd7770f253f6dd6e3fee2170ea
info|2025-10-10 01:07:45.044880|Download-1-0x00007f85fde79700|[g:1][PRECOMPILED]init GasChargeManagePrecompiled
info|2025-10-10 01:07:45.045287|Download-1-0x00007f85fde79700|[g:1][PRECOMPILED][TimerPrecompiled]getCurrentTimeMillis,timeMillis=1760083665045
error|2025-10-10 01:07:45.045418|Download-1-0x00007f85fde79700|[g:1][PRECOMPILED]SM2EncryptPrecompiled exception:Unknown function
error|2025-10-10 01:07:45.045473|Download-1-0x00007f85fde79700|[g:1][EXECUTIVECONTEXT]PrecompiledException,address=000000000000000000000000000000000000500b,message:=Unknown function
error|2025-10-10 01:07:45.045530|Download-1-0x00007f85fde79700|[g:1][EXECUTIVE][TxExeError]Transaction execution error,TransactionExceptionID=22,hash=34fcf37998bfab32d1354d28f63091611b3b7e8622725266293468c69156e50d
error|2025-10-10 01:07:45.045725|Download-1-0x00007f85fde79700|[g:1][BLOCKVERIFIER]Invalid Block with bad stateRoot or receiptRoot or dbHash,blkNum=184,originHash=22a8c2ae...,curHash=d70f1cff...,orgReceipt=ed245b8c...,curRecepit=8937e548...,orgTxRoot=2d8a5d62...,curTxRoot=2d8a5d62...,orgState=00000000...,curState=00000000...,orgDBHash=00000000...,curDBHash=00000000...
warning|2025-10-10 01:07:45.045871|Download-1-0x00007f85fde79700|[g:1][BLOCKVERIFIER][executeBlock]executeBlock exception,blockNumber=184
info|2025-10-10 01:07:51.441007|Download-1-0x00007f85fde79700|[g:1][SYNC][id:374bdfe9...][Download][Request]Request blocks,from=184,to=184,peer=87d00b98...
info|2025-10-10 01:07:51.446025|Download-1-0x00007f85fde79700|[g:1][SYNC][id:374bdfe9...][Download][BlockSync]Download block execute,number=184,txs=1,hash=22a8c2ae...
info|2025-10-10 01:07:51.446128|Download-1-0x00007f85fde79700|[g:1][BLOCKVERIFIER][executeBlock]Executing block,txNum=1,num=184,parentHash=84b9e5d996bf7a5eb7a7af1e23a8308230a576a20d5c81a92b78a013e510177d,parentNum=183,parentStateRoot=193aa4e3ddcabc3eb1c4bc64eca338693c126abd7770f253f6dd6e3fee2170ea
info|2025-10-10 01:07:51.446376|Download-1-0x00007f85fde79700|[g:1][PRECOMPILED]init GasChargeManagePrecompiled
info|2025-10-10 01:07:51.447078|Download-1-0x00007f85ea652700|[PRECOMPILED][TimerPrecompiled]getCurrentTimeMillis,timeMillis=1760083671447
error|2025-10-10 01:07:51.447226|Download-1-0x00007f85ea652700|[PRECOMPILED]SM2EncryptPrecompiled exception:Unknown function
error|2025-10-10 01:07:51.447259|Download-1-0x00007f85ea652700|[EXECUTIVECONTEXT]PrecompiledException,address=000000000000000000000000000000000000500b,message:=Unknown function
error|2025-10-10 01:07:51.447337|Download-1-0x00007f85ea652700|[EXECUTIVE][TxExeError]Transaction execution error,TransactionExceptionID=22,hash=34fcf37998bfab32d1354d28f63091611b3b7e8622725266293468c69156e50d
error|2025-10-10 01:07:51.447799|Download-1-0x00007f85fde79700|[g:1][BLOCKVERIFIER]Invalid Block with bad stateRoot or receiptRoot or dbHash,blkNum=184,originHash=22a8c2ae...,curHash=d70f1cff...,orgReceipt=ed245b8c...,curRecepit=8937e548...,orgTxRoot=2d8a5d62...,curTxRoot=2d8a5d62...,orgState=00000000...,curState=00000000...,orgDBHash=00000000...,curDBHash=00000000...
warning|2025-10-10 01:07:51.447952|Download-1-0x00007f85fde79700|[g:1][BLOCKVERIFIER][executeBlock]executeBlock exception,blockNumber=184
info|2025-10-10 01:07:52.857516|io_service-0x00007f860ae93700|[P2P][Service] heartBeat,connected count=3
info|2025-10-10 01:07:57.994247|Download-1-0x00007f85fde79700|[g:1][SYNC][id:374bdfe9...][Download][Request]Request blocks,from=184,to=184,peer=064cb676...
info|2025-10-10 01:07:58.005195|Download-1-0x00007f85fde79700|[g:1][SYNC][id:374bdfe9...][Download][BlockSync]Download block execute,number=184,txs=1,hash=22a8c2ae...
info|2025-10-10 01:07:58.005263|Download-1-0x00007f85fde79700|[g:1][BLOCKVERIFIER][executeBlock]Executing block,txNum=1,num=184,parentHash=84b9e5d996bf7a5eb7a7af1e23a8308230a576a20d5c81a92b78a013e510177d,parentNum=183,parentStateRoot=193aa4e3ddcabc3eb1c4bc64eca338693c126abd7770f253f6dd6e3fee2170ea
info|2025-10-10 01:07:58.005431|Download-1-0x00007f85fde79700|[g:1][PRECOMPILED]init GasChargeManagePrecompiled
info|2025-10-10 01:07:58.006250|Download-1-0x00007f85fde79700|[g:1][PRECOMPILED][TimerPrecompiled]getCurrentTimeMillis,timeMillis=1760083678006
error|2025-10-10 01:07:58.007075|Download-1-0x00007f85fde79700|[g:1][PRECOMPILED]SM2EncryptPrecompiled exception:Unknown function
error|2025-10-10 01:07:58.007163|Download-1-0x00007f85fde79700|[g:1][EXECUTIVECONTEXT]PrecompiledException,address=000000000000000000000000000000000000500b,message:=Unknown function
error|2025-10-10 01:07:58.007230|Download-1-0x00007f85fde79700|[g:1][EXECUTIVE][TxExeError]Transaction execution error,TransactionExceptionID=22,hash=34fcf37998bfab32d1354d28f63091611b3b7e8622725266293468c69156e50d
error|2025-10-10 01:07:58.008372|Download-1-0x00007f85fde79700|[g:1][BLOCKVERIFIER]Invalid Block with bad stateRoot or receiptRoot or dbHash,blkNum=184,originHash=22a8c2ae...,curHash=d70f1cff...,orgReceipt=ed245b8c...,curRecepit=8937e548...,orgTxRoot=2d8a5d62...,curTxRoot=2d8a5d62...,orgState=00000000...,curState=00000000...,orgDBHash=00000000...,curDBHash=00000000...
warning|2025-10-10 01:07:58.008542|Download-1-0x00007f85fde79700|[g:1][BLOCKVERIFIER][executeBlock]executeBlock exception,blockNumber=184
info|2025-10-10 01:08:02.858087|io_service-0x00007f860ae93700|[P2P][Service] heartBeat,connected count=3
info|2025-10-10 01:08:04.452056|Download-1-0x00007f85fde79700|[g:1][SYNC][id:374bdfe9...][Download][Request]Request blocks,from=184,to=184,peer=87d00b98...
info|2025-10-10 01:08:04.456619|Download-1-0x00007f85fde79700|[g:1][SYNC][id:374bdfe9...][Download][BlockSync]Download block execute,number=184,txs=1,hash=22a8c2ae...
info|2025-10-10 01:08:04.456714|Download-1-0x00007f85fde79700|[g:1][BLOCKVERIFIER][executeBlock]Executing block,txNum=1,num=184,parentHash=84b9e5d996bf7a5eb7a7af1e23a8308230a576a20d5c81a92b78a013e510177d,parentNum=183,parentStateRoot=193aa4e3ddcabc3eb1c4bc64eca338693c126abd7770f253f6dd6e3fee2170ea
info|2025-10-10 01:08:04.456893|Download-1-0x00007f85fde79700|[g:1][PRECOMPILED]init GasChargeManagePrecompiled
info|2025-10-10 01:08:04.457300|Download-1-0x00007f85fde79700|[g:1][PRECOMPILED][TimerPrecompiled]getCurrentTimeMillis,timeMillis=1760083684457
error|2025-10-10 01:08:04.457420|Download-1-0x00007f85fde79700|[g:1][PRECOMPILED]SM2EncryptPrecompiled exception:Unknown function
error|2025-10-10 01:08:04.457467|Download-1-0x00007f85fde79700|[g:1][EXECUTIVECONTEXT]PrecompiledException,address=000000000000000000000000000000000000500b,message:=Unknown function
error|2025-10-10 01:08:04.457510|Download-1-0x00007f85fde79700|[g:1][EXECUTIVE][TxExeError]Transaction execution error,TransactionExceptionID=22,hash=34fcf37998bfab32d1354d28f63091611b3b7e8622725266293468c69156e50d
error|2025-10-10 01:08:04.457682|Download-1-0x00007f85fde79700|[g:1][BLOCKVERIFIER]Invalid Block with bad stateRoot or receiptRoot or dbHash,blkNum=184,originHash=22a8c2ae...,curHash=d70f1cff...,orgReceipt=ed245b8c...,curRecepit=8937e548...,orgTxRoot=2d8a5d62...,curTxRoot=2d8a5d62...,orgState=00000000...,curState=00000000...,orgDBHash=00000000...,curDBHash=00000000...
warning|2025-10-10 01:08:04.457786|Download-1-0x00007f85fde79700|[g:1][BLOCKVERIFIER][executeBlock]executeBlock exception,blockNumber=184
warning|2025-10-10 01:08:05.545937|PBFT-1-0x00007f85f0e5f700|[g:1][CONSENSUS][PBFT]ViewChangeWarning: not caused by omit empty block ,v=0,toV=6,curNum=183,hash=84b9e5d9...,nodeIdx=1,myNode=374bdfe9...
info|2025-10-10 01:08:05.546257|PBFT-1-0x00007f85f0e5f700|[g:1][CONSENSUS][PBFT]checkTimeout Succ,view=0,toView=6,nodeIdx=1,changeCycle=6,myNode=374bdfe9...,timecost=3
info|2025-10-10 01:08:10.859547|Download-1-0x00007f85fde79700|[g:1][SYNC][id:374bdfe9...][Download][Request]Request blocks,from=184,to=184,peer=87d00b98...
info|2025-10-10 01:08:10.867763|Download-1-0x00007f85fde79700|[g:1][SYNC][id:374bdfe9...][Download][BlockSync]Download block execute,number=184,txs=1,hash=22a8c2ae...
info|2025-10-10 01:08:10.867880|Download-1-0x00007f85fde79700|[g:1][BLOCKVERIFIER][executeBlock]Executing block,txNum=1,num=184,parentHash=84b9e5d996bf7a5eb7a7af1e23a8308230a576a20d5c81a92b78a013e510177d,parentNum=183,parentStateRoot=193aa4e3ddcabc3eb1c4bc64eca338693c126abd7770f253f6dd6e3fee2170ea
info|2025-10-10 01:08:10.868092|Download-1-0x00007f85fde79700|[g:1][PRECOMPILED]init GasChargeManagePrecompiled
info|2025-10-10 01:08:10.868657|Download-1-0x00007f85ea652700|[PRECOMPILED][TimerPrecompiled]getCurrentTimeMillis,timeMillis=1760083690868
error|2025-10-10 01:08:10.868764|Download-1-0x00007f85ea652700|[PRECOMPILED]SM2EncryptPrecompiled exception:Unknown function
error|2025-10-10 01:08:10.868791|Download-1-0x00007f85ea652700|[EXECUTIVECONTEXT]PrecompiledException,address=000000000000000000000000000000000000500b,message:=Unknown function
error|2025-10-10 01:08:10.868846|Download-1-0x00007f85ea652700|[EXECUTIVE][TxExeError]Transaction execution error,TransactionExceptionID=22,hash=34fcf37998bfab32d1354d28f63091611b3b7e8622725266293468c69156e50d
error|2025-10-10 01:08:10.869420|Download-1-0x00007f85fde79700|[g:1][BLOCKVERIFIER]Invalid Block with bad stateRoot or receiptRoot or dbHash,blkNum=184,originHash=22a8c2ae...,curHash=d70f1cff...,orgReceipt=ed245b8c...,curRecepit=8937e548...,orgTxRoot=2d8a5d62...,curTxRoot=2d8a5d62...,orgState=00000000...,curState=00000000...,orgDBHash=00000000...,curDBHash=00000000...
warning|2025-10-10 01:08:10.869646|Download-1-0x00007f85fde79700|[g:1][BLOCKVERIFIER][executeBlock]executeBlock exception,blockNumber=184
info|2025-10-10 01:08:12.858374|io_service-0x00007f860ae93700|[P2P][Service] heartBeat,connected count=3
info|2025-10-10 01:08:17.263394|Download-1-0x00007f85fde79700|[g:1][SYNC][id:374bdfe9...][Download][Request]Request blocks,from=184,to=184,peer=064cb676...
info|2025-10-10 01:08:17.270809|Download-1-0x00007f85fde79700|[g:1][SYNC][id:374bdfe9...][Download][BlockSync]Download block execute,number=184,txs=1,hash=22a8c2ae...
info|2025-10-10 01:08:17.270869|Download-1-0x00007f85fde79700|[g:1][BLOCKVERIFIER][executeBlock]Executing block,txNum=1,num=184,parentHash=84b9e5d996bf7a5eb7a7af1e23a8308230a576a20d5c81a92b78a013e510177d,parentNum=183,parentStateRoot=193aa4e3ddcabc3eb1c4bc64eca338693c126abd7770f253f6dd6e3fee2170ea
info|2025-10-10 01:08:17.271030|Download-1-0x00007f85fde79700|[g:1][PRECOMPILED]init GasChargeManagePrecompiled
info|2025-10-10 01:08:17.271403|Download-1-0x00007f85fde79700|[g:1][PRECOMPILED][TimerPrecompiled]getCurrentTimeMillis,timeMillis=1760083697271
error|2025-10-10 01:08:17.271550|Download-1-0x00007f85fde79700|[g:1][PRECOMPILED]SM2EncryptPrecompiled exception:Unknown function
error|2025-10-10 01:08:17.271606|Download-1-0x00007f85fde79700|[g:1][EXECUTIVECONTEXT]PrecompiledException,address=000000000000000000000000000000000000500b,message:=Unknown function
error|2025-10-10 01:08:17.271650|Download-1-0x00007f85fde79700|[g:1][EXECUTIVE][TxExeError]Transaction execution error,TransactionExceptionID=22,hash=34fcf37998bfab32d1354d28f63091611b3b7e8622725266293468c69156e50d
error|2025-10-10 01:08:17.272038|Download-1-0x00007f85fde79700|[g:1][BLOCKVERIFIER]Invalid Block with bad stateRoot or receiptRoot or dbHash,blkNum=184,originHash=22a8c2ae...,curHash=d70f1cff...,orgReceipt=ed245b8c...,curRecepit=8937e548...,orgTxRoot=2d8a5d62...,curTxRoot=2d8a5d62...,orgState=00000000...,curState=00000000...,orgDBHash=00000000...,curDBHash=00000000...
warning|2025-10-10 01:08:17.272221|Download-1-0x00007f85fde79700|[g:1][BLOCKVERIFIER][executeBlock]executeBlock exception,blockNumber=184
info|2025-10-10 01:08:22.858609|io_service-0x00007f860ae93700|[P2P][Service] heartBeat,connected count=3
info|2025-10-10 01:08:23.670359|Download-1-0x00007f85fde79700|[g:1][SYNC][id:374bdfe9...][Download][Request]Request blocks,from=184,to=184,peer=87d00b98...
info|2025-10-10 01:08:23.676076|Download-1-0x00007f85fde79700|[g:1][SYNC][id:374bdfe9...][Download][BlockSync]Download block execute,number=184,txs=1,hash=22a8c2ae...
info|2025-10-10 01:08:23.676148|Download-1-0x00007f85fde79700|[g:1][BLOCKVERIFIER][executeBlock]Executing block,txNum=1,num=184,parentHash=84b9e5d996bf7a5eb7a7af1e23a8308230a576a20d5c81a92b78a013e510177d,parentNum=183,parentStateRoot=193aa4e3ddcabc3eb1c4bc64eca338693c126abd7770f253f6dd6e3fee2170ea
info|2025-10-10 01:08:23.676421|Download-1-0x00007f85fde79700|[g:1][PRECOMPILED]init GasChargeManagePrecompiled
info|2025-10-10 01:08:23.676883|Download-1-0x00007f85fde79700|[g:1][PRECOMPILED][TimerPrecompiled]getCurrentTimeMillis,timeMillis=1760083703676
error|2025-10-10 01:08:23.677012|Download-1-0x00007f85fde79700|[g:1][PRECOMPILED]SM2EncryptPrecompiled exception:Unknown function
error|2025-10-10 01:08:23.677172|Download-1-0x00007f85fde79700|[g:1][EXECUTIVECONTEXT]PrecompiledException,address=000000000000000000000000000000000000500b,message:=Unknown function
error|2025-10-10 01:08:23.677284|Download-1-0x00007f85fde79700|[g:1][EXECUTIVE][TxExeError]Transaction execution error,TransactionExceptionID=22,hash=34fcf37998bfab32d1354d28f63091611b3b7e8622725266293468c69156e50d
error|2025-10-10 01:08:23.677636|Download-1-0x00007f85fde79700|[g:1][BLOCKVERIFIER]Invalid Block with bad stateRoot or receiptRoot or dbHash,blkNum=184,originHash=22a8c2ae...,curHash=d70f1cff...,orgReceipt=ed245b8c...,curRecepit=8937e548...,orgTxRoot=2d8a5d62...,curTxRoot=2d8a5d62...,orgState=00000000...,curState=00000000...,orgDBHash=00000000...,curDBHash=00000000...
warning|2025-10-10 01:08:23.677790|Download-1-0x00007f85fde79700|[g:1][BLOCKVERIFIER][executeBlock]executeBlock exception,blockNumber=184
info|2025-10-10 01:08:30.075038|Download-1-0x00007f85fde79700|[g:1][SYNC][id:374bdfe9...][Download][Request]Request blocks,from=184,to=184,peer=73994dae...
info|2025-10-10 01:08:30.081066|Download-1-0x00007f85fde79700|[g:1][SYNC][id:374bdfe9...][Download][BlockSync]Download block execute,number=184,txs=1,hash=22a8c2ae...
info|2025-10-10 01:08:30.081156|Download-1-0x00007f85fde79700|[g:1][BLOCKVERIFIER][executeBlock]Executing block,txNum=1,num=184,parentHash=84b9e5d996bf7a5eb7a7af1e23a8308230a576a20d5c81a92b78a013e510177d,parentNum=183,parentStateRoot=193aa4e3ddcabc3eb1c4bc64eca338693c126abd7770f253f6dd6e3fee2170ea
info|2025-10-10 01:08:30.081338|Download-1-0x00007f85fde79700|[g:1][PRECOMPILED]init GasChargeManagePrecompiled
info|2025-10-10 01:08:30.081745|Download-1-0x00007f85ea652700|[PRECOMPILED][TimerPrecompiled]getCurrentTimeMillis,timeMillis=1760083710081
error|2025-10-10 01:08:30.081820|Download-1-0x00007f85ea652700|[PRECOMPILED]SM2EncryptPrecompiled exception:Unknown function
error|2025-10-10 01:08:30.081841|Download-1-0x00007f85ea652700|[EXECUTIVECONTEXT]PrecompiledException,address=000000000000000000000000000000000000500b,message:=Unknown function
error|2025-10-10 01:08:30.081876|Download-1-0x00007f85ea652700|[EXECUTIVE][TxExeError]Transaction execution error,TransactionExceptionID=22,hash=34fcf37998bfab32d1354d28f63091611b3b7e8622725266293468c69156e50d
error|2025-10-10 01:08:30.082372|Download-1-0x00007f85fde79700|[g:1][BLOCKVERIFIER]Invalid Block with bad stateRoot or receiptRoot or dbHash,blkNum=184,originHash=22a8c2ae...,curHash=d70f1cff...,orgReceipt=ed245b8c...,curRecepit=8937e548...,orgTxRoot=2d8a5d62...,curTxRoot=2d8a5d62...,orgState=00000000...,curState=00000000...,orgDBHash=00000000...,curDBHash=00000000...
warning|2025-10-10 01:08:30.082520|Download-1-0x00007f85fde79700|[g:1][BLOCKVERIFIER][executeBlock]executeBlock exception,blockNumber=184
info|2025-10-10 01:08:32.859152|io_service-0x00007f860ae93700|[P2P][Service] heartBeat,connected count=3
info|2025-10-10 01:08:36.478254|Download-1-0x00007f85fde79700|[g:1][SYNC][id:374bdfe9...][Download][Request]Request blocks,from=184,to=184,peer=064cb676...
info|2025-10-10 01:08:36.484825|Download-1-0x00007f85fde79700|[g:1][SYNC][id:374bdfe9...][Download][BlockSync]Download block execute,number=184,txs=1,hash=22a8c2ae...
info|2025-10-10 01:08:36.484936|Download-1-0x00007f85fde79700|[g:1][BLOCKVERIFIER][executeBlock]Executing block,txNum=1,num=184,parentHash=84b9e5d996bf7a5eb7a7af1e23a8308230a576a20d5c81a92b78a013e510177d,parentNum=183,parentStateRoot=193aa4e3ddcabc3eb1c4bc64eca338693c126abd7770f253f6dd6e3fee2170ea
info|2025-10-10 01:08:36.485197|Download-1-0x00007f85fde79700|[g:1][PRECOMPILED]init GasChargeManagePrecompiled
info|2025-10-10 01:08:36.485958|Download-1-0x00007f85ea652700|[PRECOMPILED][TimerPrecompiled]getCurrentTimeMillis,timeMillis=1760083716485
error|2025-10-10 01:08:36.486080|Download-1-0x00007f85ea652700|[PRECOMPILED]SM2EncryptPrecompiled exception:Unknown function
error|2025-10-10 01:08:36.486098|Download-1-0x00007f85ea652700|[EXECUTIVECONTEXT]PrecompiledException,address=000000000000000000000000000000000000500b,message:=Unknown function
error|2025-10-10 01:08:36.486130|Download-1-0x00007f85ea652700|[EXECUTIVE][TxExeError]Transaction execution error,TransactionExceptionID=22,hash=34fcf37998bfab32d1354d28f63091611b3b7e8622725266293468c69156e50d
error|2025-10-10 01:08:36.486548|Download-1-0x00007f85fde79700|[g:1][BLOCKVERIFIER]Invalid Block with bad stateRoot or receiptRoot or dbHash,blkNum=184,originHash=22a8c2ae...,curHash=d70f1cff...,orgReceipt=ed245b8c...,curRecepit=8937e548...,orgTxRoot=2d8a5d62...,curTxRoot=2d8a5d62...,orgState=00000000...,curState=00000000...,orgDBHash=00000000...,curDBHash=00000000...
warning|2025-10-10 01:08:36.486678|Download-1-0x00007f85fde79700|[g:1][BLOCKVERIFIER][executeBlock]executeBlock exception,blockNumber=184
warning|2025-10-10 01:08:39.716593|PBFT-1-0x00007f85f0e5f700|[g:1][CONSENSUS][PBFT]ViewChangeWarning: not caused by omit empty block ,v=0,toV=7,curNum=183,hash=84b9e5d9...,nodeIdx=1,myNode=374bdfe9...
info|2025-10-10 01:08:39.716848|PBFT-1-0x00007f85f0e5f700|[g:1][CONSENSUS][PBFT]checkTimeout Succ,view=0,toView=7,nodeIdx=1,changeCycle=7,myNode=374bdfe9...,timecost=1
info|2025-10-10 01:08:42.860280|io_service-0x00007f860ae93700|[P2P][Service] heartBeat,connected count=3
info|2025-10-10 01:08:42.921903|Download-1-0x00007f85fde79700|[g:1][SYNC][id:374bdfe9...][Download][Request]Request blocks,from=184,to=184,peer=064cb676...
info|2025-10-10 01:08:42.925983|Download-1-0x00007f85fde79700|[g:1][SYNC][id:374bdfe9...][Download][BlockSync]Download block execute,number=184,txs=1,hash=22a8c2ae...
info|2025-10-10 01:08:42.926100|Download-1-0x00007f85fde79700|[g:1][BLOCKVERIFIER][executeBlock]Executing block,txNum=1,num=184,parentHash=84b9e5d996bf7a5eb7a7af1e23a8308230a576a20d5c81a92b78a013e510177d,parentNum=183,parentStateRoot=193aa4e3ddcabc3eb1c4bc64eca338693c126abd7770f253f6dd6e3fee2170ea
info|2025-10-10 01:08:42.926240|Download-1-0x00007f85fde79700|[g:1][PRECOMPILED]init GasChargeManagePrecompiled
info|2025-10-10 01:08:42.926595|Download-1-0x00007f85ea652700|[PRECOMPILED][TimerPrecompiled]getCurrentTimeMillis,timeMillis=1760083722926
error|2025-10-10 01:08:42.926678|Download-1-0x00007f85ea652700|[PRECOMPILED]SM2EncryptPrecompiled exception:Unknown function
error|2025-10-10 01:08:42.926694|Download-1-0x00007f85ea652700|[EXECUTIVECONTEXT]PrecompiledException,address=000000000000000000000000000000000000500b,message:=Unknown function
error|2025-10-10 01:08:42.926727|Download-1-0x00007f85ea652700|[EXECUTIVE][TxExeError]Transaction execution error,TransactionExceptionID=22,hash=34fcf37998bfab32d1354d28f63091611b3b7e8622725266293468c69156e50d
error|2025-10-10 01:08:42.927054|Download-1-0x00007f85fde79700|[g:1][BLOCKVERIFIER]Invalid Block with bad stateRoot or receiptRoot or dbHash,blkNum=184,originHash=22a8c2ae...,curHash=d70f1cff...,orgReceipt=ed245b8c...,curRecepit=8937e548...,orgTxRoot=2d8a5d62...,curTxRoot=2d8a5d62...,orgState=00000000...,curState=00000000...,orgDBHash=00000000...,curDBHash=00000000...
warning|2025-10-10 01:08:42.927158|Download-1-0x00007f85fde79700|[g:1][BLOCKVERIFIER][executeBlock]executeBlock exception,blockNumber=184
info|2025-10-10 01:08:49.491836|Download-1-0x00007f85fde79700|[g:1][SYNC][id:374bdfe9...][Download][Request]Request blocks,from=184,to=184,peer=064cb676...
info|2025-10-10 01:08:49.496699|Download-1-0x00007f85fde79700|[g:1][SYNC][id:374bdfe9...][Download][BlockSync]Download block execute,number=184,txs=1,hash=22a8c2ae...
info|2025-10-10 01:08:49.496752|Download-1-0x00007f85fde79700|[g:1][BLOCKVERIFIER][executeBlock]Executing block,txNum=1,num=184,parentHash=84b9e5d996bf7a5eb7a7af1e23a8308230a576a20d5c81a92b78a013e510177d,parentNum=183,parentStateRoot=193aa4e3ddcabc3eb1c4bc64eca338693c126abd7770f253f6dd6e3fee2170ea
info|2025-10-10 01:08:49.496927|Download-1-0x00007f85fde79700|[g:1][PRECOMPILED]init GasChargeManagePrecompiled
info|2025-10-10 01:08:49.497344|Download-1-0x00007f85fde79700|[g:1][PRECOMPILED][TimerPrecompiled]getCurrentTimeMillis,timeMillis=1760083729497
error|2025-10-10 01:08:49.497473|Download-1-0x00007f85fde79700|[g:1][PRECOMPILED]SM2EncryptPrecompiled exception:Unknown function
error|2025-10-10 01:08:49.497521|Download-1-0x00007f85fde79700|[g:1][EXECUTIVECONTEXT]PrecompiledException,address=000000000000000000000000000000000000500b,message:=Unknown function
error|2025-10-10 01:08:49.497562|Download-1-0x00007f85fde79700|[g:1][EXECUTIVE][TxExeError]Transaction execution error,TransactionExceptionID=22,hash=34fcf37998bfab32d1354d28f63091611b3b7e8622725266293468c69156e50d
error|2025-10-10 01:08:49.497736|Download-1-0x00007f85fde79700|[g:1][BLOCKVERIFIER]Invalid Block with bad stateRoot or receiptRoot or dbHash,blkNum=184,originHash=22a8c2ae...,curHash=d70f1cff...,orgReceipt=ed245b8c...,curRecepit=8937e548...,orgTxRoot=2d8a5d62...,curTxRoot=2d8a5d62...,orgState=00000000...,curState=00000000...,orgDBHash=00000000...,curDBHash=00000000...
warning|2025-10-10 01:08:49.497846|Download-1-0x00007f85fde79700|[g:1][BLOCKVERIFIER][executeBlock]executeBlock exception,blockNumber=184
info|2025-10-10 01:08:52.677592|fisco-bcos-0x00007f860dc0cdc0|[LEDGER]stop sealer,groupID=1
info|2025-10-10 01:08:52.677646|fisco-bcos-0x00007f860dc0cdc0|[CONSENSUS][SEALER]Stop sealer module...
info|2025-10-10 01:08:52.686999|fisco-bcos-0x00007f860dc0cdc0|[CONSENSUS][ConsensusEngine][Stop ConsensusEngineBase]
info|2025-10-10 01:08:52.690909|fisco-bcos-0x00007f860dc0cdc0|[CONSENSUS][ConsensusEngine]ConsensusEngineBase stopped
info|2025-10-10 01:08:52.690944|fisco-bcos-0x00007f860dc0cdc0|[LEDGER]sealer stopped. stop sync,groupID=1
info|2025-10-10 01:08:52.691480|fisco-bcos-0x00007f860dc0cdc0|[g:1] [SYNC][id:374bdfe9...]SyncMsgEngine stopped
info|2025-10-10 01:08:52.747961|fisco-bcos-0x00007f860dc0cdc0|[GossipBlockStatus]stop GossipBlockStatus succ
info|2025-10-10 01:08:52.860705|io_service-0x00007f860ae93700|[P2P][Service] heartBeat,connected count=3
info|2025-10-10 01:08:53.298612|fisco-bcos-0x00007f860dc0cdc0|[SYNC][id:374bdfe9...][g:1]SyncMaster stopped
info|2025-10-10 01:08:53.298651|fisco-bcos-0x00007f860dc0cdc0|[LEDGER]sync stopped. stop event filter manager,groupID=1
info|2025-10-10 01:08:53.344549|fisco-bcos-0x00007f860dc0cdc0|[EVENT][EventLogFilterManager]stop
info|2025-10-10 01:08:53.344582|fisco-bcos-0x00007f860dc0cdc0|[LEDGER]event filter manager stopped. stop tx pool,groupID=1
info|2025-10-10 01:08:53.345020|fisco-bcos-0x00007f860dc0cdc0|[LEDGER]removeNetworkStatHandlerByGroupID and removeGroupBandwidthLimiter for service,groupID=1
info|2025-10-10 01:08:53.345078|fisco-bcos-0x00007f860dc0cdc0|[CHANNEL]removeSDKAllowListByGroupId,groupId=1
info|2025-10-10 01:08:53.345089|fisco-bcos-0x00007f860dc0cdc0|[INITIALIZER]ledgerInitializer stopped
info|2025-10-10 01:08:54.346043|fisco-bcos-0x00007f860dc0cdc0|[INITIALIZER]ChannelRPCHttpServer deleted.
info|2025-10-10 01:08:54.346712|fisco-bcos-0x00007f860dc0cdc0|[INITIALIZER]JsonrpcHttpServer deleted.
info|2025-10-10 01:08:54.346800|fisco-bcos-0x00007f860dc0cdc0|[INITIALIZER]RPCInitializer stopped
info|2025-10-10 01:08:54.346916|io_service-0x00007f860ae93700|[NETWORK][Host]Host exit
info|2025-10-10 01:08:54.348066|fisco-bcos-0x00007f860dc0cdc0|[INITIALIZER]P2PInitializer stopped
info|2025-10-10 01:08:54.348093|fisco-bcos-0x00007f860dc0cdc0|[LEDGER]stop sealer,groupID=1
info|2025-10-10 01:08:54.348101|fisco-bcos-0x00007f860dc0cdc0|[LEDGER]sealer stopped. stop sync,groupID=1
info|2025-10-10 01:08:54.348112|fisco-bcos-0x00007f860dc0cdc0|[g:1] [SYNC][id:374bdfe9...]SyncMsgEngine stopped
info|2025-10-10 01:08:54.348123|fisco-bcos-0x00007f860dc0cdc0|[GossipBlockStatus]GossipBlockStatus already stopped
info|2025-10-10 01:08:54.348128|fisco-bcos-0x00007f860dc0cdc0|[SYNC][id:374bdfe9...][g:1]SyncMaster stopped
info|2025-10-10 01:08:54.348132|fisco-bcos-0x00007f860dc0cdc0|[LEDGER]sync stopped. stop event filter manager,groupID=1
info|2025-10-10 01:08:54.348136|fisco-bcos-0x00007f860dc0cdc0|[LEDGER]event filter manager stopped. stop tx pool,groupID=1
info|2025-10-10 01:08:54.348144|fisco-bcos-0x00007f860dc0cdc0|[LEDGER]removeNetworkStatHandlerByGroupID and removeGroupBandwidthLimiter for service,groupID=1
info|2025-10-10 01:08:54.348160|fisco-bcos-0x00007f860dc0cdc0|[g:1][STORAGE][CachedStorage]Stopping flushStorage thread
info|2025-10-10 01:08:55.009598|fisco-bcos-0x00007f860dc0cdc0|[g:1][STORAGE][CachedStorage]flushStorage thread stopped.
info|2025-10-10 01:08:55.009628|fisco-bcos-0x00007f860dc0cdc0|[DBINITIALIZER] storage stopped
info|2025-10-10 01:08:55.010833|fisco-bcos-0x00007f860dc0cdc0|[g:1] [SYNC][id:374bdfe9...]SyncMsgEngine stopped
info|2025-10-10 01:08:55.010872|fisco-bcos-0x00007f860dc0cdc0|[GossipBlockStatus]GossipBlockStatus already stopped
info|2025-10-10 01:08:55.010876|fisco-bcos-0x00007f860dc0cdc0|[SYNC][id:374bdfe9...][g:1]SyncMaster stopped
info|2025-10-10 01:08:55.010893|fisco-bcos-0x00007f860dc0cdc0|[g:1] [SYNC][id:374bdfe9...]SyncMsgEngine stopped
