info|2025-10-07 00:04:23.582010|fisco-bcos-0x00007ff7e9caadc0|[INITIALIZER][initGlobalConfig],enableCompress=true,compatibilityVersion=2.11.0,versionNumber=34275328,enableStat=false,chainId=1,useSMCrypto=true,IgnoreObserverWriteRequest=false
info|2025-10-07 00:04:23.594606|fisco-bcos-0x00007ff7e9caadc0|[INITIALIZER][SecureInitializerGM]get pub of node,nodeID=374bdfe969e1d8ea1200ade93e5d8cf1a7d5741f238011004b0f43ca818706f194b2f067e1708125f7ffc536610b9a72addbd56b238d65f18912be39037ffcc5
info|2025-10-07 00:04:23.596249|fisco-bcos-0x00007ff7e9caadc0|[NETWORK][Host]Connecting to node,endpoint=127.0.0.1:30300
info|2025-10-07 00:04:23.596437|fisco-bcos-0x00007ff7e9caadc0|[NETWORK][Host]Connecting to node,endpoint=127.0.0.1:30301
info|2025-10-07 00:04:23.596523|fisco-bcos-0x00007ff7e9caadc0|[NETWORK][Host]Connecting to node,endpoint=127.0.0.1:30302
info|2025-10-07 00:04:23.596564|fisco-bcos-0x00007ff7e9caadc0|[NETWORK][Host]Connecting to node,endpoint=127.0.0.1:30303
info|2025-10-07 00:04:23.596604|fisco-bcos-0x00007ff7e9caadc0|[P2P][Service] heartBeat,connected count=0
info|2025-10-07 00:04:23.596674|fisco-bcos-0x00007ff7e9caadc0|[INITIALIZER][RPCInitializer],network_security.check_cert_issuer=true
info|2025-10-07 00:04:23.602523|io_service-0x00007ff7e6f31700|[NETWORK][Host]P2P StartAccept,Host=0.0.0.0:30301
info|2025-10-07 00:04:23.604189|fisco-bcos-0x00007ff7e9caadc0|[CHANNEL][ChannelServer::run],threadPoolSize=8
info|2025-10-07 00:04:23.604316|fisco-bcos-0x00007ff7e9caadc0|[CHANNEL]ChannelRPCServer started
info|2025-10-07 00:04:23.604385|fisco-bcos-0x00007ff7e9caadc0|[INITIALIZER][RPCInitializer: ChannelRPCHttpServer started.],disableDynamicGroup=false,uncheckGroupMember=false,threadSize=8
info|2025-10-07 00:04:23.604417|fisco-bcos-0x00007ff7e9caadc0|[INITIALIZER][LedgerInitializer]initConfig
info|2025-10-07 00:04:23.604441|fisco-bcos-0x00007ff7e9caadc0|[LedgerInitializer],groupConfigPath=conf/
info|2025-10-07 00:04:23.605998|io_service-0x00007ff7e6f31700|[NETWORK][ASIO]asyncResolveConnect,endpoint=127.0.0.1:30300
info|2025-10-07 00:04:23.606230|io_service-0x00007ff7e6f31700|[NETWORK][ASIO]asyncResolveConnect,endpoint=127.0.0.1:30301
info|2025-10-07 00:04:23.606310|io_service-0x00007ff7e6f31700|[NETWORK][ASIO]asyncResolveConnect,endpoint=127.0.0.1:30302
info|2025-10-07 00:04:23.606454|io_service-0x00007ff7e6f31700|[NETWORK][ASIO]asyncResolveConnect,endpoint=127.0.0.1:30303
info|2025-10-07 00:04:23.606689|io_service-0x00007ff7e6f31700|[NETWORK][Host]P2P Recv Connect, From=127.0.0.1:56688
info|2025-10-07 00:04:23.606770|io_service-0x00007ff7e6f31700|[NETWORK][Host]P2P StartAccept,Host=0.0.0.0:30301
info|2025-10-07 00:04:23.614144|fisco-bcos-0x00007ff7e9caadc0|[INITIALIZER][initSingleLedger] [GroupId], LedgerConstructor:  1,configFileName=conf/group.1.genesis,dataDir=data/
info|2025-10-07 00:04:23.614303|fisco-bcos-0x00007ff7e9caadc0|[g:1][LedgerParam][parseGenesisConfig]initConsensusConfig/initStorageConfig/initTxConfig,configFile=conf/group.1.genesis
info|2025-10-07 00:04:23.617801|fisco-bcos-0x00007ff7e9caadc0|[g:1][LedgerParam][initConsensusConfig],type=pbft,consensusTimeout=3,maxTxNum=1000,txGasLimit=300000000
info|2025-10-07 00:04:23.617880|fisco-bcos-0x00007ff7e9caadc0|[g:1][LedgerParam][parsePublicKeyListOfSection],sectionName=consensus,it.first=73994dae9e8b8da733108a4153dfe79151d701dff425f84c87b5324e8ebd02ab6a0ebc9e4f1e0298a7ddca50f94a8f95c62b6997226d571e470e8f2b0600634a
info|2025-10-07 00:04:23.617909|fisco-bcos-0x00007ff7e9caadc0|[g:1][LedgerParam][parsePublicKeyListOfSection],sectionName=consensus,it.first=374bdfe969e1d8ea1200ade93e5d8cf1a7d5741f238011004b0f43ca818706f194b2f067e1708125f7ffc536610b9a72addbd56b238d65f18912be39037ffcc5
info|2025-10-07 00:04:23.617936|fisco-bcos-0x00007ff7e9caadc0|[g:1][LedgerParam][parsePublicKeyListOfSection],sectionName=consensus,it.first=87d00b98321fc70a5abc85ad9e80db10cce315194133697bf74aace1d3f8430957a766240f751752708f4282f46110d6ea56c3eb5d1c02ce98a66f327f595270
info|2025-10-07 00:04:23.617998|fisco-bcos-0x00007ff7e9caadc0|[g:1][LedgerParam][parsePublicKeyListOfSection],sectionName=consensus,it.first=064cb676a36047a4b52ecbf9c01664b1e987d91b438110ba6a12d96972726622e824d295b1de8b0298b5afe7bbbc0bd04a3890e1a36eae028c1cfbe07971b995
info|2025-10-07 00:04:23.618075|fisco-bcos-0x00007ff7e9caadc0|[g:1][LedgerParam][parsePublicKeyListOfSection],totalPubKeySize=4
info|2025-10-07 00:04:23.618128|fisco-bcos-0x00007ff7e9caadc0|[g:1][LedgerParam][max_block_range],maxBlockRange=0,maxBlockPerProcess=3
info|2025-10-07 00:04:23.618154|fisco-bcos-0x00007ff7e9caadc0|[g:1][LedgerParam][parseGenesisConfig],timestamp=1759762229000
info|2025-10-07 00:04:23.618179|fisco-bcos-0x00007ff7e9caadc0|[g:1][LedgerParam]setEVMFlags,enableFreeStorageVMSchedule=false,evmFlags=0
info|2025-10-07 00:04:23.618208|fisco-bcos-0x00007ff7e9caadc0|[g:1][LedgerParam]store evmFlag,evmFlag=0
info|2025-10-07 00:04:23.618228|fisco-bcos-0x00007ff7e9caadc0|[g:1][LedgerParam]store consensus time,consensusTimeout=3
info|2025-10-07 00:04:23.618246|fisco-bcos-0x00007ff7e9caadc0|[g:1][LedgerParam][initMark],genesisMark=1-064cb676a36047a4b52ecbf9c01664b1e987d91b438110ba6a12d96972726622e824d295b1de8b0298b5afe7bbbc0bd04a3890e1a36eae028c1cfbe07971b995,374bdfe969e1d8ea1200ade93e5d8cf1a7d5741f238011004b0f43ca818706f194b2f067e1708125f7ffc536610b9a72addbd56b238d65f18912be39037ffcc5,73994dae9e8b8da733108a4153dfe79151d701dff425f84c87b5324e8ebd02ab6a0ebc9e4f1e0298a7ddca50f94a8f95c62b6997226d571e470e8f2b0600634a,87d00b98321fc70a5abc85ad9e80db10cce315194133697bf74aace1d3f8430957a766240f751752708f4282f46110d6ea56c3eb5d1c02ce98a66f327f595270,-pbft-storage-0-1000-300000000-3
info|2025-10-07 00:04:23.618266|fisco-bcos-0x00007ff7e9caadc0|[g:1][LedgerParam][initIniConfig]initTxPoolConfig/initSyncConfig/initTxExecuteConfig,configFile=conf/group.1.ini
info|2025-10-07 00:04:23.618547|fisco-bcos-0x00007ff7e9caadc0|[g:1][LedgerParam][initStorageConfig],stateType=storage,storageDB=rocksdb,storagePath=data//group1/block/RocksDB,baseDir=data//group1,dbtype=mysql,dbip=127.0.0.1,dbport=3306,dbcharset=utf8mb4,initconnections=15,maxconnections=50,scrollThreshold=2000,enableReconfirmCommittee=false
info|2025-10-07 00:04:23.618600|fisco-bcos-0x00007ff7e9caadc0|[g:1][LedgerParam][initTxPoolConfig],txPoolLimit=150000,memorySizeLimit(MB)=512,notifyWorkerNum=2,txsExpirationTime(ms)=600000
info|2025-10-07 00:04:23.618624|fisco-bcos-0x00007ff7e9caadc0|[g:1][LedgerParam][initSyncConfig],idleWaitMs=200
info|2025-10-07 00:04:23.618648|fisco-bcos-0x00007ff7e9caadc0|[g:1][LedgerParam][initSyncConfig],enableSendTxsByTree=true,enableSendBlockStatusByTree=true
info|2025-10-07 00:04:23.618672|fisco-bcos-0x00007ff7e9caadc0|[g:1][LedgerParam][initSyncConfig],gossipInterval=1000
info|2025-10-07 00:04:23.618699|fisco-bcos-0x00007ff7e9caadc0|[g:1][LedgerParam][initSyncConfig],enableSendBlockStatusByTree=true,gossipInterval=1000,gossipPeers=3,syncTreeWidth=3,maxQueueSizeForBlockSync=536870912,txsStatusGossipMaxPeers=5,syncInfoPrintInterval=10,freeNodeRead=false
info|2025-10-07 00:04:23.618722|fisco-bcos-0x00007ff7e9caadc0|[g:1][LedgerParam][InitTxExecuteConfig],enableParallel=true
info|2025-10-07 00:04:23.618754|fisco-bcos-0x00007ff7e9caadc0|[g:1][LedgerParam][initConsensusIniConfig],maxTTL=2,minBlockGenerationTime=500,enablDynamicBlockSize=true,blockSizeIncreaseRatio=0.5,enableTTLOptimize=true,enablePrepareWithTxsHash=true
info|2025-10-07 00:04:23.618823|fisco-bcos-0x00007ff7e9caadc0|[g:1][LedgerParam][initRPBFTConsensusIniConfig],broadcastPrepareByTree=true,prepareStatusBroadcastPercent=33,maxRequestMissedTxsWaitTime=100,maxRequestPrepareWaitTime=100
info|2025-10-07 00:04:23.618856|fisco-bcos-0x00007ff7e9caadc0|[g:1][LedgerParam][initFlowControlConfig],maxQPS=9223372036854775807,outGoingBandwidth(Bytes)=9223372036854775807
info|2025-10-07 00:04:23.618879|fisco-bcos-0x00007ff7e9caadc0|[g:1][LedgerParam]parseSDKAllowList,sdkAllowList=[],enableSDKAllowListControl=false
info|2025-10-07 00:04:23.618910|fisco-bcos-0x00007ff7e9caadc0|[g:1][LEDGER][initLedger][DBInitializer]
info|2025-10-07 00:04:23.618928|fisco-bcos-0x00007ff7e9caadc0|[g:1][LEDGER]setSDKAllowList,groupId=1,sdkAllowListSize=0
info|2025-10-07 00:04:23.618947|fisco-bcos-0x00007ff7e9caadc0|[g:1][CHANNEL]registerSDKAllowListByGroupId,groupId=1,size=0
info|2025-10-07 00:04:23.618977|fisco-bcos-0x00007ff7e9caadc0|[g:1][CHANNEL]Disable group-level sdk permission control for sdk allowlist is empty
info|2025-10-07 00:04:23.618998|fisco-bcos-0x00007ff7e9caadc0|[g:1][DBINITIALIZER] [initStorageDB]
info|2025-10-07 00:04:23.619015|fisco-bcos-0x00007ff7e9caadc0|[g:1][DBINITIALIZER] [initRocksDBStorage]
info|2025-10-07 00:04:23.619056|fisco-bcos-0x00007ff7e9caadc0|[g:1][ROCKSDB]open rocksDB handler,path=data//group1/block/RocksDB
info|2025-10-07 00:04:23.659560|fisco-bcos-0x00007ff7e9caadc0|[g:1][g:1][STORAGE][CachedStorage]Init flushStorage thread
info|2025-10-07 00:04:23.659669|fisco-bcos-0x00007ff7e9caadc0|[g:1][DBINITIALIZER] [init CachedStorage],maxCapacity=32,maxForwardBlock=10
info|2025-10-07 00:04:23.659691|fisco-bcos-0x00007ff7e9caadc0|[g:1][LEDGER][initLedger][initBlockChain]
info|2025-10-07 00:04:23.659891|fisco-bcos-0x00007ff7e9caadc0|[g:1][LEDGER]set enableHexBlock to be false,version=34275328
info|2025-10-07 00:04:23.659924|fisco-bcos-0x00007ff7e9caadc0|[g:1][BLOCKCHAIN][#checkAndBuildGenesisBlock],shouldBuild=false
info|2025-10-07 00:04:23.660276|fisco-bcos-0x00007ff7e9caadc0|[g:1][BLOCKCHAIN][#checkAndBuildGenesisBlock]Already have the 0th block, 0th groupMark is equal to file groupMark.
info|2025-10-07 00:04:23.660305|fisco-bcos-0x00007ff7e9caadc0|[g:1][LEDGER][initLedger]initBlockChain SUCC
info|2025-10-07 00:04:23.660352|fisco-bcos-0x00007ff7e9caadc0|[g:1][DBINITIALIZER] [createStateFactory],type=storage
info|2025-10-07 00:04:23.660370|fisco-bcos-0x00007ff7e9caadc0|[g:1][DBINITIALIZER] createStorageState SUCC
info|2025-10-07 00:04:23.660383|fisco-bcos-0x00007ff7e9caadc0|[g:1][DBINITIALIZER] [createStateFactory SUCC]
info|2025-10-07 00:04:23.660395|fisco-bcos-0x00007ff7e9caadc0|[g:1][DBINITIALIZER] createExecutiveContext...
info|2025-10-07 00:04:23.660417|fisco-bcos-0x00007ff7e9caadc0|[g:1][LEDGER]createGasMetric,vmFlagType=0
info|2025-10-07 00:04:23.660430|fisco-bcos-0x00007ff7e9caadc0|[g:1][LEDGER]createGasMetric
info|2025-10-07 00:04:23.660445|fisco-bcos-0x00007ff7e9caadc0|[g:1][DBINITIALIZER] create precompiledGasFactory and precompiledResultFactory
info|2025-10-07 00:04:23.660457|fisco-bcos-0x00007ff7e9caadc0|[g:1][DBINITIALIZER] createExecutiveContext SUCC
info|2025-10-07 00:04:23.660469|fisco-bcos-0x00007ff7e9caadc0|[g:1][DBINITIALIZER] [setSyncNumForCachedStorage],syncNum=29
info|2025-10-07 00:04:23.660484|fisco-bcos-0x00007ff7e9caadc0|[g:1][LEDGER][initNetworkBandWidthLimiter: outGoingBandwidthLimit has been disabled],groupId=1
info|2025-10-07 00:04:23.660496|fisco-bcos-0x00007ff7e9caadc0|[g:1][LEDGER][QPSLimit has been disabled],groupId=1
info|2025-10-07 00:04:23.660509|fisco-bcos-0x00007ff7e9caadc0|[g:1][LEDGER][initLedger][initBlockVerifier]
info|2025-10-07 00:04:23.660523|fisco-bcos-0x00007ff7e9caadc0|[g:1][LEDGER][initLedger][initBlockVerifier SUCC],evmFlags=0
info|2025-10-07 00:04:23.660563|fisco-bcos-0x00007ff7e9caadc0|[g:1][LEDGER][initLedger][initTxPool],txPoolLimit=150000
info|2025-10-07 00:04:23.664971|io_service-0x00007ff7e6f31700|[NETWORK][Host]handshakeServer succ,remote endpoint=127.0.0.1:56688
info|2025-10-07 00:04:23.665096|io_service-0x00007ff7e6f31700|[NETWORK][Host]startPeerSession, Remote=127.0.0.1:56688,local endpoint=127.0.0.1:30301,nodeID=374bdfe9...
info|2025-10-07 00:04:23.665388|io_service-0x00007ff7e6f31700|[NETWORK][Host]handshakeClient succ,local endpoint=127.0.0.1:56688
info|2025-10-07 00:04:23.665453|io_service-0x00007ff7e6f31700|[NETWORK][Host]startPeerSession, Remote=127.0.0.1:30301,local endpoint=127.0.0.1:56688,nodeID=374bdfe9...
info|2025-10-07 00:04:23.675264|fisco-bcos-0x00007ff7e9caadc0|[g:1][LEDGER][initLedger]initTxPool SUCC
info|2025-10-07 00:04:23.675306|fisco-bcos-0x00007ff7e9caadc0|[g:1][LEDGER][initLedger][initSync],idleWaitMs=200,gossipInterval=1000,gossipPeers=3
info|2025-10-07 00:04:23.675322|fisco-bcos-0x00007ff7e9caadc0|[g:1][LEDGER]Init sync master,enableSendBlockStatusByTree=true,enableSendTxsByTree=true
info|2025-10-07 00:04:23.676382|fisco-bcos-0x00007ff7e9caadc0|[g:1][LEDGER][initLedger]initSync SUCC
info|2025-10-07 00:04:23.679660|fisco-bcos-0x00007ff7e9caadc0|[g:1][LEDGER][initLedger][consensusInitFactory]
info|2025-10-07 00:04:23.679750|fisco-bcos-0x00007ff7e9caadc0|[g:1][LEDGER][initLedger][createPBFTSealer]
info|2025-10-07 00:04:23.679769|fisco-bcos-0x00007ff7e9caadc0|[g:1][LEDGER][initLedger][createPBFTSealer],baseDir=data//group1,Protocol=65544
info|2025-10-07 00:04:23.679898|fisco-bcos-0x00007ff7e9caadc0|[g:1][LEDGER][initLedger]createPBFTSealer for PBFT or rPBFT,consensusType=pbft
info|2025-10-07 00:04:23.679927|fisco-bcos-0x00007ff7e9caadc0|[g:1][LEDGER]createConsensusEngine: create PBFTEngine
info|2025-10-07 00:04:23.679950|fisco-bcos-0x00007ff7e9caadc0|[g:1][CONSENSUS][PBFT]Register handler for PBFTEngine
info|2025-10-07 00:04:23.681952|io_service-0x00007ff7e6f31700|[NETWORK][Host]handshakeClient succ,local endpoint=127.0.0.1:39934
info|2025-10-07 00:04:23.682041|io_service-0x00007ff7e6f31700|[NETWORK][Host]startPeerSession, Remote=127.0.0.1:30300,local endpoint=127.0.0.1:39934,nodeID=73994dae...
info|2025-10-07 00:04:23.682232|P2P-0x00007ff7e7f33700|[P2P][Service] Connection established,nodeID=73994dae...,endpoint=127.0.0.1:30300
info|2025-10-07 00:04:23.680817|fisco-bcos-0x00007ff7e9caadc0|[g:1][CONSENSUS][PBFT]setMinBlockGenerationTime,minBlockGenerationTime=500,consensusTime=1000
info|2025-10-07 00:04:23.685980|fisco-bcos-0x00007ff7e9caadc0|[g:1][LEDGER][initEventLogFilterManager]initEventLogFilterManager SUCC
info|2025-10-07 00:04:23.685993|fisco-bcos-0x00007ff7e9caadc0|[LedgerInitializer init group succ],groupID=1
info|2025-10-07 00:04:23.686411|fisco-bcos-0x00007ff7e9caadc0|[SafeHttpServer::StartListening]use default epoll
info|2025-10-07 00:04:23.687043|fisco-bcos-0x00007ff7e9caadc0|[INITIALIZER][RPCInitializer JsonrpcHttpServer started],jsonrpc_IP=127.0.0.1,jsonrpc_listen_port=8546,jsonrpc_thread_count=8,ipv6=false,disableDynamicGroup=false,uncheckGroupMember=false
info|2025-10-07 00:04:23.687100|fisco-bcos-0x00007ff7e9caadc0|[g:1][LEDGER]startAll...
info|2025-10-07 00:04:23.693374|alignTime-1-0x00007ff7d7712700|[g:1][NodeTimeMaintenance]updateTimeInfo: update median time offset,updatedMedianTimeOffset=-3,peer=73994dae...,peerTime=1759820663690,peerOffset=-3,utcTime=1759820663693
info|2025-10-07 00:04:23.694007|io_service-0x00007ff7e6f31700|[NETWORK][Host]handshakeClient succ,local endpoint=127.0.0.1:34722
info|2025-10-07 00:04:23.694044|io_service-0x00007ff7e6f31700|[NETWORK][Host]startPeerSession, Remote=127.0.0.1:30303,local endpoint=127.0.0.1:34722,nodeID=064cb676...
info|2025-10-07 00:04:23.695186|P2P-0x00007ff7e7f33700|[P2P][Service] Connection established,nodeID=064cb676...,endpoint=127.0.0.1:30303
info|2025-10-07 00:04:23.702037|fisco-bcos-0x00007ff7e9caadc0|[g:1][GossipBlockStatus]start GossipBlockStatus succ
info|2025-10-07 00:04:23.702176|fisco-bcos-0x00007ff7e9caadc0|[g:1][CONSENSUS][ConsensusEngine][Start ConsensusEngineBase]
info|2025-10-07 00:04:23.702506|fisco-bcos-0x00007ff7e9caadc0|[g:1][CONSENSUS][PBFT]^^^^^^^^Report,num=29,sealerIdx=2,hash=8afc63f2...,next=30,tx=1,nodeIdx=1
info|2025-10-07 00:04:23.702548|fisco-bcos-0x00007ff7e9caadc0|[g:1][ROCKSDB]open rocksDB handler,path=data//group1/pbftMsgBackup/RocksDB
info|2025-10-07 00:04:23.722232|fisco-bcos-0x00007ff7e9caadc0|[g:1][CONSENSUS][PBFT][PBFT init env successfully]
info|2025-10-07 00:04:23.722277|fisco-bcos-0x00007ff7e9caadc0|[g:1][CONSENSUS][PBFT][Start PBFTEngine...]
info|2025-10-07 00:04:23.722292|fisco-bcos-0x00007ff7e9caadc0|[g:1][CONSENSUS][SEALER][Start sealer module]
info|2025-10-07 00:04:23.722762|fisco-bcos-0x00007ff7e9caadc0|[g:1][EVENT][EventLogFilterManager]start,m_maxBlockRange=0,m_maxBlockPerLoopFilter=3
info|2025-10-07 00:04:23.725172|alignTime-1-0x00007ff7d7712700|[g:1][NodeTimeMaintenance]updateTimeInfo: update median time offset,updatedMedianTimeOffset=-2,peer=064cb676...,peerTime=1759820663723,peerOffset=-2,utcTime=1759820663725
info|2025-10-07 00:04:23.735120|io_service-0x00007ff7e6f31700|[NETWORK][Host]handshakeClient succ,local endpoint=127.0.0.1:40560
info|2025-10-07 00:04:23.735193|io_service-0x00007ff7e6f31700|[NETWORK][Host]startPeerSession, Remote=127.0.0.1:30302,local endpoint=127.0.0.1:40560,nodeID=87d00b98...
info|2025-10-07 00:04:23.735370|P2P-0x00007ff7e7f33700|[P2P][Service] Connection established,nodeID=87d00b98...,endpoint=127.0.0.1:30302
info|2025-10-07 00:04:23.935471|alignTime-1-0x00007ff7d7712700|[g:1][NodeTimeMaintenance]updateTimeInfo: update median time offset,updatedMedianTimeOffset=-2,peer=87d00b98...,peerTime=1759820663933,peerOffset=-2,utcTime=1759820663935
info|2025-10-07 00:04:24.703256|PBFTSeal-1-0x00007ff7c56ee700|[g:1][CONSENSUS][SEALER]++++++++++++++++ Generating seal on,blkNum=30,tx=0,nodeIdx=1,hash=ec867c71...
info|2025-10-07 00:04:24.707325|PBFT-1-0x00007ff7ccefd700|[g:1][CONSENSUS][PBFT]checkTimeout Succ,view=0,toView=1,nodeIdx=1,changeCycle=1,myNode=374bdfe9...,timecost=1
info|2025-10-07 00:04:24.717710|PBFT-1-0x00007ff7ccefd700|[g:1][CONSENSUS][PBFT]checkAndChangeView: Reach consensus,org_view=0,cur_changeCycle=1,curView=0,view=1
info|2025-10-07 00:04:25.723709|PBFT-1-0x00007ff7ccefd700|[g:1][CONSENSUS]addRawPrepare,height=30,reqIdx=2,hash=5bfacf54...,time=0
info|2025-10-07 00:04:25.724919|PBFT-1-0x00007ff7ccefd700|[g:1][CONSENSUS][PBFT]checkTimeout Succ,view=1,toView=2,nodeIdx=1,changeCycle=1,myNode=374bdfe9...,timecost=1
info|2025-10-07 00:04:25.736845|PBFT-1-0x00007ff7ccefd700|[g:1][CONSENSUS][PBFT]checkAndChangeView: Reach consensus,org_view=1,cur_changeCycle=1,curView=1,view=2
info|2025-10-07 00:04:26.745172|PBFT-1-0x00007ff7ccefd700|[g:1][CONSENSUS]addRawPrepare,height=30,reqIdx=3,hash=da9a718e...,time=0
info|2025-10-07 00:04:26.755078|PBFT-1-0x00007ff7ccefd700|[g:1][CONSENSUS][PBFT]checkTimeout Succ,view=2,toView=3,nodeIdx=1,changeCycle=1,myNode=374bdfe9...,timecost=10
info|2025-10-07 00:04:26.759509|PBFT-1-0x00007ff7ccefd700|[g:1][CONSENSUS][PBFT]checkAndChangeView: Reach consensus,org_view=2,cur_changeCycle=1,curView=2,view=3
info|2025-10-07 00:04:27.762609|PBFT-1-0x00007ff7ccefd700|[g:1][CONSENSUS]addRawPrepare,height=30,reqIdx=0,hash=e2d8676a...,time=0
info|2025-10-07 00:04:27.766407|PBFT-1-0x00007ff7ccefd700|[g:1][CONSENSUS][PBFT]checkTimeout Succ,view=3,toView=4,nodeIdx=1,changeCycle=1,myNode=374bdfe9...,timecost=4
info|2025-10-07 00:04:27.772291|PBFT-1-0x00007ff7ccefd700|[g:1][CONSENSUS][PBFT]checkAndChangeView: Reach consensus,org_view=3,cur_changeCycle=1,curView=3,view=4
info|2025-10-07 00:04:28.772900|PBFTSeal-1-0x00007ff7c56ee700|[g:1][CONSENSUS][SEALER]++++++++++++++++ Generating seal on,blkNum=30,tx=0,nodeIdx=1,hash=1fadc721...
info|2025-10-07 00:04:28.784462|PBFT-1-0x00007ff7ccefd700|[g:1][CONSENSUS][PBFT]checkTimeout Succ,view=4,toView=5,nodeIdx=1,changeCycle=1,myNode=374bdfe9...,timecost=2
info|2025-10-07 00:04:28.791815|PBFT-1-0x00007ff7ccefd700|[g:1][CONSENSUS][PBFT]checkAndChangeView: Reach consensus,org_view=4,cur_changeCycle=1,curView=4,view=5
info|2025-10-07 00:04:29.795636|PBFT-1-0x00007ff7ccefd700|[g:1][CONSENSUS]addRawPrepare,height=30,reqIdx=2,hash=d5484f35...,time=0
info|2025-10-07 00:04:29.797562|PBFT-1-0x00007ff7ccefd700|[g:1][CONSENSUS][PBFT]checkTimeout Succ,view=5,toView=6,nodeIdx=1,changeCycle=1,myNode=374bdfe9...,timecost=2
info|2025-10-07 00:04:29.817077|PBFT-1-0x00007ff7ccefd700|[g:1][CONSENSUS][PBFT]checkAndChangeView: Reach consensus,org_view=5,cur_changeCycle=1,curView=5,view=6
info|2025-10-07 00:04:30.827545|PBFT-1-0x00007ff7ccefd700|[g:1][CONSENSUS]addRawPrepare,height=30,reqIdx=3,hash=23067802...,time=0
info|2025-10-07 00:04:30.829367|PBFT-1-0x00007ff7ccefd700|[g:1][CONSENSUS][PBFT]checkTimeout Succ,view=6,toView=7,nodeIdx=1,changeCycle=1,myNode=374bdfe9...,timecost=2
info|2025-10-07 00:04:30.832926|PBFT-1-0x00007ff7ccefd700|[g:1][CONSENSUS][PBFT]checkAndChangeView: Reach consensus,org_view=6,cur_changeCycle=1,curView=6,view=7
info|2025-10-07 00:04:31.837716|PBFT-1-0x00007ff7ccefd700|[g:1][CONSENSUS]addRawPrepare,height=30,reqIdx=0,hash=f4f5440d...,time=0
info|2025-10-07 00:04:31.840839|PBFT-1-0x00007ff7ccefd700|[g:1][CONSENSUS][PBFT]checkTimeout Succ,view=7,toView=8,nodeIdx=1,changeCycle=1,myNode=374bdfe9...,timecost=3
info|2025-10-07 00:04:31.845604|PBFT-1-0x00007ff7ccefd700|[g:1][CONSENSUS][PBFT]checkAndChangeView: Reach consensus,org_view=7,cur_changeCycle=1,curView=7,view=8
info|2025-10-07 00:04:32.846961|PBFTSeal-1-0x00007ff7c56ee700|[g:1][CONSENSUS][SEALER]++++++++++++++++ Generating seal on,blkNum=30,tx=0,nodeIdx=1,hash=29c5abc3...
info|2025-10-07 00:04:32.854370|PBFT-1-0x00007ff7ccefd700|[g:1][CONSENSUS][PBFT]checkTimeout Succ,view=8,toView=9,nodeIdx=1,changeCycle=1,myNode=374bdfe9...,timecost=6
info|2025-10-07 00:04:32.859337|PBFT-1-0x00007ff7ccefd700|[g:1][CONSENSUS][PBFT]checkAndChangeView: Reach consensus,org_view=8,cur_changeCycle=1,curView=8,view=9
info|2025-10-07 00:04:33.565264|io_service-0x00007ff7e6f31700|[NETWORK][Host]P2P Recv Connect, From=127.0.0.1:36006
info|2025-10-07 00:04:33.565317|io_service-0x00007ff7e6f31700|[NETWORK][Host]P2P StartAccept,Host=0.0.0.0:30301
info|2025-10-07 00:04:33.576130|io_service-0x00007ff7e6f31700|[NETWORK][Host]handshakeServer succ,remote endpoint=127.0.0.1:36006
info|2025-10-07 00:04:33.576245|io_service-0x00007ff7e6f31700|[NETWORK][Host]startPeerSession, Remote=127.0.0.1:36006,local endpoint=127.0.0.1:30301,nodeID=73994dae...
info|2025-10-07 00:04:33.581150|io_service-0x00007ff7e6f31700|[NETWORK][Host]P2P Recv Connect, From=127.0.0.1:36022
info|2025-10-07 00:04:33.581227|io_service-0x00007ff7e6f31700|[NETWORK][Host]P2P StartAccept,Host=0.0.0.0:30301
info|2025-10-07 00:04:33.592902|io_service-0x00007ff7e6f31700|[NETWORK][Host]handshakeServer succ,remote endpoint=127.0.0.1:36022
info|2025-10-07 00:04:33.592995|io_service-0x00007ff7e6f31700|[NETWORK][Host]startPeerSession, Remote=127.0.0.1:36022,local endpoint=127.0.0.1:30301,nodeID=064cb676...
info|2025-10-07 00:04:33.597465|io_service-0x00007ff7e6f31700|[P2P][Service] heartBeat,connected count=3
info|2025-10-07 00:04:33.598804|io_service-0x00007ff7e6f31700|[NETWORK][Host]P2P Recv Connect, From=127.0.0.1:36034
info|2025-10-07 00:04:33.598972|io_service-0x00007ff7e6f31700|[NETWORK][Host]P2P StartAccept,Host=0.0.0.0:30301
info|2025-10-07 00:04:33.612726|io_service-0x00007ff7e6f31700|[NETWORK][Host]handshakeServer succ,remote endpoint=127.0.0.1:36034
info|2025-10-07 00:04:33.612821|io_service-0x00007ff7e6f31700|[NETWORK][Host]startPeerSession, Remote=127.0.0.1:36034,local endpoint=127.0.0.1:30301,nodeID=87d00b98...
info|2025-10-07 00:04:33.867184|PBFT-1-0x00007ff7ccefd700|[g:1][CONSENSUS]addRawPrepare,height=30,reqIdx=2,hash=414b2a2b...,time=0
info|2025-10-07 00:04:33.868762|PBFT-1-0x00007ff7ccefd700|[g:1][CONSENSUS][PBFT]checkTimeout Succ,view=9,toView=10,nodeIdx=1,changeCycle=1,myNode=374bdfe9...,timecost=1
info|2025-10-07 00:04:33.878038|PBFT-1-0x00007ff7ccefd700|[g:1][CONSENSUS][PBFT]checkAndChangeView: Reach consensus,org_view=9,cur_changeCycle=1,curView=9,view=10
info|2025-10-07 00:04:34.879884|PBFT-1-0x00007ff7ccefd700|[g:1][CONSENSUS]addRawPrepare,height=30,reqIdx=3,hash=e0427dc4...,time=0
info|2025-10-07 00:04:34.882221|PBFT-1-0x00007ff7ccefd700|[g:1][CONSENSUS][PBFT]checkTimeout Succ,view=10,toView=11,nodeIdx=1,changeCycle=1,myNode=374bdfe9...,timecost=3
info|2025-10-07 00:04:34.896849|PBFT-1-0x00007ff7ccefd700|[g:1][CONSENSUS][PBFT]checkAndChangeView: Reach consensus,org_view=10,cur_changeCycle=1,curView=10,view=11
info|2025-10-07 00:04:35.908634|PBFT-1-0x00007ff7ccefd700|[g:1][CONSENSUS]addRawPrepare,height=30,reqIdx=0,hash=7e46f1a7...,time=0
info|2025-10-07 00:04:35.914526|PBFT-1-0x00007ff7ccefd700|[g:1][CONSENSUS][PBFT]checkTimeout Succ,view=11,toView=12,nodeIdx=1,changeCycle=1,myNode=374bdfe9...,timecost=6
info|2025-10-07 00:04:35.918307|PBFT-1-0x00007ff7ccefd700|[g:1][CONSENSUS][PBFT]checkAndChangeView: Reach consensus,org_view=11,cur_changeCycle=1,curView=11,view=12
info|2025-10-07 00:04:36.919517|PBFTSeal-1-0x00007ff7c56ee700|[g:1][CONSENSUS][SEALER]++++++++++++++++ Generating seal on,blkNum=30,tx=0,nodeIdx=1,hash=b15ab15e...
info|2025-10-07 00:04:36.928259|PBFT-1-0x00007ff7ccefd700|[g:1][CONSENSUS][PBFT]checkTimeout Succ,view=12,toView=13,nodeIdx=1,changeCycle=1,myNode=374bdfe9...,timecost=4
info|2025-10-07 00:04:36.936095|PBFT-1-0x00007ff7ccefd700|[g:1][CONSENSUS][PBFT]checkAndChangeView: Reach consensus,org_view=12,cur_changeCycle=1,curView=12,view=13
info|2025-10-07 00:04:37.942178|PBFT-1-0x00007ff7ccefd700|[g:1][CONSENSUS]addRawPrepare,height=30,reqIdx=2,hash=2b494578...,time=0
info|2025-10-07 00:04:37.948341|PBFT-1-0x00007ff7ccefd700|[g:1][CONSENSUS][PBFT]checkTimeout Succ,view=13,toView=14,nodeIdx=1,changeCycle=1,myNode=374bdfe9...,timecost=6
info|2025-10-07 00:04:37.954982|PBFT-1-0x00007ff7ccefd700|[g:1][CONSENSUS][PBFT]checkAndChangeView: Reach consensus,org_view=13,cur_changeCycle=1,curView=13,view=14
info|2025-10-07 00:04:38.955666|PBFT-1-0x00007ff7ccefd700|[g:1][CONSENSUS]addRawPrepare,height=30,reqIdx=3,hash=3fa2bc14...,time=0
info|2025-10-07 00:04:38.958015|PBFT-1-0x00007ff7ccefd700|[g:1][CONSENSUS][PBFT]checkTimeout Succ,view=14,toView=15,nodeIdx=1,changeCycle=1,myNode=374bdfe9...,timecost=3
info|2025-10-07 00:04:38.967923|PBFT-1-0x00007ff7ccefd700|[g:1][CONSENSUS][PBFT]checkAndChangeView: Reach consensus,org_view=14,cur_changeCycle=1,curView=14,view=15
info|2025-10-07 00:04:39.969107|PBFT-1-0x00007ff7ccefd700|[g:1][CONSENSUS]addRawPrepare,height=30,reqIdx=0,hash=7f213472...,time=0
info|2025-10-07 00:04:39.974492|PBFT-1-0x00007ff7ccefd700|[g:1][CONSENSUS][PBFT]checkTimeout Succ,view=15,toView=16,nodeIdx=1,changeCycle=1,myNode=374bdfe9...,timecost=5
info|2025-10-07 00:04:39.980595|PBFT-1-0x00007ff7ccefd700|[g:1][CONSENSUS][PBFT]checkAndChangeView: Reach consensus,org_view=15,cur_changeCycle=1,curView=15,view=16
info|2025-10-07 00:04:40.981507|PBFTSeal-1-0x00007ff7c56ee700|[g:1][CONSENSUS][SEALER]++++++++++++++++ Generating seal on,blkNum=30,tx=0,nodeIdx=1,hash=adeb3a07...
info|2025-10-07 00:04:40.992143|PBFT-1-0x00007ff7ccefd700|[g:1][CONSENSUS][PBFT]checkTimeout Succ,view=16,toView=17,nodeIdx=1,changeCycle=1,myNode=374bdfe9...,timecost=2
info|2025-10-07 00:04:41.001202|PBFT-1-0x00007ff7ccefd700|[g:1][CONSENSUS][PBFT]checkAndChangeView: Reach consensus,org_view=16,cur_changeCycle=1,curView=16,view=17
info|2025-10-07 00:04:42.011398|PBFT-1-0x00007ff7ccefd700|[g:1][CONSENSUS]addRawPrepare,height=30,reqIdx=2,hash=76ced786...,time=0
info|2025-10-07 00:04:42.016052|PBFT-1-0x00007ff7ccefd700|[g:1][CONSENSUS][PBFT]checkTimeout Succ,view=17,toView=18,nodeIdx=1,changeCycle=1,myNode=374bdfe9...,timecost=5
info|2025-10-07 00:04:42.029378|PBFT-1-0x00007ff7ccefd700|[g:1][CONSENSUS][PBFT]checkAndChangeView: Reach consensus,org_view=17,cur_changeCycle=1,curView=17,view=18
info|2025-10-07 00:04:43.029949|PBFT-1-0x00007ff7ccefd700|[g:1][CONSENSUS]addRawPrepare,height=30,reqIdx=3,hash=4e343800...,time=0
info|2025-10-07 00:04:43.031938|PBFT-1-0x00007ff7ccefd700|[g:1][CONSENSUS][PBFT]checkTimeout Succ,view=18,toView=19,nodeIdx=1,changeCycle=1,myNode=374bdfe9...,timecost=1
info|2025-10-07 00:04:43.047999|PBFT-1-0x00007ff7ccefd700|[g:1][CONSENSUS][PBFT]checkAndChangeView: Reach consensus,org_view=18,cur_changeCycle=1,curView=18,view=19
info|2025-10-07 00:04:43.598037|io_service-0x00007ff7e6f31700|[P2P][Service] heartBeat,connected count=3
info|2025-10-07 00:04:43.681988|P2P-0x00007ff7e8f35700|[NETWORK][Session]Received topic: [2	_block_notify_1] from 73994dae9e8b8da733108a4153dfe79151d701dff425f84c87b5324e8ebd02ab6a0ebc9e4f1e0298a7ddca50f94a8f95c62b6997226d571e470e8f2b0600634a
info|2025-10-07 00:04:44.115156|PBFT-1-0x00007ff7ccefd700|[g:1][CONSENSUS]addRawPrepare,height=30,reqIdx=0,hash=00106e93...,time=0
info|2025-10-07 00:04:44.118403|PBFT-1-0x00007ff7ccefd700|[g:1][CONSENSUS][PBFT]checkTimeout Succ,view=19,toView=20,nodeIdx=1,changeCycle=1,myNode=374bdfe9...,timecost=3
info|2025-10-07 00:04:44.120433|PBFT-1-0x00007ff7ccefd700|[g:1][CONSENSUS][PBFT]checkAndChangeView: Reach consensus,org_view=19,cur_changeCycle=1,curView=19,view=20
info|2025-10-07 00:04:45.121158|PBFTSeal-1-0x00007ff7c56ee700|[g:1][CONSENSUS][SEALER]++++++++++++++++ Generating seal on,blkNum=30,tx=0,nodeIdx=1,hash=a88fce2d...
info|2025-10-07 00:04:45.128195|PBFT-1-0x00007ff7ccefd700|[g:1][CONSENSUS][PBFT]checkTimeout Succ,view=20,toView=21,nodeIdx=1,changeCycle=1,myNode=374bdfe9...,timecost=6
info|2025-10-07 00:04:45.151070|PBFT-1-0x00007ff7ccefd700|[g:1][CONSENSUS][PBFT]checkAndChangeView: Reach consensus,org_view=20,cur_changeCycle=1,curView=20,view=21
info|2025-10-07 00:04:46.151338|PBFT-1-0x00007ff7ccefd700|[g:1][CONSENSUS]addRawPrepare,height=30,reqIdx=2,hash=3cb96ebf...,time=2
info|2025-10-07 00:04:46.155120|PBFT-1-0x00007ff7ccefd700|[g:1][CONSENSUS][PBFT]checkTimeout Succ,view=21,toView=22,nodeIdx=1,changeCycle=1,myNode=374bdfe9...,timecost=2
info|2025-10-07 00:04:46.161710|PBFT-1-0x00007ff7ccefd700|[g:1][CONSENSUS][PBFT]checkAndChangeView: Reach consensus,org_view=21,cur_changeCycle=1,curView=21,view=22
info|2025-10-07 00:04:47.167694|PBFT-1-0x00007ff7ccefd700|[g:1][CONSENSUS]addRawPrepare,height=30,reqIdx=3,hash=721f4389...,time=0
info|2025-10-07 00:04:47.174156|PBFT-1-0x00007ff7ccefd700|[g:1][CONSENSUS][PBFT]checkTimeout Succ,view=22,toView=23,nodeIdx=1,changeCycle=1,myNode=374bdfe9...,timecost=7
info|2025-10-07 00:04:47.182083|PBFT-1-0x00007ff7ccefd700|[g:1][CONSENSUS][PBFT]checkAndChangeView: Reach consensus,org_view=22,cur_changeCycle=1,curView=22,view=23
info|2025-10-07 00:04:48.187874|PBFT-1-0x00007ff7ccefd700|[g:1][CONSENSUS]addRawPrepare,height=30,reqIdx=0,hash=8cbb41a0...,time=0
info|2025-10-07 00:04:48.193488|PBFT-1-0x00007ff7ccefd700|[g:1][CONSENSUS][PBFT]checkTimeout Succ,view=23,toView=24,nodeIdx=1,changeCycle=1,myNode=374bdfe9...,timecost=6
info|2025-10-07 00:04:48.200814|PBFT-1-0x00007ff7ccefd700|[g:1][CONSENSUS][PBFT]checkAndChangeView: Reach consensus,org_view=23,cur_changeCycle=1,curView=23,view=24
info|2025-10-07 00:04:49.201783|PBFTSeal-1-0x00007ff7c56ee700|[g:1][CONSENSUS][SEALER]++++++++++++++++ Generating seal on,blkNum=30,tx=0,nodeIdx=1,hash=8651729f...
info|2025-10-07 00:04:49.217228|PBFT-1-0x00007ff7ccefd700|[g:1][CONSENSUS][PBFT]checkTimeout Succ,view=24,toView=25,nodeIdx=1,changeCycle=1,myNode=374bdfe9...,timecost=4
info|2025-10-07 00:04:49.221686|PBFT-1-0x00007ff7ccefd700|[g:1][CONSENSUS][PBFT]checkAndChangeView: Reach consensus,org_view=24,cur_changeCycle=1,curView=24,view=25
info|2025-10-07 00:04:50.224363|PBFT-1-0x00007ff7ccefd700|[g:1][CONSENSUS]addRawPrepare,height=30,reqIdx=2,hash=37f62bdc...,time=0
info|2025-10-07 00:04:50.226529|PBFT-1-0x00007ff7ccefd700|[g:1][CONSENSUS][PBFT]checkTimeout Succ,view=25,toView=26,nodeIdx=1,changeCycle=1,myNode=374bdfe9...,timecost=2
info|2025-10-07 00:04:50.236971|PBFT-1-0x00007ff7ccefd700|[g:1][CONSENSUS][PBFT]checkAndChangeView: Reach consensus,org_view=25,cur_changeCycle=1,curView=25,view=26
info|2025-10-07 00:04:51.240680|PBFT-1-0x00007ff7ccefd700|[g:1][CONSENSUS]addRawPrepare,height=30,reqIdx=3,hash=d01e175a...,time=0
info|2025-10-07 00:04:51.242153|PBFT-1-0x00007ff7ccefd700|[g:1][CONSENSUS][PBFT]checkTimeout Succ,view=26,toView=27,nodeIdx=1,changeCycle=1,myNode=374bdfe9...,timecost=2
info|2025-10-07 00:04:51.253750|PBFT-1-0x00007ff7ccefd700|[g:1][CONSENSUS][PBFT]checkAndChangeView: Reach consensus,org_view=26,cur_changeCycle=1,curView=26,view=27
info|2025-10-07 00:04:52.261512|PBFT-1-0x00007ff7ccefd700|[g:1][CONSENSUS]addRawPrepare,height=30,reqIdx=0,hash=078835b9...,time=0
info|2025-10-07 00:04:52.264520|PBFT-1-0x00007ff7ccefd700|[g:1][CONSENSUS][PBFT]checkTimeout Succ,view=27,toView=28,nodeIdx=1,changeCycle=1,myNode=374bdfe9...,timecost=3
info|2025-10-07 00:04:52.277286|PBFT-1-0x00007ff7ccefd700|[g:1][CONSENSUS][PBFT]checkAndChangeView: Reach consensus,org_view=27,cur_changeCycle=1,curView=27,view=28
info|2025-10-07 00:04:53.276990|PBFTSeal-1-0x00007ff7c56ee700|[g:1][CONSENSUS][SEALER]++++++++++++++++ Generating seal on,blkNum=30,tx=0,nodeIdx=1,hash=07336046...
info|2025-10-07 00:04:53.279849|PBFT-1-0x00007ff7ccefd700|[g:1][CONSENSUS][PBFT]checkTimeout Succ,view=28,toView=29,nodeIdx=1,changeCycle=1,myNode=374bdfe9...,timecost=1
info|2025-10-07 00:04:53.289867|PBFT-1-0x00007ff7ccefd700|[g:1][CONSENSUS][PBFT]checkAndChangeView: Reach consensus,org_view=28,cur_changeCycle=1,curView=28,view=29
info|2025-10-07 00:04:53.598860|io_service-0x00007ff7e6f31700|[P2P][Service] heartBeat,connected count=3
info|2025-10-07 00:04:54.339715|PBFT-1-0x00007ff7ccefd700|[g:1][CONSENSUS][PBFT]Trigger fast-viewchange,view=29,toView=29,minView=30,INFO=,reqNum=29,curNum=29,GenIdx=2,Cview=30,view=29,fromIdx=2,fromNode=73994dae...,fromIp=127.0.0.1:30300,hash=8afc63f2...,nodeIdx=1,myNode=374bdfe9...
info|2025-10-07 00:04:54.340883|PBFT-1-0x00007ff7ccefd700|[g:1][CONSENSUS][PBFT]checkAndChangeView: Reach consensus,org_view=29,cur_changeCycle=2,curView=29,view=30
info|2025-10-07 00:04:54.340941|PBFT-1-0x00007ff7ccefd700|[g:1][CONSENSUS][PBFT]checkTimeout Succ,view=30,toView=30,nodeIdx=1,changeCycle=2,myNode=374bdfe9...,timecost=1
info|2025-10-07 00:04:55.310725|PBFT-1-0x00007ff7ccefd700|[g:1][CONSENSUS]addRawPrepare,height=30,reqIdx=3,hash=bfe45317...,time=0
info|2025-10-07 00:04:55.315935|PBFT-1-0x00007ff7ccefd700|[g:1][CONSENSUS][PBFT]checkTimeout Succ,view=30,toView=31,nodeIdx=1,changeCycle=1,myNode=374bdfe9...,timecost=5
info|2025-10-07 00:04:55.319085|PBFT-1-0x00007ff7ccefd700|[g:1][CONSENSUS][PBFT]checkAndChangeView: Reach consensus,org_view=30,cur_changeCycle=1,curView=30,view=31
info|2025-10-07 00:04:56.329508|PBFT-1-0x00007ff7ccefd700|[g:1][CONSENSUS]addRawPrepare,height=30,reqIdx=0,hash=35fbddfc...,time=0
info|2025-10-07 00:04:56.337082|PBFT-1-0x00007ff7ccefd700|[g:1][CONSENSUS][PBFT]checkTimeout Succ,view=31,toView=32,nodeIdx=1,changeCycle=1,myNode=374bdfe9...,timecost=3
info|2025-10-07 00:04:56.340846|PBFT-1-0x00007ff7ccefd700|[g:1][CONSENSUS][PBFT]checkAndChangeView: Reach consensus,org_view=31,cur_changeCycle=1,curView=31,view=32
info|2025-10-07 00:04:57.341705|PBFTSeal-1-0x00007ff7c56ee700|[g:1][CONSENSUS][SEALER]++++++++++++++++ Generating seal on,blkNum=30,tx=0,nodeIdx=1,hash=c96c3421...
info|2025-10-07 00:04:57.345058|PBFT-1-0x00007ff7ccefd700|[g:1][CONSENSUS][PBFT]checkTimeout Succ,view=32,toView=33,nodeIdx=1,changeCycle=1,myNode=374bdfe9...,timecost=2
info|2025-10-07 00:04:57.355818|PBFT-1-0x00007ff7ccefd700|[g:1][CONSENSUS][PBFT]checkAndChangeView: Reach consensus,org_view=32,cur_changeCycle=1,curView=32,view=33
info|2025-10-07 00:04:58.359586|PBFT-1-0x00007ff7ccefd700|[g:1][CONSENSUS]addRawPrepare,height=30,reqIdx=2,hash=2ae1ce94...,time=0
info|2025-10-07 00:04:58.360743|PBFT-1-0x00007ff7ccefd700|[g:1][CONSENSUS][PBFT]checkTimeout Succ,view=33,toView=34,nodeIdx=1,changeCycle=1,myNode=374bdfe9...,timecost=1
info|2025-10-07 00:04:58.371522|PBFT-1-0x00007ff7ccefd700|[g:1][CONSENSUS][PBFT]checkAndChangeView: Reach consensus,org_view=33,cur_changeCycle=1,curView=33,view=34
info|2025-10-07 00:04:59.382411|PBFT-1-0x00007ff7ccefd700|[g:1][CONSENSUS]addRawPrepare,height=30,reqIdx=3,hash=1a695a37...,time=0
info|2025-10-07 00:04:59.388015|PBFT-1-0x00007ff7ccefd700|[g:1][CONSENSUS][PBFT]checkTimeout Succ,view=34,toView=35,nodeIdx=1,changeCycle=1,myNode=374bdfe9...,timecost=6
info|2025-10-07 00:04:59.391313|PBFT-1-0x00007ff7ccefd700|[g:1][CONSENSUS][PBFT]checkAndChangeView: Reach consensus,org_view=34,cur_changeCycle=1,curView=34,view=35
info|2025-10-07 00:05:00.398893|PBFT-1-0x00007ff7ccefd700|[g:1][CONSENSUS]addRawPrepare,height=30,reqIdx=0,hash=5c3fae05...,time=0
info|2025-10-07 00:05:00.404443|PBFT-1-0x00007ff7ccefd700|[g:1][CONSENSUS][PBFT]checkTimeout Succ,view=35,toView=36,nodeIdx=1,changeCycle=1,myNode=374bdfe9...,timecost=6
info|2025-10-07 00:05:00.412417|PBFT-1-0x00007ff7ccefd700|[g:1][CONSENSUS][PBFT]checkAndChangeView: Reach consensus,org_view=35,cur_changeCycle=1,curView=35,view=36
info|2025-10-07 00:05:01.413576|PBFTSeal-1-0x00007ff7c56ee700|[g:1][CONSENSUS][SEALER]++++++++++++++++ Generating seal on,blkNum=30,tx=0,nodeIdx=1,hash=2fe4b23b...
info|2025-10-07 00:05:01.421929|PBFT-1-0x00007ff7ccefd700|[g:1][CONSENSUS][PBFT]checkTimeout Succ,view=36,toView=37,nodeIdx=1,changeCycle=1,myNode=374bdfe9...,timecost=1
info|2025-10-07 00:05:01.427630|PBFT-1-0x00007ff7ccefd700|[g:1][CONSENSUS][PBFT]checkAndChangeView: Reach consensus,org_view=36,cur_changeCycle=1,curView=36,view=37
info|2025-10-07 00:05:02.438042|PBFT-1-0x00007ff7ccefd700|[g:1][CONSENSUS]addRawPrepare,height=30,reqIdx=2,hash=a4d2f037...,time=1
info|2025-10-07 00:05:02.439316|PBFT-1-0x00007ff7ccefd700|[g:1][CONSENSUS][PBFT]checkTimeout Succ,view=37,toView=38,nodeIdx=1,changeCycle=1,myNode=374bdfe9...,timecost=1
info|2025-10-07 00:05:02.463576|PBFT-1-0x00007ff7ccefd700|[g:1][CONSENSUS][PBFT]checkAndChangeView: Reach consensus,org_view=37,cur_changeCycle=1,curView=37,view=38
info|2025-10-07 00:05:03.468752|PBFT-1-0x00007ff7ccefd700|[g:1][CONSENSUS]addRawPrepare,height=30,reqIdx=3,hash=0702d98f...,time=0
info|2025-10-07 00:05:03.477595|PBFT-1-0x00007ff7ccefd700|[g:1][CONSENSUS][PBFT]checkTimeout Succ,view=38,toView=39,nodeIdx=1,changeCycle=1,myNode=374bdfe9...,timecost=9
info|2025-10-07 00:05:03.481361|PBFT-1-0x00007ff7ccefd700|[g:1][CONSENSUS][PBFT]checkAndChangeView: Reach consensus,org_view=38,cur_changeCycle=1,curView=38,view=39
info|2025-10-07 00:05:03.599106|io_service-0x00007ff7e6f31700|[P2P][Service] heartBeat,connected count=3
info|2025-10-07 00:05:04.490178|PBFT-1-0x00007ff7ccefd700|[g:1][CONSENSUS]addRawPrepare,height=30,reqIdx=0,hash=eeffee72...,time=0
info|2025-10-07 00:05:04.491925|PBFT-1-0x00007ff7ccefd700|[g:1][CONSENSUS][PBFT]checkTimeout Succ,view=39,toView=40,nodeIdx=1,changeCycle=1,myNode=374bdfe9...,timecost=1
info|2025-10-07 00:05:04.501248|PBFT-1-0x00007ff7ccefd700|[g:1][CONSENSUS][PBFT]checkAndChangeView: Reach consensus,org_view=39,cur_changeCycle=1,curView=39,view=40
info|2025-10-07 00:05:05.501949|PBFTSeal-1-0x00007ff7c56ee700|[g:1][CONSENSUS][SEALER]++++++++++++++++ Generating seal on,blkNum=30,tx=0,nodeIdx=1,hash=f498073d...
info|2025-10-07 00:05:05.514704|PBFT-1-0x00007ff7ccefd700|[g:1][CONSENSUS][PBFT]checkTimeout Succ,view=40,toView=41,nodeIdx=1,changeCycle=1,myNode=374bdfe9...,timecost=4
info|2025-10-07 00:05:05.521636|PBFT-1-0x00007ff7ccefd700|[g:1][CONSENSUS][PBFT]checkAndChangeView: Reach consensus,org_view=40,cur_changeCycle=1,curView=40,view=41
info|2025-10-07 00:05:06.527910|PBFT-1-0x00007ff7ccefd700|[g:1][CONSENSUS]addRawPrepare,height=30,reqIdx=2,hash=992f4208...,time=0
info|2025-10-07 00:05:06.529646|PBFT-1-0x00007ff7ccefd700|[g:1][CONSENSUS][PBFT]checkTimeout Succ,view=41,toView=42,nodeIdx=1,changeCycle=1,myNode=374bdfe9...,timecost=1
info|2025-10-07 00:05:06.537110|PBFT-1-0x00007ff7ccefd700|[g:1][CONSENSUS][PBFT]checkAndChangeView: Reach consensus,org_view=41,cur_changeCycle=1,curView=41,view=42
info|2025-10-07 00:05:07.546850|PBFT-1-0x00007ff7ccefd700|[g:1][CONSENSUS]addRawPrepare,height=30,reqIdx=3,hash=930c28d7...,time=0
info|2025-10-07 00:05:07.548469|PBFT-1-0x00007ff7ccefd700|[g:1][CONSENSUS][PBFT]checkTimeout Succ,view=42,toView=43,nodeIdx=1,changeCycle=1,myNode=374bdfe9...,timecost=2
info|2025-10-07 00:05:07.552650|PBFT-1-0x00007ff7ccefd700|[g:1][CONSENSUS][PBFT]checkAndChangeView: Reach consensus,org_view=42,cur_changeCycle=1,curView=42,view=43
info|2025-10-07 00:05:08.562414|PBFT-1-0x00007ff7ccefd700|[g:1][CONSENSUS]addRawPrepare,height=30,reqIdx=0,hash=2146bba5...,time=0
info|2025-10-07 00:05:08.564345|PBFT-1-0x00007ff7ccefd700|[g:1][CONSENSUS][PBFT]checkTimeout Succ,view=43,toView=44,nodeIdx=1,changeCycle=1,myNode=374bdfe9...,timecost=2
info|2025-10-07 00:05:08.570822|PBFT-1-0x00007ff7ccefd700|[g:1][CONSENSUS][PBFT]checkAndChangeView: Reach consensus,org_view=43,cur_changeCycle=1,curView=43,view=44
info|2025-10-07 00:05:09.571225|PBFTSeal-1-0x00007ff7c56ee700|[g:1][CONSENSUS][SEALER]++++++++++++++++ Generating seal on,blkNum=30,tx=0,nodeIdx=1,hash=c612b14e...
info|2025-10-07 00:05:09.574719|PBFT-1-0x00007ff7ccefd700|[g:1][CONSENSUS][PBFT]checkTimeout Succ,view=44,toView=45,nodeIdx=1,changeCycle=1,myNode=374bdfe9...,timecost=1
info|2025-10-07 00:05:09.587848|PBFT-1-0x00007ff7ccefd700|[g:1][CONSENSUS][PBFT]checkAndChangeView: Reach consensus,org_view=44,cur_changeCycle=1,curView=44,view=45
info|2025-10-07 00:05:10.592563|PBFT-1-0x00007ff7ccefd700|[g:1][CONSENSUS]addRawPrepare,height=30,reqIdx=2,hash=710e566e...,time=0
info|2025-10-07 00:05:10.602914|PBFT-1-0x00007ff7ccefd700|[g:1][CONSENSUS][PBFT]checkTimeout Succ,view=45,toView=46,nodeIdx=1,changeCycle=1,myNode=374bdfe9...,timecost=10
info|2025-10-07 00:05:10.608007|PBFT-1-0x00007ff7ccefd700|[g:1][CONSENSUS][PBFT]checkAndChangeView: Reach consensus,org_view=45,cur_changeCycle=1,curView=45,view=46
info|2025-10-07 00:05:11.608903|PBFT-1-0x00007ff7ccefd700|[g:1][CONSENSUS]addRawPrepare,height=30,reqIdx=3,hash=69084935...,time=0
info|2025-10-07 00:05:11.610804|PBFT-1-0x00007ff7ccefd700|[g:1][CONSENSUS][PBFT]checkTimeout Succ,view=46,toView=47,nodeIdx=1,changeCycle=1,myNode=374bdfe9...,timecost=2
info|2025-10-07 00:05:11.616565|PBFT-1-0x00007ff7ccefd700|[g:1][CONSENSUS][PBFT]checkAndChangeView: Reach consensus,org_view=46,cur_changeCycle=1,curView=46,view=47
info|2025-10-07 00:05:12.627155|PBFT-1-0x00007ff7ccefd700|[g:1][CONSENSUS]addRawPrepare,height=30,reqIdx=0,hash=f2492ef4...,time=0
info|2025-10-07 00:05:12.629016|PBFT-1-0x00007ff7ccefd700|[g:1][CONSENSUS][PBFT]checkTimeout Succ,view=47,toView=48,nodeIdx=1,changeCycle=1,myNode=374bdfe9...,timecost=2
info|2025-10-07 00:05:12.639602|PBFT-1-0x00007ff7ccefd700|[g:1][CONSENSUS][PBFT]checkAndChangeView: Reach consensus,org_view=47,cur_changeCycle=1,curView=47,view=48
info|2025-10-07 00:05:13.599247|io_service-0x00007ff7e6f31700|[P2P][Service] heartBeat,connected count=3
info|2025-10-07 00:05:13.640141|PBFTSeal-1-0x00007ff7c56ee700|[g:1][CONSENSUS][SEALER]++++++++++++++++ Generating seal on,blkNum=30,tx=0,nodeIdx=1,hash=bbeaff85...
info|2025-10-07 00:05:13.650939|PBFT-1-0x00007ff7ccefd700|[g:1][CONSENSUS][PBFT]checkTimeout Succ,view=48,toView=49,nodeIdx=1,changeCycle=1,myNode=374bdfe9...,timecost=8
info|2025-10-07 00:05:13.657932|PBFT-1-0x00007ff7ccefd700|[g:1][CONSENSUS][PBFT]checkAndChangeView: Reach consensus,org_view=48,cur_changeCycle=1,curView=48,view=49
info|2025-10-07 00:05:14.667545|PBFT-1-0x00007ff7ccefd700|[g:1][CONSENSUS]addRawPrepare,height=30,reqIdx=2,hash=a4e55d47...,time=0
info|2025-10-07 00:05:14.669305|PBFT-1-0x00007ff7ccefd700|[g:1][CONSENSUS][PBFT]checkTimeout Succ,view=49,toView=50,nodeIdx=1,changeCycle=1,myNode=374bdfe9...,timecost=2
info|2025-10-07 00:05:14.671831|PBFT-1-0x00007ff7ccefd700|[g:1][CONSENSUS][PBFT]checkAndChangeView: Reach consensus,org_view=49,cur_changeCycle=1,curView=49,view=50
info|2025-10-07 00:05:15.184104|PBFTWork-1-0x00007ff7d370a700|[g:1][CONSENSUS][PartiallyPBFTReqCache]addPartiallyRawPrepare,height=30,reqIdx=3,hash=fc9c41b0...
info|2025-10-07 00:05:15.184379|PBFTWork-1-0x00007ff7d370a700|[g:1][BLOCKVERIFIER][executeBlock]Executing block,txNum=1,num=30,parentHash=8afc63f2734c989e2e3aaebb4213c1e93ccaa4815932a8b1a91b930cc3398f1c,parentNum=29,parentStateRoot=8fbd432a738f0bcba72744b56cb733dc7f2aa6a0b8ab2c52c852967da1a555b1
info|2025-10-07 00:05:15.184681|PBFTWork-1-0x00007ff7d370a700|[g:1][PRECOMPILED]init GasChargeManagePrecompiled
info|2025-10-07 00:05:15.185793|PBFTWork-1-0x00007ff7d370a700|[g:1][STORAGE][MemoryTableFactory2]createTable,table name=c_17b275e64927954e36324637d77d0f368d297fb4,keyField=key,valueField=value
info|2025-10-07 00:05:15.186581|PBFTWork-1-0x00007ff7d370a700|[g:1][CONSENSUS][PBFT]execBlock,blkNum=30,reqIdx=3,hash=096b5bf3...,nodeIdx=1,myNode=374bdfe9...,decodeCost=0,checkCost=0,notifyCost=0,noteSealingCost=0,currentCycle=1,verifyAndSetSenderCost=0,execCost=2,execPerTx=2,totalCost=2
info|2025-10-07 00:05:15.188836|PBFTWork-1-0x00007ff7d370a700|[g:1][CONSENSUS][PBFT]handlePrepareMsg Succ,timecost=2,INFO=handlePartiallyPrepare,reqIdx=3,view=50,reqNum=30,curNum=29,consNum=30,hash=fc9c41b0...,nodeIdx=1,myNode=374bdfe9...,curChangeCycle=1
info|2025-10-07 00:05:15.190065|PBFT-1-0x00007ff7ccefd700|[g:1][CONSENSUS][PBFT]handleSignMsg Succ,Timecost=2,INFO=handleSignMsg,num=30,curNum=29,GenIdx=3,Sview=50,view=50,fromIdx=3,fromNode=87d00b98...,fromIp=127.0.0.1:30302,hash=096b5bf3...,nodeIdx=1,myNode=374bdfe9...
info|2025-10-07 00:05:15.196337|PBFT-1-0x00007ff7ccefd700|[g:1][CONSENSUS][PBFT]checkAndCommit: backup/updateCommittedPrepare,reqNum=30,hash=fc9c41b0...,nodeIdx=1,myNode=374bdfe9...
info|2025-10-07 00:05:15.197679|PBFT-1-0x00007ff7ccefd700|[g:1][CONSENSUS][PBFT]handleSignMsg Succ,Timecost=2,INFO=handleSignMsg,num=30,curNum=29,GenIdx=2,Sview=50,view=50,fromIdx=2,fromNode=73994dae...,fromIp=127.0.0.1:30300,hash=096b5bf3...,nodeIdx=1,myNode=374bdfe9...
info|2025-10-07 00:05:15.201170|PBFT-1-0x00007ff7ccefd700|[g:1][CONSENSUS][PBFT]handleCommitMsg Succ,INFO=handleCommitMsg,reqNum=30,curNum=29,GenIdx=3,Cview=50,view=50,fromIdx=3,fromNode=87d00b98...,fromIp=127.0.0.1:30302,hash=096b5bf3...,nodeIdx=1,myNode=374bdfe9...,Timecost=2
info|2025-10-07 00:05:15.202429|PBFT-1-0x00007ff7ccefd700|[g:1][CONSENSUS][PBFT]handleSignMsg Succ,Timecost=1,INFO=handleSignMsg,num=30,curNum=29,GenIdx=0,Sview=50,view=50,fromIdx=0,fromNode=064cb676...,fromIp=127.0.0.1:30303,hash=096b5bf3...,nodeIdx=1,myNode=374bdfe9...
info|2025-10-07 00:05:15.228390|PBFT-1-0x00007ff7ccefd700|[g:1][CONSENSUS][PBFT]checkAndSave: CommitReq enough,prepareHeight=30,commitSize=3,hash=096b5bf3...,nodeIdx=1,myNode=374bdfe9...
info|2025-10-07 00:05:15.232123|PBFT-1-0x00007ff7ccefd700|[g:1][g:1][STORAGE][CachedStorage]commit: 9 num: 30
info|2025-10-07 00:05:15.238354|taskPool-1-0x00007ff7d5f0f700|[g:1][g:1][STORAGE][CachedStorage]Start commit block: 30 to backend storage
info|2025-10-07 00:05:15.239326|taskPool-1-0x00007ff7d5f0f700|[g:1][g:1][STORAGE][CachedStorage]
---------------------------------------------------------------------
Commit block: 30 to backend storage finished, current cached block: 30
Flush elapsed time: 0.0010s
---------------------------------------------------------------------
info|2025-10-07 00:05:15.239471|PBFT-1-0x00007ff7ccefd700|[g:1][g:1][STORAGE][CachedStorage]Submited block task: 30, current syncd block: 30
info|2025-10-07 00:05:15.239553|PBFT-1-0x00007ff7ccefd700|[g:1]Push block notify: 1-30
info|2025-10-07 00:05:15.244177|PBFT-1-0x00007ff7ccefd700|[g:1][CONSENSUS][PBFT]CommitBlock Succ,prepareHeight=30,reqIdx=3,hash=096b5bf3...,nodeIdx=1,myNode=374bdfe9...,genSigTimeCost=1,commitBlockTimeCost=14,dropTxsTimeCost=1,noteSealingTimeCost=0,totalTimeCost=16
info|2025-10-07 00:05:15.244415|PBFT-1-0x00007ff7ccefd700|[g:1][CONSENSUS][PBFT]handleCommitMsg Succ,INFO=handleCommitMsg,reqNum=30,curNum=29,GenIdx=2,Cview=50,view=50,fromIdx=2,fromNode=73994dae...,fromIp=127.0.0.1:30300,hash=096b5bf3...,nodeIdx=1,myNode=374bdfe9...,Timecost=26
info|2025-10-07 00:05:15.244787|PBFTSeal-1-0x00007ff7c56ee700|[g:1][CONSENSUS][SEALER]increase maxNoTimeoutTx,maxNoTimeoutTx=1
info|2025-10-07 00:05:15.244803|PBFTSeal-1-0x00007ff7c56ee700|[g:1][CONSENSUS][PBFT]^^^^^^^^Report,num=30,sealerIdx=3,hash=096b5bf3...,next=31,tx=1,nodeIdx=1
info|2025-10-07 00:05:16.231593|PBFT-1-0x00007ff7ccefd700|[g:1][CONSENSUS]addRawPrepare,height=31,reqIdx=2,hash=f2e944f0...,time=0
info|2025-10-07 00:05:16.233825|PBFT-1-0x00007ff7ccefd700|[g:1][CONSENSUS][PBFT]checkTimeout Succ,view=0,toView=1,nodeIdx=1,changeCycle=1,myNode=374bdfe9...,timecost=2
info|2025-10-07 00:05:16.242712|PBFT-1-0x00007ff7ccefd700|[g:1][CONSENSUS][PBFT]checkAndChangeView: Reach consensus,org_view=0,cur_changeCycle=1,curView=0,view=1
info|2025-10-07 00:05:17.246837|PBFT-1-0x00007ff7ccefd700|[g:1][CONSENSUS]addRawPrepare,height=31,reqIdx=3,hash=f083a8e5...,time=0
info|2025-10-07 00:05:17.249892|PBFT-1-0x00007ff7ccefd700|[g:1][CONSENSUS][PBFT]checkTimeout Succ,view=1,toView=2,nodeIdx=1,changeCycle=1,myNode=374bdfe9...,timecost=3
info|2025-10-07 00:05:17.259746|PBFT-1-0x00007ff7ccefd700|[g:1][CONSENSUS][PBFT]checkAndChangeView: Reach consensus,org_view=1,cur_changeCycle=1,curView=1,view=2
info|2025-10-07 00:05:18.268655|PBFT-1-0x00007ff7ccefd700|[g:1][CONSENSUS]addRawPrepare,height=31,reqIdx=0,hash=bbd5d795...,time=0
info|2025-10-07 00:05:18.274818|PBFT-1-0x00007ff7ccefd700|[g:1][CONSENSUS][PBFT]checkTimeout Succ,view=2,toView=3,nodeIdx=1,changeCycle=1,myNode=374bdfe9...,timecost=6
info|2025-10-07 00:05:18.280090|PBFT-1-0x00007ff7ccefd700|[g:1][CONSENSUS][PBFT]checkAndChangeView: Reach consensus,org_view=2,cur_changeCycle=1,curView=2,view=3
info|2025-10-07 00:05:19.281713|PBFTSeal-1-0x00007ff7c56ee700|[g:1][CONSENSUS][SEALER]++++++++++++++++ Generating seal on,blkNum=31,tx=0,nodeIdx=1,hash=0c18207f...
info|2025-10-07 00:05:19.288825|PBFT-1-0x00007ff7ccefd700|[g:1][CONSENSUS][PBFT]checkTimeout Succ,view=3,toView=4,nodeIdx=1,changeCycle=1,myNode=374bdfe9...,timecost=1
info|2025-10-07 00:05:19.293253|PBFT-1-0x00007ff7ccefd700|[g:1][CONSENSUS][PBFT]checkAndChangeView: Reach consensus,org_view=3,cur_changeCycle=1,curView=3,view=4
info|2025-10-07 00:05:20.348025|PBFT-1-0x00007ff7ccefd700|[g:1][CONSENSUS][PBFT]Trigger fast-viewchange,view=4,toView=4,minView=5,INFO=,reqNum=30,curNum=30,GenIdx=0,Cview=5,view=4,fromIdx=0,fromNode=064cb676...,fromIp=127.0.0.1:30303,hash=096b5bf3...,nodeIdx=1,myNode=374bdfe9...
info|2025-10-07 00:05:20.349621|PBFT-1-0x00007ff7ccefd700|[g:1][CONSENSUS][PBFT]checkAndChangeView: Reach consensus,org_view=4,cur_changeCycle=2,curView=4,view=5
info|2025-10-07 00:05:20.349889|PBFT-1-0x00007ff7ccefd700|[g:1][CONSENSUS][PBFT]checkTimeout Succ,view=5,toView=5,nodeIdx=1,changeCycle=2,myNode=374bdfe9...,timecost=1
info|2025-10-07 00:05:21.324512|PBFT-1-0x00007ff7ccefd700|[g:1][CONSENSUS]addRawPrepare,height=31,reqIdx=3,hash=0205f18f...,time=0
info|2025-10-07 00:05:21.326777|PBFT-1-0x00007ff7ccefd700|[g:1][CONSENSUS][PBFT]checkTimeout Succ,view=5,toView=6,nodeIdx=1,changeCycle=1,myNode=374bdfe9...,timecost=2
info|2025-10-07 00:05:21.336811|PBFT-1-0x00007ff7ccefd700|[g:1][CONSENSUS][PBFT]checkAndChangeView: Reach consensus,org_view=5,cur_changeCycle=1,curView=5,view=6
info|2025-10-07 00:05:22.342254|PBFT-1-0x00007ff7ccefd700|[g:1][CONSENSUS]addRawPrepare,height=31,reqIdx=0,hash=e1224770...,time=0
info|2025-10-07 00:05:22.343622|PBFT-1-0x00007ff7ccefd700|[g:1][CONSENSUS][PBFT]checkTimeout Succ,view=6,toView=7,nodeIdx=1,changeCycle=1,myNode=374bdfe9...,timecost=1
info|2025-10-07 00:05:22.356503|PBFT-1-0x00007ff7ccefd700|[g:1][CONSENSUS][PBFT]checkAndChangeView: Reach consensus,org_view=6,cur_changeCycle=1,curView=6,view=7
info|2025-10-07 00:05:23.356715|PBFTSeal-1-0x00007ff7c56ee700|[g:1][CONSENSUS][SEALER]++++++++++++++++ Generating seal on,blkNum=31,tx=0,nodeIdx=1,hash=befc8abd...
info|2025-10-07 00:05:23.369821|PBFT-1-0x00007ff7ccefd700|[g:1][CONSENSUS][PBFT]checkTimeout Succ,view=7,toView=8,nodeIdx=1,changeCycle=1,myNode=374bdfe9...,timecost=2
info|2025-10-07 00:05:23.373398|PBFT-1-0x00007ff7ccefd700|[g:1][CONSENSUS][PBFT]checkAndChangeView: Reach consensus,org_view=7,cur_changeCycle=1,curView=7,view=8
info|2025-10-07 00:05:23.599569|io_service-0x00007ff7e6f31700|[P2P][Service] heartBeat,connected count=3
info|2025-10-07 00:05:24.372000|PBFT-1-0x00007ff7ccefd700|[g:1][CONSENSUS]addRawPrepare,height=31,reqIdx=2,hash=6c9cba53...,time=1
info|2025-10-07 00:05:24.373761|PBFT-1-0x00007ff7ccefd700|[g:1][CONSENSUS][PBFT]checkTimeout Succ,view=8,toView=9,nodeIdx=1,changeCycle=1,myNode=374bdfe9...,timecost=1
info|2025-10-07 00:05:24.383234|PBFT-1-0x00007ff7ccefd700|[g:1][CONSENSUS][PBFT]checkAndChangeView: Reach consensus,org_view=8,cur_changeCycle=1,curView=8,view=9
info|2025-10-07 00:05:25.394733|PBFT-1-0x00007ff7ccefd700|[g:1][CONSENSUS]addRawPrepare,height=31,reqIdx=3,hash=26bf6481...,time=0
info|2025-10-07 00:05:25.395887|PBFT-1-0x00007ff7ccefd700|[g:1][CONSENSUS][PBFT]checkTimeout Succ,view=9,toView=10,nodeIdx=1,changeCycle=1,myNode=374bdfe9...,timecost=1
info|2025-10-07 00:05:25.405386|PBFT-1-0x00007ff7ccefd700|[g:1][CONSENSUS][PBFT]checkAndChangeView: Reach consensus,org_view=9,cur_changeCycle=1,curView=9,view=10
info|2025-10-07 00:05:26.412217|PBFT-1-0x00007ff7ccefd700|[g:1][CONSENSUS]addRawPrepare,height=31,reqIdx=0,hash=45a1c49c...,time=0
info|2025-10-07 00:05:26.419136|PBFT-1-0x00007ff7ccefd700|[g:1][CONSENSUS][PBFT]checkTimeout Succ,view=10,toView=11,nodeIdx=1,changeCycle=1,myNode=374bdfe9...,timecost=7
info|2025-10-07 00:05:26.425076|PBFT-1-0x00007ff7ccefd700|[g:1][CONSENSUS][PBFT]checkAndChangeView: Reach consensus,org_view=10,cur_changeCycle=1,curView=10,view=11
info|2025-10-07 00:05:27.424798|PBFTSeal-1-0x00007ff7c56ee700|[g:1][CONSENSUS][SEALER]++++++++++++++++ Generating seal on,blkNum=31,tx=0,nodeIdx=1,hash=926e60d2...
info|2025-10-07 00:05:27.431322|PBFT-1-0x00007ff7ccefd700|[g:1][CONSENSUS][PBFT]checkTimeout Succ,view=11,toView=12,nodeIdx=1,changeCycle=1,myNode=374bdfe9...,timecost=1
info|2025-10-07 00:05:27.436584|PBFT-1-0x00007ff7ccefd700|[g:1][CONSENSUS][PBFT]checkAndChangeView: Reach consensus,org_view=11,cur_changeCycle=1,curView=11,view=12
info|2025-10-07 00:05:28.445242|PBFT-1-0x00007ff7ccefd700|[g:1][CONSENSUS]addRawPrepare,height=31,reqIdx=2,hash=e5e2d8b7...,time=0
info|2025-10-07 00:05:28.447734|PBFT-1-0x00007ff7ccefd700|[g:1][CONSENSUS][PBFT]checkTimeout Succ,view=12,toView=13,nodeIdx=1,changeCycle=1,myNode=374bdfe9...,timecost=2
info|2025-10-07 00:05:28.454252|PBFT-1-0x00007ff7ccefd700|[g:1][CONSENSUS][PBFT]checkAndChangeView: Reach consensus,org_view=12,cur_changeCycle=1,curView=12,view=13
info|2025-10-07 00:05:29.461528|PBFT-1-0x00007ff7ccefd700|[g:1][CONSENSUS]addRawPrepare,height=31,reqIdx=3,hash=5af3677b...,time=0
info|2025-10-07 00:05:29.466277|PBFT-1-0x00007ff7ccefd700|[g:1][CONSENSUS][PBFT]checkTimeout Succ,view=13,toView=14,nodeIdx=1,changeCycle=1,myNode=374bdfe9...,timecost=4
info|2025-10-07 00:05:29.470704|PBFT-1-0x00007ff7ccefd700|[g:1][CONSENSUS][PBFT]checkAndChangeView: Reach consensus,org_view=13,cur_changeCycle=1,curView=13,view=14
info|2025-10-07 00:05:30.477242|PBFT-1-0x00007ff7ccefd700|[g:1][CONSENSUS]addRawPrepare,height=31,reqIdx=0,hash=0b73d114...,time=0
info|2025-10-07 00:05:30.481949|PBFT-1-0x00007ff7ccefd700|[g:1][CONSENSUS][PBFT]checkTimeout Succ,view=14,toView=15,nodeIdx=1,changeCycle=1,myNode=374bdfe9...,timecost=2
info|2025-10-07 00:05:30.488344|PBFT-1-0x00007ff7ccefd700|[g:1][CONSENSUS][PBFT]checkAndChangeView: Reach consensus,org_view=14,cur_changeCycle=1,curView=14,view=15
info|2025-10-07 00:05:31.488801|PBFTSeal-1-0x00007ff7c56ee700|[g:1][CONSENSUS][SEALER]++++++++++++++++ Generating seal on,blkNum=31,tx=0,nodeIdx=1,hash=a7b8c0b2...
info|2025-10-07 00:05:31.495463|PBFT-1-0x00007ff7ccefd700|[g:1][CONSENSUS][PBFT]checkTimeout Succ,view=15,toView=16,nodeIdx=1,changeCycle=1,myNode=374bdfe9...,timecost=1
info|2025-10-07 00:05:31.502188|PBFT-1-0x00007ff7ccefd700|[g:1][CONSENSUS][PBFT]checkAndChangeView: Reach consensus,org_view=15,cur_changeCycle=1,curView=15,view=16
info|2025-10-07 00:05:32.511701|PBFT-1-0x00007ff7ccefd700|[g:1][CONSENSUS]addRawPrepare,height=31,reqIdx=2,hash=55978426...,time=0
info|2025-10-07 00:05:32.519730|PBFT-1-0x00007ff7ccefd700|[g:1][CONSENSUS][PBFT]checkTimeout Succ,view=16,toView=17,nodeIdx=1,changeCycle=1,myNode=374bdfe9...,timecost=8
info|2025-10-07 00:05:32.530331|PBFT-1-0x00007ff7ccefd700|[g:1][CONSENSUS][PBFT]checkAndChangeView: Reach consensus,org_view=16,cur_changeCycle=1,curView=16,view=17
info|2025-10-07 00:05:33.536426|PBFT-1-0x00007ff7ccefd700|[g:1][CONSENSUS]addRawPrepare,height=31,reqIdx=3,hash=377df312...,time=0
info|2025-10-07 00:05:33.538520|PBFT-1-0x00007ff7ccefd700|[g:1][CONSENSUS][PBFT]checkTimeout Succ,view=17,toView=18,nodeIdx=1,changeCycle=1,myNode=374bdfe9...,timecost=2
info|2025-10-07 00:05:33.541338|PBFT-1-0x00007ff7ccefd700|[g:1][CONSENSUS][PBFT]checkAndChangeView: Reach consensus,org_view=17,cur_changeCycle=1,curView=17,view=18
info|2025-10-07 00:05:33.599766|io_service-0x00007ff7e6f31700|[P2P][Service] heartBeat,connected count=3
info|2025-10-07 00:05:34.553330|PBFT-1-0x00007ff7ccefd700|[g:1][CONSENSUS]addRawPrepare,height=31,reqIdx=0,hash=01282829...,time=0
info|2025-10-07 00:05:34.556200|PBFT-1-0x00007ff7ccefd700|[g:1][CONSENSUS][PBFT]checkTimeout Succ,view=18,toView=19,nodeIdx=1,changeCycle=1,myNode=374bdfe9...,timecost=3
info|2025-10-07 00:05:34.560968|PBFT-1-0x00007ff7ccefd700|[g:1][CONSENSUS][PBFT]checkAndChangeView: Reach consensus,org_view=18,cur_changeCycle=1,curView=18,view=19
info|2025-10-07 00:05:35.561762|PBFTSeal-1-0x00007ff7c56ee700|[g:1][CONSENSUS][SEALER]++++++++++++++++ Generating seal on,blkNum=31,tx=0,nodeIdx=1,hash=ad0bbafc...
info|2025-10-07 00:05:35.573244|PBFT-1-0x00007ff7ccefd700|[g:1][CONSENSUS][PBFT]checkTimeout Succ,view=19,toView=20,nodeIdx=1,changeCycle=1,myNode=374bdfe9...,timecost=1
info|2025-10-07 00:05:35.579879|PBFT-1-0x00007ff7ccefd700|[g:1][CONSENSUS][PBFT]checkAndChangeView: Reach consensus,org_view=19,cur_changeCycle=1,curView=19,view=20
info|2025-10-07 00:05:37.369607|PBFT-1-0x00007ff7ccefd700|[g:1][CONSENSUS]addRawPrepare,height=31,reqIdx=2,hash=60fe3c0f...,time=0
info|2025-10-07 00:05:37.383062|PBFT-1-0x00007ff7ccefd700|[g:1][CONSENSUS][PBFT]checkTimeout Succ,view=20,toView=21,nodeIdx=1,changeCycle=1,myNode=374bdfe9...,timecost=14
info|2025-10-07 00:05:37.389063|PBFT-1-0x00007ff7ccefd700|[g:1][CONSENSUS][PBFT]checkAndChangeView: Reach consensus,org_view=20,cur_changeCycle=1,curView=20,view=21
info|2025-10-07 00:05:38.396578|PBFT-1-0x00007ff7ccefd700|[g:1][CONSENSUS]addRawPrepare,height=31,reqIdx=3,hash=f07e7c50...,time=0
info|2025-10-07 00:05:38.398551|PBFT-1-0x00007ff7ccefd700|[g:1][CONSENSUS][PBFT]checkTimeout Succ,view=21,toView=22,nodeIdx=1,changeCycle=1,myNode=374bdfe9...,timecost=2
info|2025-10-07 00:05:38.403422|PBFT-1-0x00007ff7ccefd700|[g:1][CONSENSUS][PBFT]checkAndChangeView: Reach consensus,org_view=21,cur_changeCycle=1,curView=21,view=22
info|2025-10-07 00:05:39.417097|PBFT-1-0x00007ff7ccefd700|[g:1][CONSENSUS][PBFT]Trigger fast-viewchange,view=22,toView=22,minView=23,INFO=,reqNum=30,curNum=30,GenIdx=0,Cview=23,view=22,fromIdx=0,fromNode=064cb676...,fromIp=127.0.0.1:30303,hash=096b5bf3...,nodeIdx=1,myNode=374bdfe9...
info|2025-10-07 00:05:39.418795|PBFT-1-0x00007ff7ccefd700|[g:1][CONSENSUS][PBFT]checkAndChangeView: Reach consensus,org_view=22,cur_changeCycle=2,curView=22,view=23
info|2025-10-07 00:05:39.418889|PBFT-1-0x00007ff7ccefd700|[g:1][CONSENSUS][PBFT]checkTimeout Succ,view=23,toView=23,nodeIdx=1,changeCycle=2,myNode=374bdfe9...,timecost=1
info|2025-10-07 00:05:40.419873|PBFTSeal-1-0x00007ff7c56ee700|[g:1][CONSENSUS][SEALER]++++++++++++++++ Generating seal on,blkNum=31,tx=0,nodeIdx=1,hash=d4844293...
info|2025-10-07 00:05:40.424667|PBFT-1-0x00007ff7ccefd700|[g:1][CONSENSUS][PBFT]checkTimeout Succ,view=23,toView=24,nodeIdx=1,changeCycle=1,myNode=374bdfe9...,timecost=3
info|2025-10-07 00:05:40.432854|PBFT-1-0x00007ff7ccefd700|[g:1][CONSENSUS][PBFT]checkAndChangeView: Reach consensus,org_view=23,cur_changeCycle=1,curView=23,view=24
info|2025-10-07 00:05:41.439806|PBFT-1-0x00007ff7ccefd700|[g:1][CONSENSUS]addRawPrepare,height=31,reqIdx=2,hash=cc066405...,time=0
info|2025-10-07 00:05:41.443392|PBFT-1-0x00007ff7ccefd700|[g:1][CONSENSUS][PBFT]checkTimeout Succ,view=24,toView=25,nodeIdx=1,changeCycle=1,myNode=374bdfe9...,timecost=4
info|2025-10-07 00:05:41.446816|PBFT-1-0x00007ff7ccefd700|[g:1][CONSENSUS][PBFT]checkAndChangeView: Reach consensus,org_view=24,cur_changeCycle=1,curView=24,view=25
info|2025-10-07 00:05:42.104398|PBFTWork-1-0x00007ff7d370a700|[g:1][CONSENSUS][PartiallyPBFTReqCache]addPartiallyRawPrepare,height=31,reqIdx=3,hash=e7a3fcc7...
info|2025-10-07 00:05:42.114706|PBFTWork-1-0x00007ff7d370a700|[g:1][BLOCKVERIFIER][executeBlock]Executing block,txNum=1,num=31,parentHash=096b5bf399f795a72e03976b20df0ec2a4b844fd1fe258f4b2d4131510015fe8,parentNum=30,parentStateRoot=a7d07cd56c6c060c2561ba65d0f0169febdfea900e286771495f55191050829c
info|2025-10-07 00:05:42.115064|PBFTWork-1-0x00007ff7d370a700|[g:1][PRECOMPILED]init GasChargeManagePrecompiled
info|2025-10-07 00:05:43.599902|io_service-0x00007ff7e6f31700|[P2P][Service] heartBeat,connected count=3
info|2025-10-07 00:05:45.774004|PBFTWork-1-0x00007ff7d370a700|[g:1][PRECOMPILED][TimerPrecompiled]getCurrentTimeMillis,timeMillis=1759820745773
info|2025-10-07 00:05:53.600484|io_service-0x00007ff7e6f31700|[P2P][Service] heartBeat,connected count=3
info|2025-10-07 00:06:03.601092|io_service-0x00007ff7e6f31700|[P2P][Service] heartBeat,connected count=3
error|2025-10-07 00:06:05.793548|PBFTWork-1-0x00007ff7d370a700|[g:1][EXECUTIVE][TxExeError]Transaction execution error,TransactionExceptionID=12,hash=e512031272cf08a8ffcd9a7ea340a9b3bbd7a421518a03ebd86fe733e51b0fcc
info|2025-10-07 00:06:05.802624|PBFTWork-1-0x00007ff7d370a700|[g:1][CONSENSUS][PBFT]execBlock,blkNum=31,reqIdx=3,hash=7e29fb24...,nodeIdx=1,myNode=374bdfe9...,decodeCost=0,checkCost=1,notifyCost=0,noteSealingCost=0,currentCycle=1,verifyAndSetSenderCost=0,execCost=23697,execPerTx=23697,totalCost=23698
info|2025-10-07 00:06:05.821212|PBFTWork-1-0x00007ff7d370a700|[g:1][CONSENSUS][PBFT]handlePrepareMsg Succ,timecost=19,INFO=handlePartiallyPrepare,reqIdx=3,view=25,reqNum=31,curNum=30,consNum=31,hash=e7a3fcc7...,nodeIdx=1,myNode=374bdfe9...,curChangeCycle=1
info|2025-10-07 00:06:07.742507|PBFT-1-0x00007ff7ccefd700|[g:1][CONSENSUS][PBFT]handleSignMsg Succ,Timecost=1,INFO=handleSignMsg,num=31,curNum=30,GenIdx=3,Sview=25,view=25,fromIdx=3,fromNode=87d00b98...,fromIp=127.0.0.1:30302,hash=7e29fb24...,nodeIdx=1,myNode=374bdfe9...
info|2025-10-07 00:06:08.877321|PBFT-1-0x00007ff7ccefd700|[g:1][CONSENSUS][PBFT]checkAndCommit: backup/updateCommittedPrepare,reqNum=31,hash=e7a3fcc7...,nodeIdx=1,myNode=374bdfe9...
info|2025-10-07 00:06:08.878691|PBFT-1-0x00007ff7ccefd700|[g:1][CONSENSUS][PBFT]handleSignMsg Succ,Timecost=3,INFO=handleSignMsg,num=31,curNum=30,GenIdx=0,Sview=25,view=25,fromIdx=0,fromNode=064cb676...,fromIp=127.0.0.1:30303,hash=7e29fb24...,nodeIdx=1,myNode=374bdfe9...
info|2025-10-07 00:06:08.883146|PBFT-1-0x00007ff7ccefd700|[g:1][CONSENSUS][PBFT]handleCommitMsg Succ,INFO=handleCommitMsg,reqNum=31,curNum=30,GenIdx=3,Cview=25,view=25,fromIdx=3,fromNode=87d00b98...,fromIp=127.0.0.1:30302,hash=7e29fb24...,nodeIdx=1,myNode=374bdfe9...,Timecost=2
info|2025-10-07 00:06:08.885030|PBFT-1-0x00007ff7ccefd700|[g:1][CONSENSUS][PBFT]checkAndSave: CommitReq enough,prepareHeight=31,commitSize=3,hash=7e29fb24...,nodeIdx=1,myNode=374bdfe9...
info|2025-10-07 00:06:08.888087|PBFT-1-0x00007ff7ccefd700|[g:1][g:1][STORAGE][CachedStorage]commit: 6 num: 31
info|2025-10-07 00:06:08.890289|taskPool-1-0x00007ff7d5f0f700|[g:1][g:1][STORAGE][CachedStorage]Start commit block: 31 to backend storage
info|2025-10-07 00:06:08.890623|taskPool-1-0x00007ff7d5f0f700|[g:1][g:1][STORAGE][CachedStorage]
---------------------------------------------------------------------
Commit block: 31 to backend storage finished, current cached block: 31
Flush elapsed time: 0.0003s
---------------------------------------------------------------------
info|2025-10-07 00:06:08.890868|PBFT-1-0x00007ff7ccefd700|[g:1][g:1][STORAGE][CachedStorage]Submited block task: 31, current syncd block: 31
info|2025-10-07 00:06:08.892851|PBFT-1-0x00007ff7ccefd700|[g:1]Push block notify: 1-31
info|2025-10-07 00:06:08.893116|PBFT-1-0x00007ff7ccefd700|[g:1][CONSENSUS][PBFT]CommitBlock Succ,prepareHeight=31,reqIdx=3,hash=7e29fb24...,nodeIdx=1,myNode=374bdfe9...,genSigTimeCost=1,commitBlockTimeCost=7,dropTxsTimeCost=1,noteSealingTimeCost=0,totalTimeCost=9
info|2025-10-07 00:06:08.893165|PBFT-1-0x00007ff7ccefd700|[g:1][CONSENSUS][PBFT]handleCommitMsg Succ,INFO=handleCommitMsg,reqNum=31,curNum=30,GenIdx=0,Cview=25,view=25,fromIdx=0,fromNode=064cb676...,fromIp=127.0.0.1:30303,hash=7e29fb24...,nodeIdx=1,myNode=374bdfe9...,Timecost=10
info|2025-10-07 00:06:08.894372|PBFTSeal-1-0x00007ff7c56ee700|[g:1][CONSENSUS][PBFT]^^^^^^^^Report,num=31,sealerIdx=3,hash=7e29fb24...,next=32,tx=1,nodeIdx=1
info|2025-10-07 00:06:09.906531|PBFT-1-0x00007ff7ccefd700|[g:1][CONSENSUS]addRawPrepare,height=32,reqIdx=3,hash=2baa7e79...,time=0
info|2025-10-07 00:06:09.909298|PBFT-1-0x00007ff7ccefd700|[g:1][CONSENSUS][PBFT]checkTimeout Succ,view=0,toView=1,nodeIdx=1,changeCycle=1,myNode=374bdfe9...,timecost=3
info|2025-10-07 00:06:09.912397|PBFT-1-0x00007ff7ccefd700|[g:1][CONSENSUS][PBFT]checkAndChangeView: Reach consensus,org_view=0,cur_changeCycle=1,curView=0,view=1
info|2025-10-07 00:06:10.924248|PBFT-1-0x00007ff7ccefd700|[g:1][CONSENSUS]addRawPrepare,height=32,reqIdx=0,hash=72068965...,time=0
info|2025-10-07 00:06:10.926898|PBFT-1-0x00007ff7ccefd700|[g:1][CONSENSUS][PBFT]checkTimeout Succ,view=1,toView=2,nodeIdx=1,changeCycle=1,myNode=374bdfe9...,timecost=2
info|2025-10-07 00:06:10.935023|PBFT-1-0x00007ff7ccefd700|[g:1][CONSENSUS][PBFT]checkAndChangeView: Reach consensus,org_view=1,cur_changeCycle=1,curView=1,view=2
info|2025-10-07 00:06:11.936587|PBFTSeal-1-0x00007ff7c56ee700|[g:1][CONSENSUS][SEALER]++++++++++++++++ Generating seal on,blkNum=32,tx=0,nodeIdx=1,hash=ed650ddf...
info|2025-10-07 00:06:11.939425|PBFT-1-0x00007ff7ccefd700|[g:1][CONSENSUS][PBFT]checkTimeout Succ,view=2,toView=3,nodeIdx=1,changeCycle=1,myNode=374bdfe9...,timecost=1
info|2025-10-07 00:06:11.948801|PBFT-1-0x00007ff7ccefd700|[g:1][CONSENSUS][PBFT]checkAndChangeView: Reach consensus,org_view=2,cur_changeCycle=1,curView=2,view=3
info|2025-10-07 00:06:12.953096|PBFT-1-0x00007ff7ccefd700|[g:1][CONSENSUS]addRawPrepare,height=32,reqIdx=2,hash=9975d6e3...,time=0
info|2025-10-07 00:06:12.957088|PBFT-1-0x00007ff7ccefd700|[g:1][CONSENSUS][PBFT]checkTimeout Succ,view=3,toView=4,nodeIdx=1,changeCycle=1,myNode=374bdfe9...,timecost=4
info|2025-10-07 00:06:12.967974|PBFT-1-0x00007ff7ccefd700|[g:1][CONSENSUS][PBFT]checkAndChangeView: Reach consensus,org_view=3,cur_changeCycle=1,curView=3,view=4
info|2025-10-07 00:06:13.601831|io_service-0x00007ff7e6f31700|[P2P][Service] heartBeat,connected count=3
info|2025-10-07 00:06:13.974651|PBFT-1-0x00007ff7ccefd700|[g:1][CONSENSUS]addRawPrepare,height=32,reqIdx=3,hash=c80c4abe...,time=0
info|2025-10-07 00:06:13.977484|PBFT-1-0x00007ff7ccefd700|[g:1][CONSENSUS][PBFT]checkTimeout Succ,view=4,toView=5,nodeIdx=1,changeCycle=1,myNode=374bdfe9...,timecost=3
info|2025-10-07 00:06:13.984990|PBFT-1-0x00007ff7ccefd700|[g:1][CONSENSUS][PBFT]checkAndChangeView: Reach consensus,org_view=4,cur_changeCycle=1,curView=4,view=5
info|2025-10-07 00:06:14.990020|PBFT-1-0x00007ff7ccefd700|[g:1][CONSENSUS]addRawPrepare,height=32,reqIdx=0,hash=fa08311f...,time=0
info|2025-10-07 00:06:14.991582|PBFT-1-0x00007ff7ccefd700|[g:1][CONSENSUS][PBFT]checkTimeout Succ,view=5,toView=6,nodeIdx=1,changeCycle=1,myNode=374bdfe9...,timecost=1
info|2025-10-07 00:06:14.998812|PBFT-1-0x00007ff7ccefd700|[g:1][CONSENSUS][PBFT]checkAndChangeView: Reach consensus,org_view=5,cur_changeCycle=1,curView=5,view=6
info|2025-10-07 00:06:15.998979|PBFTSeal-1-0x00007ff7c56ee700|[g:1][CONSENSUS][SEALER]++++++++++++++++ Generating seal on,blkNum=32,tx=0,nodeIdx=1,hash=249713b0...
info|2025-10-07 00:06:16.006087|PBFT-1-0x00007ff7ccefd700|[g:1][CONSENSUS][PBFT]checkTimeout Succ,view=6,toView=7,nodeIdx=1,changeCycle=1,myNode=374bdfe9...,timecost=2
info|2025-10-07 00:06:16.010378|PBFT-1-0x00007ff7ccefd700|[g:1][CONSENSUS][PBFT]checkAndChangeView: Reach consensus,org_view=6,cur_changeCycle=1,curView=6,view=7
info|2025-10-07 00:06:17.015358|PBFT-1-0x00007ff7ccefd700|[g:1][CONSENSUS]addRawPrepare,height=32,reqIdx=2,hash=c17155e2...,time=0
info|2025-10-07 00:06:17.021296|PBFT-1-0x00007ff7ccefd700|[g:1][CONSENSUS][PBFT]checkTimeout Succ,view=7,toView=8,nodeIdx=1,changeCycle=1,myNode=374bdfe9...,timecost=6
info|2025-10-07 00:06:17.027340|PBFT-1-0x00007ff7ccefd700|[g:1][CONSENSUS][PBFT]checkAndChangeView: Reach consensus,org_view=7,cur_changeCycle=1,curView=7,view=8
info|2025-10-07 00:06:18.027298|PBFT-1-0x00007ff7ccefd700|[g:1][CONSENSUS]addRawPrepare,height=32,reqIdx=3,hash=935af2a2...,time=0
info|2025-10-07 00:06:18.032680|PBFT-1-0x00007ff7ccefd700|[g:1][CONSENSUS][PBFT]checkTimeout Succ,view=8,toView=9,nodeIdx=1,changeCycle=1,myNode=374bdfe9...,timecost=5
info|2025-10-07 00:06:18.038632|PBFT-1-0x00007ff7ccefd700|[g:1][CONSENSUS][PBFT]checkAndChangeView: Reach consensus,org_view=8,cur_changeCycle=1,curView=8,view=9
info|2025-10-07 00:06:19.044066|PBFT-1-0x00007ff7ccefd700|[g:1][CONSENSUS]addRawPrepare,height=32,reqIdx=0,hash=3d88cf20...,time=0
info|2025-10-07 00:06:19.045496|PBFT-1-0x00007ff7ccefd700|[g:1][CONSENSUS][PBFT]checkTimeout Succ,view=9,toView=10,nodeIdx=1,changeCycle=1,myNode=374bdfe9...,timecost=1
info|2025-10-07 00:06:19.055498|PBFT-1-0x00007ff7ccefd700|[g:1][CONSENSUS][PBFT]checkAndChangeView: Reach consensus,org_view=9,cur_changeCycle=1,curView=9,view=10
info|2025-10-07 00:06:20.055678|PBFTSeal-1-0x00007ff7c56ee700|[g:1][CONSENSUS][SEALER]++++++++++++++++ Generating seal on,blkNum=32,tx=0,nodeIdx=1,hash=ec9516ae...
info|2025-10-07 00:06:20.061278|PBFT-1-0x00007ff7ccefd700|[g:1][CONSENSUS][PBFT]checkTimeout Succ,view=10,toView=11,nodeIdx=1,changeCycle=1,myNode=374bdfe9...,timecost=2
info|2025-10-07 00:06:20.070633|PBFT-1-0x00007ff7ccefd700|[g:1][CONSENSUS][PBFT]checkAndChangeView: Reach consensus,org_view=10,cur_changeCycle=1,curView=10,view=11
info|2025-10-07 00:06:21.080836|PBFT-1-0x00007ff7ccefd700|[g:1][CONSENSUS]addRawPrepare,height=32,reqIdx=2,hash=63cdb6a6...,time=0
info|2025-10-07 00:06:21.085996|PBFT-1-0x00007ff7ccefd700|[g:1][CONSENSUS][PBFT]checkTimeout Succ,view=11,toView=12,nodeIdx=1,changeCycle=1,myNode=374bdfe9...,timecost=4
info|2025-10-07 00:06:21.090037|PBFT-1-0x00007ff7ccefd700|[g:1][CONSENSUS][PBFT]checkAndChangeView: Reach consensus,org_view=11,cur_changeCycle=1,curView=11,view=12
info|2025-10-07 00:06:22.093810|PBFT-1-0x00007ff7ccefd700|[g:1][CONSENSUS]addRawPrepare,height=32,reqIdx=3,hash=11d5d5aa...,time=0
info|2025-10-07 00:06:22.101562|PBFT-1-0x00007ff7ccefd700|[g:1][CONSENSUS][PBFT]checkTimeout Succ,view=12,toView=13,nodeIdx=1,changeCycle=1,myNode=374bdfe9...,timecost=8
info|2025-10-07 00:06:22.109518|PBFT-1-0x00007ff7ccefd700|[g:1][CONSENSUS][PBFT]checkAndChangeView: Reach consensus,org_view=12,cur_changeCycle=1,curView=12,view=13
info|2025-10-07 00:06:23.109309|PBFT-1-0x00007ff7ccefd700|[g:1][CONSENSUS]addRawPrepare,height=32,reqIdx=0,hash=8c1807e7...,time=0
info|2025-10-07 00:06:23.113312|PBFT-1-0x00007ff7ccefd700|[g:1][CONSENSUS][PBFT]checkTimeout Succ,view=13,toView=14,nodeIdx=1,changeCycle=1,myNode=374bdfe9...,timecost=3
info|2025-10-07 00:06:23.117058|PBFT-1-0x00007ff7ccefd700|[g:1][CONSENSUS][PBFT]checkAndChangeView: Reach consensus,org_view=13,cur_changeCycle=1,curView=13,view=14
info|2025-10-07 00:06:23.602447|io_service-0x00007ff7e6f31700|[P2P][Service] heartBeat,connected count=3
info|2025-10-07 00:06:24.117116|PBFTSeal-1-0x00007ff7c56ee700|[g:1][CONSENSUS][SEALER]++++++++++++++++ Generating seal on,blkNum=32,tx=0,nodeIdx=1,hash=9a7aab0f...
info|2025-10-07 00:06:24.120244|PBFT-1-0x00007ff7ccefd700|[g:1][CONSENSUS][PBFT]checkTimeout Succ,view=14,toView=15,nodeIdx=1,changeCycle=1,myNode=374bdfe9...,timecost=1
info|2025-10-07 00:06:24.130705|PBFT-1-0x00007ff7ccefd700|[g:1][CONSENSUS][PBFT]checkAndChangeView: Reach consensus,org_view=14,cur_changeCycle=1,curView=14,view=15
info|2025-10-07 00:06:25.139099|PBFT-1-0x00007ff7ccefd700|[g:1][CONSENSUS]addRawPrepare,height=32,reqIdx=2,hash=1e732baf...,time=0
info|2025-10-07 00:06:25.144581|PBFT-1-0x00007ff7ccefd700|[g:1][CONSENSUS][PBFT]checkTimeout Succ,view=15,toView=16,nodeIdx=1,changeCycle=1,myNode=374bdfe9...,timecost=5
info|2025-10-07 00:06:25.150010|PBFT-1-0x00007ff7ccefd700|[g:1][CONSENSUS][PBFT]checkAndChangeView: Reach consensus,org_view=15,cur_changeCycle=1,curView=15,view=16
info|2025-10-07 00:06:26.156362|PBFT-1-0x00007ff7ccefd700|[g:1][CONSENSUS]addRawPrepare,height=32,reqIdx=3,hash=ec19777b...,time=0
info|2025-10-07 00:06:26.158972|PBFT-1-0x00007ff7ccefd700|[g:1][CONSENSUS][PBFT]checkTimeout Succ,view=16,toView=17,nodeIdx=1,changeCycle=1,myNode=374bdfe9...,timecost=2
info|2025-10-07 00:06:26.164777|PBFT-1-0x00007ff7ccefd700|[g:1][CONSENSUS][PBFT]checkAndChangeView: Reach consensus,org_view=16,cur_changeCycle=1,curView=16,view=17
info|2025-10-07 00:06:26.830932|PBFTWork-1-0x00007ff7d370a700|[g:1][CONSENSUS][PartiallyPBFTReqCache]addPartiallyRawPrepare,height=32,reqIdx=0,hash=bddf7247...
info|2025-10-07 00:06:26.832233|PBFTWork-1-0x00007ff7d370a700|[g:1][BLOCKVERIFIER][executeBlock]Executing block,txNum=1,num=32,parentHash=7e29fb24f8782a4455b128fb6b00834beae435b4799e9de9f83b29357d2d5e0a,parentNum=31,parentStateRoot=8fbd432a738f0bcba72744b56cb733dc7f2aa6a0b8ab2c52c852967da1a555b1
info|2025-10-07 00:06:26.832446|PBFTWork-1-0x00007ff7d370a700|[g:1][PRECOMPILED]init GasChargeManagePrecompiled
info|2025-10-07 00:06:27.289753|PBFTWork-1-0x00007ff7d370a700|[g:1][PRECOMPILED][TimerPrecompiled]getCurrentTimeMillis,timeMillis=1759820787289
info|2025-10-07 00:06:30.807711|PBFTWork-1-0x00007ff7d370a700|[g:1][PRECOMPILED][TimerPrecompiled]getCurrentTimeMillis,timeMillis=1759820790807
info|2025-10-07 00:06:30.807875|PBFTWork-1-0x00007ff7d370a700|[g:1][PRECOMPILED][TimerPrecompiled]getCurrentTimeMillis,timeMillis=1759820790807
info|2025-10-07 00:06:31.385211|PBFTWork-1-0x00007ff7d370a700|[g:1][PRECOMPILED][TimerPrecompiled]getCurrentTimeMillis,timeMillis=1759820791385
info|2025-10-07 00:06:31.386867|PBFTWork-1-0x00007ff7d370a700|[g:1][CONSENSUS][PBFT]execBlock,blkNum=32,reqIdx=0,hash=a986a362...,nodeIdx=1,myNode=374bdfe9...,decodeCost=0,checkCost=0,notifyCost=0,noteSealingCost=1,currentCycle=1,verifyAndSetSenderCost=0,execCost=4554,execPerTx=4554,totalCost=4555
info|2025-10-07 00:06:31.389550|PBFTWork-1-0x00007ff7d370a700|[g:1][CONSENSUS][PBFT]handlePrepareMsg Succ,timecost=3,INFO=handlePartiallyPrepare,reqIdx=0,view=17,reqNum=32,curNum=31,consNum=32,hash=bddf7247...,nodeIdx=1,myNode=374bdfe9...,curChangeCycle=1
info|2025-10-07 00:06:32.689151|PBFT-1-0x00007ff7ccefd700|[g:1][CONSENSUS][PBFT]checkReq: Recv future request,prepHash=a986a362...,INFO=handleSignMsg,num=32,curNum=31,GenIdx=3,Sview=17,view=17,fromIdx=3,fromNode=87d00b98...,fromIp=127.0.0.1:30302,hash=60171eb6...,nodeIdx=1,myNode=374bdfe9...
info|2025-10-07 00:06:32.689268|PBFT-1-0x00007ff7ccefd700|[g:1][CONSENSUS][PBFT]FutureBlock,INFO=handleSignMsg,num=32,curNum=31,GenIdx=3,Sview=17,view=17,fromIdx=3,fromNode=87d00b98...,fromIp=127.0.0.1:30302,hash=60171eb6...,nodeIdx=1,myNode=374bdfe9...
info|2025-10-07 00:06:32.753062|PBFT-1-0x00007ff7ccefd700|[g:1][CONSENSUS][PBFT]checkReq: Recv future request,prepHash=a986a362...,INFO=handleSignMsg,num=32,curNum=31,GenIdx=0,Sview=17,view=17,fromIdx=0,fromNode=064cb676...,fromIp=127.0.0.1:30303,hash=74b79420...,nodeIdx=1,myNode=374bdfe9...
info|2025-10-07 00:06:32.753104|PBFT-1-0x00007ff7ccefd700|[g:1][CONSENSUS][PBFT]FutureBlock,INFO=handleSignMsg,num=32,curNum=31,GenIdx=0,Sview=17,view=17,fromIdx=0,fromNode=064cb676...,fromIp=127.0.0.1:30303,hash=74b79420...,nodeIdx=1,myNode=374bdfe9...
info|2025-10-07 00:06:32.853136|PBFT-1-0x00007ff7ccefd700|[g:1][CONSENSUS][PBFT]checkReq: Recv future request,prepHash=a986a362...,INFO=handleSignMsg,num=32,curNum=31,GenIdx=2,Sview=17,view=17,fromIdx=2,fromNode=73994dae...,fromIp=127.0.0.1:30300,hash=266a1729...,nodeIdx=1,myNode=374bdfe9...
info|2025-10-07 00:06:32.853162|PBFT-1-0x00007ff7ccefd700|[g:1][CONSENSUS][PBFT]FutureBlock,INFO=handleSignMsg,num=32,curNum=31,GenIdx=2,Sview=17,view=17,fromIdx=2,fromNode=73994dae...,fromIp=127.0.0.1:30300,hash=266a1729...,nodeIdx=1,myNode=374bdfe9...
info|2025-10-07 00:06:33.603221|io_service-0x00007ff7e6f31700|[P2P][Service] heartBeat,connected count=3
info|2025-10-07 00:06:35.889277|PBFT-1-0x00007ff7ccefd700|[g:1][CONSENSUS][SEALER]decrease maxBlockCanSeal to half for PBFT timeout,org_maxBlockCanSeal=1000,halfed_maxBlockCanSeal=500,timeoutCount=1,lastTimeoutTx=1
warning|2025-10-07 00:06:35.890457|PBFT-1-0x00007ff7ccefd700|[g:1][CONSENSUS][PBFT]ViewChangeWarning: not caused by omit empty block ,v=17,toV=18,curNum=31,hash=7e29fb24...,nodeIdx=1,myNode=374bdfe9...
info|2025-10-07 00:06:35.890589|PBFT-1-0x00007ff7ccefd700|[g:1][CONSENSUS][PBFT]checkTimeout Succ,view=17,toView=18,nodeIdx=1,changeCycle=2,myNode=374bdfe9...,timecost=1
info|2025-10-07 00:06:37.207900|PBFT-1-0x00007ff7ccefd700|[g:1][CONSENSUS][PBFT]checkAndChangeView: Reach consensus,org_view=17,cur_changeCycle=2,curView=17,view=18
info|2025-10-07 00:06:37.708578|PBFTSeal-1-0x00007ff7c56ee700|[g:1][CONSENSUS][SEALER]++++++++++++++++ Generating seal on,blkNum=32,tx=1,nodeIdx=1,hash=bc67c290...
info|2025-10-07 00:06:37.711287|sealerWorker-0x00007ff7d4f0d700|[CONSENSUS]addRawPrepare,height=32,reqIdx=1,hash=bc67c290...,time=0
info|2025-10-07 00:06:37.711509|sealerWorker-0x00007ff7d4f0d700|[BLOCKVERIFIER][executeBlock]Executing block,txNum=1,num=32,parentHash=7e29fb24f8782a4455b128fb6b00834beae435b4799e9de9f83b29357d2d5e0a,parentNum=31,parentStateRoot=8fbd432a738f0bcba72744b56cb733dc7f2aa6a0b8ab2c52c852967da1a555b1
info|2025-10-07 00:06:37.711653|sealerWorker-0x00007ff7d4f0d700|[PRECOMPILED]init GasChargeManagePrecompiled
info|2025-10-07 00:06:38.252772|sealerWorker-0x00007ff7d4f0d700|[PRECOMPILED][TimerPrecompiled]getCurrentTimeMillis,timeMillis=1759820798252
info|2025-10-07 00:06:42.946953|sealerWorker-0x00007ff7d4f0d700|[PRECOMPILED][TimerPrecompiled]getCurrentTimeMillis,timeMillis=1759820802946
info|2025-10-07 00:06:42.947128|sealerWorker-0x00007ff7d4f0d700|[PRECOMPILED][TimerPrecompiled]getCurrentTimeMillis,timeMillis=1759820802947
info|2025-10-07 00:06:43.603359|io_service-0x00007ff7e6f31700|[P2P][Service] heartBeat,connected count=3
info|2025-10-07 00:06:44.306003|sealerWorker-0x00007ff7d4f0d700|[PRECOMPILED][TimerPrecompiled]getCurrentTimeMillis,timeMillis=1759820804305
info|2025-10-07 00:06:44.308223|sealerWorker-0x00007ff7d4f0d700|[CONSENSUS][PBFT]execBlock,blkNum=32,reqIdx=1,hash=a0b6162d...,nodeIdx=1,myNode=374bdfe9...,decodeCost=0,checkCost=0,notifyCost=0,noteSealingCost=0,currentCycle=2,verifyAndSetSenderCost=0,execCost=6597,execPerTx=6597,totalCost=6597
info|2025-10-07 00:06:44.315366|sealerWorker-0x00007ff7d4f0d700|[CONSENSUS][PBFT]handlePrepareMsg Succ,timecost=7,INFO=handlePrepareMsg,reqIdx=1,view=18,reqNum=32,curNum=31,consNum=32,curView=18,fromIp=self,hash=bc67c290...,nodeIdx=1,myNode=374bdfe9...,curChangeCycle=2
info|2025-10-07 00:06:44.315410|sealerWorker-0x00007ff7d4f0d700|[CONSENSUS][PBFT]generateLocalPrepare,hash=bc67c290...,H=32,nodeIdx=1,myNode=374bdfe9...
info|2025-10-07 00:06:44.315690|PBFT-1-0x00007ff7ccefd700|[g:1][CONSENSUS][PBFT]checkReq: Recv future request,prepHash=a0b6162d...,INFO=handleSignMsg,num=32,curNum=31,GenIdx=2,Sview=18,view=18,fromIdx=2,fromNode=73994dae...,fromIp=127.0.0.1:30300,hash=dd3c26b8...,nodeIdx=1,myNode=374bdfe9...
info|2025-10-07 00:06:44.315705|PBFT-1-0x00007ff7ccefd700|[g:1][CONSENSUS][PBFT]FutureBlock,INFO=handleSignMsg,num=32,curNum=31,GenIdx=2,Sview=18,view=18,fromIdx=2,fromNode=73994dae...,fromIp=127.0.0.1:30300,hash=dd3c26b8...,nodeIdx=1,myNode=374bdfe9...
info|2025-10-07 00:06:44.315721|PBFT-1-0x00007ff7ccefd700|[g:1][CONSENSUS][PBFT]checkReq: Recv future request,prepHash=a0b6162d...,INFO=handleSignMsg,num=32,curNum=31,GenIdx=3,Sview=18,view=18,fromIdx=3,fromNode=87d00b98...,fromIp=127.0.0.1:30302,hash=764c5455...,nodeIdx=1,myNode=374bdfe9...
info|2025-10-07 00:06:44.315728|PBFT-1-0x00007ff7ccefd700|[g:1][CONSENSUS][PBFT]FutureBlock,INFO=handleSignMsg,num=32,curNum=31,GenIdx=3,Sview=18,view=18,fromIdx=3,fromNode=87d00b98...,fromIp=127.0.0.1:30302,hash=764c5455...,nodeIdx=1,myNode=374bdfe9...
info|2025-10-07 00:06:44.482648|PBFT-1-0x00007ff7ccefd700|[g:1][CONSENSUS][PBFT]checkReq: Recv future request,prepHash=a0b6162d...,INFO=handleSignMsg,num=32,curNum=31,GenIdx=0,Sview=18,view=18,fromIdx=0,fromNode=064cb676...,fromIp=127.0.0.1:30303,hash=def151a2...,nodeIdx=1,myNode=374bdfe9...
info|2025-10-07 00:06:44.482701|PBFT-1-0x00007ff7ccefd700|[g:1][CONSENSUS][PBFT]FutureBlock,INFO=handleSignMsg,num=32,curNum=31,GenIdx=0,Sview=18,view=18,fromIdx=0,fromNode=064cb676...,fromIp=127.0.0.1:30303,hash=def151a2...,nodeIdx=1,myNode=374bdfe9...
info|2025-10-07 00:06:50.570180|PBFT-1-0x00007ff7ccefd700|[g:1][CONSENSUS][PBFT]Trigger fast-viewchange,view=18,toView=18,minView=19,INFO=,reqNum=31,curNum=31,GenIdx=3,Cview=19,view=18,fromIdx=3,fromNode=87d00b98...,fromIp=127.0.0.1:30302,hash=7e29fb24...,nodeIdx=1,myNode=374bdfe9...
info|2025-10-07 00:06:50.571705|PBFT-1-0x00007ff7ccefd700|[g:1][CONSENSUS][PBFT]checkAndChangeView: Reach consensus,org_view=18,cur_changeCycle=3,curView=18,view=19
info|2025-10-07 00:06:50.571760|PBFT-1-0x00007ff7ccefd700|[g:1][CONSENSUS][PBFT]checkTimeout Succ,view=19,toView=19,nodeIdx=1,changeCycle=3,myNode=374bdfe9...,timecost=1
info|2025-10-07 00:06:51.077666|PBFTWork-1-0x00007ff7d370a700|[g:1][CONSENSUS][PartiallyPBFTReqCache]addPartiallyRawPrepare,height=32,reqIdx=2,hash=cc1e914b...
info|2025-10-07 00:06:51.078366|PBFTWork-1-0x00007ff7d370a700|[g:1][BLOCKVERIFIER][executeBlock]Executing block,txNum=1,num=32,parentHash=7e29fb24f8782a4455b128fb6b00834beae435b4799e9de9f83b29357d2d5e0a,parentNum=31,parentStateRoot=8fbd432a738f0bcba72744b56cb733dc7f2aa6a0b8ab2c52c852967da1a555b1
info|2025-10-07 00:06:51.078542|PBFTWork-1-0x00007ff7d370a700|[g:1][PRECOMPILED]init GasChargeManagePrecompiled
info|2025-10-07 00:06:51.519779|PBFTWork-1-0x00007ff7d370a700|[g:1][PRECOMPILED][TimerPrecompiled]getCurrentTimeMillis,timeMillis=1759820811519
info|2025-10-07 00:06:53.603960|io_service-0x00007ff7e6f31700|[P2P][Service] heartBeat,connected count=3
info|2025-10-07 00:06:55.595191|PBFTWork-1-0x00007ff7d370a700|[g:1][PRECOMPILED][TimerPrecompiled]getCurrentTimeMillis,timeMillis=1759820815595
info|2025-10-07 00:06:55.595338|PBFTWork-1-0x00007ff7d370a700|[g:1][PRECOMPILED][TimerPrecompiled]getCurrentTimeMillis,timeMillis=1759820815595
info|2025-10-07 00:06:56.902771|PBFTWork-1-0x00007ff7d370a700|[g:1][PRECOMPILED][TimerPrecompiled]getCurrentTimeMillis,timeMillis=1759820816902
info|2025-10-07 00:06:56.906537|PBFTWork-1-0x00007ff7d370a700|[g:1][CONSENSUS][PBFT]execBlock,blkNum=32,reqIdx=2,hash=f0980b9c...,nodeIdx=1,myNode=374bdfe9...,decodeCost=0,checkCost=1,notifyCost=0,noteSealingCost=0,currentCycle=3,verifyAndSetSenderCost=0,execCost=5828,execPerTx=5828,totalCost=5829
info|2025-10-07 00:06:56.909982|PBFTWork-1-0x00007ff7d370a700|[g:1][CONSENSUS][PBFT]handlePrepareMsg Succ,timecost=4,INFO=handlePartiallyPrepare,reqIdx=2,view=19,reqNum=32,curNum=31,consNum=32,hash=cc1e914b...,nodeIdx=1,myNode=374bdfe9...,curChangeCycle=3
info|2025-10-07 00:06:56.910127|PBFT-1-0x00007ff7ccefd700|[g:1][CONSENSUS][PBFT]checkReq: Recv future request,prepHash=f0980b9c...,INFO=handleSignMsg,num=32,curNum=31,GenIdx=0,Sview=19,view=19,fromIdx=0,fromNode=064cb676...,fromIp=127.0.0.1:30303,hash=7d390c38...,nodeIdx=1,myNode=374bdfe9...
info|2025-10-07 00:06:56.910160|PBFT-1-0x00007ff7ccefd700|[g:1][CONSENSUS][PBFT]FutureBlock,INFO=handleSignMsg,num=32,curNum=31,GenIdx=0,Sview=19,view=19,fromIdx=0,fromNode=064cb676...,fromIp=127.0.0.1:30303,hash=7d390c38...,nodeIdx=1,myNode=374bdfe9...
info|2025-10-07 00:06:56.976007|PBFT-1-0x00007ff7ccefd700|[g:1][CONSENSUS][PBFT]checkReq: Recv future request,prepHash=f0980b9c...,INFO=handleSignMsg,num=32,curNum=31,GenIdx=3,Sview=19,view=19,fromIdx=3,fromNode=87d00b98...,fromIp=127.0.0.1:30302,hash=85ccc980...,nodeIdx=1,myNode=374bdfe9...
info|2025-10-07 00:06:56.976044|PBFT-1-0x00007ff7ccefd700|[g:1][CONSENSUS][PBFT]FutureBlock,INFO=handleSignMsg,num=32,curNum=31,GenIdx=3,Sview=19,view=19,fromIdx=3,fromNode=87d00b98...,fromIp=127.0.0.1:30302,hash=85ccc980...,nodeIdx=1,myNode=374bdfe9...
info|2025-10-07 00:06:57.220788|PBFT-1-0x00007ff7ccefd700|[g:1][CONSENSUS][PBFT]checkReq: Recv future request,prepHash=f0980b9c...,INFO=handleSignMsg,num=32,curNum=31,GenIdx=2,Sview=19,view=19,fromIdx=2,fromNode=73994dae...,fromIp=127.0.0.1:30300,hash=e9992ec8...,nodeIdx=1,myNode=374bdfe9...
info|2025-10-07 00:06:57.220844|PBFT-1-0x00007ff7ccefd700|[g:1][CONSENSUS][PBFT]FutureBlock,INFO=handleSignMsg,num=32,curNum=31,GenIdx=2,Sview=19,view=19,fromIdx=2,fromNode=73994dae...,fromIp=127.0.0.1:30300,hash=e9992ec8...,nodeIdx=1,myNode=374bdfe9...
info|2025-10-07 00:07:03.604480|io_service-0x00007ff7e6f31700|[P2P][Service] heartBeat,connected count=3
info|2025-10-07 00:07:04.862957|fisco-bcos-0x00007ff7e9caadc0|[LEDGER]stop sealer,groupID=1
info|2025-10-07 00:07:04.862986|fisco-bcos-0x00007ff7e9caadc0|[CONSENSUS][SEALER]Stop sealer module...
info|2025-10-07 00:07:04.866322|fisco-bcos-0x00007ff7e9caadc0|[CONSENSUS][ConsensusEngine][Stop ConsensusEngineBase]
info|2025-10-07 00:07:04.870433|fisco-bcos-0x00007ff7e9caadc0|[CONSENSUS][ConsensusEngine]ConsensusEngineBase stopped
info|2025-10-07 00:07:04.870468|fisco-bcos-0x00007ff7e9caadc0|[LEDGER]sealer stopped. stop sync,groupID=1
info|2025-10-07 00:07:04.871064|fisco-bcos-0x00007ff7e9caadc0|[g:1] [SYNC][id:374bdfe9...]SyncMsgEngine stopped
info|2025-10-07 00:07:04.955750|fisco-bcos-0x00007ff7e9caadc0|[GossipBlockStatus]stop GossipBlockStatus succ
info|2025-10-07 00:07:05.526818|fisco-bcos-0x00007ff7e9caadc0|[SYNC][id:374bdfe9...][g:1]SyncMaster stopped
info|2025-10-07 00:07:05.526888|fisco-bcos-0x00007ff7e9caadc0|[LEDGER]sync stopped. stop event filter manager,groupID=1
info|2025-10-07 00:07:05.562824|fisco-bcos-0x00007ff7e9caadc0|[EVENT][EventLogFilterManager]stop
info|2025-10-07 00:07:05.562889|fisco-bcos-0x00007ff7e9caadc0|[LEDGER]event filter manager stopped. stop tx pool,groupID=1
info|2025-10-07 00:07:05.563710|fisco-bcos-0x00007ff7e9caadc0|[LEDGER]removeNetworkStatHandlerByGroupID and removeGroupBandwidthLimiter for service,groupID=1
info|2025-10-07 00:07:05.563757|fisco-bcos-0x00007ff7e9caadc0|[CHANNEL]removeSDKAllowListByGroupId,groupId=1
info|2025-10-07 00:07:05.563766|fisco-bcos-0x00007ff7e9caadc0|[INITIALIZER]ledgerInitializer stopped
info|2025-10-07 00:07:06.539894|io_service-0x00007ff7e6f31700|[NETWORK][Session]doRead failed,endpoint=127.0.0.1:30300,message=short read (SSL routines, SSL routines)
info|2025-10-07 00:07:06.539958|io_service-0x00007ff7e6f31700|[NETWORK][Session]drop, call and erase all callbackFunc of the session!,endpoint=127.0.0.1:30300
info|2025-10-07 00:07:06.539977|io_service-0x00007ff7e6f31700|[NETWORK][Session][drop] closing remote 127.0.0.1:30300,reason=Low-level TCP communication failed.,endpoint=127.0.0.1:30300
info|2025-10-07 00:07:06.540096|io_service-0x00007ff7e6f31700|[NETWORK][Session]Session inactive
info|2025-10-07 00:07:06.540103|io_service-0x00007ff7e6f31700|[NETWORK][Session]Session inactive
info|2025-10-07 00:07:06.540108|io_service-0x00007ff7e6f31700|[NETWORK][Session][drop] shutdown failed ,code=9,message=Bad file descriptor
info|2025-10-07 00:07:06.540282|P2P-0x00007ff7e8f35700|[P2P][Service] disconnect inactive P2PSession,nodeID=73994dae...,endpoint=127.0.0.1:30300,code=3,what=Disconnect
info|2025-10-07 00:07:06.540297|P2P-0x00007ff7e8f35700|[P2P][Service] onDisconnect,code=3,what=Dynamic exception type: dev::network::NetworkException
std::exception::what: Disconnect
info|2025-10-07 00:07:06.565000|fisco-bcos-0x00007ff7e9caadc0|[INITIALIZER]ChannelRPCHttpServer deleted.
info|2025-10-07 00:07:06.565545|fisco-bcos-0x00007ff7e9caadc0|[INITIALIZER]JsonrpcHttpServer deleted.
info|2025-10-07 00:07:06.565557|fisco-bcos-0x00007ff7e9caadc0|[INITIALIZER]RPCInitializer stopped
info|2025-10-07 00:07:06.566025|io_service-0x00007ff7e6f31700|[NETWORK][Host]Host exit
info|2025-10-07 00:07:06.567700|fisco-bcos-0x00007ff7e9caadc0|[INITIALIZER]P2PInitializer stopped
info|2025-10-07 00:07:06.567738|fisco-bcos-0x00007ff7e9caadc0|[LEDGER]stop sealer,groupID=1
info|2025-10-07 00:07:06.567746|fisco-bcos-0x00007ff7e9caadc0|[LEDGER]sealer stopped. stop sync,groupID=1
info|2025-10-07 00:07:06.567754|fisco-bcos-0x00007ff7e9caadc0|[g:1] [SYNC][id:374bdfe9...]SyncMsgEngine stopped
info|2025-10-07 00:07:06.567765|fisco-bcos-0x00007ff7e9caadc0|[GossipBlockStatus]GossipBlockStatus already stopped
info|2025-10-07 00:07:06.567768|fisco-bcos-0x00007ff7e9caadc0|[SYNC][id:374bdfe9...][g:1]SyncMaster stopped
info|2025-10-07 00:07:06.567772|fisco-bcos-0x00007ff7e9caadc0|[LEDGER]sync stopped. stop event filter manager,groupID=1
info|2025-10-07 00:07:06.567775|fisco-bcos-0x00007ff7e9caadc0|[LEDGER]event filter manager stopped. stop tx pool,groupID=1
info|2025-10-07 00:07:06.567781|fisco-bcos-0x00007ff7e9caadc0|[LEDGER]removeNetworkStatHandlerByGroupID and removeGroupBandwidthLimiter for service,groupID=1
info|2025-10-07 00:07:06.567793|fisco-bcos-0x00007ff7e9caadc0|[g:1][STORAGE][CachedStorage]Stopping flushStorage thread
info|2025-10-07 00:07:06.598857|fisco-bcos-0x00007ff7e9caadc0|[g:1][STORAGE][CachedStorage]flushStorage thread stopped.
info|2025-10-07 00:07:06.598896|fisco-bcos-0x00007ff7e9caadc0|[DBINITIALIZER] storage stopped
info|2025-10-07 00:07:06.607507|fisco-bcos-0x00007ff7e9caadc0|[g:1] [SYNC][id:374bdfe9...]SyncMsgEngine stopped
info|2025-10-07 00:07:06.607579|fisco-bcos-0x00007ff7e9caadc0|[GossipBlockStatus]GossipBlockStatus already stopped
info|2025-10-07 00:07:06.607587|fisco-bcos-0x00007ff7e9caadc0|[SYNC][id:374bdfe9...][g:1]SyncMaster stopped
info|2025-10-07 00:07:06.607633|fisco-bcos-0x00007ff7e9caadc0|[g:1] [SYNC][id:374bdfe9...]SyncMsgEngine stopped
