info|2025-10-07 08:00:00.153464|Sync-1-0x00007fdbac2a9700|[g:1][SYNC][id:374bdfe9...]print sync info,peersCount=3,infoJson={"blockNumber":52,"genesisHash":"f0d3e67991e2c3d83533c031601c30c4741aba35d7d8017900779abe4ae22efe","isSyncing":false,"knownHighestNumber":52,"knownLatestHash":"6a62c7ffce44e0661cf00664801c062ef912f978f247717e58370b4491a03c57","latestHash":"6a62c7ffce44e0661cf00664801c062ef912f978f247717e58370b4491a03c57","nodeId":"374bdfe969e1d8ea1200ade93e5d8cf1a7d5741f238011004b0f43ca818706f194b2f067e1708125f7ffc536610b9a72addbd56b238d65f18912be39037ffcc5","peers":[{"blockNumber":52,"genesisHash":"f0d3e67991e2c3d83533c031601c30c4741aba35d7d8017900779abe4ae22efe","latestHash":"6a62c7ffce44e0661cf00664801c062ef912f978f247717e58370b4491a03c57","nodeId":"064cb676a36047a4b52ecbf9c01664b1e987d91b438110ba6a12d96972726622e824d295b1de8b0298b5afe7bbbc0bd04a3890e1a36eae028c1cfbe07971b995"},{"blockNumber":52,"genesisHash":"f0d3e67991e2c3d83533c031601c30c4741aba35d7d8017900779abe4ae22efe","latestHash":"6a62c7ffce44e0661cf00664801c062ef912f978f247717e58370b4491a03c57","nodeId":"73994dae9e8b8da733108a4153dfe79151d701dff425f84c87b5324e8ebd02ab6a0ebc9e4f1e0298a7ddca50f94a8f95c62b6997226d571e470e8f2b0600634a"},{"blockNumber":52,"genesisHash":"f0d3e67991e2c3d83533c031601c30c4741aba35d7d8017900779abe4ae22efe","latestHash":"6a62c7ffce44e0661cf00664801c062ef912f978f247717e58370b4491a03c57","nodeId":"87d00b98321fc70a5abc85ad9e80db10cce315194133697bf74aace1d3f8430957a766240f751752708f4282f46110d6ea56c3eb5d1c02ce98a66f327f595270"}],"protocolId":65545,"txPoolSize":"1"}
info|2025-10-07 08:00:01.308166|io_service-0x00007fdbc4ada700|[P2P][Service] heartBeat,connected count=3
info|2025-10-07 08:00:11.308731|io_service-0x00007fdbc4ada700|[P2P][Service] heartBeat,connected count=3
info|2025-10-07 08:00:14.932848|PBFT-1-0x00007fdbaaaa6700|[g:1][CONSENSUS][SEALER]decrease maxBlockCanSeal to half for PBFT timeout,org_maxBlockCanSeal=62,halfed_maxBlockCanSeal=31,timeoutCount=5,lastTimeoutTx=1
warning|2025-10-07 08:00:14.934558|PBFT-1-0x00007fdbaaaa6700|[g:1][CONSENSUS][PBFT]ViewChangeWarning: not caused by omit empty block ,v=36,toV=37,curNum=52,hash=6a62c7ff...,nodeIdx=1,myNode=374bdfe9...
info|2025-10-07 08:00:14.934806|PBFT-1-0x00007fdbaaaa6700|[g:1][CONSENSUS][PBFT]checkTimeout Succ,view=36,toView=37,nodeIdx=1,changeCycle=6,myNode=374bdfe9...,timecost=2
info|2025-10-07 08:00:15.038203|PBFT-1-0x00007fdbaaaa6700|[g:1][CONSENSUS][PBFT]checkAndChangeView: Reach consensus,org_view=36,cur_changeCycle=6,curView=36,view=37
info|2025-10-07 08:00:15.539149|PBFTSeal-1-0x00007fdba3297700|[g:1][CONSENSUS][SEALER]++++++++++++++++ Generating seal on,blkNum=53,tx=1,nodeIdx=1,hash=252e71d5...
info|2025-10-07 08:00:15.543400|sealerWorker-0x00007fdbb2ab6700|[CONSENSUS]addRawPrepare,height=53,reqIdx=1,hash=252e71d5...,time=0
info|2025-10-07 08:00:15.543684|sealerWorker-0x00007fdbb2ab6700|[BLOCKVERIFIER][executeBlock]Executing block,txNum=1,num=53,parentHash=6a62c7ffce44e0661cf00664801c062ef912f978f247717e58370b4491a03c57,parentNum=52,parentStateRoot=b5474461032cc96a8d78fd44d922e294b99661cc7c006966f2d6a4731feb291b
info|2025-10-07 08:00:15.543903|sealerWorker-0x00007fdbb2ab6700|[PRECOMPILED]init GasChargeManagePrecompiled
info|2025-10-07 08:00:15.544241|SyncMsgE-1-0x00007fdba4299700|[STORAGE][MemoryTableFactory2]createTable,table name=c_743fb99e76669beaa180b0a76929e881b88350c5,keyField=key,valueField=value
info|2025-10-07 08:00:21.309031|io_service-0x00007fdbc4ada700|[P2P][Service] heartBeat,connected count=3
info|2025-10-07 08:00:23.758206|sealerWorker-0x00007fdbb2ab6700|[CONSENSUS][PBFT]execBlock,blkNum=53,reqIdx=1,hash=c0372700...,nodeIdx=1,myNode=374bdfe9...,decodeCost=0,checkCost=0,notifyCost=0,noteSealingCost=0,currentCycle=6,verifyAndSetSenderCost=0,execCost=8215,execPerTx=8215,totalCost=8215
info|2025-10-07 08:00:23.767529|sealerWorker-0x00007fdbb2ab6700|[CONSENSUS][PBFT]handlePrepareMsg Succ,timecost=9,INFO=handlePrepareMsg,reqIdx=1,view=37,reqNum=53,curNum=52,consNum=53,curView=37,fromIp=self,hash=252e71d5...,nodeIdx=1,myNode=374bdfe9...,curChangeCycle=6
info|2025-10-07 08:00:23.767635|sealerWorker-0x00007fdbb2ab6700|[CONSENSUS][PBFT]generateLocalPrepare,hash=252e71d5...,H=53,nodeIdx=1,myNode=374bdfe9...
info|2025-10-07 08:00:23.767757|PBFT-1-0x00007fdbaaaa6700|[g:1][CONSENSUS][PBFT]checkReq: Recv future request,prepHash=c0372700...,INFO=handleSignMsg,num=53,curNum=52,GenIdx=2,Sview=37,view=37,fromIdx=2,fromNode=73994dae...,fromIp=127.0.0.1:30300,hash=e02b7a28...,nodeIdx=1,myNode=374bdfe9...
info|2025-10-07 08:00:23.767787|PBFT-1-0x00007fdbaaaa6700|[g:1][CONSENSUS][PBFT]FutureBlock,INFO=handleSignMsg,num=53,curNum=52,GenIdx=2,Sview=37,view=37,fromIdx=2,fromNode=73994dae...,fromIp=127.0.0.1:30300,hash=e02b7a28...,nodeIdx=1,myNode=374bdfe9...
info|2025-10-07 08:00:23.946897|PBFT-1-0x00007fdbaaaa6700|[g:1][CONSENSUS][PBFT]checkReq: Recv future request,prepHash=c0372700...,INFO=handleSignMsg,num=53,curNum=52,GenIdx=3,Sview=37,view=37,fromIdx=3,fromNode=87d00b98...,fromIp=127.0.0.1:40012,hash=95613332...,nodeIdx=1,myNode=374bdfe9...
info|2025-10-07 08:00:23.946928|PBFT-1-0x00007fdbaaaa6700|[g:1][CONSENSUS][PBFT]FutureBlock,INFO=handleSignMsg,num=53,curNum=52,GenIdx=3,Sview=37,view=37,fromIdx=3,fromNode=87d00b98...,fromIp=127.0.0.1:40012,hash=95613332...,nodeIdx=1,myNode=374bdfe9...
info|2025-10-07 08:00:24.134164|PBFT-1-0x00007fdbaaaa6700|[g:1][CONSENSUS][PBFT]checkReq: Recv future request,prepHash=c0372700...,INFO=handleSignMsg,num=53,curNum=52,GenIdx=0,Sview=37,view=37,fromIdx=0,fromNode=064cb676...,fromIp=127.0.0.1:51734,hash=879b40ca...,nodeIdx=1,myNode=374bdfe9...
info|2025-10-07 08:00:24.134211|PBFT-1-0x00007fdbaaaa6700|[g:1][CONSENSUS][PBFT]FutureBlock,INFO=handleSignMsg,num=53,curNum=52,GenIdx=0,Sview=37,view=37,fromIdx=0,fromNode=064cb676...,fromIp=127.0.0.1:51734,hash=879b40ca...,nodeIdx=1,myNode=374bdfe9...
info|2025-10-07 08:00:31.309565|io_service-0x00007fdbc4ada700|[P2P][Service] heartBeat,connected count=3
info|2025-10-07 08:00:41.310038|io_service-0x00007fdbc4ada700|[P2P][Service] heartBeat,connected count=3
info|2025-10-07 08:00:51.311196|io_service-0x00007fdbc4ada700|[P2P][Service] heartBeat,connected count=3
info|2025-10-07 08:00:57.928710|PBFT-1-0x00007fdbaaaa6700|[g:1][CONSENSUS][SEALER]decrease maxBlockCanSeal to half for PBFT timeout,org_maxBlockCanSeal=30,halfed_maxBlockCanSeal=15,timeoutCount=6,lastTimeoutTx=1
warning|2025-10-07 08:00:57.931757|PBFT-1-0x00007fdbaaaa6700|[g:1][CONSENSUS][PBFT]ViewChangeWarning: not caused by omit empty block ,v=37,toV=38,curNum=52,hash=6a62c7ff...,nodeIdx=1,myNode=374bdfe9...
info|2025-10-07 08:00:57.932072|PBFT-1-0x00007fdbaaaa6700|[g:1][CONSENSUS][PBFT]checkTimeout Succ,view=37,toView=38,nodeIdx=1,changeCycle=7,myNode=374bdfe9...,timecost=4
info|2025-10-07 08:00:57.965664|PBFT-1-0x00007fdbaaaa6700|[g:1][CONSENSUS][PBFT]checkAndChangeView: Reach consensus,org_view=37,cur_changeCycle=7,curView=37,view=38
info|2025-10-07 08:00:58.483159|PBFTWork-1-0x00007fdbb12b3700|[g:1][CONSENSUS][PartiallyPBFTReqCache]addPartiallyRawPrepare,height=53,reqIdx=2,hash=ce80e64d...
info|2025-10-07 08:00:58.485384|PBFTWork-1-0x00007fdbb12b3700|[g:1][CONSENSUS][PBFT]I am the next leader = 1, filter trans size = 1, total trans = 1
info|2025-10-07 08:00:58.488802|PBFTWork-1-0x00007fdbb12b3700|[g:1][BLOCKVERIFIER][executeBlock]Executing block,txNum=1,num=53,parentHash=6a62c7ffce44e0661cf00664801c062ef912f978f247717e58370b4491a03c57,parentNum=52,parentStateRoot=b5474461032cc96a8d78fd44d922e294b99661cc7c006966f2d6a4731feb291b
info|2025-10-07 08:00:58.490852|PBFTWork-1-0x00007fdbb12b3700|[g:1][PRECOMPILED]init GasChargeManagePrecompiled
info|2025-10-07 08:00:58.491326|SyncMsgE-1-0x00007fdba4299700|[STORAGE][MemoryTableFactory2]createTable,table name=c_743fb99e76669beaa180b0a76929e881b88350c5,keyField=key,valueField=value
info|2025-10-07 08:01:01.311485|io_service-0x00007fdbc4ada700|[P2P][Service] heartBeat,connected count=3
info|2025-10-07 08:01:05.073115|PBFTWork-1-0x00007fdbb12b3700|[g:1][CONSENSUS][PBFT]execBlock,blkNum=53,reqIdx=2,hash=272269d3...,nodeIdx=1,myNode=374bdfe9...,decodeCost=0,checkCost=2,notifyCost=1,noteSealingCost=2,currentCycle=7,verifyAndSetSenderCost=0,execCost=6585,execPerTx=6585,totalCost=6590
info|2025-10-07 08:01:05.088420|PBFTWork-1-0x00007fdbb12b3700|[g:1][CONSENSUS][PBFT]handlePrepareMsg Succ,timecost=15,INFO=handlePartiallyPrepare,reqIdx=2,view=38,reqNum=53,curNum=52,consNum=53,hash=ce80e64d...,nodeIdx=1,myNode=374bdfe9...,curChangeCycle=7
info|2025-10-07 08:01:05.088959|PBFT-1-0x00007fdbaaaa6700|[g:1][CONSENSUS][PBFT]checkReq: Recv future request,prepHash=272269d3...,INFO=handleSignMsg,num=53,curNum=52,GenIdx=2,Sview=38,view=38,fromIdx=2,fromNode=73994dae...,fromIp=127.0.0.1:30300,hash=37879258...,nodeIdx=1,myNode=374bdfe9...
info|2025-10-07 08:01:05.088992|PBFT-1-0x00007fdbaaaa6700|[g:1][CONSENSUS][PBFT]FutureBlock,INFO=handleSignMsg,num=53,curNum=52,GenIdx=2,Sview=38,view=38,fromIdx=2,fromNode=73994dae...,fromIp=127.0.0.1:30300,hash=37879258...,nodeIdx=1,myNode=374bdfe9...
info|2025-10-07 08:01:05.123315|PBFT-1-0x00007fdbaaaa6700|[g:1][CONSENSUS][PBFT]checkReq: Recv future request,prepHash=272269d3...,INFO=handleSignMsg,num=53,curNum=52,GenIdx=3,Sview=38,view=38,fromIdx=3,fromNode=87d00b98...,fromIp=127.0.0.1:40012,hash=ba5faf69...,nodeIdx=1,myNode=374bdfe9...
info|2025-10-07 08:01:05.123377|PBFT-1-0x00007fdbaaaa6700|[g:1][CONSENSUS][PBFT]FutureBlock,INFO=handleSignMsg,num=53,curNum=52,GenIdx=3,Sview=38,view=38,fromIdx=3,fromNode=87d00b98...,fromIp=127.0.0.1:40012,hash=ba5faf69...,nodeIdx=1,myNode=374bdfe9...
info|2025-10-07 08:01:05.197806|PBFT-1-0x00007fdbaaaa6700|[g:1][CONSENSUS][PBFT]checkReq: Recv future request,prepHash=272269d3...,INFO=handleSignMsg,num=53,curNum=52,GenIdx=0,Sview=38,view=38,fromIdx=0,fromNode=064cb676...,fromIp=127.0.0.1:51734,hash=ab671075...,nodeIdx=1,myNode=374bdfe9...
info|2025-10-07 08:01:05.197832|PBFT-1-0x00007fdbaaaa6700|[g:1][CONSENSUS][PBFT]FutureBlock,INFO=handleSignMsg,num=53,curNum=52,GenIdx=0,Sview=38,view=38,fromIdx=0,fromNode=064cb676...,fromIp=127.0.0.1:51734,hash=ab671075...,nodeIdx=1,myNode=374bdfe9...
info|2025-10-07 08:01:11.311921|io_service-0x00007fdbc4ada700|[P2P][Service] heartBeat,connected count=3
info|2025-10-07 08:01:21.312325|io_service-0x00007fdbc4ada700|[P2P][Service] heartBeat,connected count=3
info|2025-10-07 08:01:31.312933|io_service-0x00007fdbc4ada700|[P2P][Service] heartBeat,connected count=3
info|2025-10-07 08:01:41.313195|io_service-0x00007fdbc4ada700|[P2P][Service] heartBeat,connected count=3
info|2025-10-07 08:01:51.313829|io_service-0x00007fdbc4ada700|[P2P][Service] heartBeat,connected count=3
info|2025-10-07 08:01:56.333541|PBFT-1-0x00007fdbaaaa6700|[g:1][CONSENSUS][SEALER]decrease maxBlockCanSeal to half for PBFT timeout,org_maxBlockCanSeal=14,halfed_maxBlockCanSeal=7,timeoutCount=7,lastTimeoutTx=1
warning|2025-10-07 08:01:56.335242|PBFT-1-0x00007fdbaaaa6700|[g:1][CONSENSUS][PBFT]ViewChangeWarning: not caused by omit empty block ,v=38,toV=39,curNum=52,hash=6a62c7ff...,nodeIdx=1,myNode=374bdfe9...
info|2025-10-07 08:01:56.335432|PBFT-1-0x00007fdbaaaa6700|[g:1][CONSENSUS][PBFT]checkTimeout Succ,view=38,toView=39,nodeIdx=1,changeCycle=8,myNode=374bdfe9...,timecost=2
info|2025-10-07 08:01:56.341890|PBFT-1-0x00007fdbaaaa6700|[g:1][CONSENSUS][PBFT]checkAndChangeView: Reach consensus,org_view=38,cur_changeCycle=8,curView=38,view=39
info|2025-10-07 08:01:56.853479|PBFTWork-1-0x00007fdbb12b3700|[g:1][CONSENSUS][PartiallyPBFTReqCache]addPartiallyRawPrepare,height=53,reqIdx=3,hash=a7507827...
info|2025-10-07 08:01:56.854863|PBFTWork-1-0x00007fdbb12b3700|[g:1][CONSENSUS][PBFT]I am the next leader = 1, filter trans size = 1, total trans = 1
info|2025-10-07 08:01:56.855563|PBFTWork-1-0x00007fdbb12b3700|[g:1][BLOCKVERIFIER][executeBlock]Executing block,txNum=1,num=53,parentHash=6a62c7ffce44e0661cf00664801c062ef912f978f247717e58370b4491a03c57,parentNum=52,parentStateRoot=b5474461032cc96a8d78fd44d922e294b99661cc7c006966f2d6a4731feb291b
info|2025-10-07 08:01:56.857847|PBFTWork-1-0x00007fdbb12b3700|[g:1][PRECOMPILED]init GasChargeManagePrecompiled
info|2025-10-07 08:01:56.862948|PBFTWork-1-0x00007fdbb12b3700|[g:1][STORAGE][MemoryTableFactory2]createTable,table name=c_743fb99e76669beaa180b0a76929e881b88350c5,keyField=key,valueField=value
info|2025-10-07 08:02:01.314031|io_service-0x00007fdbc4ada700|[P2P][Service] heartBeat,connected count=3
info|2025-10-07 08:02:03.225747|PBFTWork-1-0x00007fdbb12b3700|[g:1][CONSENSUS][PBFT]execBlock,blkNum=53,reqIdx=3,hash=eb080941...,nodeIdx=1,myNode=374bdfe9...,decodeCost=0,checkCost=0,notifyCost=1,noteSealingCost=0,currentCycle=8,verifyAndSetSenderCost=0,execCost=6370,execPerTx=6370,totalCost=6371
info|2025-10-07 08:02:03.232782|PBFTWork-1-0x00007fdbb12b3700|[g:1][CONSENSUS][PBFT]handlePrepareMsg Succ,timecost=7,INFO=handlePartiallyPrepare,reqIdx=3,view=39,reqNum=53,curNum=52,consNum=53,hash=a7507827...,nodeIdx=1,myNode=374bdfe9...,curChangeCycle=8
info|2025-10-07 08:02:03.233011|PBFT-1-0x00007fdbaaaa6700|[g:1][CONSENSUS][PBFT]checkReq: Recv future request,prepHash=eb080941...,INFO=handleSignMsg,num=53,curNum=52,GenIdx=3,Sview=39,view=39,fromIdx=3,fromNode=87d00b98...,fromIp=127.0.0.1:40012,hash=38f80a2d...,nodeIdx=1,myNode=374bdfe9...
info|2025-10-07 08:02:03.233035|PBFT-1-0x00007fdbaaaa6700|[g:1][CONSENSUS][PBFT]FutureBlock,INFO=handleSignMsg,num=53,curNum=52,GenIdx=3,Sview=39,view=39,fromIdx=3,fromNode=87d00b98...,fromIp=127.0.0.1:40012,hash=38f80a2d...,nodeIdx=1,myNode=374bdfe9...
info|2025-10-07 08:02:03.466772|PBFT-1-0x00007fdbaaaa6700|[g:1][CONSENSUS][PBFT]checkReq: Recv future request,prepHash=eb080941...,INFO=handleSignMsg,num=53,curNum=52,GenIdx=0,Sview=39,view=39,fromIdx=0,fromNode=064cb676...,fromIp=127.0.0.1:51734,hash=fd0b5a38...,nodeIdx=1,myNode=374bdfe9...
info|2025-10-07 08:02:03.466814|PBFT-1-0x00007fdbaaaa6700|[g:1][CONSENSUS][PBFT]FutureBlock,INFO=handleSignMsg,num=53,curNum=52,GenIdx=0,Sview=39,view=39,fromIdx=0,fromNode=064cb676...,fromIp=127.0.0.1:51734,hash=fd0b5a38...,nodeIdx=1,myNode=374bdfe9...
info|2025-10-07 08:02:03.597537|PBFT-1-0x00007fdbaaaa6700|[g:1][CONSENSUS][PBFT]checkReq: Recv future request,prepHash=eb080941...,INFO=handleSignMsg,num=53,curNum=52,GenIdx=2,Sview=39,view=39,fromIdx=2,fromNode=73994dae...,fromIp=127.0.0.1:30300,hash=c0075348...,nodeIdx=1,myNode=374bdfe9...
info|2025-10-07 08:02:03.597612|PBFT-1-0x00007fdbaaaa6700|[g:1][CONSENSUS][PBFT]FutureBlock,INFO=handleSignMsg,num=53,curNum=52,GenIdx=2,Sview=39,view=39,fromIdx=2,fromNode=73994dae...,fromIp=127.0.0.1:30300,hash=c0075348...,nodeIdx=1,myNode=374bdfe9...
info|2025-10-07 08:02:11.314279|io_service-0x00007fdbc4ada700|[P2P][Service] heartBeat,connected count=3
info|2025-10-07 08:02:21.314806|io_service-0x00007fdbc4ada700|[P2P][Service] heartBeat,connected count=3
info|2025-10-07 08:02:31.315780|io_service-0x00007fdbc4ada700|[P2P][Service] heartBeat,connected count=3
info|2025-10-07 08:02:41.316477|io_service-0x00007fdbc4ada700|[P2P][Service] heartBeat,connected count=3
info|2025-10-07 08:02:51.316717|io_service-0x00007fdbc4ada700|[P2P][Service] heartBeat,connected count=3
info|2025-10-07 08:03:01.317197|io_service-0x00007fdbc4ada700|[P2P][Service] heartBeat,connected count=3
info|2025-10-07 08:03:11.317601|io_service-0x00007fdbc4ada700|[P2P][Service] heartBeat,connected count=3
info|2025-10-07 08:03:20.121217|PBFT-1-0x00007fdbaaaa6700|[g:1][CONSENSUS][SEALER]decrease maxBlockCanSeal to half for PBFT timeout,org_maxBlockCanSeal=6,halfed_maxBlockCanSeal=3,timeoutCount=8,lastTimeoutTx=1
warning|2025-10-07 08:03:20.123137|PBFT-1-0x00007fdbaaaa6700|[g:1][CONSENSUS][PBFT]ViewChangeWarning: not caused by omit empty block ,v=39,toV=40,curNum=52,hash=6a62c7ff...,nodeIdx=1,myNode=374bdfe9...
info|2025-10-07 08:03:20.123965|PBFT-1-0x00007fdbaaaa6700|[g:1][CONSENSUS][PBFT]checkTimeout Succ,view=39,toView=40,nodeIdx=1,changeCycle=9,myNode=374bdfe9...,timecost=2
info|2025-10-07 08:03:20.139429|PBFT-1-0x00007fdbaaaa6700|[g:1][CONSENSUS][PBFT]checkAndChangeView: Reach consensus,org_view=39,cur_changeCycle=9,curView=39,view=40
info|2025-10-07 08:03:20.644931|PBFTWork-1-0x00007fdbb12b3700|[g:1][CONSENSUS][PartiallyPBFTReqCache]addPartiallyRawPrepare,height=53,reqIdx=0,hash=6503712b...
info|2025-10-07 08:03:20.647196|PBFTWork-1-0x00007fdbb12b3700|[g:1][CONSENSUS][PBFT]I am the next leader = 1, filter trans size = 2, total trans = 2
info|2025-10-07 08:03:20.647677|PBFTWork-1-0x00007fdbb12b3700|[g:1][BLOCKVERIFIER][executeBlock]Executing block,txNum=2,num=53,parentHash=6a62c7ffce44e0661cf00664801c062ef912f978f247717e58370b4491a03c57,parentNum=52,parentStateRoot=b5474461032cc96a8d78fd44d922e294b99661cc7c006966f2d6a4731feb291b
info|2025-10-07 08:03:20.648006|PBFTWork-1-0x00007fdbb12b3700|[g:1][PRECOMPILED]init GasChargeManagePrecompiled
info|2025-10-07 08:03:20.648684|SyncMsgE-1-0x00007fdba4299700|[STORAGE][MemoryTableFactory2]createTable,table name=c_743fb99e76669beaa180b0a76929e881b88350c5,keyField=key,valueField=value
info|2025-10-07 08:03:21.317872|io_service-0x00007fdbc4ada700|[P2P][Service] heartBeat,connected count=3
info|2025-10-07 08:03:28.444553|SyncMsgE-1-0x00007fdba4299700|[STORAGE][MemoryTableFactory2]createTable,table name=c_a51a44e2df95c9b4fa3c389c4c3d1d04b7534f10,keyField=key,valueField=value
info|2025-10-07 08:03:31.318404|io_service-0x00007fdbc4ada700|[P2P][Service] heartBeat,connected count=3
info|2025-10-07 08:03:32.292766|PBFTWork-1-0x00007fdbb12b3700|[g:1][CONSENSUS][PBFT]execBlock,blkNum=53,reqIdx=0,hash=01d5f1b6...,nodeIdx=1,myNode=374bdfe9...,decodeCost=0,checkCost=1,notifyCost=0,noteSealingCost=0,currentCycle=9,verifyAndSetSenderCost=0,execCost=11645,execPerTx=5822.5,totalCost=11646
info|2025-10-07 08:03:32.303338|PBFTWork-1-0x00007fdbb12b3700|[g:1][CONSENSUS][PBFT]handlePrepareMsg Succ,timecost=11,INFO=handlePartiallyPrepare,reqIdx=0,view=40,reqNum=53,curNum=52,consNum=53,hash=6503712b...,nodeIdx=1,myNode=374bdfe9...,curChangeCycle=9
info|2025-10-07 08:03:32.303752|PBFT-1-0x00007fdbaaaa6700|[g:1][CONSENSUS][PBFT]checkReq: Recv future request,prepHash=01d5f1b6...,INFO=handleSignMsg,num=53,curNum=52,GenIdx=3,Sview=40,view=40,fromIdx=3,fromNode=87d00b98...,fromIp=127.0.0.1:40012,hash=7f868d0a...,nodeIdx=1,myNode=374bdfe9...
info|2025-10-07 08:03:32.303807|PBFT-1-0x00007fdbaaaa6700|[g:1][CONSENSUS][PBFT]FutureBlock,INFO=handleSignMsg,num=53,curNum=52,GenIdx=3,Sview=40,view=40,fromIdx=3,fromNode=87d00b98...,fromIp=127.0.0.1:40012,hash=7f868d0a...,nodeIdx=1,myNode=374bdfe9...
info|2025-10-07 08:03:32.332893|PBFT-1-0x00007fdbaaaa6700|[g:1][CONSENSUS][PBFT]checkReq: Recv future request,prepHash=01d5f1b6...,INFO=handleSignMsg,num=53,curNum=52,GenIdx=2,Sview=40,view=40,fromIdx=2,fromNode=73994dae...,fromIp=127.0.0.1:30300,hash=d47251ae...,nodeIdx=1,myNode=374bdfe9...
info|2025-10-07 08:03:32.332961|PBFT-1-0x00007fdbaaaa6700|[g:1][CONSENSUS][PBFT]FutureBlock,INFO=handleSignMsg,num=53,curNum=52,GenIdx=2,Sview=40,view=40,fromIdx=2,fromNode=73994dae...,fromIp=127.0.0.1:30300,hash=d47251ae...,nodeIdx=1,myNode=374bdfe9...
info|2025-10-07 08:03:32.745856|PBFT-1-0x00007fdbaaaa6700|[g:1][CONSENSUS][PBFT]checkReq: Recv future request,prepHash=01d5f1b6...,INFO=handleSignMsg,num=53,curNum=52,GenIdx=0,Sview=40,view=40,fromIdx=0,fromNode=064cb676...,fromIp=127.0.0.1:51734,hash=755e4515...,nodeIdx=1,myNode=374bdfe9...
info|2025-10-07 08:03:32.745883|PBFT-1-0x00007fdbaaaa6700|[g:1][CONSENSUS][PBFT]FutureBlock,INFO=handleSignMsg,num=53,curNum=52,GenIdx=0,Sview=40,view=40,fromIdx=0,fromNode=064cb676...,fromIp=127.0.0.1:51734,hash=755e4515...,nodeIdx=1,myNode=374bdfe9...
info|2025-10-07 08:03:41.319176|io_service-0x00007fdbc4ada700|[P2P][Service] heartBeat,connected count=3
info|2025-10-07 08:03:51.320103|io_service-0x00007fdbc4ada700|[P2P][Service] heartBeat,connected count=3
info|2025-10-07 08:04:01.321000|io_service-0x00007fdbc4ada700|[P2P][Service] heartBeat,connected count=3
info|2025-10-07 08:04:11.321233|io_service-0x00007fdbc4ada700|[P2P][Service] heartBeat,connected count=3
info|2025-10-07 08:04:21.322071|io_service-0x00007fdbc4ada700|[P2P][Service] heartBeat,connected count=3
info|2025-10-07 08:04:31.323043|io_service-0x00007fdbc4ada700|[P2P][Service] heartBeat,connected count=3
info|2025-10-07 08:04:41.324007|io_service-0x00007fdbc4ada700|[P2P][Service] heartBeat,connected count=3
info|2025-10-07 08:04:51.324790|io_service-0x00007fdbc4ada700|[P2P][Service] heartBeat,connected count=3
info|2025-10-07 08:05:01.325016|io_service-0x00007fdbc4ada700|[P2P][Service] heartBeat,connected count=3
info|2025-10-07 08:05:11.325754|io_service-0x00007fdbc4ada700|[P2P][Service] heartBeat,connected count=3
info|2025-10-07 08:05:21.326386|io_service-0x00007fdbc4ada700|[P2P][Service] heartBeat,connected count=3
info|2025-10-07 08:05:27.631949|PBFT-1-0x00007fdbaaaa6700|[g:1][CONSENSUS][SEALER]decrease maxBlockCanSeal to half for PBFT timeout,org_maxBlockCanSeal=2,halfed_maxBlockCanSeal=1,timeoutCount=9,lastTimeoutTx=1
warning|2025-10-07 08:05:27.633045|PBFT-1-0x00007fdbaaaa6700|[g:1][CONSENSUS][PBFT]ViewChangeWarning: not caused by omit empty block ,v=40,toV=41,curNum=52,hash=6a62c7ff...,nodeIdx=1,myNode=374bdfe9...
info|2025-10-07 08:05:27.633182|PBFT-1-0x00007fdbaaaa6700|[g:1][CONSENSUS][PBFT]checkTimeout Succ,view=40,toView=41,nodeIdx=1,changeCycle=10,myNode=374bdfe9...,timecost=1
info|2025-10-07 08:05:27.640889|PBFT-1-0x00007fdbaaaa6700|[g:1][CONSENSUS][PBFT]checkAndChangeView: Reach consensus,org_view=40,cur_changeCycle=10,curView=40,view=41
info|2025-10-07 08:05:27.648825|PBFTSeal-1-0x00007fdba3297700|[g:1][CONSENSUS][SEALER]++++++++++++++++ Generating seal on,blkNum=53,tx=1,nodeIdx=1,hash=bbb71e00...
info|2025-10-07 08:05:27.651344|sealerWorker-0x00007fdbb2ab6700|[CONSENSUS]addRawPrepare,height=53,reqIdx=1,hash=bbb71e00...,time=0
info|2025-10-07 08:05:27.658005|sealerWorker-0x00007fdbb2ab6700|[BLOCKVERIFIER][executeBlock]Executing block,txNum=1,num=53,parentHash=6a62c7ffce44e0661cf00664801c062ef912f978f247717e58370b4491a03c57,parentNum=52,parentStateRoot=b5474461032cc96a8d78fd44d922e294b99661cc7c006966f2d6a4731feb291b
info|2025-10-07 08:05:27.658252|sealerWorker-0x00007fdbb2ab6700|[PRECOMPILED]init GasChargeManagePrecompiled
info|2025-10-07 08:05:27.658538|SyncMsgE-1-0x00007fdba4299700|[STORAGE][MemoryTableFactory2]createTable,table name=c_743fb99e76669beaa180b0a76929e881b88350c5,keyField=key,valueField=value
info|2025-10-07 08:05:31.078233|sealerWorker-0x00007fdbb2ab6700|[CONSENSUS][PBFT]execBlock,blkNum=53,reqIdx=1,hash=fcf193e1...,nodeIdx=1,myNode=374bdfe9...,decodeCost=0,checkCost=6,notifyCost=0,noteSealingCost=0,currentCycle=10,verifyAndSetSenderCost=0,execCost=3421,execPerTx=3421,totalCost=3427
info|2025-10-07 08:05:31.082687|sealerWorker-0x00007fdbb2ab6700|[CONSENSUS][PBFT]handlePrepareMsg Succ,timecost=4,INFO=handlePrepareMsg,reqIdx=1,view=41,reqNum=53,curNum=52,consNum=53,curView=41,fromIp=self,hash=bbb71e00...,nodeIdx=1,myNode=374bdfe9...,curChangeCycle=10
info|2025-10-07 08:05:31.082717|sealerWorker-0x00007fdbb2ab6700|[CONSENSUS][PBFT]generateLocalPrepare,hash=bbb71e00...,H=53,nodeIdx=1,myNode=374bdfe9...
info|2025-10-07 08:05:31.083476|PBFT-1-0x00007fdbaaaa6700|[g:1][CONSENSUS][PBFT]checkReq: Recv future request,prepHash=fcf193e1...,INFO=handleSignMsg,num=53,curNum=52,GenIdx=2,Sview=41,view=41,fromIdx=2,fromNode=73994dae...,fromIp=127.0.0.1:30300,hash=28d408e8...,nodeIdx=1,myNode=374bdfe9...
info|2025-10-07 08:05:31.083491|PBFT-1-0x00007fdbaaaa6700|[g:1][CONSENSUS][PBFT]FutureBlock,INFO=handleSignMsg,num=53,curNum=52,GenIdx=2,Sview=41,view=41,fromIdx=2,fromNode=73994dae...,fromIp=127.0.0.1:30300,hash=28d408e8...,nodeIdx=1,myNode=374bdfe9...
info|2025-10-07 08:05:31.083512|PBFT-1-0x00007fdbaaaa6700|[g:1][CONSENSUS][PBFT]checkReq: Recv future request,prepHash=fcf193e1...,INFO=handleSignMsg,num=53,curNum=52,GenIdx=0,Sview=41,view=41,fromIdx=0,fromNode=064cb676...,fromIp=127.0.0.1:51734,hash=a3ba34fa...,nodeIdx=1,myNode=374bdfe9...
info|2025-10-07 08:05:31.083519|PBFT-1-0x00007fdbaaaa6700|[g:1][CONSENSUS][PBFT]FutureBlock,INFO=handleSignMsg,num=53,curNum=52,GenIdx=0,Sview=41,view=41,fromIdx=0,fromNode=064cb676...,fromIp=127.0.0.1:51734,hash=a3ba34fa...,nodeIdx=1,myNode=374bdfe9...
info|2025-10-07 08:05:31.167366|PBFT-1-0x00007fdbaaaa6700|[g:1][CONSENSUS][PBFT]checkReq: Recv future request,prepHash=fcf193e1...,INFO=handleSignMsg,num=53,curNum=52,GenIdx=3,Sview=41,view=41,fromIdx=3,fromNode=87d00b98...,fromIp=127.0.0.1:40012,hash=c069404c...,nodeIdx=1,myNode=374bdfe9...
info|2025-10-07 08:05:31.167389|PBFT-1-0x00007fdbaaaa6700|[g:1][CONSENSUS][PBFT]FutureBlock,INFO=handleSignMsg,num=53,curNum=52,GenIdx=3,Sview=41,view=41,fromIdx=3,fromNode=87d00b98...,fromIp=127.0.0.1:40012,hash=c069404c...,nodeIdx=1,myNode=374bdfe9...
info|2025-10-07 08:05:31.327172|io_service-0x00007fdbc4ada700|[P2P][Service] heartBeat,connected count=3
info|2025-10-07 08:05:41.327433|io_service-0x00007fdbc4ada700|[P2P][Service] heartBeat,connected count=3
info|2025-10-07 08:05:51.327622|io_service-0x00007fdbc4ada700|[P2P][Service] heartBeat,connected count=3
info|2025-10-07 08:06:01.328593|io_service-0x00007fdbc4ada700|[P2P][Service] heartBeat,connected count=3
info|2025-10-07 08:06:11.330009|io_service-0x00007fdbc4ada700|[P2P][Service] heartBeat,connected count=3
info|2025-10-07 08:06:21.330461|io_service-0x00007fdbc4ada700|[P2P][Service] heartBeat,connected count=3
info|2025-10-07 08:06:31.330647|io_service-0x00007fdbc4ada700|[P2P][Service] heartBeat,connected count=3
info|2025-10-07 08:06:41.331778|io_service-0x00007fdbc4ada700|[P2P][Service] heartBeat,connected count=3
info|2025-10-07 08:06:51.332599|io_service-0x00007fdbc4ada700|[P2P][Service] heartBeat,connected count=3
info|2025-10-07 08:07:01.333065|io_service-0x00007fdbc4ada700|[P2P][Service] heartBeat,connected count=3
info|2025-10-07 08:07:11.334112|io_service-0x00007fdbc4ada700|[P2P][Service] heartBeat,connected count=3
info|2025-10-07 08:07:21.334468|io_service-0x00007fdbc4ada700|[P2P][Service] heartBeat,connected count=3
info|2025-10-07 08:07:31.335244|io_service-0x00007fdbc4ada700|[P2P][Service] heartBeat,connected count=3
info|2025-10-07 08:07:41.336382|io_service-0x00007fdbc4ada700|[P2P][Service] heartBeat,connected count=3
info|2025-10-07 08:07:51.336957|io_service-0x00007fdbc4ada700|[P2P][Service] heartBeat,connected count=3
info|2025-10-07 08:08:01.337309|io_service-0x00007fdbc4ada700|[P2P][Service] heartBeat,connected count=3
info|2025-10-07 08:08:11.337748|io_service-0x00007fdbc4ada700|[P2P][Service] heartBeat,connected count=3
info|2025-10-07 08:08:21.065254|fisco-bcos-0x00007fdbc7853dc0|[LEDGER]stop sealer,groupID=1
info|2025-10-07 08:08:21.065297|fisco-bcos-0x00007fdbc7853dc0|[CONSENSUS][SEALER]Stop sealer module...
info|2025-10-07 08:08:21.075606|fisco-bcos-0x00007fdbc7853dc0|[CONSENSUS][ConsensusEngine][Stop ConsensusEngineBase]
info|2025-10-07 08:08:21.076524|fisco-bcos-0x00007fdbc7853dc0|[CONSENSUS][ConsensusEngine]ConsensusEngineBase stopped
info|2025-10-07 08:08:21.076555|fisco-bcos-0x00007fdbc7853dc0|[LEDGER]sealer stopped. stop sync,groupID=1
info|2025-10-07 08:08:21.079179|fisco-bcos-0x00007fdbc7853dc0|[g:1] [SYNC][id:374bdfe9...]SyncMsgEngine stopped
info|2025-10-07 08:08:21.152774|fisco-bcos-0x00007fdbc7853dc0|[GossipBlockStatus]stop GossipBlockStatus succ
info|2025-10-07 08:08:21.337881|io_service-0x00007fdbc4ada700|[P2P][Service] heartBeat,connected count=3
info|2025-10-07 08:08:21.492618|P2P-0x00007fdbc5adc700|[NETWORK][Session]Received topic: [6] from 73994dae9e8b8da733108a4153dfe79151d701dff425f84c87b5324e8ebd02ab6a0ebc9e4f1e0298a7ddca50f94a8f95c62b6997226d571e470e8f2b0600634a
info|2025-10-07 08:08:22.156859|fisco-bcos-0x00007fdbc7853dc0|[SYNC][id:374bdfe9...][g:1]SyncMaster stopped
info|2025-10-07 08:08:22.156891|fisco-bcos-0x00007fdbc7853dc0|[LEDGER]sync stopped. stop event filter manager,groupID=1
info|2025-10-07 08:08:22.173926|fisco-bcos-0x00007fdbc7853dc0|[EVENT][EventLogFilterManager]stop
info|2025-10-07 08:08:22.173956|fisco-bcos-0x00007fdbc7853dc0|[LEDGER]event filter manager stopped. stop tx pool,groupID=1
info|2025-10-07 08:08:22.175029|fisco-bcos-0x00007fdbc7853dc0|[LEDGER]removeNetworkStatHandlerByGroupID and removeGroupBandwidthLimiter for service,groupID=1
info|2025-10-07 08:08:22.175061|fisco-bcos-0x00007fdbc7853dc0|[CHANNEL]removeSDKAllowListByGroupId,groupId=1
info|2025-10-07 08:08:22.175070|fisco-bcos-0x00007fdbc7853dc0|[INITIALIZER]ledgerInitializer stopped
info|2025-10-07 08:08:23.175759|fisco-bcos-0x00007fdbc7853dc0|[INITIALIZER]ChannelRPCHttpServer deleted.
info|2025-10-07 08:08:23.177205|fisco-bcos-0x00007fdbc7853dc0|[INITIALIZER]JsonrpcHttpServer deleted.
info|2025-10-07 08:08:23.177236|fisco-bcos-0x00007fdbc7853dc0|[INITIALIZER]RPCInitializer stopped
info|2025-10-07 08:08:23.177522|io_service-0x00007fdbc4ada700|[NETWORK][Host]Host exit
info|2025-10-07 08:08:23.179397|fisco-bcos-0x00007fdbc7853dc0|[INITIALIZER]P2PInitializer stopped
info|2025-10-07 08:08:23.179424|fisco-bcos-0x00007fdbc7853dc0|[LEDGER]stop sealer,groupID=1
info|2025-10-07 08:08:23.179475|fisco-bcos-0x00007fdbc7853dc0|[LEDGER]sealer stopped. stop sync,groupID=1
info|2025-10-07 08:08:23.179485|fisco-bcos-0x00007fdbc7853dc0|[g:1] [SYNC][id:374bdfe9...]SyncMsgEngine stopped
info|2025-10-07 08:08:23.179494|fisco-bcos-0x00007fdbc7853dc0|[GossipBlockStatus]GossipBlockStatus already stopped
info|2025-10-07 08:08:23.179497|fisco-bcos-0x00007fdbc7853dc0|[SYNC][id:374bdfe9...][g:1]SyncMaster stopped
info|2025-10-07 08:08:23.179501|fisco-bcos-0x00007fdbc7853dc0|[LEDGER]sync stopped. stop event filter manager,groupID=1
info|2025-10-07 08:08:23.179504|fisco-bcos-0x00007fdbc7853dc0|[LEDGER]event filter manager stopped. stop tx pool,groupID=1
info|2025-10-07 08:08:23.179511|fisco-bcos-0x00007fdbc7853dc0|[LEDGER]removeNetworkStatHandlerByGroupID and removeGroupBandwidthLimiter for service,groupID=1
info|2025-10-07 08:08:23.179520|fisco-bcos-0x00007fdbc7853dc0|[g:1][STORAGE][CachedStorage]Stopping flushStorage thread
info|2025-10-07 08:08:23.351237|fisco-bcos-0x00007fdbc7853dc0|[g:1][STORAGE][CachedStorage]flushStorage thread stopped.
info|2025-10-07 08:08:23.351272|fisco-bcos-0x00007fdbc7853dc0|[DBINITIALIZER] storage stopped
info|2025-10-07 08:08:23.354605|fisco-bcos-0x00007fdbc7853dc0|[g:1] [SYNC][id:374bdfe9...]SyncMsgEngine stopped
info|2025-10-07 08:08:23.354677|fisco-bcos-0x00007fdbc7853dc0|[GossipBlockStatus]GossipBlockStatus already stopped
info|2025-10-07 08:08:23.354695|fisco-bcos-0x00007fdbc7853dc0|[SYNC][id:374bdfe9...][g:1]SyncMaster stopped
info|2025-10-07 08:08:23.354725|fisco-bcos-0x00007fdbc7853dc0|[g:1] [SYNC][id:374bdfe9...]SyncMsgEngine stopped
