info|2025-10-10 17:55:53.092406|Download-1-0x00007f35dac39700|[g:1][SYNC][id:374bdfe9...][Download][Request]Request blocks,from=184,to=184,peer=87d00b98...
info|2025-10-10 17:55:53.098910|Download-1-0x00007f35dac39700|[g:1][SYNC][id:374bdfe9...][Download][BlockSync]Download block execute,number=184,txs=1,hash=22a8c2ae...
info|2025-10-10 17:55:53.098972|Download-1-0x00007f35dac39700|[g:1][BLOCKVERIFIER][executeBlock]Executing block,txNum=1,num=184,parentHash=84b9e5d996bf7a5eb7a7af1e23a8308230a576a20d5c81a92b78a013e510177d,parentNum=183,parentStateRoot=193aa4e3ddcabc3eb1c4bc64eca338693c126abd7770f253f6dd6e3fee2170ea
info|2025-10-10 17:55:53.099301|Download-1-0x00007f35dac39700|[g:1][PRECOMPILED]init GasChargeManagePrecompiled
info|2025-10-10 17:55:53.100618|Download-1-0x00007f35c7412700|[PRECOMPILED][TimerPrecompiled]getCurrentTimeMillis,timeMillis=1760144153100
error|2025-10-10 17:55:53.101293|Download-1-0x00007f35c7412700|[EXECUTIVECONTEXT][call]Precompiled call error,EINFO=Dynamic exception type: std::runtime_error
std::exception::what: EVP_PKEY_encrypt failed
error|2025-10-10 17:55:53.101830|Download-1-0x00007f35c7412700|[EXECUTIVE][TxExeError]Transaction execution error,TransactionExceptionID=22,hash=34fcf37998bfab32d1354d28f63091611b3b7e8622725266293468c69156e50d
error|2025-10-10 17:55:53.102142|Download-1-0x00007f35dac39700|[g:1][BLOCKVERIFIER]Invalid Block with bad stateRoot or receiptRoot or dbHash,blkNum=184,originHash=22a8c2ae...,curHash=dd27c490...,orgReceipt=ed245b8c...,curRecepit=18c12456...,orgTxRoot=2d8a5d62...,curTxRoot=2d8a5d62...,orgState=00000000...,curState=00000000...,orgDBHash=00000000...,curDBHash=00000000...
warning|2025-10-10 17:55:53.102306|Download-1-0x00007f35dac39700|[g:1][BLOCKVERIFIER][executeBlock]executeBlock exception,blockNumber=184
info|2025-10-10 17:55:54.442602|io_service-0x00007f35e7c53700|[P2P][Service] heartBeat,connected count=3
info|2025-10-10 17:55:55.587081|timer-0x00007f35db43a700|[TXPOOL]clearUpExpiredTransactions,pendingTxs=2,erasedTxs=2
info|2025-10-10 17:55:59.594335|Download-1-0x00007f35dac39700|[g:1][SYNC][id:374bdfe9...][Download][Request]Request blocks,from=184,to=184,peer=87d00b98...
info|2025-10-10 17:55:59.601963|Download-1-0x00007f35dac39700|[g:1][SYNC][id:374bdfe9...][Download][BlockSync]Download block execute,number=184,txs=1,hash=22a8c2ae...
info|2025-10-10 17:55:59.602025|Download-1-0x00007f35dac39700|[g:1][BLOCKVERIFIER][executeBlock]Executing block,txNum=1,num=184,parentHash=84b9e5d996bf7a5eb7a7af1e23a8308230a576a20d5c81a92b78a013e510177d,parentNum=183,parentStateRoot=193aa4e3ddcabc3eb1c4bc64eca338693c126abd7770f253f6dd6e3fee2170ea
info|2025-10-10 17:55:59.602184|Download-1-0x00007f35dac39700|[g:1][PRECOMPILED]init GasChargeManagePrecompiled
info|2025-10-10 17:55:59.602901|Download-1-0x00007f35c7412700|[PRECOMPILED][TimerPrecompiled]getCurrentTimeMillis,timeMillis=1760144159602
error|2025-10-10 17:55:59.603266|Download-1-0x00007f35c7412700|[EXECUTIVECONTEXT][call]Precompiled call error,EINFO=Dynamic exception type: std::runtime_error
std::exception::what: EVP_PKEY_encrypt failed
error|2025-10-10 17:55:59.603374|Download-1-0x00007f35c7412700|[EXECUTIVE][TxExeError]Transaction execution error,TransactionExceptionID=22,hash=34fcf37998bfab32d1354d28f63091611b3b7e8622725266293468c69156e50d
error|2025-10-10 17:55:59.603807|Download-1-0x00007f35dac39700|[g:1][BLOCKVERIFIER]Invalid Block with bad stateRoot or receiptRoot or dbHash,blkNum=184,originHash=22a8c2ae...,curHash=dd27c490...,orgReceipt=ed245b8c...,curRecepit=18c12456...,orgTxRoot=2d8a5d62...,curTxRoot=2d8a5d62...,orgState=00000000...,curState=00000000...,orgDBHash=00000000...,curDBHash=00000000...
warning|2025-10-10 17:55:59.604013|Download-1-0x00007f35dac39700|[g:1][BLOCKVERIFIER][executeBlock]executeBlock exception,blockNumber=184
info|2025-10-10 17:56:04.443232|io_service-0x00007f35e7c53700|[P2P][Service] heartBeat,connected count=3
info|2025-10-10 17:56:06.578322|Download-1-0x00007f35dac39700|[g:1][SYNC][id:374bdfe9...][Download][Request]Request blocks,from=184,to=184,peer=87d00b98...
info|2025-10-10 17:56:06.695921|Download-1-0x00007f35dac39700|[g:1][SYNC][id:374bdfe9...][Download][BlockSync]Download block execute,number=184,txs=1,hash=22a8c2ae...
info|2025-10-10 17:56:06.695991|Download-1-0x00007f35dac39700|[g:1][BLOCKVERIFIER][executeBlock]Executing block,txNum=1,num=184,parentHash=84b9e5d996bf7a5eb7a7af1e23a8308230a576a20d5c81a92b78a013e510177d,parentNum=183,parentStateRoot=193aa4e3ddcabc3eb1c4bc64eca338693c126abd7770f253f6dd6e3fee2170ea
info|2025-10-10 17:56:06.696205|Download-1-0x00007f35dac39700|[g:1][PRECOMPILED]init GasChargeManagePrecompiled
info|2025-10-10 17:56:06.696813|Download-1-0x00007f35dac39700|[g:1][PRECOMPILED][TimerPrecompiled]getCurrentTimeMillis,timeMillis=1760144166696
error|2025-10-10 17:56:06.697077|Download-1-0x00007f35dac39700|[g:1][EXECUTIVECONTEXT][call]Precompiled call error,EINFO=Dynamic exception type: std::runtime_error
std::exception::what: EVP_PKEY_encrypt failed
error|2025-10-10 17:56:06.697327|Download-1-0x00007f35dac39700|[g:1][EXECUTIVE][TxExeError]Transaction execution error,TransactionExceptionID=22,hash=34fcf37998bfab32d1354d28f63091611b3b7e8622725266293468c69156e50d
error|2025-10-10 17:56:06.697501|Download-1-0x00007f35dac39700|[g:1][BLOCKVERIFIER]Invalid Block with bad stateRoot or receiptRoot or dbHash,blkNum=184,originHash=22a8c2ae...,curHash=dd27c490...,orgReceipt=ed245b8c...,curRecepit=18c12456...,orgTxRoot=2d8a5d62...,curTxRoot=2d8a5d62...,orgState=00000000...,curState=00000000...,orgDBHash=00000000...,curDBHash=00000000...
warning|2025-10-10 17:56:06.697634|Download-1-0x00007f35dac39700|[g:1][BLOCKVERIFIER][executeBlock]executeBlock exception,blockNumber=184
info|2025-10-10 17:56:12.988429|Download-1-0x00007f35dac39700|[g:1][SYNC][id:374bdfe9...][Download][Request]Request blocks,from=184,to=184,peer=87d00b98...
info|2025-10-10 17:56:12.994570|Download-1-0x00007f35dac39700|[g:1][SYNC][id:374bdfe9...][Download][BlockSync]Download block execute,number=184,txs=1,hash=22a8c2ae...
info|2025-10-10 17:56:12.994653|Download-1-0x00007f35dac39700|[g:1][BLOCKVERIFIER][executeBlock]Executing block,txNum=1,num=184,parentHash=84b9e5d996bf7a5eb7a7af1e23a8308230a576a20d5c81a92b78a013e510177d,parentNum=183,parentStateRoot=193aa4e3ddcabc3eb1c4bc64eca338693c126abd7770f253f6dd6e3fee2170ea
info|2025-10-10 17:56:12.994869|Download-1-0x00007f35dac39700|[g:1][PRECOMPILED]init GasChargeManagePrecompiled
info|2025-10-10 17:56:12.995262|Download-1-0x00007f35c7412700|[PRECOMPILED][TimerPrecompiled]getCurrentTimeMillis,timeMillis=1760144172995
error|2025-10-10 17:56:12.995392|Download-1-0x00007f35c7412700|[EXECUTIVECONTEXT][call]Precompiled call error,EINFO=Dynamic exception type: std::runtime_error
std::exception::what: EVP_PKEY_encrypt failed
error|2025-10-10 17:56:12.995443|Download-1-0x00007f35c7412700|[EXECUTIVE][TxExeError]Transaction execution error,TransactionExceptionID=22,hash=34fcf37998bfab32d1354d28f63091611b3b7e8622725266293468c69156e50d
error|2025-10-10 17:56:12.995741|Download-1-0x00007f35dac39700|[g:1][BLOCKVERIFIER]Invalid Block with bad stateRoot or receiptRoot or dbHash,blkNum=184,originHash=22a8c2ae...,curHash=dd27c490...,orgReceipt=ed245b8c...,curRecepit=18c12456...,orgTxRoot=2d8a5d62...,curTxRoot=2d8a5d62...,orgState=00000000...,curState=00000000...,orgDBHash=00000000...,curDBHash=00000000...
warning|2025-10-10 17:56:12.995848|Download-1-0x00007f35dac39700|[g:1][BLOCKVERIFIER][executeBlock]executeBlock exception,blockNumber=184
info|2025-10-10 17:56:14.444179|io_service-0x00007f35e7c53700|[P2P][Service] heartBeat,connected count=3
warning|2025-10-10 17:56:17.252822|PBFT-1-0x00007f35cdc1f700|[g:1][CONSENSUS][PBFT]ViewChangeWarning: not caused by omit empty block ,v=0,toV=8,curNum=183,hash=84b9e5d9...,nodeIdx=1,myNode=374bdfe9...
info|2025-10-10 17:56:17.253625|PBFT-1-0x00007f35cdc1f700|[g:1][CONSENSUS][PBFT]checkTimeout Succ,view=0,toView=8,nodeIdx=1,changeCycle=8,myNode=374bdfe9...,timecost=3
info|2025-10-10 17:56:19.393698|Download-1-0x00007f35dac39700|[g:1][SYNC][id:374bdfe9...][Download][Request]Request blocks,from=184,to=184,peer=87d00b98...
info|2025-10-10 17:56:19.398793|Download-1-0x00007f35dac39700|[g:1][SYNC][id:374bdfe9...][Download][BlockSync]Download block execute,number=184,txs=1,hash=22a8c2ae...
info|2025-10-10 17:56:19.398975|Download-1-0x00007f35dac39700|[g:1][BLOCKVERIFIER][executeBlock]Executing block,txNum=1,num=184,parentHash=84b9e5d996bf7a5eb7a7af1e23a8308230a576a20d5c81a92b78a013e510177d,parentNum=183,parentStateRoot=193aa4e3ddcabc3eb1c4bc64eca338693c126abd7770f253f6dd6e3fee2170ea
info|2025-10-10 17:56:19.399117|Download-1-0x00007f35dac39700|[g:1][PRECOMPILED]init GasChargeManagePrecompiled
info|2025-10-10 17:56:19.399506|Download-1-0x00007f35dac39700|[g:1][PRECOMPILED][TimerPrecompiled]getCurrentTimeMillis,timeMillis=1760144179399
error|2025-10-10 17:56:19.399674|Download-1-0x00007f35dac39700|[g:1][EXECUTIVECONTEXT][call]Precompiled call error,EINFO=Dynamic exception type: std::runtime_error
std::exception::what: EVP_PKEY_encrypt failed
error|2025-10-10 17:56:19.399741|Download-1-0x00007f35dac39700|[g:1][EXECUTIVE][TxExeError]Transaction execution error,TransactionExceptionID=22,hash=34fcf37998bfab32d1354d28f63091611b3b7e8622725266293468c69156e50d
error|2025-10-10 17:56:19.399899|Download-1-0x00007f35dac39700|[g:1][BLOCKVERIFIER]Invalid Block with bad stateRoot or receiptRoot or dbHash,blkNum=184,originHash=22a8c2ae...,curHash=dd27c490...,orgReceipt=ed245b8c...,curRecepit=18c12456...,orgTxRoot=2d8a5d62...,curTxRoot=2d8a5d62...,orgState=00000000...,curState=00000000...,orgDBHash=00000000...,curDBHash=00000000...
warning|2025-10-10 17:56:19.399986|Download-1-0x00007f35dac39700|[g:1][BLOCKVERIFIER][executeBlock]executeBlock exception,blockNumber=184
info|2025-10-10 17:56:24.444838|io_service-0x00007f35e7c53700|[P2P][Service] heartBeat,connected count=3
info|2025-10-10 17:56:25.977436|Download-1-0x00007f35dac39700|[g:1][SYNC][id:374bdfe9...][Download][Request]Request blocks,from=184,to=184,peer=064cb676...
info|2025-10-10 17:56:25.981965|Download-1-0x00007f35dac39700|[g:1][SYNC][id:374bdfe9...][Download][BlockSync]Download block execute,number=184,txs=1,hash=22a8c2ae...
info|2025-10-10 17:56:25.982000|Download-1-0x00007f35dac39700|[g:1][BLOCKVERIFIER][executeBlock]Executing block,txNum=1,num=184,parentHash=84b9e5d996bf7a5eb7a7af1e23a8308230a576a20d5c81a92b78a013e510177d,parentNum=183,parentStateRoot=193aa4e3ddcabc3eb1c4bc64eca338693c126abd7770f253f6dd6e3fee2170ea
info|2025-10-10 17:56:25.982157|Download-1-0x00007f35dac39700|[g:1][PRECOMPILED]init GasChargeManagePrecompiled
info|2025-10-10 17:56:25.982476|Download-1-0x00007f35c7412700|[PRECOMPILED][TimerPrecompiled]getCurrentTimeMillis,timeMillis=1760144185982
error|2025-10-10 17:56:25.982594|Download-1-0x00007f35c7412700|[EXECUTIVECONTEXT][call]Precompiled call error,EINFO=Dynamic exception type: std::runtime_error
std::exception::what: EVP_PKEY_encrypt failed
error|2025-10-10 17:56:25.982660|Download-1-0x00007f35c7412700|[EXECUTIVE][TxExeError]Transaction execution error,TransactionExceptionID=22,hash=34fcf37998bfab32d1354d28f63091611b3b7e8622725266293468c69156e50d
error|2025-10-10 17:56:25.982916|Download-1-0x00007f35dac39700|[g:1][BLOCKVERIFIER]Invalid Block with bad stateRoot or receiptRoot or dbHash,blkNum=184,originHash=22a8c2ae...,curHash=dd27c490...,orgReceipt=ed245b8c...,curRecepit=18c12456...,orgTxRoot=2d8a5d62...,curTxRoot=2d8a5d62...,orgState=00000000...,curState=00000000...,orgDBHash=00000000...,curDBHash=00000000...
warning|2025-10-10 17:56:25.983018|Download-1-0x00007f35dac39700|[g:1][BLOCKVERIFIER][executeBlock]executeBlock exception,blockNumber=184
info|2025-10-10 17:56:32.494797|Download-1-0x00007f35dac39700|[g:1][SYNC][id:374bdfe9...][Download][Request]Request blocks,from=184,to=184,peer=064cb676...
info|2025-10-10 17:56:32.500900|Download-1-0x00007f35dac39700|[g:1][SYNC][id:374bdfe9...][Download][BlockSync]Download block execute,number=184,txs=1,hash=22a8c2ae...
info|2025-10-10 17:56:32.501001|Download-1-0x00007f35dac39700|[g:1][BLOCKVERIFIER][executeBlock]Executing block,txNum=1,num=184,parentHash=84b9e5d996bf7a5eb7a7af1e23a8308230a576a20d5c81a92b78a013e510177d,parentNum=183,parentStateRoot=193aa4e3ddcabc3eb1c4bc64eca338693c126abd7770f253f6dd6e3fee2170ea
info|2025-10-10 17:56:32.501193|Download-1-0x00007f35dac39700|[g:1][PRECOMPILED]init GasChargeManagePrecompiled
info|2025-10-10 17:56:32.501515|Download-1-0x00007f35dac39700|[g:1][PRECOMPILED][TimerPrecompiled]getCurrentTimeMillis,timeMillis=1760144192501
error|2025-10-10 17:56:32.501753|Download-1-0x00007f35dac39700|[g:1][EXECUTIVECONTEXT][call]Precompiled call error,EINFO=Dynamic exception type: std::runtime_error
std::exception::what: EVP_PKEY_encrypt failed
error|2025-10-10 17:56:32.501850|Download-1-0x00007f35dac39700|[g:1][EXECUTIVE][TxExeError]Transaction execution error,TransactionExceptionID=22,hash=34fcf37998bfab32d1354d28f63091611b3b7e8622725266293468c69156e50d
error|2025-10-10 17:56:32.502064|Download-1-0x00007f35dac39700|[g:1][BLOCKVERIFIER]Invalid Block with bad stateRoot or receiptRoot or dbHash,blkNum=184,originHash=22a8c2ae...,curHash=dd27c490...,orgReceipt=ed245b8c...,curRecepit=18c12456...,orgTxRoot=2d8a5d62...,curTxRoot=2d8a5d62...,orgState=00000000...,curState=00000000...,orgDBHash=00000000...,curDBHash=00000000...
warning|2025-10-10 17:56:32.502171|Download-1-0x00007f35dac39700|[g:1][BLOCKVERIFIER][executeBlock]executeBlock exception,blockNumber=184
info|2025-10-10 17:56:34.445223|io_service-0x00007f35e7c53700|[P2P][Service] heartBeat,connected count=3
