info|2025-10-13 03:26:40.388825|PBFT-1-0x00007fe94d663700|[g:1][CONSENSUS][PBFT]catchupView,toView=4,INFO=,reqNum=594,curNum=183,GenIdx=2,Cview=2,view=0,fromIdx=2,fromNode=73994dae...,fromIp=127.0.0.1:39244,hash=f7d63d18...,nodeIdx=1,myNode=374bdfe9...
info|2025-10-13 03:26:40.397551|PBFT-1-0x00007fe94d663700|[g:1][CONSENSUS][PBFT]sendViewChangeMsg: send viewchange to started node,v=0,toV=4,curNum=183,peerNode=73994dae...,hash=84b9e5d9...,nodeIdx=1,myNode=374bdfe9...
warning|2025-10-13 03:26:41.704387|PBFT-1-0x00007fe94d663700|[g:1][CONSENSUS][PBFT]ViewChangeWarning: not caused by omit empty block ,v=0,toV=5,curNum=183,hash=84b9e5d9...,nodeIdx=1,myNode=374bdfe9...
info|2025-10-13 03:26:41.705488|PBFT-1-0x00007fe94d663700|[g:1][CONSENSUS][PBFT]checkTimeout Succ,view=0,toView=5,nodeIdx=1,changeCycle=5,myNode=374bdfe9...,timecost=3
info|2025-10-13 03:26:41.737472|io_service-0x00007fe967697700|[P2P][Service] heartBeat,connected count=3
info|2025-10-13 03:26:43.835416|Download-1-0x00007fe95a67d700|[g:1][SYNC][id:374bdfe9...][Download][Request]Request blocks,from=184,to=184,peer=064cb676...
info|2025-10-13 03:26:43.842535|Download-1-0x00007fe95a67d700|[g:1][SYNC][id:374bdfe9...][Download][BlockSync]Download block execute,number=184,txs=1,hash=22a8c2ae...
info|2025-10-13 03:26:43.842635|Download-1-0x00007fe95a67d700|[g:1][BLOCKVERIFIER][executeBlock]Executing block,txNum=1,num=184,parentHash=84b9e5d996bf7a5eb7a7af1e23a8308230a576a20d5c81a92b78a013e510177d,parentNum=183,parentStateRoot=193aa4e3ddcabc3eb1c4bc64eca338693c126abd7770f253f6dd6e3fee2170ea
info|2025-10-13 03:26:43.842885|Download-1-0x00007fe95a67d700|[g:1][PRECOMPILED]init GasChargeManagePrecompiled
info|2025-10-13 03:26:43.843854|Download-1-0x00007fe95a67d700|[g:1][PRECOMPILED][TimerPrecompiled]getCurrentTimeMillis,timeMillis=1760351203843
error|2025-10-13 03:26:43.844066|Download-1-0x00007fe95a67d700|[g:1][PRECOMPILED]SM2EncryptPrecompiled exception:Unknown function
error|2025-10-13 03:26:43.844200|Download-1-0x00007fe95a67d700|[g:1][EXECUTIVECONTEXT]PrecompiledException,address=000000000000000000000000000000000000500b,message:=Unknown function
error|2025-10-13 03:26:43.844386|Download-1-0x00007fe95a67d700|[g:1][EXECUTIVE][TxExeError]Transaction execution error,TransactionExceptionID=22,hash=34fcf37998bfab32d1354d28f63091611b3b7e8622725266293468c69156e50d
error|2025-10-13 03:26:43.844845|Download-1-0x00007fe95a67d700|[g:1][BLOCKVERIFIER]Invalid Block with bad stateRoot or receiptRoot or dbHash,blkNum=184,originHash=22a8c2ae...,curHash=d70f1cff...,orgReceipt=ed245b8c...,curRecepit=8937e548...,orgTxRoot=2d8a5d62...,curTxRoot=2d8a5d62...,orgState=00000000...,curState=00000000...,orgDBHash=00000000...,curDBHash=00000000...
warning|2025-10-13 03:26:43.845035|Download-1-0x00007fe95a67d700|[g:1][BLOCKVERIFIER][executeBlock]executeBlock exception,blockNumber=184
info|2025-10-13 03:26:50.245516|Download-1-0x00007fe95a67d700|[g:1][SYNC][id:374bdfe9...][Download][Request]Request blocks,from=184,to=184,peer=73994dae...
info|2025-10-13 03:26:50.253383|Download-1-0x00007fe95a67d700|[g:1][SYNC][id:374bdfe9...][Download][BlockSync]Download block execute,number=184,txs=1,hash=22a8c2ae...
info|2025-10-13 03:26:50.253498|Download-1-0x00007fe95a67d700|[g:1][BLOCKVERIFIER][executeBlock]Executing block,txNum=1,num=184,parentHash=84b9e5d996bf7a5eb7a7af1e23a8308230a576a20d5c81a92b78a013e510177d,parentNum=183,parentStateRoot=193aa4e3ddcabc3eb1c4bc64eca338693c126abd7770f253f6dd6e3fee2170ea
info|2025-10-13 03:26:50.253732|Download-1-0x00007fe95a67d700|[g:1][PRECOMPILED]init GasChargeManagePrecompiled
info|2025-10-13 03:26:50.254253|Download-1-0x00007fe95a67d700|[g:1][PRECOMPILED][TimerPrecompiled]getCurrentTimeMillis,timeMillis=1760351210254
error|2025-10-13 03:26:50.254410|Download-1-0x00007fe95a67d700|[g:1][PRECOMPILED]SM2EncryptPrecompiled exception:Unknown function
error|2025-10-13 03:26:50.254463|Download-1-0x00007fe95a67d700|[g:1][EXECUTIVECONTEXT]PrecompiledException,address=000000000000000000000000000000000000500b,message:=Unknown function
error|2025-10-13 03:26:50.254513|Download-1-0x00007fe95a67d700|[g:1][EXECUTIVE][TxExeError]Transaction execution error,TransactionExceptionID=22,hash=34fcf37998bfab32d1354d28f63091611b3b7e8622725266293468c69156e50d
error|2025-10-13 03:26:50.254840|Download-1-0x00007fe95a67d700|[g:1][BLOCKVERIFIER]Invalid Block with bad stateRoot or receiptRoot or dbHash,blkNum=184,originHash=22a8c2ae...,curHash=d70f1cff...,orgReceipt=ed245b8c...,curRecepit=8937e548...,orgTxRoot=2d8a5d62...,curTxRoot=2d8a5d62...,orgState=00000000...,curState=00000000...,orgDBHash=00000000...,curDBHash=00000000...
warning|2025-10-13 03:26:50.254982|Download-1-0x00007fe95a67d700|[g:1][BLOCKVERIFIER][executeBlock]executeBlock exception,blockNumber=184
info|2025-10-13 03:26:51.737824|io_service-0x00007fe967697700|[P2P][Service] heartBeat,connected count=3
info|2025-10-13 03:26:56.724957|Download-1-0x00007fe95a67d700|[g:1][SYNC][id:374bdfe9...][Download][Request]Request blocks,from=184,to=184,peer=73994dae...
info|2025-10-13 03:26:56.741908|Download-1-0x00007fe95a67d700|[g:1][SYNC][id:374bdfe9...][Download][BlockSync]Download block execute,number=184,txs=1,hash=22a8c2ae...
info|2025-10-13 03:26:56.741962|Download-1-0x00007fe95a67d700|[g:1][BLOCKVERIFIER][executeBlock]Executing block,txNum=1,num=184,parentHash=84b9e5d996bf7a5eb7a7af1e23a8308230a576a20d5c81a92b78a013e510177d,parentNum=183,parentStateRoot=193aa4e3ddcabc3eb1c4bc64eca338693c126abd7770f253f6dd6e3fee2170ea
info|2025-10-13 03:26:56.743219|Download-1-0x00007fe95a67d700|[g:1][PRECOMPILED]init GasChargeManagePrecompiled
info|2025-10-13 03:26:56.744697|Download-1-0x00007fe95a67d700|[g:1][PRECOMPILED][TimerPrecompiled]getCurrentTimeMillis,timeMillis=1760351216744
error|2025-10-13 03:26:56.744887|Download-1-0x00007fe95a67d700|[g:1][PRECOMPILED]SM2EncryptPrecompiled exception:Unknown function
error|2025-10-13 03:26:56.745351|Download-1-0x00007fe95a67d700|[g:1][EXECUTIVECONTEXT]PrecompiledException,address=000000000000000000000000000000000000500b,message:=Unknown function
error|2025-10-13 03:26:56.745456|Download-1-0x00007fe95a67d700|[g:1][EXECUTIVE][TxExeError]Transaction execution error,TransactionExceptionID=22,hash=34fcf37998bfab32d1354d28f63091611b3b7e8622725266293468c69156e50d
error|2025-10-13 03:26:56.745809|Download-1-0x00007fe95a67d700|[g:1][BLOCKVERIFIER]Invalid Block with bad stateRoot or receiptRoot or dbHash,blkNum=184,originHash=22a8c2ae...,curHash=d70f1cff...,orgReceipt=ed245b8c...,curRecepit=8937e548...,orgTxRoot=2d8a5d62...,curTxRoot=2d8a5d62...,orgState=00000000...,curState=00000000...,orgDBHash=00000000...,curDBHash=00000000...
warning|2025-10-13 03:26:56.746028|Download-1-0x00007fe95a67d700|[g:1][BLOCKVERIFIER][executeBlock]executeBlock exception,blockNumber=184
info|2025-10-13 03:27:01.738347|io_service-0x00007fe967697700|[P2P][Service] heartBeat,connected count=3
info|2025-10-13 03:27:03.130088|Download-1-0x00007fe95a67d700|[g:1][SYNC][id:374bdfe9...][Download][Request]Request blocks,from=184,to=184,peer=87d00b98...
info|2025-10-13 03:27:03.138508|Download-1-0x00007fe95a67d700|[g:1][SYNC][id:374bdfe9...][Download][BlockSync]Download block execute,number=184,txs=1,hash=22a8c2ae...
info|2025-10-13 03:27:03.138563|Download-1-0x00007fe95a67d700|[g:1][BLOCKVERIFIER][executeBlock]Executing block,txNum=1,num=184,parentHash=84b9e5d996bf7a5eb7a7af1e23a8308230a576a20d5c81a92b78a013e510177d,parentNum=183,parentStateRoot=193aa4e3ddcabc3eb1c4bc64eca338693c126abd7770f253f6dd6e3fee2170ea
info|2025-10-13 03:27:03.138735|Download-1-0x00007fe95a67d700|[g:1][PRECOMPILED]init GasChargeManagePrecompiled
info|2025-10-13 03:27:03.139385|Download-1-0x00007fe946e56700|[PRECOMPILED][TimerPrecompiled]getCurrentTimeMillis,timeMillis=1760351223139
error|2025-10-13 03:27:03.139465|Download-1-0x00007fe946e56700|[PRECOMPILED]SM2EncryptPrecompiled exception:Unknown function
error|2025-10-13 03:27:03.139491|Download-1-0x00007fe946e56700|[EXECUTIVECONTEXT]PrecompiledException,address=000000000000000000000000000000000000500b,message:=Unknown function
error|2025-10-13 03:27:03.139542|Download-1-0x00007fe946e56700|[EXECUTIVE][TxExeError]Transaction execution error,Trans