info|2025-10-10 19:10:02.404682|fisco-bcos-0x00007ffb698dedc0|[INITIALIZER][initGlobalConfig],enableCompress=true,compatibilityVersion=2.11.0,versionNumber=34275328,enableStat=false,chainId=1,useSMCrypto=true,IgnoreObserverWriteRequest=false
info|2025-10-10 19:10:02.407753|fisco-bcos-0x00007ffb698dedc0|[INITIALIZER][SecureInitializerGM]get pub of node,nodeID=374bdfe969e1d8ea1200ade93e5d8cf1a7d5741f238011004b0f43ca818706f194b2f067e1708125f7ffc536610b9a72addbd56b238d65f18912be39037ffcc5
info|2025-10-10 19:10:02.413882|fisco-bcos-0x00007ffb698dedc0|[NETWORK][Host]Connecting to node,endpoint=127.0.0.1:30300
info|2025-10-10 19:10:02.414068|fisco-bcos-0x00007ffb698dedc0|[NETWORK][Host]Connecting to node,endpoint=127.0.0.1:30301
info|2025-10-10 19:10:02.414226|fisco-bcos-0x00007ffb698dedc0|[NETWORK][Host]Connecting to node,endpoint=127.0.0.1:30302
info|2025-10-10 19:10:02.414288|fisco-bcos-0x00007ffb698dedc0|[NETWORK][Host]Connecting to node,endpoint=127.0.0.1:30303
info|2025-10-10 19:10:02.414335|fisco-bcos-0x00007ffb698dedc0|[P2P][Service] heartBeat,connected count=0
info|2025-10-10 19:10:02.414375|fisco-bcos-0x00007ffb698dedc0|[INITIALIZER][RPCInitializer],network_security.check_cert_issuer=true
info|2025-10-10 19:10:02.415113|fisco-bcos-0x00007ffb698dedc0|[CHANNEL][ChannelServer::run],threadPoolSize=8
info|2025-10-10 19:10:02.415202|fisco-bcos-0x00007ffb698dedc0|[CHANNEL]ChannelRPCServer started
info|2025-10-10 19:10:02.415213|fisco-bcos-0x00007ffb698dedc0|[INITIALIZER][RPCInitializer: ChannelRPCHttpServer started.],disableDynamicGroup=false,uncheckGroupMember=false,threadSize=8
info|2025-10-10 19:10:02.415221|fisco-bcos-0x00007ffb698dedc0|[INITIALIZER][LedgerInitializer]initConfig
info|2025-10-10 19:10:02.415237|fisco-bcos-0x00007ffb698dedc0|[LedgerInitializer],groupConfigPath=conf/
info|2025-10-10 19:10:02.419328|io_service-0x00007ffb66b65700|[NETWORK][Host]P2P StartAccept,Host=0.0.0.0:30301
info|2025-10-10 19:10:02.419510|io_service-0x00007ffb66b65700|[NETWORK][ASIO]asyncResolveConnect,endpoint=127.0.0.1:30300
info|2025-10-10 19:10:02.419566|io_service-0x00007ffb66b65700|[NETWORK][ASIO]asyncResolveConnect,endpoint=127.0.0.1:30301
info|2025-10-10 19:10:02.419607|io_service-0x00007ffb66b65700|[NETWORK][ASIO]asyncResolveConnect,endpoint=127.0.0.1:30302
info|2025-10-10 19:10:02.419652|io_service-0x00007ffb66b65700|[NETWORK][ASIO]asyncResolveConnect,endpoint=127.0.0.1:30303
info|2025-10-10 19:10:02.419826|io_service-0x00007ffb66b65700|[NETWORK][Host]P2P Recv Connect, From=127.0.0.1:47584
info|2025-10-10 19:10:02.419874|io_service-0x00007ffb66b65700|[NETWORK][Host]P2P StartAccept,Host=0.0.0.0:30301
info|2025-10-10 19:10:02.442590|io_service-0x00007ffb66b65700|[NETWORK][Host]P2P Recv Connect, From=127.0.0.1:47590
info|2025-10-10 19:10:02.442643|io_service-0x00007ffb66b65700|[NETWORK][Host]P2P StartAccept,Host=0.0.0.0:30301
info|2025-10-10 19:10:02.447923|io_service-0x00007ffb66b65700|[NETWORK][Host]handshakeServer succ,remote endpoint=127.0.0.1:47584
info|2025-10-10 19:10:02.470768|io_service-0x00007ffb66b65700|[NETWORK][Host]startPeerSession, Remote=127.0.0.1:47584,local endpoint=127.0.0.1:30301,nodeID=374bdfe9...
info|2025-10-10 19:10:02.475596|io_service-0x00007ffb66b65700|[NETWORK][Host]handshakeClient succ,local endpoint=127.0.0.1:47584
info|2025-10-10 19:10:02.475667|io_service-0x00007ffb66b65700|[NETWORK][Host]startPeerSession, Remote=127.0.0.1:30301,local endpoint=127.0.0.1:47584,nodeID=374bdfe9...
info|2025-10-10 19:10:02.476005|io_service-0x00007ffb66b65700|[NETWORK][Host]handshakeClient succ,local endpoint=127.0.0.1:57520
info|2025-10-10 19:10:02.476075|io_service-0x00007ffb66b65700|[NETWORK][Host]startPeerSession, Remote=127.0.0.1:30302,local endpoint=127.0.0.1:57520,nodeID=87d00b98...
info|2025-10-10 19:10:02.476482|P2P-0x00007ffb68b69700|[P2P][Service] Connection established,nodeID=87d00b98...,endpoint=127.0.0.1:30302
info|2025-10-10 19:10:02.483408|io_service-0x00007ffb66b65700|[NETWORK][Host]handshakeClient succ,local endpoint=127.0.0.1:40546
info|2025-10-10 19:10:02.483515|P2P-0x00007ffb67366700|[P2P][Service] Connection established,nodeID=73994dae...,endpoint=127.0.0.1:30300
info|2025-10-10 19:10:02.483532|io_service-0x00007ffb66b65700|[NETWORK][Host]startPeerSession, Remote=127.0.0.1:30300,local endpoint=127.0.0.1:40546,nodeID=73994dae...
info|2025-10-10 19:10:02.485249|io_service-0x00007ffb66b65700|[NETWORK][Host]handshakeClient succ,local endpoint=127.0.0.1:60260
info|2025-10-10 19:10:02.485327|P2P-0x00007ffb67b67700|[P2P][Service] Connection established,nodeID=064cb676...,endpoint=127.0.0.1:30303
info|2025-10-10 19:10:02.485341|io_service-0x00007ffb66b65700|[NETWORK][Host]startPeerSession, Remote=127.0.0.1:30303,local endpoint=127.0.0.1:60260,nodeID=064cb676...
info|2025-10-10 19:10:02.498328|io_service-0x00007ffb66b65700|[NETWORK][Host]handshakeServer succ,remote endpoint=127.0.0.1:47590
info|2025-10-10 19:10:02.498383|io_service-0x00007ffb66b65700|[NETWORK][Host]startPeerSession, Remote=127.0.0.1:47590,local endpoint=127.0.0.1:30301,nodeID=73994dae...
info|2025-10-10 19:10:02.526809|fisco-bcos-0x00007ffb698dedc0|[INITIALIZER][initSingleLedger] [GroupId], LedgerConstructor:  1,configFileName=conf/group.1.genesis,dataDir=data/
info|2025-10-10 19:10:02.526976|fisco-bcos-0x00007ffb698dedc0|[g:1][LedgerParam][parseGenesisConfig]initConsensusConfig/initStorageConfig/initTxConfig,configFile=conf/group.1.genesis
info|2025-10-10 19:10:02.526998|fisco-bcos-0x00007ffb698dedc0|[g:1][LedgerParam][initConsensusConfig],type=pbft,consensusTimeout=3,maxTxNum=1000,txGasLimit=300000000
info|2025-10-10 19:10:02.527023|fisco-bcos-0x00007ffb698dedc0|[g:1][LedgerParam][parsePublicKeyListOfSection],sectionName=consensus,it.first=73994dae9e8b8da733108a4153dfe79151d701dff425f84c87b5324e8ebd02ab6a0ebc9e4f1e0298a7ddca50f94a8f95c62b6997226d571e470e8f2b0600634a
info|2025-10-10 19:10:02.527044|fisco-bcos-0x00007ffb698dedc0|[g:1][LedgerParam][parsePublicKeyListOfSection],sectionName=consensus,it.first=374bdfe969e1d8ea1200ade93e5d8cf1a7d5741f238011004b0f43ca818706f194b2f067e1708125f7ffc536610b9a72addbd56b238d65f18912be39037ffcc5
info|2025-10-10 19:10:02.527085|fisco-bcos-0x00007ffb698dedc0|[g:1][LedgerParam][parsePublicKeyListOfSection],sectionName=consensus,it.first=87d00b98321fc70a5abc85ad9e80db10cce315194133697bf74aace1d3f8430957a766240f751752708f4282f46110d6ea56c3eb5d1c02ce98a66f327f595270
info|2025-10-10 19:10:02.527139|fisco-bcos-0x00007ffb698dedc0|[g:1][LedgerParam][parsePublicKeyListOfSection],sectionName=consensus,it.first=064cb676a36047a4b52ecbf9c01664b1e987d91b438110ba6a12d96972726622e824d295b1de8b0298b5afe7bbbc0bd04a3890e1a36eae028c1cfbe07971b995
info|2025-10-10 19:10:02.527201|fisco-bcos-0x00007ffb698dedc0|[g:1][LedgerParam][parsePublicKeyListOfSection],totalPubKeySize=4
info|2025-10-10 19:10:02.527297|fisco-bcos-0x00007ffb698dedc0|[g:1][LedgerParam][max_block_range],maxBlockRange=0,maxBlockPerProcess=3
info|2025-10-10 19:10:02.527308|fisco-bcos-0x00007ffb698dedc0|[g:1][LedgerParam][parseGenesisConfig],timestamp=1759762229000
info|2025-10-10 19:10:02.527324|fisco-bcos-0x00007ffb698dedc0|[g:1][LedgerParam]setEVMFlags,enableFreeStorageVMSchedule=false,evmFlags=0
info|2025-10-10 19:10:02.527464|fisco-bcos-0x00007ffb698dedc0|[g:1][LedgerParam]store evmFlag,evmFlag=0
info|2025-10-10 19:10:02.527489|fisco-bcos-0x00007ffb698dedc0|[g:1][LedgerParam]store consensus time,consensusTimeout=3
info|2025-10-10 19:10:02.527498|fisco-bcos-0x00007ffb698dedc0|[g:1][LedgerParam][initMark],genesisMark=1-064cb676a36047a4b52ecbf9c01664b1e987d91b438110ba6a12d96972726622e824d295b1de8b0298b5afe7bbbc0bd04a3890e1a36eae028c1cfbe07971b995,374bdfe969e1d8ea1200ade93e5d8cf1a7d5741f238011004b0f43ca818706f194b2f067e1708125f7ffc536610b9a72addbd56b238d65f18912be39037ffcc5,73994dae9e8b8da733108a4153dfe79151d701dff425f84c87b5324e8ebd02ab6a0ebc9e4f1e0298a7ddca50f94a8f95c62b6997226d571e470e8f2b0600634a,87d00b98321fc70a5abc85ad9e80db10cce315194133697bf74aace1d3f8430957a766240f751752708f4282f46110d6ea56c3eb5d1c02ce98a66f327f595270,-pbft-storage-0-1000-300000000-3
info|2025-10-10 19:10:02.527510|fisco-bcos-0x00007ffb698dedc0|[g:1][LedgerParam][initIniConfig]initTxPoolConfig/initSyncConfig/initTxExecuteConfig,configFile=conf/group.1.ini
info|2025-10-10 19:10:02.530778|fisco-bcos-0x00007ffb698dedc0|[g:1][LedgerParam][initStorageConfig],stateType=storage,storageDB=rocksdb,storagePath=data//group1/block/RocksDB,baseDir=data//group1,dbtype=mysql,dbip=127.0.0.1,dbport=3306,dbcharset=utf8mb4,initconnections=15,maxconnections=50,scrollThreshold=2000,enableReconfirmCommittee=false
info|2025-10-10 19:10:02.530805|fisco-bcos-0x00007ffb698dedc0|[g:1][LedgerParam][initTxPoolConfig],txPoolLimit=150000,memorySizeLimit(MB)=512,notifyWorkerNum=2,txsExpirationTime(ms)=600000
info|2025-10-10 19:10:02.530813|fisco-bcos-0x00007ffb698dedc0|[g:1][LedgerParam][initSyncConfig],idleWaitMs=200
info|2025-10-10 19:10:02.530824|fisco-bcos-0x00007ffb698dedc0|[g:1][LedgerParam][initSyncConfig],enableSendTxsByTree=true,enableSendBlockStatusByTree=true
info|2025-10-10 19:10:02.530831|fisco-bcos-0x00007ffb698dedc0|[g:1][LedgerParam][initSyncConfig],gossipInterval=1000
info|2025-10-10 19:10:02.530846|fisco-bcos-0x00007ffb698dedc0|[g:1][LedgerParam][initSyncConfig],enableSendBlockStatusByTree=true,gossipInterval=1000,gossipPeers=3,syncTreeWidth=3,maxQueueSizeForBlockSync=536870912,txsStatusGossipMaxPeers=5,syncInfoPrintInterval=10,freeNodeRead=false
info|2025-10-10 19:10:02.530857|fisco-bcos-0x00007ffb698dedc0|[g:1][LedgerParam][InitTxExecuteConfig],enableParallel=true
info|2025-10-10 19:10:02.530875|fisco-bcos-0x00007ffb698dedc0|[g:1][LedgerParam][initConsensusIniConfig],maxTTL=2,minBlockGenerationTime=500,enablDynamicBlockSize=true,blockSizeIncreaseRatio=0.5,enableTTLOptimize=true,enablePrepareWithTxsHash=true
info|2025-10-10 19:10:02.530908|fisco-bcos-0x00007ffb698dedc0|[g:1][LedgerParam][initRPBFTConsensusIniConfig],broadcastPrepareByTree=true,prepareStatusBroadcastPercent=33,maxRequestMissedTxsWaitTime=100,maxRequestPrepareWaitTime=100
info|2025-10-10 19:10:02.530916|fisco-bcos-0x00007ffb698dedc0|[g:1][LedgerParam][initFlowControlConfig],maxQPS=9223372036854775807,outGoingBandwidth(Bytes)=9223372036854775807
info|2025-10-10 19:10:02.530922|fisco-bcos-0x00007ffb698dedc0|[g:1][LedgerParam]parseSDKAllowList,sdkAllowList=[],enableSDKAllowListControl=false
info|2025-10-10 19:10:02.530944|fisco-bcos-0x00007ffb698dedc0|[g:1][LEDGER][initLedger][DBInitializer]
info|2025-10-10 19:10:02.530949|fisco-bcos-0x00007ffb698dedc0|[g:1][LEDGER]setSDKAllowList,groupId=1,sdkAllowListSize=0
info|2025-10-10 19:10:02.530955|fisco-bcos-0x00007ffb698dedc0|[g:1][CHANNEL]registerSDKAllowListByGroupId,groupId=1,size=0
info|2025-10-10 19:10:02.530959|fisco-bcos-0x00007ffb698dedc0|[g:1][CHANNEL]Disable group-level sdk permission control for sdk allowlist is empty
info|2025-10-10 19:10:02.530964|fisco-bcos-0x00007ffb698dedc0|[g:1][DBINITIALIZER] [initStorageDB]
info|2025-10-10 19:10:02.530969|fisco-bcos-0x00007ffb698dedc0|[g:1][DBINITIALIZER] [initRocksDBStorage]
info|2025-10-10 19:10:02.530997|fisco-bcos-0x00007ffb698dedc0|[g:1][ROCKSDB]open rocksDB handler,path=data//group1/block/RocksDB
info|2025-10-10 19:10:02.558846|fisco-bcos-0x00007ffb698dedc0|[g:1][g:1][STORAGE][CachedStorage]Init flushStorage thread
info|2025-10-10 19:10:02.559097|fisco-bcos-0x00007ffb698dedc0|[g:1][DBINITIALIZER] [init CachedStorage],maxCapacity=32,maxForwardBlock=10
info|2025-10-10 19:10:02.559147|fisco-bcos-0x00007ffb698dedc0|[g:1][LEDGER][initLedger][initBlockChain]
info|2025-10-10 19:10:02.559458|fisco-bcos-0x00007ffb698dedc0|[g:1][LEDGER]set enableHexBlock to be false,version=34275328
info|2025-10-10 19:10:02.559504|fisco-bcos-0x00007ffb698dedc0|[g:1][BLOCKCHAIN][#checkAndBuildGenesisBlock],shouldBuild=false
info|2025-10-10 19:10:02.560055|fisco-bcos-0x00007ffb698dedc0|[g:1][BLOCKCHAIN][#checkAndBuildGenesisBlock]Already have the 0th block, 0th groupMark is equal to file groupMark.
info|2025-10-10 19:10:02.560107|fisco-bcos-0x00007ffb698dedc0|[g:1][LEDGER][initLedger]initBlockChain SUCC
info|2025-10-10 19:10:02.560184|fisco-bcos-0x00007ffb698dedc0|[g:1][DBINITIALIZER] [createStateFactory],type=storage
info|2025-10-10 19:10:02.560194|fisco-bcos-0x00007ffb698dedc0|[g:1][DBINITIALIZER] createStorageState SUCC
info|2025-10-10 19:10:02.560198|fisco-bcos-0x00007ffb698dedc0|[g:1][DBINITIALIZER] [createStateFactory SUCC]
info|2025-10-10 19:10:02.560203|fisco-bcos-0x00007ffb698dedc0|[g:1][DBINITIALIZER] createExecutiveContext...
info|2025-10-10 19:10:02.560220|fisco-bcos-0x00007ffb698dedc0|[g:1][LEDGER]createGasMetric,vmFlagType=0
info|2025-10-10 19:10:02.560226|fisco-bcos-0x00007ffb698dedc0|[g:1][LEDGER]createGasMetric
info|2025-10-10 19:10:02.560237|fisco-bcos-0x00007ffb698dedc0|[g:1][DBINITIALIZER] create precompiledGasFactory and precompiledResultFactory
info|2025-10-10 19:10:02.560241|fisco-bcos-0x00007ffb698dedc0|[g:1][DBINITIALIZER] createExecutiveContext SUCC
info|2025-10-10 19:10:02.560246|fisco-bcos-0x00007ffb698dedc0|[g:1][DBINITIALIZER] [setSyncNumForCachedStorage],syncNum=183
info|2025-10-10 19:10:02.560255|fisco-bcos-0x00007ffb698dedc0|[g:1][LEDGER][initNetworkBandWidthLimiter: outGoingBandwidthLimit has been disabled],groupId=1
info|2025-10-10 19:10:02.560261|fisco-bcos-0x00007ffb698dedc0|[g:1][LEDGER][QPSLimit has been disabled],groupId=1
info|2025-10-10 19:10:02.560267|fisco-bcos-0x00007ffb698dedc0|[g:1][LEDGER][initLedger][initBlockVerifier]
info|2025-10-10 19:10:02.560274|fisco-bcos-0x00007ffb698dedc0|[g:1][LEDGER][initLedger][initBlockVerifier SUCC],evmFlags=0
info|2025-10-10 19:10:02.560281|fisco-bcos-0x00007ffb698dedc0|[g:1][LEDGER][initLedger][initTxPool],txPoolLimit=150000
info|2025-10-10 19:10:02.588229|fisco-bcos-0x00007ffb698dedc0|[g:1][LEDGER][initLedger]initTxPool SUCC
info|2025-10-10 19:10:02.596252|fisco-bcos-0x00007ffb698dedc0|[g:1][LEDGER][initLedger][initSync],idleWaitMs=200,gossipInterval=1000,gossipPeers=3
info|2025-10-10 19:10:02.596306|fisco-bcos-0x00007ffb698dedc0|[g:1][LEDGER]Init sync master,enableSendBlockStatusByTree=true,enableSendTxsByTree=true
info|2025-10-10 19:10:02.597445|fisco-bcos-0x00007ffb698dedc0|[g:1][LEDGER][initLedger]initSync SUCC
info|2025-10-10 19:10:02.597495|fisco-bcos-0x00007ffb698dedc0|[g:1][LEDGER][initLedger][consensusInitFactory]
info|2025-10-10 19:10:02.597504|fisco-bcos-0x00007ffb698dedc0|[g:1][LEDGER][initLedger][createPBFTSealer]
info|2025-10-10 19:10:02.597510|fisco-bcos-0x00007ffb698dedc0|[g:1][LEDGER][initLedger][createPBFTSealer],baseDir=data//group1,Protocol=65544
info|2025-10-10 19:10:02.597581|fisco-bcos-0x00007ffb698dedc0|[g:1][LEDGER][initLedger]createPBFTSealer for PBFT or rPBFT,consensusType=pbft
info|2025-10-10 19:10:02.597623|fisco-bcos-0x00007ffb698dedc0|[g:1][LEDGER]createConsensusEngine: create PBFTEngine
info|2025-10-10 19:10:02.597639|fisco-bcos-0x00007ffb698dedc0|[g:1][CONSENSUS][PBFT]Register handler for PBFTEngine
info|2025-10-10 19:10:02.598393|fisco-bcos-0x00007ffb698dedc0|[g:1][CONSENSUS][PBFT]setMinBlockGenerationTime,minBlockGenerationTime=500,consensusTime=1000
info|2025-10-10 19:10:02.598444|fisco-bcos-0x00007ffb698dedc0|[g:1][LEDGER][initEventLogFilterManager]initEventLogFilterManager SUCC
info|2025-10-10 19:10:02.598457|fisco-bcos-0x00007ffb698dedc0|[LedgerInitializer init group succ],groupID=1
info|2025-10-10 19:10:02.598697|fisco-bcos-0x00007ffb698dedc0|[SafeHttpServer::StartListening]use default epoll
info|2025-10-10 19:10:02.599022|fisco-bcos-0x00007ffb698dedc0|[INITIALIZER][RPCInitializer JsonrpcHttpServer started],jsonrpc_IP=127.0.0.1,jsonrpc_listen_port=8546,jsonrpc_thread_count=8,ipv6=false,disableDynamicGroup=false,uncheckGroupMember=false
info|2025-10-10 19:10:02.599060|fisco-bcos-0x00007ffb698dedc0|[g:1][LEDGER]startAll...
info|2025-10-10 19:10:02.605865|alignTime-1-0x00007ffb57346700|[g:1][NodeTimeMaintenance]updateTimeInfo: update median time offset,updatedMedianTimeOffset=-4,peer=73994dae...,peerTime=1760148602601,peerOffset=-4,utcTime=1760148602605
info|2025-10-10 19:10:02.606289|Sync-1-0x00007ffb4e334700|[g:1][SYNC][id:374bdfe9...]print sync info,peersCount=1,infoJson={"blockNumber":183,"genesisHash":"f0d3e67991e2c3d83533c031601c30c4741aba35d7d8017900779abe4ae22efe","isSyncing":false,"knownHighestNumber":0,"knownLatestHash":"f0d3e67991e2c3d83533c031601c30c4741aba35d7d8017900779abe4ae22efe","latestHash":"84b9e5d996bf7a5eb7a7af1e23a8308230a576a20d5c81a92b78a013e510177d","nodeId":"374bdfe969e1d8ea1200ade93e5d8cf1a7d5741f238011004b0f43ca818706f194b2f067e1708125f7ffc536610b9a72addbd56b238d65f18912be39037ffcc5","peers":[{"blockNumber":357,"genesisHash":"f0d3e67991e2c3d83533c031601c30c4741aba35d7d8017900779abe4ae22efe","latestHash":"0c1b11296c94d3dfd8cff6c37a7318d615f3c9b48e9b53bb1b51d6409a706349","nodeId":"73994dae9e8b8da733108a4153dfe79151d701dff425f84c87b5324e8ebd02ab6a0ebc9e4f1e0298a7ddca50f94a8f95c62b6997226d571e470e8f2b0600634a"}],"protocolId":65545,"txPoolSize":"0"}
info|2025-10-10 19:10:02.607230|Download-1-0x00007ffb59b4b700|[g:1][SYNC][id:374bdfe9...][Download][Request]Request blocks,from=184,to=191,peer=73994dae...
info|2025-10-10 19:10:02.607292|Download-1-0x00007ffb59b4b700|[g:1][SYNC][id:374bdfe9...][Download][Request]Request blocks,from=192,to=199,peer=73994dae...
info|2025-10-10 19:10:02.607316|Download-1-0x00007ffb59b4b700|[g:1][SYNC][id:374bdfe9...][Download][Request]Request blocks,from=200,to=207,peer=73994dae...
info|2025-10-10 19:10:02.607362|Download-1-0x00007ffb59b4b700|[g:1][SYNC][id:374bdfe9...][Download][Request]Request blocks,from=208,to=215,peer=73994dae...
info|2025-10-10 19:10:02.618427|fisco-bcos-0x00007ffb698dedc0|[g:1][GossipBlockStatus]start GossipBlockStatus succ
info|2025-10-10 19:10:02.618481|fisco-bcos-0x00007ffb698dedc0|[g:1][CONSENSUS][ConsensusEngine][Start ConsensusEngineBase]
info|2025-10-10 19:10:02.625810|fisco-bcos-0x00007ffb698dedc0|[g:1][CONSENSUS][PBFT]^^^^^^^^Report,num=183,sealerIdx=0,hash=84b9e5d9...,next=184,tx=1,nodeIdx=1
info|2025-10-10 19:10:02.625875|fisco-bcos-0x00007ffb698dedc0|[g:1][ROCKSDB]open rocksDB handler,path=data//group1/pbftMsgBackup/RocksDB
info|2025-10-10 19:10:02.648686|alignTime-1-0x00007ffb57346700|[g:1][NodeTimeMaintenance]updateTimeInfo: update median time offset,updatedMedianTimeOffset=-2,peer=87d00b98...,peerTime=1760148602648,peerOffset=0,utcTime=1760148602648
info|2025-10-10 19:10:02.662238|Download-1-0x00007ffb59b4b700|[g:1][SYNC][id:374bdfe9...][Download][BlockSync]Download block execute,number=184,txs=1,hash=22a8c2ae...
info|2025-10-10 19:10:02.662288|Download-1-0x00007ffb59b4b700|[g:1][BLOCKVERIFIER][executeBlock]Executing block,txNum=1,num=184,parentHash=84b9e5d996bf7a5eb7a7af1e23a8308230a576a20d5c81a92b78a013e510177d,parentNum=183,parentStateRoot=193aa4e3ddcabc3eb1c4bc64eca338693c126abd7770f253f6dd6e3fee2170ea
info|2025-10-10 19:10:02.662628|Download-1-0x00007ffb59b4b700|[g:1][PRECOMPILED]init GasChargeManagePrecompiled
info|2025-10-10 19:10:02.664634|fisco-bcos-0x00007ffb698dedc0|[g:1][CONSENSUS][PBFT][PBFT init env successfully]
info|2025-10-10 19:10:02.664669|fisco-bcos-0x00007ffb698dedc0|[g:1][CONSENSUS][PBFT][Start PBFTEngine...]
info|2025-10-10 19:10:02.664675|fisco-bcos-0x00007ffb698dedc0|[g:1][CONSENSUS][SEALER][Start sealer module]
info|2025-10-10 19:10:02.665488|Download-1-0x00007ffb59b4b700|[g:1][PRECOMPILED][TimerPrecompiled]getCurrentTimeMillis,timeMillis=1760148602665
error|2025-10-10 19:10:02.665786|Download-1-0x00007ffb59b4b700|[g:1][EXECUTIVECONTEXT][call]Precompiled call error,EINFO=Dynamic exception type: std::runtime_error
std::exception::what: EVP_PKEY_encrypt2 failed
error|2025-10-10 19:10:02.665857|Download-1-0x00007ffb59b4b700|[g:1][EXECUTIVE][TxExeError]Transaction execution error,TransactionExceptionID=22,hash=34fcf37998bfab32d1354d28f63091611b3b7e8622725266293468c69156e50d
error|2025-10-10 19:10:02.665968|Download-1-0x00007ffb59b4b700|[g:1][BLOCKVERIFIER]Invalid Block with bad stateRoot or receiptRoot or dbHash,blkNum=184,originHash=22a8c2ae...,curHash=dd27c490...,orgReceipt=ed245b8c...,curRecepit=18c12456...,orgTxRoot=2d8a5d62...,curTxRoot=2d8a5d62...,orgState=00000000...,curState=00000000...,orgDBHash=00000000...,curDBHash=00000000...
warning|2025-10-10 19:10:02.666047|Download-1-0x00007ffb59b4b700|[g:1][BLOCKVERIFIER][executeBlock]executeBlock exception,blockNumber=184
info|2025-10-10 19:10:02.666382|fisco-bcos-0x00007ffb698dedc0|[g:1][EVENT][EventLogFilterManager]start,m_maxBlockRange=0,m_maxBlockPerLoopFilter=3
info|2025-10-10 19:10:02.696588|alignTime-1-0x00007ffb57346700|[g:1][NodeTimeMaintenance]updateTimeInfo: update median time offset,updatedMedianTimeOffset=-1,peer=064cb676...,peerTime=1760148602695,peerOffset=-1,utcTime=1760148602696
warning|2025-10-10 19:10:05.629953|PBFT-1-0x00007ffb4cb31700|[g:1][CONSENSUS][PBFT]ViewChangeWarning: not caused by omit empty block ,v=0,toV=1,curNum=183,hash=84b9e5d9...,nodeIdx=1,myNode=374bdfe9...
info|2025-10-10 19:10:05.630855|PBFT-1-0x00007ffb4cb31700|[g:1][CONSENSUS][PBFT]checkTimeout Succ,view=0,toView=1,nodeIdx=1,changeCycle=1,myNode=374bdfe9...,timecost=4
warning|2025-10-10 19:10:10.134370|PBFT-1-0x00007ffb4cb31700|[g:1][CONSENSUS][PBFT]ViewChangeWarning: not caused by omit empty block ,v=0,toV=2,curNum=183,hash=84b9e5d9...,nodeIdx=1,myNode=374bdfe9...
info|2025-10-10 19:10:10.134548|PBFT-1-0x00007ffb4cb31700|[g:1][CONSENSUS][PBFT]checkTimeout Succ,view=0,toView=2,nodeIdx=1,changeCycle=2,myNode=374bdfe9...,timecost=1
info|2025-10-10 19:10:12.380028|io_service-0x00007ffb66b65700|[NETWORK][Host]P2P Recv Connect, From=127.0.0.1:52852
info|2025-10-10 19:10:12.380117|io_service-0x00007ffb66b65700|[NETWORK][Host]P2P StartAccept,Host=0.0.0.0:30301
info|2025-10-10 19:10:12.397448|io_service-0x00007ffb66b65700|[NETWORK][Host]handshakeServer succ,remote endpoint=127.0.0.1:52852
info|2025-10-10 19:10:12.397514|io_service-0x00007ffb66b65700|[NETWORK][Host]startPeerSession, Remote=127.0.0.1:52852,local endpoint=127.0.0.1:30301,nodeID=87d00b98...
info|2025-10-10 19:10:12.404683|io_service-0x00007ffb66b65700|[NETWORK][Host]P2P Recv Connect, From=127.0.0.1:52868
info|2025-10-10 19:10:12.404760|io_service-0x00007ffb66b65700|[NETWORK][Host]P2P StartAccept,Host=0.0.0.0:30301
info|2025-10-10 19:10:12.417417|io_service-0x00007ffb66b65700|[NETWORK][Host]handshakeServer succ,remote endpoint=127.0.0.1:52868
info|2025-10-10 19:10:12.417484|io_service-0x00007ffb66b65700|[NETWORK][Host]startPeerSession, Remote=127.0.0.1:52868,local endpoint=127.0.0.1:30301,nodeID=064cb676...
info|2025-10-10 19:10:12.417585|io_service-0x00007ffb66b65700|[P2P][Service] heartBeat,connected count=3
info|2025-10-10 19:10:12.489573|P2P-0x00007ffb67366700|[NETWORK][Session]Received topic: [2	_block_notify_1] from 73994dae9e8b8da733108a4153dfe79151d701dff425f84c87b5324e8ebd02ab6a0ebc9e4f1e0298a7ddca50f94a8f95c62b6997226d571e470e8f2b0600634a
warning|2025-10-10 19:10:16.884560|PBFT-1-0x00007ffb4cb31700|[g:1][CONSENSUS][PBFT]ViewChangeWarning: not caused by omit empty block ,v=0,toV=3,curNum=183,hash=84b9e5d9...,nodeIdx=1,myNode=374bdfe9...
info|2025-10-10 19:10:16.884983|PBFT-1-0x00007ffb4cb31700|[g:1][CONSENSUS][PBFT]checkTimeout Succ,view=0,toView=3,nodeIdx=1,changeCycle=3,myNode=374bdfe9...,timecost=1
info|2025-10-10 19:10:18.626910|Download-1-0x00007ffb59b4b700|[g:1][SYNC][id:374bdfe9...][Download][Request]Request blocks,from=184,to=184,peer=87d00b98...
info|2025-10-10 19:10:18.633102|Download-1-0x00007ffb59b4b700|[g:1][SYNC][id:374bdfe9...][Download][BlockSync]Download block execute,number=184,txs=1,hash=22a8c2ae...
info|2025-10-10 19:10:18.633187|Download-1-0x00007ffb59b4b700|[g:1][BLOCKVERIFIER][executeBlock]Executing block,txNum=1,num=184,parentHash=84b9e5d996bf7a5eb7a7af1e23a8308230a576a20d5c81a92b78a013e510177d,parentNum=183,parentStateRoot=193aa4e3ddcabc3eb1c4bc64eca338693c126abd7770f253f6dd6e3fee2170ea
info|2025-10-10 19:10:18.633365|Download-1-0x00007ffb59b4b700|[g:1][PRECOMPILED]init GasChargeManagePrecompiled
info|2025-10-10 19:10:18.634016|Download-1-0x00007ffb59b4b700|[g:1][PRECOMPILED][TimerPrecompiled]getCurrentTimeMillis,timeMillis=1760148618634
error|2025-10-10 19:10:18.634213|Download-1-0x00007ffb59b4b700|[g:1][EXECUTIVECONTEXT][call]Precompiled call error,EINFO=Dynamic exception type: std::runtime_error
std::exception::what: EVP_PKEY_encrypt2 failed
error|2025-10-10 19:10:18.634284|Download-1-0x00007ffb59b4b700|[g:1][EXECUTIVE][TxExeError]Transaction execution error,TransactionExceptionID=22,hash=34fcf37998bfab32d1354d28f63091611b3b7e8622725266293468c69156e50d
error|2025-10-10 19:10:18.634827|Download-1-0x00007ffb59b4b700|[g:1][BLOCKVERIFIER]Invalid Block with bad stateRoot or receiptRoot or dbHash,blkNum=184,originHash=22a8c2ae...,curHash=dd27c490...,orgReceipt=ed245b8c...,curRecepit=18c12456...,orgTxRoot=2d8a5d62...,curTxRoot=2d8a5d62...,orgState=00000000...,curState=00000000...,orgDBHash=00000000...,curDBHash=00000000...
warning|2025-10-10 19:10:18.634959|Download-1-0x00007ffb59b4b700|[g:1][BLOCKVERIFIER][executeBlock]executeBlock exception,blockNumber=184
info|2025-10-10 19:10:22.417778|io_service-0x00007ffb66b65700|[P2P][Service] heartBeat,connected count=3
info|2025-10-10 19:10:25.118051|Download-1-0x00007ffb59b4b700|[g:1][SYNC][id:374bdfe9...][Download][Request]Request blocks,from=184,to=184,peer=064cb676...
info|2025-10-10 19:10:25.122786|Download-1-0x00007ffb59b4b700|[g:1][SYNC][id:374bdfe9...][Download][BlockSync]Download block execute,number=184,txs=1,hash=22a8c2ae...
info|2025-10-10 19:10:25.122884|Download-1-0x00007ffb59b4b700|[g:1][BLOCKVERIFIER][executeBlock]Executing block,txNum=1,num=184,parentHash=84b9e5d996bf7a5eb7a7af1e23a8308230a576a20d5c81a92b78a013e510177d,parentNum=183,parentStateRoot=193aa4e3ddcabc3eb1c4bc64eca338693c126abd7770f253f6dd6e3fee2170ea
info|2025-10-10 19:10:25.123157|Download-1-0x00007ffb59b4b700|[g:1][PRECOMPILED]init GasChargeManagePrecompiled
info|2025-10-10 19:10:25.123717|Download-1-0x00007ffb59b4b700|[g:1][PRECOMPILED][TimerPrecompiled]getCurrentTimeMillis,timeMillis=1760148625123
error|2025-10-10 19:10:25.123946|Download-1-0x00007ffb59b4b700|[g:1][EXECUTIVECONTEXT][call]Precompiled call error,EINFO=Dynamic exception type: std::runtime_error
std::exception::what: EVP_PKEY_encrypt2 failed
error|2025-10-10 19:10:25.124025|Download-1-0x00007ffb59b4b700|[g:1][EXECUTIVE][TxExeError]Transaction execution error,TransactionExceptionID=22,hash=34fcf37998bfab32d1354d28f63091611b3b7e8622725266293468c69156e50d
error|2025-10-10 19:10:25.124301|Download-1-0x00007ffb59b4b700|[g:1][BLOCKVERIFIER]Invalid Block with bad stateRoot or receiptRoot or dbHash,blkNum=184,originHash=22a8c2ae...,curHash=dd27c490...,orgReceipt=ed245b8c...,curRecepit=18c12456...,orgTxRoot=2d8a5d62...,curTxRoot=2d8a5d62...,orgState=00000000...,curState=00000000...,orgDBHash=00000000...,curDBHash=00000000...
warning|2025-10-10 19:10:25.124468|Download-1-0x00007ffb59b4b700|[g:1][BLOCKVERIFIER][executeBlock]executeBlock exception,blockNumber=184
warning|2025-10-10 19:10:27.019987|PBFT-1-0x00007ffb4cb31700|[g:1][CONSENSUS][PBFT]ViewChangeWarning: not caused by omit empty block ,v=0,toV=4,curNum=183,hash=84b9e5d9...,nodeIdx=1,myNode=374bdfe9...
info|2025-10-10 19:10:27.020158|PBFT-1-0x00007ffb4cb31700|[g:1][CONSENSUS][PBFT]checkTimeout Succ,view=0,toView=4,nodeIdx=1,changeCycle=4,myNode=374bdfe9...,timecost=2
info|2025-10-10 19:10:31.522367|Download-1-0x00007ffb59b4b700|[g:1][SYNC][id:374bdfe9...][Download][Request]Request blocks,from=184,to=184,peer=73994dae...
info|2025-10-10 19:10:31.527730|Download-1-0x00007ffb59b4b700|[g:1][SYNC][id:374bdfe9...][Download][BlockSync]Download block execute,number=184,txs=1,hash=22a8c2ae...
info|2025-10-10 19:10:31.527779|Download-1-0x00007ffb59b4b700|[g:1][BLOCKVERIFIER][executeBlock]Executing block,txNum=1,num=184,parentHash=84b9e5d996bf7a5eb7a7af1e23a8308230a576a20d5c81a92b78a013e510177d,parentNum=183,parentStateRoot=193aa4e3ddcabc3eb1c4bc64eca338693c126abd7770f253f6dd6e3fee2170ea
info|2025-10-10 19:10:31.527905|Download-1-0x00007ffb59b4b700|[g:1][PRECOMPILED]init GasChargeManagePrecompiled
info|2025-10-10 19:10:31.528424|Download-1-0x00007ffb45322700|[PRECOMPILED][TimerPrecompiled]getCurrentTimeMillis,timeMillis=1760148631528
error|2025-10-10 19:10:31.528604|Download-1-0x00007ffb45322700|[EXECUTIVECONTEXT][call]Precompiled call error,EINFO=Dynamic exception type: std::runtime_error
std::exception::what: EVP_PKEY_encrypt2 failed
error|2025-10-10 19:10:31.528696|Download-1-0x00007ffb45322700|[EXECUTIVE][TxExeError]Transaction execution error,TransactionExceptionID=22,hash=34fcf37998bfab32d1354d28f63091611b3b7e8622725266293468c69156e50d
error|2025-10-10 19:10:31.528981|Download-1-0x00007ffb59b4b700|[g:1][BLOCKVERIFIER]Invalid Block with bad stateRoot or receiptRoot or dbHash,blkNum=184,originHash=22a8c2ae...,curHash=dd27c490...,orgReceipt=ed245b8c...,curRecepit=18c12456...,orgTxRoot=2d8a5d62...,curTxRoot=2d8a5d62...,orgState=00000000...,curState=00000000...,orgDBHash=00000000...,curDBHash=00000000...
warning|2025-10-10 19:10:31.529079|Download-1-0x00007ffb59b4b700|[g:1][BLOCKVERIFIER][executeBlock]executeBlock exception,blockNumber=184
info|2025-10-10 19:10:32.418625|io_service-0x00007ffb66b65700|[P2P][Service] heartBeat,connected count=3
info|2025-10-10 19:10:37.925964|Download-1-0x00007ffb59b4b700|[g:1][SYNC][id:374bdfe9...][Download][Request]Request blocks,from=184,to=184,peer=73994dae...
info|2025-10-10 19:10:37.929842|Download-1-0x00007ffb59b4b700|[g:1][SYNC][id:374bdfe9...][Download][BlockSync]Download block execute,number=184,txs=1,hash=22a8c2ae...
info|2025-10-10 19:10:37.929895|Download-1-0x00007ffb59b4b700|[g:1][BLOCKVERIFIER][executeBlock]Executing block,txNum=1,num=184,parentHash=84b9e5d996bf7a5eb7a7af1e23a8308230a576a20d5c81a92b78a013e510177d,parentNum=183,parentStateRoot=193aa4e3ddcabc3eb1c4bc64eca338693c126abd7770f253f6dd6e3fee2170ea
info|2025-10-10 19:10:37.930068|Download-1-0x00007ffb59b4b700|[g:1][PRECOMPILED]init GasChargeManagePrecompiled
info|2025-10-10 19:10:37.930396|Download-1-0x00007ffb45322700|[PRECOMPILED][TimerPrecompiled]getCurrentTimeMillis,timeMillis=1760148637930
error|2025-10-10 19:10:37.930524|Download-1-0x00007ffb45322700|[EXECUTIVECONTEXT][call]Precompiled call error,EINFO=Dynamic exception type: std::runtime_error
std::exception::what: EVP_PKEY_encrypt2 failed
error|2025-10-10 19:10:37.930574|Download-1-0x00007ffb45322700|[EXECUTIVE][TxExeError]Transaction execution error,TransactionExceptionID=22,hash=34fcf37998bfab32d1354d28f63091611b3b7e8622725266293468c69156e50d
error|2025-10-10 19:10:37.930889|Download-1-0x00007ffb59b4b700|[g:1][BLOCKVERIFIER]Invalid Block with bad stateRoot or receiptRoot or dbHash,blkNum=184,originHash=22a8c2ae...,curHash=dd27c490...,orgReceipt=ed245b8c...,curRecepit=18c12456...,orgTxRoot=2d8a5d62...,curTxRoot=2d8a5d62...,orgState=00000000...,curState=00000000...,orgDBHash=00000000...,curDBHash=00000000...
warning|2025-10-10 19:10:37.930984|Download-1-0x00007ffb59b4b700|[g:1][BLOCKVERIFIER][executeBlock]executeBlock exception,blockNumber=184
warning|2025-10-10 19:10:42.211807|PBFT-1-0x00007ffb4cb31700|[g:1][CONSENSUS][PBFT]ViewChangeWarning: not caused by omit empty block ,v=0,toV=5,curNum=183,hash=84b9e5d9...,nodeIdx=1,myNode=374bdfe9...
info|2025-10-10 19:10:42.212014|PBFT-1-0x00007ffb4cb31700|[g:1][CONSENSUS][PBFT]checkTimeout Succ,view=0,toView=5,nodeIdx=1,changeCycle=5,myNode=374bdfe9...,timecost=3
info|2025-10-10 19:10:42.418734|io_service-0x00007ffb66b65700|[P2P][Service] heartBeat,connected count=3
info|2025-10-10 19:10:44.420156|Download-1-0x00007ffb59b4b700|[g:1][SYNC][id:374bdfe9...][Download][Request]Request blocks,from=184,to=184,peer=73994dae...
info|2025-10-10 19:10:44.424449|Download-1-0x00007ffb59b4b700|[g:1][SYNC][id:374bdfe9...][Download][BlockSync]Download block execute,number=184,txs=1,hash=22a8c2ae...
info|2025-10-10 19:10:44.424477|Download-1-0x00007ffb59b4b700|[g:1][BLOCKVERIFIER][executeBlock]Executing block,txNum=1,num=184,parentHash=84b9e5d996bf7a5eb7a7af1e23a8308230a576a20d5c81a92b78a013e510177d,parentNum=183,parentStateRoot=193aa4e3ddcabc3eb1c4bc64eca338693c126abd7770f253f6dd6e3fee2170ea
info|2025-10-10 19:10:44.424633|Download-1-0x00007ffb59b4b700|[g:1][PRECOMPILED]init GasChargeManagePrecompiled
info|2025-10-10 19:10:44.424992|Download-1-0x00007ffb59b4b700|[g:1][PRECOMPILED][TimerPrecompiled]getCurrentTimeMillis,timeMillis=1760148644424
error|2025-10-10 19:10:44.425139|Download-1-0x00007ffb59b4b700|[g:1][EXECUTIVECONTEXT][call]Precompiled call error,EINFO=Dynamic exception type: std::runtime_error
std::exception::what: EVP_PKEY_encrypt2 failed
error|2025-10-10 19:10:44.425206|Download-1-0x00007ffb59b4b700|[g:1][EXECUTIVE][TxExeError]Transaction execution error,TransactionExceptionID=22,hash=34fcf37998bfab32d1354d28f63091611b3b7e8622725266293468c69156e50d
error|2025-10-10 19:10:44.425351|Download-1-0x00007ffb59b4b700|[g:1][BLOCKVERIFIER]Invalid Block with bad stateRoot or receiptRoot or dbHash,blkNum=184,originHash=22a8c2ae...,curHash=dd27c490...,orgReceipt=ed245b8c...,curRecepit=18c12456...,orgTxRoot=2d8a5d62...,curTxRoot=2d8a5d62...,orgState=00000000...,curState=00000000...,orgDBHash=00000000...,curDBHash=00000000...
warning|2025-10-10 19:10:44.425441|Download-1-0x00007ffb59b4b700|[g:1][BLOCKVERIFIER][executeBlock]executeBlock exception,blockNumber=184
info|2025-10-10 19:10:50.936610|Download-1-0x00007ffb59b4b700|[g:1][SYNC][id:374bdfe9...][Download][Request]Request blocks,from=184,to=184,peer=87d00b98...
info|2025-10-10 19:10:50.941234|Download-1-0x00007ffb59b4b700|[g:1][SYNC][id:374bdfe9...][Download][BlockSync]Download block execute,number=184,txs=1,hash=22a8c2ae...
info|2025-10-10 19:10:50.941286|Download-1-0x00007ffb59b4b700|[g:1][BLOCKVERIFIER][executeBlock]Executing block,txNum=1,num=184,parentHash=84b9e5d996bf7a5eb7a7af1e23a8308230a576a20d5c81a92b78a013e510177d,parentNum=183,parentStateRoot=193aa4e3ddcabc3eb1c4bc64eca338693c126abd7770f253f6dd6e3fee2170ea
info|2025-10-10 19:10:50.941432|Download-1-0x00007ffb59b4b700|[g:1][PRECOMPILED]init GasChargeManagePrecompiled
info|2025-10-10 19:10:50.941706|Download-1-0x00007ffb45322700|[PRECOMPILED][TimerPrecompiled]getCurrentTimeMillis,timeMillis=1760148650941
error|2025-10-10 19:10:50.941853|Download-1-0x00007ffb45322700|[EXECUTIVECONTEXT][call]Precompiled call error,EINFO=Dynamic exception type: std::runtime_error
std::exception::what: EVP_PKEY_encrypt2 failed
error|2025-10-10 19:10:50.941894|Download-1-0x00007ffb45322700|[EXECUTIVE][TxExeError]Transaction execution error,TransactionExceptionID=22,hash=34fcf37998bfab32d1354d28f63091611b3b7e8622725266293468c69156e50d
error|2025-10-10 19:10:50.942171|Download-1-0x00007ffb59b4b700|[g:1][BLOCKVERIFIER]Invalid Block with bad stateRoot or receiptRoot or dbHash,blkNum=184,originHash=22a8c2ae...,curHash=dd27c490...,orgReceipt=ed245b8c...,curRecepit=18c12456...,orgTxRoot=2d8a5d62...,curTxRoot=2d8a5d62...,orgState=00000000...,curState=00000000...,orgDBHash=00000000...,curDBHash=00000000...
warning|2025-10-10 19:10:50.942253|Download-1-0x00007ffb59b4b700|[g:1][BLOCKVERIFIER][executeBlock]executeBlock exception,blockNumber=184
info|2025-10-10 19:10:52.419774|io_service-0x00007ffb66b65700|[P2P][Service] heartBeat,connected count=3
info|2025-10-10 19:10:57.342498|Download-1-0x00007ffb59b4b700|[g:1][SYNC][id:374bdfe9...][Download][Request]Request blocks,from=184,to=184,peer=064cb676...
info|2025-10-10 19:10:57.347727|Download-1-0x00007ffb59b4b700|[g:1][SYNC][id:374bdfe9...][Download][BlockSync]Download block execute,number=184,txs=1,hash=22a8c2ae...
info|2025-10-10 19:10:57.347823|Download-1-0x00007ffb59b4b700|[g:1][BLOCKVERIFIER][executeBlock]Executing block,txNum=1,num=184,parentHash=84b9e5d996bf7a5eb7a7af1e23a8308230a576a20d5c81a92b78a013e510177d,parentNum=183,parentStateRoot=193aa4e3ddcabc3eb1c4bc64eca338693c126abd7770f253f6dd6e3fee2170ea
info|2025-10-10 19:10:57.348049|Download-1-0x00007ffb59b4b700|[g:1][PRECOMPILED]init GasChargeManagePrecompiled
info|2025-10-10 19:10:57.348476|Download-1-0x00007ffb45322700|[PRECOMPILED][TimerPrecompiled]getCurrentTimeMillis,timeMillis=1760148657348
error|2025-10-10 19:10:57.348653|Download-1-0x00007ffb45322700|[EXECUTIVECONTEXT][call]Precompiled call error,EINFO=Dynamic exception type: std::runtime_error
std::exception::what: EVP_PKEY_encrypt2 failed
error|2025-10-10 19:10:57.348713|Download-1-0x00007ffb45322700|[EXECUTIVE][TxExeError]Transaction execution error,TransactionExceptionID=22,hash=34fcf37998bfab32d1354d28f63091611b3b7e8622725266293468c69156e50d
error|2025-10-10 19:10:57.349072|Download-1-0x00007ffb59b4b700|[g:1][BLOCKVERIFIER]Invalid Block with bad stateRoot or receiptRoot or dbHash,blkNum=184,originHash=22a8c2ae...,curHash=dd27c490...,orgReceipt=ed245b8c...,curRecepit=18c12456...,orgTxRoot=2d8a5d62...,curTxRoot=2d8a5d62...,orgState=00000000...,curState=00000000...,orgDBHash=00000000...,curDBHash=00000000...
warning|2025-10-10 19:10:57.349273|Download-1-0x00007ffb59b4b700|[g:1][BLOCKVERIFIER][executeBlock]executeBlock exception,blockNumber=184
info|2025-10-10 19:11:02.420098|io_service-0x00007ffb66b65700|[P2P][Service] heartBeat,connected count=3
info|2025-10-10 19:11:03.745423|Download-1-0x00007ffb59b4b700|[g:1][SYNC][id:374bdfe9...][Download][Request]Request blocks,from=184,to=184,peer=064cb676...
info|2025-10-10 19:11:03.749766|Download-1-0x00007ffb59b4b700|[g:1][SYNC][id:374bdfe9...][Download][BlockSync]Download block execute,number=184,txs=1,hash=22a8c2ae...
info|2025-10-10 19:11:03.749814|Download-1-0x00007ffb59b4b700|[g:1][BLOCKVERIFIER][executeBlock]Executing block,txNum=1,num=184,parentHash=84b9e5d996bf7a5eb7a7af1e23a8308230a576a20d5c81a92b78a013e510177d,parentNum=183,parentStateRoot=193aa4e3ddcabc3eb1c4bc64eca338693c126abd7770f253f6dd6e3fee2170ea
info|2025-10-10 19:11:03.750049|Download-1-0x00007ffb59b4b700|[g:1][PRECOMPILED]init GasChargeManagePrecompiled
info|2025-10-10 19:11:03.750408|Download-1-0x00007ffb59b4b700|[g:1][PRECOMPILED][TimerPrecompiled]getCurrentTimeMillis,timeMillis=1760148663750
error|2025-10-10 19:11:03.750600|Download-1-0x00007ffb59b4b700|[g:1][EXECUTIVECONTEXT][call]Precompiled call error,EINFO=Dynamic exception type: std::runtime_error
std::exception::what: EVP_PKEY_encrypt2 failed
error|2025-10-10 19:11:03.750714|Download-1-0x00007ffb59b4b700|[g:1][EXECUTIVE][TxExeError]Transaction execution error,TransactionExceptionID=22,hash=34fcf37998bfab32d1354d28f63091611b3b7e8622725266293468c69156e50d
error|2025-10-10 19:11:03.750890|Download-1-0x00007ffb59b4b700|[g:1][BLOCKVERIFIER]Invalid Block with bad stateRoot or receiptRoot or dbHash,blkNum=184,originHash=22a8c2ae...,curHash=dd27c490...,orgReceipt=ed245b8c...,curRecepit=18c12456...,orgTxRoot=2d8a5d62...,curTxRoot=2d8a5d62...,orgState=00000000...,curState=00000000...,orgDBHash=00000000...,curDBHash=00000000...
warning|2025-10-10 19:11:03.751001|Download-1-0x00007ffb59b4b700|[g:1][BLOCKVERIFIER][executeBlock]executeBlock exception,blockNumber=184
warning|2025-10-10 19:11:04.992477|PBFT-1-0x00007ffb4cb31700|[g:1][CONSENSUS][PBFT]ViewChangeWarning: not caused by omit empty block ,v=0,toV=6,curNum=183,hash=84b9e5d9...,nodeIdx=1,myNode=374bdfe9...
info|2025-10-10 19:11:04.992682|PBFT-1-0x00007ffb4cb31700|[g:1][CONSENSUS][PBFT]checkTimeout Succ,view=0,toView=6,nodeIdx=1,changeCycle=6,myNode=374bdfe9...,timecost=1
info|2025-10-10 19:11:10.151753|Download-1-0x00007ffb59b4b700|[g:1][SYNC][id:374bdfe9...][Download][Request]Request blocks,from=184,to=184,peer=73994dae...
info|2025-10-10 19:11:10.155915|Download-1-0x00007ffb59b4b700|[g:1][SYNC][id:374bdfe9...][Download][BlockSync]Download block execute,number=184,txs=1,hash=22a8c2ae...
info|2025-10-10 19:11:10.156043|Download-1-0x00007ffb59b4b700|[g:1][BLOCKVERIFIER][executeBlock]Executing block,txNum=1,num=184,parentHash=84b9e5d996bf7a5eb7a7af1e23a8308230a576a20d5c81a92b78a013e510177d,parentNum=183,parentStateRoot=193aa4e3ddcabc3eb1c4bc64eca338693c126abd7770f253f6dd6e3fee2170ea
info|2025-10-10 19:11:10.156542|Download-1-0x00007ffb59b4b700|[g:1][PRECOMPILED]init GasChargeManagePrecompiled
info|2025-10-10 19:11:10.157127|Download-1-0x00007ffb59b4b700|[g:1][PRECOMPILED][TimerPrecompiled]getCurrentTimeMillis,timeMillis=1760148670157
error|2025-10-10 19:11:10.157463|Download-1-0x00007ffb59b4b700|[g:1][EXECUTIVECONTEXT][call]Precompiled call error,EINFO=Dynamic exception type: std::runtime_error
std::exception::what: EVP_PKEY_encrypt2 failed
error|2025-10-10 19:11:10.157547|Download-1-0x00007ffb59b4b700|[g:1][EXECUTIVE][TxExeError]Transaction execution error,TransactionExceptionID=22,hash=34fcf37998bfab32d1354d28f63091611b3b7e8622725266293468c69156e50d
error|2025-10-10 19:11:10.157722|Download-1-0x00007ffb59b4b700|[g:1][BLOCKVERIFIER]Invalid Block with bad stateRoot or receiptRoot or dbHash,blkNum=184,originHash=22a8c2ae...,curHash=dd27c490...,orgReceipt=ed245b8c...,curRecepit=18c12456...,orgTxRoot=2d8a5d62...,curTxRoot=2d8a5d62...,orgState=00000000...,curState=00000000...,orgDBHash=00000000...,curDBHash=00000000...
warning|2025-10-10 19:11:10.157843|Download-1-0x00007ffb59b4b700|[g:1][BLOCKVERIFIER][executeBlock]executeBlock exception,blockNumber=184
info|2025-10-10 19:11:12.420980|io_service-0x00007ffb66b65700|[P2P][Service] heartBeat,connected count=3
info|2025-10-10 19:11:13.308933|fisco-bcos-0x00007ffb698dedc0|[LEDGER]stop sealer,groupID=1
info|2025-10-10 19:11:13.308986|fisco-bcos-0x00007ffb698dedc0|[CONSENSUS][SEALER]Stop sealer module...
info|2025-10-10 19:11:13.313204|fisco-bcos-0x00007ffb698dedc0|[CONSENSUS][ConsensusEngine][Stop ConsensusEngineBase]
info|2025-10-10 19:11:13.317276|fisco-bcos-0x00007ffb698dedc0|[CONSENSUS][ConsensusEngine]ConsensusEngineBase stopped
info|2025-10-10 19:11:13.317295|fisco-bcos-0x00007ffb698dedc0|[LEDGER]sealer stopped. stop sync,groupID=1
info|2025-10-10 19:11:13.317954|fisco-bcos-0x00007ffb698dedc0|[g:1] [SYNC][id:374bdfe9...]SyncMsgEngine stopped
info|2025-10-10 19:11:13.474764|fisco-bcos-0x00007ffb698dedc0|[GossipBlockStatus]stop GossipBlockStatus succ
info|2025-10-10 19:11:13.753450|fisco-bcos-0x00007ffb698dedc0|[SYNC][id:374bdfe9...][g:1]SyncMaster stopped
info|2025-10-10 19:11:13.753478|fisco-bcos-0x00007ffb698dedc0|[LEDGER]sync stopped. stop event filter manager,groupID=1
info|2025-10-10 19:11:13.783092|fisco-bcos-0x00007ffb698dedc0|[EVENT][EventLogFilterManager]stop
info|2025-10-10 19:11:13.783127|fisco-bcos-0x00007ffb698dedc0|[LEDGER]event filter manager stopped. stop tx pool,groupID=1
info|2025-10-10 19:11:13.783401|fisco-bcos-0x00007ffb698dedc0|[LEDGER]removeNetworkStatHandlerByGroupID and removeGroupBandwidthLimiter for service,groupID=1
info|2025-10-10 19:11:13.783419|fisco-bcos-0x00007ffb698dedc0|[CHANNEL]removeSDKAllowListByGroupId,groupId=1
info|2025-10-10 19:11:13.783425|fisco-bcos-0x00007ffb698dedc0|[INITIALIZER]ledgerInitializer stopped
warning|2025-10-10 19:11:13.783481|ChannelServer-0x00007ffb5db53700|[CHANNEL]Accept failed,message=Operation canceled
info|2025-10-10 19:11:14.784938|fisco-bcos-0x00007ffb698dedc0|[INITIALIZER]ChannelRPCHttpServer deleted.
info|2025-10-10 19:11:14.785394|fisco-bcos-0x00007ffb698dedc0|[INITIALIZER]JsonrpcHttpServer deleted.
info|2025-10-10 19:11:14.785412|fisco-bcos-0x00007ffb698dedc0|[INITIALIZER]RPCInitializer stopped
info|2025-10-10 19:11:14.785446|io_service-0x00007ffb66b65700|[NETWORK][Host]Host exit
info|2025-10-10 19:11:14.786481|fisco-bcos-0x00007ffb698dedc0|[INITIALIZER]P2PInitializer stopped
info|2025-10-10 19:11:14.786504|fisco-bcos-0x00007ffb698dedc0|[LEDGER]stop sealer,groupID=1
info|2025-10-10 19:11:14.786511|fisco-bcos-0x00007ffb698dedc0|[LEDGER]sealer stopped. stop sync,groupID=1
info|2025-10-10 19:11:14.786542|fisco-bcos-0x00007ffb698dedc0|[g:1] [SYNC][id:374bdfe9...]SyncMsgEngine stopped
info|2025-10-10 19:11:14.786556|fisco-bcos-0x00007ffb698dedc0|[GossipBlockStatus]GossipBlockStatus already stopped
info|2025-10-10 19:11:14.786559|fisco-bcos-0x00007ffb698dedc0|[SYNC][id:374bdfe9...][g:1]SyncMaster stopped
info|2025-10-10 19:11:14.786563|fisco-bcos-0x00007ffb698dedc0|[LEDGER]sync stopped. stop event filter manager,groupID=1
info|2025-10-10 19:11:14.786567|fisco-bcos-0x00007ffb698dedc0|[LEDGER]event filter manager stopped. stop tx pool,groupID=1
info|2025-10-10 19:11:14.786574|fisco-bcos-0x00007ffb698dedc0|[LEDGER]removeNetworkStatHandlerByGroupID and removeGroupBandwidthLimiter for service,groupID=1
info|2025-10-10 19:11:14.786585|fisco-bcos-0x00007ffb698dedc0|[g:1][STORAGE][CachedStorage]Stopping flushStorage thread
info|2025-10-10 19:11:15.626613|fisco-bcos-0x00007ffb698dedc0|[g:1][STORAGE][CachedStorage]flushStorage thread stopped.
info|2025-10-10 19:11:15.626631|fisco-bcos-0x00007ffb698dedc0|[DBINITIALIZER] storage stopped
info|2025-10-10 19:11:15.628201|fisco-bcos-0x00007ffb698dedc0|[g:1] [SYNC][id:374bdfe9...]SyncMsgEngine stopped
info|2025-10-10 19:11:15.628230|fisco-bcos-0x00007ffb698dedc0|[GossipBlockStatus]GossipBlockStatus already stopped
info|2025-10-10 19:11:15.628235|fisco-bcos-0x00007ffb698dedc0|[SYNC][id:374bdfe9...][g:1]SyncMaster stopped
info|2025-10-10 19:11:15.628251|fisco-bcos-0x00007ffb698dedc0|[g:1] [SYNC][id:374bdfe9...]SyncMsgEngine stopped
