info|2025-10-09 23:00:00.151720|Sync-1-0x00007fbe8f163700|[g:1][SYNC][id:374bdfe9...]print sync info,peersCount=3,infoJson={"blockNumber":183,"genesisHash":"f0d3e67991e2c3d83533c031601c30c4741aba35d7d8017900779abe4ae22efe","isSyncing":true,"knownHighestNumber":242,"knownLatestHash":"99e4206c2d515a846a9f1d5be6ed961367b9a5e7b6250471c60d8f6648184672","latestHash":"84b9e5d996bf7a5eb7a7af1e23a8308230a576a20d5c81a92b78a013e510177d","nodeId":"374bdfe969e1d8ea1200ade93e5d8cf1a7d5741f238011004b0f43ca818706f194b2f067e1708125f7ffc536610b9a72addbd56b238d65f18912be39037ffcc5","peers":[{"blockNumber":242,"genesisHash":"f0d3e67991e2c3d83533c031601c30c4741aba35d7d8017900779abe4ae22efe","latestHash":"99e4206c2d515a846a9f1d5be6ed961367b9a5e7b6250471c60d8f6648184672","nodeId":"064cb676a36047a4b52ecbf9c01664b1e987d91b438110ba6a12d96972726622e824d295b1de8b0298b5afe7bbbc0bd04a3890e1a36eae028c1cfbe07971b995"},{"blockNumber":242,"genesisHash":"f0d3e67991e2c3d83533c031601c30c4741aba35d7d8017900779abe4ae22efe","latestHash":"99e4206c2d515a846a9f1d5be6ed961367b9a5e7b6250471c60d8f6648184672","nodeId":"73994dae9e8b8da733108a4153dfe79151d701dff425f84c87b5324e8ebd02ab6a0ebc9e4f1e0298a7ddca50f94a8f95c62b6997226d571e470e8f2b0600634a"},{"blockNumber":242,"genesisHash":"f0d3e67991e2c3d83533c031601c30c4741aba35d7d8017900779abe4ae22efe","latestHash":"99e4206c2d515a846a9f1d5be6ed961367b9a5e7b6250471c60d8f6648184672","nodeId":"87d00b98321fc70a5abc85ad9e80db10cce315194133697bf74aace1d3f8430957a766240f751752708f4282f46110d6ea56c3eb5d1c02ce98a66f327f595270"}],"protocolId":65545,"txPoolSize":"0"}
info|2025-10-09 23:00:03.178204|io_service-0x00007fbea7994700|[P2P][Service] heartBeat,connected count=3
info|2025-10-09 23:00:03.288168|P2P-0x00007fbea9998700|[NETWORK][Session]Received topic: [2	_block_notify_1] from 73994dae9e8b8da733108a4153dfe79151d701dff425f84c87b5324e8ebd02ab6a0ebc9e4f1e0298a7ddca50f94a8f95c62b6997226d571e470e8f2b0600634a
info|2025-10-09 23:00:05.752793|Download-1-0x00007fbe9a97a700|[g:1][SYNC][id:374bdfe9...][Download][Request]Request blocks,from=184,to=184,peer=87d00b98...
info|2025-10-09 23:00:05.757133|Download-1-0x00007fbe9a97a700|[g:1][SYNC][id:374bdfe9...][Download][BlockSync]Download block execute,number=184,txs=1,hash=22a8c2ae...
info|2025-10-09 23:00:05.757243|Download-1-0x00007fbe9a97a700|[g:1][BLOCKVERIFIER][executeBlock]Executing block,txNum=1,num=184,parentHash=84b9e5d996bf7a5eb7a7af1e23a8308230a576a20d5c81a92b78a013e510177d,parentNum=183,parentStateRoot=193aa4e3ddcabc3eb1c4bc64eca338693c126abd7770f253f6dd6e3fee2170ea
info|2025-10-09 23:00:05.757387|Download-1-0x00007fbe9a97a700|[g:1][PRECOMPILED]init GasChargeManagePrecompiled
info|2025-10-09 23:00:05.757786|Download-1-0x00007fbe9a97a700|[g:1][PRECOMPILED][TimerPrecompiled]getCurrentTimeMillis,timeMillis=1760076005757
error|2025-10-09 23:00:05.757874|Download-1-0x00007fbe9a97a700|[g:1][PRECOMPILED]SM2EncryptPrecompiled exception:Unknown function
error|2025-10-09 23:00:05.757906|Download-1-0x00007fbe9a97a700|[g:1][EXECUTIVECONTEXT]PrecompiledException,address=000000000000000000000000000000000000500b,message:=Unknown function
error|2025-10-09 23:00:05.757944|Download-1-0x00007fbe9a97a700|[g:1][EXECUTIVE][TxExeError]Transaction execution error,TransactionExceptionID=22,hash=34fcf37998bfab32d1354d28f63091611b3b7e8622725266293468c69156e50d
error|2025-10-09 23:00:05.758365|Download-1-0x00007fbe9a97a700|[g:1][BLOCKVERIFIER]Invalid Block with bad stateRoot or receiptRoot or dbHash,blkNum=184,originHash=22a8c2ae...,curHash=d70f1cff...,orgReceipt=ed245b8c...,curRecepit=8937e548...,orgTxRoot=2d8a5d62...,curTxRoot=2d8a5d62...,orgState=00000000...,curState=00000000...,orgDBHash=00000000...,curDBHash=00000000...
warning|2025-10-09 23:00:05.758476|Download-1-0x00007fbe9a97a700|[g:1][BLOCKVERIFIER][executeBlock]executeBlock exception,blockNumber=184
warning|2025-10-09 23:00:07.724677|PBFT-1-0x00007fbe8d960700|[g:1][CONSENSUS][PBFT]ViewChangeWarning: not caused by omit empty block ,v=0,toV=4,curNum=183,hash=84b9e5d9...,nodeIdx=1,myNode=374bdfe9...
info|2025-10-09 23:00:07.724835|PBFT-1-0x00007fbe8d960700|[g:1][CONSENSUS][PBFT]checkTimeout Succ,view=0,toView=4,nodeIdx=1,changeCycle=4,myNode=374bdfe9...,timecost=1
info|2025-10-09 23:00:12.159678|Download-1-0x00007fbe9a97a700|[g:1][SYNC][id:374bdfe9...][Download][Request]Request blocks,from=184,to=184,peer=87d00b98...
info|2025-10-09 23:00:12.163790|Download-1-0x00007fbe9a97a700|[g:1][SYNC][id:374bdfe9...][Download][BlockSync]Download block execute,number=184,txs=1,hash=22a8c2ae...
info|2025-10-09 23:00:12.163840|Download-1-0x00007fbe9a97a700|[g:1][BLOCKVERIFIER][executeBlock]Executing block,txNum=1,num=184,parentHash=84b9e5d996bf7a5eb7a7af1e23a8308230a576a20d5c81a92b78a013e510177d,parentNum=183,parentStateRoot=193aa4e3ddcabc3eb1c4bc64eca338693c126abd7770f253f6dd6e3fee2170ea
info|2025-10-09 23:00:12.163956|Download-1-0x00007fbe9a97a700|[g:1][PRECOMPILED]init GasChargeManagePrecompiled
info|2025-10-09 23:00:12.164366|Download-1-0x00007fbe86151700|[PRECOMPILED][TimerPrecompiled]getCurrentTimeMillis,timeMillis=1760076012164
error|2025-10-09 23:00:12.164474|Download-1-0x00007fbe86151700|[PRECOMPILED]SM2EncryptPrecompiled exception:Unknown function
error|2025-10-09 23:00:12.164503|Download-1-0x00007fbe86151700|[EXECUTIVECONTEXT]PrecompiledException,address=000000000000000000000000000000000000500b,message:=Unknown function
error|2025-10-09 23:00:12.164534|Download-1-0x00007fbe86151700|[EXECUTIVE][TxExeError]Transaction execution error,TransactionExceptionID=22,hash=34fcf37998bfab32d1354d28f63091611b3b7e8622725266293468c69156e50d
error|2025-10-09 23:00:12.164794|Download-1-0x00007fbe9a97a700|[g:1][BLOCKVERIFIER]Invalid Block with bad stateRoot or receiptRoot or dbHash,blkNum=184,originHash=22a8c2ae...,curHash=d70f1cff...,orgReceipt=ed245b8c...,curRecepit=8937e548...,orgTxRoot=2d8a5d62...,curTxRoot=2d8a5d62...,orgState=00000000...,curState=00000000...,orgDBHash=00000000...,curDBHash=00000000...
warning|2025-10-09 23:00:12.164890|Download-1-0x00007fbe9a97a700|[g:1][BLOCKVERIFIER][executeBlock]executeBlock exception,blockNumber=184
info|2025-10-09 23:00:13.179159|io_service-0x00007fbea7994700|[P2P][Service] heartBeat,connected count=3
info|2025-10-09 23:00:18.562509|Download-1-0x00007fbe9a97a700|[g:1][SYNC][id:374bdfe9...][Download][Request]Request blocks,from=184,to=184,peer=064cb676...
info|2025-10-09 23:00:18.566568|Download-1-0x00007fbe9a97a700|[g:1][SYNC][id:374bdfe9...][Download][BlockSync]Download block execute,number=184,txs=1,hash=22a8c2ae...
info|2025-10-09 23:00:18.566653|Download-1-0x00007fbe9a97a700|[g:1][BLOCKVERIFIER][executeBlock]Executing block,txNum=1,num=184,parentHash=84b9e5d996bf7a5eb7a7af1e23a8308230a576a20d5c81a92b78a013e510177d,parentNum=183,parentStateRoot=193aa4e3ddcabc3eb1c4bc64eca338693c126abd7770f253f6dd6e3fee2170ea
info|2025-10-09 23:00:18.566828|Download-1-0x00007fbe9a97a700|[g:1][PRECOMPILED]init GasChargeManagePrecompiled
info|2025-10-09 23:00:18.567188|Download-1-0x00007fbe9a97a700|[g:1][PRECOMPILED][TimerPrecompiled]getCurrentTimeMillis,timeMillis=1760076018567
error|2025-10-09 23:00:18.567299|Download-1-0x00007fbe9a97a700|[g:1][PRECOMPILED]SM2EncryptPrecompiled exception:Unknown function
error|2025-10-09 23:00:18.567345|Download-1-0x00007fbe9a97a700|[g:1][EXECUTIVECONTEXT]PrecompiledException,address=000000000000000000000000000000000000500b,message:=Unknown function
error|2025-10-09 23:00:18.567385|Download-1-0x00007fbe9a97a700|[g:1][EXECUTIVE][TxExeError]Transaction execution error,TransactionExceptionID=22,hash=34fcf37998bfab32d1354d28f63091611b3b7e8622725266293468c69156e50d
error|2025-10-09 23:00:18.567921|Download-1-0x00007fbe9a97a700|[g:1][BLOCKVERIFIER]Invalid Block with bad stateRoot or receiptRoot or dbHash,blkNum=184,originHash=22a8c2ae...,curHash=d70f1cff...,orgReceipt=ed245b8c...,curRecepit=8937e548...,orgTxRoot=2d8a5d62...,curTxRoot=2d8a5d62...,orgState=00000000...,curState=00000000...,orgDBHash=00000000...,curDBHash=00000000...
warning|2025-10-09 23:00:18.568020|Download-1-0x00007fbe9a97a700|[g:1][BLOCKVERIFIER][executeBlock]executeBlock exception,blockNumber=184
warning|2025-10-09 23:00:22.912064|PBFT-1-0x00007fbe8d960700|[g:1][CONSENSUS][PBFT]ViewChangeWarning: not caused by omit empty block ,v=0,toV=5,curNum=183,hash=84b9e5d9...,nodeIdx=1,myNode=374bdfe9...
info|2025-10-09 23:00:22.912233|PBFT-1-0x00007fbe8d960700|[g:1][CONSENSUS][PBFT]checkTimeout Succ,view=0,toView=5,nodeIdx=1,changeCycle=5,myNode=374bdfe9...,timecost=1
info|2025-10-09 23:00:23.182522|io_service-0x00007fbea7994700|[P2P][Service] heartBeat,connected count=3
info|2025-10-09 23:00:24.817673|PBFT-1-0x00007fbe8d960700|[g:1][CONSENSUS][PBFT]catchupView,toView=5,INFO=,reqNum=243,curNum=183,GenIdx=2,Cview=1,view=0,fromIdx=2,fromNode=73994dae...,fromIp=127.0.0.1:33024,hash=9a7dca21...,nodeIdx=1,myNode=374bdfe9...
info|2025-10-09 23:00:24.818794|PBFT-1-0x00007fbe8d960700|[g:1][CONSENSUS][PBFT]sendViewChangeMsg: send viewchange to started node,v=0,toV=5,curNum=183,peerNode=73994dae...,hash=84b9e5d9...,nodeIdx=1,myNode=374bdfe9...
info|2025-10-09 23:00:24.820141|PBFT-1-0x00007fbe8d960700|[g:1][CONSENSUS][PBFT]catchupView,toView=5,INFO=,reqNum=243,curNum=183,GenIdx=0,Cview=1,view=0,fromIdx=0,fromNode=064cb676...,fromIp=127.0.0.1:30303,hash=9a7dca21...,nodeIdx=1,myNode=374bdfe9...
info|2025-10-09 23:00:24.821220|PBFT-1-0x00007fbe8d960700|[g:1][CONSENSUS][PBFT]sendViewChangeMsg: send viewchange to started node,v=0,toV=5,curNum=183,peerNode=064cb676...,hash=84b9e5d9...,nodeIdx=1,myNode=374bdfe9...
info|2025-10-09 23:00:24.858521|PBFT-1-0x00007fbe8d960700|[g:1][CONSENSUS][PBFT]catchupView,toView=5,INFO=,reqNum=243,curNum=183,GenIdx=3,Cview=1,view=0,fromIdx=3,fromNode=87d00b98...,fromIp=127.0.0.1:33016,hash=9a7dca21...,nodeIdx=1,myNode=374bdfe9...
info|2025-10-09 23:00:24.859537|PBFT-1-0x00007fbe8d960700|[g:1][CONSENSUS][PBFT]sendViewChangeMsg: send viewchange to started node,v=0,toV=5,curNum=183,peerNode=87d00b98...,hash=84b9e5d9...,nodeIdx=1,myNode=374bdfe9...
info|2025-10-09 23:00:24.971730|Download-1-0x00007fbe9a97a700|[g:1][SYNC][id:374bdfe9...][Download][Request]Request blocks,from=184,to=184,peer=064cb676...
info|2025-10-09 23:00:24.975769|Download-1-0x00007fbe9a97a700|[g:1][SYNC][id:374bdfe9...][Download][BlockSync]Download block execute,number=184,txs=1,hash=22a8c2ae...
info|2025-10-09 23:00:24.975807|Download-1-0x00007fbe9a97a700|[g:1][BLOCKVERIFIER][executeBlock]Executing block,txNum=1,num=184,parentHash=84b9e5d996bf7a5eb7a7af1e23a8308230a576a20d5c81a92b78a013e510177d,parentNum=183,parentStateRoot=193aa4e3ddcabc3eb1c4bc64eca338693c126abd7770f253f6dd6e3fee2170ea
info|2025-10-09 23:00:24.975921|Download-1-0x00007fbe9a97a700|[g:1][PRECOMPILED]init GasChargeManagePrecompiled
info|2025-10-09 23:00:24.976215|Download-1-0x00007fbe9a97a700|[g:1][PRECOMPILED][TimerPrecompiled]getCurrentTimeMillis,timeMillis=1760076024976
error|2025-10-09 23:00:24.976307|Download-1-0x00007fbe9a97a700|[g:1][PRECOMPILED]SM2EncryptPrecompiled exception:Unknown function
error|2025-10-09 23:00:24.976341|Download-1-0x00007fbe9a97a700|[g:1][EXECUTIVECONTEXT]PrecompiledException,address=000000000000000000000000000000000000500b,message:=Unknown function
error|2025-10-09 23:00:24.976372|Download-1-0x00007fbe9a97a700|[g:1][EXECUTIVE][TxExeError]Transaction execution error,TransactionExceptionID=22,hash=34fcf37998bfab32d1354d28f63091611b3b7e8622725266293468c69156e50d
error|2025-10-09 23:00:24.976534|Download-1-0x00007fbe9a97a700|[g:1][BLOCKVERIFIER]Invalid Block with bad stateRoot or receiptRoot or dbHash,blkNum=184,originHash=22a8c2ae...,curHash=d70f1cff...,orgReceipt=ed245b8c...,curRecepit=8937e548...,orgTxRoot=2d8a5d62...,curTxRoot=2d8a5d62...,orgState=00000000...,curState=00000000...,orgDBHash=00000000...,curDBHash=00000000...
warning|2025-10-09 23:00:24.976619|Download-1-0x00007fbe9a97a700|[g:1][BLOCKVERIFIER][executeBlock]executeBlock exception,blockNumber=184
info|2025-10-09 23:00:25.830264|PBFT-1-0x00007fbe8d960700|[g:1][CONSENSUS][PBFT]catchupView,toView=5,INFO=,reqNum=243,curNum=183,GenIdx=2,Cview=2,view=0,fromIdx=2,fromNode=73994dae...,fromIp=127.0.0.1:33024,hash=9a7dca21...,nodeIdx=1,myNode=374bdfe9...
info|2025-10-09 23:00:25.831437|PBFT-1-0x00007fbe8d960700|[g:1][CONSENSUS][PBFT]sendViewChangeMsg: send viewchange to started node,v=0,toV=5,curNum=183,peerNode=73994dae...,hash=84b9e5d9...,nodeIdx=1,myNode=374bdfe9...
info|2025-10-09 23:00:25.831980|PBFT-1-0x00007fbe8d960700|[g:1][CONSENSUS][PBFT]catchupView,toView=5,INFO=,reqNum=243,curNum=183,GenIdx=3,Cview=2,view=0,fromIdx=3,fromNode=87d00b98...,fromIp=127.0.0.1:33016,hash=9a7dca21...,nodeIdx=1,myNode=374bdfe9...
info|2025-10-09 23:00:25.833225|PBFT-1-0x00007fbe8d960700|[g:1][CONSENSUS][PBFT]sendViewChangeMsg: send viewchange to started node,v=0,toV=5,curNum=183,peerNode=87d00b98...,hash=84b9e5d9...,nodeIdx=1,myNode=374bdfe9...
info|2025-10-09 23:00:25.873885|PBFT-1-0x00007fbe8d960700|[g:1][CONSENSUS][PBFT]catchupView,toView=5,INFO=,reqNum=243,curNum=183,GenIdx=0,Cview=2,view=0,fromIdx=0,fromNode=064cb676...,fromIp=127.0.0.1:30303,hash=9a7dca21...,nodeIdx=1,myNode=374bdfe9...
info|2025-10-09 23:00:25.874943|PBFT-1-0x00007fbe8d960700|[g:1][CONSENSUS][PBFT]sendViewChangeMsg: send viewchange to started node,v=0,toV=5,curNum=183,peerNode=064cb676...,hash=84b9e5d9...,nodeIdx=1,myNode=374bdfe9...
info|2025-10-09 23:00:30.345775|PBFT-1-0x00007fbe8d960700|[g:1][CONSENSUS][PBFT]catchupView,toView=5,INFO=,reqNum=243,curNum=183,GenIdx=2,Cview=3,view=0,fromIdx=2,fromNode=73994dae...,fromIp=127.0.0.1:33024,hash=9a7dca21...,nodeIdx=1,myNode=374bdfe9...
info|2025-10-09 23:00:30.349453|PBFT-1-0x00007fbe8d960700|[g:1][CONSENSUS][PBFT]sendViewChangeMsg: send viewchange to started node,v=0,toV=5,curNum=183,peerNode=73994dae...,hash=84b9e5d9...,nodeIdx=1,myNode=374bdfe9...
info|2025-10-09 23:00:30.349607|PBFT-1-0x00007fbe8d960700|[g:1][CONSENSUS][PBFT]catchupView,toView=5,INFO=,reqNum=243,curNum=183,GenIdx=3,Cview=3,view=0,fromIdx=3,fromNode=87d00b98...,fromIp=127.0.0.1:33016,hash=9a7dca21...,nodeIdx=1,myNode=374bdfe9...
info|2025-10-09 23:00:30.350643|PBFT-1-0x00007fbe8d960700|[g:1][CONSENSUS][PBFT]sendViewChangeMsg: send viewchange to started node,v=0,toV=5,curNum=183,peerNode=87d00b98...,hash=84b9e5d9...,nodeIdx=1,myNode=374bdfe9...
info|2025-10-09 23:00:30.350745|PBFT-1-0x00007fbe8d960700|[g:1][CONSENSUS][PBFT]catchupView,toView=5,INFO=,reqNum=243,curNum=183,GenIdx=0,Cview=3,view=0,fromIdx=0,fromNode=064cb676...,fromIp=127.0.0.1:30303,hash=9a7dca21...,nodeIdx=1,myNode=374bdfe9...
info|2025-10-09 23:00:30.351806|PBFT-1-0x00007fbe8d960700|[g:1][CONSENSUS][PBFT]sendViewChangeMsg: send viewchange to started node,v=0,toV=5,curNum=183,peerNode=064cb676...,hash=84b9e5d9...,nodeIdx=1,myNode=374bdfe9...
info|2025-10-09 23:00:31.373895|Download-1-0x00007fbe9a97a700|[g:1][SYNC][id:374bdfe9...][Download][Request]Request blocks,from=184,to=184,peer=73994dae...
info|2025-10-09 23:00:31.378531|Download-1-0x00007fbe9a97a700|[g:1][SYNC][id:374bdfe9...][Download][BlockSync]Download block execute,number=184,txs=1,hash=22a8c2ae...
info|2025-10-09 23:00:31.378602|Download-1-0x00007fbe9a97a700|[g:1][BLOCKVERIFIER][executeBlock]Executing block,txNum=1,num=184,parentHash=84b9e5d996bf7a5eb7a7af1e23a8308230a576a20d5c81a92b78a013e510177d,parentNum=183,parentStateRoot=193aa4e3ddcabc3eb1c4bc64eca338693c126abd7770f253f6dd6e3fee2170ea
info|2025-10-09 23:00:31.378819|Download-1-0x00007fbe9a97a700|[g:1][PRECOMPILED]init GasChargeManagePrecompiled
info|2025-10-09 23:00:31.379184|Download-1-0x00007fbe86151700|[PRECOMPILED][TimerPrecompiled]getCurrentTimeMillis,timeMillis=1760076031379
error|2025-10-09 23:00:31.379240|Download-1-0x00007fbe86151700|[PRECOMPILED]SM2EncryptPrecompiled exception:Unknown function
error|2025-10-09 23:00:31.379258|Download-1-0x00007fbe86151700|[EXECUTIVECONTEXT]PrecompiledException,address=000000000000000000000000000000000000500b,message:=Unknown function
error|2025-10-09 23:00:31.379284|Download-1-0x00007fbe86151700|[EXECUTIVE][TxExeError]Transaction execution error,TransactionExceptionID=22,hash=34fcf37998bfab32d1354d28f63091611b3b7e8622725266293468c69156e50d
error|2025-10-09 23:00:31.379621|Download-1-0x00007fbe9a97a700|[g:1][BLOCKVERIFIER]Invalid Block with bad stateRoot or receiptRoot or dbHash,blkNum=184,originHash=22a8c2ae...,curHash=d70f1cff...,orgReceipt=ed245b8c...,curRecepit=8937e548...,orgTxRoot=2d8a5d62...,curTxRoot=2d8a5d62...,orgState=00000000...,curState=00000000...,orgDBHash=00000000...,curDBHash=00000000...
warning|2025-10-09 23:00:31.379729|Download-1-0x00007fbe9a97a700|[g:1][BLOCKVERIFIER][executeBlock]executeBlock exception,blockNumber=184
info|2025-10-09 23:00:33.183273|io_service-0x00007fbea7994700|[P2P][Service] heartBeat,connected count=3
info|2025-10-09 23:00:37.780971|Download-1-0x00007fbe9a97a700|[g:1][SYNC][id:374bdfe9...][Download][Request]Request blocks,from=184,to=184,peer=73994dae...
info|2025-10-09 23:00:37.785742|Download-1-0x00007fbe9a97a700|[g:1][SYNC][id:374bdfe9...][Download][BlockSync]Download block execute,number=184,txs=1,hash=22a8c2ae...
info|2025-10-09 23:00:37.785829|Download-1-0x00007fbe9a97a700|[g:1][BLOCKVERIFIER][executeBlock]Executing block,txNum=1,num=184,parentHash=84b9e5d996bf7a5eb7a7af1e23a8308230a576a20d5c81a92b78a013e510177d,parentNum=183,parentStateRoot=193aa4e3ddcabc3eb1c4bc64eca338693c126abd7770f253f6dd6e3fee2170ea
info|2025-10-09 23:00:37.786064|Download-1-0x00007fbe9a97a700|[g:1][PRECOMPILED]init GasChargeManagePrecompiled
info|2025-10-09 23:00:37.786365|Download-1-0x00007fbe86151700|[PRECOMPILED][TimerPrecompiled]getCurrentTimeMillis,timeMillis=1760076037786
error|2025-10-09 23:00:37.786423|Download-1-0x00007fbe86151700|[PRECOMPILED]SM2EncryptPrecompiled exception:Unknown function
error|2025-10-09 23:00:37.786440|Download-1-0x00007fbe86151700|[EXECUTIVECONTEXT]PrecompiledException,address=000000000000000000000000000000000000500b,message:=Unknown function
error|2025-10-09 23:00:37.786472|Download-1-0x00007fbe86151700|[EXECUTIVE][TxExeError]Transaction execution error,TransactionExceptionID=22,hash=34fcf37998bfab32d1354d28f63091611b3b7e8622725266293468c69156e50d
error|2025-10-09 23:00:37.786785|Download-1-0x00007fbe9a97a700|[g:1][BLOCKVERIFIER]Invalid Block with bad stateRoot or receiptRoot or dbHash,blkNum=184,originHash=22a8c2ae...,curHash=d70f1cff...,orgReceipt=ed245b8c...,curRecepit=8937e548...,orgTxRoot=2d8a5d62...,curTxRoot=2d8a5d62...,orgState=00000000...,curState=00000000...,orgDBHash=00000000...,curDBHash=00000000...
warning|2025-10-09 23:00:37.786884|Download-1-0x00007fbe9a97a700|[g:1][BLOCKVERIFIER][executeBlock]executeBlock exception,blockNumber=184
info|2025-10-09 23:00:43.184479|io_service-0x00007fbea7994700|[P2P][Service] heartBeat,connected count=3
info|2025-10-09 23:00:44.213601|Download-1-0x00007fbe9a97a700|[g:1][SYNC][id:374bdfe9...][Download][Request]Request blocks,from=184,to=184,peer=064cb676...
info|2025-10-09 23:00:44.219371|Download-1-0x00007fbe9a97a700|[g:1][SYNC][id:374bdfe9...][Download][BlockSync]Download block execute,number=184,txs=1,hash=22a8c2ae...
info|2025-10-09 23:00:44.219450|Download-1-0x00007fbe9a97a700|[g:1][BLOCKVERIFIER][executeBlock]Executing block,txNum=1,num=184,parentHash=84b9e5d996bf7a5eb7a7af1e23a8308230a576a20d5c81a92b78a013e510177d,parentNum=183,parentStateRoot=193aa4e3ddcabc3eb1c4bc64eca338693c126abd7770f253f6dd6e3fee2170ea
info|2025-10-09 23:00:44.219593|Download-1-0x00007fbe9a97a700|[g:1][PRECOMPILED]init GasChargeManagePrecompiled
info|2025-10-09 23:00:44.219922|Download-1-0x00007fbe86151700|[PRECOMPILED][TimerPrecompiled]getCurrentTimeMillis,timeMillis=1760076044219
error|2025-10-09 23:00:44.219990|Download-1-0x00007fbe86151700|[PRECOMPILED]SM2EncryptPrecompiled exception:Unknown function
error|2025-10-09 23:00:44.220006|Download-1-0x00007fbe86151700|[EXECUTIVECONTEXT]PrecompiledException,address=000000000000000000000000000000000000500b,message:=Unknown function
error|2025-10-09 23:00:44.220032|Download-1-0x00007fbe86151700|[EXECUTIVE][TxExeError]Transaction execution error,TransactionExceptionID=22,hash=34fcf37998bfab32d1354d28f63091611b3b7e8622725266293468c69156e50d
error|2025-10-09 23:00:44.220330|Download-1-0x00007fbe9a97a700|[g:1][BLOCKVERIFIER]Invalid Block with bad stateRoot or receiptRoot or dbHash,blkNum=184,originHash=22a8c2ae...,curHash=d70f1cff...,orgReceipt=ed245b8c...,curRecepit=8937e548...,orgTxRoot=2d8a5d62...,curTxRoot=2d8a5d62...,orgState=00000000...,curState=00000000...,orgDBHash=00000000...,curDBHash=00000000...
warning|2025-10-09 23:00:44.220438|Download-1-0x00007fbe9a97a700|[g:1][BLOCKVERIFIER][executeBlock]executeBlock exception,blockNumber=184
warning|2025-10-09 23:00:45.701855|PBFT-1-0x00007fbe8d960700|[g:1][CONSENSUS][PBFT]ViewChangeWarning: not caused by omit empty block ,v=0,toV=6,curNum=183,hash=84b9e5d9...,nodeIdx=1,myNode=374bdfe9...
info|2025-10-09 23:00:45.701975|PBFT-1-0x00007fbe8d960700|[g:1][CONSENSUS][PBFT]checkTimeout Succ,view=0,toView=6,nodeIdx=1,changeCycle=6,myNode=374bdfe9...,timecost=1
info|2025-10-09 23:00:50.789679|Download-1-0x00007fbe9a97a700|[g:1][SYNC][id:374bdfe9...][Download][Request]Request blocks,from=184,to=184,peer=73994dae...
info|2025-10-09 23:00:50.793873|Download-1-0x00007fbe9a97a700|[g:1][SYNC][id:374bdfe9...][Download][BlockSync]Download block execute,number=184,txs=1,hash=22a8c2ae...
info|2025-10-09 23:00:50.793959|Download-1-0x00007fbe9a97a700|[g:1][BLOCKVERIFIER][executeBlock]Executing block,txNum=1,num=184,parentHash=84b9e5d996bf7a5eb7a7af1e23a8308230a576a20d5c81a92b78a013e510177d,parentNum=183,parentStateRoot=193aa4e3ddcabc3eb1c4bc64eca338693c126abd7770f253f6dd6e3fee2170ea
info|2025-10-09 23:00:50.794142|Download-1-0x00007fbe9a97a700|[g:1][PRECOMPILED]init GasChargeManagePrecompiled
info|2025-10-09 23:00:50.794512|Download-1-0x00007fbe86151700|[PRECOMPILED][TimerPrecompiled]getCurrentTimeMillis,timeMillis=1760076050794
error|2025-10-09 23:00:50.794596|Download-1-0x00007fbe86151700|[PRECOMPILED]SM2EncryptPrecompiled exception:Unknown function
error|2025-10-09 23:00:50.794613|Download-1-0x00007fbe86151700|[EXECUTIVECONTEXT]PrecompiledException,address=000000000000000000000000000000000000500b,message:=Unknown function
error|2025-10-09 23:00:50.794646|Download-1-0x00007fbe86151700|[EXECUTIVE][TxExeError]Transaction execution error,TransactionExceptionID=22,hash=34fcf37998bfab32d1354d28f63091611b3b7e8622725266293468c69156e50d
error|2025-10-09 23:00:50.794951|Download-1-0x00007fbe9a97a700|[g:1][BLOCKVERIFIER]Invalid Block with bad stateRoot or receiptRoot or dbHash,blkNum=184,originHash=22a8c2ae...,curHash=d70f1cff...,orgReceipt=ed245b8c...,curRecepit=8937e548...,orgTxRoot=2d8a5d62...,curTxRoot=2d8a5d62...,orgState=00000000...,curState=00000000...,orgDBHash=00000000...,curDBHash=00000000...
warning|2025-10-09 23:00:50.795041|Download-1-0x00007fbe9a97a700|[g:1][BLOCKVERIFIER][executeBlock]executeBlock exception,blockNumber=184
info|2025-10-09 23:00:53.185586|io_service-0x00007fbea7994700|[P2P][Service] heartBeat,connected count=3
info|2025-10-09 23:00:57.198143|Download-1-0x00007fbe9a97a700|[g:1][SYNC][id:374bdfe9...][Download][Request]Request blocks,from=184,to=184,peer=064cb676...
info|2025-10-09 23:00:57.203085|Download-1-0x00007fbe9a97a700|[g:1][SYNC][id:374bdfe9...][Download][BlockSync]Download block execute,number=184,txs=1,hash=22a8c2ae...
info|2025-10-09 23:00:57.203156|Download-1-0x00007fbe9a97a700|[g:1][BLOCKVERIFIER][executeBlock]Executing block,txNum=1,num=184,parentHash=84b9e5d996bf7a5eb7a7af1e23a8308230a576a20d5c81a92b78a013e510177d,parentNum=183,parentStateRoot=193aa4e3ddcabc3eb1c4bc64eca338693c126abd7770f253f6dd6e3fee2170ea
info|2025-10-09 23:00:57.203393|Download-1-0x00007fbe9a97a700|[g:1][PRECOMPILED]init GasChargeManagePrecompiled
info|2025-10-09 23:00:57.203763|Download-1-0x00007fbe86151700|[PRECOMPILED][TimerPrecompiled]getCurrentTimeMillis,timeMillis=1760076057203
error|2025-10-09 23:00:57.203848|Download-1-0x00007fbe86151700|[PRECOMPILED]SM2EncryptPrecompiled exception:Unknown function
error|2025-10-09 23:00:57.203869|Download-1-0x00007fbe86151700|[EXECUTIVECONTEXT]PrecompiledException,address=000000000000000000000000000000000000500b,message:=Unknown function
error|2025-10-09 23:00:57.203895|Download-1-0x00007fbe86151700|[EXECUTIVE][TxExeError]Transaction execution error,TransactionExceptionID=22,hash=34fcf37998bfab32d1354d28f63091611b3b7e8622725266293468c69156e50d
error|2025-10-09 23:00:57.204190|Download-1-0x00007fbe9a97a700|[g:1][BLOCKVERIFIER]Invalid Block with bad stateRoot or receiptRoot or dbHash,blkNum=184,originHash=22a8c2ae...,curHash=d70f1cff...,orgReceipt=ed245b8c...,curRecepit=8937e548...,orgTxRoot=2d8a5d62...,curTxRoot=2d8a5d62...,orgState=00000000...,curState=00000000...,orgDBHash=00000000...,curDBHash=00000000...
warning|2025-10-09 23:00:57.204306|Download-1-0x00007fbe9a97a700|[g:1][BLOCKVERIFIER][executeBlock]executeBlock exception,blockNumber=184
info|2025-10-09 23:01:03.186227|io_service-0x00007fbea7994700|[P2P][Service] heartBeat,connected count=3
info|2025-10-09 23:01:03.604319|Download-1-0x00007fbe9a97a700|[g:1][SYNC][id:374bdfe9...][Download][Request]Request blocks,from=184,to=184,peer=064cb676...
info|2025-10-09 23:01:03.608259|Download-1-0x00007fbe9a97a700|[g:1][SYNC][id:374bdfe9...][Download][BlockSync]Download block execute,number=184,txs=1,hash=22a8c2ae...
info|2025-10-09 23:01:03.608316|Download-1-0x00007fbe9a97a700|[g:1][BLOCKVERIFIER][executeBlock]Executing block,txNum=1,num=184,parentHash=84b9e5d996bf7a5eb7a7af1e23a8308230a576a20d5c81a92b78a013e510177d,parentNum=183,parentStateRoot=193aa4e3ddcabc3eb1c4bc64eca338693c126abd7770f253f6dd6e3fee2170ea
info|2025-10-09 23:01:03.608490|Download-1-0x00007fbe9a97a700|[g:1][PRECOMPILED]init GasChargeManagePrecompiled
info|2025-10-09 23:01:03.608798|Download-1-0x00007fbe86151700|[PRECOMPILED][TimerPrecompiled]getCurrentTimeMillis,timeMillis=1760076063608
error|2025-10-09 23:01:03.608866|Download-1-0x00007fbe86151700|[PRECOMPILED]SM2EncryptPrecompiled exception:Unknown function
error|2025-10-09 23:01:03.608885|Download-1-0x00007fbe86151700|[EXECUTIVECONTEXT]PrecompiledException,address=000000000000000000000000000000000000500b,message:=Unknown function
error|2025-10-09 23:01:03.608911|Download-1-0x00007fbe86151700|[EXECUTIVE][TxExeError]Transaction execution error,TransactionExceptionID=22,hash=34fcf37998bfab32d1354d28f63091611b3b7e8622725266293468c69156e50d
error|2025-10-09 23:01:03.609221|Download-1-0x00007fbe9a97a700|[g:1][BLOCKVERIFIER]Invalid Block with bad stateRoot or receiptRoot or dbHash,blkNum=184,originHash=22a8c2ae...,curHash=d70f1cff...,orgReceipt=ed245b8c...,curRecepit=8937e548...,orgTxRoot=2d8a5d62...,curTxRoot=2d8a5d62...,orgState=00000000...,curState=00000000...,orgDBHash=00000000...,curDBHash=00000000...
warning|2025-10-09 23:01:03.609313|Download-1-0x00007fbe9a97a700|[g:1][BLOCKVERIFIER][executeBlock]executeBlock exception,blockNumber=184
info|2025-10-09 23:01:10.009234|Download-1-0x00007fbe9a97a700|[g:1][SYNC][id:374bdfe9...][Download][Request]Request blocks,from=184,to=184,peer=73994dae...
info|2025-10-09 23:01:10.013449|Download-1-0x00007fbe9a97a700|[g:1][SYNC][id:374bdfe9...][Download][BlockSync]Download block execute,number=184,txs=1,hash=22a8c2ae...
info|2025-10-09 23:01:10.013488|Download-1-0x00007fbe9a97a700|[g:1][BLOCKVERIFIER][executeBlock]Executing block,txNum=1,num=184,parentHash=84b9e5d996bf7a5eb7a7af1e23a8308230a576a20d5c81a92b78a013e510177d,parentNum=183,parentStateRoot=193aa4e3ddcabc3eb1c4bc64eca338693c126abd7770f253f6dd6e3fee2170ea
info|2025-10-09 23:01:10.013622|Download-1-0x00007fbe9a97a700|[g:1][PRECOMPILED]init GasChargeManagePrecompiled
info|2025-10-09 23:01:10.013911|Download-1-0x00007fbe9a97a700|[g:1][PRECOMPILED][TimerPrecompiled]getCurrentTimeMillis,timeMillis=1760076070013
error|2025-10-09 23:01:10.014002|Download-1-0x00007fbe9a97a700|[g:1][PRECOMPILED]SM2EncryptPrecompiled exception:Unknown function
error|2025-10-09 23:01:10.014039|Download-1-0x00007fbe9a97a700|[g:1][EXECUTIVECONTEXT]PrecompiledException,address=000000000000000000000000000000000000500b,message:=Unknown function
error|2025-10-09 23:01:10.014067|Download-1-0x00007fbe9a97a700|[g:1][EXECUTIVE][TxExeError]Transaction execution error,TransactionExceptionID=22,hash=34fcf37998bfab32d1354d28f63091611b3b7e8622725266293468c69156e50d
error|2025-10-09 23:01:10.014219|Download-1-0x00007fbe9a97a700|[g:1][BLOCKVERIFIER]Invalid Block with bad stateRoot or receiptRoot or dbHash,blkNum=184,originHash=22a8c2ae...,curHash=d70f1cff...,orgReceipt=ed245b8c...,curRecepit=8937e548...,orgTxRoot=2d8a5d62...,curTxRoot=2d8a5d62...,orgState=00000000...,curState=00000000...,orgDBHash=00000000...,curDBHash=00000000...
warning|2025-10-09 23:01:10.014300|Download-1-0x00007fbe9a97a700|[g:1][BLOCKVERIFIER][executeBlock]executeBlock exception,blockNumber=184
info|2025-10-09 23:01:13.186391|io_service-0x00007fbea7994700|[P2P][Service] heartBeat,connected count=3
info|2025-10-09 23:01:16.411182|Download-1-0x00007fbe9a97a700|[g:1][SYNC][id:374bdfe9...][Download][Request]Request blocks,from=184,to=184,peer=87d00b98...
info|2025-10-09 23:01:16.414785|Download-1-0x00007fbe9a97a700|[g:1][SYNC][id:374bdfe9...][Download][BlockSync]Download block execute,number=184,txs=1,hash=22a8c2ae...
info|2025-10-09 23:01:16.414836|Download-1-0x00007fbe9a97a700|[g:1][BLOCKVERIFIER][executeBlock]Executing block,txNum=1,num=184,parentHash=84b9e5d996bf7a5eb7a7af1e23a8308230a576a20d5c81a92b78a013e510177d,parentNum=183,parentStateRoot=193aa4e3ddcabc3eb1c4bc64eca338693c126abd7770f253f6dd6e3fee2170ea
info|2025-10-09 23:01:16.415006|Download-1-0x00007fbe9a97a700|[g:1][PRECOMPILED]init GasChargeManagePrecompiled
info|2025-10-09 23:01:16.415377|Download-1-0x00007fbe86151700|[PRECOMPILED][TimerPrecompiled]getCurrentTimeMillis,timeMillis=1760076076415
error|2025-10-09 23:01:16.415463|Download-1-0x00007fbe86151700|[PRECOMPILED]SM2EncryptPrecompiled exception:Unknown function
error|2025-10-09 23:01:16.415481|Download-1-0x00007fbe86151700|[EXECUTIVECONTEXT]PrecompiledException,address=000000000000000000000000000000000000500b,message:=Unknown function
error|2025-10-09 23:01:16.415518|Download-1-0x00007fbe86151700|[EXECUTIVE][TxExeError]Transaction execution error,TransactionExceptionID=22,hash=34fcf37998bfab32d1354d28f63091611b3b7e8622725266293468c69156e50d
error|2025-10-09 23:01:16.415879|Download-1-0x00007fbe9a97a700|[g:1][BLOCKVERIFIER]Invalid Block with bad stateRoot or receiptRoot or dbHash,blkNum=184,originHash=22a8c2ae...,curHash=d70f1cff...,orgReceipt=ed245b8c...,curRecepit=8937e548...,orgTxRoot=2d8a5d62...,curTxRoot=2d8a5d62...,orgState=00000000...,curState=00000000...,orgDBHash=00000000...,curDBHash=00000000...
warning|2025-10-09 23:01:16.415968|Download-1-0x00007fbe9a97a700|[g:1][BLOCKVERIFIER][executeBlock]executeBlock exception,blockNumber=184
warning|2025-10-09 23:01:19.879891|PBFT-1-0x00007fbe8d960700|[g:1][CONSENSUS][PBFT]ViewChangeWarning: not caused by omit empty block ,v=0,toV=7,curNum=183,hash=84b9e5d9...,nodeIdx=1,myNode=374bdfe9...
info|2025-10-09 23:01:19.880941|PBFT-1-0x00007fbe8d960700|[g:1][CONSENSUS][PBFT]checkTimeout Succ,view=0,toView=7,nodeIdx=1,changeCycle=7,myNode=374bdfe9...,timecost=3
info|2025-10-09 23:01:22.816606|Download-1-0x00007fbe9a97a700|[g:1][SYNC][id:374bdfe9...][Download][Request]Request blocks,from=184,to=184,peer=73994dae...
info|2025-10-09 23:01:22.823006|Download-1-0x00007fbe9a97a700|[g:1][SYNC][id:374bdfe9...][Download][BlockSync]Download block execute,number=184,txs=1,hash=22a8c2ae...
info|2025-10-09 23:01:22.823080|Download-1-0x00007fbe9a97a700|[g:1][BLOCKVERIFIER][executeBlock]Executing block,txNum=1,num=184,parentHash=84b9e5d996bf7a5eb7a7af1e23a8308230a576a20d5c81a92b78a013e510177d,parentNum=183,parentStateRoot=193aa4e3ddcabc3eb1c4bc64eca338693c126abd7770f253f6dd6e3fee2170ea
info|2025-10-09 23:01:22.823436|Download-1-0x00007fbe9a97a700|[g:1][PRECOMPILED]init GasChargeManagePrecompiled
info|2025-10-09 23:01:22.824150|Download-1-0x00007fbe9a97a700|[g:1][PRECOMPILED][TimerPrecompiled]getCurrentTimeMillis,timeMillis=1760076082824
error|2025-10-09 23:01:22.824284|Download-1-0x00007fbe9a97a700|[g:1][PRECOMPILED]SM2EncryptPrecompiled exception:Unknown function
error|2025-10-09 23:01:22.824369|Download-1-0x00007fbe9a97a700|[g:1][EXECUTIVECONTEXT]PrecompiledException,address=000000000000000000000000000000000000500b,message:=Unknown function
error|2025-10-09 23:01:22.824426|Download-1-0x00007fbe9a97a700|[g:1][EXECUTIVE][TxExeError]Transaction execution error,TransactionExceptionID=22,hash=34fcf37998bfab32d1354d28f63091611b3b7e8622725266293468c69156e50d
error|2025-10-09 23:01:22.824710|Download-1-0x00007fbe9a97a700|[g:1][BLOCKVERIFIER]Invalid Block with bad stateRoot or receiptRoot or dbHash,blkNum=184,originHash=22a8c2ae...,curHash=d70f1cff...,orgReceipt=ed245b8c...,curRecepit=8937e548...,orgTxRoot=2d8a5d62...,curTxRoot=2d8a5d62...,orgState=00000000...,curState=00000000...,orgDBHash=00000000...,curDBHash=00000000...
warning|2025-10-09 23:01:22.824859|Download-1-0x00007fbe9a97a700|[g:1][BLOCKVERIFIER][executeBlock]executeBlock exception,blockNumber=184
info|2025-10-09 23:01:23.187401|io_service-0x00007fbea7994700|[P2P][Service] heartBeat,connected count=3
info|2025-10-09 23:01:29.244939|Download-1-0x00007fbe9a97a700|[g:1][SYNC][id:374bdfe9...][Download][Request]Request blocks,from=184,to=184,peer=87d00b98...
info|2025-10-09 23:01:29.249642|Download-1-0x00007fbe9a97a700|[g:1][SYNC][id:374bdfe9...][Download][BlockSync]Download block execute,number=184,txs=1,hash=22a8c2ae...
info|2025-10-09 23:01:29.249676|Download-1-0x00007fbe9a97a700|[g:1][BLOCKVERIFIER][executeBlock]Executing block,txNum=1,num=184,parentHash=84b9e5d996bf7a5eb7a7af1e23a8308230a576a20d5c81a92b78a013e510177d,parentNum=183,parentStateRoot=193aa4e3ddcabc3eb1c4bc64eca338693c126abd7770f253f6dd6e3fee2170ea
info|2025-10-09 23:01:29.249796|Download-1-0x00007fbe9a97a700|[g:1][PRECOMPILED]init GasChargeManagePrecompiled
info|2025-10-09 23:01:29.250070|Download-1-0x00007fbe9a97a700|[g:1][PRECOMPILED][TimerPrecompiled]getCurrentTimeMillis,timeMillis=1760076089250
error|2025-10-09 23:01:29.250163|Download-1-0x00007fbe9a97a700|[g:1][PRECOMPILED]SM2EncryptPrecompiled exception:Unknown function
error|2025-10-09 23:01:29.250199|Download-1-0x00007fbe9a97a700|[g:1][EXECUTIVECONTEXT]PrecompiledException,address=000000000000000000000000000000000000500b,message:=Unknown function
error|2025-10-09 23:01:29.250229|Download-1-0x00007fbe9a97a700|[g:1][EXECUTIVE][TxExeError]Transaction execution error,TransactionExceptionID=22,hash=34fcf37998bfab32d1354d28f63091611b3b7e8622725266293468c69156e50d
error|2025-10-09 23:01:29.250362|Download-1-0x00007fbe9a97a700|[g:1][BLOCKVERIFIER]Invalid Block with bad stateRoot or receiptRoot or dbHash,blkNum=184,originHash=22a8c2ae...,curHash=d70f1cff...,orgReceipt=ed245b8c...,curRecepit=8937e548...,orgTxRoot=2d8a5d62...,curTxRoot=2d8a5d62...,orgState=00000000...,curState=00000000...,orgDBHash=00000000...,curDBHash=00000000...
warning|2025-10-09 23:01:29.250448|Download-1-0x00007fbe9a97a700|[g:1][BLOCKVERIFIER][executeBlock]executeBlock exception,blockNumber=184
info|2025-10-09 23:01:33.187696|io_service-0x00007fbea7994700|[P2P][Service] heartBeat,connected count=3
info|2025-10-09 23:01:35.647015|Download-1-0x00007fbe9a97a700|[g:1][SYNC][id:374bdfe9...][Download][Request]Request blocks,from=184,to=184,peer=87d00b98...
info|2025-10-09 23:01:35.651694|Download-1-0x00007fbe9a97a700|[g:1][SYNC][id:374bdfe9...][Download][BlockSync]Download block execute,number=184,txs=1,hash=22a8c2ae...
info|2025-10-09 23:01:35.651740|Download-1-0x00007fbe9a97a700|[g:1][BLOCKVERIFIER][executeBlock]Executing block,txNum=1,num=184,parentHash=84b9e5d996bf7a5eb7a7af1e23a8308230a576a20d5c81a92b78a013e510177d,parentNum=183,parentStateRoot=193aa4e3ddcabc3eb1c4bc64eca338693c126abd7770f253f6dd6e3fee2170ea
info|2025-10-09 23:01:35.651919|Download-1-0x00007fbe9a97a700|[g:1][PRECOMPILED]init GasChargeManagePrecompiled
info|2025-10-09 23:01:35.652294|Download-1-0x00007fbe9a97a700|[g:1][PRECOMPILED][TimerPrecompiled]getCurrentTimeMillis,timeMillis=1760076095652
error|2025-10-09 23:01:35.652399|Download-1-0x00007fbe9a97a700|[g:1][PRECOMPILED]SM2EncryptPrecompiled exception:Unknown function
error|2025-10-09 23:01:35.652424|Download-1-0x00007fbe9a97a700|[g:1][EXECUTIVECONTEXT]PrecompiledException,address=000000000000000000000000000000000000500b,message:=Unknown function
error|2025-10-09 23:01:35.652455|Download-1-0x00007fbe9a97a700|[g:1][EXECUTIVE][TxExeError]Transaction execution error,TransactionExceptionID=22,hash=34fcf37998bfab32d1354d28f63091611b3b7e8622725266293468c69156e50d
error|2025-10-09 23:01:35.652593|Download-1-0x00007fbe9a97a700|[g:1][BLOCKVERIFIER]Invalid Block with bad stateRoot or receiptRoot or dbHash,blkNum=184,originHash=22a8c2ae...,curHash=d70f1cff...,orgReceipt=ed245b8c...,curRecepit=8937e548...,orgTxRoot=2d8a5d62...,curTxRoot=2d8a5d62...,orgState=00000000...,curState=00000000...,orgDBHash=00000000...,curDBHash=00000000...
warning|2025-10-09 23:01:35.652690|Download-1-0x00007fbe9a97a700|[g:1][BLOCKVERIFIER][executeBlock]executeBlock exception,blockNumber=184
info|2025-10-09 23:01:42.051007|Download-1-0x00007fbe9a97a700|[g:1][SYNC][id:374bdfe9...][Download][Request]Request blocks,from=184,to=184,peer=73994dae...
info|2025-10-09 23:01:42.055140|Download-1-0x00007fbe9a97a700|[g:1][SYNC][id:374bdfe9...][Download][BlockSync]Download block execute,number=184,txs=1,hash=22a8c2ae...
info|2025-10-09 23:01:42.055179|Download-1-0x00007fbe9a97a700|[g:1][BLOCKVERIFIER][executeBlock]Executing block,txNum=1,num=184,parentHash=84b9e5d996bf7a5eb7a7af1e23a8308230a576a20d5c81a92b78a013e510177d,parentNum=183,parentStateRoot=193aa4e3ddcabc3eb1c4bc64eca338693c126abd7770f253f6dd6e3fee2170ea
info|2025-10-09 23:01:42.055328|Download-1-0x00007fbe9a97a700|[g:1][PRECOMPILED]init GasChargeManagePrecompiled
info|2025-10-09 23:01:42.055622|Download-1-0x00007fbe9a97a700|[g:1][PRECOMPILED][TimerPrecompiled]getCurrentTimeMillis,timeMillis=1760076102055
error|2025-10-09 23:01:42.055712|Download-1-0x00007fbe9a97a700|[g:1][PRECOMPILED]SM2EncryptPrecompiled exception:Unknown function
error|2025-10-09 23:01:42.055730|Download-1-0x00007fbe9a97a700|[g:1][EXECUTIVECONTEXT]PrecompiledException,address=000000000000000000000000000000000000500b,message:=Unknown function
error|2025-10-09 23:01:42.055756|Download-1-0x00007fbe9a97a700|[g:1][EXECUTIVE][TxExeError]Transaction execution error,TransactionExceptionID=22,hash=34fcf37998bfab32d1354d28f63091611b3b7e8622725266293468c69156e50d
error|2025-10-09 23:01:42.055909|Download-1-0x00007fbe9a97a700|[g:1][BLOCKVERIFIER]Invalid Block with bad stateRoot or receiptRoot or dbHash,blkNum=184,originHash=22a8c2ae...,curHash=d70f1cff...,orgReceipt=ed245b8c...,curRecepit=8937e548...,orgTxRoot=2d8a5d62...,curTxRoot=2d8a5d62...,orgState=00000000...,curState=00000000...,orgDBHash=00000000...,curDBHash=00000000...
warning|2025-10-09 23:01:42.055994|Download-1-0x00007fbe9a97a700|[g:1][BLOCKVERIFIER][executeBlock]executeBlock exception,blockNumber=184
info|2025-10-09 23:01:43.188324|io_service-0x00007fbea7994700|[P2P][Service] heartBeat,connected count=3
info|2025-10-09 23:01:48.454414|Download-1-0x00007fbe9a97a700|[g:1][SYNC][id:374bdfe9...][Download][Request]Request blocks,from=184,to=184,peer=87d00b98...
info|2025-10-09 23:01:48.503572|Download-1-0x00007fbe9a97a700|[g:1][SYNC][id:374bdfe9...][Download][BlockSync]Download block execute,number=184,txs=1,hash=22a8c2ae...
info|2025-10-09 23:01:48.503622|Download-1-0x00007fbe9a97a700|[g:1][BLOCKVERIFIER][executeBlock]Executing block,txNum=1,num=184,parentHash=84b9e5d996bf7a5eb7a7af1e23a8308230a576a20d5c81a92b78a013e510177d,parentNum=183,parentStateRoot=193aa4e3ddcabc3eb1c4bc64eca338693c126abd7770f253f6dd6e3fee2170ea
info|2025-10-09 23:01:48.503807|Download-1-0x00007fbe9a97a700|[g:1][PRECOMPILED]init GasChargeManagePrecompiled
info|2025-10-09 23:01:48.504203|Download-1-0x00007fbe86151700|[PRECOMPILED][TimerPrecompiled]getCurrentTimeMillis,timeMillis=1760076108504
error|2025-10-09 23:01:48.504299|Download-1-0x00007fbe86151700|[PRECOMPILED]SM2EncryptPrecompiled exception:Unknown function
error|2025-10-09 23:01:48.504344|Download-1-0x00007fbe86151700|[EXECUTIVECONTEXT]PrecompiledException,address=000000000000000000000000000000000000500b,message:=Unknown function
error|2025-10-09 23:01:48.504381|Download-1-0x00007fbe86151700|[EXECUTIVE][TxExeError]Transaction execution error,TransactionExceptionID=22,hash=34fcf37998bfab32d1354d28f63091611b3b7e8622725266293468c69156e50d
error|2025-10-09 23:01:48.504655|Download-1-0x00007fbe9a97a700|[g:1][BLOCKVERIFIER]Invalid Block with bad stateRoot or receiptRoot or dbHash,blkNum=184,originHash=22a8c2ae...,curHash=d70f1cff...,orgReceipt=ed245b8c...,curRecepit=8937e548...,orgTxRoot=2d8a5d62...,curTxRoot=2d8a5d62...,orgState=00000000...,curState=00000000...,orgDBHash=00000000...,curDBHash=00000000...
warning|2025-10-09 23:01:48.504775|Download-1-0x00007fbe9a97a700|[g:1][BLOCKVERIFIER][executeBlock]executeBlock exception,blockNumber=184
info|2025-10-09 23:01:53.188486|io_service-0x00007fbea7994700|[P2P][Service] heartBeat,connected count=3
info|2025-10-09 23:01:54.903268|Download-1-0x00007fbe9a97a700|[g:1][SYNC][id:374bdfe9...][Download][Request]Request blocks,from=184,to=184,peer=064cb676...
info|2025-10-09 23:01:54.907068|Download-1-0x00007fbe9a97a700|[g:1][SYNC][id:374bdfe9...][Download][BlockSync]Download block execute,number=184,txs=1,hash=22a8c2ae...
info|2025-10-09 23:01:54.907097|Download-1-0x00007fbe9a97a700|[g:1][BLOCKVERIFIER][executeBlock]Executing block,txNum=1,num=184,parentHash=84b9e5d996bf7a5eb7a7af1e23a8308230a576a20d5c81a92b78a013e510177d,parentNum=183,parentStateRoot=193aa4e3ddcabc3eb1c4bc64eca338693c126abd7770f253f6dd6e3fee2170ea
info|2025-10-09 23:01:54.907227|Download-1-0x00007fbe9a97a700|[g:1][PRECOMPILED]init GasChargeManagePrecompiled
info|2025-10-09 23:01:54.907663|Download-1-0x00007fbe86151700|[PRECOMPILED][TimerPrecompiled]getCurrentTimeMillis,timeMillis=1760076114907
error|2025-10-09 23:01:54.907751|Download-1-0x00007fbe86151700|[PRECOMPILED]SM2EncryptPrecompiled exception:Unknown function
error|2025-10-09 23:01:54.907769|Download-1-0x00007fbe86151700|[EXECUTIVECONTEXT]PrecompiledException,address=000000000000000000000000000000000000500b,message:=Unknown function
error|2025-10-09 23:01:54.907798|Download-1-0x00007fbe86151700|[EXECUTIVE][TxExeError]Transaction execution error,TransactionExceptionID=22,hash=34fcf37998bfab32d1354d28f63091611b3b7e8622725266293468c69156e50d
error|2025-10-09 23:01:54.908106|Download-1-0x00007fbe9a97a700|[g:1][BLOCKVERIFIER]Invalid Block with bad stateRoot or receiptRoot or dbHash,blkNum=184,originHash=22a8c2ae...,curHash=d70f1cff...,orgReceipt=ed245b8c...,curRecepit=8937e548...,orgTxRoot=2d8a5d62...,curTxRoot=2d8a5d62...,orgState=00000000...,curState=00000000...,orgDBHash=00000000...,curDBHash=00000000...
warning|2025-10-09 23:01:54.908221|Download-1-0x00007fbe9a97a700|[g:1][BLOCKVERIFIER][executeBlock]executeBlock exception,blockNumber=184
info|2025-10-09 23:02:01.405671|Download-1-0x00007fbe9a97a700|[g:1][SYNC][id:374bdfe9...][Download][Request]Request blocks,from=184,to=184,peer=73994dae...
info|2025-10-09 23:02:01.409297|Download-1-0x00007fbe9a97a700|[g:1][SYNC][id:374bdfe9...][Download][BlockSync]Download block execute,number=184,txs=1,hash=22a8c2ae...
info|2025-10-09 23:02:01.409335|Download-1-0x00007fbe9a97a700|[g:1][BLOCKVERIFIER][executeBlock]Executing block,txNum=1,num=184,parentHash=84b9e5d996bf7a5eb7a7af1e23a8308230a576a20d5c81a92b78a013e510177d,parentNum=183,parentStateRoot=193aa4e3ddcabc3eb1c4bc64eca338693c126abd7770f253f6dd6e3fee2170ea
info|2025-10-09 23:02:01.409505|Download-1-0x00007fbe9a97a700|[g:1][PRECOMPILED]init GasChargeManagePrecompiled
info|2025-10-09 23:02:01.409835|Download-1-0x00007fbe86151700|[PRECOMPILED][TimerPrecompiled]getCurrentTimeMillis,timeMillis=1760076121409
error|2025-10-09 23:02:01.409896|Download-1-0x00007fbe86151700|[PRECOMPILED]SM2EncryptPrecompiled exception:Unknown function
error|2025-10-09 23:02:01.409915|Download-1-0x00007fbe86151700|[EXECUTIVECONTEXT]PrecompiledException,address=000000000000000000000000000000000000500b,message:=Unknown function
error|2025-10-09 23:02:01.409940|Download-1-0x00007fbe86151700|[EXECUTIVE][TxExeError]Transaction execution error,TransactionExceptionID=22,hash=34fcf37998bfab32d1354d28f63091611b3b7e8622725266293468c69156e50d
error|2025-10-09 23:02:01.410169|Download-1-0x00007fbe9a97a700|[g:1][BLOCKVERIFIER]Invalid Block with bad stateRoot or receiptRoot or dbHash,blkNum=184,originHash=22a8c2ae...,curHash=d70f1cff...,orgReceipt=ed245b8c...,curRecepit=8937e548...,orgTxRoot=2d8a5d62...,curTxRoot=2d8a5d62...,orgState=00000000...,curState=00000000...,orgDBHash=00000000...,curDBHash=00000000...
warning|2025-10-09 23:02:01.410268|Download-1-0x00007fbe9a97a700|[g:1][BLOCKVERIFIER][executeBlock]executeBlock exception,blockNumber=184
info|2025-10-09 23:02:03.188717|io_service-0x00007fbea7994700|[P2P][Service] heartBeat,connected count=3
info|2025-10-09 23:02:07.872693|Download-1-0x00007fbe9a97a700|[g:1][SYNC][id:374bdfe9...][Download][Request]Request blocks,from=184,to=184,peer=87d00b98...
info|2025-10-09 23:02:07.876904|Download-1-0x00007fbe9a97a700|[g:1][SYNC][id:374bdfe9...][Download][BlockSync]Download block execute,number=184,txs=1,hash=22a8c2ae...
info|2025-10-09 23:02:07.876966|Download-1-0x00007fbe9a97a700|[g:1][BLOCKVERIFIER][executeBlock]Executing block,txNum=1,num=184,parentHash=84b9e5d996bf7a5eb7a7af1e23a8308230a576a20d5c81a92b78a013e510177d,parentNum=183,parentStateRoot=193aa4e3ddcabc3eb1c4bc64eca338693c126abd7770f253f6dd6e3fee2170ea
info|2025-10-09 23:02:07.877154|Download-1-0x00007fbe9a97a700|[g:1][PRECOMPILED]init GasChargeManagePrecompiled
info|2025-10-09 23:02:07.877603|Download-1-0x00007fbe9a97a700|[g:1][PRECOMPILED][TimerPrecompiled]getCurrentTimeMillis,timeMillis=1760076127877
error|2025-10-09 23:02:07.877771|Download-1-0x00007fbe9a97a700|[g:1][PRECOMPILED]SM2EncryptPrecompiled exception:Unknown function
error|2025-10-09 23:02:07.877843|Download-1-0x00007fbe9a97a700|[g:1][EXECUTIVECONTEXT]PrecompiledException,address=000000000000000000000000000000000000500b,message:=Unknown function
error|2025-10-09 23:02:07.877899|Download-1-0x00007fbe9a97a700|[g:1][EXECUTIVE][TxExeError]Transaction execution error,TransactionExceptionID=22,hash=34fcf37998bfab32d1354d28f63091611b3b7e8622725266293468c69156e50d
error|2025-10-09 23:02:07.878134|Download-1-0x00007fbe9a97a700|[g:1][BLOCKVERIFIER]Invalid Block with bad stateRoot or receiptRoot or dbHash,blkNum=184,originHash=22a8c2ae...,curHash=d70f1cff...,orgReceipt=ed245b8c...,curRecepit=8937e548...,orgTxRoot=2d8a5d62...,curTxRoot=2d8a5d62...,orgState=00000000...,curState=00000000...,orgDBHash=00000000...,curDBHash=00000000...
warning|2025-10-09 23:02:07.878251|Download-1-0x00007fbe9a97a700|[g:1][BLOCKVERIFIER][executeBlock]executeBlock exception,blockNumber=184
warning|2025-10-09 23:02:11.135750|PBFT-1-0x00007fbe8d960700|[g:1][CONSENSUS][PBFT]ViewChangeWarning: not caused by omit empty block ,v=0,toV=8,curNum=183,hash=84b9e5d9...,nodeIdx=1,myNode=374bdfe9...
info|2025-10-09 23:02:11.135917|PBFT-1-0x00007fbe8d960700|[g:1][CONSENSUS][PBFT]checkTimeout Succ,view=0,toView=8,nodeIdx=1,changeCycle=8,myNode=374bdfe9...,timecost=1
info|2025-10-09 23:02:13.189604|io_service-0x00007fbea7994700|[P2P][Service] heartBeat,connected count=3
info|2025-10-09 23:02:14.281140|Download-1-0x00007fbe9a97a700|[g:1][SYNC][id:374bdfe9...][Download][Request]Request blocks,from=184,to=184,peer=73994dae...
info|2025-10-09 23:02:14.285104|Download-1-0x00007fbe9a97a700|[g:1][SYNC][id:374bdfe9...][Download][BlockSync]Download block execute,number=184,txs=1,hash=22a8c2ae...
info|2025-10-09 23:02:14.285126|Download-1-0x00007fbe9a97a700|[g:1][BLOCKVERIFIER][executeBlock]Executing block,txNum=1,num=184,parentHash=84b9e5d996bf7a5eb7a7af1e23a8308230a576a20d5c81a92b78a013e510177d,parentNum=183,parentStateRoot=193aa4e3ddcabc3eb1c4bc64eca338693c126abd7770f253f6dd6e3fee2170ea
info|2025-10-09 23:02:14.285258|Download-1-0x00007fbe9a97a700|[g:1][PRECOMPILED]init GasChargeManagePrecompiled
info|2025-10-09 23:02:14.285590|Download-1-0x00007fbe86151700|[PRECOMPILED][TimerPrecompiled]getCurrentTimeMillis,timeMillis=1760076134285
error|2025-10-09 23:02:14.285683|Download-1-0x00007fbe86151700|[PRECOMPILED]SM2EncryptPrecompiled exception:Unknown function
error|2025-10-09 23:02:14.285745|Download-1-0x00007fbe86151700|[EXECUTIVECONTEXT]PrecompiledException,address=000000000000000000000000000000000000500b,message:=Unknown function
error|2025-10-09 23:02:14.285778|Download-1-0x00007fbe86151700|[EXECUTIVE][TxExeError]Transaction execution error,TransactionExceptionID=22,hash=34fcf37998bfab32d1354d28f63091611b3b7e8622725266293468c69156e50d
error|2025-10-09 23:02:14.286030|Download-1-0x00007fbe9a97a700|[g:1][BLOCKVERIFIER]Invalid Block with bad stateRoot or receiptRoot or dbHash,blkNum=184,originHash=22a8c2ae...,curHash=d70f1cff...,orgReceipt=ed245b8c...,curRecepit=8937e548...,orgTxRoot=2d8a5d62...,curTxRoot=2d8a5d62...,orgState=00000000...,curState=00000000...,orgDBHash=00000000...,curDBHash=00000000...
warning|2025-10-09 23:02:14.286124|Download-1-0x00007fbe9a97a700|[g:1][BLOCKVERIFIER][executeBlock]executeBlock exception,blockNumber=184
info|2025-10-09 23:02:20.683570|Download-1-0x00007fbe9a97a700|[g:1][SYNC][id:374bdfe9...][Download][Request]Request blocks,from=184,to=184,peer=73994dae...
info|2025-10-09 23:02:20.688322|Download-1-0x00007fbe9a97a700|[g:1][SYNC][id:374bdfe9...][Download][BlockSync]Download block execute,number=184,txs=1,hash=22a8c2ae...
info|2025-10-09 23:02:20.688400|Download-1-0x00007fbe9a97a700|[g:1][BLOCKVERIFIER][executeBlock]Executing block,txNum=1,num=184,parentHash=84b9e5d996bf7a5eb7a7af1e23a8308230a576a20d5c81a92b78a013e510177d,parentNum=183,parentStateRoot=193aa4e3ddcabc3eb1c4bc64eca338693c126abd7770f253f6dd6e3fee2170ea
info|2025-10-09 23:02:20.688549|Download-1-0x00007fbe9a97a700|[g:1][PRECOMPILED]init GasChargeManagePrecompiled
info|2025-10-09 23:02:20.688850|Download-1-0x00007fbe9a97a700|[g:1][PRECOMPILED][TimerPrecompiled]getCurrentTimeMillis,timeMillis=1760076140688
error|2025-10-09 23:02:20.688967|Download-1-0x00007fbe9a97a700|[g:1][PRECOMPILED]SM2EncryptPrecompiled exception:Unknown function
error|2025-10-09 23:02:20.689015|Download-1-0x00007fbe9a97a700|[g:1][EXECUTIVECONTEXT]PrecompiledException,address=000000000000000000000000000000000000500b,message:=Unknown function
error|2025-10-09 23:02:20.689054|Download-1-0x00007fbe9a97a700|[g:1][EXECUTIVE][TxExeError]Transaction execution error,TransactionExceptionID=22,hash=34fcf37998bfab32d1354d28f63091611b3b7e8622725266293468c69156e50d
error|2025-10-09 23:02:20.689212|Download-1-0x00007fbe9a97a700|[g:1][BLOCKVERIFIER]Invalid Block with bad stateRoot or receiptRoot or dbHash,blkNum=184,originHash=22a8c2ae...,curHash=d70f1cff...,orgReceipt=ed245b8c...,curRecepit=8937e548...,orgTxRoot=2d8a5d62...,curTxRoot=2d8a5d62...,orgState=00000000...,curState=00000000...,orgDBHash=00000000...,curDBHash=00000000...
warning|2025-10-09 23:02:20.689300|Download-1-0x00007fbe9a97a700|[g:1][BLOCKVERIFIER][executeBlock]executeBlock exception,blockNumber=184
info|2025-10-09 23:02:23.190269|io_service-0x00007fbea7994700|[P2P][Service] heartBeat,connected count=3
info|2025-10-09 23:02:27.091007|Download-1-0x00007fbe9a97a700|[g:1][SYNC][id:374bdfe9...][Download][Request]Request blocks,from=184,to=184,peer=73994dae...
info|2025-10-09 23:02:27.096729|Download-1-0x00007fbe9a97a700|[g:1][SYNC][id:374bdfe9...][Download][BlockSync]Download block execute,number=184,txs=1,hash=22a8c2ae...
info|2025-10-09 23:02:27.096791|Download-1-0x00007fbe9a97a700|[g:1][BLOCKVERIFIER][executeBlock]Executing block,txNum=1,num=184,parentHash=84b9e5d996bf7a5eb7a7af1e23a8308230a576a20d5c81a92b78a013e510177d,parentNum=183,parentStateRoot=193aa4e3ddcabc3eb1c4bc64eca338693c126abd7770f253f6dd6e3fee2170ea
info|2025-10-09 23:02:27.096942|Download-1-0x00007fbe9a97a700|[g:1][PRECOMPILED]init GasChargeManagePrecompiled
info|2025-10-09 23:02:27.099264|Download-1-0x00007fbe86151700|[PRECOMPILED][TimerPrecompiled]getCurrentTimeMillis,timeMillis=1760076147099
error|2025-10-09 23:02:27.099999|Download-1-0x00007fbe86151700|[PRECOMPILED]SM2EncryptPrecompiled exception:Unknown function
error|2025-10-09 23:02:27.100037|Download-1-0x00007fbe86151700|[EXECUTIVECONTEXT]PrecompiledException,address=000000000000000000000000000000000000500b,message:=Unknown function
error|2025-10-09 23:02:27.100071|Download-1-0x00007fbe86151700|[EXECUTIVE][TxExeError]Transaction execution error,TransactionExceptionID=22,hash=34fcf37998bfab32d1354d28f63091611b3b7e8622725266293468c69156e50d
error|2025-10-09 23:02:27.100285|Download-1-0x00007fbe9a97a700|[g:1][BLOCKVERIFIER]Invalid Block with bad stateRoot or receiptRoot or dbHash,blkNum=184,originHash=22a8c2ae...,curHash=d70f1cff...,orgReceipt=ed245b8c...,curRecepit=8937e548...,orgTxRoot=2d8a5d62...,curTxRoot=2d8a5d62...,orgState=00000000...,curState=00000000...,orgDBHash=00000000...,curDBHash=00000000...
warning|2025-10-09 23:02:27.100441|Download-1-0x00007fbe9a97a700|[g:1][BLOCKVERIFIER][executeBlock]executeBlock exception,blockNumber=184
info|2025-10-09 23:02:33.190785|io_service-0x00007fbea7994700|[P2P][Service] heartBeat,connected count=3
info|2025-10-09 23:02:33.495204|Download-1-0x00007fbe9a97a700|[g:1][SYNC][id:374bdfe9...][Download][Request]Request blocks,from=184,to=184,peer=73994dae...
info|2025-10-09 23:02:33.499354|Download-1-0x00007fbe9a97a700|[g:1][SYNC][id:374bdfe9...][Download][BlockSync]Download block execute,number=184,txs=1,hash=22a8c2ae...
info|2025-10-09 23:02:33.499396|Download-1-0x00007fbe9a97a700|[g:1][BLOCKVERIFIER][executeBlock]Executing block,txNum=1,num=184,parentHash=84b9e5d996bf7a5eb7a7af1e23a8308230a576a20d5c81a92b78a013e510177d,parentNum=183,parentStateRoot=193aa4e3ddcabc3eb1c4bc64eca338693c126abd7770f253f6dd6e3fee2170ea
info|2025-10-09 23:02:33.499794|Download-1-0x00007fbe9a97a700|[g:1][PRECOMPILED]init GasChargeManagePrecompiled
info|2025-10-09 23:02:33.500188|Download-1-0x00007fbe86151700|[PRECOMPILED][TimerPrecompiled]getCurrentTimeMillis,timeMillis=1760076153500
error|2025-10-09 23:02:33.500268|Download-1-0x00007fbe86151700|[PRECOMPILED]SM2EncryptPrecompiled exception:Unknown function
error|2025-10-09 23:02:33.500287|Download-1-0x00007fbe86151700|[EXECUTIVECONTEXT]PrecompiledException,address=000000000000000000000000000000000000500b,message:=Unknown function
error|2025-10-09 23:02:33.500312|Download-1-0x00007fbe86151700|[EXECUTIVE][TxExeError]Transaction execution error,TransactionExceptionID=22,hash=34fcf37998bfab32d1354d28f63091611b3b7e8622725266293468c69156e50d
error|2025-10-09 23:02:33.500638|Download-1-0x00007fbe9a97a700|[g:1][BLOCKVERIFIER]Invalid Block with bad stateRoot or receiptRoot or dbHash,blkNum=184,originHash=22a8c2ae...,curHash=d70f1cff...,orgReceipt=ed245b8c...,curRecepit=8937e548...,orgTxRoot=2d8a5d62...,curTxRoot=2d8a5d62...,orgState=00000000...,curState=00000000...,orgDBHash=00000000...,curDBHash=00000000...
warning|2025-10-09 23:02:33.500777|Download-1-0x00007fbe9a97a700|[g:1][BLOCKVERIFIER][executeBlock]executeBlock exception,blockNumber=184
info|2025-10-09 23:02:40.045076|Download-1-0x00007fbe9a97a700|[g:1][SYNC][id:374bdfe9...][Download][Request]Request blocks,from=184,to=184,peer=73994dae...
info|2025-10-09 23:02:40.048825|Download-1-0x00007fbe9a97a700|[g:1][SYNC][id:374bdfe9...][Download][BlockSync]Download block execute,number=184,txs=1,hash=22a8c2ae...
info|2025-10-09 23:02:40.048867|Download-1-0x00007fbe9a97a700|[g:1][BLOCKVERIFIER][executeBlock]Executing block,txNum=1,num=184,parentHash=84b9e5d996bf7a5eb7a7af1e23a8308230a576a20d5c81a92b78a013e510177d,parentNum=183,parentStateRoot=193aa4e3ddcabc3eb1c4bc64eca338693c126abd7770f253f6dd6e3fee2170ea
info|2025-10-09 23:02:40.049027|Download-1-0x00007fbe9a97a700|[g:1][PRECOMPILED]init GasChargeManagePrecompiled
info|2025-10-09 23:02:40.049358|Download-1-0x00007fbe86151700|[PRECOMPILED][TimerPrecompiled]getCurrentTimeMillis,timeMillis=1760076160049
error|2025-10-09 23:02:40.049457|Download-1-0x00007fbe86151700|[PRECOMPILED]SM2EncryptPrecompiled exception:Unknown function
error|2025-10-09 23:02:40.049497|Download-1-0x00007fbe86151700|[EXECUTIVECONTEXT]PrecompiledException,address=000000000000000000000000000000000000500b,message:=Unknown function
error|2025-10-09 23:02:40.049527|Download-1-0x00007fbe86151700|[EXECUTIVE][TxExeError]Transaction execution error,TransactionExceptionID=22,hash=34fcf37998bfab32d1354d28f63091611b3b7e8622725266293468c69156e50d
error|2025-10-09 23:02:40.049794|Download-1-0x00007fbe9a97a700|[g:1][BLOCKVERIFIER]Invalid Block with bad stateRoot or receiptRoot or dbHash,blkNum=184,originHash=22a8c2ae...,curHash=d70f1cff...,orgReceipt=ed245b8c...,curRecepit=8937e548...,orgTxRoot=2d8a5d62...,curTxRoot=2d8a5d62...,orgState=00000000...,curState=00000000...,orgDBHash=00000000...,curDBHash=00000000...
warning|2025-10-09 23:02:40.049934|Download-1-0x00007fbe9a97a700|[g:1][BLOCKVERIFIER][executeBlock]executeBlock exception,blockNumber=184
info|2025-10-09 23:02:43.191270|io_service-0x00007fbea7994700|[P2P][Service] heartBeat,connected count=3
info|2025-10-09 23:02:46.503455|Download-1-0x00007fbe9a97a700|[g:1][SYNC][id:374bdfe9...][Download][Request]Request blocks,from=184,to=184,peer=87d00b98...
info|2025-10-09 23:02:46.509350|Download-1-0x00007fbe9a97a700|[g:1][SYNC][id:374bdfe9...][Download][BlockSync]Download block execute,number=184,txs=1,hash=22a8c2ae...
info|2025-10-09 23:02:46.509406|Download-1-0x00007fbe9a97a700|[g:1][BLOCKVERIFIER][executeBlock]Executing block,txNum=1,num=184,parentHash=84b9e5d996bf7a5eb7a7af1e23a8308230a576a20d5c81a92b78a013e510177d,parentNum=183,parentStateRoot=193aa4e3ddcabc3eb1c4bc64eca338693c126abd7770f253f6dd6e3fee2170ea
info|2025-10-09 23:02:46.509558|Download-1-0x00007fbe9a97a700|[g:1][PRECOMPILED]init GasChargeManagePrecompiled
info|2025-10-09 23:02:46.510033|Download-1-0x00007fbe86151700|[PRECOMPILED][TimerPrecompiled]getCurrentTimeMillis,timeMillis=1760076166510
error|2025-10-09 23:02:46.510126|Download-1-0x00007fbe86151700|[PRECOMPILED]SM2EncryptPrecompiled exception:Unknown function
error|2025-10-09 23:02:46.510163|Download-1-0x00007fbe86151700|[EXECUTIVECONTEXT]PrecompiledException,address=000000000000000000000000000000000000500b,message:=Unknown function
error|2025-10-09 23:02:46.510193|Download-1-0x00007fbe86151700|[EXECUTIVE][TxExeError]Transaction execution error,TransactionExceptionID=22,hash=34fcf37998bfab32d1354d28f63091611b3b7e8622725266293468c69156e50d
error|2025-10-09 23:02:46.510466|Download-1-0x00007fbe9a97a700|[g:1][BLOCKVERIFIER]Invalid Block with bad stateRoot or receiptRoot or dbHash,blkNum=184,originHash=22a8c2ae...,curHash=d70f1cff...,orgReceipt=ed245b8c...,curRecepit=8937e548...,orgTxRoot=2d8a5d62...,curTxRoot=2d8a5d62...,orgState=00000000...,curState=00000000...,orgDBHash=00000000...,curDBHash=00000000...
warning|2025-10-09 23:02:46.510589|Download-1-0x00007fbe9a97a700|[g:1][BLOCKVERIFIER][executeBlock]executeBlock exception,blockNumber=184
info|2025-10-09 23:02:46.616478|fisco-bcos-0x00007fbeaa70ddc0|[LEDGER]stop sealer,groupID=1
info|2025-10-09 23:02:46.616533|fisco-bcos-0x00007fbeaa70ddc0|[CONSENSUS][SEALER]Stop sealer module...
info|2025-10-09 23:02:46.625040|fisco-bcos-0x00007fbeaa70ddc0|[CONSENSUS][ConsensusEngine][Stop ConsensusEngineBase]
info|2025-10-09 23:02:46.627934|fisco-bcos-0x00007fbeaa70ddc0|[CONSENSUS][ConsensusEngine]ConsensusEngineBase stopped
info|2025-10-09 23:02:46.627957|fisco-bcos-0x00007fbeaa70ddc0|[LEDGER]sealer stopped. stop sync,groupID=1
info|2025-10-09 23:02:46.628972|fisco-bcos-0x00007fbeaa70ddc0|[g:1] [SYNC][id:374bdfe9...]SyncMsgEngine stopped
info|2025-10-09 23:02:46.804129|fisco-bcos-0x00007fbeaa70ddc0|[GossipBlockStatus]stop GossipBlockStatus succ
info|2025-10-09 23:02:47.713077|fisco-bcos-0x00007fbeaa70ddc0|[SYNC][id:374bdfe9...][g:1]SyncMaster stopped
info|2025-10-09 23:02:47.713117|fisco-bcos-0x00007fbeaa70ddc0|[LEDGER]sync stopped. stop event filter manager,groupID=1
info|2025-10-09 23:02:47.807641|fisco-bcos-0x00007fbeaa70ddc0|[EVENT][EventLogFilterManager]stop
info|2025-10-09 23:02:47.807668|fisco-bcos-0x00007fbeaa70ddc0|[LEDGER]event filter manager stopped. stop tx pool,groupID=1
info|2025-10-09 23:02:47.807948|fisco-bcos-0x00007fbeaa70ddc0|[LEDGER]removeNetworkStatHandlerByGroupID and removeGroupBandwidthLimiter for service,groupID=1
info|2025-10-09 23:02:47.807966|fisco-bcos-0x00007fbeaa70ddc0|[CHANNEL]removeSDKAllowListByGroupId,groupId=1
info|2025-10-09 23:02:47.807972|fisco-bcos-0x00007fbeaa70ddc0|[INITIALIZER]ledgerInitializer stopped
info|2025-10-09 23:02:48.529048|io_service-0x00007fbea7994700|[NETWORK][Session]doRead failed,endpoint=127.0.0.1:33024,message=short read (SSL routines, SSL routines)
info|2025-10-09 23:02:48.529118|io_service-0x00007fbea7994700|[NETWORK][Session]drop, call and erase all callbackFunc of the session!,endpoint=127.0.0.1:33024
info|2025-10-09 23:02:48.529147|io_service-0x00007fbea7994700|[NETWORK][Session][drop] closing remote 127.0.0.1:33024,reason=Low-level TCP communication failed.,endpoint=127.0.0.1:33024
info|2025-10-09 23:02:48.529308|io_service-0x00007fbea7994700|[NETWORK][Session]Session inactive
info|2025-10-09 23:02:48.529320|io_service-0x00007fbea7994700|[NETWORK][Session]Session inactive
info|2025-10-09 23:02:48.529329|io_service-0x00007fbea7994700|[NETWORK][Session][drop] shutdown failed ,code=9,message=Bad file descriptor
info|2025-10-09 23:02:48.529736|P2P-0x00007fbea9197700|[P2P][Service] disconnect inactive P2PSession,nodeID=73994dae...,endpoint=127.0.0.1:33024,code=3,what=Disconnect
info|2025-10-09 23:02:48.529791|P2P-0x00007fbea9197700|[P2P][Service] onDisconnect,code=3,what=Dynamic exception type: dev::network::NetworkException
std::exception::what: Disconnect
info|2025-10-09 23:02:48.552813|io_service-0x00007fbea7994700|[NETWORK][Session]doRead failed,endpoint=127.0.0.1:33016,message=short read (SSL routines, SSL routines)
info|2025-10-09 23:02:48.552904|io_service-0x00007fbea7994700|[NETWORK][Session]drop, call and erase all callbackFunc of the session!,endpoint=127.0.0.1:33016
info|2025-10-09 23:02:48.552920|io_service-0x00007fbea7994700|[NETWORK][Session][drop] closing remote 127.0.0.1:33016,reason=Low-level TCP communication failed.,endpoint=127.0.0.1:33016
info|2025-10-09 23:02:48.553021|io_service-0x00007fbea7994700|[NETWORK][Session]Session inactive
info|2025-10-09 23:02:48.553031|io_service-0x00007fbea7994700|[NETWORK][Session]Session inactive
info|2025-10-09 23:02:48.553036|io_service-0x00007fbea7994700|[NETWORK][Session][drop] shutdown failed ,code=9,message=Bad file descriptor
info|2025-10-09 23:02:48.553057|P2P-0x00007fbea8195700|[P2P][Service] disconnect inactive P2PSession,nodeID=87d00b98...,endpoint=127.0.0.1:33016,code=3,what=Disconnect
info|2025-10-09 23:02:48.553070|P2P-0x00007fbea8195700|[P2P][Service] onDisconnect,code=3,what=Dynamic exception type: dev::network::NetworkException
std::exception::what: Disconnect
info|2025-10-09 23:02:48.724911|io_service-0x00007fbea7994700|[NETWORK][Session]doRead failed,endpoint=127.0.0.1:30303,message=short read (SSL routines, SSL routines)
info|2025-10-09 23:02:48.724975|io_service-0x00007fbea7994700|[NETWORK][Session]drop, call and erase all callbackFunc of the session!,endpoint=127.0.0.1:30303
info|2025-10-09 23:02:48.725001|io_service-0x00007fbea7994700|[NETWORK][Session][drop] closing remote 127.0.0.1:30303,reason=Low-level TCP communication failed.,endpoint=127.0.0.1:30303
info|2025-10-09 23:02:48.725107|P2P-0x00007fbea8996700|[P2P][Service] disconnect inactive P2PSession,nodeID=064cb676...,endpoint=127.0.0.1:30303,code=3,what=Disconnect
info|2025-10-09 23:02:48.725124|io_service-0x00007fbea7994700|[NETWORK][Session]Session inactive
info|2025-10-09 23:02:48.725150|io_service-0x00007fbea7994700|[NETWORK][Session]Session inactive
info|2025-10-09 23:02:48.725156|io_service-0x00007fbea7994700|[NETWORK][Session][drop] shutdown failed ,code=9,message=Bad file descriptor
info|2025-10-09 23:02:48.725270|P2P-0x00007fbea8996700|[P2P][Service] onDisconnect,code=3,what=Dynamic exception type: dev::network::NetworkException
std::exception::what: Disconnect
info|2025-10-09 23:02:48.809137|fisco-bcos-0x00007fbeaa70ddc0|[INITIALIZER]ChannelRPCHttpServer deleted.
info|2025-10-09 23:02:48.809849|fisco-bcos-0x00007fbeaa70ddc0|[INITIALIZER]JsonrpcHttpServer deleted.
info|2025-10-09 23:02:48.809902|fisco-bcos-0x00007fbeaa70ddc0|[INITIALIZER]RPCInitializer stopped
info|2025-10-09 23:02:48.809970|io_service-0x00007fbea7994700|[NETWORK][Host]Host exit
info|2025-10-09 23:02:48.810623|fisco-bcos-0x00007fbeaa70ddc0|[INITIALIZER]P2PInitializer stopped
info|2025-10-09 23:02:48.810676|fisco-bcos-0x00007fbeaa70ddc0|[LEDGER]stop sealer,groupID=1
info|2025-10-09 23:02:48.810689|fisco-bcos-0x00007fbeaa70ddc0|[LEDGER]sealer stopped. stop sync,groupID=1
info|2025-10-09 23:02:48.810701|fisco-bcos-0x00007fbeaa70ddc0|[g:1] [SYNC][id:374bdfe9...]SyncMsgEngine stopped
info|2025-10-09 23:02:48.810718|fisco-bcos-0x00007fbeaa70ddc0|[GossipBlockStatus]GossipBlockStatus already stopped
info|2025-10-09 23:02:48.810724|fisco-bcos-0x00007fbeaa70ddc0|[SYNC][id:374bdfe9...][g:1]SyncMaster stopped
info|2025-10-09 23:02:48.810731|fisco-bcos-0x00007fbeaa70ddc0|[LEDGER]sync stopped. stop event filter manager,groupID=1
info|2025-10-09 23:02:48.810739|fisco-bcos-0x00007fbeaa70ddc0|[LEDGER]event filter manager stopped. stop tx pool,groupID=1
info|2025-10-09 23:02:48.810749|fisco-bcos-0x00007fbeaa70ddc0|[LEDGER]removeNetworkStatHandlerByGroupID and removeGroupBandwidthLimiter for service,groupID=1
info|2025-10-09 23:02:48.810766|fisco-bcos-0x00007fbeaa70ddc0|[g:1][STORAGE][CachedStorage]Stopping flushStorage thread
info|2025-10-09 23:02:49.377534|fisco-bcos-0x00007fbeaa70ddc0|[g:1][STORAGE][CachedStorage]flushStorage thread stopped.
info|2025-10-09 23:02:49.377580|fisco-bcos-0x00007fbeaa70ddc0|[DBINITIALIZER] storage stopped
info|2025-10-09 23:02:49.378726|fisco-bcos-0x00007fbeaa70ddc0|[g:1] [SYNC][id:374bdfe9...]SyncMsgEngine stopped
info|2025-10-09 23:02:49.378781|fisco-bcos-0x00007fbeaa70ddc0|[GossipBlockStatus]GossipBlockStatus already stopped
info|2025-10-09 23:02:49.378792|fisco-bcos-0x00007fbeaa70ddc0|[SYNC][id:374bdfe9...][g:1]SyncMaster stopped
info|2025-10-09 23:02:49.378815|fisco-bcos-0x00007fbeaa70ddc0|[g:1] [SYNC][id:374bdfe9...]SyncMsgEngine stopped
