info|2025-10-10 02:21:31.651794|fisco-bcos-0x00007f3e2d160dc0|[INITIALIZER][initGlobalConfig],enableCompress=true,compatibilityVersion=2.11.0,versionNumber=34275328,enableStat=false,chainId=1,useSMCrypto=true,IgnoreObserverWriteRequest=false
info|2025-10-10 02:21:31.820176|fisco-bcos-0x00007f3e2d160dc0|[INITIALIZER][SecureInitializerGM]get pub of node,nodeID=374bdfe969e1d8ea1200ade93e5d8cf1a7d5741f238011004b0f43ca818706f194b2f067e1708125f7ffc536610b9a72addbd56b238d65f18912be39037ffcc5
info|2025-10-10 02:21:31.826634|fisco-bcos-0x00007f3e2d160dc0|[NETWORK][Host]Connecting to node,endpoint=127.0.0.1:30300
info|2025-10-10 02:21:31.826907|io_service-0x00007f3e2a3e7700|[NETWORK][Host]P2P StartAccept,Host=0.0.0.0:30301
info|2025-10-10 02:21:31.826956|fisco-bcos-0x00007f3e2d160dc0|[NETWORK][Host]Connecting to node,endpoint=127.0.0.1:30301
info|2025-10-10 02:21:31.827103|fisco-bcos-0x00007f3e2d160dc0|[NETWORK][Host]Connecting to node,endpoint=127.0.0.1:30302
info|2025-10-10 02:21:31.827184|fisco-bcos-0x00007f3e2d160dc0|[NETWORK][Host]Connecting to node,endpoint=127.0.0.1:30303
info|2025-10-10 02:21:31.827261|fisco-bcos-0x00007f3e2d160dc0|[P2P][Service] heartBeat,connected count=0
info|2025-10-10 02:21:31.827324|fisco-bcos-0x00007f3e2d160dc0|[INITIALIZER][RPCInitializer],network_security.check_cert_issuer=true
info|2025-10-10 02:21:31.828394|fisco-bcos-0x00007f3e2d160dc0|[CHANNEL][ChannelServer::run],threadPoolSize=8
info|2025-10-10 02:21:31.828515|fisco-bcos-0x00007f3e2d160dc0|[CHANNEL]ChannelRPCServer started
info|2025-10-10 02:21:31.828522|fisco-bcos-0x00007f3e2d160dc0|[INITIALIZER][RPCInitializer: ChannelRPCHttpServer started.],disableDynamicGroup=false,uncheckGroupMember=false,threadSize=8
info|2025-10-10 02:21:31.828532|fisco-bcos-0x00007f3e2d160dc0|[INITIALIZER][LedgerInitializer]initConfig
info|2025-10-10 02:21:31.828542|fisco-bcos-0x00007f3e2d160dc0|[LedgerInitializer],groupConfigPath=conf/
info|2025-10-10 02:21:31.831774|io_service-0x00007f3e2a3e7700|[NETWORK][ASIO]asyncResolveConnect,endpoint=127.0.0.1:30300
info|2025-10-10 02:21:31.831873|io_service-0x00007f3e2a3e7700|[NETWORK][ASIO]asyncResolveConnect,endpoint=127.0.0.1:30301
info|2025-10-10 02:21:31.831940|io_service-0x00007f3e2a3e7700|[NETWORK][ASIO]asyncResolveConnect,endpoint=127.0.0.1:30302
info|2025-10-10 02:21:31.832224|io_service-0x00007f3e2a3e7700|[NETWORK][ASIO]asyncResolveConnect,endpoint=127.0.0.1:30303
info|2025-10-10 02:21:31.832608|io_service-0x00007f3e2a3e7700|[NETWORK][Host]P2P Recv Connect, From=127.0.0.1:60910
info|2025-10-10 02:21:31.832776|io_service-0x00007f3e2a3e7700|[NETWORK][Host]P2P StartAccept,Host=0.0.0.0:30301
info|2025-10-10 02:21:31.848788|fisco-bcos-0x00007f3e2d160dc0|[INITIALIZER][initSingleLedger] [GroupId], LedgerConstructor:  1,configFileName=conf/group.1.genesis,dataDir=data/
info|2025-10-10 02:21:31.848943|fisco-bcos-0x00007f3e2d160dc0|[g:1][LedgerParam][parseGenesisConfig]initConsensusConfig/initStorageConfig/initTxConfig,configFile=conf/group.1.genesis
info|2025-10-10 02:21:31.848983|fisco-bcos-0x00007f3e2d160dc0|[g:1][LedgerParam][initConsensusConfig],type=pbft,consensusTimeout=3,maxTxNum=1000,txGasLimit=300000000
info|2025-10-10 02:21:31.849004|fisco-bcos-0x00007f3e2d160dc0|[g:1][LedgerParam][parsePublicKeyListOfSection],sectionName=consensus,it.first=73994dae9e8b8da733108a4153dfe79151d701dff425f84c87b5324e8ebd02ab6a0ebc9e4f1e0298a7ddca50f94a8f95c62b6997226d571e470e8f2b0600634a
info|2025-10-10 02:21:31.849017|fisco-bcos-0x00007f3e2d160dc0|[g:1][LedgerParam][parsePublicKeyListOfSection],sectionName=consensus,it.first=374bdfe969e1d8ea1200ade93e5d8cf1a7d5741f238011004b0f43ca818706f194b2f067e1708125f7ffc536610b9a72addbd56b238d65f18912be39037ffcc5
info|2025-10-10 02:21:31.849047|fisco-bcos-0x00007f3e2d160dc0|[g:1][LedgerParam][parsePublicKeyListOfSection],sectionName=consensus,it.first=87d00b98321fc70a5abc85ad9e80db10cce315194133697bf74aace1d3f8430957a766240f751752708f4282f46110d6ea56c3eb5d1c02ce98a66f327f595270
info|2025-10-10 02:21:31.849063|fisco-bcos-0x00007f3e2d160dc0|[g:1][LedgerParam][parsePublicKeyListOfSection],sectionName=consensus,it.first=064cb676a36047a4b52ecbf9c01664b1e987d91b438110ba6a12d96972726622e824d295b1de8b0298b5afe7bbbc0bd04a3890e1a36eae028c1cfbe07971b995
info|2025-10-10 02:21:31.849069|fisco-bcos-0x00007f3e2d160dc0|[g:1][LedgerParam][parsePublicKeyListOfSection],totalPubKeySize=4
info|2025-10-10 02:21:31.849101|fisco-bcos-0x00007f3e2d160dc0|[g:1][LedgerParam][max_block_range],maxBlockRange=0,maxBlockPerProcess=3
info|2025-10-10 02:21:31.849128|fisco-bcos-0x00007f3e2d160dc0|[g:1][LedgerParam][parseGenesisConfig],timestamp=1759762229000
info|2025-10-10 02:21:31.849142|fisco-bcos-0x00007f3e2d160dc0|[g:1][LedgerParam]setEVMFlags,enableFreeStorageVMSchedule=false,evmFlags=0
info|2025-10-10 02:21:31.849157|fisco-bcos-0x00007f3e2d160dc0|[g:1][LedgerParam]store evmFlag,evmFlag=0
info|2025-10-10 02:21:31.849162|fisco-bcos-0x00007f3e2d160dc0|[g:1][LedgerParam]store consensus time,consensusTimeout=3
info|2025-10-10 02:21:31.849167|fisco-bcos-0x00007f3e2d160dc0|[g:1][LedgerParam][initMark],genesisMark=1-064cb676a36047a4b52ecbf9c01664b1e987d91b438110ba6a12d96972726622e824d295b1de8b0298b5afe7bbbc0bd04a3890e1a36eae028c1cfbe07971b995,374bdfe969e1d8ea1200ade93e5d8cf1a7d5741f238011004b0f43ca818706f194b2f067e1708125f7ffc536610b9a72addbd56b238d65f18912be39037ffcc5,73994dae9e8b8da733108a4153dfe79151d701dff425f84c87b5324e8ebd02ab6a0ebc9e4f1e0298a7ddca50f94a8f95c62b6997226d571e470e8f2b0600634a,87d00b98321fc70a5abc85ad9e80db10cce315194133697bf74aace1d3f8430957a766240f751752708f4282f46110d6ea56c3eb5d1c02ce98a66f327f595270,-pbft-storage-0-1000-300000000-3
info|2025-10-10 02:21:31.849174|fisco-bcos-0x00007f3e2d160dc0|[g:1][LedgerParam][initIniConfig]initTxPoolConfig/initSyncConfig/initTxExecuteConfig,configFile=conf/group.1.ini
info|2025-10-10 02:21:31.849901|fisco-bcos-0x00007f3e2d160dc0|[g:1][LedgerParam][initStorageConfig],stateType=storage,storageDB=rocksdb,storagePath=data//group1/block/RocksDB,baseDir=data//group1,dbtype=mysql,dbip=127.0.0.1,dbport=3306,dbcharset=utf8mb4,initconnections=15,maxconnections=50,scrollThreshold=2000,enableReconfirmCommittee=false
info|2025-10-10 02:21:31.849949|fisco-bcos-0x00007f3e2d160dc0|[g:1][LedgerParam][initTxPoolConfig],txPoolLimit=150000,memorySizeLimit(MB)=512,notifyWorkerNum=2,txsExpirationTime(ms)=600000
info|2025-10-10 02:21:31.849961|fisco-bcos-0x00007f3e2d160dc0|[g:1][LedgerParam][initSyncConfig],idleWaitMs=200
info|2025-10-10 02:21:31.849970|fisco-bcos-0x00007f3e2d160dc0|[g:1][LedgerParam][initSyncConfig],enableSendTxsByTree=true,enableSendBlockStatusByTree=true
info|2025-10-10 02:21:31.849977|fisco-bcos-0x00007f3e2d160dc0|[g:1][LedgerParam][initSyncConfig],gossipInterval=1000
info|2025-10-10 02:21:31.849991|fisco-bcos-0x00007f3e2d160dc0|[g:1][LedgerParam][initSyncConfig],enableSendBlockStatusByTree=true,gossipInterval=1000,gossipPeers=3,syncTreeWidth=3,maxQueueSizeForBlockSync=536870912,txsStatusGossipMaxPeers=5,syncInfoPrintInterval=10,freeNodeRead=false
info|2025-10-10 02:21:31.849999|fisco-bcos-0x00007f3e2d160dc0|[g:1][LedgerParam][InitTxExecuteConfig],enableParallel=true
info|2025-10-10 02:21:31.850016|fisco-bcos-0x00007f3e2d160dc0|[g:1][LedgerParam][initConsensusIniConfig],maxTTL=2,minBlockGenerationTime=500,enablDynamicBlockSize=true,blockSizeIncreaseRatio=0.5,enableTTLOptimize=true,enablePrepareWithTxsHash=true
info|2025-10-10 02:21:31.850081|fisco-bcos-0x00007f3e2d160dc0|[g:1][LedgerParam][initRPBFTConsensusIniConfig],broadcastPrepareByTree=true,prepareStatusBroadcastPercent=33,maxRequestMissedTxsWaitTime=100,maxRequestPrepareWaitTime=100
info|2025-10-10 02:21:31.850114|fisco-bcos-0x00007f3e2d160dc0|[g:1][LedgerParam][initFlowControlConfig],maxQPS=9223372036854775807,outGoingBandwidth(Bytes)=9223372036854775807
info|2025-10-10 02:21:31.850139|fisco-bcos-0x00007f3e2d160dc0|[g:1][LedgerParam]parseSDKAllowList,sdkAllowList=[],enableSDKAllowListControl=false
info|2025-10-10 02:21:31.850159|fisco-bcos-0x00007f3e2d160dc0|[g:1][LEDGER][initLedger][DBInitializer]
info|2025-10-10 02:21:31.850164|fisco-bcos-0x00007f3e2d160dc0|[g:1][LEDGER]setSDKAllowList,groupId=1,sdkAllowListSize=0
info|2025-10-10 02:21:31.850169|fisco-bcos-0x00007f3e2d160dc0|[g:1][CHANNEL]registerSDKAllowListByGroupId,groupId=1,size=0
info|2025-10-10 02:21:31.850175|fisco-bcos-0x00007f3e2d160dc0|[g:1][CHANNEL]Disable group-level sdk permission control for sdk allowlist is empty
info|2025-10-10 02:21:31.850180|fisco-bcos-0x00007f3e2d160dc0|[g:1][DBINITIALIZER] [initStorageDB]
info|2025-10-10 02:21:31.850187|fisco-bcos-0x00007f3e2d160dc0|[g:1][DBINITIALIZER] [initRocksDBStorage]
info|2025-10-10 02:21:31.850220|fisco-bcos-0x00007f3e2d160dc0|[g:1][ROCKSDB]open rocksDB handler,path=data//group1/block/RocksDB
info|2025-10-10 02:21:31.868428|io_service-0x00007f3e2a3e7700|[NETWORK][Host]handshakeServer succ,remote endpoint=127.0.0.1:60910
info|2025-10-10 02:21:31.868549|io_service-0x00007f3e2a3e7700|[NETWORK][Host]startPeerSession, Remote=127.0.0.1:60910,local endpoint=127.0.0.1:30301,nodeID=374bdfe9...
info|2025-10-10 02:21:31.875208|io_service-0x00007f3e2a3e7700|[NETWORK][Host]handshakeClient succ,local endpoint=127.0.0.1:60910
info|2025-10-10 02:21:31.875264|io_service-0x00007f3e2a3e7700|[NETWORK][Host]startPeerSession, Remote=127.0.0.1:30301,local endpoint=127.0.0.1:60910,nodeID=374bdfe9...
info|2025-10-10 02:21:31.875365|io_service-0x00007f3e2a3e7700|[NETWORK][Host]handshakeClient succ,local endpoint=127.0.0.1:36090
info|2025-10-10 02:21:31.875410|io_service-0x00007f3e2a3e7700|[NETWORK][Host]startPeerSession, Remote=127.0.0.1:30303,local endpoint=127.0.0.1:36090,nodeID=064cb676...
info|2025-10-10 02:21:31.875508|io_service-0x00007f3e2a3e7700|[NETWORK][Host]handshakeClient succ,local endpoint=127.0.0.1:40324
info|2025-10-10 02:21:31.875574|io_service-0x00007f3e2a3e7700|[NETWORK][Host]startPeerSession, Remote=127.0.0.1:30302,local endpoint=127.0.0.1:40324,nodeID=87d00b98...
info|2025-10-10 02:21:31.875618|P2P-0x00007f3e2b3e9700|[P2P][Service] Connection established,nodeID=064cb676...,endpoint=127.0.0.1:30303
info|2025-10-10 02:21:31.875708|P2P-0x00007f3e2b3e9700|[P2P][Service] Connection established,nodeID=87d00b98...,endpoint=127.0.0.1:30302
info|2025-10-10 02:21:31.875873|io_service-0x00007f3e2a3e7700|[NETWORK][Host]handshakeClient succ,local endpoint=127.0.0.1:46732
info|2025-10-10 02:21:31.875921|io_service-0x00007f3e2a3e7700|[NETWORK][Host]startPeerSession, Remote=127.0.0.1:30300,local endpoint=127.0.0.1:46732,nodeID=73994dae...
info|2025-10-10 02:21:31.875978|P2P-0x00007f3e2abe8700|[P2P][Service] Connection established,nodeID=73994dae...,endpoint=127.0.0.1:30300
info|2025-10-10 02:21:31.936683|fisco-bcos-0x00007f3e2d160dc0|[g:1][g:1][STORAGE][CachedStorage]Init flushStorage thread
info|2025-10-10 02:21:31.936853|fisco-bcos-0x00007f3e2d160dc0|[g:1][DBINITIALIZER] [init CachedStorage],maxCapacity=32,maxForwardBlock=10
info|2025-10-10 02:21:31.936908|fisco-bcos-0x00007f3e2d160dc0|[g:1][LEDGER][initLedger][initBlockChain]
info|2025-10-10 02:21:31.937464|fisco-bcos-0x00007f3e2d160dc0|[g:1][LEDGER]set enableHexBlock to be false,version=34275328
info|2025-10-10 02:21:31.937527|fisco-bcos-0x00007f3e2d160dc0|[g:1][BLOCKCHAIN][#checkAndBuildGenesisBlock],shouldBuild=false
info|2025-10-10 02:21:31.938665|fisco-bcos-0x00007f3e2d160dc0|[g:1][BLOCKCHAIN][#checkAndBuildGenesisBlock]Already have the 0th block, 0th groupMark is equal to file groupMark.
info|2025-10-10 02:21:31.938706|fisco-bcos-0x00007f3e2d160dc0|[g:1][LEDGER][initLedger]initBlockChain SUCC
info|2025-10-10 02:21:31.938752|fisco-bcos-0x00007f3e2d160dc0|[g:1][DBINITIALIZER] [createStateFactory],type=storage
info|2025-10-10 02:21:31.938776|fisco-bcos-0x00007f3e2d160dc0|[g:1][DBINITIALIZER] createStorageState SUCC
info|2025-10-10 02:21:31.938781|fisco-bcos-0x00007f3e2d160dc0|[g:1][DBINITIALIZER] [createStateFactory SUCC]
info|2025-10-10 02:21:31.938785|fisco-bcos-0x00007f3e2d160dc0|[g:1][DBINITIALIZER] createExecutiveContext...
info|2025-10-10 02:21:31.938799|fisco-bcos-0x00007f3e2d160dc0|[g:1][LEDGER]createGasMetric,vmFlagType=0
info|2025-10-10 02:21:31.938804|fisco-bcos-0x00007f3e2d160dc0|[g:1][LEDGER]createGasMetric
info|2025-10-10 02:21:31.938812|fisco-bcos-0x00007f3e2d160dc0|[g:1][DBINITIALIZER] create precompiledGasFactory and precompiledResultFactory
info|2025-10-10 02:21:31.938815|fisco-bcos-0x00007f3e2d160dc0|[g:1][DBINITIALIZER] createExecutiveContext SUCC
info|2025-10-10 02:21:31.938819|fisco-bcos-0x00007f3e2d160dc0|[g:1][DBINITIALIZER] [setSyncNumForCachedStorage],syncNum=183
info|2025-10-10 02:21:31.938824|fisco-bcos-0x00007f3e2d160dc0|[g:1][LEDGER][initNetworkBandWidthLimiter: outGoingBandwidthLimit has been disabled],groupId=1
info|2025-10-10 02:21:31.938829|fisco-bcos-0x00007f3e2d160dc0|[g:1][LEDGER][QPSLimit has been disabled],groupId=1
info|2025-10-10 02:21:31.938833|fisco-bcos-0x00007f3e2d160dc0|[g:1][LEDGER][initLedger][initBlockVerifier]
info|2025-10-10 02:21:31.938840|fisco-bcos-0x00007f3e2d160dc0|[g:1][LEDGER][initLedger][initBlockVerifier SUCC],evmFlags=0
info|2025-10-10 02:21:31.938844|fisco-bcos-0x00007f3e2d160dc0|[g:1][LEDGER][initLedger][initTxPool],txPoolLimit=150000
info|2025-10-10 02:21:32.002987|fisco-bcos-0x00007f3e2d160dc0|[g:1][LEDGER][initLedger]initTxPool SUCC
info|2025-10-10 02:21:32.003011|fisco-bcos-0x00007f3e2d160dc0|[g:1][LEDGER][initLedger][initSync],idleWaitMs=200,gossipInterval=1000,gossipPeers=3
info|2025-10-10 02:21:32.003018|fisco-bcos-0x00007f3e2d160dc0|[g:1][LEDGER]Init sync master,enableSendBlockStatusByTree=true,enableSendTxsByTree=true
info|2025-10-10 02:21:32.003837|fisco-bcos-0x00007f3e2d160dc0|[g:1][LEDGER][initLedger]initSync SUCC
info|2025-10-10 02:21:32.003868|fisco-bcos-0x00007f3e2d160dc0|[g:1][LEDGER][initLedger][consensusInitFactory]
info|2025-10-10 02:21:32.003875|fisco-bcos-0x00007f3e2d160dc0|[g:1][LEDGER][initLedger][createPBFTSealer]
info|2025-10-10 02:21:32.003880|fisco-bcos-0x00007f3e2d160dc0|[g:1][LEDGER][initLedger][createPBFTSealer],baseDir=data//group1,Protocol=65544
info|2025-10-10 02:21:32.003932|fisco-bcos-0x00007f3e2d160dc0|[g:1][LEDGER][initLedger]createPBFTSealer for PBFT or rPBFT,consensusType=pbft
info|2025-10-10 02:21:32.003957|fisco-bcos-0x00007f3e2d160dc0|[g:1][LEDGER]createConsensusEngine: create PBFTEngine
info|2025-10-10 02:21:32.003968|fisco-bcos-0x00007f3e2d160dc0|[g:1][CONSENSUS][PBFT]Register handler for PBFTEngine
info|2025-10-10 02:21:32.004559|fisco-bcos-0x00007f3e2d160dc0|[g:1][CONSENSUS][PBFT]setMinBlockGenerationTime,minBlockGenerationTime=500,consensusTime=1000
info|2025-10-10 02:21:32.004604|fisco-bcos-0x00007f3e2d160dc0|[g:1][LEDGER][initEventLogFilterManager]initEventLogFilterManager SUCC
info|2025-10-10 02:21:32.004614|fisco-bcos-0x00007f3e2d160dc0|[LedgerInitializer init group succ],groupID=1
info|2025-10-10 02:21:32.004818|fisco-bcos-0x00007f3e2d160dc0|[SafeHttpServer::StartListening]use default epoll
info|2025-10-10 02:21:32.005123|fisco-bcos-0x00007f3e2d160dc0|[INITIALIZER][RPCInitializer JsonrpcHttpServer started],jsonrpc_IP=127.0.0.1,jsonrpc_listen_port=8546,jsonrpc_thread_count=8,ipv6=false,disableDynamicGroup=false,uncheckGroupMember=false
info|2025-10-10 02:21:32.005142|fisco-bcos-0x00007f3e2d160dc0|[g:1][LEDGER]startAll...
info|2025-10-10 02:21:32.018673|fisco-bcos-0x00007f3e2d160dc0|[g:1][GossipBlockStatus]start GossipBlockStatus succ
info|2025-10-10 02:21:32.018740|fisco-bcos-0x00007f3e2d160dc0|[g:1][CONSENSUS][ConsensusEngine][Start ConsensusEngineBase]
info|2025-10-10 02:21:32.022791|fisco-bcos-0x00007f3e2d160dc0|[g:1][CONSENSUS][PBFT]^^^^^^^^Report,num=183,sealerIdx=0,hash=84b9e5d9...,next=184,tx=1,nodeIdx=1
info|2025-10-10 02:21:32.022856|fisco-bcos-0x00007f3e2d160dc0|[g:1][ROCKSDB]open rocksDB handler,path=data//group1/pbftMsgBackup/RocksDB
info|2025-10-10 02:21:32.033402|alignTime-1-0x00007f3e1abc8700|[g:1][NodeTimeMaintenance]updateTimeInfo: update median time offset,updatedMedianTimeOffset=-2,peer=87d00b98...,peerTime=1760088092031,peerOffset=-2,utcTime=1760088092033
info|2025-10-10 02:21:32.033514|Download-1-0x00007f3e1d3cd700|[g:1][SYNC][id:374bdfe9...][Download][Request]Request blocks,from=184,to=191,peer=87d00b98...
info|2025-10-10 02:21:32.033543|Download-1-0x00007f3e1d3cd700|[g:1][SYNC][id:374bdfe9...][Download][Request]Request blocks,from=192,to=199,peer=87d00b98...
info|2025-10-10 02:21:32.033569|Download-1-0x00007f3e1d3cd700|[g:1][SYNC][id:374bdfe9...][Download][Request]Request blocks,from=200,to=207,peer=87d00b98...
info|2025-10-10 02:21:32.033585|Download-1-0x00007f3e1d3cd700|[g:1][SYNC][id:374bdfe9...][Download][Request]Request blocks,from=208,to=215,peer=87d00b98...
info|2025-10-10 02:21:32.088304|fisco-bcos-0x00007f3e2d160dc0|[g:1][CONSENSUS][PBFT][PBFT init env successfully]
info|2025-10-10 02:21:32.088349|fisco-bcos-0x00007f3e2d160dc0|[g:1][CONSENSUS][PBFT][Start PBFTEngine...]
info|2025-10-10 02:21:32.088356|fisco-bcos-0x00007f3e2d160dc0|[g:1][CONSENSUS][SEALER][Start sealer module]
info|2025-10-10 02:21:32.090573|fisco-bcos-0x00007f3e2d160dc0|[g:1][EVENT][EventLogFilterManager]start,m_maxBlockRange=0,m_maxBlockPerLoopFilter=3
info|2025-10-10 02:21:32.152370|alignTime-1-0x00007f3e1abc8700|[g:1][NodeTimeMaintenance]updateTimeInfo: update median time offset,updatedMedianTimeOffset=-2,peer=73994dae...,peerTime=1760088092150,peerOffset=-2,utcTime=1760088092152
info|2025-10-10 02:21:32.211367|Download-1-0x00007f3e1d3cd700|[g:1][SYNC][id:374bdfe9...][Download][BlockSync]Download block execute,number=184,txs=1,hash=22a8c2ae...
info|2025-10-10 02:21:32.211432|Download-1-0x00007f3e1d3cd700|[g:1][BLOCKVERIFIER][executeBlock]Executing block,txNum=1,num=184,parentHash=84b9e5d996bf7a5eb7a7af1e23a8308230a576a20d5c81a92b78a013e510177d,parentNum=183,parentStateRoot=193aa4e3ddcabc3eb1c4bc64eca338693c126abd7770f253f6dd6e3fee2170ea
info|2025-10-10 02:21:32.211710|Download-1-0x00007f3e1d3cd700|[g:1][PRECOMPILED]init GasChargeManagePrecompiled
info|2025-10-10 02:21:32.212600|Download-1-0x00007f3e1d3cd700|[g:1][PRECOMPILED][TimerPrecompiled]getCurrentTimeMillis,timeMillis=1760088092212
error|2025-10-10 02:21:32.212819|Download-1-0x00007f3e1d3cd700|[g:1][PRECOMPILED]SM2EncryptPrecompiled exception:Unknown function
error|2025-10-10 02:21:32.212876|Download-1-0x00007f3e1d3cd700|[g:1][EXECUTIVECONTEXT]PrecompiledException,address=000000000000000000000000000000000000500b,message:=Unknown function
error|2025-10-10 02:21:32.212928|Download-1-0x00007f3e1d3cd700|[g:1][EXECUTIVE][TxExeError]Transaction execution error,TransactionExceptionID=22,hash=34fcf37998bfab32d1354d28f63091611b3b7e8622725266293468c69156e50d
error|2025-10-10 02:21:32.213104|Download-1-0x00007f3e1d3cd700|[g:1][BLOCKVERIFIER]Invalid Block with bad stateRoot or receiptRoot or dbHash,blkNum=184,originHash=22a8c2ae...,curHash=d70f1cff...,orgReceipt=ed245b8c...,curRecepit=8937e548...,orgTxRoot=2d8a5d62...,curTxRoot=2d8a5d62...,orgState=00000000...,curState=00000000...,orgDBHash=00000000...,curDBHash=00000000...
warning|2025-10-10 02:21:32.213236|Download-1-0x00007f3e1d3cd700|[g:1][BLOCKVERIFIER][executeBlock]executeBlock exception,blockNumber=184
info|2025-10-10 02:21:32.947800|alignTime-1-0x00007f3e1abc8700|[g:1][NodeTimeMaintenance]updateTimeInfo: update median time offset,updatedMedianTimeOffset=-2,peer=064cb676...,peerTime=1760088092947,peerOffset=0,utcTime=1760088092947
warning|2025-10-10 02:21:35.028071|PBFT-1-0x00007f3e103b3700|[g:1][CONSENSUS][PBFT]ViewChangeWarning: not caused by omit empty block ,v=0,toV=1,curNum=183,hash=84b9e5d9...,nodeIdx=1,myNode=374bdfe9...
info|2025-10-10 02:21:35.028205|PBFT-1-0x00007f3e103b3700|[g:1][CONSENSUS][PBFT]checkTimeout Succ,view=0,toView=1,nodeIdx=1,changeCycle=1,myNode=374bdfe9...,timecost=2
warning|2025-10-10 02:21:39.529747|PBFT-1-0x00007f3e103b3700|[g:1][CONSENSUS][PBFT]ViewChangeWarning: not caused by omit empty block ,v=0,toV=2,curNum=183,hash=84b9e5d9...,nodeIdx=1,myNode=374bdfe9...
info|2025-10-10 02:21:39.529913|PBFT-1-0x00007f3e103b3700|[g:1][CONSENSUS][PBFT]checkTimeout Succ,view=0,toView=2,nodeIdx=1,changeCycle=2,myNode=374bdfe9...,timecost=1
info|2025-10-10 02:21:41.709842|io_service-0x00007f3e2a3e7700|[NETWORK][Host]P2P Recv Connect, From=127.0.0.1:57554
info|2025-10-10 02:21:41.709907|io_service-0x00007f3e2a3e7700|[NETWORK][Host]P2P StartAccept,Host=0.0.0.0:30301
info|2025-10-10 02:21:41.719197|io_service-0x00007f3e2a3e7700|[NETWORK][Host]P2P Recv Connect, From=127.0.0.1:57568
info|2025-10-10 02:21:41.719274|io_service-0x00007f3e2a3e7700|[NETWORK][Host]P2P StartAccept,Host=0.0.0.0:30301
info|2025-10-10 02:21:41.733412|io_service-0x00007f3e2a3e7700|[NETWORK][Host]handshakeServer succ,remote endpoint=127.0.0.1:57554
info|2025-10-10 02:21:41.735360|io_service-0x00007f3e2a3e7700|[NETWORK][Host]startPeerSession, Remote=127.0.0.1:57554,local endpoint=127.0.0.1:30301,nodeID=064cb676...
info|2025-10-10 02:21:41.740932|io_service-0x00007f3e2a3e7700|[NETWORK][Host]handshakeServer succ,remote endpoint=127.0.0.1:57568
info|2025-10-10 02:21:41.742643|io_service-0x00007f3e2a3e7700|[NETWORK][Host]startPeerSession, Remote=127.0.0.1:57568,local endpoint=127.0.0.1:30301,nodeID=87d00b98...
info|2025-10-10 02:21:41.812145|io_service-0x00007f3e2a3e7700|[NETWORK][Host]P2P Recv Connect, From=127.0.0.1:57584
info|2025-10-10 02:21:41.812202|io_service-0x00007f3e2a3e7700|[NETWORK][Host]P2P StartAccept,Host=0.0.0.0:30301
info|2025-10-10 02:21:41.820657|io_service-0x00007f3e2a3e7700|[NETWORK][Host]handshakeServer succ,remote endpoint=127.0.0.1:57584
info|2025-10-10 02:21:41.820759|io_service-0x00007f3e2a3e7700|[NETWORK][Host]startPeerSession, Remote=127.0.0.1:57584,local endpoint=127.0.0.1:30301,nodeID=73994dae...
info|2025-10-10 02:21:41.827757|io_service-0x00007f3e2a3e7700|[P2P][Service] heartBeat,connected count=3
info|2025-10-10 02:21:41.876477|P2P-0x00007f3e2c3eb700|[NETWORK][Session]Received topic: [2	_block_notify_1] from 73994dae9e8b8da733108a4153dfe79151d701dff425f84c87b5324e8ebd02ab6a0ebc9e4f1e0298a7ddca50f94a8f95c62b6997226d571e470e8f2b0600634a
warning|2025-10-10 02:21:46.288022|PBFT-1-0x00007f3e103b3700|[g:1][CONSENSUS][PBFT]ViewChangeWarning: not caused by omit empty block ,v=0,toV=3,curNum=183,hash=84b9e5d9...,nodeIdx=1,myNode=374bdfe9...
info|2025-10-10 02:21:46.288173|PBFT-1-0x00007f3e103b3700|[g:1][CONSENSUS][PBFT]checkTimeout Succ,view=0,toView=3,nodeIdx=1,changeCycle=3,myNode=374bdfe9...,timecost=2
info|2025-10-10 02:21:48.046486|Download-1-0x00007f3e1d3cd700|[g:1][SYNC][id:374bdfe9...][Download][Request]Request blocks,from=184,to=184,peer=87d00b98...
info|2025-10-10 02:21:48.051162|Download-1-0x00007f3e1d3cd700|[g:1][SYNC][id:374bdfe9...][Download][BlockSync]Download block execute,number=184,txs=1,hash=22a8c2ae...
info|2025-10-10 02:21:48.051246|Download-1-0x00007f3e1d3cd700|[g:1][BLOCKVERIFIER][executeBlock]Executing block,txNum=1,num=184,parentHash=84b9e5d996bf7a5eb7a7af1e23a8308230a576a20d5c81a92b78a013e510177d,parentNum=183,parentStateRoot=193aa4e3ddcabc3eb1c4bc64eca338693c126abd7770f253f6dd6e3fee2170ea
info|2025-10-10 02:21:48.051421|Download-1-0x00007f3e1d3cd700|[g:1][PRECOMPILED]init GasChargeManagePrecompiled
info|2025-10-10 02:21:48.051834|Download-1-0x00007f3e09ba6700|[PRECOMPILED][TimerPrecompiled]getCurrentTimeMillis,timeMillis=1760088108051
error|2025-10-10 02:21:48.051902|Download-1-0x00007f3e09ba6700|[PRECOMPILED]SM2EncryptPrecompiled exception:Unknown function
error|2025-10-10 02:21:48.051920|Download-1-0x00007f3e09ba6700|[EXECUTIVECONTEXT]PrecompiledException,address=000000000000000000000000000000000000500b,message:=Unknown function
error|2025-10-10 02:21:48.051950|Download-1-0x00007f3e09ba6700|[EXECUTIVE][TxExeError]Transaction execution error,TransactionExceptionID=22,hash=34fcf37998bfab32d1354d28f63091611b3b7e8622725266293468c69156e50d
error|2025-10-10 02:21:48.052248|Download-1-0x00007f3e1d3cd700|[g:1][BLOCKVERIFIER]Invalid Block with bad stateRoot or receiptRoot or dbHash,blkNum=184,originHash=22a8c2ae...,curHash=d70f1cff...,orgReceipt=ed245b8c...,curRecepit=8937e548...,orgTxRoot=2d8a5d62...,curTxRoot=2d8a5d62...,orgState=00000000...,curState=00000000...,orgDBHash=00000000...,curDBHash=00000000...
warning|2025-10-10 02:21:48.052357|Download-1-0x00007f3e1d3cd700|[g:1][BLOCKVERIFIER][executeBlock]executeBlock exception,blockNumber=184
info|2025-10-10 02:21:51.828586|io_service-0x00007f3e2a3e7700|[P2P][Service] heartBeat,connected count=3
info|2025-10-10 02:21:54.566801|Download-1-0x00007f3e1d3cd700|[g:1][SYNC][id:374bdfe9...][Download][Request]Request blocks,from=184,to=184,peer=73994dae...
info|2025-10-10 02:21:54.858661|Download-1-0x00007f3e1d3cd700|[g:1][SYNC][id:374bdfe9...][Download][BlockSync]Download block execute,number=184,txs=1,hash=22a8c2ae...
info|2025-10-10 02:21:54.858861|Download-1-0x00007f3e1d3cd700|[g:1][BLOCKVERIFIER][executeBlock]Executing block,txNum=1,num=184,parentHash=84b9e5d996bf7a5eb7a7af1e23a8308230a576a20d5c81a92b78a013e510177d,parentNum=183,parentStateRoot=193aa4e3ddcabc3eb1c4bc64eca338693c126abd7770f253f6dd6e3fee2170ea
info|2025-10-10 02:21:54.859411|Download-1-0x00007f3e1d3cd700|[g:1][PRECOMPILED]init GasChargeManagePrecompiled
info|2025-10-10 02:21:54.859731|Download-1-0x00007f3e09ba6700|[PRECOMPILED][TimerPrecompiled]getCurrentTimeMillis,timeMillis=1760088114859
error|2025-10-10 02:21:54.859789|Download-1-0x00007f3e09ba6700|[PRECOMPILED]SM2EncryptPrecompiled exception:Unknown function
error|2025-10-10 02:21:54.859806|Download-1-0x00007f3e09ba6700|[EXECUTIVECONTEXT]PrecompiledException,address=000000000000000000000000000000000000500b,message:=Unknown function
error|2025-10-10 02:21:54.859833|Download-1-0x00007f3e09ba6700|[EXECUTIVE][TxExeError]Transaction execution error,TransactionExceptionID=22,hash=34fcf37998bfab32d1354d28f63091611b3b7e8622725266293468c69156e50d
error|2025-10-10 02:21:54.860100|Download-1-0x00007f3e1d3cd700|[g:1][BLOCKVERIFIER]Invalid Block with bad stateRoot or receiptRoot or dbHash,blkNum=184,originHash=22a8c2ae...,curHash=d70f1cff...,orgReceipt=ed245b8c...,curRecepit=8937e548...,orgTxRoot=2d8a5d62...,curTxRoot=2d8a5d62...,orgState=00000000...,curState=00000000...,orgDBHash=00000000...,curDBHash=00000000...
warning|2025-10-10 02:21:54.860233|Download-1-0x00007f3e1d3cd700|[g:1][BLOCKVERIFIER][executeBlock]executeBlock exception,blockNumber=184
warning|2025-10-10 02:21:56.415314|PBFT-1-0x00007f3e103b3700|[g:1][CONSENSUS][PBFT]ViewChangeWarning: not caused by omit empty block ,v=0,toV=4,curNum=183,hash=84b9e5d9...,nodeIdx=1,myNode=374bdfe9...
info|2025-10-10 02:21:56.416162|PBFT-1-0x00007f3e103b3700|[g:1][CONSENSUS][PBFT]checkTimeout Succ,view=0,toView=4,nodeIdx=1,changeCycle=4,myNode=374bdfe9...,timecost=2
info|2025-10-10 02:22:00.967729|Download-1-0x00007f3e1d3cd700|[g:1][SYNC][id:374bdfe9...][Download][Request]Request blocks,from=184,to=184,peer=064cb676...
info|2025-10-10 02:22:01.049457|Download-1-0x00007f3e1d3cd700|[g:1][SYNC][id:374bdfe9...][Download][BlockSync]Download block execute,number=184,txs=1,hash=22a8c2ae...
info|2025-10-10 02:22:01.049596|Download-1-0x00007f3e1d3cd700|[g:1][BLOCKVERIFIER][executeBlock]Executing block,txNum=1,num=184,parentHash=84b9e5d996bf7a5eb7a7af1e23a8308230a576a20d5c81a92b78a013e510177d,parentNum=183,parentStateRoot=193aa4e3ddcabc3eb1c4bc64eca338693c126abd7770f253f6dd6e3fee2170ea
info|2025-10-10 02:22:01.049744|Download-1-0x00007f3e1d3cd700|[g:1][PRECOMPILED]init GasChargeManagePrecompiled
info|2025-10-10 02:22:01.050039|Download-1-0x00007f3e09ba6700|[PRECOMPILED][TimerPrecompiled]getCurrentTimeMillis,timeMillis=1760088121050
error|2025-10-10 02:22:01.050097|Download-1-0x00007f3e09ba6700|[PRECOMPILED]SM2EncryptPrecompiled exception:Unknown function
error|2025-10-10 02:22:01.050114|Download-1-0x00007f3e09ba6700|[EXECUTIVECONTEXT]PrecompiledException,address=000000000000000000000000000000000000500b,message:=Unknown function
error|2025-10-10 02:22:01.050141|Download-1-0x00007f3e09ba6700|[EXECUTIVE][TxExeError]Transaction execution error,TransactionExceptionID=22,hash=34fcf37998bfab32d1354d28f63091611b3b7e8622725266293468c69156e50d
error|2025-10-10 02:22:01.050472|Download-1-0x00007f3e1d3cd700|[g:1][BLOCKVERIFIER]Invalid Block with bad stateRoot or receiptRoot or dbHash,blkNum=184,originHash=22a8c2ae...,curHash=d70f1cff...,orgReceipt=ed245b8c...,curRecepit=8937e548...,orgTxRoot=2d8a5d62...,curTxRoot=2d8a5d62...,orgState=00000000...,curState=00000000...,orgDBHash=00000000...,curDBHash=00000000...
warning|2025-10-10 02:22:01.050561|Download-1-0x00007f3e1d3cd700|[g:1][BLOCKVERIFIER][executeBlock]executeBlock exception,blockNumber=184
info|2025-10-10 02:22:01.829426|io_service-0x00007f3e2a3e7700|[P2P][Service] heartBeat,connected count=3
info|2025-10-10 02:22:07.372508|Download-1-0x00007f3e1d3cd700|[g:1][SYNC][id:374bdfe9...][Download][Request]Request blocks,from=184,to=184,peer=064cb676...
info|2025-10-10 02:22:07.377889|Download-1-0x00007f3e1d3cd700|[g:1][SYNC][id:374bdfe9...][Download][BlockSync]Download block execute,number=184,txs=1,hash=22a8c2ae...
info|2025-10-10 02:22:07.377943|Download-1-0x00007f3e1d3cd700|[g:1][BLOCKVERIFIER][executeBlock]Executing block,txNum=1,num=184,parentHash=84b9e5d996bf7a5eb7a7af1e23a8308230a576a20d5c81a92b78a013e510177d,parentNum=183,parentStateRoot=193aa4e3ddcabc3eb1c4bc64eca338693c126abd7770f253f6dd6e3fee2170ea
info|2025-10-10 02:22:07.378085|Download-1-0x00007f3e1d3cd700|[g:1][PRECOMPILED]init GasChargeManagePrecompiled
info|2025-10-10 02:22:07.378374|Download-1-0x00007f3e09ba6700|[PRECOMPILED][TimerPrecompiled]getCurrentTimeMillis,timeMillis=1760088127378
error|2025-10-10 02:22:07.378455|Download-1-0x00007f3e09ba6700|[PRECOMPILED]SM2EncryptPrecompiled exception:Unknown function
error|2025-10-10 02:22:07.378474|Download-1-0x00007f3e09ba6700|[EXECUTIVECONTEXT]PrecompiledException,address=000000000000000000000000000000000000500b,message:=Unknown function
error|2025-10-10 02:22:07.378505|Download-1-0x00007f3e09ba6700|[EXECUTIVE][TxExeError]Transaction execution error,TransactionExceptionID=22,hash=34fcf37998bfab32d1354d28f63091611b3b7e8622725266293468c69156e50d
error|2025-10-10 02:22:07.378807|Download-1-0x00007f3e1d3cd700|[g:1][BLOCKVERIFIER]Invalid Block with bad stateRoot or receiptRoot or dbHash,blkNum=184,originHash=22a8c2ae...,curHash=d70f1cff...,orgReceipt=ed245b8c...,curRecepit=8937e548...,orgTxRoot=2d8a5d62...,curTxRoot=2d8a5d62...,orgState=00000000...,curState=00000000...,orgDBHash=00000000...,curDBHash=00000000...
warning|2025-10-10 02:22:07.378911|Download-1-0x00007f3e1d3cd700|[g:1][BLOCKVERIFIER][executeBlock]executeBlock exception,blockNumber=184
warning|2025-10-10 02:22:11.611075|PBFT-1-0x00007f3e103b3700|[g:1][CONSENSUS][PBFT]ViewChangeWarning: not caused by omit empty block ,v=0,toV=5,curNum=183,hash=84b9e5d9...,nodeIdx=1,myNode=374bdfe9...
info|2025-10-10 02:22:11.611217|PBFT-1-0x00007f3e103b3700|[g:1][CONSENSUS][PBFT]checkTimeout Succ,view=0,toView=5,nodeIdx=1,changeCycle=5,myNode=374bdfe9...,timecost=2
info|2025-10-10 02:22:11.830203|io_service-0x00007f3e2a3e7700|[P2P][Service] heartBeat,connected count=3
info|2025-10-10 02:22:13.778218|Download-1-0x00007f3e1d3cd700|[g:1][SYNC][id:374bdfe9...][Download][Request]Request blocks,from=184,to=184,peer=73994dae...
info|2025-10-10 02:22:13.782717|Download-1-0x00007f3e1d3cd700|[g:1][SYNC][id:374bdfe9...][Download][BlockSync]Download block execute,number=184,txs=1,hash=22a8c2ae...
info|2025-10-10 02:22:13.782745|Download-1-0x00007f3e1d3cd700|[g:1][BLOCKVERIFIER][executeBlock]Executing block,txNum=1,num=184,parentHash=84b9e5d996bf7a5eb7a7af1e23a8308230a576a20d5c81a92b78a013e510177d,parentNum=183,parentStateRoot=193aa4e3ddcabc3eb1c4bc64eca338693c126abd7770f253f6dd6e3fee2170ea
info|2025-10-10 02:22:13.782914|Download-1-0x00007f3e1d3cd700|[g:1][PRECOMPILED]init GasChargeManagePrecompiled
info|2025-10-10 02:22:13.783275|Download-1-0x00007f3e09ba6700|[PRECOMPILED][TimerPrecompiled]getCurrentTimeMillis,timeMillis=1760088133783
error|2025-10-10 02:22:13.783369|Download-1-0x00007f3e09ba6700|[PRECOMPILED]SM2EncryptPrecompiled exception:Unknown function
error|2025-10-10 02:22:13.783410|Download-1-0x00007f3e09ba6700|[EXECUTIVECONTEXT]PrecompiledException,address=000000000000000000000000000000000000500b,message:=Unknown function
error|2025-10-10 02:22:13.783442|Download-1-0x00007f3e09ba6700|[EXECUTIVE][TxExeError]Transaction execution error,TransactionExceptionID=22,hash=34fcf37998bfab32d1354d28f63091611b3b7e8622725266293468c69156e50d
error|2025-10-10 02:22:13.783702|Download-1-0x00007f3e1d3cd700|[g:1][BLOCKVERIFIER]Invalid Block with bad stateRoot or receiptRoot or dbHash,blkNum=184,originHash=22a8c2ae...,curHash=d70f1cff...,orgReceipt=ed245b8c...,curRecepit=8937e548...,orgTxRoot=2d8a5d62...,curTxRoot=2d8a5d62...,orgState=00000000...,curState=00000000...,orgDBHash=00000000...,curDBHash=00000000...
warning|2025-10-10 02:22:13.783886|Download-1-0x00007f3e1d3cd700|[g:1][BLOCKVERIFIER][executeBlock]executeBlock exception,blockNumber=184
info|2025-10-10 02:22:20.181544|Download-1-0x00007f3e1d3cd700|[g:1][SYNC][id:374bdfe9...][Download][Request]Request blocks,from=184,to=184,peer=064cb676...
info|2025-10-10 02:22:20.185327|Download-1-0x00007f3e1d3cd700|[g:1][SYNC][id:374bdfe9...][Download][BlockSync]Download block execute,number=184,txs=1,hash=22a8c2ae...
info|2025-10-10 02:22:20.185361|Download-1-0x00007f3e1d3cd700|[g:1][BLOCKVERIFIER][executeBlock]Executing block,txNum=1,num=184,parentHash=84b9e5d996bf7a5eb7a7af1e23a8308230a576a20d5c81a92b78a013e510177d,parentNum=183,parentStateRoot=193aa4e3ddcabc3eb1c4bc64eca338693c126abd7770f253f6dd6e3fee2170ea
info|2025-10-10 02:22:20.185518|Download-1-0x00007f3e1d3cd700|[g:1][PRECOMPILED]init GasChargeManagePrecompiled
info|2025-10-10 02:22:20.185829|Download-1-0x00007f3e09ba6700|[PRECOMPILED][TimerPrecompiled]getCurrentTimeMillis,timeMillis=1760088140185
error|2025-10-10 02:22:20.185922|Download-1-0x00007f3e09ba6700|[PRECOMPILED]SM2EncryptPrecompiled exception:Unknown function
error|2025-10-10 02:22:20.185959|Download-1-0x00007f3e09ba6700|[EXECUTIVECONTEXT]PrecompiledException,address=000000000000000000000000000000000000500b,message:=Unknown function
error|2025-10-10 02:22:20.185989|Download-1-0x00007f3e09ba6700|[EXECUTIVE][TxExeError]Transaction execution error,TransactionExceptionID=22,hash=34fcf37998bfab32d1354d28f63091611b3b7e8622725266293468c69156e50d
error|2025-10-10 02:22:20.186237|Download-1-0x00007f3e1d3cd700|[g:1][BLOCKVERIFIER]Invalid Block with bad stateRoot or receiptRoot or dbHash,blkNum=184,originHash=22a8c2ae...,curHash=d70f1cff...,orgReceipt=ed245b8c...,curRecepit=8937e548...,orgTxRoot=2d8a5d62...,curTxRoot=2d8a5d62...,orgState=00000000...,curState=00000000...,orgDBHash=00000000...,curDBHash=00000000...
warning|2025-10-10 02:22:20.186325|Download-1-0x00007f3e1d3cd700|[g:1][BLOCKVERIFIER][executeBlock]executeBlock exception,blockNumber=184
info|2025-10-10 02:22:21.831174|io_service-0x00007f3e2a3e7700|[P2P][Service] heartBeat,connected count=3
info|2025-10-10 02:22:26.587788|Download-1-0x00007f3e1d3cd700|[g:1][SYNC][id:374bdfe9...][Download][Request]Request blocks,from=184,to=184,peer=87d00b98...
info|2025-10-10 02:22:26.592105|Download-1-0x00007f3e1d3cd700|[g:1][SYNC][id:374bdfe9...][Download][BlockSync]Download block execute,number=184,txs=1,hash=22a8c2ae...
info|2025-10-10 02:22:26.592205|Download-1-0x00007f3e1d3cd700|[g:1][BLOCKVERIFIER][executeBlock]Executing block,txNum=1,num=184,parentHash=84b9e5d996bf7a5eb7a7af1e23a8308230a576a20d5c81a92b78a013e510177d,parentNum=183,parentStateRoot=193aa4e3ddcabc3eb1c4bc64eca338693c126abd7770f253f6dd6e3fee2170ea
info|2025-10-10 02:22:26.592355|Download-1-0x00007f3e1d3cd700|[g:1][PRECOMPILED]init GasChargeManagePrecompiled
info|2025-10-10 02:22:26.592654|Download-1-0x00007f3e09ba6700|[PRECOMPILED][TimerPrecompiled]getCurrentTimeMillis,timeMillis=1760088146592
error|2025-10-10 02:22:26.592743|Download-1-0x00007f3e09ba6700|[PRECOMPILED]SM2EncryptPrecompiled exception:Unknown function
error|2025-10-10 02:22:26.592761|Download-1-0x00007f3e09ba6700|[EXECUTIVECONTEXT]PrecompiledException,address=000000000000000000000000000000000000500b,message:=Unknown function
error|2025-10-10 02:22:26.592788|Download-1-0x00007f3e09ba6700|[EXECUTIVE][TxExeError]Transaction execution error,TransactionExceptionID=22,hash=34fcf37998bfab32d1354d28f63091611b3b7e8622725266293468c69156e50d
error|2025-10-10 02:22:26.593376|Download-1-0x00007f3e1d3cd700|[g:1][BLOCKVERIFIER]Invalid Block with bad stateRoot or receiptRoot or dbHash,blkNum=184,originHash=22a8c2ae...,curHash=d70f1cff...,orgReceipt=ed245b8c...,curRecepit=8937e548...,orgTxRoot=2d8a5d62...,curTxRoot=2d8a5d62...,orgState=00000000...,curState=00000000...,orgDBHash=00000000...,curDBHash=00000000...
warning|2025-10-10 02:22:26.593530|Download-1-0x00007f3e1d3cd700|[g:1][BLOCKVERIFIER][executeBlock]executeBlock exception,blockNumber=184
info|2025-10-10 02:22:31.831500|io_service-0x00007f3e2a3e7700|[P2P][Service] heartBeat,connected count=3
info|2025-10-10 02:22:32.992733|Download-1-0x00007f3e1d3cd700|[g:1][SYNC][id:374bdfe9...][Download][Request]Request blocks,from=184,to=184,peer=73994dae...
info|2025-10-10 02:22:32.996965|Download-1-0x00007f3e1d3cd700|[g:1][SYNC][id:374bdfe9...][Download][BlockSync]Download block execute,number=184,txs=1,hash=22a8c2ae...
info|2025-10-10 02:22:32.997061|Download-1-0x00007f3e1d3cd700|[g:1][BLOCKVERIFIER][executeBlock]Executing block,txNum=1,num=184,parentHash=84b9e5d996bf7a5eb7a7af1e23a8308230a576a20d5c81a92b78a013e510177d,parentNum=183,parentStateRoot=193aa4e3ddcabc3eb1c4bc64eca338693c126abd7770f253f6dd6e3fee2170ea
info|2025-10-10 02:22:32.997264|Download-1-0x00007f3e1d3cd700|[g:1][PRECOMPILED]init GasChargeManagePrecompiled
info|2025-10-10 02:22:32.997529|Download-1-0x00007f3e09ba6700|[PRECOMPILED][TimerPrecompiled]getCurrentTimeMillis,timeMillis=1760088152997
error|2025-10-10 02:22:32.997586|Download-1-0x00007f3e09ba6700|[PRECOMPILED]SM2EncryptPrecompiled exception:Unknown function
error|2025-10-10 02:22:32.997603|Download-1-0x00007f3e09ba6700|[EXECUTIVECONTEXT]PrecompiledException,address=000000000000000000000000000000000000500b,message:=Unknown function
error|2025-10-10 02:22:32.997630|Download-1-0x00007f3e09ba6700|[EXECUTIVE][TxExeError]Transaction execution error,TransactionExceptionID=22,hash=34fcf37998bfab32d1354d28f63091611b3b7e8622725266293468c69156e50d
error|2025-10-10 02:22:32.997904|Download-1-0x00007f3e1d3cd700|[g:1][BLOCKVERIFIER]Invalid Block with bad stateRoot or receiptRoot or dbHash,blkNum=184,originHash=22a8c2ae...,curHash=d70f1cff...,orgReceipt=ed245b8c...,curRecepit=8937e548...,orgTxRoot=2d8a5d62...,curTxRoot=2d8a5d62...,orgState=00000000...,curState=00000000...,orgDBHash=00000000...,curDBHash=00000000...
warning|2025-10-10 02:22:32.997989|Download-1-0x00007f3e1d3cd700|[g:1][BLOCKVERIFIER][executeBlock]executeBlock exception,blockNumber=184
warning|2025-10-10 02:22:34.402348|PBFT-1-0x00007f3e103b3700|[g:1][CONSENSUS][PBFT]ViewChangeWarning: not caused by omit empty block ,v=0,toV=6,curNum=183,hash=84b9e5d9...,nodeIdx=1,myNode=374bdfe9...
info|2025-10-10 02:22:34.402465|PBFT-1-0x00007f3e103b3700|[g:1][CONSENSUS][PBFT]checkTimeout Succ,view=0,toView=6,nodeIdx=1,changeCycle=6,myNode=374bdfe9...,timecost=1
info|2025-10-10 02:22:39.396091|Download-1-0x00007f3e1d3cd700|[g:1][SYNC][id:374bdfe9...][Download][Request]Request blocks,from=184,to=184,peer=87d00b98...
info|2025-10-10 02:22:39.400045|Download-1-0x00007f3e1d3cd700|[g:1][SYNC][id:374bdfe9...][Download][BlockSync]Download block execute,number=184,txs=1,hash=22a8c2ae...
info|2025-10-10 02:22:39.400102|Download-1-0x00007f3e1d3cd700|[g:1][BLOCKVERIFIER][executeBlock]Executing block,txNum=1,num=184,parentHash=84b9e5d996bf7a5eb7a7af1e23a8308230a576a20d5c81a92b78a013e510177d,parentNum=183,parentStateRoot=193aa4e3ddcabc3eb1c4bc64eca338693c126abd7770f253f6dd6e3fee2170ea
info|2025-10-10 02:22:39.400245|Download-1-0x00007f3e1d3cd700|[g:1][PRECOMPILED]init GasChargeManagePrecompiled
info|2025-10-10 02:22:39.400568|Download-1-0x00007f3e09ba6700|[PRECOMPILED][TimerPrecompiled]getCurrentTimeMillis,timeMillis=1760088159400
error|2025-10-10 02:22:39.400648|Download-1-0x00007f3e09ba6700|[PRECOMPILED]SM2EncryptPrecompiled exception:Unknown function
error|2025-10-10 02:22:39.400668|Download-1-0x00007f3e09ba6700|[EXECUTIVECONTEXT]PrecompiledException,address=000000000000000000000000000000000000500b,message:=Unknown function
error|2025-10-10 02:22:39.400696|Download-1-0x00007f3e09ba6700|[EXECUTIVE][TxExeError]Transaction execution error,TransactionExceptionID=22,hash=34fcf37998bfab32d1354d28f63091611b3b7e8622725266293468c69156e50d
error|2025-10-10 02:22:39.401004|Download-1-0x00007f3e1d3cd700|[g:1][BLOCKVERIFIER]Invalid Block with bad stateRoot or receiptRoot or dbHash,blkNum=184,originHash=22a8c2ae...,curHash=d70f1cff...,orgReceipt=ed245b8c...,curRecepit=8937e548...,orgTxRoot=2d8a5d62...,curTxRoot=2d8a5d62...,orgState=00000000...,curState=00000000...,orgDBHash=00000000...,curDBHash=00000000...
warning|2025-10-10 02:22:39.401095|Download-1-0x00007f3e1d3cd700|[g:1][BLOCKVERIFIER][executeBlock]executeBlock exception,blockNumber=184
info|2025-10-10 02:22:41.832988|io_service-0x00007f3e2a3e7700|[P2P][Service] heartBeat,connected count=3
info|2025-10-10 02:22:45.801992|Download-1-0x00007f3e1d3cd700|[g:1][SYNC][id:374bdfe9...][Download][Request]Request blocks,from=184,to=184,peer=87d00b98...
info|2025-10-10 02:22:45.805993|Download-1-0x00007f3e1d3cd700|[g:1][SYNC][id:374bdfe9...][Download][BlockSync]Download block execute,number=184,txs=1,hash=22a8c2ae...
info|2025-10-10 02:22:45.806065|Download-1-0x00007f3e1d3cd700|[g:1][BLOCKVERIFIER][executeBlock]Executing block,txNum=1,num=184,parentHash=84b9e5d996bf7a5eb7a7af1e23a8308230a576a20d5c81a92b78a013e510177d,parentNum=183,parentStateRoot=193aa4e3ddcabc3eb1c4bc64eca338693c126abd7770f253f6dd6e3fee2170ea
info|2025-10-10 02:22:45.806237|Download-1-0x00007f3e1d3cd700|[g:1][PRECOMPILED]init GasChargeManagePrecompiled
info|2025-10-10 02:22:45.806710|Download-1-0x00007f3e09ba6700|[PRECOMPILED][TimerPrecompiled]getCurrentTimeMillis,timeMillis=1760088165806
error|2025-10-10 02:22:45.806791|Download-1-0x00007f3e09ba6700|[PRECOMPILED]SM2EncryptPrecompiled exception:Unknown function
error|2025-10-10 02:22:45.806810|Download-1-0x00007f3e09ba6700|[EXECUTIVECONTEXT]PrecompiledException,address=000000000000000000000000000000000000500b,message:=Unknown function
error|2025-10-10 02:22:45.806835|Download-1-0x00007f3e09ba6700|[EXECUTIVE][TxExeError]Transaction execution error,TransactionExceptionID=22,hash=34fcf37998bfab32d1354d28f63091611b3b7e8622725266293468c69156e50d
error|2025-10-10 02:22:45.807158|Download-1-0x00007f3e1d3cd700|[g:1][BLOCKVERIFIER]Invalid Block with bad stateRoot or receiptRoot or dbHash,blkNum=184,originHash=22a8c2ae...,curHash=d70f1cff...,orgReceipt=ed245b8c...,curRecepit=8937e548...,orgTxRoot=2d8a5d62...,curTxRoot=2d8a5d62...,orgState=00000000...,curState=00000000...,orgDBHash=00000000...,curDBHash=00000000...
warning|2025-10-10 02:22:45.807247|Download-1-0x00007f3e1d3cd700|[g:1][BLOCKVERIFIER][executeBlock]executeBlock exception,blockNumber=184
info|2025-10-10 02:22:51.833486|io_service-0x00007f3e2a3e7700|[P2P][Service] heartBeat,connected count=3
info|2025-10-10 02:22:52.205068|Download-1-0x00007f3e1d3cd700|[g:1][SYNC][id:374bdfe9...][Download][Request]Request blocks,from=184,to=184,peer=73994dae...
info|2025-10-10 02:22:52.209091|Download-1-0x00007f3e1d3cd700|[g:1][SYNC][id:374bdfe9...][Download][BlockSync]Download block execute,number=184,txs=1,hash=22a8c2ae...
info|2025-10-10 02:22:52.209161|Download-1-0x00007f3e1d3cd700|[g:1][BLOCKVERIFIER][executeBlock]Executing block,txNum=1,num=184,parentHash=84b9e5d996bf7a5eb7a7af1e23a8308230a576a20d5c81a92b78a013e510177d,parentNum=183,parentStateRoot=193aa4e3ddcabc3eb1c4bc64eca338693c126abd7770f253f6dd6e3fee2170ea
info|2025-10-10 02:22:52.209297|Download-1-0x00007f3e1d3cd700|[g:1][PRECOMPILED]init GasChargeManagePrecompiled
info|2025-10-10 02:22:52.209621|Download-1-0x00007f3e09ba6700|[PRECOMPILED][TimerPrecompiled]getCurrentTimeMillis,timeMillis=1760088172209
error|2025-10-10 02:22:52.209680|Download-1-0x00007f3e09ba6700|[PRECOMPILED]SM2EncryptPrecompiled exception:Unknown function
error|2025-10-10 02:22:52.209698|Download-1-0x00007f3e09ba6700|[EXECUTIVECONTEXT]PrecompiledException,address=000000000000000000000000000000000000500b,message:=Unknown function
error|2025-10-10 02:22:52.209722|Download-1-0x00007f3e09ba6700|[EXECUTIVE][TxExeError]Transaction execution error,TransactionExceptionID=22,hash=34fcf37998bfab32d1354d28f63091611b3b7e8622725266293468c69156e50d
error|2025-10-10 02:22:52.209994|Download-1-0x00007f3e1d3cd700|[g:1][BLOCKVERIFIER]Invalid Block with bad stateRoot or receiptRoot or dbHash,blkNum=184,originHash=22a8c2ae...,curHash=d70f1cff...,orgReceipt=ed245b8c...,curRecepit=8937e548...,orgTxRoot=2d8a5d62...,curTxRoot=2d8a5d62...,orgState=00000000...,curState=00000000...,orgDBHash=00000000...,curDBHash=00000000...
warning|2025-10-10 02:22:52.210076|Download-1-0x00007f3e1d3cd700|[g:1][BLOCKVERIFIER][executeBlock]executeBlock exception,blockNumber=184
info|2025-10-10 02:22:56.153765|fisco-bcos-0x00007f3e2d160dc0|[LEDGER]stop sealer,groupID=1
info|2025-10-10 02:22:56.153788|fisco-bcos-0x00007f3e2d160dc0|[CONSENSUS][SEALER]Stop sealer module...
info|2025-10-10 02:22:56.161768|fisco-bcos-0x00007f3e2d160dc0|[CONSENSUS][ConsensusEngine][Stop ConsensusEngineBase]
info|2025-10-10 02:22:56.162603|fisco-bcos-0x00007f3e2d160dc0|[CONSENSUS][ConsensusEngine]ConsensusEngineBase stopped
info|2025-10-10 02:22:56.162620|fisco-bcos-0x00007f3e2d160dc0|[LEDGER]sealer stopped. stop sync,groupID=1
info|2025-10-10 02:22:56.163095|fisco-bcos-0x00007f3e2d160dc0|[g:1] [SYNC][id:374bdfe9...]SyncMsgEngine stopped
info|2025-10-10 02:22:56.235266|fisco-bcos-0x00007f3e2d160dc0|[GossipBlockStatus]stop GossipBlockStatus succ
info|2025-10-10 02:22:57.115721|fisco-bcos-0x00007f3e2d160dc0|[SYNC][id:374bdfe9...][g:1]SyncMaster stopped
info|2025-10-10 02:22:57.115758|fisco-bcos-0x00007f3e2d160dc0|[LEDGER]sync stopped. stop event filter manager,groupID=1
info|2025-10-10 02:22:57.133580|fisco-bcos-0x00007f3e2d160dc0|[EVENT][EventLogFilterManager]stop
info|2025-10-10 02:22:57.133609|fisco-bcos-0x00007f3e2d160dc0|[LEDGER]event filter manager stopped. stop tx pool,groupID=1
info|2025-10-10 02:22:57.133929|fisco-bcos-0x00007f3e2d160dc0|[LEDGER]removeNetworkStatHandlerByGroupID and removeGroupBandwidthLimiter for service,groupID=1
info|2025-10-10 02:22:57.133968|fisco-bcos-0x00007f3e2d160dc0|[CHANNEL]removeSDKAllowListByGroupId,groupId=1
info|2025-10-10 02:22:57.133975|fisco-bcos-0x00007f3e2d160dc0|[INITIALIZER]ledgerInitializer stopped
warning|2025-10-10 02:22:57.134052|ChannelServer-0x00007f3e213d5700|[CHANNEL]Accept failed,message=Operation canceled
info|2025-10-10 02:22:57.416339|io_service-0x00007f3e2a3e7700|[NETWORK][Session]doRead failed,endpoint=127.0.0.1:30300,message=short read (SSL routines, SSL routines)
info|2025-10-10 02:22:57.416397|io_service-0x00007f3e2a3e7700|[NETWORK][Session]drop, call and erase all callbackFunc of the session!,endpoint=127.0.0.1:30300
info|2025-10-10 02:22:57.416450|io_service-0x00007f3e2a3e7700|[NETWORK][Session][drop] closing remote 127.0.0.1:30300,reason=Low-level TCP communication failed.,endpoint=127.0.0.1:30300
info|2025-10-10 02:22:57.416612|io_service-0x00007f3e2a3e7700|[NETWORK][Session]Session inactive
info|2025-10-10 02:22:57.416627|io_service-0x00007f3e2a3e7700|[NETWORK][Session]Session inactive
info|2025-10-10 02:22:57.416636|io_service-0x00007f3e2a3e7700|[NETWORK][Session][drop] shutdown failed ,code=9,message=Bad file descriptor
info|2025-10-10 02:22:57.417222|P2P-0x00007f3e2bbea700|[P2P][Service] disconnect inactive P2PSession,nodeID=73994dae...,endpoint=127.0.0.1:30300,code=3,what=Disconnect
info|2025-10-10 02:22:57.417273|P2P-0x00007f3e2bbea700|[P2P][Service] onDisconnect,code=3,what=Dynamic exception type: dev::network::NetworkException
std::exception::what: Disconnect
info|2025-10-10 02:22:58.134861|fisco-bcos-0x00007f3e2d160dc0|[INITIALIZER]ChannelRPCHttpServer deleted.
info|2025-10-10 02:22:58.135472|fisco-bcos-0x00007f3e2d160dc0|[INITIALIZER]JsonrpcHttpServer deleted.
info|2025-10-10 02:22:58.135511|fisco-bcos-0x00007f3e2d160dc0|[INITIALIZER]RPCInitializer stopped
info|2025-10-10 02:22:58.135547|io_service-0x00007f3e2a3e7700|[NETWORK][Host]Host exit
info|2025-10-10 02:22:58.136473|fisco-bcos-0x00007f3e2d160dc0|[INITIALIZER]P2PInitializer stopped
info|2025-10-10 02:22:58.136504|fisco-bcos-0x00007f3e2d160dc0|[LEDGER]stop sealer,groupID=1
info|2025-10-10 02:22:58.136512|fisco-bcos-0x00007f3e2d160dc0|[LEDGER]sealer stopped. stop sync,groupID=1
info|2025-10-10 02:22:58.136520|fisco-bcos-0x00007f3e2d160dc0|[g:1] [SYNC][id:374bdfe9...]SyncMsgEngine stopped
info|2025-10-10 02:22:58.136532|fisco-bcos-0x00007f3e2d160dc0|[GossipBlockStatus]GossipBlockStatus already stopped
info|2025-10-10 02:22:58.136536|fisco-bcos-0x00007f3e2d160dc0|[SYNC][id:374bdfe9...][g:1]SyncMaster stopped
info|2025-10-10 02:22:58.136542|fisco-bcos-0x00007f3e2d160dc0|[LEDGER]sync stopped. stop event filter manager,groupID=1
info|2025-10-10 02:22:58.136546|fisco-bcos-0x00007f3e2d160dc0|[LEDGER]event filter manager stopped. stop tx pool,groupID=1
info|2025-10-10 02:22:58.136552|fisco-bcos-0x00007f3e2d160dc0|[LEDGER]removeNetworkStatHandlerByGroupID and removeGroupBandwidthLimiter for service,groupID=1
info|2025-10-10 02:22:58.136564|fisco-bcos-0x00007f3e2d160dc0|[g:1][STORAGE][CachedStorage]Stopping flushStorage thread
info|2025-10-10 02:22:58.995685|fisco-bcos-0x00007f3e2d160dc0|[g:1][STORAGE][CachedStorage]flushStorage thread stopped.
info|2025-10-10 02:22:58.995715|fisco-bcos-0x00007f3e2d160dc0|[DBINITIALIZER] storage stopped
info|2025-10-10 02:22:58.997195|fisco-bcos-0x00007f3e2d160dc0|[g:1] [SYNC][id:374bdfe9...]SyncMsgEngine stopped
info|2025-10-10 02:22:58.997228|fisco-bcos-0x00007f3e2d160dc0|[GossipBlockStatus]GossipBlockStatus already stopped
info|2025-10-10 02:22:58.997232|fisco-bcos-0x00007f3e2d160dc0|[SYNC][id:374bdfe9...][g:1]SyncMaster stopped
info|2025-10-10 02:22:58.997249|fisco-bcos-0x00007f3e2d160dc0|[g:1] [SYNC][id:374bdfe9...]SyncMsgEngine stopped
