info|2025-10-10 02:00:00.123285|Sync-1-0x00007f2700fa9700|[g:1][SYNC][id:374bdfe9...]print sync info,peersCount=3,infoJson={"blockNumber":183,"genesisHash":"f0d3e67991e2c3d83533c031601c30c4741aba35d7d8017900779abe4ae22efe","isSyncing":true,"knownHighestNumber":266,"knownLatestHash":"128b4c6d4df1c7a66a5233094b5613352a5b5a3e88bc475771c46707af38980a","latestHash":"84b9e5d996bf7a5eb7a7af1e23a8308230a576a20d5c81a92b78a013e510177d","nodeId":"374bdfe969e1d8ea1200ade93e5d8cf1a7d5741f238011004b0f43ca818706f194b2f067e1708125f7ffc536610b9a72addbd56b238d65f18912be39037ffcc5","peers":[{"blockNumber":266,"genesisHash":"f0d3e67991e2c3d83533c031601c30c4741aba35d7d8017900779abe4ae22efe","latestHash":"128b4c6d4df1c7a66a5233094b5613352a5b5a3e88bc475771c46707af38980a","nodeId":"064cb676a36047a4b52ecbf9c01664b1e987d91b438110ba6a12d96972726622e824d295b1de8b0298b5afe7bbbc0bd04a3890e1a36eae028c1cfbe07971b995"},{"blockNumber":266,"genesisHash":"f0d3e67991e2c3d83533c031601c30c4741aba35d7d8017900779abe4ae22efe","latestHash":"128b4c6d4df1c7a66a5233094b5613352a5b5a3e88bc475771c46707af38980a","nodeId":"73994dae9e8b8da733108a4153dfe79151d701dff425f84c87b5324e8ebd02ab6a0ebc9e4f1e0298a7ddca50f94a8f95c62b6997226d571e470e8f2b0600634a"},{"blockNumber":266,"genesisHash":"f0d3e67991e2c3d83533c031601c30c4741aba35d7d8017900779abe4ae22efe","latestHash":"128b4c6d4df1c7a66a5233094b5613352a5b5a3e88bc475771c46707af38980a","nodeId":"87d00b98321fc70a5abc85ad9e80db10cce315194133697bf74aace1d3f8430957a766240f751752708f4282f46110d6ea56c3eb5d1c02ce98a66f327f595270"}],"protocolId":65545,"txPoolSize":"0"}
info|2025-10-10 02:00:02.543594|io_service-0x00007f27197da700|[P2P][Service] heartBeat,connected count=3
info|2025-10-10 02:00:02.598368|Download-1-0x00007f270c7c0700|[g:1][SYNC][id:374bdfe9...][Download][Request]Request blocks,from=184,to=184,peer=87d00b98...
info|2025-10-10 02:00:02.602736|Download-1-0x00007f270c7c0700|[g:1][SYNC][id:374bdfe9...][Download][BlockSync]Download block execute,number=184,txs=1,hash=22a8c2ae...
info|2025-10-10 02:00:02.602803|Download-1-0x00007f270c7c0700|[g:1][BLOCKVERIFIER][executeBlock]Executing block,txNum=1,num=184,parentHash=84b9e5d996bf7a5eb7a7af1e23a8308230a576a20d5c81a92b78a013e510177d,parentNum=183,parentStateRoot=193aa4e3ddcabc3eb1c4bc64eca338693c126abd7770f253f6dd6e3fee2170ea
info|2025-10-10 02:00:02.602974|Download-1-0x00007f270c7c0700|[g:1][PRECOMPILED]init GasChargeManagePrecompiled
info|2025-10-10 02:00:02.603294|Download-1-0x00007f26f8f99700|[PRECOMPILED][TimerPrecompiled]getCurrentTimeMillis,timeMillis=1760086802603
error|2025-10-10 02:00:02.603377|Download-1-0x00007f26f8f99700|[PRECOMPILED]SM2EncryptPrecompiled exception:Unknown function
error|2025-10-10 02:00:02.603397|Download-1-0x00007f26f8f99700|[EXECUTIVECONTEXT]PrecompiledException,address=000000000000000000000000000000000000500b,message:=Unknown function
error|2025-10-10 02:00:02.603425|Download-1-0x00007f26f8f99700|[EXECUTIVE][TxExeError]Transaction execution error,TransactionExceptionID=22,hash=34fcf37998bfab32d1354d28f63091611b3b7e8622725266293468c69156e50d
error|2025-10-10 02:00:02.603720|Download-1-0x00007f270c7c0700|[g:1][BLOCKVERIFIER]Invalid Block with bad stateRoot or receiptRoot or dbHash,blkNum=184,originHash=22a8c2ae...,curHash=d70f1cff...,orgReceipt=ed245b8c...,curRecepit=8937e548...,orgTxRoot=2d8a5d62...,curTxRoot=2d8a5d62...,orgState=00000000...,curState=00000000...,orgDBHash=00000000...,curDBHash=00000000...
warning|2025-10-10 02:00:02.603839|Download-1-0x00007f270c7c0700|[g:1][BLOCKVERIFIER][executeBlock]executeBlock exception,blockNumber=184
info|2025-10-10 02:00:09.113997|Download-1-0x00007f270c7c0700|[g:1][SYNC][id:374bdfe9...][Download][Request]Request blocks,from=184,to=184,peer=87d00b98...
info|2025-10-10 02:00:09.117868|Download-1-0x00007f270c7c0700|[g:1][SYNC][id:374bdfe9...][Download][BlockSync]Download block execute,number=184,txs=1,hash=22a8c2ae...
info|2025-10-10 02:00:09.117905|Download-1-0x00007f270c7c0700|[g:1][BLOCKVERIFIER][executeBlock]Executing block,txNum=1,num=184,parentHash=84b9e5d996bf7a5eb7a7af1e23a8308230a576a20d5c81a92b78a013e510177d,parentNum=183,parentStateRoot=193aa4e3ddcabc3eb1c4bc64eca338693c126abd7770f253f6dd6e3fee2170ea
info|2025-10-10 02:00:09.118034|Download-1-0x00007f270c7c0700|[g:1][PRECOMPILED]init GasChargeManagePrecompiled
info|2025-10-10 02:00:09.118442|Download-1-0x00007f26f8f99700|[PRECOMPILED][TimerPrecompiled]getCurrentTimeMillis,timeMillis=1760086809118
error|2025-10-10 02:00:09.118564|Download-1-0x00007f26f8f99700|[PRECOMPILED]SM2EncryptPrecompiled exception:Unknown function
error|2025-10-10 02:00:09.118603|Download-1-0x00007f26f8f99700|[EXECUTIVECONTEXT]PrecompiledException,address=000000000000000000000000000000000000500b,message:=Unknown function
error|2025-10-10 02:00:09.118632|Download-1-0x00007f26f8f99700|[EXECUTIVE][TxExeError]Transaction execution error,TransactionExceptionID=22,hash=34fcf37998bfab32d1354d28f63091611b3b7e8622725266293468c69156e50d
error|2025-10-10 02:00:09.118926|Download-1-0x00007f270c7c0700|[g:1][BLOCKVERIFIER]Invalid Block with bad stateRoot or receiptRoot or dbHash,blkNum=184,originHash=22a8c2ae...,curHash=d70f1cff...,orgReceipt=ed245b8c...,curRecepit=8937e548...,orgTxRoot=2d8a5d62...,curTxRoot=2d8a5d62...,orgState=00000000...,curState=00000000...,orgDBHash=00000000...,curDBHash=00000000...
warning|2025-10-10 02:00:09.119012|Download-1-0x00007f270c7c0700|[g:1][BLOCKVERIFIER][executeBlock]executeBlock exception,blockNumber=184
info|2025-10-10 02:00:12.544052|io_service-0x00007f27197da700|[P2P][Service] heartBeat,connected count=3
info|2025-10-10 02:00:15.605665|Download-1-0x00007f270c7c0700|[g:1][SYNC][id:374bdfe9...][Download][Request]Request blocks,from=184,to=184,peer=064cb676...
info|2025-10-10 02:00:15.609651|Download-1-0x00007f270c7c0700|[g:1][SYNC][id:374bdfe9...][Download][BlockSync]Download block execute,number=184,txs=1,hash=22a8c2ae...
info|2025-10-10 02:00:15.609734|Download-1-0x00007f270c7c0700|[g:1][BLOCKVERIFIER][executeBlock]Executing block,txNum=1,num=184,parentHash=84b9e5d996bf7a5eb7a7af1e23a8308230a576a20d5c81a92b78a013e510177d,parentNum=183,parentStateRoot=193aa4e3ddcabc3eb1c4bc64eca338693c126abd7770f253f6dd6e3fee2170ea
info|2025-10-10 02:00:15.609891|Download-1-0x00007f270c7c0700|[g:1][PRECOMPILED]init GasChargeManagePrecompiled
info|2025-10-10 02:00:15.610281|Download-1-0x00007f270c7c0700|[g:1][PRECOMPILED][TimerPrecompiled]getCurrentTimeMillis,timeMillis=1760086815610
error|2025-10-10 02:00:15.610413|Download-1-0x00007f270c7c0700|[g:1][PRECOMPILED]SM2EncryptPrecompiled exception:Unknown function
error|2025-10-10 02:00:15.610456|Download-1-0x00007f270c7c0700|[g:1][EXECUTIVECONTEXT]PrecompiledException,address=000000000000000000000000000000000000500b,message:=Unknown function
error|2025-10-10 02:00:15.610499|Download-1-0x00007f270c7c0700|[g:1][EXECUTIVE][TxExeError]Transaction execution error,TransactionExceptionID=22,hash=34fcf37998bfab32d1354d28f63091611b3b7e8622725266293468c69156e50d
error|2025-10-10 02:00:15.610678|Download-1-0x00007f270c7c0700|[g:1][BLOCKVERIFIER]Invalid Block with bad stateRoot or receiptRoot or dbHash,blkNum=184,originHash=22a8c2ae...,curHash=d70f1cff...,orgReceipt=ed245b8c...,curRecepit=8937e548...,orgTxRoot=2d8a5d62...,curTxRoot=2d8a5d62...,orgState=00000000...,curState=00000000...,orgDBHash=00000000...,curDBHash=00000000...
warning|2025-10-10 02:00:15.610774|Download-1-0x00007f270c7c0700|[g:1][BLOCKVERIFIER][executeBlock]executeBlock exception,blockNumber=184
info|2025-10-10 02:00:22.142270|Download-1-0x00007f270c7c0700|[g:1][SYNC][id:374bdfe9...][Download][Request]Request blocks,from=184,to=184,peer=87d00b98...
info|2025-10-10 02:00:22.146364|Download-1-0x00007f270c7c0700|[g:1][SYNC][id:374bdfe9...][Download][BlockSync]Download block execute,number=184,txs=1,hash=22a8c2ae...
info|2025-10-10 02:00:22.146442|Download-1-0x00007f270c7c0700|[g:1][BLOCKVERIFIER][executeBlock]Executing block,txNum=1,num=184,parentHash=84b9e5d996bf7a5eb7a7af1e23a8308230a576a20d5c81a92b78a013e510177d,parentNum=183,parentStateRoot=193aa4e3ddcabc3eb1c4bc64eca338693c126abd7770f253f6dd6e3fee2170ea
info|2025-10-10 02:00:22.146629|Download-1-0x00007f270c7c0700|[g:1][PRECOMPILED]init GasChargeManagePrecompiled
info|2025-10-10 02:00:22.147000|Download-1-0x00007f270c7c0700|[g:1][PRECOMPILED][TimerPrecompiled]getCurrentTimeMillis,timeMillis=1760086822146
error|2025-10-10 02:00:22.147106|Download-1-0x00007f270c7c0700|[g:1][PRECOMPILED]SM2EncryptPrecompiled exception:Unknown function
error|2025-10-10 02:00:22.147152|Download-1-0x00007f270c7c0700|[g:1][EXECUTIVECONTEXT]PrecompiledException,address=000000000000000000000000000000000000500b,message:=Unknown function
error|2025-10-10 02:00:22.147190|Download-1-0x00007f270c7c0700|[g:1][EXECUTIVE][TxExeError]Transaction execution error,TransactionExceptionID=22,hash=34fcf37998bfab32d1354d28f63091611b3b7e8622725266293468c69156e50d
error|2025-10-10 02:00:22.147344|Download-1-0x00007f270c7c0700|[g:1][BLOCKVERIFIER]Invalid Block with bad stateRoot or receiptRoot or dbHash,blkNum=184,originHash=22a8c2ae...,curHash=d70f1cff...,orgReceipt=ed245b8c...,curRecepit=8937e548...,orgTxRoot=2d8a5d62...,curTxRoot=2d8a5d62...,orgState=00000000...,curState=00000000...,orgDBHash=00000000...,curDBHash=00000000...
warning|2025-10-10 02:00:22.147426|Download-1-0x00007f270c7c0700|[g:1][BLOCKVERIFIER][executeBlock]executeBlock exception,blockNumber=184
info|2025-10-10 02:00:22.544817|io_service-0x00007f27197da700|[P2P][Service] heartBeat,connected count=3
info|2025-10-10 02:00:28.613042|Download-1-0x00007f270c7c0700|[g:1][SYNC][id:374bdfe9...][Download][Request]Request blocks,from=184,to=184,peer=064cb676...
info|2025-10-10 02:00:28.617072|Download-1-0x00007f270c7c0700|[g:1][SYNC][id:374bdfe9...][Download][BlockSync]Download block execute,number=184,txs=1,hash=22a8c2ae...
info|2025-10-10 02:00:28.617106|Download-1-0x00007f270c7c0700|[g:1][BLOCKVERIFIER][executeBlock]Executing block,txNum=1,num=184,parentHash=84b9e5d996bf7a5eb7a7af1e23a8308230a576a20d5c81a92b78a013e510177d,parentNum=183,parentStateRoot=193aa4e3ddcabc3eb1c4bc64eca338693c126abd7770f253f6dd6e3fee2170ea
info|2025-10-10 02:00:28.617262|Download-1-0x00007f270c7c0700|[g:1][PRECOMPILED]init GasChargeManagePrecompiled
info|2025-10-10 02:00:28.617620|Download-1-0x00007f26f8f99700|[PRECOMPILED][TimerPrecompiled]getCurrentTimeMillis,timeMillis=1760086828617
error|2025-10-10 02:00:28.617714|Download-1-0x00007f26f8f99700|[PRECOMPILED]SM2EncryptPrecompiled exception:Unknown function
error|2025-10-10 02:00:28.617735|Download-1-0x00007f26f8f99700|[EXECUTIVECONTEXT]PrecompiledException,address=000000000000000000000000000000000000500b,message:=Unknown function
error|2025-10-10 02:00:28.617764|Download-1-0x00007f26f8f99700|[EXECUTIVE][TxExeError]Transaction execution error,TransactionExceptionID=22,hash=34fcf37998bfab32d1354d28f63091611b3b7e8622725266293468c69156e50d
error|2025-10-10 02:00:28.618082|Download-1-0x00007f270c7c0700|[g:1][BLOCKVERIFIER]Invalid Block with bad stateRoot or receiptRoot or dbHash,blkNum=184,originHash=22a8c2ae...,curHash=d70f1cff...,orgReceipt=ed245b8c...,curRecepit=8937e548...,orgTxRoot=2d8a5d62...,curTxRoot=2d8a5d62...,orgState=00000000...,curState=00000000...,orgDBHash=00000000...,curDBHash=00000000...
warning|2025-10-10 02:00:28.618798|Download-1-0x00007f270c7c0700|[g:1][BLOCKVERIFIER][executeBlock]executeBlock exception,blockNumber=184
info|2025-10-10 02:00:32.544937|io_service-0x00007f27197da700|[P2P][Service] heartBeat,connected count=3
info|2025-10-10 02:00:35.030958|Download-1-0x00007f270c7c0700|[g:1][SYNC][id:374bdfe9...][Download][Request]Request blocks,from=184,to=184,peer=87d00b98...
info|2025-10-10 02:00:35.034644|Download-1-0x00007f270c7c0700|[g:1][SYNC][id:374bdfe9...][Download][BlockSync]Download block execute,number=184,txs=1,hash=22a8c2ae...
info|2025-10-10 02:00:35.034710|Download-1-0x00007f270c7c0700|[g:1][BLOCKVERIFIER][executeBlock]Executing block,txNum=1,num=184,parentHash=84b9e5d996bf7a5eb7a7af1e23a8308230a576a20d5c81a92b78a013e510177d,parentNum=183,parentStateRoot=193aa4e3ddcabc3eb1c4bc64eca338693c126abd7770f253f6dd6e3fee2170ea
info|2025-10-10 02:00:35.034884|Download-1-0x00007f270c7c0700|[g:1][PRECOMPILED]init GasChargeManagePrecompiled
info|2025-10-10 02:00:35.035216|Download-1-0x00007f270c7c0700|[g:1][PRECOMPILED][TimerPrecompiled]getCurrentTimeMillis,timeMillis=1760086835035
error|2025-10-10 02:00:35.035361|Download-1-0x00007f270c7c0700|[g:1][PRECOMPILED]SM2EncryptPrecompiled exception:Unknown function
error|2025-10-10 02:00:35.035404|Download-1-0x00007f270c7c0700|[g:1][EXECUTIVECONTEXT]PrecompiledException,address=000000000000000000000000000000000000500b,message:=Unknown function
error|2025-10-10 02:00:35.035446|Download-1-0x00007f270c7c0700|[g:1][EXECUTIVE][TxExeError]Transaction execution error,TransactionExceptionID=22,hash=34fcf37998bfab32d1354d28f63091611b3b7e8622725266293468c69156e50d
error|2025-10-10 02:00:35.035604|Download-1-0x00007f270c7c0700|[g:1][BLOCKVERIFIER]Invalid Block with bad stateRoot or receiptRoot or dbHash,blkNum=184,originHash=22a8c2ae...,curHash=d70f1cff...,orgReceipt=ed245b8c...,curRecepit=8937e548...,orgTxRoot=2d8a5d62...,curTxRoot=2d8a5d62...,orgState=00000000...,curState=00000000...,orgDBHash=00000000...,curDBHash=00000000...
warning|2025-10-10 02:00:35.035696|Download-1-0x00007f270c7c0700|[g:1][BLOCKVERIFIER][executeBlock]executeBlock exception,blockNumber=184
info|2025-10-10 02:00:41.619581|Download-1-0x00007f270c7c0700|[g:1][SYNC][id:374bdfe9...][Download][Request]Request blocks,from=184,to=184,peer=064cb676...
info|2025-10-10 02:00:41.623459|Download-1-0x00007f270c7c0700|[g:1][SYNC][id:374bdfe9...][Download][BlockSync]Download block execute,number=184,txs=1,hash=22a8c2ae...
info|2025-10-10 02:00:41.623519|Download-1-0x00007f270c7c0700|[g:1][BLOCKVERIFIER][executeBlock]Executing block,txNum=1,num=184,parentHash=84b9e5d996bf7a5eb7a7af1e23a8308230a576a20d5c81a92b78a013e510177d,parentNum=183,parentStateRoot=193aa4e3ddcabc3eb1c4bc64eca338693c126abd7770f253f6dd6e3fee2170ea
info|2025-10-10 02:00:41.623688|Download-1-0x00007f270c7c0700|[g:1][PRECOMPILED]init GasChargeManagePrecompiled
info|2025-10-10 02:00:41.624003|Download-1-0x00007f270c7c0700|[g:1][PRECOMPILED][TimerPrecompiled]getCurrentTimeMillis,timeMillis=1760086841624
error|2025-10-10 02:00:41.624105|Download-1-0x00007f270c7c0700|[g:1][PRECOMPILED]SM2EncryptPrecompiled exception:Unknown function
error|2025-10-10 02:00:41.624150|Download-1-0x00007f270c7c0700|[g:1][EXECUTIVECONTEXT]PrecompiledException,address=000000000000000000000000000000000000500b,message:=Unknown function
error|2025-10-10 02:00:41.624233|Download-1-0x00007f270c7c0700|[g:1][EXECUTIVE][TxExeError]Transaction execution error,TransactionExceptionID=22,hash=34fcf37998bfab32d1354d28f63091611b3b7e8622725266293468c69156e50d
error|2025-10-10 02:00:41.624517|Download-1-0x00007f270c7c0700|[g:1][BLOCKVERIFIER]Invalid Block with bad stateRoot or receiptRoot or dbHash,blkNum=184,originHash=22a8c2ae...,curHash=d70f1cff...,orgReceipt=ed245b8c...,curRecepit=8937e548...,orgTxRoot=2d8a5d62...,curTxRoot=2d8a5d62...,orgState=00000000...,curState=00000000...,orgDBHash=00000000...,curDBHash=00000000...
warning|2025-10-10 02:00:41.624613|Download-1-0x00007f270c7c0700|[g:1][BLOCKVERIFIER][executeBlock]executeBlock exception,blockNumber=184
info|2025-10-10 02:00:42.545191|io_service-0x00007f27197da700|[P2P][Service] heartBeat,connected count=3
info|2025-10-10 02:00:48.164590|Download-1-0x00007f270c7c0700|[g:1][SYNC][id:374bdfe9...][Download][Request]Request blocks,from=184,to=184,peer=87d00b98...
info|2025-10-10 02:00:48.168298|Download-1-0x00007f270c7c0700|[g:1][SYNC][id:374bdfe9...][Download][BlockSync]Download block execute,number=184,txs=1,hash=22a8c2ae...
info|2025-10-10 02:00:48.168357|Download-1-0x00007f270c7c0700|[g:1][BLOCKVERIFIER][executeBlock]Executing block,txNum=1,num=184,parentHash=84b9e5d996bf7a5eb7a7af1e23a8308230a576a20d5c81a92b78a013e510177d,parentNum=183,parentStateRoot=193aa4e3ddcabc3eb1c4bc64eca338693c126abd7770f253f6dd6e3fee2170ea
info|2025-10-10 02:00:48.168530|Download-1-0x00007f270c7c0700|[g:1][PRECOMPILED]init GasChargeManagePrecompiled
info|2025-10-10 02:00:48.168842|Download-1-0x00007f270c7c0700|[g:1][PRECOMPILED][TimerPrecompiled]getCurrentTimeMillis,timeMillis=1760086848168
error|2025-10-10 02:00:48.168965|Download-1-0x00007f270c7c0700|[g:1][PRECOMPILED]SM2EncryptPrecompiled exception:Unknown function
error|2025-10-10 02:00:48.169025|Download-1-0x00007f270c7c0700|[g:1][EXECUTIVECONTEXT]PrecompiledException,address=000000000000000000000000000000000000500b,message:=Unknown function
error|2025-10-10 02:00:48.169066|Download-1-0x00007f270c7c0700|[g:1][EXECUTIVE][TxExeError]Transaction execution error,TransactionExceptionID=22,hash=34fcf37998bfab32d1354d28f63091611b3b7e8622725266293468c69156e50d
error|2025-10-10 02:00:48.169221|Download-1-0x00007f270c7c0700|[g:1][BLOCKVERIFIER]Invalid Block with bad stateRoot or receiptRoot or dbHash,blkNum=184,originHash=22a8c2ae...,curHash=d70f1cff...,orgReceipt=ed245b8c...,curRecepit=8937e548...,orgTxRoot=2d8a5d62...,curTxRoot=2d8a5d62...,orgState=00000000...,curState=00000000...,orgDBHash=00000000...,curDBHash=00000000...
warning|2025-10-10 02:00:48.169306|Download-1-0x00007f270c7c0700|[g:1][BLOCKVERIFIER][executeBlock]executeBlock exception,blockNumber=184
info|2025-10-10 02:00:52.545719|io_service-0x00007f27197da700|[P2P][Service] heartBeat,connected count=3
info|2025-10-10 02:00:54.631004|Download-1-0x00007f270c7c0700|[g:1][SYNC][id:374bdfe9...][Download][Request]Request blocks,from=184,to=184,peer=064cb676...
info|2025-10-10 02:00:54.635199|Download-1-0x00007f270c7c0700|[g:1][SYNC][id:374bdfe9...][Download][BlockSync]Download block execute,number=184,txs=1,hash=22a8c2ae...
info|2025-10-10 02:00:54.635241|Download-1-0x00007f270c7c0700|[g:1][BLOCKVERIFIER][executeBlock]Executing block,txNum=1,num=184,parentHash=84b9e5d996bf7a5eb7a7af1e23a8308230a576a20d5c81a92b78a013e510177d,parentNum=183,parentStateRoot=193aa4e3ddcabc3eb1c4bc64eca338693c126abd7770f253f6dd6e3fee2170ea
info|2025-10-10 02:00:54.635374|Download-1-0x00007f270c7c0700|[g:1][PRECOMPILED]init GasChargeManagePrecompiled
info|2025-10-10 02:00:54.635707|Download-1-0x00007f26f8f99700|[PRECOMPILED][TimerPrecompiled]getCurrentTimeMillis,timeMillis=1760086854635
error|2025-10-10 02:00:54.635786|Download-1-0x00007f26f8f99700|[PRECOMPILED]SM2EncryptPrecompiled exception:Unknown function
error|2025-10-10 02:00:54.635823|Download-1-0x00007f26f8f99700|[EXECUTIVECONTEXT]PrecompiledException,address=000000000000000000000000000000000000500b,message:=Unknown function
error|2025-10-10 02:00:54.635852|Download-1-0x00007f26f8f99700|[EXECUTIVE][TxExeError]Transaction execution error,TransactionExceptionID=22,hash=34fcf37998bfab32d1354d28f63091611b3b7e8622725266293468c69156e50d
error|2025-10-10 02:00:54.636112|Download-1-0x00007f270c7c0700|[g:1][BLOCKVERIFIER]Invalid Block with bad stateRoot or receiptRoot or dbHash,blkNum=184,originHash=22a8c2ae...,curHash=d70f1cff...,orgReceipt=ed245b8c...,curRecepit=8937e548...,orgTxRoot=2d8a5d62...,curTxRoot=2d8a5d62...,orgState=00000000...,curState=00000000...,orgDBHash=00000000...,curDBHash=00000000...
warning|2025-10-10 02:00:54.636198|Download-1-0x00007f270c7c0700|[g:1][BLOCKVERIFIER][executeBlock]executeBlock exception,blockNumber=184
info|2025-10-10 02:01:01.171470|Download-1-0x00007f270c7c0700|[g:1][SYNC][id:374bdfe9...][Download][Request]Request blocks,from=184,to=184,peer=064cb676...
info|2025-10-10 02:01:01.175374|Download-1-0x00007f270c7c0700|[g:1][SYNC][id:374bdfe9...][Download][BlockSync]Download block execute,number=184,txs=1,hash=22a8c2ae...
info|2025-10-10 02:01:01.175462|Download-1-0x00007f270c7c0700|[g:1][BLOCKVERIFIER][executeBlock]Executing block,txNum=1,num=184,parentHash=84b9e5d996bf7a5eb7a7af1e23a8308230a576a20d5c81a92b78a013e510177d,parentNum=183,parentStateRoot=193aa4e3ddcabc3eb1c4bc64eca338693c126abd7770f253f6dd6e3fee2170ea
info|2025-10-10 02:01:01.175579|Download-1-0x00007f270c7c0700|[g:1][PRECOMPILED]init GasChargeManagePrecompiled
info|2025-10-10 02:01:01.175899|Download-1-0x00007f26f8f99700|[PRECOMPILED][TimerPrecompiled]getCurrentTimeMillis,timeMillis=1760086861175
error|2025-10-10 02:01:01.175982|Download-1-0x00007f26f8f99700|[PRECOMPILED]SM2EncryptPrecompiled exception:Unknown function
error|2025-10-10 02:01:01.176024|Download-1-0x00007f26f8f99700|[EXECUTIVECONTEXT]PrecompiledException,address=000000000000000000000000000000000000500b,message:=Unknown function
error|2025-10-10 02:01:01.176054|Download-1-0x00007f26f8f99700|[EXECUTIVE][TxExeError]Transaction execution error,TransactionExceptionID=22,hash=34fcf37998bfab32d1354d28f63091611b3b7e8622725266293468c69156e50d
error|2025-10-10 02:01:01.176340|Download-1-0x00007f270c7c0700|[g:1][BLOCKVERIFIER]Invalid Block with bad stateRoot or receiptRoot or dbHash,blkNum=184,originHash=22a8c2ae...,curHash=d70f1cff...,orgReceipt=ed245b8c...,curRecepit=8937e548...,orgTxRoot=2d8a5d62...,curTxRoot=2d8a5d62...,orgState=00000000...,curState=00000000...,orgDBHash=00000000...,curDBHash=00000000...
warning|2025-10-10 02:01:01.176437|Download-1-0x00007f270c7c0700|[g:1][BLOCKVERIFIER][executeBlock]executeBlock exception,blockNumber=184
info|2025-10-10 02:01:02.545887|io_service-0x00007f27197da700|[P2P][Service] heartBeat,connected count=3
info|2025-10-10 02:01:07.642775|Download-1-0x00007f270c7c0700|[g:1][SYNC][id:374bdfe9...][Download][Request]Request blocks,from=184,to=184,peer=73994dae...
info|2025-10-10 02:01:07.646576|Download-1-0x00007f270c7c0700|[g:1][SYNC][id:374bdfe9...][Download][BlockSync]Download block execute,number=184,txs=1,hash=22a8c2ae...
info|2025-10-10 02:01:07.646706|Download-1-0x00007f270c7c0700|[g:1][BLOCKVERIFIER][executeBlock]Executing block,txNum=1,num=184,parentHash=84b9e5d996bf7a5eb7a7af1e23a8308230a576a20d5c81a92b78a013e510177d,parentNum=183,parentStateRoot=193aa4e3ddcabc3eb1c4bc64eca338693c126abd7770f253f6dd6e3fee2170ea
info|2025-10-10 02:01:07.646903|Download-1-0x00007f270c7c0700|[g:1][PRECOMPILED]init GasChargeManagePrecompiled
info|2025-10-10 02:01:07.647248|Download-1-0x00007f270c7c0700|[g:1][PRECOMPILED][TimerPrecompiled]getCurrentTimeMillis,timeMillis=1760086867647
error|2025-10-10 02:01:07.647335|Download-1-0x00007f270c7c0700|[g:1][PRECOMPILED]SM2EncryptPrecompiled exception:Unknown function
error|2025-10-10 02:01:07.647367|Download-1-0x00007f270c7c0700|[g:1][EXECUTIVECONTEXT]PrecompiledException,address=000000000000000000000000000000000000500b,message:=Unknown function
error|2025-10-10 02:01:07.647406|Download-1-0x00007f270c7c0700|[g:1][EXECUTIVE][TxExeError]Transaction execution error,TransactionExceptionID=22,hash=34fcf37998bfab32d1354d28f63091611b3b7e8622725266293468c69156e50d
error|2025-10-10 02:01:07.647700|Download-1-0x00007f270c7c0700|[g:1][BLOCKVERIFIER]Invalid Block with bad stateRoot or receiptRoot or dbHash,blkNum=184,originHash=22a8c2ae...,curHash=d70f1cff...,orgReceipt=ed245b8c...,curRecepit=8937e548...,orgTxRoot=2d8a5d62...,curTxRoot=2d8a5d62...,orgState=00000000...,curState=00000000...,orgDBHash=00000000...,curDBHash=00000000...
warning|2025-10-10 02:01:07.647803|Download-1-0x00007f270c7c0700|[g:1][BLOCKVERIFIER][executeBlock]executeBlock exception,blockNumber=184
info|2025-10-10 02:01:12.546692|io_service-0x00007f27197da700|[P2P][Service] heartBeat,connected count=3
info|2025-10-10 02:01:14.180144|Download-1-0x00007f270c7c0700|[g:1][SYNC][id:374bdfe9...][Download][Request]Request blocks,from=184,to=184,peer=064cb676...
info|2025-10-10 02:01:14.184042|Download-1-0x00007f270c7c0700|[g:1][SYNC][id:374bdfe9...][Download][BlockSync]Download block execute,number=184,txs=1,hash=22a8c2ae...
info|2025-10-10 02:01:14.184076|Download-1-0x00007f270c7c0700|[g:1][BLOCKVERIFIER][executeBlock]Executing block,txNum=1,num=184,parentHash=84b9e5d996bf7a5eb7a7af1e23a8308230a576a20d5c81a92b78a013e510177d,parentNum=183,parentStateRoot=193aa4e3ddcabc3eb1c4bc64eca338693c126abd7770f253f6dd6e3fee2170ea
info|2025-10-10 02:01:14.184255|Download-1-0x00007f270c7c0700|[g:1][PRECOMPILED]init GasChargeManagePrecompiled
info|2025-10-10 02:01:14.184641|Download-1-0x00007f26f8f99700|[PRECOMPILED][TimerPrecompiled]getCurrentTimeMillis,timeMillis=1760086874184
error|2025-10-10 02:01:14.184750|Download-1-0x00007f26f8f99700|[PRECOMPILED]SM2EncryptPrecompiled exception:Unknown function
error|2025-10-10 02:01:14.184789|Download-1-0x00007f26f8f99700|[EXECUTIVECONTEXT]PrecompiledException,address=000000000000000000000000000000000000500b,message:=Unknown function
error|2025-10-10 02:01:14.184819|Download-1-0x00007f26f8f99700|[EXECUTIVE][TxExeError]Transaction execution error,TransactionExceptionID=22,hash=34fcf37998bfab32d1354d28f63091611b3b7e8622725266293468c69156e50d
error|2025-10-10 02:01:14.185128|Download-1-0x00007f270c7c0700|[g:1][BLOCKVERIFIER]Invalid Block with bad stateRoot or receiptRoot or dbHash,blkNum=184,originHash=22a8c2ae...,curHash=d70f1cff...,orgReceipt=ed245b8c...,curRecepit=8937e548...,orgTxRoot=2d8a5d62...,curTxRoot=2d8a5d62...,orgState=00000000...,curState=00000000...,orgDBHash=00000000...,curDBHash=00000000...
warning|2025-10-10 02:01:14.185250|Download-1-0x00007f270c7c0700|[g:1][BLOCKVERIFIER][executeBlock]executeBlock exception,blockNumber=184
info|2025-10-10 02:01:20.621043|Download-1-0x00007f270c7c0700|[g:1][SYNC][id:374bdfe9...][Download][Request]Request blocks,from=184,to=184,peer=87d00b98...
info|2025-10-10 02:01:20.625008|Download-1-0x00007f270c7c0700|[g:1][SYNC][id:374bdfe9...][Download][BlockSync]Download block execute,number=184,txs=1,hash=22a8c2ae...
info|2025-10-10 02:01:20.625065|Download-1-0x00007f270c7c0700|[g:1][BLOCKVERIFIER][executeBlock]Executing block,txNum=1,num=184,parentHash=84b9e5d996bf7a5eb7a7af1e23a8308230a576a20d5c81a92b78a013e510177d,parentNum=183,parentStateRoot=193aa4e3ddcabc3eb1c4bc64eca338693c126abd7770f253f6dd6e3fee2170ea
info|2025-10-10 02:01:20.625234|Download-1-0x00007f270c7c0700|[g:1][PRECOMPILED]init GasChargeManagePrecompiled
info|2025-10-10 02:01:20.625565|Download-1-0x00007f270c7c0700|[g:1][PRECOMPILED][TimerPrecompiled]getCurrentTimeMillis,timeMillis=1760086880625
error|2025-10-10 02:01:20.625667|Download-1-0x00007f270c7c0700|[g:1][PRECOMPILED]SM2EncryptPrecompiled exception:Unknown function
error|2025-10-10 02:01:20.625712|Download-1-0x00007f270c7c0700|[g:1][EXECUTIVECONTEXT]PrecompiledException,address=000000000000000000000000000000000000500b,message:=Unknown function
error|2025-10-10 02:01:20.625752|Download-1-0x00007f270c7c0700|[g:1][EXECUTIVE][TxExeError]Transaction execution error,TransactionExceptionID=22,hash=34fcf37998bfab32d1354d28f63091611b3b7e8622725266293468c69156e50d
error|2025-10-10 02:01:20.625904|Download-1-0x00007f270c7c0700|[g:1][BLOCKVERIFIER]Invalid Block with bad stateRoot or receiptRoot or dbHash,blkNum=184,originHash=22a8c2ae...,curHash=d70f1cff...,orgReceipt=ed245b8c...,curRecepit=8937e548...,orgTxRoot=2d8a5d62...,curTxRoot=2d8a5d62...,orgState=00000000...,curState=00000000...,orgDBHash=00000000...,curDBHash=00000000...
warning|2025-10-10 02:01:20.626011|Download-1-0x00007f270c7c0700|[g:1][BLOCKVERIFIER][executeBlock]executeBlock exception,blockNumber=184
info|2025-10-10 02:01:22.547153|io_service-0x00007f27197da700|[P2P][Service] heartBeat,connected count=3
info|2025-10-10 02:01:27.197369|Download-1-0x00007f270c7c0700|[g:1][SYNC][id:374bdfe9...][Download][Request]Request blocks,from=184,to=184,peer=87d00b98...
info|2025-10-10 02:01:27.201491|Download-1-0x00007f270c7c0700|[g:1][SYNC][id:374bdfe9...][Download][BlockSync]Download block execute,number=184,txs=1,hash=22a8c2ae...
info|2025-10-10 02:01:27.201526|Download-1-0x00007f270c7c0700|[g:1][BLOCKVERIFIER][executeBlock]Executing block,txNum=1,num=184,parentHash=84b9e5d996bf7a5eb7a7af1e23a8308230a576a20d5c81a92b78a013e510177d,parentNum=183,parentStateRoot=193aa4e3ddcabc3eb1c4bc64eca338693c126abd7770f253f6dd6e3fee2170ea
info|2025-10-10 02:01:27.201676|Download-1-0x00007f270c7c0700|[g:1][PRECOMPILED]init GasChargeManagePrecompiled
info|2025-10-10 02:01:27.202049|Download-1-0x00007f26f8f99700|[PRECOMPILED][TimerPrecompiled]getCurrentTimeMillis,timeMillis=1760086887202
error|2025-10-10 02:01:27.202164|Download-1-0x00007f26f8f99700|[PRECOMPILED]SM2EncryptPrecompiled exception:Unknown function
error|2025-10-10 02:01:27.202203|Download-1-0x00007f26f8f99700|[EXECUTIVECONTEXT]PrecompiledException,address=000000000000000000000000000000000000500b,message:=Unknown function
error|2025-10-10 02:01:27.202233|Download-1-0x00007f26f8f99700|[EXECUTIVE][TxExeError]Transaction execution error,TransactionExceptionID=22,hash=34fcf37998bfab32d1354d28f63091611b3b7e8622725266293468c69156e50d
error|2025-10-10 02:01:27.202488|Download-1-0x00007f270c7c0700|[g:1][BLOCKVERIFIER]Invalid Block with bad stateRoot or receiptRoot or dbHash,blkNum=184,originHash=22a8c2ae...,curHash=d70f1cff...,orgReceipt=ed245b8c...,curRecepit=8937e548...,orgTxRoot=2d8a5d62...,curTxRoot=2d8a5d62...,orgState=00000000...,curState=00000000...,orgDBHash=00000000...,curDBHash=00000000...
warning|2025-10-10 02:01:27.202590|Download-1-0x00007f270c7c0700|[g:1][BLOCKVERIFIER][executeBlock]executeBlock exception,blockNumber=184
info|2025-10-10 02:01:32.547850|io_service-0x00007f27197da700|[P2P][Service] heartBeat,connected count=3
info|2025-10-10 02:01:33.662461|Download-1-0x00007f270c7c0700|[g:1][SYNC][id:374bdfe9...][Download][Request]Request blocks,from=184,to=184,peer=87d00b98...
info|2025-10-10 02:01:33.666409|Download-1-0x00007f270c7c0700|[g:1][SYNC][id:374bdfe9...][Download][BlockSync]Download block execute,number=184,txs=1,hash=22a8c2ae...
info|2025-10-10 02:01:33.666446|Download-1-0x00007f270c7c0700|[g:1][BLOCKVERIFIER][executeBlock]Executing block,txNum=1,num=184,parentHash=84b9e5d996bf7a5eb7a7af1e23a8308230a576a20d5c81a92b78a013e510177d,parentNum=183,parentStateRoot=193aa4e3ddcabc3eb1c4bc64eca338693c126abd7770f253f6dd6e3fee2170ea
info|2025-10-10 02:01:33.666563|Download-1-0x00007f270c7c0700|[g:1][PRECOMPILED]init GasChargeManagePrecompiled
info|2025-10-10 02:01:33.666870|Download-1-0x00007f270c7c0700|[g:1][PRECOMPILED][TimerPrecompiled]getCurrentTimeMillis,timeMillis=1760086893666
error|2025-10-10 02:01:33.666926|Download-1-0x00007f270c7c0700|[g:1][PRECOMPILED]SM2EncryptPrecompiled exception:Unknown function
error|2025-10-10 02:01:33.666943|Download-1-0x00007f270c7c0700|[g:1][EXECUTIVECONTEXT]PrecompiledException,address=000000000000000000000000000000000000500b,message:=Unknown function
error|2025-10-10 02:01:33.666971|Download-1-0x00007f270c7c0700|[g:1][EXECUTIVE][TxExeError]Transaction execution error,TransactionExceptionID=22,hash=34fcf37998bfab32d1354d28f63091611b3b7e8622725266293468c69156e50d
error|2025-10-10 02:01:33.667146|Download-1-0x00007f270c7c0700|[g:1][BLOCKVERIFIER]Invalid Block with bad stateRoot or receiptRoot or dbHash,blkNum=184,originHash=22a8c2ae...,curHash=d70f1cff...,orgReceipt=ed245b8c...,curRecepit=8937e548...,orgTxRoot=2d8a5d62...,curTxRoot=2d8a5d62...,orgState=00000000...,curState=00000000...,orgDBHash=00000000...,curDBHash=00000000...
warning|2025-10-10 02:01:33.667279|Download-1-0x00007f270c7c0700|[g:1][BLOCKVERIFIER][executeBlock]executeBlock exception,blockNumber=184
info|2025-10-10 02:01:40.208422|Download-1-0x00007f270c7c0700|[g:1][SYNC][id:374bdfe9...][Download][Request]Request blocks,from=184,to=184,peer=064cb676...
info|2025-10-10 02:01:40.212344|Download-1-0x00007f270c7c0700|[g:1][SYNC][id:374bdfe9...][Download][BlockSync]Download block execute,number=184,txs=1,hash=22a8c2ae...
info|2025-10-10 02:01:40.212417|Download-1-0x00007f270c7c0700|[g:1][BLOCKVERIFIER][executeBlock]Executing block,txNum=1,num=184,parentHash=84b9e5d996bf7a5eb7a7af1e23a8308230a576a20d5c81a92b78a013e510177d,parentNum=183,parentStateRoot=193aa4e3ddcabc3eb1c4bc64eca338693c126abd7770f253f6dd6e3fee2170ea
info|2025-10-10 02:01:40.212567|Download-1-0x00007f270c7c0700|[g:1][PRECOMPILED]init GasChargeManagePrecompiled
info|2025-10-10 02:01:40.212874|Download-1-0x00007f270c7c0700|[g:1][PRECOMPILED][TimerPrecompiled]getCurrentTimeMillis,timeMillis=1760086900212
error|2025-10-10 02:01:40.212977|Download-1-0x00007f270c7c0700|[g:1][PRECOMPILED]SM2EncryptPrecompiled exception:Unknown function
error|2025-10-10 02:01:40.213022|Download-1-0x00007f270c7c0700|[g:1][EXECUTIVECONTEXT]PrecompiledException,address=000000000000000000000000000000000000500b,message:=Unknown function
error|2025-10-10 02:01:40.213061|Download-1-0x00007f270c7c0700|[g:1][EXECUTIVE][TxExeError]Transaction execution error,TransactionExceptionID=22,hash=34fcf37998bfab32d1354d28f63091611b3b7e8622725266293468c69156e50d
error|2025-10-10 02:01:40.213221|Download-1-0x00007f270c7c0700|[g:1][BLOCKVERIFIER]Invalid Block with bad stateRoot or receiptRoot or dbHash,blkNum=184,originHash=22a8c2ae...,curHash=d70f1cff...,orgReceipt=ed245b8c...,curRecepit=8937e548...,orgTxRoot=2d8a5d62...,curTxRoot=2d8a5d62...,orgState=00000000...,curState=00000000...,orgDBHash=00000000...,curDBHash=00000000...
warning|2025-10-10 02:01:40.213326|Download-1-0x00007f270c7c0700|[g:1][BLOCKVERIFIER][executeBlock]executeBlock exception,blockNumber=184
info|2025-10-10 02:01:42.548812|io_service-0x00007f27197da700|[P2P][Service] heartBeat,connected count=3
info|2025-10-10 02:01:46.671396|Download-1-0x00007f270c7c0700|[g:1][SYNC][id:374bdfe9...][Download][Request]Request blocks,from=184,to=184,peer=73994dae...
info|2025-10-10 02:01:46.675864|Download-1-0x00007f270c7c0700|[g:1][SYNC][id:374bdfe9...][Download][BlockSync]Download block execute,number=184,txs=1,hash=22a8c2ae...
info|2025-10-10 02:01:46.675915|Download-1-0x00007f270c7c0700|[g:1][BLOCKVERIFIER][executeBlock]Executing block,txNum=1,num=184,parentHash=84b9e5d996bf7a5eb7a7af1e23a8308230a576a20d5c81a92b78a013e510177d,parentNum=183,parentStateRoot=193aa4e3ddcabc3eb1c4bc64eca338693c126abd7770f253f6dd6e3fee2170ea
info|2025-10-10 02:01:46.676036|Download-1-0x00007f270c7c0700|[g:1][PRECOMPILED]init GasChargeManagePrecompiled
info|2025-10-10 02:01:46.676289|Download-1-0x00007f26f8f99700|[PRECOMPILED][TimerPrecompiled]getCurrentTimeMillis,timeMillis=1760086906676
error|2025-10-10 02:01:46.676370|Download-1-0x00007f26f8f99700|[PRECOMPILED]SM2EncryptPrecompiled exception:Unknown function
error|2025-10-10 02:01:46.676390|Download-1-0x00007f26f8f99700|[EXECUTIVECONTEXT]PrecompiledException,address=000000000000000000000000000000000000500b,message:=Unknown function
error|2025-10-10 02:01:46.676417|Download-1-0x00007f26f8f99700|[EXECUTIVE][TxExeError]Transaction execution error,TransactionExceptionID=22,hash=34fcf37998bfab32d1354d28f63091611b3b7e8622725266293468c69156e50d
error|2025-10-10 02:01:46.676712|Download-1-0x00007f270c7c0700|[g:1][BLOCKVERIFIER]Invalid Block with bad stateRoot or receiptRoot or dbHash,blkNum=184,originHash=22a8c2ae...,curHash=d70f1cff...,orgReceipt=ed245b8c...,curRecepit=8937e548...,orgTxRoot=2d8a5d62...,curTxRoot=2d8a5d62...,orgState=00000000...,curState=00000000...,orgDBHash=00000000...,curDBHash=00000000...
warning|2025-10-10 02:01:46.676778|Download-1-0x00007f270c7c0700|[g:1][BLOCKVERIFIER][executeBlock]executeBlock exception,blockNumber=184
info|2025-10-10 02:01:52.549477|io_service-0x00007f27197da700|[P2P][Service] heartBeat,connected count=3
info|2025-10-10 02:01:53.217878|Download-1-0x00007f270c7c0700|[g:1][SYNC][id:374bdfe9...][Download][Request]Request blocks,from=184,to=184,peer=73994dae...
info|2025-10-10 02:01:53.222138|Download-1-0x00007f270c7c0700|[g:1][SYNC][id:374bdfe9...][Download][BlockSync]Download block execute,number=184,txs=1,hash=22a8c2ae...
info|2025-10-10 02:01:53.222218|Download-1-0x00007f270c7c0700|[g:1][BLOCKVERIFIER][executeBlock]Executing block,txNum=1,num=184,parentHash=84b9e5d996bf7a5eb7a7af1e23a8308230a576a20d5c81a92b78a013e510177d,parentNum=183,parentStateRoot=193aa4e3ddcabc3eb1c4bc64eca338693c126abd7770f253f6dd6e3fee2170ea
info|2025-10-10 02:01:53.222389|Download-1-0x00007f270c7c0700|[g:1][PRECOMPILED]init GasChargeManagePrecompiled
info|2025-10-10 02:01:53.222728|Download-1-0x00007f270c7c0700|[g:1][PRECOMPILED][TimerPrecompiled]getCurrentTimeMillis,timeMillis=1760086913222
error|2025-10-10 02:01:53.222836|Download-1-0x00007f270c7c0700|[g:1][PRECOMPILED]SM2EncryptPrecompiled exception:Unknown function
error|2025-10-10 02:01:53.222877|Download-1-0x00007f270c7c0700|[g:1][EXECUTIVECONTEXT]PrecompiledException,address=000000000000000000000000000000000000500b,message:=Unknown function
error|2025-10-10 02:01:53.222917|Download-1-0x00007f270c7c0700|[g:1][EXECUTIVE][TxExeError]Transaction execution error,TransactionExceptionID=22,hash=34fcf37998bfab32d1354d28f63091611b3b7e8622725266293468c69156e50d
error|2025-10-10 02:01:53.223049|Download-1-0x00007f270c7c0700|[g:1][BLOCKVERIFIER]Invalid Block with bad stateRoot or receiptRoot or dbHash,blkNum=184,originHash=22a8c2ae...,curHash=d70f1cff...,orgReceipt=ed245b8c...,curRecepit=8937e548...,orgTxRoot=2d8a5d62...,curTxRoot=2d8a5d62...,orgState=00000000...,curState=00000000...,orgDBHash=00000000...,curDBHash=00000000...
warning|2025-10-10 02:01:53.223159|Download-1-0x00007f270c7c0700|[g:1][BLOCKVERIFIER][executeBlock]executeBlock exception,blockNumber=184
info|2025-10-10 02:01:59.680932|Download-1-0x00007f270c7c0700|[g:1][SYNC][id:374bdfe9...][Download][Request]Request blocks,from=184,to=184,peer=064cb676...
info|2025-10-10 02:01:59.684604|Download-1-0x00007f270c7c0700|[g:1][SYNC][id:374bdfe9...][Download][BlockSync]Download block execute,number=184,txs=1,hash=22a8c2ae...
info|2025-10-10 02:01:59.684637|Download-1-0x00007f270c7c0700|[g:1][BLOCKVERIFIER][executeBlock]Executing block,txNum=1,num=184,parentHash=84b9e5d996bf7a5eb7a7af1e23a8308230a576a20d5c81a92b78a013e510177d,parentNum=183,parentStateRoot=193aa4e3ddcabc3eb1c4bc64eca338693c126abd7770f253f6dd6e3fee2170ea
info|2025-10-10 02:01:59.684777|Download-1-0x00007f270c7c0700|[g:1][PRECOMPILED]init GasChargeManagePrecompiled
info|2025-10-10 02:01:59.685090|Download-1-0x00007f26f8f99700|[PRECOMPILED][TimerPrecompiled]getCurrentTimeMillis,timeMillis=1760086919685
error|2025-10-10 02:01:59.685186|Download-1-0x00007f26f8f99700|[PRECOMPILED]SM2EncryptPrecompiled exception:Unknown function
error|2025-10-10 02:01:59.685226|Download-1-0x00007f26f8f99700|[EXECUTIVECONTEXT]PrecompiledException,address=000000000000000000000000000000000000500b,message:=Unknown function
error|2025-10-10 02:01:59.685256|Download-1-0x00007f26f8f99700|[EXECUTIVE][TxExeError]Transaction execution error,TransactionExceptionID=22,hash=34fcf37998bfab32d1354d28f63091611b3b7e8622725266293468c69156e50d
error|2025-10-10 02:01:59.685528|Download-1-0x00007f270c7c0700|[g:1][BLOCKVERIFIER]Invalid Block with bad stateRoot or receiptRoot or dbHash,blkNum=184,originHash=22a8c2ae...,curHash=d70f1cff...,orgReceipt=ed245b8c...,curRecepit=8937e548...,orgTxRoot=2d8a5d62...,curTxRoot=2d8a5d62...,orgState=00000000...,curState=00000000...,orgDBHash=00000000...,curDBHash=00000000...
warning|2025-10-10 02:01:59.685614|Download-1-0x00007f270c7c0700|[g:1][BLOCKVERIFIER][executeBlock]executeBlock exception,blockNumber=184
info|2025-10-10 02:02:02.549762|io_service-0x00007f27197da700|[P2P][Service] heartBeat,connected count=3
info|2025-10-10 02:02:06.228329|Download-1-0x00007f270c7c0700|[g:1][SYNC][id:374bdfe9...][Download][Request]Request blocks,from=184,to=184,peer=87d00b98...
info|2025-10-10 02:02:06.232432|Download-1-0x00007f270c7c0700|[g:1][SYNC][id:374bdfe9...][Download][BlockSync]Download block execute,number=184,txs=1,hash=22a8c2ae...
info|2025-10-10 02:02:06.232483|Download-1-0x00007f270c7c0700|[g:1][BLOCKVERIFIER][executeBlock]Executing block,txNum=1,num=184,parentHash=84b9e5d996bf7a5eb7a7af1e23a8308230a576a20d5c81a92b78a013e510177d,parentNum=183,parentStateRoot=193aa4e3ddcabc3eb1c4bc64eca338693c126abd7770f253f6dd6e3fee2170ea
info|2025-10-10 02:02:06.232695|Download-1-0x00007f270c7c0700|[g:1][PRECOMPILED]init GasChargeManagePrecompiled
info|2025-10-10 02:02:06.232996|Download-1-0x00007f270c7c0700|[g:1][PRECOMPILED][TimerPrecompiled]getCurrentTimeMillis,timeMillis=1760086926232
error|2025-10-10 02:02:06.233098|Download-1-0x00007f270c7c0700|[g:1][PRECOMPILED]SM2EncryptPrecompiled exception:Unknown function
error|2025-10-10 02:02:06.233223|Download-1-0x00007f270c7c0700|[g:1][EXECUTIVECONTEXT]PrecompiledException,address=000000000000000000000000000000000000500b,message:=Unknown function
error|2025-10-10 02:02:06.233277|Download-1-0x00007f270c7c0700|[g:1][EXECUTIVE][TxExeError]Transaction execution error,TransactionExceptionID=22,hash=34fcf37998bfab32d1354d28f63091611b3b7e8622725266293468c69156e50d
error|2025-10-10 02:02:06.233448|Download-1-0x00007f270c7c0700|[g:1][BLOCKVERIFIER]Invalid Block with bad stateRoot or receiptRoot or dbHash,blkNum=184,originHash=22a8c2ae...,curHash=d70f1cff...,orgReceipt=ed245b8c...,curRecepit=8937e548...,orgTxRoot=2d8a5d62...,curTxRoot=2d8a5d62...,orgState=00000000...,curState=00000000...,orgDBHash=00000000...,curDBHash=00000000...
warning|2025-10-10 02:02:06.233534|Download-1-0x00007f270c7c0700|[g:1][BLOCKVERIFIER][executeBlock]executeBlock exception,blockNumber=184
info|2025-10-10 02:02:12.550066|io_service-0x00007f27197da700|[P2P][Service] heartBeat,connected count=3
info|2025-10-10 02:02:12.704011|Download-1-0x00007f270c7c0700|[g:1][SYNC][id:374bdfe9...][Download][Request]Request blocks,from=184,to=184,peer=064cb676...
info|2025-10-10 02:02:12.708051|Download-1-0x00007f270c7c0700|[g:1][SYNC][id:374bdfe9...][Download][BlockSync]Download block execute,number=184,txs=1,hash=22a8c2ae...
info|2025-10-10 02:02:12.708128|Download-1-0x00007f270c7c0700|[g:1][BLOCKVERIFIER][executeBlock]Executing block,txNum=1,num=184,parentHash=84b9e5d996bf7a5eb7a7af1e23a8308230a576a20d5c81a92b78a013e510177d,parentNum=183,parentStateRoot=193aa4e3ddcabc3eb1c4bc64eca338693c126abd7770f253f6dd6e3fee2170ea
info|2025-10-10 02:02:12.708302|Download-1-0x00007f270c7c0700|[g:1][PRECOMPILED]init GasChargeManagePrecompiled
info|2025-10-10 02:02:12.708683|Download-1-0x00007f270c7c0700|[g:1][PRECOMPILED][TimerPrecompiled]getCurrentTimeMillis,timeMillis=1760086932708
error|2025-10-10 02:02:12.708786|Download-1-0x00007f270c7c0700|[g:1][PRECOMPILED]SM2EncryptPrecompiled exception:Unknown function
error|2025-10-10 02:02:12.708832|Download-1-0x00007f270c7c0700|[g:1][EXECUTIVECONTEXT]PrecompiledException,address=000000000000000000000000000000000000500b,message:=Unknown function
error|2025-10-10 02:02:12.708872|Download-1-0x00007f270c7c0700|[g:1][EXECUTIVE][TxExeError]Transaction execution error,TransactionExceptionID=22,hash=34fcf37998bfab32d1354d28f63091611b3b7e8622725266293468c69156e50d
error|2025-10-10 02:02:12.709025|Download-1-0x00007f270c7c0700|[g:1][BLOCKVERIFIER]Invalid Block with bad stateRoot or receiptRoot or dbHash,blkNum=184,originHash=22a8c2ae...,curHash=d70f1cff...,orgReceipt=ed245b8c...,curRecepit=8937e548...,orgTxRoot=2d8a5d62...,curTxRoot=2d8a5d62...,orgState=00000000...,curState=00000000...,orgDBHash=00000000...,curDBHash=00000000...
warning|2025-10-10 02:02:12.709110|Download-1-0x00007f270c7c0700|[g:1][BLOCKVERIFIER][executeBlock]executeBlock exception,blockNumber=184
info|2025-10-10 02:02:19.238877|Download-1-0x00007f270c7c0700|[g:1][SYNC][id:374bdfe9...][Download][Request]Request blocks,from=184,to=184,peer=064cb676...
info|2025-10-10 02:02:19.242826|Download-1-0x00007f270c7c0700|[g:1][SYNC][id:374bdfe9...][Download][BlockSync]Download block execute,number=184,txs=1,hash=22a8c2ae...
info|2025-10-10 02:02:19.242853|Download-1-0x00007f270c7c0700|[g:1][BLOCKVERIFIER][executeBlock]Executing block,txNum=1,num=184,parentHash=84b9e5d996bf7a5eb7a7af1e23a8308230a576a20d5c81a92b78a013e510177d,parentNum=183,parentStateRoot=193aa4e3ddcabc3eb1c4bc64eca338693c126abd7770f253f6dd6e3fee2170ea
info|2025-10-10 02:02:19.242988|Download-1-0x00007f270c7c0700|[g:1][PRECOMPILED]init GasChargeManagePrecompiled
info|2025-10-10 02:02:19.243374|Download-1-0x00007f26f8f99700|[PRECOMPILED][TimerPrecompiled]getCurrentTimeMillis,timeMillis=1760086939243
error|2025-10-10 02:02:19.243432|Download-1-0x00007f26f8f99700|[PRECOMPILED]SM2EncryptPrecompiled exception:Unknown function
error|2025-10-10 02:02:19.243449|Download-1-0x00007f26f8f99700|[EXECUTIVECONTEXT]PrecompiledException,address=000000000000000000000000000000000000500b,message:=Unknown function
error|2025-10-10 02:02:19.243475|Download-1-0x00007f26f8f99700|[EXECUTIVE][TxExeError]Transaction execution error,TransactionExceptionID=22,hash=34fcf37998bfab32d1354d28f63091611b3b7e8622725266293468c69156e50d
error|2025-10-10 02:02:19.243708|Download-1-0x00007f270c7c0700|[g:1][BLOCKVERIFIER]Invalid Block with bad stateRoot or receiptRoot or dbHash,blkNum=184,originHash=22a8c2ae...,curHash=d70f1cff...,orgReceipt=ed245b8c...,curRecepit=8937e548...,orgTxRoot=2d8a5d62...,curTxRoot=2d8a5d62...,orgState=00000000...,curState=00000000...,orgDBHash=00000000...,curDBHash=00000000...
warning|2025-10-10 02:02:19.243799|Download-1-0x00007f270c7c0700|[g:1][BLOCKVERIFIER][executeBlock]executeBlock exception,blockNumber=184
info|2025-10-10 02:02:22.550379|io_service-0x00007f27197da700|[P2P][Service] heartBeat,connected count=3
info|2025-10-10 02:02:25.712674|Download-1-0x00007f270c7c0700|[g:1][SYNC][id:374bdfe9...][Download][Request]Request blocks,from=184,to=184,peer=87d00b98...
info|2025-10-10 02:02:25.716715|Download-1-0x00007f270c7c0700|[g:1][SYNC][id:374bdfe9...][Download][BlockSync]Download block execute,number=184,txs=1,hash=22a8c2ae...
info|2025-10-10 02:02:25.716734|Download-1-0x00007f270c7c0700|[g:1][BLOCKVERIFIER][executeBlock]Executing block,txNum=1,num=184,parentHash=84b9e5d996bf7a5eb7a7af1e23a8308230a576a20d5c81a92b78a013e510177d,parentNum=183,parentStateRoot=193aa4e3ddcabc3eb1c4bc64eca338693c126abd7770f253f6dd6e3fee2170ea
info|2025-10-10 02:02:25.716847|Download-1-0x00007f270c7c0700|[g:1][PRECOMPILED]init GasChargeManagePrecompiled
info|2025-10-10 02:02:25.717221|Download-1-0x00007f26f8f99700|[PRECOMPILED][TimerPrecompiled]getCurrentTimeMillis,timeMillis=1760086945717
error|2025-10-10 02:02:25.717317|Download-1-0x00007f26f8f99700|[PRECOMPILED]SM2EncryptPrecompiled exception:Unknown function
error|2025-10-10 02:02:25.717338|Download-1-0x00007f26f8f99700|[EXECUTIVECONTEXT]PrecompiledException,address=000000000000000000000000000000000000500b,message:=Unknown function
error|2025-10-10 02:02:25.717366|Download-1-0x00007f26f8f99700|[EXECUTIVE][TxExeError]Transaction execution error,TransactionExceptionID=22,hash=34fcf37998bfab32d1354d28f63091611b3b7e8622725266293468c69156e50d
error|2025-10-10 02:02:25.717641|Download-1-0x00007f270c7c0700|[g:1][BLOCKVERIFIER]Invalid Block with bad stateRoot or receiptRoot or dbHash,blkNum=184,originHash=22a8c2ae...,curHash=d70f1cff...,orgReceipt=ed245b8c...,curRecepit=8937e548...,orgTxRoot=2d8a5d62...,curTxRoot=2d8a5d62...,orgState=00000000...,curState=00000000...,orgDBHash=00000000...,curDBHash=00000000...
warning|2025-10-10 02:02:25.717731|Download-1-0x00007f270c7c0700|[g:1][BLOCKVERIFIER][executeBlock]executeBlock exception,blockNumber=184
info|2025-10-10 02:02:32.309196|Download-1-0x00007f270c7c0700|[g:1][SYNC][id:374bdfe9...][Download][Request]Request blocks,from=184,to=184,peer=73994dae...
info|2025-10-10 02:02:32.313137|Download-1-0x00007f270c7c0700|[g:1][SYNC][id:374bdfe9...][Download][BlockSync]Download block execute,number=184,txs=1,hash=22a8c2ae...
info|2025-10-10 02:02:32.313201|Download-1-0x00007f270c7c0700|[g:1][BLOCKVERIFIER][executeBlock]Executing block,txNum=1,num=184,parentHash=84b9e5d996bf7a5eb7a7af1e23a8308230a576a20d5c81a92b78a013e510177d,parentNum=183,parentStateRoot=193aa4e3ddcabc3eb1c4bc64eca338693c126abd7770f253f6dd6e3fee2170ea
info|2025-10-10 02:02:32.313411|Download-1-0x00007f270c7c0700|[g:1][PRECOMPILED]init GasChargeManagePrecompiled
info|2025-10-10 02:02:32.313732|Download-1-0x00007f270c7c0700|[g:1][PRECOMPILED][TimerPrecompiled]getCurrentTimeMillis,timeMillis=1760086952313
error|2025-10-10 02:02:32.313856|Download-1-0x00007f270c7c0700|[g:1][PRECOMPILED]SM2EncryptPrecompiled exception:Unknown function
error|2025-10-10 02:02:32.313902|Download-1-0x00007f270c7c0700|[g:1][EXECUTIVECONTEXT]PrecompiledException,address=000000000000000000000000000000000000500b,message:=Unknown function
error|2025-10-10 02:02:32.313947|Download-1-0x00007f270c7c0700|[g:1][EXECUTIVE][TxExeError]Transaction execution error,TransactionExceptionID=22,hash=34fcf37998bfab32d1354d28f63091611b3b7e8622725266293468c69156e50d
error|2025-10-10 02:02:32.314268|Download-1-0x00007f270c7c0700|[g:1][BLOCKVERIFIER]Invalid Block with bad stateRoot or receiptRoot or dbHash,blkNum=184,originHash=22a8c2ae...,curHash=d70f1cff...,orgReceipt=ed245b8c...,curRecepit=8937e548...,orgTxRoot=2d8a5d62...,curTxRoot=2d8a5d62...,orgState=00000000...,curState=00000000...,orgDBHash=00000000...,curDBHash=00000000...
warning|2025-10-10 02:02:32.314357|Download-1-0x00007f270c7c0700|[g:1][BLOCKVERIFIER][executeBlock]executeBlock exception,blockNumber=184
info|2025-10-10 02:02:32.550532|io_service-0x00007f27197da700|[P2P][Service] heartBeat,connected count=3
info|2025-10-10 02:02:38.721957|Download-1-0x00007f270c7c0700|[g:1][SYNC][id:374bdfe9...][Download][Request]Request blocks,from=184,to=184,peer=064cb676...
info|2025-10-10 02:02:38.726046|Download-1-0x00007f270c7c0700|[g:1][SYNC][id:374bdfe9...][Download][BlockSync]Download block execute,number=184,txs=1,hash=22a8c2ae...
info|2025-10-10 02:02:38.726093|Download-1-0x00007f270c7c0700|[g:1][BLOCKVERIFIER][executeBlock]Executing block,txNum=1,num=184,parentHash=84b9e5d996bf7a5eb7a7af1e23a8308230a576a20d5c81a92b78a013e510177d,parentNum=183,parentStateRoot=193aa4e3ddcabc3eb1c4bc64eca338693c126abd7770f253f6dd6e3fee2170ea
info|2025-10-10 02:02:38.726231|Download-1-0x00007f270c7c0700|[g:1][PRECOMPILED]init GasChargeManagePrecompiled
info|2025-10-10 02:02:38.726618|Download-1-0x00007f26f8f99700|[PRECOMPILED][TimerPrecompiled]getCurrentTimeMillis,timeMillis=1760086958726
error|2025-10-10 02:02:38.726714|Download-1-0x00007f26f8f99700|[PRECOMPILED]SM2EncryptPrecompiled exception:Unknown function
error|2025-10-10 02:02:38.726752|Download-1-0x00007f26f8f99700|[EXECUTIVECONTEXT]PrecompiledException,address=000000000000000000000000000000000000500b,message:=Unknown function
error|2025-10-10 02:02:38.726782|Download-1-0x00007f26f8f99700|[EXECUTIVE][TxExeError]Transaction execution error,TransactionExceptionID=22,hash=34fcf37998bfab32d1354d28f63091611b3b7e8622725266293468c69156e50d
error|2025-10-10 02:02:38.727091|Download-1-0x00007f270c7c0700|[g:1][BLOCKVERIFIER]Invalid Block with bad stateRoot or receiptRoot or dbHash,blkNum=184,originHash=22a8c2ae...,curHash=d70f1cff...,orgReceipt=ed245b8c...,curRecepit=8937e548...,orgTxRoot=2d8a5d62...,curTxRoot=2d8a5d62...,orgState=00000000...,curState=00000000...,orgDBHash=00000000...,curDBHash=00000000...
warning|2025-10-10 02:02:38.727186|Download-1-0x00007f270c7c0700|[g:1][BLOCKVERIFIER][executeBlock]executeBlock exception,blockNumber=184
info|2025-10-10 02:02:39.425920|fisco-bcos-0x00007f271c553dc0|[LEDGER]stop sealer,groupID=1
info|2025-10-10 02:02:39.425976|fisco-bcos-0x00007f271c553dc0|[CONSENSUS][SEALER]Stop sealer module...
info|2025-10-10 02:02:39.439258|fisco-bcos-0x00007f271c553dc0|[CONSENSUS][ConsensusEngine][Stop ConsensusEngineBase]
info|2025-10-10 02:02:39.443263|fisco-bcos-0x00007f271c553dc0|[CONSENSUS][ConsensusEngine]ConsensusEngineBase stopped
info|2025-10-10 02:02:39.443299|fisco-bcos-0x00007f271c553dc0|[LEDGER]sealer stopped. stop sync,groupID=1
info|2025-10-10 02:02:39.445831|fisco-bcos-0x00007f271c553dc0|[g:1] [SYNC][id:374bdfe9...]SyncMsgEngine stopped
info|2025-10-10 02:02:39.513973|fisco-bcos-0x00007f271c553dc0|[GossipBlockStatus]stop GossipBlockStatus succ
info|2025-10-10 02:02:40.695535|fisco-bcos-0x00007f271c553dc0|[SYNC][id:374bdfe9...][g:1]SyncMaster stopped
info|2025-10-10 02:02:40.695571|fisco-bcos-0x00007f271c553dc0|[LEDGER]sync stopped. stop event filter manager,groupID=1
info|2025-10-10 02:02:40.735681|fisco-bcos-0x00007f271c553dc0|[EVENT][EventLogFilterManager]stop
info|2025-10-10 02:02:40.735734|fisco-bcos-0x00007f271c553dc0|[LEDGER]event filter manager stopped. stop tx pool,groupID=1
info|2025-10-10 02:02:40.736457|fisco-bcos-0x00007f271c553dc0|[LEDGER]removeNetworkStatHandlerByGroupID and removeGroupBandwidthLimiter for service,groupID=1
info|2025-10-10 02:02:40.736479|fisco-bcos-0x00007f271c553dc0|[CHANNEL]removeSDKAllowListByGroupId,groupId=1
info|2025-10-10 02:02:40.736487|fisco-bcos-0x00007f271c553dc0|[INITIALIZER]ledgerInitializer stopped
info|2025-10-10 02:02:40.757353|io_service-0x00007f27197da700|[NETWORK][Session]doRead failed,endpoint=127.0.0.1:30300,message=short read (SSL routines, SSL routines)
info|2025-10-10 02:02:40.757632|io_service-0x00007f27197da700|[NETWORK][Session]drop, call and erase all callbackFunc of the session!,endpoint=127.0.0.1:30300
info|2025-10-10 02:02:40.757656|io_service-0x00007f27197da700|[NETWORK][Session][drop] closing remote 127.0.0.1:30300,reason=Low-level TCP communication failed.,endpoint=127.0.0.1:30300
info|2025-10-10 02:02:40.757879|io_service-0x00007f27197da700|[NETWORK][Session]Session inactive
info|2025-10-10 02:02:40.757894|io_service-0x00007f27197da700|[NETWORK][Session]Session inactive
info|2025-10-10 02:02:40.758068|P2P-0x00007f271b7de700|[P2P][Service] disconnect inactive P2PSession,nodeID=73994dae...,endpoint=127.0.0.1:30300,code=3,what=Disconnect
info|2025-10-10 02:02:40.758117|P2P-0x00007f271b7de700|[P2P][Service] onDisconnect,code=3,what=Dynamic exception type: dev::network::NetworkException
std::exception::what: Disconnect
info|2025-10-10 02:02:40.757906|io_service-0x00007f27197da700|[NETWORK][Session][drop] shutdown failed ,code=9,message=Bad file descriptor
info|2025-10-10 02:02:41.135823|io_service-0x00007f27197da700|[NETWORK][Session]doRead failed,endpoint=127.0.0.1:36750,message=short read (SSL routines, SSL routines)
info|2025-10-10 02:02:41.135906|io_service-0x00007f27197da700|[NETWORK][Session]drop, call and erase all callbackFunc of the session!,endpoint=127.0.0.1:36750
info|2025-10-10 02:02:41.135924|io_service-0x00007f27197da700|[NETWORK][Session][drop] closing remote 127.0.0.1:36750,reason=Low-level TCP communication failed.,endpoint=127.0.0.1:36750
info|2025-10-10 02:02:41.136081|io_service-0x00007f27197da700|[NETWORK][Session]Session inactive
info|2025-10-10 02:02:41.136089|io_service-0x00007f27197da700|[NETWORK][Session]Session inactive
info|2025-10-10 02:02:41.136094|io_service-0x00007f27197da700|[NETWORK][Session][drop] shutdown failed ,code=9,message=Bad file descriptor
info|2025-10-10 02:02:41.136291|P2P-0x00007f271afdd700|[P2P][Service] disconnect inactive P2PSession,nodeID=87d00b98...,endpoint=127.0.0.1:36750,code=3,what=Disconnect
info|2025-10-10 02:02:41.136314|P2P-0x00007f271afdd700|[P2P][Service] onDisconnect,code=3,what=Dynamic exception type: dev::network::NetworkException
std::exception::what: Disconnect
info|2025-10-10 02:02:41.137383|io_service-0x00007f27197da700|[NETWORK][Session]doRead failed,endpoint=127.0.0.1:30303,message=short read (SSL routines, SSL routines)
info|2025-10-10 02:02:41.137421|io_service-0x00007f27197da700|[NETWORK][Session]drop, call and erase all callbackFunc of the session!,endpoint=127.0.0.1:30303
info|2025-10-10 02:02:41.137433|io_service-0x00007f27197da700|[NETWORK][Session][drop] closing remote 127.0.0.1:30303,reason=Low-level TCP communication failed.,endpoint=127.0.0.1:30303
info|2025-10-10 02:02:41.137564|io_service-0x00007f27197da700|[NETWORK][Session]Session inactive
info|2025-10-10 02:02:41.137575|io_service-0x00007f27197da700|[NETWORK][Session]Session inactive
info|2025-10-10 02:02:41.137581|io_service-0x00007f27197da700|[NETWORK][Session][drop] shutdown failed ,code=9,message=Bad file descriptor
info|2025-10-10 02:02:41.137641|P2P-0x00007f2719fdb700|[P2P][Service] disconnect inactive P2PSession,nodeID=064cb676...,endpoint=127.0.0.1:30303,code=3,what=Disconnect
info|2025-10-10 02:02:41.137663|P2P-0x00007f2719fdb700|[P2P][Service] onDisconnect,code=3,what=Dynamic exception type: dev::network::NetworkException
std::exception::what: Disconnect
info|2025-10-10 02:02:41.737837|fisco-bcos-0x00007f271c553dc0|[INITIALIZER]ChannelRPCHttpServer deleted.
info|2025-10-10 02:02:41.739418|fisco-bcos-0x00007f271c553dc0|[INITIALIZER]JsonrpcHttpServer deleted.
info|2025-10-10 02:02:41.739466|fisco-bcos-0x00007f271c553dc0|[INITIALIZER]RPCInitializer stopped
info|2025-10-10 02:02:41.739575|io_service-0x00007f27197da700|[NETWORK][Host]Host exit
info|2025-10-10 02:02:41.742157|fisco-bcos-0x00007f271c553dc0|[INITIALIZER]P2PInitializer stopped
info|2025-10-10 02:02:41.742210|fisco-bcos-0x00007f271c553dc0|[LEDGER]stop sealer,groupID=1
info|2025-10-10 02:02:41.742221|fisco-bcos-0x00007f271c553dc0|[LEDGER]sealer stopped. stop sync,groupID=1
info|2025-10-10 02:02:41.742232|fisco-bcos-0x00007f271c553dc0|[g:1] [SYNC][id:374bdfe9...]SyncMsgEngine stopped
info|2025-10-10 02:02:41.742246|fisco-bcos-0x00007f271c553dc0|[GossipBlockStatus]GossipBlockStatus already stopped
info|2025-10-10 02:02:41.742251|fisco-bcos-0x00007f271c553dc0|[SYNC][id:374bdfe9...][g:1]SyncMaster stopped
info|2025-10-10 02:02:41.742256|fisco-bcos-0x00007f271c553dc0|[LEDGER]sync stopped. stop event filter manager,groupID=1
info|2025-10-10 02:02:41.742261|fisco-bcos-0x00007f271c553dc0|[LEDGER]event filter manager stopped. stop tx pool,groupID=1
info|2025-10-10 02:02:41.742269|fisco-bcos-0x00007f271c553dc0|[LEDGER]removeNetworkStatHandlerByGroupID and removeGroupBandwidthLimiter for service,groupID=1
info|2025-10-10 02:02:41.742284|fisco-bcos-0x00007f271c553dc0|[g:1][STORAGE][CachedStorage]Stopping flushStorage thread
info|2025-10-10 02:02:42.405422|fisco-bcos-0x00007f271c553dc0|[g:1][STORAGE][CachedStorage]flushStorage thread stopped.
info|2025-10-10 02:02:42.405461|fisco-bcos-0x00007f271c553dc0|[DBINITIALIZER] storage stopped
info|2025-10-10 02:02:42.463089|fisco-bcos-0x00007f271c553dc0|[g:1] [SYNC][id:374bdfe9...]SyncMsgEngine stopped
info|2025-10-10 02:02:42.463154|fisco-bcos-0x00007f271c553dc0|[GossipBlockStatus]GossipBlockStatus already stopped
info|2025-10-10 02:02:42.463163|fisco-bcos-0x00007f271c553dc0|[SYNC][id:374bdfe9...][g:1]SyncMaster stopped
info|2025-10-10 02:02:42.463192|fisco-bcos-0x00007f271c553dc0|[g:1] [SYNC][id:374bdfe9...]SyncMsgEngine stopped
