info|2025-10-10 08:11:17.425865|fisco-bcos-0x00007f2571f72dc0|[INITIALIZER][initGlobalConfig],enableCompress=true,compatibilityVersion=2.11.0,versionNumber=34275328,enableStat=false,chainId=1,useSMCrypto=true,IgnoreObserverWriteRequest=false
info|2025-10-10 08:11:17.426869|fisco-bcos-0x00007f2571f72dc0|[INITIALIZER][SecureInitializerGM]get pub of node,nodeID=87d00b98321fc70a5abc85ad9e80db10cce315194133697bf74aace1d3f8430957a766240f751752708f4282f46110d6ea56c3eb5d1c02ce98a66f327f595270
info|2025-10-10 08:11:17.438978|fisco-bcos-0x00007f2571f72dc0|[NETWORK][Host]Connecting to node,endpoint=127.0.0.1:30300
info|2025-10-10 08:11:17.439074|fisco-bcos-0x00007f2571f72dc0|[NETWORK][Host]Connecting to node,endpoint=127.0.0.1:30301
info|2025-10-10 08:11:17.439119|fisco-bcos-0x00007f2571f72dc0|[NETWORK][Host]Connecting to node,endpoint=127.0.0.1:30302
info|2025-10-10 08:11:17.439153|fisco-bcos-0x00007f2571f72dc0|[NETWORK][Host]Connecting to node,endpoint=127.0.0.1:30303
info|2025-10-10 08:11:17.439188|fisco-bcos-0x00007f2571f72dc0|[P2P][Service] heartBeat,connected count=0
info|2025-10-10 08:11:17.439212|fisco-bcos-0x00007f2571f72dc0|[INITIALIZER][RPCInitializer],network_security.check_cert_issuer=true
info|2025-10-10 08:11:17.451265|fisco-bcos-0x00007f2571f72dc0|[CHANNEL][ChannelServer::run],threadPoolSize=8
info|2025-10-10 08:11:17.451372|fisco-bcos-0x00007f2571f72dc0|[CHANNEL]ChannelRPCServer started
info|2025-10-10 08:11:17.451391|fisco-bcos-0x00007f2571f72dc0|[INITIALIZER][RPCInitializer: ChannelRPCHttpServer started.],disableDynamicGroup=false,uncheckGroupMember=false,threadSize=8
info|2025-10-10 08:11:17.451408|fisco-bcos-0x00007f2571f72dc0|[INITIALIZER][LedgerInitializer]initConfig
info|2025-10-10 08:11:17.451425|fisco-bcos-0x00007f2571f72dc0|[LedgerInitializer],groupConfigPath=conf/
info|2025-10-10 08:11:17.451650|fisco-bcos-0x00007f2571f72dc0|[INITIALIZER][initSingleLedger] [GroupId], LedgerConstructor:  1,configFileName=conf/group.1.genesis,dataDir=data/
info|2025-10-10 08:11:17.451750|fisco-bcos-0x00007f2571f72dc0|[g:1][LedgerParam][parseGenesisConfig]initConsensusConfig/initStorageConfig/initTxConfig,configFile=conf/group.1.genesis
info|2025-10-10 08:11:17.451783|fisco-bcos-0x00007f2571f72dc0|[g:1][LedgerParam][initConsensusConfig],type=pbft,consensusTimeout=3,maxTxNum=1000,txGasLimit=300000000
info|2025-10-10 08:11:17.451808|fisco-bcos-0x00007f2571f72dc0|[g:1][LedgerParam][parsePublicKeyListOfSection],sectionName=consensus,it.first=73994dae9e8b8da733108a4153dfe79151d701dff425f84c87b5324e8ebd02ab6a0ebc9e4f1e0298a7ddca50f94a8f95c62b6997226d571e470e8f2b0600634a
info|2025-10-10 08:11:17.451825|fisco-bcos-0x00007f2571f72dc0|[g:1][LedgerParam][parsePublicKeyListOfSection],sectionName=consensus,it.first=374bdfe969e1d8ea1200ade93e5d8cf1a7d5741f238011004b0f43ca818706f194b2f067e1708125f7ffc536610b9a72addbd56b238d65f18912be39037ffcc5
info|2025-10-10 08:11:17.451842|fisco-bcos-0x00007f2571f72dc0|[g:1][LedgerParam][parsePublicKeyListOfSection],sectionName=consensus,it.first=87d00b98321fc70a5abc85ad9e80db10cce315194133697bf74aace1d3f8430957a766240f751752708f4282f46110d6ea56c3eb5d1c02ce98a66f327f595270
info|2025-10-10 08:11:17.451860|fisco-bcos-0x00007f2571f72dc0|[g:1][LedgerParam][parsePublicKeyListOfSection],sectionName=consensus,it.first=064cb676a36047a4b52ecbf9c01664b1e987d91b438110ba6a12d96972726622e824d295b1de8b0298b5afe7bbbc0bd04a3890e1a36eae028c1cfbe07971b995
info|2025-10-10 08:11:17.451874|fisco-bcos-0x00007f2571f72dc0|[g:1][LedgerParam][parsePublicKeyListOfSection],totalPubKeySize=4
info|2025-10-10 08:11:17.451901|fisco-bcos-0x00007f2571f72dc0|[g:1][LedgerParam][max_block_range],maxBlockRange=0,maxBlockPerProcess=3
info|2025-10-10 08:11:17.451946|fisco-bcos-0x00007f2571f72dc0|[g:1][LedgerParam][parseGenesisConfig],timestamp=1759762229000
info|2025-10-10 08:11:17.451966|fisco-bcos-0x00007f2571f72dc0|[g:1][LedgerParam]setEVMFlags,enableFreeStorageVMSchedule=false,evmFlags=0
info|2025-10-10 08:11:17.451985|fisco-bcos-0x00007f2571f72dc0|[g:1][LedgerParam]store evmFlag,evmFlag=0
info|2025-10-10 08:11:17.451999|fisco-bcos-0x00007f2571f72dc0|[g:1][LedgerParam]store consensus time,consensusTimeout=3
info|2025-10-10 08:11:17.452029|fisco-bcos-0x00007f2571f72dc0|[g:1][LedgerParam][initMark],genesisMark=1-064cb676a36047a4b52ecbf9c01664b1e987d91b438110ba6a12d96972726622e824d295b1de8b0298b5afe7bbbc0bd04a3890e1a36eae028c1cfbe07971b995,374bdfe969e1d8ea1200ade93e5d8cf1a7d5741f238011004b0f43ca818706f194b2f067e1708125f7ffc536610b9a72addbd56b238d65f18912be39037ffcc5,73994dae9e8b8da733108a4153dfe79151d701dff425f84c87b5324e8ebd02ab6a0ebc9e4f1e0298a7ddca50f94a8f95c62b6997226d571e470e8f2b0600634a,87d00b98321fc70a5abc85ad9e80db10cce315194133697bf74aace1d3f8430957a766240f751752708f4282f46110d6ea56c3eb5d1c02ce98a66f327f595270,-pbft-storage-0-1000-300000000-3
info|2025-10-10 08:11:17.452043|fisco-bcos-0x00007f2571f72dc0|[g:1][LedgerParam][initIniConfig]initTxPoolConfig/initSyncConfig/initTxExecuteConfig,configFile=conf/group.1.ini
info|2025-10-10 08:11:17.452168|fisco-bcos-0x00007f2571f72dc0|[g:1][LedgerParam][initStorageConfig],stateType=storage,storageDB=rocksdb,storagePath=data//group1/block/RocksDB,baseDir=data//group1,dbtype=mysql,dbip=127.0.0.1,dbport=3306,dbcharset=utf8mb4,initconnections=15,maxconnections=50,scrollThreshold=2000,enableReconfirmCommittee=false
info|2025-10-10 08:11:17.452195|fisco-bcos-0x00007f2571f72dc0|[g:1][LedgerParam][initTxPoolConfig],txPoolLimit=150000,memorySizeLimit(MB)=512,notifyWorkerNum=2,txsExpirationTime(ms)=600000
info|2025-10-10 08:11:17.452210|fisco-bcos-0x00007f2571f72dc0|[g:1][LedgerParam][initSyncConfig],idleWaitMs=200
info|2025-10-10 08:11:17.452226|fisco-bcos-0x00007f2571f72dc0|[g:1][LedgerParam][initSyncConfig],enableSendTxsByTree=true,enableSendBlockStatusByTree=true
info|2025-10-10 08:11:17.452240|fisco-bcos-0x00007f2571f72dc0|[g:1][LedgerParam][initSyncConfig],gossipInterval=1000
info|2025-10-10 08:11:17.452258|fisco-bcos-0x00007f2571f72dc0|[g:1][LedgerParam][initSyncConfig],enableSendBlockStatusByTree=true,gossipInterval=1000,gossipPeers=3,syncTreeWidth=3,maxQueueSizeForBlockSync=536870912,txsStatusGossipMaxPeers=5,syncInfoPrintInterval=10,freeNodeRead=false
info|2025-10-10 08:11:17.452272|fisco-bcos-0x00007f2571f72dc0|[g:1][LedgerParam][InitTxExecuteConfig],enableParallel=true
info|2025-10-10 08:11:17.452293|fisco-bcos-0x00007f2571f72dc0|[g:1][LedgerParam][initConsensusIniConfig],maxTTL=2,minBlockGenerationTime=500,enablDynamicBlockSize=true,blockSizeIncreaseRatio=0.5,enableTTLOptimize=true,enablePrepareWithTxsHash=true
info|2025-10-10 08:11:17.452330|fisco-bcos-0x00007f2571f72dc0|[g:1][LedgerParam][initRPBFTConsensusIniConfig],broadcastPrepareByTree=true,prepareStatusBroadcastPercent=33,maxRequestMissedTxsWaitTime=100,maxRequestPrepareWaitTime=100
info|2025-10-10 08:11:17.452344|fisco-bcos-0x00007f2571f72dc0|[g:1][LedgerParam][initFlowControlConfig],maxQPS=9223372036854775807,outGoingBandwidth(Bytes)=9223372036854775807
info|2025-10-10 08:11:17.452359|fisco-bcos-0x00007f2571f72dc0|[g:1][LedgerParam]parseSDKAllowList,sdkAllowList=[],enableSDKAllowListControl=false
info|2025-10-10 08:11:17.452382|fisco-bcos-0x00007f2571f72dc0|[g:1][LEDGER][initLedger][DBInitializer]
info|2025-10-10 08:11:17.452394|fisco-bcos-0x00007f2571f72dc0|[g:1][LEDGER]setSDKAllowList,groupId=1,sdkAllowListSize=0
info|2025-10-10 08:11:17.452406|fisco-bcos-0x00007f2571f72dc0|[g:1][CHANNEL]registerSDKAllowListByGroupId,groupId=1,size=0
info|2025-10-10 08:11:17.452418|fisco-bcos-0x00007f2571f72dc0|[g:1][CHANNEL]Disable group-level sdk permission control for sdk allowlist is empty
info|2025-10-10 08:11:17.452430|fisco-bcos-0x00007f2571f72dc0|[g:1][DBINITIALIZER] [initStorageDB]
info|2025-10-10 08:11:17.452442|fisco-bcos-0x00007f2571f72dc0|[g:1][DBINITIALIZER] [initRocksDBStorage]
info|2025-10-10 08:11:17.452468|fisco-bcos-0x00007f2571f72dc0|[g:1][ROCKSDB]open rocksDB handler,path=data//group1/block/RocksDB
info|2025-10-10 08:11:17.453464|io_service-0x00007f256f1f9700|[NETWORK][Host]P2P StartAccept,Host=0.0.0.0:30302
info|2025-10-10 08:11:17.453668|io_service-0x00007f256f1f9700|[NETWORK][ASIO]asyncResolveConnect,endpoint=127.0.0.1:30300
info|2025-10-10 08:11:17.453735|io_service-0x00007f256f1f9700|[NETWORK][ASIO]asyncResolveConnect,endpoint=127.0.0.1:30301
info|2025-10-10 08:11:17.453796|io_service-0x00007f256f1f9700|[NETWORK][ASIO]asyncResolveConnect,endpoint=127.0.0.1:30302
info|2025-10-10 08:11:17.453850|io_service-0x00007f256f1f9700|[NETWORK][ASIO]asyncResolveConnect,endpoint=127.0.0.1:30303
info|2025-10-10 08:11:17.454080|io_service-0x00007f256f1f9700|[NETWORK][Host]P2P Recv Connect, From=127.0.0.1:53280
info|2025-10-10 08:11:17.454131|io_service-0x00007f256f1f9700|[NETWORK][Host]P2P StartAccept,Host=0.0.0.0:30302
info|2025-10-10 08:11:17.479830|fisco-bcos-0x00007f2571f72dc0|[g:1][g:1][STORAGE][CachedStorage]Init flushStorage thread
info|2025-10-10 08:11:17.489509|io_service-0x00007f256f1f9700|[NETWORK][Host]handshakeServer succ,remote endpoint=127.0.0.1:53280
info|2025-10-10 08:11:17.489587|io_service-0x00007f256f1f9700|[NETWORK][Host]startPeerSession, Remote=127.0.0.1:53280,local endpoint=127.0.0.1:30302,nodeID=87d00b98...
info|2025-10-10 08:11:17.490700|fisco-bcos-0x00007f2571f72dc0|[g:1][DBINITIALIZER] [init CachedStorage],maxCapacity=32,maxForwardBlock=10
info|2025-10-10 08:11:17.490731|fisco-bcos-0x00007f2571f72dc0|[g:1][LEDGER][initLedger][initBlockChain]
info|2025-10-10 08:11:17.491025|fisco-bcos-0x00007f2571f72dc0|[g:1][LEDGER]set enableHexBlock to be false,version=34275328
info|2025-10-10 08:11:17.491045|fisco-bcos-0x00007f2571f72dc0|[g:1][BLOCKCHAIN][#checkAndBuildGenesisBlock],shouldBuild=false
info|2025-10-10 08:11:17.491419|fisco-bcos-0x00007f2571f72dc0|[g:1][BLOCKCHAIN][#checkAndBuildGenesisBlock]Already have the 0th block, 0th groupMark is equal to file groupMark.
info|2025-10-10 08:11:17.491449|fisco-bcos-0x00007f2571f72dc0|[g:1][LEDGER][initLedger]initBlockChain SUCC
info|2025-10-10 08:11:17.491529|fisco-bcos-0x00007f2571f72dc0|[g:1][DBINITIALIZER] [createStateFactory],type=storage
info|2025-10-10 08:11:17.491555|fisco-bcos-0x00007f2571f72dc0|[g:1][DBINITIALIZER] createStorageState SUCC
info|2025-10-10 08:11:17.491561|fisco-bcos-0x00007f2571f72dc0|[g:1][DBINITIALIZER] [createStateFactory SUCC]
info|2025-10-10 08:11:17.491565|fisco-bcos-0x00007f2571f72dc0|[g:1][DBINITIALIZER] createExecutiveContext...
info|2025-10-10 08:11:17.491580|fisco-bcos-0x00007f2571f72dc0|[g:1][LEDGER]createGasMetric,vmFlagType=0
info|2025-10-10 08:11:17.491585|fisco-bcos-0x00007f2571f72dc0|[g:1][LEDGER]createGasMetric
info|2025-10-10 08:11:17.491594|fisco-bcos-0x00007f2571f72dc0|[g:1][DBINITIALIZER] create precompiledGasFactory and precompiledResultFactory
info|2025-10-10 08:11:17.491613|fisco-bcos-0x00007f2571f72dc0|[g:1][DBINITIALIZER] createExecutiveContext SUCC
info|2025-10-10 08:11:17.491621|fisco-bcos-0x00007f2571f72dc0|[g:1][DBINITIALIZER] [setSyncNumForCachedStorage],syncNum=320
info|2025-10-10 08:11:17.491628|fisco-bcos-0x00007f2571f72dc0|[g:1][LEDGER][initNetworkBandWidthLimiter: outGoingBandwidthLimit has been disabled],groupId=1
info|2025-10-10 08:11:17.491634|fisco-bcos-0x00007f2571f72dc0|[g:1][LEDGER][QPSLimit has been disabled],groupId=1
info|2025-10-10 08:11:17.491638|fisco-bcos-0x00007f2571f72dc0|[g:1][LEDGER][initLedger][initBlockVerifier]
info|2025-10-10 08:11:17.497688|fisco-bcos-0x00007f2571f72dc0|[g:1][LEDGER][initLedger][initBlockVerifier SUCC],evmFlags=0
info|2025-10-10 08:11:17.497725|fisco-bcos-0x00007f2571f72dc0|[g:1][LEDGER][initLedger][initTxPool],txPoolLimit=150000
info|2025-10-10 08:11:17.521004|io_service-0x00007f256f1f9700|[NETWORK][Host]handshakeClient succ,local endpoint=127.0.0.1:53280
info|2025-10-10 08:11:17.521113|io_service-0x00007f256f1f9700|[NETWORK][Host]startPeerSession, Remote=127.0.0.1:30302,local endpoint=127.0.0.1:53280,nodeID=87d00b98...
info|2025-10-10 08:11:17.531544|io_service-0x00007f256f1f9700|[NETWORK][Host]handshakeClient succ,local endpoint=127.0.0.1:53808
info|2025-10-10 08:11:17.531614|io_service-0x00007f256f1f9700|[NETWORK][Host]startPeerSession, Remote=127.0.0.1:30301,local endpoint=127.0.0.1:53808,nodeID=374bdfe9...
info|2025-10-10 08:11:17.531773|P2P-0x00007f25711fd700|[P2P][Service] Connection established,nodeID=374bdfe9...,endpoint=127.0.0.1:30301
info|2025-10-10 08:11:17.562325|io_service-0x00007f256f1f9700|[NETWORK][Host]handshakeClient succ,local endpoint=127.0.0.1:45092
info|2025-10-10 08:11:17.562397|io_service-0x00007f256f1f9700|[NETWORK][Host]startPeerSession, Remote=127.0.0.1:30300,local endpoint=127.0.0.1:45092,nodeID=73994dae...
info|2025-10-10 08:11:17.562568|P2P-0x00007f256f9fa700|[P2P][Service] Connection established,nodeID=73994dae...,endpoint=127.0.0.1:30300
info|2025-10-10 08:11:17.574769|io_service-0x00007f256f1f9700|[NETWORK][Host]handshakeClient succ,local endpoint=127.0.0.1:59806
info|2025-10-10 08:11:17.574842|io_service-0x00007f256f1f9700|[NETWORK][Host]startPeerSession, Remote=127.0.0.1:30303,local endpoint=127.0.0.1:59806,nodeID=064cb676...
info|2025-10-10 08:11:17.575199|P2P-0x00007f25701fb700|[P2P][Service] Connection established,nodeID=064cb676...,endpoint=127.0.0.1:30303
info|2025-10-10 08:11:17.578323|fisco-bcos-0x00007f2571f72dc0|[g:1][LEDGER][initLedger]initTxPool SUCC
info|2025-10-10 08:11:17.578378|fisco-bcos-0x00007f2571f72dc0|[g:1][LEDGER][initLedger][initSync],idleWaitMs=200,gossipInterval=1000,gossipPeers=3
info|2025-10-10 08:11:17.578406|fisco-bcos-0x00007f2571f72dc0|[g:1][LEDGER]Init sync master,enableSendBlockStatusByTree=true,enableSendTxsByTree=true
info|2025-10-10 08:11:17.579191|fisco-bcos-0x00007f2571f72dc0|[g:1][LEDGER][initLedger]initSync SUCC
info|2025-10-10 08:11:17.579230|fisco-bcos-0x00007f2571f72dc0|[g:1][LEDGER][initLedger][consensusInitFactory]
info|2025-10-10 08:11:17.579244|fisco-bcos-0x00007f2571f72dc0|[g:1][LEDGER][initLedger][createPBFTSealer]
info|2025-10-10 08:11:17.579256|fisco-bcos-0x00007f2571f72dc0|[g:1][LEDGER][initLedger][createPBFTSealer],baseDir=data//group1,Protocol=65544
info|2025-10-10 08:11:17.579308|fisco-bcos-0x00007f2571f72dc0|[g:1][LEDGER][initLedger]createPBFTSealer for PBFT or rPBFT,consensusType=pbft
info|2025-10-10 08:11:17.579328|fisco-bcos-0x00007f2571f72dc0|[g:1][LEDGER]createConsensusEngine: create PBFTEngine
info|2025-10-10 08:11:17.579359|fisco-bcos-0x00007f2571f72dc0|[g:1][CONSENSUS][PBFT]Register handler for PBFTEngine
info|2025-10-10 08:11:17.579839|fisco-bcos-0x00007f2571f72dc0|[g:1][CONSENSUS][PBFT]setMinBlockGenerationTime,minBlockGenerationTime=500,consensusTime=1000
info|2025-10-10 08:11:17.579867|fisco-bcos-0x00007f2571f72dc0|[g:1][LEDGER][initEventLogFilterManager]initEventLogFilterManager SUCC
info|2025-10-10 08:11:17.579882|fisco-bcos-0x00007f2571f72dc0|[LedgerInitializer init group succ],groupID=1
info|2025-10-10 08:11:17.580149|fisco-bcos-0x00007f2571f72dc0|[SafeHttpServer::StartListening]use default epoll
info|2025-10-10 08:11:17.580458|fisco-bcos-0x00007f2571f72dc0|[INITIALIZER][RPCInitializer JsonrpcHttpServer started],jsonrpc_IP=127.0.0.1,jsonrpc_listen_port=8547,jsonrpc_thread_count=8,ipv6=false,disableDynamicGroup=false,uncheckGroupMember=false
info|2025-10-10 08:11:17.580492|fisco-bcos-0x00007f2571f72dc0|[g:1][LEDGER]startAll...
info|2025-10-10 08:11:17.590521|P2P-0x00007f25709fc700|[g:1] [SYNC][id:87d00b98...][Download][Request]Receive block request,peer=374bdfe9...,from=184,to=191
info|2025-10-10 08:11:17.590654|P2P-0x00007f25709fc700|[g:1] [SYNC][id:87d00b98...][Download][Request]Receive block request,peer=374bdfe9...,from=192,to=199
info|2025-10-10 08:11:17.592565|SyncSend-1-0x00007f25619de700|[g:1][SYNC][id:87d00b98...][Download][Request][BlockSync]Batch blocks for sending,blockSize=24480,number=184,peer=374bdfe9...,timeCost=2
info|2025-10-10 08:11:17.593528|SyncSend-1-0x00007f25619de700|[g:1][SYNC][id:87d00b98...][Download][Request][BlockSync]Batch blocks for sending,blockSize=3195,number=185,peer=374bdfe9...,timeCost=1
info|2025-10-10 08:11:17.596959|SyncSend-1-0x00007f25619de700|[g:1][SYNC][id:87d00b98...][Download][Request][BlockSync]Batch blocks for sending,blockSize=24479,number=186,peer=374bdfe9...,timeCost=3
info|2025-10-10 08:11:17.597407|SyncSend-1-0x00007f25619de700|[g:1][SYNC][id:87d00b98...][Download][Request][BlockSync]Batch blocks for sending,blockSize=3711,number=187,peer=374bdfe9...,timeCost=0
info|2025-10-10 08:11:17.601263|alignTime-1-0x00007f255f9da700|[g:1][NodeTimeMaintenance]updateTimeInfo: update median time offset,updatedMedianTimeOffset=-1,peer=73994dae...,peerTime=1760109077600,peerOffset=-1,utcTime=1760109077601
info|2025-10-10 08:11:17.602392|SyncSend-1-0x00007f25619de700|[g:1][SYNC][id:87d00b98...][Download][Request][BlockSync]Batch blocks for sending,blockSize=47009,number=188,peer=374bdfe9...,timeCost=5
info|2025-10-10 08:11:17.602714|SyncSend-1-0x00007f25619de700|[g:1][SYNC][id:87d00b98...][Download][Request][BlockSync]Batch blocks for sending,blockSize=3711,number=189,peer=374bdfe9...,timeCost=0
info|2025-10-10 08:11:17.603188|SyncSend-1-0x00007f25619de700|[g:1][SYNC][id:87d00b98...][Download][Request][BlockSync]Batch blocks for sending,blockSize=47009,number=190,peer=374bdfe9...,timeCost=1
info|2025-10-10 08:11:17.603497|SyncSend-1-0x00007f25619de700|[g:1][SYNC][id:87d00b98...][Download][Request][BlockSync]Batch blocks for sending,blockSize=3727,number=191,peer=374bdfe9...,timeCost=0
info|2025-10-10 08:11:17.603733|SyncSend-1-0x00007f25619de700|[g:1][SYNC][id:87d00b98...][Download][Request][BlockSync]Batch blocks for sending,blockSize=1796,number=192,peer=374bdfe9...,timeCost=0
info|2025-10-10 08:11:17.603993|SyncSend-1-0x00007f25619de700|[g:1][SYNC][id:87d00b98...][Download][Request][BlockSync]Batch blocks for sending,blockSize=3726,number=193,peer=374bdfe9...,timeCost=1
info|2025-10-10 08:11:17.604351|SyncSend-1-0x00007f25619de700|[g:1][SYNC][id:87d00b98...][Download][Request][BlockSync]Batch blocks for sending,blockSize=1795,number=194,peer=374bdfe9...,timeCost=0
info|2025-10-10 08:11:17.604593|SyncSend-1-0x00007f25619de700|[g:1][SYNC][id:87d00b98...][Download][Request][BlockSync]Batch blocks for sending,blockSize=3727,number=195,peer=374bdfe9...,timeCost=0
info|2025-10-10 08:11:17.604803|SyncSend-1-0x00007f25619de700|[g:1][SYNC][id:87d00b98...][Download][Request][BlockSync]Batch blocks for sending,blockSize=1796,number=196,peer=374bdfe9...,timeCost=0
info|2025-10-10 08:11:17.605050|SyncSend-1-0x00007f25619de700|[g:1][SYNC][id:87d00b98...][Download][Request][BlockSync]Batch blocks for sending,blockSize=3726,number=197,peer=374bdfe9...,timeCost=1
info|2025-10-10 08:11:17.605259|SyncSend-1-0x00007f25619de700|[g:1][SYNC][id:87d00b98...][Download][Request][BlockSync]Batch blocks for sending,blockSize=1796,number=198,peer=374bdfe9...,timeCost=0
info|2025-10-10 08:11:17.605496|SyncSend-1-0x00007f25619de700|[g:1][SYNC][id:87d00b98...][Download][Request][BlockSync]Batch blocks for sending,blockSize=4182,number=199,peer=374bdfe9...,timeCost=0
info|2025-10-10 08:11:17.606081|SyncSend-1-0x00007f25619de700|[g:1][g:1] [SYNC][id:374bdfe9...][Download][Request][BlockSync]Send block packet,peer=374bdfe9...,blocks=16,bytes(V)=179918
info|2025-10-10 08:11:17.606661|fisco-bcos-0x00007f2571f72dc0|[g:1][GossipBlockStatus]start GossipBlockStatus succ
info|2025-10-10 08:11:17.606686|fisco-bcos-0x00007f2571f72dc0|[g:1][CONSENSUS][ConsensusEngine][Start ConsensusEngineBase]
info|2025-10-10 08:11:17.607698|P2P-0x00007f256f9fa700|[g:1] [SYNC][id:87d00b98...][Download][Request]Receive block request,peer=374bdfe9...,from=208,to=215
info|2025-10-10 08:11:17.607737|P2P-0x00007f256f9fa700|[g:1] [SYNC][id:87d00b98...][Download][Request]Receive block request,peer=374bdfe9...,from=200,to=207
info|2025-10-10 08:11:17.607955|fisco-bcos-0x00007f2571f72dc0|[g:1][CONSENSUS][PBFT]^^^^^^^^Report,num=320,sealerIdx=2,hash=6a261fdc...,next=321,tx=1,nodeIdx=3
info|2025-10-10 08:11:17.608011|fisco-bcos-0x00007f2571f72dc0|[g:1][ROCKSDB]open rocksDB handler,path=data//group1/pbftMsgBackup/RocksDB
info|2025-10-10 08:11:17.608577|SyncSend-1-0x00007f25619de700|[g:1][SYNC][id:87d00b98...][Download][Request][BlockSync]Batch blocks for sending,blockSize=1797,number=200,peer=374bdfe9...,timeCost=0
info|2025-10-10 08:11:17.608764|SyncSend-1-0x00007f25619de700|[g:1][SYNC][id:87d00b98...][Download][Request][BlockSync]Batch blocks for sending,blockSize=3660,number=201,peer=374bdfe9...,timeCost=0
info|2025-10-10 08:11:17.608944|SyncSend-1-0x00007f25619de700|[g:1][SYNC][id:87d00b98...][Download][Request][BlockSync]Batch blocks for sending,blockSize=1980,number=202,peer=374bdfe9...,timeCost=0
info|2025-10-10 08:11:17.609110|SyncSend-1-0x00007f25619de700|[g:1][SYNC][id:87d00b98...][Download][Request][BlockSync]Batch blocks for sending,blockSize=3647,number=203,peer=374bdfe9...,timeCost=1
info|2025-10-10 08:11:17.609282|SyncSend-1-0x00007f25619de700|[g:1][SYNC][id:87d00b98...][Download][Request][BlockSync]Batch blocks for sending,blockSize=3647,number=204,peer=374bdfe9...,timeCost=0
info|2025-10-10 08:11:17.609459|SyncSend-1-0x00007f25619de700|[g:1][SYNC][id:87d00b98...][Download][Request][BlockSync]Batch blocks for sending,blockSize=1980,number=205,peer=374bdfe9...,timeCost=0
info|2025-10-10 08:11:17.609611|SyncSend-1-0x00007f25619de700|[g:1][SYNC][id:87d00b98...][Download][Request][BlockSync]Batch blocks for sending,blockSize=3647,number=206,peer=374bdfe9...,timeCost=0
info|2025-10-10 08:11:17.609815|SyncSend-1-0x00007f25619de700|[g:1][SYNC][id:87d00b98...][Download][Request][BlockSync]Batch blocks for sending,blockSize=3647,number=207,peer=374bdfe9...,timeCost=0
info|2025-10-10 08:11:17.609997|SyncSend-1-0x00007f25619de700|[g:1][SYNC][id:87d00b98...][Download][Request][BlockSync]Batch blocks for sending,blockSize=1981,number=208,peer=374bdfe9...,timeCost=1
info|2025-10-10 08:11:17.610142|SyncSend-1-0x00007f25619de700|[g:1][SYNC][id:87d00b98...][Download][Request][BlockSync]Batch blocks for sending,blockSize=3646,number=209,peer=374bdfe9...,timeCost=0
info|2025-10-10 08:11:17.610288|SyncSend-1-0x00007f25619de700|[g:1][SYNC][id:87d00b98...][Download][Request][BlockSync]Batch blocks for sending,blockSize=3646,number=210,peer=374bdfe9...,timeCost=0
info|2025-10-10 08:11:17.610437|SyncSend-1-0x00007f25619de700|[g:1][SYNC][id:87d00b98...][Download][Request][BlockSync]Batch blocks for sending,blockSize=1981,number=211,peer=374bdfe9...,timeCost=0
info|2025-10-10 08:11:17.610584|SyncSend-1-0x00007f25619de700|[g:1][SYNC][id:87d00b98...][Download][Request][BlockSync]Batch blocks for sending,blockSize=3647,number=212,peer=374bdfe9...,timeCost=0
info|2025-10-10 08:11:17.610731|SyncSend-1-0x00007f25619de700|[g:1][SYNC][id:87d00b98...][Download][Request][BlockSync]Batch blocks for sending,blockSize=3647,number=213,peer=374bdfe9...,timeCost=0
info|2025-10-10 08:11:17.610859|SyncSend-1-0x00007f25619de700|[g:1][SYNC][id:87d00b98...][Download][Request][BlockSync]Batch blocks for sending,blockSize=3647,number=214,peer=374bdfe9...,timeCost=0
info|2025-10-10 08:11:17.620064|SyncSend-1-0x00007f25619de700|[g:1][SYNC][id:87d00b98...][Download][Request][BlockSync]Batch blocks for sending,blockSize=3645,number=215,peer=374bdfe9...,timeCost=10
info|2025-10-10 08:11:17.620290|SyncSend-1-0x00007f25619de700|[g:1][g:1] [SYNC][id:374bdfe9...][Download][Request][BlockSync]Send block packet,peer=374bdfe9...,blocks=16,bytes(V)=49897
info|2025-10-10 08:11:17.623032|alignTime-1-0x00007f255f9da700|[g:1][NodeTimeMaintenance]updateTimeInfo: update median time offset,updatedMedianTimeOffset=-1,peer=064cb676...,peerTime=1760109077622,peerOffset=-1,utcTime=1760109077623
info|2025-10-10 08:11:17.643494|fisco-bcos-0x00007f2571f72dc0|[g:1][CONSENSUS][PBFT][PBFT init env successfully]
info|2025-10-10 08:11:17.643546|fisco-bcos-0x00007f2571f72dc0|[g:1][CONSENSUS][PBFT][Start PBFTEngine...]
info|2025-10-10 08:11:17.643558|fisco-bcos-0x00007f2571f72dc0|[g:1][CONSENSUS][SEALER][Start sealer module]
info|2025-10-10 08:11:17.645261|fisco-bcos-0x00007f2571f72dc0|[g:1][EVENT][EventLogFilterManager]start,m_maxBlockRange=0,m_maxBlockPerLoopFilter=3
info|2025-10-10 08:11:18.493032|alignTime-1-0x00007f255f9da700|[g:1][NodeTimeMaintenance]updateTimeInfo: update median time offset,updatedMedianTimeOffset=-1,peer=374bdfe9...,peerTime=1760109078492,peerOffset=-1,utcTime=1760109078493
info|2025-10-10 08:11:18.628688|PBFT-1-0x00007f25551c5700|[g:1][CONSENSUS]addRawPrepare,height=321,reqIdx=0,hash=a0d6f092...,time=0
info|2025-10-10 08:11:18.632464|PBFT-1-0x00007f25551c5700|[g:1][CONSENSUS][PBFT]checkTimeout Succ,view=0,toView=1,nodeIdx=3,changeCycle=1,myNode=87d00b98...,timecost=4
info|2025-10-10 08:11:18.635219|PBFT-1-0x00007f25551c5700|[g:1][CONSENSUS][PBFT]checkAndChangeView: Reach consensus,org_view=0,cur_changeCycle=1,curView=0,view=1
warning|2025-10-10 08:11:23.149528|PBFT-1-0x00007f25551c5700|[g:1][CONSENSUS][PBFT]ViewChangeWarning: not caused by omit empty block ,v=1,toV=2,curNum=320,hash=6a261fdc...,nodeIdx=3,myNode=87d00b98...
info|2025-10-10 08:11:23.149891|PBFT-1-0x00007f25551c5700|[g:1][CONSENSUS][PBFT]checkTimeout Succ,view=1,toView=2,nodeIdx=3,changeCycle=2,myNode=87d00b98...,timecost=4
info|2025-10-10 08:11:23.158006|PBFT-1-0x00007f25551c5700|[g:1][CONSENSUS][PBFT]checkAndChangeView: Reach consensus,org_view=1,cur_changeCycle=2,curView=1,view=2
info|2025-10-10 08:11:24.162294|PBFT-1-0x00007f25551c5700|[g:1][CONSENSUS]addRawPrepare,height=321,reqIdx=2,hash=d93611fd...,time=0
info|2025-10-10 08:11:24.169948|PBFT-1-0x00007f25551c5700|[g:1][CONSENSUS][PBFT]checkTimeout Succ,view=2,toView=3,nodeIdx=3,changeCycle=1,myNode=87d00b98...,timecost=7
info|2025-10-10 08:11:24.177289|PBFT-1-0x00007f25551c5700|[g:1][CONSENSUS][PBFT]checkAndChangeView: Reach consensus,org_view=2,cur_changeCycle=1,curView=2,view=3
info|2025-10-10 08:11:25.178818|PBFTSeal-1-0x00007f254d9b6700|[g:1][CONSENSUS][SEALER]++++++++++++++++ Generating seal on,blkNum=321,tx=0,nodeIdx=3,hash=d8034233...
info|2025-10-10 08:11:25.181862|PBFT-1-0x00007f25551c5700|[g:1][CONSENSUS][PBFT]checkTimeout Succ,view=3,toView=4,nodeIdx=3,changeCycle=1,myNode=87d00b98...,timecost=1
info|2025-10-10 08:11:25.193605|PBFT-1-0x00007f25551c5700|[g:1][CONSENSUS][PBFT]checkAndChangeView: Reach consensus,org_view=3,cur_changeCycle=1,curView=3,view=4
info|2025-10-10 08:11:26.198600|PBFT-1-0x00007f25551c5700|[g:1][CONSENSUS]addRawPrepare,height=321,reqIdx=0,hash=03137dc7...,time=0
info|2025-10-10 08:11:26.200464|PBFT-1-0x00007f25551c5700|[g:1][CONSENSUS][PBFT]checkTimeout Succ,view=4,toView=5,nodeIdx=3,changeCycle=1,myNode=87d00b98...,timecost=2
info|2025-10-10 08:11:26.203825|PBFT-1-0x00007f25551c5700|[g:1][CONSENSUS][PBFT]checkAndChangeView: Reach consensus,org_view=4,cur_changeCycle=1,curView=4,view=5
info|2025-10-10 08:11:27.398386|io_service-0x00007f256f1f9700|[NETWORK][Host]P2P Recv Connect, From=127.0.0.1:51006
info|2025-10-10 08:11:27.398456|io_service-0x00007f256f1f9700|[NETWORK][Host]P2P StartAccept,Host=0.0.0.0:30302
info|2025-10-10 08:11:27.405482|io_service-0x00007f256f1f9700|[NETWORK][Host]P2P Recv Connect, From=127.0.0.1:51010
info|2025-10-10 08:11:27.405550|io_service-0x00007f256f1f9700|[NETWORK][Host]P2P StartAccept,Host=0.0.0.0:30302
info|2025-10-10 08:11:27.414083|io_service-0x00007f256f1f9700|[NETWORK][Host]handshakeServer succ,remote endpoint=127.0.0.1:51010
info|2025-10-10 08:11:27.414179|io_service-0x00007f256f1f9700|[NETWORK][Host]startPeerSession, Remote=127.0.0.1:51010,local endpoint=127.0.0.1:30302,nodeID=73994dae...
info|2025-10-10 08:11:27.418258|io_service-0x00007f256f1f9700|[NETWORK][Host]handshakeServer succ,remote endpoint=127.0.0.1:51006
info|2025-10-10 08:11:27.418690|io_service-0x00007f256f1f9700|[NETWORK][Host]startPeerSession, Remote=127.0.0.1:51006,local endpoint=127.0.0.1:30302,nodeID=374bdfe9...
info|2025-10-10 08:11:27.434311|io_service-0x00007f256f1f9700|[NETWORK][Host]P2P Recv Connect, From=127.0.0.1:51012
info|2025-10-10 08:11:27.434392|io_service-0x00007f256f1f9700|[NETWORK][Host]P2P StartAccept,Host=0.0.0.0:30302
info|2025-10-10 08:11:27.442608|io_service-0x00007f256f1f9700|[P2P][Service] heartBeat,connected count=3
info|2025-10-10 08:11:27.442696|io_service-0x00007f256f1f9700|[NETWORK][Host]handshakeServer succ,remote endpoint=127.0.0.1:51012
info|2025-10-10 08:11:27.442830|io_service-0x00007f256f1f9700|[NETWORK][Host]startPeerSession, Remote=127.0.0.1:51012,local endpoint=127.0.0.1:30302,nodeID=064cb676...
info|2025-10-10 08:11:27.554873|P2P-0x00007f256f9fa700|[NETWORK][Session]Received topic: [2	_block_notify_1] from 73994dae9e8b8da733108a4153dfe79151d701dff425f84c87b5324e8ebd02ab6a0ebc9e4f1e0298a7ddca50f94a8f95c62b6997226d571e470e8f2b0600634a
warning|2025-10-10 08:11:30.706928|PBFT-1-0x00007f25551c5700|[g:1][CONSENSUS][PBFT]ViewChangeWarning: not caused by omit empty block ,v=5,toV=6,curNum=320,hash=6a261fdc...,nodeIdx=3,myNode=87d00b98...
info|2025-10-10 08:11:30.709556|PBFT-1-0x00007f25551c5700|[g:1][CONSENSUS][PBFT]checkTimeout Succ,view=5,toView=6,nodeIdx=3,changeCycle=2,myNode=87d00b98...,timecost=4
info|2025-10-10 08:11:30.713896|PBFT-1-0x00007f25551c5700|[g:1][CONSENSUS][PBFT]checkAndChangeView: Reach consensus,org_view=5,cur_changeCycle=2,curView=5,view=6
info|2025-10-10 08:11:31.724851|PBFT-1-0x00007f25551c5700|[g:1][CONSENSUS]addRawPrepare,height=321,reqIdx=2,hash=aa18ba09...,time=0
info|2025-10-10 08:11:31.726153|PBFT-1-0x00007f25551c5700|[g:1][CONSENSUS][PBFT]checkTimeout Succ,view=6,toView=7,nodeIdx=3,changeCycle=1,myNode=87d00b98...,timecost=2
info|2025-10-10 08:11:31.732433|PBFT-1-0x00007f25551c5700|[g:1][CONSENSUS][PBFT]checkAndChangeView: Reach consensus,org_view=6,cur_changeCycle=1,curView=6,view=7
info|2025-10-10 08:11:32.732654|PBFTSeal-1-0x00007f254d9b6700|[g:1][CONSENSUS][SEALER]++++++++++++++++ Generating seal on,blkNum=321,tx=0,nodeIdx=3,hash=5cee536d...
info|2025-10-10 08:11:32.741029|PBFT-1-0x00007f25551c5700|[g:1][CONSENSUS][PBFT]checkTimeout Succ,view=7,toView=8,nodeIdx=3,changeCycle=1,myNode=87d00b98...,timecost=2
info|2025-10-10 08:11:32.742621|PBFT-1-0x00007f25551c5700|[g:1][CONSENSUS][PBFT]checkAndChangeView: Reach consensus,org_view=7,cur_changeCycle=1,curView=7,view=8
info|2025-10-10 08:11:33.748278|PBFT-1-0x00007f25551c5700|[g:1][CONSENSUS]addRawPrepare,height=321,reqIdx=0,hash=52f5302a...,time=0
info|2025-10-10 08:11:33.749961|PBFT-1-0x00007f25551c5700|[g:1][CONSENSUS][PBFT]checkTimeout Succ,view=8,toView=9,nodeIdx=3,changeCycle=1,myNode=87d00b98...,timecost=1
info|2025-10-10 08:11:33.753691|PBFT-1-0x00007f25551c5700|[g:1][CONSENSUS][PBFT]checkAndChangeView: Reach consensus,org_view=8,cur_changeCycle=1,curView=8,view=9
info|2025-10-10 08:11:37.443102|io_service-0x00007f256f1f9700|[P2P][Service] heartBeat,connected count=3
warning|2025-10-10 08:11:38.259806|PBFT-1-0x00007f25551c5700|[g:1][CONSENSUS][PBFT]ViewChangeWarning: not caused by omit empty block ,v=9,toV=10,curNum=320,hash=6a261fdc...,nodeIdx=3,myNode=87d00b98...
info|2025-10-10 08:11:38.261117|PBFT-1-0x00007f25551c5700|[g:1][CONSENSUS][PBFT]checkTimeout Succ,view=9,toView=10,nodeIdx=3,changeCycle=2,myNode=87d00b98...,timecost=3
info|2025-10-10 08:11:38.266420|PBFT-1-0x00007f25551c5700|[g:1][CONSENSUS][PBFT]checkAndChangeView: Reach consensus,org_view=9,cur_changeCycle=2,curView=9,view=10
info|2025-10-10 08:11:39.269148|PBFT-1-0x00007f25551c5700|[g:1][CONSENSUS]addRawPrepare,height=321,reqIdx=2,hash=db28ca64...,time=0
info|2025-10-10 08:11:39.271575|PBFT-1-0x00007f25551c5700|[g:1][CONSENSUS][PBFT]checkTimeout Succ,view=10,toView=11,nodeIdx=3,changeCycle=1,myNode=87d00b98...,timecost=2
info|2025-10-10 08:11:39.276266|PBFT-1-0x00007f25551c5700|[g:1][CONSENSUS][PBFT]checkAndChangeView: Reach consensus,org_view=10,cur_changeCycle=1,curView=10,view=11
info|2025-10-10 08:11:40.275714|PBFTSeal-1-0x00007f254d9b6700|[g:1][CONSENSUS][SEALER]++++++++++++++++ Generating seal on,blkNum=321,tx=0,nodeIdx=3,hash=5a7093ef...
info|2025-10-10 08:11:40.280709|PBFT-1-0x00007f25551c5700|[g:1][CONSENSUS][PBFT]checkTimeout Succ,view=11,toView=12,nodeIdx=3,changeCycle=1,myNode=87d00b98...,timecost=3
info|2025-10-10 08:11:40.289320|PBFT-1-0x00007f25551c5700|[g:1][CONSENSUS][PBFT]checkAndChangeView: Reach consensus,org_view=11,cur_changeCycle=1,curView=11,view=12
info|2025-10-10 08:11:41.295451|PBFT-1-0x00007f25551c5700|[g:1][CONSENSUS]addRawPrepare,height=321,reqIdx=0,hash=86b17314...,time=0
info|2025-10-10 08:11:41.297924|PBFT-1-0x00007f25551c5700|[g:1][CONSENSUS][PBFT]checkTimeout Succ,view=12,toView=13,nodeIdx=3,changeCycle=1,myNode=87d00b98...,timecost=2
info|2025-10-10 08:11:41.302433|PBFT-1-0x00007f25551c5700|[g:1][CONSENSUS][PBFT]checkAndChangeView: Reach consensus,org_view=12,cur_changeCycle=1,curView=12,view=13
warning|2025-10-10 08:11:45.807574|PBFT-1-0x00007f25551c5700|[g:1][CONSENSUS][PBFT]ViewChangeWarning: not caused by omit empty block ,v=13,toV=14,curNum=320,hash=6a261fdc...,nodeIdx=3,myNode=87d00b98...
info|2025-10-10 08:11:45.810154|PBFT-1-0x00007f25551c5700|[g:1][CONSENSUS][PBFT]checkTimeout Succ,view=13,toView=14,nodeIdx=3,changeCycle=2,myNode=87d00b98...,timecost=5
info|2025-10-10 08:11:45.815389|PBFT-1-0x00007f25551c5700|[g:1][CONSENSUS][PBFT]checkAndChangeView: Reach consensus,org_view=13,cur_changeCycle=2,curView=13,view=14
info|2025-10-10 08:11:46.818317|PBFT-1-0x00007f25551c5700|[g:1][CONSENSUS]addRawPrepare,height=321,reqIdx=2,hash=2ff1f4cd...,time=0
info|2025-10-10 08:11:46.821336|PBFT-1-0x00007f25551c5700|[g:1][CONSENSUS][PBFT]checkTimeout Succ,view=14,toView=15,nodeIdx=3,changeCycle=1,myNode=87d00b98...,timecost=3
info|2025-10-10 08:11:46.825867|PBFT-1-0x00007f25551c5700|[g:1][CONSENSUS][PBFT]checkAndChangeView: Reach consensus,org_view=14,cur_changeCycle=1,curView=14,view=15
info|2025-10-10 08:11:47.443984|io_service-0x00007f256f1f9700|[P2P][Service] heartBeat,connected count=3
info|2025-10-10 08:11:47.826732|PBFTSeal-1-0x00007f254d9b6700|[g:1][CONSENSUS][SEALER]++++++++++++++++ Generating seal on,blkNum=321,tx=0,nodeIdx=3,hash=6dcd3359...
info|2025-10-10 08:11:47.831162|PBFT-1-0x00007f25551c5700|[g:1][CONSENSUS][PBFT]checkTimeout Succ,view=15,toView=16,nodeIdx=3,changeCycle=1,myNode=87d00b98...,timecost=3
info|2025-10-10 08:11:47.837986|PBFT-1-0x00007f25551c5700|[g:1][CONSENSUS][PBFT]checkAndChangeView: Reach consensus,org_view=15,cur_changeCycle=1,curView=15,view=16
info|2025-10-10 08:11:48.845181|PBFT-1-0x00007f25551c5700|[g:1][CONSENSUS]addRawPrepare,height=321,reqIdx=0,hash=fe014e81...,time=0
info|2025-10-10 08:11:48.848197|PBFT-1-0x00007f25551c5700|[g:1][CONSENSUS][PBFT]checkTimeout Succ,view=16,toView=17,nodeIdx=3,changeCycle=1,myNode=87d00b98...,timecost=3
info|2025-10-10 08:11:48.850619|PBFT-1-0x00007f25551c5700|[g:1][CONSENSUS][PBFT]checkAndChangeView: Reach consensus,org_view=16,cur_changeCycle=1,curView=16,view=17
warning|2025-10-10 08:11:53.352652|PBFT-1-0x00007f25551c5700|[g:1][CONSENSUS][PBFT]ViewChangeWarning: not caused by omit empty block ,v=17,toV=18,curNum=320,hash=6a261fdc...,nodeIdx=3,myNode=87d00b98...
info|2025-10-10 08:11:53.353499|PBFT-1-0x00007f25551c5700|[g:1][CONSENSUS][PBFT]checkTimeout Succ,view=17,toView=18,nodeIdx=3,changeCycle=2,myNode=87d00b98...,timecost=3
info|2025-10-10 08:11:53.355190|PBFT-1-0x00007f25551c5700|[g:1][CONSENSUS][PBFT]checkAndChangeView: Reach consensus,org_view=17,cur_changeCycle=2,curView=17,view=18
info|2025-10-10 08:11:54.360817|PBFT-1-0x00007f25551c5700|[g:1][CONSENSUS]addRawPrepare,height=321,reqIdx=2,hash=15d9d812...,time=0
info|2025-10-10 08:11:54.362177|PBFT-1-0x00007f25551c5700|[g:1][CONSENSUS][PBFT]checkTimeout Succ,view=18,toView=19,nodeIdx=3,changeCycle=1,myNode=87d00b98...,timecost=2
info|2025-10-10 08:11:54.369003|PBFT-1-0x00007f25551c5700|[g:1][CONSENSUS][PBFT]checkAndChangeView: Reach consensus,org_view=18,cur_changeCycle=1,curView=18,view=19
info|2025-10-10 08:11:55.369094|PBFTSeal-1-0x00007f254d9b6700|[g:1][CONSENSUS][SEALER]++++++++++++++++ Generating seal on,blkNum=321,tx=0,nodeIdx=3,hash=72590a48...
info|2025-10-10 08:11:55.375247|PBFT-1-0x00007f25551c5700|[g:1][CONSENSUS][PBFT]checkTimeout Succ,view=19,toView=20,nodeIdx=3,changeCycle=1,myNode=87d00b98...,timecost=5
info|2025-10-10 08:11:55.380169|PBFT-1-0x00007f25551c5700|[g:1][CONSENSUS][PBFT]checkAndChangeView: Reach consensus,org_view=19,cur_changeCycle=1,curView=19,view=20
info|2025-10-10 08:11:56.387353|PBFT-1-0x00007f25551c5700|[g:1][CONSENSUS]addRawPrepare,height=321,reqIdx=0,hash=f6e91d22...,time=0
info|2025-10-10 08:11:56.393002|PBFT-1-0x00007f25551c5700|[g:1][CONSENSUS][PBFT]checkTimeout Succ,view=20,toView=21,nodeIdx=3,changeCycle=1,myNode=87d00b98...,timecost=7
info|2025-10-10 08:11:56.397072|PBFT-1-0x00007f25551c5700|[g:1][CONSENSUS][PBFT]checkAndChangeView: Reach consensus,org_view=20,cur_changeCycle=1,curView=20,view=21
info|2025-10-10 08:11:57.444479|io_service-0x00007f256f1f9700|[P2P][Service] heartBeat,connected count=3
info|2025-10-10 08:11:59.260078|P2P-0x00007f25709fc700|[g:1] [SYNC][id:87d00b98...][Download][Request]Receive block request,peer=374bdfe9...,from=184,to=184
info|2025-10-10 08:11:59.260412|SyncSend-1-0x00007f25619de700|[g:1][SYNC][id:87d00b98...][Download][Request][BlockSync]Batch blocks for sending,blockSize=24480,number=184,peer=374bdfe9...,timeCost=0
info|2025-10-10 08:11:59.260566|SyncSend-1-0x00007f25619de700|[g:1][g:1] [SYNC][id:374bdfe9...][Download][Request][BlockSync]Send block packet,peer=374bdfe9...,blocks=1,bytes(V)=24487
warning|2025-10-10 08:12:00.899089|PBFT-1-0x00007f25551c5700|[g:1][CONSENSUS][PBFT]ViewChangeWarning: not caused by omit empty block ,v=21,toV=22,curNum=320,hash=6a261fdc...,nodeIdx=3,myNode=87d00b98...
info|2025-10-10 08:12:00.899478|PBFT-1-0x00007f25551c5700|[g:1][CONSENSUS][PBFT]checkTimeout Succ,view=21,toView=22,nodeIdx=3,changeCycle=2,myNode=87d00b98...,timecost=2
info|2025-10-10 08:12:00.902553|PBFT-1-0x00007f25551c5700|[g:1][CONSENSUS][PBFT]checkAndChangeView: Reach consensus,org_view=21,cur_changeCycle=2,curView=21,view=22
info|2025-10-10 08:12:01.907681|PBFT-1-0x00007f25551c5700|[g:1][CONSENSUS]addRawPrepare,height=321,reqIdx=2,hash=9d2dccc2...,time=0
info|2025-10-10 08:12:01.910102|PBFT-1-0x00007f25551c5700|[g:1][CONSENSUS][PBFT]checkTimeout Succ,view=22,toView=23,nodeIdx=3,changeCycle=1,myNode=87d00b98...,timecost=2
info|2025-10-10 08:12:01.918056|PBFT-1-0x00007f25551c5700|[g:1][CONSENSUS][PBFT]checkAndChangeView: Reach consensus,org_view=22,cur_changeCycle=1,curView=22,view=23
info|2025-10-10 08:12:02.919645|PBFTSeal-1-0x00007f254d9b6700|[g:1][CONSENSUS][SEALER]++++++++++++++++ Generating seal on,blkNum=321,tx=0,nodeIdx=3,hash=9b66a8bc...
info|2025-10-10 08:12:02.928221|PBFT-1-0x00007f25551c5700|[g:1][CONSENSUS][PBFT]checkTimeout Succ,view=23,toView=24,nodeIdx=3,changeCycle=1,myNode=87d00b98...,timecost=7
info|2025-10-10 08:12:02.933307|PBFT-1-0x00007f25551c5700|[g:1][CONSENSUS][PBFT]checkAndChangeView: Reach consensus,org_view=23,cur_changeCycle=1,curView=23,view=24
info|2025-10-10 08:12:03.934309|PBFT-1-0x00007f25551c5700|[g:1][CONSENSUS]addRawPrepare,height=321,reqIdx=0,hash=99cde32a...,time=0
info|2025-10-10 08:12:03.935974|PBFT-1-0x00007f25551c5700|[g:1][CONSENSUS][PBFT]checkTimeout Succ,view=24,toView=25,nodeIdx=3,changeCycle=1,myNode=87d00b98...,timecost=1
info|2025-10-10 08:12:03.944636|PBFT-1-0x00007f25551c5700|[g:1][CONSENSUS][PBFT]checkAndChangeView: Reach consensus,org_view=24,cur_changeCycle=1,curView=24,view=25
info|2025-10-10 08:12:05.664483|P2P-0x00007f25709fc700|[g:1] [SYNC][id:87d00b98...][Download][Request]Receive block request,peer=374bdfe9...,from=184,to=184
info|2025-10-10 08:12:05.664796|SyncSend-1-0x00007f25619de700|[g:1][SYNC][id:87d00b98...][Download][Request][BlockSync]Batch blocks for sending,blockSize=24480,number=184,peer=374bdfe9...,timeCost=0
info|2025-10-10 08:12:05.664868|SyncSend-1-0x00007f25619de700|[g:1][g:1] [SYNC][id:374bdfe9...][Download][Request][BlockSync]Send block packet,peer=374bdfe9...,blocks=1,bytes(V)=24487
info|2025-10-10 08:12:07.445359|io_service-0x00007f256f1f9700|[P2P][Service] heartBeat,connected count=3
warning|2025-10-10 08:12:08.452479|PBFT-1-0x00007f25551c5700|[g:1][CONSENSUS][PBFT]ViewChangeWarning: not caused by omit empty block ,v=25,toV=26,curNum=320,hash=6a261fdc...,nodeIdx=3,myNode=87d00b98...
info|2025-10-10 08:12:08.452655|PBFT-1-0x00007f25551c5700|[g:1][CONSENSUS][PBFT]checkTimeout Succ,view=25,toView=26,nodeIdx=3,changeCycle=2,myNode=87d00b98...,timecost=4
info|2025-10-10 08:12:08.455623|PBFT-1-0x00007f25551c5700|[g:1][CONSENSUS][PBFT]checkAndChangeView: Reach consensus,org_view=25,cur_changeCycle=2,curView=25,view=26
info|2025-10-10 08:12:09.461078|PBFT-1-0x00007f25551c5700|[g:1][CONSENSUS]addRawPrepare,height=321,reqIdx=2,hash=f42f58ef...,time=0
info|2025-10-10 08:12:09.462561|PBFT-1-0x00007f25551c5700|[g:1][CONSENSUS][PBFT]checkTimeout Succ,view=26,toView=27,nodeIdx=3,changeCycle=1,myNode=87d00b98...,timecost=1
info|2025-10-10 08:12:09.468585|PBFT-1-0x00007f25551c5700|[g:1][CONSENSUS][PBFT]checkAndChangeView: Reach consensus,org_view=26,cur_changeCycle=1,curView=26,view=27
info|2025-10-10 08:12:10.470563|PBFTSeal-1-0x00007f254d9b6700|[g:1][CONSENSUS][SEALER]++++++++++++++++ Generating seal on,blkNum=321,tx=0,nodeIdx=3,hash=5724b065...
info|2025-10-10 08:12:10.477122|PBFT-1-0x00007f25551c5700|[g:1][CONSENSUS][PBFT]checkTimeout Succ,view=27,toView=28,nodeIdx=3,changeCycle=1,myNode=87d00b98...,timecost=1
info|2025-10-10 08:12:10.481354|PBFT-1-0x00007f25551c5700|[g:1][CONSENSUS][PBFT]checkAndChangeView: Reach consensus,org_view=27,cur_changeCycle=1,curView=27,view=28
info|2025-10-10 08:12:11.482909|PBFT-1-0x00007f25551c5700|[g:1][CONSENSUS]addRawPrepare,height=321,reqIdx=0,hash=a0faef87...,time=0
info|2025-10-10 08:12:11.489670|PBFT-1-0x00007f25551c5700|[g:1][CONSENSUS][PBFT]checkTimeout Succ,view=28,toView=29,nodeIdx=3,changeCycle=1,myNode=87d00b98...,timecost=6
info|2025-10-10 08:12:11.496872|PBFT-1-0x00007f25551c5700|[g:1][CONSENSUS][PBFT]checkAndChangeView: Reach consensus,org_view=28,cur_changeCycle=1,curView=28,view=29
info|2025-10-10 08:12:12.068762|P2P-0x00007f25709fc700|[g:1] [SYNC][id:87d00b98...][Download][Request]Receive block request,peer=374bdfe9...,from=184,to=184
info|2025-10-10 08:12:12.069184|SyncSend-1-0x00007f25619de700|[g:1][SYNC][id:87d00b98...][Download][Request][BlockSync]Batch blocks for sending,blockSize=24480,number=184,peer=374bdfe9...,timeCost=1
info|2025-10-10 08:12:12.069273|SyncSend-1-0x00007f25619de700|[g:1][g:1] [SYNC][id:374bdfe9...][Download][Request][BlockSync]Send block packet,peer=374bdfe9...,blocks=1,bytes(V)=24487
warning|2025-10-10 08:12:16.001352|PBFT-1-0x00007f25551c5700|[g:1][CONSENSUS][PBFT]ViewChangeWarning: not caused by omit empty block ,v=29,toV=30,curNum=320,hash=6a261fdc...,nodeIdx=3,myNode=87d00b98...
info|2025-10-10 08:12:16.001588|PBFT-1-0x00007f25551c5700|[g:1][CONSENSUS][PBFT]checkTimeout Succ,view=29,toView=30,nodeIdx=3,changeCycle=2,myNode=87d00b98...,timecost=2
info|2025-10-10 08:12:16.007459|PBFT-1-0x00007f25551c5700|[g:1][CONSENSUS][PBFT]checkAndChangeView: Reach consensus,org_view=29,cur_changeCycle=2,curView=29,view=30
info|2025-10-10 08:12:16.824857|PBFTWork-1-0x00007f255b9d2700|[g:1][CONSENSUS][PartiallyPBFTReqCache]addPartiallyRawPrepare,height=321,reqIdx=2,hash=8c087253...
info|2025-10-10 08:12:16.825257|PBFTWork-1-0x00007f255b9d2700|[g:1][BLOCKVERIFIER][executeBlock]Executing block,txNum=1,num=321,parentHash=6a261fdce39333d9bb0d7c7416da03874083d9f207abf1e3900e74b6d6ac8a89,parentNum=320,parentStateRoot=fe1a4de3a548489caf8fd1e1476c4fa10fc7a107eb62cee74f5f1b7b19596d27
info|2025-10-10 08:12:16.825515|PBFTWork-1-0x00007f255b9d2700|[g:1][PRECOMPILED]init GasChargeManagePrecompiled
info|2025-10-10 08:12:16.825996|PBFTWork-1-0x00007f255b9d2700|[g:1][STORAGE][MemoryTableFactory2]createTable,table name=c_24d391c96e54aadd2e181c82b13a9a2ac5614fdb,keyField=key,valueField=value
info|2025-10-10 08:12:16.826603|PBFTWork-1-0x00007f255b9d2700|[g:1][CONSENSUS][PBFT]execBlock,blkNum=321,reqIdx=2,hash=bec1f349...,nodeIdx=3,myNode=87d00b98...,decodeCost=0,checkCost=0,notifyCost=0,noteSealingCost=0,currentCycle=2,verifyAndSetSenderCost=0,execCost=1,execPerTx=1,totalCost=2
info|2025-10-10 08:12:16.832100|PBFTWork-1-0x00007f255b9d2700|[g:1][CONSENSUS][PBFT]handlePrepareMsg Succ,timecost=5,INFO=handlePartiallyPrepare,reqIdx=2,view=30,reqNum=321,curNum=320,consNum=321,hash=8c087253...,nodeIdx=3,myNode=87d00b98...,curChangeCycle=2
info|2025-10-10 08:12:16.833189|PBFT-1-0x00007f25551c5700|[g:1][CONSENSUS][PBFT]handleSignMsg Succ,Timecost=1,INFO=handleSignMsg,num=321,curNum=320,GenIdx=2,Sview=30,view=30,fromIdx=2,fromNode=73994dae...,fromIp=127.0.0.1:30300,hash=bec1f349...,nodeIdx=3,myNode=87d00b98...
info|2025-10-10 08:12:16.834545|PBFT-1-0x00007f25551c5700|[g:1][CONSENSUS][PBFT]checkAndCommit: backup/updateCommittedPrepare,reqNum=321,hash=8c087253...,nodeIdx=3,myNode=87d00b98...
info|2025-10-10 08:12:16.837220|PBFT-1-0x00007f25551c5700|[g:1][CONSENSUS][PBFT]handleSignMsg Succ,Timecost=4,INFO=handleSignMsg,num=321,curNum=320,GenIdx=0,Sview=30,view=30,fromIdx=0,fromNode=064cb676...,fromIp=127.0.0.1:30303,hash=bec1f349...,nodeIdx=3,myNode=87d00b98...
info|2025-10-10 08:12:16.838333|PBFT-1-0x00007f25551c5700|[g:1][CONSENSUS][PBFT]handleCommitMsg Succ,INFO=handleCommitMsg,reqNum=321,curNum=320,GenIdx=2,Cview=30,view=30,fromIdx=2,fromNode=73994dae...,fromIp=127.0.0.1:30300,hash=bec1f349...,nodeIdx=3,myNode=87d00b98...,Timecost=1
info|2025-10-10 08:12:16.881180|PBFT-1-0x00007f25551c5700|[g:1][CONSENSUS][PBFT]checkAndSave: CommitReq enough,prepareHeight=321,commitSize=3,hash=bec1f349...,nodeIdx=3,myNode=87d00b98...
info|2025-10-10 08:12:16.883319|PBFT-1-0x00007f25551c5700|[g:1][g:1][STORAGE][CachedStorage]commit: 9 num: 321
info|2025-10-10 08:12:16.883838|taskPool-1-0x00007f255e1d7700|[g:1][g:1][STORAGE][CachedStorage]Start commit block: 321 to backend storage
info|2025-10-10 08:12:16.884883|taskPool-1-0x00007f255e1d7700|[g:1][g:1][STORAGE][CachedStorage]
---------------------------------------------------------------------
Commit block: 321 to backend storage finished, current cached block: 321
Flush elapsed time: 0.0010s
---------------------------------------------------------------------
info|2025-10-10 08:12:16.885126|PBFT-1-0x00007f25551c5700|[g:1][g:1][STORAGE][CachedStorage]Submited block task: 321, current syncd block: 321
info|2025-10-10 08:12:16.885332|PBFT-1-0x00007f25551c5700|[g:1]Push block notify: 1-321
info|2025-10-10 08:12:16.886760|PBFT-1-0x00007f25551c5700|[g:1][CONSENSUS][PBFT]CommitBlock Succ,prepareHeight=321,reqIdx=2,hash=bec1f349...,nodeIdx=3,myNode=87d00b98...,genSigTimeCost=0,commitBlockTimeCost=5,dropTxsTimeCost=0,noteSealingTimeCost=0,totalTimeCost=5
info|2025-10-10 08:12:16.886808|PBFT-1-0x00007f25551c5700|[g:1][CONSENSUS][PBFT]handleCommitMsg Succ,INFO=handleCommitMsg,reqNum=321,curNum=320,GenIdx=0,Cview=30,view=30,fromIdx=0,fromNode=064cb676...,fromIp=127.0.0.1:30303,hash=bec1f349...,nodeIdx=3,myNode=87d00b98...,Timecost=7
info|2025-10-10 08:12:16.887621|PBFTSeal-1-0x00007f254d9b6700|[g:1][CONSENSUS][SEALER]increase maxNoTimeoutTx,maxNoTimeoutTx=1
info|2025-10-10 08:12:16.887641|PBFTSeal-1-0x00007f254d9b6700|[g:1][CONSENSUS][PBFT]^^^^^^^^Report,num=321,sealerIdx=2,hash=bec1f349...,next=322,tx=1,nodeIdx=3
info|2025-10-10 08:12:17.446422|io_service-0x00007f256f1f9700|[P2P][Service] heartBeat,connected count=3
info|2025-10-10 08:12:18.475887|P2P-0x00007f25711fd700|[g:1] [SYNC][id:87d00b98...][Download][Request]Receive block request,peer=374bdfe9...,from=184,to=184
info|2025-10-10 08:12:18.476274|SyncSend-1-0x00007f25619de700|[g:1][SYNC][id:87d00b98...][Download][Request][BlockSync]Batch blocks for sending,blockSize=24480,number=184,peer=374bdfe9...,timeCost=0
info|2025-10-10 08:12:18.476462|SyncSend-1-0x00007f25619de700|[g:1][g:1] [SYNC][id:374bdfe9...][Download][Request][BlockSync]Send block packet,peer=374bdfe9...,blocks=1,bytes(V)=24487
warning|2025-10-10 08:12:19.890691|PBFT-1-0x00007f25551c5700|[g:1][CONSENSUS][PBFT]ViewChangeWarning: not caused by omit empty block ,v=0,toV=1,curNum=321,hash=bec1f349...,nodeIdx=3,myNode=87d00b98...
info|2025-10-10 08:12:19.894575|PBFT-1-0x00007f25551c5700|[g:1][CONSENSUS][PBFT]checkTimeout Succ,view=0,toView=1,nodeIdx=3,changeCycle=1,myNode=87d00b98...,timecost=5
info|2025-10-10 08:12:19.901873|PBFT-1-0x00007f25551c5700|[g:1][CONSENSUS][PBFT]checkAndChangeView: Reach consensus,org_view=0,cur_changeCycle=1,curView=0,view=1
info|2025-10-10 08:12:20.905722|PBFT-1-0x00007f25551c5700|[g:1][CONSENSUS]addRawPrepare,height=322,reqIdx=2,hash=39604ce6...,time=0
info|2025-10-10 08:12:20.907216|PBFT-1-0x00007f25551c5700|[g:1][CONSENSUS][PBFT]checkTimeout Succ,view=1,toView=2,nodeIdx=3,changeCycle=1,myNode=87d00b98...,timecost=2
info|2025-10-10 08:12:20.917003|PBFT-1-0x00007f25551c5700|[g:1][CONSENSUS][PBFT]checkAndChangeView: Reach consensus,org_view=1,cur_changeCycle=1,curView=1,view=2
info|2025-10-10 08:12:21.918123|PBFTSeal-1-0x00007f254d9b6700|[g:1][CONSENSUS][SEALER]++++++++++++++++ Generating seal on,blkNum=322,tx=0,nodeIdx=3,hash=d79d811a...
info|2025-10-10 08:12:21.923204|PBFT-1-0x00007f25551c5700|[g:1][CONSENSUS][PBFT]checkTimeout Succ,view=2,toView=3,nodeIdx=3,changeCycle=1,myNode=87d00b98...,timecost=3
info|2025-10-10 08:12:21.963881|PBFT-1-0x00007f25551c5700|[g:1][CONSENSUS][PBFT]checkAndChangeView: Reach consensus,org_view=2,cur_changeCycle=1,curView=2,view=3
info|2025-10-10 08:12:22.968741|PBFT-1-0x00007f25551c5700|[g:1][CONSENSUS]addRawPrepare,height=322,reqIdx=0,hash=608dc02d...,time=0
info|2025-10-10 08:12:22.973304|PBFT-1-0x00007f25551c5700|[g:1][CONSENSUS][PBFT]checkTimeout Succ,view=3,toView=4,nodeIdx=3,changeCycle=1,myNode=87d00b98...,timecost=5
info|2025-10-10 08:12:22.977604|PBFT-1-0x00007f25551c5700|[g:1][CONSENSUS][PBFT]checkAndChangeView: Reach consensus,org_view=3,cur_changeCycle=1,curView=3,view=4
info|2025-10-10 08:12:24.880227|P2P-0x00007f256f9fa700|[g:1] [SYNC][id:87d00b98...][Download][Request]Receive block request,peer=374bdfe9...,from=184,to=184
info|2025-10-10 08:12:24.880685|SyncSend-1-0x00007f25619de700|[g:1][SYNC][id:87d00b98...][Download][Request][BlockSync]Batch blocks for sending,blockSize=24480,number=184,peer=374bdfe9...,timeCost=0
info|2025-10-10 08:12:24.880751|SyncSend-1-0x00007f25619de700|[g:1][g:1] [SYNC][id:374bdfe9...][Download][Request][BlockSync]Send block packet,peer=374bdfe9...,blocks=1,bytes(V)=24487
info|2025-10-10 08:12:27.447088|io_service-0x00007f256f1f9700|[P2P][Service] heartBeat,connected count=3
warning|2025-10-10 08:12:27.482562|PBFT-1-0x00007f25551c5700|[g:1][CONSENSUS][PBFT]ViewChangeWarning: not caused by omit empty block ,v=4,toV=5,curNum=321,hash=bec1f349...,nodeIdx=3,myNode=87d00b98...
info|2025-10-10 08:12:27.482744|PBFT-1-0x00007f25551c5700|[g:1][CONSENSUS][PBFT]checkTimeout Succ,view=4,toView=5,nodeIdx=3,changeCycle=2,myNode=87d00b98...,timecost=3
info|2025-10-10 08:12:27.489475|PBFT-1-0x00007f25551c5700|[g:1][CONSENSUS][PBFT]checkAndChangeView: Reach consensus,org_view=4,cur_changeCycle=2,curView=4,view=5
info|2025-10-10 08:12:28.221343|PBFTWork-1-0x00007f255b9d2700|[g:1][CONSENSUS][PartiallyPBFTReqCache]addPartiallyRawPrepare,height=322,reqIdx=2,hash=eae94c60...
info|2025-10-10 08:12:28.221525|PBFTWork-1-0x00007f255b9d2700|[g:1][BLOCKVERIFIER][executeBlock]Executing block,txNum=1,num=322,parentHash=bec1f349dce03a652383602abb8d84c74d37974ef50dfdeafb9545b5c9a47dfe,parentNum=321,parentStateRoot=c9a846711e8f0b236b7bdc72fe07e8f0e83c98185e4469c3cb60d0f94b2b8e4d
info|2025-10-10 08:12:28.221996|PBFTWork-1-0x00007f255b9d2700|[g:1][PRECOMPILED]init GasChargeManagePrecompiled
info|2025-10-10 08:12:28.223200|PBFTWork-1-0x00007f255b9d2700|[g:1][PRECOMPILED][TimerPrecompiled]getCurrentTimeMillis,timeMillis=1760109148223
info|2025-10-10 08:12:28.224441|PBFTWork-1-0x00007f255b9d2700|[g:1][PRECOMPILED][TimerPrecompiled]getCurrentTimeMillis,timeMillis=1760109148224
info|2025-10-10 08:12:28.230909|PBFTWork-1-0x00007f255b9d2700|[g:1][CONSENSUS][PBFT]execBlock,blkNum=322,reqIdx=2,hash=234c8e2c...,nodeIdx=3,myNode=87d00b98...,decodeCost=0,checkCost=0,notifyCost=0,noteSealingCost=0,currentCycle=2,verifyAndSetSenderCost=0,execCost=9,execPerTx=9,totalCost=9
info|2025-10-10 08:12:28.235662|PBFTWork-1-0x00007f255b9d2700|[g:1][CONSENSUS][PBFT]handlePrepareMsg Succ,timecost=5,INFO=handlePartiallyPrepare,reqIdx=2,view=5,reqNum=322,curNum=321,consNum=322,hash=eae94c60...,nodeIdx=3,myNode=87d00b98...,curChangeCycle=2
info|2025-10-10 08:12:28.235735|PBFT-1-0x00007f25551c5700|[g:1][CONSENSUS][PBFT]checkReq: Recv future request,prepHash=234c8e2c...,INFO=handleSignMsg,num=322,curNum=321,GenIdx=2,Sview=5,view=5,fromIdx=2,fromNode=73994dae...,fromIp=127.0.0.1:30300,hash=3fe7c762...,nodeIdx=3,myNode=87d00b98...
info|2025-10-10 08:12:28.235757|PBFT-1-0x00007f25551c5700|[g:1][CONSENSUS][PBFT]FutureBlock,INFO=handleSignMsg,num=322,curNum=321,GenIdx=2,Sview=5,view=5,fromIdx=2,fromNode=73994dae...,fromIp=127.0.0.1:30300,hash=3fe7c762...,nodeIdx=3,myNode=87d00b98...
info|2025-10-10 08:12:28.235786|PBFT-1-0x00007f25551c5700|[g:1][CONSENSUS][PBFT]checkReq: Recv future request,prepHash=234c8e2c...,INFO=handleSignMsg,num=322,curNum=321,GenIdx=0,Sview=5,view=5,fromIdx=0,fromNode=064cb676...,fromIp=127.0.0.1:30303,hash=3fe7c762...,nodeIdx=3,myNode=87d00b98...
info|2025-10-10 08:12:28.235804|PBFT-1-0x00007f25551c5700|[g:1][CONSENSUS][PBFT]FutureBlock,INFO=handleSignMsg,num=322,curNum=321,GenIdx=0,Sview=5,view=5,fromIdx=0,fromNode=064cb676...,fromIp=127.0.0.1:30303,hash=3fe7c762...,nodeIdx=3,myNode=87d00b98...
info|2025-10-10 08:12:34.989993|PBFT-1-0x00007f25551c5700|[g:1][CONSENSUS][SEALER]decrease maxBlockCanSeal to half for PBFT timeout,org_maxBlockCanSeal=1000,halfed_maxBlockCanSeal=500,timeoutCount=1,lastTimeoutTx=1
warning|2025-10-10 08:12:34.992063|PBFT-1-0x00007f25551c5700|[g:1][CONSENSUS][PBFT]ViewChangeWarning: not caused by omit empty block ,v=5,toV=6,curNum=321,hash=bec1f349...,nodeIdx=3,myNode=87d00b98...
info|2025-10-10 08:12:34.992190|PBFT-1-0x00007f25551c5700|[g:1][CONSENSUS][PBFT]checkTimeout Succ,view=5,toView=6,nodeIdx=3,changeCycle=3,myNode=87d00b98...,timecost=2
info|2025-10-10 08:12:34.997305|PBFT-1-0x00007f25551c5700|[g:1][CONSENSUS][PBFT]checkAndChangeView: Reach consensus,org_view=5,cur_changeCycle=3,curView=5,view=6
info|2025-10-10 08:12:35.498149|PBFTSeal-1-0x00007f254d9b6700|[g:1][CONSENSUS][SEALER]++++++++++++++++ Generating seal on,blkNum=322,tx=1,nodeIdx=3,hash=3def42b9...
info|2025-10-10 08:12:35.500757|sealerWorker-0x00007f255d1d5700|[CONSENSUS]addRawPrepare,height=322,reqIdx=3,hash=3def42b9...,time=0
info|2025-10-10 08:12:35.500954|sealerWorker-0x00007f255d1d5700|[BLOCKVERIFIER][executeBlock]Executing block,txNum=1,num=322,parentHash=bec1f349dce03a652383602abb8d84c74d37974ef50dfdeafb9545b5c9a47dfe,parentNum=321,parentStateRoot=c9a846711e8f0b236b7bdc72fe07e8f0e83c98185e4469c3cb60d0f94b2b8e4d
info|2025-10-10 08:12:35.501110|sealerWorker-0x00007f255d1d5700|[PRECOMPILED]init GasChargeManagePrecompiled
info|2025-10-10 08:12:35.502312|PBFTWork-1-0x00007f254e9b8700|[PRECOMPILED][TimerPrecompiled]getCurrentTimeMillis,timeMillis=1760109155502
info|2025-10-10 08:12:35.503428|PBFTWork-1-0x00007f254e9b8700|[PRECOMPILED][TimerPrecompiled]getCurrentTimeMillis,timeMillis=1760109155503
info|2025-10-10 08:12:35.503763|sealerWorker-0x00007f255d1d5700|[CONSENSUS][PBFT]execBlock,blkNum=322,reqIdx=3,hash=1cd4040d...,nodeIdx=3,myNode=87d00b98...,decodeCost=0,checkCost=0,notifyCost=0,noteSealingCost=0,currentCycle=3,verifyAndSetSenderCost=0,execCost=3,execPerTx=3,totalCost=3
info|2025-10-10 08:12:35.506825|sealerWorker-0x00007f255d1d5700|[CONSENSUS][PBFT]handlePrepareMsg Succ,timecost=3,INFO=handlePrepareMsg,reqIdx=3,view=6,reqNum=322,curNum=321,consNum=322,curView=6,fromIp=self,hash=3def42b9...,nodeIdx=3,myNode=87d00b98...,curChangeCycle=3
info|2025-10-10 08:12:35.506875|sealerWorker-0x00007f255d1d5700|[CONSENSUS][PBFT]generateLocalPrepare,hash=3def42b9...,H=322,nodeIdx=3,myNode=87d00b98...
info|2025-10-10 08:12:35.511167|PBFT-1-0x00007f25551c5700|[g:1][CONSENSUS][PBFT]checkReq: Recv future request,prepHash=1cd4040d...,INFO=handleSignMsg,num=322,curNum=321,GenIdx=2,Sview=6,view=6,fromIdx=2,fromNode=73994dae...,fromIp=127.0.0.1:30300,hash=9d9d8a22...,nodeIdx=3,myNode=87d00b98...
info|2025-10-10 08:12:35.511203|PBFT-1-0x00007f25551c5700|[g:1][CONSENSUS][PBFT]FutureBlock,INFO=handleSignMsg,num=322,curNum=321,GenIdx=2,Sview=6,view=6,fromIdx=2,fromNode=73994dae...,fromIp=127.0.0.1:30300,hash=9d9d8a22...,nodeIdx=3,myNode=87d00b98...
info|2025-10-10 08:12:35.513371|PBFT-1-0x00007f25551c5700|[g:1][CONSENSUS][PBFT]checkReq: Recv future request,prepHash=1cd4040d...,INFO=handleSignMsg,num=322,curNum=321,GenIdx=0,Sview=6,view=6,fromIdx=0,fromNode=064cb676...,fromIp=127.0.0.1:30303,hash=9d9d8a22...,nodeIdx=3,myNode=87d00b98...
info|2025-10-10 08:12:35.513415|PBFT-1-0x00007f25551c5700|[g:1][CONSENSUS][PBFT]FutureBlock,INFO=handleSignMsg,num=322,curNum=321,GenIdx=0,Sview=6,view=6,fromIdx=0,fromNode=064cb676...,fromIp=127.0.0.1:30303,hash=9d9d8a22...,nodeIdx=3,myNode=87d00b98...
info|2025-10-10 08:12:37.448094|io_service-0x00007f256f1f9700|[P2P][Service] heartBeat,connected count=3
info|2025-10-10 08:12:45.638648|PBFT-1-0x00007f25551c5700|[g:1][CONSENSUS][SEALER]decrease maxBlockCanSeal to half for PBFT timeout,org_maxBlockCanSeal=500,halfed_maxBlockCanSeal=250,timeoutCount=2,lastTimeoutTx=1
warning|2025-10-10 08:12:45.639825|PBFT-1-0x00007f25551c5700|[g:1][CONSENSUS][PBFT]ViewChangeWarning: not caused by omit empty block ,v=6,toV=7,curNum=321,hash=bec1f349...,nodeIdx=3,myNode=87d00b98...
info|2025-10-10 08:12:45.639946|PBFT-1-0x00007f25551c5700|[g:1][CONSENSUS][PBFT]checkTimeout Succ,view=6,toView=7,nodeIdx=3,changeCycle=4,myNode=87d00b98...,timecost=1
info|2025-10-10 08:12:45.647726|PBFT-1-0x00007f25551c5700|[g:1][CONSENSUS][PBFT]checkAndChangeView: Reach consensus,org_view=6,cur_changeCycle=4,curView=6,view=7
info|2025-10-10 08:12:46.149321|PBFTWork-1-0x00007f255b9d2700|[g:1][CONSENSUS][PartiallyPBFTReqCache]addPartiallyRawPrepare,height=322,reqIdx=0,hash=9f40eab4...
info|2025-10-10 08:12:46.149493|PBFTWork-1-0x00007f255b9d2700|[g:1][BLOCKVERIFIER][executeBlock]Executing block,txNum=1,num=322,parentHash=bec1f349dce03a652383602abb8d84c74d37974ef50dfdeafb9545b5c9a47dfe,parentNum=321,parentStateRoot=c9a846711e8f0b236b7bdc72fe07e8f0e83c98185e4469c3cb60d0f94b2b8e4d
info|2025-10-10 08:12:46.149613|PBFTWork-1-0x00007f255b9d2700|[g:1][PRECOMPILED]init GasChargeManagePrecompiled
info|2025-10-10 08:12:46.151351|PBFTWork-1-0x00007f255b9d2700|[g:1][PRECOMPILED][TimerPrecompiled]getCurrentTimeMillis,timeMillis=1760109166151
info|2025-10-10 08:12:46.152568|PBFTWork-1-0x00007f255b9d2700|[g:1][PRECOMPILED][TimerPrecompiled]getCurrentTimeMillis,timeMillis=1760109166152
info|2025-10-10 08:12:46.158856|PBFTWork-1-0x00007f255b9d2700|[g:1][CONSENSUS][PBFT]execBlock,blkNum=322,reqIdx=0,hash=492b3565...,nodeIdx=3,myNode=87d00b98...,decodeCost=0,checkCost=0,notifyCost=0,noteSealingCost=0,currentCycle=4,verifyAndSetSenderCost=0,execCost=9,execPerTx=9,totalCost=9
info|2025-10-10 08:12:46.163092|PBFTWork-1-0x00007f255b9d2700|[g:1][CONSENSUS][PBFT]handlePrepareMsg Succ,timecost=5,INFO=handlePartiallyPrepare,reqIdx=0,view=7,reqNum=322,curNum=321,consNum=322,hash=9f40eab4...,nodeIdx=3,myNode=87d00b98...,curChangeCycle=4
info|2025-10-10 08:12:46.164923|PBFT-1-0x00007f25551c5700|[g:1][CONSENSUS][PBFT]handleSignMsg Succ,Timecost=1,INFO=handleSignMsg,num=322,curNum=321,GenIdx=0,Sview=7,view=7,fromIdx=0,fromNode=064cb676...,fromIp=127.0.0.1:30303,hash=492b3565...,nodeIdx=3,myNode=87d00b98...
info|2025-10-10 08:12:46.165016|PBFT-1-0x00007f25551c5700|[g:1][CONSENSUS][PBFT]checkReq: Recv future request,prepHash=492b3565...,INFO=handleSignMsg,num=322,curNum=321,GenIdx=2,Sview=7,view=7,fromIdx=2,fromNode=73994dae...,fromIp=127.0.0.1:30300,hash=6b593c1b...,nodeIdx=3,myNode=87d00b98...
info|2025-10-10 08:12:46.165039|PBFT-1-0x00007f25551c5700|[g:1][CONSENSUS][PBFT]FutureBlock,INFO=handleSignMsg,num=322,curNum=321,GenIdx=2,Sview=7,view=7,fromIdx=2,fromNode=73994dae...,fromIp=127.0.0.1:30300,hash=6b593c1b...,nodeIdx=3,myNode=87d00b98...
info|2025-10-10 08:12:47.449401|io_service-0x00007f256f1f9700|[P2P][Service] heartBeat,connected count=3
info|2025-10-10 08:12:56.906304|P2P-0x00007f25709fc700|[g:1] [SYNC][id:87d00b98...][Download][Request]Receive block request,peer=374bdfe9...,from=184,to=184
info|2025-10-10 08:12:56.906806|SyncSend-1-0x00007f25619de700|[g:1][SYNC][id:87d00b98...][Download][Request][BlockSync]Batch blocks for sending,blockSize=24480,number=184,peer=374bdfe9...,timeCost=0
info|2025-10-10 08:12:56.906876|SyncSend-1-0x00007f25619de700|[g:1][g:1] [SYNC][id:374bdfe9...][Download][Request][BlockSync]Send block packet,peer=374bdfe9...,blocks=1,bytes(V)=24487
info|2025-10-10 08:12:57.449727|io_service-0x00007f256f1f9700|[P2P][Service] heartBeat,connected count=3
info|2025-10-10 08:13:01.349970|PBFT-1-0x00007f25551c5700|[g:1][CONSENSUS][SEALER]decrease maxBlockCanSeal to half for PBFT timeout,org_maxBlockCanSeal=250,halfed_maxBlockCanSeal=125,timeoutCount=3,lastTimeoutTx=1
warning|2025-10-10 08:13:01.351027|PBFT-1-0x00007f25551c5700|[g:1][CONSENSUS][PBFT]ViewChangeWarning: not caused by omit empty block ,v=7,toV=8,curNum=321,hash=bec1f349...,nodeIdx=3,myNode=87d00b98...
info|2025-10-10 08:13:01.351128|PBFT-1-0x00007f25551c5700|[g:1][CONSENSUS][PBFT]checkTimeout Succ,view=7,toView=8,nodeIdx=3,changeCycle=5,myNode=87d00b98...,timecost=1
info|2025-10-10 08:13:01.358501|PBFT-1-0x00007f25551c5700|[g:1][CONSENSUS][PBFT]checkAndChangeView: Reach consensus,org_view=7,cur_changeCycle=5,curView=7,view=8
info|2025-10-10 08:13:07.450032|io_service-0x00007f256f1f9700|[P2P][Service] heartBeat,connected count=3
info|2025-10-10 08:13:09.715483|P2P-0x00007f25711fd700|[g:1] [SYNC][id:87d00b98...][Download][Request]Receive block request,peer=374bdfe9...,from=184,to=184
info|2025-10-10 08:13:09.715828|SyncSend-1-0x00007f25619de700|[g:1][SYNC][id:87d00b98...][Download][Request][BlockSync]Batch blocks for sending,blockSize=24480,number=184,peer=374bdfe9...,timeCost=0
info|2025-10-10 08:13:09.715878|SyncSend-1-0x00007f25619de700|[g:1][g:1] [SYNC][id:374bdfe9...][Download][Request][BlockSync]Send block packet,peer=374bdfe9...,blocks=1,bytes(V)=24487
info|2025-10-10 08:13:17.450848|io_service-0x00007f256f1f9700|[P2P][Service] heartBeat,connected count=3
info|2025-10-10 08:13:22.526378|P2P-0x00007f25709fc700|[g:1] [SYNC][id:87d00b98...][Download][Request]Receive block request,peer=374bdfe9...,from=184,to=184
info|2025-10-10 08:13:22.526839|SyncSend-1-0x00007f25619de700|[g:1][SYNC][id:87d00b98...][Download][Request][BlockSync]Batch blocks for sending,blockSize=24480,number=184,peer=374bdfe9...,timeCost=0
info|2025-10-10 08:13:22.526945|SyncSend-1-0x00007f25619de700|[g:1][g:1] [SYNC][id:374bdfe9...][Download][Request][BlockSync]Send block packet,peer=374bdfe9...,blocks=1,bytes(V)=24487
warning|2025-10-10 08:13:24.146109|PBFT-1-0x00007f25551c5700|[g:1][CONSENSUS][PBFT]ViewChangeWarning: not caused by omit empty block ,v=8,toV=9,curNum=321,hash=bec1f349...,nodeIdx=3,myNode=87d00b98...
info|2025-10-10 08:13:24.147140|PBFT-1-0x00007f25551c5700|[g:1][CONSENSUS][PBFT]checkTimeout Succ,view=8,toView=9,nodeIdx=3,changeCycle=6,myNode=87d00b98...,timecost=5
info|2025-10-10 08:13:24.148655|PBFT-1-0x00007f25551c5700|[g:1][CONSENSUS][PBFT]checkAndChangeView: Reach consensus,org_view=8,cur_changeCycle=6,curView=8,view=9
info|2025-10-10 08:13:24.653880|PBFTWork-1-0x00007f255b9d2700|[g:1][CONSENSUS][PartiallyPBFTReqCache]addPartiallyRawPrepare,height=322,reqIdx=2,hash=f989d3fb...
info|2025-10-10 08:13:24.654104|PBFTWork-1-0x00007f255b9d2700|[g:1][BLOCKVERIFIER][executeBlock]Executing block,txNum=1,num=322,parentHash=bec1f349dce03a652383602abb8d84c74d37974ef50dfdeafb9545b5c9a47dfe,parentNum=321,parentStateRoot=c9a846711e8f0b236b7bdc72fe07e8f0e83c98185e4469c3cb60d0f94b2b8e4d
info|2025-10-10 08:13:24.654237|PBFTWork-1-0x00007f255b9d2700|[g:1][PRECOMPILED]init GasChargeManagePrecompiled
info|2025-10-10 08:13:24.655610|PBFTWork-1-0x00007f255b9d2700|[g:1][PRECOMPILED][TimerPrecompiled]getCurrentTimeMillis,timeMillis=1760109204655
info|2025-10-10 08:13:24.658053|PBFTWork-1-0x00007f255b9d2700|[g:1][PRECOMPILED][TimerPrecompiled]getCurrentTimeMillis,timeMillis=1760109204658
info|2025-10-10 08:13:24.665552|PBFTWork-1-0x00007f255b9d2700|[g:1][CONSENSUS][PBFT]execBlock,blkNum=322,reqIdx=2,hash=70f09436...,nodeIdx=3,myNode=87d00b98...,decodeCost=0,checkCost=1,notifyCost=0,noteSealingCost=0,currentCycle=6,verifyAndSetSenderCost=0,execCost=11,execPerTx=11,totalCost=12
info|2025-10-10 08:13:24.668209|PBFTWork-1-0x00007f255b9d2700|[g:1][CONSENSUS][PBFT]handlePrepareMsg Succ,timecost=3,INFO=handlePartiallyPrepare,reqIdx=2,view=9,reqNum=322,curNum=321,consNum=322,hash=f989d3fb...,nodeIdx=3,myNode=87d00b98...,curChangeCycle=6
info|2025-10-10 08:13:24.668285|PBFT-1-0x00007f25551c5700|[g:1][CONSENSUS][PBFT]checkReq: Recv future request,prepHash=70f09436...,INFO=handleSignMsg,num=322,curNum=321,GenIdx=0,Sview=9,view=9,fromIdx=0,fromNode=064cb676...,fromIp=127.0.0.1:30303,hash=eb403717...,nodeIdx=3,myNode=87d00b98...
info|2025-10-10 08:13:24.668311|PBFT-1-0x00007f25551c5700|[g:1][CONSENSUS][PBFT]FutureBlock,INFO=handleSignMsg,num=322,curNum=321,GenIdx=0,Sview=9,view=9,fromIdx=0,fromNode=064cb676...,fromIp=127.0.0.1:30303,hash=eb403717...,nodeIdx=3,myNode=87d00b98...
info|2025-10-10 08:13:24.668328|PBFT-1-0x00007f25551c5700|[g:1][CONSENSUS][PBFT]checkReq: Recv future request,prepHash=70f09436...,INFO=handleSignMsg,num=322,curNum=321,GenIdx=2,Sview=9,view=9,fromIdx=2,fromNode=73994dae...,fromIp=127.0.0.1:30300,hash=8673f361...,nodeIdx=3,myNode=87d00b98...
info|2025-10-10 08:13:24.668336|PBFT-1-0x00007f25551c5700|[g:1][CONSENSUS][PBFT]FutureBlock,INFO=handleSignMsg,num=322,curNum=321,GenIdx=2,Sview=9,view=9,fromIdx=2,fromNode=73994dae...,fromIp=127.0.0.1:30300,hash=8673f361...,nodeIdx=3,myNode=87d00b98...
info|2025-10-10 08:13:27.452050|io_service-0x00007f256f1f9700|[P2P][Service] heartBeat,connected count=3
info|2025-10-10 08:13:28.928983|P2P-0x00007f25701fb700|[g:1] [SYNC][id:87d00b98...][Download][Request]Receive block request,peer=374bdfe9...,from=184,to=184
info|2025-10-10 08:13:28.929278|SyncSend-1-0x00007f25619de700|[g:1][SYNC][id:87d00b98...][Download][Request][BlockSync]Batch blocks for sending,blockSize=24480,number=184,peer=374bdfe9...,timeCost=0
info|2025-10-10 08:13:28.929345|SyncSend-1-0x00007f25619de700|[g:1][g:1] [SYNC][id:374bdfe9...][Download][Request][BlockSync]Send block packet,peer=374bdfe9...,blocks=1,bytes(V)=24487
info|2025-10-10 08:13:37.453085|io_service-0x00007f256f1f9700|[P2P][Service] heartBeat,connected count=3
info|2025-10-10 08:13:39.319037|fisco-bcos-0x00007f2571f72dc0|[LEDGER]stop sealer,groupID=1
info|2025-10-10 08:13:39.319062|fisco-bcos-0x00007f2571f72dc0|[CONSENSUS][SEALER]Stop sealer module...
info|2025-10-10 08:13:39.329671|fisco-bcos-0x00007f2571f72dc0|[CONSENSUS][ConsensusEngine][Stop ConsensusEngineBase]
info|2025-10-10 08:13:39.335646|fisco-bcos-0x00007f2571f72dc0|[CONSENSUS][ConsensusEngine]ConsensusEngineBase stopped
info|2025-10-10 08:13:39.335664|fisco-bcos-0x00007f2571f72dc0|[LEDGER]sealer stopped. stop sync,groupID=1
info|2025-10-10 08:13:39.336452|fisco-bcos-0x00007f2571f72dc0|[g:1] [SYNC][id:87d00b98...]SyncMsgEngine stopped
info|2025-10-10 08:13:39.438277|fisco-bcos-0x00007f2571f72dc0|[GossipBlockStatus]stop GossipBlockStatus succ
info|2025-10-10 08:13:39.769450|fisco-bcos-0x00007f2571f72dc0|[SYNC][id:87d00b98...][g:1]SyncMaster stopped
info|2025-10-10 08:13:39.769481|fisco-bcos-0x00007f2571f72dc0|[LEDGER]sync stopped. stop event filter manager,groupID=1
info|2025-10-10 08:13:39.787631|fisco-bcos-0x00007f2571f72dc0|[EVENT][EventLogFilterManager]stop
info|2025-10-10 08:13:39.787664|fisco-bcos-0x00007f2571f72dc0|[LEDGER]event filter manager stopped. stop tx pool,groupID=1
info|2025-10-10 08:13:39.787959|fisco-bcos-0x00007f2571f72dc0|[LEDGER]removeNetworkStatHandlerByGroupID and removeGroupBandwidthLimiter for service,groupID=1
info|2025-10-10 08:13:39.787977|fisco-bcos-0x00007f2571f72dc0|[CHANNEL]removeSDKAllowListByGroupId,groupId=1
info|2025-10-10 08:13:39.787983|fisco-bcos-0x00007f2571f72dc0|[INITIALIZER]ledgerInitializer stopped
info|2025-10-10 08:13:40.767419|io_service-0x00007f256f1f9700|[NETWORK][Session]doRead failed,endpoint=127.0.0.1:30301,message=short read (SSL routines, SSL routines)
info|2025-10-10 08:13:40.767451|io_service-0x00007f256f1f9700|[NETWORK][Session]drop, call and erase all callbackFunc of the session!,endpoint=127.0.0.1:30301
info|2025-10-10 08:13:40.767488|io_service-0x00007f256f1f9700|[NETWORK][Session][drop] closing remote 127.0.0.1:30301,reason=Low-level TCP communication failed.,endpoint=127.0.0.1:30301
info|2025-10-10 08:13:40.767541|P2P-0x00007f256f9fa700|[P2P][Service] disconnect inactive P2PSession,nodeID=374bdfe9...,endpoint=127.0.0.1:30301,code=3,what=Disconnect
info|2025-10-10 08:13:40.767559|io_service-0x00007f256f1f9700|[NETWORK][Session]Session inactive
info|2025-10-10 08:13:40.767567|io_service-0x00007f256f1f9700|[NETWORK][Session]Session inactive
info|2025-10-10 08:13:40.767565|P2P-0x00007f256f9fa700|[P2P][Service] onDisconnect,code=3,what=Dynamic exception type: dev::network::NetworkException
std::exception::what: Disconnect
info|2025-10-10 08:13:40.767571|io_service-0x00007f256f1f9700|[NETWORK][Session][drop] shutdown failed ,code=9,message=Bad file descriptor
info|2025-10-10 08:13:40.789322|fisco-bcos-0x00007f2571f72dc0|[INITIALIZER]ChannelRPCHttpServer deleted.
info|2025-10-10 08:13:40.789740|fisco-bcos-0x00007f2571f72dc0|[INITIALIZER]JsonrpcHttpServer deleted.
info|2025-10-10 08:13:40.789752|fisco-bcos-0x00007f2571f72dc0|[INITIALIZER]RPCInitializer stopped
info|2025-10-10 08:13:40.789820|io_service-0x00007f256f1f9700|[NETWORK][Host]Host exit
info|2025-10-10 08:13:40.790756|fisco-bcos-0x00007f2571f72dc0|[INITIALIZER]P2PInitializer stopped
info|2025-10-10 08:13:40.790774|fisco-bcos-0x00007f2571f72dc0|[LEDGER]stop sealer,groupID=1
info|2025-10-10 08:13:40.790783|fisco-bcos-0x00007f2571f72dc0|[LEDGER]sealer stopped. stop sync,groupID=1
info|2025-10-10 08:13:40.790791|fisco-bcos-0x00007f2571f72dc0|[g:1] [SYNC][id:87d00b98...]SyncMsgEngine stopped
info|2025-10-10 08:13:40.790802|fisco-bcos-0x00007f2571f72dc0|[GossipBlockStatus]GossipBlockStatus already stopped
info|2025-10-10 08:13:40.790806|fisco-bcos-0x00007f2571f72dc0|[SYNC][id:87d00b98...][g:1]SyncMaster stopped
info|2025-10-10 08:13:40.790810|fisco-bcos-0x00007f2571f72dc0|[LEDGER]sync stopped. stop event filter manager,groupID=1
info|2025-10-10 08:13:40.790813|fisco-bcos-0x00007f2571f72dc0|[LEDGER]event filter manager stopped. stop tx pool,groupID=1
info|2025-10-10 08:13:40.790820|fisco-bcos-0x00007f2571f72dc0|[LEDGER]removeNetworkStatHandlerByGroupID and removeGroupBandwidthLimiter for service,groupID=1
info|2025-10-10 08:13:40.790830|fisco-bcos-0x00007f2571f72dc0|[g:1][STORAGE][CachedStorage]Stopping flushStorage thread
info|2025-10-10 08:13:41.591371|fisco-bcos-0x00007f2571f72dc0|[g:1][STORAGE][CachedStorage]flushStorage thread stopped.
info|2025-10-10 08:13:41.591405|fisco-bcos-0x00007f2571f72dc0|[DBINITIALIZER] storage stopped
info|2025-10-10 08:13:41.597105|fisco-bcos-0x00007f2571f72dc0|[g:1] [SYNC][id:87d00b98...]SyncMsgEngine stopped
info|2025-10-10 08:13:41.597130|fisco-bcos-0x00007f2571f72dc0|[GossipBlockStatus]GossipBlockStatus already stopped
info|2025-10-10 08:13:41.597137|fisco-bcos-0x00007f2571f72dc0|[SYNC][id:87d00b98...][g:1]SyncMaster stopped
info|2025-10-10 08:13:41.597152|fisco-bcos-0x00007f2571f72dc0|[g:1] [SYNC][id:87d00b98...]SyncMsgEngine stopped
