info|2025-10-27 19:00:00.022122|Sync-1-0x00007fb794ac3700|[g:1][SYNC][id:87d00b98...]print sync info,peersCount=3,infoJson={"blockNumber":797,"genesisHash":"f0d3e67991e2c3d83533c031601c30c4741aba35d7d8017900779abe4ae22efe","isSyncing":false,"knownHighestNumber":797,"knownLatestHash":"1678b23a8ce38519b14f6a1b34c40f4ae52ca47a365a567c9e69edd0e344394a","latestHash":"1678b23a8ce38519b14f6a1b34c40f4ae52ca47a365a567c9e69edd0e344394a","nodeId":"87d00b98321fc70a5abc85ad9e80db10cce315194133697bf74aace1d3f8430957a766240f751752708f4282f46110d6ea56c3eb5d1c02ce98a66f327f595270","peers":[{"blockNumber":797,"genesisHash":"f0d3e67991e2c3d83533c031601c30c4741aba35d7d8017900779abe4ae22efe","latestHash":"1678b23a8ce38519b14f6a1b34c40f4ae52ca47a365a567c9e69edd0e344394a","nodeId":"064cb676a36047a4b52ecbf9c01664b1e987d91b438110ba6a12d96972726622e824d295b1de8b0298b5afe7bbbc0bd04a3890e1a36eae028c1cfbe07971b995"},{"blockNumber":183,"genesisHash":"f0d3e67991e2c3d83533c031601c30c4741aba35d7d8017900779abe4ae22efe","latestHash":"84b9e5d996bf7a5eb7a7af1e23a8308230a576a20d5c81a92b78a013e510177d","nodeId":"374bdfe969e1d8ea1200ade93e5d8cf1a7d5741f238011004b0f43ca818706f194b2f067e1708125f7ffc536610b9a72addbd56b238d65f18912be39037ffcc5"},{"blockNumber":797,"genesisHash":"f0d3e67991e2c3d83533c031601c30c4741aba35d7d8017900779abe4ae22efe","latestHash":"1678b23a8ce38519b14f6a1b34c40f4ae52ca47a365a567c9e69edd0e344394a","nodeId":"73994dae9e8b8da733108a4153dfe79151d701dff425f84c87b5324e8ebd02ab6a0ebc9e4f1e0298a7ddca50f94a8f95c62b6997226d571e470e8f2b0600634a"}],"protocolId":65545,"txPoolSize":"0"}
warning|2025-10-27 19:00:00.711879|PBFT-1-0x00007fb7932c0700|[g:1][CONSENSUS][PBFT]ViewChangeWarning: not caused by omit empty block ,v=16,toV=17,curNum=797,hash=1678b23a...,nodeIdx=3,myNode=87d00b98...
info|2025-10-27 19:00:00.712065|PBFT-1-0x00007fb7932c0700|[g:1][CONSENSUS][PBFT]checkTimeout Succ,view=16,toView=17,nodeIdx=3,changeCycle=2,myNode=87d00b98...,timecost=2
info|2025-10-27 19:00:00.717465|PBFT-1-0x00007fb7932c0700|[g:1][CONSENSUS][PBFT]checkAndChangeView: Reach consensus,org_view=16,cur_changeCycle=2,curView=16,view=17
info|2025-10-27 19:00:01.723672|PBFT-1-0x00007fb7932c0700|[g:1][CONSENSUS]addRawPrepare,height=798,reqIdx=2,hash=25a2a9fb...,time=0
info|2025-10-27 19:00:01.725078|PBFT-1-0x00007fb7932c0700|[g:1][CONSENSUS][PBFT]checkTimeout Succ,view=17,toView=18,nodeIdx=3,changeCycle=1,myNode=87d00b98...,timecost=2
info|2025-10-27 19:00:01.727746|PBFT-1-0x00007fb7932c0700|[g:1][CONSENSUS][PBFT]checkAndChangeView: Reach consensus,org_view=17,cur_changeCycle=1,curView=17,view=18
info|2025-10-27 19:00:02.727828|PBFTSeal-1-0x00007fb78bab1700|[g:1][CONSENSUS][SEALER]++++++++++++++++ Generating seal on,blkNum=798,tx=0,nodeIdx=3,hash=32b50205...
info|2025-10-27 19:00:02.735336|PBFT-1-0x00007fb7932c0700|[g:1][CONSENSUS][PBFT]checkTimeout Succ,view=18,toView=19,nodeIdx=3,changeCycle=1,myNode=87d00b98...,timecost=2
info|2025-10-27 19:00:02.746497|PBFT-1-0x00007fb7932c0700|[g:1][CONSENSUS][PBFT]checkAndChangeView: Reach consensus,org_view=18,cur_changeCycle=1,curView=18,view=19
info|2025-10-27 19:00:03.752242|PBFT-1-0x00007fb7932c0700|[g:1][CONSENSUS]addRawPrepare,height=798,reqIdx=0,hash=c6a6a10b...,time=0
info|2025-10-27 19:00:03.753975|PBFT-1-0x00007fb7932c0700|[g:1][CONSENSUS][PBFT]checkTimeout Succ,view=19,toView=20,nodeIdx=3,changeCycle=1,myNode=87d00b98...,timecost=1
info|2025-10-27 19:00:03.788134|PBFT-1-0x00007fb7932c0700|[g:1][CONSENSUS][PBFT]checkAndChangeView: Reach consensus,org_view=19,cur_changeCycle=1,curView=19,view=20
warning|2025-10-27 19:00:08.296748|PBFT-1-0x00007fb7932c0700|[g:1][CONSENSUS][PBFT]ViewChangeWarning: not caused by omit empty block ,v=20,toV=21,curNum=797,hash=1678b23a...,nodeIdx=3,myNode=87d00b98...
info|2025-10-27 19:00:08.296905|PBFT-1-0x00007fb7932c0700|[g:1][CONSENSUS][PBFT]checkTimeout Succ,view=20,toView=21,nodeIdx=3,changeCycle=2,myNode=87d00b98...,timecost=1
info|2025-10-27 19:00:08.302330|PBFT-1-0x00007fb7932c0700|[g:1][CONSENSUS][PBFT]checkAndChangeView: Reach consensus,org_view=20,cur_changeCycle=2,curView=20,view=21
info|2025-10-27 19:00:08.444950|io_service-0x00007fb7ad2f4700|[P2P][Service] heartBeat,connected count=3
info|2025-10-27 19:00:09.305705|PBFT-1-0x00007fb7932c0700|[g:1][CONSENSUS]addRawPrepare,height=798,reqIdx=2,hash=b5a8a71f...,time=0
info|2025-10-27 19:00:09.307695|PBFT-1-0x00007fb7932c0700|[g:1][CONSENSUS][PBFT]checkTimeout Succ,view=21,toView=22,nodeIdx=3,changeCycle=1,myNode=87d00b98...,timecost=2
info|2025-10-27 19:00:09.311809|PBFT-1-0x00007fb7932c0700|[g:1][CONSENSUS][PBFT]checkAndChangeView: Reach consensus,org_view=21,cur_changeCycle=1,curView=21,view=22
info|2025-10-27 19:00:10.311701|PBFTSeal-1-0x00007fb78bab1700|[g:1][CONSENSUS][SEALER]++++++++++++++++ Generating seal on,blkNum=798,tx=0,nodeIdx=3,hash=30544f09...
info|2025-10-27 19:00:10.314973|PBFT-1-0x00007fb7932c0700|[g:1][CONSENSUS][PBFT]checkTimeout Succ,view=22,toView=23,nodeIdx=3,changeCycle=1,myNode=87d00b98...,timecost=1
info|2025-10-27 19:00:10.319857|PBFT-1-0x00007fb7932c0700|[g:1][CONSENSUS][PBFT]checkAndChangeView: Reach consensus,org_view=22,cur_changeCycle=1,curView=22,view=23
info|2025-10-27 19:00:11.325479|PBFT-1-0x00007fb7932c0700|[g:1][CONSENSUS]addRawPrepare,height=798,reqIdx=0,hash=bbb39caf...,time=0
info|2025-10-27 19:00:11.326955|PBFT-1-0x00007fb7932c0700|[g:1][CONSENSUS][PBFT]checkTimeout Succ,view=23,toView=24,nodeIdx=3,changeCycle=1,myNode=87d00b98...,timecost=2
info|2025-10-27 19:00:11.330009|PBFT-1-0x00007fb7932c0700|[g:1][CONSENSUS][PBFT]checkAndChangeView: Reach consensus,org_view=23,cur_changeCycle=1,curView=23,view=24
warning|2025-10-27 19:00:15.835316|PBFT-1-0x00007fb7932c0700|[g:1][CONSENSUS][PBFT]ViewChangeWarning: not caused by omit empty block ,v=24,toV=25,curNum=797,hash=1678b23a...,nodeIdx=3,myNode=87d00b98...
info|2025-10-27 19:00:15.835943|PBFT-1-0x00007fb7932c0700|[g:1][CONSENSUS][PBFT]checkTimeout Succ,view=24,toView=25,nodeIdx=3,changeCycle=2,myNode=87d00b98...,timecost=1
info|2025-10-27 19:00:15.839507|PBFT-1-0x00007fb7932c0700|[g:1][CONSENSUS][PBFT]checkAndChangeView: Reach consensus,org_view=24,cur_changeCycle=2,curView=24,view=25
info|2025-10-27 19:00:16.345111|PBFTWork-1-0x00007fb799acd700|[g:1][CONSENSUS][PartiallyPBFTReqCache]addPartiallyRawPrepare,height=798,reqIdx=2,hash=3f721e13...
info|2025-10-27 19:00:16.345337|PBFTWork-1-0x00007fb799acd700|[g:1][BLOCKVERIFIER][executeBlock]Executing block,txNum=1,num=798,parentHash=1678b23a8ce38519b14f6a1b34c40f4ae52ca47a365a567c9e69edd0e344394a,parentNum=797,parentStateRoot=0000000000000000000000000000000000000000000000000000000000000000
info|2025-10-27 19:00:16.345517|PBFTWork-1-0x00007fb799acd700|[g:1][PRECOMPILED]init GasChargeManagePrecompiled
info|2025-10-27 19:00:16.345885|PBFTWork-1-0x00007fb799acd700|[g:1][STORAGE][MemoryTableFactory2]createTable,table name=c_13bfef2f19e642e0f96c094853824b797d78697d,keyField=key,valueField=value
info|2025-10-27 19:00:16.382730|PBFTWork-1-0x00007fb799acd700|[g:1][CONSENSUS][PBFT]execBlock,blkNum=798,reqIdx=2,hash=9f58cba2...,nodeIdx=3,myNode=87d00b98...,decodeCost=0,checkCost=0,notifyCost=0,noteSealingCost=0,currentCycle=2,verifyAndSetSenderCost=0,execCost=37,execPerTx=37,totalCost=37
info|2025-10-27 19:00:16.385483|PBFTWork-1-0x00007fb799acd700|[g:1][CONSENSUS][PBFT]handlePrepareMsg Succ,timecost=3,INFO=handlePartiallyPrepare,reqIdx=2,view=25,reqNum=798,curNum=797,consNum=798,hash=3f721e13...,nodeIdx=3,myNode=87d00b98...,curChangeCycle=2
info|2025-10-27 19:00:16.386946|PBFT-1-0x00007fb7932c0700|[g:1][CONSENSUS][PBFT]handleSignMsg Succ,Timecost=1,INFO=handleSignMsg,num=798,curNum=797,GenIdx=0,Sview=25,view=25,fromIdx=0,fromNode=064cb676...,fromIp=127.0.0.1:53404,hash=9f58cba2...,nodeIdx=3,myNode=87d00b98...
info|2025-10-27 19:00:16.388167|PBFT-1-0x00007fb7932c0700|[g:1][CONSENSUS][PBFT]checkAndCommit: backup/updateCommittedPrepare,reqNum=798,hash=3f721e13...,nodeIdx=3,myNode=87d00b98...
info|2025-10-27 19:00:16.389215|PBFT-1-0x00007fb7932c0700|[g:1][CONSENSUS][PBFT]handleSignMsg Succ,Timecost=3,INFO=handleSignMsg,num=798,curNum=797,GenIdx=2,Sview=25,view=25,fromIdx=2,fromNode=73994dae...,fromIp=127.0.0.1:39732,hash=9f58cba2...,nodeIdx=3,myNode=87d00b98...
info|2025-10-27 19:00:16.391155|PBFT-1-0x00007fb7932c0700|[g:1][CONSENSUS][PBFT]handleCommitMsg Succ,INFO=handleCommitMsg,reqNum=798,curNum=797,GenIdx=2,Cview=25,view=25,fromIdx=2,fromNode=73994dae...,fromIp=127.0.0.1:39732,hash=9f58cba2...,nodeIdx=3,myNode=87d00b98...,Timecost=2
info|2025-10-27 19:00:16.392323|PBFT-1-0x00007fb7932c0700|[g:1][CONSENSUS][PBFT]checkAndSave: CommitReq enough,prepareHeight=798,commitSize=3,hash=9f58cba2...,nodeIdx=3,myNode=87d00b98...
info|2025-10-27 19:00:16.392763|PBFT-1-0x00007fb7932c0700|[g:1][g:1][STORAGE][CachedStorage]commit: 9 num: 798
info|2025-10-27 19:00:16.393080|PBFT-1-0x00007fb7932c0700|[g:1][g:1][STORAGE][CachedStorage]Submited block task: 798, current syncd block: 797
info|2025-10-27 19:00:16.393123|taskPool-1-0x00007fb79c2d2700|[g:1][g:1][STORAGE][CachedStorage]Start commit block: 798 to backend storage
info|2025-10-27 19:00:16.393148|PBFT-1-0x00007fb7932c0700|[g:1]Push block notify: 1-798
info|2025-10-27 19:00:16.393347|PBFT-1-0x00007fb7932c0700|[g:1][CONSENSUS][PBFT]CommitBlock Succ,prepareHeight=798,reqIdx=2,hash=9f58cba2...,nodeIdx=3,myNode=87d00b98...,genSigTimeCost=0,commitBlockTimeCost=1,dropTxsTimeCost=0,noteSealingTimeCost=0,totalTimeCost=1
info|2025-10-27 19:00:16.393364|PBFT-1-0x00007fb7932c0700|[g:1][CONSENSUS][PBFT]handleCommitMsg Succ,INFO=handleCommitMsg,reqNum=798,curNum=797,GenIdx=0,Cview=25,view=25,fromIdx=0,fromNode=064cb676...,fromIp=127.0.0.1:53404,hash=9f58cba2...,nodeIdx=3,myNode=87d00b98...,Timecost=2
info|2025-10-27 19:00:16.393649|taskPool-1-0x00007fb79c2d2700|[g:1][g:1][STORAGE][CachedStorage]
---------------------------------------------------------------------
Commit block: 798 to backend storage finished, current cached block: 798
Flush elapsed time: 0.0005s
---------------------------------------------------------------------
info|2025-10-27 19:00:16.393776|PBFTSeal-1-0x00007fb78bab1700|[g:1][CONSENSUS][PBFT]resetConsensusTimeout,updatedConsensusTimeout=5000,minBlockGenTime=500
info|2025-10-27 19:00:16.393791|PBFTSeal-1-0x00007fb78bab1700|[g:1][CONSENSUS][PBFT]^^^^^^^^Report,num=798,sealerIdx=2,hash=9f58cba2...,next=799,tx=1,nodeIdx=3
info|2025-10-27 19:00:17.403986|PBFT-1-0x00007fb7932c0700|[g:1][CONSENSUS]addRawPrepare,height=799,reqIdx=2,hash=b093f86f...,time=1
info|2025-10-27 19:00:17.406017|PBFT-1-0x00007fb7932c0700|[g:1][CONSENSUS][PBFT]checkTimeout Succ,view=0,toView=1,nodeIdx=3,changeCycle=1,myNode=87d00b98...,timecost=2
info|2025-10-27 19:00:17.410149|PBFT-1-0x00007fb7932c0700|[g:1][CONSENSUS][PBFT]checkAndChangeView: Reach consensus,org_view=0,cur_changeCycle=1,curView=0,view=1
info|2025-10-27 19:00:18.412098|PBFTSeal-1-0x00007fb78bab1700|[g:1][CONSENSUS][SEALER]++++++++++++++++ Generating seal on,blkNum=799,tx=0,nodeIdx=3,hash=1047c584...
info|2025-10-27 19:00:18.421009|PBFT-1-0x00007fb7932c0700|[g:1][CONSENSUS][PBFT]checkTimeout Succ,view=1,toView=2,nodeIdx=3,changeCycle=1,myNode=87d00b98...,timecost=4
info|2025-10-27 19:00:18.423693|PBFT-1-0x00007fb7932c0700|[g:1][CONSENSUS][PBFT]checkAndChangeView: Reach consensus,org_view=1,cur_changeCycle=1,curView=1,view=2
info|2025-10-27 19:00:18.445080|io_service-0x00007fb7ad2f4700|[P2P][Service] heartBeat,connected count=3
info|2025-10-27 19:00:19.426153|PBFT-1-0x00007fb7932c0700|[g:1][CONSENSUS]addRawPrepare,height=799,reqIdx=0,hash=aacc20ac...,time=0
info|2025-10-27 19:00:19.427737|PBFT-1-0x00007fb7932c0700|[g:1][CONSENSUS][PBFT]checkTimeout Succ,view=2,toView=3,nodeIdx=3,changeCycle=1,myNode=87d00b98...,timecost=1
info|2025-10-27 19:00:19.431082|PBFT-1-0x00007fb7932c0700|[g:1][CONSENSUS][PBFT]checkAndChangeView: Reach consensus,org_view=2,cur_changeCycle=1,curView=2,view=3
warning|2025-10-27 19:00:23.937305|PBFT-1-0x00007fb7932c0700|[g:1][CONSENSUS][PBFT]ViewChangeWarning: not caused by omit empty block ,v=3,toV=4,curNum=798,hash=9f58cba2...,nodeIdx=3,myNode=87d00b98...
info|2025-10-27 19:00:23.937764|PBFT-1-0x00007fb7932c0700|[g:1][CONSENSUS][PBFT]checkTimeout Succ,view=3,toView=4,nodeIdx=3,changeCycle=2,myNode=87d00b98...,timecost=2
info|2025-10-27 19:00:23.941026|PBFT-1-0x00007fb7932c0700|[g:1][CONSENSUS][PBFT]checkAndChangeView: Reach consensus,org_view=3,cur_changeCycle=2,curView=3,view=4
info|2025-10-27 19:00:24.593506|PBFT-1-0x00007fb7932c0700|[g:1][CONSENSUS][PBFT]checkReq: Recv future request,prepHash=00000000...,INFO=handleSignMsg,num=799,curNum=798,GenIdx=0,Sview=4,view=4,fromIdx=0,fromNode=064cb676...,fromIp=127.0.0.1:53404,hash=08ff3f06...,nodeIdx=3,myNode=87d00b98...
info|2025-10-27 19:00:24.593559|PBFT-1-0x00007fb7932c0700|[g:1][CONSENSUS][PBFT]FutureBlock,INFO=handleSignMsg,num=799,curNum=798,GenIdx=0,Sview=4,view=4,fromIdx=0,fromNode=064cb676...,fromIp=127.0.0.1:53404,hash=08ff3f06...,nodeIdx=3,myNode=87d00b98...
info|2025-10-27 19:00:24.612954|PBFTWork-1-0x00007fb799acd700|[g:1][CONSENSUS][PartiallyPBFTReqCache]addPartiallyRawPrepare,height=799,reqIdx=2,hash=9748d189...
info|2025-10-27 19:00:24.613237|PBFTWork-1-0x00007fb799acd700|[g:1][CONSENSUS][PBFT]I am the next leader = 3, filter trans size = 1, total trans = 1
info|2025-10-27 19:00:24.613369|PBFTWork-1-0x00007fb799acd700|[g:1][BLOCKVERIFIER][executeBlock]Executing block,txNum=1,num=799,parentHash=9f58cba2a60265cd395d1316403cbeaed43e55dde6376764df2c78949495dfb7,parentNum=798,parentStateRoot=78110ba791560ba6758cde1c2e3abe1ba9aa80c05f1bd02dded9b541d015d2ea
info|2025-10-27 19:00:24.613605|PBFTWork-1-0x00007fb799acd700|[g:1][PRECOMPILED]init GasChargeManagePrecompiled
info|2025-10-27 19:00:24.627022|PBFTWork-1-0x00007fb799acd700|[g:1][CONSENSUS][PBFT]execBlock,blkNum=799,reqIdx=2,hash=6fdbe5f6...,nodeIdx=3,myNode=87d00b98...,decodeCost=0,checkCost=0,notifyCost=0,noteSealingCost=0,currentCycle=2,verifyAndSetSenderCost=0,execCost=14,execPerTx=14,totalCost=14
info|2025-10-27 19:00:24.629745|PBFTWork-1-0x00007fb799acd700|[g:1][CONSENSUS][PBFT]handlePrepareMsg Succ,timecost=2,INFO=handlePartiallyPrepare,reqIdx=2,view=4,reqNum=799,curNum=798,consNum=799,hash=9748d189...,nodeIdx=3,myNode=87d00b98...,curChangeCycle=2
info|2025-10-27 19:00:24.632910|PBFT-1-0x00007fb7932c0700|[g:1][CONSENSUS][PBFT]handleSignMsg Succ,Timecost=3,INFO=handleSignMsg,num=799,curNum=798,GenIdx=2,Sview=4,view=4,fromIdx=2,fromNode=73994dae...,fromIp=127.0.0.1:39732,hash=6fdbe5f6...,nodeIdx=3,myNode=87d00b98...
info|2025-10-27 19:00:28.445970|io_service-0x00007fb7ad2f4700|[P2P][Service] heartBeat,connected count=3
info|2025-10-27 19:00:31.349318|PBFT-1-0x00007fb7932c0700|[g:1][CONSENSUS][PBFT]Trigger fast-viewchange,view=4,toView=4,minView=5,INFO=,reqNum=798,curNum=798,GenIdx=0,Cview=5,view=4,fromIdx=0,fromNode=064cb676...,fromIp=127.0.0.1:53404,hash=9f58cba2...,nodeIdx=3,myNode=87d00b98...
info|2025-10-27 19:00:31.350716|PBFT-1-0x00007fb7932c0700|[g:1][CONSENSUS][PBFT]checkAndChangeView: Reach consensus,org_view=4,cur_changeCycle=3,curView=4,view=5
info|2025-10-27 19:00:31.350755|PBFT-1-0x00007fb7932c0700|[g:1][CONSENSUS][PBFT]checkTimeout Succ,view=5,toView=5,nodeIdx=3,changeCycle=3,myNode=87d00b98...,timecost=1
info|2025-10-27 19:00:31.850534|PBFTSeal-1-0x00007fb78bab1700|[g:1][CONSENSUS][SEALER]++++++++++++++++ Generating seal on,blkNum=799,tx=1,nodeIdx=3,hash=8da7bd58...
info|2025-10-27 19:00:31.852924|sealerWorker-0x00007fb79b2d0700|[CONSENSUS]addRawPrepare,height=799,reqIdx=3,hash=8da7bd58...,time=0
info|2025-10-27 19:00:31.853121|sealerWorker-0x00007fb79b2d0700|[BLOCKVERIFIER][executeBlock]Executing block,txNum=1,num=799,parentHash=9f58cba2a60265cd395d1316403cbeaed43e55dde6376764df2c78949495dfb7,parentNum=798,parentStateRoot=78110ba791560ba6758cde1c2e3abe1ba9aa80c05f1bd02dded9b541d015d2ea
info|2025-10-27 19:00:31.853368|sealerWorker-0x00007fb79b2d0700|[PRECOMPILED]init GasChargeManagePrecompiled
info|2025-10-27 19:00:31.866390|sealerWorker-0x00007fb79b2d0700|[CONSENSUS][PBFT]execBlock,blkNum=799,reqIdx=3,hash=80baa067...,nodeIdx=3,myNode=87d00b98...,decodeCost=0,checkCost=1,notifyCost=0,noteSealingCost=0,currentCycle=3,verifyAndSetSenderCost=0,execCost=13,execPerTx=13,totalCost=14
info|2025-10-27 19:00:31.869698|sealerWorker-0x00007fb79b2d0700|[CONSENSUS][PBFT]handlePrepareMsg Succ,timecost=3,INFO=handlePrepareMsg,reqIdx=3,view=5,reqNum=799,curNum=798,consNum=799,curView=5,fromIp=self,hash=8da7bd58...,nodeIdx=3,myNode=87d00b98...,curChangeCycle=3
info|2025-10-27 19:00:31.869786|sealerWorker-0x00007fb79b2d0700|[CONSENSUS][PBFT]generateLocalPrepare,hash=8da7bd58...,H=799,nodeIdx=3,myNode=87d00b98...
info|2025-10-27 19:00:31.869904|PBFT-1-0x00007fb7932c0700|[g:1][CONSENSUS][PBFT]checkReq: Recv future request,prepHash=80baa067...,INFO=handleSignMsg,num=799,curNum=798,GenIdx=2,Sview=5,view=5,fromIdx=2,fromNode=73994dae...,fromIp=127.0.0.1:39732,hash=045ec42c...,nodeIdx=3,myNode=87d00b98...
info|2025-10-27 19:00:31.869919|PBFT-1-0x00007fb7932c0700|[g:1][CONSENSUS][PBFT]FutureBlock,INFO=handleSignMsg,num=799,curNum=798,GenIdx=2,Sview=5,view=5,fromIdx=2,fromNode=73994dae...,fromIp=127.0.0.1:39732,hash=045ec42c...,nodeIdx=3,myNode=87d00b98...
info|2025-10-27 19:00:31.869935|PBFT-1-0x00007fb7932c0700|[g:1][CONSENSUS][PBFT]checkReq: Recv future request,prepHash=80baa067...,INFO=handleSignMsg,num=799,curNum=798,GenIdx=0,Sview=5,view=5,fromIdx=0,fromNode=064cb676...,fromIp=127.0.0.1:53404,hash=045ec42c...,nodeIdx=3,myNode=87d00b98...
info|2025-10-27 19:00:31.869942|PBFT-1-0x00007fb7932c0700|[g:1][CONSENSUS][PBFT]FutureBlock,INFO=handleSignMsg,num=799,curNum=798,GenIdx=0,Sview=5,view=5,fromIdx=0,fromNode=064cb676...,fromIp=127.0.0.1:53404,hash=045ec42c...,nodeIdx=3,myNode=87d00b98...
info|2025-10-27 19:00:38.446695|io_service-0x00007fb7ad2f4700|[P2P][Service] heartBeat,connected count=3
info|2025-10-27 19:00:41.993285|PBFT-1-0x00007fb7932c0700|[g:1][CONSENSUS][SEALER]decrease maxBlockCanSeal to half for PBFT timeout,org_maxBlockCanSeal=15000,halfed_maxBlockCanSeal=7500,timeoutCount=1,lastTimeoutTx=2
warning|2025-10-27 19:00:41.994408|PBFT-1-0x00007fb7932c0700|[g:1][CONSENSUS][PBFT]ViewChangeWarning: not caused by omit empty block ,v=5,toV=6,curNum=798,hash=9f58cba2...,nodeIdx=3,myNode=87d00b98...
info|2025-10-27 19:00:41.994520|PBFT-1-0x00007fb7932c0700|[g:1][CONSENSUS][PBFT]checkTimeout Succ,view=5,toView=6,nodeIdx=3,changeCycle=4,myNode=87d00b98...,timecost=1
info|2025-10-27 19:00:42.000219|PBFT-1-0x00007fb7932c0700|[g:1][CONSENSUS][PBFT]checkAndChangeView: Reach consensus,org_view=5,cur_changeCycle=4,curView=5,view=6
info|2025-10-27 19:00:42.504985|PBFTWork-1-0x00007fb799acd700|[g:1][CONSENSUS][PartiallyPBFTReqCache]addPartiallyRawPrepare,height=799,reqIdx=0,hash=d2dae60c...
info|2025-10-27 19:00:42.505235|PBFTWork-1-0x00007fb799acd700|[g:1][CONSENSUS][PBFT]I am the next leader = 3, filter trans size = 1, total trans = 1
info|2025-10-27 19:00:42.505326|PBFTWork-1-0x00007fb799acd700|[g:1][BLOCKVERIFIER][executeBlock]Executing block,txNum=1,num=799,parentHash=9f58cba2a60265cd395d1316403cbeaed43e55dde6376764df2c78949495dfb7,parentNum=798,parentStateRoot=78110ba791560ba6758cde1c2e3abe1ba9aa80c05f1bd02dded9b541d015d2ea
info|2025-10-27 19:00:42.505443|PBFTWork-1-0x00007fb799acd700|[g:1][PRECOMPILED]init GasChargeManagePrecompiled
info|2025-10-27 19:00:42.518653|PBFTWork-1-0x00007fb799acd700|[g:1][CONSENSUS][PBFT]execBlock,blkNum=799,reqIdx=0,hash=9a56ee21...,nodeIdx=3,myNode=87d00b98...,decodeCost=0,checkCost=0,notifyCost=0,noteSealingCost=0,currentCycle=4,verifyAndSetSenderCost=0,execCost=13,execPerTx=13,totalCost=13
info|2025-10-27 19:00:42.521538|PBFTWork-1-0x00007fb799acd700|[g:1][CONSENSUS][PBFT]handlePrepareMsg Succ,timecost=3,INFO=handlePartiallyPrepare,reqIdx=0,view=6,reqNum=799,curNum=798,consNum=799,hash=d2dae60c...,nodeIdx=3,myNode=87d00b98...,curChangeCycle=4
info|2025-10-27 19:00:42.523472|PBFT-1-0x00007fb7932c0700|[g:1][CONSENSUS][PBFT]handleSignMsg Succ,Timecost=2,INFO=handleSignMsg,num=799,curNum=798,GenIdx=0,Sview=6,view=6,fromIdx=0,fromNode=064cb676...,fromIp=127.0.0.1:53404,hash=9a56ee21...,nodeIdx=3,myNode=87d00b98...
info|2025-10-27 19:00:42.524793|PBFT-1-0x00007fb7932c0700|[g:1][CONSENSUS][PBFT]checkAndCommit: backup/updateCommittedPrepare,reqNum=799,hash=d2dae60c...,nodeIdx=3,myNode=87d00b98...
info|2025-10-27 19:00:42.526042|PBFT-1-0x00007fb7932c0700|[g:1][CONSENSUS][PBFT]handleSignMsg Succ,Timecost=3,INFO=handleSignMsg,num=799,curNum=798,GenIdx=2,Sview=6,view=6,fromIdx=2,fromNode=73994dae...,fromIp=127.0.0.1:39732,hash=9a56ee21...,nodeIdx=3,myNode=87d00b98...
info|2025-10-27 19:00:42.527644|PBFT-1-0x00007fb7932c0700|[g:1][CONSENSUS][PBFT]handleCommitMsg Succ,INFO=handleCommitMsg,reqNum=799,curNum=798,GenIdx=0,Cview=6,view=6,fromIdx=0,fromNode=064cb676...,fromIp=127.0.0.1:53404,hash=9a56ee21...,nodeIdx=3,myNode=87d00b98...,Timecost=1
info|2025-10-27 19:00:42.528848|PBFT-1-0x00007fb7932c0700|[g:1][CONSENSUS][PBFT]checkAndSave: CommitReq enough,prepareHeight=799,commitSize=3,hash=9a56ee21...,nodeIdx=3,myNode=87d00b98...
info|2025-10-27 19:00:42.531253|Download-1-0x00007fb7a02da700|[g:1][SYNC][id:87d00b98...][Download][Request]Request blocks,from=799,to=799,peer=73994dae...
info|2025-10-27 19:00:42.531564|PBFT-1-0x00007fb7932c0700|[g:1][g:1][STORAGE][CachedStorage]commit: 6 num: 799
info|2025-10-27 19:00:42.531767|PBFT-1-0x00007fb7932c0700|[g:1][g:1][STORAGE][CachedStorage]Submited block task: 799, current syncd block: 798
info|2025-10-27 19:00:42.531784|taskPool-1-0x00007fb79c2d2700|[g:1][g:1][STORAGE][CachedStorage]Start commit block: 799 to backend storage
info|2025-10-27 19:00:42.531809|PBFT-1-0x00007fb7932c0700|[g:1]Push block notify: 1-799
info|2025-10-27 19:00:42.531973|PBFT-1-0x00007fb7932c0700|[g:1][CONSENSUS][PBFT]CommitBlock Succ,prepareHeight=799,reqIdx=0,hash=9a56ee21...,nodeIdx=3,myNode=87d00b98...,genSigTimeCost=0,commitBlockTimeCost=3,dropTxsTimeCost=0,noteSealingTimeCost=0,totalTimeCost=3
info|2025-10-27 19:00:42.531996|PBFT-1-0x00007fb7932c0700|[g:1][CONSENSUS][PBFT]handleCommitMsg Succ,INFO=handleCommitMsg,reqNum=799,curNum=798,GenIdx=2,Cview=6,view=6,fromIdx=2,fromNode=73994dae...,fromIp=127.0.0.1:39732,hash=9a56ee21...,nodeIdx=3,myNode=87d00b98...,Timecost=5
info|2025-10-27 19:00:42.532140|taskPool-1-0x00007fb79c2d2700|[g:1][g:1][STORAGE][CachedStorage]
---------------------------------------------------------------------
Commit block: 799 to backend storage finished, current cached block: 799
Flush elapsed time: 0.0004s
---------------------------------------------------------------------
info|2025-10-27 19:00:42.533751|PBFTSeal-1-0x00007fb78bab1700|[g:1][CONSENSUS][PBFT]resetConsensusTimeout,updatedConsensusTimeout=5000,minBlockGenTime=500
info|2025-10-27 19:00:42.533799|PBFTSeal-1-0x00007fb78bab1700|[g:1][CONSENSUS][PBFT]^^^^^^^^Report,num=799,sealerIdx=0,hash=9a56ee21...,next=800,tx=1,nodeIdx=3
info|2025-10-27 19:00:43.533757|PBFTSeal-1-0x00007fb78bab1700|[g:1][CONSENSUS][SEALER]++++++++++++++++ Generating seal on,blkNum=800,tx=0,nodeIdx=3,hash=e138c520...
info|2025-10-27 19:00:43.536916|PBFT-1-0x00007fb7932c0700|[g:1][CONSENSUS][PBFT]checkTimeout Succ,view=0,toView=1,nodeIdx=3,changeCycle=1,myNode=87d00b98...,timecost=1
info|2025-10-27 19:00:43.542441|PBFT-1-0x00007fb7932c0700|[g:1][CONSENSUS][PBFT]checkAndChangeView: Reach consensus,org_view=0,cur_changeCycle=1,curView=0,view=1
info|2025-10-27 19:00:44.547164|PBFT-1-0x00007fb7932c0700|[g:1][CONSENSUS]addRawPrepare,height=800,reqIdx=0,hash=a3180584...,time=0
info|2025-10-27 19:00:44.548840|PBFT-1-0x00007fb7932c0700|[g:1][CONSENSUS][PBFT]checkTimeout Succ,view=1,toView=2,nodeIdx=3,changeCycle=1,myNode=87d00b98...,timecost=1
info|2025-10-27 19:00:44.551672|PBFT-1-0x00007fb7932c0700|[g:1][CONSENSUS][PBFT]checkAndChangeView: Reach consensus,org_view=1,cur_changeCycle=1,curView=1,view=2
info|2025-10-27 19:00:47.458553|P2P-0x00007fb7ae2f6700|[g:1] [SYNC][id:87d00b98...][Download][Request]Receive block request,peer=374bdfe9...,from=184,to=184
info|2025-10-27 19:00:47.458954|SyncSend-1-0x00007fb79fad9700|[g:1][SYNC][id:87d00b98...][Download][Request][BlockSync]Batch blocks for sending,blockSize=24480,number=184,peer=374bdfe9...,timeCost=0
info|2025-10-27 19:00:47.459058|SyncSend-1-0x00007fb79fad9700|[g:1][g:1] [SYNC][id:374bdfe9...][Download][Request][BlockSync]Send block packet,peer=374bdfe9...,blocks=1,bytes(V)=24487
info|2025-10-27 19:00:48.447154|io_service-0x00007fb7ad2f4700|[P2P][Service] heartBeat,connected count=3
warning|2025-10-27 19:00:49.058099|PBFT-1-0x00007fb7932c0700|[g:1][CONSENSUS][PBFT]ViewChangeWarning: not caused by omit empty block ,v=2,toV=3,curNum=799,hash=9a56ee21...,nodeIdx=3,myNode=87d00b98...
info|2025-10-27 19:00:49.058313|PBFT-1-0x00007fb7932c0700|[g:1][CONSENSUS][PBFT]checkTimeout Succ,view=2,toView=3,nodeIdx=3,changeCycle=2,myNode=87d00b98...,timecost=2
info|2025-10-27 19:00:49.060638|PBFT-1-0x00007fb7932c0700|[g:1][CONSENSUS][PBFT]checkAndChangeView: Reach consensus,org_view=2,cur_changeCycle=2,curView=2,view=3
info|2025-10-27 19:00:50.067074|PBFT-1-0x00007fb7932c0700|[g:1][CONSENSUS]addRawPrepare,height=800,reqIdx=2,hash=0b11b5b4...,time=0
info|2025-10-27 19:00:50.068985|PBFT-1-0x00007fb7932c0700|[g:1][CONSENSUS][PBFT]checkTimeout Succ,view=3,toView=4,nodeIdx=3,changeCycle=1,myNode=87d00b98...,timecost=1
info|2025-10-27 19:00:50.073017|PBFT-1-0x00007fb7932c0700|[g:1][CONSENSUS][PBFT]checkAndChangeView: Reach consensus,org_view=3,cur_changeCycle=1,curView=3,view=4
info|2025-10-27 19:00:51.074242|PBFTSeal-1-0x00007fb78bab1700|[g:1][CONSENSUS][SEALER]++++++++++++++++ Generating seal on,blkNum=800,tx=0,nodeIdx=3,hash=5d95d9fb...
info|2025-10-27 19:00:51.078770|PBFT-1-0x00007fb7932c0700|[g:1][CONSENSUS][PBFT]checkTimeout Succ,view=4,toView=5,nodeIdx=3,changeCycle=1,myNode=87d00b98...,timecost=2
info|2025-10-27 19:00:51.085277|PBFT-1-0x00007fb7932c0700|[g:1][CONSENSUS][PBFT]checkAndChangeView: Reach consensus,org_view=4,cur_changeCycle=1,curView=4,view=5
info|2025-10-27 19:00:52.087905|PBFT-1-0x00007fb7932c0700|[g:1][CONSENSUS]addRawPrepare,height=800,reqIdx=0,hash=0e2b54c5...,time=0
info|2025-10-27 19:00:52.089474|PBFT-1-0x00007fb7932c0700|[g:1][CONSENSUS][PBFT]checkTimeout Succ,view=5,toView=6,nodeIdx=3,changeCycle=1,myNode=87d00b98...,timecost=2
info|2025-10-27 19:00:52.092371|PBFT-1-0x00007fb7932c0700|[g:1][CONSENSUS][PBFT]checkAndChangeView: Reach consensus,org_view=5,cur_changeCycle=1,curView=5,view=6
warning|2025-10-27 19:00:56.593616|PBFT-1-0x00007fb7932c0700|[g:1][CONSENSUS][PBFT]ViewChangeWarning: not caused by omit empty block ,v=6,toV=7,curNum=799,hash=9a56ee21...,nodeIdx=3,myNode=87d00b98...
info|2025-10-27 19:00:56.593761|PBFT-1-0x00007fb7932c0700|[g:1][CONSENSUS][PBFT]checkTimeout Succ,view=6,toView=7,nodeIdx=3,changeCycle=2,myNode=87d00b98...,timecost=1
info|2025-10-27 19:00:56.597170|PBFT-1-0x00007fb7932c0700|[g:1][CONSENSUS][PBFT]checkAndChangeView: Reach consensus,org_view=6,cur_changeCycle=2,curView=6,view=7
info|2025-10-27 19:00:57.601372|PBFT-1-0x00007fb7932c0700|[g:1][CONSENSUS]addRawPrepare,height=800,reqIdx=2,hash=fdee5146...,time=0
info|2025-10-27 19:00:57.602599|PBFT-1-0x00007fb7932c0700|[g:1][CONSENSUS][PBFT]checkTimeout Succ,view=7,toView=8,nodeIdx=3,changeCycle=1,myNode=87d00b98...,timecost=1
info|2025-10-27 19:00:57.605456|PBFT-1-0x00007fb7932c0700|[g:1][CONSENSUS][PBFT]checkAndChangeView: Reach consensus,org_view=7,cur_changeCycle=1,curView=7,view=8
info|2025-10-27 19:00:58.447496|io_service-0x00007fb7ad2f4700|[P2P][Service] heartBeat,connected count=3
info|2025-10-27 19:00:58.605819|PBFTSeal-1-0x00007fb78bab1700|[g:1][CONSENSUS][SEALER]++++++++++++++++ Generating seal on,blkNum=800,tx=0,nodeIdx=3,hash=18bec053...
info|2025-10-27 19:00:58.615467|PBFT-1-0x00007fb7932c0700|[g:1][CONSENSUS][PBFT]checkTimeout Succ,view=8,toView=9,nodeIdx=3,changeCycle=1,myNode=87d00b98...,timecost=2
info|2025-10-27 19:00:58.619851|PBFT-1-0x00007fb7932c0700|[g:1][CONSENSUS][PBFT]checkAndChangeView: Reach consensus,org_view=8,cur_changeCycle=1,curView=8,view=9
info|2025-10-27 19:00:59.621373|PBFT-1-0x00007fb7932c0700|[g:1][CONSENSUS]addRawPrepare,height=800,reqIdx=0,hash=e466a133...,time=0
info|2025-10-27 19:00:59.622649|PBFT-1-0x00007fb7932c0700|[g:1][CONSENSUS][PBFT]checkTimeout Succ,view=9,toView=10,nodeIdx=3,changeCycle=1,myNode=87d00b98...,timecost=1
info|2025-10-27 19:00:59.625627|PBFT-1-0x00007fb7932c0700|[g:1][CONSENSUS][PBFT]checkAndChangeView: Reach consensus,org_view=9,cur_changeCycle=1,curView=9,view=10
info|2025-10-27 19:01:00.265772|P2P-0x00007fb7adaf5700|[g:1] [SYNC][id:87d00b98...][Download][Request]Receive block request,peer=374bdfe9...,from=184,to=184
info|2025-10-27 19:01:00.266243|SyncSend-1-0x00007fb79fad9700|[g:1][SYNC][id:87d00b98...][Download][Request][BlockSync]Batch blocks for sending,blockSize=24480,number=184,peer=374bdfe9...,timeCost=0
info|2025-10-27 19:01:00.266346|SyncSend-1-0x00007fb79fad9700|[g:1][g:1] [SYNC][id:374bdfe9...][Download][Request][BlockSync]Send block packet,peer=374bdfe9...,blocks=1,bytes(V)=24487
warning|2025-10-27 19:01:04.132479|PBFT-1-0x00007fb7932c0700|[g:1][CONSENSUS][PBFT]ViewChangeWarning: not caused by omit empty block ,v=10,toV=11,curNum=799,hash=9a56ee21...,nodeIdx=3,myNode=87d00b98...
info|2025-10-27 19:01:04.132627|PBFT-1-0x00007fb7932c0700|[g:1][CONSENSUS][PBFT]checkTimeout Succ,view=10,toView=11,nodeIdx=3,changeCycle=2,myNode=87d00b98...,timecost=1
info|2025-10-27 19:01:04.138152|PBFT-1-0x00007fb7932c0700|[g:1][CONSENSUS][PBFT]checkAndChangeView: Reach consensus,org_view=10,cur_changeCycle=2,curView=10,view=11
info|2025-10-27 19:01:05.141454|PBFT-1-0x00007fb7932c0700|[g:1][CONSENSUS]addRawPrepare,height=800,reqIdx=2,hash=dbde81aa...,time=0
info|2025-10-27 19:01:05.143520|PBFT-1-0x00007fb7932c0700|[g:1][CONSENSUS][PBFT]checkTimeout Succ,view=11,toView=12,nodeIdx=3,changeCycle=1,myNode=87d00b98...,timecost=2
info|2025-10-27 19:01:05.146089|PBFT-1-0x00007fb7932c0700|[g:1][CONSENSUS][PBFT]checkAndChangeView: Reach consensus,org_view=11,cur_changeCycle=1,curView=11,view=12
info|2025-10-27 19:01:06.146860|PBFTSeal-1-0x00007fb78bab1700|[g:1][CONSENSUS][SEALER]++++++++++++++++ Generating seal on,blkNum=800,tx=0,nodeIdx=3,hash=4a86ca0b...
info|2025-10-27 19:01:06.150359|PBFT-1-0x00007fb7932c0700|[g:1][CONSENSUS][PBFT]checkTimeout Succ,view=12,toView=13,nodeIdx=3,changeCycle=1,myNode=87d00b98...,timecost=2
info|2025-10-27 19:01:06.157294|PBFT-1-0x00007fb7932c0700|[g:1][CONSENSUS][PBFT]checkAndChangeView: Reach consensus,org_view=12,cur_changeCycle=1,curView=12,view=13
info|2025-10-27 19:01:07.162829|PBFT-1-0x00007fb7932c0700|[g:1][CONSENSUS]addRawPrepare,height=800,reqIdx=0,hash=2b9f17de...,time=0
info|2025-10-27 19:01:07.164146|PBFT-1-0x00007fb7932c0700|[g:1][CONSENSUS][PBFT]checkTimeout Succ,view=13,toView=14,nodeIdx=3,changeCycle=1,myNode=87d00b98...,timecost=1
info|2025-10-27 19:01:07.168131|PBFT-1-0x00007fb7932c0700|[g:1][CONSENSUS][PBFT]checkAndChangeView: Reach consensus,org_view=13,cur_changeCycle=1,curView=13,view=14
info|2025-10-27 19:01:08.448021|io_service-0x00007fb7ad2f4700|[P2P][Service] heartBeat,connected count=3
warning|2025-10-27 19:01:11.672015|PBFT-1-0x00007fb7932c0700|[g:1][CONSENSUS][PBFT]ViewChangeWarning: not caused by omit empty block ,v=14,toV=15,curNum=799,hash=9a56ee21...,nodeIdx=3,myNode=87d00b98...
info|2025-10-27 19:01:11.672185|PBFT-1-0x00007fb7932c0700|[g:1][CONSENSUS][PBFT]checkTimeout Succ,view=14,toView=15,nodeIdx=3,changeCycle=2,myNode=87d00b98...,timecost=2
info|2025-10-27 19:01:11.675429|PBFT-1-0x00007fb7932c0700|[g:1][CONSENSUS][PBFT]checkAndChangeView: Reach consensus,org_view=14,cur_changeCycle=2,curView=14,view=15
info|2025-10-27 19:01:12.681426|PBFT-1-0x00007fb7932c0700|[g:1][CONSENSUS]addRawPrepare,height=800,reqIdx=2,hash=57c0a2ef...,time=0
info|2025-10-27 19:01:12.682566|PBFT-1-0x00007fb7932c0700|[g:1][CONSENSUS][PBFT]checkTimeout Succ,view=15,toView=16,nodeIdx=3,changeCycle=1,myNode=87d00b98...,timecost=1
info|2025-10-27 19:01:12.685792|PBFT-1-0x00007fb7932c0700|[g:1][CONSENSUS][PBFT]checkAndChangeView: Reach consensus,org_view=15,cur_changeCycle=1,curView=15,view=16
info|2025-10-27 19:01:13.685573|PBFTSeal-1-0x00007fb78bab1700|[g:1][CONSENSUS][SEALER]++++++++++++++++ Generating seal on,blkNum=800,tx=0,nodeIdx=3,hash=155be306...
info|2025-10-27 19:01:13.693043|PBFT-1-0x00007fb7932c0700|[g:1][CONSENSUS][PBFT]checkTimeout Succ,view=16,toView=17,nodeIdx=3,changeCycle=1,myNode=87d00b98...,timecost=2
info|2025-10-27 19:01:13.696200|PBFT-1-0x00007fb7932c0700|[g:1][CONSENSUS][PBFT]checkAndChangeView: Reach consensus,org_view=16,cur_changeCycle=1,curView=16,view=17
info|2025-10-27 19:01:14.699241|PBFT-1-0x00007fb7932c0700|[g:1][CONSENSUS]addRawPrepare,height=800,reqIdx=0,hash=a6d57017...,time=0
info|2025-10-27 19:01:14.700540|PBFT-1-0x00007fb7932c0700|[g:1][CONSENSUS][PBFT]checkTimeout Succ,view=17,toView=18,nodeIdx=3,changeCycle=1,myNode=87d00b98...,timecost=1
info|2025-10-27 19:01:14.704192|PBFT-1-0x00007fb7932c0700|[g:1][CONSENSUS][PBFT]checkAndChangeView: Reach consensus,org_view=17,cur_changeCycle=1,curView=17,view=18
info|2025-10-27 19:01:18.448440|io_service-0x00007fb7ad2f4700|[P2P][Service] heartBeat,connected count=3
warning|2025-10-27 19:01:19.211582|PBFT-1-0x00007fb7932c0700|[g:1][CONSENSUS][PBFT]ViewChangeWarning: not caused by omit empty block ,v=18,toV=19,curNum=799,hash=9a56ee21...,nodeIdx=3,myNode=87d00b98...
info|2025-10-27 19:01:19.211794|PBFT-1-0x00007fb7932c0700|[g:1][CONSENSUS][PBFT]checkTimeout Succ,view=18,toView=19,nodeIdx=3,changeCycle=2,myNode=87d00b98...,timecost=2
info|2025-10-27 19:01:19.215569|PBFT-1-0x00007fb7932c0700|[g:1][CONSENSUS][PBFT]checkAndChangeView: Reach consensus,org_view=18,cur_changeCycle=2,curView=18,view=19
info|2025-10-27 19:01:20.223755|PBFT-1-0x00007fb7932c0700|[g:1][CONSENSUS]addRawPrepare,height=800,reqIdx=2,hash=de1ba0e0...,time=0
info|2025-10-27 19:01:20.225434|PBFT-1-0x00007fb7932c0700|[g:1][CONSENSUS][PBFT]checkTimeout Succ,view=19,toView=20,nodeIdx=3,changeCycle=1,myNode=87d00b98...,timecost=2
info|2025-10-27 19:01:20.228247|PBFT-1-0x00007fb7932c0700|[g:1][CONSENSUS][PBFT]checkAndChangeView: Reach consensus,org_view=19,cur_changeCycle=1,curView=19,view=20
info|2025-10-27 19:01:21.228666|PBFTSeal-1-0x00007fb78bab1700|[g:1][CONSENSUS][SEALER]++++++++++++++++ Generating seal on,blkNum=800,tx=0,nodeIdx=3,hash=fb8839e7...
info|2025-10-27 19:01:21.235790|PBFT-1-0x00007fb7932c0700|[g:1][CONSENSUS][PBFT]checkTimeout Succ,view=20,toView=21,nodeIdx=3,changeCycle=1,myNode=87d00b98...,timecost=1
info|2025-10-27 19:01:21.239016|PBFT-1-0x00007fb7932c0700|[g:1][CONSENSUS][PBFT]checkAndChangeView: Reach consensus,org_view=20,cur_changeCycle=1,curView=20,view=21
info|2025-10-27 19:01:22.240891|PBFT-1-0x00007fb7932c0700|[g:1][CONSENSUS]addRawPrepare,height=800,reqIdx=0,hash=f32918c2...,time=0
info|2025-10-27 19:01:22.242216|PBFT-1-0x00007fb7932c0700|[g:1][CONSENSUS][PBFT]checkTimeout Succ,view=21,toView=22,nodeIdx=3,changeCycle=1,myNode=87d00b98...,timecost=2
info|2025-10-27 19:01:22.246390|PBFT-1-0x00007fb7932c0700|[g:1][CONSENSUS][PBFT]checkAndChangeView: Reach consensus,org_view=21,cur_changeCycle=1,curView=21,view=22
info|2025-10-27 19:01:25.886697|P2P-0x00007fb7aeaf7700|[g:1] [SYNC][id:87d00b98...][Download][Request]Receive block request,peer=374bdfe9...,from=184,to=184
info|2025-10-27 19:01:25.887144|SyncSend-1-0x00007fb79fad9700|[g:1][SYNC][id:87d00b98...][Download][Request][BlockSync]Batch blocks for sending,blockSize=24480,number=184,peer=374bdfe9...,timeCost=1
info|2025-10-27 19:01:25.887260|SyncSend-1-0x00007fb79fad9700|[g:1][g:1] [SYNC][id:374bdfe9...][Download][Request][BlockSync]Send block packet,peer=374bdfe9...,blocks=1,bytes(V)=24487
warning|2025-10-27 19:01:26.752253|PBFT-1-0x00007fb7932c0700|[g:1][CONSENSUS][PBFT]ViewChangeWarning: not caused by omit empty block ,v=22,toV=23,curNum=799,hash=9a56ee21...,nodeIdx=3,myNode=87d00b98...
info|2025-10-27 19:01:26.752390|PBFT-1-0x00007fb7932c0700|[g:1][CONSENSUS][PBFT]checkTimeout Succ,view=22,toView=23,nodeIdx=3,changeCycle=2,myNode=87d00b98...,timecost=1
info|2025-10-27 19:01:26.755602|PBFT-1-0x00007fb7932c0700|[g:1][CONSENSUS][PBFT]checkAndChangeView: Reach consensus,org_view=22,cur_changeCycle=2,curView=22,view=23
info|2025-10-27 19:01:27.760064|PBFT-1-0x00007fb7932c0700|[g:1][CONSENSUS]addRawPrepare,height=800,reqIdx=2,hash=3ef4c0e6...,time=0
info|2025-10-27 19:01:27.761675|PBFT-1-0x00007fb7932c0700|[g:1][CONSENSUS][PBFT]checkTimeout Succ,view=23,toView=24,nodeIdx=3,changeCycle=1,myNode=87d00b98...,timecost=1
info|2025-10-27 19:01:27.765918|PBFT-1-0x00007fb7932c0700|[g:1][CONSENSUS][PBFT]checkAndChangeView: Reach consensus,org_view=23,cur_changeCycle=1,curView=23,view=24
info|2025-10-27 19:01:28.449025|io_service-0x00007fb7ad2f4700|[P2P][Service] heartBeat,connected count=3
info|2025-10-27 19:01:28.765961|PBFTSeal-1-0x00007fb78bab1700|[g:1][CONSENSUS][SEALER]++++++++++++++++ Generating seal on,blkNum=800,tx=0,nodeIdx=3,hash=ff66e10e...
info|2025-10-27 19:01:28.771314|PBFT-1-0x00007fb7932c0700|[g:1][CONSENSUS][PBFT]checkTimeout Succ,view=24,toView=25,nodeIdx=3,changeCycle=1,myNode=87d00b98...,timecost=4
info|2025-10-27 19:01:28.775756|PBFT-1-0x00007fb7932c0700|[g:1][CONSENSUS][PBFT]checkAndChangeView: Reach consensus,org_view=24,cur_changeCycle=1,curView=24,view=25
info|2025-10-27 19:01:29.780023|PBFT-1-0x00007fb7932c0700|[g:1][CONSENSUS]addRawPrepare,height=800,reqIdx=0,hash=3ed0649f...,time=0
info|2025-10-27 19:01:29.781666|PBFT-1-0x00007fb7932c0700|[g:1][CONSENSUS][PBFT]checkTimeout Succ,view=25,toView=26,nodeIdx=3,changeCycle=1,myNode=87d00b98...,timecost=1
info|2025-10-27 19:01:29.785109|PBFT-1-0x00007fb7932c0700|[g:1][CONSENSUS][PBFT]checkAndChangeView: Reach consensus,org_view=25,cur_changeCycle=1,curView=25,view=26
warning|2025-10-27 19:01:34.295712|PBFT-1-0x00007fb7932c0700|[g:1][CONSENSUS][PBFT]ViewChangeWarning: not caused by omit empty block ,v=26,toV=27,curNum=799,hash=9a56ee21...,nodeIdx=3,myNode=87d00b98...
info|2025-10-27 19:01:34.295795|PBFT-1-0x00007fb7932c0700|[g:1][CONSENSUS][PBFT]checkTimeout Succ,view=26,toView=27,nodeIdx=3,changeCycle=2,myNode=87d00b98...,timecost=1
info|2025-10-27 19:01:34.298687|PBFT-1-0x00007fb7932c0700|[g:1][CONSENSUS][PBFT]checkAndChangeView: Reach consensus,org_view=26,cur_changeCycle=2,curView=26,view=27
info|2025-10-27 19:01:35.303749|PBFT-1-0x00007fb7932c0700|[g:1][CONSENSUS]addRawPrepare,height=800,reqIdx=2,hash=95a8f8b4...,time=0
info|2025-10-27 19:01:35.305035|PBFT-1-0x00007fb7932c0700|[g:1][CONSENSUS][PBFT]checkTimeout Succ,view=27,toView=28,nodeIdx=3,changeCycle=1,myNode=87d00b98...,timecost=2
info|2025-10-27 19:01:35.308205|PBFT-1-0x00007fb7932c0700|[g:1][CONSENSUS][PBFT]checkAndChangeView: Reach consensus,org_view=27,cur_changeCycle=1,curView=27,view=28
info|2025-10-27 19:01:36.309924|PBFTSeal-1-0x00007fb78bab1700|[g:1][CONSENSUS][SEALER]++++++++++++++++ Generating seal on,blkNum=800,tx=0,nodeIdx=3,hash=7736c58a...
info|2025-10-27 19:01:36.317901|PBFT-1-0x00007fb7932c0700|[g:1][CONSENSUS][PBFT]checkTimeout Succ,view=28,toView=29,nodeIdx=3,changeCycle=1,myNode=87d00b98...,timecost=1
info|2025-10-27 19:01:36.319356|PBFT-1-0x00007fb7932c0700|[g:1][CONSENSUS][PBFT]checkAndChangeView: Reach consensus,org_view=28,cur_changeCycle=1,curView=28,view=29
info|2025-10-27 19:01:37.325808|PBFT-1-0x00007fb7932c0700|[g:1][CONSENSUS]addRawPrepare,height=800,reqIdx=0,hash=de11aae7...,time=0
info|2025-10-27 19:01:37.327303|PBFT-1-0x00007fb7932c0700|[g:1][CONSENSUS][PBFT]checkTimeout Succ,view=29,toView=30,nodeIdx=3,changeCycle=1,myNode=87d00b98...,timecost=2
info|2025-10-27 19:01:37.332019|PBFT-1-0x00007fb7932c0700|[g:1][CONSENSUS][PBFT]checkAndChangeView: Reach consensus,org_view=29,cur_changeCycle=1,curView=29,view=30
info|2025-10-27 19:01:38.450155|io_service-0x00007fb7ad2f4700|[P2P][Service] heartBeat,connected count=3
warning|2025-10-27 19:01:41.837595|PBFT-1-0x00007fb7932c0700|[g:1][CONSENSUS][PBFT]ViewChangeWarning: not caused by omit empty block ,v=30,toV=31,curNum=799,hash=9a56ee21...,nodeIdx=3,myNode=87d00b98...
info|2025-10-27 19:01:41.837774|PBFT-1-0x00007fb7932c0700|[g:1][CONSENSUS][PBFT]checkTimeout Succ,view=30,toView=31,nodeIdx=3,changeCycle=2,myNode=87d00b98...,timecost=1
info|2025-10-27 19:01:41.843957|PBFT-1-0x00007fb7932c0700|[g:1][CONSENSUS][PBFT]checkAndChangeView: Reach consensus,org_view=30,cur_changeCycle=2,curView=30,view=31
info|2025-10-27 19:01:42.848504|PBFT-1-0x00007fb7932c0700|[g:1][CONSENSUS]addRawPrepare,height=800,reqIdx=2,hash=f227ffc7...,time=0
info|2025-10-27 19:01:42.850819|PBFT-1-0x00007fb7932c0700|[g:1][CONSENSUS][PBFT]checkTimeout Succ,view=31,toView=32,nodeIdx=3,changeCycle=1,myNode=87d00b98...,timecost=2
info|2025-10-27 19:01:42.854848|PBFT-1-0x00007fb7932c0700|[g:1][CONSENSUS][PBFT]checkAndChangeView: Reach consensus,org_view=31,cur_changeCycle=1,curView=31,view=32
info|2025-10-27 19:01:43.855220|PBFTSeal-1-0x00007fb78bab1700|[g:1][CONSENSUS][SEALER]++++++++++++++++ Generating seal on,blkNum=800,tx=0,nodeIdx=3,hash=4b2b54d5...
info|2025-10-27 19:01:43.861865|PBFT-1-0x00007fb7932c0700|[g:1][CONSENSUS][PBFT]checkTimeout Succ,view=32,toView=33,nodeIdx=3,changeCycle=1,myNode=87d00b98...,timecost=1
info|2025-10-27 19:01:43.864814|PBFT-1-0x00007fb7932c0700|[g:1][CONSENSUS][PBFT]checkAndChangeView: Reach consensus,org_view=32,cur_changeCycle=1,curView=32,view=33
info|2025-10-27 19:01:44.869538|PBFT-1-0x00007fb7932c0700|[g:1][CONSENSUS]addRawPrepare,height=800,reqIdx=0,hash=bc69560a...,time=0
info|2025-10-27 19:01:44.872119|PBFT-1-0x00007fb7932c0700|[g:1][CONSENSUS][PBFT]checkTimeout Succ,view=33,toView=34,nodeIdx=3,changeCycle=1,myNode=87d00b98...,timecost=3
info|2025-10-27 19:01:44.875202|PBFT-1-0x00007fb7932c0700|[g:1][CONSENSUS][PBFT]checkAndChangeView: Reach consensus,org_view=33,cur_changeCycle=1,curView=33,view=34
info|2025-10-27 19:01:48.450652|io_service-0x00007fb7ad2f4700|[P2P][Service] heartBeat,connected count=3
warning|2025-10-27 19:01:49.386139|PBFT-1-0x00007fb7932c0700|[g:1][CONSENSUS][PBFT]ViewChangeWarning: not caused by omit empty block ,v=34,toV=35,curNum=799,hash=9a56ee21...,nodeIdx=3,myNode=87d00b98...
info|2025-10-27 19:01:49.386315|PBFT-1-0x00007fb7932c0700|[g:1][CONSENSUS][PBFT]checkTimeout Succ,view=34,toView=35,nodeIdx=3,changeCycle=2,myNode=87d00b98...,timecost=1
info|2025-10-27 19:01:49.389617|PBFT-1-0x00007fb7932c0700|[g:1][CONSENSUS][PBFT]checkAndChangeView: Reach consensus,org_view=34,cur_changeCycle=2,curView=34,view=35
info|2025-10-27 19:01:50.394557|PBFT-1-0x00007fb7932c0700|[g:1][CONSENSUS]addRawPrepare,height=800,reqIdx=2,hash=0a2ff2e4...,time=0
info|2025-10-27 19:01:50.395804|PBFT-1-0x00007fb7932c0700|[g:1][CONSENSUS][PBFT]checkTimeout Succ,view=35,toView=36,nodeIdx=3,changeCycle=1,myNode=87d00b98...,timecost=1
info|2025-10-27 19:01:50.399678|PBFT-1-0x00007fb7932c0700|[g:1][CONSENSUS][PBFT]checkAndChangeView: Reach consensus,org_view=35,cur_changeCycle=1,curView=35,view=36
info|2025-10-27 19:01:51.399296|PBFTSeal-1-0x00007fb78bab1700|[g:1][CONSENSUS][SEALER]++++++++++++++++ Generating seal on,blkNum=800,tx=0,nodeIdx=3,hash=5731c685...
info|2025-10-27 19:01:51.405868|PBFT-1-0x00007fb7932c0700|[g:1][CONSENSUS][PBFT]checkTimeout Succ,view=36,toView=37,nodeIdx=3,changeCycle=1,myNode=87d00b98...,timecost=1
info|2025-10-27 19:01:51.408889|PBFT-1-0x00007fb7932c0700|[g:1][CONSENSUS][PBFT]checkAndChangeView: Reach consensus,org_view=36,cur_changeCycle=1,curView=36,view=37
info|2025-10-27 19:01:52.412171|PBFT-1-0x00007fb7932c0700|[g:1][CONSENSUS]addRawPrepare,height=800,reqIdx=0,hash=8eb1d0ce...,time=0
info|2025-10-27 19:01:52.414029|PBFT-1-0x00007fb7932c0700|[g:1][CONSENSUS][PBFT]checkTimeout Succ,view=37,toView=38,nodeIdx=3,changeCycle=1,myNode=87d00b98...,timecost=2
info|2025-10-27 19:01:52.418315|PBFT-1-0x00007fb7932c0700|[g:1][CONSENSUS][PBFT]checkAndChangeView: Reach consensus,org_view=37,cur_changeCycle=1,curView=37,view=38
warning|2025-10-27 19:01:56.927092|PBFT-1-0x00007fb7932c0700|[g:1][CONSENSUS][PBFT]ViewChangeWarning: not caused by omit empty block ,v=38,toV=39,curNum=799,hash=9a56ee21...,nodeIdx=3,myNode=87d00b98...
info|2025-10-27 19:01:56.928149|PBFT-1-0x00007fb7932c0700|[g:1][CONSENSUS][PBFT]checkTimeout Succ,view=38,toView=39,nodeIdx=3,changeCycle=2,myNode=87d00b98...,timecost=3
info|2025-10-27 19:01:56.932482|PBFT-1-0x00007fb7932c0700|[g:1][CONSENSUS][PBFT]checkAndChangeView: Reach consensus,org_view=38,cur_changeCycle=2,curView=38,view=39
info|2025-10-27 19:01:57.935641|PBFT-1-0x00007fb7932c0700|[g:1][CONSENSUS]addRawPrepare,height=800,reqIdx=2,hash=e9faf553...,time=0
info|2025-10-27 19:01:57.939286|PBFT-1-0x00007fb7932c0700|[g:1][CONSENSUS][PBFT]checkTimeout Succ,view=39,toView=40,nodeIdx=3,changeCycle=1,myNode=87d00b98...,timecost=4
info|2025-10-27 19:01:57.964226|PBFT-1-0x00007fb7932c0700|[g:1][CONSENSUS][PBFT]checkAndChangeView: Reach consensus,org_view=39,cur_changeCycle=1,curView=39,view=40
info|2025-10-27 19:01:58.114609|P2P-0x00007fb7af2f8700|[g:1] [SYNC][id:87d00b98...][Download][Request]Receive block request,peer=374bdfe9...,from=184,to=184
info|2025-10-27 19:01:58.115049|SyncSend-1-0x00007fb79fad9700|[g:1][SYNC][id:87d00b98...][Download][Request][BlockSync]Batch blocks for sending,blockSize=24480,number=184,peer=374bdfe9...,timeCost=1
info|2025-10-27 19:01:58.115152|SyncSend-1-0x00007fb79fad9700|[g:1][g:1] [SYNC][id:374bdfe9...][Download][Request][BlockSync]Send block packet,peer=374bdfe9...,blocks=1,bytes(V)=24487
info|2025-10-27 19:01:58.450819|io_service-0x00007fb7ad2f4700|[P2P][Service] heartBeat,connected count=3
info|2025-10-27 19:01:58.966365|PBFTSeal-1-0x00007fb78bab1700|[g:1][CONSENSUS][SEALER]++++++++++++++++ Generating seal on,blkNum=800,tx=0,nodeIdx=3,hash=7f7de21a...
info|2025-10-27 19:01:58.974559|PBFT-1-0x00007fb7932c0700|[g:1][CONSENSUS][PBFT]checkTimeout Succ,view=40,toView=41,nodeIdx=3,changeCycle=1,myNode=87d00b98...,timecost=1
info|2025-10-27 19:01:58.976327|PBFT-1-0x00007fb7932c0700|[g:1][CONSENSUS][PBFT]checkAndChangeView: Reach consensus,org_view=40,cur_changeCycle=1,curView=40,view=41
info|2025-10-27 19:01:59.980604|PBFT-1-0x00007fb7932c0700|[g:1][CONSENSUS]addRawPrepare,height=800,reqIdx=0,hash=5cee7a0a...,time=0
info|2025-10-27 19:01:59.981920|PBFT-1-0x00007fb7932c0700|[g:1][CONSENSUS][PBFT]checkTimeout Succ,view=41,toView=42,nodeIdx=3,changeCycle=1,myNode=87d00b98...,timecost=1
info|2025-10-27 19:01:59.984797|PBFT-1-0x00007fb7932c0700|[g:1][CONSENSUS][PBFT]checkAndChangeView: Reach consensus,org_view=41,cur_changeCycle=1,curView=41,view=42
warning|2025-10-27 19:02:04.485373|PBFT-1-0x00007fb7932c0700|[g:1][CONSENSUS][PBFT]ViewChangeWarning: not caused by omit empty block ,v=42,toV=43,curNum=799,hash=9a56ee21...,nodeIdx=3,myNode=87d00b98...
info|2025-10-27 19:02:04.485526|PBFT-1-0x00007fb7932c0700|[g:1][CONSENSUS][PBFT]checkTimeout Succ,view=42,toView=43,nodeIdx=3,changeCycle=2,myNode=87d00b98...,timecost=1
info|2025-10-27 19:02:04.490571|PBFT-1-0x00007fb7932c0700|[g:1][CONSENSUS][PBFT]checkAndChangeView: Reach consensus,org_view=42,cur_changeCycle=2,curView=42,view=43
info|2025-10-27 19:02:05.494909|PBFT-1-0x00007fb7932c0700|[g:1][CONSENSUS]addRawPrepare,height=800,reqIdx=2,hash=6fb7617e...,time=0
info|2025-10-27 19:02:05.497041|PBFT-1-0x00007fb7932c0700|[g:1][CONSENSUS][PBFT]checkTimeout Succ,view=43,toView=44,nodeIdx=3,changeCycle=1,myNode=87d00b98...,timecost=2
info|2025-10-27 19:02:05.500105|PBFT-1-0x00007fb7932c0700|[g:1][CONSENSUS][PBFT]checkAndChangeView: Reach consensus,org_view=43,cur_changeCycle=1,curView=43,view=44
info|2025-10-27 19:02:06.501598|PBFTSeal-1-0x00007fb78bab1700|[g:1][CONSENSUS][SEALER]++++++++++++++++ Generating seal on,blkNum=800,tx=0,nodeIdx=3,hash=a04f0c83...
info|2025-10-27 19:02:06.508067|PBFT-1-0x00007fb7932c0700|[g:1][CONSENSUS][PBFT]checkTimeout Succ,view=44,toView=45,nodeIdx=3,changeCycle=1,myNode=87d00b98...,timecost=2
info|2025-10-27 19:02:06.511236|PBFT-1-0x00007fb7932c0700|[g:1][CONSENSUS][PBFT]checkAndChangeView: Reach consensus,org_view=44,cur_changeCycle=1,curView=44,view=45
info|2025-10-27 19:02:07.515361|PBFT-1-0x00007fb7932c0700|[g:1][CONSENSUS]addRawPrepare,height=800,reqIdx=0,hash=467725d1...,time=0
info|2025-10-27 19:02:07.517150|PBFT-1-0x00007fb7932c0700|[g:1][CONSENSUS][PBFT]checkTimeout Succ,view=45,toView=46,nodeIdx=3,changeCycle=1,myNode=87d00b98...,timecost=2
info|2025-10-27 19:02:07.521353|PBFT-1-0x00007fb7932c0700|[g:1][CONSENSUS][PBFT]checkAndChangeView: Reach consensus,org_view=45,cur_changeCycle=1,curView=45,view=46
info|2025-10-27 19:02:08.451549|io_service-0x00007fb7ad2f4700|[P2P][Service] heartBeat,connected count=3
warning|2025-10-27 19:02:12.028470|PBFT-1-0x00007fb7932c0700|[g:1][CONSENSUS][PBFT]ViewChangeWarning: not caused by omit empty block ,v=46,toV=47,curNum=799,hash=9a56ee21...,nodeIdx=3,myNode=87d00b98...
info|2025-10-27 19:02:12.028777|PBFT-1-0x00007fb7932c0700|[g:1][CONSENSUS][PBFT]checkTimeout Succ,view=46,toView=47,nodeIdx=3,changeCycle=2,myNode=87d00b98...,timecost=2
info|2025-10-27 19:02:12.030636|PBFT-1-0x00007fb7932c0700|[g:1][CONSENSUS][PBFT]checkAndChangeView: Reach consensus,org_view=46,cur_changeCycle=2,curView=46,view=47
info|2025-10-27 19:02:13.037595|PBFT-1-0x00007fb7932c0700|[g:1][CONSENSUS]addRawPrepare,height=800,reqIdx=2,hash=a8551b4c...,time=0
info|2025-10-27 19:02:13.040275|PBFT-1-0x00007fb7932c0700|[g:1][CONSENSUS][PBFT]checkTimeout Succ,view=47,toView=48,nodeIdx=3,changeCycle=1,myNode=87d00b98...,timecost=3
info|2025-10-27 19:02:13.045494|PBFT-1-0x00007fb7932c0700|[g:1][CONSENSUS][PBFT]checkAndChangeView: Reach consensus,org_view=47,cur_changeCycle=1,curView=47,view=48
info|2025-10-27 19:02:14.045800|PBFTSeal-1-0x00007fb78bab1700|[g:1][CONSENSUS][SEALER]++++++++++++++++ Generating seal on,blkNum=800,tx=0,nodeIdx=3,hash=c2be6450...
info|2025-10-27 19:02:14.050091|PBFT-1-0x00007fb7932c0700|[g:1][CONSENSUS][PBFT]checkTimeout Succ,view=48,toView=49,nodeIdx=3,changeCycle=1,myNode=87d00b98...,timecost=3
info|2025-10-27 19:02:14.058143|PBFT-1-0x00007fb7932c0700|[g:1][CONSENSUS][PBFT]checkAndChangeView: Reach consensus,org_view=48,cur_changeCycle=1,curView=48,view=49
info|2025-10-27 19:02:15.061022|PBFT-1-0x00007fb7932c0700|[g:1][CONSENSUS]addRawPrepare,height=800,reqIdx=0,hash=cf337750...,time=0
info|2025-10-27 19:02:15.062259|PBFT-1-0x00007fb7932c0700|[g:1][CONSENSUS][PBFT]checkTimeout Succ,view=49,toView=50,nodeIdx=3,changeCycle=1,myNode=87d00b98...,timecost=1
info|2025-10-27 19:02:15.066089|PBFT-1-0x00007fb7932c0700|[g:1][CONSENSUS][PBFT]checkAndChangeView: Reach consensus,org_view=49,cur_changeCycle=1,curView=49,view=50
info|2025-10-27 19:02:17.529819|P2P-0x00007fb7af2f8700|[g:1] [SYNC][id:87d00b98...][Download][Request]Receive block request,peer=374bdfe9...,from=184,to=184
info|2025-10-27 19:02:17.530250|SyncSend-1-0x00007fb79fad9700|[g:1][SYNC][id:87d00b98...][Download][Request][BlockSync]Batch blocks for sending,blockSize=24480,number=184,peer=374bdfe9...,timeCost=0
info|2025-10-27 19:02:17.530334|SyncSend-1-0x00007fb79fad9700|[g:1][g:1] [SYNC][id:374bdfe9...][Download][Request][BlockSync]Send block packet,peer=374bdfe9...,blocks=1,bytes(V)=24487
info|2025-10-27 19:02:18.451726|io_service-0x00007fb7ad2f4700|[P2P][Service] heartBeat,connected count=3
warning|2025-10-27 19:02:19.570558|PBFT-1-0x00007fb7932c0700|[g:1][CONSENSUS][PBFT]ViewChangeWarning: not caused by omit empty block ,v=50,toV=51,curNum=799,hash=9a56ee21...,nodeIdx=3,myNode=87d00b98...
info|2025-10-27 19:02:19.570746|PBFT-1-0x00007fb7932c0700|[g:1][CONSENSUS][PBFT]checkTimeout Succ,view=50,toView=51,nodeIdx=3,changeCycle=2,myNode=87d00b98...,timecost=1
info|2025-10-27 19:02:19.574543|PBFT-1-0x00007fb7932c0700|[g:1][CONSENSUS][PBFT]checkAndChangeView: Reach consensus,org_view=50,cur_changeCycle=2,curView=50,view=51
info|2025-10-27 19:02:20.579623|PBFT-1-0x00007fb7932c0700|[g:1][CONSENSUS]addRawPrepare,height=800,reqIdx=2,hash=2ea97e04...,time=0
info|2025-10-27 19:02:20.581509|PBFT-1-0x00007fb7932c0700|[g:1][CONSENSUS][PBFT]checkTimeout Succ,view=51,toView=52,nodeIdx=3,changeCycle=1,myNode=87d00b98...,timecost=2
info|2025-10-27 19:02:20.587878|PBFT-1-0x00007fb7932c0700|[g:1][CONSENSUS][PBFT]checkAndChangeView: Reach consensus,org_view=51,cur_changeCycle=1,curView=51,view=52
info|2025-10-27 19:02:21.587546|PBFTSeal-1-0x00007fb78bab1700|[g:1][CONSENSUS][SEALER]++++++++++++++++ Generating seal on,blkNum=800,tx=0,nodeIdx=3,hash=43b7ec60...
info|2025-10-27 19:02:21.594261|PBFT-1-0x00007fb7932c0700|[g:1][CONSENSUS][PBFT]checkTimeout Succ,view=52,toView=53,nodeIdx=3,changeCycle=1,myNode=87d00b98...,timecost=2
info|2025-10-27 19:02:21.596862|PBFT-1-0x00007fb7932c0700|[g:1][CONSENSUS][PBFT]checkAndChangeView: Reach consensus,org_view=52,cur_changeCycle=1,curView=52,view=53
info|2025-10-27 19:02:22.600491|PBFT-1-0x00007fb7932c0700|[g:1][CONSENSUS]addRawPrepare,height=800,reqIdx=0,hash=50aced89...,time=0
info|2025-10-27 19:02:22.604775|PBFT-1-0x00007fb7932c0700|[g:1][CONSENSUS][PBFT]checkTimeout Succ,view=53,toView=54,nodeIdx=3,changeCycle=1,myNode=87d00b98...,timecost=2
info|2025-10-27 19:02:22.611393|PBFT-1-0x00007fb7932c0700|[g:1][CONSENSUS][PBFT]checkAndChangeView: Reach consensus,org_view=53,cur_changeCycle=1,curView=53,view=54
info|2025-10-27 19:02:23.934651|P2P-0x00007fb7adaf5700|[g:1] [SYNC][id:87d00b98...][Download][Request]Receive block request,peer=374bdfe9...,from=184,to=184
info|2025-10-27 19:02:23.935271|SyncSend-1-0x00007fb79fad9700|[g:1][SYNC][id:87d00b98...][Download][Request][BlockSync]Batch blocks for sending,blockSize=24480,number=184,peer=374bdfe9...,timeCost=0
info|2025-10-27 19:02:23.935387|SyncSend-1-0x00007fb79fad9700|[g:1][g:1] [SYNC][id:374bdfe9...][Download][Request][BlockSync]Send block packet,peer=374bdfe9...,blocks=1,bytes(V)=24487
warning|2025-10-27 19:02:27.114599|PBFT-1-0x00007fb7932c0700|[g:1][CONSENSUS][PBFT]ViewChangeWarning: not caused by omit empty block ,v=54,toV=55,curNum=799,hash=9a56ee21...,nodeIdx=3,myNode=87d00b98...
info|2025-10-27 19:02:27.114932|PBFT-1-0x00007fb7932c0700|[g:1][CONSENSUS][PBFT]checkTimeout Succ,view=54,toView=55,nodeIdx=3,changeCycle=2,myNode=87d00b98...,timecost=1
info|2025-10-27 19:02:27.119864|PBFT-1-0x00007fb7932c0700|[g:1][CONSENSUS][PBFT]checkAndChangeView: Reach consensus,org_view=54,cur_changeCycle=2,curView=54,view=55
info|2025-10-27 19:02:28.123145|PBFT-1-0x00007fb7932c0700|[g:1][CONSENSUS]addRawPrepare,height=800,reqIdx=2,hash=cade3c2f...,time=0
info|2025-10-27 19:02:28.125911|PBFT-1-0x00007fb7932c0700|[g:1][CONSENSUS][PBFT]checkTimeout Succ,view=55,toView=56,nodeIdx=3,changeCycle=1,myNode=87d00b98...,timecost=2
info|2025-10-27 19:02:28.129082|PBFT-1-0x00007fb7932c0700|[g:1][CONSENSUS][PBFT]checkAndChangeView: Reach consensus,org_view=55,cur_changeCycle=1,curView=55,view=56
info|2025-10-27 19:02:28.452426|io_service-0x00007fb7ad2f4700|[P2P][Service] heartBeat,connected count=3
info|2025-10-27 19:02:29.129428|PBFTSeal-1-0x00007fb78bab1700|[g:1][CONSENSUS][SEALER]++++++++++++++++ Generating seal on,blkNum=800,tx=0,nodeIdx=3,hash=17dbfa63...
info|2025-10-27 19:02:29.132382|PBFT-1-0x00007fb7932c0700|[g:1][CONSENSUS][PBFT]checkTimeout Succ,view=56,toView=57,nodeIdx=3,changeCycle=1,myNode=87d00b98...,timecost=1
info|2025-10-27 19:02:29.137636|PBFT-1-0x00007fb7932c0700|[g:1][CONSENSUS][PBFT]checkAndChangeView: Reach consensus,org_view=56,cur_changeCycle=1,curView=56,view=57
info|2025-10-27 19:02:30.141707|PBFT-1-0x00007fb7932c0700|[g:1][CONSENSUS]addRawPrepare,height=800,reqIdx=0,hash=5112640c...,time=0
info|2025-10-27 19:02:30.142917|PBFT-1-0x00007fb7932c0700|[g:1][CONSENSUS][PBFT]checkTimeout Succ,view=57,toView=58,nodeIdx=3,changeCycle=1,myNode=87d00b98...,timecost=1
info|2025-10-27 19:02:30.149164|PBFT-1-0x00007fb7932c0700|[g:1][CONSENSUS][PBFT]checkAndChangeView: Reach consensus,org_view=57,cur_changeCycle=1,curView=57,view=58
info|2025-10-27 19:02:30.341689|P2P-0x00007fb7af2f8700|[g:1] [SYNC][id:87d00b98...][Download][Request]Receive block request,peer=374bdfe9...,from=184,to=184
info|2025-10-27 19:02:30.342131|SyncSend-1-0x00007fb79fad9700|[g:1][SYNC][id:87d00b98...][Download][Request][BlockSync]Batch blocks for sending,blockSize=24480,number=184,peer=374bdfe9...,timeCost=1
info|2025-10-27 19:02:30.342248|SyncSend-1-0x00007fb79fad9700|[g:1][g:1] [SYNC][id:374bdfe9...][Download][Request][BlockSync]Send block packet,peer=374bdfe9...,blocks=1,bytes(V)=24487
warning|2025-10-27 19:02:34.656271|PBFT-1-0x00007fb7932c0700|[g:1][CONSENSUS][PBFT]ViewChangeWarning: not caused by omit empty block ,v=58,toV=59,curNum=799,hash=9a56ee21...,nodeIdx=3,myNode=87d00b98...
info|2025-10-27 19:02:34.656440|PBFT-1-0x00007fb7932c0700|[g:1][CONSENSUS][PBFT]checkTimeout Succ,view=58,toView=59,nodeIdx=3,changeCycle=2,myNode=87d00b98...,timecost=1
info|2025-10-27 19:02:34.659237|PBFT-1-0x00007fb7932c0700|[g:1][CONSENSUS][PBFT]checkAndChangeView: Reach consensus,org_view=58,cur_changeCycle=2,curView=58,view=59
info|2025-10-27 19:02:35.663724|PBFT-1-0x00007fb7932c0700|[g:1][CONSENSUS]addRawPrepare,height=800,reqIdx=2,hash=d13440d5...,time=0
info|2025-10-27 19:02:35.665190|PBFT-1-0x00007fb7932c0700|[g:1][CONSENSUS][PBFT]checkTimeout Succ,view=59,toView=60,nodeIdx=3,changeCycle=1,myNode=87d00b98...,timecost=2
info|2025-10-27 19:02:35.667955|PBFT-1-0x00007fb7932c0700|[g:1][CONSENSUS][PBFT]checkAndChangeView: Reach consensus,org_view=59,cur_changeCycle=1,curView=59,view=60
info|2025-10-27 19:02:36.669574|PBFTSeal-1-0x00007fb78bab1700|[g:1][CONSENSUS][SEALER]++++++++++++++++ Generating seal on,blkNum=800,tx=0,nodeIdx=3,hash=02a4dec4...
info|2025-10-27 19:02:36.677950|PBFT-1-0x00007fb7932c0700|[g:1][CONSENSUS][PBFT]checkTimeout Succ,view=60,toView=61,nodeIdx=3,changeCycle=1,myNode=87d00b98...,timecost=1
info|2025-10-27 19:02:36.679356|PBFT-1-0x00007fb7932c0700|[g:1][CONSENSUS][PBFT]checkAndChangeView: Reach consensus,org_view=60,cur_changeCycle=1,curView=60,view=61
info|2025-10-27 19:02:36.748370|P2P-0x00007fb7aeaf7700|[g:1] [SYNC][id:87d00b98...][Download][Request]Receive block request,peer=374bdfe9...,from=184,to=184
info|2025-10-27 19:02:36.748868|SyncSend-1-0x00007fb79fad9700|[g:1][SYNC][id:87d00b98...][Download][Request][BlockSync]Batch blocks for sending,blockSize=24480,number=184,peer=374bdfe9...,timeCost=0
info|2025-10-27 19:02:36.748928|SyncSend-1-0x00007fb79fad9700|[g:1][g:1] [SYNC][id:374bdfe9...][Download][Request][BlockSync]Send block packet,peer=374bdfe9...,blocks=1,bytes(V)=24487
info|2025-10-27 19:02:37.686487|PBFT-1-0x00007fb7932c0700|[g:1][CONSENSUS]addRawPrepare,height=800,reqIdx=0,hash=e117f7ab...,time=0
info|2025-10-27 19:02:37.688523|PBFT-1-0x00007fb7932c0700|[g:1][CONSENSUS][PBFT]checkTimeout Succ,view=61,toView=62,nodeIdx=3,changeCycle=1,myNode=87d00b98...,timecost=2
info|2025-10-27 19:02:37.693142|PBFT-1-0x00007fb7932c0700|[g:1][CONSENSUS][PBFT]checkAndChangeView: Reach consensus,org_view=61,cur_changeCycle=1,curView=61,view=62
info|2025-10-27 19:02:38.453646|io_service-0x00007fb7ad2f4700|[P2P][Service] heartBeat,connected count=3
warning|2025-10-27 19:02:42.195025|PBFT-1-0x00007fb7932c0700|[g:1][CONSENSUS][PBFT]ViewChangeWarning: not caused by omit empty block ,v=62,toV=63,curNum=799,hash=9a56ee21...,nodeIdx=3,myNode=87d00b98...
info|2025-10-27 19:02:42.195719|PBFT-1-0x00007fb7932c0700|[g:1][CONSENSUS][PBFT]checkTimeout Succ,view=62,toView=63,nodeIdx=3,changeCycle=2,myNode=87d00b98...,timecost=2
info|2025-10-27 19:02:42.200579|PBFT-1-0x00007fb7932c0700|[g:1][CONSENSUS][PBFT]checkAndChangeView: Reach consensus,org_view=62,cur_changeCycle=2,curView=62,view=63
info|2025-10-27 19:02:43.202939|PBFT-1-0x00007fb7932c0700|[g:1][CONSENSUS]addRawPrepare,height=800,reqIdx=2,hash=27a09f73...,time=0
info|2025-10-27 19:02:43.204143|PBFT-1-0x00007fb7932c0700|[g:1][CONSENSUS][PBFT]checkTimeout Succ,view=63,toView=64,nodeIdx=3,changeCycle=1,myNode=87d00b98...,timecost=1
info|2025-10-27 19:02:43.209620|PBFT-1-0x00007fb7932c0700|[g:1][CONSENSUS][PBFT]checkAndChangeView: Reach consensus,org_view=63,cur_changeCycle=1,curView=63,view=64
info|2025-10-27 19:02:44.210103|PBFTSeal-1-0x00007fb78bab1700|[g:1][CONSENSUS][SEALER]++++++++++++++++ Generating seal on,blkNum=800,tx=0,nodeIdx=3,hash=9569df7d...
info|2025-10-27 19:02:44.217892|PBFT-1-0x00007fb7932c0700|[g:1][CONSENSUS][PBFT]checkTimeout Succ,view=64,toView=65,nodeIdx=3,changeCycle=1,myNode=87d00b98...,timecost=1
info|2025-10-27 19:02:44.220716|PBFT-1-0x00007fb7932c0700|[g:1][CONSENSUS][PBFT]checkAndChangeView: Reach consensus,org_view=64,cur_changeCycle=1,curView=64,view=65
info|2025-10-27 19:02:45.225190|PBFT-1-0x00007fb7932c0700|[g:1][CONSENSUS]addRawPrepare,height=800,reqIdx=0,hash=41fb6e9c...,time=0
info|2025-10-27 19:02:45.226808|PBFT-1-0x00007fb7932c0700|[g:1][CONSENSUS][PBFT]checkTimeout Succ,view=65,toView=66,nodeIdx=3,changeCycle=1,myNode=87d00b98...,timecost=1
info|2025-10-27 19:02:45.231277|PBFT-1-0x00007fb7932c0700|[g:1][CONSENSUS][PBFT]checkAndChangeView: Reach consensus,org_view=65,cur_changeCycle=1,curView=65,view=66
info|2025-10-27 19:02:48.454364|io_service-0x00007fb7ad2f4700|[P2P][Service] heartBeat,connected count=3
info|2025-10-27 19:02:49.561171|P2P-0x00007fb7ae2f6700|[g:1] [SYNC][id:87d00b98...][Download][Request]Receive block request,peer=374bdfe9...,from=184,to=184
info|2025-10-27 19:02:49.561623|SyncSend-1-0x00007fb79fad9700|[g:1][SYNC][id:87d00b98...][Download][Request][BlockSync]Batch blocks for sending,blockSize=24480,number=184,peer=374bdfe9...,timeCost=0
info|2025-10-27 19:02:49.561705|SyncSend-1-0x00007fb79fad9700|[g:1][g:1] [SYNC][id:374bdfe9...][Download][Request][BlockSync]Send block packet,peer=374bdfe9...,blocks=1,bytes(V)=24487
warning|2025-10-27 19:02:49.735212|PBFT-1-0x00007fb7932c0700|[g:1][CONSENSUS][PBFT]ViewChangeWarning: not caused by omit empty block ,v=66,toV=67,curNum=799,hash=9a56ee21...,nodeIdx=3,myNode=87d00b98...
info|2025-10-27 19:02:49.735406|PBFT-1-0x00007fb7932c0700|[g:1][CONSENSUS][PBFT]checkTimeout Succ,view=66,toView=67,nodeIdx=3,changeCycle=2,myNode=87d00b98...,timecost=2
info|2025-10-27 19:02:49.740408|PBFT-1-0x00007fb7932c0700|[g:1][CONSENSUS][PBFT]checkAndChangeView: Reach consensus,org_view=66,cur_changeCycle=2,curView=66,view=67
info|2025-10-27 19:02:50.744827|PBFT-1-0x00007fb7932c0700|[g:1][CONSENSUS]addRawPrepare,height=800,reqIdx=2,hash=c16d25a4...,time=0
info|2025-10-27 19:02:50.746620|PBFT-1-0x00007fb7932c0700|[g:1][CONSENSUS][PBFT]checkTimeout Succ,view=67,toView=68,nodeIdx=3,changeCycle=1,myNode=87d00b98...,timecost=2
info|2025-10-27 19:02:50.751313|PBFT-1-0x00007fb7932c0700|[g:1][CONSENSUS][PBFT]checkAndChangeView: Reach consensus,org_view=67,cur_changeCycle=1,curView=67,view=68
info|2025-10-27 19:02:51.753101|PBFTSeal-1-0x00007fb78bab1700|[g:1][CONSENSUS][SEALER]++++++++++++++++ Generating seal on,blkNum=800,tx=0,nodeIdx=3,hash=b186bee7...
info|2025-10-27 19:02:51.756183|PBFT-1-0x00007fb7932c0700|[g:1][CONSENSUS][PBFT]checkTimeout Succ,view=68,toView=69,nodeIdx=3,changeCycle=1,myNode=87d00b98...,timecost=2
info|2025-10-27 19:02:51.765441|PBFT-1-0x00007fb7932c0700|[g:1][CONSENSUS][PBFT]checkAndChangeView: Reach consensus,org_view=68,cur_changeCycle=1,curView=68,view=69
info|2025-10-27 19:02:52.771894|PBFT-1-0x00007fb7932c0700|[g:1][CONSENSUS]addRawPrepare,height=800,reqIdx=0,hash=4ea404ca...,time=0
info|2025-10-27 19:02:52.773200|PBFT-1-0x00007fb7932c0700|[g:1][CONSENSUS][PBFT]checkTimeout Succ,view=69,toView=70,nodeIdx=3,changeCycle=1,myNode=87d00b98...,timecost=2
info|2025-10-27 19:02:52.775976|PBFT-1-0x00007fb7932c0700|[g:1][CONSENSUS][PBFT]checkAndChangeView: Reach consensus,org_view=69,cur_changeCycle=1,curView=69,view=70
warning|2025-10-27 19:02:57.286266|PBFT-1-0x00007fb7932c0700|[g:1][CONSENSUS][PBFT]ViewChangeWarning: not caused by omit empty block ,v=70,toV=71,curNum=799,hash=9a56ee21...,nodeIdx=3,myNode=87d00b98...
info|2025-10-27 19:02:57.286471|PBFT-1-0x00007fb7932c0700|[g:1][CONSENSUS][PBFT]checkTimeout Succ,view=70,toView=71,nodeIdx=3,changeCycle=2,myNode=87d00b98...,timecost=1
info|2025-10-27 19:02:57.292479|PBFT-1-0x00007fb7932c0700|[g:1][CONSENSUS][PBFT]checkAndChangeView: Reach consensus,org_view=70,cur_changeCycle=2,curView=70,view=71
info|2025-10-27 19:02:58.298086|PBFT-1-0x00007fb7932c0700|[g:1][CONSENSUS]addRawPrepare,height=800,reqIdx=2,hash=20ef7fda...,time=0
info|2025-10-27 19:02:58.300007|PBFT-1-0x00007fb7932c0700|[g:1][CONSENSUS][PBFT]checkTimeout Succ,view=71,toView=72,nodeIdx=3,changeCycle=1,myNode=87d00b98...,timecost=2
info|2025-10-27 19:02:58.308615|PBFT-1-0x00007fb7932c0700|[g:1][CONSENSUS][PBFT]checkAndChangeView: Reach consensus,org_view=71,cur_changeCycle=1,curView=71,view=72
info|2025-10-27 19:02:58.454626|io_service-0x00007fb7ad2f4700|[P2P][Service] heartBeat,connected count=3
info|2025-10-27 19:02:59.308336|PBFTSeal-1-0x00007fb78bab1700|[g:1][CONSENSUS][SEALER]++++++++++++++++ Generating seal on,blkNum=800,tx=0,nodeIdx=3,hash=b2496e6d...
info|2025-10-27 19:02:59.316253|PBFT-1-0x00007fb7932c0700|[g:1][CONSENSUS][PBFT]checkTimeout Succ,view=72,toView=73,nodeIdx=3,changeCycle=1,myNode=87d00b98...,timecost=2
info|2025-10-27 19:02:59.318757|PBFT-1-0x00007fb7932c0700|[g:1][CONSENSUS][PBFT]checkAndChangeView: Reach consensus,org_view=72,cur_changeCycle=1,curView=72,view=73
info|2025-10-27 19:03:00.323646|PBFT-1-0x00007fb7932c0700|[g:1][CONSENSUS]addRawPrepare,height=800,reqIdx=0,hash=2502e01c...,time=0
info|2025-10-27 19:03:00.325415|PBFT-1-0x00007fb7932c0700|[g:1][CONSENSUS][PBFT]checkTimeout Succ,view=73,toView=74,nodeIdx=3,changeCycle=1,myNode=87d00b98...,timecost=2
info|2025-10-27 19:03:00.328910|PBFT-1-0x00007fb7932c0700|[g:1][CONSENSUS][PBFT]checkAndChangeView: Reach consensus,org_view=73,cur_changeCycle=1,curView=73,view=74
warning|2025-10-27 19:03:04.832772|PBFT-1-0x00007fb7932c0700|[g:1][CONSENSUS][PBFT]ViewChangeWarning: not caused by omit empty block ,v=74,toV=75,curNum=799,hash=9a56ee21...,nodeIdx=3,myNode=87d00b98...
info|2025-10-27 19:03:04.832970|PBFT-1-0x00007fb7932c0700|[g:1][CONSENSUS][PBFT]checkTimeout Succ,view=74,toView=75,nodeIdx=3,changeCycle=2,myNode=87d00b98...,timecost=1
info|2025-10-27 19:03:04.838798|PBFT-1-0x00007fb7932c0700|[g:1][CONSENSUS][PBFT]checkAndChangeView: Reach consensus,org_view=74,cur_changeCycle=2,curView=74,view=75
info|2025-10-27 19:03:05.845516|PBFT-1-0x00007fb7932c0700|[g:1][CONSENSUS]addRawPrepare,height=800,reqIdx=2,hash=9e12ad78...,time=0
info|2025-10-27 19:03:05.848187|PBFT-1-0x00007fb7932c0700|[g:1][CONSENSUS][PBFT]checkTimeout Succ,view=75,toView=76,nodeIdx=3,changeCycle=1,myNode=87d00b98...,timecost=3
info|2025-10-27 19:03:05.853115|PBFT-1-0x00007fb7932c0700|[g:1][CONSENSUS][PBFT]checkAndChangeView: Reach consensus,org_view=75,cur_changeCycle=1,curView=75,view=76
info|2025-10-27 19:03:06.853858|PBFTSeal-1-0x00007fb78bab1700|[g:1][CONSENSUS][SEALER]++++++++++++++++ Generating seal on,blkNum=800,tx=0,nodeIdx=3,hash=328a70ad...
info|2025-10-27 19:03:06.860258|PBFT-1-0x00007fb7932c0700|[g:1][CONSENSUS][PBFT]checkTimeout Succ,view=76,toView=77,nodeIdx=3,changeCycle=1,myNode=87d00b98...,timecost=2
info|2025-10-27 19:03:06.863067|PBFT-1-0x00007fb7932c0700|[g:1][CONSENSUS][PBFT]checkAndChangeView: Reach consensus,org_view=76,cur_changeCycle=1,curView=76,view=77
info|2025-10-27 19:03:07.867690|PBFT-1-0x00007fb7932c0700|[g:1][CONSENSUS]addRawPrepare,height=800,reqIdx=0,hash=38daa1dc...,time=0
info|2025-10-27 19:03:07.869527|PBFT-1-0x00007fb7932c0700|[g:1][CONSENSUS][PBFT]checkTimeout Succ,view=77,toView=78,nodeIdx=3,changeCycle=1,myNode=87d00b98...,timecost=1
info|2025-10-27 19:03:07.873314|PBFT-1-0x00007fb7932c0700|[g:1][CONSENSUS][PBFT]checkAndChangeView: Reach consensus,org_view=77,cur_changeCycle=1,curView=77,view=78
info|2025-10-27 19:03:08.455310|io_service-0x00007fb7ad2f4700|[P2P][Service] heartBeat,connected count=3
info|2025-10-27 19:03:08.774963|P2P-0x00007fb7af2f8700|[g:1] [SYNC][id:87d00b98...][Download][Request]Receive block request,peer=374bdfe9...,from=184,to=184
info|2025-10-27 19:03:08.775823|SyncSend-1-0x00007fb79fad9700|[g:1][SYNC][id:87d00b98...][Download][Request][BlockSync]Batch blocks for sending,blockSize=24480,number=184,peer=374bdfe9...,timeCost=0
info|2025-10-27 19:03:08.775880|SyncSend-1-0x00007fb79fad9700|[g:1][g:1] [SYNC][id:374bdfe9...][Download][Request][BlockSync]Send block packet,peer=374bdfe9...,blocks=1,bytes(V)=24487
warning|2025-10-27 19:03:12.376506|PBFT-1-0x00007fb7932c0700|[g:1][CONSENSUS][PBFT]ViewChangeWarning: not caused by omit empty block ,v=78,toV=79,curNum=799,hash=9a56ee21...,nodeIdx=3,myNode=87d00b98...
info|2025-10-27 19:03:12.376722|PBFT-1-0x00007fb7932c0700|[g:1][CONSENSUS][PBFT]checkTimeout Succ,view=78,toView=79,nodeIdx=3,changeCycle=2,myNode=87d00b98...,timecost=2
info|2025-10-27 19:03:12.385321|PBFT-1-0x00007fb7932c0700|[g:1][CONSENSUS][PBFT]checkAndChangeView: Reach consensus,org_view=78,cur_changeCycle=2,curView=78,view=79
info|2025-10-27 19:03:13.388897|PBFT-1-0x00007fb7932c0700|[g:1][CONSENSUS]addRawPrepare,height=800,reqIdx=2,hash=06425138...,time=0
info|2025-10-27 19:03:13.390335|PBFT-1-0x00007fb7932c0700|[g:1][CONSENSUS][PBFT]checkTimeout Succ,view=79,toView=80,nodeIdx=3,changeCycle=1,myNode=87d00b98...,timecost=2
info|2025-10-27 19:03:13.393715|PBFT-1-0x00007fb7932c0700|[g:1][CONSENSUS][PBFT]checkAndChangeView: Reach consensus,org_view=79,cur_changeCycle=1,curView=79,view=80
info|2025-10-27 19:03:14.394048|PBFTSeal-1-0x00007fb78bab1700|[g:1][CONSENSUS][SEALER]++++++++++++++++ Generating seal on,blkNum=800,tx=0,nodeIdx=3,hash=818de480...
info|2025-10-27 19:03:14.397996|PBFT-1-0x00007fb7932c0700|[g:1][CONSENSUS][PBFT]checkTimeout Succ,view=80,toView=81,nodeIdx=3,changeCycle=1,myNode=87d00b98...,timecost=3
info|2025-10-27 19:03:14.403999|PBFT-1-0x00007fb7932c0700|[g:1][CONSENSUS][PBFT]checkAndChangeView: Reach consensus,org_view=80,cur_changeCycle=1,curView=80,view=81
info|2025-10-27 19:03:15.179084|P2P-0x00007fb7aeaf7700|[g:1] [SYNC][id:87d00b98...][Download][Request]Receive block request,peer=374bdfe9...,from=184,to=184
info|2025-10-27 19:03:15.179727|SyncSend-1-0x00007fb79fad9700|[g:1][SYNC][id:87d00b98...][Download][Request][BlockSync]Batch blocks for sending,blockSize=24480,number=184,peer=374bdfe9...,timeCost=0
info|2025-10-27 19:03:15.179796|SyncSend-1-0x00007fb79fad9700|[g:1][g:1] [SYNC][id:374bdfe9...][Download][Request][BlockSync]Send block packet,peer=374bdfe9...,blocks=1,bytes(V)=24487
info|2025-10-27 19:03:15.408914|PBFT-1-0x00007fb7932c0700|[g:1][CONSENSUS]addRawPrepare,height=800,reqIdx=0,hash=d0f1ab6a...,time=0
info|2025-10-27 19:03:15.410630|PBFT-1-0x00007fb7932c0700|[g:1][CONSENSUS][PBFT]checkTimeout Succ,view=81,toView=82,nodeIdx=3,changeCycle=1,myNode=87d00b98...,timecost=1
info|2025-10-27 19:03:15.414110|PBFT-1-0x00007fb7932c0700|[g:1][CONSENSUS][PBFT]checkAndChangeView: Reach consensus,org_view=81,cur_changeCycle=1,curView=81,view=82
info|2025-10-27 19:03:18.456528|io_service-0x00007fb7ad2f4700|[P2P][Service] heartBeat,connected count=3
warning|2025-10-27 19:03:19.923497|PBFT-1-0x00007fb7932c0700|[g:1][CONSENSUS][PBFT]ViewChangeWarning: not caused by omit empty block ,v=82,toV=83,curNum=799,hash=9a56ee21...,nodeIdx=3,myNode=87d00b98...
info|2025-10-27 19:03:19.923677|PBFT-1-0x00007fb7932c0700|[g:1][CONSENSUS][PBFT]checkTimeout Succ,view=82,toView=83,nodeIdx=3,changeCycle=2,myNode=87d00b98...,timecost=1
info|2025-10-27 19:03:19.930356|PBFT-1-0x00007fb7932c0700|[g:1][CONSENSUS][PBFT]checkAndChangeView: Reach consensus,org_view=82,cur_changeCycle=2,curView=82,view=83
info|2025-10-27 19:03:20.934568|PBFT-1-0x00007fb7932c0700|[g:1][CONSENSUS]addRawPrepare,height=800,reqIdx=2,hash=7fca18a5...,time=0
info|2025-10-27 19:03:20.936752|PBFT-1-0x00007fb7932c0700|[g:1][CONSENSUS][PBFT]checkTimeout Succ,view=83,toView=84,nodeIdx=3,changeCycle=1,myNode=87d00b98...,timecost=2
info|2025-10-27 19:03:20.941873|PBFT-1-0x00007fb7932c0700|[g:1][CONSENSUS][PBFT]checkAndChangeView: Reach consensus,org_view=83,cur_changeCycle=1,curView=83,view=84
info|2025-10-27 19:03:21.586045|P2P-0x00007fb7aeaf7700|[g:1] [SYNC][id:87d00b98...][Download][Request]Receive block request,peer=374bdfe9...,from=184,to=184
info|2025-10-27 19:03:21.586391|SyncSend-1-0x00007fb79fad9700|[g:1][SYNC][id:87d00b98...][Download][Request][BlockSync]Batch blocks for sending,blockSize=24480,number=184,peer=374bdfe9...,timeCost=0
info|2025-10-27 19:03:21.586464|SyncSend-1-0x00007fb79fad9700|[g:1][g:1] [SYNC][id:374bdfe9...][Download][Request][BlockSync]Send block packet,peer=374bdfe9...,blocks=1,bytes(V)=24487
info|2025-10-27 19:03:21.941337|PBFTSeal-1-0x00007fb78bab1700|[g:1][CONSENSUS][SEALER]++++++++++++++++ Generating seal on,blkNum=800,tx=0,nodeIdx=3,hash=49022c7c...
info|2025-10-27 19:03:21.948319|PBFT-1-0x00007fb7932c0700|[g:1][CONSENSUS][PBFT]checkTimeout Succ,view=84,toView=85,nodeIdx=3,changeCycle=1,myNode=87d00b98...,timecost=2
info|2025-10-27 19:03:21.951201|PBFT-1-0x00007fb7932c0700|[g:1][CONSENSUS][PBFT]checkAndChangeView: Reach consensus,org_view=84,cur_changeCycle=1,curView=84,view=85
info|2025-10-27 19:03:22.958125|PBFT-1-0x00007fb7932c0700|[g:1][CONSENSUS]addRawPrepare,height=800,reqIdx=0,hash=edad3595...,time=0
info|2025-10-27 19:03:22.960589|PBFT-1-0x00007fb7932c0700|[g:1][CONSENSUS][PBFT]checkTimeout Succ,view=85,toView=86,nodeIdx=3,changeCycle=1,myNode=87d00b98...,timecost=2
info|2025-10-27 19:03:22.965671|PBFT-1-0x00007fb7932c0700|[g:1][CONSENSUS][PBFT]checkAndChangeView: Reach consensus,org_view=85,cur_changeCycle=1,curView=85,view=86
warning|2025-10-27 19:03:27.476341|PBFT-1-0x00007fb7932c0700|[g:1][CONSENSUS][PBFT]ViewChangeWarning: not caused by omit empty block ,v=86,toV=87,curNum=799,hash=9a56ee21...,nodeIdx=3,myNode=87d00b98...
info|2025-10-27 19:03:27.477050|PBFT-1-0x00007fb7932c0700|[g:1][CONSENSUS][PBFT]checkTimeout Succ,view=86,toView=87,nodeIdx=3,changeCycle=2,myNode=87d00b98...,timecost=2
info|2025-10-27 19:03:27.480415|PBFT-1-0x00007fb7932c0700|[g:1][CONSENSUS][PBFT]checkAndChangeView: Reach consensus,org_view=86,cur_changeCycle=2,curView=86,view=87
info|2025-10-27 19:03:28.456923|io_service-0x00007fb7ad2f4700|[P2P][Service] heartBeat,connected count=3
info|2025-10-27 19:03:28.486243|PBFT-1-0x00007fb7932c0700|[g:1][CONSENSUS]addRawPrepare,height=800,reqIdx=2,hash=068ccd91...,time=0
info|2025-10-27 19:03:28.487562|PBFT-1-0x00007fb7932c0700|[g:1][CONSENSUS][PBFT]checkTimeout Succ,view=87,toView=88,nodeIdx=3,changeCycle=1,myNode=87d00b98...,timecost=1
info|2025-10-27 19:03:28.490172|PBFT-1-0x00007fb7932c0700|[g:1][CONSENSUS][PBFT]checkAndChangeView: Reach consensus,org_view=87,cur_changeCycle=1,curView=87,view=88
info|2025-10-27 19:03:29.491418|PBFTSeal-1-0x00007fb78bab1700|[g:1][CONSENSUS][SEALER]++++++++++++++++ Generating seal on,blkNum=800,tx=0,nodeIdx=3,hash=6f48a187...
info|2025-10-27 19:03:29.494511|PBFT-1-0x00007fb7932c0700|[g:1][CONSENSUS][PBFT]checkTimeout Succ,view=88,toView=89,nodeIdx=3,changeCycle=1,myNode=87d00b98...,timecost=2
info|2025-10-27 19:03:29.499502|PBFT-1-0x00007fb7932c0700|[g:1][CONSENSUS][PBFT]checkAndChangeView: Reach consensus,org_view=88,cur_changeCycle=1,curView=88,view=89
info|2025-10-27 19:03:30.504309|PBFT-1-0x00007fb7932c0700|[g:1][CONSENSUS]addRawPrepare,height=800,reqIdx=0,hash=01803e80...,time=0
info|2025-10-27 19:03:30.505450|PBFT-1-0x00007fb7932c0700|[g:1][CONSENSUS][PBFT]checkTimeout Succ,view=89,toView=90,nodeIdx=3,changeCycle=1,myNode=87d00b98...,timecost=1
info|2025-10-27 19:03:30.507967|PBFT-1-0x00007fb7932c0700|[g:1][CONSENSUS][PBFT]checkAndChangeView: Reach consensus,org_view=89,cur_changeCycle=1,curView=89,view=90
info|2025-10-27 19:03:33.732231|fisco-bcos-0x00007fb7b006ddc0|[LEDGER]stop sealer,groupID=1
info|2025-10-27 19:03:33.732291|fisco-bcos-0x00007fb7b006ddc0|[CONSENSUS][SEALER]Stop sealer module...
info|2025-10-27 19:03:33.733025|fisco-bcos-0x00007fb7b006ddc0|[CONSENSUS][ConsensusEngine][Stop ConsensusEngineBase]
info|2025-10-27 19:03:33.734636|fisco-bcos-0x00007fb7b006ddc0|[CONSENSUS][ConsensusEngine]ConsensusEngineBase stopped
info|2025-10-27 19:03:33.734674|fisco-bcos-0x00007fb7b006ddc0|[LEDGER]sealer stopped. stop sync,groupID=1
info|2025-10-27 19:03:33.735337|fisco-bcos-0x00007fb7b006ddc0|[g:1] [SYNC][id:87d00b98...]SyncMsgEngine stopped
info|2025-10-27 19:03:33.797903|fisco-bcos-0x00007fb7b006ddc0|[GossipBlockStatus]stop GossipBlockStatus succ
info|2025-10-27 19:03:33.920466|fisco-bcos-0x00007fb7b006ddc0|[SYNC][id:87d00b98...][g:1]SyncMaster stopped
info|2025-10-27 19:03:33.920505|fisco-bcos-0x00007fb7b006ddc0|[LEDGER]sync stopped. stop event filter manager,groupID=1
info|2025-10-27 19:03:34.002518|fisco-bcos-0x00007fb7b006ddc0|[EVENT][EventLogFilterManager]stop
info|2025-10-27 19:03:34.002564|fisco-bcos-0x00007fb7b006ddc0|[LEDGER]event filter manager stopped. stop tx pool,groupID=1
info|2025-10-27 19:03:34.002932|fisco-bcos-0x00007fb7b006ddc0|[LEDGER]removeNetworkStatHandlerByGroupID and removeGroupBandwidthLimiter for service,groupID=1
info|2025-10-27 19:03:34.002963|fisco-bcos-0x00007fb7b006ddc0|[CHANNEL]removeSDKAllowListByGroupId,groupId=1
info|2025-10-27 19:03:34.002971|fisco-bcos-0x00007fb7b006ddc0|[INITIALIZER]ledgerInitializer stopped
warning|2025-10-27 19:03:34.003062|ChannelServer-0x00007fb7a42e2700|[CHANNEL]Accept failed,message=Operation canceled
info|2025-10-27 19:03:35.004198|fisco-bcos-0x00007fb7b006ddc0|[INITIALIZER]ChannelRPCHttpServer deleted.
info|2025-10-27 19:03:35.005176|fisco-bcos-0x00007fb7b006ddc0|[INITIALIZER]JsonrpcHttpServer deleted.
info|2025-10-27 19:03:35.005218|fisco-bcos-0x00007fb7b006ddc0|[INITIALIZER]RPCInitializer stopped
info|2025-10-27 19:03:35.005282|io_service-0x00007fb7ad2f4700|[NETWORK][Host]Host exit
info|2025-10-27 19:03:35.006368|fisco-bcos-0x00007fb7b006ddc0|[INITIALIZER]P2PInitializer stopped
info|2025-10-27 19:03:35.006392|fisco-bcos-0x00007fb7b006ddc0|[LEDGER]stop sealer,groupID=1
info|2025-10-27 19:03:35.006402|fisco-bcos-0x00007fb7b006ddc0|[LEDGER]sealer stopped. stop sync,groupID=1
info|2025-10-27 19:03:35.006411|fisco-bcos-0x00007fb7b006ddc0|[g:1] [SYNC][id:87d00b98...]SyncMsgEngine stopped
info|2025-10-27 19:03:35.006423|fisco-bcos-0x00007fb7b006ddc0|[GossipBlockStatus]GossipBlockStatus already stopped
info|2025-10-27 19:03:35.006427|fisco-bcos-0x00007fb7b006ddc0|[SYNC][id:87d00b98...][g:1]SyncMaster stopped
info|2025-10-27 19:03:35.006431|fisco-bcos-0x00007fb7b006ddc0|[LEDGER]sync stopped. stop event filter manager,groupID=1
info|2025-10-27 19:03:35.006434|fisco-bcos-0x00007fb7b006ddc0|[LEDGER]event filter manager stopped. stop tx pool,groupID=1
info|2025-10-27 19:03:35.006441|fisco-bcos-0x00007fb7b006ddc0|[LEDGER]removeNetworkStatHandlerByGroupID and removeGroupBandwidthLimiter for service,groupID=1
info|2025-10-27 19:03:35.006452|fisco-bcos-0x00007fb7b006ddc0|[g:1][STORAGE][CachedStorage]Stopping flushStorage thread
info|2025-10-27 19:03:35.752195|fisco-bcos-0x00007fb7b006ddc0|[g:1][STORAGE][CachedStorage]flushStorage thread stopped.
info|2025-10-27 19:03:35.752221|fisco-bcos-0x00007fb7b006ddc0|[DBINITIALIZER] storage stopped
info|2025-10-27 19:03:35.760135|fisco-bcos-0x00007fb7b006ddc0|[g:1] [SYNC][id:87d00b98...]SyncMsgEngine stopped
info|2025-10-27 19:03:35.760177|fisco-bcos-0x00007fb7b006ddc0|[GossipBlockStatus]GossipBlockStatus already stopped
info|2025-10-27 19:03:35.760182|fisco-bcos-0x00007fb7b006ddc0|[SYNC][id:87d00b98...][g:1]SyncMaster stopped
info|2025-10-27 19:03:35.760199|fisco-bcos-0x00007fb7b006ddc0|[g:1] [SYNC][id:87d00b98...]SyncMsgEngine stopped
