info|2025-10-12 06:46:40.970597|fisco-bcos-0x00007fb6cd644dc0|[INITIALIZER][initGlobalConfig],enableCompress=true,compatibilityVersion=2.11.0,versionNumber=34275328,enableStat=false,chainId=1,useSMCrypto=true,IgnoreObserverWriteRequest=false
info|2025-10-12 06:46:40.987233|fisco-bcos-0x00007fb6cd644dc0|[INITIALIZER][SecureInitializerGM]get pub of node,nodeID=87d00b98321fc70a5abc85ad9e80db10cce315194133697bf74aace1d3f8430957a766240f751752708f4282f46110d6ea56c3eb5d1c02ce98a66f327f595270
info|2025-10-12 06:46:40.988640|fisco-bcos-0x00007fb6cd644dc0|[NETWORK][Host]Connecting to node,endpoint=127.0.0.1:30300
info|2025-10-12 06:46:40.988817|fisco-bcos-0x00007fb6cd644dc0|[NETWORK][Host]Connecting to node,endpoint=127.0.0.1:30301
info|2025-10-12 06:46:40.988977|fisco-bcos-0x00007fb6cd644dc0|[NETWORK][Host]Connecting to node,endpoint=127.0.0.1:30302
info|2025-10-12 06:46:40.989068|fisco-bcos-0x00007fb6cd644dc0|[NETWORK][Host]Connecting to node,endpoint=127.0.0.1:30303
info|2025-10-12 06:46:40.989128|fisco-bcos-0x00007fb6cd644dc0|[P2P][Service] heartBeat,connected count=0
info|2025-10-12 06:46:40.989185|fisco-bcos-0x00007fb6cd644dc0|[INITIALIZER][RPCInitializer],network_security.check_cert_issuer=true
info|2025-10-12 06:46:40.998198|io_service-0x00007fb6ca8cb700|[NETWORK][Host]P2P StartAccept,Host=0.0.0.0:30302
info|2025-10-12 06:46:40.998720|io_service-0x00007fb6ca8cb700|[NETWORK][ASIO]asyncResolveConnect,endpoint=127.0.0.1:30300
info|2025-10-12 06:46:40.999058|io_service-0x00007fb6ca8cb700|[NETWORK][ASIO]asyncResolveConnect,endpoint=127.0.0.1:30301
info|2025-10-12 06:46:40.999262|io_service-0x00007fb6ca8cb700|[NETWORK][ASIO]asyncResolveConnect,endpoint=127.0.0.1:30302
info|2025-10-12 06:46:40.999401|io_service-0x00007fb6ca8cb700|[NETWORK][ASIO]asyncResolveConnect,endpoint=127.0.0.1:30303
info|2025-10-12 06:46:41.000119|io_service-0x00007fb6ca8cb700|[NETWORK][Host]P2P Recv Connect, From=127.0.0.1:45884
info|2025-10-12 06:46:41.000243|io_service-0x00007fb6ca8cb700|[NETWORK][Host]P2P StartAccept,Host=0.0.0.0:30302
info|2025-10-12 06:46:41.010594|fisco-bcos-0x00007fb6cd644dc0|[CHANNEL][ChannelServer::run],threadPoolSize=8
info|2025-10-12 06:46:41.010910|fisco-bcos-0x00007fb6cd644dc0|[CHANNEL]ChannelRPCServer started
info|2025-10-12 06:46:41.010995|fisco-bcos-0x00007fb6cd644dc0|[INITIALIZER][RPCInitializer: ChannelRPCHttpServer started.],disableDynamicGroup=false,uncheckGroupMember=false,threadSize=8
info|2025-10-12 06:46:41.011027|fisco-bcos-0x00007fb6cd644dc0|[INITIALIZER][LedgerInitializer]initConfig
info|2025-10-12 06:46:41.011055|fisco-bcos-0x00007fb6cd644dc0|[LedgerInitializer],groupConfigPath=conf/
info|2025-10-12 06:46:41.011379|fisco-bcos-0x00007fb6cd644dc0|[INITIALIZER][initSingleLedger] [GroupId], LedgerConstructor:  1,configFileName=conf/group.1.genesis,dataDir=data/
info|2025-10-12 06:46:41.011702|fisco-bcos-0x00007fb6cd644dc0|[g:1][LedgerParam][parseGenesisConfig]initConsensusConfig/initStorageConfig/initTxConfig,configFile=conf/group.1.genesis
info|2025-10-12 06:46:41.011841|fisco-bcos-0x00007fb6cd644dc0|[g:1][LedgerParam][initConsensusConfig],type=pbft,consensusTimeout=3,maxTxNum=1000,txGasLimit=300000000
info|2025-10-12 06:46:41.012607|fisco-bcos-0x00007fb6cd644dc0|[g:1][LedgerParam][parsePublicKeyListOfSection],sectionName=consensus,it.first=73994dae9e8b8da733108a4153dfe79151d701dff425f84c87b5324e8ebd02ab6a0ebc9e4f1e0298a7ddca50f94a8f95c62b6997226d571e470e8f2b0600634a
info|2025-10-12 06:46:41.012682|fisco-bcos-0x00007fb6cd644dc0|[g:1][LedgerParam][parsePublicKeyListOfSection],sectionName=consensus,it.first=374bdfe969e1d8ea1200ade93e5d8cf1a7d5741f238011004b0f43ca818706f194b2f067e1708125f7ffc536610b9a72addbd56b238d65f18912be39037ffcc5
info|2025-10-12 06:46:41.012727|fisco-bcos-0x00007fb6cd644dc0|[g:1][LedgerParam][parsePublicKeyListOfSection],sectionName=consensus,it.first=87d00b98321fc70a5abc85ad9e80db10cce315194133697bf74aace1d3f8430957a766240f751752708f4282f46110d6ea56c3eb5d1c02ce98a66f327f595270
info|2025-10-12 06:46:41.012770|fisco-bcos-0x00007fb6cd644dc0|[g:1][LedgerParam][parsePublicKeyListOfSection],sectionName=consensus,it.first=064cb676a36047a4b52ecbf9c01664b1e987d91b438110ba6a12d96972726622e824d295b1de8b0298b5afe7bbbc0bd04a3890e1a36eae028c1cfbe07971b995
info|2025-10-12 06:46:41.012825|fisco-bcos-0x00007fb6cd644dc0|[g:1][LedgerParam][parsePublicKeyListOfSection],totalPubKeySize=4
info|2025-10-12 06:46:41.012943|fisco-bcos-0x00007fb6cd644dc0|[g:1][LedgerParam][max_block_range],maxBlockRange=0,maxBlockPerProcess=3
info|2025-10-12 06:46:41.013064|fisco-bcos-0x00007fb6cd644dc0|[g:1][LedgerParam][parseGenesisConfig],timestamp=1759762229000
info|2025-10-12 06:46:41.013110|fisco-bcos-0x00007fb6cd644dc0|[g:1][LedgerParam]setEVMFlags,enableFreeStorageVMSchedule=false,evmFlags=0
info|2025-10-12 06:46:41.013156|fisco-bcos-0x00007fb6cd644dc0|[g:1][LedgerParam]store evmFlag,evmFlag=0
info|2025-10-12 06:46:41.013185|fisco-bcos-0x00007fb6cd644dc0|[g:1][LedgerParam]store consensus time,consensusTimeout=3
info|2025-10-12 06:46:41.013210|fisco-bcos-0x00007fb6cd644dc0|[g:1][LedgerParam][initMark],genesisMark=1-064cb676a36047a4b52ecbf9c01664b1e987d91b438110ba6a12d96972726622e824d295b1de8b0298b5afe7bbbc0bd04a3890e1a36eae028c1cfbe07971b995,374bdfe969e1d8ea1200ade93e5d8cf1a7d5741f238011004b0f43ca818706f194b2f067e1708125f7ffc536610b9a72addbd56b238d65f18912be39037ffcc5,73994dae9e8b8da733108a4153dfe79151d701dff425f84c87b5324e8ebd02ab6a0ebc9e4f1e0298a7ddca50f94a8f95c62b6997226d571e470e8f2b0600634a,87d00b98321fc70a5abc85ad9e80db10cce315194133697bf74aace1d3f8430957a766240f751752708f4282f46110d6ea56c3eb5d1c02ce98a66f327f595270,-pbft-storage-0-1000-300000000-3
info|2025-10-12 06:46:41.013238|fisco-bcos-0x00007fb6cd644dc0|[g:1][LedgerParam][initIniConfig]initTxPoolConfig/initSyncConfig/initTxExecuteConfig,configFile=conf/group.1.ini
info|2025-10-12 06:46:41.013551|fisco-bcos-0x00007fb6cd644dc0|[g:1][LedgerParam][initStorageConfig],stateType=storage,storageDB=rocksdb,storagePath=data//group1/block/RocksDB,baseDir=data//group1,dbtype=mysql,dbip=127.0.0.1,dbport=3306,dbcharset=utf8mb4,initconnections=15,maxconnections=50,scrollThreshold=2000,enableReconfirmCommittee=false
info|2025-10-12 06:46:41.013729|fisco-bcos-0x00007fb6cd644dc0|[g:1][LedgerParam][initTxPoolConfig],txPoolLimit=150000,memorySizeLimit(MB)=512,notifyWorkerNum=2,txsExpirationTime(ms)=600000
info|2025-10-12 06:46:41.013828|fisco-bcos-0x00007fb6cd644dc0|[g:1][LedgerParam][initSyncConfig],idleWaitMs=200
info|2025-10-12 06:46:41.013897|fisco-bcos-0x00007fb6cd644dc0|[g:1][LedgerParam][initSyncConfig],enableSendTxsByTree=true,enableSendBlockStatusByTree=true
info|2025-10-12 06:46:41.014046|fisco-bcos-0x00007fb6cd644dc0|[g:1][LedgerParam][initSyncConfig],gossipInterval=1000
info|2025-10-12 06:46:41.014103|fisco-bcos-0x00007fb6cd644dc0|[g:1][LedgerParam][initSyncConfig],enableSendBlockStatusByTree=true,gossipInterval=1000,gossipPeers=3,syncTreeWidth=3,maxQueueSizeForBlockSync=536870912,txsStatusGossipMaxPeers=5,syncInfoPrintInterval=10,freeNodeRead=false
info|2025-10-12 06:46:41.014137|fisco-bcos-0x00007fb6cd644dc0|[g:1][LedgerParam][InitTxExecuteConfig],enableParallel=true
info|2025-10-12 06:46:41.014187|fisco-bcos-0x00007fb6cd644dc0|[g:1][LedgerParam][initConsensusIniConfig],maxTTL=2,minBlockGenerationTime=500,enablDynamicBlockSize=true,blockSizeIncreaseRatio=0.5,enableTTLOptimize=true,enablePrepareWithTxsHash=true
info|2025-10-12 06:46:41.014279|fisco-bcos-0x00007fb6cd644dc0|[g:1][LedgerParam][initRPBFTConsensusIniConfig],broadcastPrepareByTree=true,prepareStatusBroadcastPercent=33,maxRequestMissedTxsWaitTime=100,maxRequestPrepareWaitTime=100
info|2025-10-12 06:46:41.014315|fisco-bcos-0x00007fb6cd644dc0|[g:1][LedgerParam][initFlowControlConfig],maxQPS=9223372036854775807,outGoingBandwidth(Bytes)=9223372036854775807
info|2025-10-12 06:46:41.014342|fisco-bcos-0x00007fb6cd644dc0|[g:1][LedgerParam]parseSDKAllowList,sdkAllowList=[],enableSDKAllowListControl=false
info|2025-10-12 06:46:41.014389|fisco-bcos-0x00007fb6cd644dc0|[g:1][LEDGER][initLedger][DBInitializer]
info|2025-10-12 06:46:41.014421|fisco-bcos-0x00007fb6cd644dc0|[g:1][LEDGER]setSDKAllowList,groupId=1,sdkAllowListSize=0
info|2025-10-12 06:46:41.014461|fisco-bcos-0x00007fb6cd644dc0|[g:1][CHANNEL]registerSDKAllowListByGroupId,groupId=1,size=0
info|2025-10-12 06:46:41.014504|fisco-bcos-0x00007fb6cd644dc0|[g:1][CHANNEL]Disable group-level sdk permission control for sdk allowlist is empty
info|2025-10-12 06:46:41.014534|fisco-bcos-0x00007fb6cd644dc0|[g:1][DBINITIALIZER] [initStorageDB]
info|2025-10-12 06:46:41.014562|fisco-bcos-0x00007fb6cd644dc0|[g:1][DBINITIALIZER] [initRocksDBStorage]
info|2025-10-12 06:46:41.014618|fisco-bcos-0x00007fb6cd644dc0|[g:1][ROCKSDB]open rocksDB handler,path=data//group1/block/RocksDB
info|2025-10-12 06:46:41.088861|io_service-0x00007fb6ca8cb700|[NETWORK][Host]P2P Recv Connect, From=127.0.0.1:45894
info|2025-10-12 06:46:41.099714|fisco-bcos-0x00007fb6cd644dc0|[g:1][g:1][STORAGE][CachedStorage]Init flushStorage thread
info|2025-10-12 06:46:41.099980|fisco-bcos-0x00007fb6cd644dc0|[g:1][DBINITIALIZER] [init CachedStorage],maxCapacity=32,maxForwardBlock=10
info|2025-10-12 06:46:41.100040|fisco-bcos-0x00007fb6cd644dc0|[g:1][LEDGER][initLedger][initBlockChain]
info|2025-10-12 06:46:41.100363|fisco-bcos-0x00007fb6cd644dc0|[g:1][LEDGER]set enableHexBlock to be false,version=34275328
info|2025-10-12 06:46:41.100416|fisco-bcos-0x00007fb6cd644dc0|[g:1][BLOCKCHAIN][#checkAndBuildGenesisBlock],shouldBuild=false
info|2025-10-12 06:46:41.100886|fisco-bcos-0x00007fb6cd644dc0|[g:1][BLOCKCHAIN][#checkAndBuildGenesisBlock]Already have the 0th block, 0th groupMark is equal to file groupMark.
info|2025-10-12 06:46:41.103533|fisco-bcos-0x00007fb6cd644dc0|[g:1][LEDGER][initLedger]initBlockChain SUCC
info|2025-10-12 06:46:41.103737|fisco-bcos-0x00007fb6cd644dc0|[g:1][DBINITIALIZER] [createStateFactory],type=storage
info|2025-10-12 06:46:41.103768|fisco-bcos-0x00007fb6cd644dc0|[g:1][DBINITIALIZER] createStorageState SUCC
info|2025-10-12 06:46:41.103787|fisco-bcos-0x00007fb6cd644dc0|[g:1][DBINITIALIZER] [createStateFactory SUCC]
info|2025-10-12 06:46:41.103805|fisco-bcos-0x00007fb6cd644dc0|[g:1][DBINITIALIZER] createExecutiveContext...
info|2025-10-12 06:46:41.103839|fisco-bcos-0x00007fb6cd644dc0|[g:1][LEDGER]createGasMetric,vmFlagType=0
info|2025-10-12 06:46:41.103859|fisco-bcos-0x00007fb6cd644dc0|[g:1][LEDGER]createGasMetric
info|2025-10-12 06:46:41.103883|fisco-bcos-0x00007fb6cd644dc0|[g:1][DBINITIALIZER] create precompiledGasFactory and precompiledResultFactory
info|2025-10-12 06:46:41.103901|fisco-bcos-0x00007fb6cd644dc0|[g:1][DBINITIALIZER] createExecutiveContext SUCC
info|2025-10-12 06:46:41.103922|fisco-bcos-0x00007fb6cd644dc0|[g:1][DBINITIALIZER] [setSyncNumForCachedStorage],syncNum=548
info|2025-10-12 06:46:41.103942|fisco-bcos-0x00007fb6cd644dc0|[g:1][LEDGER][initNetworkBandWidthLimiter: outGoingBandwidthLimit has been disabled],groupId=1
info|2025-10-12 06:46:41.103961|fisco-bcos-0x00007fb6cd644dc0|[g:1][LEDGER][QPSLimit has been disabled],groupId=1
info|2025-10-12 06:46:41.103979|fisco-bcos-0x00007fb6cd644dc0|[g:1][LEDGER][initLedger][initBlockVerifier]
info|2025-10-12 06:46:41.104000|fisco-bcos-0x00007fb6cd644dc0|[g:1][LEDGER][initLedger][initBlockVerifier SUCC],evmFlags=0
info|2025-10-12 06:46:41.104019|fisco-bcos-0x00007fb6cd644dc0|[g:1][LEDGER][initLedger][initTxPool],txPoolLimit=150000
info|2025-10-12 06:46:41.110756|io_service-0x00007fb6ca8cb700|[NETWORK][Host]P2P StartAccept,Host=0.0.0.0:30302
info|2025-10-12 06:46:41.204794|io_service-0x00007fb6ca8cb700|[NETWORK][Host]handshakeServer succ,remote endpoint=127.0.0.1:45884
info|2025-10-12 06:46:41.204886|io_service-0x00007fb6ca8cb700|[NETWORK][Host]startPeerSession, Remote=127.0.0.1:45884,local endpoint=127.0.0.1:30302,nodeID=87d00b98...
info|2025-10-12 06:46:41.244633|io_service-0x00007fb6ca8cb700|[NETWORK][Host]handshakeClient succ,local endpoint=127.0.0.1:36316
info|2025-10-12 06:46:41.244760|io_service-0x00007fb6ca8cb700|[NETWORK][Host]startPeerSession, Remote=127.0.0.1:30303,local endpoint=127.0.0.1:36316,nodeID=064cb676...
info|2025-10-12 06:46:41.244985|io_service-0x00007fb6ca8cb700|[NETWORK][Host]handshakeClient succ,local endpoint=127.0.0.1:45884
info|2025-10-12 06:46:41.245055|io_service-0x00007fb6ca8cb700|[NETWORK][Host]startPeerSession, Remote=127.0.0.1:30302,local endpoint=127.0.0.1:45884,nodeID=87d00b98...
info|2025-10-12 06:46:41.245277|io_service-0x00007fb6ca8cb700|[NETWORK][Host]handshakeClient succ,local endpoint=127.0.0.1:44150
info|2025-10-12 06:46:41.245435|io_service-0x00007fb6ca8cb700|[NETWORK][Host]startPeerSession, Remote=127.0.0.1:30300,local endpoint=127.0.0.1:44150,nodeID=73994dae...
info|2025-10-12 06:46:41.246875|P2P-0x00007fb6cb0cc700|[P2P][Service] Connection established,nodeID=73994dae...,endpoint=127.0.0.1:30300
info|2025-10-12 06:46:41.246944|P2P-0x00007fb6cc0ce700|[P2P][Service] Connection established,nodeID=064cb676...,endpoint=127.0.0.1:30303
info|2025-10-12 06:46:41.251749|io_service-0x00007fb6ca8cb700|[NETWORK][Host]handshakeClient succ,local endpoint=127.0.0.1:53332
info|2025-10-12 06:46:41.251853|io_service-0x00007fb6ca8cb700|[NETWORK][Host]startPeerSession, Remote=127.0.0.1:30301,local endpoint=127.0.0.1:53332,nodeID=374bdfe9...
info|2025-10-12 06:46:41.252080|P2P-0x00007fb6cc8cf700|[P2P][Service] Connection established,nodeID=374bdfe9...,endpoint=127.0.0.1:30301
info|2025-10-12 06:46:41.276657|io_service-0x00007fb6ca8cb700|[NETWORK][Host]handshakeServer succ,remote endpoint=127.0.0.1:45894
info|2025-10-12 06:46:41.276765|io_service-0x00007fb6ca8cb700|[NETWORK][Host]startPeerSession, Remote=127.0.0.1:45894,local endpoint=127.0.0.1:30302,nodeID=064cb676...
info|2025-10-12 06:46:41.425344|fisco-bcos-0x00007fb6cd644dc0|[g:1][LEDGER][initLedger]initTxPool SUCC
info|2025-10-12 06:46:41.425516|fisco-bcos-0x00007fb6cd644dc0|[g:1][LEDGER][initLedger][initSync],idleWaitMs=200,gossipInterval=1000,gossipPeers=3
info|2025-10-12 06:46:41.425572|fisco-bcos-0x00007fb6cd644dc0|[g:1][LEDGER]Init sync master,enableSendBlockStatusByTree=true,enableSendTxsByTree=true
info|2025-10-12 06:46:41.427905|fisco-bcos-0x00007fb6cd644dc0|[g:1][LEDGER][initLedger]initSync SUCC
info|2025-10-12 06:46:41.428046|fisco-bcos-0x00007fb6cd644dc0|[g:1][LEDGER][initLedger][consensusInitFactory]
info|2025-10-12 06:46:41.428119|fisco-bcos-0x00007fb6cd644dc0|[g:1][LEDGER][initLedger][createPBFTSealer]
info|2025-10-12 06:46:41.428151|fisco-bcos-0x00007fb6cd644dc0|[g:1][LEDGER][initLedger][createPBFTSealer],baseDir=data//group1,Protocol=65544
info|2025-10-12 06:46:41.428483|fisco-bcos-0x00007fb6cd644dc0|[g:1][LEDGER][initLedger]createPBFTSealer for PBFT or rPBFT,consensusType=pbft
info|2025-10-12 06:46:41.428654|fisco-bcos-0x00007fb6cd644dc0|[g:1][LEDGER]createConsensusEngine: create PBFTEngine
info|2025-10-12 06:46:41.428716|fisco-bcos-0x00007fb6cd644dc0|[g:1][CONSENSUS][PBFT]Register handler for PBFTEngine
info|2025-10-12 06:46:41.430571|fisco-bcos-0x00007fb6cd644dc0|[g:1][CONSENSUS][PBFT]setMinBlockGenerationTime,minBlockGenerationTime=500,consensusTime=1000
info|2025-10-12 06:46:41.430725|fisco-bcos-0x00007fb6cd644dc0|[g:1][LEDGER][initEventLogFilterManager]initEventLogFilterManager SUCC
info|2025-10-12 06:46:41.430766|fisco-bcos-0x00007fb6cd644dc0|[LedgerInitializer init group succ],groupID=1
info|2025-10-12 06:46:41.431453|fisco-bcos-0x00007fb6cd644dc0|[SafeHttpServer::StartListening]use default epoll
info|2025-10-12 06:46:41.432492|fisco-bcos-0x00007fb6cd644dc0|[INITIALIZER][RPCInitializer JsonrpcHttpServer started],jsonrpc_IP=127.0.0.1,jsonrpc_listen_port=8547,jsonrpc_thread_count=8,ipv6=false,disableDynamicGroup=false,uncheckGroupMember=false
info|2025-10-12 06:46:41.432571|fisco-bcos-0x00007fb6cd644dc0|[g:1][LEDGER]startAll...
info|2025-10-12 06:46:41.433803|fisco-bcos-0x00007fb6cd644dc0|[g:1][GossipBlockStatus]start GossipBlockStatus succ
info|2025-10-12 06:46:41.433858|fisco-bcos-0x00007fb6cd644dc0|[g:1][CONSENSUS][ConsensusEngine][Start ConsensusEngineBase]
info|2025-10-12 06:46:41.434108|fisco-bcos-0x00007fb6cd644dc0|[g:1][CONSENSUS][PBFT]^^^^^^^^Report,num=548,sealerIdx=2,hash=cbc78a31...,next=549,tx=1,nodeIdx=3
info|2025-10-12 06:46:41.434153|fisco-bcos-0x00007fb6cd644dc0|[g:1][ROCKSDB]open rocksDB handler,path=data//group1/pbftMsgBackup/RocksDB
info|2025-10-12 06:46:41.457939|fisco-bcos-0x00007fb6cd644dc0|[g:1][CONSENSUS][PBFT][PBFT init env successfully]
info|2025-10-12 06:46:41.458033|fisco-bcos-0x00007fb6cd644dc0|[g:1][CONSENSUS][PBFT][Start PBFTEngine...]
info|2025-10-12 06:46:41.458044|fisco-bcos-0x00007fb6cd644dc0|[g:1][CONSENSUS][SEALER][Start sealer module]
info|2025-10-12 06:46:41.458922|fisco-bcos-0x00007fb6cd644dc0|[g:1][EVENT][EventLogFilterManager]start,m_maxBlockRange=0,m_maxBlockPerLoopFilter=3
info|2025-10-12 06:46:42.300135|alignTime-1-0x00007fb6bb0ac700|[g:1][NodeTimeMaintenance]updateTimeInfo: update median time offset,updatedMedianTimeOffset=-1,peer=374bdfe9...,peerTime=1760276802299,peerOffset=-1,utcTime=1760276802300
info|2025-10-12 06:46:42.330108|alignTime-1-0x00007fb6bb0ac700|[g:1][NodeTimeMaintenance]updateTimeInfo: update median time offset,updatedMedianTimeOffset=-1,peer=064cb676...,peerTime=1760276802329,peerOffset=-1,utcTime=1760276802330
info|2025-10-12 06:46:42.346040|PBFT-1-0x00007fb6b0897700|[g:1][CONSENSUS]addRawPrepare,height=549,reqIdx=0,hash=d0a5be11...,time=0
info|2025-10-12 06:46:42.354056|PBFT-1-0x00007fb6b0897700|[g:1][CONSENSUS][PBFT]checkTimeout Succ,view=0,toView=1,nodeIdx=3,changeCycle=1,myNode=87d00b98...,timecost=8
info|2025-10-12 06:46:42.363370|PBFT-1-0x00007fb6b0897700|[g:1][CONSENSUS][PBFT]checkAndChangeView: Reach consensus,org_view=0,cur_changeCycle=1,curView=0,view=1
info|2025-10-12 06:46:42.433757|alignTime-1-0x00007fb6bb0ac700|[g:1][NodeTimeMaintenance]updateTimeInfo: update median time offset,updatedMedianTimeOffset=-1,peer=73994dae...,peerTime=1760276802433,peerOffset=0,utcTime=1760276802433
warning|2025-10-12 06:46:46.873548|PBFT-1-0x00007fb6b0897700|[g:1][CONSENSUS][PBFT]ViewChangeWarning: not caused by omit empty block ,v=1,toV=2,curNum=548,hash=cbc78a31...,nodeIdx=3,myNode=87d00b98...
info|2025-10-12 06:46:46.884958|PBFT-1-0x00007fb6b0897700|[g:1][CONSENSUS][PBFT]checkTimeout Succ,view=1,toView=2,nodeIdx=3,changeCycle=2,myNode=87d00b98...,timecost=18
info|2025-10-12 06:46:46.891723|PBFT-1-0x00007fb6b0897700|[g:1][CONSENSUS][PBFT]checkAndChangeView: Reach consensus,org_view=1,cur_changeCycle=2,curView=1,view=2
info|2025-10-12 06:46:47.901111|PBFT-1-0x00007fb6b0897700|[g:1][CONSENSUS]addRawPrepare,height=549,reqIdx=2,hash=7046ac77...,time=0
info|2025-10-12 06:46:47.904343|PBFT-1-0x00007fb6b0897700|[g:1][CONSENSUS][PBFT]checkTimeout Succ,view=2,toView=3,nodeIdx=3,changeCycle=1,myNode=87d00b98...,timecost=3
info|2025-10-12 06:46:47.921797|PBFT-1-0x00007fb6b0897700|[g:1][CONSENSUS][PBFT]checkAndChangeView: Reach consensus,org_view=2,cur_changeCycle=1,curView=2,view=3
info|2025-10-12 06:46:48.924030|PBFTSeal-1-0x00007fb6a9088700|[g:1][CONSENSUS][SEALER]++++++++++++++++ Generating seal on,blkNum=549,tx=0,nodeIdx=3,hash=a36e1b06...
info|2025-10-12 06:46:48.934927|PBFT-1-0x00007fb6b0897700|[g:1][CONSENSUS][PBFT]checkTimeout Succ,view=3,toView=4,nodeIdx=3,changeCycle=1,myNode=87d00b98...,timecost=2
info|2025-10-12 06:46:48.942716|PBFT-1-0x00007fb6b0897700|[g:1][CONSENSUS][PBFT]checkAndChangeView: Reach consensus,org_view=3,cur_changeCycle=1,curView=3,view=4
info|2025-10-12 06:46:49.950707|PBFT-1-0x00007fb6b0897700|[g:1][CONSENSUS]addRawPrepare,height=549,reqIdx=0,hash=b0e693cb...,time=0
info|2025-10-12 06:46:49.954731|PBFT-1-0x00007fb6b0897700|[g:1][CONSENSUS][PBFT]checkTimeout Succ,view=4,toView=5,nodeIdx=3,changeCycle=1,myNode=87d00b98...,timecost=3
info|2025-10-12 06:46:49.964319|PBFT-1-0x00007fb6b0897700|[g:1][CONSENSUS][PBFT]checkAndChangeView: Reach consensus,org_view=4,cur_changeCycle=1,curView=4,view=5
info|2025-10-12 06:46:50.974219|io_service-0x00007fb6ca8cb700|[NETWORK][Host]P2P Recv Connect, From=127.0.0.1:42144
info|2025-10-12 06:46:50.974316|io_service-0x00007fb6ca8cb700|[NETWORK][Host]P2P StartAccept,Host=0.0.0.0:30302
info|2025-10-12 06:46:50.981885|io_service-0x00007fb6ca8cb700|[NETWORK][Host]P2P Recv Connect, From=127.0.0.1:42150
info|2025-10-12 06:46:50.982016|io_service-0x00007fb6ca8cb700|[NETWORK][Host]P2P StartAccept,Host=0.0.0.0:30302
info|2025-10-12 06:46:50.989702|io_service-0x00007fb6ca8cb700|[P2P][Service] heartBeat,connected count=3
info|2025-10-12 06:46:50.998976|io_service-0x00007fb6ca8cb700|[NETWORK][Host]handshakeServer succ,remote endpoint=127.0.0.1:42144
info|2025-10-12 06:46:50.999128|io_service-0x00007fb6ca8cb700|[NETWORK][Host]startPeerSession, Remote=127.0.0.1:42144,local endpoint=127.0.0.1:30302,nodeID=73994dae...
info|2025-10-12 06:46:51.012373|io_service-0x00007fb6ca8cb700|[NETWORK][Host]handshakeServer succ,remote endpoint=127.0.0.1:42150
info|2025-10-12 06:46:51.012641|io_service-0x00007fb6ca8cb700|[NETWORK][Host]startPeerSession, Remote=127.0.0.1:42150,local endpoint=127.0.0.1:30302,nodeID=374bdfe9...
warning|2025-10-12 06:46:54.468706|PBFT-1-0x00007fb6b0897700|[g:1][CONSENSUS][PBFT]ViewChangeWarning: not caused by omit empty block ,v=5,toV=6,curNum=548,hash=cbc78a31...,nodeIdx=3,myNode=87d00b98...
info|2025-10-12 06:46:54.468981|PBFT-1-0x00007fb6b0897700|[g:1][CONSENSUS][PBFT]checkTimeout Succ,view=5,toView=6,nodeIdx=3,changeCycle=2,myNode=87d00b98...,timecost=2
info|2025-10-12 06:46:54.485516|PBFT-1-0x00007fb6b0897700|[g:1][CONSENSUS][PBFT]checkAndChangeView: Reach consensus,org_view=5,cur_changeCycle=2,curView=5,view=6
info|2025-10-12 06:46:55.489638|PBFT-1-0x00007fb6b0897700|[g:1][CONSENSUS]addRawPrepare,height=549,reqIdx=2,hash=e088a19a...,time=0
info|2025-10-12 06:46:55.494385|PBFT-1-0x00007fb6b0897700|[g:1][CONSENSUS][PBFT]checkTimeout Succ,view=6,toView=7,nodeIdx=3,changeCycle=1,myNode=87d00b98...,timecost=5
info|2025-10-12 06:46:55.501561|PBFT-1-0x00007fb6b0897700|[g:1][CONSENSUS][PBFT]checkAndChangeView: Reach consensus,org_view=6,cur_changeCycle=1,curView=6,view=7
info|2025-10-12 06:46:56.179785|P2P-0x00007fb6cb0cc700|[NETWORK][Session]Received topic: [2	_block_notify_1] from 73994dae9e8b8da733108a4153dfe79151d701dff425f84c87b5324e8ebd02ab6a0ebc9e4f1e0298a7ddca50f94a8f95c62b6997226d571e470e8f2b0600634a
info|2025-10-12 06:46:56.503156|PBFTSeal-1-0x00007fb6a9088700|[g:1][CONSENSUS][SEALER]++++++++++++++++ Generating seal on,blkNum=549,tx=0,nodeIdx=3,hash=b1cafeb6...
info|2025-10-12 06:46:56.519176|PBFT-1-0x00007fb6b0897700|[g:1][CONSENSUS][PBFT]checkTimeout Succ,view=7,toView=8,nodeIdx=3,changeCycle=1,myNode=87d00b98...,timecost=3
info|2025-10-12 06:46:56.522375|PBFT-1-0x00007fb6b0897700|[g:1][CONSENSUS][PBFT]checkAndChangeView: Reach consensus,org_view=7,cur_changeCycle=1,curView=7,view=8
info|2025-10-12 06:46:57.328572|P2P-0x00007fb6cb8cd700|[g:1] [SYNC][id:87d00b98...][Download][Request]Receive block request,peer=374bdfe9...,from=184,to=184
info|2025-10-12 06:46:57.329642|SyncSend-1-0x00007fb6bd0b0700|[g:1][SYNC][id:87d00b98...][Download][Request][BlockSync]Batch blocks for sending,blockSize=24480,number=184,peer=374bdfe9...,timeCost=1
info|2025-10-12 06:46:57.329888|SyncSend-1-0x00007fb6bd0b0700|[g:1][g:1] [SYNC][id:374bdfe9...][Download][Request][BlockSync]Send block packet,peer=374bdfe9...,blocks=1,bytes(V)=24487
info|2025-10-12 06:46:57.530523|PBFT-1-0x00007fb6b0897700|[g:1][CONSENSUS]addRawPrepare,height=549,reqIdx=0,hash=1b44e661...,time=0
info|2025-10-12 06:46:57.536871|PBFT-1-0x00007fb6b0897700|[g:1][CONSENSUS][PBFT]checkTimeout Succ,view=8,toView=9,nodeIdx=3,changeCycle=1,myNode=87d00b98...,timecost=6
info|2025-10-12 06:46:57.541739|PBFT-1-0x00007fb6b0897700|[g:1][CONSENSUS][PBFT]checkAndChangeView: Reach consensus,org_view=8,cur_changeCycle=1,curView=8,view=9
info|2025-10-12 06:47:00.990901|io_service-0x00007fb6ca8cb700|[P2P][Service] heartBeat,connected count=3
warning|2025-10-12 06:47:02.043619|PBFT-1-0x00007fb6b0897700|[g:1][CONSENSUS][PBFT]ViewChangeWarning: not caused by omit empty block ,v=9,toV=10,curNum=548,hash=cbc78a31...,nodeIdx=3,myNode=87d00b98...
info|2025-10-12 06:47:02.043827|PBFT-1-0x00007fb6b0897700|[g:1][CONSENSUS][PBFT]checkTimeout Succ,view=9,toView=10,nodeIdx=3,changeCycle=2,myNode=87d00b98...,timecost=2
info|2025-10-12 06:47:02.058098|PBFT-1-0x00007fb6b0897700|[g:1][CONSENSUS][PBFT]checkAndChangeView: Reach consensus,org_view=9,cur_changeCycle=2,curView=9,view=10
info|2025-10-12 06:47:03.072912|PBFT-1-0x00007fb6b0897700|[g:1][CONSENSUS]addRawPrepare,height=549,reqIdx=2,hash=f483cc98...,time=0
info|2025-10-12 06:47:03.079284|PBFT-1-0x00007fb6b0897700|[g:1][CONSENSUS][PBFT]checkTimeout Succ,view=10,toView=11,nodeIdx=3,changeCycle=1,myNode=87d00b98...,timecost=5
info|2025-10-12 06:47:03.090980|PBFT-1-0x00007fb6b0897700|[g:1][CONSENSUS][PBFT]checkAndChangeView: Reach consensus,org_view=10,cur_changeCycle=1,curView=10,view=11
info|2025-10-12 06:47:04.091133|PBFTSeal-1-0x00007fb6a9088700|[g:1][CONSENSUS][SEALER]++++++++++++++++ Generating seal on,blkNum=549,tx=0,nodeIdx=3,hash=fde94b75...
info|2025-10-12 06:47:04.105335|PBFT-1-0x00007fb6b0897700|[g:1][CONSENSUS][PBFT]checkTimeout Succ,view=11,toView=12,nodeIdx=3,changeCycle=1,myNode=87d00b98...,timecost=6
info|2025-10-12 06:47:04.115882|PBFT-1-0x00007fb6b0897700|[g:1][CONSENSUS][PBFT]checkAndChangeView: Reach consensus,org_view=11,cur_changeCycle=1,curView=11,view=12
info|2025-10-12 06:47:05.126464|PBFT-1-0x00007fb6b0897700|[g:1][CONSENSUS]addRawPrepare,height=549,reqIdx=0,hash=8e7258cb...,time=0
info|2025-10-12 06:47:05.129031|PBFT-1-0x00007fb6b0897700|[g:1][CONSENSUS][PBFT]checkTimeout Succ,view=12,toView=13,nodeIdx=3,changeCycle=1,myNode=87d00b98...,timecost=2
info|2025-10-12 06:47:05.142570|PBFT-1-0x00007fb6b0897700|[g:1][CONSENSUS][PBFT]checkAndChangeView: Reach consensus,org_view=12,cur_changeCycle=1,curView=12,view=13
warning|2025-10-12 06:47:09.648025|PBFT-1-0x00007fb6b0897700|[g:1][CONSENSUS][PBFT]ViewChangeWarning: not caused by omit empty block ,v=13,toV=14,curNum=548,hash=cbc78a31...,nodeIdx=3,myNode=87d00b98...
info|2025-10-12 06:47:09.649057|PBFT-1-0x00007fb6b0897700|[g:1][CONSENSUS][PBFT]checkTimeout Succ,view=13,toView=14,nodeIdx=3,changeCycle=2,myNode=87d00b98...,timecost=6
info|2025-10-12 06:47:09.651948|PBFT-1-0x00007fb6b0897700|[g:1][CONSENSUS][PBFT]checkAndChangeView: Reach consensus,org_view=13,cur_changeCycle=2,curView=13,view=14
info|2025-10-12 06:47:10.665334|PBFT-1-0x00007fb6b0897700|[g:1][CONSENSUS]addRawPrepare,height=549,reqIdx=2,hash=48557cd7...,time=0
info|2025-10-12 06:47:10.670353|PBFT-1-0x00007fb6b0897700|[g:1][CONSENSUS][PBFT]checkTimeout Succ,view=14,toView=15,nodeIdx=3,changeCycle=1,myNode=87d00b98...,timecost=5
info|2025-10-12 06:47:10.680143|PBFT-1-0x00007fb6b0897700|[g:1][CONSENSUS][PBFT]checkAndChangeView: Reach consensus,org_view=14,cur_changeCycle=1,curView=14,view=15
info|2025-10-12 06:47:10.991568|io_service-0x00007fb6ca8cb700|[P2P][Service] heartBeat,connected count=3
info|2025-10-12 06:47:11.680645|PBFTSeal-1-0x00007fb6a9088700|[g:1][CONSENSUS][SEALER]++++++++++++++++ Generating seal on,blkNum=549,tx=0,nodeIdx=3,hash=3bee8db0...
info|2025-10-12 06:47:11.693736|PBFT-1-0x00007fb6b0897700|[g:1][CONSENSUS][PBFT]checkTimeout Succ,view=15,toView=16,nodeIdx=3,changeCycle=1,myNode=87d00b98...,timecost=2
info|2025-10-12 06:47:11.704294|PBFT-1-0x00007fb6b0897700|[g:1][CONSENSUS][PBFT]checkAndChangeView: Reach consensus,org_view=15,cur_changeCycle=1,curView=15,view=16
info|2025-10-12 06:47:12.717964|PBFT-1-0x00007fb6b0897700|[g:1][CONSENSUS]addRawPrepare,height=549,reqIdx=0,hash=bfe61ab4...,time=1
info|2025-10-12 06:47:12.724983|PBFT-1-0x00007fb6b0897700|[g:1][CONSENSUS][PBFT]checkTimeout Succ,view=16,toView=17,nodeIdx=3,changeCycle=1,myNode=87d00b98...,timecost=7
info|2025-10-12 06:47:12.730954|PBFT-1-0x00007fb6b0897700|[g:1][CONSENSUS][PBFT]checkAndChangeView: Reach consensus,org_view=16,cur_changeCycle=1,curView=16,view=17
info|2025-10-12 06:47:16.667595|P2P-0x00007fb6cc8cf700|[g:1] [SYNC][id:87d00b98...][Download][Request]Receive block request,peer=374bdfe9...,from=184,to=184
info|2025-10-12 06:47:16.668289|SyncSend-1-0x00007fb6bd0b0700|[g:1][SYNC][id:87d00b98...][Download][Request][BlockSync]Batch blocks for sending,blockSize=24480,number=184,peer=374bdfe9...,timeCost=1
info|2025-10-12 06:47:16.668531|SyncSend-1-0x00007fb6bd0b0700|[g:1][g:1] [SYNC][id:374bdfe9...][Download][Request][BlockSync]Send block packet,peer=374bdfe9...,blocks=1,bytes(V)=24487
warning|2025-10-12 06:47:17.240232|PBFT-1-0x00007fb6b0897700|[g:1][CONSENSUS][PBFT]ViewChangeWarning: not caused by omit empty block ,v=17,toV=18,curNum=548,hash=cbc78a31...,nodeIdx=3,myNode=87d00b98...
info|2025-10-12 06:47:17.241721|PBFT-1-0x00007fb6b0897700|[g:1][CONSENSUS][PBFT]checkTimeout Succ,view=17,toView=18,nodeIdx=3,changeCycle=2,myNode=87d00b98...,timecost=10
info|2025-10-12 06:47:17.255093|PBFT-1-0x00007fb6b0897700|[g:1][CONSENSUS][PBFT]checkAndChangeView: Reach consensus,org_view=17,cur_changeCycle=2,curView=17,view=18
info|2025-10-12 06:47:18.262119|PBFT-1-0x00007fb6b0897700|[g:1][CONSENSUS]addRawPrepare,height=549,reqIdx=2,hash=9430a5e8...,time=0
info|2025-10-12 06:47:18.268695|PBFT-1-0x00007fb6b0897700|[g:1][CONSENSUS][PBFT]checkTimeout Succ,view=18,toView=19,nodeIdx=3,changeCycle=1,myNode=87d00b98...,timecost=6
info|2025-10-12 06:47:18.282653|PBFT-1-0x00007fb6b0897700|[g:1][CONSENSUS][PBFT]checkAndChangeView: Reach consensus,org_view=18,cur_changeCycle=1,curView=18,view=19
info|2025-10-12 06:47:19.285007|PBFTSeal-1-0x00007fb6a9088700|[g:1][CONSENSUS][SEALER]++++++++++++++++ Generating seal on,blkNum=549,tx=0,nodeIdx=3,hash=31b6fef9...
info|2025-10-12 06:47:19.290558|PBFT-1-0x00007fb6b0897700|[g:1][CONSENSUS][PBFT]checkTimeout Succ,view=19,toView=20,nodeIdx=3,changeCycle=1,myNode=87d00b98...,timecost=2
info|2025-10-12 06:47:19.308289|PBFT-1-0x00007fb6b0897700|[g:1][CONSENSUS][PBFT]checkAndChangeView: Reach consensus,org_view=19,cur_changeCycle=1,curView=19,view=20
info|2025-10-12 06:47:20.319104|PBFT-1-0x00007fb6b0897700|[g:1][CONSENSUS]addRawPrepare,height=549,reqIdx=0,hash=a1aa5c36...,time=0
info|2025-10-12 06:47:20.322383|PBFT-1-0x00007fb6b0897700|[g:1][CONSENSUS][PBFT]checkTimeout Succ,view=20,toView=21,nodeIdx=3,changeCycle=1,myNode=87d00b98...,timecost=3
info|2025-10-12 06:47:20.335589|PBFT-1-0x00007fb6b0897700|[g:1][CONSENSUS][PBFT]checkAndChangeView: Reach consensus,org_view=20,cur_changeCycle=1,curView=20,view=21
info|2025-10-12 06:47:20.992477|io_service-0x00007fb6ca8cb700|[P2P][Service] heartBeat,connected count=3
warning|2025-10-12 06:47:24.848384|PBFT-1-0x00007fb6b0897700|[g:1][CONSENSUS][PBFT]ViewChangeWarning: not caused by omit empty block ,v=21,toV=22,curNum=548,hash=cbc78a31...,nodeIdx=3,myNode=87d00b98...
info|2025-10-12 06:47:24.849324|PBFT-1-0x00007fb6b0897700|[g:1][CONSENSUS][PBFT]checkTimeout Succ,view=21,toView=22,nodeIdx=3,changeCycle=2,myNode=87d00b98...,timecost=5
info|2025-10-12 06:47:24.856800|PBFT-1-0x00007fb6b0897700|[g:1][CONSENSUS][PBFT]checkAndChangeView: Reach consensus,org_view=21,cur_changeCycle=2,curView=21,view=22
info|2025-10-12 06:47:25.869427|PBFT-1-0x00007fb6b0897700|[g:1][CONSENSUS]addRawPrepare,height=549,reqIdx=2,hash=73ab6b31...,time=0
info|2025-10-12 06:47:25.872728|PBFT-1-0x00007fb6b0897700|[g:1][CONSENSUS][PBFT]checkTimeout Succ,view=22,toView=23,nodeIdx=3,changeCycle=1,myNode=87d00b98...,timecost=2
info|2025-10-12 06:47:25.885014|PBFT-1-0x00007fb6b0897700|[g:1][CONSENSUS][PBFT]checkAndChangeView: Reach consensus,org_view=22,cur_changeCycle=1,curView=22,view=23
info|2025-10-12 06:47:26.886819|PBFTSeal-1-0x00007fb6a9088700|[g:1][CONSENSUS][SEALER]++++++++++++++++ Generating seal on,blkNum=549,tx=0,nodeIdx=3,hash=75215395...
info|2025-10-12 06:47:26.899150|PBFT-1-0x00007fb6b0897700|[g:1][CONSENSUS][PBFT]checkTimeout Succ,view=23,toView=24,nodeIdx=3,changeCycle=1,myNode=87d00b98...,timecost=4
info|2025-10-12 06:47:26.909927|PBFT-1-0x00007fb6b0897700|[g:1][CONSENSUS][PBFT]checkAndChangeView: Reach consensus,org_view=23,cur_changeCycle=1,curView=23,view=24
info|2025-10-12 06:47:27.912831|PBFT-1-0x00007fb6b0897700|[g:1][CONSENSUS]addRawPrepare,height=549,reqIdx=0,hash=efdbaff4...,time=0
info|2025-10-12 06:47:27.918904|PBFT-1-0x00007fb6b0897700|[g:1][CONSENSUS][PBFT]checkTimeout Succ,view=24,toView=25,nodeIdx=3,changeCycle=1,myNode=87d00b98...,timecost=5
info|2025-10-12 06:47:27.932394|PBFT-1-0x00007fb6b0897700|[g:1][CONSENSUS][PBFT]checkAndChangeView: Reach consensus,org_view=24,cur_changeCycle=1,curView=24,view=25
info|2025-10-12 06:47:30.992920|io_service-0x00007fb6ca8cb700|[P2P][Service] heartBeat,connected count=3
warning|2025-10-12 06:47:32.450188|PBFT-1-0x00007fb6b0897700|[g:1][CONSENSUS][PBFT]ViewChangeWarning: not caused by omit empty block ,v=25,toV=26,curNum=548,hash=cbc78a31...,nodeIdx=3,myNode=87d00b98...
info|2025-10-12 06:47:32.450569|PBFT-1-0x00007fb6b0897700|[g:1][CONSENSUS][PBFT]checkTimeout Succ,view=25,toView=26,nodeIdx=3,changeCycle=2,myNode=87d00b98...,timecost=11
info|2025-10-12 06:47:32.456774|PBFT-1-0x00007fb6b0897700|[g:1][CONSENSUS][PBFT]checkAndChangeView: Reach consensus,org_view=25,cur_changeCycle=2,curView=25,view=26
info|2025-10-12 06:47:33.462121|PBFT-1-0x00007fb6b0897700|[g:1][CONSENSUS]addRawPrepare,height=549,reqIdx=2,hash=bcbaef06...,time=0
info|2025-10-12 06:47:33.465016|PBFT-1-0x00007fb6b0897700|[g:1][CONSENSUS][PBFT]checkTimeout Succ,view=26,toView=27,nodeIdx=3,changeCycle=1,myNode=87d00b98...,timecost=3
info|2025-10-12 06:47:33.473535|PBFT-1-0x00007fb6b0897700|[g:1][CONSENSUS][PBFT]checkAndChangeView: Reach consensus,org_view=26,cur_changeCycle=1,curView=26,view=27
info|2025-10-12 06:47:34.474718|PBFTSeal-1-0x00007fb6a9088700|[g:1][CONSENSUS][SEALER]++++++++++++++++ Generating seal on,blkNum=549,tx=0,nodeIdx=3,hash=a911b795...
info|2025-10-12 06:47:34.482916|PBFT-1-0x00007fb6b0897700|[g:1][CONSENSUS][PBFT]checkTimeout Succ,view=27,toView=28,nodeIdx=3,changeCycle=1,myNode=87d00b98...,timecost=2
info|2025-10-12 06:47:34.536899|PBFT-1-0x00007fb6b0897700|[g:1][CONSENSUS][PBFT]checkAndChangeView: Reach consensus,org_view=27,cur_changeCycle=1,curView=27,view=28
info|2025-10-12 06:47:35.541703|PBFT-1-0x00007fb6b0897700|[g:1][CONSENSUS]addRawPrepare,height=549,reqIdx=0,hash=1b4e2ca1...,time=0
info|2025-10-12 06:47:35.544216|PBFT-1-0x00007fb6b0897700|[g:1][CONSENSUS][PBFT]checkTimeout Succ,view=28,toView=29,nodeIdx=3,changeCycle=1,myNode=87d00b98...,timecost=3
info|2025-10-12 06:47:35.553451|PBFT-1-0x00007fb6b0897700|[g:1][CONSENSUS][PBFT]checkAndChangeView: Reach consensus,org_view=28,cur_changeCycle=1,curView=28,view=29
warning|2025-10-12 06:47:40.059649|PBFT-1-0x00007fb6b0897700|[g:1][CONSENSUS][PBFT]ViewChangeWarning: not caused by omit empty block ,v=29,toV=30,curNum=548,hash=cbc78a31...,nodeIdx=3,myNode=87d00b98...
info|2025-10-12 06:47:40.064256|PBFT-1-0x00007fb6b0897700|[g:1][CONSENSUS][PBFT]checkTimeout Succ,view=29,toView=30,nodeIdx=3,changeCycle=2,myNode=87d00b98...,timecost=7
info|2025-10-12 06:47:40.069365|PBFT-1-0x00007fb6b0897700|[g:1][CONSENSUS][PBFT]checkAndChangeView: Reach consensus,org_view=29,cur_changeCycle=2,curView=29,view=30
info|2025-10-12 06:47:40.993581|io_service-0x00007fb6ca8cb700|[P2P][Service] heartBeat,connected count=3
info|2025-10-12 06:47:41.075572|PBFT-1-0x00007fb6b0897700|[g:1][CONSENSUS]addRawPrepare,height=549,reqIdx=2,hash=cdc45f05...,time=0
info|2025-10-12 06:47:41.079921|PBFT-1-0x00007fb6b0897700|[g:1][CONSENSUS][PBFT]checkTimeout Succ,view=30,toView=31,nodeIdx=3,changeCycle=1,myNode=87d00b98...,timecost=4
info|2025-10-12 06:47:41.095650|PBFT-1-0x00007fb6b0897700|[g:1][CONSENSUS][PBFT]checkAndChangeView: Reach consensus,org_view=30,cur_changeCycle=1,curView=30,view=31
info|2025-10-12 06:47:42.095234|PBFTSeal-1-0x00007fb6a9088700|[g:1][CONSENSUS][SEALER]++++++++++++++++ Generating seal on,blkNum=549,tx=0,nodeIdx=3,hash=8d794836...
info|2025-10-12 06:47:42.100896|PBFT-1-0x00007fb6b0897700|[g:1][CONSENSUS][PBFT]checkTimeout Succ,view=31,toView=32,nodeIdx=3,changeCycle=1,myNode=87d00b98...,timecost=1
info|2025-10-12 06:47:42.114722|PBFT-1-0x00007fb6b0897700|[g:1][CONSENSUS][PBFT]checkAndChangeView: Reach consensus,org_view=31,cur_changeCycle=1,curView=31,view=32
info|2025-10-12 06:47:43.125941|PBFT-1-0x00007fb6b0897700|[g:1][CONSENSUS]addRawPrepare,height=549,reqIdx=0,hash=dddcf427...,time=0
info|2025-10-12 06:47:43.131860|PBFT-1-0x00007fb6b0897700|[g:1][CONSENSUS][PBFT]checkTimeout Succ,view=32,toView=33,nodeIdx=3,changeCycle=1,myNode=87d00b98...,timecost=5
info|2025-10-12 06:47:43.144903|PBFT-1-0x00007fb6b0897700|[g:1][CONSENSUS][PBFT]checkAndChangeView: Reach consensus,org_view=32,cur_changeCycle=1,curView=32,view=33
warning|2025-10-12 06:47:47.655637|PBFT-1-0x00007fb6b0897700|[g:1][CONSENSUS][PBFT]ViewChangeWarning: not caused by omit empty block ,v=33,toV=34,curNum=548,hash=cbc78a31...,nodeIdx=3,myNode=87d00b98...
info|2025-10-12 06:47:47.656006|PBFT-1-0x00007fb6b0897700|[g:1][CONSENSUS][PBFT]checkTimeout Succ,view=33,toView=34,nodeIdx=3,changeCycle=2,myNode=87d00b98...,timecost=5
info|2025-10-12 06:47:47.663162|PBFT-1-0x00007fb6b0897700|[g:1][CONSENSUS][PBFT]checkAndChangeView: Reach consensus,org_view=33,cur_changeCycle=2,curView=33,view=34
info|2025-10-12 06:47:48.667766|PBFT-1-0x00007fb6b0897700|[g:1][CONSENSUS]addRawPrepare,height=549,reqIdx=2,hash=66be6add...,time=0
info|2025-10-12 06:47:48.669739|PBFT-1-0x00007fb6b0897700|[g:1][CONSENSUS][PBFT]checkTimeout Succ,view=34,toView=35,nodeIdx=3,changeCycle=1,myNode=87d00b98...,timecost=1
info|2025-10-12 06:47:48.679741|PBFT-1-0x00007fb6b0897700|[g:1][CONSENSUS][PBFT]checkAndChangeView: Reach consensus,org_view=34,cur_changeCycle=1,curView=34,view=35
info|2025-10-12 06:47:48.894539|P2P-0x00007fb6cb0cc700|[g:1] [SYNC][id:87d00b98...][Download][Request]Receive block request,peer=374bdfe9...,from=184,to=184
info|2025-10-12 06:47:48.895121|SyncSend-1-0x00007fb6bd0b0700|[g:1][SYNC][id:87d00b98...][Download][Request][BlockSync]Batch blocks for sending,blockSize=24480,number=184,peer=374bdfe9...,timeCost=1
info|2025-10-12 06:47:48.895305|SyncSend-1-0x00007fb6bd0b0700|[g:1][g:1] [SYNC][id:374bdfe9...][Download][Request][BlockSync]Send block packet,peer=374bdfe9...,blocks=1,bytes(V)=24487
info|2025-10-12 06:47:49.679445|PBFTSeal-1-0x00007fb6a9088700|[g:1][CONSENSUS][SEALER]++++++++++++++++ Generating seal on,blkNum=549,tx=0,nodeIdx=3,hash=bc6a56c4...
info|2025-10-12 06:47:49.689869|PBFT-1-0x00007fb6b0897700|[g:1][CONSENSUS][PBFT]checkTimeout Succ,view=35,toView=36,nodeIdx=3,changeCycle=1,myNode=87d00b98...,timecost=4
info|2025-10-12 06:47:49.700478|PBFT-1-0x00007fb6b0897700|[g:1][CONSENSUS][PBFT]checkAndChangeView: Reach consensus,org_view=35,cur_changeCycle=1,curView=35,view=36
info|2025-10-12 06:47:50.706499|PBFT-1-0x00007fb6b0897700|[g:1][CONSENSUS]addRawPrepare,height=549,reqIdx=0,hash=febf973f...,time=0
info|2025-10-12 06:47:50.711036|PBFT-1-0x00007fb6b0897700|[g:1][CONSENSUS][PBFT]checkTimeout Succ,view=36,toView=37,nodeIdx=3,changeCycle=1,myNode=87d00b98...,timecost=5
info|2025-10-12 06:47:50.727456|PBFT-1-0x00007fb6b0897700|[g:1][CONSENSUS][PBFT]checkAndChangeView: Reach consensus,org_view=36,cur_changeCycle=1,curView=36,view=37
info|2025-10-12 06:47:50.993838|io_service-0x00007fb6ca8cb700|[P2P][Service] heartBeat,connected count=3
warning|2025-10-12 06:47:55.236709|PBFT-1-0x00007fb6b0897700|[g:1][CONSENSUS][PBFT]ViewChangeWarning: not caused by omit empty block ,v=37,toV=38,curNum=548,hash=cbc78a31...,nodeIdx=3,myNode=87d00b98...
info|2025-10-12 06:47:55.237651|PBFT-1-0x00007fb6b0897700|[g:1][CONSENSUS][PBFT]checkTimeout Succ,view=37,toView=38,nodeIdx=3,changeCycle=2,myNode=87d00b98...,timecost=2
info|2025-10-12 06:47:55.243863|PBFT-1-0x00007fb6b0897700|[g:1][CONSENSUS][PBFT]checkAndChangeView: Reach consensus,org_view=37,cur_changeCycle=2,curView=37,view=38
info|2025-10-12 06:47:56.250864|PBFT-1-0x00007fb6b0897700|[g:1][CONSENSUS]addRawPrepare,height=549,reqIdx=2,hash=b4778bb8...,time=0
info|2025-10-12 06:47:56.262284|PBFT-1-0x00007fb6b0897700|[g:1][CONSENSUS][PBFT]checkTimeout Succ,view=38,toView=39,nodeIdx=3,changeCycle=1,myNode=87d00b98...,timecost=11
info|2025-10-12 06:47:56.266314|PBFT-1-0x00007fb6b0897700|[g:1][CONSENSUS][PBFT]checkAndChangeView: Reach consensus,org_view=38,cur_changeCycle=1,curView=38,view=39
info|2025-10-12 06:47:57.266231|PBFTSeal-1-0x00007fb6a9088700|[g:1][CONSENSUS][SEALER]++++++++++++++++ Generating seal on,blkNum=549,tx=0,nodeIdx=3,hash=1309b81c...
info|2025-10-12 06:47:57.276863|PBFT-1-0x00007fb6b0897700|[g:1][CONSENSUS][PBFT]checkTimeout Succ,view=39,toView=40,nodeIdx=3,changeCycle=1,myNode=87d00b98...,timecost=3
info|2025-10-12 06:47:57.288837|PBFT-1-0x00007fb6b0897700|[g:1][CONSENSUS][PBFT]checkAndChangeView: Reach consensus,org_view=39,cur_changeCycle=1,curView=39,view=40
info|2025-10-12 06:47:58.306152|PBFT-1-0x00007fb6b0897700|[g:1][CONSENSUS]addRawPrepare,height=549,reqIdx=0,hash=80bce41c...,time=0
info|2025-10-12 06:47:58.309746|PBFT-1-0x00007fb6b0897700|[g:1][CONSENSUS][PBFT]checkTimeout Succ,view=40,toView=41,nodeIdx=3,changeCycle=1,myNode=87d00b98...,timecost=3
info|2025-10-12 06:47:58.322151|PBFT-1-0x00007fb6b0897700|[g:1][CONSENSUS][PBFT]checkAndChangeView: Reach consensus,org_view=40,cur_changeCycle=1,curView=40,view=41
info|2025-10-12 06:48:00.994340|io_service-0x00007fb6ca8cb700|[P2P][Service] heartBeat,connected count=3
warning|2025-10-12 06:48:02.833406|PBFT-1-0x00007fb6b0897700|[g:1][CONSENSUS][PBFT]ViewChangeWarning: not caused by omit empty block ,v=41,toV=42,curNum=548,hash=cbc78a31...,nodeIdx=3,myNode=87d00b98...
info|2025-10-12 06:48:02.834716|PBFT-1-0x00007fb6b0897700|[g:1][CONSENSUS][PBFT]checkTimeout Succ,view=41,toView=42,nodeIdx=3,changeCycle=2,myNode=87d00b98...,timecost=6
info|2025-10-12 06:48:02.844029|PBFT-1-0x00007fb6b0897700|[g:1][CONSENSUS][PBFT]checkAndChangeView: Reach consensus,org_view=41,cur_changeCycle=2,curView=41,view=42
info|2025-10-12 06:48:03.349311|PBFTWork-1-0x00007fb6b70a4700|[g:1][CONSENSUS][PartiallyPBFTReqCache]addPartiallyRawPrepare,height=549,reqIdx=2,hash=911d4f87...
info|2025-10-12 06:48:03.351599|PBFTWork-1-0x00007fb6b70a4700|[g:1][BLOCKVERIFIER][executeBlock]Executing block,txNum=1,num=549,parentHash=cbc78a31d9b474047a3b9d38eeba9149972c1e8c995db7362daa591c80ba4c05,parentNum=548,parentStateRoot=95eafc9982bfaa84a42d2a6ede343418b030aa2e228c78e61b86509a04b3d428
info|2025-10-12 06:48:03.352347|PBFTWork-1-0x00007fb6b70a4700|[g:1][PRECOMPILED]init GasChargeManagePrecompiled
error|2025-10-12 06:48:03.356791|PBFTWork-1-0x00007fb6b70a4700|[g:1][PRECOMPILED]SM2EncryptPrecompiled exception:307002205da73a09fdc0
error|2025-10-12 06:48:03.357229|PBFTWork-1-0x00007fb6b70a4700|[g:1][EXECUTIVECONTEXT]PrecompiledException,address=000000000000000000000000000000000000500d,message:=307002205da73a09fdc0
error|2025-10-12 06:48:03.357746|PBFTWork-1-0x00007fb6b70a4700|[g:1][EXECUTIVE][TxExeError]Transaction execution error,TransactionExceptionID=22,hash=244a9447c6752346c2464baf4ad8e285627ee05650e682c7c0050b472f45d186
info|2025-10-12 06:48:03.358378|PBFTWork-1-0x00007fb6b70a4700|[g:1][CONSENSUS][PBFT]execBlock,blkNum=549,reqIdx=2,hash=7935f987...,nodeIdx=3,myNode=87d00b98...,decodeCost=0,checkCost=0,notifyCost=0,noteSealingCost=0,currentCycle=2,verifyAndSetSenderCost=0,execCost=9,execPerTx=9,totalCost=9
info|2025-10-12 06:48:03.365917|PBFTWork-1-0x00007fb6b70a4700|[g:1][CONSENSUS][PBFT]handlePrepareMsg Succ,timecost=7,INFO=handlePartiallyPrepare,reqIdx=2,view=42,reqNum=549,curNum=548,consNum=549,hash=911d4f87...,nodeIdx=3,myNode=87d00b98...,curChangeCycle=2
info|2025-10-12 06:48:03.369861|PBFT-1-0x00007fb6b0897700|[g:1][CONSENSUS][PBFT]checkReq: Recv future request,prepHash=7935f987...,INFO=handleSignMsg,num=549,curNum=548,GenIdx=0,Sview=42,view=42,fromIdx=0,fromNode=064cb676...,fromIp=127.0.0.1:30303,hash=8e7f260a...,nodeIdx=3,myNode=87d00b98...
info|2025-10-12 06:48:03.369883|PBFT-1-0x00007fb6b0897700|[g:1][CONSENSUS][PBFT]FutureBlock,INFO=handleSignMsg,num=549,curNum=548,GenIdx=0,Sview=42,view=42,fromIdx=0,fromNode=064cb676...,fromIp=127.0.0.1:30303,hash=8e7f260a...,nodeIdx=3,myNode=87d00b98...
info|2025-10-12 06:48:03.375189|PBFT-1-0x00007fb6b0897700|[g:1][CONSENSUS][PBFT]checkReq: Recv future request,prepHash=7935f987...,INFO=handleSignMsg,num=549,curNum=548,GenIdx=2,Sview=42,view=42,fromIdx=2,fromNode=73994dae...,fromIp=127.0.0.1:30300,hash=1d3be36e...,nodeIdx=3,myNode=87d00b98...
info|2025-10-12 06:48:03.375231|PBFT-1-0x00007fb6b0897700|[g:1][CONSENSUS][PBFT]FutureBlock,INFO=handleSignMsg,num=549,curNum=548,GenIdx=2,Sview=42,view=42,fromIdx=2,fromNode=73994dae...,fromIp=127.0.0.1:30300,hash=1d3be36e...,nodeIdx=3,myNode=87d00b98...
info|2025-10-12 06:48:10.108163|PBFT-1-0x00007fb6b0897700|[g:1][CONSENSUS][SEALER]decrease maxBlockCanSeal to half for PBFT timeout,org_maxBlockCanSeal=1000,halfed_maxBlockCanSeal=500,timeoutCount=1,lastTimeoutTx=1
warning|2025-10-12 06:48:10.111027|PBFT-1-0x00007fb6b0897700|[g:1][CONSENSUS][PBFT]ViewChangeWarning: not caused by omit empty block ,v=42,toV=43,curNum=548,hash=cbc78a31...,nodeIdx=3,myNode=87d00b98...
info|2025-10-12 06:48:10.114195|PBFT-1-0x00007fb6b0897700|[g:1][CONSENSUS][PBFT]checkTimeout Succ,view=42,toView=43,nodeIdx=3,changeCycle=3,myNode=87d00b98...,timecost=6
info|2025-10-12 06:48:10.132217|PBFT-1-0x00007fb6b0897700|[g:1][CONSENSUS][PBFT]checkAndChangeView: Reach consensus,org_view=42,cur_changeCycle=3,curView=42,view=43
info|2025-10-12 06:48:10.632880|PBFTSeal-1-0x00007fb6a9088700|[g:1][CONSENSUS][SEALER]++++++++++++++++ Generating seal on,blkNum=549,tx=1,nodeIdx=3,hash=b9e03512...
info|2025-10-12 06:48:10.636653|sealerWorker-0x00007fb6b88a7700|[CONSENSUS]addRawPrepare,height=549,reqIdx=3,hash=b9e03512...,time=0
info|2025-10-12 06:48:10.637498|sealerWorker-0x00007fb6b88a7700|[BLOCKVERIFIER][executeBlock]Executing block,txNum=1,num=549,parentHash=cbc78a31d9b474047a3b9d38eeba9149972c1e8c995db7362daa591c80ba4c05,parentNum=548,parentStateRoot=95eafc9982bfaa84a42d2a6ede343418b030aa2e228c78e61b86509a04b3d428
info|2025-10-12 06:48:10.637815|sealerWorker-0x00007fb6b88a7700|[PRECOMPILED]init GasChargeManagePrecompiled
error|2025-10-12 06:48:10.643590|PBFTWork-1-0x00007fb6aa08a700|[PRECOMPILED]SM2EncryptPrecompiled exception:3070022100990476017e
error|2025-10-12 06:48:10.643965|PBFTWork-1-0x00007fb6aa08a700|[EXECUTIVECONTEXT]PrecompiledException,address=000000000000000000000000000000000000500d,message:=3070022100990476017e
error|2025-10-12 06:48:10.644112|PBFTWork-1-0x00007fb6aa08a700|[EXECUTIVE][TxExeError]Transaction execution error,TransactionExceptionID=22,hash=244a9447c6752346c2464baf4ad8e285627ee05650e682c7c0050b472f45d186
info|2025-10-12 06:48:10.648531|sealerWorker-0x00007fb6b88a7700|[CONSENSUS][PBFT]execBlock,blkNum=549,reqIdx=3,hash=3c7fb575...,nodeIdx=3,myNode=87d00b98...,decodeCost=0,checkCost=1,notifyCost=0,noteSealingCost=0,currentCycle=3,verifyAndSetSenderCost=0,execCost=11,execPerTx=11,totalCost=12
info|2025-10-12 06:48:10.653150|sealerWorker-0x00007fb6b88a7700|[CONSENSUS][PBFT]handlePrepareMsg Succ,timecost=5,INFO=handlePrepareMsg,reqIdx=3,view=43,reqNum=549,curNum=548,consNum=549,curView=43,fromIp=self,hash=b9e03512...,nodeIdx=3,myNode=87d00b98...,curChangeCycle=3
info|2025-10-12 06:48:10.653259|sealerWorker-0x00007fb6b88a7700|[CONSENSUS][PBFT]generateLocalPrepare,hash=b9e03512...,H=549,nodeIdx=3,myNode=87d00b98...
info|2025-10-12 06:48:10.653713|PBFT-1-0x00007fb6b0897700|[g:1][CONSENSUS][PBFT]checkReq: Recv future request,prepHash=3c7fb575...,INFO=handleSignMsg,num=549,curNum=548,GenIdx=0,Sview=43,view=43,fromIdx=0,fromNode=064cb676...,fromIp=127.0.0.1:30303,hash=1b9ac036...,nodeIdx=3,myNode=87d00b98...
info|2025-10-12 06:48:10.653739|PBFT-1-0x00007fb6b0897700|[g:1][CONSENSUS][PBFT]FutureBlock,INFO=handleSignMsg,num=549,curNum=548,GenIdx=0,Sview=43,view=43,fromIdx=0,fromNode=064cb676...,fromIp=127.0.0.1:30303,hash=1b9ac036...,nodeIdx=3,myNode=87d00b98...
info|2025-10-12 06:48:10.659679|PBFT-1-0x00007fb6b0897700|[g:1][CONSENSUS][PBFT]checkReq: Recv future request,prepHash=3c7fb575...,INFO=handleSignMsg,num=549,curNum=548,GenIdx=2,Sview=43,view=43,fromIdx=2,fromNode=73994dae...,fromIp=127.0.0.1:30300,hash=c1841711...,nodeIdx=3,myNode=87d00b98...
info|2025-10-12 06:48:10.659752|PBFT-1-0x00007fb6b0897700|[g:1][CONSENSUS][PBFT]FutureBlock,INFO=handleSignMsg,num=549,curNum=548,GenIdx=2,Sview=43,view=43,fromIdx=2,fromNode=73994dae...,fromIp=127.0.0.1:30300,hash=c1841711...,nodeIdx=3,myNode=87d00b98...
info|2025-10-12 06:48:10.995159|io_service-0x00007fb6ca8cb700|[P2P][Service] heartBeat,connected count=3
info|2025-10-12 06:48:20.774911|PBFT-1-0x00007fb6b0897700|[g:1][CONSENSUS][SEALER]decrease maxBlockCanSeal to half for PBFT timeout,org_maxBlockCanSeal=500,halfed_maxBlockCanSeal=250,timeoutCount=2,lastTimeoutTx=1
warning|2025-10-12 06:48:20.777836|PBFT-1-0x00007fb6b0897700|[g:1][CONSENSUS][PBFT]ViewChangeWarning: not caused by omit empty block ,v=43,toV=44,curNum=548,hash=cbc78a31...,nodeIdx=3,myNode=87d00b98...
info|2025-10-12 06:48:20.778150|PBFT-1-0x00007fb6b0897700|[g:1][CONSENSUS][PBFT]checkTimeout Succ,view=43,toView=44,nodeIdx=3,changeCycle=4,myNode=87d00b98...,timecost=4
info|2025-10-12 06:48:20.791169|PBFT-1-0x00007fb6b0897700|[g:1][CONSENSUS][PBFT]checkAndChangeView: Reach consensus,org_view=43,cur_changeCycle=4,curView=43,view=44
info|2025-10-12 06:48:20.922975|P2P-0x00007fb6cc0ce700|[g:1] [SYNC][id:87d00b98...][Download][Request]Receive block request,peer=374bdfe9...,from=184,to=184
info|2025-10-12 06:48:20.924005|SyncSend-1-0x00007fb6bd0b0700|[g:1][SYNC][id:87d00b98...][Download][Request][BlockSync]Batch blocks for sending,blockSize=24480,number=184,peer=374bdfe9...,timeCost=1
info|2025-10-12 06:48:20.924146|SyncSend-1-0x00007fb6bd0b0700|[g:1][g:1] [SYNC][id:374bdfe9...][Download][Request][BlockSync]Send block packet,peer=374bdfe9...,blocks=1,bytes(V)=24487
info|2025-10-12 06:48:20.995949|io_service-0x00007fb6ca8cb700|[P2P][Service] heartBeat,connected count=3
info|2025-10-12 06:48:21.293464|PBFTWork-1-0x00007fb6b70a4700|[g:1][CONSENSUS][PartiallyPBFTReqCache]addPartiallyRawPrepare,height=549,reqIdx=0,hash=0639ac70...
info|2025-10-12 06:48:21.294169|PBFTWork-1-0x00007fb6b70a4700|[g:1][BLOCKVERIFIER][executeBlock]Executing block,txNum=1,num=549,parentHash=cbc78a31d9b474047a3b9d38eeba9149972c1e8c995db7362daa591c80ba4c05,parentNum=548,parentStateRoot=95eafc9982bfaa84a42d2a6ede343418b030aa2e228c78e61b86509a04b3d428
info|2025-10-12 06:48:21.294584|PBFTWork-1-0x00007fb6b70a4700|[g:1][PRECOMPILED]init GasChargeManagePrecompiled
error|2025-10-12 06:48:21.297214|PBFTWork-1-0x00007fb6b70a4700|[g:1][PRECOMPILED]SM2EncryptPrecompiled exception:306f0220480d1c5f1de6
error|2025-10-12 06:48:21.297306|PBFTWork-1-0x00007fb6b70a4700|[g:1][EXECUTIVECONTEXT]PrecompiledException,address=000000000000000000000000000000000000500d,message:=306f0220480d1c5f1de6
error|2025-10-12 06:48:21.297377|PBFTWork-1-0x00007fb6b70a4700|[g:1][EXECUTIVE][TxExeError]Transaction execution error,TransactionExceptionID=22,hash=244a9447c6752346c2464baf4ad8e285627ee05650e682c7c0050b472f45d186
info|2025-10-12 06:48:21.297673|PBFTWork-1-0x00007fb6b70a4700|[g:1][CONSENSUS][PBFT]execBlock,blkNum=549,reqIdx=0,hash=8e7a16b4...,nodeIdx=3,myNode=87d00b98...,decodeCost=0,checkCost=1,notifyCost=0,noteSealingCost=0,currentCycle=4,verifyAndSetSenderCost=0,execCost=3,execPerTx=3,totalCost=4
info|2025-10-12 06:48:21.302611|PBFTWork-1-0x00007fb6b70a4700|[g:1][CONSENSUS][PBFT]handlePrepareMsg Succ,timecost=6,INFO=handlePartiallyPrepare,reqIdx=0,view=44,reqNum=549,curNum=548,consNum=549,hash=0639ac70...,nodeIdx=3,myNode=87d00b98...,curChangeCycle=4
info|2025-10-12 06:48:21.303979|PBFT-1-0x00007fb6b0897700|[g:1][CONSENSUS][PBFT]checkReq: Recv future request,prepHash=8e7a16b4...,INFO=handleSignMsg,num=549,curNum=548,GenIdx=0,Sview=44,view=44,fromIdx=0,fromNode=064cb676...,fromIp=127.0.0.1:30303,hash=770905d8...,nodeIdx=3,myNode=87d00b98...
info|2025-10-12 06:48:21.304001|PBFT-1-0x00007fb6b0897700|[g:1][CONSENSUS][PBFT]FutureBlock,INFO=handleSignMsg,num=549,curNum=548,GenIdx=0,Sview=44,view=44,fromIdx=0,fromNode=064cb676...,fromIp=127.0.0.1:30303,hash=770905d8...,nodeIdx=3,myNode=87d00b98...
info|2025-10-12 06:48:21.314469|PBFT-1-0x00007fb6b0897700|[g:1][CONSENSUS][PBFT]checkReq: Recv future request,prepHash=8e7a16b4...,INFO=handleSignMsg,num=549,curNum=548,GenIdx=2,Sview=44,view=44,fromIdx=2,fromNode=73994dae...,fromIp=127.0.0.1:30300,hash=0c937de4...,nodeIdx=3,myNode=87d00b98...
info|2025-10-12 06:48:21.314491|PBFT-1-0x00007fb6b0897700|[g:1][CONSENSUS][PBFT]FutureBlock,INFO=handleSignMsg,num=549,curNum=548,GenIdx=2,Sview=44,view=44,fromIdx=2,fromNode=73994dae...,fromIp=127.0.0.1:30300,hash=0c937de4...,nodeIdx=3,myNode=87d00b98...
info|2025-10-12 06:48:30.996615|io_service-0x00007fb6ca8cb700|[P2P][Service] heartBeat,connected count=3
info|2025-10-12 06:48:36.490282|PBFT-1-0x00007fb6b0897700|[g:1][CONSENSUS][SEALER]decrease maxBlockCanSeal to half for PBFT timeout,org_maxBlockCanSeal=250,halfed_maxBlockCanSeal=125,timeoutCount=3,lastTimeoutTx=1
warning|2025-10-12 06:48:36.493182|PBFT-1-0x00007fb6b0897700|[g:1][CONSENSUS][PBFT]ViewChangeWarning: not caused by omit empty block ,v=44,toV=45,curNum=548,hash=cbc78a31...,nodeIdx=3,myNode=87d00b98...
info|2025-10-12 06:48:36.494728|PBFT-1-0x00007fb6b0897700|[g:1][CONSENSUS][PBFT]checkTimeout Succ,view=44,toView=45,nodeIdx=3,changeCycle=5,myNode=87d00b98...,timecost=4
info|2025-10-12 06:48:36.505512|PBFT-1-0x00007fb6b0897700|[g:1][CONSENSUS][PBFT]checkAndChangeView: Reach consensus,org_view=44,cur_changeCycle=5,curView=44,view=45
info|2025-10-12 06:48:40.142142|P2P-0x00007fb6cc0ce700|[g:1] [SYNC][id:87d00b98...][Download][Request]Receive block request,peer=374bdfe9...,from=184,to=184
info|2025-10-12 06:48:40.142744|SyncSend-1-0x00007fb6bd0b0700|[g:1][SYNC][id:87d00b98...][Download][Request][BlockSync]Batch blocks for sending,blockSize=24480,number=184,peer=374bdfe9...,timeCost=0
info|2025-10-12 06:48:40.142891|SyncSend-1-0x00007fb6bd0b0700|[g:1][g:1] [SYNC][id:374bdfe9...][Download][Request][BlockSync]Send block packet,peer=374bdfe9...,blocks=1,bytes(V)=24487
info|2025-10-12 06:48:40.997322|io_service-0x00007fb6ca8cb700|[P2P][Service] heartBeat,connected count=3
info|2025-10-12 06:48:50.997600|io_service-0x00007fb6ca8cb700|[P2P][Service] heartBeat,connected count=3
warning|2025-10-12 06:48:59.289783|PBFT-1-0x00007fb6b0897700|[g:1][CONSENSUS][PBFT]ViewChangeWarning: not caused by omit empty block ,v=45,toV=46,curNum=548,hash=cbc78a31...,nodeIdx=3,myNode=87d00b98...
info|2025-10-12 06:48:59.297269|PBFT-1-0x00007fb6b0897700|[g:1][CONSENSUS][PBFT]checkTimeout Succ,view=45,toView=46,nodeIdx=3,changeCycle=6,myNode=87d00b98...,timecost=10
info|2025-10-12 06:48:59.319147|PBFT-1-0x00007fb6b0897700|[g:1][CONSENSUS][PBFT]checkAndChangeView: Reach consensus,org_view=45,cur_changeCycle=6,curView=45,view=46
info|2025-10-12 06:48:59.410299|P2P-0x00007fb6cb0cc700|[g:1] [SYNC][id:87d00b98...][Download][Request]Receive block request,peer=374bdfe9...,from=184,to=184
info|2025-10-12 06:48:59.411048|SyncSend-1-0x00007fb6bd0b0700|[g:1][SYNC][id:87d00b98...][Download][Request][BlockSync]Batch blocks for sending,blockSize=24480,number=184,peer=374bdfe9...,timeCost=1
info|2025-10-12 06:48:59.411207|SyncSend-1-0x00007fb6bd0b0700|[g:1][g:1] [SYNC][id:374bdfe9...][Download][Request][BlockSync]Send block packet,peer=374bdfe9...,blocks=1,bytes(V)=24487
info|2025-10-12 06:48:59.826276|PBFTWork-1-0x00007fb6b70a4700|[g:1][CONSENSUS][PartiallyPBFTReqCache]addPartiallyRawPrepare,height=549,reqIdx=2,hash=d9dd6423...
info|2025-10-12 06:48:59.826830|PBFTWork-1-0x00007fb6b70a4700|[g:1][BLOCKVERIFIER][executeBlock]Executing block,txNum=1,num=549,parentHash=cbc78a31d9b474047a3b9d38eeba9149972c1e8c995db7362daa591c80ba4c05,parentNum=548,parentStateRoot=95eafc9982bfaa84a42d2a6ede343418b030aa2e228c78e61b86509a04b3d428
info|2025-10-12 06:48:59.827255|PBFTWork-1-0x00007fb6b70a4700|[g:1][PRECOMPILED]init GasChargeManagePrecompiled
error|2025-10-12 06:48:59.829824|PBFTWork-1-0x00007fb6b70a4700|[g:1][PRECOMPILED]SM2EncryptPrecompiled exception:307002201f60ef4c2008
error|2025-10-12 06:48:59.829984|PBFTWork-1-0x00007fb6b70a4700|[g:1][EXECUTIVECONTEXT]PrecompiledException,address=000000000000000000000000000000000000500d,message:=307002201f60ef4c2008
error|2025-10-12 06:48:59.830053|PBFTWork-1-0x00007fb6b70a4700|[g:1][EXECUTIVE][TxExeError]Transaction execution error,TransactionExceptionID=22,hash=244a9447c6752346c2464baf4ad8e285627ee05650e682c7c0050b472f45d186
info|2025-10-12 06:48:59.830297|PBFTWork-1-0x00007fb6b70a4700|[g:1][CONSENSUS][PBFT]execBlock,blkNum=549,reqIdx=2,hash=20456736...,nodeIdx=3,myNode=87d00b98...,decodeCost=0,checkCost=0,notifyCost=0,noteSealingCost=0,currentCycle=6,verifyAndSetSenderCost=0,execCost=4,execPerTx=4,totalCost=4
info|2025-10-12 06:48:59.836666|PBFTWork-1-0x00007fb6b70a4700|[g:1][CONSENSUS][PBFT]handlePrepareMsg Succ,timecost=6,INFO=handlePartiallyPrepare,reqIdx=2,view=46,reqNum=549,curNum=548,consNum=549,hash=d9dd6423...,nodeIdx=3,myNode=87d00b98...,curChangeCycle=6
info|2025-10-12 06:48:59.843116|PBFT-1-0x00007fb6b0897700|[g:1][CONSENSUS][PBFT]checkReq: Recv future request,prepHash=20456736...,INFO=handleSignMsg,num=549,curNum=548,GenIdx=2,Sview=46,view=46,fromIdx=2,fromNode=73994dae...,fromIp=127.0.0.1:30300,hash=445bc700...,nodeIdx=3,myNode=87d00b98...
info|2025-10-12 06:48:59.843165|PBFT-1-0x00007fb6b0897700|[g:1][CONSENSUS][PBFT]FutureBlock,INFO=handleSignMsg,num=549,curNum=548,GenIdx=2,Sview=46,view=46,fromIdx=2,fromNode=73994dae...,fromIp=127.0.0.1:30300,hash=445bc700...,nodeIdx=3,myNode=87d00b98...
info|2025-10-12 06:48:59.843861|PBFT-1-0x00007fb6b0897700|[g:1][CONSENSUS][PBFT]checkReq: Recv future request,prepHash=20456736...,INFO=handleSignMsg,num=549,curNum=548,GenIdx=0,Sview=46,view=46,fromIdx=0,fromNode=064cb676...,fromIp=127.0.0.1:30303,hash=532c6e44...,nodeIdx=3,myNode=87d00b98...
info|2025-10-12 06:48:59.843907|PBFT-1-0x00007fb6b0897700|[g:1][CONSENSUS][PBFT]FutureBlock,INFO=handleSignMsg,num=549,curNum=548,GenIdx=0,Sview=46,view=46,fromIdx=0,fromNode=064cb676...,fromIp=127.0.0.1:30303,hash=532c6e44...,nodeIdx=3,myNode=87d00b98...
info|2025-10-12 06:49:00.997859|io_service-0x00007fb6ca8cb700|[P2P][Service] heartBeat,connected count=3
info|2025-10-12 06:49:05.964987|P2P-0x00007fb6cb8cd700|[g:1] [SYNC][id:87d00b98...][Download][Request]Receive block request,peer=374bdfe9...,from=184,to=184
info|2025-10-12 06:49:05.965725|SyncSend-1-0x00007fb6bd0b0700|[g:1][SYNC][id:87d00b98...][Download][Request][BlockSync]Batch blocks for sending,blockSize=24480,number=184,peer=374bdfe9...,timeCost=0
info|2025-10-12 06:49:05.965865|SyncSend-1-0x00007fb6bd0b0700|[g:1][g:1] [SYNC][id:374bdfe9...][Download][Request][BlockSync]Send block packet,peer=374bdfe9...,blocks=1,bytes(V)=24487
info|2025-10-12 06:49:10.998342|io_service-0x00007fb6ca8cb700|[P2P][Service] heartBeat,connected count=3
info|2025-10-12 06:49:20.998548|io_service-0x00007fb6ca8cb700|[P2P][Service] heartBeat,connected count=3
info|2025-10-12 06:49:30.999146|io_service-0x00007fb6ca8cb700|[P2P][Service] heartBeat,connected count=3
info|2025-10-12 06:49:34.010449|PBFT-1-0x00007fb6b0897700|[g:1][CONSENSUS][SEALER]decrease maxBlockCanSeal to half for PBFT timeout,org_maxBlockCanSeal=124,halfed_maxBlockCanSeal=62,timeoutCount=4,lastTimeoutTx=1
warning|2025-10-12 06:49:34.012116|PBFT-1-0x00007fb6b0897700|[g:1][CONSENSUS][PBFT]ViewChangeWarning: not caused by omit empty block ,v=46,toV=47,curNum=548,hash=cbc78a31...,nodeIdx=3,myNode=87d00b98...
info|2025-10-12 06:49:34.012942|PBFT-1-0x00007fb6b0897700|[g:1][CONSENSUS][PBFT]checkTimeout Succ,view=46,toView=47,nodeIdx=3,changeCycle=7,myNode=87d00b98...,timecost=2
info|2025-10-12 06:49:34.022854|PBFT-1-0x00007fb6b0897700|[g:1][CONSENSUS][PBFT]checkAndChangeView: Reach consensus,org_view=46,cur_changeCycle=7,curView=46,view=47
info|2025-10-12 06:49:34.524994|PBFTSeal-1-0x00007fb6a9088700|[g:1][CONSENSUS][SEALER]++++++++++++++++ Generating seal on,blkNum=549,tx=1,nodeIdx=3,hash=1b3b4550...
info|2025-10-12 06:49:34.529072|sealerWorker-0x00007fb6b88a7700|[CONSENSUS]addRawPrepare,height=549,reqIdx=3,hash=1b3b4550...,time=0
info|2025-10-12 06:49:34.529500|sealerWorker-0x00007fb6b88a7700|[BLOCKVERIFIER][executeBlock]Executing block,txNum=1,num=549,parentHash=cbc78a31d9b474047a3b9d38eeba9149972c1e8c995db7362daa591c80ba4c05,parentNum=548,parentStateRoot=95eafc9982bfaa84a42d2a6ede343418b030aa2e228c78e61b86509a04b3d428
info|2025-10-12 06:49:34.529999|sealerWorker-0x00007fb6b88a7700|[PRECOMPILED]init GasChargeManagePrecompiled
error|2025-10-12 06:49:34.531664|sealerWorker-0x00007fb6b88a7700|[PRECOMPILED]SM2EncryptPrecompiled exception:3071022100aedc7f0880
error|2025-10-12 06:49:34.531814|sealerWorker-0x00007fb6b88a7700|[EXECUTIVECONTEXT]PrecompiledException,address=000000000000000000000000000000000000500d,message:=3071022100aedc7f0880
error|2025-10-12 06:49:34.532319|sealerWorker-0x00007fb6b88a7700|[EXECUTIVE][TxExeError]Transaction execution error,TransactionExceptionID=22,hash=244a9447c6752346c2464baf4ad8e285627ee05650e682c7c0050b472f45d186
info|2025-10-12 06:49:34.532497|sealerWorker-0x00007fb6b88a7700|[CONSENSUS][PBFT]execBlock,blkNum=549,reqIdx=3,hash=5e42186d...,nodeIdx=3,myNode=87d00b98...,decodeCost=0,checkCost=0,notifyCost=0,noteSealingCost=0,currentCycle=7,verifyAndSetSenderCost=0,execCost=3,execPerTx=3,totalCost=3
info|2025-10-12 06:49:34.537187|sealerWorker-0x00007fb6b88a7700|[CONSENSUS][PBFT]handlePrepareMsg Succ,timecost=5,INFO=handlePrepareMsg,reqIdx=3,view=47,reqNum=549,curNum=548,consNum=549,curView=47,fromIp=self,hash=1b3b4550...,nodeIdx=3,myNode=87d00b98...,curChangeCycle=7
info|2025-10-12 06:49:34.537239|sealerWorker-0x00007fb6b88a7700|[CONSENSUS][PBFT]generateLocalPrepare,hash=1b3b4550...,H=549,nodeIdx=3,myNode=87d00b98...
info|2025-10-12 06:49:34.542429|PBFT-1-0x00007fb6b0897700|[g:1][CONSENSUS][PBFT]checkReq: Recv future request,prepHash=5e42186d...,INFO=handleSignMsg,num=549,curNum=548,GenIdx=2,Sview=47,view=47,fromIdx=2,fromNode=73994dae...,fromIp=127.0.0.1:30300,hash=1c17c023...,nodeIdx=3,myNode=87d00b98...
info|2025-10-12 06:49:34.542490|PBFT-1-0x00007fb6b0897700|[g:1][CONSENSUS][PBFT]FutureBlock,INFO=handleSignMsg,num=549,curNum=548,GenIdx=2,Sview=47,view=47,fromIdx=2,fromNode=73994dae...,fromIp=127.0.0.1:30300,hash=1c17c023...,nodeIdx=3,myNode=87d00b98...
info|2025-10-12 06:49:34.547456|PBFT-1-0x00007fb6b0897700|[g:1][CONSENSUS][PBFT]checkReq: Recv future request,prepHash=5e42186d...,INFO=handleSignMsg,num=549,curNum=548,GenIdx=0,Sview=47,view=47,fromIdx=0,fromNode=064cb676...,fromIp=127.0.0.1:30303,hash=49039f21...,nodeIdx=3,myNode=87d00b98...
info|2025-10-12 06:49:34.547498|PBFT-1-0x00007fb6b0897700|[g:1][CONSENSUS][PBFT]FutureBlock,INFO=handleSignMsg,num=549,curNum=548,GenIdx=0,Sview=47,view=47,fromIdx=0,fromNode=064cb676...,fromIp=127.0.0.1:30303,hash=49039f21...,nodeIdx=3,myNode=87d00b98...
info|2025-10-12 06:49:40.999431|io_service-0x00007fb6ca8cb700|[P2P][Service] heartBeat,connected count=3
info|2025-10-12 06:49:51.000063|io_service-0x00007fb6ca8cb700|[P2P][Service] heartBeat,connected count=3
info|2025-10-12 06:49:56.408684|fisco-bcos-0x00007fb6cd644dc0|[LEDGER]stop sealer,groupID=1
info|2025-10-12 06:49:56.408761|fisco-bcos-0x00007fb6cd644dc0|[CONSENSUS][SEALER]Stop sealer module...
info|2025-10-12 06:49:56.414359|fisco-bcos-0x00007fb6cd644dc0|[CONSENSUS][ConsensusEngine][Stop ConsensusEngineBase]
info|2025-10-12 06:49:56.416025|fisco-bcos-0x00007fb6cd644dc0|[CONSENSUS][ConsensusEngine]ConsensusEngineBase stopped
info|2025-10-12 06:49:56.416102|fisco-bcos-0x00007fb6cd644dc0|[LEDGER]sealer stopped. stop sync,groupID=1
info|2025-10-12 06:49:56.416719|fisco-bcos-0x00007fb6cd644dc0|[g:1] [SYNC][id:87d00b98...]SyncMsgEngine stopped
info|2025-10-12 06:49:56.500774|fisco-bcos-0x00007fb6cd644dc0|[GossipBlockStatus]stop GossipBlockStatus succ
info|2025-10-12 06:49:56.620365|fisco-bcos-0x00007fb6cd644dc0|[SYNC][id:87d00b98...][g:1]SyncMaster stopped
info|2025-10-12 06:49:56.620455|fisco-bcos-0x00007fb6cd644dc0|[LEDGER]sync stopped. stop event filter manager,groupID=1
info|2025-10-12 06:49:56.630590|fisco-bcos-0x00007fb6cd644dc0|[EVENT][EventLogFilterManager]stop
info|2025-10-12 06:49:56.630652|fisco-bcos-0x00007fb6cd644dc0|[LEDGER]event filter manager stopped. stop tx pool,groupID=1
info|2025-10-12 06:49:56.631139|fisco-bcos-0x00007fb6cd644dc0|[LEDGER]removeNetworkStatHandlerByGroupID and removeGroupBandwidthLimiter for service,groupID=1
info|2025-10-12 06:49:56.631176|fisco-bcos-0x00007fb6cd644dc0|[CHANNEL]removeSDKAllowListByGroupId,groupId=1
info|2025-10-12 06:49:56.631185|fisco-bcos-0x00007fb6cd644dc0|[INITIALIZER]ledgerInitializer stopped
warning|2025-10-12 06:49:56.631276|ChannelServer-0x00007fb6c18b9700|[CHANNEL]Accept failed,message=Operation canceled
info|2025-10-12 06:49:57.632212|fisco-bcos-0x00007fb6cd644dc0|[INITIALIZER]ChannelRPCHttpServer deleted.
info|2025-10-12 06:49:57.633492|fisco-bcos-0x00007fb6cd644dc0|[INITIALIZER]JsonrpcHttpServer deleted.
info|2025-10-12 06:49:57.633533|fisco-bcos-0x00007fb6cd644dc0|[INITIALIZER]RPCInitializer stopped
info|2025-10-12 06:49:57.633651|io_service-0x00007fb6ca8cb700|[NETWORK][Host]Host exit
info|2025-10-12 06:49:57.635884|fisco-bcos-0x00007fb6cd644dc0|[INITIALIZER]P2PInitializer stopped
info|2025-10-12 06:49:57.635928|fisco-bcos-0x00007fb6cd644dc0|[LEDGER]stop sealer,groupID=1
info|2025-10-12 06:49:57.635944|fisco-bcos-0x00007fb6cd644dc0|[LEDGER]sealer stopped. stop sync,groupID=1
info|2025-10-12 06:49:57.635961|fisco-bcos-0x00007fb6cd644dc0|[g:1] [SYNC][id:87d00b98...]SyncMsgEngine stopped
info|2025-10-12 06:49:57.635979|fisco-bcos-0x00007fb6cd644dc0|[GossipBlockStatus]GossipBlockStatus already stopped
info|2025-10-12 06:49:57.635987|fisco-bcos-0x00007fb6cd644dc0|[SYNC][id:87d00b98...][g:1]SyncMaster stopped
info|2025-10-12 06:49:57.635995|fisco-bcos-0x00007fb6cd644dc0|[LEDGER]sync stopped. stop event filter manager,groupID=1
info|2025-10-12 06:49:57.636003|fisco-bcos-0x00007fb6cd644dc0|[LEDGER]event filter manager stopped. stop tx pool,groupID=1
info|2025-10-12 06:49:57.636014|fisco-bcos-0x00007fb6cd644dc0|[LEDGER]removeNetworkStatHandlerByGroupID and removeGroupBandwidthLimiter for service,groupID=1
info|2025-10-12 06:49:57.636032|fisco-bcos-0x00007fb6cd644dc0|[g:1][STORAGE][CachedStorage]Stopping flushStorage thread
info|2025-10-12 06:49:58.233919|fisco-bcos-0x00007fb6cd644dc0|[g:1][STORAGE][CachedStorage]flushStorage thread stopped.
info|2025-10-12 06:49:58.234020|fisco-bcos-0x00007fb6cd644dc0|[DBINITIALIZER] storage stopped
info|2025-10-12 06:49:58.236721|fisco-bcos-0x00007fb6cd644dc0|[g:1] [SYNC][id:87d00b98...]SyncMsgEngine stopped
info|2025-10-12 06:49:58.236876|fisco-bcos-0x00007fb6cd644dc0|[GossipBlockStatus]GossipBlockStatus already stopped
info|2025-10-12 06:49:58.236914|fisco-bcos-0x00007fb6cd644dc0|[SYNC][id:87d00b98...][g:1]SyncMaster stopped
info|2025-10-12 06:49:58.236951|fisco-bcos-0x00007fb6cd644dc0|[g:1] [SYNC][id:87d00b98...]SyncMsgEngine stopped
