info|2025-10-11 09:00:00.176735|Sync-1-0x00007f19a8c06700|[g:1][SYNC][id:87d00b98...]print sync info,peersCount=3,infoJson={"blockNumber":472,"genesisHash":"f0d3e67991e2c3d83533c031601c30c4741aba35d7d8017900779abe4ae22efe","isSyncing":false,"knownHighestNumber":472,"knownLatestHash":"5f36275cbdc7574abba3a618830e3fb2cc1c0930313194ddfa8a689deb54f2f5","latestHash":"5f36275cbdc7574abba3a618830e3fb2cc1c0930313194ddfa8a689deb54f2f5","nodeId":"87d00b98321fc70a5abc85ad9e80db10cce315194133697bf74aace1d3f8430957a766240f751752708f4282f46110d6ea56c3eb5d1c02ce98a66f327f595270","peers":[{"blockNumber":472,"genesisHash":"f0d3e67991e2c3d83533c031601c30c4741aba35d7d8017900779abe4ae22efe","latestHash":"5f36275cbdc7574abba3a618830e3fb2cc1c0930313194ddfa8a689deb54f2f5","nodeId":"064cb676a36047a4b52ecbf9c01664b1e987d91b438110ba6a12d96972726622e824d295b1de8b0298b5afe7bbbc0bd04a3890e1a36eae028c1cfbe07971b995"},{"blockNumber":183,"genesisHash":"f0d3e67991e2c3d83533c031601c30c4741aba35d7d8017900779abe4ae22efe","latestHash":"84b9e5d996bf7a5eb7a7af1e23a8308230a576a20d5c81a92b78a013e510177d","nodeId":"374bdfe969e1d8ea1200ade93e5d8cf1a7d5741f238011004b0f43ca818706f194b2f067e1708125f7ffc536610b9a72addbd56b238d65f18912be39037ffcc5"},{"blockNumber":472,"genesisHash":"f0d3e67991e2c3d83533c031601c30c4741aba35d7d8017900779abe4ae22efe","latestHash":"5f36275cbdc7574abba3a618830e3fb2cc1c0930313194ddfa8a689deb54f2f5","nodeId":"73994dae9e8b8da733108a4153dfe79151d701dff425f84c87b5324e8ebd02ab6a0ebc9e4f1e0298a7ddca50f94a8f95c62b6997226d571e470e8f2b0600634a"}],"protocolId":65545,"txPoolSize":"0"}
warning|2025-10-11 09:00:01.069029|PBFT-1-0x00007f19a7403700|[g:1][CONSENSUS][PBFT]ViewChangeWarning: not caused by omit empty block ,v=2073,toV=2074,curNum=472,hash=5f36275c...,nodeIdx=3,myNode=87d00b98...
info|2025-10-11 09:00:01.070474|PBFT-1-0x00007f19a7403700|[g:1][CONSENSUS][PBFT]checkTimeout Succ,view=2073,toView=2074,nodeIdx=3,changeCycle=2,myNode=87d00b98...,timecost=3
info|2025-10-11 09:00:01.074721|PBFT-1-0x00007f19a7403700|[g:1][CONSENSUS][PBFT]checkAndChangeView: Reach consensus,org_view=2073,cur_changeCycle=2,curView=2073,view=2074
info|2025-10-11 09:00:01.322297|io_service-0x00007f19c1437700|[P2P][Service] heartBeat,connected count=3
info|2025-10-11 09:00:02.081505|PBFT-1-0x00007f19a7403700|[g:1][CONSENSUS]addRawPrepare,height=473,reqIdx=2,hash=61d3bdc3...,time=0
info|2025-10-11 09:00:02.083078|PBFT-1-0x00007f19a7403700|[g:1][CONSENSUS][PBFT]checkTimeout Succ,view=2074,toView=2075,nodeIdx=3,changeCycle=1,myNode=87d00b98...,timecost=2
info|2025-10-11 09:00:02.092052|PBFT-1-0x00007f19a7403700|[g:1][CONSENSUS][PBFT]checkAndChangeView: Reach consensus,org_view=2074,cur_changeCycle=1,curView=2074,view=2075
info|2025-10-11 09:00:03.094076|PBFTSeal-1-0x00007f199fbf4700|[g:1][CONSENSUS][SEALER]++++++++++++++++ Generating seal on,blkNum=473,tx=0,nodeIdx=3,hash=ef382545...
info|2025-10-11 09:00:03.109290|PBFT-1-0x00007f19a7403700|[g:1][CONSENSUS][PBFT]checkTimeout Succ,view=2075,toView=2076,nodeIdx=3,changeCycle=1,myNode=87d00b98...,timecost=4
info|2025-10-11 09:00:03.116480|PBFT-1-0x00007f19a7403700|[g:1][CONSENSUS][PBFT]checkAndChangeView: Reach consensus,org_view=2075,cur_changeCycle=1,curView=2075,view=2076
info|2025-10-11 09:00:04.129132|PBFT-1-0x00007f19a7403700|[g:1][CONSENSUS]addRawPrepare,height=473,reqIdx=0,hash=03f96973...,time=0
info|2025-10-11 09:00:04.133392|PBFT-1-0x00007f19a7403700|[g:1][CONSENSUS][PBFT]checkTimeout Succ,view=2076,toView=2077,nodeIdx=3,changeCycle=1,myNode=87d00b98...,timecost=4
info|2025-10-11 09:00:04.140857|PBFT-1-0x00007f19a7403700|[g:1][CONSENSUS][PBFT]checkAndChangeView: Reach consensus,org_view=2076,cur_changeCycle=1,curView=2076,view=2077
warning|2025-10-11 09:00:08.643646|PBFT-1-0x00007f19a7403700|[g:1][CONSENSUS][PBFT]ViewChangeWarning: not caused by omit empty block ,v=2077,toV=2078,curNum=472,hash=5f36275c...,nodeIdx=3,myNode=87d00b98...
info|2025-10-11 09:00:08.644000|PBFT-1-0x00007f19a7403700|[g:1][CONSENSUS][PBFT]checkTimeout Succ,view=2077,toView=2078,nodeIdx=3,changeCycle=2,myNode=87d00b98...,timecost=2
info|2025-10-11 09:00:08.653612|PBFT-1-0x00007f19a7403700|[g:1][CONSENSUS][PBFT]checkAndChangeView: Reach consensus,org_view=2077,cur_changeCycle=2,curView=2077,view=2078
info|2025-10-11 09:00:09.657397|PBFT-1-0x00007f19a7403700|[g:1][CONSENSUS]addRawPrepare,height=473,reqIdx=2,hash=45ecb272...,time=0
info|2025-10-11 09:00:09.659820|PBFT-1-0x00007f19a7403700|[g:1][CONSENSUS][PBFT]checkTimeout Succ,view=2078,toView=2079,nodeIdx=3,changeCycle=1,myNode=87d00b98...,timecost=2
info|2025-10-11 09:00:09.666956|PBFT-1-0x00007f19a7403700|[g:1][CONSENSUS][PBFT]checkAndChangeView: Reach consensus,org_view=2078,cur_changeCycle=1,curView=2078,view=2079
info|2025-10-11 09:00:10.666515|PBFTSeal-1-0x00007f199fbf4700|[g:1][CONSENSUS][SEALER]++++++++++++++++ Generating seal on,blkNum=473,tx=0,nodeIdx=3,hash=9b66f66c...
info|2025-10-11 09:00:10.673729|PBFT-1-0x00007f19a7403700|[g:1][CONSENSUS][PBFT]checkTimeout Succ,view=2079,toView=2080,nodeIdx=3,changeCycle=1,myNode=87d00b98...,timecost=5
info|2025-10-11 09:00:10.680489|PBFT-1-0x00007f19a7403700|[g:1][CONSENSUS][PBFT]checkAndChangeView: Reach consensus,org_view=2079,cur_changeCycle=1,curView=2079,view=2080
info|2025-10-11 09:00:11.322889|io_service-0x00007f19c1437700|[P2P][Service] heartBeat,connected count=3
info|2025-10-11 09:00:11.691945|PBFT-1-0x00007f19a7403700|[g:1][CONSENSUS]addRawPrepare,height=473,reqIdx=0,hash=9b366f16...,time=0
info|2025-10-11 09:00:11.694113|PBFT-1-0x00007f19a7403700|[g:1][CONSENSUS][PBFT]checkTimeout Succ,view=2080,toView=2081,nodeIdx=3,changeCycle=1,myNode=87d00b98...,timecost=2
info|2025-10-11 09:00:11.703741|PBFT-1-0x00007f19a7403700|[g:1][CONSENSUS][PBFT]checkAndChangeView: Reach consensus,org_view=2080,cur_changeCycle=1,curView=2080,view=2081
warning|2025-10-11 09:00:16.207433|PBFT-1-0x00007f19a7403700|[g:1][CONSENSUS][PBFT]ViewChangeWarning: not caused by omit empty block ,v=2081,toV=2082,curNum=472,hash=5f36275c...,nodeIdx=3,myNode=87d00b98...
info|2025-10-11 09:00:16.213668|PBFT-1-0x00007f19a7403700|[g:1][CONSENSUS][PBFT]checkTimeout Succ,view=2081,toView=2082,nodeIdx=3,changeCycle=2,myNode=87d00b98...,timecost=8
info|2025-10-11 09:00:16.221004|PBFT-1-0x00007f19a7403700|[g:1][CONSENSUS][PBFT]checkAndChangeView: Reach consensus,org_view=2081,cur_changeCycle=2,curView=2081,view=2082
info|2025-10-11 09:00:17.243813|PBFT-1-0x00007f19a7403700|[g:1][CONSENSUS]addRawPrepare,height=473,reqIdx=2,hash=08944094...,time=0
info|2025-10-11 09:00:17.248155|PBFT-1-0x00007f19a7403700|[g:1][CONSENSUS][PBFT]checkTimeout Succ,view=2082,toView=2083,nodeIdx=3,changeCycle=1,myNode=87d00b98...,timecost=5
info|2025-10-11 09:00:17.250469|PBFT-1-0x00007f19a7403700|[g:1][CONSENSUS][PBFT]checkAndChangeView: Reach consensus,org_view=2082,cur_changeCycle=1,curView=2082,view=2083
info|2025-10-11 09:00:18.196109|P2P-0x00007f19c2439700|[g:1] [SYNC][id:87d00b98...][Download][Request]Receive block request,peer=374bdfe9...,from=184,to=184
info|2025-10-11 09:00:18.196655|SyncSend-1-0x00007f19b3c1c700|[g:1][SYNC][id:87d00b98...][Download][Request][BlockSync]Batch blocks for sending,blockSize=24480,number=184,peer=374bdfe9...,timeCost=0
info|2025-10-11 09:00:18.196801|SyncSend-1-0x00007f19b3c1c700|[g:1][g:1] [SYNC][id:374bdfe9...][Download][Request][BlockSync]Send block packet,peer=374bdfe9...,blocks=1,bytes(V)=24487
info|2025-10-11 09:00:18.251755|PBFTSeal-1-0x00007f199fbf4700|[g:1][CONSENSUS][SEALER]++++++++++++++++ Generating seal on,blkNum=473,tx=0,nodeIdx=3,hash=dbbb5c6d...
info|2025-10-11 09:00:18.278715|PBFT-1-0x00007f19a7403700|[g:1][CONSENSUS][PBFT]checkTimeout Succ,view=2083,toView=2084,nodeIdx=3,changeCycle=1,myNode=87d00b98...,timecost=3
info|2025-10-11 09:00:18.314383|PBFT-1-0x00007f19a7403700|[g:1][CONSENSUS][PBFT]checkAndChangeView: Reach consensus,org_view=2083,cur_changeCycle=1,curView=2083,view=2084
info|2025-10-11 09:00:19.324630|PBFT-1-0x00007f19a7403700|[g:1][CONSENSUS]addRawPrepare,height=473,reqIdx=0,hash=47122cd9...,time=0
info|2025-10-11 09:00:19.327244|PBFT-1-0x00007f19a7403700|[g:1][CONSENSUS][PBFT]checkTimeout Succ,view=2084,toView=2085,nodeIdx=3,changeCycle=1,myNode=87d00b98...,timecost=3
info|2025-10-11 09:00:19.338134|PBFT-1-0x00007f19a7403700|[g:1][CONSENSUS][PBFT]checkAndChangeView: Reach consensus,org_view=2084,cur_changeCycle=1,curView=2084,view=2085
info|2025-10-11 09:00:21.323120|io_service-0x00007f19c1437700|[P2P][Service] heartBeat,connected count=3
warning|2025-10-11 09:00:23.844785|PBFT-1-0x00007f19a7403700|[g:1][CONSENSUS][PBFT]ViewChangeWarning: not caused by omit empty block ,v=2085,toV=2086,curNum=472,hash=5f36275c...,nodeIdx=3,myNode=87d00b98...
info|2025-10-11 09:00:23.845149|PBFT-1-0x00007f19a7403700|[g:1][CONSENSUS][PBFT]checkTimeout Succ,view=2085,toView=2086,nodeIdx=3,changeCycle=2,myNode=87d00b98...,timecost=3
info|2025-10-11 09:00:23.861131|PBFT-1-0x00007f19a7403700|[g:1][CONSENSUS][PBFT]checkAndChangeView: Reach consensus,org_view=2085,cur_changeCycle=2,curView=2085,view=2086
info|2025-10-11 09:00:24.751871|P2P-0x00007f19c343b700|[g:1] [SYNC][id:87d00b98...][Download][Request]Receive block request,peer=374bdfe9...,from=184,to=184
info|2025-10-11 09:00:24.752521|SyncSend-1-0x00007f19b3c1c700|[g:1][SYNC][id:87d00b98...][Download][Request][BlockSync]Batch blocks for sending,blockSize=24480,number=184,peer=374bdfe9...,timeCost=0
info|2025-10-11 09:00:24.752623|SyncSend-1-0x00007f19b3c1c700|[g:1][g:1] [SYNC][id:374bdfe9...][Download][Request][BlockSync]Send block packet,peer=374bdfe9...,blocks=1,bytes(V)=24487
info|2025-10-11 09:00:24.872208|PBFT-1-0x00007f19a7403700|[g:1][CONSENSUS]addRawPrepare,height=473,reqIdx=2,hash=54831653...,time=0
info|2025-10-11 09:00:24.874555|PBFT-1-0x00007f19a7403700|[g:1][CONSENSUS][PBFT]checkTimeout Succ,view=2086,toView=2087,nodeIdx=3,changeCycle=1,myNode=87d00b98...,timecost=2
info|2025-10-11 09:00:24.888710|PBFT-1-0x00007f19a7403700|[g:1][CONSENSUS][PBFT]checkAndChangeView: Reach consensus,org_view=2086,cur_changeCycle=1,curView=2086,view=2087
info|2025-10-11 09:00:25.890078|PBFTSeal-1-0x00007f199fbf4700|[g:1][CONSENSUS][SEALER]++++++++++++++++ Generating seal on,blkNum=473,tx=0,nodeIdx=3,hash=08b0e999...
info|2025-10-11 09:00:25.912469|PBFT-1-0x00007f19a7403700|[g:1][CONSENSUS][PBFT]checkTimeout Succ,view=2087,toView=2088,nodeIdx=3,changeCycle=1,myNode=87d00b98...,timecost=19
info|2025-10-11 09:00:25.919157|PBFT-1-0x00007f19a7403700|[g:1][CONSENSUS][PBFT]checkAndChangeView: Reach consensus,org_view=2087,cur_changeCycle=1,curView=2087,view=2088
info|2025-10-11 09:00:26.923741|PBFT-1-0x00007f19a7403700|[g:1][CONSENSUS]addRawPrepare,height=473,reqIdx=0,hash=027b2b05...,time=0
info|2025-10-11 09:00:26.929129|PBFT-1-0x00007f19a7403700|[g:1][CONSENSUS][PBFT]checkTimeout Succ,view=2088,toView=2089,nodeIdx=3,changeCycle=1,myNode=87d00b98...,timecost=6
info|2025-10-11 09:00:26.942451|PBFT-1-0x00007f19a7403700|[g:1][CONSENSUS][PBFT]checkAndChangeView: Reach consensus,org_view=2088,cur_changeCycle=1,curView=2088,view=2089
info|2025-10-11 09:00:31.323969|io_service-0x00007f19c1437700|[P2P][Service] heartBeat,connected count=3
warning|2025-10-11 09:00:31.446906|PBFT-1-0x00007f19a7403700|[g:1][CONSENSUS][PBFT]ViewChangeWarning: not caused by omit empty block ,v=2089,toV=2090,curNum=472,hash=5f36275c...,nodeIdx=3,myNode=87d00b98...
info|2025-10-11 09:00:31.447744|PBFT-1-0x00007f19a7403700|[g:1][CONSENSUS][PBFT]checkTimeout Succ,view=2089,toView=2090,nodeIdx=3,changeCycle=2,myNode=87d00b98...,timecost=3
info|2025-10-11 09:00:31.454642|PBFT-1-0x00007f19a7403700|[g:1][CONSENSUS][PBFT]checkAndChangeView: Reach consensus,org_view=2089,cur_changeCycle=2,curView=2089,view=2090
info|2025-10-11 09:00:32.462792|PBFT-1-0x00007f19a7403700|[g:1][CONSENSUS]addRawPrepare,height=473,reqIdx=2,hash=74de7636...,time=0
info|2025-10-11 09:00:32.465565|PBFT-1-0x00007f19a7403700|[g:1][CONSENSUS][PBFT]checkTimeout Succ,view=2090,toView=2091,nodeIdx=3,changeCycle=1,myNode=87d00b98...,timecost=3
info|2025-10-11 09:00:32.476836|PBFT-1-0x00007f19a7403700|[g:1][CONSENSUS][PBFT]checkAndChangeView: Reach consensus,org_view=2090,cur_changeCycle=1,curView=2090,view=2091
info|2025-10-11 09:00:33.478020|PBFTSeal-1-0x00007f199fbf4700|[g:1][CONSENSUS][SEALER]++++++++++++++++ Generating seal on,blkNum=473,tx=0,nodeIdx=3,hash=d4b8a9cf...
info|2025-10-11 09:00:33.490424|PBFT-1-0x00007f19a7403700|[g:1][CONSENSUS][PBFT]checkTimeout Succ,view=2091,toView=2092,nodeIdx=3,changeCycle=1,myNode=87d00b98...,timecost=2
info|2025-10-11 09:00:33.497650|PBFT-1-0x00007f19a7403700|[g:1][CONSENSUS][PBFT]checkAndChangeView: Reach consensus,org_view=2091,cur_changeCycle=1,curView=2091,view=2092
info|2025-10-11 09:00:34.508842|PBFT-1-0x00007f19a7403700|[g:1][CONSENSUS]addRawPrepare,height=473,reqIdx=0,hash=8a80a04c...,time=0
info|2025-10-11 09:00:34.511442|PBFT-1-0x00007f19a7403700|[g:1][CONSENSUS][PBFT]checkTimeout Succ,view=2092,toView=2093,nodeIdx=3,changeCycle=1,myNode=87d00b98...,timecost=3
info|2025-10-11 09:00:34.520737|PBFT-1-0x00007f19a7403700|[g:1][CONSENSUS][PBFT]checkAndChangeView: Reach consensus,org_view=2092,cur_changeCycle=1,curView=2092,view=2093
info|2025-10-11 09:00:37.763180|P2P-0x00007f19c2439700|[g:1] [SYNC][id:87d00b98...][Download][Request]Receive block request,peer=374bdfe9...,from=184,to=184
info|2025-10-11 09:00:37.764633|SyncSend-1-0x00007f19b3c1c700|[g:1][SYNC][id:87d00b98...][Download][Request][BlockSync]Batch blocks for sending,blockSize=24480,number=184,peer=374bdfe9...,timeCost=0
info|2025-10-11 09:00:37.764778|SyncSend-1-0x00007f19b3c1c700|[g:1][g:1] [SYNC][id:374bdfe9...][Download][Request][BlockSync]Send block packet,peer=374bdfe9...,blocks=1,bytes(V)=24487
warning|2025-10-11 09:00:39.029984|PBFT-1-0x00007f19a7403700|[g:1][CONSENSUS][PBFT]ViewChangeWarning: not caused by omit empty block ,v=2093,toV=2094,curNum=472,hash=5f36275c...,nodeIdx=3,myNode=87d00b98...
info|2025-10-11 09:00:39.030219|PBFT-1-0x00007f19a7403700|[g:1][CONSENSUS][PBFT]checkTimeout Succ,view=2093,toView=2094,nodeIdx=3,changeCycle=2,myNode=87d00b98...,timecost=4
info|2025-10-11 09:00:39.032363|PBFT-1-0x00007f19a7403700|[g:1][CONSENSUS][PBFT]checkAndChangeView: Reach consensus,org_view=2093,cur_changeCycle=2,curView=2093,view=2094
info|2025-10-11 09:00:40.038744|PBFT-1-0x00007f19a7403700|[g:1][CONSENSUS]addRawPrepare,height=473,reqIdx=2,hash=ae941990...,time=0
info|2025-10-11 09:00:40.047389|PBFT-1-0x00007f19a7403700|[g:1][CONSENSUS][PBFT]checkTimeout Succ,view=2094,toView=2095,nodeIdx=3,changeCycle=1,myNode=87d00b98...,timecost=9
info|2025-10-11 09:00:40.051538|PBFT-1-0x00007f19a7403700|[g:1][CONSENSUS][PBFT]checkAndChangeView: Reach consensus,org_view=2094,cur_changeCycle=1,curView=2094,view=2095
info|2025-10-11 09:00:41.052718|PBFTSeal-1-0x00007f199fbf4700|[g:1][CONSENSUS][SEALER]++++++++++++++++ Generating seal on,blkNum=473,tx=0,nodeIdx=3,hash=175d1b79...
info|2025-10-11 09:00:41.064521|PBFT-1-0x00007f19a7403700|[g:1][CONSENSUS][PBFT]checkTimeout Succ,view=2095,toView=2096,nodeIdx=3,changeCycle=1,myNode=87d00b98...,timecost=10
info|2025-10-11 09:00:41.070851|PBFT-1-0x00007f19a7403700|[g:1][CONSENSUS][PBFT]checkAndChangeView: Reach consensus,org_view=2095,cur_changeCycle=1,curView=2095,view=2096
info|2025-10-11 09:00:41.324978|io_service-0x00007f19c1437700|[P2P][Service] heartBeat,connected count=3
info|2025-10-11 09:00:42.079521|PBFT-1-0x00007f19a7403700|[g:1][CONSENSUS]addRawPrepare,height=473,reqIdx=0,hash=ec3f3e05...,time=0
info|2025-10-11 09:00:42.083118|PBFT-1-0x00007f19a7403700|[g:1][CONSENSUS][PBFT]checkTimeout Succ,view=2096,toView=2097,nodeIdx=3,changeCycle=1,myNode=87d00b98...,timecost=4
info|2025-10-11 09:00:42.090726|PBFT-1-0x00007f19a7403700|[g:1][CONSENSUS][PBFT]checkAndChangeView: Reach consensus,org_view=2096,cur_changeCycle=1,curView=2096,view=2097
warning|2025-10-11 09:00:46.599139|PBFT-1-0x00007f19a7403700|[g:1][CONSENSUS][PBFT]ViewChangeWarning: not caused by omit empty block ,v=2097,toV=2098,curNum=472,hash=5f36275c...,nodeIdx=3,myNode=87d00b98...
info|2025-10-11 09:00:46.607247|PBFT-1-0x00007f19a7403700|[g:1][CONSENSUS][PBFT]checkTimeout Succ,view=2097,toView=2098,nodeIdx=3,changeCycle=2,myNode=87d00b98...,timecost=10
info|2025-10-11 09:00:46.614820|PBFT-1-0x00007f19a7403700|[g:1][CONSENSUS][PBFT]checkAndChangeView: Reach consensus,org_view=2097,cur_changeCycle=2,curView=2097,view=2098
info|2025-10-11 09:00:47.620358|PBFT-1-0x00007f19a7403700|[g:1][CONSENSUS]addRawPrepare,height=473,reqIdx=2,hash=7a0c0779...,time=0
info|2025-10-11 09:00:47.621922|PBFT-1-0x00007f19a7403700|[g:1][CONSENSUS][PBFT]checkTimeout Succ,view=2098,toView=2099,nodeIdx=3,changeCycle=1,myNode=87d00b98...,timecost=1
info|2025-10-11 09:00:47.633463|PBFT-1-0x00007f19a7403700|[g:1][CONSENSUS][PBFT]checkAndChangeView: Reach consensus,org_view=2098,cur_changeCycle=1,curView=2098,view=2099
info|2025-10-11 09:00:48.633899|PBFTSeal-1-0x00007f199fbf4700|[g:1][CONSENSUS][SEALER]++++++++++++++++ Generating seal on,blkNum=473,tx=0,nodeIdx=3,hash=51bddec2...
info|2025-10-11 09:00:48.644923|PBFT-1-0x00007f19a7403700|[g:1][CONSENSUS][PBFT]checkTimeout Succ,view=2099,toView=2100,nodeIdx=3,changeCycle=1,myNode=87d00b98...,timecost=1
info|2025-10-11 09:00:48.652860|PBFT-1-0x00007f19a7403700|[g:1][CONSENSUS][PBFT]checkAndChangeView: Reach consensus,org_view=2099,cur_changeCycle=1,curView=2099,view=2100
info|2025-10-11 09:00:49.664025|PBFT-1-0x00007f19a7403700|[g:1][CONSENSUS]addRawPrepare,height=473,reqIdx=0,hash=671dc572...,time=0
info|2025-10-11 09:00:49.668995|PBFT-1-0x00007f19a7403700|[g:1][CONSENSUS][PBFT]checkTimeout Succ,view=2100,toView=2101,nodeIdx=3,changeCycle=1,myNode=87d00b98...,timecost=5
info|2025-10-11 09:00:49.676835|PBFT-1-0x00007f19a7403700|[g:1][CONSENSUS][PBFT]checkAndChangeView: Reach consensus,org_view=2100,cur_changeCycle=1,curView=2100,view=2101
info|2025-10-11 09:00:50.681360|P2P-0x00007f19c2439700|[g:1] [SYNC][id:87d00b98...][Download][Request]Receive block request,peer=374bdfe9...,from=184,to=184
info|2025-10-11 09:00:50.681884|SyncSend-1-0x00007f19b3c1c700|[g:1][SYNC][id:87d00b98...][Download][Request][BlockSync]Batch blocks for sending,blockSize=24480,number=184,peer=374bdfe9...,timeCost=0
info|2025-10-11 09:00:50.682054|SyncSend-1-0x00007f19b3c1c700|[g:1][g:1] [SYNC][id:374bdfe9...][Download][Request][BlockSync]Send block packet,peer=374bdfe9...,blocks=1,bytes(V)=24487
info|2025-10-11 09:00:51.325630|io_service-0x00007f19c1437700|[P2P][Service] heartBeat,connected count=3
warning|2025-10-11 09:00:54.178415|PBFT-1-0x00007f19a7403700|[g:1][CONSENSUS][PBFT]ViewChangeWarning: not caused by omit empty block ,v=2101,toV=2102,curNum=472,hash=5f36275c...,nodeIdx=3,myNode=87d00b98...
info|2025-10-11 09:00:54.178636|PBFT-1-0x00007f19a7403700|[g:1][CONSENSUS][PBFT]checkTimeout Succ,view=2101,toView=2102,nodeIdx=3,changeCycle=2,myNode=87d00b98...,timecost=1
info|2025-10-11 09:00:54.195029|PBFT-1-0x00007f19a7403700|[g:1][CONSENSUS][PBFT]checkAndChangeView: Reach consensus,org_view=2101,cur_changeCycle=2,curView=2101,view=2102
info|2025-10-11 09:00:55.201571|PBFT-1-0x00007f19a7403700|[g:1][CONSENSUS]addRawPrepare,height=473,reqIdx=2,hash=cee7859c...,time=0
info|2025-10-11 09:00:55.204898|PBFT-1-0x00007f19a7403700|[g:1][CONSENSUS][PBFT]checkTimeout Succ,view=2102,toView=2103,nodeIdx=3,changeCycle=1,myNode=87d00b98...,timecost=2
info|2025-10-11 09:00:55.210430|PBFT-1-0x00007f19a7403700|[g:1][CONSENSUS][PBFT]checkAndChangeView: Reach consensus,org_view=2102,cur_changeCycle=1,curView=2102,view=2103
info|2025-10-11 09:00:56.210793|PBFTSeal-1-0x00007f199fbf4700|[g:1][CONSENSUS][SEALER]++++++++++++++++ Generating seal on,blkNum=473,tx=0,nodeIdx=3,hash=71e6d9c5...
info|2025-10-11 09:00:56.214083|PBFT-1-0x00007f19a7403700|[g:1][CONSENSUS][PBFT]checkTimeout Succ,view=2103,toView=2104,nodeIdx=3,changeCycle=1,myNode=87d00b98...,timecost=2
info|2025-10-11 09:00:56.228115|PBFT-1-0x00007f19a7403700|[g:1][CONSENSUS][PBFT]checkAndChangeView: Reach consensus,org_view=2103,cur_changeCycle=1,curView=2103,view=2104
info|2025-10-11 09:00:57.224544|P2P-0x00007f19c2439700|[g:1] [SYNC][id:87d00b98...][Download][Request]Receive block request,peer=374bdfe9...,from=184,to=184
info|2025-10-11 09:00:57.224907|SyncSend-1-0x00007f19b3c1c700|[g:1][SYNC][id:87d00b98...][Download][Request][BlockSync]Batch blocks for sending,blockSize=24480,number=184,peer=374bdfe9...,timeCost=0
info|2025-10-11 09:00:57.225044|SyncSend-1-0x00007f19b3c1c700|[g:1][g:1] [SYNC][id:374bdfe9...][Download][Request][BlockSync]Send block packet,peer=374bdfe9...,blocks=1,bytes(V)=24487
info|2025-10-11 09:00:57.234090|PBFT-1-0x00007f19a7403700|[g:1][CONSENSUS]addRawPrepare,height=473,reqIdx=0,hash=541d0bce...,time=0
info|2025-10-11 09:00:57.237547|PBFT-1-0x00007f19a7403700|[g:1][CONSENSUS][PBFT]checkTimeout Succ,view=2104,toView=2105,nodeIdx=3,changeCycle=1,myNode=87d00b98...,timecost=3
info|2025-10-11 09:00:57.244549|PBFT-1-0x00007f19a7403700|[g:1][CONSENSUS][PBFT]checkAndChangeView: Reach consensus,org_view=2104,cur_changeCycle=1,curView=2104,view=2105
info|2025-10-11 09:01:01.326088|io_service-0x00007f19c1437700|[P2P][Service] heartBeat,connected count=3
warning|2025-10-11 09:01:01.756176|PBFT-1-0x00007f19a7403700|[g:1][CONSENSUS][PBFT]ViewChangeWarning: not caused by omit empty block ,v=2105,toV=2106,curNum=472,hash=5f36275c...,nodeIdx=3,myNode=87d00b98...
info|2025-10-11 09:01:01.759597|PBFT-1-0x00007f19a7403700|[g:1][CONSENSUS][PBFT]checkTimeout Succ,view=2105,toView=2106,nodeIdx=3,changeCycle=2,myNode=87d00b98...,timecost=8
info|2025-10-11 09:01:01.769608|PBFT-1-0x00007f19a7403700|[g:1][CONSENSUS][PBFT]checkAndChangeView: Reach consensus,org_view=2105,cur_changeCycle=2,curView=2105,view=2106
info|2025-10-11 09:01:02.777548|PBFT-1-0x00007f19a7403700|[g:1][CONSENSUS]addRawPrepare,height=473,reqIdx=2,hash=3b9a2388...,time=0
info|2025-10-11 09:01:02.779306|PBFT-1-0x00007f19a7403700|[g:1][CONSENSUS][PBFT]checkTimeout Succ,view=2106,toView=2107,nodeIdx=3,changeCycle=1,myNode=87d00b98...,timecost=2
info|2025-10-11 09:01:02.787118|PBFT-1-0x00007f19a7403700|[g:1][CONSENSUS][PBFT]checkAndChangeView: Reach consensus,org_view=2106,cur_changeCycle=1,curView=2106,view=2107
info|2025-10-11 09:01:03.798250|PBFTSeal-1-0x00007f199fbf4700|[g:1][CONSENSUS][SEALER]++++++++++++++++ Generating seal on,blkNum=473,tx=0,nodeIdx=3,hash=c2d835a0...
info|2025-10-11 09:01:03.821320|PBFT-1-0x00007f19a7403700|[g:1][CONSENSUS][PBFT]checkTimeout Succ,view=2107,toView=2108,nodeIdx=3,changeCycle=1,myNode=87d00b98...,timecost=13
info|2025-10-11 09:01:03.848313|PBFT-1-0x00007f19a7403700|[g:1][CONSENSUS][PBFT]checkAndChangeView: Reach consensus,org_view=2107,cur_changeCycle=1,curView=2107,view=2108
info|2025-10-11 09:01:04.861097|PBFT-1-0x00007f19a7403700|[g:1][CONSENSUS]addRawPrepare,height=473,reqIdx=0,hash=21c690e8...,time=0
info|2025-10-11 09:01:04.868728|PBFT-1-0x00007f19a7403700|[g:1][CONSENSUS][PBFT]checkTimeout Succ,view=2108,toView=2109,nodeIdx=3,changeCycle=1,myNode=87d00b98...,timecost=7
info|2025-10-11 09:01:04.877418|PBFT-1-0x00007f19a7403700|[g:1][CONSENSUS][PBFT]checkAndChangeView: Reach consensus,org_view=2108,cur_changeCycle=1,curView=2108,view=2109
warning|2025-10-11 09:01:09.386969|PBFT-1-0x00007f19a7403700|[g:1][CONSENSUS][PBFT]ViewChangeWarning: not caused by omit empty block ,v=2109,toV=2110,curNum=472,hash=5f36275c...,nodeIdx=3,myNode=87d00b98...
info|2025-10-11 09:01:09.387287|PBFT-1-0x00007f19a7403700|[g:1][CONSENSUS][PBFT]checkTimeout Succ,view=2109,toView=2110,nodeIdx=3,changeCycle=2,myNode=87d00b98...,timecost=3
info|2025-10-11 09:01:09.402791|PBFT-1-0x00007f19a7403700|[g:1][CONSENSUS][PBFT]checkAndChangeView: Reach consensus,org_view=2109,cur_changeCycle=2,curView=2109,view=2110
info|2025-10-11 09:01:10.417860|PBFT-1-0x00007f19a7403700|[g:1][CONSENSUS]addRawPrepare,height=473,reqIdx=2,hash=b354c923...,time=0
info|2025-10-11 09:01:10.430154|PBFT-1-0x00007f19a7403700|[g:1][CONSENSUS][PBFT]checkTimeout Succ,view=2110,toView=2111,nodeIdx=3,changeCycle=1,myNode=87d00b98...,timecost=13
info|2025-10-11 09:01:10.434413|PBFT-1-0x00007f19a7403700|[g:1][CONSENSUS][PBFT]checkAndChangeView: Reach consensus,org_view=2110,cur_changeCycle=1,curView=2110,view=2111
info|2025-10-11 09:01:11.326286|io_service-0x00007f19c1437700|[P2P][Service] heartBeat,connected count=3
info|2025-10-11 09:01:11.434453|PBFTSeal-1-0x00007f199fbf4700|[g:1][CONSENSUS][SEALER]++++++++++++++++ Generating seal on,blkNum=473,tx=0,nodeIdx=3,hash=d6915648...
info|2025-10-11 09:01:11.444327|PBFT-1-0x00007f19a7403700|[g:1][CONSENSUS][PBFT]checkTimeout Succ,view=2111,toView=2112,nodeIdx=3,changeCycle=1,myNode=87d00b98...,timecost=2
info|2025-10-11 09:01:11.454994|PBFT-1-0x00007f19a7403700|[g:1][CONSENSUS][PBFT]checkAndChangeView: Reach consensus,org_view=2111,cur_changeCycle=1,curView=2111,view=2112
info|2025-10-11 09:01:12.465483|PBFT-1-0x00007f19a7403700|[g:1][CONSENSUS]addRawPrepare,height=473,reqIdx=0,hash=330e10c9...,time=0
info|2025-10-11 09:01:12.467260|PBFT-1-0x00007f19a7403700|[g:1][CONSENSUS][PBFT]checkTimeout Succ,view=2112,toView=2113,nodeIdx=3,changeCycle=1,myNode=87d00b98...,timecost=2
info|2025-10-11 09:01:12.478937|PBFT-1-0x00007f19a7403700|[g:1][CONSENSUS][PBFT]checkAndChangeView: Reach consensus,org_view=2112,cur_changeCycle=1,curView=2112,view=2113
warning|2025-10-11 09:01:16.982131|PBFT-1-0x00007f19a7403700|[g:1][CONSENSUS][PBFT]ViewChangeWarning: not caused by omit empty block ,v=2113,toV=2114,curNum=472,hash=5f36275c...,nodeIdx=3,myNode=87d00b98...
info|2025-10-11 09:01:16.984371|PBFT-1-0x00007f19a7403700|[g:1][CONSENSUS][PBFT]checkTimeout Succ,view=2113,toView=2114,nodeIdx=3,changeCycle=2,myNode=87d00b98...,timecost=6
info|2025-10-11 09:01:16.995723|PBFT-1-0x00007f19a7403700|[g:1][CONSENSUS][PBFT]checkAndChangeView: Reach consensus,org_view=2113,cur_changeCycle=2,curView=2113,view=2114
info|2025-10-11 09:01:18.011398|PBFT-1-0x00007f19a7403700|[g:1][CONSENSUS]addRawPrepare,height=473,reqIdx=2,hash=dccdbeb4...,time=0
info|2025-10-11 09:01:18.013380|PBFT-1-0x00007f19a7403700|[g:1][CONSENSUS][PBFT]checkTimeout Succ,view=2114,toView=2115,nodeIdx=3,changeCycle=1,myNode=87d00b98...,timecost=2
info|2025-10-11 09:01:18.023991|PBFT-1-0x00007f19a7403700|[g:1][CONSENSUS][PBFT]checkAndChangeView: Reach consensus,org_view=2114,cur_changeCycle=1,curView=2114,view=2115
info|2025-10-11 09:01:19.024612|PBFTSeal-1-0x00007f199fbf4700|[g:1][CONSENSUS][SEALER]++++++++++++++++ Generating seal on,blkNum=473,tx=0,nodeIdx=3,hash=414eb2cc...
info|2025-10-11 09:01:19.042813|PBFT-1-0x00007f19a7403700|[g:1][CONSENSUS][PBFT]checkTimeout Succ,view=2115,toView=2116,nodeIdx=3,changeCycle=1,myNode=87d00b98...,timecost=8
info|2025-10-11 09:01:19.051854|PBFT-1-0x00007f19a7403700|[g:1][CONSENSUS][PBFT]checkAndChangeView: Reach consensus,org_view=2115,cur_changeCycle=1,curView=2115,view=2116
info|2025-10-11 09:01:20.065116|PBFT-1-0x00007f19a7403700|[g:1][CONSENSUS]addRawPrepare,height=473,reqIdx=0,hash=236235ca...,time=0
info|2025-10-11 09:01:20.073395|PBFT-1-0x00007f19a7403700|[g:1][CONSENSUS][PBFT]checkTimeout Succ,view=2116,toView=2117,nodeIdx=3,changeCycle=1,myNode=87d00b98...,timecost=8
info|2025-10-11 09:01:20.083235|PBFT-1-0x00007f19a7403700|[g:1][CONSENSUS][PBFT]checkAndChangeView: Reach consensus,org_view=2116,cur_changeCycle=1,curView=2116,view=2117
info|2025-10-11 09:01:21.326821|io_service-0x00007f19c1437700|[P2P][Service] heartBeat,connected count=3
warning|2025-10-11 09:01:24.587589|PBFT-1-0x00007f19a7403700|[g:1][CONSENSUS][PBFT]ViewChangeWarning: not caused by omit empty block ,v=2117,toV=2118,curNum=472,hash=5f36275c...,nodeIdx=3,myNode=87d00b98...
info|2025-10-11 09:01:24.593404|PBFT-1-0x00007f19a7403700|[g:1][CONSENSUS][PBFT]checkTimeout Succ,view=2117,toView=2118,nodeIdx=3,changeCycle=2,myNode=87d00b98...,timecost=8
info|2025-10-11 09:01:24.598409|PBFT-1-0x00007f19a7403700|[g:1][CONSENSUS][PBFT]checkAndChangeView: Reach consensus,org_view=2117,cur_changeCycle=2,curView=2117,view=2118
info|2025-10-11 09:01:25.599479|PBFT-1-0x00007f19a7403700|[g:1][CONSENSUS]addRawPrepare,height=473,reqIdx=2,hash=d8fd0db8...,time=0
info|2025-10-11 09:01:25.605060|PBFT-1-0x00007f19a7403700|[g:1][CONSENSUS][PBFT]checkTimeout Succ,view=2118,toView=2119,nodeIdx=3,changeCycle=1,myNode=87d00b98...,timecost=6
info|2025-10-11 09:01:25.613283|PBFT-1-0x00007f19a7403700|[g:1][CONSENSUS][PBFT]checkAndChangeView: Reach consensus,org_view=2118,cur_changeCycle=1,curView=2118,view=2119
info|2025-10-11 09:01:26.614751|PBFTSeal-1-0x00007f199fbf4700|[g:1][CONSENSUS][SEALER]++++++++++++++++ Generating seal on,blkNum=473,tx=0,nodeIdx=3,hash=5c1caa6b...
info|2025-10-11 09:01:26.624208|PBFT-1-0x00007f19a7403700|[g:1][CONSENSUS][PBFT]checkTimeout Succ,view=2119,toView=2120,nodeIdx=3,changeCycle=1,myNode=87d00b98...,timecost=3
info|2025-10-11 09:01:26.629538|PBFT-1-0x00007f19a7403700|[g:1][CONSENSUS][PBFT]checkAndChangeView: Reach consensus,org_view=2119,cur_changeCycle=1,curView=2119,view=2120
info|2025-10-11 09:01:27.639572|PBFT-1-0x00007f19a7403700|[g:1][CONSENSUS]addRawPrepare,height=473,reqIdx=0,hash=e5962509...,time=0
info|2025-10-11 09:01:27.641397|PBFT-1-0x00007f19a7403700|[g:1][CONSENSUS][PBFT]checkTimeout Succ,view=2120,toView=2121,nodeIdx=3,changeCycle=1,myNode=87d00b98...,timecost=2
info|2025-10-11 09:01:27.652596|PBFT-1-0x00007f19a7403700|[g:1][CONSENSUS][PBFT]checkAndChangeView: Reach consensus,org_view=2120,cur_changeCycle=1,curView=2120,view=2121
info|2025-10-11 09:01:29.805311|P2P-0x00007f19c2c3a700|[g:1] [SYNC][id:87d00b98...][Download][Request]Receive block request,peer=374bdfe9...,from=184,to=184
info|2025-10-11 09:01:29.805991|SyncSend-1-0x00007f19b3c1c700|[g:1][SYNC][id:87d00b98...][Download][Request][BlockSync]Batch blocks for sending,blockSize=24480,number=184,peer=374bdfe9...,timeCost=1
info|2025-10-11 09:01:29.806080|SyncSend-1-0x00007f19b3c1c700|[g:1][g:1] [SYNC][id:374bdfe9...][Download][Request][BlockSync]Send block packet,peer=374bdfe9...,blocks=1,bytes(V)=24487
info|2025-10-11 09:01:31.327243|io_service-0x00007f19c1437700|[P2P][Service] heartBeat,connected count=3
warning|2025-10-11 09:01:32.154302|PBFT-1-0x00007f19a7403700|[g:1][CONSENSUS][PBFT]ViewChangeWarning: not caused by omit empty block ,v=2121,toV=2122,curNum=472,hash=5f36275c...,nodeIdx=3,myNode=87d00b98...
info|2025-10-11 09:01:32.155544|PBFT-1-0x00007f19a7403700|[g:1][CONSENSUS][PBFT]checkTimeout Succ,view=2121,toView=2122,nodeIdx=3,changeCycle=2,myNode=87d00b98...,timecost=3
info|2025-10-11 09:01:32.164916|PBFT-1-0x00007f19a7403700|[g:1][CONSENSUS][PBFT]checkAndChangeView: Reach consensus,org_view=2121,cur_changeCycle=2,curView=2121,view=2122
info|2025-10-11 09:01:33.163856|PBFT-1-0x00007f19a7403700|[g:1][CONSENSUS]addRawPrepare,height=473,reqIdx=2,hash=33658126...,time=0
info|2025-10-11 09:01:33.165746|PBFT-1-0x00007f19a7403700|[g:1][CONSENSUS][PBFT]checkTimeout Succ,view=2122,toView=2123,nodeIdx=3,changeCycle=1,myNode=87d00b98...,timecost=2
info|2025-10-11 09:01:33.176230|PBFT-1-0x00007f19a7403700|[g:1][CONSENSUS][PBFT]checkAndChangeView: Reach consensus,org_view=2122,cur_changeCycle=1,curView=2122,view=2123
info|2025-10-11 09:01:34.177207|PBFTSeal-1-0x00007f199fbf4700|[g:1][CONSENSUS][SEALER]++++++++++++++++ Generating seal on,blkNum=473,tx=0,nodeIdx=3,hash=8d383c2a...
info|2025-10-11 09:01:34.188069|PBFT-1-0x00007f19a7403700|[g:1][CONSENSUS][PBFT]checkTimeout Succ,view=2123,toView=2124,nodeIdx=3,changeCycle=1,myNode=87d00b98...,timecost=2
info|2025-10-11 09:01:34.194787|PBFT-1-0x00007f19a7403700|[g:1][CONSENSUS][PBFT]checkAndChangeView: Reach consensus,org_view=2123,cur_changeCycle=1,curView=2123,view=2124
info|2025-10-11 09:01:35.207638|PBFT-1-0x00007f19a7403700|[g:1][CONSENSUS]addRawPrepare,height=473,reqIdx=0,hash=555f0632...,time=0
info|2025-10-11 09:01:35.210489|PBFT-1-0x00007f19a7403700|[g:1][CONSENSUS][PBFT]checkTimeout Succ,view=2124,toView=2125,nodeIdx=3,changeCycle=1,myNode=87d00b98...,timecost=7
info|2025-10-11 09:01:35.223460|PBFT-1-0x00007f19a7403700|[g:1][CONSENSUS][PBFT]checkAndChangeView: Reach consensus,org_view=2124,cur_changeCycle=1,curView=2124,view=2125
warning|2025-10-11 09:01:39.728404|PBFT-1-0x00007f19a7403700|[g:1][CONSENSUS][PBFT]ViewChangeWarning: not caused by omit empty block ,v=2125,toV=2126,curNum=472,hash=5f36275c...,nodeIdx=3,myNode=87d00b98...
info|2025-10-11 09:01:39.728652|PBFT-1-0x00007f19a7403700|[g:1][CONSENSUS][PBFT]checkTimeout Succ,view=2125,toView=2126,nodeIdx=3,changeCycle=2,myNode=87d00b98...,timecost=2
info|2025-10-11 09:01:39.731626|PBFT-1-0x00007f19a7403700|[g:1][CONSENSUS][PBFT]checkAndChangeView: Reach consensus,org_view=2125,cur_changeCycle=2,curView=2125,view=2126
info|2025-10-11 09:01:40.739712|PBFT-1-0x00007f19a7403700|[g:1][CONSENSUS]addRawPrepare,height=473,reqIdx=2,hash=94cb802b...,time=0
info|2025-10-11 09:01:40.741556|PBFT-1-0x00007f19a7403700|[g:1][CONSENSUS][PBFT]checkTimeout Succ,view=2126,toView=2127,nodeIdx=3,changeCycle=1,myNode=87d00b98...,timecost=2
info|2025-10-11 09:01:40.750502|PBFT-1-0x00007f19a7403700|[g:1][CONSENSUS][PBFT]checkAndChangeView: Reach consensus,org_view=2126,cur_changeCycle=1,curView=2126,view=2127
info|2025-10-11 09:01:41.327540|io_service-0x00007f19c1437700|[P2P][Service] heartBeat,connected count=3
info|2025-10-11 09:01:41.751044|PBFTSeal-1-0x00007f199fbf4700|[g:1][CONSENSUS][SEALER]++++++++++++++++ Generating seal on,blkNum=473,tx=0,nodeIdx=3,hash=b2be0be7...
info|2025-10-11 09:01:41.759049|PBFT-1-0x00007f19a7403700|[g:1][CONSENSUS][PBFT]checkTimeout Succ,view=2127,toView=2128,nodeIdx=3,changeCycle=1,myNode=87d00b98...,timecost=2
info|2025-10-11 09:01:41.763610|PBFT-1-0x00007f19a7403700|[g:1][CONSENSUS][PBFT]checkAndChangeView: Reach consensus,org_view=2127,cur_changeCycle=1,curView=2127,view=2128
info|2025-10-11 09:01:42.770787|PBFT-1-0x00007f19a7403700|[g:1][CONSENSUS]addRawPrepare,height=473,reqIdx=0,hash=2a17fb0a...,time=0
info|2025-10-11 09:01:42.772714|PBFT-1-0x00007f19a7403700|[g:1][CONSENSUS][PBFT]checkTimeout Succ,view=2128,toView=2129,nodeIdx=3,changeCycle=1,myNode=87d00b98...,timecost=2
info|2025-10-11 09:01:42.792619|PBFT-1-0x00007f19a7403700|[g:1][CONSENSUS][PBFT]checkAndChangeView: Reach consensus,org_view=2128,cur_changeCycle=1,curView=2128,view=2129
info|2025-10-11 09:01:42.814007|P2P-0x00007f19c1c38700|[g:1] [SYNC][id:87d00b98...][Download][Request]Receive block request,peer=374bdfe9...,from=184,to=184
info|2025-10-11 09:01:42.814493|SyncSend-1-0x00007f19b3c1c700|[g:1][SYNC][id:87d00b98...][Download][Request][BlockSync]Batch blocks for sending,blockSize=24480,number=184,peer=374bdfe9...,timeCost=0
info|2025-10-11 09:01:42.814692|SyncSend-1-0x00007f19b3c1c700|[g:1][g:1] [SYNC][id:374bdfe9...][Download][Request][BlockSync]Send block packet,peer=374bdfe9...,blocks=1,bytes(V)=24487
warning|2025-10-11 09:01:47.294965|PBFT-1-0x00007f19a7403700|[g:1][CONSENSUS][PBFT]ViewChangeWarning: not caused by omit empty block ,v=2129,toV=2130,curNum=472,hash=5f36275c...,nodeIdx=3,myNode=87d00b98...
info|2025-10-11 09:01:47.295753|PBFT-1-0x00007f19a7403700|[g:1][CONSENSUS][PBFT]checkTimeout Succ,view=2129,toView=2130,nodeIdx=3,changeCycle=2,myNode=87d00b98...,timecost=2
info|2025-10-11 09:01:47.300637|PBFT-1-0x00007f19a7403700|[g:1][CONSENSUS][PBFT]checkAndChangeView: Reach consensus,org_view=2129,cur_changeCycle=2,curView=2129,view=2130
info|2025-10-11 09:01:48.305230|PBFT-1-0x00007f19a7403700|[g:1][CONSENSUS]addRawPrepare,height=473,reqIdx=2,hash=35586a1b...,time=0
info|2025-10-11 09:01:48.307154|PBFT-1-0x00007f19a7403700|[g:1][CONSENSUS][PBFT]checkTimeout Succ,view=2130,toView=2131,nodeIdx=3,changeCycle=1,myNode=87d00b98...,timecost=2
info|2025-10-11 09:01:48.318070|PBFT-1-0x00007f19a7403700|[g:1][CONSENSUS][PBFT]checkAndChangeView: Reach consensus,org_view=2130,cur_changeCycle=1,curView=2130,view=2131
info|2025-10-11 09:01:49.319468|PBFTSeal-1-0x00007f199fbf4700|[g:1][CONSENSUS][SEALER]++++++++++++++++ Generating seal on,blkNum=473,tx=0,nodeIdx=3,hash=6c28fde0...
info|2025-10-11 09:01:49.325304|PBFT-1-0x00007f19a7403700|[g:1][CONSENSUS][PBFT]checkTimeout Succ,view=2131,toView=2132,nodeIdx=3,changeCycle=1,myNode=87d00b98...,timecost=3
info|2025-10-11 09:01:49.346153|PBFT-1-0x00007f19a7403700|[g:1][CONSENSUS][PBFT]checkAndChangeView: Reach consensus,org_view=2131,cur_changeCycle=1,curView=2131,view=2132
info|2025-10-11 09:01:50.359205|PBFT-1-0x00007f19a7403700|[g:1][CONSENSUS]addRawPrepare,height=473,reqIdx=0,hash=85c6514a...,time=0
info|2025-10-11 09:01:50.368317|PBFT-1-0x00007f19a7403700|[g:1][CONSENSUS][PBFT]checkTimeout Succ,view=2132,toView=2133,nodeIdx=3,changeCycle=1,myNode=87d00b98...,timecost=9
info|2025-10-11 09:01:50.373322|PBFT-1-0x00007f19a7403700|[g:1][CONSENSUS][PBFT]checkAndChangeView: Reach consensus,org_view=2132,cur_changeCycle=1,curView=2132,view=2133
info|2025-10-11 09:01:51.328540|io_service-0x00007f19c1437700|[P2P][Service] heartBeat,connected count=3
warning|2025-10-11 09:01:54.878407|PBFT-1-0x00007f19a7403700|[g:1][CONSENSUS][PBFT]ViewChangeWarning: not caused by omit empty block ,v=2133,toV=2134,curNum=472,hash=5f36275c...,nodeIdx=3,myNode=87d00b98...
info|2025-10-11 09:01:54.878783|PBFT-1-0x00007f19a7403700|[g:1][CONSENSUS][PBFT]checkTimeout Succ,view=2133,toView=2134,nodeIdx=3,changeCycle=2,myNode=87d00b98...,timecost=2
info|2025-10-11 09:01:54.881853|PBFT-1-0x00007f19a7403700|[g:1][CONSENSUS][PBFT]checkAndChangeView: Reach consensus,org_view=2133,cur_changeCycle=2,curView=2133,view=2134
info|2025-10-11 09:01:55.895401|PBFT-1-0x00007f19a7403700|[g:1][CONSENSUS]addRawPrepare,height=473,reqIdx=2,hash=4d84eca5...,time=0
info|2025-10-11 09:01:55.898155|PBFT-1-0x00007f19a7403700|[g:1][CONSENSUS][PBFT]checkTimeout Succ,view=2134,toView=2135,nodeIdx=3,changeCycle=1,myNode=87d00b98...,timecost=3
info|2025-10-11 09:01:55.908493|PBFT-1-0x00007f19a7403700|[g:1][CONSENSUS][PBFT]checkAndChangeView: Reach consensus,org_view=2134,cur_changeCycle=1,curView=2134,view=2135
info|2025-10-11 09:01:56.910322|PBFTSeal-1-0x00007f199fbf4700|[g:1][CONSENSUS][SEALER]++++++++++++++++ Generating seal on,blkNum=473,tx=0,nodeIdx=3,hash=dcbebd3a...
info|2025-10-11 09:01:56.922374|PBFT-1-0x00007f19a7403700|[g:1][CONSENSUS][PBFT]checkTimeout Succ,view=2135,toView=2136,nodeIdx=3,changeCycle=1,myNode=87d00b98...,timecost=4
info|2025-10-11 09:01:56.942393|PBFT-1-0x00007f19a7403700|[g:1][CONSENSUS][PBFT]checkAndChangeView: Reach consensus,org_view=2135,cur_changeCycle=1,curView=2135,view=2136
info|2025-10-11 09:01:57.951028|PBFT-1-0x00007f19a7403700|[g:1][CONSENSUS]addRawPrepare,height=473,reqIdx=0,hash=61c5d3a6...,time=5
info|2025-10-11 09:01:57.960397|PBFT-1-0x00007f19a7403700|[g:1][CONSENSUS][PBFT]checkTimeout Succ,view=2136,toView=2137,nodeIdx=3,changeCycle=1,myNode=87d00b98...,timecost=4
info|2025-10-11 09:01:57.965095|PBFT-1-0x00007f19a7403700|[g:1][CONSENSUS][PBFT]checkAndChangeView: Reach consensus,org_view=2136,cur_changeCycle=1,curView=2136,view=2137
info|2025-10-11 09:02:01.329058|io_service-0x00007f19c1437700|[P2P][Service] heartBeat,connected count=3
info|2025-10-11 09:02:02.277695|P2P-0x00007f19c2c3a700|[g:1] [SYNC][id:87d00b98...][Download][Request]Receive block request,peer=374bdfe9...,from=184,to=184
info|2025-10-11 09:02:02.278163|SyncSend-1-0x00007f19b3c1c700|[g:1][SYNC][id:87d00b98...][Download][Request][BlockSync]Batch blocks for sending,blockSize=24480,number=184,peer=374bdfe9...,timeCost=1
info|2025-10-11 09:02:02.278247|SyncSend-1-0x00007f19b3c1c700|[g:1][g:1] [SYNC][id:374bdfe9...][Download][Request][BlockSync]Send block packet,peer=374bdfe9...,blocks=1,bytes(V)=24487
warning|2025-10-11 09:02:02.473156|PBFT-1-0x00007f19a7403700|[g:1][CONSENSUS][PBFT]ViewChangeWarning: not caused by omit empty block ,v=2137,toV=2138,curNum=472,hash=5f36275c...,nodeIdx=3,myNode=87d00b98...
info|2025-10-11 09:02:02.473892|PBFT-1-0x00007f19a7403700|[g:1][CONSENSUS][PBFT]checkTimeout Succ,view=2137,toView=2138,nodeIdx=3,changeCycle=2,myNode=87d00b98...,timecost=3
info|2025-10-11 09:02:02.479760|PBFT-1-0x00007f19a7403700|[g:1][CONSENSUS][PBFT]checkAndChangeView: Reach consensus,org_view=2137,cur_changeCycle=2,curView=2137,view=2138
info|2025-10-11 09:02:03.488075|PBFT-1-0x00007f19a7403700|[g:1][CONSENSUS]addRawPrepare,height=473,reqIdx=2,hash=2dc3604b...,time=0
info|2025-10-11 09:02:03.491234|PBFT-1-0x00007f19a7403700|[g:1][CONSENSUS][PBFT]checkTimeout Succ,view=2138,toView=2139,nodeIdx=3,changeCycle=1,myNode=87d00b98...,timecost=3
info|2025-10-11 09:02:03.497266|PBFT-1-0x00007f19a7403700|[g:1][CONSENSUS][PBFT]checkAndChangeView: Reach consensus,org_view=2138,cur_changeCycle=1,curView=2138,view=2139
info|2025-10-11 09:02:04.498818|PBFTSeal-1-0x00007f199fbf4700|[g:1][CONSENSUS][SEALER]++++++++++++++++ Generating seal on,blkNum=473,tx=0,nodeIdx=3,hash=2b638404...
info|2025-10-11 09:02:04.502964|PBFT-1-0x00007f19a7403700|[g:1][CONSENSUS][PBFT]checkTimeout Succ,view=2139,toView=2140,nodeIdx=3,changeCycle=1,myNode=87d00b98...,timecost=1
info|2025-10-11 09:02:04.519209|PBFT-1-0x00007f19a7403700|[g:1][CONSENSUS][PBFT]checkAndChangeView: Reach consensus,org_view=2139,cur_changeCycle=1,curView=2139,view=2140
info|2025-10-11 09:02:05.527904|PBFT-1-0x00007f19a7403700|[g:1][CONSENSUS]addRawPrepare,height=473,reqIdx=0,hash=83d1ba37...,time=0
info|2025-10-11 09:02:05.530939|PBFT-1-0x00007f19a7403700|[g:1][CONSENSUS][PBFT]checkTimeout Succ,view=2140,toView=2141,nodeIdx=3,changeCycle=1,myNode=87d00b98...,timecost=2
info|2025-10-11 09:02:05.536098|PBFT-1-0x00007f19a7403700|[g:1][CONSENSUS][PBFT]checkAndChangeView: Reach consensus,org_view=2140,cur_changeCycle=1,curView=2140,view=2141
warning|2025-10-11 09:02:10.050924|PBFT-1-0x00007f19a7403700|[g:1][CONSENSUS][PBFT]ViewChangeWarning: not caused by omit empty block ,v=2141,toV=2142,curNum=472,hash=5f36275c...,nodeIdx=3,myNode=87d00b98...
info|2025-10-11 09:02:10.057783|PBFT-1-0x00007f19a7403700|[g:1][CONSENSUS][PBFT]checkTimeout Succ,view=2141,toView=2142,nodeIdx=3,changeCycle=2,myNode=87d00b98...,timecost=13
info|2025-10-11 09:02:10.067977|PBFT-1-0x00007f19a7403700|[g:1][CONSENSUS][PBFT]checkAndChangeView: Reach consensus,org_view=2141,cur_changeCycle=2,curView=2141,view=2142
info|2025-10-11 09:02:11.078560|PBFT-1-0x00007f19a7403700|[g:1][CONSENSUS]addRawPrepare,height=473,reqIdx=2,hash=8af7e6fa...,time=0
info|2025-10-11 09:02:11.084941|PBFT-1-0x00007f19a7403700|[g:1][CONSENSUS][PBFT]checkTimeout Succ,view=2142,toView=2143,nodeIdx=3,changeCycle=1,myNode=87d00b98...,timecost=6
info|2025-10-11 09:02:11.092384|PBFT-1-0x00007f19a7403700|[g:1][CONSENSUS][PBFT]checkAndChangeView: Reach consensus,org_view=2142,cur_changeCycle=1,curView=2142,view=2143
info|2025-10-11 09:02:11.329484|io_service-0x00007f19c1437700|[P2P][Service] heartBeat,connected count=3
info|2025-10-11 09:02:12.093513|PBFTSeal-1-0x00007f199fbf4700|[g:1][CONSENSUS][SEALER]++++++++++++++++ Generating seal on,blkNum=473,tx=0,nodeIdx=3,hash=21020711...
info|2025-10-11 09:02:12.103948|PBFT-1-0x00007f19a7403700|[g:1][CONSENSUS][PBFT]checkTimeout Succ,view=2143,toView=2144,nodeIdx=3,changeCycle=1,myNode=87d00b98...,timecost=3
info|2025-10-11 09:02:12.107885|PBFT-1-0x00007f19a7403700|[g:1][CONSENSUS][PBFT]checkAndChangeView: Reach consensus,org_view=2143,cur_changeCycle=1,curView=2143,view=2144
info|2025-10-11 09:02:13.115642|PBFT-1-0x00007f19a7403700|[g:1][CONSENSUS]addRawPrepare,height=473,reqIdx=0,hash=4ef84195...,time=0
info|2025-10-11 09:02:13.120968|PBFT-1-0x00007f19a7403700|[g:1][CONSENSUS][PBFT]checkTimeout Succ,view=2144,toView=2145,nodeIdx=3,changeCycle=1,myNode=87d00b98...,timecost=3
info|2025-10-11 09:02:13.127686|PBFT-1-0x00007f19a7403700|[g:1][CONSENSUS][PBFT]checkAndChangeView: Reach consensus,org_view=2144,cur_changeCycle=1,curView=2144,view=2145
warning|2025-10-11 09:02:17.628483|PBFT-1-0x00007f19a7403700|[g:1][CONSENSUS][PBFT]ViewChangeWarning: not caused by omit empty block ,v=2145,toV=2146,curNum=472,hash=5f36275c...,nodeIdx=3,myNode=87d00b98...
info|2025-10-11 09:02:17.629577|PBFT-1-0x00007f19a7403700|[g:1][CONSENSUS][PBFT]checkTimeout Succ,view=2145,toView=2146,nodeIdx=3,changeCycle=2,myNode=87d00b98...,timecost=2
info|2025-10-11 09:02:17.644173|PBFT-1-0x00007f19a7403700|[g:1][CONSENSUS][PBFT]checkAndChangeView: Reach consensus,org_view=2145,cur_changeCycle=2,curView=2145,view=2146
info|2025-10-11 09:02:18.654100|PBFT-1-0x00007f19a7403700|[g:1][CONSENSUS]addRawPrepare,height=473,reqIdx=2,hash=1b0ac6f1...,time=0
info|2025-10-11 09:02:18.656956|PBFT-1-0x00007f19a7403700|[g:1][CONSENSUS][PBFT]checkTimeout Succ,view=2146,toView=2147,nodeIdx=3,changeCycle=1,myNode=87d00b98...,timecost=2
info|2025-10-11 09:02:18.674331|PBFT-1-0x00007f19a7403700|[g:1][CONSENSUS][PBFT]checkAndChangeView: Reach consensus,org_view=2146,cur_changeCycle=1,curView=2146,view=2147
info|2025-10-11 09:02:19.674604|PBFTSeal-1-0x00007f199fbf4700|[g:1][CONSENSUS][SEALER]++++++++++++++++ Generating seal on,blkNum=473,tx=0,nodeIdx=3,hash=057b1459...
info|2025-10-11 09:02:19.685015|PBFT-1-0x00007f19a7403700|[g:1][CONSENSUS][PBFT]checkTimeout Succ,view=2147,toView=2148,nodeIdx=3,changeCycle=1,myNode=87d00b98...,timecost=4
info|2025-10-11 09:02:19.690305|PBFT-1-0x00007f19a7403700|[g:1][CONSENSUS][PBFT]checkAndChangeView: Reach consensus,org_view=2147,cur_changeCycle=1,curView=2147,view=2148
info|2025-10-11 09:02:20.707383|PBFT-1-0x00007f19a7403700|[g:1][CONSENSUS]addRawPrepare,height=473,reqIdx=0,hash=4386a77b...,time=0
info|2025-10-11 09:02:20.710969|PBFT-1-0x00007f19a7403700|[g:1][CONSENSUS][PBFT]checkTimeout Succ,view=2148,toView=2149,nodeIdx=3,changeCycle=1,myNode=87d00b98...,timecost=3
info|2025-10-11 09:02:20.725892|PBFT-1-0x00007f19a7403700|[g:1][CONSENSUS][PBFT]checkAndChangeView: Reach consensus,org_view=2148,cur_changeCycle=1,curView=2148,view=2149
info|2025-10-11 09:02:21.330443|io_service-0x00007f19c1437700|[P2P][Service] heartBeat,connected count=3
warning|2025-10-11 09:02:25.229044|PBFT-1-0x00007f19a7403700|[g:1][CONSENSUS][PBFT]ViewChangeWarning: not caused by omit empty block ,v=2149,toV=2150,curNum=472,hash=5f36275c...,nodeIdx=3,myNode=87d00b98...
info|2025-10-11 09:02:25.229677|PBFT-1-0x00007f19a7403700|[g:1][CONSENSUS][PBFT]checkTimeout Succ,view=2149,toView=2150,nodeIdx=3,changeCycle=2,myNode=87d00b98...,timecost=3
info|2025-10-11 09:02:25.243920|PBFT-1-0x00007f19a7403700|[g:1][CONSENSUS][PBFT]checkAndChangeView: Reach consensus,org_view=2149,cur_changeCycle=2,curView=2149,view=2150
info|2025-10-11 09:02:26.251228|PBFT-1-0x00007f19a7403700|[g:1][CONSENSUS]addRawPrepare,height=473,reqIdx=2,hash=2b5c3181...,time=0
info|2025-10-11 09:02:26.256033|PBFT-1-0x00007f19a7403700|[g:1][CONSENSUS][PBFT]checkTimeout Succ,view=2150,toView=2151,nodeIdx=3,changeCycle=1,myNode=87d00b98...,timecost=5
info|2025-10-11 09:02:26.269177|PBFT-1-0x00007f19a7403700|[g:1][CONSENSUS][PBFT]checkAndChangeView: Reach consensus,org_view=2150,cur_changeCycle=1,curView=2150,view=2151
info|2025-10-11 09:02:27.270830|PBFTSeal-1-0x00007f199fbf4700|[g:1][CONSENSUS][SEALER]++++++++++++++++ Generating seal on,blkNum=473,tx=0,nodeIdx=3,hash=a09c155f...
info|2025-10-11 09:02:27.283444|PBFT-1-0x00007f19a7403700|[g:1][CONSENSUS][PBFT]checkTimeout Succ,view=2151,toView=2152,nodeIdx=3,changeCycle=1,myNode=87d00b98...,timecost=2
info|2025-10-11 09:02:27.293123|PBFT-1-0x00007f19a7403700|[g:1][CONSENSUS][PBFT]checkAndChangeView: Reach consensus,org_view=2151,cur_changeCycle=1,curView=2151,view=2152
info|2025-10-11 09:02:28.304410|PBFT-1-0x00007f19a7403700|[g:1][CONSENSUS]addRawPrepare,height=473,reqIdx=0,hash=9833fa2e...,time=0
info|2025-10-11 09:02:28.316395|PBFT-1-0x00007f19a7403700|[g:1][CONSENSUS][PBFT]checkTimeout Succ,view=2152,toView=2153,nodeIdx=3,changeCycle=1,myNode=87d00b98...,timecost=12
info|2025-10-11 09:02:28.322547|PBFT-1-0x00007f19a7403700|[g:1][CONSENSUS][PBFT]checkAndChangeView: Reach consensus,org_view=2152,cur_changeCycle=1,curView=2152,view=2153
info|2025-10-11 09:02:31.330773|io_service-0x00007f19c1437700|[P2P][Service] heartBeat,connected count=3
warning|2025-10-11 09:02:32.828183|PBFT-1-0x00007f19a7403700|[g:1][CONSENSUS][PBFT]ViewChangeWarning: not caused by omit empty block ,v=2153,toV=2154,curNum=472,hash=5f36275c...,nodeIdx=3,myNode=87d00b98...
info|2025-10-11 09:02:32.828443|PBFT-1-0x00007f19a7403700|[g:1][CONSENSUS][PBFT]checkTimeout Succ,view=2153,toView=2154,nodeIdx=3,changeCycle=2,myNode=87d00b98...,timecost=3
info|2025-10-11 09:02:32.832337|PBFT-1-0x00007f19a7403700|[g:1][CONSENSUS][PBFT]checkAndChangeView: Reach consensus,org_view=2153,cur_changeCycle=2,curView=2153,view=2154
info|2025-10-11 09:02:33.840935|PBFT-1-0x00007f19a7403700|[g:1][CONSENSUS]addRawPrepare,height=473,reqIdx=2,hash=55c3133d...,time=0
info|2025-10-11 09:02:33.845183|PBFT-1-0x00007f19a7403700|[g:1][CONSENSUS][PBFT]checkTimeout Succ,view=2154,toView=2155,nodeIdx=3,changeCycle=1,myNode=87d00b98...,timecost=4
info|2025-10-11 09:02:33.852411|PBFT-1-0x00007f19a7403700|[g:1][CONSENSUS][PBFT]checkAndChangeView: Reach consensus,org_view=2154,cur_changeCycle=1,curView=2154,view=2155
info|2025-10-11 09:02:34.852630|PBFTSeal-1-0x00007f199fbf4700|[g:1][CONSENSUS][SEALER]++++++++++++++++ Generating seal on,blkNum=473,tx=0,nodeIdx=3,hash=545d155b...
info|2025-10-11 09:02:34.862061|PBFT-1-0x00007f19a7403700|[g:1][CONSENSUS][PBFT]checkTimeout Succ,view=2155,toView=2156,nodeIdx=3,changeCycle=1,myNode=87d00b98...,timecost=2
info|2025-10-11 09:02:34.867825|PBFT-1-0x00007f19a7403700|[g:1][CONSENSUS][PBFT]checkAndChangeView: Reach consensus,org_view=2155,cur_changeCycle=1,curView=2155,view=2156
info|2025-10-11 09:02:35.877857|PBFT-1-0x00007f19a7403700|[g:1][CONSENSUS]addRawPrepare,height=473,reqIdx=0,hash=c27727fa...,time=0
info|2025-10-11 09:02:35.883676|PBFT-1-0x00007f19a7403700|[g:1][CONSENSUS][PBFT]checkTimeout Succ,view=2156,toView=2157,nodeIdx=3,changeCycle=1,myNode=87d00b98...,timecost=5
info|2025-10-11 09:02:35.887234|PBFT-1-0x00007f19a7403700|[g:1][CONSENSUS][PBFT]checkAndChangeView: Reach consensus,org_view=2156,cur_changeCycle=1,curView=2156,view=2157
warning|2025-10-11 09:02:40.393804|PBFT-1-0x00007f19a7403700|[g:1][CONSENSUS][PBFT]ViewChangeWarning: not caused by omit empty block ,v=2157,toV=2158,curNum=472,hash=5f36275c...,nodeIdx=3,myNode=87d00b98...
info|2025-10-11 09:02:40.395251|PBFT-1-0x00007f19a7403700|[g:1][CONSENSUS][PBFT]checkTimeout Succ,view=2157,toView=2158,nodeIdx=3,changeCycle=2,myNode=87d00b98...,timecost=3
info|2025-10-11 09:02:40.402975|PBFT-1-0x00007f19a7403700|[g:1][CONSENSUS][PBFT]checkAndChangeView: Reach consensus,org_view=2157,cur_changeCycle=2,curView=2157,view=2158
info|2025-10-11 09:02:41.064709|P2P-0x00007f19c343b700|[g:1] [SYNC][id:87d00b98...][Download][Request]Receive block request,peer=374bdfe9...,from=184,to=184
info|2025-10-11 09:02:41.065188|SyncSend-1-0x00007f19b3c1c700|[g:1][SYNC][id:87d00b98...][Download][Request][BlockSync]Batch blocks for sending,blockSize=24480,number=184,peer=374bdfe9...,timeCost=1
info|2025-10-11 09:02:41.065321|SyncSend-1-0x00007f19b3c1c700|[g:1][g:1] [SYNC][id:374bdfe9...][Download][Request][BlockSync]Send block packet,peer=374bdfe9...,blocks=1,bytes(V)=24487
info|2025-10-11 09:02:41.331290|io_service-0x00007f19c1437700|[P2P][Service] heartBeat,connected count=3
info|2025-10-11 09:02:41.410619|PBFT-1-0x00007f19a7403700|[g:1][CONSENSUS]addRawPrepare,height=473,reqIdx=2,hash=d8476977...,time=0
info|2025-10-11 09:02:41.412672|PBFT-1-0x00007f19a7403700|[g:1][CONSENSUS][PBFT]checkTimeout Succ,view=2158,toView=2159,nodeIdx=3,changeCycle=1,myNode=87d00b98...,timecost=3
info|2025-10-11 09:02:41.418483|PBFT-1-0x00007f19a7403700|[g:1][CONSENSUS][PBFT]checkAndChangeView: Reach consensus,org_view=2158,cur_changeCycle=1,curView=2158,view=2159
info|2025-10-11 09:02:42.419480|PBFTSeal-1-0x00007f199fbf4700|[g:1][CONSENSUS][SEALER]++++++++++++++++ Generating seal on,blkNum=473,tx=0,nodeIdx=3,hash=a43686f0...
info|2025-10-11 09:02:42.433972|PBFT-1-0x00007f19a7403700|[g:1][CONSENSUS][PBFT]checkTimeout Succ,view=2159,toView=2160,nodeIdx=3,changeCycle=1,myNode=87d00b98...,timecost=8
info|2025-10-11 09:02:42.442516|PBFT-1-0x00007f19a7403700|[g:1][CONSENSUS][PBFT]checkAndChangeView: Reach consensus,org_view=2159,cur_changeCycle=1,curView=2159,view=2160
info|2025-10-11 09:02:43.445818|PBFT-1-0x00007f19a7403700|[g:1][CONSENSUS]addRawPrepare,height=473,reqIdx=0,hash=e28a0b1e...,time=0
info|2025-10-11 09:02:43.452219|PBFT-1-0x00007f19a7403700|[g:1][CONSENSUS][PBFT]checkTimeout Succ,view=2160,toView=2161,nodeIdx=3,changeCycle=1,myNode=87d00b98...,timecost=7
info|2025-10-11 09:02:43.460219|PBFT-1-0x00007f19a7403700|[g:1][CONSENSUS][PBFT]checkAndChangeView: Reach consensus,org_view=2160,cur_changeCycle=1,curView=2160,view=2161
warning|2025-10-11 09:02:47.969843|PBFT-1-0x00007f19a7403700|[g:1][CONSENSUS][PBFT]ViewChangeWarning: not caused by omit empty block ,v=2161,toV=2162,curNum=472,hash=5f36275c...,nodeIdx=3,myNode=87d00b98...
info|2025-10-11 09:02:47.970145|PBFT-1-0x00007f19a7403700|[g:1][CONSENSUS][PBFT]checkTimeout Succ,view=2161,toView=2162,nodeIdx=3,changeCycle=2,myNode=87d00b98...,timecost=4
info|2025-10-11 09:02:47.974501|PBFT-1-0x00007f19a7403700|[g:1][CONSENSUS][PBFT]checkAndChangeView: Reach consensus,org_view=2161,cur_changeCycle=2,curView=2161,view=2162
info|2025-10-11 09:02:48.993150|PBFT-1-0x00007f19a7403700|[g:1][CONSENSUS]addRawPrepare,height=473,reqIdx=2,hash=3feefc3e...,time=0
info|2025-10-11 09:02:49.007070|PBFT-1-0x00007f19a7403700|[g:1][CONSENSUS][PBFT]checkTimeout Succ,view=2162,toView=2163,nodeIdx=3,changeCycle=1,myNode=87d00b98...,timecost=14
info|2025-10-11 09:02:49.015798|PBFT-1-0x00007f19a7403700|[g:1][CONSENSUS][PBFT]checkAndChangeView: Reach consensus,org_view=2162,cur_changeCycle=1,curView=2162,view=2163
info|2025-10-11 09:02:50.016690|PBFTSeal-1-0x00007f199fbf4700|[g:1][CONSENSUS][SEALER]++++++++++++++++ Generating seal on,blkNum=473,tx=0,nodeIdx=3,hash=7c3c5628...
info|2025-10-11 09:02:50.028694|PBFT-1-0x00007f19a7403700|[g:1][CONSENSUS][PBFT]checkTimeout Succ,view=2163,toView=2164,nodeIdx=3,changeCycle=1,myNode=87d00b98...,timecost=3
info|2025-10-11 09:02:50.044136|PBFT-1-0x00007f19a7403700|[g:1][CONSENSUS][PBFT]checkAndChangeView: Reach consensus,org_view=2163,cur_changeCycle=1,curView=2163,view=2164
info|2025-10-11 09:02:51.054258|PBFT-1-0x00007f19a7403700|[g:1][CONSENSUS]addRawPrepare,height=473,reqIdx=0,hash=c4fe9adb...,time=0
info|2025-10-11 09:02:51.056718|PBFT-1-0x00007f19a7403700|[g:1][CONSENSUS][PBFT]checkTimeout Succ,view=2164,toView=2165,nodeIdx=3,changeCycle=1,myNode=87d00b98...,timecost=2
info|2025-10-11 09:02:51.070121|PBFT-1-0x00007f19a7403700|[g:1][CONSENSUS][PBFT]checkAndChangeView: Reach consensus,org_view=2164,cur_changeCycle=1,curView=2164,view=2165
info|2025-10-11 09:02:51.332120|io_service-0x00007f19c1437700|[P2P][Service] heartBeat,connected count=3
warning|2025-10-11 09:02:55.581238|PBFT-1-0x00007f19a7403700|[g:1][CONSENSUS][PBFT]ViewChangeWarning: not caused by omit empty block ,v=2165,toV=2166,curNum=472,hash=5f36275c...,nodeIdx=3,myNode=87d00b98...
info|2025-10-11 09:02:55.581683|PBFT-1-0x00007f19a7403700|[g:1][CONSENSUS][PBFT]checkTimeout Succ,view=2165,toView=2166,nodeIdx=3,changeCycle=2,myNode=87d00b98...,timecost=5
info|2025-10-11 09:02:55.590839|PBFT-1-0x00007f19a7403700|[g:1][CONSENSUS][PBFT]checkAndChangeView: Reach consensus,org_view=2165,cur_changeCycle=2,curView=2165,view=2166
info|2025-10-11 09:02:56.601498|PBFT-1-0x00007f19a7403700|[g:1][CONSENSUS]addRawPrepare,height=473,reqIdx=2,hash=db089284...,time=0
info|2025-10-11 09:02:56.606660|PBFT-1-0x00007f19a7403700|[g:1][CONSENSUS][PBFT]checkTimeout Succ,view=2166,toView=2167,nodeIdx=3,changeCycle=1,myNode=87d00b98...,timecost=5
info|2025-10-11 09:02:56.611744|PBFT-1-0x00007f19a7403700|[g:1][CONSENSUS][PBFT]checkAndChangeView: Reach consensus,org_view=2166,cur_changeCycle=1,curView=2166,view=2167
info|2025-10-11 09:02:57.612164|PBFTSeal-1-0x00007f199fbf4700|[g:1][CONSENSUS][SEALER]++++++++++++++++ Generating seal on,blkNum=473,tx=0,nodeIdx=3,hash=63d9a80c...
info|2025-10-11 09:02:57.622170|PBFT-1-0x00007f19a7403700|[g:1][CONSENSUS][PBFT]checkTimeout Succ,view=2167,toView=2168,nodeIdx=3,changeCycle=1,myNode=87d00b98...,timecost=3
info|2025-10-11 09:02:57.630057|PBFT-1-0x00007f19a7403700|[g:1][CONSENSUS][PBFT]checkAndChangeView: Reach consensus,org_view=2167,cur_changeCycle=1,curView=2167,view=2168
info|2025-10-11 09:02:58.635851|PBFT-1-0x00007f19a7403700|[g:1][CONSENSUS]addRawPrepare,height=473,reqIdx=0,hash=aaa3af5a...,time=0
info|2025-10-11 09:02:58.639721|PBFT-1-0x00007f19a7403700|[g:1][CONSENSUS][PBFT]checkTimeout Succ,view=2168,toView=2169,nodeIdx=3,changeCycle=1,myNode=87d00b98...,timecost=3
info|2025-10-11 09:02:58.644726|PBFT-1-0x00007f19a7403700|[g:1][CONSENSUS][PBFT]checkAndChangeView: Reach consensus,org_view=2168,cur_changeCycle=1,curView=2168,view=2169
info|2025-10-11 09:03:00.327392|P2P-0x00007f19c1c38700|[g:1] [SYNC][id:87d00b98...][Download][Request]Receive block request,peer=374bdfe9...,from=184,to=184
info|2025-10-11 09:03:00.327976|SyncSend-1-0x00007f19b3c1c700|[g:1][SYNC][id:87d00b98...][Download][Request][BlockSync]Batch blocks for sending,blockSize=24480,number=184,peer=374bdfe9...,timeCost=1
info|2025-10-11 09:03:00.328085|SyncSend-1-0x00007f19b3c1c700|[g:1][g:1] [SYNC][id:374bdfe9...][Download][Request][BlockSync]Send block packet,peer=374bdfe9...,blocks=1,bytes(V)=24487
info|2025-10-11 09:03:01.332495|io_service-0x00007f19c1437700|[P2P][Service] heartBeat,connected count=3
warning|2025-10-11 09:03:03.157170|PBFT-1-0x00007f19a7403700|[g:1][CONSENSUS][PBFT]ViewChangeWarning: not caused by omit empty block ,v=2169,toV=2170,curNum=472,hash=5f36275c...,nodeIdx=3,myNode=87d00b98...
info|2025-10-11 09:03:03.158804|PBFT-1-0x00007f19a7403700|[g:1][CONSENSUS][PBFT]checkTimeout Succ,view=2169,toView=2170,nodeIdx=3,changeCycle=2,myNode=87d00b98...,timecost=6
info|2025-10-11 09:03:03.163081|PBFT-1-0x00007f19a7403700|[g:1][CONSENSUS][PBFT]checkAndChangeView: Reach consensus,org_view=2169,cur_changeCycle=2,curView=2169,view=2170
info|2025-10-11 09:03:04.170362|PBFT-1-0x00007f19a7403700|[g:1][CONSENSUS]addRawPrepare,height=473,reqIdx=2,hash=12da16bd...,time=0
info|2025-10-11 09:03:04.176090|PBFT-1-0x00007f19a7403700|[g:1][CONSENSUS][PBFT]checkTimeout Succ,view=2170,toView=2171,nodeIdx=3,changeCycle=1,myNode=87d00b98...,timecost=6
info|2025-10-11 09:03:04.187661|PBFT-1-0x00007f19a7403700|[g:1][CONSENSUS][PBFT]checkAndChangeView: Reach consensus,org_view=2170,cur_changeCycle=1,curView=2170,view=2171
info|2025-10-11 09:03:05.188365|PBFTSeal-1-0x00007f199fbf4700|[g:1][CONSENSUS][SEALER]++++++++++++++++ Generating seal on,blkNum=473,tx=0,nodeIdx=3,hash=cda54848...
info|2025-10-11 09:03:05.191869|PBFT-1-0x00007f19a7403700|[g:1][CONSENSUS][PBFT]checkTimeout Succ,view=2171,toView=2172,nodeIdx=3,changeCycle=1,myNode=87d00b98...,timecost=1
info|2025-10-11 09:03:05.207688|PBFT-1-0x00007f19a7403700|[g:1][CONSENSUS][PBFT]checkAndChangeView: Reach consensus,org_view=2171,cur_changeCycle=1,curView=2171,view=2172
info|2025-10-11 09:03:06.216987|PBFT-1-0x00007f19a7403700|[g:1][CONSENSUS]addRawPrepare,height=473,reqIdx=0,hash=11cecbf8...,time=1
info|2025-10-11 09:03:06.225553|PBFT-1-0x00007f19a7403700|[g:1][CONSENSUS][PBFT]checkTimeout Succ,view=2172,toView=2173,nodeIdx=3,changeCycle=1,myNode=87d00b98...,timecost=8
info|2025-10-11 09:03:06.235603|PBFT-1-0x00007f19a7403700|[g:1][CONSENSUS][PBFT]checkAndChangeView: Reach consensus,org_view=2172,cur_changeCycle=1,curView=2172,view=2173
info|2025-10-11 09:03:06.884260|P2P-0x00007f19c2c3a700|[g:1] [SYNC][id:87d00b98...][Download][Request]Receive block request,peer=374bdfe9...,from=184,to=184
info|2025-10-11 09:03:06.885109|SyncSend-1-0x00007f19b3c1c700|[g:1][SYNC][id:87d00b98...][Download][Request][BlockSync]Batch blocks for sending,blockSize=24480,number=184,peer=374bdfe9...,timeCost=1
info|2025-10-11 09:03:06.885285|SyncSend-1-0x00007f19b3c1c700|[g:1][g:1] [SYNC][id:374bdfe9...][Download][Request][BlockSync]Send block packet,peer=374bdfe9...,blocks=1,bytes(V)=24487
warning|2025-10-11 09:03:10.738572|PBFT-1-0x00007f19a7403700|[g:1][CONSENSUS][PBFT]ViewChangeWarning: not caused by omit empty block ,v=2173,toV=2174,curNum=472,hash=5f36275c...,nodeIdx=3,myNode=87d00b98...
info|2025-10-11 09:03:10.740516|PBFT-1-0x00007f19a7403700|[g:1][CONSENSUS][PBFT]checkTimeout Succ,view=2173,toView=2174,nodeIdx=3,changeCycle=2,myNode=87d00b98...,timecost=5
info|2025-10-11 09:03:10.746939|PBFT-1-0x00007f19a7403700|[g:1][CONSENSUS][PBFT]checkAndChangeView: Reach consensus,org_view=2173,cur_changeCycle=2,curView=2173,view=2174
info|2025-10-11 09:03:11.333333|io_service-0x00007f19c1437700|[P2P][Service] heartBeat,connected count=3
info|2025-10-11 09:03:11.754827|PBFT-1-0x00007f19a7403700|[g:1][CONSENSUS]addRawPrepare,height=473,reqIdx=2,hash=96d30fdc...,time=0
info|2025-10-11 09:03:11.758347|PBFT-1-0x00007f19a7403700|[g:1][CONSENSUS][PBFT]checkTimeout Succ,view=2174,toView=2175,nodeIdx=3,changeCycle=1,myNode=87d00b98...,timecost=3
info|2025-10-11 09:03:11.772726|PBFT-1-0x00007f19a7403700|[g:1][CONSENSUS][PBFT]checkAndChangeView: Reach consensus,org_view=2174,cur_changeCycle=1,curView=2174,view=2175
info|2025-10-11 09:03:12.773196|PBFTSeal-1-0x00007f199fbf4700|[g:1][CONSENSUS][SEALER]++++++++++++++++ Generating seal on,blkNum=473,tx=0,nodeIdx=3,hash=b0c09683...
info|2025-10-11 09:03:12.784337|PBFT-1-0x00007f19a7403700|[g:1][CONSENSUS][PBFT]checkTimeout Succ,view=2175,toView=2176,nodeIdx=3,changeCycle=1,myNode=87d00b98...,timecost=3
info|2025-10-11 09:03:12.787269|PBFT-1-0x00007f19a7403700|[g:1][CONSENSUS][PBFT]checkAndChangeView: Reach consensus,org_view=2175,cur_changeCycle=1,curView=2175,view=2176
info|2025-10-11 09:03:13.336840|P2P-0x00007f19c1c38700|[g:1] [SYNC][id:87d00b98...][Download][Request]Receive block request,peer=374bdfe9...,from=184,to=184
info|2025-10-11 09:03:13.337641|SyncSend-1-0x00007f19b3c1c700|[g:1][SYNC][id:87d00b98...][Download][Request][BlockSync]Batch blocks for sending,blockSize=24480,number=184,peer=374bdfe9...,timeCost=0
info|2025-10-11 09:03:13.337850|SyncSend-1-0x00007f19b3c1c700|[g:1][g:1] [SYNC][id:374bdfe9...][Download][Request][BlockSync]Send block packet,peer=374bdfe9...,blocks=1,bytes(V)=24487
info|2025-10-11 09:03:13.792263|PBFT-1-0x00007f19a7403700|[g:1][CONSENSUS]addRawPrepare,height=473,reqIdx=0,hash=69638814...,time=0
info|2025-10-11 09:03:13.794288|PBFT-1-0x00007f19a7403700|[g:1][CONSENSUS][PBFT]checkTimeout Succ,view=2176,toView=2177,nodeIdx=3,changeCycle=1,myNode=87d00b98...,timecost=2
info|2025-10-11 09:03:13.804858|PBFT-1-0x00007f19a7403700|[g:1][CONSENSUS][PBFT]checkAndChangeView: Reach consensus,org_view=2176,cur_changeCycle=1,curView=2176,view=2177
warning|2025-10-11 09:03:18.312347|PBFT-1-0x00007f19a7403700|[g:1][CONSENSUS][PBFT]ViewChangeWarning: not caused by omit empty block ,v=2177,toV=2178,curNum=472,hash=5f36275c...,nodeIdx=3,myNode=87d00b98...
info|2025-10-11 09:03:18.313328|PBFT-1-0x00007f19a7403700|[g:1][CONSENSUS][PBFT]checkTimeout Succ,view=2177,toView=2178,nodeIdx=3,changeCycle=2,myNode=87d00b98...,timecost=3
info|2025-10-11 09:03:18.317930|PBFT-1-0x00007f19a7403700|[g:1][CONSENSUS][PBFT]checkAndChangeView: Reach consensus,org_view=2177,cur_changeCycle=2,curView=2177,view=2178
info|2025-10-11 09:03:19.322175|PBFT-1-0x00007f19a7403700|[g:1][CONSENSUS]addRawPrepare,height=473,reqIdx=2,hash=c58224c9...,time=0
info|2025-10-11 09:03:19.325469|PBFT-1-0x00007f19a7403700|[g:1][CONSENSUS][PBFT]checkTimeout Succ,view=2178,toView=2179,nodeIdx=3,changeCycle=1,myNode=87d00b98...,timecost=3
info|2025-10-11 09:03:19.331093|PBFT-1-0x00007f19a7403700|[g:1][CONSENSUS][PBFT]checkAndChangeView: Reach consensus,org_view=2178,cur_changeCycle=1,curView=2178,view=2179
info|2025-10-11 09:03:20.333363|PBFTSeal-1-0x00007f199fbf4700|[g:1][CONSENSUS][SEALER]++++++++++++++++ Generating seal on,blkNum=473,tx=0,nodeIdx=3,hash=99611b05...
info|2025-10-11 09:03:20.342821|PBFT-1-0x00007f19a7403700|[g:1][CONSENSUS][PBFT]checkTimeout Succ,view=2179,toView=2180,nodeIdx=3,changeCycle=1,myNode=87d00b98...,timecost=1
info|2025-10-11 09:03:20.347920|PBFT-1-0x00007f19a7403700|[g:1][CONSENSUS][PBFT]checkAndChangeView: Reach consensus,org_view=2179,cur_changeCycle=1,curView=2179,view=2180
info|2025-10-11 09:03:21.334323|io_service-0x00007f19c1437700|[P2P][Service] heartBeat,connected count=3
info|2025-10-11 09:03:21.355031|PBFT-1-0x00007f19a7403700|[g:1][CONSENSUS]addRawPrepare,height=473,reqIdx=0,hash=b827d61a...,time=0
info|2025-10-11 09:03:21.364734|PBFT-1-0x00007f19a7403700|[g:1][CONSENSUS][PBFT]checkTimeout Succ,view=2180,toView=2181,nodeIdx=3,changeCycle=1,myNode=87d00b98...,timecost=7
info|2025-10-11 09:03:21.369089|PBFT-1-0x00007f19a7403700|[g:1][CONSENSUS][PBFT]checkAndChangeView: Reach consensus,org_view=2180,cur_changeCycle=1,curView=2180,view=2181
warning|2025-10-11 09:03:25.882185|PBFT-1-0x00007f19a7403700|[g:1][CONSENSUS][PBFT]ViewChangeWarning: not caused by omit empty block ,v=2181,toV=2182,curNum=472,hash=5f36275c...,nodeIdx=3,myNode=87d00b98...
info|2025-10-11 09:03:25.882415|PBFT-1-0x00007f19a7403700|[g:1][CONSENSUS][PBFT]checkTimeout Succ,view=2181,toView=2182,nodeIdx=3,changeCycle=2,myNode=87d00b98...,timecost=3
info|2025-10-11 09:03:25.888515|PBFT-1-0x00007f19a7403700|[g:1][CONSENSUS][PBFT]checkAndChangeView: Reach consensus,org_view=2181,cur_changeCycle=2,curView=2181,view=2182
info|2025-10-11 09:03:26.348066|P2P-0x00007f19c343b700|[g:1] [SYNC][id:87d00b98...][Download][Request]Receive block request,peer=374bdfe9...,from=184,to=184
info|2025-10-11 09:03:26.348740|SyncSend-1-0x00007f19b3c1c700|[g:1][SYNC][id:87d00b98...][Download][Request][BlockSync]Batch blocks for sending,blockSize=24480,number=184,peer=374bdfe9...,timeCost=0
info|2025-10-11 09:03:26.348882|SyncSend-1-0x00007f19b3c1c700|[g:1][g:1] [SYNC][id:374bdfe9...][Download][Request][BlockSync]Send block packet,peer=374bdfe9...,blocks=1,bytes(V)=24487
info|2025-10-11 09:03:26.892635|PBFT-1-0x00007f19a7403700|[g:1][CONSENSUS]addRawPrepare,height=473,reqIdx=2,hash=a2466814...,time=0
info|2025-10-11 09:03:26.895291|PBFT-1-0x00007f19a7403700|[g:1][CONSENSUS][PBFT]checkTimeout Succ,view=2182,toView=2183,nodeIdx=3,changeCycle=1,myNode=87d00b98...,timecost=3
info|2025-10-11 09:03:26.912409|PBFT-1-0x00007f19a7403700|[g:1][CONSENSUS][PBFT]checkAndChangeView: Reach consensus,org_view=2182,cur_changeCycle=1,curView=2182,view=2183
info|2025-10-11 09:03:27.913602|PBFTSeal-1-0x00007f199fbf4700|[g:1][CONSENSUS][SEALER]++++++++++++++++ Generating seal on,blkNum=473,tx=0,nodeIdx=3,hash=138759a9...
info|2025-10-11 09:03:27.929863|PBFT-1-0x00007f19a7403700|[g:1][CONSENSUS][PBFT]checkTimeout Succ,view=2183,toView=2184,nodeIdx=3,changeCycle=1,myNode=87d00b98...,timecost=4
info|2025-10-11 09:03:27.938026|PBFT-1-0x00007f19a7403700|[g:1][CONSENSUS][PBFT]checkAndChangeView: Reach consensus,org_view=2183,cur_changeCycle=1,curView=2183,view=2184
info|2025-10-11 09:03:28.945501|PBFT-1-0x00007f19a7403700|[g:1][CONSENSUS]addRawPrepare,height=473,reqIdx=0,hash=63acf332...,time=0
info|2025-10-11 09:03:28.953180|PBFT-1-0x00007f19a7403700|[g:1][CONSENSUS][PBFT]checkTimeout Succ,view=2184,toView=2185,nodeIdx=3,changeCycle=1,myNode=87d00b98...,timecost=8
info|2025-10-11 09:03:28.976492|PBFT-1-0x00007f19a7403700|[g:1][CONSENSUS][PBFT]checkAndChangeView: Reach consensus,org_view=2184,cur_changeCycle=1,curView=2184,view=2185
info|2025-10-11 09:03:31.334635|io_service-0x00007f19c1437700|[P2P][Service] heartBeat,connected count=3
info|2025-10-11 09:03:32.907051|P2P-0x00007f19c343b700|[g:1] [SYNC][id:87d00b98...][Download][Request]Receive block request,peer=374bdfe9...,from=184,to=184
info|2025-10-11 09:03:32.907812|SyncSend-1-0x00007f19b3c1c700|[g:1][SYNC][id:87d00b98...][Download][Request][BlockSync]Batch blocks for sending,blockSize=24480,number=184,peer=374bdfe9...,timeCost=0
info|2025-10-11 09:03:32.907960|SyncSend-1-0x00007f19b3c1c700|[g:1][g:1] [SYNC][id:374bdfe9...][Download][Request][BlockSync]Send block packet,peer=374bdfe9...,blocks=1,bytes(V)=24487
warning|2025-10-11 09:03:33.486487|PBFT-1-0x00007f19a7403700|[g:1][CONSENSUS][PBFT]ViewChangeWarning: not caused by omit empty block ,v=2185,toV=2186,curNum=472,hash=5f36275c...,nodeIdx=3,myNode=87d00b98...
info|2025-10-11 09:03:33.491542|PBFT-1-0x00007f19a7403700|[g:1][CONSENSUS][PBFT]checkTimeout Succ,view=2185,toView=2186,nodeIdx=3,changeCycle=2,myNode=87d00b98...,timecost=7
info|2025-10-11 09:03:33.499269|PBFT-1-0x00007f19a7403700|[g:1][CONSENSUS][PBFT]checkAndChangeView: Reach consensus,org_view=2185,cur_changeCycle=2,curView=2185,view=2186
info|2025-10-11 09:03:34.511173|PBFT-1-0x00007f19a7403700|[g:1][CONSENSUS]addRawPrepare,height=473,reqIdx=2,hash=f087f7d9...,time=0
info|2025-10-11 09:03:34.524989|PBFT-1-0x00007f19a7403700|[g:1][CONSENSUS][PBFT]checkTimeout Succ,view=2186,toView=2187,nodeIdx=3,changeCycle=1,myNode=87d00b98...,timecost=9
info|2025-10-11 09:03:34.541128|PBFT-1-0x00007f19a7403700|[g:1][CONSENSUS][PBFT]checkAndChangeView: Reach consensus,org_view=2186,cur_changeCycle=1,curView=2186,view=2187
info|2025-10-11 09:03:35.542396|PBFTSeal-1-0x00007f199fbf4700|[g:1][CONSENSUS][SEALER]++++++++++++++++ Generating seal on,blkNum=473,tx=0,nodeIdx=3,hash=5cc2e649...
info|2025-10-11 09:03:35.548033|PBFT-1-0x00007f19a7403700|[g:1][CONSENSUS][PBFT]checkTimeout Succ,view=2187,toView=2188,nodeIdx=3,changeCycle=1,myNode=87d00b98...,timecost=2
info|2025-10-11 09:03:35.571199|PBFT-1-0x00007f19a7403700|[g:1][CONSENSUS][PBFT]checkAndChangeView: Reach consensus,org_view=2187,cur_changeCycle=1,curView=2187,view=2188
info|2025-10-11 09:03:36.586157|PBFT-1-0x00007f19a7403700|[g:1][CONSENSUS]addRawPrepare,height=473,reqIdx=0,hash=15cbb4f5...,time=0
info|2025-10-11 09:03:36.599185|PBFT-1-0x00007f19a7403700|[g:1][CONSENSUS][PBFT]checkTimeout Succ,view=2188,toView=2189,nodeIdx=3,changeCycle=1,myNode=87d00b98...,timecost=13
info|2025-10-11 09:03:36.612746|PBFT-1-0x00007f19a7403700|[g:1][CONSENSUS][PBFT]checkAndChangeView: Reach consensus,org_view=2188,cur_changeCycle=1,curView=2188,view=2189
warning|2025-10-11 09:03:41.119521|PBFT-1-0x00007f19a7403700|[g:1][CONSENSUS][PBFT]ViewChangeWarning: not caused by omit empty block ,v=2189,toV=2190,curNum=472,hash=5f36275c...,nodeIdx=3,myNode=87d00b98...
info|2025-10-11 09:03:41.120819|PBFT-1-0x00007f19a7403700|[g:1][CONSENSUS][PBFT]checkTimeout Succ,view=2189,toView=2190,nodeIdx=3,changeCycle=2,myNode=87d00b98...,timecost=3
info|2025-10-11 09:03:41.135392|PBFT-1-0x00007f19a7403700|[g:1][CONSENSUS][PBFT]checkAndChangeView: Reach consensus,org_view=2189,cur_changeCycle=2,curView=2189,view=2190
info|2025-10-11 09:03:41.335187|io_service-0x00007f19c1437700|[P2P][Service] heartBeat,connected count=3
info|2025-10-11 09:03:42.146011|PBFT-1-0x00007f19a7403700|[g:1][CONSENSUS]addRawPrepare,height=473,reqIdx=2,hash=e70541a4...,time=1
info|2025-10-11 09:03:42.156852|PBFT-1-0x00007f19a7403700|[g:1][CONSENSUS][PBFT]checkTimeout Succ,view=2190,toView=2191,nodeIdx=3,changeCycle=1,myNode=87d00b98...,timecost=10
info|2025-10-11 09:03:42.168900|PBFT-1-0x00007f19a7403700|[g:1][CONSENSUS][PBFT]checkAndChangeView: Reach consensus,org_view=2190,cur_changeCycle=1,curView=2190,view=2191
info|2025-10-11 09:03:43.169216|PBFTSeal-1-0x00007f199fbf4700|[g:1][CONSENSUS][SEALER]++++++++++++++++ Generating seal on,blkNum=473,tx=0,nodeIdx=3,hash=54e41cb8...
info|2025-10-11 09:03:43.182790|PBFT-1-0x00007f19a7403700|[g:1][CONSENSUS][PBFT]checkTimeout Succ,view=2191,toView=2192,nodeIdx=3,changeCycle=1,myNode=87d00b98...,timecost=10
info|2025-10-11 09:03:43.195151|PBFT-1-0x00007f19a7403700|[g:1][CONSENSUS][PBFT]checkAndChangeView: Reach consensus,org_view=2191,cur_changeCycle=1,curView=2191,view=2192
info|2025-10-11 09:03:44.213760|PBFT-1-0x00007f19a7403700|[g:1][CONSENSUS]addRawPrepare,height=473,reqIdx=0,hash=f4e01b2a...,time=0
info|2025-10-11 09:03:44.225291|PBFT-1-0x00007f19a7403700|[g:1][CONSENSUS][PBFT]checkTimeout Succ,view=2192,toView=2193,nodeIdx=3,changeCycle=1,myNode=87d00b98...,timecost=3
info|2025-10-11 09:03:44.242918|PBFT-1-0x00007f19a7403700|[g:1][CONSENSUS][PBFT]checkAndChangeView: Reach consensus,org_view=2192,cur_changeCycle=1,curView=2192,view=2193
warning|2025-10-11 09:03:48.745801|PBFT-1-0x00007f19a7403700|[g:1][CONSENSUS][PBFT]ViewChangeWarning: not caused by omit empty block ,v=2193,toV=2194,curNum=472,hash=5f36275c...,nodeIdx=3,myNode=87d00b98...
info|2025-10-11 09:03:48.746921|PBFT-1-0x00007f19a7403700|[g:1][CONSENSUS][PBFT]checkTimeout Succ,view=2193,toView=2194,nodeIdx=3,changeCycle=2,myNode=87d00b98...,timecost=2
info|2025-10-11 09:03:48.760305|PBFT-1-0x00007f19a7403700|[g:1][CONSENSUS][PBFT]checkAndChangeView: Reach consensus,org_view=2193,cur_changeCycle=2,curView=2193,view=2194
info|2025-10-11 09:03:49.771127|PBFT-1-0x00007f19a7403700|[g:1][CONSENSUS]addRawPrepare,height=473,reqIdx=2,hash=aff6934c...,time=0
info|2025-10-11 09:03:49.775095|PBFT-1-0x00007f19a7403700|[g:1][CONSENSUS][PBFT]checkTimeout Succ,view=2194,toView=2195,nodeIdx=3,changeCycle=1,myNode=87d00b98...,timecost=2
info|2025-10-11 09:03:49.791859|PBFT-1-0x00007f19a7403700|[g:1][CONSENSUS][PBFT]checkAndChangeView: Reach consensus,org_view=2194,cur_changeCycle=1,curView=2194,view=2195
info|2025-10-11 09:03:50.792658|PBFTSeal-1-0x00007f199fbf4700|[g:1][CONSENSUS][SEALER]++++++++++++++++ Generating seal on,blkNum=473,tx=0,nodeIdx=3,hash=3bdc72f4...
info|2025-10-11 09:03:50.805410|PBFT-1-0x00007f19a7403700|[g:1][CONSENSUS][PBFT]checkTimeout Succ,view=2195,toView=2196,nodeIdx=3,changeCycle=1,myNode=87d00b98...,timecost=3
info|2025-10-11 09:03:50.827640|PBFT-1-0x00007f19a7403700|[g:1][CONSENSUS][PBFT]checkAndChangeView: Reach consensus,org_view=2195,cur_changeCycle=1,curView=2195,view=2196
info|2025-10-11 09:03:51.335677|io_service-0x00007f19c1437700|[P2P][Service] heartBeat,connected count=3
info|2025-10-11 09:03:51.837207|PBFT-1-0x00007f19a7403700|[g:1][CONSENSUS]addRawPrepare,height=473,reqIdx=0,hash=6daa2d85...,time=0
info|2025-10-11 09:03:51.851931|PBFT-1-0x00007f19a7403700|[g:1][CONSENSUS][PBFT]checkTimeout Succ,view=2196,toView=2197,nodeIdx=3,changeCycle=1,myNode=87d00b98...,timecost=8
info|2025-10-11 09:03:51.862118|PBFT-1-0x00007f19a7403700|[g:1][CONSENSUS][PBFT]checkAndChangeView: Reach consensus,org_view=2196,cur_changeCycle=1,curView=2196,view=2197
warning|2025-10-11 09:03:56.369878|PBFT-1-0x00007f19a7403700|[g:1][CONSENSUS][PBFT]ViewChangeWarning: not caused by omit empty block ,v=2197,toV=2198,curNum=472,hash=5f36275c...,nodeIdx=3,myNode=87d00b98...
info|2025-10-11 09:03:56.371142|PBFT-1-0x00007f19a7403700|[g:1][CONSENSUS][PBFT]checkTimeout Succ,view=2197,toView=2198,nodeIdx=3,changeCycle=2,myNode=87d00b98...,timecost=4
info|2025-10-11 09:03:56.377840|PBFT-1-0x00007f19a7403700|[g:1][CONSENSUS][PBFT]checkAndChangeView: Reach consensus,org_view=2197,cur_changeCycle=2,curView=2197,view=2198
info|2025-10-11 09:03:57.381664|PBFT-1-0x00007f19a7403700|[g:1][CONSENSUS]addRawPrepare,height=473,reqIdx=2,hash=28ae4f34...,time=0
info|2025-10-11 09:03:57.387813|PBFT-1-0x00007f19a7403700|[g:1][CONSENSUS][PBFT]checkTimeout Succ,view=2198,toView=2199,nodeIdx=3,changeCycle=1,myNode=87d00b98...,timecost=5
info|2025-10-11 09:03:57.405132|PBFT-1-0x00007f19a7403700|[g:1][CONSENSUS][PBFT]checkAndChangeView: Reach consensus,org_view=2198,cur_changeCycle=1,curView=2198,view=2199
info|2025-10-11 09:03:58.405471|PBFTSeal-1-0x00007f199fbf4700|[g:1][CONSENSUS][SEALER]++++++++++++++++ Generating seal on,blkNum=473,tx=0,nodeIdx=3,hash=0bd06301...
info|2025-10-11 09:03:58.425061|PBFT-1-0x00007f19a7403700|[g:1][CONSENSUS][PBFT]checkTimeout Succ,view=2199,toView=2200,nodeIdx=3,changeCycle=1,myNode=87d00b98...,timecost=13
info|2025-10-11 09:03:58.440719|PBFT-1-0x00007f19a7403700|[g:1][CONSENSUS][PBFT]checkAndChangeView: Reach consensus,org_view=2199,cur_changeCycle=1,curView=2199,view=2200
info|2025-10-11 09:03:59.454828|PBFT-1-0x00007f19a7403700|[g:1][CONSENSUS]addRawPrepare,height=473,reqIdx=0,hash=fcca125e...,time=0
info|2025-10-11 09:03:59.457824|PBFT-1-0x00007f19a7403700|[g:1][CONSENSUS][PBFT]checkTimeout Succ,view=2200,toView=2201,nodeIdx=3,changeCycle=1,myNode=87d00b98...,timecost=3
info|2025-10-11 09:03:59.475707|PBFT-1-0x00007f19a7403700|[g:1][CONSENSUS][PBFT]checkAndChangeView: Reach consensus,org_view=2200,cur_changeCycle=1,curView=2200,view=2201
info|2025-10-11 09:04:01.335946|io_service-0x00007f19c1437700|[P2P][Service] heartBeat,connected count=3
warning|2025-10-11 09:04:03.979888|PBFT-1-0x00007f19a7403700|[g:1][CONSENSUS][PBFT]ViewChangeWarning: not caused by omit empty block ,v=2201,toV=2202,curNum=472,hash=5f36275c...,nodeIdx=3,myNode=87d00b98...
info|2025-10-11 09:04:03.980428|PBFT-1-0x00007f19a7403700|[g:1][CONSENSUS][PBFT]checkTimeout Succ,view=2201,toView=2202,nodeIdx=3,changeCycle=2,myNode=87d00b98...,timecost=3
info|2025-10-11 09:04:03.994767|PBFT-1-0x00007f19a7403700|[g:1][CONSENSUS][PBFT]checkAndChangeView: Reach consensus,org_view=2201,cur_changeCycle=2,curView=2201,view=2202
info|2025-10-11 09:04:04.997383|PBFT-1-0x00007f19a7403700|[g:1][CONSENSUS]addRawPrepare,height=473,reqIdx=2,hash=2f01c515...,time=0
info|2025-10-11 09:04:05.000613|PBFT-1-0x00007f19a7403700|[g:1][CONSENSUS][PBFT]checkTimeout Succ,view=2202,toView=2203,nodeIdx=3,changeCycle=1,myNode=87d00b98...,timecost=3
info|2025-10-11 09:04:05.008526|PBFT-1-0x00007f19a7403700|[g:1][CONSENSUS][PBFT]checkAndChangeView: Reach consensus,org_view=2202,cur_changeCycle=1,curView=2202,view=2203
info|2025-10-11 09:04:06.008679|PBFTSeal-1-0x00007f199fbf4700|[g:1][CONSENSUS][SEALER]++++++++++++++++ Generating seal on,blkNum=473,tx=0,nodeIdx=3,hash=bf5f1bab...
info|2025-10-11 09:04:06.017796|PBFT-1-0x00007f19a7403700|[g:1][CONSENSUS][PBFT]checkTimeout Succ,view=2203,toView=2204,nodeIdx=3,changeCycle=1,myNode=87d00b98...,timecost=7
info|2025-10-11 09:04:06.022534|PBFT-1-0x00007f19a7403700|[g:1][CONSENSUS][PBFT]checkAndChangeView: Reach consensus,org_view=2203,cur_changeCycle=1,curView=2203,view=2204
info|2025-10-11 09:04:07.035347|PBFT-1-0x00007f19a7403700|[g:1][CONSENSUS]addRawPrepare,height=473,reqIdx=0,hash=e8b47e94...,time=0
info|2025-10-11 09:04:07.038376|PBFT-1-0x00007f19a7403700|[g:1][CONSENSUS][PBFT]checkTimeout Succ,view=2204,toView=2205,nodeIdx=3,changeCycle=1,myNode=87d00b98...,timecost=3
info|2025-10-11 09:04:07.050208|PBFT-1-0x00007f19a7403700|[g:1][CONSENSUS][PBFT]checkAndChangeView: Reach consensus,org_view=2204,cur_changeCycle=1,curView=2204,view=2205
info|2025-10-11 09:04:11.336336|io_service-0x00007f19c1437700|[P2P][Service] heartBeat,connected count=3
warning|2025-10-11 09:04:11.556377|PBFT-1-0x00007f19a7403700|[g:1][CONSENSUS][PBFT]ViewChangeWarning: not caused by omit empty block ,v=2205,toV=2206,curNum=472,hash=5f36275c...,nodeIdx=3,myNode=87d00b98...
info|2025-10-11 09:04:11.557254|PBFT-1-0x00007f19a7403700|[g:1][CONSENSUS][PBFT]checkTimeout Succ,view=2205,toView=2206,nodeIdx=3,changeCycle=2,myNode=87d00b98...,timecost=4
info|2025-10-11 09:04:11.561795|PBFT-1-0x00007f19a7403700|[g:1][CONSENSUS][PBFT]checkAndChangeView: Reach consensus,org_view=2205,cur_changeCycle=2,curView=2205,view=2206
info|2025-10-11 09:04:12.569150|PBFT-1-0x00007f19a7403700|[g:1][CONSENSUS]addRawPrepare,height=473,reqIdx=2,hash=a6c9143d...,time=0
info|2025-10-11 09:04:12.572035|PBFT-1-0x00007f19a7403700|[g:1][CONSENSUS][PBFT]checkTimeout Succ,view=2206,toView=2207,nodeIdx=3,changeCycle=1,myNode=87d00b98...,timecost=3
info|2025-10-11 09:04:12.582295|PBFT-1-0x00007f19a7403700|[g:1][CONSENSUS][PBFT]checkAndChangeView: Reach consensus,org_view=2206,cur_changeCycle=1,curView=2206,view=2207
info|2025-10-11 09:04:13.583592|PBFTSeal-1-0x00007f199fbf4700|[g:1][CONSENSUS][SEALER]++++++++++++++++ Generating seal on,blkNum=473,tx=0,nodeIdx=3,hash=6d325d04...
info|2025-10-11 09:04:13.593620|PBFT-1-0x00007f19a7403700|[g:1][CONSENSUS][PBFT]checkTimeout Succ,view=2207,toView=2208,nodeIdx=3,changeCycle=1,myNode=87d00b98...,timecost=2
info|2025-10-11 09:04:13.600145|PBFT-1-0x00007f19a7403700|[g:1][CONSENSUS][PBFT]checkAndChangeView: Reach consensus,org_view=2207,cur_changeCycle=1,curView=2207,view=2208
info|2025-10-11 09:04:14.601971|PBFT-1-0x00007f19a7403700|[g:1][CONSENSUS]addRawPrepare,height=473,reqIdx=0,hash=2d0cb458...,time=1
info|2025-10-11 09:04:14.605412|PBFT-1-0x00007f19a7403700|[g:1][CONSENSUS][PBFT]checkTimeout Succ,view=2208,toView=2209,nodeIdx=3,changeCycle=1,myNode=87d00b98...,timecost=3
info|2025-10-11 09:04:14.618258|PBFT-1-0x00007f19a7403700|[g:1][CONSENSUS][PBFT]checkAndChangeView: Reach consensus,org_view=2208,cur_changeCycle=1,curView=2208,view=2209
warning|2025-10-11 09:04:19.123599|PBFT-1-0x00007f19a7403700|[g:1][CONSENSUS][PBFT]ViewChangeWarning: not caused by omit empty block ,v=2209,toV=2210,curNum=472,hash=5f36275c...,nodeIdx=3,myNode=87d00b98...
info|2025-10-11 09:04:19.132337|PBFT-1-0x00007f19a7403700|[g:1][CONSENSUS][PBFT]checkTimeout Succ,view=2209,toView=2210,nodeIdx=3,changeCycle=2,myNode=87d00b98...,timecost=12
info|2025-10-11 09:04:19.143912|PBFT-1-0x00007f19a7403700|[g:1][CONSENSUS][PBFT]checkAndChangeView: Reach consensus,org_view=2209,cur_changeCycle=2,curView=2209,view=2210
info|2025-10-11 09:04:20.148778|PBFT-1-0x00007f19a7403700|[g:1][CONSENSUS]addRawPrepare,height=473,reqIdx=2,hash=2de7e8d6...,time=0
info|2025-10-11 09:04:20.152172|PBFT-1-0x00007f19a7403700|[g:1][CONSENSUS][PBFT]checkTimeout Succ,view=2210,toView=2211,nodeIdx=3,changeCycle=1,myNode=87d00b98...,timecost=4
info|2025-10-11 09:04:20.160908|PBFT-1-0x00007f19a7403700|[g:1][CONSENSUS][PBFT]checkAndChangeView: Reach consensus,org_view=2210,cur_changeCycle=1,curView=2210,view=2211
info|2025-10-11 09:04:21.161708|PBFTSeal-1-0x00007f199fbf4700|[g:1][CONSENSUS][SEALER]++++++++++++++++ Generating seal on,blkNum=473,tx=0,nodeIdx=3,hash=5de36d90...
info|2025-10-11 09:04:21.175952|PBFT-1-0x00007f19a7403700|[g:1][CONSENSUS][PBFT]checkTimeout Succ,view=2211,toView=2212,nodeIdx=3,changeCycle=1,myNode=87d00b98...,timecost=4
info|2025-10-11 09:04:21.184405|PBFT-1-0x00007f19a7403700|[g:1][CONSENSUS][PBFT]checkAndChangeView: Reach consensus,org_view=2211,cur_changeCycle=1,curView=2211,view=2212
info|2025-10-11 09:04:21.336663|io_service-0x00007f19c1437700|[P2P][Service] heartBeat,connected count=3
info|2025-10-11 09:04:22.192755|PBFT-1-0x00007f19a7403700|[g:1][CONSENSUS]addRawPrepare,height=473,reqIdx=0,hash=54597860...,time=0
info|2025-10-11 09:04:22.198373|PBFT-1-0x00007f19a7403700|[g:1][CONSENSUS][PBFT]checkTimeout Succ,view=2212,toView=2213,nodeIdx=3,changeCycle=1,myNode=87d00b98...,timecost=6
info|2025-10-11 09:04:22.216359|PBFT-1-0x00007f19a7403700|[g:1][CONSENSUS][PBFT]checkAndChangeView: Reach consensus,org_view=2212,cur_changeCycle=1,curView=2212,view=2213
info|2025-10-11 09:04:24.949125|P2P-0x00007f19c1c38700|[g:1] [SYNC][id:87d00b98...][Download][Request]Receive block request,peer=374bdfe9...,from=184,to=184
info|2025-10-11 09:04:24.949835|SyncSend-1-0x00007f19b3c1c700|[g:1][SYNC][id:87d00b98...][Download][Request][BlockSync]Batch blocks for sending,blockSize=24480,number=184,peer=374bdfe9...,timeCost=0
info|2025-10-11 09:04:24.949988|SyncSend-1-0x00007f19b3c1c700|[g:1][g:1] [SYNC][id:374bdfe9...][Download][Request][BlockSync]Send block packet,peer=374bdfe9...,blocks=1,bytes(V)=24487
warning|2025-10-11 09:04:26.732769|PBFT-1-0x00007f19a7403700|[g:1][CONSENSUS][PBFT]ViewChangeWarning: not caused by omit empty block ,v=2213,toV=2214,curNum=472,hash=5f36275c...,nodeIdx=3,myNode=87d00b98...
info|2025-10-11 09:04:26.732985|PBFT-1-0x00007f19a7403700|[g:1][CONSENSUS][PBFT]checkTimeout Succ,view=2213,toView=2214,nodeIdx=3,changeCycle=2,myNode=87d00b98...,timecost=4
info|2025-10-11 09:04:26.762148|PBFT-1-0x00007f19a7403700|[g:1][CONSENSUS][PBFT]checkAndChangeView: Reach consensus,org_view=2213,cur_changeCycle=2,curView=2213,view=2214
info|2025-10-11 09:04:27.766399|PBFT-1-0x00007f19a7403700|[g:1][CONSENSUS]addRawPrepare,height=473,reqIdx=2,hash=d37e9a6c...,time=0
info|2025-10-11 09:04:27.768246|PBFT-1-0x00007f19a7403700|[g:1][CONSENSUS][PBFT]checkTimeout Succ,view=2214,toView=2215,nodeIdx=3,changeCycle=1,myNode=87d00b98...,timecost=2
info|2025-10-11 09:04:27.778602|PBFT-1-0x00007f19a7403700|[g:1][CONSENSUS][PBFT]checkAndChangeView: Reach consensus,org_view=2214,cur_changeCycle=1,curView=2214,view=2215
info|2025-10-11 09:04:28.779762|PBFTSeal-1-0x00007f199fbf4700|[g:1][CONSENSUS][SEALER]++++++++++++++++ Generating seal on,blkNum=473,tx=0,nodeIdx=3,hash=cfcf9f93...
info|2025-10-11 09:04:28.788669|PBFT-1-0x00007f19a7403700|[g:1][CONSENSUS][PBFT]checkTimeout Succ,view=2215,toView=2216,nodeIdx=3,changeCycle=1,myNode=87d00b98...,timecost=2
info|2025-10-11 09:04:28.795499|PBFT-1-0x00007f19a7403700|[g:1][CONSENSUS][PBFT]checkAndChangeView: Reach consensus,org_view=2215,cur_changeCycle=1,curView=2215,view=2216
info|2025-10-11 09:04:28.971527|fisco-bcos-0x00007f19c41b0dc0|[LEDGER]stop sealer,groupID=1
info|2025-10-11 09:04:28.971577|fisco-bcos-0x00007f19c41b0dc0|[CONSENSUS][SEALER]Stop sealer module...
info|2025-10-11 09:04:28.975792|fisco-bcos-0x00007f19c41b0dc0|[CONSENSUS][ConsensusEngine][Stop ConsensusEngineBase]
info|2025-10-11 09:04:28.982339|fisco-bcos-0x00007f19c41b0dc0|[CONSENSUS][ConsensusEngine]ConsensusEngineBase stopped
info|2025-10-11 09:04:28.982379|fisco-bcos-0x00007f19c41b0dc0|[LEDGER]sealer stopped. stop sync,groupID=1
info|2025-10-11 09:04:28.983361|fisco-bcos-0x00007f19c41b0dc0|[g:1] [SYNC][id:87d00b98...]SyncMsgEngine stopped
info|2025-10-11 09:04:29.136635|fisco-bcos-0x00007f19c41b0dc0|[GossipBlockStatus]stop GossipBlockStatus succ
info|2025-10-11 09:04:29.598591|fisco-bcos-0x00007f19c41b0dc0|[SYNC][id:87d00b98...][g:1]SyncMaster stopped
info|2025-10-11 09:04:29.598635|fisco-bcos-0x00007f19c41b0dc0|[LEDGER]sync stopped. stop event filter manager,groupID=1
info|2025-10-11 09:04:29.661635|fisco-bcos-0x00007f19c41b0dc0|[EVENT][EventLogFilterManager]stop
info|2025-10-11 09:04:29.661673|fisco-bcos-0x00007f19c41b0dc0|[LEDGER]event filter manager stopped. stop tx pool,groupID=1
info|2025-10-11 09:04:29.662168|fisco-bcos-0x00007f19c41b0dc0|[LEDGER]removeNetworkStatHandlerByGroupID and removeGroupBandwidthLimiter for service,groupID=1
info|2025-10-11 09:04:29.662198|fisco-bcos-0x00007f19c41b0dc0|[CHANNEL]removeSDKAllowListByGroupId,groupId=1
info|2025-10-11 09:04:29.662207|fisco-bcos-0x00007f19c41b0dc0|[INITIALIZER]ledgerInitializer stopped
warning|2025-10-11 09:04:29.662357|ChannelServer-0x00007f19b8425700|[CHANNEL]Accept failed,message=Operation canceled
info|2025-10-11 09:04:30.367976|io_service-0x00007f19c1437700|[NETWORK][Session]doRead failed,endpoint=127.0.0.1:58636,message=short read (SSL routines, SSL routines)
info|2025-10-11 09:04:30.368182|io_service-0x00007f19c1437700|[NETWORK][Session]drop, call and erase all callbackFunc of the session!,endpoint=127.0.0.1:58636
info|2025-10-11 09:04:30.368258|io_service-0x00007f19c1437700|[NETWORK][Session][drop] closing remote 127.0.0.1:58636,reason=Low-level TCP communication failed.,endpoint=127.0.0.1:58636
info|2025-10-11 09:04:30.368485|io_service-0x00007f19c1437700|[NETWORK][Session]Session inactive
info|2025-10-11 09:04:30.368499|io_service-0x00007f19c1437700|[NETWORK][Session]Session inactive
info|2025-10-11 09:04:30.368506|io_service-0x00007f19c1437700|[NETWORK][Session][drop] shutdown failed ,code=9,message=Bad file descriptor
info|2025-10-11 09:04:30.368623|P2P-0x00007f19c343b700|[P2P][Service] disconnect inactive P2PSession,nodeID=374bdfe9...,endpoint=127.0.0.1:58636,code=3,what=Disconnect
info|2025-10-11 09:04:30.368736|P2P-0x00007f19c343b700|[P2P][Service] onDisconnect,code=3,what=Dynamic exception type: dev::network::NetworkException
std::exception::what: Disconnect
info|2025-10-11 09:04:30.479025|io_service-0x00007f19c1437700|[NETWORK][Session]doRead failed,endpoint=127.0.0.1:30300,message=short read (SSL routines, SSL routines)
info|2025-10-11 09:04:30.479092|io_service-0x00007f19c1437700|[NETWORK][Session]drop, call and erase all callbackFunc of the session!,endpoint=127.0.0.1:30300
info|2025-10-11 09:04:30.479115|io_service-0x00007f19c1437700|[NETWORK][Session][drop] closing remote 127.0.0.1:30300,reason=Low-level TCP communication failed.,endpoint=127.0.0.1:30300
info|2025-10-11 09:04:30.479359|io_service-0x00007f19c1437700|[NETWORK][Session]Session inactive
info|2025-10-11 09:04:30.479380|io_service-0x00007f19c1437700|[NETWORK][Session]Session inactive
info|2025-10-11 09:04:30.479390|io_service-0x00007f19c1437700|[NETWORK][Session][drop] shutdown failed ,code=9,message=Bad file descriptor
info|2025-10-11 09:04:30.479438|P2P-0x00007f19c2c3a700|[P2P][Service] disconnect inactive P2PSession,nodeID=73994dae...,endpoint=127.0.0.1:30300,code=3,what=Disconnect
info|2025-10-11 09:04:30.479466|P2P-0x00007f19c2c3a700|[P2P][Service] onDisconnect,code=3,what=Dynamic exception type: dev::network::NetworkException
std::exception::what: Disconnect
info|2025-10-11 09:04:30.482052|io_service-0x00007f19c1437700|[NETWORK][Session]doRead failed,endpoint=127.0.0.1:30303,message=short read (SSL routines, SSL routines)
info|2025-10-11 09:04:30.482124|io_service-0x00007f19c1437700|[NETWORK][Session]drop, call and erase all callbackFunc of the session!,endpoint=127.0.0.1:30303
info|2025-10-11 09:04:30.482141|io_service-0x00007f19c1437700|[NETWORK][Session][drop] closing remote 127.0.0.1:30303,reason=Low-level TCP communication failed.,endpoint=127.0.0.1:30303
info|2025-10-11 09:04:30.482227|P2P-0x00007f19c2439700|[P2P][Service] disconnect inactive P2PSession,nodeID=064cb676...,endpoint=127.0.0.1:30303,code=3,what=Disconnect
info|2025-10-11 09:04:30.482260|P2P-0x00007f19c2439700|[P2P][Service] onDisconnect,code=3,what=Dynamic exception type: dev::network::NetworkException
std::exception::what: Disconnect
info|2025-10-11 09:04:30.482296|io_service-0x00007f19c1437700|[NETWORK][Session]Session inactive
info|2025-10-11 09:04:30.482309|io_service-0x00007f19c1437700|[NETWORK][Session][drop] shutdown failed ,code=9,message=Bad file descriptor
info|2025-10-11 09:04:30.663964|fisco-bcos-0x00007f19c41b0dc0|[INITIALIZER]ChannelRPCHttpServer deleted.
info|2025-10-11 09:04:30.664627|fisco-bcos-0x00007f19c41b0dc0|[INITIALIZER]JsonrpcHttpServer deleted.
info|2025-10-11 09:04:30.664655|fisco-bcos-0x00007f19c41b0dc0|[INITIALIZER]RPCInitializer stopped
info|2025-10-11 09:04:30.664723|io_service-0x00007f19c1437700|[NETWORK][Host]Host exit
info|2025-10-11 09:04:30.665685|fisco-bcos-0x00007f19c41b0dc0|[INITIALIZER]P2PInitializer stopped
info|2025-10-11 09:04:30.665770|fisco-bcos-0x00007f19c41b0dc0|[LEDGER]stop sealer,groupID=1
info|2025-10-11 09:04:30.665785|fisco-bcos-0x00007f19c41b0dc0|[LEDGER]sealer stopped. stop sync,groupID=1
info|2025-10-11 09:04:30.665796|fisco-bcos-0x00007f19c41b0dc0|[g:1] [SYNC][id:87d00b98...]SyncMsgEngine stopped
info|2025-10-11 09:04:30.665810|fisco-bcos-0x00007f19c41b0dc0|[GossipBlockStatus]GossipBlockStatus already stopped
info|2025-10-11 09:04:30.665815|fisco-bcos-0x00007f19c41b0dc0|[SYNC][id:87d00b98...][g:1]SyncMaster stopped
info|2025-10-11 09:04:30.665821|fisco-bcos-0x00007f19c41b0dc0|[LEDGER]sync stopped. stop event filter manager,groupID=1
info|2025-10-11 09:04:30.665828|fisco-bcos-0x00007f19c41b0dc0|[LEDGER]event filter manager stopped. stop tx pool,groupID=1
info|2025-10-11 09:04:30.665836|fisco-bcos-0x00007f19c41b0dc0|[LEDGER]removeNetworkStatHandlerByGroupID and removeGroupBandwidthLimiter for service,groupID=1
info|2025-10-11 09:04:30.665849|fisco-bcos-0x00007f19c41b0dc0|[g:1][STORAGE][CachedStorage]Stopping flushStorage thread
info|2025-10-11 09:04:31.421659|fisco-bcos-0x00007f19c41b0dc0|[g:1][STORAGE][CachedStorage]flushStorage thread stopped.
info|2025-10-11 09:04:31.421704|fisco-bcos-0x00007f19c41b0dc0|[DBINITIALIZER] storage stopped
info|2025-10-11 09:04:31.439403|fisco-bcos-0x00007f19c41b0dc0|[g:1] [SYNC][id:87d00b98...]SyncMsgEngine stopped
info|2025-10-11 09:04:31.439449|fisco-bcos-0x00007f19c41b0dc0|[GossipBlockStatus]GossipBlockStatus already stopped
info|2025-10-11 09:04:31.439456|fisco-bcos-0x00007f19c41b0dc0|[SYNC][id:87d00b98...][g:1]SyncMaster stopped
info|2025-10-11 09:04:31.439477|fisco-bcos-0x00007f19c41b0dc0|[g:1] [SYNC][id:87d00b98...]SyncMsgEngine stopped
