info|2025-10-10 02:11:10.097819|fisco-bcos-0x00007fc6c6ec7dc0|[INITIALIZER][initGlobalConfig],enableCompress=true,compatibilityVersion=2.11.0,versionNumber=34275328,enableStat=false,chainId=1,useSMCrypto=true,IgnoreObserverWriteRequest=false
info|2025-10-10 02:11:10.098468|fisco-bcos-0x00007fc6c6ec7dc0|[INITIALIZER][SecureInitializerGM]get pub of node,nodeID=87d00b98321fc70a5abc85ad9e80db10cce315194133697bf74aace1d3f8430957a766240f751752708f4282f46110d6ea56c3eb5d1c02ce98a66f327f595270
info|2025-10-10 02:11:10.099157|fisco-bcos-0x00007fc6c6ec7dc0|[NETWORK][Host]Connecting to node,endpoint=127.0.0.1:30300
info|2025-10-10 02:11:10.099238|fisco-bcos-0x00007fc6c6ec7dc0|[NETWORK][Host]Connecting to node,endpoint=127.0.0.1:30301
info|2025-10-10 02:11:10.099294|fisco-bcos-0x00007fc6c6ec7dc0|[NETWORK][Host]Connecting to node,endpoint=127.0.0.1:30302
info|2025-10-10 02:11:10.103302|fisco-bcos-0x00007fc6c6ec7dc0|[NETWORK][Host]Connecting to node,endpoint=127.0.0.1:30303
info|2025-10-10 02:11:10.103401|fisco-bcos-0x00007fc6c6ec7dc0|[P2P][Service] heartBeat,connected count=0
info|2025-10-10 02:11:10.103446|fisco-bcos-0x00007fc6c6ec7dc0|[INITIALIZER][RPCInitializer],network_security.check_cert_issuer=true
info|2025-10-10 02:11:10.104150|fisco-bcos-0x00007fc6c6ec7dc0|[CHANNEL][ChannelServer::run],threadPoolSize=8
info|2025-10-10 02:11:10.104207|fisco-bcos-0x00007fc6c6ec7dc0|[CHANNEL]ChannelRPCServer started
info|2025-10-10 02:11:10.104212|fisco-bcos-0x00007fc6c6ec7dc0|[INITIALIZER][RPCInitializer: ChannelRPCHttpServer started.],disableDynamicGroup=false,uncheckGroupMember=false,threadSize=8
info|2025-10-10 02:11:10.104219|fisco-bcos-0x00007fc6c6ec7dc0|[INITIALIZER][LedgerInitializer]initConfig
info|2025-10-10 02:11:10.104234|fisco-bcos-0x00007fc6c6ec7dc0|[LedgerInitializer],groupConfigPath=conf/
info|2025-10-10 02:11:10.104403|fisco-bcos-0x00007fc6c6ec7dc0|[INITIALIZER][initSingleLedger] [GroupId], LedgerConstructor:  1,configFileName=conf/group.1.genesis,dataDir=data/
info|2025-10-10 02:11:10.104466|fisco-bcos-0x00007fc6c6ec7dc0|[g:1][LedgerParam][parseGenesisConfig]initConsensusConfig/initStorageConfig/initTxConfig,configFile=conf/group.1.genesis
info|2025-10-10 02:11:10.104477|fisco-bcos-0x00007fc6c6ec7dc0|[g:1][LedgerParam][initConsensusConfig],type=pbft,consensusTimeout=3,maxTxNum=1000,txGasLimit=300000000
info|2025-10-10 02:11:10.104490|fisco-bcos-0x00007fc6c6ec7dc0|[g:1][LedgerParam][parsePublicKeyListOfSection],sectionName=consensus,it.first=73994dae9e8b8da733108a4153dfe79151d701dff425f84c87b5324e8ebd02ab6a0ebc9e4f1e0298a7ddca50f94a8f95c62b6997226d571e470e8f2b0600634a
info|2025-10-10 02:11:10.104499|fisco-bcos-0x00007fc6c6ec7dc0|[g:1][LedgerParam][parsePublicKeyListOfSection],sectionName=consensus,it.first=374bdfe969e1d8ea1200ade93e5d8cf1a7d5741f238011004b0f43ca818706f194b2f067e1708125f7ffc536610b9a72addbd56b238d65f18912be39037ffcc5
info|2025-10-10 02:11:10.104507|fisco-bcos-0x00007fc6c6ec7dc0|[g:1][LedgerParam][parsePublicKeyListOfSection],sectionName=consensus,it.first=87d00b98321fc70a5abc85ad9e80db10cce315194133697bf74aace1d3f8430957a766240f751752708f4282f46110d6ea56c3eb5d1c02ce98a66f327f595270
info|2025-10-10 02:11:10.104523|fisco-bcos-0x00007fc6c6ec7dc0|[g:1][LedgerParam][parsePublicKeyListOfSection],sectionName=consensus,it.first=064cb676a36047a4b52ecbf9c01664b1e987d91b438110ba6a12d96972726622e824d295b1de8b0298b5afe7bbbc0bd04a3890e1a36eae028c1cfbe07971b995
info|2025-10-10 02:11:10.104528|fisco-bcos-0x00007fc6c6ec7dc0|[g:1][LedgerParam][parsePublicKeyListOfSection],totalPubKeySize=4
info|2025-10-10 02:11:10.104549|fisco-bcos-0x00007fc6c6ec7dc0|[g:1][LedgerParam][max_block_range],maxBlockRange=0,maxBlockPerProcess=3
info|2025-10-10 02:11:10.104554|fisco-bcos-0x00007fc6c6ec7dc0|[g:1][LedgerParam][parseGenesisConfig],timestamp=1759762229000
info|2025-10-10 02:11:10.104560|fisco-bcos-0x00007fc6c6ec7dc0|[g:1][LedgerParam]setEVMFlags,enableFreeStorageVMSchedule=false,evmFlags=0
info|2025-10-10 02:11:10.104570|fisco-bcos-0x00007fc6c6ec7dc0|[g:1][LedgerParam]store evmFlag,evmFlag=0
info|2025-10-10 02:11:10.104574|fisco-bcos-0x00007fc6c6ec7dc0|[g:1][LedgerParam]store consensus time,consensusTimeout=3
info|2025-10-10 02:11:10.104577|fisco-bcos-0x00007fc6c6ec7dc0|[g:1][LedgerParam][initMark],genesisMark=1-064cb676a36047a4b52ecbf9c01664b1e987d91b438110ba6a12d96972726622e824d295b1de8b0298b5afe7bbbc0bd04a3890e1a36eae028c1cfbe07971b995,374bdfe969e1d8ea1200ade93e5d8cf1a7d5741f238011004b0f43ca818706f194b2f067e1708125f7ffc536610b9a72addbd56b238d65f18912be39037ffcc5,73994dae9e8b8da733108a4153dfe79151d701dff425f84c87b5324e8ebd02ab6a0ebc9e4f1e0298a7ddca50f94a8f95c62b6997226d571e470e8f2b0600634a,87d00b98321fc70a5abc85ad9e80db10cce315194133697bf74aace1d3f8430957a766240f751752708f4282f46110d6ea56c3eb5d1c02ce98a66f327f595270,-pbft-storage-0-1000-300000000-3
info|2025-10-10 02:11:10.104586|fisco-bcos-0x00007fc6c6ec7dc0|[g:1][LedgerParam][initIniConfig]initTxPoolConfig/initSyncConfig/initTxExecuteConfig,configFile=conf/group.1.ini
info|2025-10-10 02:11:10.104694|fisco-bcos-0x00007fc6c6ec7dc0|[g:1][LedgerParam][initStorageConfig],stateType=storage,storageDB=rocksdb,storagePath=data//group1/block/RocksDB,baseDir=data//group1,dbtype=mysql,dbip=127.0.0.1,dbport=3306,dbcharset=utf8mb4,initconnections=15,maxconnections=50,scrollThreshold=2000,enableReconfirmCommittee=false
info|2025-10-10 02:11:10.104706|fisco-bcos-0x00007fc6c6ec7dc0|[g:1][LedgerParam][initTxPoolConfig],txPoolLimit=150000,memorySizeLimit(MB)=512,notifyWorkerNum=2,txsExpirationTime(ms)=600000
info|2025-10-10 02:11:10.104712|fisco-bcos-0x00007fc6c6ec7dc0|[g:1][LedgerParam][initSyncConfig],idleWaitMs=200
info|2025-10-10 02:11:10.104718|fisco-bcos-0x00007fc6c6ec7dc0|[g:1][LedgerParam][initSyncConfig],enableSendTxsByTree=true,enableSendBlockStatusByTree=true
info|2025-10-10 02:11:10.104723|fisco-bcos-0x00007fc6c6ec7dc0|[g:1][LedgerParam][initSyncConfig],gossipInterval=1000
info|2025-10-10 02:11:10.104731|fisco-bcos-0x00007fc6c6ec7dc0|[g:1][LedgerParam][initSyncConfig],enableSendBlockStatusByTree=true,gossipInterval=1000,gossipPeers=3,syncTreeWidth=3,maxQueueSizeForBlockSync=536870912,txsStatusGossipMaxPeers=5,syncInfoPrintInterval=10,freeNodeRead=false
info|2025-10-10 02:11:10.104737|fisco-bcos-0x00007fc6c6ec7dc0|[g:1][LedgerParam][InitTxExecuteConfig],enableParallel=true
info|2025-10-10 02:11:10.104754|fisco-bcos-0x00007fc6c6ec7dc0|[g:1][LedgerParam][initConsensusIniConfig],maxTTL=2,minBlockGenerationTime=500,enablDynamicBlockSize=true,blockSizeIncreaseRatio=0.5,enableTTLOptimize=true,enablePrepareWithTxsHash=true
info|2025-10-10 02:11:10.104780|fisco-bcos-0x00007fc6c6ec7dc0|[g:1][LedgerParam][initRPBFTConsensusIniConfig],broadcastPrepareByTree=true,prepareStatusBroadcastPercent=33,maxRequestMissedTxsWaitTime=100,maxRequestPrepareWaitTime=100
info|2025-10-10 02:11:10.104786|fisco-bcos-0x00007fc6c6ec7dc0|[g:1][LedgerParam][initFlowControlConfig],maxQPS=9223372036854775807,outGoingBandwidth(Bytes)=9223372036854775807
info|2025-10-10 02:11:10.104790|fisco-bcos-0x00007fc6c6ec7dc0|[g:1][LedgerParam]parseSDKAllowList,sdkAllowList=[],enableSDKAllowListControl=false
info|2025-10-10 02:11:10.104807|fisco-bcos-0x00007fc6c6ec7dc0|[g:1][LEDGER][initLedger][DBInitializer]
info|2025-10-10 02:11:10.104810|fisco-bcos-0x00007fc6c6ec7dc0|[g:1][LEDGER]setSDKAllowList,groupId=1,sdkAllowListSize=0
info|2025-10-10 02:11:10.104813|fisco-bcos-0x00007fc6c6ec7dc0|[g:1][CHANNEL]registerSDKAllowListByGroupId,groupId=1,size=0
info|2025-10-10 02:11:10.104817|fisco-bcos-0x00007fc6c6ec7dc0|[g:1][CHANNEL]Disable group-level sdk permission control for sdk allowlist is empty
info|2025-10-10 02:11:10.104826|fisco-bcos-0x00007fc6c6ec7dc0|[g:1][DBINITIALIZER] [initStorageDB]
info|2025-10-10 02:11:10.104829|fisco-bcos-0x00007fc6c6ec7dc0|[g:1][DBINITIALIZER] [initRocksDBStorage]
info|2025-10-10 02:11:10.104852|fisco-bcos-0x00007fc6c6ec7dc0|[g:1][ROCKSDB]open rocksDB handler,path=data//group1/block/RocksDB
info|2025-10-10 02:11:10.108229|io_service-0x00007fc6c414e700|[NETWORK][Host]P2P StartAccept,Host=0.0.0.0:30302
info|2025-10-10 02:11:10.108389|io_service-0x00007fc6c414e700|[NETWORK][Host]P2P Recv Connect, From=127.0.0.1:42994
info|2025-10-10 02:11:10.108479|io_service-0x00007fc6c414e700|[NETWORK][Host]P2P StartAccept,Host=0.0.0.0:30302
info|2025-10-10 02:11:10.111108|io_service-0x00007fc6c414e700|[NETWORK][ASIO]asyncResolveConnect,endpoint=127.0.0.1:30300
info|2025-10-10 02:11:10.111199|io_service-0x00007fc6c414e700|[NETWORK][ASIO]asyncResolveConnect,endpoint=127.0.0.1:30301
info|2025-10-10 02:11:10.111268|io_service-0x00007fc6c414e700|[NETWORK][ASIO]asyncResolveConnect,endpoint=127.0.0.1:30302
info|2025-10-10 02:11:10.111328|io_service-0x00007fc6c414e700|[NETWORK][ASIO]asyncResolveConnect,endpoint=127.0.0.1:30303
info|2025-10-10 02:11:10.111604|io_service-0x00007fc6c414e700|[NETWORK][Host]P2P Recv Connect, From=127.0.0.1:42996
info|2025-10-10 02:11:10.111695|io_service-0x00007fc6c414e700|[NETWORK][Host]P2P StartAccept,Host=0.0.0.0:30302
warning|2025-10-10 02:11:10.111770|io_service-0x00007fc6c414e700|[NETWORK][Host]TCP Connection refused by node,endpoint=127.0.0.1:30303,message=Connection refused
warning|2025-10-10 02:11:10.112053|P2P-0x00007fc6c6152700|[P2P][Service] onConnect,code=5,nodeID=00000000...,nodeName=,endpoint=unknown,what=Connect failed
info|2025-10-10 02:11:10.146920|fisco-bcos-0x00007fc6c6ec7dc0|[g:1][g:1][STORAGE][CachedStorage]Init flushStorage thread
info|2025-10-10 02:11:10.147131|fisco-bcos-0x00007fc6c6ec7dc0|[g:1][DBINITIALIZER] [init CachedStorage],maxCapacity=32,maxForwardBlock=10
info|2025-10-10 02:11:10.147179|fisco-bcos-0x00007fc6c6ec7dc0|[g:1][LEDGER][initLedger][initBlockChain]
info|2025-10-10 02:11:10.147413|fisco-bcos-0x00007fc6c6ec7dc0|[g:1][LEDGER]set enableHexBlock to be false,version=34275328
info|2025-10-10 02:11:10.147445|fisco-bcos-0x00007fc6c6ec7dc0|[g:1][BLOCKCHAIN][#checkAndBuildGenesisBlock],shouldBuild=false
info|2025-10-10 02:11:10.162929|io_service-0x00007fc6c414e700|[NETWORK][Host]P2P Recv Connect, From=127.0.0.1:43010
info|2025-10-10 02:11:10.163012|io_service-0x00007fc6c414e700|[NETWORK][Host]P2P StartAccept,Host=0.0.0.0:30302
info|2025-10-10 02:11:10.178314|io_service-0x00007fc6c414e700|[NETWORK][Host]handshakeServer succ,remote endpoint=127.0.0.1:42994
info|2025-10-10 02:11:10.188953|P2P-0x00007fc6c5951700|[P2P][Service] Connection established,nodeID=73994dae...,endpoint=127.0.0.1:42994
info|2025-10-10 02:11:10.189001|io_service-0x00007fc6c414e700|[NETWORK][Host]startPeerSession, Remote=127.0.0.1:42994,local endpoint=127.0.0.1:30302,nodeID=73994dae...
info|2025-10-10 02:11:10.190065|io_service-0x00007fc6c414e700|[NETWORK][Host]handshakeServer succ,remote endpoint=127.0.0.1:42996
info|2025-10-10 02:11:10.190124|io_service-0x00007fc6c414e700|[NETWORK][Host]startPeerSession, Remote=127.0.0.1:42996,local endpoint=127.0.0.1:30302,nodeID=87d00b98...
info|2025-10-10 02:11:10.190340|io_service-0x00007fc6c414e700|[NETWORK][Host]handshakeClient succ,local endpoint=127.0.0.1:42996
info|2025-10-10 02:11:10.190419|io_service-0x00007fc6c414e700|[NETWORK][Host]startPeerSession, Remote=127.0.0.1:30302,local endpoint=127.0.0.1:42996,nodeID=87d00b98...
info|2025-10-10 02:11:10.190558|io_service-0x00007fc6c414e700|[NETWORK][Host]handshakeClient succ,local endpoint=127.0.0.1:39868
info|2025-10-10 02:11:10.190614|P2P-0x00007fc6c6152700|[P2P][Service] Connection established,nodeID=374bdfe9...,endpoint=127.0.0.1:30301
info|2025-10-10 02:11:10.190636|io_service-0x00007fc6c414e700|[NETWORK][Host]startPeerSession, Remote=127.0.0.1:30301,local endpoint=127.0.0.1:39868,nodeID=374bdfe9...
info|2025-10-10 02:11:10.198760|io_service-0x00007fc6c414e700|[NETWORK][Host]handshakeClient succ,local endpoint=127.0.0.1:49122
info|2025-10-10 02:11:10.198848|io_service-0x00007fc6c414e700|[NETWORK][Host]startPeerSession, Remote=127.0.0.1:30300,local endpoint=127.0.0.1:49122,nodeID=73994dae...
info|2025-10-10 02:11:10.199158|io_service-0x00007fc6c414e700|[NETWORK][Host]P2P Recv Connect, From=127.0.0.1:43012
info|2025-10-10 02:11:10.199232|io_service-0x00007fc6c414e700|[NETWORK][Host]P2P StartAccept,Host=0.0.0.0:30302
info|2025-10-10 02:11:10.207367|io_service-0x00007fc6c414e700|[NETWORK][Host]handshakeServer succ,remote endpoint=127.0.0.1:43010
info|2025-10-10 02:11:10.207464|io_service-0x00007fc6c414e700|[NETWORK][Host]startPeerSession, Remote=127.0.0.1:43010,local endpoint=127.0.0.1:30302,nodeID=374bdfe9...
info|2025-10-10 02:11:10.212381|io_service-0x00007fc6c414e700|[NETWORK][Host]handshakeServer succ,remote endpoint=127.0.0.1:43012
info|2025-10-10 02:11:10.212427|io_service-0x00007fc6c414e700|[NETWORK][Host]startPeerSession, Remote=127.0.0.1:43012,local endpoint=127.0.0.1:30302,nodeID=064cb676...
info|2025-10-10 02:11:10.212622|P2P-0x00007fc6c5951700|[P2P][Service] Connection established,nodeID=064cb676...,endpoint=127.0.0.1:43012
info|2025-10-10 02:11:11.251596|fisco-bcos-0x00007fc6c6ec7dc0|[g:1][BLOCKCHAIN][#checkAndBuildGenesisBlock]Already have the 0th block, 0th groupMark is equal to file groupMark.
info|2025-10-10 02:11:11.251638|fisco-bcos-0x00007fc6c6ec7dc0|[g:1][LEDGER][initLedger]initBlockChain SUCC
info|2025-10-10 02:11:11.251692|fisco-bcos-0x00007fc6c6ec7dc0|[g:1][DBINITIALIZER] [createStateFactory],type=storage
info|2025-10-10 02:11:11.251699|fisco-bcos-0x00007fc6c6ec7dc0|[g:1][DBINITIALIZER] createStorageState SUCC
info|2025-10-10 02:11:11.251703|fisco-bcos-0x00007fc6c6ec7dc0|[g:1][DBINITIALIZER] [createStateFactory SUCC]
info|2025-10-10 02:11:11.251706|fisco-bcos-0x00007fc6c6ec7dc0|[g:1][DBINITIALIZER] createExecutiveContext...
info|2025-10-10 02:11:11.251720|fisco-bcos-0x00007fc6c6ec7dc0|[g:1][LEDGER]createGasMetric,vmFlagType=0
info|2025-10-10 02:11:11.251760|fisco-bcos-0x00007fc6c6ec7dc0|[g:1][LEDGER]createGasMetric
info|2025-10-10 02:11:11.251770|fisco-bcos-0x00007fc6c6ec7dc0|[g:1][DBINITIALIZER] create precompiledGasFactory and precompiledResultFactory
info|2025-10-10 02:11:11.251774|fisco-bcos-0x00007fc6c6ec7dc0|[g:1][DBINITIALIZER] createExecutiveContext SUCC
info|2025-10-10 02:11:11.251780|fisco-bcos-0x00007fc6c6ec7dc0|[g:1][DBINITIALIZER] [setSyncNumForCachedStorage],syncNum=268
info|2025-10-10 02:11:11.251786|fisco-bcos-0x00007fc6c6ec7dc0|[g:1][LEDGER][initNetworkBandWidthLimiter: outGoingBandwidthLimit has been disabled],groupId=1
info|2025-10-10 02:11:11.251791|fisco-bcos-0x00007fc6c6ec7dc0|[g:1][LEDGER][QPSLimit has been disabled],groupId=1
info|2025-10-10 02:11:11.251795|fisco-bcos-0x00007fc6c6ec7dc0|[g:1][LEDGER][initLedger][initBlockVerifier]
info|2025-10-10 02:11:11.251848|fisco-bcos-0x00007fc6c6ec7dc0|[g:1][LEDGER][initLedger][initBlockVerifier SUCC],evmFlags=0
info|2025-10-10 02:11:11.251871|fisco-bcos-0x00007fc6c6ec7dc0|[g:1][LEDGER][initLedger][initTxPool],txPoolLimit=150000
info|2025-10-10 02:11:11.298463|fisco-bcos-0x00007fc6c6ec7dc0|[g:1][LEDGER][initLedger]initTxPool SUCC
info|2025-10-10 02:11:11.298543|fisco-bcos-0x00007fc6c6ec7dc0|[g:1][LEDGER][initLedger][initSync],idleWaitMs=200,gossipInterval=1000,gossipPeers=3
info|2025-10-10 02:11:11.298552|fisco-bcos-0x00007fc6c6ec7dc0|[g:1][LEDGER]Init sync master,enableSendBlockStatusByTree=true,enableSendTxsByTree=true
info|2025-10-10 02:11:11.299569|fisco-bcos-0x00007fc6c6ec7dc0|[g:1][LEDGER][initLedger]initSync SUCC
info|2025-10-10 02:11:11.300491|fisco-bcos-0x00007fc6c6ec7dc0|[g:1][LEDGER][initLedger][consensusInitFactory]
info|2025-10-10 02:11:11.300536|fisco-bcos-0x00007fc6c6ec7dc0|[g:1][LEDGER][initLedger][createPBFTSealer]
info|2025-10-10 02:11:11.300542|fisco-bcos-0x00007fc6c6ec7dc0|[g:1][LEDGER][initLedger][createPBFTSealer],baseDir=data//group1,Protocol=65544
info|2025-10-10 02:11:11.300666|fisco-bcos-0x00007fc6c6ec7dc0|[g:1][LEDGER][initLedger]createPBFTSealer for PBFT or rPBFT,consensusType=pbft
info|2025-10-10 02:11:11.300673|fisco-bcos-0x00007fc6c6ec7dc0|[g:1][LEDGER]createConsensusEngine: create PBFTEngine
info|2025-10-10 02:11:11.300687|fisco-bcos-0x00007fc6c6ec7dc0|[g:1][CONSENSUS][PBFT]Register handler for PBFTEngine
info|2025-10-10 02:11:11.302836|fisco-bcos-0x00007fc6c6ec7dc0|[g:1][CONSENSUS][PBFT]setMinBlockGenerationTime,minBlockGenerationTime=500,consensusTime=1000
info|2025-10-10 02:11:11.302877|fisco-bcos-0x00007fc6c6ec7dc0|[g:1][LEDGER][initEventLogFilterManager]initEventLogFilterManager SUCC
info|2025-10-10 02:11:11.302884|fisco-bcos-0x00007fc6c6ec7dc0|[LedgerInitializer init group succ],groupID=1
info|2025-10-10 02:11:11.303063|fisco-bcos-0x00007fc6c6ec7dc0|[SafeHttpServer::StartListening]use default epoll
info|2025-10-10 02:11:11.303475|fisco-bcos-0x00007fc6c6ec7dc0|[INITIALIZER][RPCInitializer JsonrpcHttpServer started],jsonrpc_IP=127.0.0.1,jsonrpc_listen_port=8547,jsonrpc_thread_count=8,ipv6=false,disableDynamicGroup=false,uncheckGroupMember=false
info|2025-10-10 02:11:11.303771|fisco-bcos-0x00007fc6c6ec7dc0|[g:1][LEDGER]startAll...
info|2025-10-10 02:11:11.305168|alignTime-1-0x00007fc6b492f700|[g:1][NodeTimeMaintenance]updateTimeInfo: update median time offset,updatedMedianTimeOffset=-27,peer=73994dae...,peerTime=1760087471278,peerOffset=-27,utcTime=1760087471305
info|2025-10-10 02:11:11.306397|fisco-bcos-0x00007fc6c6ec7dc0|[g:1][GossipBlockStatus]start GossipBlockStatus succ
info|2025-10-10 02:11:11.306546|fisco-bcos-0x00007fc6c6ec7dc0|[g:1][CONSENSUS][ConsensusEngine][Start ConsensusEngineBase]
info|2025-10-10 02:11:11.307624|fisco-bcos-0x00007fc6c6ec7dc0|[g:1][CONSENSUS][PBFT]^^^^^^^^Report,num=268,sealerIdx=3,hash=7f2621dd...,next=269,tx=1,nodeIdx=3
info|2025-10-10 02:11:11.308203|fisco-bcos-0x00007fc6c6ec7dc0|[g:1][ROCKSDB]open rocksDB handler,path=data//group1/pbftMsgBackup/RocksDB
info|2025-10-10 02:11:11.324899|fisco-bcos-0x00007fc6c6ec7dc0|[g:1][CONSENSUS][PBFT][PBFT init env successfully]
info|2025-10-10 02:11:11.324944|fisco-bcos-0x00007fc6c6ec7dc0|[g:1][CONSENSUS][PBFT][Start PBFTEngine...]
info|2025-10-10 02:11:11.324951|fisco-bcos-0x00007fc6c6ec7dc0|[g:1][CONSENSUS][SEALER][Start sealer module]
info|2025-10-10 02:11:11.325877|fisco-bcos-0x00007fc6c6ec7dc0|[g:1][EVENT][EventLogFilterManager]start,m_maxBlockRange=0,m_maxBlockPerLoopFilter=3
info|2025-10-10 02:11:11.338633|alignTime-1-0x00007fc6b492f700|[g:1][NodeTimeMaintenance]updateTimeInfo: update median time offset,updatedMedianTimeOffset=-14,peer=064cb676...,peerTime=1760087471336,peerOffset=-2,utcTime=1760087471338
info|2025-10-10 02:11:12.219381|alignTime-1-0x00007fc6b492f700|[g:1][NodeTimeMaintenance]updateTimeInfo: update median time offset,updatedMedianTimeOffset=-2,peer=374bdfe9...,peerTime=1760087472218,peerOffset=-1,utcTime=1760087472219
info|2025-10-10 02:11:12.340651|PBFT-1-0x00007fc6aa11a700|[g:1][CONSENSUS]addRawPrepare,height=269,reqIdx=0,hash=5287edfb...,time=0
info|2025-10-10 02:11:12.342648|PBFT-1-0x00007fc6aa11a700|[g:1][CONSENSUS][PBFT]checkTimeout Succ,view=0,toView=1,nodeIdx=3,changeCycle=1,myNode=87d00b98...,timecost=2
info|2025-10-10 02:11:12.348433|PBFT-1-0x00007fc6aa11a700|[g:1][CONSENSUS][PBFT]checkAndChangeView: Reach consensus,org_view=0,cur_changeCycle=1,curView=0,view=1
warning|2025-10-10 02:11:16.853673|PBFT-1-0x00007fc6aa11a700|[g:1][CONSENSUS][PBFT]ViewChangeWarning: not caused by omit empty block ,v=1,toV=2,curNum=268,hash=7f2621dd...,nodeIdx=3,myNode=87d00b98...
info|2025-10-10 02:11:16.853892|PBFT-1-0x00007fc6aa11a700|[g:1][CONSENSUS][PBFT]checkTimeout Succ,view=1,toView=2,nodeIdx=3,changeCycle=2,myNode=87d00b98...,timecost=1
info|2025-10-10 02:11:16.864272|PBFT-1-0x00007fc6aa11a700|[g:1][CONSENSUS][PBFT]checkAndChangeView: Reach consensus,org_view=1,cur_changeCycle=2,curView=1,view=2
info|2025-10-10 02:11:17.871429|PBFT-1-0x00007fc6aa11a700|[g:1][CONSENSUS]addRawPrepare,height=269,reqIdx=2,hash=190f75ac...,time=0
info|2025-10-10 02:11:17.876386|PBFT-1-0x00007fc6aa11a700|[g:1][CONSENSUS][PBFT]checkTimeout Succ,view=2,toView=3,nodeIdx=3,changeCycle=1,myNode=87d00b98...,timecost=5
info|2025-10-10 02:11:17.879567|PBFT-1-0x00007fc6aa11a700|[g:1][CONSENSUS][PBFT]checkAndChangeView: Reach consensus,org_view=2,cur_changeCycle=1,curView=2,view=3
info|2025-10-10 02:11:18.881346|PBFTSeal-1-0x00007fc6a290b700|[g:1][CONSENSUS][SEALER]++++++++++++++++ Generating seal on,blkNum=269,tx=0,nodeIdx=3,hash=e8eef7d4...
info|2025-10-10 02:11:18.893869|PBFT-1-0x00007fc6aa11a700|[g:1][CONSENSUS][PBFT]checkTimeout Succ,view=3,toView=4,nodeIdx=3,changeCycle=1,myNode=87d00b98...,timecost=3
info|2025-10-10 02:11:18.897821|PBFT-1-0x00007fc6aa11a700|[g:1][CONSENSUS][PBFT]checkAndChangeView: Reach consensus,org_view=3,cur_changeCycle=1,curView=3,view=4
info|2025-10-10 02:11:19.903315|PBFT-1-0x00007fc6aa11a700|[g:1][CONSENSUS]addRawPrepare,height=269,reqIdx=0,hash=ebc18749...,time=0
info|2025-10-10 02:11:19.926885|PBFT-1-0x00007fc6aa11a700|[g:1][CONSENSUS][PBFT]checkTimeout Succ,view=4,toView=5,nodeIdx=3,changeCycle=1,myNode=87d00b98...,timecost=23
info|2025-10-10 02:11:19.942315|PBFT-1-0x00007fc6aa11a700|[g:1][CONSENSUS][PBFT]checkAndChangeView: Reach consensus,org_view=4,cur_changeCycle=1,curView=4,view=5
info|2025-10-10 02:11:20.103976|io_service-0x00007fc6c414e700|[NETWORK][Host]Connecting to node,endpoint=127.0.0.1:30303
info|2025-10-10 02:11:20.104048|io_service-0x00007fc6c414e700|[P2P][Service] heartBeat,connected count=3
info|2025-10-10 02:11:20.104205|io_service-0x00007fc6c414e700|[NETWORK][ASIO]asyncResolveConnect,endpoint=127.0.0.1:30303
info|2025-10-10 02:11:20.115116|io_service-0x00007fc6c414e700|[NETWORK][Host]handshakeClient succ,local endpoint=127.0.0.1:50286
info|2025-10-10 02:11:20.115208|io_service-0x00007fc6c414e700|[NETWORK][Host]startPeerSession, Remote=127.0.0.1:30303,local endpoint=127.0.0.1:50286,nodeID=064cb676...
warning|2025-10-10 02:11:24.445156|PBFT-1-0x00007fc6aa11a700|[g:1][CONSENSUS][PBFT]ViewChangeWarning: not caused by omit empty block ,v=5,toV=6,curNum=268,hash=7f2621dd...,nodeIdx=3,myNode=87d00b98...
info|2025-10-10 02:11:24.445372|PBFT-1-0x00007fc6aa11a700|[g:1][CONSENSUS][PBFT]checkTimeout Succ,view=5,toView=6,nodeIdx=3,changeCycle=2,myNode=87d00b98...,timecost=2
info|2025-10-10 02:11:24.451094|PBFT-1-0x00007fc6aa11a700|[g:1][CONSENSUS][PBFT]checkAndChangeView: Reach consensus,org_view=5,cur_changeCycle=2,curView=5,view=6
info|2025-10-10 02:11:25.165779|P2P-0x00007fc6c5951700|[NETWORK][Session]Received topic: [2	_block_notify_1] from 73994dae9e8b8da733108a4153dfe79151d701dff425f84c87b5324e8ebd02ab6a0ebc9e4f1e0298a7ddca50f94a8f95c62b6997226d571e470e8f2b0600634a
info|2025-10-10 02:11:25.455505|PBFT-1-0x00007fc6aa11a700|[g:1][CONSENSUS]addRawPrepare,height=269,reqIdx=2,hash=04699c9a...,time=0
info|2025-10-10 02:11:25.457980|PBFT-1-0x00007fc6aa11a700|[g:1][CONSENSUS][PBFT]checkTimeout Succ,view=6,toView=7,nodeIdx=3,changeCycle=1,myNode=87d00b98...,timecost=2
info|2025-10-10 02:11:25.463322|PBFT-1-0x00007fc6aa11a700|[g:1][CONSENSUS][PBFT]checkAndChangeView: Reach consensus,org_view=6,cur_changeCycle=1,curView=6,view=7
info|2025-10-10 02:11:26.462797|PBFTSeal-1-0x00007fc6a290b700|[g:1][CONSENSUS][SEALER]++++++++++++++++ Generating seal on,blkNum=269,tx=0,nodeIdx=3,hash=c05d10cb...
info|2025-10-10 02:11:26.465749|PBFT-1-0x00007fc6aa11a700|[g:1][CONSENSUS][PBFT]checkTimeout Succ,view=7,toView=8,nodeIdx=3,changeCycle=1,myNode=87d00b98...,timecost=1
info|2025-10-10 02:11:26.472657|PBFT-1-0x00007fc6aa11a700|[g:1][CONSENSUS][PBFT]checkAndChangeView: Reach consensus,org_view=7,cur_changeCycle=1,curView=7,view=8
info|2025-10-10 02:11:27.478083|PBFT-1-0x00007fc6aa11a700|[g:1][CONSENSUS]addRawPrepare,height=269,reqIdx=0,hash=96564a0a...,time=0
info|2025-10-10 02:11:27.480326|PBFT-1-0x00007fc6aa11a700|[g:1][CONSENSUS][PBFT]checkTimeout Succ,view=8,toView=9,nodeIdx=3,changeCycle=1,myNode=87d00b98...,timecost=2
info|2025-10-10 02:11:27.486668|PBFT-1-0x00007fc6aa11a700|[g:1][CONSENSUS][PBFT]checkAndChangeView: Reach consensus,org_view=8,cur_changeCycle=1,curView=8,view=9
info|2025-10-10 02:11:30.104756|io_service-0x00007fc6c414e700|[P2P][Service] heartBeat,connected count=3
warning|2025-10-10 02:11:31.990922|PBFT-1-0x00007fc6aa11a700|[g:1][CONSENSUS][PBFT]ViewChangeWarning: not caused by omit empty block ,v=9,toV=10,curNum=268,hash=7f2621dd...,nodeIdx=3,myNode=87d00b98...
info|2025-10-10 02:11:31.991591|PBFT-1-0x00007fc6aa11a700|[g:1][CONSENSUS][PBFT]checkTimeout Succ,view=9,toView=10,nodeIdx=3,changeCycle=2,myNode=87d00b98...,timecost=2
info|2025-10-10 02:11:31.997477|PBFT-1-0x00007fc6aa11a700|[g:1][CONSENSUS][PBFT]checkAndChangeView: Reach consensus,org_view=9,cur_changeCycle=2,curView=9,view=10
info|2025-10-10 02:11:33.004317|PBFT-1-0x00007fc6aa11a700|[g:1][CONSENSUS]addRawPrepare,height=269,reqIdx=2,hash=ea2415ce...,time=0
info|2025-10-10 02:11:33.008572|PBFT-1-0x00007fc6aa11a700|[g:1][CONSENSUS][PBFT]checkTimeout Succ,view=10,toView=11,nodeIdx=3,changeCycle=1,myNode=87d00b98...,timecost=4
info|2025-10-10 02:11:33.013335|PBFT-1-0x00007fc6aa11a700|[g:1][CONSENSUS][PBFT]checkAndChangeView: Reach consensus,org_view=10,cur_changeCycle=1,curView=10,view=11
info|2025-10-10 02:11:33.753306|P2P-0x00007fc6c5150700|[g:1] [SYNC][id:87d00b98...][Download][Request]Receive block request,peer=374bdfe9...,from=184,to=184
info|2025-10-10 02:11:33.754056|SyncSend-1-0x00007fc6b6933700|[g:1][SYNC][id:87d00b98...][Download][Request][BlockSync]Batch blocks for sending,blockSize=24480,number=184,peer=374bdfe9...,timeCost=1
info|2025-10-10 02:11:33.754219|SyncSend-1-0x00007fc6b6933700|[g:1][g:1] [SYNC][id:374bdfe9...][Download][Request][BlockSync]Send block packet,peer=374bdfe9...,blocks=1,bytes(V)=24487
info|2025-10-10 02:11:34.012768|PBFTSeal-1-0x00007fc6a290b700|[g:1][CONSENSUS][SEALER]++++++++++++++++ Generating seal on,blkNum=269,tx=0,nodeIdx=3,hash=ffc48eb8...
info|2025-10-10 02:11:34.020995|PBFT-1-0x00007fc6aa11a700|[g:1][CONSENSUS][PBFT]checkTimeout Succ,view=11,toView=12,nodeIdx=3,changeCycle=1,myNode=87d00b98...,timecost=3
info|2025-10-10 02:11:34.025145|PBFT-1-0x00007fc6aa11a700|[g:1][CONSENSUS][PBFT]checkAndChangeView: Reach consensus,org_view=11,cur_changeCycle=1,curView=11,view=12
info|2025-10-10 02:11:35.030810|PBFT-1-0x00007fc6aa11a700|[g:1][CONSENSUS]addRawPrepare,height=269,reqIdx=0,hash=5f5b05cb...,time=0
info|2025-10-10 02:11:35.032614|PBFT-1-0x00007fc6aa11a700|[g:1][CONSENSUS][PBFT]checkTimeout Succ,view=12,toView=13,nodeIdx=3,changeCycle=1,myNode=87d00b98...,timecost=1
info|2025-10-10 02:11:35.036641|PBFT-1-0x00007fc6aa11a700|[g:1][CONSENSUS][PBFT]checkAndChangeView: Reach consensus,org_view=12,cur_changeCycle=1,curView=12,view=13
warning|2025-10-10 02:11:39.541909|PBFT-1-0x00007fc6aa11a700|[g:1][CONSENSUS][PBFT]ViewChangeWarning: not caused by omit empty block ,v=13,toV=14,curNum=268,hash=7f2621dd...,nodeIdx=3,myNode=87d00b98...
info|2025-10-10 02:11:39.543169|PBFT-1-0x00007fc6aa11a700|[g:1][CONSENSUS][PBFT]checkTimeout Succ,view=13,toView=14,nodeIdx=3,changeCycle=2,myNode=87d00b98...,timecost=3
info|2025-10-10 02:11:39.545913|PBFT-1-0x00007fc6aa11a700|[g:1][CONSENSUS][PBFT]checkAndChangeView: Reach consensus,org_view=13,cur_changeCycle=2,curView=13,view=14
info|2025-10-10 02:11:40.104977|io_service-0x00007fc6c414e700|[P2P][Service] heartBeat,connected count=3
info|2025-10-10 02:11:40.157240|P2P-0x00007fc6c494f700|[g:1] [SYNC][id:87d00b98...][Download][Request]Receive block request,peer=374bdfe9...,from=184,to=184
info|2025-10-10 02:11:40.157576|SyncSend-1-0x00007fc6b6933700|[g:1][SYNC][id:87d00b98...][Download][Request][BlockSync]Batch blocks for sending,blockSize=24480,number=184,peer=374bdfe9...,timeCost=0
info|2025-10-10 02:11:40.157686|SyncSend-1-0x00007fc6b6933700|[g:1][g:1] [SYNC][id:374bdfe9...][Download][Request][BlockSync]Send block packet,peer=374bdfe9...,blocks=1,bytes(V)=24487
info|2025-10-10 02:11:40.550078|PBFT-1-0x00007fc6aa11a700|[g:1][CONSENSUS]addRawPrepare,height=269,reqIdx=2,hash=22129a39...,time=0
info|2025-10-10 02:11:40.552430|PBFT-1-0x00007fc6aa11a700|[g:1][CONSENSUS][PBFT]checkTimeout Succ,view=14,toView=15,nodeIdx=3,changeCycle=1,myNode=87d00b98...,timecost=2
info|2025-10-10 02:11:40.555452|PBFT-1-0x00007fc6aa11a700|[g:1][CONSENSUS][PBFT]checkAndChangeView: Reach consensus,org_view=14,cur_changeCycle=1,curView=14,view=15
info|2025-10-10 02:11:41.556304|PBFTSeal-1-0x00007fc6a290b700|[g:1][CONSENSUS][SEALER]++++++++++++++++ Generating seal on,blkNum=269,tx=0,nodeIdx=3,hash=36307350...
info|2025-10-10 02:11:41.563967|PBFT-1-0x00007fc6aa11a700|[g:1][CONSENSUS][PBFT]checkTimeout Succ,view=15,toView=16,nodeIdx=3,changeCycle=1,myNode=87d00b98...,timecost=2
info|2025-10-10 02:11:41.566781|PBFT-1-0x00007fc6aa11a700|[g:1][CONSENSUS][PBFT]checkAndChangeView: Reach consensus,org_view=15,cur_changeCycle=1,curView=15,view=16
info|2025-10-10 02:11:42.572532|PBFT-1-0x00007fc6aa11a700|[g:1][CONSENSUS]addRawPrepare,height=269,reqIdx=0,hash=f73ac8de...,time=0
info|2025-10-10 02:11:42.574855|PBFT-1-0x00007fc6aa11a700|[g:1][CONSENSUS][PBFT]checkTimeout Succ,view=16,toView=17,nodeIdx=3,changeCycle=1,myNode=87d00b98...,timecost=2
info|2025-10-10 02:11:42.580999|PBFT-1-0x00007fc6aa11a700|[g:1][CONSENSUS][PBFT]checkAndChangeView: Reach consensus,org_view=16,cur_changeCycle=1,curView=16,view=17
info|2025-10-10 02:11:46.559801|P2P-0x00007fc6c6152700|[g:1] [SYNC][id:87d00b98...][Download][Request]Receive block request,peer=374bdfe9...,from=184,to=184
info|2025-10-10 02:11:46.560262|SyncSend-1-0x00007fc6b6933700|[g:1][SYNC][id:87d00b98...][Download][Request][BlockSync]Batch blocks for sending,blockSize=24480,number=184,peer=374bdfe9...,timeCost=0
info|2025-10-10 02:11:46.560368|SyncSend-1-0x00007fc6b6933700|[g:1][g:1] [SYNC][id:374bdfe9...][Download][Request][BlockSync]Send block packet,peer=374bdfe9...,blocks=1,bytes(V)=24487
warning|2025-10-10 02:11:47.089129|PBFT-1-0x00007fc6aa11a700|[g:1][CONSENSUS][PBFT]ViewChangeWarning: not caused by omit empty block ,v=17,toV=18,curNum=268,hash=7f2621dd...,nodeIdx=3,myNode=87d00b98...
info|2025-10-10 02:11:47.090319|PBFT-1-0x00007fc6aa11a700|[g:1][CONSENSUS][PBFT]checkTimeout Succ,view=17,toView=18,nodeIdx=3,changeCycle=2,myNode=87d00b98...,timecost=3
info|2025-10-10 02:11:47.093691|PBFT-1-0x00007fc6aa11a700|[g:1][CONSENSUS][PBFT]checkAndChangeView: Reach consensus,org_view=17,cur_changeCycle=2,curView=17,view=18
info|2025-10-10 02:11:48.100880|PBFT-1-0x00007fc6aa11a700|[g:1][CONSENSUS]addRawPrepare,height=269,reqIdx=2,hash=5a5b7a02...,time=0
info|2025-10-10 02:11:48.103824|PBFT-1-0x00007fc6aa11a700|[g:1][CONSENSUS][PBFT]checkTimeout Succ,view=18,toView=19,nodeIdx=3,changeCycle=1,myNode=87d00b98...,timecost=3
info|2025-10-10 02:11:48.106634|PBFT-1-0x00007fc6aa11a700|[g:1][CONSENSUS][PBFT]checkAndChangeView: Reach consensus,org_view=18,cur_changeCycle=1,curView=18,view=19
info|2025-10-10 02:11:49.106836|PBFTSeal-1-0x00007fc6a290b700|[g:1][CONSENSUS][SEALER]++++++++++++++++ Generating seal on,blkNum=269,tx=0,nodeIdx=3,hash=ad055d98...
info|2025-10-10 02:11:49.115576|PBFT-1-0x00007fc6aa11a700|[g:1][CONSENSUS][PBFT]checkTimeout Succ,view=19,toView=20,nodeIdx=3,changeCycle=1,myNode=87d00b98...,timecost=2
info|2025-10-10 02:11:49.117006|PBFT-1-0x00007fc6aa11a700|[g:1][CONSENSUS][PBFT]checkAndChangeView: Reach consensus,org_view=19,cur_changeCycle=1,curView=19,view=20
info|2025-10-10 02:11:50.105837|io_service-0x00007fc6c414e700|[P2P][Service] heartBeat,connected count=3
info|2025-10-10 02:11:50.124332|PBFT-1-0x00007fc6aa11a700|[g:1][CONSENSUS]addRawPrepare,height=269,reqIdx=0,hash=fe5a31ba...,time=0
info|2025-10-10 02:11:50.126110|PBFT-1-0x00007fc6aa11a700|[g:1][CONSENSUS][PBFT]checkTimeout Succ,view=20,toView=21,nodeIdx=3,changeCycle=1,myNode=87d00b98...,timecost=2
info|2025-10-10 02:11:50.130405|PBFT-1-0x00007fc6aa11a700|[g:1][CONSENSUS][PBFT]checkAndChangeView: Reach consensus,org_view=20,cur_changeCycle=1,curView=20,view=21
warning|2025-10-10 02:11:54.637487|PBFT-1-0x00007fc6aa11a700|[g:1][CONSENSUS][PBFT]ViewChangeWarning: not caused by omit empty block ,v=21,toV=22,curNum=268,hash=7f2621dd...,nodeIdx=3,myNode=87d00b98...
info|2025-10-10 02:11:54.637718|PBFT-1-0x00007fc6aa11a700|[g:1][CONSENSUS][PBFT]checkTimeout Succ,view=21,toView=22,nodeIdx=3,changeCycle=2,myNode=87d00b98...,timecost=1
info|2025-10-10 02:11:54.644961|PBFT-1-0x00007fc6aa11a700|[g:1][CONSENSUS][PBFT]checkAndChangeView: Reach consensus,org_view=21,cur_changeCycle=2,curView=21,view=22
info|2025-10-10 02:11:55.649386|PBFT-1-0x00007fc6aa11a700|[g:1][CONSENSUS]addRawPrepare,height=269,reqIdx=2,hash=edb97469...,time=0
info|2025-10-10 02:11:55.651570|PBFT-1-0x00007fc6aa11a700|[g:1][CONSENSUS][PBFT]checkTimeout Succ,view=22,toView=23,nodeIdx=3,changeCycle=1,myNode=87d00b98...,timecost=2
info|2025-10-10 02:11:55.661751|PBFT-1-0x00007fc6aa11a700|[g:1][CONSENSUS][PBFT]checkAndChangeView: Reach consensus,org_view=22,cur_changeCycle=1,curView=22,view=23
info|2025-10-10 02:11:56.664090|PBFTSeal-1-0x00007fc6a290b700|[g:1][CONSENSUS][SEALER]++++++++++++++++ Generating seal on,blkNum=269,tx=0,nodeIdx=3,hash=aec85c58...
info|2025-10-10 02:11:56.667694|PBFT-1-0x00007fc6aa11a700|[g:1][CONSENSUS][PBFT]checkTimeout Succ,view=23,toView=24,nodeIdx=3,changeCycle=1,myNode=87d00b98...,timecost=1
info|2025-10-10 02:11:56.673288|PBFT-1-0x00007fc6aa11a700|[g:1][CONSENSUS][PBFT]checkAndChangeView: Reach consensus,org_view=23,cur_changeCycle=1,curView=23,view=24
info|2025-10-10 02:11:57.680999|PBFT-1-0x00007fc6aa11a700|[g:1][CONSENSUS]addRawPrepare,height=269,reqIdx=0,hash=6de33e96...,time=1
info|2025-10-10 02:11:57.682120|PBFT-1-0x00007fc6aa11a700|[g:1][CONSENSUS][PBFT]checkTimeout Succ,view=24,toView=25,nodeIdx=3,changeCycle=1,myNode=87d00b98...,timecost=1
info|2025-10-10 02:11:57.688446|PBFT-1-0x00007fc6aa11a700|[g:1][CONSENSUS][PBFT]checkAndChangeView: Reach consensus,org_view=24,cur_changeCycle=1,curView=24,view=25
info|2025-10-10 02:11:59.371008|P2P-0x00007fc6c5150700|[g:1] [SYNC][id:87d00b98...][Download][Request]Receive block request,peer=374bdfe9...,from=184,to=184
info|2025-10-10 02:11:59.371321|SyncSend-1-0x00007fc6b6933700|[g:1][SYNC][id:87d00b98...][Download][Request][BlockSync]Batch blocks for sending,blockSize=24480,number=184,peer=374bdfe9...,timeCost=0
info|2025-10-10 02:11:59.371394|SyncSend-1-0x00007fc6b6933700|[g:1][g:1] [SYNC][id:374bdfe9...][Download][Request][BlockSync]Send block packet,peer=374bdfe9...,blocks=1,bytes(V)=24487
info|2025-10-10 02:12:00.106404|io_service-0x00007fc6c414e700|[P2P][Service] heartBeat,connected count=3
warning|2025-10-10 02:12:02.193481|PBFT-1-0x00007fc6aa11a700|[g:1][CONSENSUS][PBFT]ViewChangeWarning: not caused by omit empty block ,v=25,toV=26,curNum=268,hash=7f2621dd...,nodeIdx=3,myNode=87d00b98...
info|2025-10-10 02:12:02.194111|PBFT-1-0x00007fc6aa11a700|[g:1][CONSENSUS][PBFT]checkTimeout Succ,view=25,toView=26,nodeIdx=3,changeCycle=2,myNode=87d00b98...,timecost=3
info|2025-10-10 02:12:02.198815|PBFT-1-0x00007fc6aa11a700|[g:1][CONSENSUS][PBFT]checkAndChangeView: Reach consensus,org_view=25,cur_changeCycle=2,curView=25,view=26
info|2025-10-10 02:12:03.201348|PBFT-1-0x00007fc6aa11a700|[g:1][CONSENSUS]addRawPrepare,height=269,reqIdx=2,hash=5242fa5c...,time=0
info|2025-10-10 02:12:03.202838|PBFT-1-0x00007fc6aa11a700|[g:1][CONSENSUS][PBFT]checkTimeout Succ,view=26,toView=27,nodeIdx=3,changeCycle=1,myNode=87d00b98...,timecost=1
info|2025-10-10 02:12:03.210726|PBFT-1-0x00007fc6aa11a700|[g:1][CONSENSUS][PBFT]checkAndChangeView: Reach consensus,org_view=26,cur_changeCycle=1,curView=26,view=27
info|2025-10-10 02:12:04.211349|PBFTSeal-1-0x00007fc6a290b700|[g:1][CONSENSUS][SEALER]++++++++++++++++ Generating seal on,blkNum=269,tx=0,nodeIdx=3,hash=17a13fdf...
info|2025-10-10 02:12:04.218574|PBFT-1-0x00007fc6aa11a700|[g:1][CONSENSUS][PBFT]checkTimeout Succ,view=27,toView=28,nodeIdx=3,changeCycle=1,myNode=87d00b98...,timecost=2
info|2025-10-10 02:12:04.221515|PBFT-1-0x00007fc6aa11a700|[g:1][CONSENSUS][PBFT]checkAndChangeView: Reach consensus,org_view=27,cur_changeCycle=1,curView=27,view=28
info|2025-10-10 02:12:05.227939|PBFT-1-0x00007fc6aa11a700|[g:1][CONSENSUS]addRawPrepare,height=269,reqIdx=0,hash=5a35f571...,time=0
info|2025-10-10 02:12:05.229204|PBFT-1-0x00007fc6aa11a700|[g:1][CONSENSUS][PBFT]checkTimeout Succ,view=28,toView=29,nodeIdx=3,changeCycle=1,myNode=87d00b98...,timecost=1
info|2025-10-10 02:12:05.239175|PBFT-1-0x00007fc6aa11a700|[g:1][CONSENSUS][PBFT]checkAndChangeView: Reach consensus,org_view=28,cur_changeCycle=1,curView=28,view=29
info|2025-10-10 02:12:05.777313|P2P-0x00007fc6c5150700|[g:1] [SYNC][id:87d00b98...][Download][Request]Receive block request,peer=374bdfe9...,from=184,to=184
info|2025-10-10 02:12:05.777619|SyncSend-1-0x00007fc6b6933700|[g:1][SYNC][id:87d00b98...][Download][Request][BlockSync]Batch blocks for sending,blockSize=24480,number=184,peer=374bdfe9...,timeCost=0
info|2025-10-10 02:12:05.777694|SyncSend-1-0x00007fc6b6933700|[g:1][g:1] [SYNC][id:374bdfe9...][Download][Request][BlockSync]Send block packet,peer=374bdfe9...,blocks=1,bytes(V)=24487
warning|2025-10-10 02:12:09.743601|PBFT-1-0x00007fc6aa11a700|[g:1][CONSENSUS][PBFT]ViewChangeWarning: not caused by omit empty block ,v=29,toV=30,curNum=268,hash=7f2621dd...,nodeIdx=3,myNode=87d00b98...
info|2025-10-10 02:12:09.743872|PBFT-1-0x00007fc6aa11a700|[g:1][CONSENSUS][PBFT]checkTimeout Succ,view=29,toView=30,nodeIdx=3,changeCycle=2,myNode=87d00b98...,timecost=2
info|2025-10-10 02:12:09.754053|PBFT-1-0x00007fc6aa11a700|[g:1][CONSENSUS][PBFT]checkAndChangeView: Reach consensus,org_view=29,cur_changeCycle=2,curView=29,view=30
info|2025-10-10 02:12:10.106841|io_service-0x00007fc6c414e700|[P2P][Service] heartBeat,connected count=3
info|2025-10-10 02:12:10.758942|PBFT-1-0x00007fc6aa11a700|[g:1][CONSENSUS]addRawPrepare,height=269,reqIdx=2,hash=8fc810f5...,time=0
info|2025-10-10 02:12:10.761312|PBFT-1-0x00007fc6aa11a700|[g:1][CONSENSUS][PBFT]checkTimeout Succ,view=30,toView=31,nodeIdx=3,changeCycle=1,myNode=87d00b98...,timecost=2
info|2025-10-10 02:12:10.768619|PBFT-1-0x00007fc6aa11a700|[g:1][CONSENSUS][PBFT]checkAndChangeView: Reach consensus,org_view=30,cur_changeCycle=1,curView=30,view=31
info|2025-10-10 02:12:11.769163|PBFTSeal-1-0x00007fc6a290b700|[g:1][CONSENSUS][SEALER]++++++++++++++++ Generating seal on,blkNum=269,tx=0,nodeIdx=3,hash=9f36215f...
info|2025-10-10 02:12:11.774368|PBFT-1-0x00007fc6aa11a700|[g:1][CONSENSUS][PBFT]checkTimeout Succ,view=31,toView=32,nodeIdx=3,changeCycle=1,myNode=87d00b98...,timecost=3
info|2025-10-10 02:12:11.779515|PBFT-1-0x00007fc6aa11a700|[g:1][CONSENSUS][PBFT]checkAndChangeView: Reach consensus,org_view=31,cur_changeCycle=1,curView=31,view=32
info|2025-10-10 02:12:12.788432|PBFT-1-0x00007fc6aa11a700|[g:1][CONSENSUS]addRawPrepare,height=269,reqIdx=0,hash=8f362504...,time=0
info|2025-10-10 02:12:12.790963|PBFT-1-0x00007fc6aa11a700|[g:1][CONSENSUS][PBFT]checkTimeout Succ,view=32,toView=33,nodeIdx=3,changeCycle=1,myNode=87d00b98...,timecost=2
info|2025-10-10 02:12:12.794760|PBFT-1-0x00007fc6aa11a700|[g:1][CONSENSUS][PBFT]checkAndChangeView: Reach consensus,org_view=32,cur_changeCycle=1,curView=32,view=33
warning|2025-10-10 02:12:17.300212|PBFT-1-0x00007fc6aa11a700|[g:1][CONSENSUS][PBFT]ViewChangeWarning: not caused by omit empty block ,v=33,toV=34,curNum=268,hash=7f2621dd...,nodeIdx=3,myNode=87d00b98...
info|2025-10-10 02:12:17.300723|PBFT-1-0x00007fc6aa11a700|[g:1][CONSENSUS][PBFT]checkTimeout Succ,view=33,toView=34,nodeIdx=3,changeCycle=2,myNode=87d00b98...,timecost=5
info|2025-10-10 02:12:17.304415|PBFT-1-0x00007fc6aa11a700|[g:1][CONSENSUS][PBFT]checkAndChangeView: Reach consensus,org_view=33,cur_changeCycle=2,curView=33,view=34
info|2025-10-10 02:12:18.306965|PBFT-1-0x00007fc6aa11a700|[g:1][CONSENSUS]addRawPrepare,height=269,reqIdx=2,hash=f791535c...,time=0
info|2025-10-10 02:12:18.310471|PBFT-1-0x00007fc6aa11a700|[g:1][CONSENSUS][PBFT]checkTimeout Succ,view=34,toView=35,nodeIdx=3,changeCycle=1,myNode=87d00b98...,timecost=3
info|2025-10-10 02:12:18.315574|PBFT-1-0x00007fc6aa11a700|[g:1][CONSENSUS][PBFT]checkAndChangeView: Reach consensus,org_view=34,cur_changeCycle=1,curView=34,view=35
info|2025-10-10 02:12:18.585044|P2P-0x00007fc6c5150700|[g:1] [SYNC][id:87d00b98...][Download][Request]Receive block request,peer=374bdfe9...,from=184,to=184
info|2025-10-10 02:12:18.585391|SyncSend-1-0x00007fc6b6933700|[g:1][SYNC][id:87d00b98...][Download][Request][BlockSync]Batch blocks for sending,blockSize=24480,number=184,peer=374bdfe9...,timeCost=0
info|2025-10-10 02:12:18.585474|SyncSend-1-0x00007fc6b6933700|[g:1][g:1] [SYNC][id:374bdfe9...][Download][Request][BlockSync]Send block packet,peer=374bdfe9...,blocks=1,bytes(V)=24487
info|2025-10-10 02:12:19.316145|PBFTSeal-1-0x00007fc6a290b700|[g:1][CONSENSUS][SEALER]++++++++++++++++ Generating seal on,blkNum=269,tx=0,nodeIdx=3,hash=36281f92...
info|2025-10-10 02:12:19.319530|PBFT-1-0x00007fc6aa11a700|[g:1][CONSENSUS][PBFT]checkTimeout Succ,view=35,toView=36,nodeIdx=3,changeCycle=1,myNode=87d00b98...,timecost=2
info|2025-10-10 02:12:19.328438|PBFT-1-0x00007fc6aa11a700|[g:1][CONSENSUS][PBFT]checkAndChangeView: Reach consensus,org_view=35,cur_changeCycle=1,curView=35,view=36
info|2025-10-10 02:12:20.106968|io_service-0x00007fc6c414e700|[P2P][Service] heartBeat,connected count=3
info|2025-10-10 02:12:20.335404|PBFT-1-0x00007fc6aa11a700|[g:1][CONSENSUS]addRawPrepare,height=269,reqIdx=0,hash=b91f6916...,time=0
info|2025-10-10 02:12:20.339343|PBFT-1-0x00007fc6aa11a700|[g:1][CONSENSUS][PBFT]checkTimeout Succ,view=36,toView=37,nodeIdx=3,changeCycle=1,myNode=87d00b98...,timecost=4
info|2025-10-10 02:12:20.344538|PBFT-1-0x00007fc6aa11a700|[g:1][CONSENSUS][PBFT]checkAndChangeView: Reach consensus,org_view=36,cur_changeCycle=1,curView=36,view=37
warning|2025-10-10 02:12:24.854576|PBFT-1-0x00007fc6aa11a700|[g:1][CONSENSUS][PBFT]ViewChangeWarning: not caused by omit empty block ,v=37,toV=38,curNum=268,hash=7f2621dd...,nodeIdx=3,myNode=87d00b98...
info|2025-10-10 02:12:24.855312|PBFT-1-0x00007fc6aa11a700|[g:1][CONSENSUS][PBFT]checkTimeout Succ,view=37,toView=38,nodeIdx=3,changeCycle=2,myNode=87d00b98...,timecost=3
info|2025-10-10 02:12:24.864083|PBFT-1-0x00007fc6aa11a700|[g:1][CONSENSUS][PBFT]checkAndChangeView: Reach consensus,org_view=37,cur_changeCycle=2,curView=37,view=38
info|2025-10-10 02:12:25.869189|PBFT-1-0x00007fc6aa11a700|[g:1][CONSENSUS]addRawPrepare,height=269,reqIdx=2,hash=04d12fc9...,time=0
info|2025-10-10 02:12:25.870983|PBFT-1-0x00007fc6aa11a700|[g:1][CONSENSUS][PBFT]checkTimeout Succ,view=38,toView=39,nodeIdx=3,changeCycle=1,myNode=87d00b98...,timecost=1
info|2025-10-10 02:12:25.875650|PBFT-1-0x00007fc6aa11a700|[g:1][CONSENSUS][PBFT]checkAndChangeView: Reach consensus,org_view=38,cur_changeCycle=1,curView=38,view=39
info|2025-10-10 02:12:26.876976|PBFTSeal-1-0x00007fc6a290b700|[g:1][CONSENSUS][SEALER]++++++++++++++++ Generating seal on,blkNum=269,tx=0,nodeIdx=3,hash=82e47a67...
info|2025-10-10 02:12:26.883780|PBFT-1-0x00007fc6aa11a700|[g:1][CONSENSUS][PBFT]checkTimeout Succ,view=39,toView=40,nodeIdx=3,changeCycle=1,myNode=87d00b98...,timecost=2
info|2025-10-10 02:12:26.886863|PBFT-1-0x00007fc6aa11a700|[g:1][CONSENSUS][PBFT]checkAndChangeView: Reach consensus,org_view=39,cur_changeCycle=1,curView=39,view=40
info|2025-10-10 02:12:27.893514|PBFT-1-0x00007fc6aa11a700|[g:1][CONSENSUS]addRawPrepare,height=269,reqIdx=0,hash=9813b337...,time=0
info|2025-10-10 02:12:27.894911|PBFT-1-0x00007fc6aa11a700|[g:1][CONSENSUS][PBFT]checkTimeout Succ,view=40,toView=41,nodeIdx=3,changeCycle=1,myNode=87d00b98...,timecost=1
info|2025-10-10 02:12:27.901084|PBFT-1-0x00007fc6aa11a700|[g:1][CONSENSUS][PBFT]checkAndChangeView: Reach consensus,org_view=40,cur_changeCycle=1,curView=40,view=41
info|2025-10-10 02:12:30.107263|io_service-0x00007fc6c414e700|[P2P][Service] heartBeat,connected count=3
warning|2025-10-10 02:12:32.404823|PBFT-1-0x00007fc6aa11a700|[g:1][CONSENSUS][PBFT]ViewChangeWarning: not caused by omit empty block ,v=41,toV=42,curNum=268,hash=7f2621dd...,nodeIdx=3,myNode=87d00b98...
info|2025-10-10 02:12:32.405693|PBFT-1-0x00007fc6aa11a700|[g:1][CONSENSUS][PBFT]checkTimeout Succ,view=41,toView=42,nodeIdx=3,changeCycle=2,myNode=87d00b98...,timecost=2
info|2025-10-10 02:12:32.408486|PBFT-1-0x00007fc6aa11a700|[g:1][CONSENSUS][PBFT]checkAndChangeView: Reach consensus,org_view=41,cur_changeCycle=2,curView=41,view=42
info|2025-10-10 02:12:33.414999|PBFT-1-0x00007fc6aa11a700|[g:1][CONSENSUS]addRawPrepare,height=269,reqIdx=2,hash=d2100995...,time=1
info|2025-10-10 02:12:33.417096|PBFT-1-0x00007fc6aa11a700|[g:1][CONSENSUS][PBFT]checkTimeout Succ,view=42,toView=43,nodeIdx=3,changeCycle=1,myNode=87d00b98...,timecost=2
info|2025-10-10 02:12:33.424946|PBFT-1-0x00007fc6aa11a700|[g:1][CONSENSUS][PBFT]checkAndChangeView: Reach consensus,org_view=42,cur_changeCycle=1,curView=42,view=43
info|2025-10-10 02:12:34.425884|PBFTSeal-1-0x00007fc6a290b700|[g:1][CONSENSUS][SEALER]++++++++++++++++ Generating seal on,blkNum=269,tx=0,nodeIdx=3,hash=aca4cf47...
info|2025-10-10 02:12:34.428866|PBFT-1-0x00007fc6aa11a700|[g:1][CONSENSUS][PBFT]checkTimeout Succ,view=43,toView=44,nodeIdx=3,changeCycle=1,myNode=87d00b98...,timecost=1
info|2025-10-10 02:12:34.436099|PBFT-1-0x00007fc6aa11a700|[g:1][CONSENSUS][PBFT]checkAndChangeView: Reach consensus,org_view=43,cur_changeCycle=1,curView=43,view=44
info|2025-10-10 02:12:35.440546|PBFT-1-0x00007fc6aa11a700|[g:1][CONSENSUS]addRawPrepare,height=269,reqIdx=0,hash=dbb8ceef...,time=0
info|2025-10-10 02:12:35.441817|PBFT-1-0x00007fc6aa11a700|[g:1][CONSENSUS][PBFT]checkTimeout Succ,view=44,toView=45,nodeIdx=3,changeCycle=1,myNode=87d00b98...,timecost=1
info|2025-10-10 02:12:35.447151|PBFT-1-0x00007fc6aa11a700|[g:1][CONSENSUS][PBFT]checkAndChangeView: Reach consensus,org_view=44,cur_changeCycle=1,curView=44,view=45
warning|2025-10-10 02:12:39.957142|PBFT-1-0x00007fc6aa11a700|[g:1][CONSENSUS][PBFT]ViewChangeWarning: not caused by omit empty block ,v=45,toV=46,curNum=268,hash=7f2621dd...,nodeIdx=3,myNode=87d00b98...
info|2025-10-10 02:12:39.957379|PBFT-1-0x00007fc6aa11a700|[g:1][CONSENSUS][PBFT]checkTimeout Succ,view=45,toView=46,nodeIdx=3,changeCycle=2,myNode=87d00b98...,timecost=4
info|2025-10-10 02:12:39.970433|PBFT-1-0x00007fc6aa11a700|[g:1][CONSENSUS][PBFT]checkAndChangeView: Reach consensus,org_view=45,cur_changeCycle=2,curView=45,view=46
info|2025-10-10 02:12:40.107484|io_service-0x00007fc6c414e700|[P2P][Service] heartBeat,connected count=3
info|2025-10-10 02:12:40.971750|PBFT-1-0x00007fc6aa11a700|[g:1][CONSENSUS]addRawPrepare,height=269,reqIdx=2,hash=03ae18d8...,time=0
info|2025-10-10 02:12:40.975972|PBFT-1-0x00007fc6aa11a700|[g:1][CONSENSUS][PBFT]checkTimeout Succ,view=46,toView=47,nodeIdx=3,changeCycle=1,myNode=87d00b98...,timecost=4
info|2025-10-10 02:12:40.988712|PBFT-1-0x00007fc6aa11a700|[g:1][CONSENSUS][PBFT]checkAndChangeView: Reach consensus,org_view=46,cur_changeCycle=1,curView=46,view=47
info|2025-10-10 02:12:41.989486|PBFTSeal-1-0x00007fc6a290b700|[g:1][CONSENSUS][SEALER]++++++++++++++++ Generating seal on,blkNum=269,tx=0,nodeIdx=3,hash=2dd77a4f...
info|2025-10-10 02:12:42.003440|PBFT-1-0x00007fc6aa11a700|[g:1][CONSENSUS][PBFT]checkTimeout Succ,view=47,toView=48,nodeIdx=3,changeCycle=1,myNode=87d00b98...,timecost=2
info|2025-10-10 02:12:42.005773|PBFT-1-0x00007fc6aa11a700|[g:1][CONSENSUS][PBFT]checkAndChangeView: Reach consensus,org_view=47,cur_changeCycle=1,curView=47,view=48
info|2025-10-10 02:12:43.011969|PBFT-1-0x00007fc6aa11a700|[g:1][CONSENSUS]addRawPrepare,height=269,reqIdx=0,hash=a4ff1bee...,time=0
info|2025-10-10 02:12:43.019594|PBFT-1-0x00007fc6aa11a700|[g:1][CONSENSUS][PBFT]checkTimeout Succ,view=48,toView=49,nodeIdx=3,changeCycle=1,myNode=87d00b98...,timecost=7
info|2025-10-10 02:12:43.023047|PBFT-1-0x00007fc6aa11a700|[g:1][CONSENSUS][PBFT]checkAndChangeView: Reach consensus,org_view=48,cur_changeCycle=1,curView=48,view=49
warning|2025-10-10 02:12:47.524893|PBFT-1-0x00007fc6aa11a700|[g:1][CONSENSUS][PBFT]ViewChangeWarning: not caused by omit empty block ,v=49,toV=50,curNum=268,hash=7f2621dd...,nodeIdx=3,myNode=87d00b98...
info|2025-10-10 02:12:47.525511|PBFT-1-0x00007fc6aa11a700|[g:1][CONSENSUS][PBFT]checkTimeout Succ,view=49,toView=50,nodeIdx=3,changeCycle=2,myNode=87d00b98...,timecost=2
info|2025-10-10 02:12:47.532628|PBFT-1-0x00007fc6aa11a700|[g:1][CONSENSUS][PBFT]checkAndChangeView: Reach consensus,org_view=49,cur_changeCycle=2,curView=49,view=50
info|2025-10-10 02:12:48.538556|PBFT-1-0x00007fc6aa11a700|[g:1][CONSENSUS]addRawPrepare,height=269,reqIdx=2,hash=85e9c25b...,time=0
info|2025-10-10 02:12:48.540596|PBFT-1-0x00007fc6aa11a700|[g:1][CONSENSUS][PBFT]checkTimeout Succ,view=50,toView=51,nodeIdx=3,changeCycle=1,myNode=87d00b98...,timecost=2
info|2025-10-10 02:12:48.543638|PBFT-1-0x00007fc6aa11a700|[g:1][CONSENSUS][PBFT]checkAndChangeView: Reach consensus,org_view=50,cur_changeCycle=1,curView=50,view=51
info|2025-10-10 02:12:49.545233|PBFTSeal-1-0x00007fc6a290b700|[g:1][CONSENSUS][SEALER]++++++++++++++++ Generating seal on,blkNum=269,tx=0,nodeIdx=3,hash=33026187...
info|2025-10-10 02:12:49.549934|PBFT-1-0x00007fc6aa11a700|[g:1][CONSENSUS][PBFT]checkTimeout Succ,view=51,toView=52,nodeIdx=3,changeCycle=1,myNode=87d00b98...,timecost=3
info|2025-10-10 02:12:49.555664|PBFT-1-0x00007fc6aa11a700|[g:1][CONSENSUS][PBFT]checkAndChangeView: Reach consensus,org_view=51,cur_changeCycle=1,curView=51,view=52
info|2025-10-10 02:12:50.107803|io_service-0x00007fc6c414e700|[P2P][Service] heartBeat,connected count=3
info|2025-10-10 02:12:50.560944|PBFT-1-0x00007fc6aa11a700|[g:1][CONSENSUS]addRawPrepare,height=269,reqIdx=0,hash=54719354...,time=0
info|2025-10-10 02:12:50.563773|PBFT-1-0x00007fc6aa11a700|[g:1][CONSENSUS][PBFT]checkTimeout Succ,view=52,toView=53,nodeIdx=3,changeCycle=1,myNode=87d00b98...,timecost=2
info|2025-10-10 02:12:50.568755|PBFT-1-0x00007fc6aa11a700|[g:1][CONSENSUS][PBFT]checkAndChangeView: Reach consensus,org_view=52,cur_changeCycle=1,curView=52,view=53
warning|2025-10-10 02:12:55.070049|PBFT-1-0x00007fc6aa11a700|[g:1][CONSENSUS][PBFT]ViewChangeWarning: not caused by omit empty block ,v=53,toV=54,curNum=268,hash=7f2621dd...,nodeIdx=3,myNode=87d00b98...
info|2025-10-10 02:12:55.070246|PBFT-1-0x00007fc6aa11a700|[g:1][CONSENSUS][PBFT]checkTimeout Succ,view=53,toView=54,nodeIdx=3,changeCycle=2,myNode=87d00b98...,timecost=2
info|2025-10-10 02:12:55.077989|PBFT-1-0x00007fc6aa11a700|[g:1][CONSENSUS][PBFT]checkAndChangeView: Reach consensus,org_view=53,cur_changeCycle=2,curView=53,view=54
info|2025-10-10 02:12:56.081059|PBFT-1-0x00007fc6aa11a700|[g:1][CONSENSUS]addRawPrepare,height=269,reqIdx=2,hash=1933e26c...,time=0
info|2025-10-10 02:12:56.085239|PBFT-1-0x00007fc6aa11a700|[g:1][CONSENSUS][PBFT]checkTimeout Succ,view=54,toView=55,nodeIdx=3,changeCycle=1,myNode=87d00b98...,timecost=4
info|2025-10-10 02:12:56.093644|PBFT-1-0x00007fc6aa11a700|[g:1][CONSENSUS][PBFT]checkAndChangeView: Reach consensus,org_view=54,cur_changeCycle=1,curView=54,view=55
info|2025-10-10 02:12:57.103109|PBFTSeal-1-0x00007fc6a290b700|[g:1][CONSENSUS][SEALER]++++++++++++++++ Generating seal on,blkNum=269,tx=0,nodeIdx=3,hash=cff49763...
info|2025-10-10 02:12:57.111392|PBFT-1-0x00007fc6aa11a700|[g:1][CONSENSUS][PBFT]checkTimeout Succ,view=55,toView=56,nodeIdx=3,changeCycle=1,myNode=87d00b98...,timecost=3
info|2025-10-10 02:12:57.114271|PBFT-1-0x00007fc6aa11a700|[g:1][CONSENSUS][PBFT]checkAndChangeView: Reach consensus,org_view=55,cur_changeCycle=1,curView=55,view=56
info|2025-10-10 02:12:58.122822|PBFT-1-0x00007fc6aa11a700|[g:1][CONSENSUS]addRawPrepare,height=269,reqIdx=0,hash=151772b2...,time=0
info|2025-10-10 02:12:58.124483|PBFT-1-0x00007fc6aa11a700|[g:1][CONSENSUS][PBFT]checkTimeout Succ,view=56,toView=57,nodeIdx=3,changeCycle=1,myNode=87d00b98...,timecost=2
info|2025-10-10 02:12:58.130973|PBFT-1-0x00007fc6aa11a700|[g:1][CONSENSUS][PBFT]checkAndChangeView: Reach consensus,org_view=56,cur_changeCycle=1,curView=56,view=57
info|2025-10-10 02:13:00.107922|io_service-0x00007fc6c414e700|[P2P][Service] heartBeat,connected count=3
warning|2025-10-10 02:13:02.632962|PBFT-1-0x00007fc6aa11a700|[g:1][CONSENSUS][PBFT]ViewChangeWarning: not caused by omit empty block ,v=57,toV=58,curNum=268,hash=7f2621dd...,nodeIdx=3,myNode=87d00b98...
info|2025-10-10 02:13:02.633115|PBFT-1-0x00007fc6aa11a700|[g:1][CONSENSUS][PBFT]checkTimeout Succ,view=57,toView=58,nodeIdx=3,changeCycle=2,myNode=87d00b98...,timecost=2
info|2025-10-10 02:13:02.640856|PBFT-1-0x00007fc6aa11a700|[g:1][CONSENSUS][PBFT]checkAndChangeView: Reach consensus,org_view=57,cur_changeCycle=2,curView=57,view=58
info|2025-10-10 02:13:03.146256|PBFTWork-1-0x00007fc6b0927700|[g:1][CONSENSUS][PartiallyPBFTReqCache]addPartiallyRawPrepare,height=269,reqIdx=2,hash=48cbde1d...
info|2025-10-10 02:13:03.147099|PBFTWork-1-0x00007fc6b0927700|[g:1][BLOCKVERIFIER][executeBlock]Executing block,txNum=1,num=269,parentHash=7f2621dd5a0323f750c8836228121f4fd1d4c0fa7974c9001ecfbd8b8cecbb69,parentNum=268,parentStateRoot=0000000000000000000000000000000000000000000000000000000000000000
info|2025-10-10 02:13:03.147922|PBFTWork-1-0x00007fc6b0927700|[g:1][PRECOMPILED]init GasChargeManagePrecompiled
info|2025-10-10 02:13:03.149359|PBFTWork-1-0x00007fc6b0927700|[g:1][STORAGE][MemoryTableFactory2]createTable,table name=c_255263e7a5faaf370335246903d52e7336d4243c,keyField=key,valueField=value
info|2025-10-10 02:13:03.182284|PBFTWork-1-0x00007fc6b0927700|[g:1][CONSENSUS][PBFT]execBlock,blkNum=269,reqIdx=2,hash=4ed64eef...,nodeIdx=3,myNode=87d00b98...,decodeCost=0,checkCost=0,notifyCost=0,noteSealingCost=0,currentCycle=2,verifyAndSetSenderCost=0,execCost=36,execPerTx=36,totalCost=36
info|2025-10-10 02:13:03.184786|PBFTWork-1-0x00007fc6b0927700|[g:1][CONSENSUS][PBFT]handlePrepareMsg Succ,timecost=2,INFO=handlePartiallyPrepare,reqIdx=2,view=58,reqNum=269,curNum=268,consNum=269,hash=48cbde1d...,nodeIdx=3,myNode=87d00b98...,curChangeCycle=2
info|2025-10-10 02:13:03.193450|PBFT-1-0x00007fc6aa11a700|[g:1][CONSENSUS][PBFT]handleSignMsg Succ,Timecost=1,INFO=handleSignMsg,num=269,curNum=268,GenIdx=0,Sview=58,view=58,fromIdx=0,fromNode=064cb676...,fromIp=127.0.0.1:43012,hash=4ed64eef...,nodeIdx=3,myNode=87d00b98...
info|2025-10-10 02:13:03.198369|PBFT-1-0x00007fc6aa11a700|[g:1][CONSENSUS][PBFT]checkAndCommit: backup/updateCommittedPrepare,reqNum=269,hash=48cbde1d...,nodeIdx=3,myNode=87d00b98...
info|2025-10-10 02:13:03.200380|PBFT-1-0x00007fc6aa11a700|[g:1][CONSENSUS][PBFT]handleSignMsg Succ,Timecost=3,INFO=handleSignMsg,num=269,curNum=268,GenIdx=2,Sview=58,view=58,fromIdx=2,fromNode=73994dae...,fromIp=127.0.0.1:42994,hash=4ed64eef...,nodeIdx=3,myNode=87d00b98...
info|2025-10-10 02:13:03.209521|PBFT-1-0x00007fc6aa11a700|[g:1][CONSENSUS][PBFT]handleCommitMsg Succ,INFO=handleCommitMsg,reqNum=269,curNum=268,GenIdx=0,Cview=58,view=58,fromIdx=0,fromNode=064cb676...,fromIp=127.0.0.1:43012,hash=4ed64eef...,nodeIdx=3,myNode=87d00b98...,Timecost=6
info|2025-10-10 02:13:03.212729|PBFT-1-0x00007fc6aa11a700|[g:1][CONSENSUS][PBFT]checkAndSave: CommitReq enough,prepareHeight=269,commitSize=3,hash=4ed64eef...,nodeIdx=3,myNode=87d00b98...
info|2025-10-10 02:13:03.213347|PBFT-1-0x00007fc6aa11a700|[g:1][g:1][STORAGE][CachedStorage]commit: 9 num: 269
info|2025-10-10 02:13:03.213892|taskPool-1-0x00007fc6b312c700|[g:1][g:1][STORAGE][CachedStorage]Start commit block: 269 to backend storage
info|2025-10-10 02:13:03.215123|taskPool-1-0x00007fc6b312c700|[g:1][g:1][STORAGE][CachedStorage]
---------------------------------------------------------------------
Commit block: 269 to backend storage finished, current cached block: 269
Flush elapsed time: 0.0012s
---------------------------------------------------------------------
info|2025-10-10 02:13:03.215232|PBFT-1-0x00007fc6aa11a700|[g:1][g:1][STORAGE][CachedStorage]Submited block task: 269, current syncd block: 269
info|2025-10-10 02:13:03.215327|PBFT-1-0x00007fc6aa11a700|[g:1]Push block notify: 1-269
info|2025-10-10 02:13:03.216846|PBFT-1-0x00007fc6aa11a700|[g:1][CONSENSUS][PBFT]CommitBlock Succ,prepareHeight=269,reqIdx=2,hash=4ed64eef...,nodeIdx=3,myNode=87d00b98...,genSigTimeCost=0,commitBlockTimeCost=4,dropTxsTimeCost=0,noteSealingTimeCost=0,totalTimeCost=4
info|2025-10-10 02:13:03.216895|PBFT-1-0x00007fc6aa11a700|[g:1][CONSENSUS][PBFT]handleCommitMsg Succ,INFO=handleCommitMsg,reqNum=269,curNum=268,GenIdx=2,Cview=58,view=58,fromIdx=2,fromNode=73994dae...,fromIp=127.0.0.1:42994,hash=4ed64eef...,nodeIdx=3,myNode=87d00b98...,Timecost=7
info|2025-10-10 02:13:03.217243|PBFTSeal-1-0x00007fc6a290b700|[g:1][CONSENSUS][SEALER]increase maxNoTimeoutTx,maxNoTimeoutTx=1
info|2025-10-10 02:13:03.217257|PBFTSeal-1-0x00007fc6a290b700|[g:1][CONSENSUS][PBFT]^^^^^^^^Report,num=269,sealerIdx=2,hash=4ed64eef...,next=270,tx=1,nodeIdx=3
warning|2025-10-10 02:13:06.224796|PBFT-1-0x00007fc6aa11a700|[g:1][CONSENSUS][PBFT]ViewChangeWarning: not caused by omit empty block ,v=0,toV=1,curNum=269,hash=4ed64eef...,nodeIdx=3,myNode=87d00b98...
info|2025-10-10 02:13:06.225259|PBFT-1-0x00007fc6aa11a700|[g:1][CONSENSUS][PBFT]checkTimeout Succ,view=0,toView=1,nodeIdx=3,changeCycle=1,myNode=87d00b98...,timecost=4
info|2025-10-10 02:13:06.231663|PBFT-1-0x00007fc6aa11a700|[g:1][CONSENSUS][PBFT]checkAndChangeView: Reach consensus,org_view=0,cur_changeCycle=1,curView=0,view=1
info|2025-10-10 02:13:07.233833|PBFT-1-0x00007fc6aa11a700|[g:1][CONSENSUS]addRawPrepare,height=270,reqIdx=2,hash=dc342b48...,time=0
info|2025-10-10 02:13:07.237487|PBFT-1-0x00007fc6aa11a700|[g:1][CONSENSUS][PBFT]checkTimeout Succ,view=1,toView=2,nodeIdx=3,changeCycle=1,myNode=87d00b98...,timecost=1
info|2025-10-10 02:13:07.243492|PBFT-1-0x00007fc6aa11a700|[g:1][CONSENSUS][PBFT]checkAndChangeView: Reach consensus,org_view=1,cur_changeCycle=1,curView=1,view=2
info|2025-10-10 02:13:08.248831|PBFTSeal-1-0x00007fc6a290b700|[g:1][CONSENSUS][SEALER]++++++++++++++++ Generating seal on,blkNum=270,tx=0,nodeIdx=3,hash=5e81c35f...
info|2025-10-10 02:13:08.255856|PBFT-1-0x00007fc6aa11a700|[g:1][CONSENSUS][PBFT]checkTimeout Succ,view=2,toView=3,nodeIdx=3,changeCycle=1,myNode=87d00b98...,timecost=1
info|2025-10-10 02:13:08.267860|PBFT-1-0x00007fc6aa11a700|[g:1][CONSENSUS][PBFT]checkAndChangeView: Reach consensus,org_view=2,cur_changeCycle=1,curView=2,view=3
info|2025-10-10 02:13:09.272334|PBFT-1-0x00007fc6aa11a700|[g:1][CONSENSUS]addRawPrepare,height=270,reqIdx=0,hash=2df1dc01...,time=0
info|2025-10-10 02:13:09.274602|PBFT-1-0x00007fc6aa11a700|[g:1][CONSENSUS][PBFT]checkTimeout Succ,view=3,toView=4,nodeIdx=3,changeCycle=1,myNode=87d00b98...,timecost=2
info|2025-10-10 02:13:09.281443|PBFT-1-0x00007fc6aa11a700|[g:1][CONSENSUS][PBFT]checkAndChangeView: Reach consensus,org_view=3,cur_changeCycle=1,curView=3,view=4
info|2025-10-10 02:13:10.023386|P2P-0x00007fc6c5951700|[g:1] [SYNC][id:87d00b98...][Download][Request]Receive block request,peer=374bdfe9...,from=184,to=184
info|2025-10-10 02:13:10.023866|SyncSend-1-0x00007fc6b6933700|[g:1][SYNC][id:87d00b98...][Download][Request][BlockSync]Batch blocks for sending,blockSize=24480,number=184,peer=374bdfe9...,timeCost=0
info|2025-10-10 02:13:10.023960|SyncSend-1-0x00007fc6b6933700|[g:1][g:1] [SYNC][id:374bdfe9...][Download][Request][BlockSync]Send block packet,peer=374bdfe9...,blocks=1,bytes(V)=24487
info|2025-10-10 02:13:10.108480|io_service-0x00007fc6c414e700|[P2P][Service] heartBeat,connected count=3
warning|2025-10-10 02:13:13.793307|PBFT-1-0x00007fc6aa11a700|[g:1][CONSENSUS][PBFT]ViewChangeWarning: not caused by omit empty block ,v=4,toV=5,curNum=269,hash=4ed64eef...,nodeIdx=3,myNode=87d00b98...
info|2025-10-10 02:13:13.793891|PBFT-1-0x00007fc6aa11a700|[g:1][CONSENSUS][PBFT]checkTimeout Succ,view=4,toView=5,nodeIdx=3,changeCycle=2,myNode=87d00b98...,timecost=2
info|2025-10-10 02:13:13.803939|PBFT-1-0x00007fc6aa11a700|[g:1][CONSENSUS][PBFT]checkAndChangeView: Reach consensus,org_view=4,cur_changeCycle=2,curView=4,view=5
info|2025-10-10 02:13:14.308273|PBFTWork-1-0x00007fc6b0927700|[g:1][CONSENSUS][PartiallyPBFTReqCache]addPartiallyRawPrepare,height=270,reqIdx=2,hash=ea9a3572...
info|2025-10-10 02:13:14.308927|PBFTWork-1-0x00007fc6b0927700|[g:1][BLOCKVERIFIER][executeBlock]Executing block,txNum=1,num=270,parentHash=4ed64eef414ebe43b7eb3c93368e8ab2f13730206610c11434f84212009b60fe,parentNum=269,parentStateRoot=446d92cb809ac2d3d2fb6916a2f60fb1de4bda9a082f92bd337cbfeb6c4d9be2
info|2025-10-10 02:13:14.309265|PBFTWork-1-0x00007fc6b0927700|[g:1][PRECOMPILED]init GasChargeManagePrecompiled
info|2025-10-10 02:13:14.311506|PBFTWork-1-0x00007fc6b0927700|[g:1][PRECOMPILED][TimerPrecompiled]getCurrentTimeMillis,timeMillis=1760087594311
info|2025-10-10 02:13:14.313189|PBFTWork-1-0x00007fc6b0927700|[g:1][PRECOMPILED][TimerPrecompiled]getCurrentTimeMillis,timeMillis=1760087594313
info|2025-10-10 02:13:14.313412|PBFTWork-1-0x00007fc6b0927700|[g:1][CONSENSUS][PBFT]execBlock,blkNum=270,reqIdx=2,hash=3f1a76f2...,nodeIdx=3,myNode=87d00b98...,decodeCost=0,checkCost=0,notifyCost=0,noteSealingCost=0,currentCycle=2,verifyAndSetSenderCost=0,execCost=5,execPerTx=5,totalCost=5
info|2025-10-10 02:13:14.318338|PBFTWork-1-0x00007fc6b0927700|[g:1][CONSENSUS][PBFT]handlePrepareMsg Succ,timecost=5,INFO=handlePartiallyPrepare,reqIdx=2,view=5,reqNum=270,curNum=269,consNum=270,hash=ea9a3572...,nodeIdx=3,myNode=87d00b98...,curChangeCycle=2
info|2025-10-10 02:13:14.319895|PBFT-1-0x00007fc6aa11a700|[g:1][CONSENSUS][PBFT]checkReq: Recv future request,prepHash=3f1a76f2...,INFO=handleSignMsg,num=270,curNum=269,GenIdx=0,Sview=5,view=5,fromIdx=0,fromNode=064cb676...,fromIp=127.0.0.1:43012,hash=7e6650bc...,nodeIdx=3,myNode=87d00b98...
info|2025-10-10 02:13:14.319928|PBFT-1-0x00007fc6aa11a700|[g:1][CONSENSUS][PBFT]FutureBlock,INFO=handleSignMsg,num=270,curNum=269,GenIdx=0,Sview=5,view=5,fromIdx=0,fromNode=064cb676...,fromIp=127.0.0.1:43012,hash=7e6650bc...,nodeIdx=3,myNode=87d00b98...
info|2025-10-10 02:13:14.325587|PBFT-1-0x00007fc6aa11a700|[g:1][CONSENSUS][PBFT]checkReq: Recv future request,prepHash=3f1a76f2...,INFO=handleSignMsg,num=270,curNum=269,GenIdx=2,Sview=5,view=5,fromIdx=2,fromNode=73994dae...,fromIp=127.0.0.1:42994,hash=7e6650bc...,nodeIdx=3,myNode=87d00b98...
info|2025-10-10 02:13:14.325621|PBFT-1-0x00007fc6aa11a700|[g:1][CONSENSUS][PBFT]FutureBlock,INFO=handleSignMsg,num=270,curNum=269,GenIdx=2,Sview=5,view=5,fromIdx=2,fromNode=73994dae...,fromIp=127.0.0.1:42994,hash=7e6650bc...,nodeIdx=3,myNode=87d00b98...
info|2025-10-10 02:13:20.109194|io_service-0x00007fc6c414e700|[P2P][Service] heartBeat,connected count=3
info|2025-10-10 02:13:21.064538|PBFT-1-0x00007fc6aa11a700|[g:1][CONSENSUS][SEALER]decrease maxBlockCanSeal to half for PBFT timeout,org_maxBlockCanSeal=1000,halfed_maxBlockCanSeal=500,timeoutCount=1,lastTimeoutTx=1
warning|2025-10-10 02:13:21.066237|PBFT-1-0x00007fc6aa11a700|[g:1][CONSENSUS][PBFT]ViewChangeWarning: not caused by omit empty block ,v=5,toV=6,curNum=269,hash=4ed64eef...,nodeIdx=3,myNode=87d00b98...
info|2025-10-10 02:13:21.067036|PBFT-1-0x00007fc6aa11a700|[g:1][CONSENSUS][PBFT]checkTimeout Succ,view=5,toView=6,nodeIdx=3,changeCycle=3,myNode=87d00b98...,timecost=3
info|2025-10-10 02:13:21.079059|PBFT-1-0x00007fc6aa11a700|[g:1][CONSENSUS][PBFT]checkAndChangeView: Reach consensus,org_view=5,cur_changeCycle=3,curView=5,view=6
info|2025-10-10 02:13:21.580679|PBFTSeal-1-0x00007fc6a290b700|[g:1][CONSENSUS][SEALER]++++++++++++++++ Generating seal on,blkNum=270,tx=1,nodeIdx=3,hash=bca3b38a...
info|2025-10-10 02:13:21.583082|sealerWorker-0x00007fc6b212a700|[CONSENSUS]addRawPrepare,height=270,reqIdx=3,hash=bca3b38a...,time=0
info|2025-10-10 02:13:21.583529|sealerWorker-0x00007fc6b212a700|[BLOCKVERIFIER][executeBlock]Executing block,txNum=1,num=270,parentHash=4ed64eef414ebe43b7eb3c93368e8ab2f13730206610c11434f84212009b60fe,parentNum=269,parentStateRoot=446d92cb809ac2d3d2fb6916a2f60fb1de4bda9a082f92bd337cbfeb6c4d9be2
info|2025-10-10 02:13:21.584112|sealerWorker-0x00007fc6b212a700|[PRECOMPILED]init GasChargeManagePrecompiled
info|2025-10-10 02:13:21.585263|sealerWorker-0x00007fc6b212a700|[PRECOMPILED][TimerPrecompiled]getCurrentTimeMillis,timeMillis=1760087601585
info|2025-10-10 02:13:21.587516|sealerWorker-0x00007fc6b212a700|[PRECOMPILED][TimerPrecompiled]getCurrentTimeMillis,timeMillis=1760087601587
info|2025-10-10 02:13:21.587703|sealerWorker-0x00007fc6b212a700|[CONSENSUS][PBFT]execBlock,blkNum=270,reqIdx=3,hash=aad62abd...,nodeIdx=3,myNode=87d00b98...,decodeCost=0,checkCost=0,notifyCost=0,noteSealingCost=0,currentCycle=3,verifyAndSetSenderCost=0,execCost=4,execPerTx=4,totalCost=4
info|2025-10-10 02:13:21.592322|sealerWorker-0x00007fc6b212a700|[CONSENSUS][PBFT]handlePrepareMsg Succ,timecost=5,INFO=handlePrepareMsg,reqIdx=3,view=6,reqNum=270,curNum=269,consNum=270,curView=6,fromIp=self,hash=bca3b38a...,nodeIdx=3,myNode=87d00b98...,curChangeCycle=3
info|2025-10-10 02:13:21.592404|sealerWorker-0x00007fc6b212a700|[CONSENSUS][PBFT]generateLocalPrepare,hash=bca3b38a...,H=270,nodeIdx=3,myNode=87d00b98...
info|2025-10-10 02:13:21.597632|PBFT-1-0x00007fc6aa11a700|[g:1][CONSENSUS][PBFT]checkReq: Recv future request,prepHash=aad62abd...,INFO=handleSignMsg,num=270,curNum=269,GenIdx=2,Sview=6,view=6,fromIdx=2,fromNode=73994dae...,fromIp=127.0.0.1:42994,hash=665a3d0c...,nodeIdx=3,myNode=87d00b98...
info|2025-10-10 02:13:21.597666|PBFT-1-0x00007fc6aa11a700|[g:1][CONSENSUS][PBFT]FutureBlock,INFO=handleSignMsg,num=270,curNum=269,GenIdx=2,Sview=6,view=6,fromIdx=2,fromNode=73994dae...,fromIp=127.0.0.1:42994,hash=665a3d0c...,nodeIdx=3,myNode=87d00b98...
info|2025-10-10 02:13:21.600289|PBFT-1-0x00007fc6aa11a700|[g:1][CONSENSUS][PBFT]checkReq: Recv future request,prepHash=aad62abd...,INFO=handleSignMsg,num=270,curNum=269,GenIdx=0,Sview=6,view=6,fromIdx=0,fromNode=064cb676...,fromIp=127.0.0.1:43012,hash=5278c8b6...,nodeIdx=3,myNode=87d00b98...
info|2025-10-10 02:13:21.600330|PBFT-1-0x00007fc6aa11a700|[g:1][CONSENSUS][PBFT]FutureBlock,INFO=handleSignMsg,num=270,curNum=269,GenIdx=0,Sview=6,view=6,fromIdx=0,fromNode=064cb676...,fromIp=127.0.0.1:43012,hash=5278c8b6...,nodeIdx=3,myNode=87d00b98...
info|2025-10-10 02:13:30.109478|io_service-0x00007fc6c414e700|[P2P][Service] heartBeat,connected count=3
info|2025-10-10 02:13:31.723066|PBFT-1-0x00007fc6aa11a700|[g:1][CONSENSUS][SEALER]decrease maxBlockCanSeal to half for PBFT timeout,org_maxBlockCanSeal=500,halfed_maxBlockCanSeal=250,timeoutCount=2,lastTimeoutTx=1
warning|2025-10-10 02:13:31.724913|PBFT-1-0x00007fc6aa11a700|[g:1][CONSENSUS][PBFT]ViewChangeWarning: not caused by omit empty block ,v=6,toV=7,curNum=269,hash=4ed64eef...,nodeIdx=3,myNode=87d00b98...
info|2025-10-10 02:13:31.729694|PBFT-1-0x00007fc6aa11a700|[g:1][CONSENSUS][PBFT]checkTimeout Succ,view=6,toView=7,nodeIdx=3,changeCycle=4,myNode=87d00b98...,timecost=6
info|2025-10-10 02:13:31.735933|PBFT-1-0x00007fc6aa11a700|[g:1][CONSENSUS][PBFT]checkAndChangeView: Reach consensus,org_view=6,cur_changeCycle=4,curView=6,view=7
info|2025-10-10 02:13:32.241532|PBFTWork-1-0x00007fc6b0927700|[g:1][CONSENSUS][PartiallyPBFTReqCache]addPartiallyRawPrepare,height=270,reqIdx=0,hash=4acdd3bd...
info|2025-10-10 02:13:32.241840|PBFTWork-1-0x00007fc6b0927700|[g:1][BLOCKVERIFIER][executeBlock]Executing block,txNum=1,num=270,parentHash=4ed64eef414ebe43b7eb3c93368e8ab2f13730206610c11434f84212009b60fe,parentNum=269,parentStateRoot=446d92cb809ac2d3d2fb6916a2f60fb1de4bda9a082f92bd337cbfeb6c4d9be2
info|2025-10-10 02:13:32.241962|PBFTWork-1-0x00007fc6b0927700|[g:1][PRECOMPILED]init GasChargeManagePrecompiled
info|2025-10-10 02:13:32.244678|PBFTWork-1-0x00007fc6b0927700|[g:1][PRECOMPILED][TimerPrecompiled]getCurrentTimeMillis,timeMillis=1760087612244
info|2025-10-10 02:13:32.251186|PBFTWork-1-0x00007fc6b0927700|[g:1][PRECOMPILED][TimerPrecompiled]getCurrentTimeMillis,timeMillis=1760087612251
info|2025-10-10 02:13:32.251365|PBFTWork-1-0x00007fc6b0927700|[g:1][CONSENSUS][PBFT]execBlock,blkNum=270,reqIdx=0,hash=d8245721...,nodeIdx=3,myNode=87d00b98...,decodeCost=0,checkCost=0,notifyCost=0,noteSealingCost=0,currentCycle=4,verifyAndSetSenderCost=0,execCost=10,execPerTx=10,totalCost=10
info|2025-10-10 02:13:32.253754|PBFTWork-1-0x00007fc6b0927700|[g:1][CONSENSUS][PBFT]handlePrepareMsg Succ,timecost=2,INFO=handlePartiallyPrepare,reqIdx=0,view=7,reqNum=270,curNum=269,consNum=270,hash=4acdd3bd...,nodeIdx=3,myNode=87d00b98...,curChangeCycle=4
info|2025-10-10 02:13:32.254062|PBFT-1-0x00007fc6aa11a700|[g:1][CONSENSUS][PBFT]checkReq: Recv future request,prepHash=d8245721...,INFO=handleSignMsg,num=270,curNum=269,GenIdx=2,Sview=7,view=7,fromIdx=2,fromNode=73994dae...,fromIp=127.0.0.1:42994,hash=10481bc0...,nodeIdx=3,myNode=87d00b98...
info|2025-10-10 02:13:32.254100|PBFT-1-0x00007fc6aa11a700|[g:1][CONSENSUS][PBFT]FutureBlock,INFO=handleSignMsg,num=270,curNum=269,GenIdx=2,Sview=7,view=7,fromIdx=2,fromNode=73994dae...,fromIp=127.0.0.1:42994,hash=10481bc0...,nodeIdx=3,myNode=87d00b98...
info|2025-10-10 02:13:32.254212|PBFT-1-0x00007fc6aa11a700|[g:1][CONSENSUS][PBFT]checkReq: Recv future request,prepHash=d8245721...,INFO=handleSignMsg,num=270,curNum=269,GenIdx=0,Sview=7,view=7,fromIdx=0,fromNode=064cb676...,fromIp=127.0.0.1:43012,hash=b1bb3bf3...,nodeIdx=3,myNode=87d00b98...
info|2025-10-10 02:13:32.254241|PBFT-1-0x00007fc6aa11a700|[g:1][CONSENSUS][PBFT]FutureBlock,INFO=handleSignMsg,num=270,curNum=269,GenIdx=0,Sview=7,view=7,fromIdx=0,fromNode=064cb676...,fromIp=127.0.0.1:43012,hash=b1bb3bf3...,nodeIdx=3,myNode=87d00b98...
info|2025-10-10 02:13:40.110315|io_service-0x00007fc6c414e700|[P2P][Service] heartBeat,connected count=3
info|2025-10-10 02:13:42.250638|P2P-0x00007fc6c5951700|[g:1] [SYNC][id:87d00b98...][Download][Request]Receive block request,peer=374bdfe9...,from=184,to=184
info|2025-10-10 02:13:42.251106|SyncSend-1-0x00007fc6b6933700|[g:1][SYNC][id:87d00b98...][Download][Request][BlockSync]Batch blocks for sending,blockSize=24480,number=184,peer=374bdfe9...,timeCost=1
info|2025-10-10 02:13:42.251180|SyncSend-1-0x00007fc6b6933700|[g:1][g:1] [SYNC][id:374bdfe9...][Download][Request][BlockSync]Send block packet,peer=374bdfe9...,blocks=1,bytes(V)=24487
info|2025-10-10 02:13:47.438029|PBFT-1-0x00007fc6aa11a700|[g:1][CONSENSUS][SEALER]decrease maxBlockCanSeal to half for PBFT timeout,org_maxBlockCanSeal=250,halfed_maxBlockCanSeal=125,timeoutCount=3,lastTimeoutTx=1
warning|2025-10-10 02:13:47.439161|PBFT-1-0x00007fc6aa11a700|[g:1][CONSENSUS][PBFT]ViewChangeWarning: not caused by omit empty block ,v=7,toV=8,curNum=269,hash=4ed64eef...,nodeIdx=3,myNode=87d00b98...
info|2025-10-10 02:13:47.439254|PBFT-1-0x00007fc6aa11a700|[g:1][CONSENSUS][PBFT]checkTimeout Succ,view=7,toView=8,nodeIdx=3,changeCycle=5,myNode=87d00b98...,timecost=1
info|2025-10-10 02:13:47.446193|PBFT-1-0x00007fc6aa11a700|[g:1][CONSENSUS][PBFT]checkAndChangeView: Reach consensus,org_view=7,cur_changeCycle=5,curView=7,view=8
info|2025-10-10 02:13:50.111154|io_service-0x00007fc6c414e700|[P2P][Service] heartBeat,connected count=3
info|2025-10-10 02:14:00.111759|io_service-0x00007fc6c414e700|[P2P][Service] heartBeat,connected count=3
info|2025-10-10 02:14:01.661784|P2P-0x00007fc6c5951700|[g:1] [SYNC][id:87d00b98...][Download][Request]Receive block request,peer=374bdfe9...,from=184,to=184
info|2025-10-10 02:14:01.662100|SyncSend-1-0x00007fc6b6933700|[g:1][SYNC][id:87d00b98...][Download][Request][BlockSync]Batch blocks for sending,blockSize=24480,number=184,peer=374bdfe9...,timeCost=1
info|2025-10-10 02:14:01.662171|SyncSend-1-0x00007fc6b6933700|[g:1][g:1] [SYNC][id:374bdfe9...][Download][Request][BlockSync]Send block packet,peer=374bdfe9...,blocks=1,bytes(V)=24487
info|2025-10-10 02:14:02.724080|fisco-bcos-0x00007fc6c6ec7dc0|[LEDGER]stop sealer,groupID=1
info|2025-10-10 02:14:02.724143|fisco-bcos-0x00007fc6c6ec7dc0|[CONSENSUS][SEALER]Stop sealer module...
info|2025-10-10 02:14:02.729392|fisco-bcos-0x00007fc6c6ec7dc0|[CONSENSUS][ConsensusEngine][Stop ConsensusEngineBase]
info|2025-10-10 02:14:02.735763|fisco-bcos-0x00007fc6c6ec7dc0|[CONSENSUS][ConsensusEngine]ConsensusEngineBase stopped
info|2025-10-10 02:14:02.735815|fisco-bcos-0x00007fc6c6ec7dc0|[LEDGER]sealer stopped. stop sync,groupID=1
info|2025-10-10 02:14:02.736273|fisco-bcos-0x00007fc6c6ec7dc0|[g:1] [SYNC][id:87d00b98...]SyncMsgEngine stopped
info|2025-10-10 02:14:02.777138|fisco-bcos-0x00007fc6c6ec7dc0|[GossipBlockStatus]stop GossipBlockStatus succ
info|2025-10-10 02:14:03.467413|fisco-bcos-0x00007fc6c6ec7dc0|[SYNC][id:87d00b98...][g:1]SyncMaster stopped
info|2025-10-10 02:14:03.467472|fisco-bcos-0x00007fc6c6ec7dc0|[LEDGER]sync stopped. stop event filter manager,groupID=1
info|2025-10-10 02:14:03.493038|fisco-bcos-0x00007fc6c6ec7dc0|[EVENT][EventLogFilterManager]stop
info|2025-10-10 02:14:03.493091|fisco-bcos-0x00007fc6c6ec7dc0|[LEDGER]event filter manager stopped. stop tx pool,groupID=1
info|2025-10-10 02:14:03.493373|fisco-bcos-0x00007fc6c6ec7dc0|[LEDGER]removeNetworkStatHandlerByGroupID and removeGroupBandwidthLimiter for service,groupID=1
info|2025-10-10 02:14:03.493387|fisco-bcos-0x00007fc6c6ec7dc0|[CHANNEL]removeSDKAllowListByGroupId,groupId=1
info|2025-10-10 02:14:03.493393|fisco-bcos-0x00007fc6c6ec7dc0|[INITIALIZER]ledgerInitializer stopped
info|2025-10-10 02:14:04.489732|io_service-0x00007fc6c414e700|[NETWORK][Session]doRead failed,endpoint=127.0.0.1:30301,message=short read (SSL routines, SSL routines)
info|2025-10-10 02:14:04.489766|io_service-0x00007fc6c414e700|[NETWORK][Session]drop, call and erase all callbackFunc of the session!,endpoint=127.0.0.1:30301
info|2025-10-10 02:14:04.489793|io_service-0x00007fc6c414e700|[NETWORK][Session][drop] closing remote 127.0.0.1:30301,reason=Low-level TCP communication failed.,endpoint=127.0.0.1:30301
info|2025-10-10 02:14:04.489871|io_service-0x00007fc6c414e700|[NETWORK][Session]Session inactive
info|2025-10-10 02:14:04.489878|io_service-0x00007fc6c414e700|[NETWORK][Session]Session inactive
info|2025-10-10 02:14:04.489882|io_service-0x00007fc6c414e700|[NETWORK][Session][drop] shutdown failed ,code=9,message=Bad file descriptor
info|2025-10-10 02:14:04.490164|P2P-0x00007fc6c6152700|[P2P][Service] disconnect inactive P2PSession,nodeID=374bdfe9...,endpoint=127.0.0.1:30301,code=3,what=Disconnect
info|2025-10-10 02:14:04.490204|P2P-0x00007fc6c6152700|[P2P][Service] onDisconnect,code=3,what=Dynamic exception type: dev::network::NetworkException
std::exception::what: Disconnect
info|2025-10-10 02:14:04.493922|fisco-bcos-0x00007fc6c6ec7dc0|[INITIALIZER]ChannelRPCHttpServer deleted.
info|2025-10-10 02:14:04.494409|fisco-bcos-0x00007fc6c6ec7dc0|[INITIALIZER]JsonrpcHttpServer deleted.
info|2025-10-10 02:14:04.494423|fisco-bcos-0x00007fc6c6ec7dc0|[INITIALIZER]RPCInitializer stopped
info|2025-10-10 02:14:04.494526|io_service-0x00007fc6c414e700|[NETWORK][Host]Host exit
info|2025-10-10 02:14:04.495564|fisco-bcos-0x00007fc6c6ec7dc0|[INITIALIZER]P2PInitializer stopped
info|2025-10-10 02:14:04.495586|fisco-bcos-0x00007fc6c6ec7dc0|[LEDGER]stop sealer,groupID=1
info|2025-10-10 02:14:04.495592|fisco-bcos-0x00007fc6c6ec7dc0|[LEDGER]sealer stopped. stop sync,groupID=1
info|2025-10-10 02:14:04.495600|fisco-bcos-0x00007fc6c6ec7dc0|[g:1] [SYNC][id:87d00b98...]SyncMsgEngine stopped
info|2025-10-10 02:14:04.495609|fisco-bcos-0x00007fc6c6ec7dc0|[GossipBlockStatus]GossipBlockStatus already stopped
info|2025-10-10 02:14:04.495613|fisco-bcos-0x00007fc6c6ec7dc0|[SYNC][id:87d00b98...][g:1]SyncMaster stopped
info|2025-10-10 02:14:04.495619|fisco-bcos-0x00007fc6c6ec7dc0|[LEDGER]sync stopped. stop event filter manager,groupID=1
info|2025-10-10 02:14:04.495623|fisco-bcos-0x00007fc6c6ec7dc0|[LEDGER]event filter manager stopped. stop tx pool,groupID=1
info|2025-10-10 02:14:04.495629|fisco-bcos-0x00007fc6c6ec7dc0|[LEDGER]removeNetworkStatHandlerByGroupID and removeGroupBandwidthLimiter for service,groupID=1
info|2025-10-10 02:14:04.495641|fisco-bcos-0x00007fc6c6ec7dc0|[g:1][STORAGE][CachedStorage]Stopping flushStorage thread
info|2025-10-10 02:14:05.257071|fisco-bcos-0x00007fc6c6ec7dc0|[g:1][STORAGE][CachedStorage]flushStorage thread stopped.
info|2025-10-10 02:14:05.257096|fisco-bcos-0x00007fc6c6ec7dc0|[DBINITIALIZER] storage stopped
info|2025-10-10 02:14:05.264661|fisco-bcos-0x00007fc6c6ec7dc0|[g:1] [SYNC][id:87d00b98...]SyncMsgEngine stopped
info|2025-10-10 02:14:05.264688|fisco-bcos-0x00007fc6c6ec7dc0|[GossipBlockStatus]GossipBlockStatus already stopped
info|2025-10-10 02:14:05.264692|fisco-bcos-0x00007fc6c6ec7dc0|[SYNC][id:87d00b98...][g:1]SyncMaster stopped
info|2025-10-10 02:14:05.264707|fisco-bcos-0x00007fc6c6ec7dc0|[g:1] [SYNC][id:87d00b98...]SyncMsgEngine stopped
