info|2025-10-09 04:00:00.116114|Sync-1-0x00007f51f81f9700|[g:1][SYNC][id:87d00b98...]print sync info,peersCount=3,infoJson={"blockNumber":192,"genesisHash":"f0d3e67991e2c3d83533c031601c30c4741aba35d7d8017900779abe4ae22efe","isSyncing":false,"knownHighestNumber":192,"knownLatestHash":"466e07fc4a2b101ac923bc60198c8b90117775911a74d6ed2adaeb27c41eaeda","latestHash":"466e07fc4a2b101ac923bc60198c8b90117775911a74d6ed2adaeb27c41eaeda","nodeId":"87d00b98321fc70a5abc85ad9e80db10cce315194133697bf74aace1d3f8430957a766240f751752708f4282f46110d6ea56c3eb5d1c02ce98a66f327f595270","peers":[{"blockNumber":192,"genesisHash":"f0d3e67991e2c3d83533c031601c30c4741aba35d7d8017900779abe4ae22efe","latestHash":"466e07fc4a2b101ac923bc60198c8b90117775911a74d6ed2adaeb27c41eaeda","nodeId":"064cb676a36047a4b52ecbf9c01664b1e987d91b438110ba6a12d96972726622e824d295b1de8b0298b5afe7bbbc0bd04a3890e1a36eae028c1cfbe07971b995"},{"blockNumber":175,"genesisHash":"f0d3e67991e2c3d83533c031601c30c4741aba35d7d8017900779abe4ae22efe","latestHash":"ef824bacbd317ca2e11cfbcd642f933301da3b3e1d15ef13baed3ab93c0edd7c","nodeId":"374bdfe969e1d8ea1200ade93e5d8cf1a7d5741f238011004b0f43ca818706f194b2f067e1708125f7ffc536610b9a72addbd56b238d65f18912be39037ffcc5"},{"blockNumber":192,"genesisHash":"f0d3e67991e2c3d83533c031601c30c4741aba35d7d8017900779abe4ae22efe","latestHash":"466e07fc4a2b101ac923bc60198c8b90117775911a74d6ed2adaeb27c41eaeda","nodeId":"73994dae9e8b8da733108a4153dfe79151d701dff425f84c87b5324e8ebd02ab6a0ebc9e4f1e0298a7ddca50f94a8f95c62b6997226d571e470e8f2b0600634a"}],"protocolId":65545,"txPoolSize":"0"}
info|2025-10-09 04:00:00.513091|PBFT-1-0x00007f51f69f6700|[g:1][CONSENSUS]addRawPrepare,height=193,reqIdx=0,hash=fce96781...,time=0
info|2025-10-09 04:00:00.516044|PBFT-1-0x00007f51f69f6700|[g:1][CONSENSUS][PBFT]checkTimeout Succ,view=192,toView=193,nodeIdx=3,changeCycle=1,myNode=87d00b98...,timecost=3
info|2025-10-09 04:00:00.519220|PBFT-1-0x00007f51f69f6700|[g:1][CONSENSUS][PBFT]checkAndChangeView: Reach consensus,org_view=192,cur_changeCycle=1,curView=192,view=193
warning|2025-10-09 04:00:05.020871|PBFT-1-0x00007f51f69f6700|[g:1][CONSENSUS][PBFT]ViewChangeWarning: not caused by omit empty block ,v=193,toV=194,curNum=192,hash=466e07fc...,nodeIdx=3,myNode=87d00b98...
info|2025-10-09 04:00:05.021114|PBFT-1-0x00007f51f69f6700|[g:1][CONSENSUS][PBFT]checkTimeout Succ,view=193,toView=194,nodeIdx=3,changeCycle=2,myNode=87d00b98...,timecost=2
info|2025-10-09 04:00:05.027671|PBFT-1-0x00007f51f69f6700|[g:1][CONSENSUS][PBFT]checkAndChangeView: Reach consensus,org_view=193,cur_changeCycle=2,curView=193,view=194
info|2025-10-09 04:00:05.593036|io_service-0x00007f5210a2a700|[P2P][Service] heartBeat,connected count=3
info|2025-10-09 04:00:06.033128|PBFT-1-0x00007f51f69f6700|[g:1][CONSENSUS]addRawPrepare,height=193,reqIdx=2,hash=4b290267...,time=0
info|2025-10-09 04:00:06.035044|PBFT-1-0x00007f51f69f6700|[g:1][CONSENSUS][PBFT]checkTimeout Succ,view=194,toView=195,nodeIdx=3,changeCycle=1,myNode=87d00b98...,timecost=2
info|2025-10-09 04:00:06.041800|PBFT-1-0x00007f51f69f6700|[g:1][CONSENSUS][PBFT]checkAndChangeView: Reach consensus,org_view=194,cur_changeCycle=1,curView=194,view=195
info|2025-10-09 04:00:07.041632|PBFTSeal-1-0x00007f51ef1e7700|[g:1][CONSENSUS][SEALER]++++++++++++++++ Generating seal on,blkNum=193,tx=0,nodeIdx=3,hash=d39e7d78...
info|2025-10-09 04:00:07.048548|PBFT-1-0x00007f51f69f6700|[g:1][CONSENSUS][PBFT]checkTimeout Succ,view=195,toView=196,nodeIdx=3,changeCycle=1,myNode=87d00b98...,timecost=1
info|2025-10-09 04:00:07.053184|PBFT-1-0x00007f51f69f6700|[g:1][CONSENSUS][PBFT]checkAndChangeView: Reach consensus,org_view=195,cur_changeCycle=1,curView=195,view=196
info|2025-10-09 04:00:08.060992|PBFT-1-0x00007f51f69f6700|[g:1][CONSENSUS]addRawPrepare,height=193,reqIdx=0,hash=a3ee886a...,time=1
info|2025-10-09 04:00:08.063845|PBFT-1-0x00007f51f69f6700|[g:1][CONSENSUS][PBFT]checkTimeout Succ,view=196,toView=197,nodeIdx=3,changeCycle=1,myNode=87d00b98...,timecost=2
info|2025-10-09 04:00:08.070211|PBFT-1-0x00007f51f69f6700|[g:1][CONSENSUS][PBFT]checkAndChangeView: Reach consensus,org_view=196,cur_changeCycle=1,curView=196,view=197
warning|2025-10-09 04:00:12.573052|PBFT-1-0x00007f51f69f6700|[g:1][CONSENSUS][PBFT]ViewChangeWarning: not caused by omit empty block ,v=197,toV=198,curNum=192,hash=466e07fc...,nodeIdx=3,myNode=87d00b98...
info|2025-10-09 04:00:12.573255|PBFT-1-0x00007f51f69f6700|[g:1][CONSENSUS][PBFT]checkTimeout Succ,view=197,toView=198,nodeIdx=3,changeCycle=2,myNode=87d00b98...,timecost=2
info|2025-10-09 04:00:12.581380|PBFT-1-0x00007f51f69f6700|[g:1][CONSENSUS][PBFT]checkAndChangeView: Reach consensus,org_view=197,cur_changeCycle=2,curView=197,view=198
info|2025-10-09 04:00:13.583070|PBFT-1-0x00007f51f69f6700|[g:1][CONSENSUS]addRawPrepare,height=193,reqIdx=2,hash=9c55ebe1...,time=0
info|2025-10-09 04:00:13.590558|PBFT-1-0x00007f51f69f6700|[g:1][CONSENSUS][PBFT]checkTimeout Succ,view=198,toView=199,nodeIdx=3,changeCycle=1,myNode=87d00b98...,timecost=7
info|2025-10-09 04:00:13.593448|PBFT-1-0x00007f51f69f6700|[g:1][CONSENSUS][PBFT]checkAndChangeView: Reach consensus,org_view=198,cur_changeCycle=1,curView=198,view=199
info|2025-10-09 04:00:14.594236|PBFTSeal-1-0x00007f51ef1e7700|[g:1][CONSENSUS][SEALER]++++++++++++++++ Generating seal on,blkNum=193,tx=0,nodeIdx=3,hash=e09c801e...
info|2025-10-09 04:00:14.598633|PBFT-1-0x00007f51f69f6700|[g:1][CONSENSUS][PBFT]checkTimeout Succ,view=199,toView=200,nodeIdx=3,changeCycle=1,myNode=87d00b98...,timecost=1
info|2025-10-09 04:00:14.613520|PBFT-1-0x00007f51f69f6700|[g:1][CONSENSUS][PBFT]checkAndChangeView: Reach consensus,org_view=199,cur_changeCycle=1,curView=199,view=200
info|2025-10-09 04:00:15.593593|io_service-0x00007f5210a2a700|[P2P][Service] heartBeat,connected count=3
info|2025-10-09 04:00:15.627446|PBFT-1-0x00007f51f69f6700|[g:1][CONSENSUS]addRawPrepare,height=193,reqIdx=0,hash=43a40494...,time=0
info|2025-10-09 04:00:15.633644|PBFT-1-0x00007f51f69f6700|[g:1][CONSENSUS][PBFT]checkTimeout Succ,view=200,toView=201,nodeIdx=3,changeCycle=1,myNode=87d00b98...,timecost=1
info|2025-10-09 04:00:15.643661|PBFT-1-0x00007f51f69f6700|[g:1][CONSENSUS][PBFT]checkAndChangeView: Reach consensus,org_view=200,cur_changeCycle=1,curView=200,view=201
warning|2025-10-09 04:00:20.148750|PBFT-1-0x00007f51f69f6700|[g:1][CONSENSUS][PBFT]ViewChangeWarning: not caused by omit empty block ,v=201,toV=202,curNum=192,hash=466e07fc...,nodeIdx=3,myNode=87d00b98...
info|2025-10-09 04:00:20.151649|PBFT-1-0x00007f51f69f6700|[g:1][CONSENSUS][PBFT]checkTimeout Succ,view=201,toView=202,nodeIdx=3,changeCycle=2,myNode=87d00b98...,timecost=4
info|2025-10-09 04:00:20.173096|PBFT-1-0x00007f51f69f6700|[g:1][CONSENSUS][PBFT]checkAndChangeView: Reach consensus,org_view=201,cur_changeCycle=2,curView=201,view=202
info|2025-10-09 04:00:21.173693|PBFT-1-0x00007f51f69f6700|[g:1][CONSENSUS]addRawPrepare,height=193,reqIdx=2,hash=e1f71074...,time=0
info|2025-10-09 04:00:21.177912|PBFT-1-0x00007f51f69f6700|[g:1][CONSENSUS][PBFT]checkTimeout Succ,view=202,toView=203,nodeIdx=3,changeCycle=1,myNode=87d00b98...,timecost=5
info|2025-10-09 04:00:21.182015|PBFT-1-0x00007f51f69f6700|[g:1][CONSENSUS][PBFT]checkAndChangeView: Reach consensus,org_view=202,cur_changeCycle=1,curView=202,view=203
info|2025-10-09 04:00:22.181865|PBFTSeal-1-0x00007f51ef1e7700|[g:1][CONSENSUS][SEALER]++++++++++++++++ Generating seal on,blkNum=193,tx=0,nodeIdx=3,hash=d8d6300d...
info|2025-10-09 04:00:22.191307|PBFT-1-0x00007f51f69f6700|[g:1][CONSENSUS][PBFT]checkTimeout Succ,view=203,toView=204,nodeIdx=3,changeCycle=1,myNode=87d00b98...,timecost=8
info|2025-10-09 04:00:22.203722|PBFT-1-0x00007f51f69f6700|[g:1][CONSENSUS][PBFT]checkAndChangeView: Reach consensus,org_view=203,cur_changeCycle=1,curView=203,view=204
info|2025-10-09 04:00:23.209181|PBFT-1-0x00007f51f69f6700|[g:1][CONSENSUS]addRawPrepare,height=193,reqIdx=0,hash=56b5a88d...,time=0
info|2025-10-09 04:00:23.216006|PBFT-1-0x00007f51f69f6700|[g:1][CONSENSUS][PBFT]checkTimeout Succ,view=204,toView=205,nodeIdx=3,changeCycle=1,myNode=87d00b98...,timecost=7
info|2025-10-09 04:00:23.220105|PBFT-1-0x00007f51f69f6700|[g:1][CONSENSUS][PBFT]checkAndChangeView: Reach consensus,org_view=204,cur_changeCycle=1,curView=204,view=205
info|2025-10-09 04:00:25.594221|io_service-0x00007f5210a2a700|[P2P][Service] heartBeat,connected count=3
warning|2025-10-09 04:00:27.726217|PBFT-1-0x00007f51f69f6700|[g:1][CONSENSUS][PBFT]ViewChangeWarning: not caused by omit empty block ,v=205,toV=206,curNum=192,hash=466e07fc...,nodeIdx=3,myNode=87d00b98...
info|2025-10-09 04:00:27.726404|PBFT-1-0x00007f51f69f6700|[g:1][CONSENSUS][PBFT]checkTimeout Succ,view=205,toView=206,nodeIdx=3,changeCycle=2,myNode=87d00b98...,timecost=2
info|2025-10-09 04:00:27.728390|PBFT-1-0x00007f51f69f6700|[g:1][CONSENSUS][PBFT]checkAndChangeView: Reach consensus,org_view=205,cur_changeCycle=2,curView=205,view=206
info|2025-10-09 04:00:28.782964|PBFT-1-0x00007f51f69f6700|[g:1][CONSENSUS]addRawPrepare,height=193,reqIdx=2,hash=5ba5b1d4...,time=0
info|2025-10-09 04:00:28.793411|PBFT-1-0x00007f51f69f6700|[g:1][CONSENSUS][PBFT]checkTimeout Succ,view=206,toView=207,nodeIdx=3,changeCycle=1,myNode=87d00b98...,timecost=4
info|2025-10-09 04:00:28.798413|PBFT-1-0x00007f51f69f6700|[g:1][CONSENSUS][PBFT]checkAndChangeView: Reach consensus,org_view=206,cur_changeCycle=1,curView=206,view=207
info|2025-10-09 04:00:29.801485|PBFTSeal-1-0x00007f51ef1e7700|[g:1][CONSENSUS][SEALER]++++++++++++++++ Generating seal on,blkNum=193,tx=0,nodeIdx=3,hash=bb77529a...
info|2025-10-09 04:00:29.814070|PBFT-1-0x00007f51f69f6700|[g:1][CONSENSUS][PBFT]checkTimeout Succ,view=207,toView=208,nodeIdx=3,changeCycle=1,myNode=87d00b98...,timecost=3
info|2025-10-09 04:00:29.816325|PBFT-1-0x00007f51f69f6700|[g:1][CONSENSUS][PBFT]checkAndChangeView: Reach consensus,org_view=207,cur_changeCycle=1,curView=207,view=208
info|2025-10-09 04:00:30.825689|PBFT-1-0x00007f51f69f6700|[g:1][CONSENSUS]addRawPrepare,height=193,reqIdx=0,hash=17d5bee2...,time=0
info|2025-10-09 04:00:30.827891|PBFT-1-0x00007f51f69f6700|[g:1][CONSENSUS][PBFT]checkTimeout Succ,view=208,toView=209,nodeIdx=3,changeCycle=1,myNode=87d00b98...,timecost=1
info|2025-10-09 04:00:30.836181|PBFT-1-0x00007f51f69f6700|[g:1][CONSENSUS][PBFT]checkAndChangeView: Reach consensus,org_view=208,cur_changeCycle=1,curView=208,view=209
warning|2025-10-09 04:00:35.345924|PBFT-1-0x00007f51f69f6700|[g:1][CONSENSUS][PBFT]ViewChangeWarning: not caused by omit empty block ,v=209,toV=210,curNum=192,hash=466e07fc...,nodeIdx=3,myNode=87d00b98...
info|2025-10-09 04:00:35.348059|PBFT-1-0x00007f51f69f6700|[g:1][CONSENSUS][PBFT]checkTimeout Succ,view=209,toView=210,nodeIdx=3,changeCycle=2,myNode=87d00b98...,timecost=4
info|2025-10-09 04:00:35.356161|PBFT-1-0x00007f51f69f6700|[g:1][CONSENSUS][PBFT]checkAndChangeView: Reach consensus,org_view=209,cur_changeCycle=2,curView=209,view=210
info|2025-10-09 04:00:35.594720|io_service-0x00007f5210a2a700|[P2P][Service] heartBeat,connected count=3
info|2025-10-09 04:00:36.349452|P2P-0x00007f521222d700|[g:1] [SYNC][id:87d00b98...][Download][Request]Receive block request,peer=374bdfe9...,from=176,to=176
info|2025-10-09 04:00:36.350236|SyncSend-1-0x00007f520320f700|[g:1][SYNC][id:87d00b98...][Download][Request][BlockSync]Batch blocks for sending,blockSize=1981,number=176,peer=374bdfe9...,timeCost=0
info|2025-10-09 04:00:36.350282|SyncSend-1-0x00007f520320f700|[g:1][g:1] [SYNC][id:374bdfe9...][Download][Request][BlockSync]Send block packet,peer=374bdfe9...,blocks=1,bytes(V)=1988
info|2025-10-09 04:00:36.369884|PBFT-1-0x00007f51f69f6700|[g:1][CONSENSUS]addRawPrepare,height=193,reqIdx=2,hash=d3eb87f4...,time=0
info|2025-10-09 04:00:36.375790|PBFT-1-0x00007f51f69f6700|[g:1][CONSENSUS][PBFT]checkTimeout Succ,view=210,toView=211,nodeIdx=3,changeCycle=1,myNode=87d00b98...,timecost=6
info|2025-10-09 04:00:36.379738|PBFT-1-0x00007f51f69f6700|[g:1][CONSENSUS][PBFT]checkAndChangeView: Reach consensus,org_view=210,cur_changeCycle=1,curView=210,view=211
info|2025-10-09 04:00:37.381650|PBFTSeal-1-0x00007f51ef1e7700|[g:1][CONSENSUS][SEALER]++++++++++++++++ Generating seal on,blkNum=193,tx=0,nodeIdx=3,hash=aeeb4f0b...
info|2025-10-09 04:00:37.384785|PBFT-1-0x00007f51f69f6700|[g:1][CONSENSUS][PBFT]checkTimeout Succ,view=211,toView=212,nodeIdx=3,changeCycle=1,myNode=87d00b98...,timecost=1
info|2025-10-09 04:00:37.393286|PBFT-1-0x00007f51f69f6700|[g:1][CONSENSUS][PBFT]checkAndChangeView: Reach consensus,org_view=211,cur_changeCycle=1,curView=211,view=212
info|2025-10-09 04:00:38.401727|PBFT-1-0x00007f51f69f6700|[g:1][CONSENSUS]addRawPrepare,height=193,reqIdx=0,hash=2df730d3...,time=0
info|2025-10-09 04:00:38.403210|PBFT-1-0x00007f51f69f6700|[g:1][CONSENSUS][PBFT]checkTimeout Succ,view=212,toView=213,nodeIdx=3,changeCycle=1,myNode=87d00b98...,timecost=2
info|2025-10-09 04:00:38.409477|PBFT-1-0x00007f51f69f6700|[g:1][CONSENSUS][PBFT]checkAndChangeView: Reach consensus,org_view=212,cur_changeCycle=1,curView=212,view=213
info|2025-10-09 04:00:42.759851|P2P-0x00007f521222d700|[g:1] [SYNC][id:87d00b98...][Download][Request]Receive block request,peer=374bdfe9...,from=176,to=176
info|2025-10-09 04:00:42.760184|SyncSend-1-0x00007f520320f700|[g:1][SYNC][id:87d00b98...][Download][Request][BlockSync]Batch blocks for sending,blockSize=1981,number=176,peer=374bdfe9...,timeCost=0
info|2025-10-09 04:00:42.760270|SyncSend-1-0x00007f520320f700|[g:1][g:1] [SYNC][id:374bdfe9...][Download][Request][BlockSync]Send block packet,peer=374bdfe9...,blocks=1,bytes(V)=1988
warning|2025-10-09 04:00:42.916245|PBFT-1-0x00007f51f69f6700|[g:1][CONSENSUS][PBFT]ViewChangeWarning: not caused by omit empty block ,v=213,toV=214,curNum=192,hash=466e07fc...,nodeIdx=3,myNode=87d00b98...
info|2025-10-09 04:00:42.916893|PBFT-1-0x00007f51f69f6700|[g:1][CONSENSUS][PBFT]checkTimeout Succ,view=213,toView=214,nodeIdx=3,changeCycle=2,myNode=87d00b98...,timecost=2
info|2025-10-09 04:00:42.919631|PBFT-1-0x00007f51f69f6700|[g:1][CONSENSUS][PBFT]checkAndChangeView: Reach consensus,org_view=213,cur_changeCycle=2,curView=213,view=214
info|2025-10-09 04:00:43.925937|PBFT-1-0x00007f51f69f6700|[g:1][CONSENSUS]addRawPrepare,height=193,reqIdx=2,hash=561e4d50...,time=0
info|2025-10-09 04:00:43.931406|PBFT-1-0x00007f51f69f6700|[g:1][CONSENSUS][PBFT]checkTimeout Succ,view=214,toView=215,nodeIdx=3,changeCycle=1,myNode=87d00b98...,timecost=6
info|2025-10-09 04:00:43.938908|PBFT-1-0x00007f51f69f6700|[g:1][CONSENSUS][PBFT]checkAndChangeView: Reach consensus,org_view=214,cur_changeCycle=1,curView=214,view=215
info|2025-10-09 04:00:44.939701|PBFTSeal-1-0x00007f51ef1e7700|[g:1][CONSENSUS][SEALER]++++++++++++++++ Generating seal on,blkNum=193,tx=0,nodeIdx=3,hash=b9f33553...
info|2025-10-09 04:00:44.942143|PBFT-1-0x00007f51f69f6700|[g:1][CONSENSUS][PBFT]checkTimeout Succ,view=215,toView=216,nodeIdx=3,changeCycle=1,myNode=87d00b98...,timecost=1
info|2025-10-09 04:00:44.957375|PBFT-1-0x00007f51f69f6700|[g:1][CONSENSUS][PBFT]checkAndChangeView: Reach consensus,org_view=215,cur_changeCycle=1,curView=215,view=216
info|2025-10-09 04:00:45.595820|io_service-0x00007f5210a2a700|[P2P][Service] heartBeat,connected count=3
info|2025-10-09 04:00:45.961423|PBFT-1-0x00007f51f69f6700|[g:1][CONSENSUS]addRawPrepare,height=193,reqIdx=0,hash=fdcbc92c...,time=0
info|2025-10-09 04:00:45.966213|PBFT-1-0x00007f51f69f6700|[g:1][CONSENSUS][PBFT]checkTimeout Succ,view=216,toView=217,nodeIdx=3,changeCycle=1,myNode=87d00b98...,timecost=5
info|2025-10-09 04:00:46.004015|PBFT-1-0x00007f51f69f6700|[g:1][CONSENSUS][PBFT]checkAndChangeView: Reach consensus,org_view=216,cur_changeCycle=1,curView=216,view=217
warning|2025-10-09 04:00:50.510081|PBFT-1-0x00007f51f69f6700|[g:1][CONSENSUS][PBFT]ViewChangeWarning: not caused by omit empty block ,v=217,toV=218,curNum=192,hash=466e07fc...,nodeIdx=3,myNode=87d00b98...
info|2025-10-09 04:00:50.511601|PBFT-1-0x00007f51f69f6700|[g:1][CONSENSUS][PBFT]checkTimeout Succ,view=217,toView=218,nodeIdx=3,changeCycle=2,myNode=87d00b98...,timecost=3
info|2025-10-09 04:00:50.515825|PBFT-1-0x00007f51f69f6700|[g:1][CONSENSUS][PBFT]checkAndChangeView: Reach consensus,org_view=217,cur_changeCycle=2,curView=217,view=218
info|2025-10-09 04:00:51.522819|PBFT-1-0x00007f51f69f6700|[g:1][CONSENSUS]addRawPrepare,height=193,reqIdx=2,hash=f03738fc...,time=0
info|2025-10-09 04:00:51.524496|PBFT-1-0x00007f51f69f6700|[g:1][CONSENSUS][PBFT]checkTimeout Succ,view=218,toView=219,nodeIdx=3,changeCycle=1,myNode=87d00b98...,timecost=2
info|2025-10-09 04:00:51.533293|PBFT-1-0x00007f51f69f6700|[g:1][CONSENSUS][PBFT]checkAndChangeView: Reach consensus,org_view=218,cur_changeCycle=1,curView=218,view=219
info|2025-10-09 04:00:52.534493|PBFTSeal-1-0x00007f51ef1e7700|[g:1][CONSENSUS][SEALER]++++++++++++++++ Generating seal on,blkNum=193,tx=0,nodeIdx=3,hash=1ee6ab39...
info|2025-10-09 04:00:52.541382|PBFT-1-0x00007f51f69f6700|[g:1][CONSENSUS][PBFT]checkTimeout Succ,view=219,toView=220,nodeIdx=3,changeCycle=1,myNode=87d00b98...,timecost=2
info|2025-10-09 04:00:52.543993|PBFT-1-0x00007f51f69f6700|[g:1][CONSENSUS][PBFT]checkAndChangeView: Reach consensus,org_view=219,cur_changeCycle=1,curView=219,view=220
info|2025-10-09 04:00:53.550113|PBFT-1-0x00007f51f69f6700|[g:1][CONSENSUS]addRawPrepare,height=193,reqIdx=0,hash=e8311e16...,time=0
info|2025-10-09 04:00:53.552215|PBFT-1-0x00007f51f69f6700|[g:1][CONSENSUS][PBFT]checkTimeout Succ,view=220,toView=221,nodeIdx=3,changeCycle=1,myNode=87d00b98...,timecost=2
info|2025-10-09 04:00:53.556981|PBFT-1-0x00007f51f69f6700|[g:1][CONSENSUS][PBFT]checkAndChangeView: Reach consensus,org_view=220,cur_changeCycle=1,curView=220,view=221
info|2025-10-09 04:00:55.596101|io_service-0x00007f5210a2a700|[P2P][Service] heartBeat,connected count=3
warning|2025-10-09 04:00:58.064912|PBFT-1-0x00007f51f69f6700|[g:1][CONSENSUS][PBFT]ViewChangeWarning: not caused by omit empty block ,v=221,toV=222,curNum=192,hash=466e07fc...,nodeIdx=3,myNode=87d00b98...
info|2025-10-09 04:00:58.067833|PBFT-1-0x00007f51f69f6700|[g:1][CONSENSUS][PBFT]checkTimeout Succ,view=221,toView=222,nodeIdx=3,changeCycle=2,myNode=87d00b98...,timecost=4
info|2025-10-09 04:00:58.078858|PBFT-1-0x00007f51f69f6700|[g:1][CONSENSUS][PBFT]checkAndChangeView: Reach consensus,org_view=221,cur_changeCycle=2,curView=221,view=222
info|2025-10-09 04:00:59.088499|PBFT-1-0x00007f51f69f6700|[g:1][CONSENSUS]addRawPrepare,height=193,reqIdx=2,hash=70e550a7...,time=2
info|2025-10-09 04:00:59.091615|PBFT-1-0x00007f51f69f6700|[g:1][CONSENSUS][PBFT]checkTimeout Succ,view=222,toView=223,nodeIdx=3,changeCycle=1,myNode=87d00b98...,timecost=1
info|2025-10-09 04:00:59.095982|PBFT-1-0x00007f51f69f6700|[g:1][CONSENSUS][PBFT]checkAndChangeView: Reach consensus,org_view=222,cur_changeCycle=1,curView=222,view=223
info|2025-10-09 04:01:00.098664|PBFTSeal-1-0x00007f51ef1e7700|[g:1][CONSENSUS][SEALER]++++++++++++++++ Generating seal on,blkNum=193,tx=0,nodeIdx=3,hash=e1c35357...
info|2025-10-09 04:01:00.105992|PBFT-1-0x00007f51f69f6700|[g:1][CONSENSUS][PBFT]checkTimeout Succ,view=223,toView=224,nodeIdx=3,changeCycle=1,myNode=87d00b98...,timecost=2
info|2025-10-09 04:01:00.108893|PBFT-1-0x00007f51f69f6700|[g:1][CONSENSUS][PBFT]checkAndChangeView: Reach consensus,org_view=223,cur_changeCycle=1,curView=223,view=224
info|2025-10-09 04:01:01.114557|PBFT-1-0x00007f51f69f6700|[g:1][CONSENSUS]addRawPrepare,height=193,reqIdx=0,hash=5453f22b...,time=0
info|2025-10-09 04:01:01.116868|PBFT-1-0x00007f51f69f6700|[g:1][CONSENSUS][PBFT]checkTimeout Succ,view=224,toView=225,nodeIdx=3,changeCycle=1,myNode=87d00b98...,timecost=2
info|2025-10-09 04:01:01.119590|PBFT-1-0x00007f51f69f6700|[g:1][CONSENSUS][PBFT]checkAndChangeView: Reach consensus,org_view=224,cur_changeCycle=1,curView=224,view=225
info|2025-10-09 04:01:02.168317|P2P-0x00007f5211a2c700|[g:1] [SYNC][id:87d00b98...][Download][Request]Receive block request,peer=374bdfe9...,from=176,to=176
info|2025-10-09 04:01:02.168714|SyncSend-1-0x00007f520320f700|[g:1][SYNC][id:87d00b98...][Download][Request][BlockSync]Batch blocks for sending,blockSize=1981,number=176,peer=374bdfe9...,timeCost=0
info|2025-10-09 04:01:02.168780|SyncSend-1-0x00007f520320f700|[g:1][g:1] [SYNC][id:374bdfe9...][Download][Request][BlockSync]Send block packet,peer=374bdfe9...,blocks=1,bytes(V)=1988
info|2025-10-09 04:01:05.596791|io_service-0x00007f5210a2a700|[P2P][Service] heartBeat,connected count=3
warning|2025-10-09 04:01:05.624916|PBFT-1-0x00007f51f69f6700|[g:1][CONSENSUS][PBFT]ViewChangeWarning: not caused by omit empty block ,v=225,toV=226,curNum=192,hash=466e07fc...,nodeIdx=3,myNode=87d00b98...
info|2025-10-09 04:01:05.625066|PBFT-1-0x00007f51f69f6700|[g:1][CONSENSUS][PBFT]checkTimeout Succ,view=225,toView=226,nodeIdx=3,changeCycle=2,myNode=87d00b98...,timecost=2
info|2025-10-09 04:01:05.636093|PBFT-1-0x00007f51f69f6700|[g:1][CONSENSUS][PBFT]checkAndChangeView: Reach consensus,org_view=225,cur_changeCycle=2,curView=225,view=226
info|2025-10-09 04:01:06.639771|PBFT-1-0x00007f51f69f6700|[g:1][CONSENSUS]addRawPrepare,height=193,reqIdx=2,hash=d6923fd3...,time=0
info|2025-10-09 04:01:06.642201|PBFT-1-0x00007f51f69f6700|[g:1][CONSENSUS][PBFT]checkTimeout Succ,view=226,toView=227,nodeIdx=3,changeCycle=1,myNode=87d00b98...,timecost=3
info|2025-10-09 04:01:06.650941|PBFT-1-0x00007f51f69f6700|[g:1][CONSENSUS][PBFT]checkAndChangeView: Reach consensus,org_view=226,cur_changeCycle=1,curView=226,view=227
info|2025-10-09 04:01:07.709932|PBFTSeal-1-0x00007f51ef1e7700|[g:1][CONSENSUS][SEALER]++++++++++++++++ Generating seal on,blkNum=193,tx=0,nodeIdx=3,hash=9ed5a905...
info|2025-10-09 04:01:07.717058|PBFT-1-0x00007f51f69f6700|[g:1][CONSENSUS][PBFT]checkTimeout Succ,view=227,toView=228,nodeIdx=3,changeCycle=1,myNode=87d00b98...,timecost=3
info|2025-10-09 04:01:07.724202|PBFT-1-0x00007f51f69f6700|[g:1][CONSENSUS][PBFT]checkAndChangeView: Reach consensus,org_view=227,cur_changeCycle=1,curView=227,view=228
info|2025-10-09 04:01:08.711265|P2P-0x00007f521222d700|[g:1] [SYNC][id:87d00b98...][Download][Request]Receive block request,peer=374bdfe9...,from=176,to=176
info|2025-10-09 04:01:08.711628|SyncSend-1-0x00007f520320f700|[g:1][SYNC][id:87d00b98...][Download][Request][BlockSync]Batch blocks for sending,blockSize=1981,number=176,peer=374bdfe9...,timeCost=0
info|2025-10-09 04:01:08.711689|SyncSend-1-0x00007f520320f700|[g:1][g:1] [SYNC][id:374bdfe9...][Download][Request][BlockSync]Send block packet,peer=374bdfe9...,blocks=1,bytes(V)=1988
info|2025-10-09 04:01:08.727249|PBFT-1-0x00007f51f69f6700|[g:1][CONSENSUS]addRawPrepare,height=193,reqIdx=0,hash=8fbefce9...,time=0
info|2025-10-09 04:01:08.729649|PBFT-1-0x00007f51f69f6700|[g:1][CONSENSUS][PBFT]checkTimeout Succ,view=228,toView=229,nodeIdx=3,changeCycle=1,myNode=87d00b98...,timecost=2
info|2025-10-09 04:01:08.732846|PBFT-1-0x00007f51f69f6700|[g:1][CONSENSUS][PBFT]checkAndChangeView: Reach consensus,org_view=228,cur_changeCycle=1,curView=228,view=229
warning|2025-10-09 04:01:13.239742|PBFT-1-0x00007f51f69f6700|[g:1][CONSENSUS][PBFT]ViewChangeWarning: not caused by omit empty block ,v=229,toV=230,curNum=192,hash=466e07fc...,nodeIdx=3,myNode=87d00b98...
info|2025-10-09 04:01:13.242265|PBFT-1-0x00007f51f69f6700|[g:1][CONSENSUS][PBFT]checkTimeout Succ,view=229,toView=230,nodeIdx=3,changeCycle=2,myNode=87d00b98...,timecost=4
info|2025-10-09 04:01:13.246357|PBFT-1-0x00007f51f69f6700|[g:1][CONSENSUS][PBFT]checkAndChangeView: Reach consensus,org_view=229,cur_changeCycle=2,curView=229,view=230
info|2025-10-09 04:01:14.249047|PBFT-1-0x00007f51f69f6700|[g:1][CONSENSUS]addRawPrepare,height=193,reqIdx=2,hash=393ff61b...,time=0
info|2025-10-09 04:01:14.256477|PBFT-1-0x00007f51f69f6700|[g:1][CONSENSUS][PBFT]checkTimeout Succ,view=230,toView=231,nodeIdx=3,changeCycle=1,myNode=87d00b98...,timecost=7
info|2025-10-09 04:01:14.261072|PBFT-1-0x00007f51f69f6700|[g:1][CONSENSUS][PBFT]checkAndChangeView: Reach consensus,org_view=230,cur_changeCycle=1,curView=230,view=231
info|2025-10-09 04:01:15.262430|PBFTSeal-1-0x00007f51ef1e7700|[g:1][CONSENSUS][SEALER]++++++++++++++++ Generating seal on,blkNum=193,tx=0,nodeIdx=3,hash=e7e49cf2...
info|2025-10-09 04:01:15.271544|PBFT-1-0x00007f51f69f6700|[g:1][CONSENSUS][PBFT]checkTimeout Succ,view=231,toView=232,nodeIdx=3,changeCycle=1,myNode=87d00b98...,timecost=2
info|2025-10-09 04:01:15.279655|PBFT-1-0x00007f51f69f6700|[g:1][CONSENSUS][PBFT]checkAndChangeView: Reach consensus,org_view=231,cur_changeCycle=1,curView=231,view=232
info|2025-10-09 04:01:15.597324|io_service-0x00007f5210a2a700|[P2P][Service] heartBeat,connected count=3
info|2025-10-09 04:01:16.294222|PBFT-1-0x00007f51f69f6700|[g:1][CONSENSUS]addRawPrepare,height=193,reqIdx=0,hash=5dcc9f86...,time=0
info|2025-10-09 04:01:16.296676|PBFT-1-0x00007f51f69f6700|[g:1][CONSENSUS][PBFT]checkTimeout Succ,view=232,toView=233,nodeIdx=3,changeCycle=1,myNode=87d00b98...,timecost=2
info|2025-10-09 04:01:16.300702|PBFT-1-0x00007f51f69f6700|[g:1][CONSENSUS][PBFT]checkAndChangeView: Reach consensus,org_view=232,cur_changeCycle=1,curView=232,view=233
warning|2025-10-09 04:01:20.808618|PBFT-1-0x00007f51f69f6700|[g:1][CONSENSUS][PBFT]ViewChangeWarning: not caused by omit empty block ,v=233,toV=234,curNum=192,hash=466e07fc...,nodeIdx=3,myNode=87d00b98...
info|2025-10-09 04:01:20.808807|PBFT-1-0x00007f51f69f6700|[g:1][CONSENSUS][PBFT]checkTimeout Succ,view=233,toView=234,nodeIdx=3,changeCycle=2,myNode=87d00b98...,timecost=2
info|2025-10-09 04:01:20.815524|PBFT-1-0x00007f51f69f6700|[g:1][CONSENSUS][PBFT]checkAndChangeView: Reach consensus,org_view=233,cur_changeCycle=2,curView=233,view=234
info|2025-10-09 04:01:21.825449|PBFT-1-0x00007f51f69f6700|[g:1][CONSENSUS]addRawPrepare,height=193,reqIdx=2,hash=8b1b1ab4...,time=0
info|2025-10-09 04:01:21.830621|PBFT-1-0x00007f51f69f6700|[g:1][CONSENSUS][PBFT]checkTimeout Succ,view=234,toView=235,nodeIdx=3,changeCycle=1,myNode=87d00b98...,timecost=5
info|2025-10-09 04:01:21.836959|PBFT-1-0x00007f51f69f6700|[g:1][CONSENSUS][PBFT]checkAndChangeView: Reach consensus,org_view=234,cur_changeCycle=1,curView=234,view=235
info|2025-10-09 04:01:22.837084|PBFTSeal-1-0x00007f51ef1e7700|[g:1][CONSENSUS][SEALER]++++++++++++++++ Generating seal on,blkNum=193,tx=0,nodeIdx=3,hash=a5ba6c6f...
info|2025-10-09 04:01:22.840123|PBFT-1-0x00007f51f69f6700|[g:1][CONSENSUS][PBFT]checkTimeout Succ,view=235,toView=236,nodeIdx=3,changeCycle=1,myNode=87d00b98...,timecost=2
info|2025-10-09 04:01:22.855040|PBFT-1-0x00007f51f69f6700|[g:1][CONSENSUS][PBFT]checkAndChangeView: Reach consensus,org_view=235,cur_changeCycle=1,curView=235,view=236
info|2025-10-09 04:01:23.864613|PBFT-1-0x00007f51f69f6700|[g:1][CONSENSUS]addRawPrepare,height=193,reqIdx=0,hash=58368e38...,time=0
info|2025-10-09 04:01:23.868856|PBFT-1-0x00007f51f69f6700|[g:1][CONSENSUS][PBFT]checkTimeout Succ,view=236,toView=237,nodeIdx=3,changeCycle=1,myNode=87d00b98...,timecost=4
info|2025-10-09 04:01:23.872755|PBFT-1-0x00007f51f69f6700|[g:1][CONSENSUS][PBFT]checkAndChangeView: Reach consensus,org_view=236,cur_changeCycle=1,curView=236,view=237
info|2025-10-09 04:01:25.436175|fisco-bcos-0x00007f52137a3dc0|[LEDGER]stop sealer,groupID=1
info|2025-10-09 04:01:25.436219|fisco-bcos-0x00007f52137a3dc0|[CONSENSUS][SEALER]Stop sealer module...
info|2025-10-09 04:01:25.445318|fisco-bcos-0x00007f52137a3dc0|[CONSENSUS][ConsensusEngine][Stop ConsensusEngineBase]
info|2025-10-09 04:01:25.450191|fisco-bcos-0x00007f52137a3dc0|[CONSENSUS][ConsensusEngine]ConsensusEngineBase stopped
info|2025-10-09 04:01:25.450263|fisco-bcos-0x00007f52137a3dc0|[LEDGER]sealer stopped. stop sync,groupID=1
info|2025-10-09 04:01:25.452048|fisco-bcos-0x00007f52137a3dc0|[g:1] [SYNC][id:87d00b98...]SyncMsgEngine stopped
info|2025-10-09 04:01:25.556917|fisco-bcos-0x00007f52137a3dc0|[GossipBlockStatus]stop GossipBlockStatus succ
info|2025-10-09 04:01:25.597697|io_service-0x00007f5210a2a700|[P2P][Service] heartBeat,connected count=3
info|2025-10-09 04:01:25.737664|fisco-bcos-0x00007f52137a3dc0|[SYNC][id:87d00b98...][g:1]SyncMaster stopped
info|2025-10-09 04:01:25.737683|fisco-bcos-0x00007f52137a3dc0|[LEDGER]sync stopped. stop event filter manager,groupID=1
info|2025-10-09 04:01:25.838230|fisco-bcos-0x00007f52137a3dc0|[EVENT][EventLogFilterManager]stop
info|2025-10-09 04:01:25.838272|fisco-bcos-0x00007f52137a3dc0|[LEDGER]event filter manager stopped. stop tx pool,groupID=1
info|2025-10-09 04:01:25.839630|fisco-bcos-0x00007f52137a3dc0|[LEDGER]removeNetworkStatHandlerByGroupID and removeGroupBandwidthLimiter for service,groupID=1
info|2025-10-09 04:01:25.839688|fisco-bcos-0x00007f52137a3dc0|[CHANNEL]removeSDKAllowListByGroupId,groupId=1
info|2025-10-09 04:01:25.839722|fisco-bcos-0x00007f52137a3dc0|[INITIALIZER]ledgerInitializer stopped
info|2025-10-09 04:01:26.842774|fisco-bcos-0x00007f52137a3dc0|[INITIALIZER]ChannelRPCHttpServer deleted.
info|2025-10-09 04:01:26.843841|fisco-bcos-0x00007f52137a3dc0|[INITIALIZER]JsonrpcHttpServer deleted.
info|2025-10-09 04:01:26.843859|fisco-bcos-0x00007f52137a3dc0|[INITIALIZER]RPCInitializer stopped
info|2025-10-09 04:01:26.843890|io_service-0x00007f5210a2a700|[NETWORK][Host]Host exit
info|2025-10-09 04:01:26.846788|fisco-bcos-0x00007f52137a3dc0|[INITIALIZER]P2PInitializer stopped
info|2025-10-09 04:01:26.846851|fisco-bcos-0x00007f52137a3dc0|[LEDGER]stop sealer,groupID=1
info|2025-10-09 04:01:26.846859|fisco-bcos-0x00007f52137a3dc0|[LEDGER]sealer stopped. stop sync,groupID=1
info|2025-10-09 04:01:26.846867|fisco-bcos-0x00007f52137a3dc0|[g:1] [SYNC][id:87d00b98...]SyncMsgEngine stopped
info|2025-10-09 04:01:26.846878|fisco-bcos-0x00007f52137a3dc0|[GossipBlockStatus]GossipBlockStatus already stopped
info|2025-10-09 04:01:26.846885|fisco-bcos-0x00007f52137a3dc0|[SYNC][id:87d00b98...][g:1]SyncMaster stopped
info|2025-10-09 04:01:26.846889|fisco-bcos-0x00007f52137a3dc0|[LEDGER]sync stopped. stop event filter manager,groupID=1
info|2025-10-09 04:01:26.846893|fisco-bcos-0x00007f52137a3dc0|[LEDGER]event filter manager stopped. stop tx pool,groupID=1
info|2025-10-09 04:01:26.846899|fisco-bcos-0x00007f52137a3dc0|[LEDGER]removeNetworkStatHandlerByGroupID and removeGroupBandwidthLimiter for service,groupID=1
info|2025-10-09 04:01:26.846910|fisco-bcos-0x00007f52137a3dc0|[g:1][STORAGE][CachedStorage]Stopping flushStorage thread
info|2025-10-09 04:01:27.720164|fisco-bcos-0x00007f52137a3dc0|[g:1][STORAGE][CachedStorage]flushStorage thread stopped.
info|2025-10-09 04:01:27.720199|fisco-bcos-0x00007f52137a3dc0|[DBINITIALIZER] storage stopped
info|2025-10-09 04:01:27.955882|fisco-bcos-0x00007f52137a3dc0|[g:1] [SYNC][id:87d00b98...]SyncMsgEngine stopped
info|2025-10-09 04:01:27.955911|fisco-bcos-0x00007f52137a3dc0|[GossipBlockStatus]GossipBlockStatus already stopped
info|2025-10-09 04:01:27.955915|fisco-bcos-0x00007f52137a3dc0|[SYNC][id:87d00b98...][g:1]SyncMaster stopped
info|2025-10-09 04:01:27.955930|fisco-bcos-0x00007f52137a3dc0|[g:1] [SYNC][id:87d00b98...]SyncMsgEngine stopped
