info|2025-10-11 01:55:50.211963|fisco-bcos-0x00007fe0200f9dc0|[INITIALIZER][initGlobalConfig],enableCompress=true,compatibilityVersion=2.11.0,versionNumber=34275328,enableStat=false,chainId=1,useSMCrypto=true,IgnoreObserverWriteRequest=false
info|2025-10-11 01:55:50.224971|fisco-bcos-0x00007fe0200f9dc0|[INITIALIZER][SecureInitializerGM]get pub of node,nodeID=87d00b98321fc70a5abc85ad9e80db10cce315194133697bf74aace1d3f8430957a766240f751752708f4282f46110d6ea56c3eb5d1c02ce98a66f327f595270
info|2025-10-11 01:55:50.225879|fisco-bcos-0x00007fe0200f9dc0|[NETWORK][Host]Connecting to node,endpoint=127.0.0.1:30300
info|2025-10-11 01:55:50.226008|fisco-bcos-0x00007fe0200f9dc0|[NETWORK][Host]Connecting to node,endpoint=127.0.0.1:30301
info|2025-10-11 01:55:50.226072|fisco-bcos-0x00007fe0200f9dc0|[NETWORK][Host]Connecting to node,endpoint=127.0.0.1:30302
info|2025-10-11 01:55:50.226107|fisco-bcos-0x00007fe0200f9dc0|[NETWORK][Host]Connecting to node,endpoint=127.0.0.1:30303
info|2025-10-11 01:55:50.226516|fisco-bcos-0x00007fe0200f9dc0|[P2P][Service] heartBeat,connected count=0
info|2025-10-11 01:55:50.226592|fisco-bcos-0x00007fe0200f9dc0|[INITIALIZER][RPCInitializer],network_security.check_cert_issuer=true
info|2025-10-11 01:55:50.227709|fisco-bcos-0x00007fe0200f9dc0|[CHANNEL][ChannelServer::run],threadPoolSize=8
info|2025-10-11 01:55:50.227772|fisco-bcos-0x00007fe0200f9dc0|[CHANNEL]ChannelRPCServer started
info|2025-10-11 01:55:50.227777|fisco-bcos-0x00007fe0200f9dc0|[INITIALIZER][RPCInitializer: ChannelRPCHttpServer started.],disableDynamicGroup=false,uncheckGroupMember=false,threadSize=8
info|2025-10-11 01:55:50.227786|fisco-bcos-0x00007fe0200f9dc0|[INITIALIZER][LedgerInitializer]initConfig
info|2025-10-11 01:55:50.227800|fisco-bcos-0x00007fe0200f9dc0|[LedgerInitializer],groupConfigPath=conf/
info|2025-10-11 01:55:50.232027|io_service-0x00007fe01d380700|[NETWORK][Host]P2P StartAccept,Host=0.0.0.0:30302
info|2025-10-11 01:55:50.233331|io_service-0x00007fe01d380700|[NETWORK][ASIO]asyncResolveConnect,endpoint=127.0.0.1:30300
info|2025-10-11 01:55:50.233512|io_service-0x00007fe01d380700|[NETWORK][ASIO]asyncResolveConnect,endpoint=127.0.0.1:30301
info|2025-10-11 01:55:50.233628|io_service-0x00007fe01d380700|[NETWORK][ASIO]asyncResolveConnect,endpoint=127.0.0.1:30302
info|2025-10-11 01:55:50.233677|io_service-0x00007fe01d380700|[NETWORK][ASIO]asyncResolveConnect,endpoint=127.0.0.1:30303
info|2025-10-11 01:55:50.234641|io_service-0x00007fe01d380700|[NETWORK][Host]P2P Recv Connect, From=127.0.0.1:50806
info|2025-10-11 01:55:50.234694|io_service-0x00007fe01d380700|[NETWORK][Host]P2P StartAccept,Host=0.0.0.0:30302
info|2025-10-11 01:55:50.240909|fisco-bcos-0x00007fe0200f9dc0|[INITIALIZER][initSingleLedger] [GroupId], LedgerConstructor:  1,configFileName=conf/group.1.genesis,dataDir=data/
info|2025-10-11 01:55:50.241004|fisco-bcos-0x00007fe0200f9dc0|[g:1][LedgerParam][parseGenesisConfig]initConsensusConfig/initStorageConfig/initTxConfig,configFile=conf/group.1.genesis
info|2025-10-11 01:55:50.241022|fisco-bcos-0x00007fe0200f9dc0|[g:1][LedgerParam][initConsensusConfig],type=pbft,consensusTimeout=3,maxTxNum=1000,txGasLimit=300000000
info|2025-10-11 01:55:50.241041|fisco-bcos-0x00007fe0200f9dc0|[g:1][LedgerParam][parsePublicKeyListOfSection],sectionName=consensus,it.first=73994dae9e8b8da733108a4153dfe79151d701dff425f84c87b5324e8ebd02ab6a0ebc9e4f1e0298a7ddca50f94a8f95c62b6997226d571e470e8f2b0600634a
info|2025-10-11 01:55:50.241057|fisco-bcos-0x00007fe0200f9dc0|[g:1][LedgerParam][parsePublicKeyListOfSection],sectionName=consensus,it.first=374bdfe969e1d8ea1200ade93e5d8cf1a7d5741f238011004b0f43ca818706f194b2f067e1708125f7ffc536610b9a72addbd56b238d65f18912be39037ffcc5
info|2025-10-11 01:55:50.241072|fisco-bcos-0x00007fe0200f9dc0|[g:1][LedgerParam][parsePublicKeyListOfSection],sectionName=consensus,it.first=87d00b98321fc70a5abc85ad9e80db10cce315194133697bf74aace1d3f8430957a766240f751752708f4282f46110d6ea56c3eb5d1c02ce98a66f327f595270
info|2025-10-11 01:55:50.241087|fisco-bcos-0x00007fe0200f9dc0|[g:1][LedgerParam][parsePublicKeyListOfSection],sectionName=consensus,it.first=064cb676a36047a4b52ecbf9c01664b1e987d91b438110ba6a12d96972726622e824d295b1de8b0298b5afe7bbbc0bd04a3890e1a36eae028c1cfbe07971b995
info|2025-10-11 01:55:50.241094|fisco-bcos-0x00007fe0200f9dc0|[g:1][LedgerParam][parsePublicKeyListOfSection],totalPubKeySize=4
info|2025-10-11 01:55:50.241123|fisco-bcos-0x00007fe0200f9dc0|[g:1][LedgerParam][max_block_range],maxBlockRange=0,maxBlockPerProcess=3
info|2025-10-11 01:55:50.241130|fisco-bcos-0x00007fe0200f9dc0|[g:1][LedgerParam][parseGenesisConfig],timestamp=1759762229000
info|2025-10-11 01:55:50.241148|fisco-bcos-0x00007fe0200f9dc0|[g:1][LedgerParam]setEVMFlags,enableFreeStorageVMSchedule=false,evmFlags=0
info|2025-10-11 01:55:50.241167|fisco-bcos-0x00007fe0200f9dc0|[g:1][LedgerParam]store evmFlag,evmFlag=0
info|2025-10-11 01:55:50.241173|fisco-bcos-0x00007fe0200f9dc0|[g:1][LedgerParam]store consensus time,consensusTimeout=3
info|2025-10-11 01:55:50.241178|fisco-bcos-0x00007fe0200f9dc0|[g:1][LedgerParam][initMark],genesisMark=1-064cb676a36047a4b52ecbf9c01664b1e987d91b438110ba6a12d96972726622e824d295b1de8b0298b5afe7bbbc0bd04a3890e1a36eae028c1cfbe07971b995,374bdfe969e1d8ea1200ade93e5d8cf1a7d5741f238011004b0f43ca818706f194b2f067e1708125f7ffc536610b9a72addbd56b238d65f18912be39037ffcc5,73994dae9e8b8da733108a4153dfe79151d701dff425f84c87b5324e8ebd02ab6a0ebc9e4f1e0298a7ddca50f94a8f95c62b6997226d571e470e8f2b0600634a,87d00b98321fc70a5abc85ad9e80db10cce315194133697bf74aace1d3f8430957a766240f751752708f4282f46110d6ea56c3eb5d1c02ce98a66f327f595270,-pbft-storage-0-1000-300000000-3
info|2025-10-11 01:55:50.241184|fisco-bcos-0x00007fe0200f9dc0|[g:1][LedgerParam][initIniConfig]initTxPoolConfig/initSyncConfig/initTxExecuteConfig,configFile=conf/group.1.ini
info|2025-10-11 01:55:50.241355|fisco-bcos-0x00007fe0200f9dc0|[g:1][LedgerParam][initStorageConfig],stateType=storage,storageDB=rocksdb,storagePath=data//group1/block/RocksDB,baseDir=data//group1,dbtype=mysql,dbip=127.0.0.1,dbport=3306,dbcharset=utf8mb4,initconnections=15,maxconnections=50,scrollThreshold=2000,enableReconfirmCommittee=false
info|2025-10-11 01:55:50.241373|fisco-bcos-0x00007fe0200f9dc0|[g:1][LedgerParam][initTxPoolConfig],txPoolLimit=150000,memorySizeLimit(MB)=512,notifyWorkerNum=2,txsExpirationTime(ms)=600000
info|2025-10-11 01:55:50.241380|fisco-bcos-0x00007fe0200f9dc0|[g:1][LedgerParam][initSyncConfig],idleWaitMs=200
info|2025-10-11 01:55:50.241390|fisco-bcos-0x00007fe0200f9dc0|[g:1][LedgerParam][initSyncConfig],enableSendTxsByTree=true,enableSendBlockStatusByTree=true
info|2025-10-11 01:55:50.241454|fisco-bcos-0x00007fe0200f9dc0|[g:1][LedgerParam][initSyncConfig],gossipInterval=1000
info|2025-10-11 01:55:50.241474|fisco-bcos-0x00007fe0200f9dc0|[g:1][LedgerParam][initSyncConfig],enableSendBlockStatusByTree=true,gossipInterval=1000,gossipPeers=3,syncTreeWidth=3,maxQueueSizeForBlockSync=536870912,txsStatusGossipMaxPeers=5,syncInfoPrintInterval=10,freeNodeRead=false
info|2025-10-11 01:55:50.241481|fisco-bcos-0x00007fe0200f9dc0|[g:1][LedgerParam][InitTxExecuteConfig],enableParallel=true
info|2025-10-11 01:55:50.241498|fisco-bcos-0x00007fe0200f9dc0|[g:1][LedgerParam][initConsensusIniConfig],maxTTL=2,minBlockGenerationTime=500,enablDynamicBlockSize=true,blockSizeIncreaseRatio=0.5,enableTTLOptimize=true,enablePrepareWithTxsHash=true
info|2025-10-11 01:55:50.241526|fisco-bcos-0x00007fe0200f9dc0|[g:1][LedgerParam][initRPBFTConsensusIniConfig],broadcastPrepareByTree=true,prepareStatusBroadcastPercent=33,maxRequestMissedTxsWaitTime=100,maxRequestPrepareWaitTime=100
info|2025-10-11 01:55:50.241533|fisco-bcos-0x00007fe0200f9dc0|[g:1][LedgerParam][initFlowControlConfig],maxQPS=9223372036854775807,outGoingBandwidth(Bytes)=9223372036854775807
info|2025-10-11 01:55:50.241539|fisco-bcos-0x00007fe0200f9dc0|[g:1][LedgerParam]parseSDKAllowList,sdkAllowList=[],enableSDKAllowListControl=false
info|2025-10-11 01:55:50.241579|fisco-bcos-0x00007fe0200f9dc0|[g:1][LEDGER][initLedger][DBInitializer]
info|2025-10-11 01:55:50.241594|fisco-bcos-0x00007fe0200f9dc0|[g:1][LEDGER]setSDKAllowList,groupId=1,sdkAllowListSize=0
info|2025-10-11 01:55:50.241599|fisco-bcos-0x00007fe0200f9dc0|[g:1][CHANNEL]registerSDKAllowListByGroupId,groupId=1,size=0
info|2025-10-11 01:55:50.241604|fisco-bcos-0x00007fe0200f9dc0|[g:1][CHANNEL]Disable group-level sdk permission control for sdk allowlist is empty
info|2025-10-11 01:55:50.241609|fisco-bcos-0x00007fe0200f9dc0|[g:1][DBINITIALIZER] [initStorageDB]
info|2025-10-11 01:55:50.241614|fisco-bcos-0x00007fe0200f9dc0|[g:1][DBINITIALIZER] [initRocksDBStorage]
info|2025-10-11 01:55:50.241642|fisco-bcos-0x00007fe0200f9dc0|[g:1][ROCKSDB]open rocksDB handler,path=data//group1/block/RocksDB
info|2025-10-11 01:55:50.283195|fisco-bcos-0x00007fe0200f9dc0|[g:1][g:1][STORAGE][CachedStorage]Init flushStorage thread
info|2025-10-11 01:55:50.289987|io_service-0x00007fe01d380700|[NETWORK][Host]handshakeServer succ,remote endpoint=127.0.0.1:50806
info|2025-10-11 01:55:50.290080|io_service-0x00007fe01d380700|[NETWORK][Host]startPeerSession, Remote=127.0.0.1:50806,local endpoint=127.0.0.1:30302,nodeID=87d00b98...
info|2025-10-11 01:55:50.292540|fisco-bcos-0x00007fe0200f9dc0|[g:1][DBINITIALIZER] [init CachedStorage],maxCapacity=32,maxForwardBlock=10
info|2025-10-11 01:55:50.292598|fisco-bcos-0x00007fe0200f9dc0|[g:1][LEDGER][initLedger][initBlockChain]
info|2025-10-11 01:55:50.292985|fisco-bcos-0x00007fe0200f9dc0|[g:1][LEDGER]set enableHexBlock to be false,version=34275328
info|2025-10-11 01:55:50.293032|fisco-bcos-0x00007fe0200f9dc0|[g:1][BLOCKCHAIN][#checkAndBuildGenesisBlock],shouldBuild=false
info|2025-10-11 01:55:50.293418|fisco-bcos-0x00007fe0200f9dc0|[g:1][BLOCKCHAIN][#checkAndBuildGenesisBlock]Already have the 0th block, 0th groupMark is equal to file groupMark.
info|2025-10-11 01:55:50.293466|fisco-bcos-0x00007fe0200f9dc0|[g:1][LEDGER][initLedger]initBlockChain SUCC
info|2025-10-11 01:55:50.293530|fisco-bcos-0x00007fe0200f9dc0|[g:1][DBINITIALIZER] [createStateFactory],type=storage
info|2025-10-11 01:55:50.293554|fisco-bcos-0x00007fe0200f9dc0|[g:1][DBINITIALIZER] createStorageState SUCC
info|2025-10-11 01:55:50.293570|fisco-bcos-0x00007fe0200f9dc0|[g:1][DBINITIALIZER] [createStateFactory SUCC]
info|2025-10-11 01:55:50.293586|fisco-bcos-0x00007fe0200f9dc0|[g:1][DBINITIALIZER] createExecutiveContext...
info|2025-10-11 01:55:50.293614|fisco-bcos-0x00007fe0200f9dc0|[g:1][LEDGER]createGasMetric,vmFlagType=0
info|2025-10-11 01:55:50.293632|fisco-bcos-0x00007fe0200f9dc0|[g:1][LEDGER]createGasMetric
info|2025-10-11 01:55:50.293651|fisco-bcos-0x00007fe0200f9dc0|[g:1][DBINITIALIZER] create precompiledGasFactory and precompiledResultFactory
info|2025-10-11 01:55:50.293667|fisco-bcos-0x00007fe0200f9dc0|[g:1][DBINITIALIZER] createExecutiveContext SUCC
info|2025-10-11 01:55:50.293683|fisco-bcos-0x00007fe0200f9dc0|[g:1][DBINITIALIZER] [setSyncNumForCachedStorage],syncNum=420
info|2025-10-11 01:55:50.293702|fisco-bcos-0x00007fe0200f9dc0|[g:1][LEDGER][initNetworkBandWidthLimiter: outGoingBandwidthLimit has been disabled],groupId=1
info|2025-10-11 01:55:50.293719|fisco-bcos-0x00007fe0200f9dc0|[g:1][LEDGER][QPSLimit has been disabled],groupId=1
info|2025-10-11 01:55:50.293736|fisco-bcos-0x00007fe0200f9dc0|[g:1][LEDGER][initLedger][initBlockVerifier]
info|2025-10-11 01:55:50.293755|fisco-bcos-0x00007fe0200f9dc0|[g:1][LEDGER][initLedger][initBlockVerifier SUCC],evmFlags=0
info|2025-10-11 01:55:50.293772|fisco-bcos-0x00007fe0200f9dc0|[g:1][LEDGER][initLedger][initTxPool],txPoolLimit=150000
info|2025-10-11 01:55:50.295961|io_service-0x00007fe01d380700|[NETWORK][Host]handshakeClient succ,local endpoint=127.0.0.1:50806
info|2025-10-11 01:55:50.296039|io_service-0x00007fe01d380700|[NETWORK][Host]startPeerSession, Remote=127.0.0.1:30302,local endpoint=127.0.0.1:50806,nodeID=87d00b98...
info|2025-10-11 01:55:50.296178|io_service-0x00007fe01d380700|[NETWORK][Host]handshakeClient succ,local endpoint=127.0.0.1:46276
info|2025-10-11 01:55:50.296302|io_service-0x00007fe01d380700|[NETWORK][Host]startPeerSession, Remote=127.0.0.1:30301,local endpoint=127.0.0.1:46276,nodeID=374bdfe9...
info|2025-10-11 01:55:50.296419|io_service-0x00007fe01d380700|[NETWORK][Host]handshakeClient succ,local endpoint=127.0.0.1:60530
info|2025-10-11 01:55:50.296449|io_service-0x00007fe01d380700|[NETWORK][Host]startPeerSession, Remote=127.0.0.1:30300,local endpoint=127.0.0.1:60530,nodeID=73994dae...
info|2025-10-11 01:55:50.300002|P2P-0x00007fe01eb83700|[P2P][Service] Connection established,nodeID=73994dae...,endpoint=127.0.0.1:30300
info|2025-10-11 01:55:50.300210|P2P-0x00007fe01db81700|[P2P][Service] Connection established,nodeID=374bdfe9...,endpoint=127.0.0.1:30301
info|2025-10-11 01:55:50.300522|io_service-0x00007fe01d380700|[NETWORK][Host]handshakeClient succ,local endpoint=127.0.0.1:43024
info|2025-10-11 01:55:50.301353|P2P-0x00007fe01e382700|[P2P][Service] Connection established,nodeID=064cb676...,endpoint=127.0.0.1:30303
info|2025-10-11 01:55:50.301289|io_service-0x00007fe01d380700|[NETWORK][Host]startPeerSession, Remote=127.0.0.1:30303,local endpoint=127.0.0.1:43024,nodeID=064cb676...
info|2025-10-11 01:55:50.400360|fisco-bcos-0x00007fe0200f9dc0|[g:1][LEDGER][initLedger]initTxPool SUCC
info|2025-10-11 01:55:50.400422|fisco-bcos-0x00007fe0200f9dc0|[g:1][LEDGER][initLedger][initSync],idleWaitMs=200,gossipInterval=1000,gossipPeers=3
info|2025-10-11 01:55:50.400441|fisco-bcos-0x00007fe0200f9dc0|[g:1][LEDGER]Init sync master,enableSendBlockStatusByTree=true,enableSendTxsByTree=true
info|2025-10-11 01:55:50.401162|fisco-bcos-0x00007fe0200f9dc0|[g:1][LEDGER][initLedger]initSync SUCC
info|2025-10-11 01:55:50.401195|fisco-bcos-0x00007fe0200f9dc0|[g:1][LEDGER][initLedger][consensusInitFactory]
info|2025-10-11 01:55:50.401210|fisco-bcos-0x00007fe0200f9dc0|[g:1][LEDGER][initLedger][createPBFTSealer]
info|2025-10-11 01:55:50.401223|fisco-bcos-0x00007fe0200f9dc0|[g:1][LEDGER][initLedger][createPBFTSealer],baseDir=data//group1,Protocol=65544
info|2025-10-11 01:55:50.401280|fisco-bcos-0x00007fe0200f9dc0|[g:1][LEDGER][initLedger]createPBFTSealer for PBFT or rPBFT,consensusType=pbft
info|2025-10-11 01:55:50.401303|fisco-bcos-0x00007fe0200f9dc0|[g:1][LEDGER]createConsensusEngine: create PBFTEngine
info|2025-10-11 01:55:50.401321|fisco-bcos-0x00007fe0200f9dc0|[g:1][CONSENSUS][PBFT]Register handler for PBFTEngine
info|2025-10-11 01:55:50.401772|fisco-bcos-0x00007fe0200f9dc0|[g:1][CONSENSUS][PBFT]setMinBlockGenerationTime,minBlockGenerationTime=500,consensusTime=1000
info|2025-10-11 01:55:50.401801|fisco-bcos-0x00007fe0200f9dc0|[g:1][LEDGER][initEventLogFilterManager]initEventLogFilterManager SUCC
info|2025-10-11 01:55:50.401829|fisco-bcos-0x00007fe0200f9dc0|[LedgerInitializer init group succ],groupID=1
info|2025-10-11 01:55:50.402038|fisco-bcos-0x00007fe0200f9dc0|[SafeHttpServer::StartListening]use default epoll
info|2025-10-11 01:55:50.402318|fisco-bcos-0x00007fe0200f9dc0|[INITIALIZER][RPCInitializer JsonrpcHttpServer started],jsonrpc_IP=127.0.0.1,jsonrpc_listen_port=8547,jsonrpc_thread_count=8,ipv6=false,disableDynamicGroup=false,uncheckGroupMember=false
info|2025-10-11 01:55:50.402348|fisco-bcos-0x00007fe0200f9dc0|[g:1][LEDGER]startAll...
info|2025-10-11 01:55:50.403765|fisco-bcos-0x00007fe0200f9dc0|[g:1][GossipBlockStatus]start GossipBlockStatus succ
info|2025-10-11 01:55:50.403789|fisco-bcos-0x00007fe0200f9dc0|[g:1][CONSENSUS][ConsensusEngine][Start ConsensusEngineBase]
info|2025-10-11 01:55:50.403986|fisco-bcos-0x00007fe0200f9dc0|[g:1][CONSENSUS][PBFT]^^^^^^^^Report,num=420,sealerIdx=3,hash=bb8b235d...,next=421,tx=1,nodeIdx=3
info|2025-10-11 01:55:50.404027|fisco-bcos-0x00007fe0200f9dc0|[g:1][ROCKSDB]open rocksDB handler,path=data//group1/pbftMsgBackup/RocksDB
info|2025-10-11 01:55:50.423215|fisco-bcos-0x00007fe0200f9dc0|[g:1][CONSENSUS][PBFT][PBFT init env successfully]
info|2025-10-11 01:55:50.423289|fisco-bcos-0x00007fe0200f9dc0|[g:1][CONSENSUS][PBFT][Start PBFTEngine...]
info|2025-10-11 01:55:50.423311|fisco-bcos-0x00007fe0200f9dc0|[g:1][CONSENSUS][SEALER][Start sealer module]
info|2025-10-11 01:55:50.424310|fisco-bcos-0x00007fe0200f9dc0|[g:1][EVENT][EventLogFilterManager]start,m_maxBlockRange=0,m_maxBlockPerLoopFilter=3
info|2025-10-11 01:55:51.272395|alignTime-1-0x00007fe00db61700|[g:1][NodeTimeMaintenance]updateTimeInfo: update median time offset,updatedMedianTimeOffset=-2,peer=374bdfe9...,peerTime=1760172951270,peerOffset=-2,utcTime=1760172951272
info|2025-10-11 01:55:51.369920|alignTime-1-0x00007fe00db61700|[g:1][NodeTimeMaintenance]updateTimeInfo: update median time offset,updatedMedianTimeOffset=-1,peer=73994dae...,peerTime=1760172951368,peerOffset=-1,utcTime=1760172951369
info|2025-10-11 01:55:51.373418|alignTime-1-0x00007fe00db61700|[g:1][NodeTimeMaintenance]updateTimeInfo: update median time offset,updatedMedianTimeOffset=-1,peer=064cb676...,peerTime=1760172951372,peerOffset=-1,utcTime=1760172951373
info|2025-10-11 01:55:51.406722|PBFT-1-0x00007fe00334c700|[g:1][CONSENSUS]addRawPrepare,height=421,reqIdx=0,hash=f306d3a2...,time=0
info|2025-10-11 01:55:51.409481|PBFT-1-0x00007fe00334c700|[g:1][CONSENSUS][PBFT]checkTimeout Succ,view=0,toView=1,nodeIdx=3,changeCycle=1,myNode=87d00b98...,timecost=3
info|2025-10-11 01:55:51.412235|PBFT-1-0x00007fe00334c700|[g:1][CONSENSUS][PBFT]checkAndChangeView: Reach consensus,org_view=0,cur_changeCycle=1,curView=0,view=1
info|2025-10-11 01:55:55.281955|P2P-0x00007fe01e382700|[NETWORK][Session]Received topic: [2	_block_notify_1] from 73994dae9e8b8da733108a4153dfe79151d701dff425f84c87b5324e8ebd02ab6a0ebc9e4f1e0298a7ddca50f94a8f95c62b6997226d571e470e8f2b0600634a
warning|2025-10-11 01:55:55.915842|PBFT-1-0x00007fe00334c700|[g:1][CONSENSUS][PBFT]ViewChangeWarning: not caused by omit empty block ,v=1,toV=2,curNum=420,hash=bb8b235d...,nodeIdx=3,myNode=87d00b98...
info|2025-10-11 01:55:55.917543|PBFT-1-0x00007fe00334c700|[g:1][CONSENSUS][PBFT]checkTimeout Succ,view=1,toView=2,nodeIdx=3,changeCycle=2,myNode=87d00b98...,timecost=4
info|2025-10-11 01:55:55.923665|PBFT-1-0x00007fe00334c700|[g:1][CONSENSUS][PBFT]checkAndChangeView: Reach consensus,org_view=1,cur_changeCycle=2,curView=1,view=2
info|2025-10-11 01:55:56.926812|PBFT-1-0x00007fe00334c700|[g:1][CONSENSUS]addRawPrepare,height=421,reqIdx=2,hash=2cf09448...,time=0
info|2025-10-11 01:55:56.936310|PBFT-1-0x00007fe00334c700|[g:1][CONSENSUS][PBFT]checkTimeout Succ,view=2,toView=3,nodeIdx=3,changeCycle=1,myNode=87d00b98...,timecost=10
info|2025-10-11 01:55:56.939131|PBFT-1-0x00007fe00334c700|[g:1][CONSENSUS][PBFT]checkAndChangeView: Reach consensus,org_view=2,cur_changeCycle=1,curView=2,view=3
info|2025-10-11 01:55:57.940628|PBFTSeal-1-0x00007fdffbb3d700|[g:1][CONSENSUS][SEALER]++++++++++++++++ Generating seal on,blkNum=421,tx=0,nodeIdx=3,hash=59f186cc...
info|2025-10-11 01:55:57.954024|PBFT-1-0x00007fe00334c700|[g:1][CONSENSUS][PBFT]checkTimeout Succ,view=3,toView=4,nodeIdx=3,changeCycle=1,myNode=87d00b98...,timecost=4
info|2025-10-11 01:55:57.955689|PBFT-1-0x00007fe00334c700|[g:1][CONSENSUS][PBFT]checkAndChangeView: Reach consensus,org_view=3,cur_changeCycle=1,curView=3,view=4
info|2025-10-11 01:55:58.960038|PBFT-1-0x00007fe00334c700|[g:1][CONSENSUS]addRawPrepare,height=421,reqIdx=0,hash=91e9b918...,time=0
info|2025-10-11 01:55:58.963380|PBFT-1-0x00007fe00334c700|[g:1][CONSENSUS][PBFT]checkTimeout Succ,view=4,toView=5,nodeIdx=3,changeCycle=1,myNode=87d00b98...,timecost=3
info|2025-10-11 01:55:58.967805|PBFT-1-0x00007fe00334c700|[g:1][CONSENSUS][PBFT]checkAndChangeView: Reach consensus,org_view=4,cur_changeCycle=1,curView=4,view=5
info|2025-10-11 01:56:00.158889|io_service-0x00007fe01d380700|[NETWORK][Host]P2P Recv Connect, From=127.0.0.1:46222
info|2025-10-11 01:56:00.158969|io_service-0x00007fe01d380700|[NETWORK][Host]P2P StartAccept,Host=0.0.0.0:30302
info|2025-10-11 01:56:00.170616|io_service-0x00007fe01d380700|[NETWORK][Host]handshakeServer succ,remote endpoint=127.0.0.1:46222
info|2025-10-11 01:56:00.171026|io_service-0x00007fe01d380700|[NETWORK][Host]startPeerSession, Remote=127.0.0.1:46222,local endpoint=127.0.0.1:30302,nodeID=374bdfe9...
info|2025-10-11 01:56:00.171222|io_service-0x00007fe01d380700|[NETWORK][Host]P2P Recv Connect, From=127.0.0.1:46226
info|2025-10-11 01:56:00.171278|io_service-0x00007fe01d380700|[NETWORK][Host]P2P StartAccept,Host=0.0.0.0:30302
info|2025-10-11 01:56:00.184531|io_service-0x00007fe01d380700|[NETWORK][Host]handshakeServer succ,remote endpoint=127.0.0.1:46226
info|2025-10-11 01:56:00.184593|io_service-0x00007fe01d380700|[NETWORK][Host]startPeerSession, Remote=127.0.0.1:46226,local endpoint=127.0.0.1:30302,nodeID=73994dae...
info|2025-10-11 01:56:00.184633|io_service-0x00007fe01d380700|[NETWORK][Host]P2P Recv Connect, From=127.0.0.1:46240
info|2025-10-11 01:56:00.184725|io_service-0x00007fe01d380700|[NETWORK][Host]P2P StartAccept,Host=0.0.0.0:30302
info|2025-10-11 01:56:00.192894|io_service-0x00007fe01d380700|[NETWORK][Host]handshakeServer succ,remote endpoint=127.0.0.1:46240
info|2025-10-11 01:56:00.192984|io_service-0x00007fe01d380700|[NETWORK][Host]startPeerSession, Remote=127.0.0.1:46240,local endpoint=127.0.0.1:30302,nodeID=064cb676...
info|2025-10-11 01:56:00.226827|io_service-0x00007fe01d380700|[P2P][Service] heartBeat,connected count=3
warning|2025-10-11 01:56:03.472043|PBFT-1-0x00007fe00334c700|[g:1][CONSENSUS][PBFT]ViewChangeWarning: not caused by omit empty block ,v=5,toV=6,curNum=420,hash=bb8b235d...,nodeIdx=3,myNode=87d00b98...
info|2025-10-11 01:56:03.472314|PBFT-1-0x00007fe00334c700|[g:1][CONSENSUS][PBFT]checkTimeout Succ,view=5,toView=6,nodeIdx=3,changeCycle=2,myNode=87d00b98...,timecost=2
info|2025-10-11 01:56:03.478134|PBFT-1-0x00007fe00334c700|[g:1][CONSENSUS][PBFT]checkAndChangeView: Reach consensus,org_view=5,cur_changeCycle=2,curView=5,view=6
info|2025-10-11 01:56:04.484139|PBFT-1-0x00007fe00334c700|[g:1][CONSENSUS]addRawPrepare,height=421,reqIdx=2,hash=9d9d017d...,time=0
info|2025-10-11 01:56:04.486574|PBFT-1-0x00007fe00334c700|[g:1][CONSENSUS][PBFT]checkTimeout Succ,view=6,toView=7,nodeIdx=3,changeCycle=1,myNode=87d00b98...,timecost=2
info|2025-10-11 01:56:04.489726|PBFT-1-0x00007fe00334c700|[g:1][CONSENSUS][PBFT]checkAndChangeView: Reach consensus,org_view=6,cur_changeCycle=1,curView=6,view=7
info|2025-10-11 01:56:05.490621|PBFTSeal-1-0x00007fdffbb3d700|[g:1][CONSENSUS][SEALER]++++++++++++++++ Generating seal on,blkNum=421,tx=0,nodeIdx=3,hash=9c0abe45...
info|2025-10-11 01:56:05.496299|PBFT-1-0x00007fe00334c700|[g:1][CONSENSUS][PBFT]checkTimeout Succ,view=7,toView=8,nodeIdx=3,changeCycle=1,myNode=87d00b98...,timecost=4
info|2025-10-11 01:56:05.500824|PBFT-1-0x00007fe00334c700|[g:1][CONSENSUS][PBFT]checkAndChangeView: Reach consensus,org_view=7,cur_changeCycle=1,curView=7,view=8
info|2025-10-11 01:56:06.379911|P2P-0x00007fe01eb83700|[g:1] [SYNC][id:87d00b98...][Download][Request]Receive block request,peer=374bdfe9...,from=184,to=184
info|2025-10-11 01:56:06.380640|SyncSend-1-0x00007fe00fb65700|[g:1][SYNC][id:87d00b98...][Download][Request][BlockSync]Batch blocks for sending,blockSize=24480,number=184,peer=374bdfe9...,timeCost=0
info|2025-10-11 01:56:06.380764|SyncSend-1-0x00007fe00fb65700|[g:1][g:1] [SYNC][id:374bdfe9...][Download][Request][BlockSync]Send block packet,peer=374bdfe9...,blocks=1,bytes(V)=24487
info|2025-10-11 01:56:06.507359|PBFT-1-0x00007fe00334c700|[g:1][CONSENSUS]addRawPrepare,height=421,reqIdx=0,hash=bb95f897...,time=0
info|2025-10-11 01:56:06.509647|PBFT-1-0x00007fe00334c700|[g:1][CONSENSUS][PBFT]checkTimeout Succ,view=8,toView=9,nodeIdx=3,changeCycle=1,myNode=87d00b98...,timecost=2
info|2025-10-11 01:56:06.514558|PBFT-1-0x00007fe00334c700|[g:1][CONSENSUS][PBFT]checkAndChangeView: Reach consensus,org_view=8,cur_changeCycle=1,curView=8,view=9
info|2025-10-11 01:56:10.227814|io_service-0x00007fe01d380700|[P2P][Service] heartBeat,connected count=3
warning|2025-10-11 01:56:11.017500|PBFT-1-0x00007fe00334c700|[g:1][CONSENSUS][PBFT]ViewChangeWarning: not caused by omit empty block ,v=9,toV=10,curNum=420,hash=bb8b235d...,nodeIdx=3,myNode=87d00b98...
info|2025-10-11 01:56:11.017618|PBFT-1-0x00007fe00334c700|[g:1][CONSENSUS][PBFT]checkTimeout Succ,view=9,toView=10,nodeIdx=3,changeCycle=2,myNode=87d00b98...,timecost=1
info|2025-10-11 01:56:11.024761|PBFT-1-0x00007fe00334c700|[g:1][CONSENSUS][PBFT]checkAndChangeView: Reach consensus,org_view=9,cur_changeCycle=2,curView=9,view=10
info|2025-10-11 01:56:12.025487|PBFT-1-0x00007fe00334c700|[g:1][CONSENSUS]addRawPrepare,height=421,reqIdx=2,hash=42cebe4e...,time=0
info|2025-10-11 01:56:12.028887|PBFT-1-0x00007fe00334c700|[g:1][CONSENSUS][PBFT]checkTimeout Succ,view=10,toView=11,nodeIdx=3,changeCycle=1,myNode=87d00b98...,timecost=3
info|2025-10-11 01:56:12.033714|PBFT-1-0x00007fe00334c700|[g:1][CONSENSUS][PBFT]checkAndChangeView: Reach consensus,org_view=10,cur_changeCycle=1,curView=10,view=11
info|2025-10-11 01:56:13.035286|PBFTSeal-1-0x00007fdffbb3d700|[g:1][CONSENSUS][SEALER]++++++++++++++++ Generating seal on,blkNum=421,tx=0,nodeIdx=3,hash=32a1c30f...
info|2025-10-11 01:56:13.039896|PBFT-1-0x00007fe00334c700|[g:1][CONSENSUS][PBFT]checkTimeout Succ,view=11,toView=12,nodeIdx=3,changeCycle=1,myNode=87d00b98...,timecost=2
info|2025-10-11 01:56:13.051028|PBFT-1-0x00007fe00334c700|[g:1][CONSENSUS][PBFT]checkAndChangeView: Reach consensus,org_view=11,cur_changeCycle=1,curView=11,view=12
info|2025-10-11 01:56:14.055607|PBFT-1-0x00007fe00334c700|[g:1][CONSENSUS]addRawPrepare,height=421,reqIdx=0,hash=6caee02e...,time=0
info|2025-10-11 01:56:14.057308|PBFT-1-0x00007fe00334c700|[g:1][CONSENSUS][PBFT]checkTimeout Succ,view=12,toView=13,nodeIdx=3,changeCycle=1,myNode=87d00b98...,timecost=2
info|2025-10-11 01:56:14.064814|PBFT-1-0x00007fe00334c700|[g:1][CONSENSUS][PBFT]checkAndChangeView: Reach consensus,org_view=12,cur_changeCycle=1,curView=12,view=13
warning|2025-10-11 01:56:18.569722|PBFT-1-0x00007fe00334c700|[g:1][CONSENSUS][PBFT]ViewChangeWarning: not caused by omit empty block ,v=13,toV=14,curNum=420,hash=bb8b235d...,nodeIdx=3,myNode=87d00b98...
info|2025-10-11 01:56:18.569876|PBFT-1-0x00007fe00334c700|[g:1][CONSENSUS][PBFT]checkTimeout Succ,view=13,toView=14,nodeIdx=3,changeCycle=2,myNode=87d00b98...,timecost=1
info|2025-10-11 01:56:18.578397|PBFT-1-0x00007fe00334c700|[g:1][CONSENSUS][PBFT]checkAndChangeView: Reach consensus,org_view=13,cur_changeCycle=2,curView=13,view=14
info|2025-10-11 01:56:19.226468|P2P-0x00007fe01db81700|[g:1] [SYNC][id:87d00b98...][Download][Request]Receive block request,peer=374bdfe9...,from=184,to=184
info|2025-10-11 01:56:19.226895|SyncSend-1-0x00007fe00fb65700|[g:1][SYNC][id:87d00b98...][Download][Request][BlockSync]Batch blocks for sending,blockSize=24480,number=184,peer=374bdfe9...,timeCost=0
info|2025-10-11 01:56:19.226969|SyncSend-1-0x00007fe00fb65700|[g:1][g:1] [SYNC][id:374bdfe9...][Download][Request][BlockSync]Send block packet,peer=374bdfe9...,blocks=1,bytes(V)=24487
info|2025-10-11 01:56:19.585331|PBFT-1-0x00007fe00334c700|[g:1][CONSENSUS]addRawPrepare,height=421,reqIdx=2,hash=4835a77a...,time=0
info|2025-10-11 01:56:19.588344|PBFT-1-0x00007fe00334c700|[g:1][CONSENSUS][PBFT]checkTimeout Succ,view=14,toView=15,nodeIdx=3,changeCycle=1,myNode=87d00b98...,timecost=3
info|2025-10-11 01:56:19.591131|PBFT-1-0x00007fe00334c700|[g:1][CONSENSUS][PBFT]checkAndChangeView: Reach consensus,org_view=14,cur_changeCycle=1,curView=14,view=15
info|2025-10-11 01:56:20.228575|io_service-0x00007fe01d380700|[P2P][Service] heartBeat,connected count=3
info|2025-10-11 01:56:20.592358|PBFTSeal-1-0x00007fdffbb3d700|[g:1][CONSENSUS][SEALER]++++++++++++++++ Generating seal on,blkNum=421,tx=0,nodeIdx=3,hash=780a1695...
info|2025-10-11 01:56:20.600008|PBFT-1-0x00007fe00334c700|[g:1][CONSENSUS][PBFT]checkTimeout Succ,view=15,toView=16,nodeIdx=3,changeCycle=1,myNode=87d00b98...,timecost=3
info|2025-10-11 01:56:20.602700|PBFT-1-0x00007fe00334c700|[g:1][CONSENSUS][PBFT]checkAndChangeView: Reach consensus,org_view=15,cur_changeCycle=1,curView=15,view=16
info|2025-10-11 01:56:21.608077|PBFT-1-0x00007fe00334c700|[g:1][CONSENSUS]addRawPrepare,height=421,reqIdx=0,hash=4cdf7644...,time=0
info|2025-10-11 01:56:21.610504|PBFT-1-0x00007fe00334c700|[g:1][CONSENSUS][PBFT]checkTimeout Succ,view=16,toView=17,nodeIdx=3,changeCycle=1,myNode=87d00b98...,timecost=2
info|2025-10-11 01:56:21.615681|PBFT-1-0x00007fe00334c700|[g:1][CONSENSUS][PBFT]checkAndChangeView: Reach consensus,org_view=16,cur_changeCycle=1,curView=16,view=17
warning|2025-10-11 01:56:26.117866|PBFT-1-0x00007fe00334c700|[g:1][CONSENSUS][PBFT]ViewChangeWarning: not caused by omit empty block ,v=17,toV=18,curNum=420,hash=bb8b235d...,nodeIdx=3,myNode=87d00b98...
info|2025-10-11 01:56:26.118073|PBFT-1-0x00007fe00334c700|[g:1][CONSENSUS][PBFT]checkTimeout Succ,view=17,toView=18,nodeIdx=3,changeCycle=2,myNode=87d00b98...,timecost=2
info|2025-10-11 01:56:26.125654|PBFT-1-0x00007fe00334c700|[g:1][CONSENSUS][PBFT]checkAndChangeView: Reach consensus,org_view=17,cur_changeCycle=2,curView=17,view=18
info|2025-10-11 01:56:27.130624|PBFT-1-0x00007fe00334c700|[g:1][CONSENSUS]addRawPrepare,height=421,reqIdx=2,hash=ceb8b64f...,time=0
info|2025-10-11 01:56:27.132087|PBFT-1-0x00007fe00334c700|[g:1][CONSENSUS][PBFT]checkTimeout Succ,view=18,toView=19,nodeIdx=3,changeCycle=1,myNode=87d00b98...,timecost=2
info|2025-10-11 01:56:27.136326|PBFT-1-0x00007fe00334c700|[g:1][CONSENSUS][PBFT]checkAndChangeView: Reach consensus,org_view=18,cur_changeCycle=1,curView=18,view=19
info|2025-10-11 01:56:28.137639|PBFTSeal-1-0x00007fdffbb3d700|[g:1][CONSENSUS][SEALER]++++++++++++++++ Generating seal on,blkNum=421,tx=0,nodeIdx=3,hash=db56edc6...
info|2025-10-11 01:56:28.141956|PBFT-1-0x00007fe00334c700|[g:1][CONSENSUS][PBFT]checkTimeout Succ,view=19,toView=20,nodeIdx=3,changeCycle=1,myNode=87d00b98...,timecost=2
info|2025-10-11 01:56:28.147184|PBFT-1-0x00007fe00334c700|[g:1][CONSENSUS][PBFT]checkAndChangeView: Reach consensus,org_view=19,cur_changeCycle=1,curView=19,view=20
info|2025-10-11 01:56:29.154616|PBFT-1-0x00007fe00334c700|[g:1][CONSENSUS]addRawPrepare,height=421,reqIdx=0,hash=c6c040f2...,time=0
info|2025-10-11 01:56:29.156037|PBFT-1-0x00007fe00334c700|[g:1][CONSENSUS][PBFT]checkTimeout Succ,view=20,toView=21,nodeIdx=3,changeCycle=1,myNode=87d00b98...,timecost=2
info|2025-10-11 01:56:29.165976|PBFT-1-0x00007fe00334c700|[g:1][CONSENSUS][PBFT]checkAndChangeView: Reach consensus,org_view=20,cur_changeCycle=1,curView=20,view=21
info|2025-10-11 01:56:30.229236|io_service-0x00007fe01d380700|[P2P][Service] heartBeat,connected count=3
warning|2025-10-11 01:56:33.667649|PBFT-1-0x00007fe00334c700|[g:1][CONSENSUS][PBFT]ViewChangeWarning: not caused by omit empty block ,v=21,toV=22,curNum=420,hash=bb8b235d...,nodeIdx=3,myNode=87d00b98...
info|2025-10-11 01:56:33.668116|PBFT-1-0x00007fe00334c700|[g:1][CONSENSUS][PBFT]checkTimeout Succ,view=21,toView=22,nodeIdx=3,changeCycle=2,myNode=87d00b98...,timecost=2
info|2025-10-11 01:56:33.674655|PBFT-1-0x00007fe00334c700|[g:1][CONSENSUS][PBFT]checkAndChangeView: Reach consensus,org_view=21,cur_changeCycle=2,curView=21,view=22
info|2025-10-11 01:56:34.679400|PBFT-1-0x00007fe00334c700|[g:1][CONSENSUS]addRawPrepare,height=421,reqIdx=2,hash=f048bff6...,time=0
info|2025-10-11 01:56:34.680928|PBFT-1-0x00007fe00334c700|[g:1][CONSENSUS][PBFT]checkTimeout Succ,view=22,toView=23,nodeIdx=3,changeCycle=1,myNode=87d00b98...,timecost=1
info|2025-10-11 01:56:34.688386|PBFT-1-0x00007fe00334c700|[g:1][CONSENSUS][PBFT]checkAndChangeView: Reach consensus,org_view=22,cur_changeCycle=1,curView=22,view=23
info|2025-10-11 01:56:35.688608|PBFTSeal-1-0x00007fdffbb3d700|[g:1][CONSENSUS][SEALER]++++++++++++++++ Generating seal on,blkNum=421,tx=0,nodeIdx=3,hash=3f2c5fcf...
info|2025-10-11 01:56:35.692248|PBFT-1-0x00007fe00334c700|[g:1][CONSENSUS][PBFT]checkTimeout Succ,view=23,toView=24,nodeIdx=3,changeCycle=1,myNode=87d00b98...,timecost=3
info|2025-10-11 01:56:35.699744|PBFT-1-0x00007fe00334c700|[g:1][CONSENSUS][PBFT]checkAndChangeView: Reach consensus,org_view=23,cur_changeCycle=1,curView=23,view=24
info|2025-10-11 01:56:36.704562|PBFT-1-0x00007fe00334c700|[g:1][CONSENSUS]addRawPrepare,height=421,reqIdx=0,hash=9462daa7...,time=0
info|2025-10-11 01:56:36.707770|PBFT-1-0x00007fe00334c700|[g:1][CONSENSUS][PBFT]checkTimeout Succ,view=24,toView=25,nodeIdx=3,changeCycle=1,myNode=87d00b98...,timecost=3
info|2025-10-11 01:56:36.713171|PBFT-1-0x00007fe00334c700|[g:1][CONSENSUS][PBFT]checkAndChangeView: Reach consensus,org_view=24,cur_changeCycle=1,curView=24,view=25
info|2025-10-11 01:56:40.230019|io_service-0x00007fe01d380700|[P2P][Service] heartBeat,connected count=3
warning|2025-10-11 01:56:41.217623|PBFT-1-0x00007fe00334c700|[g:1][CONSENSUS][PBFT]ViewChangeWarning: not caused by omit empty block ,v=25,toV=26,curNum=420,hash=bb8b235d...,nodeIdx=3,myNode=87d00b98...
info|2025-10-11 01:56:41.217824|PBFT-1-0x00007fe00334c700|[g:1][CONSENSUS][PBFT]checkTimeout Succ,view=25,toView=26,nodeIdx=3,changeCycle=2,myNode=87d00b98...,timecost=1
info|2025-10-11 01:56:41.225543|PBFT-1-0x00007fe00334c700|[g:1][CONSENSUS][PBFT]checkAndChangeView: Reach consensus,org_view=25,cur_changeCycle=2,curView=25,view=26
info|2025-10-11 01:56:42.232448|PBFT-1-0x00007fe00334c700|[g:1][CONSENSUS]addRawPrepare,height=421,reqIdx=2,hash=e3dfe6ca...,time=0
info|2025-10-11 01:56:42.237482|PBFT-1-0x00007fe00334c700|[g:1][CONSENSUS][PBFT]checkTimeout Succ,view=26,toView=27,nodeIdx=3,changeCycle=1,myNode=87d00b98...,timecost=3
info|2025-10-11 01:56:42.241011|PBFT-1-0x00007fe00334c700|[g:1][CONSENSUS][PBFT]checkAndChangeView: Reach consensus,org_view=26,cur_changeCycle=1,curView=26,view=27
info|2025-10-11 01:56:43.240889|PBFTSeal-1-0x00007fdffbb3d700|[g:1][CONSENSUS][SEALER]++++++++++++++++ Generating seal on,blkNum=421,tx=0,nodeIdx=3,hash=2a7d4d7d...
info|2025-10-11 01:56:43.244014|PBFT-1-0x00007fe00334c700|[g:1][CONSENSUS][PBFT]checkTimeout Succ,view=27,toView=28,nodeIdx=3,changeCycle=1,myNode=87d00b98...,timecost=2
info|2025-10-11 01:56:43.253518|PBFT-1-0x00007fe00334c700|[g:1][CONSENSUS][PBFT]checkAndChangeView: Reach consensus,org_view=27,cur_changeCycle=1,curView=27,view=28
info|2025-10-11 01:56:44.258456|PBFT-1-0x00007fe00334c700|[g:1][CONSENSUS]addRawPrepare,height=421,reqIdx=0,hash=2a6ac2ef...,time=0
info|2025-10-11 01:56:44.260845|PBFT-1-0x00007fe00334c700|[g:1][CONSENSUS][PBFT]checkTimeout Succ,view=28,toView=29,nodeIdx=3,changeCycle=1,myNode=87d00b98...,timecost=2
info|2025-10-11 01:56:44.267862|PBFT-1-0x00007fe00334c700|[g:1][CONSENSUS][PBFT]checkAndChangeView: Reach consensus,org_view=28,cur_changeCycle=1,curView=28,view=29
warning|2025-10-11 01:56:48.770121|PBFT-1-0x00007fe00334c700|[g:1][CONSENSUS][PBFT]ViewChangeWarning: not caused by omit empty block ,v=29,toV=30,curNum=420,hash=bb8b235d...,nodeIdx=3,myNode=87d00b98...
info|2025-10-11 01:56:48.770392|PBFT-1-0x00007fe00334c700|[g:1][CONSENSUS][PBFT]checkTimeout Succ,view=29,toView=30,nodeIdx=3,changeCycle=2,myNode=87d00b98...,timecost=2
info|2025-10-11 01:56:48.775644|PBFT-1-0x00007fe00334c700|[g:1][CONSENSUS][PBFT]checkAndChangeView: Reach consensus,org_view=29,cur_changeCycle=2,curView=29,view=30
info|2025-10-11 01:56:49.778853|PBFT-1-0x00007fe00334c700|[g:1][CONSENSUS]addRawPrepare,height=421,reqIdx=2,hash=d75af97a...,time=0
info|2025-10-11 01:56:49.780223|PBFT-1-0x00007fe00334c700|[g:1][CONSENSUS][PBFT]checkTimeout Succ,view=30,toView=31,nodeIdx=3,changeCycle=1,myNode=87d00b98...,timecost=2
info|2025-10-11 01:56:49.786208|PBFT-1-0x00007fe00334c700|[g:1][CONSENSUS][PBFT]checkAndChangeView: Reach consensus,org_view=30,cur_changeCycle=1,curView=30,view=31
info|2025-10-11 01:56:50.230646|io_service-0x00007fe01d380700|[P2P][Service] heartBeat,connected count=3
info|2025-10-11 01:56:50.786797|PBFTSeal-1-0x00007fdffbb3d700|[g:1][CONSENSUS][SEALER]++++++++++++++++ Generating seal on,blkNum=421,tx=0,nodeIdx=3,hash=b051fdf2...
info|2025-10-11 01:56:50.794488|PBFT-1-0x00007fe00334c700|[g:1][CONSENSUS][PBFT]checkTimeout Succ,view=31,toView=32,nodeIdx=3,changeCycle=1,myNode=87d00b98...,timecost=3
info|2025-10-11 01:56:50.797389|PBFT-1-0x00007fe00334c700|[g:1][CONSENSUS][PBFT]checkAndChangeView: Reach consensus,org_view=31,cur_changeCycle=1,curView=31,view=32
info|2025-10-11 01:56:51.803133|PBFT-1-0x00007fe00334c700|[g:1][CONSENSUS]addRawPrepare,height=421,reqIdx=0,hash=e15dca82...,time=0
info|2025-10-11 01:56:51.806074|PBFT-1-0x00007fe00334c700|[g:1][CONSENSUS][PBFT]checkTimeout Succ,view=32,toView=33,nodeIdx=3,changeCycle=1,myNode=87d00b98...,timecost=3
info|2025-10-11 01:56:51.812519|PBFT-1-0x00007fe00334c700|[g:1][CONSENSUS][PBFT]checkAndChangeView: Reach consensus,org_view=32,cur_changeCycle=1,curView=32,view=33
warning|2025-10-11 01:56:56.315666|PBFT-1-0x00007fe00334c700|[g:1][CONSENSUS][PBFT]ViewChangeWarning: not caused by omit empty block ,v=33,toV=34,curNum=420,hash=bb8b235d...,nodeIdx=3,myNode=87d00b98...
info|2025-10-11 01:56:56.315830|PBFT-1-0x00007fe00334c700|[g:1][CONSENSUS][PBFT]checkTimeout Succ,view=33,toView=34,nodeIdx=3,changeCycle=2,myNode=87d00b98...,timecost=1
info|2025-10-11 01:56:56.323671|PBFT-1-0x00007fe00334c700|[g:1][CONSENSUS][PBFT]checkAndChangeView: Reach consensus,org_view=33,cur_changeCycle=2,curView=33,view=34
info|2025-10-11 01:56:57.329701|PBFT-1-0x00007fe00334c700|[g:1][CONSENSUS]addRawPrepare,height=421,reqIdx=2,hash=9f867622...,time=0
info|2025-10-11 01:56:57.331064|PBFT-1-0x00007fe00334c700|[g:1][CONSENSUS][PBFT]checkTimeout Succ,view=34,toView=35,nodeIdx=3,changeCycle=1,myNode=87d00b98...,timecost=2
info|2025-10-11 01:56:57.339012|PBFT-1-0x00007fe00334c700|[g:1][CONSENSUS][PBFT]checkAndChangeView: Reach consensus,org_view=34,cur_changeCycle=1,curView=34,view=35
info|2025-10-11 01:56:57.655052|P2P-0x00007fe01db81700|[g:1] [SYNC][id:87d00b98...][Download][Request]Receive block request,peer=374bdfe9...,from=184,to=184
info|2025-10-11 01:56:57.655740|SyncSend-1-0x00007fe00fb65700|[g:1][SYNC][id:87d00b98...][Download][Request][BlockSync]Batch blocks for sending,blockSize=24480,number=184,peer=374bdfe9...,timeCost=0
info|2025-10-11 01:56:57.655820|SyncSend-1-0x00007fe00fb65700|[g:1][g:1] [SYNC][id:374bdfe9...][Download][Request][BlockSync]Send block packet,peer=374bdfe9...,blocks=1,bytes(V)=24487
info|2025-10-11 01:56:58.338627|PBFTSeal-1-0x00007fdffbb3d700|[g:1][CONSENSUS][SEALER]++++++++++++++++ Generating seal on,blkNum=421,tx=0,nodeIdx=3,hash=a1023fd8...
info|2025-10-11 01:56:58.348266|PBFT-1-0x00007fe00334c700|[g:1][CONSENSUS][PBFT]checkTimeout Succ,view=35,toView=36,nodeIdx=3,changeCycle=1,myNode=87d00b98...,timecost=3
info|2025-10-11 01:56:58.351362|PBFT-1-0x00007fe00334c700|[g:1][CONSENSUS][PBFT]checkAndChangeView: Reach consensus,org_view=35,cur_changeCycle=1,curView=35,view=36
info|2025-10-11 01:56:59.354304|PBFT-1-0x00007fe00334c700|[g:1][CONSENSUS]addRawPrepare,height=421,reqIdx=0,hash=55d06ac6...,time=0
info|2025-10-11 01:56:59.355639|PBFT-1-0x00007fe00334c700|[g:1][CONSENSUS][PBFT]checkTimeout Succ,view=36,toView=37,nodeIdx=3,changeCycle=1,myNode=87d00b98...,timecost=1
info|2025-10-11 01:56:59.362928|PBFT-1-0x00007fe00334c700|[g:1][CONSENSUS][PBFT]checkAndChangeView: Reach consensus,org_view=36,cur_changeCycle=1,curView=36,view=37
info|2025-10-11 01:57:00.231443|io_service-0x00007fe01d380700|[P2P][Service] heartBeat,connected count=3
warning|2025-10-11 01:57:03.869094|PBFT-1-0x00007fe00334c700|[g:1][CONSENSUS][PBFT]ViewChangeWarning: not caused by omit empty block ,v=37,toV=38,curNum=420,hash=bb8b235d...,nodeIdx=3,myNode=87d00b98...
info|2025-10-11 01:57:03.869244|PBFT-1-0x00007fe00334c700|[g:1][CONSENSUS][PBFT]checkTimeout Succ,view=37,toView=38,nodeIdx=3,changeCycle=2,myNode=87d00b98...,timecost=2
info|2025-10-11 01:57:03.871398|PBFT-1-0x00007fe00334c700|[g:1][CONSENSUS][PBFT]checkAndChangeView: Reach consensus,org_view=37,cur_changeCycle=2,curView=37,view=38
info|2025-10-11 01:57:04.061896|P2P-0x00007fe01eb83700|[g:1] [SYNC][id:87d00b98...][Download][Request]Receive block request,peer=374bdfe9...,from=184,to=184
info|2025-10-11 01:57:04.062337|SyncSend-1-0x00007fe00fb65700|[g:1][SYNC][id:87d00b98...][Download][Request][BlockSync]Batch blocks for sending,blockSize=24480,number=184,peer=374bdfe9...,timeCost=0
info|2025-10-11 01:57:04.062408|SyncSend-1-0x00007fe00fb65700|[g:1][g:1] [SYNC][id:374bdfe9...][Download][Request][BlockSync]Send block packet,peer=374bdfe9...,blocks=1,bytes(V)=24487
info|2025-10-11 01:57:04.876967|PBFT-1-0x00007fe00334c700|[g:1][CONSENSUS]addRawPrepare,height=421,reqIdx=2,hash=87f7da83...,time=0
info|2025-10-11 01:57:04.878595|PBFT-1-0x00007fe00334c700|[g:1][CONSENSUS][PBFT]checkTimeout Succ,view=38,toView=39,nodeIdx=3,changeCycle=1,myNode=87d00b98...,timecost=1
info|2025-10-11 01:57:04.887103|PBFT-1-0x00007fe00334c700|[g:1][CONSENSUS][PBFT]checkAndChangeView: Reach consensus,org_view=38,cur_changeCycle=1,curView=38,view=39
info|2025-10-11 01:57:05.887766|PBFTSeal-1-0x00007fdffbb3d700|[g:1][CONSENSUS][SEALER]++++++++++++++++ Generating seal on,blkNum=421,tx=0,nodeIdx=3,hash=2fd8ef1f...
info|2025-10-11 01:57:05.893956|PBFT-1-0x00007fe00334c700|[g:1][CONSENSUS][PBFT]checkTimeout Succ,view=39,toView=40,nodeIdx=3,changeCycle=1,myNode=87d00b98...,timecost=4
info|2025-10-11 01:57:05.899889|PBFT-1-0x00007fe00334c700|[g:1][CONSENSUS][PBFT]checkAndChangeView: Reach consensus,org_view=39,cur_changeCycle=1,curView=39,view=40
info|2025-10-11 01:57:06.907508|PBFT-1-0x00007fe00334c700|[g:1][CONSENSUS]addRawPrepare,height=421,reqIdx=0,hash=6fcc7447...,time=0
info|2025-10-11 01:57:06.910922|PBFT-1-0x00007fe00334c700|[g:1][CONSENSUS][PBFT]checkTimeout Succ,view=40,toView=41,nodeIdx=3,changeCycle=1,myNode=87d00b98...,timecost=3
info|2025-10-11 01:57:06.913712|PBFT-1-0x00007fe00334c700|[g:1][CONSENSUS][PBFT]checkAndChangeView: Reach consensus,org_view=40,cur_changeCycle=1,curView=40,view=41
info|2025-10-11 01:57:10.232231|io_service-0x00007fe01d380700|[P2P][Service] heartBeat,connected count=3
info|2025-10-11 01:57:10.464526|P2P-0x00007fe01e382700|[g:1] [SYNC][id:87d00b98...][Download][Request]Receive block request,peer=374bdfe9...,from=184,to=184
info|2025-10-11 01:57:10.465015|SyncSend-1-0x00007fe00fb65700|[g:1][SYNC][id:87d00b98...][Download][Request][BlockSync]Batch blocks for sending,blockSize=24480,number=184,peer=374bdfe9...,timeCost=1
info|2025-10-11 01:57:10.465073|SyncSend-1-0x00007fe00fb65700|[g:1][g:1] [SYNC][id:374bdfe9...][Download][Request][BlockSync]Send block packet,peer=374bdfe9...,blocks=1,bytes(V)=24487
warning|2025-10-11 01:57:11.417562|PBFT-1-0x00007fe00334c700|[g:1][CONSENSUS][PBFT]ViewChangeWarning: not caused by omit empty block ,v=41,toV=42,curNum=420,hash=bb8b235d...,nodeIdx=3,myNode=87d00b98...
info|2025-10-11 01:57:11.418250|PBFT-1-0x00007fe00334c700|[g:1][CONSENSUS][PBFT]checkTimeout Succ,view=41,toView=42,nodeIdx=3,changeCycle=2,myNode=87d00b98...,timecost=2
info|2025-10-11 01:57:11.419765|PBFT-1-0x00007fe00334c700|[g:1][CONSENSUS][PBFT]checkAndChangeView: Reach consensus,org_view=41,cur_changeCycle=2,curView=41,view=42
info|2025-10-11 01:57:12.423565|PBFT-1-0x00007fe00334c700|[g:1][CONSENSUS]addRawPrepare,height=421,reqIdx=2,hash=e0148e04...,time=0
info|2025-10-11 01:57:12.425342|PBFT-1-0x00007fe00334c700|[g:1][CONSENSUS][PBFT]checkTimeout Succ,view=42,toView=43,nodeIdx=3,changeCycle=1,myNode=87d00b98...,timecost=2
info|2025-10-11 01:57:12.467506|PBFT-1-0x00007fe00334c700|[g:1][CONSENSUS][PBFT]checkAndChangeView: Reach consensus,org_view=42,cur_changeCycle=1,curView=42,view=43
info|2025-10-11 01:57:13.468129|PBFTSeal-1-0x00007fdffbb3d700|[g:1][CONSENSUS][SEALER]++++++++++++++++ Generating seal on,blkNum=421,tx=0,nodeIdx=3,hash=be6cf9b5...
info|2025-10-11 01:57:13.470837|PBFT-1-0x00007fe00334c700|[g:1][CONSENSUS][PBFT]checkTimeout Succ,view=43,toView=44,nodeIdx=3,changeCycle=1,myNode=87d00b98...,timecost=1
info|2025-10-11 01:57:13.518324|PBFT-1-0x00007fe00334c700|[g:1][CONSENSUS][PBFT]checkAndChangeView: Reach consensus,org_view=43,cur_changeCycle=1,curView=43,view=44
info|2025-10-11 01:57:14.522077|PBFT-1-0x00007fe00334c700|[g:1][CONSENSUS]addRawPrepare,height=421,reqIdx=0,hash=b0674ed2...,time=0
info|2025-10-11 01:57:14.523384|PBFT-1-0x00007fe00334c700|[g:1][CONSENSUS][PBFT]checkTimeout Succ,view=44,toView=45,nodeIdx=3,changeCycle=1,myNode=87d00b98...,timecost=1
info|2025-10-11 01:57:14.530695|PBFT-1-0x00007fe00334c700|[g:1][CONSENSUS][PBFT]checkAndChangeView: Reach consensus,org_view=44,cur_changeCycle=1,curView=44,view=45
info|2025-10-11 01:57:16.870933|P2P-0x00007fe01eb83700|[g:1] [SYNC][id:87d00b98...][Download][Request]Receive block request,peer=374bdfe9...,from=184,to=184
info|2025-10-11 01:57:16.871375|SyncSend-1-0x00007fe00fb65700|[g:1][SYNC][id:87d00b98...][Download][Request][BlockSync]Batch blocks for sending,blockSize=24480,number=184,peer=374bdfe9...,timeCost=0
info|2025-10-11 01:57:16.871492|SyncSend-1-0x00007fe00fb65700|[g:1][g:1] [SYNC][id:374bdfe9...][Download][Request][BlockSync]Send block packet,peer=374bdfe9...,blocks=1,bytes(V)=24487
warning|2025-10-11 01:57:19.034176|PBFT-1-0x00007fe00334c700|[g:1][CONSENSUS][PBFT]ViewChangeWarning: not caused by omit empty block ,v=45,toV=46,curNum=420,hash=bb8b235d...,nodeIdx=3,myNode=87d00b98...
info|2025-10-11 01:57:19.034786|PBFT-1-0x00007fe00334c700|[g:1][CONSENSUS][PBFT]checkTimeout Succ,view=45,toView=46,nodeIdx=3,changeCycle=2,myNode=87d00b98...,timecost=2
info|2025-10-11 01:57:19.037657|PBFT-1-0x00007fe00334c700|[g:1][CONSENSUS][PBFT]checkAndChangeView: Reach consensus,org_view=45,cur_changeCycle=2,curView=45,view=46
info|2025-10-11 01:57:20.042712|PBFT-1-0x00007fe00334c700|[g:1][CONSENSUS]addRawPrepare,height=421,reqIdx=2,hash=e34d4599...,time=0
info|2025-10-11 01:57:20.047496|PBFT-1-0x00007fe00334c700|[g:1][CONSENSUS][PBFT]checkTimeout Succ,view=46,toView=47,nodeIdx=3,changeCycle=1,myNode=87d00b98...,timecost=4
info|2025-10-11 01:57:20.052776|PBFT-1-0x00007fe00334c700|[g:1][CONSENSUS][PBFT]checkAndChangeView: Reach consensus,org_view=46,cur_changeCycle=1,curView=46,view=47
info|2025-10-11 01:57:20.232707|io_service-0x00007fe01d380700|[P2P][Service] heartBeat,connected count=3
info|2025-10-11 01:57:20.553371|PBFTSeal-1-0x00007fdffbb3d700|[g:1][CONSENSUS][SEALER]++++++++++++++++ Generating seal on,blkNum=421,tx=1,nodeIdx=3,hash=36128ac2...
info|2025-10-11 01:57:20.555862|sealerWorker-0x00007fe00b35c700|[CONSENSUS]addRawPrepare,height=421,reqIdx=3,hash=36128ac2...,time=0
info|2025-10-11 01:57:20.556418|sealerWorker-0x00007fe00b35c700|[BLOCKVERIFIER][executeBlock]Executing block,txNum=1,num=421,parentHash=bb8b235d002cbfb5e87b72dcc10280c526fd9adf550bec784016df4f343212ff,parentNum=420,parentStateRoot=ee74dc538b2ce621bd3d5ec6dfa944f442a481b210b48b37746c1616da89f1b7
info|2025-10-11 01:57:20.556688|sealerWorker-0x00007fe00b35c700|[PRECOMPILED]init GasChargeManagePrecompiled
info|2025-10-11 01:57:20.557652|sealerWorker-0x00007fe00b35c700|[STORAGE][MemoryTableFactory2]createTable,table name=c_cb6342e9bfd76524bcbf178203ee5d6b5caf1852,keyField=key,valueField=value
info|2025-10-11 01:57:20.558515|sealerWorker-0x00007fe00b35c700|[CONSENSUS][PBFT]execBlock,blkNum=421,reqIdx=3,hash=4a9a2f4c...,nodeIdx=3,myNode=87d00b98...,decodeCost=0,checkCost=0,notifyCost=0,noteSealingCost=0,currentCycle=1,verifyAndSetSenderCost=0,execCost=2,execPerTx=2,totalCost=2
info|2025-10-11 01:57:20.561750|sealerWorker-0x00007fe00b35c700|[CONSENSUS][PBFT]handlePrepareMsg Succ,timecost=3,INFO=handlePrepareMsg,reqIdx=3,view=47,reqNum=421,curNum=420,consNum=421,curView=47,fromIp=self,hash=36128ac2...,nodeIdx=3,myNode=87d00b98...,curChangeCycle=1
info|2025-10-11 01:57:20.561818|sealerWorker-0x00007fe00b35c700|[CONSENSUS][PBFT]generateLocalPrepare,hash=36128ac2...,H=421,nodeIdx=3,myNode=87d00b98...
info|2025-10-11 01:57:20.567506|PBFT-1-0x00007fe00334c700|[g:1][CONSENSUS][PBFT]handleSignMsg Succ,Timecost=1,INFO=handleSignMsg,num=421,curNum=420,GenIdx=0,Sview=47,view=47,fromIdx=0,fromNode=064cb676...,fromIp=127.0.0.1:30303,hash=4a9a2f4c...,nodeIdx=3,myNode=87d00b98...
info|2025-10-11 01:57:20.571266|PBFT-1-0x00007fe00334c700|[g:1][CONSENSUS][PBFT]checkAndCommit: backup/updateCommittedPrepare,reqNum=421,hash=36128ac2...,nodeIdx=3,myNode=87d00b98...
info|2025-10-11 01:57:20.572947|PBFT-1-0x00007fe00334c700|[g:1][CONSENSUS][PBFT]handleSignMsg Succ,Timecost=4,INFO=handleSignMsg,num=421,curNum=420,GenIdx=2,Sview=47,view=47,fromIdx=2,fromNode=73994dae...,fromIp=127.0.0.1:30300,hash=4a9a2f4c...,nodeIdx=3,myNode=87d00b98...
info|2025-10-11 01:57:20.578602|PBFT-1-0x00007fe00334c700|[g:1][CONSENSUS][PBFT]handleCommitMsg Succ,INFO=handleCommitMsg,reqNum=421,curNum=420,GenIdx=0,Cview=47,view=47,fromIdx=0,fromNode=064cb676...,fromIp=127.0.0.1:30303,hash=4a9a2f4c...,nodeIdx=3,myNode=87d00b98...,Timecost=1
info|2025-10-11 01:57:20.579770|PBFT-1-0x00007fe00334c700|[g:1][CONSENSUS][PBFT]checkAndSave: CommitReq enough,prepareHeight=421,commitSize=3,hash=4a9a2f4c...,nodeIdx=3,myNode=87d00b98...
info|2025-10-11 01:57:20.584679|PBFT-1-0x00007fe00334c700|[g:1][g:1][STORAGE][CachedStorage]commit: 9 num: 421
info|2025-10-11 01:57:20.585702|taskPool-1-0x00007fe00c35e700|[g:1][g:1][STORAGE][CachedStorage]Start commit block: 421 to backend storage
info|2025-10-11 01:57:20.592288|PBFT-1-0x00007fe00334c700|[g:1][g:1][STORAGE][CachedStorage]Submited block task: 421, current syncd block: 420
info|2025-10-11 01:57:20.592505|PBFT-1-0x00007fe00334c700|[g:1]Push block notify: 1-421
info|2025-10-11 01:57:20.600039|PBFT-1-0x00007fe00334c700|[g:1][CONSENSUS][PBFT]CommitBlock Succ,prepareHeight=421,reqIdx=3,hash=4a9a2f4c...,nodeIdx=3,myNode=87d00b98...,genSigTimeCost=3,commitBlockTimeCost=12,dropTxsTimeCost=0,noteSealingTimeCost=6,totalTimeCost=21
info|2025-10-11 01:57:20.600244|PBFT-1-0x00007fe00334c700|[g:1][CONSENSUS][PBFT]handleCommitMsg Succ,INFO=handleCommitMsg,reqNum=421,curNum=420,GenIdx=2,Cview=47,view=47,fromIdx=2,fromNode=73994dae...,fromIp=127.0.0.1:30300,hash=4a9a2f4c...,nodeIdx=3,myNode=87d00b98...,Timecost=22
info|2025-10-11 01:57:20.600633|PBFTSeal-1-0x00007fdffbb3d700|[g:1][CONSENSUS][SEALER]increase maxNoTimeoutTx,maxNoTimeoutTx=1
info|2025-10-11 01:57:20.600647|PBFTSeal-1-0x00007fdffbb3d700|[g:1][CONSENSUS][PBFT]^^^^^^^^Report,num=421,sealerIdx=3,hash=4a9a2f4c...,next=422,tx=1,nodeIdx=3
info|2025-10-11 01:57:20.677263|taskPool-1-0x00007fe00c35e700|[g:1][g:1][STORAGE][CachedStorage]
---------------------------------------------------------------------
Commit block: 421 to backend storage finished, current cached block: 421
Flush elapsed time: 0.0915s
---------------------------------------------------------------------
info|2025-10-11 01:57:23.278901|P2P-0x00007fe01eb83700|[g:1] [SYNC][id:87d00b98...][Download][Request]Receive block request,peer=374bdfe9...,from=184,to=184
info|2025-10-11 01:57:23.279313|SyncSend-1-0x00007fe00fb65700|[g:1][SYNC][id:87d00b98...][Download][Request][BlockSync]Batch blocks for sending,blockSize=24480,number=184,peer=374bdfe9...,timeCost=0
info|2025-10-11 01:57:23.279379|SyncSend-1-0x00007fe00fb65700|[g:1][g:1] [SYNC][id:374bdfe9...][Download][Request][BlockSync]Send block packet,peer=374bdfe9...,blocks=1,bytes(V)=24487
warning|2025-10-11 01:57:23.601983|PBFT-1-0x00007fe00334c700|[g:1][CONSENSUS][PBFT]ViewChangeWarning: not caused by omit empty block ,v=0,toV=1,curNum=421,hash=4a9a2f4c...,nodeIdx=3,myNode=87d00b98...
info|2025-10-11 01:57:23.602153|PBFT-1-0x00007fe00334c700|[g:1][CONSENSUS][PBFT]checkTimeout Succ,view=0,toView=1,nodeIdx=3,changeCycle=1,myNode=87d00b98...,timecost=2
info|2025-10-11 01:57:23.611725|PBFT-1-0x00007fe00334c700|[g:1][CONSENSUS][PBFT]checkAndChangeView: Reach consensus,org_view=0,cur_changeCycle=1,curView=0,view=1
info|2025-10-11 01:57:24.613969|PBFT-1-0x00007fe00334c700|[g:1][CONSENSUS]addRawPrepare,height=422,reqIdx=2,hash=53da3950...,time=0
info|2025-10-11 01:57:24.619854|PBFT-1-0x00007fe00334c700|[g:1][CONSENSUS][PBFT]checkTimeout Succ,view=1,toView=2,nodeIdx=3,changeCycle=1,myNode=87d00b98...,timecost=5
info|2025-10-11 01:57:24.627888|PBFT-1-0x00007fe00334c700|[g:1][CONSENSUS][PBFT]checkAndChangeView: Reach consensus,org_view=1,cur_changeCycle=1,curView=1,view=2
info|2025-10-11 01:57:25.627636|PBFTSeal-1-0x00007fdffbb3d700|[g:1][CONSENSUS][SEALER]++++++++++++++++ Generating seal on,blkNum=422,tx=0,nodeIdx=3,hash=b7812a1f...
info|2025-10-11 01:57:25.635580|PBFT-1-0x00007fe00334c700|[g:1][CONSENSUS][PBFT]checkTimeout Succ,view=2,toView=3,nodeIdx=3,changeCycle=1,myNode=87d00b98...,timecost=6
info|2025-10-11 01:57:25.645244|PBFT-1-0x00007fe00334c700|[g:1][CONSENSUS][PBFT]checkAndChangeView: Reach consensus,org_view=2,cur_changeCycle=1,curView=2,view=3
info|2025-10-11 01:57:26.648686|PBFT-1-0x00007fe00334c700|[g:1][CONSENSUS]addRawPrepare,height=422,reqIdx=0,hash=150b88b1...,time=0
info|2025-10-11 01:57:26.652173|PBFT-1-0x00007fe00334c700|[g:1][CONSENSUS][PBFT]checkTimeout Succ,view=3,toView=4,nodeIdx=3,changeCycle=1,myNode=87d00b98...,timecost=2
info|2025-10-11 01:57:26.658960|PBFT-1-0x00007fe00334c700|[g:1][CONSENSUS][PBFT]checkAndChangeView: Reach consensus,org_view=3,cur_changeCycle=1,curView=3,view=4
info|2025-10-11 01:57:29.681658|P2P-0x00007fe01f384700|[g:1] [SYNC][id:87d00b98...][Download][Request]Receive block request,peer=374bdfe9...,from=184,to=184
info|2025-10-11 01:57:29.681999|SyncSend-1-0x00007fe00fb65700|[g:1][SYNC][id:87d00b98...][Download][Request][BlockSync]Batch blocks for sending,blockSize=24480,number=184,peer=374bdfe9...,timeCost=1
info|2025-10-11 01:57:29.682080|SyncSend-1-0x00007fe00fb65700|[g:1][g:1] [SYNC][id:374bdfe9...][Download][Request][BlockSync]Send block packet,peer=374bdfe9...,blocks=1,bytes(V)=24487
info|2025-10-11 01:57:30.233275|io_service-0x00007fe01d380700|[P2P][Service] heartBeat,connected count=3
warning|2025-10-11 01:57:31.168363|PBFT-1-0x00007fe00334c700|[g:1][CONSENSUS][PBFT]ViewChangeWarning: not caused by omit empty block ,v=4,toV=5,curNum=421,hash=4a9a2f4c...,nodeIdx=3,myNode=87d00b98...
info|2025-10-11 01:57:31.168850|PBFT-1-0x00007fe00334c700|[g:1][CONSENSUS][PBFT]checkTimeout Succ,view=4,toView=5,nodeIdx=3,changeCycle=2,myNode=87d00b98...,timecost=4
info|2025-10-11 01:57:31.171581|PBFT-1-0x00007fe00334c700|[g:1][CONSENSUS][PBFT]checkAndChangeView: Reach consensus,org_view=4,cur_changeCycle=2,curView=4,view=5
info|2025-10-11 01:57:32.178841|PBFT-1-0x00007fe00334c700|[g:1][CONSENSUS]addRawPrepare,height=422,reqIdx=2,hash=ce568cc0...,time=0
info|2025-10-11 01:57:32.181520|PBFT-1-0x00007fe00334c700|[g:1][CONSENSUS][PBFT]checkTimeout Succ,view=5,toView=6,nodeIdx=3,changeCycle=1,myNode=87d00b98...,timecost=2
info|2025-10-11 01:57:32.189829|PBFT-1-0x00007fe00334c700|[g:1][CONSENSUS][PBFT]checkAndChangeView: Reach consensus,org_view=5,cur_changeCycle=1,curView=5,view=6
info|2025-10-11 01:57:33.189882|PBFTSeal-1-0x00007fdffbb3d700|[g:1][CONSENSUS][SEALER]++++++++++++++++ Generating seal on,blkNum=422,tx=0,nodeIdx=3,hash=2637a70e...
info|2025-10-11 01:57:33.194952|PBFT-1-0x00007fe00334c700|[g:1][CONSENSUS][PBFT]checkTimeout Succ,view=6,toView=7,nodeIdx=3,changeCycle=1,myNode=87d00b98...,timecost=3
info|2025-10-11 01:57:33.200420|PBFT-1-0x00007fe00334c700|[g:1][CONSENSUS][PBFT]checkAndChangeView: Reach consensus,org_view=6,cur_changeCycle=1,curView=6,view=7
info|2025-10-11 01:57:34.206346|PBFT-1-0x00007fe00334c700|[g:1][CONSENSUS]addRawPrepare,height=422,reqIdx=0,hash=6dead8a7...,time=0
info|2025-10-11 01:57:34.209302|PBFT-1-0x00007fe00334c700|[g:1][CONSENSUS][PBFT]checkTimeout Succ,view=7,toView=8,nodeIdx=3,changeCycle=1,myNode=87d00b98...,timecost=3
info|2025-10-11 01:57:34.214754|PBFT-1-0x00007fe00334c700|[g:1][CONSENSUS][PBFT]checkAndChangeView: Reach consensus,org_view=7,cur_changeCycle=1,curView=7,view=8
warning|2025-10-11 01:57:38.719496|PBFT-1-0x00007fe00334c700|[g:1][CONSENSUS][PBFT]ViewChangeWarning: not caused by omit empty block ,v=8,toV=9,curNum=421,hash=4a9a2f4c...,nodeIdx=3,myNode=87d00b98...
info|2025-10-11 01:57:38.719688|PBFT-1-0x00007fe00334c700|[g:1][CONSENSUS][PBFT]checkTimeout Succ,view=8,toView=9,nodeIdx=3,changeCycle=2,myNode=87d00b98...,timecost=2
info|2025-10-11 01:57:38.721469|PBFT-1-0x00007fe00334c700|[g:1][CONSENSUS][PBFT]checkAndChangeView: Reach consensus,org_view=8,cur_changeCycle=2,curView=8,view=9
info|2025-10-11 01:57:39.728107|PBFT-1-0x00007fe00334c700|[g:1][CONSENSUS]addRawPrepare,height=422,reqIdx=2,hash=b5193320...,time=0
info|2025-10-11 01:57:39.730122|PBFT-1-0x00007fe00334c700|[g:1][CONSENSUS][PBFT]checkTimeout Succ,view=9,toView=10,nodeIdx=3,changeCycle=1,myNode=87d00b98...,timecost=2
info|2025-10-11 01:57:39.733737|PBFT-1-0x00007fe00334c700|[g:1][CONSENSUS][PBFT]checkAndChangeView: Reach consensus,org_view=9,cur_changeCycle=1,curView=9,view=10
info|2025-10-11 01:57:40.233681|io_service-0x00007fe01d380700|[P2P][Service] heartBeat,connected count=3
info|2025-10-11 01:57:40.734619|PBFTSeal-1-0x00007fdffbb3d700|[g:1][CONSENSUS][SEALER]++++++++++++++++ Generating seal on,blkNum=422,tx=0,nodeIdx=3,hash=e3a31adf...
info|2025-10-11 01:57:40.739028|PBFT-1-0x00007fe00334c700|[g:1][CONSENSUS][PBFT]checkTimeout Succ,view=10,toView=11,nodeIdx=3,changeCycle=1,myNode=87d00b98...,timecost=3
info|2025-10-11 01:57:40.747284|PBFT-1-0x00007fe00334c700|[g:1][CONSENSUS][PBFT]checkAndChangeView: Reach consensus,org_view=10,cur_changeCycle=1,curView=10,view=11
info|2025-10-11 01:57:41.751557|PBFT-1-0x00007fe00334c700|[g:1][CONSENSUS]addRawPrepare,height=422,reqIdx=0,hash=ec218cef...,time=0
info|2025-10-11 01:57:41.757793|PBFT-1-0x00007fe00334c700|[g:1][CONSENSUS][PBFT]checkTimeout Succ,view=11,toView=12,nodeIdx=3,changeCycle=1,myNode=87d00b98...,timecost=6
info|2025-10-11 01:57:41.762284|PBFT-1-0x00007fe00334c700|[g:1][CONSENSUS][PBFT]checkAndChangeView: Reach consensus,org_view=11,cur_changeCycle=1,curView=11,view=12
warning|2025-10-11 01:57:46.264149|PBFT-1-0x00007fe00334c700|[g:1][CONSENSUS][PBFT]ViewChangeWarning: not caused by omit empty block ,v=12,toV=13,curNum=421,hash=4a9a2f4c...,nodeIdx=3,myNode=87d00b98...
info|2025-10-11 01:57:46.264313|PBFT-1-0x00007fe00334c700|[g:1][CONSENSUS][PBFT]checkTimeout Succ,view=12,toView=13,nodeIdx=3,changeCycle=2,myNode=87d00b98...,timecost=2
info|2025-10-11 01:57:46.270281|PBFT-1-0x00007fe00334c700|[g:1][CONSENSUS][PBFT]checkAndChangeView: Reach consensus,org_view=12,cur_changeCycle=2,curView=12,view=13
info|2025-10-11 01:57:47.274542|PBFT-1-0x00007fe00334c700|[g:1][CONSENSUS]addRawPrepare,height=422,reqIdx=2,hash=49c62f8d...,time=0
info|2025-10-11 01:57:47.275774|PBFT-1-0x00007fe00334c700|[g:1][CONSENSUS][PBFT]checkTimeout Succ,view=13,toView=14,nodeIdx=3,changeCycle=1,myNode=87d00b98...,timecost=1
info|2025-10-11 01:57:47.280404|PBFT-1-0x00007fe00334c700|[g:1][CONSENSUS][PBFT]checkAndChangeView: Reach consensus,org_view=13,cur_changeCycle=1,curView=13,view=14
info|2025-10-11 01:57:48.280544|PBFTSeal-1-0x00007fdffbb3d700|[g:1][CONSENSUS][SEALER]++++++++++++++++ Generating seal on,blkNum=422,tx=0,nodeIdx=3,hash=52d84b75...
info|2025-10-11 01:57:48.288359|PBFT-1-0x00007fe00334c700|[g:1][CONSENSUS][PBFT]checkTimeout Succ,view=14,toView=15,nodeIdx=3,changeCycle=1,myNode=87d00b98...,timecost=3
info|2025-10-11 01:57:48.291807|PBFT-1-0x00007fe00334c700|[g:1][CONSENSUS][PBFT]checkAndChangeView: Reach consensus,org_view=14,cur_changeCycle=1,curView=14,view=15
info|2025-10-11 01:57:49.097409|P2P-0x00007fe01f384700|[g:1] [SYNC][id:87d00b98...][Download][Request]Receive block request,peer=374bdfe9...,from=184,to=184
info|2025-10-11 01:57:49.097729|SyncSend-1-0x00007fe00fb65700|[g:1][SYNC][id:87d00b98...][Download][Request][BlockSync]Batch blocks for sending,blockSize=24480,number=184,peer=374bdfe9...,timeCost=0
info|2025-10-11 01:57:49.097813|SyncSend-1-0x00007fe00fb65700|[g:1][g:1] [SYNC][id:374bdfe9...][Download][Request][BlockSync]Send block packet,peer=374bdfe9...,blocks=1,bytes(V)=24487
info|2025-10-11 01:57:49.297089|PBFT-1-0x00007fe00334c700|[g:1][CONSENSUS]addRawPrepare,height=422,reqIdx=0,hash=c6321ee1...,time=0
info|2025-10-11 01:57:49.300178|PBFT-1-0x00007fe00334c700|[g:1][CONSENSUS][PBFT]checkTimeout Succ,view=15,toView=16,nodeIdx=3,changeCycle=1,myNode=87d00b98...,timecost=3
info|2025-10-11 01:57:49.305106|PBFT-1-0x00007fe00334c700|[g:1][CONSENSUS][PBFT]checkAndChangeView: Reach consensus,org_view=15,cur_changeCycle=1,curView=15,view=16
info|2025-10-11 01:57:50.234789|io_service-0x00007fe01d380700|[P2P][Service] heartBeat,connected count=3
warning|2025-10-11 01:57:53.811720|PBFT-1-0x00007fe00334c700|[g:1][CONSENSUS][PBFT]ViewChangeWarning: not caused by omit empty block ,v=16,toV=17,curNum=421,hash=4a9a2f4c...,nodeIdx=3,myNode=87d00b98...
info|2025-10-11 01:57:53.811904|PBFT-1-0x00007fe00334c700|[g:1][CONSENSUS][PBFT]checkTimeout Succ,view=16,toView=17,nodeIdx=3,changeCycle=2,myNode=87d00b98...,timecost=1
info|2025-10-11 01:57:53.814450|PBFT-1-0x00007fe00334c700|[g:1][CONSENSUS][PBFT]checkAndChangeView: Reach consensus,org_view=16,cur_changeCycle=2,curView=16,view=17
info|2025-10-11 01:57:54.822096|PBFT-1-0x00007fe00334c700|[g:1][CONSENSUS]addRawPrepare,height=422,reqIdx=2,hash=5717fb23...,time=0
info|2025-10-11 01:57:54.825325|PBFT-1-0x00007fe00334c700|[g:1][CONSENSUS][PBFT]checkTimeout Succ,view=17,toView=18,nodeIdx=3,changeCycle=1,myNode=87d00b98...,timecost=3
info|2025-10-11 01:57:54.831338|PBFT-1-0x00007fe00334c700|[g:1][CONSENSUS][PBFT]checkAndChangeView: Reach consensus,org_view=17,cur_changeCycle=1,curView=17,view=18
info|2025-10-11 01:57:55.501997|P2P-0x00007fe01f384700|[g:1] [SYNC][id:87d00b98...][Download][Request]Receive block request,peer=374bdfe9...,from=184,to=184
info|2025-10-11 01:57:55.502332|SyncSend-1-0x00007fe00fb65700|[g:1][SYNC][id:87d00b98...][Download][Request][BlockSync]Batch blocks for sending,blockSize=24480,number=184,peer=374bdfe9...,timeCost=0
info|2025-10-11 01:57:55.502384|SyncSend-1-0x00007fe00fb65700|[g:1][g:1] [SYNC][id:374bdfe9...][Download][Request][BlockSync]Send block packet,peer=374bdfe9...,blocks=1,bytes(V)=24487
info|2025-10-11 01:57:55.831450|PBFTSeal-1-0x00007fdffbb3d700|[g:1][CONSENSUS][SEALER]++++++++++++++++ Generating seal on,blkNum=422,tx=0,nodeIdx=3,hash=98c24c13...
info|2025-10-11 01:57:55.834642|PBFT-1-0x00007fe00334c700|[g:1][CONSENSUS][PBFT]checkTimeout Succ,view=18,toView=19,nodeIdx=3,changeCycle=1,myNode=87d00b98...,timecost=2
info|2025-10-11 01:57:55.843423|PBFT-1-0x00007fe00334c700|[g:1][CONSENSUS][PBFT]checkAndChangeView: Reach consensus,org_view=18,cur_changeCycle=1,curView=18,view=19
info|2025-10-11 01:57:56.851031|PBFT-1-0x00007fe00334c700|[g:1][CONSENSUS]addRawPrepare,height=422,reqIdx=0,hash=46253dff...,time=0
info|2025-10-11 01:57:56.852599|PBFT-1-0x00007fe00334c700|[g:1][CONSENSUS][PBFT]checkTimeout Succ,view=19,toView=20,nodeIdx=3,changeCycle=1,myNode=87d00b98...,timecost=1
info|2025-10-11 01:57:56.856874|PBFT-1-0x00007fe00334c700|[g:1][CONSENSUS][PBFT]checkAndChangeView: Reach consensus,org_view=19,cur_changeCycle=1,curView=19,view=20
info|2025-10-11 01:58:00.235252|io_service-0x00007fe01d380700|[P2P][Service] heartBeat,connected count=3
warning|2025-10-11 01:58:01.366379|PBFT-1-0x00007fe00334c700|[g:1][CONSENSUS][PBFT]ViewChangeWarning: not caused by omit empty block ,v=20,toV=21,curNum=421,hash=4a9a2f4c...,nodeIdx=3,myNode=87d00b98...
info|2025-10-11 01:58:01.371872|PBFT-1-0x00007fe00334c700|[g:1][CONSENSUS][PBFT]checkTimeout Succ,view=20,toView=21,nodeIdx=3,changeCycle=2,myNode=87d00b98...,timecost=8
info|2025-10-11 01:58:01.377589|PBFT-1-0x00007fe00334c700|[g:1][CONSENSUS][PBFT]checkAndChangeView: Reach consensus,org_view=20,cur_changeCycle=2,curView=20,view=21
info|2025-10-11 01:58:01.910973|P2P-0x00007fe01db81700|[g:1] [SYNC][id:87d00b98...][Download][Request]Receive block request,peer=374bdfe9...,from=184,to=184
info|2025-10-11 01:58:01.911444|SyncSend-1-0x00007fe00fb65700|[g:1][SYNC][id:87d00b98...][Download][Request][BlockSync]Batch blocks for sending,blockSize=24480,number=184,peer=374bdfe9...,timeCost=0
info|2025-10-11 01:58:01.911559|SyncSend-1-0x00007fe00fb65700|[g:1][g:1] [SYNC][id:374bdfe9...][Download][Request][BlockSync]Send block packet,peer=374bdfe9...,blocks=1,bytes(V)=24487
info|2025-10-11 01:58:02.390830|PBFT-1-0x00007fe00334c700|[g:1][CONSENSUS]addRawPrepare,height=422,reqIdx=2,hash=0a7a238e...,time=0
info|2025-10-11 01:58:02.393466|PBFT-1-0x00007fe00334c700|[g:1][CONSENSUS][PBFT]checkTimeout Succ,view=21,toView=22,nodeIdx=3,changeCycle=1,myNode=87d00b98...,timecost=2
info|2025-10-11 01:58:02.404019|PBFT-1-0x00007fe00334c700|[g:1][CONSENSUS][PBFT]checkAndChangeView: Reach consensus,org_view=21,cur_changeCycle=1,curView=21,view=22
info|2025-10-11 01:58:03.404523|PBFTSeal-1-0x00007fdffbb3d700|[g:1][CONSENSUS][SEALER]++++++++++++++++ Generating seal on,blkNum=422,tx=0,nodeIdx=3,hash=5f378b9d...
info|2025-10-11 01:58:03.407991|PBFT-1-0x00007fe00334c700|[g:1][CONSENSUS][PBFT]checkTimeout Succ,view=22,toView=23,nodeIdx=3,changeCycle=1,myNode=87d00b98...,timecost=2
info|2025-10-11 01:58:03.415831|PBFT-1-0x00007fe00334c700|[g:1][CONSENSUS][PBFT]checkAndChangeView: Reach consensus,org_view=22,cur_changeCycle=1,curView=22,view=23
info|2025-10-11 01:58:04.420990|PBFT-1-0x00007fe00334c700|[g:1][CONSENSUS]addRawPrepare,height=422,reqIdx=0,hash=f432a50c...,time=1
info|2025-10-11 01:58:04.423751|PBFT-1-0x00007fe00334c700|[g:1][CONSENSUS][PBFT]checkTimeout Succ,view=23,toView=24,nodeIdx=3,changeCycle=1,myNode=87d00b98...,timecost=2
info|2025-10-11 01:58:04.427275|PBFT-1-0x00007fe00334c700|[g:1][CONSENSUS][PBFT]checkAndChangeView: Reach consensus,org_view=23,cur_changeCycle=1,curView=23,view=24
warning|2025-10-11 01:58:08.932061|PBFT-1-0x00007fe00334c700|[g:1][CONSENSUS][PBFT]ViewChangeWarning: not caused by omit empty block ,v=24,toV=25,curNum=421,hash=4a9a2f4c...,nodeIdx=3,myNode=87d00b98...
info|2025-10-11 01:58:08.932247|PBFT-1-0x00007fe00334c700|[g:1][CONSENSUS][PBFT]checkTimeout Succ,view=24,toView=25,nodeIdx=3,changeCycle=2,myNode=87d00b98...,timecost=2
info|2025-10-11 01:58:08.937901|PBFT-1-0x00007fe00334c700|[g:1][CONSENSUS][PBFT]checkAndChangeView: Reach consensus,org_view=24,cur_changeCycle=2,curView=24,view=25
info|2025-10-11 01:58:09.941954|PBFT-1-0x00007fe00334c700|[g:1][CONSENSUS]addRawPrepare,height=422,reqIdx=2,hash=bc233856...,time=0
info|2025-10-11 01:58:09.944940|PBFT-1-0x00007fe00334c700|[g:1][CONSENSUS][PBFT]checkTimeout Succ,view=25,toView=26,nodeIdx=3,changeCycle=1,myNode=87d00b98...,timecost=2
info|2025-10-11 01:58:09.950204|PBFT-1-0x00007fe00334c700|[g:1][CONSENSUS][PBFT]checkAndChangeView: Reach consensus,org_view=25,cur_changeCycle=1,curView=25,view=26
info|2025-10-11 01:58:10.235623|io_service-0x00007fe01d380700|[P2P][Service] heartBeat,connected count=3
info|2025-10-11 01:58:10.950697|PBFTSeal-1-0x00007fdffbb3d700|[g:1][CONSENSUS][SEALER]++++++++++++++++ Generating seal on,blkNum=422,tx=0,nodeIdx=3,hash=e55dd742...
info|2025-10-11 01:58:10.956378|PBFT-1-0x00007fe00334c700|[g:1][CONSENSUS][PBFT]checkTimeout Succ,view=26,toView=27,nodeIdx=3,changeCycle=1,myNode=87d00b98...,timecost=4
info|2025-10-11 01:58:10.960903|PBFT-1-0x00007fe00334c700|[g:1][CONSENSUS][PBFT]checkAndChangeView: Reach consensus,org_view=26,cur_changeCycle=1,curView=26,view=27
info|2025-10-11 01:58:11.965966|PBFT-1-0x00007fe00334c700|[g:1][CONSENSUS]addRawPrepare,height=422,reqIdx=0,hash=5ba344e2...,time=0
info|2025-10-11 01:58:11.967517|PBFT-1-0x00007fe00334c700|[g:1][CONSENSUS][PBFT]checkTimeout Succ,view=27,toView=28,nodeIdx=3,changeCycle=1,myNode=87d00b98...,timecost=1
info|2025-10-11 01:58:11.973126|PBFT-1-0x00007fe00334c700|[g:1][CONSENSUS][PBFT]checkAndChangeView: Reach consensus,org_view=27,cur_changeCycle=1,curView=27,view=28
warning|2025-10-11 01:58:16.478921|PBFT-1-0x00007fe00334c700|[g:1][CONSENSUS][PBFT]ViewChangeWarning: not caused by omit empty block ,v=28,toV=29,curNum=421,hash=4a9a2f4c...,nodeIdx=3,myNode=87d00b98...
info|2025-10-11 01:58:16.479706|PBFT-1-0x00007fe00334c700|[g:1][CONSENSUS][PBFT]checkTimeout Succ,view=28,toView=29,nodeIdx=3,changeCycle=2,myNode=87d00b98...,timecost=2
info|2025-10-11 01:58:16.482794|PBFT-1-0x00007fe00334c700|[g:1][CONSENSUS][PBFT]checkAndChangeView: Reach consensus,org_view=28,cur_changeCycle=2,curView=28,view=29
info|2025-10-11 01:58:17.486777|PBFT-1-0x00007fe00334c700|[g:1][CONSENSUS]addRawPrepare,height=422,reqIdx=2,hash=fdcc3c95...,time=1
info|2025-10-11 01:58:17.489133|PBFT-1-0x00007fe00334c700|[g:1][CONSENSUS][PBFT]checkTimeout Succ,view=29,toView=30,nodeIdx=3,changeCycle=1,myNode=87d00b98...,timecost=2
info|2025-10-11 01:58:17.492708|PBFT-1-0x00007fe00334c700|[g:1][CONSENSUS][PBFT]checkAndChangeView: Reach consensus,org_view=29,cur_changeCycle=1,curView=29,view=30
info|2025-10-11 01:58:18.492593|PBFTSeal-1-0x00007fdffbb3d700|[g:1][CONSENSUS][SEALER]++++++++++++++++ Generating seal on,blkNum=422,tx=0,nodeIdx=3,hash=c0720a39...
info|2025-10-11 01:58:18.504051|PBFT-1-0x00007fe00334c700|[g:1][CONSENSUS][PBFT]checkTimeout Succ,view=30,toView=31,nodeIdx=3,changeCycle=1,myNode=87d00b98...,timecost=3
info|2025-10-11 01:58:18.507029|PBFT-1-0x00007fe00334c700|[g:1][CONSENSUS][PBFT]checkAndChangeView: Reach consensus,org_view=30,cur_changeCycle=1,curView=30,view=31
info|2025-10-11 01:58:19.518503|PBFT-1-0x00007fe00334c700|[g:1][CONSENSUS]addRawPrepare,height=422,reqIdx=0,hash=91de57e1...,time=0
info|2025-10-11 01:58:19.521879|PBFT-1-0x00007fe00334c700|[g:1][CONSENSUS][PBFT]checkTimeout Succ,view=31,toView=32,nodeIdx=3,changeCycle=1,myNode=87d00b98...,timecost=3
info|2025-10-11 01:58:19.530476|PBFT-1-0x00007fe00334c700|[g:1][CONSENSUS][PBFT]checkAndChangeView: Reach consensus,org_view=31,cur_changeCycle=1,curView=31,view=32
info|2025-10-11 01:58:20.236326|io_service-0x00007fe01d380700|[P2P][Service] heartBeat,connected count=3
info|2025-10-11 01:58:21.123661|P2P-0x00007fe01e382700|[g:1] [SYNC][id:87d00b98...][Download][Request]Receive block request,peer=374bdfe9...,from=184,to=184
info|2025-10-11 01:58:21.123974|SyncSend-1-0x00007fe00fb65700|[g:1][SYNC][id:87d00b98...][Download][Request][BlockSync]Batch blocks for sending,blockSize=24480,number=184,peer=374bdfe9...,timeCost=0
info|2025-10-11 01:58:21.124061|SyncSend-1-0x00007fe00fb65700|[g:1][g:1] [SYNC][id:374bdfe9...][Download][Request][BlockSync]Send block packet,peer=374bdfe9...,blocks=1,bytes(V)=24487
warning|2025-10-11 01:58:24.043927|PBFT-1-0x00007fe00334c700|[g:1][CONSENSUS][PBFT]ViewChangeWarning: not caused by omit empty block ,v=32,toV=33,curNum=421,hash=4a9a2f4c...,nodeIdx=3,myNode=87d00b98...
info|2025-10-11 01:58:24.044387|PBFT-1-0x00007fe00334c700|[g:1][CONSENSUS][PBFT]checkTimeout Succ,view=32,toView=33,nodeIdx=3,changeCycle=2,myNode=87d00b98...,timecost=2
info|2025-10-11 01:58:24.047631|PBFT-1-0x00007fe00334c700|[g:1][CONSENSUS][PBFT]checkAndChangeView: Reach consensus,org_view=32,cur_changeCycle=2,curView=32,view=33
info|2025-10-11 01:58:25.052303|PBFT-1-0x00007fe00334c700|[g:1][CONSENSUS]addRawPrepare,height=422,reqIdx=2,hash=a0f6d402...,time=0
info|2025-10-11 01:58:25.057370|PBFT-1-0x00007fe00334c700|[g:1][CONSENSUS][PBFT]checkTimeout Succ,view=33,toView=34,nodeIdx=3,changeCycle=1,myNode=87d00b98...,timecost=5
info|2025-10-11 01:58:25.060414|PBFT-1-0x00007fe00334c700|[g:1][CONSENSUS][PBFT]checkAndChangeView: Reach consensus,org_view=33,cur_changeCycle=1,curView=33,view=34
info|2025-10-11 01:58:26.063293|PBFTSeal-1-0x00007fdffbb3d700|[g:1][CONSENSUS][SEALER]++++++++++++++++ Generating seal on,blkNum=422,tx=0,nodeIdx=3,hash=a40a17d7...
info|2025-10-11 01:58:26.072975|PBFT-1-0x00007fe00334c700|[g:1][CONSENSUS][PBFT]checkTimeout Succ,view=34,toView=35,nodeIdx=3,changeCycle=1,myNode=87d00b98...,timecost=2
info|2025-10-11 01:58:26.075371|PBFT-1-0x00007fe00334c700|[g:1][CONSENSUS][PBFT]checkAndChangeView: Reach consensus,org_view=34,cur_changeCycle=1,curView=34,view=35
info|2025-10-11 01:58:27.079796|PBFT-1-0x00007fe00334c700|[g:1][CONSENSUS]addRawPrepare,height=422,reqIdx=0,hash=e1c96de0...,time=0
info|2025-10-11 01:58:27.081586|PBFT-1-0x00007fe00334c700|[g:1][CONSENSUS][PBFT]checkTimeout Succ,view=35,toView=36,nodeIdx=3,changeCycle=1,myNode=87d00b98...,timecost=1
info|2025-10-11 01:58:27.088294|PBFT-1-0x00007fe00334c700|[g:1][CONSENSUS][PBFT]checkAndChangeView: Reach consensus,org_view=35,cur_changeCycle=1,curView=35,view=36
info|2025-10-11 01:58:30.236495|io_service-0x00007fe01d380700|[P2P][Service] heartBeat,connected count=3
warning|2025-10-11 01:58:31.594273|PBFT-1-0x00007fe00334c700|[g:1][CONSENSUS][PBFT]ViewChangeWarning: not caused by omit empty block ,v=36,toV=37,curNum=421,hash=4a9a2f4c...,nodeIdx=3,myNode=87d00b98...
info|2025-10-11 01:58:31.595745|PBFT-1-0x00007fe00334c700|[g:1][CONSENSUS][PBFT]checkTimeout Succ,view=36,toView=37,nodeIdx=3,changeCycle=2,myNode=87d00b98...,timecost=3
info|2025-10-11 01:58:31.598639|PBFT-1-0x00007fe00334c700|[g:1][CONSENSUS][PBFT]checkAndChangeView: Reach consensus,org_view=36,cur_changeCycle=2,curView=36,view=37
info|2025-10-11 01:58:32.606511|PBFT-1-0x00007fe00334c700|[g:1][CONSENSUS]addRawPrepare,height=422,reqIdx=2,hash=2e04db5c...,time=0
info|2025-10-11 01:58:32.609906|PBFT-1-0x00007fe00334c700|[g:1][CONSENSUS][PBFT]checkTimeout Succ,view=37,toView=38,nodeIdx=3,changeCycle=1,myNode=87d00b98...,timecost=3
info|2025-10-11 01:58:32.614704|PBFT-1-0x00007fe00334c700|[g:1][CONSENSUS][PBFT]checkAndChangeView: Reach consensus,org_view=37,cur_changeCycle=1,curView=37,view=38
info|2025-10-11 01:58:33.615846|PBFTSeal-1-0x00007fdffbb3d700|[g:1][CONSENSUS][SEALER]++++++++++++++++ Generating seal on,blkNum=422,tx=0,nodeIdx=3,hash=c7fe85c7...
info|2025-10-11 01:58:33.620709|PBFT-1-0x00007fe00334c700|[g:1][CONSENSUS][PBFT]checkTimeout Succ,view=38,toView=39,nodeIdx=3,changeCycle=1,myNode=87d00b98...,timecost=3
info|2025-10-11 01:58:33.626666|PBFT-1-0x00007fe00334c700|[g:1][CONSENSUS][PBFT]checkAndChangeView: Reach consensus,org_view=38,cur_changeCycle=1,curView=38,view=39
info|2025-10-11 01:58:34.632372|PBFT-1-0x00007fe00334c700|[g:1][CONSENSUS]addRawPrepare,height=422,reqIdx=0,hash=0f755936...,time=0
info|2025-10-11 01:58:34.633715|PBFT-1-0x00007fe00334c700|[g:1][CONSENSUS][PBFT]checkTimeout Succ,view=39,toView=40,nodeIdx=3,changeCycle=1,myNode=87d00b98...,timecost=1
info|2025-10-11 01:58:34.646704|PBFT-1-0x00007fe00334c700|[g:1][CONSENSUS][PBFT]checkAndChangeView: Reach consensus,org_view=39,cur_changeCycle=1,curView=39,view=40
warning|2025-10-11 01:58:39.153449|PBFT-1-0x00007fe00334c700|[g:1][CONSENSUS][PBFT]ViewChangeWarning: not caused by omit empty block ,v=40,toV=41,curNum=421,hash=4a9a2f4c...,nodeIdx=3,myNode=87d00b98...
info|2025-10-11 01:58:39.156884|PBFT-1-0x00007fe00334c700|[g:1][CONSENSUS][PBFT]checkTimeout Succ,view=40,toView=41,nodeIdx=3,changeCycle=2,myNode=87d00b98...,timecost=4
info|2025-10-11 01:58:39.161417|PBFT-1-0x00007fe00334c700|[g:1][CONSENSUS][PBFT]checkAndChangeView: Reach consensus,org_view=40,cur_changeCycle=2,curView=40,view=41
info|2025-10-11 01:58:39.662703|PBFTWork-1-0x00007fe009b59700|[g:1][CONSENSUS][PartiallyPBFTReqCache]addPartiallyRawPrepare,height=422,reqIdx=2,hash=6397fb4d...
info|2025-10-11 01:58:39.663083|PBFTWork-1-0x00007fe009b59700|[g:1][BLOCKVERIFIER][executeBlock]Executing block,txNum=1,num=422,parentHash=4a9a2f4c5a5f481d3bbb42cd767161e737f7dd64f1159f4e553e0eb15f0adc8a,parentNum=421,parentStateRoot=3fdc04cf0a70aceae20714c93e0b92a7036cb90344008676acc3e2bd2a5b6ba3
info|2025-10-11 01:58:39.663238|PBFTWork-1-0x00007fe009b59700|[g:1][PRECOMPILED]init GasChargeManagePrecompiled
info|2025-10-11 01:58:39.666543|PBFTWork-1-0x00007fe009b59700|[g:1][PRECOMPILED][TimerPrecompiled]getCurrentTimeMillis,timeMillis=1760173119666
info|2025-10-11 01:58:39.667863|PBFTWork-1-0x00007fe009b59700|[g:1][PRECOMPILED][TimerPrecompiled]getCurrentTimeMillis,timeMillis=1760173119667
info|2025-10-11 01:58:39.668076|PBFTWork-1-0x00007fe009b59700|[g:1][CONSENSUS][PBFT]execBlock,blkNum=422,reqIdx=2,hash=456436d5...,nodeIdx=3,myNode=87d00b98...,decodeCost=0,checkCost=1,notifyCost=0,noteSealingCost=0,currentCycle=2,verifyAndSetSenderCost=0,execCost=5,execPerTx=5,totalCost=6
info|2025-10-11 01:58:39.671940|PBFTWork-1-0x00007fe009b59700|[g:1][CONSENSUS][PBFT]handlePrepareMsg Succ,timecost=3,INFO=handlePartiallyPrepare,reqIdx=2,view=41,reqNum=422,curNum=421,consNum=422,hash=6397fb4d...,nodeIdx=3,myNode=87d00b98...,curChangeCycle=2
info|2025-10-11 01:58:39.673683|PBFT-1-0x00007fe00334c700|[g:1][CONSENSUS][PBFT]handleSignMsg Succ,Timecost=2,INFO=handleSignMsg,num=422,curNum=421,GenIdx=0,Sview=41,view=41,fromIdx=0,fromNode=064cb676...,fromIp=127.0.0.1:30303,hash=456436d5...,nodeIdx=3,myNode=87d00b98...
info|2025-10-11 01:58:39.677530|PBFT-1-0x00007fe00334c700|[g:1][CONSENSUS][PBFT]checkReq: Recv future request,prepHash=456436d5...,INFO=handleSignMsg,num=422,curNum=421,GenIdx=2,Sview=41,view=41,fromIdx=2,fromNode=73994dae...,fromIp=127.0.0.1:30300,hash=e0723091...,nodeIdx=3,myNode=87d00b98...
info|2025-10-11 01:58:39.677569|PBFT-1-0x00007fe00334c700|[g:1][CONSENSUS][PBFT]FutureBlock,INFO=handleSignMsg,num=422,curNum=421,GenIdx=2,Sview=41,view=41,fromIdx=2,fromNode=73994dae...,fromIp=127.0.0.1:30300,hash=e0723091...,nodeIdx=3,myNode=87d00b98...
info|2025-10-11 01:58:40.236714|io_service-0x00007fe01d380700|[P2P][Service] heartBeat,connected count=3
info|2025-10-11 01:58:46.423787|PBFT-1-0x00007fe00334c700|[g:1][CONSENSUS][SEALER]decrease maxBlockCanSeal to half for PBFT timeout,org_maxBlockCanSeal=1000,halfed_maxBlockCanSeal=500,timeoutCount=1,lastTimeoutTx=1
warning|2025-10-11 01:58:46.424832|PBFT-1-0x00007fe00334c700|[g:1][CONSENSUS][PBFT]ViewChangeWarning: not caused by omit empty block ,v=41,toV=42,curNum=421,hash=4a9a2f4c...,nodeIdx=3,myNode=87d00b98...
info|2025-10-11 01:58:46.426776|PBFT-1-0x00007fe00334c700|[g:1][CONSENSUS][PBFT]checkTimeout Succ,view=41,toView=42,nodeIdx=3,changeCycle=3,myNode=87d00b98...,timecost=3
info|2025-10-11 01:58:46.433555|PBFT-1-0x00007fe00334c700|[g:1][CONSENSUS][PBFT]checkAndChangeView: Reach consensus,org_view=41,cur_changeCycle=3,curView=41,view=42
info|2025-10-11 01:58:46.737872|P2P-0x00007fe01f384700|[g:1] [SYNC][id:87d00b98...][Download][Request]Receive block request,peer=374bdfe9...,from=184,to=184
info|2025-10-11 01:58:46.738194|SyncSend-1-0x00007fe00fb65700|[g:1][SYNC][id:87d00b98...][Download][Request][BlockSync]Batch blocks for sending,blockSize=24480,number=184,peer=374bdfe9...,timeCost=0
info|2025-10-11 01:58:46.738239|SyncSend-1-0x00007fe00fb65700|[g:1][g:1] [SYNC][id:374bdfe9...][Download][Request][BlockSync]Send block packet,peer=374bdfe9...,blocks=1,bytes(V)=24487
info|2025-10-11 01:58:46.934954|PBFTSeal-1-0x00007fdffbb3d700|[g:1][CONSENSUS][SEALER]++++++++++++++++ Generating seal on,blkNum=422,tx=1,nodeIdx=3,hash=f23e58b9...
info|2025-10-11 01:58:46.937349|sealerWorker-0x00007fe00b35c700|[CONSENSUS]addRawPrepare,height=422,reqIdx=3,hash=f23e58b9...,time=0
info|2025-10-11 01:58:46.937529|sealerWorker-0x00007fe00b35c700|[BLOCKVERIFIER][executeBlock]Executing block,txNum=1,num=422,parentHash=4a9a2f4c5a5f481d3bbb42cd767161e737f7dd64f1159f4e553e0eb15f0adc8a,parentNum=421,parentStateRoot=3fdc04cf0a70aceae20714c93e0b92a7036cb90344008676acc3e2bd2a5b6ba3
info|2025-10-11 01:58:46.937675|sealerWorker-0x00007fe00b35c700|[PRECOMPILED]init GasChargeManagePrecompiled
info|2025-10-11 01:58:46.945075|sealerWorker-0x00007fe00b35c700|[PRECOMPILED][TimerPrecompiled]getCurrentTimeMillis,timeMillis=1760173126945
info|2025-10-11 01:58:46.946492|sealerWorker-0x00007fe00b35c700|[PRECOMPILED][TimerPrecompiled]getCurrentTimeMillis,timeMillis=1760173126946
info|2025-10-11 01:58:46.946971|sealerWorker-0x00007fe00b35c700|[CONSENSUS][PBFT]execBlock,blkNum=422,reqIdx=3,hash=32144822...,nodeIdx=3,myNode=87d00b98...,decodeCost=0,checkCost=0,notifyCost=0,noteSealingCost=0,currentCycle=3,verifyAndSetSenderCost=0,execCost=9,execPerTx=9,totalCost=9
info|2025-10-11 01:58:46.951883|sealerWorker-0x00007fe00b35c700|[CONSENSUS][PBFT]handlePrepareMsg Succ,timecost=4,INFO=handlePrepareMsg,reqIdx=3,view=42,reqNum=422,curNum=421,consNum=422,curView=42,fromIp=self,hash=f23e58b9...,nodeIdx=3,myNode=87d00b98...,curChangeCycle=3
info|2025-10-11 01:58:46.951928|sealerWorker-0x00007fe00b35c700|[CONSENSUS][PBFT]generateLocalPrepare,hash=f23e58b9...,H=422,nodeIdx=3,myNode=87d00b98...
info|2025-10-11 01:58:46.953226|PBFT-1-0x00007fe00334c700|[g:1][CONSENSUS][PBFT]handleSignMsg Succ,Timecost=2,INFO=handleSignMsg,num=422,curNum=421,GenIdx=2,Sview=42,view=42,fromIdx=2,fromNode=73994dae...,fromIp=127.0.0.1:30300,hash=32144822...,nodeIdx=3,myNode=87d00b98...
info|2025-10-11 01:58:46.953255|PBFT-1-0x00007fe00334c700|[g:1][CONSENSUS][PBFT]checkReq: Recv future request,prepHash=32144822...,INFO=handleSignMsg,num=422,curNum=421,GenIdx=0,Sview=42,view=42,fromIdx=0,fromNode=064cb676...,fromIp=127.0.0.1:30303,hash=685404de...,nodeIdx=3,myNode=87d00b98...
info|2025-10-11 01:58:46.953261|PBFT-1-0x00007fe00334c700|[g:1][CONSENSUS][PBFT]FutureBlock,INFO=handleSignMsg,num=422,curNum=421,GenIdx=0,Sview=42,view=42,fromIdx=0,fromNode=064cb676...,fromIp=127.0.0.1:30303,hash=685404de...,nodeIdx=3,myNode=87d00b98...
info|2025-10-11 01:58:50.236858|io_service-0x00007fe01d380700|[P2P][Service] heartBeat,connected count=3
info|2025-10-11 01:58:57.078385|PBFT-1-0x00007fe00334c700|[g:1][CONSENSUS][SEALER]decrease maxBlockCanSeal to half for PBFT timeout,org_maxBlockCanSeal=500,halfed_maxBlockCanSeal=250,timeoutCount=2,lastTimeoutTx=1
warning|2025-10-11 01:58:57.079444|PBFT-1-0x00007fe00334c700|[g:1][CONSENSUS][PBFT]ViewChangeWarning: not caused by omit empty block ,v=42,toV=43,curNum=421,hash=4a9a2f4c...,nodeIdx=3,myNode=87d00b98...
info|2025-10-11 01:58:57.079546|PBFT-1-0x00007fe00334c700|[g:1][CONSENSUS][PBFT]checkTimeout Succ,view=42,toView=43,nodeIdx=3,changeCycle=4,myNode=87d00b98...,timecost=1
info|2025-10-11 01:58:57.085091|PBFT-1-0x00007fe00334c700|[g:1][CONSENSUS][PBFT]checkAndChangeView: Reach consensus,org_view=42,cur_changeCycle=4,curView=42,view=43
info|2025-10-11 01:58:57.592828|PBFTWork-1-0x00007fe009b59700|[g:1][CONSENSUS][PartiallyPBFTReqCache]addPartiallyRawPrepare,height=422,reqIdx=0,hash=4d448453...
info|2025-10-11 01:58:57.597047|PBFTWork-1-0x00007fe009b59700|[g:1][BLOCKVERIFIER][executeBlock]Executing block,txNum=1,num=422,parentHash=4a9a2f4c5a5f481d3bbb42cd767161e737f7dd64f1159f4e553e0eb15f0adc8a,parentNum=421,parentStateRoot=3fdc04cf0a70aceae20714c93e0b92a7036cb90344008676acc3e2bd2a5b6ba3
info|2025-10-11 01:58:57.597255|PBFTWork-1-0x00007fe009b59700|[g:1][PRECOMPILED]init GasChargeManagePrecompiled
info|2025-10-11 01:58:57.598609|sealerWorker-0x00007fdffcb3f700|[PRECOMPILED][TimerPrecompiled]getCurrentTimeMillis,timeMillis=1760173137598
info|2025-10-11 01:58:57.599708|sealerWorker-0x00007fdffcb3f700|[PRECOMPILED][TimerPrecompiled]getCurrentTimeMillis,timeMillis=1760173137599
info|2025-10-11 01:58:57.600396|PBFTWork-1-0x00007fe009b59700|[g:1][CONSENSUS][PBFT]execBlock,blkNum=422,reqIdx=0,hash=3f47cd6f...,nodeIdx=3,myNode=87d00b98...,decodeCost=0,checkCost=4,notifyCost=0,noteSealingCost=0,currentCycle=4,verifyAndSetSenderCost=0,execCost=4,execPerTx=4,totalCost=8
info|2025-10-11 01:58:57.603142|PBFTWork-1-0x00007fe009b59700|[g:1][CONSENSUS][PBFT]handlePrepareMsg Succ,timecost=3,INFO=handlePartiallyPrepare,reqIdx=0,view=43,reqNum=422,curNum=421,consNum=422,hash=4d448453...,nodeIdx=3,myNode=87d00b98...,curChangeCycle=4
info|2025-10-11 01:58:57.603204|PBFT-1-0x00007fe00334c700|[g:1][CONSENSUS][PBFT]checkReq: Recv future request,prepHash=3f47cd6f...,INFO=handleSignMsg,num=422,curNum=421,GenIdx=0,Sview=43,view=43,fromIdx=0,fromNode=064cb676...,fromIp=127.0.0.1:30303,hash=4443da1d...,nodeIdx=3,myNode=87d00b98...
info|2025-10-11 01:58:57.603215|PBFT-1-0x00007fe00334c700|[g:1][CONSENSUS][PBFT]FutureBlock,INFO=handleSignMsg,num=422,curNum=421,GenIdx=0,Sview=43,view=43,fromIdx=0,fromNode=064cb676...,fromIp=127.0.0.1:30303,hash=4443da1d...,nodeIdx=3,myNode=87d00b98...
info|2025-10-11 01:58:57.604367|PBFT-1-0x00007fe00334c700|[g:1][CONSENSUS][PBFT]checkReq: Recv future request,prepHash=3f47cd6f...,INFO=handleSignMsg,num=422,curNum=421,GenIdx=2,Sview=43,view=43,fromIdx=2,fromNode=73994dae...,fromIp=127.0.0.1:30300,hash=4443da1d...,nodeIdx=3,myNode=87d00b98...
info|2025-10-11 01:58:57.604415|PBFT-1-0x00007fe00334c700|[g:1][CONSENSUS][PBFT]FutureBlock,INFO=handleSignMsg,num=422,curNum=421,GenIdx=2,Sview=43,view=43,fromIdx=2,fromNode=73994dae...,fromIp=127.0.0.1:30300,hash=4443da1d...,nodeIdx=3,myNode=87d00b98...
info|2025-10-11 01:58:59.547186|P2P-0x00007fe01eb83700|[g:1] [SYNC][id:87d00b98...][Download][Request]Receive block request,peer=374bdfe9...,from=184,to=184
info|2025-10-11 01:58:59.547595|SyncSend-1-0x00007fe00fb65700|[g:1][SYNC][id:87d00b98...][Download][Request][BlockSync]Batch blocks for sending,blockSize=24480,number=184,peer=374bdfe9...,timeCost=0
info|2025-10-11 01:58:59.547706|SyncSend-1-0x00007fe00fb65700|[g:1][g:1] [SYNC][id:374bdfe9...][Download][Request][BlockSync]Send block packet,peer=374bdfe9...,blocks=1,bytes(V)=24487
info|2025-10-11 01:59:00.237240|io_service-0x00007fe01d380700|[P2P][Service] heartBeat,connected count=3
info|2025-10-11 01:59:05.952907|P2P-0x00007fe01e382700|[g:1] [SYNC][id:87d00b98...][Download][Request]Receive block request,peer=374bdfe9...,from=184,to=184
info|2025-10-11 01:59:05.953446|SyncSend-1-0x00007fe00fb65700|[g:1][SYNC][id:87d00b98...][Download][Request][BlockSync]Batch blocks for sending,blockSize=24480,number=184,peer=374bdfe9...,timeCost=0
info|2025-10-11 01:59:05.953502|SyncSend-1-0x00007fe00fb65700|[g:1][g:1] [SYNC][id:374bdfe9...][Download][Request][BlockSync]Send block packet,peer=374bdfe9...,blocks=1,bytes(V)=24487
info|2025-10-11 01:59:10.237910|io_service-0x00007fe01d380700|[P2P][Service] heartBeat,connected count=3
info|2025-10-11 01:59:12.790031|PBFT-1-0x00007fe00334c700|[g:1][CONSENSUS][SEALER]decrease maxBlockCanSeal to half for PBFT timeout,org_maxBlockCanSeal=250,halfed_maxBlockCanSeal=125,timeoutCount=3,lastTimeoutTx=1
warning|2025-10-11 01:59:12.792049|PBFT-1-0x00007fe00334c700|[g:1][CONSENSUS][PBFT]ViewChangeWarning: not caused by omit empty block ,v=43,toV=44,curNum=421,hash=4a9a2f4c...,nodeIdx=3,myNode=87d00b98...
info|2025-10-11 01:59:12.792220|PBFT-1-0x00007fe00334c700|[g:1][CONSENSUS][PBFT]checkTimeout Succ,view=43,toView=44,nodeIdx=3,changeCycle=5,myNode=87d00b98...,timecost=2
info|2025-10-11 01:59:12.795486|PBFT-1-0x00007fe00334c700|[g:1][CONSENSUS][PBFT]checkAndChangeView: Reach consensus,org_view=43,cur_changeCycle=5,curView=43,view=44
info|2025-10-11 01:59:16.169632|fisco-bcos-0x00007fe0200f9dc0|[LEDGER]stop sealer,groupID=1
info|2025-10-11 01:59:16.169674|fisco-bcos-0x00007fe0200f9dc0|[CONSENSUS][SEALER]Stop sealer module...
info|2025-10-11 01:59:16.181171|fisco-bcos-0x00007fe0200f9dc0|[CONSENSUS][ConsensusEngine][Stop ConsensusEngineBase]
info|2025-10-11 01:59:16.182171|fisco-bcos-0x00007fe0200f9dc0|[CONSENSUS][ConsensusEngine]ConsensusEngineBase stopped
info|2025-10-11 01:59:16.182214|fisco-bcos-0x00007fe0200f9dc0|[LEDGER]sealer stopped. stop sync,groupID=1
info|2025-10-11 01:59:16.182757|fisco-bcos-0x00007fe0200f9dc0|[g:1] [SYNC][id:87d00b98...]SyncMsgEngine stopped
info|2025-10-11 01:59:16.239900|fisco-bcos-0x00007fe0200f9dc0|[GossipBlockStatus]stop GossipBlockStatus succ
info|2025-10-11 01:59:16.607881|fisco-bcos-0x00007fe0200f9dc0|[SYNC][id:87d00b98...][g:1]SyncMaster stopped
info|2025-10-11 01:59:16.607923|fisco-bcos-0x00007fe0200f9dc0|[LEDGER]sync stopped. stop event filter manager,groupID=1
info|2025-10-11 01:59:16.636980|fisco-bcos-0x00007fe0200f9dc0|[EVENT][EventLogFilterManager]stop
info|2025-10-11 01:59:16.637001|fisco-bcos-0x00007fe0200f9dc0|[LEDGER]event filter manager stopped. stop tx pool,groupID=1
info|2025-10-11 01:59:16.637372|fisco-bcos-0x00007fe0200f9dc0|[LEDGER]removeNetworkStatHandlerByGroupID and removeGroupBandwidthLimiter for service,groupID=1
info|2025-10-11 01:59:16.637389|fisco-bcos-0x00007fe0200f9dc0|[CHANNEL]removeSDKAllowListByGroupId,groupId=1
info|2025-10-11 01:59:16.637395|fisco-bcos-0x00007fe0200f9dc0|[INITIALIZER]ledgerInitializer stopped
info|2025-10-11 01:59:17.575491|io_service-0x00007fe01d380700|[NETWORK][Session]doRead failed,endpoint=127.0.0.1:30301,message=short read (SSL routines, SSL routines)
info|2025-10-11 01:59:17.575543|io_service-0x00007fe01d380700|[NETWORK][Session]drop, call and erase all callbackFunc of the session!,endpoint=127.0.0.1:30301
info|2025-10-11 01:59:17.575555|io_service-0x00007fe01d380700|[NETWORK][Session][drop] closing remote 127.0.0.1:30301,reason=Low-level TCP communication failed.,endpoint=127.0.0.1:30301
info|2025-10-11 01:59:17.575630|P2P-0x00007fe01f384700|[P2P][Service] disconnect inactive P2PSession,nodeID=374bdfe9...,endpoint=127.0.0.1:30301,code=3,what=Disconnect
info|2025-10-11 01:59:17.575673|P2P-0x00007fe01f384700|[P2P][Service] onDisconnect,code=3,what=Dynamic exception type: dev::network::NetworkException
std::exception::what: Disconnect
info|2025-10-11 01:59:17.576347|io_service-0x00007fe01d380700|[NETWORK][Session]Session inactive
info|2025-10-11 01:59:17.576386|io_service-0x00007fe01d380700|[NETWORK][Session][drop] shutdown failed ,code=9,message=Bad file descriptor
info|2025-10-11 01:59:17.634505|io_service-0x00007fe01d380700|[NETWORK][Session]doRead failed,endpoint=127.0.0.1:30300,message=short read (SSL routines, SSL routines)
info|2025-10-11 01:59:17.634602|io_service-0x00007fe01d380700|[NETWORK][Session]drop, call and erase all callbackFunc of the session!,endpoint=127.0.0.1:30300
info|2025-10-11 01:59:17.634617|io_service-0x00007fe01d380700|[NETWORK][Session][drop] closing remote 127.0.0.1:30300,reason=Low-level TCP communication failed.,endpoint=127.0.0.1:30300
info|2025-10-11 01:59:17.634754|io_service-0x00007fe01d380700|[NETWORK][Session]doRead failed,endpoint=127.0.0.1:30303,message=short read (SSL routines, SSL routines)
info|2025-10-11 01:59:17.634791|io_service-0x00007fe01d380700|[NETWORK][Session]drop, call and erase all callbackFunc of the session!,endpoint=127.0.0.1:30303
info|2025-10-11 01:59:17.634815|io_service-0x00007fe01d380700|[NETWORK][Session][drop] closing remote 127.0.0.1:30303,reason=Low-level TCP communication failed.,endpoint=127.0.0.1:30303
info|2025-10-11 01:59:17.634870|P2P-0x00007fe01db81700|[P2P][Service] disconnect inactive P2PSession,nodeID=73994dae...,endpoint=127.0.0.1:30300,code=3,what=Disconnect
info|2025-10-11 01:59:17.634884|io_service-0x00007fe01d380700|[NETWORK][Session]Session inactive
info|2025-10-11 01:59:17.634890|io_service-0x00007fe01d380700|[NETWORK][Session]Session inactive
info|2025-10-11 01:59:17.634894|io_service-0x00007fe01d380700|[NETWORK][Session][drop] shutdown failed ,code=9,message=Bad file descriptor
info|2025-10-11 01:59:17.634905|io_service-0x00007fe01d380700|[NETWORK][Session]Session inactive
info|2025-10-11 01:59:17.634908|io_service-0x00007fe01d380700|[NETWORK][Session]Session inactive
info|2025-10-11 01:59:17.634911|io_service-0x00007fe01d380700|[NETWORK][Session][drop] shutdown failed ,code=9,message=Bad file descriptor
info|2025-10-11 01:59:17.634895|P2P-0x00007fe01db81700|[P2P][Service] onDisconnect,code=3,what=Dynamic exception type: dev::network::NetworkException
std::exception::what: Disconnect
info|2025-10-11 01:59:17.634930|P2P-0x00007fe01e382700|[P2P][Service] disconnect inactive P2PSession,nodeID=064cb676...,endpoint=127.0.0.1:30303,code=3,what=Disconnect
info|2025-10-11 01:59:17.634971|P2P-0x00007fe01e382700|[P2P][Service] onDisconnect,code=3,what=Dynamic exception type: dev::network::NetworkException
std::exception::what: Disconnect
info|2025-10-11 01:59:17.638194|fisco-bcos-0x00007fe0200f9dc0|[INITIALIZER]ChannelRPCHttpServer deleted.
info|2025-10-11 01:59:17.638687|fisco-bcos-0x00007fe0200f9dc0|[INITIALIZER]JsonrpcHttpServer deleted.
info|2025-10-11 01:59:17.638701|fisco-bcos-0x00007fe0200f9dc0|[INITIALIZER]RPCInitializer stopped
info|2025-10-11 01:59:17.638769|io_service-0x00007fe01d380700|[NETWORK][Host]Host exit
info|2025-10-11 01:59:17.639269|fisco-bcos-0x00007fe0200f9dc0|[INITIALIZER]P2PInitializer stopped
info|2025-10-11 01:59:17.639289|fisco-bcos-0x00007fe0200f9dc0|[LEDGER]stop sealer,groupID=1
info|2025-10-11 01:59:17.639296|fisco-bcos-0x00007fe0200f9dc0|[LEDGER]sealer stopped. stop sync,groupID=1
info|2025-10-11 01:59:17.639304|fisco-bcos-0x00007fe0200f9dc0|[g:1] [SYNC][id:87d00b98...]SyncMsgEngine stopped
info|2025-10-11 01:59:17.639315|fisco-bcos-0x00007fe0200f9dc0|[GossipBlockStatus]GossipBlockStatus already stopped
info|2025-10-11 01:59:17.639319|fisco-bcos-0x00007fe0200f9dc0|[SYNC][id:87d00b98...][g:1]SyncMaster stopped
info|2025-10-11 01:59:17.639323|fisco-bcos-0x00007fe0200f9dc0|[LEDGER]sync stopped. stop event filter manager,groupID=1
info|2025-10-11 01:59:17.639331|fisco-bcos-0x00007fe0200f9dc0|[LEDGER]event filter manager stopped. stop tx pool,groupID=1
info|2025-10-11 01:59:17.639338|fisco-bcos-0x00007fe0200f9dc0|[LEDGER]removeNetworkStatHandlerByGroupID and removeGroupBandwidthLimiter for service,groupID=1
info|2025-10-11 01:59:17.639350|fisco-bcos-0x00007fe0200f9dc0|[g:1][STORAGE][CachedStorage]Stopping flushStorage thread
info|2025-10-11 01:59:18.442071|fisco-bcos-0x00007fe0200f9dc0|[g:1][STORAGE][CachedStorage]flushStorage thread stopped.
info|2025-10-11 01:59:18.442096|fisco-bcos-0x00007fe0200f9dc0|[DBINITIALIZER] storage stopped
info|2025-10-11 01:59:18.450977|fisco-bcos-0x00007fe0200f9dc0|[g:1] [SYNC][id:87d00b98...]SyncMsgEngine stopped
info|2025-10-11 01:59:18.451022|fisco-bcos-0x00007fe0200f9dc0|[GossipBlockStatus]GossipBlockStatus already stopped
info|2025-10-11 01:59:18.451028|fisco-bcos-0x00007fe0200f9dc0|[SYNC][id:87d00b98...][g:1]SyncMaster stopped
info|2025-10-11 01:59:18.451044|fisco-bcos-0x00007fe0200f9dc0|[g:1] [SYNC][id:87d00b98...]SyncMsgEngine stopped
