info|2025-10-28 02:00:00.075530|Sync-1-0x00007f27c6ed5700|[g:1][SYNC][id:87d00b98...]print sync info,peersCount=3,infoJson={"blockNumber":893,"genesisHash":"f0d3e67991e2c3d83533c031601c30c4741aba35d7d8017900779abe4ae22efe","isSyncing":false,"knownHighestNumber":893,"knownLatestHash":"661352b2e24b1d18123a3f42b5c5b6f18b03993a0a961d13eaa0452b9870df3d","latestHash":"661352b2e24b1d18123a3f42b5c5b6f18b03993a0a961d13eaa0452b9870df3d","nodeId":"87d00b98321fc70a5abc85ad9e80db10cce315194133697bf74aace1d3f8430957a766240f751752708f4282f46110d6ea56c3eb5d1c02ce98a66f327f595270","peers":[{"blockNumber":893,"genesisHash":"f0d3e67991e2c3d83533c031601c30c4741aba35d7d8017900779abe4ae22efe","latestHash":"661352b2e24b1d18123a3f42b5c5b6f18b03993a0a961d13eaa0452b9870df3d","nodeId":"064cb676a36047a4b52ecbf9c01664b1e987d91b438110ba6a12d96972726622e824d295b1de8b0298b5afe7bbbc0bd04a3890e1a36eae028c1cfbe07971b995"},{"blockNumber":183,"genesisHash":"f0d3e67991e2c3d83533c031601c30c4741aba35d7d8017900779abe4ae22efe","latestHash":"84b9e5d996bf7a5eb7a7af1e23a8308230a576a20d5c81a92b78a013e510177d","nodeId":"374bdfe969e1d8ea1200ade93e5d8cf1a7d5741f238011004b0f43ca818706f194b2f067e1708125f7ffc536610b9a72addbd56b238d65f18912be39037ffcc5"},{"blockNumber":893,"genesisHash":"f0d3e67991e2c3d83533c031601c30c4741aba35d7d8017900779abe4ae22efe","latestHash":"661352b2e24b1d18123a3f42b5c5b6f18b03993a0a961d13eaa0452b9870df3d","nodeId":"73994dae9e8b8da733108a4153dfe79151d701dff425f84c87b5324e8ebd02ab6a0ebc9e4f1e0298a7ddca50f94a8f95c62b6997226d571e470e8f2b0600634a"}],"protocolId":65545,"txPoolSize":"1"}
info|2025-10-28 02:00:02.728892|P2P-0x00007f27e170a700|[g:1] [SYNC][id:87d00b98...][Download][Request]Receive block request,peer=374bdfe9...,from=184,to=184
info|2025-10-28 02:00:02.729388|SyncSend-1-0x00007f27d1eeb700|[g:1][SYNC][id:87d00b98...][Download][Request][BlockSync]Batch blocks for sending,blockSize=24480,number=184,peer=374bdfe9...,timeCost=0
info|2025-10-28 02:00:02.729509|SyncSend-1-0x00007f27d1eeb700|[g:1][g:1] [SYNC][id:374bdfe9...][Download][Request][BlockSync]Send block packet,peer=374bdfe9...,blocks=1,bytes(V)=24487
info|2025-10-28 02:00:04.279623|io_service-0x00007f27df706700|[P2P][Service] heartBeat,connected count=3
info|2025-10-28 02:00:05.860671|PBFT-1-0x00007f27c56d2700|[g:1][CONSENSUS][SEALER]decrease maxBlockCanSeal to half for PBFT timeout,org_maxBlockCanSeal=250,halfed_maxBlockCanSeal=125,timeoutCount=3,lastTimeoutTx=1
warning|2025-10-28 02:00:05.861785|PBFT-1-0x00007f27c56d2700|[g:1][CONSENSUS][PBFT]ViewChangeWarning: not caused by omit empty block ,v=7,toV=8,curNum=893,hash=661352b2...,nodeIdx=3,myNode=87d00b98...
info|2025-10-28 02:00:05.862313|PBFT-1-0x00007f27c56d2700|[g:1][CONSENSUS][PBFT]checkTimeout Succ,view=7,toView=8,nodeIdx=3,changeCycle=5,myNode=87d00b98...,timecost=2
info|2025-10-28 02:00:05.866667|PBFT-1-0x00007f27c56d2700|[g:1][CONSENSUS][PBFT]checkAndChangeView: Reach consensus,org_view=7,cur_changeCycle=5,curView=7,view=8
info|2025-10-28 02:00:14.279964|io_service-0x00007f27df706700|[P2P][Service] heartBeat,connected count=3
info|2025-10-28 02:00:15.537587|P2P-0x00007f27e0f09700|[g:1] [SYNC][id:87d00b98...][Download][Request]Receive block request,peer=374bdfe9...,from=184,to=184
info|2025-10-28 02:00:15.538384|SyncSend-1-0x00007f27d1eeb700|[g:1][SYNC][id:87d00b98...][Download][Request][BlockSync]Batch blocks for sending,blockSize=24480,number=184,peer=374bdfe9...,timeCost=0
info|2025-10-28 02:00:15.538492|SyncSend-1-0x00007f27d1eeb700|[g:1][g:1] [SYNC][id:374bdfe9...][Download][Request][BlockSync]Send block packet,peer=374bdfe9...,blocks=1,bytes(V)=24487
info|2025-10-28 02:00:21.944834|P2P-0x00007f27e0708700|[g:1] [SYNC][id:87d00b98...][Download][Request]Receive block request,peer=374bdfe9...,from=184,to=184
info|2025-10-28 02:00:21.945622|SyncSend-1-0x00007f27d1eeb700|[g:1][SYNC][id:87d00b98...][Download][Request][BlockSync]Batch blocks for sending,blockSize=24480,number=184,peer=374bdfe9...,timeCost=0
info|2025-10-28 02:00:21.945752|SyncSend-1-0x00007f27d1eeb700|[g:1][g:1] [SYNC][id:374bdfe9...][Download][Request][BlockSync]Send block packet,peer=374bdfe9...,blocks=1,bytes(V)=24487
info|2025-10-28 02:00:24.280257|io_service-0x00007f27df706700|[P2P][Service] heartBeat,connected count=3
info|2025-10-28 02:00:28.349106|P2P-0x00007f27dff07700|[g:1] [SYNC][id:87d00b98...][Download][Request]Receive block request,peer=374bdfe9...,from=184,to=184
info|2025-10-28 02:00:28.349477|SyncSend-1-0x00007f27d1eeb700|[g:1][SYNC][id:87d00b98...][Download][Request][BlockSync]Batch blocks for sending,blockSize=24480,number=184,peer=374bdfe9...,timeCost=0
info|2025-10-28 02:00:28.349567|SyncSend-1-0x00007f27d1eeb700|[g:1][g:1] [SYNC][id:374bdfe9...][Download][Request][BlockSync]Send block packet,peer=374bdfe9...,blocks=1,bytes(V)=24487
warning|2025-10-28 02:00:28.650905|PBFT-1-0x00007f27c56d2700|[g:1][CONSENSUS][PBFT]ViewChangeWarning: not caused by omit empty block ,v=8,toV=9,curNum=893,hash=661352b2...,nodeIdx=3,myNode=87d00b98...
info|2025-10-28 02:00:28.651093|PBFT-1-0x00007f27c56d2700|[g:1][CONSENSUS][PBFT]checkTimeout Succ,view=8,toView=9,nodeIdx=3,changeCycle=6,myNode=87d00b98...,timecost=2
info|2025-10-28 02:00:28.654985|PBFT-1-0x00007f27c56d2700|[g:1][CONSENSUS][PBFT]checkAndChangeView: Reach consensus,org_view=8,cur_changeCycle=6,curView=8,view=9
info|2025-10-28 02:00:29.159861|PBFTWork-1-0x00007f27cbedf700|[g:1][CONSENSUS][PartiallyPBFTReqCache]addPartiallyRawPrepare,height=894,reqIdx=2,hash=e31b2080...
info|2025-10-28 02:00:29.160208|PBFTWork-1-0x00007f27cbedf700|[g:1][BLOCKVERIFIER][executeBlock]Executing block,txNum=1,num=894,parentHash=661352b2e24b1d18123a3f42b5c5b6f18b03993a0a961d13eaa0452b9870df3d,parentNum=893,parentStateRoot=6aafdc7cb53cf9f3c35aeabde17603619dae504e7750e69ada834cce49036721
info|2025-10-28 02:00:29.160418|PBFTWork-1-0x00007f27cbedf700|[g:1][PRECOMPILED]init GasChargeManagePrecompiled
info|2025-10-28 02:00:29.187237|PBFTWork-1-0x00007f27cbedf700|[g:1][CONSENSUS][PBFT]execBlock,blkNum=894,reqIdx=2,hash=2f7bd9e8...,nodeIdx=3,myNode=87d00b98...,decodeCost=0,checkCost=1,notifyCost=0,noteSealingCost=0,currentCycle=6,verifyAndSetSenderCost=0,execCost=27,execPerTx=27,totalCost=28
info|2025-10-28 02:00:29.189577|PBFTWork-1-0x00007f27cbedf700|[g:1][CONSENSUS][PBFT]handlePrepareMsg Succ,timecost=2,INFO=handlePartiallyPrepare,reqIdx=2,view=9,reqNum=894,curNum=893,consNum=894,hash=e31b2080...,nodeIdx=3,myNode=87d00b98...,curChangeCycle=6
info|2025-10-28 02:00:29.189903|PBFT-1-0x00007f27c56d2700|[g:1][CONSENSUS][PBFT]checkReq: Recv future request,prepHash=2f7bd9e8...,INFO=handleSignMsg,num=894,curNum=893,GenIdx=0,Sview=9,view=9,fromIdx=0,fromNode=064cb676...,fromIp=127.0.0.1:53280,hash=c1aefc22...,nodeIdx=3,myNode=87d00b98...
info|2025-10-28 02:00:29.189936|PBFT-1-0x00007f27c56d2700|[g:1][CONSENSUS][PBFT]FutureBlock,INFO=handleSignMsg,num=894,curNum=893,GenIdx=0,Sview=9,view=9,fromIdx=0,fromNode=064cb676...,fromIp=127.0.0.1:53280,hash=c1aefc22...,nodeIdx=3,myNode=87d00b98...
info|2025-10-28 02:00:29.191116|PBFT-1-0x00007f27c56d2700|[g:1][CONSENSUS][PBFT]handleSignMsg Succ,Timecost=2,INFO=handleSignMsg,num=894,curNum=893,GenIdx=2,Sview=9,view=9,fromIdx=2,fromNode=73994dae...,fromIp=127.0.0.1:30300,hash=2f7bd9e8...,nodeIdx=3,myNode=87d00b98...
info|2025-10-28 02:00:34.280689|io_service-0x00007f27df706700|[P2P][Service] heartBeat,connected count=3
info|2025-10-28 02:00:34.752883|P2P-0x00007f27e170a700|[g:1] [SYNC][id:87d00b98...][Download][Request]Receive block request,peer=374bdfe9...,from=184,to=184
info|2025-10-28 02:00:34.753326|SyncSend-1-0x00007f27d1eeb700|[g:1][SYNC][id:87d00b98...][Download][Request][BlockSync]Batch blocks for sending,blockSize=24480,number=184,peer=374bdfe9...,timeCost=0
info|2025-10-28 02:00:34.753398|SyncSend-1-0x00007f27d1eeb700|[g:1][g:1] [SYNC][id:374bdfe9...][Download][Request][BlockSync]Send block packet,peer=374bdfe9...,blocks=1,bytes(V)=24487
info|2025-10-28 02:00:41.159404|P2P-0x00007f27e0708700|[g:1] [SYNC][id:87d00b98...][Download][Request]Receive block request,peer=374bdfe9...,from=184,to=184
info|2025-10-28 02:00:41.159891|SyncSend-1-0x00007f27d1eeb700|[g:1][SYNC][id:87d00b98...][Download][Request][BlockSync]Batch blocks for sending,blockSize=24480,number=184,peer=374bdfe9...,timeCost=0
info|2025-10-28 02:00:41.160028|SyncSend-1-0x00007f27d1eeb700|[g:1][g:1] [SYNC][id:374bdfe9...][Download][Request][BlockSync]Send block packet,peer=374bdfe9...,blocks=1,bytes(V)=24487
info|2025-10-28 02:00:44.281153|io_service-0x00007f27df706700|[P2P][Service] heartBeat,connected count=3
info|2025-10-28 02:00:54.282496|io_service-0x00007f27df706700|[P2P][Service] heartBeat,connected count=3
info|2025-10-28 02:01:03.362349|PBFT-1-0x00007f27c56d2700|[g:1][CONSENSUS][SEALER]decrease maxBlockCanSeal to half for PBFT timeout,org_maxBlockCanSeal=124,halfed_maxBlockCanSeal=62,timeoutCount=4,lastTimeoutTx=1
warning|2025-10-28 02:01:03.363660|PBFT-1-0x00007f27c56d2700|[g:1][CONSENSUS][PBFT]ViewChangeWarning: not caused by omit empty block ,v=9,toV=10,curNum=893,hash=661352b2...,nodeIdx=3,myNode=87d00b98...
info|2025-10-28 02:01:03.363885|PBFT-1-0x00007f27c56d2700|[g:1][CONSENSUS][PBFT]checkTimeout Succ,view=9,toView=10,nodeIdx=3,changeCycle=7,myNode=87d00b98...,timecost=1
info|2025-10-28 02:01:03.369417|PBFT-1-0x00007f27c56d2700|[g:1][CONSENSUS][PBFT]checkAndChangeView: Reach consensus,org_view=9,cur_changeCycle=7,curView=9,view=10
info|2025-10-28 02:01:03.869442|PBFTSeal-1-0x00007f27bdec3700|[g:1][CONSENSUS][SEALER]++++++++++++++++ Generating seal on,blkNum=894,tx=1,nodeIdx=3,hash=b2a86fbf...
info|2025-10-28 02:01:03.871884|sealerWorker-0x00007f27cd6e2700|[CONSENSUS]addRawPrepare,height=894,reqIdx=3,hash=b2a86fbf...,time=0
info|2025-10-28 02:01:03.872084|sealerWorker-0x00007f27cd6e2700|[BLOCKVERIFIER][executeBlock]Executing block,txNum=1,num=894,parentHash=661352b2e24b1d18123a3f42b5c5b6f18b03993a0a961d13eaa0452b9870df3d,parentNum=893,parentStateRoot=6aafdc7cb53cf9f3c35aeabde17603619dae504e7750e69ada834cce49036721
info|2025-10-28 02:01:03.872248|sealerWorker-0x00007f27cd6e2700|[PRECOMPILED]init GasChargeManagePrecompiled
info|2025-10-28 02:01:03.893884|sealerWorker-0x00007f27cd6e2700|[CONSENSUS][PBFT]execBlock,blkNum=894,reqIdx=3,hash=a12431cc...,nodeIdx=3,myNode=87d00b98...,decodeCost=0,checkCost=1,notifyCost=0,noteSealingCost=0,currentCycle=7,verifyAndSetSenderCost=0,execCost=21,execPerTx=21,totalCost=22
info|2025-10-28 02:01:03.896503|sealerWorker-0x00007f27cd6e2700|[CONSENSUS][PBFT]handlePrepareMsg Succ,timecost=3,INFO=handlePrepareMsg,reqIdx=3,view=10,reqNum=894,curNum=893,consNum=894,curView=10,fromIp=self,hash=b2a86fbf...,nodeIdx=3,myNode=87d00b98...,curChangeCycle=7
info|2025-10-28 02:01:03.896541|sealerWorker-0x00007f27cd6e2700|[CONSENSUS][PBFT]generateLocalPrepare,hash=b2a86fbf...,H=894,nodeIdx=3,myNode=87d00b98...
info|2025-10-28 02:01:03.899097|PBFT-1-0x00007f27c56d2700|[g:1][CONSENSUS][PBFT]checkReq: Recv future request,prepHash=a12431cc...,INFO=handleSignMsg,num=894,curNum=893,GenIdx=0,Sview=10,view=10,fromIdx=0,fromNode=064cb676...,fromIp=127.0.0.1:53280,hash=22e58232...,nodeIdx=3,myNode=87d00b98...
info|2025-10-28 02:01:03.899142|PBFT-1-0x00007f27c56d2700|[g:1][CONSENSUS][PBFT]FutureBlock,INFO=handleSignMsg,num=894,curNum=893,GenIdx=0,Sview=10,view=10,fromIdx=0,fromNode=064cb676...,fromIp=127.0.0.1:53280,hash=22e58232...,nodeIdx=3,myNode=87d00b98...
info|2025-10-28 02:01:03.902213|PBFT-1-0x00007f27c56d2700|[g:1][CONSENSUS][PBFT]checkReq: Recv future request,prepHash=a12431cc...,INFO=handleSignMsg,num=894,curNum=893,GenIdx=2,Sview=10,view=10,fromIdx=2,fromNode=73994dae...,fromIp=127.0.0.1:30300,hash=2b037c0c...,nodeIdx=3,myNode=87d00b98...
info|2025-10-28 02:01:03.902247|PBFT-1-0x00007f27c56d2700|[g:1][CONSENSUS][PBFT]FutureBlock,INFO=handleSignMsg,num=894,curNum=893,GenIdx=2,Sview=10,view=10,fromIdx=2,fromNode=73994dae...,fromIp=127.0.0.1:30300,hash=2b037c0c...,nodeIdx=3,myNode=87d00b98...
info|2025-10-28 02:01:04.283708|io_service-0x00007f27df706700|[P2P][Service] heartBeat,connected count=3
info|2025-10-28 02:01:13.210612|P2P-0x00007f27e0708700|[g:1] [SYNC][id:87d00b98...][Download][Request]Receive block request,peer=374bdfe9...,from=184,to=184
info|2025-10-28 02:01:13.211329|SyncSend-1-0x00007f27d1eeb700|[g:1][SYNC][id:87d00b98...][Download][Request][BlockSync]Batch blocks for sending,blockSize=24480,number=184,peer=374bdfe9...,timeCost=0
info|2025-10-28 02:01:13.211446|SyncSend-1-0x00007f27d1eeb700|[g:1][g:1] [SYNC][id:374bdfe9...][Download][Request][BlockSync]Send block packet,peer=374bdfe9...,blocks=1,bytes(V)=24487
info|2025-10-28 02:01:14.284454|io_service-0x00007f27df706700|[P2P][Service] heartBeat,connected count=3
info|2025-10-28 02:01:24.284832|io_service-0x00007f27df706700|[P2P][Service] heartBeat,connected count=3
info|2025-10-28 02:01:24.665669|fisco-bcos-0x00007f27e247fdc0|[LEDGER]stop sealer,groupID=1
info|2025-10-28 02:01:24.665698|fisco-bcos-0x00007f27e247fdc0|[CONSENSUS][SEALER]Stop sealer module...
info|2025-10-28 02:01:24.668643|fisco-bcos-0x00007f27e247fdc0|[CONSENSUS][ConsensusEngine][Stop ConsensusEngineBase]
info|2025-10-28 02:01:24.673970|fisco-bcos-0x00007f27e247fdc0|[CONSENSUS][ConsensusEngine]ConsensusEngineBase stopped
info|2025-10-28 02:01:24.673988|fisco-bcos-0x00007f27e247fdc0|[LEDGER]sealer stopped. stop sync,groupID=1
info|2025-10-28 02:01:24.674668|fisco-bcos-0x00007f27e247fdc0|[g:1] [SYNC][id:87d00b98...]SyncMsgEngine stopped
info|2025-10-28 02:01:24.852772|fisco-bcos-0x00007f27e247fdc0|[GossipBlockStatus]stop GossipBlockStatus succ
info|2025-10-28 02:01:25.657201|fisco-bcos-0x00007f27e247fdc0|[SYNC][id:87d00b98...][g:1]SyncMaster stopped
info|2025-10-28 02:01:25.657251|fisco-bcos-0x00007f27e247fdc0|[LEDGER]sync stopped. stop event filter manager,groupID=1
info|2025-10-28 02:01:25.758109|fisco-bcos-0x00007f27e247fdc0|[EVENT][EventLogFilterManager]stop
info|2025-10-28 02:01:25.758180|fisco-bcos-0x00007f27e247fdc0|[LEDGER]event filter manager stopped. stop tx pool,groupID=1
info|2025-10-28 02:01:25.758626|fisco-bcos-0x00007f27e247fdc0|[LEDGER]removeNetworkStatHandlerByGroupID and removeGroupBandwidthLimiter for service,groupID=1
info|2025-10-28 02:01:25.758672|fisco-bcos-0x00007f27e247fdc0|[CHANNEL]removeSDKAllowListByGroupId,groupId=1
info|2025-10-28 02:01:25.758685|fisco-bcos-0x00007f27e247fdc0|[INITIALIZER]ledgerInitializer stopped
info|2025-10-28 02:01:26.665738|io_service-0x00007f27df706700|[NETWORK][Session]doRead failed,endpoint=127.0.0.1:53292,message=short read (SSL routines, SSL routines)
info|2025-10-28 02:01:26.665800|io_service-0x00007f27df706700|[NETWORK][Session]drop, call and erase all callbackFunc of the session!,endpoint=127.0.0.1:53292
info|2025-10-28 02:01:26.665815|io_service-0x00007f27df706700|[NETWORK][Session][drop] closing remote 127.0.0.1:53292,reason=Low-level TCP communication failed.,endpoint=127.0.0.1:53292
info|2025-10-28 02:01:26.665936|io_service-0x00007f27df706700|[NETWORK][Session]Session inactive
info|2025-10-28 02:01:26.665946|io_service-0x00007f27df706700|[NETWORK][Session]Session inactive
info|2025-10-28 02:01:26.665951|io_service-0x00007f27df706700|[NETWORK][Session][drop] shutdown failed ,code=9,message=Bad file descriptor
info|2025-10-28 02:01:26.666066|P2P-0x00007f27e0f09700|[P2P][Service] disconnect inactive P2PSession,nodeID=374bdfe9...,endpoint=127.0.0.1:53292,code=3,what=Disconnect
info|2025-10-28 02:01:26.666103|P2P-0x00007f27e0f09700|[P2P][Service] onDisconnect,code=3,what=Dynamic exception type: dev::network::NetworkException
std::exception::what: Disconnect
info|2025-10-28 02:01:26.669440|io_service-0x00007f27df706700|[NETWORK][Session]doRead failed,endpoint=127.0.0.1:53280,message=short read (SSL routines, SSL routines)
info|2025-10-28 02:01:26.669479|io_service-0x00007f27df706700|[NETWORK][Session]drop, call and erase all callbackFunc of the session!,endpoint=127.0.0.1:53280
info|2025-10-28 02:01:26.669542|io_service-0x00007f27df706700|[NETWORK][Session][drop] closing remote 127.0.0.1:53280,reason=Low-level TCP communication failed.,endpoint=127.0.0.1:53280
info|2025-10-28 02:01:26.669663|io_service-0x00007f27df706700|[NETWORK][Session]Session inactive
info|2025-10-28 02:01:26.669671|io_service-0x00007f27df706700|[NETWORK][Session]Session inactive
info|2025-10-28 02:01:26.669676|io_service-0x00007f27df706700|[NETWORK][Session][drop] shutdown failed ,code=9,message=Bad file descriptor
info|2025-10-28 02:01:26.669830|P2P-0x00007f27e0708700|[P2P][Service] disconnect inactive P2PSession,nodeID=064cb676...,endpoint=127.0.0.1:53280,code=3,what=Disconnect
info|2025-10-28 02:01:26.669856|P2P-0x00007f27e0708700|[P2P][Service] onDisconnect,code=3,what=Dynamic exception type: dev::network::NetworkException
std::exception::what: Disconnect
info|2025-10-28 02:01:26.677238|io_service-0x00007f27df706700|[NETWORK][Session]doRead failed,endpoint=127.0.0.1:30300,message=short read (SSL routines, SSL routines)
info|2025-10-28 02:01:26.677295|io_service-0x00007f27df706700|[NETWORK][Session]drop, call and erase all callbackFunc of the session!,endpoint=127.0.0.1:30300
info|2025-10-28 02:01:26.677309|io_service-0x00007f27df706700|[NETWORK][Session][drop] closing remote 127.0.0.1:30300,reason=Low-level TCP communication failed.,endpoint=127.0.0.1:30300
info|2025-10-28 02:01:26.677449|io_service-0x00007f27df706700|[NETWORK][Session]Session inactive
info|2025-10-28 02:01:26.677458|io_service-0x00007f27df706700|[NETWORK][Session]Session inactive
info|2025-10-28 02:01:26.677463|io_service-0x00007f27df706700|[NETWORK][Session][drop] shutdown failed ,code=9,message=Bad file descriptor
info|2025-10-28 02:01:26.677513|P2P-0x00007f27dff07700|[P2P][Service] disconnect inactive P2PSession,nodeID=73994dae...,endpoint=127.0.0.1:30300,code=3,what=Disconnect
info|2025-10-28 02:01:26.677537|P2P-0x00007f27dff07700|[P2P][Service] onDisconnect,code=3,what=Dynamic exception type: dev::network::NetworkException
std::exception::what: Disconnect
info|2025-10-28 02:01:26.759124|fisco-bcos-0x00007f27e247fdc0|[INITIALIZER]ChannelRPCHttpServer deleted.
info|2025-10-28 02:01:26.759785|fisco-bcos-0x00007f27e247fdc0|[INITIALIZER]JsonrpcHttpServer deleted.
info|2025-10-28 02:01:26.759803|fisco-bcos-0x00007f27e247fdc0|[INITIALIZER]RPCInitializer stopped
info|2025-10-28 02:01:26.759944|io_service-0x00007f27df706700|[NETWORK][Host]Host exit
info|2025-10-28 02:01:26.760784|fisco-bcos-0x00007f27e247fdc0|[INITIALIZER]P2PInitializer stopped
info|2025-10-28 02:01:26.760819|fisco-bcos-0x00007f27e247fdc0|[LEDGER]stop sealer,groupID=1
info|2025-10-28 02:01:26.760827|fisco-bcos-0x00007f27e247fdc0|[LEDGER]sealer stopped. stop sync,groupID=1
info|2025-10-28 02:01:26.760837|fisco-bcos-0x00007f27e247fdc0|[g:1] [SYNC][id:87d00b98...]SyncMsgEngine stopped
info|2025-10-28 02:01:26.760850|fisco-bcos-0x00007f27e247fdc0|[GossipBlockStatus]GossipBlockStatus already stopped
info|2025-10-28 02:01:26.760855|fisco-bcos-0x00007f27e247fdc0|[SYNC][id:87d00b98...][g:1]SyncMaster stopped
info|2025-10-28 02:01:26.760859|fisco-bcos-0x00007f27e247fdc0|[LEDGER]sync stopped. stop event filter manager,groupID=1
info|2025-10-28 02:01:26.760864|fisco-bcos-0x00007f27e247fdc0|[LEDGER]event filter manager stopped. stop tx pool,groupID=1
info|2025-10-28 02:01:26.760871|fisco-bcos-0x00007f27e247fdc0|[LEDGER]removeNetworkStatHandlerByGroupID and removeGroupBandwidthLimiter for service,groupID=1
info|2025-10-28 02:01:26.760885|fisco-bcos-0x00007f27e247fdc0|[g:1][STORAGE][CachedStorage]Stopping flushStorage thread
info|2025-10-28 02:01:27.513358|fisco-bcos-0x00007f27e247fdc0|[g:1][STORAGE][CachedStorage]flushStorage thread stopped.
info|2025-10-28 02:01:27.513392|fisco-bcos-0x00007f27e247fdc0|[DBINITIALIZER] storage stopped
info|2025-10-28 02:01:27.519415|fisco-bcos-0x00007f27e247fdc0|[g:1] [SYNC][id:87d00b98...]SyncMsgEngine stopped
info|2025-10-28 02:01:27.519444|fisco-bcos-0x00007f27e247fdc0|[GossipBlockStatus]GossipBlockStatus already stopped
info|2025-10-28 02:01:27.519469|fisco-bcos-0x00007f27e247fdc0|[SYNC][id:87d00b98...][g:1]SyncMaster stopped
info|2025-10-28 02:01:27.519491|fisco-bcos-0x00007f27e247fdc0|[g:1] [SYNC][id:87d00b98...]SyncMsgEngine stopped
