info|2025-10-08 07:35:00.828865|fisco-bcos-0x00007fc8e7f9fdc0|[INITIALIZER][initGlobalConfig],enableCompress=true,compatibilityVersion=2.11.0,versionNumber=34275328,enableStat=false,chainId=1,useSMCrypto=true,IgnoreObserverWriteRequest=false
info|2025-10-08 07:35:00.862799|fisco-bcos-0x00007fc8e7f9fdc0|[INITIALIZER][SecureInitializerGM]get pub of node,nodeID=87d00b98321fc70a5abc85ad9e80db10cce315194133697bf74aace1d3f8430957a766240f751752708f4282f46110d6ea56c3eb5d1c02ce98a66f327f595270
info|2025-10-08 07:35:00.871294|fisco-bcos-0x00007fc8e7f9fdc0|[NETWORK][Host]Connecting to node,endpoint=127.0.0.1:30300
info|2025-10-08 07:35:00.871499|fisco-bcos-0x00007fc8e7f9fdc0|[NETWORK][Host]Connecting to node,endpoint=127.0.0.1:30301
info|2025-10-08 07:35:00.871584|fisco-bcos-0x00007fc8e7f9fdc0|[NETWORK][Host]Connecting to node,endpoint=127.0.0.1:30302
info|2025-10-08 07:35:00.871642|fisco-bcos-0x00007fc8e7f9fdc0|[NETWORK][Host]Connecting to node,endpoint=127.0.0.1:30303
info|2025-10-08 07:35:00.871694|fisco-bcos-0x00007fc8e7f9fdc0|[P2P][Service] heartBeat,connected count=0
info|2025-10-08 07:35:00.871837|fisco-bcos-0x00007fc8e7f9fdc0|[INITIALIZER][RPCInitializer],network_security.check_cert_issuer=true
info|2025-10-08 07:35:00.872904|fisco-bcos-0x00007fc8e7f9fdc0|[CHANNEL][ChannelServer::run],threadPoolSize=8
info|2025-10-08 07:35:00.873018|fisco-bcos-0x00007fc8e7f9fdc0|[CHANNEL]ChannelRPCServer started
info|2025-10-08 07:35:00.873026|fisco-bcos-0x00007fc8e7f9fdc0|[INITIALIZER][RPCInitializer: ChannelRPCHttpServer started.],disableDynamicGroup=false,uncheckGroupMember=false,threadSize=8
info|2025-10-08 07:35:00.873040|fisco-bcos-0x00007fc8e7f9fdc0|[INITIALIZER][LedgerInitializer]initConfig
info|2025-10-08 07:35:00.873053|fisco-bcos-0x00007fc8e7f9fdc0|[LedgerInitializer],groupConfigPath=conf/
info|2025-10-08 07:35:00.877157|io_service-0x00007fc8e5226700|[NETWORK][Host]P2P StartAccept,Host=0.0.0.0:30302
info|2025-10-08 07:35:00.877440|io_service-0x00007fc8e5226700|[NETWORK][Host]P2P Recv Connect, From=127.0.0.1:39830
info|2025-10-08 07:35:00.877788|io_service-0x00007fc8e5226700|[NETWORK][Host]P2P StartAccept,Host=0.0.0.0:30302
info|2025-10-08 07:35:00.888624|io_service-0x00007fc8e5226700|[NETWORK][ASIO]asyncResolveConnect,endpoint=127.0.0.1:30300
info|2025-10-08 07:35:00.890571|io_service-0x00007fc8e5226700|[NETWORK][ASIO]asyncResolveConnect,endpoint=127.0.0.1:30301
info|2025-10-08 07:35:00.890880|io_service-0x00007fc8e5226700|[NETWORK][ASIO]asyncResolveConnect,endpoint=127.0.0.1:30302
info|2025-10-08 07:35:00.891000|io_service-0x00007fc8e5226700|[NETWORK][ASIO]asyncResolveConnect,endpoint=127.0.0.1:30303
info|2025-10-08 07:35:00.891090|io_service-0x00007fc8e5226700|[NETWORK][Host]P2P Recv Connect, From=127.0.0.1:39838
info|2025-10-08 07:35:00.891181|io_service-0x00007fc8e5226700|[NETWORK][Host]P2P StartAccept,Host=0.0.0.0:30302
info|2025-10-08 07:35:00.895158|io_service-0x00007fc8e5226700|[NETWORK][Host]P2P Recv Connect, From=127.0.0.1:39840
info|2025-10-08 07:35:00.897296|io_service-0x00007fc8e5226700|[NETWORK][Host]P2P StartAccept,Host=0.0.0.0:30302
warning|2025-10-08 07:35:00.897494|io_service-0x00007fc8e5226700|[NETWORK][Host]TCP Connection refused by node,endpoint=127.0.0.1:30300,message=Connection refused
warning|2025-10-08 07:35:00.897947|P2P-0x00007fc8e5a27700|[P2P][Service] onConnect,code=5,nodeID=00000000...,nodeName=,endpoint=unknown,what=Connect failed
info|2025-10-08 07:35:00.904561|io_service-0x00007fc8e5226700|[NETWORK][Host]handshakeServer succ,remote endpoint=127.0.0.1:39830
info|2025-10-08 07:35:00.904739|P2P-0x00007fc8e6228700|[P2P][Service] Connection established,nodeID=374bdfe9...,endpoint=127.0.0.1:39830
info|2025-10-08 07:35:00.904813|io_service-0x00007fc8e5226700|[NETWORK][Host]startPeerSession, Remote=127.0.0.1:39830,local endpoint=127.0.0.1:30302,nodeID=374bdfe9...
info|2025-10-08 07:35:00.921692|io_service-0x00007fc8e5226700|[NETWORK][Host]handshakeServer succ,remote endpoint=127.0.0.1:39840
info|2025-10-08 07:35:00.921898|io_service-0x00007fc8e5226700|[NETWORK][Host]startPeerSession, Remote=127.0.0.1:39840,local endpoint=127.0.0.1:30302,nodeID=87d00b98...
info|2025-10-08 07:35:00.922244|io_service-0x00007fc8e5226700|[NETWORK][Host]handshakeClient succ,local endpoint=127.0.0.1:48220
info|2025-10-08 07:35:00.922302|io_service-0x00007fc8e5226700|[NETWORK][Host]startPeerSession, Remote=127.0.0.1:30301,local endpoint=127.0.0.1:48220,nodeID=374bdfe9...
info|2025-10-08 07:35:00.922452|io_service-0x00007fc8e5226700|[NETWORK][Host]handshakeClient succ,local endpoint=127.0.0.1:39840
info|2025-10-08 07:35:00.922505|io_service-0x00007fc8e5226700|[NETWORK][Host]startPeerSession, Remote=127.0.0.1:30302,local endpoint=127.0.0.1:39840,nodeID=87d00b98...
info|2025-10-08 07:35:00.927513|fisco-bcos-0x00007fc8e7f9fdc0|[INITIALIZER][initSingleLedger] [GroupId], LedgerConstructor:  1,configFileName=conf/group.1.genesis,dataDir=data/
info|2025-10-08 07:35:00.927715|fisco-bcos-0x00007fc8e7f9fdc0|[g:1][LedgerParam][parseGenesisConfig]initConsensusConfig/initStorageConfig/initTxConfig,configFile=conf/group.1.genesis
info|2025-10-08 07:35:00.927734|fisco-bcos-0x00007fc8e7f9fdc0|[g:1][LedgerParam][initConsensusConfig],type=pbft,consensusTimeout=3,maxTxNum=1000,txGasLimit=300000000
info|2025-10-08 07:35:00.927759|fisco-bcos-0x00007fc8e7f9fdc0|[g:1][LedgerParam][parsePublicKeyListOfSection],sectionName=consensus,it.first=73994dae9e8b8da733108a4153dfe79151d701dff425f84c87b5324e8ebd02ab6a0ebc9e4f1e0298a7ddca50f94a8f95c62b6997226d571e470e8f2b0600634a
info|2025-10-08 07:35:00.927805|fisco-bcos-0x00007fc8e7f9fdc0|[g:1][LedgerParam][parsePublicKeyListOfSection],sectionName=consensus,it.first=374bdfe969e1d8ea1200ade93e5d8cf1a7d5741f238011004b0f43ca818706f194b2f067e1708125f7ffc536610b9a72addbd56b238d65f18912be39037ffcc5
info|2025-10-08 07:35:00.927828|fisco-bcos-0x00007fc8e7f9fdc0|[g:1][LedgerParam][parsePublicKeyListOfSection],sectionName=consensus,it.first=87d00b98321fc70a5abc85ad9e80db10cce315194133697bf74aace1d3f8430957a766240f751752708f4282f46110d6ea56c3eb5d1c02ce98a66f327f595270
info|2025-10-08 07:35:00.927845|fisco-bcos-0x00007fc8e7f9fdc0|[g:1][LedgerParam][parsePublicKeyListOfSection],sectionName=consensus,it.first=064cb676a36047a4b52ecbf9c01664b1e987d91b438110ba6a12d96972726622e824d295b1de8b0298b5afe7bbbc0bd04a3890e1a36eae028c1cfbe07971b995
info|2025-10-08 07:35:00.927856|fisco-bcos-0x00007fc8e7f9fdc0|[g:1][LedgerParam][parsePublicKeyListOfSection],totalPubKeySize=4
info|2025-10-08 07:35:00.927908|fisco-bcos-0x00007fc8e7f9fdc0|[g:1][LedgerParam][max_block_range],maxBlockRange=0,maxBlockPerProcess=3
info|2025-10-08 07:35:00.927915|fisco-bcos-0x00007fc8e7f9fdc0|[g:1][LedgerParam][parseGenesisConfig],timestamp=1759762229000
info|2025-10-08 07:35:00.927928|fisco-bcos-0x00007fc8e7f9fdc0|[g:1][LedgerParam]setEVMFlags,enableFreeStorageVMSchedule=false,evmFlags=0
info|2025-10-08 07:35:00.927943|fisco-bcos-0x00007fc8e7f9fdc0|[g:1][LedgerParam]store evmFlag,evmFlag=0
info|2025-10-08 07:35:00.927949|fisco-bcos-0x00007fc8e7f9fdc0|[g:1][LedgerParam]store consensus time,consensusTimeout=3
info|2025-10-08 07:35:00.927954|fisco-bcos-0x00007fc8e7f9fdc0|[g:1][LedgerParam][initMark],genesisMark=1-064cb676a36047a4b52ecbf9c01664b1e987d91b438110ba6a12d96972726622e824d295b1de8b0298b5afe7bbbc0bd04a3890e1a36eae028c1cfbe07971b995,374bdfe969e1d8ea1200ade93e5d8cf1a7d5741f238011004b0f43ca818706f194b2f067e1708125f7ffc536610b9a72addbd56b238d65f18912be39037ffcc5,73994dae9e8b8da733108a4153dfe79151d701dff425f84c87b5324e8ebd02ab6a0ebc9e4f1e0298a7ddca50f94a8f95c62b6997226d571e470e8f2b0600634a,87d00b98321fc70a5abc85ad9e80db10cce315194133697bf74aace1d3f8430957a766240f751752708f4282f46110d6ea56c3eb5d1c02ce98a66f327f595270,-pbft-storage-0-1000-300000000-3
info|2025-10-08 07:35:00.927961|fisco-bcos-0x00007fc8e7f9fdc0|[g:1][LedgerParam][initIniConfig]initTxPoolConfig/initSyncConfig/initTxExecuteConfig,configFile=conf/group.1.ini
info|2025-10-08 07:35:00.929074|fisco-bcos-0x00007fc8e7f9fdc0|[g:1][LedgerParam][initStorageConfig],stateType=storage,storageDB=rocksdb,storagePath=data//group1/block/RocksDB,baseDir=data//group1,dbtype=mysql,dbip=127.0.0.1,dbport=3306,dbcharset=utf8mb4,initconnections=15,maxconnections=50,scrollThreshold=2000,enableReconfirmCommittee=false
info|2025-10-08 07:35:00.929118|fisco-bcos-0x00007fc8e7f9fdc0|[g:1][LedgerParam][initTxPoolConfig],txPoolLimit=150000,memorySizeLimit(MB)=512,notifyWorkerNum=2,txsExpirationTime(ms)=600000
info|2025-10-08 07:35:00.929127|fisco-bcos-0x00007fc8e7f9fdc0|[g:1][LedgerParam][initSyncConfig],idleWaitMs=200
info|2025-10-08 07:35:00.929137|fisco-bcos-0x00007fc8e7f9fdc0|[g:1][LedgerParam][initSyncConfig],enableSendTxsByTree=true,enableSendBlockStatusByTree=true
info|2025-10-08 07:35:00.929145|fisco-bcos-0x00007fc8e7f9fdc0|[g:1][LedgerParam][initSyncConfig],gossipInterval=1000
info|2025-10-08 07:35:00.929158|fisco-bcos-0x00007fc8e7f9fdc0|[g:1][LedgerParam][initSyncConfig],enableSendBlockStatusByTree=true,gossipInterval=1000,gossipPeers=3,syncTreeWidth=3,maxQueueSizeForBlockSync=536870912,txsStatusGossipMaxPeers=5,syncInfoPrintInterval=10,freeNodeRead=false
info|2025-10-08 07:35:00.929166|fisco-bcos-0x00007fc8e7f9fdc0|[g:1][LedgerParam][InitTxExecuteConfig],enableParallel=true
info|2025-10-08 07:35:00.929183|fisco-bcos-0x00007fc8e7f9fdc0|[g:1][LedgerParam][initConsensusIniConfig],maxTTL=2,minBlockGenerationTime=500,enablDynamicBlockSize=true,blockSizeIncreaseRatio=0.5,enableTTLOptimize=true,enablePrepareWithTxsHash=true
info|2025-10-08 07:35:00.929242|fisco-bcos-0x00007fc8e7f9fdc0|[g:1][LedgerParam][initRPBFTConsensusIniConfig],broadcastPrepareByTree=true,prepareStatusBroadcastPercent=33,maxRequestMissedTxsWaitTime=100,maxRequestPrepareWaitTime=100
info|2025-10-08 07:35:00.929250|fisco-bcos-0x00007fc8e7f9fdc0|[g:1][LedgerParam][initFlowControlConfig],maxQPS=9223372036854775807,outGoingBandwidth(Bytes)=9223372036854775807
info|2025-10-08 07:35:00.929257|fisco-bcos-0x00007fc8e7f9fdc0|[g:1][LedgerParam]parseSDKAllowList,sdkAllowList=[],enableSDKAllowListControl=false
info|2025-10-08 07:35:00.929280|fisco-bcos-0x00007fc8e7f9fdc0|[g:1][LEDGER][initLedger][DBInitializer]
info|2025-10-08 07:35:00.929285|fisco-bcos-0x00007fc8e7f9fdc0|[g:1][LEDGER]setSDKAllowList,groupId=1,sdkAllowListSize=0
info|2025-10-08 07:35:00.929295|fisco-bcos-0x00007fc8e7f9fdc0|[g:1][CHANNEL]registerSDKAllowListByGroupId,groupId=1,size=0
info|2025-10-08 07:35:00.929301|fisco-bcos-0x00007fc8e7f9fdc0|[g:1][CHANNEL]Disable group-level sdk permission control for sdk allowlist is empty
info|2025-10-08 07:35:00.929309|fisco-bcos-0x00007fc8e7f9fdc0|[g:1][DBINITIALIZER] [initStorageDB]
info|2025-10-08 07:35:00.929314|fisco-bcos-0x00007fc8e7f9fdc0|[g:1][DBINITIALIZER] [initRocksDBStorage]
info|2025-10-08 07:35:00.929380|fisco-bcos-0x00007fc8e7f9fdc0|[g:1][ROCKSDB]open rocksDB handler,path=data//group1/block/RocksDB
info|2025-10-08 07:35:00.942847|io_service-0x00007fc8e5226700|[NETWORK][Host]handshakeServer succ,remote endpoint=127.0.0.1:39838
info|2025-10-08 07:35:00.942926|io_service-0x00007fc8e5226700|[NETWORK][Host]startPeerSession, Remote=127.0.0.1:39838,local endpoint=127.0.0.1:30302,nodeID=064cb676...
info|2025-10-08 07:35:00.943666|P2P-0x00007fc8e6a29700|[P2P][Service] Connection established,nodeID=064cb676...,endpoint=127.0.0.1:39838
info|2025-10-08 07:35:00.963310|io_service-0x00007fc8e5226700|[NETWORK][Host]P2P Recv Connect, From=127.0.0.1:39844
info|2025-10-08 07:35:00.963420|io_service-0x00007fc8e5226700|[NETWORK][Host]P2P StartAccept,Host=0.0.0.0:30302
info|2025-10-08 07:35:00.963694|io_service-0x00007fc8e5226700|[NETWORK][Host]handshakeClient succ,local endpoint=127.0.0.1:34682
info|2025-10-08 07:35:00.963745|io_service-0x00007fc8e5226700|[NETWORK][Host]startPeerSession, Remote=127.0.0.1:30303,local endpoint=127.0.0.1:34682,nodeID=064cb676...
info|2025-10-08 07:35:01.008141|io_service-0x00007fc8e5226700|[NETWORK][Host]handshakeServer succ,remote endpoint=127.0.0.1:39844
info|2025-10-08 07:35:01.008258|io_service-0x00007fc8e5226700|[NETWORK][Host]startPeerSession, Remote=127.0.0.1:39844,local endpoint=127.0.0.1:30302,nodeID=73994dae...
info|2025-10-08 07:35:01.009310|P2P-0x00007fc8e6228700|[P2P][Service] Connection established,nodeID=73994dae...,endpoint=127.0.0.1:39844
info|2025-10-08 07:35:01.047791|fisco-bcos-0x00007fc8e7f9fdc0|[g:1][g:1][STORAGE][CachedStorage]Init flushStorage thread
info|2025-10-08 07:35:01.048259|fisco-bcos-0x00007fc8e7f9fdc0|[g:1][DBINITIALIZER] [init CachedStorage],maxCapacity=32,maxForwardBlock=10
info|2025-10-08 07:35:01.048378|fisco-bcos-0x00007fc8e7f9fdc0|[g:1][LEDGER][initLedger][initBlockChain]
info|2025-10-08 07:35:01.048950|fisco-bcos-0x00007fc8e7f9fdc0|[g:1][LEDGER]set enableHexBlock to be false,version=34275328
info|2025-10-08 07:35:01.049011|fisco-bcos-0x00007fc8e7f9fdc0|[g:1][BLOCKCHAIN][#checkAndBuildGenesisBlock],shouldBuild=false
info|2025-10-08 07:35:01.118649|fisco-bcos-0x00007fc8e7f9fdc0|[g:1][BLOCKCHAIN][#checkAndBuildGenesisBlock]Already have the 0th block, 0th groupMark is equal to file groupMark.
info|2025-10-08 07:35:01.118787|fisco-bcos-0x00007fc8e7f9fdc0|[g:1][LEDGER][initLedger]initBlockChain SUCC
info|2025-10-08 07:35:01.119041|fisco-bcos-0x00007fc8e7f9fdc0|[g:1][DBINITIALIZER] [createStateFactory],type=storage
info|2025-10-08 07:35:01.119064|fisco-bcos-0x00007fc8e7f9fdc0|[g:1][DBINITIALIZER] createStorageState SUCC
info|2025-10-08 07:35:01.119069|fisco-bcos-0x00007fc8e7f9fdc0|[g:1][DBINITIALIZER] [createStateFactory SUCC]
info|2025-10-08 07:35:01.119080|fisco-bcos-0x00007fc8e7f9fdc0|[g:1][DBINITIALIZER] createExecutiveContext...
info|2025-10-08 07:35:01.119117|fisco-bcos-0x00007fc8e7f9fdc0|[g:1][LEDGER]createGasMetric,vmFlagType=0
info|2025-10-08 07:35:01.119127|fisco-bcos-0x00007fc8e7f9fdc0|[g:1][LEDGER]createGasMetric
info|2025-10-08 07:35:01.119139|fisco-bcos-0x00007fc8e7f9fdc0|[g:1][DBINITIALIZER] create precompiledGasFactory and precompiledResultFactory
info|2025-10-08 07:35:01.119147|fisco-bcos-0x00007fc8e7f9fdc0|[g:1][DBINITIALIZER] createExecutiveContext SUCC
info|2025-10-08 07:35:01.119160|fisco-bcos-0x00007fc8e7f9fdc0|[g:1][DBINITIALIZER] [setSyncNumForCachedStorage],syncNum=125
info|2025-10-08 07:35:01.119203|fisco-bcos-0x00007fc8e7f9fdc0|[g:1][LEDGER][initNetworkBandWidthLimiter: outGoingBandwidthLimit has been disabled],groupId=1
info|2025-10-08 07:35:01.119216|fisco-bcos-0x00007fc8e7f9fdc0|[g:1][LEDGER][QPSLimit has been disabled],groupId=1
info|2025-10-08 07:35:01.119279|fisco-bcos-0x00007fc8e7f9fdc0|[g:1][LEDGER][initLedger][initBlockVerifier]
info|2025-10-08 07:35:01.119460|fisco-bcos-0x00007fc8e7f9fdc0|[g:1][LEDGER][initLedger][initBlockVerifier SUCC],evmFlags=0
info|2025-10-08 07:35:01.119511|fisco-bcos-0x00007fc8e7f9fdc0|[g:1][LEDGER][initLedger][initTxPool],txPoolLimit=150000
info|2025-10-08 07:35:01.240602|fisco-bcos-0x00007fc8e7f9fdc0|[g:1][LEDGER][initLedger]initTxPool SUCC
info|2025-10-08 07:35:01.240658|fisco-bcos-0x00007fc8e7f9fdc0|[g:1][LEDGER][initLedger][initSync],idleWaitMs=200,gossipInterval=1000,gossipPeers=3
info|2025-10-08 07:35:01.240670|fisco-bcos-0x00007fc8e7f9fdc0|[g:1][LEDGER]Init sync master,enableSendBlockStatusByTree=true,enableSendTxsByTree=true
info|2025-10-08 07:35:01.260723|fisco-bcos-0x00007fc8e7f9fdc0|[g:1][LEDGER][initLedger]initSync SUCC
info|2025-10-08 07:35:01.260771|fisco-bcos-0x00007fc8e7f9fdc0|[g:1][LEDGER][initLedger][consensusInitFactory]
info|2025-10-08 07:35:01.260779|fisco-bcos-0x00007fc8e7f9fdc0|[g:1][LEDGER][initLedger][createPBFTSealer]
info|2025-10-08 07:35:01.260783|fisco-bcos-0x00007fc8e7f9fdc0|[g:1][LEDGER][initLedger][createPBFTSealer],baseDir=data//group1,Protocol=65544
info|2025-10-08 07:35:01.263036|fisco-bcos-0x00007fc8e7f9fdc0|[g:1][LEDGER][initLedger]createPBFTSealer for PBFT or rPBFT,consensusType=pbft
info|2025-10-08 07:35:01.263118|fisco-bcos-0x00007fc8e7f9fdc0|[g:1][LEDGER]createConsensusEngine: create PBFTEngine
info|2025-10-08 07:35:01.263169|fisco-bcos-0x00007fc8e7f9fdc0|[g:1][CONSENSUS][PBFT]Register handler for PBFTEngine
info|2025-10-08 07:35:01.270589|fisco-bcos-0x00007fc8e7f9fdc0|[g:1][CONSENSUS][PBFT]setMinBlockGenerationTime,minBlockGenerationTime=500,consensusTime=1000
info|2025-10-08 07:35:01.270649|fisco-bcos-0x00007fc8e7f9fdc0|[g:1][LEDGER][initEventLogFilterManager]initEventLogFilterManager SUCC
info|2025-10-08 07:35:01.270662|fisco-bcos-0x00007fc8e7f9fdc0|[LedgerInitializer init group succ],groupID=1
info|2025-10-08 07:35:01.270534|alignTime-1-0x00007fc8d5a07700|[g:1][NodeTimeMaintenance]updateTimeInfo: update median time offset,updatedMedianTimeOffset=-6,peer=73994dae...,peerTime=1759934101264,peerOffset=-6,utcTime=1759934101271
info|2025-10-08 07:35:01.272860|fisco-bcos-0x00007fc8e7f9fdc0|[SafeHttpServer::StartListening]use default epoll
info|2025-10-08 07:35:01.277742|fisco-bcos-0x00007fc8e7f9fdc0|[INITIALIZER][RPCInitializer JsonrpcHttpServer started],jsonrpc_IP=127.0.0.1,jsonrpc_listen_port=8547,jsonrpc_thread_count=8,ipv6=false,disableDynamicGroup=false,uncheckGroupMember=false
info|2025-10-08 07:35:01.278014|fisco-bcos-0x00007fc8e7f9fdc0|[g:1][LEDGER]startAll...
info|2025-10-08 07:35:01.279833|alignTime-1-0x00007fc8d5a07700|[g:1][NodeTimeMaintenance]updateTimeInfo: update median time offset,updatedMedianTimeOffset=-6,peer=374bdfe9...,peerTime=1759934101273,peerOffset=-6,utcTime=1759934101279
info|2025-10-08 07:35:01.347021|fisco-bcos-0x00007fc8e7f9fdc0|[g:1][GossipBlockStatus]start GossipBlockStatus succ
info|2025-10-08 07:35:01.347207|fisco-bcos-0x00007fc8e7f9fdc0|[g:1][CONSENSUS][ConsensusEngine][Start ConsensusEngineBase]
info|2025-10-08 07:35:01.356135|fisco-bcos-0x00007fc8e7f9fdc0|[g:1][CONSENSUS][PBFT]^^^^^^^^Report,num=125,sealerIdx=1,hash=f5c63345...,next=126,tx=1,nodeIdx=3
info|2025-10-08 07:35:01.356501|fisco-bcos-0x00007fc8e7f9fdc0|[g:1][ROCKSDB]open rocksDB handler,path=data//group1/pbftMsgBackup/RocksDB
info|2025-10-08 07:35:01.421489|fisco-bcos-0x00007fc8e7f9fdc0|[g:1][CONSENSUS][PBFT][PBFT init env successfully]
info|2025-10-08 07:35:01.421546|fisco-bcos-0x00007fc8e7f9fdc0|[g:1][CONSENSUS][PBFT][Start PBFTEngine...]
info|2025-10-08 07:35:01.421555|fisco-bcos-0x00007fc8e7f9fdc0|[g:1][CONSENSUS][SEALER][Start sealer module]
info|2025-10-08 07:35:01.422002|fisco-bcos-0x00007fc8e7f9fdc0|[g:1][EVENT][EventLogFilterManager]start,m_maxBlockRange=0,m_maxBlockPerLoopFilter=3
info|2025-10-08 07:35:02.160611|alignTime-1-0x00007fc8d5a07700|[g:1][NodeTimeMaintenance]updateTimeInfo: update median time offset,updatedMedianTimeOffset=-6,peer=064cb676...,peerTime=1759934102159,peerOffset=-1,utcTime=1759934102160
info|2025-10-08 07:35:02.318823|PBFT-1-0x00007fc8cb1f2700|[g:1][CONSENSUS][PBFT]Trigger fast-viewchange,view=0,toView=0,minView=1,INFO=,reqNum=125,curNum=125,GenIdx=2,Cview=1,view=0,fromIdx=2,fromNode=73994dae...,fromIp=127.0.0.1:39844,hash=f5c63345...,nodeIdx=3,myNode=87d00b98...
info|2025-10-08 07:35:02.324124|PBFT-1-0x00007fc8cb1f2700|[g:1][CONSENSUS][PBFT]checkAndChangeView: Reach consensus,org_view=0,cur_changeCycle=1,curView=0,view=1
info|2025-10-08 07:35:02.324304|PBFT-1-0x00007fc8cb1f2700|[g:1][CONSENSUS][PBFT]checkTimeout Succ,view=1,toView=1,nodeIdx=3,changeCycle=1,myNode=87d00b98...,timecost=5
info|2025-10-08 07:35:03.323931|PBFT-1-0x00007fc8cb1f2700|[g:1][CONSENSUS]addRawPrepare,height=126,reqIdx=2,hash=de662cd6...,time=0
info|2025-10-08 07:35:03.328982|PBFT-1-0x00007fc8cb1f2700|[g:1][CONSENSUS][PBFT]checkTimeout Succ,view=1,toView=2,nodeIdx=3,changeCycle=1,myNode=87d00b98...,timecost=5
info|2025-10-08 07:35:03.339276|PBFT-1-0x00007fc8cb1f2700|[g:1][CONSENSUS][PBFT]checkAndChangeView: Reach consensus,org_view=1,cur_changeCycle=1,curView=1,view=2
info|2025-10-08 07:35:04.339004|PBFTSeal-1-0x00007fc8c39e3700|[g:1][CONSENSUS][SEALER]++++++++++++++++ Generating seal on,blkNum=126,tx=0,nodeIdx=3,hash=c9d9ea56...
info|2025-10-08 07:35:04.352414|PBFT-1-0x00007fc8cb1f2700|[g:1][CONSENSUS][PBFT]checkTimeout Succ,view=2,toView=3,nodeIdx=3,changeCycle=1,myNode=87d00b98...,timecost=3
info|2025-10-08 07:35:04.367637|PBFT-1-0x00007fc8cb1f2700|[g:1][CONSENSUS][PBFT]checkAndChangeView: Reach consensus,org_view=2,cur_changeCycle=1,curView=2,view=3
info|2025-10-08 07:35:05.378965|PBFT-1-0x00007fc8cb1f2700|[g:1][CONSENSUS]addRawPrepare,height=126,reqIdx=0,hash=9ad1c5e8...,time=1
info|2025-10-08 07:35:05.393076|PBFT-1-0x00007fc8cb1f2700|[g:1][CONSENSUS][PBFT]checkTimeout Succ,view=3,toView=4,nodeIdx=3,changeCycle=1,myNode=87d00b98...,timecost=7
info|2025-10-08 07:35:05.400127|PBFT-1-0x00007fc8cb1f2700|[g:1][CONSENSUS][PBFT]checkAndChangeView: Reach consensus,org_view=3,cur_changeCycle=1,curView=3,view=4
info|2025-10-08 07:35:06.406897|PBFT-1-0x00007fc8cb1f2700|[g:1][CONSENSUS]addRawPrepare,height=126,reqIdx=1,hash=fbe736a6...,time=0
info|2025-10-08 07:35:06.411392|PBFT-1-0x00007fc8cb1f2700|[g:1][CONSENSUS][PBFT]checkTimeout Succ,view=4,toView=5,nodeIdx=3,changeCycle=1,myNode=87d00b98...,timecost=4
info|2025-10-08 07:35:06.432343|PBFT-1-0x00007fc8cb1f2700|[g:1][CONSENSUS][PBFT]checkAndChangeView: Reach consensus,org_view=4,cur_changeCycle=1,curView=4,view=5
info|2025-10-08 07:35:07.432100|PBFT-1-0x00007fc8cb1f2700|[g:1][CONSENSUS]addRawPrepare,height=126,reqIdx=2,hash=689fc379...,time=0
info|2025-10-08 07:35:07.440420|PBFT-1-0x00007fc8cb1f2700|[g:1][CONSENSUS][PBFT]checkTimeout Succ,view=5,toView=6,nodeIdx=3,changeCycle=1,myNode=87d00b98...,timecost=8
info|2025-10-08 07:35:07.447559|PBFT-1-0x00007fc8cb1f2700|[g:1][CONSENSUS][PBFT]checkAndChangeView: Reach consensus,org_view=5,cur_changeCycle=1,curView=5,view=6
info|2025-10-08 07:35:08.450061|PBFTSeal-1-0x00007fc8c39e3700|[g:1][CONSENSUS][SEALER]++++++++++++++++ Generating seal on,blkNum=126,tx=0,nodeIdx=3,hash=23f8d039...
info|2025-10-08 07:35:08.453340|PBFT-1-0x00007fc8cb1f2700|[g:1][CONSENSUS][PBFT]checkTimeout Succ,view=6,toView=7,nodeIdx=3,changeCycle=1,myNode=87d00b98...,timecost=2
info|2025-10-08 07:35:08.475690|PBFT-1-0x00007fc8cb1f2700|[g:1][CONSENSUS][PBFT]checkAndChangeView: Reach consensus,org_view=6,cur_changeCycle=1,curView=6,view=7
info|2025-10-08 07:35:09.494155|PBFT-1-0x00007fc8cb1f2700|[g:1][CONSENSUS]addRawPrepare,height=126,reqIdx=0,hash=704aa994...,time=0
info|2025-10-08 07:35:09.497173|PBFT-1-0x00007fc8cb1f2700|[g:1][CONSENSUS][PBFT]checkTimeout Succ,view=7,toView=8,nodeIdx=3,changeCycle=1,myNode=87d00b98...,timecost=3
info|2025-10-08 07:35:09.505194|PBFT-1-0x00007fc8cb1f2700|[g:1][CONSENSUS][PBFT]checkAndChangeView: Reach consensus,org_view=7,cur_changeCycle=1,curView=7,view=8
info|2025-10-08 07:35:10.508189|PBFT-1-0x00007fc8cb1f2700|[g:1][CONSENSUS]addRawPrepare,height=126,reqIdx=1,hash=06b4f2ec...,time=0
info|2025-10-08 07:35:10.518097|PBFT-1-0x00007fc8cb1f2700|[g:1][CONSENSUS][PBFT]checkTimeout Succ,view=8,toView=9,nodeIdx=3,changeCycle=1,myNode=87d00b98...,timecost=10
info|2025-10-08 07:35:10.529222|PBFT-1-0x00007fc8cb1f2700|[g:1][CONSENSUS][PBFT]checkAndChangeView: Reach consensus,org_view=8,cur_changeCycle=1,curView=8,view=9
info|2025-10-08 07:35:10.873687|io_service-0x00007fc8e5226700|[NETWORK][Host]Connecting to node,endpoint=127.0.0.1:30300
info|2025-10-08 07:35:10.873948|io_service-0x00007fc8e5226700|[P2P][Service] heartBeat,connected count=3
info|2025-10-08 07:35:10.874290|io_service-0x00007fc8e5226700|[NETWORK][ASIO]asyncResolveConnect,endpoint=127.0.0.1:30300
info|2025-10-08 07:35:10.894202|io_service-0x00007fc8e5226700|[NETWORK][Host]handshakeClient succ,local endpoint=127.0.0.1:44940
info|2025-10-08 07:35:10.894445|io_service-0x00007fc8e5226700|[NETWORK][Host]startPeerSession, Remote=127.0.0.1:30300,local endpoint=127.0.0.1:44940,nodeID=73994dae...
info|2025-10-08 07:35:11.535368|PBFT-1-0x00007fc8cb1f2700|[g:1][CONSENSUS]addRawPrepare,height=126,reqIdx=2,hash=6dcb11d8...,time=0
info|2025-10-08 07:35:11.543590|PBFT-1-0x00007fc8cb1f2700|[g:1][CONSENSUS][PBFT]checkTimeout Succ,view=9,toView=10,nodeIdx=3,changeCycle=1,myNode=87d00b98...,timecost=7
info|2025-10-08 07:35:11.551292|PBFT-1-0x00007fc8cb1f2700|[g:1][CONSENSUS][PBFT]checkAndChangeView: Reach consensus,org_view=9,cur_changeCycle=1,curView=9,view=10
info|2025-10-08 07:35:12.551743|PBFTSeal-1-0x00007fc8c39e3700|[g:1][CONSENSUS][SEALER]++++++++++++++++ Generating seal on,blkNum=126,tx=0,nodeIdx=3,hash=2134e229...
info|2025-10-08 07:35:12.565213|PBFT-1-0x00007fc8cb1f2700|[g:1][CONSENSUS][PBFT]checkTimeout Succ,view=10,toView=11,nodeIdx=3,changeCycle=1,myNode=87d00b98...,timecost=2
info|2025-10-08 07:35:12.570761|PBFT-1-0x00007fc8cb1f2700|[g:1][CONSENSUS][PBFT]checkAndChangeView: Reach consensus,org_view=10,cur_changeCycle=1,curView=10,view=11
info|2025-10-08 07:35:13.576716|PBFT-1-0x00007fc8cb1f2700|[g:1][CONSENSUS]addRawPrepare,height=126,reqIdx=0,hash=6857b139...,time=0
info|2025-10-08 07:35:13.583461|PBFT-1-0x00007fc8cb1f2700|[g:1][CONSENSUS][PBFT]checkTimeout Succ,view=11,toView=12,nodeIdx=3,changeCycle=1,myNode=87d00b98...,timecost=6
info|2025-10-08 07:35:13.591905|PBFT-1-0x00007fc8cb1f2700|[g:1][CONSENSUS][PBFT]checkAndChangeView: Reach consensus,org_view=11,cur_changeCycle=1,curView=11,view=12
info|2025-10-08 07:35:14.609416|PBFT-1-0x00007fc8cb1f2700|[g:1][CONSENSUS]addRawPrepare,height=126,reqIdx=1,hash=ef9f8247...,time=0
info|2025-10-08 07:35:14.618169|PBFT-1-0x00007fc8cb1f2700|[g:1][CONSENSUS][PBFT]checkTimeout Succ,view=12,toView=13,nodeIdx=3,changeCycle=1,myNode=87d00b98...,timecost=9
info|2025-10-08 07:35:14.626225|PBFT-1-0x00007fc8cb1f2700|[g:1][CONSENSUS][PBFT]checkAndChangeView: Reach consensus,org_view=12,cur_changeCycle=1,curView=12,view=13
info|2025-10-08 07:35:15.632831|PBFT-1-0x00007fc8cb1f2700|[g:1][CONSENSUS]addRawPrepare,height=126,reqIdx=2,hash=8992a202...,time=0
info|2025-10-08 07:35:15.636057|PBFT-1-0x00007fc8cb1f2700|[g:1][CONSENSUS][PBFT]checkTimeout Succ,view=13,toView=14,nodeIdx=3,changeCycle=1,myNode=87d00b98...,timecost=3
info|2025-10-08 07:35:15.651689|PBFT-1-0x00007fc8cb1f2700|[g:1][CONSENSUS][PBFT]checkAndChangeView: Reach consensus,org_view=13,cur_changeCycle=1,curView=13,view=14
info|2025-10-08 07:35:16.653981|PBFTSeal-1-0x00007fc8c39e3700|[g:1][CONSENSUS][SEALER]++++++++++++++++ Generating seal on,blkNum=126,tx=0,nodeIdx=3,hash=eb5c2d96...
info|2025-10-08 07:35:16.667131|PBFT-1-0x00007fc8cb1f2700|[g:1][CONSENSUS][PBFT]checkTimeout Succ,view=14,toView=15,nodeIdx=3,changeCycle=1,myNode=87d00b98...,timecost=2
info|2025-10-08 07:35:16.676232|PBFT-1-0x00007fc8cb1f2700|[g:1][CONSENSUS][PBFT]checkAndChangeView: Reach consensus,org_view=14,cur_changeCycle=1,curView=14,view=15
info|2025-10-08 07:35:17.689049|PBFT-1-0x00007fc8cb1f2700|[g:1][CONSENSUS]addRawPrepare,height=126,reqIdx=0,hash=d92c84a8...,time=0
info|2025-10-08 07:35:17.696808|PBFT-1-0x00007fc8cb1f2700|[g:1][CONSENSUS][PBFT]checkTimeout Succ,view=15,toView=16,nodeIdx=3,changeCycle=1,myNode=87d00b98...,timecost=6
info|2025-10-08 07:35:17.704295|PBFT-1-0x00007fc8cb1f2700|[g:1][CONSENSUS][PBFT]checkAndChangeView: Reach consensus,org_view=15,cur_changeCycle=1,curView=15,view=16
info|2025-10-08 07:35:18.708603|PBFT-1-0x00007fc8cb1f2700|[g:1][CONSENSUS]addRawPrepare,height=126,reqIdx=1,hash=4f4763c6...,time=0
info|2025-10-08 07:35:18.720264|PBFT-1-0x00007fc8cb1f2700|[g:1][CONSENSUS][PBFT]checkTimeout Succ,view=16,toView=17,nodeIdx=3,changeCycle=1,myNode=87d00b98...,timecost=9
info|2025-10-08 07:35:18.727245|PBFT-1-0x00007fc8cb1f2700|[g:1][CONSENSUS][PBFT]checkAndChangeView: Reach consensus,org_view=16,cur_changeCycle=1,curView=16,view=17
info|2025-10-08 07:35:19.734372|PBFT-1-0x00007fc8cb1f2700|[g:1][CONSENSUS]addRawPrepare,height=126,reqIdx=2,hash=97f9ecc9...,time=0
info|2025-10-08 07:35:19.748004|PBFT-1-0x00007fc8cb1f2700|[g:1][CONSENSUS][PBFT]checkTimeout Succ,view=17,toView=18,nodeIdx=3,changeCycle=1,myNode=87d00b98...,timecost=14
info|2025-10-08 07:35:19.755227|PBFT-1-0x00007fc8cb1f2700|[g:1][CONSENSUS][PBFT]checkAndChangeView: Reach consensus,org_view=17,cur_changeCycle=1,curView=17,view=18
info|2025-10-08 07:35:20.755515|PBFTSeal-1-0x00007fc8c39e3700|[g:1][CONSENSUS][SEALER]++++++++++++++++ Generating seal on,blkNum=126,tx=0,nodeIdx=3,hash=ed578ffb...
info|2025-10-08 07:35:20.771216|PBFT-1-0x00007fc8cb1f2700|[g:1][CONSENSUS][PBFT]checkTimeout Succ,view=18,toView=19,nodeIdx=3,changeCycle=1,myNode=87d00b98...,timecost=2
info|2025-10-08 07:35:20.785487|PBFT-1-0x00007fc8cb1f2700|[g:1][CONSENSUS][PBFT]checkAndChangeView: Reach consensus,org_view=18,cur_changeCycle=1,curView=18,view=19
info|2025-10-08 07:35:20.875160|io_service-0x00007fc8e5226700|[P2P][Service] heartBeat,connected count=3
info|2025-10-08 07:35:21.023400|P2P-0x00007fc8e6a29700|[NETWORK][Session]Received topic: [2	_block_notify_1] from 73994dae9e8b8da733108a4153dfe79151d701dff425f84c87b5324e8ebd02ab6a0ebc9e4f1e0298a7ddca50f94a8f95c62b6997226d571e470e8f2b0600634a
info|2025-10-08 07:35:21.790967|PBFT-1-0x00007fc8cb1f2700|[g:1][CONSENSUS]addRawPrepare,height=126,reqIdx=0,hash=0f8ccbf7...,time=1
info|2025-10-08 07:35:21.800482|PBFT-1-0x00007fc8cb1f2700|[g:1][CONSENSUS][PBFT]checkTimeout Succ,view=19,toView=20,nodeIdx=3,changeCycle=1,myNode=87d00b98...,timecost=9
info|2025-10-08 07:35:21.804434|PBFT-1-0x00007fc8cb1f2700|[g:1][CONSENSUS][PBFT]checkAndChangeView: Reach consensus,org_view=19,cur_changeCycle=1,curView=19,view=20
info|2025-10-08 07:35:22.827355|PBFT-1-0x00007fc8cb1f2700|[g:1][CONSENSUS]addRawPrepare,height=126,reqIdx=1,hash=539790d2...,time=0
info|2025-10-08 07:35:22.830021|PBFT-1-0x00007fc8cb1f2700|[g:1][CONSENSUS][PBFT]checkTimeout Succ,view=20,toView=21,nodeIdx=3,changeCycle=1,myNode=87d00b98...,timecost=3
info|2025-10-08 07:35:22.834389|PBFT-1-0x00007fc8cb1f2700|[g:1][CONSENSUS][PBFT]checkAndChangeView: Reach consensus,org_view=20,cur_changeCycle=1,curView=20,view=21
info|2025-10-08 07:35:23.836634|PBFT-1-0x00007fc8cb1f2700|[g:1][CONSENSUS]addRawPrepare,height=126,reqIdx=2,hash=387736c7...,time=0
info|2025-10-08 07:35:23.842382|PBFT-1-0x00007fc8cb1f2700|[g:1][CONSENSUS][PBFT]checkTimeout Succ,view=21,toView=22,nodeIdx=3,changeCycle=1,myNode=87d00b98...,timecost=6
info|2025-10-08 07:35:23.854140|PBFT-1-0x00007fc8cb1f2700|[g:1][CONSENSUS][PBFT]checkAndChangeView: Reach consensus,org_view=21,cur_changeCycle=1,curView=21,view=22
info|2025-10-08 07:35:24.855775|PBFTSeal-1-0x00007fc8c39e3700|[g:1][CONSENSUS][SEALER]++++++++++++++++ Generating seal on,blkNum=126,tx=0,nodeIdx=3,hash=0382b873...
info|2025-10-08 07:35:24.859799|PBFT-1-0x00007fc8cb1f2700|[g:1][CONSENSUS][PBFT]checkTimeout Succ,view=22,toView=23,nodeIdx=3,changeCycle=1,myNode=87d00b98...,timecost=2
info|2025-10-08 07:35:24.878280|PBFT-1-0x00007fc8cb1f2700|[g:1][CONSENSUS][PBFT]checkAndChangeView: Reach consensus,org_view=22,cur_changeCycle=1,curView=22,view=23
info|2025-10-08 07:35:25.891427|PBFT-1-0x00007fc8cb1f2700|[g:1][CONSENSUS]addRawPrepare,height=126,reqIdx=0,hash=5ccfa31e...,time=0
info|2025-10-08 07:35:25.906395|PBFT-1-0x00007fc8cb1f2700|[g:1][CONSENSUS][PBFT]checkTimeout Succ,view=23,toView=24,nodeIdx=3,changeCycle=1,myNode=87d00b98...,timecost=15
info|2025-10-08 07:35:25.912179|PBFT-1-0x00007fc8cb1f2700|[g:1][CONSENSUS][PBFT]checkAndChangeView: Reach consensus,org_view=23,cur_changeCycle=1,curView=23,view=24
info|2025-10-08 07:35:26.920637|PBFT-1-0x00007fc8cb1f2700|[g:1][CONSENSUS]addRawPrepare,height=126,reqIdx=1,hash=f8f8eb73...,time=0
info|2025-10-08 07:35:26.925768|PBFT-1-0x00007fc8cb1f2700|[g:1][CONSENSUS][PBFT]checkTimeout Succ,view=24,toView=25,nodeIdx=3,changeCycle=1,myNode=87d00b98...,timecost=5
info|2025-10-08 07:35:26.936931|PBFT-1-0x00007fc8cb1f2700|[g:1][CONSENSUS][PBFT]checkAndChangeView: Reach consensus,org_view=24,cur_changeCycle=1,curView=24,view=25
info|2025-10-08 07:35:27.945066|PBFT-1-0x00007fc8cb1f2700|[g:1][CONSENSUS]addRawPrepare,height=126,reqIdx=2,hash=1695f8d8...,time=0
info|2025-10-08 07:35:27.952726|PBFT-1-0x00007fc8cb1f2700|[g:1][CONSENSUS][PBFT]checkTimeout Succ,view=25,toView=26,nodeIdx=3,changeCycle=1,myNode=87d00b98...,timecost=6
info|2025-10-08 07:35:27.965441|PBFT-1-0x00007fc8cb1f2700|[g:1][CONSENSUS][PBFT]checkAndChangeView: Reach consensus,org_view=25,cur_changeCycle=1,curView=25,view=26
info|2025-10-08 07:35:28.967642|PBFTSeal-1-0x00007fc8c39e3700|[g:1][CONSENSUS][SEALER]++++++++++++++++ Generating seal on,blkNum=126,tx=0,nodeIdx=3,hash=e07c944b...
info|2025-10-08 07:35:28.970991|PBFT-1-0x00007fc8cb1f2700|[g:1][CONSENSUS][PBFT]checkTimeout Succ,view=26,toView=27,nodeIdx=3,changeCycle=1,myNode=87d00b98...,timecost=2
info|2025-10-08 07:35:28.992143|PBFT-1-0x00007fc8cb1f2700|[g:1][CONSENSUS][PBFT]checkAndChangeView: Reach consensus,org_view=26,cur_changeCycle=1,curView=26,view=27
info|2025-10-08 07:35:29.996359|PBFT-1-0x00007fc8cb1f2700|[g:1][CONSENSUS]addRawPrepare,height=126,reqIdx=0,hash=e2f5ca7e...,time=0
info|2025-10-08 07:35:30.005091|PBFT-1-0x00007fc8cb1f2700|[g:1][CONSENSUS][PBFT]checkTimeout Succ,view=27,toView=28,nodeIdx=3,changeCycle=1,myNode=87d00b98...,timecost=9
info|2025-10-08 07:35:30.014729|PBFT-1-0x00007fc8cb1f2700|[g:1][CONSENSUS][PBFT]checkAndChangeView: Reach consensus,org_view=27,cur_changeCycle=1,curView=27,view=28
info|2025-10-08 07:35:30.876268|io_service-0x00007fc8e5226700|[P2P][Service] heartBeat,connected count=3
info|2025-10-08 07:35:31.023791|PBFT-1-0x00007fc8cb1f2700|[g:1][CONSENSUS]addRawPrepare,height=126,reqIdx=1,hash=99f19730...,time=0
info|2025-10-08 07:35:31.033141|PBFT-1-0x00007fc8cb1f2700|[g:1][CONSENSUS][PBFT]checkTimeout Succ,view=28,toView=29,nodeIdx=3,changeCycle=1,myNode=87d00b98...,timecost=10
info|2025-10-08 07:35:31.044739|PBFT-1-0x00007fc8cb1f2700|[g:1][CONSENSUS][PBFT]checkAndChangeView: Reach consensus,org_view=28,cur_changeCycle=1,curView=28,view=29
info|2025-10-08 07:35:32.049463|PBFT-1-0x00007fc8cb1f2700|[g:1][CONSENSUS]addRawPrepare,height=126,reqIdx=2,hash=42e29092...,time=0
info|2025-10-08 07:35:32.052565|PBFT-1-0x00007fc8cb1f2700|[g:1][CONSENSUS][PBFT]checkTimeout Succ,view=29,toView=30,nodeIdx=3,changeCycle=1,myNode=87d00b98...,timecost=3
info|2025-10-08 07:35:32.068336|PBFT-1-0x00007fc8cb1f2700|[g:1][CONSENSUS][PBFT]checkAndChangeView: Reach consensus,org_view=29,cur_changeCycle=1,curView=29,view=30
info|2025-10-08 07:35:33.068907|PBFTSeal-1-0x00007fc8c39e3700|[g:1][CONSENSUS][SEALER]++++++++++++++++ Generating seal on,blkNum=126,tx=0,nodeIdx=3,hash=bd1131ef...
info|2025-10-08 07:35:33.079096|PBFT-1-0x00007fc8cb1f2700|[g:1][CONSENSUS][PBFT]checkTimeout Succ,view=30,toView=31,nodeIdx=3,changeCycle=1,myNode=87d00b98...,timecost=2
info|2025-10-08 07:35:33.099336|PBFT-1-0x00007fc8cb1f2700|[g:1][CONSENSUS][PBFT]checkAndChangeView: Reach consensus,org_view=30,cur_changeCycle=1,curView=30,view=31
info|2025-10-08 07:35:34.112245|PBFT-1-0x00007fc8cb1f2700|[g:1][CONSENSUS]addRawPrepare,height=126,reqIdx=0,hash=782d54ea...,time=0
info|2025-10-08 07:35:34.119340|PBFT-1-0x00007fc8cb1f2700|[g:1][CONSENSUS][PBFT]checkTimeout Succ,view=31,toView=32,nodeIdx=3,changeCycle=1,myNode=87d00b98...,timecost=3
info|2025-10-08 07:35:34.132238|PBFT-1-0x00007fc8cb1f2700|[g:1][CONSENSUS][PBFT]checkAndChangeView: Reach consensus,org_view=31,cur_changeCycle=1,curView=31,view=32
info|2025-10-08 07:35:35.128449|PBFT-1-0x00007fc8cb1f2700|[g:1][CONSENSUS]addRawPrepare,height=126,reqIdx=1,hash=d231eaef...,time=0
info|2025-10-08 07:35:35.140312|PBFT-1-0x00007fc8cb1f2700|[g:1][CONSENSUS][PBFT]checkTimeout Succ,view=32,toView=33,nodeIdx=3,changeCycle=1,myNode=87d00b98...,timecost=9
info|2025-10-08 07:35:35.151457|PBFT-1-0x00007fc8cb1f2700|[g:1][CONSENSUS][PBFT]checkAndChangeView: Reach consensus,org_view=32,cur_changeCycle=1,curView=32,view=33
info|2025-10-08 07:35:36.163522|PBFT-1-0x00007fc8cb1f2700|[g:1][CONSENSUS]addRawPrepare,height=126,reqIdx=2,hash=e4a767d6...,time=0
info|2025-10-08 07:35:36.173353|PBFT-1-0x00007fc8cb1f2700|[g:1][CONSENSUS][PBFT]checkTimeout Succ,view=33,toView=34,nodeIdx=3,changeCycle=1,myNode=87d00b98...,timecost=7
info|2025-10-08 07:35:36.177025|PBFT-1-0x00007fc8cb1f2700|[g:1][CONSENSUS][PBFT]checkAndChangeView: Reach consensus,org_view=33,cur_changeCycle=1,curView=33,view=34
info|2025-10-08 07:35:37.177458|PBFTSeal-1-0x00007fc8c39e3700|[g:1][CONSENSUS][SEALER]++++++++++++++++ Generating seal on,blkNum=126,tx=0,nodeIdx=3,hash=3b4d8c9c...
info|2025-10-08 07:35:37.182007|PBFT-1-0x00007fc8cb1f2700|[g:1][CONSENSUS][PBFT]checkTimeout Succ,view=34,toView=35,nodeIdx=3,changeCycle=1,myNode=87d00b98...,timecost=2
info|2025-10-08 07:35:37.197352|PBFT-1-0x00007fc8cb1f2700|[g:1][CONSENSUS][PBFT]checkAndChangeView: Reach consensus,org_view=34,cur_changeCycle=1,curView=34,view=35
info|2025-10-08 07:35:38.211523|PBFT-1-0x00007fc8cb1f2700|[g:1][CONSENSUS]addRawPrepare,height=126,reqIdx=0,hash=07bd50e1...,time=0
info|2025-10-08 07:35:38.213681|PBFT-1-0x00007fc8cb1f2700|[g:1][CONSENSUS][PBFT]checkTimeout Succ,view=35,toView=36,nodeIdx=3,changeCycle=1,myNode=87d00b98...,timecost=2
info|2025-10-08 07:35:38.225951|PBFT-1-0x00007fc8cb1f2700|[g:1][CONSENSUS][PBFT]checkAndChangeView: Reach consensus,org_view=35,cur_changeCycle=1,curView=35,view=36
info|2025-10-08 07:35:39.235979|PBFT-1-0x00007fc8cb1f2700|[g:1][CONSENSUS]addRawPrepare,height=126,reqIdx=1,hash=cf62c144...,time=1
info|2025-10-08 07:35:39.246553|PBFT-1-0x00007fc8cb1f2700|[g:1][CONSENSUS][PBFT]checkTimeout Succ,view=36,toView=37,nodeIdx=3,changeCycle=1,myNode=87d00b98...,timecost=10
info|2025-10-08 07:35:39.256786|PBFT-1-0x00007fc8cb1f2700|[g:1][CONSENSUS][PBFT]checkAndChangeView: Reach consensus,org_view=36,cur_changeCycle=1,curView=36,view=37
info|2025-10-08 07:35:40.260454|PBFT-1-0x00007fc8cb1f2700|[g:1][CONSENSUS]addRawPrepare,height=126,reqIdx=2,hash=860c3292...,time=0
info|2025-10-08 07:35:40.263738|PBFT-1-0x00007fc8cb1f2700|[g:1][CONSENSUS][PBFT]checkTimeout Succ,view=37,toView=38,nodeIdx=3,changeCycle=1,myNode=87d00b98...,timecost=2
info|2025-10-08 07:35:40.277845|PBFT-1-0x00007fc8cb1f2700|[g:1][CONSENSUS][PBFT]checkAndChangeView: Reach consensus,org_view=37,cur_changeCycle=1,curView=37,view=38
info|2025-10-08 07:35:40.878070|io_service-0x00007fc8e5226700|[P2P][Service] heartBeat,connected count=3
info|2025-10-08 07:35:41.278801|PBFTSeal-1-0x00007fc8c39e3700|[g:1][CONSENSUS][SEALER]++++++++++++++++ Generating seal on,blkNum=126,tx=0,nodeIdx=3,hash=970bfc0b...
info|2025-10-08 07:35:41.282821|PBFT-1-0x00007fc8cb1f2700|[g:1][CONSENSUS][PBFT]checkTimeout Succ,view=38,toView=39,nodeIdx=3,changeCycle=1,myNode=87d00b98...,timecost=1
info|2025-10-08 07:35:41.301215|PBFT-1-0x00007fc8cb1f2700|[g:1][CONSENSUS][PBFT]checkAndChangeView: Reach consensus,org_view=38,cur_changeCycle=1,curView=38,view=39
info|2025-10-08 07:35:42.316149|PBFT-1-0x00007fc8cb1f2700|[g:1][CONSENSUS]addRawPrepare,height=126,reqIdx=0,hash=47c5d35a...,time=0
info|2025-10-08 07:35:42.326684|PBFT-1-0x00007fc8cb1f2700|[g:1][CONSENSUS][PBFT]checkTimeout Succ,view=39,toView=40,nodeIdx=3,changeCycle=1,myNode=87d00b98...,timecost=10
info|2025-10-08 07:35:42.339544|PBFT-1-0x00007fc8cb1f2700|[g:1][CONSENSUS][PBFT]checkAndChangeView: Reach consensus,org_view=39,cur_changeCycle=1,curView=39,view=40
info|2025-10-08 07:35:43.351597|PBFT-1-0x00007fc8cb1f2700|[g:1][CONSENSUS]addRawPrepare,height=126,reqIdx=1,hash=cb2c63b1...,time=0
info|2025-10-08 07:35:43.369968|PBFT-1-0x00007fc8cb1f2700|[g:1][CONSENSUS][PBFT]checkTimeout Succ,view=40,toView=41,nodeIdx=3,changeCycle=1,myNode=87d00b98...,timecost=19
info|2025-10-08 07:35:43.377194|PBFT-1-0x00007fc8cb1f2700|[g:1][CONSENSUS][PBFT]checkAndChangeView: Reach consensus,org_view=40,cur_changeCycle=1,curView=40,view=41
info|2025-10-08 07:35:44.381503|PBFT-1-0x00007fc8cb1f2700|[g:1][CONSENSUS]addRawPrepare,height=126,reqIdx=2,hash=cabb836a...,time=0
info|2025-10-08 07:35:44.389177|PBFT-1-0x00007fc8cb1f2700|[g:1][CONSENSUS][PBFT]checkTimeout Succ,view=41,toView=42,nodeIdx=3,changeCycle=1,myNode=87d00b98...,timecost=8
info|2025-10-08 07:35:44.396214|PBFT-1-0x00007fc8cb1f2700|[g:1][CONSENSUS][PBFT]checkAndChangeView: Reach consensus,org_view=41,cur_changeCycle=1,curView=41,view=42
info|2025-10-08 07:35:45.397915|PBFTSeal-1-0x00007fc8c39e3700|[g:1][CONSENSUS][SEALER]++++++++++++++++ Generating seal on,blkNum=126,tx=0,nodeIdx=3,hash=ac9195fb...
info|2025-10-08 07:35:45.408123|PBFT-1-0x00007fc8cb1f2700|[g:1][CONSENSUS][PBFT]checkTimeout Succ,view=42,toView=43,nodeIdx=3,changeCycle=1,myNode=87d00b98...,timecost=2
info|2025-10-08 07:35:45.419047|PBFT-1-0x00007fc8cb1f2700|[g:1][CONSENSUS][PBFT]checkAndChangeView: Reach consensus,org_view=42,cur_changeCycle=1,curView=42,view=43
info|2025-10-08 07:35:46.431982|PBFT-1-0x00007fc8cb1f2700|[g:1][CONSENSUS]addRawPrepare,height=126,reqIdx=0,hash=bcd26932...,time=1
info|2025-10-08 07:35:46.441118|PBFT-1-0x00007fc8cb1f2700|[g:1][CONSENSUS][PBFT]checkTimeout Succ,view=43,toView=44,nodeIdx=3,changeCycle=1,myNode=87d00b98...,timecost=9
info|2025-10-08 07:35:46.444772|PBFT-1-0x00007fc8cb1f2700|[g:1][CONSENSUS][PBFT]checkAndChangeView: Reach consensus,org_view=43,cur_changeCycle=1,curView=43,view=44
info|2025-10-08 07:35:47.451881|PBFT-1-0x00007fc8cb1f2700|[g:1][CONSENSUS]addRawPrepare,height=126,reqIdx=1,hash=266085a8...,time=0
info|2025-10-08 07:35:47.458760|PBFT-1-0x00007fc8cb1f2700|[g:1][CONSENSUS][PBFT]checkTimeout Succ,view=44,toView=45,nodeIdx=3,changeCycle=1,myNode=87d00b98...,timecost=6
info|2025-10-08 07:35:47.469135|PBFT-1-0x00007fc8cb1f2700|[g:1][CONSENSUS][PBFT]checkAndChangeView: Reach consensus,org_view=44,cur_changeCycle=1,curView=44,view=45
info|2025-10-08 07:35:48.479890|PBFT-1-0x00007fc8cb1f2700|[g:1][CONSENSUS]addRawPrepare,height=126,reqIdx=2,hash=f4f9ee65...,time=0
info|2025-10-08 07:35:48.482476|PBFT-1-0x00007fc8cb1f2700|[g:1][CONSENSUS][PBFT]checkTimeout Succ,view=45,toView=46,nodeIdx=3,changeCycle=1,myNode=87d00b98...,timecost=2
info|2025-10-08 07:35:48.492338|PBFT-1-0x00007fc8cb1f2700|[g:1][CONSENSUS][PBFT]checkAndChangeView: Reach consensus,org_view=45,cur_changeCycle=1,curView=45,view=46
info|2025-10-08 07:35:49.493095|PBFTSeal-1-0x00007fc8c39e3700|[g:1][CONSENSUS][SEALER]++++++++++++++++ Generating seal on,blkNum=126,tx=0,nodeIdx=3,hash=45bbd6e8...
info|2025-10-08 07:35:49.504998|PBFT-1-0x00007fc8cb1f2700|[g:1][CONSENSUS][PBFT]checkTimeout Succ,view=46,toView=47,nodeIdx=3,changeCycle=1,myNode=87d00b98...,timecost=3
info|2025-10-08 07:35:49.516472|PBFT-1-0x00007fc8cb1f2700|[g:1][CONSENSUS][PBFT]checkAndChangeView: Reach consensus,org_view=46,cur_changeCycle=1,curView=46,view=47
info|2025-10-08 07:35:50.524689|PBFT-1-0x00007fc8cb1f2700|[g:1][CONSENSUS]addRawPrepare,height=126,reqIdx=0,hash=40b407a6...,time=0
info|2025-10-08 07:35:50.534503|PBFT-1-0x00007fc8cb1f2700|[g:1][CONSENSUS][PBFT]checkTimeout Succ,view=47,toView=48,nodeIdx=3,changeCycle=1,myNode=87d00b98...,timecost=10
info|2025-10-08 07:35:50.541540|PBFT-1-0x00007fc8cb1f2700|[g:1][CONSENSUS][PBFT]checkAndChangeView: Reach consensus,org_view=47,cur_changeCycle=1,curView=47,view=48
info|2025-10-08 07:35:50.878751|io_service-0x00007fc8e5226700|[P2P][Service] heartBeat,connected count=3
info|2025-10-08 07:35:51.554540|PBFT-1-0x00007fc8cb1f2700|[g:1][CONSENSUS]addRawPrepare,height=126,reqIdx=1,hash=e34a2bec...,time=0
info|2025-10-08 07:35:51.559068|PBFT-1-0x00007fc8cb1f2700|[g:1][CONSENSUS][PBFT]checkTimeout Succ,view=48,toView=49,nodeIdx=3,changeCycle=1,myNode=87d00b98...,timecost=5
info|2025-10-08 07:35:51.596656|PBFT-1-0x00007fc8cb1f2700|[g:1][CONSENSUS][PBFT]checkAndChangeView: Reach consensus,org_view=48,cur_changeCycle=1,curView=48,view=49
info|2025-10-08 07:35:52.628499|PBFT-1-0x00007fc8cb1f2700|[g:1][CONSENSUS]addRawPrepare,height=126,reqIdx=2,hash=a61458af...,time=0
info|2025-10-08 07:35:52.637159|PBFT-1-0x00007fc8cb1f2700|[g:1][CONSENSUS][PBFT]checkTimeout Succ,view=49,toView=50,nodeIdx=3,changeCycle=1,myNode=87d00b98...,timecost=9
info|2025-10-08 07:35:52.647601|PBFT-1-0x00007fc8cb1f2700|[g:1][CONSENSUS][PBFT]checkAndChangeView: Reach consensus,org_view=49,cur_changeCycle=1,curView=49,view=50
info|2025-10-08 07:35:53.649206|PBFTSeal-1-0x00007fc8c39e3700|[g:1][CONSENSUS][SEALER]++++++++++++++++ Generating seal on,blkNum=126,tx=0,nodeIdx=3,hash=bbafdf88...
info|2025-10-08 07:35:53.656027|PBFT-1-0x00007fc8cb1f2700|[g:1][CONSENSUS][PBFT]checkTimeout Succ,view=50,toView=51,nodeIdx=3,changeCycle=1,myNode=87d00b98...,timecost=3
info|2025-10-08 07:35:53.682347|PBFT-1-0x00007fc8cb1f2700|[g:1][CONSENSUS][PBFT]checkAndChangeView: Reach consensus,org_view=50,cur_changeCycle=1,curView=50,view=51
info|2025-10-08 07:35:54.695470|PBFT-1-0x00007fc8cb1f2700|[g:1][CONSENSUS]addRawPrepare,height=126,reqIdx=0,hash=0b5b472c...,time=0
info|2025-10-08 07:35:54.703190|PBFT-1-0x00007fc8cb1f2700|[g:1][CONSENSUS][PBFT]checkTimeout Succ,view=51,toView=52,nodeIdx=3,changeCycle=1,myNode=87d00b98...,timecost=8
info|2025-10-08 07:35:54.715107|PBFT-1-0x00007fc8cb1f2700|[g:1][CONSENSUS][PBFT]checkAndChangeView: Reach consensus,org_view=51,cur_changeCycle=1,curView=51,view=52
info|2025-10-08 07:35:55.734135|PBFT-1-0x00007fc8cb1f2700|[g:1][CONSENSUS]addRawPrepare,height=126,reqIdx=1,hash=b01596fe...,time=0
info|2025-10-08 07:35:55.748298|PBFT-1-0x00007fc8cb1f2700|[g:1][CONSENSUS][PBFT]checkTimeout Succ,view=52,toView=53,nodeIdx=3,changeCycle=1,myNode=87d00b98...,timecost=14
info|2025-10-08 07:35:55.796409|PBFT-1-0x00007fc8cb1f2700|[g:1][CONSENSUS][PBFT]checkAndChangeView: Reach consensus,org_view=52,cur_changeCycle=1,curView=52,view=53
info|2025-10-08 07:35:56.826444|PBFT-1-0x00007fc8cb1f2700|[g:1][CONSENSUS]addRawPrepare,height=126,reqIdx=2,hash=d246a0f0...,time=0
info|2025-10-08 07:35:56.851858|PBFT-1-0x00007fc8cb1f2700|[g:1][CONSENSUS][PBFT]checkTimeout Succ,view=53,toView=54,nodeIdx=3,changeCycle=1,myNode=87d00b98...,timecost=26
info|2025-10-08 07:35:56.860056|PBFT-1-0x00007fc8cb1f2700|[g:1][CONSENSUS][PBFT]checkAndChangeView: Reach consensus,org_view=53,cur_changeCycle=1,curView=53,view=54
info|2025-10-08 07:35:57.860245|PBFTSeal-1-0x00007fc8c39e3700|[g:1][CONSENSUS][SEALER]++++++++++++++++ Generating seal on,blkNum=126,tx=0,nodeIdx=3,hash=0da1cdd4...
info|2025-10-08 07:35:57.871272|PBFT-1-0x00007fc8cb1f2700|[g:1][CONSENSUS][PBFT]checkTimeout Succ,view=54,toView=55,nodeIdx=3,changeCycle=1,myNode=87d00b98...,timecost=2
info|2025-10-08 07:35:57.884501|PBFT-1-0x00007fc8cb1f2700|[g:1][CONSENSUS][PBFT]checkAndChangeView: Reach consensus,org_view=54,cur_changeCycle=1,curView=54,view=55
info|2025-10-08 07:35:58.886798|PBFT-1-0x00007fc8cb1f2700|[g:1][CONSENSUS]addRawPrepare,height=126,reqIdx=0,hash=6bb890f3...,time=0
info|2025-10-08 07:35:58.900186|PBFT-1-0x00007fc8cb1f2700|[g:1][CONSENSUS][PBFT]checkTimeout Succ,view=55,toView=56,nodeIdx=3,changeCycle=1,myNode=87d00b98...,timecost=13
info|2025-10-08 07:35:58.905544|PBFT-1-0x00007fc8cb1f2700|[g:1][CONSENSUS][PBFT]checkAndChangeView: Reach consensus,org_view=55,cur_changeCycle=1,curView=55,view=56
info|2025-10-08 07:35:59.925363|PBFT-1-0x00007fc8cb1f2700|[g:1][CONSENSUS]addRawPrepare,height=126,reqIdx=1,hash=2b3395c1...,time=0
info|2025-10-08 07:35:59.927353|PBFT-1-0x00007fc8cb1f2700|[g:1][CONSENSUS][PBFT]checkTimeout Succ,view=56,toView=57,nodeIdx=3,changeCycle=1,myNode=87d00b98...,timecost=2
info|2025-10-08 07:35:59.930012|PBFT-1-0x00007fc8cb1f2700|[g:1][CONSENSUS][PBFT]checkAndChangeView: Reach consensus,org_view=56,cur_changeCycle=1,curView=56,view=57
info|2025-10-08 07:36:00.879271|io_service-0x00007fc8e5226700|[P2P][Service] heartBeat,connected count=3
info|2025-10-08 07:36:00.942333|PBFT-1-0x00007fc8cb1f2700|[g:1][CONSENSUS]addRawPrepare,height=126,reqIdx=2,hash=d0e4c2b4...,time=0
info|2025-10-08 07:36:00.945730|PBFT-1-0x00007fc8cb1f2700|[g:1][CONSENSUS][PBFT]checkTimeout Succ,view=57,toView=58,nodeIdx=3,changeCycle=1,myNode=87d00b98...,timecost=3
info|2025-10-08 07:36:00.967349|PBFT-1-0x00007fc8cb1f2700|[g:1][CONSENSUS][PBFT]checkAndChangeView: Reach consensus,org_view=57,cur_changeCycle=1,curView=57,view=58
info|2025-10-08 07:36:01.971622|PBFTSeal-1-0x00007fc8c39e3700|[g:1][CONSENSUS][SEALER]++++++++++++++++ Generating seal on,blkNum=126,tx=0,nodeIdx=3,hash=f4222bc8...
info|2025-10-08 07:36:01.975027|PBFT-1-0x00007fc8cb1f2700|[g:1][CONSENSUS][PBFT]checkTimeout Succ,view=58,toView=59,nodeIdx=3,changeCycle=1,myNode=87d00b98...,timecost=2
info|2025-10-08 07:36:01.994475|PBFT-1-0x00007fc8cb1f2700|[g:1][CONSENSUS][PBFT]checkAndChangeView: Reach consensus,org_view=58,cur_changeCycle=1,curView=58,view=59
info|2025-10-08 07:36:03.005111|PBFT-1-0x00007fc8cb1f2700|[g:1][CONSENSUS]addRawPrepare,height=126,reqIdx=0,hash=2c42931d...,time=0
info|2025-10-08 07:36:03.007514|PBFT-1-0x00007fc8cb1f2700|[g:1][CONSENSUS][PBFT]checkTimeout Succ,view=59,toView=60,nodeIdx=3,changeCycle=1,myNode=87d00b98...,timecost=2
info|2025-10-08 07:36:03.022821|PBFT-1-0x00007fc8cb1f2700|[g:1][CONSENSUS][PBFT]checkAndChangeView: Reach consensus,org_view=59,cur_changeCycle=1,curView=59,view=60
info|2025-10-08 07:36:04.033673|PBFT-1-0x00007fc8cb1f2700|[g:1][CONSENSUS]addRawPrepare,height=126,reqIdx=1,hash=e820c30a...,time=0
info|2025-10-08 07:36:04.044784|PBFT-1-0x00007fc8cb1f2700|[g:1][CONSENSUS][PBFT]checkTimeout Succ,view=60,toView=61,nodeIdx=3,changeCycle=1,myNode=87d00b98...,timecost=6
info|2025-10-08 07:36:04.053898|PBFT-1-0x00007fc8cb1f2700|[g:1][CONSENSUS][PBFT]checkAndChangeView: Reach consensus,org_view=60,cur_changeCycle=1,curView=60,view=61
info|2025-10-08 07:36:04.634206|PBFTWork-1-0x00007fc8d19ff700|[g:1][CONSENSUS][PartiallyPBFTReqCache]addPartiallyRawPrepare,height=126,reqIdx=2,hash=81c7c5da...
info|2025-10-08 07:36:04.637401|PBFTWork-1-0x00007fc8d19ff700|[g:1][BLOCKVERIFIER][executeBlock]Executing block,txNum=1,num=126,parentHash=f5c63345ea177a726f768ce52d5c8c8dc97e705bce37939e3fe0ce0475ca9185,parentNum=125,parentStateRoot=5c3ac7c8708b22665269fb2e561256dd71089e3cd5cebbde1decc7c86d23cb8c
info|2025-10-08 07:36:04.638147|PBFTWork-1-0x00007fc8d19ff700|[g:1][PRECOMPILED]init GasChargeManagePrecompiled
info|2025-10-08 07:36:04.701921|PBFTWork-1-0x00007fc8d19ff700|[g:1][STORAGE][MemoryTableFactory2]createTable,table name=c_50c7151179b2a03de00dadd26fc689ebf3fca593,keyField=key,valueField=value
info|2025-10-08 07:36:04.712103|PBFTWork-1-0x00007fc8d19ff700|[g:1][CONSENSUS][PBFT]execBlock,blkNum=126,reqIdx=2,hash=fd755004...,nodeIdx=3,myNode=87d00b98...,decodeCost=0,checkCost=0,notifyCost=0,noteSealingCost=1,currentCycle=1,verifyAndSetSenderCost=0,execCost=75,execPerTx=75,totalCost=76
info|2025-10-08 07:36:04.716290|PBFTWork-1-0x00007fc8d19ff700|[g:1][CONSENSUS][PBFT]handlePrepareMsg Succ,timecost=4,INFO=handlePartiallyPrepare,reqIdx=2,view=61,reqNum=126,curNum=125,consNum=126,hash=81c7c5da...,nodeIdx=3,myNode=87d00b98...,curChangeCycle=1
info|2025-10-08 07:36:04.719501|PBFT-1-0x00007fc8cb1f2700|[g:1][CONSENSUS][PBFT]handleSignMsg Succ,Timecost=3,INFO=handleSignMsg,num=126,curNum=125,GenIdx=2,Sview=61,view=61,fromIdx=2,fromNode=73994dae...,fromIp=127.0.0.1:39844,hash=fd755004...,nodeIdx=3,myNode=87d00b98...
info|2025-10-08 07:36:04.722392|PBFT-1-0x00007fc8cb1f2700|[g:1][CONSENSUS][PBFT]checkAndCommit: backup/updateCommittedPrepare,reqNum=126,hash=81c7c5da...,nodeIdx=3,myNode=87d00b98...
info|2025-10-08 07:36:04.725480|PBFT-1-0x00007fc8cb1f2700|[g:1][CONSENSUS][PBFT]handleSignMsg Succ,Timecost=6,INFO=handleSignMsg,num=126,curNum=125,GenIdx=0,Sview=61,view=61,fromIdx=0,fromNode=064cb676...,fromIp=127.0.0.1:39838,hash=fd755004...,nodeIdx=3,myNode=87d00b98...
info|2025-10-08 07:36:04.727353|PBFT-1-0x00007fc8cb1f2700|[g:1][CONSENSUS][PBFT]handleSignMsg Succ,Timecost=2,INFO=handleSignMsg,num=126,curNum=125,GenIdx=1,Sview=61,view=61,fromIdx=1,fromNode=374bdfe9...,fromIp=127.0.0.1:39830,hash=fd755004...,nodeIdx=3,myNode=87d00b98...
info|2025-10-08 07:36:04.729253|PBFT-1-0x00007fc8cb1f2700|[g:1][CONSENSUS][PBFT]handleCommitMsg Succ,INFO=handleCommitMsg,reqNum=126,curNum=125,GenIdx=0,Cview=61,view=61,fromIdx=0,fromNode=064cb676...,fromIp=127.0.0.1:39838,hash=fd755004...,nodeIdx=3,myNode=87d00b98...,Timecost=2
info|2025-10-08 07:36:04.741538|PBFT-1-0x00007fc8cb1f2700|[g:1][CONSENSUS][PBFT]checkAndSave: CommitReq enough,prepareHeight=126,commitSize=3,hash=fd755004...,nodeIdx=3,myNode=87d00b98...
info|2025-10-08 07:36:04.759036|PBFT-1-0x00007fc8cb1f2700|[g:1][g:1][STORAGE][CachedStorage]commit: 9 num: 126
info|2025-10-08 07:36:04.761222|taskPool-1-0x00007fc8d4204700|[g:1][g:1][STORAGE][CachedStorage]Start commit block: 126 to backend storage
info|2025-10-08 07:36:04.761943|PBFT-1-0x00007fc8cb1f2700|[g:1][g:1][STORAGE][CachedStorage]Submited block task: 126, current syncd block: 125
info|2025-10-08 07:36:04.762142|PBFT-1-0x00007fc8cb1f2700|[g:1]Push block notify: 1-126
info|2025-10-08 07:36:04.764227|PBFT-1-0x00007fc8cb1f2700|[g:1][CONSENSUS][PBFT]CommitBlock Succ,prepareHeight=126,reqIdx=2,hash=fd755004...,nodeIdx=3,myNode=87d00b98...,genSigTimeCost=0,commitBlockTimeCost=22,dropTxsTimeCost=0,noteSealingTimeCost=1,totalTimeCost=23
info|2025-10-08 07:36:04.764329|PBFT-1-0x00007fc8cb1f2700|[g:1][CONSENSUS][PBFT]handleCommitMsg Succ,INFO=handleCommitMsg,reqNum=126,curNum=125,GenIdx=1,Cview=61,view=61,fromIdx=1,fromNode=374bdfe9...,fromIp=127.0.0.1:39830,hash=fd755004...,nodeIdx=3,myNode=87d00b98...,Timecost=35
info|2025-10-08 07:36:04.764632|PBFTSeal-1-0x00007fc8c39e3700|[g:1][CONSENSUS][SEALER]increase maxNoTimeoutTx,maxNoTimeoutTx=1
info|2025-10-08 07:36:04.764720|PBFTSeal-1-0x00007fc8c39e3700|[g:1][CONSENSUS][PBFT]^^^^^^^^Report,num=126,sealerIdx=2,hash=fd755004...,next=127,tx=1,nodeIdx=3
info|2025-10-08 07:36:05.441526|taskPool-1-0x00007fc8d4204700|[g:1][g:1][STORAGE][CachedStorage]
---------------------------------------------------------------------
Commit block: 126 to backend storage finished, current cached block: 126
Flush elapsed time: 0.6803s
---------------------------------------------------------------------
info|2025-10-08 07:36:05.750189|PBFT-1-0x00007fc8cb1f2700|[g:1][CONSENSUS]addRawPrepare,height=127,reqIdx=2,hash=de518550...,time=0
info|2025-10-08 07:36:05.758677|PBFT-1-0x00007fc8cb1f2700|[g:1][CONSENSUS][PBFT]checkTimeout Succ,view=0,toView=1,nodeIdx=3,changeCycle=1,myNode=87d00b98...,timecost=8
info|2025-10-08 07:36:05.772521|PBFT-1-0x00007fc8cb1f2700|[g:1][CONSENSUS][PBFT]checkAndChangeView: Reach consensus,org_view=0,cur_changeCycle=1,curView=0,view=1
info|2025-10-08 07:36:06.775089|PBFTSeal-1-0x00007fc8c39e3700|[g:1][CONSENSUS][SEALER]++++++++++++++++ Generating seal on,blkNum=127,tx=0,nodeIdx=3,hash=08d99628...
info|2025-10-08 07:36:06.786996|PBFT-1-0x00007fc8cb1f2700|[g:1][CONSENSUS][PBFT]checkTimeout Succ,view=1,toView=2,nodeIdx=3,changeCycle=1,myNode=87d00b98...,timecost=3
info|2025-10-08 07:36:06.795666|PBFT-1-0x00007fc8cb1f2700|[g:1][CONSENSUS][PBFT]checkAndChangeView: Reach consensus,org_view=1,cur_changeCycle=1,curView=1,view=2
info|2025-10-08 07:36:07.809106|PBFT-1-0x00007fc8cb1f2700|[g:1][CONSENSUS]addRawPrepare,height=127,reqIdx=0,hash=41d6e936...,time=0
info|2025-10-08 07:36:07.813350|PBFT-1-0x00007fc8cb1f2700|[g:1][CONSENSUS][PBFT]checkTimeout Succ,view=2,toView=3,nodeIdx=3,changeCycle=1,myNode=87d00b98...,timecost=3
info|2025-10-08 07:36:07.828665|PBFT-1-0x00007fc8cb1f2700|[g:1][CONSENSUS][PBFT]checkAndChangeView: Reach consensus,org_view=2,cur_changeCycle=1,curView=2,view=3
info|2025-10-08 07:36:08.844166|PBFT-1-0x00007fc8cb1f2700|[g:1][CONSENSUS]addRawPrepare,height=127,reqIdx=1,hash=7ce8c5ec...,time=0
info|2025-10-08 07:36:08.861500|PBFT-1-0x00007fc8cb1f2700|[g:1][CONSENSUS][PBFT]checkTimeout Succ,view=3,toView=4,nodeIdx=3,changeCycle=1,myNode=87d00b98...,timecost=17
info|2025-10-08 07:36:08.872654|PBFT-1-0x00007fc8cb1f2700|[g:1][CONSENSUS][PBFT]checkAndChangeView: Reach consensus,org_view=3,cur_changeCycle=1,curView=3,view=4
info|2025-10-08 07:36:09.883499|PBFT-1-0x00007fc8cb1f2700|[g:1][CONSENSUS]addRawPrepare,height=127,reqIdx=2,hash=66979127...,time=0
info|2025-10-08 07:36:09.889472|PBFT-1-0x00007fc8cb1f2700|[g:1][CONSENSUS][PBFT]checkTimeout Succ,view=4,toView=5,nodeIdx=3,changeCycle=1,myNode=87d00b98...,timecost=6
info|2025-10-08 07:36:09.902820|PBFT-1-0x00007fc8cb1f2700|[g:1][CONSENSUS][PBFT]checkAndChangeView: Reach consensus,org_view=4,cur_changeCycle=1,curView=4,view=5
info|2025-10-08 07:36:10.879899|io_service-0x00007fc8e5226700|[P2P][Service] heartBeat,connected count=3
info|2025-10-08 07:36:10.904009|PBFTSeal-1-0x00007fc8c39e3700|[g:1][CONSENSUS][SEALER]++++++++++++++++ Generating seal on,blkNum=127,tx=0,nodeIdx=3,hash=7846ef57...
info|2025-10-08 07:36:10.916442|PBFT-1-0x00007fc8cb1f2700|[g:1][CONSENSUS][PBFT]checkTimeout Succ,view=5,toView=6,nodeIdx=3,changeCycle=1,myNode=87d00b98...,timecost=3
info|2025-10-08 07:36:10.926360|PBFT-1-0x00007fc8cb1f2700|[g:1][CONSENSUS][PBFT]checkAndChangeView: Reach consensus,org_view=5,cur_changeCycle=1,curView=5,view=6
info|2025-10-08 07:36:11.945040|PBFT-1-0x00007fc8cb1f2700|[g:1][CONSENSUS]addRawPrepare,height=127,reqIdx=0,hash=11a69eed...,time=0
info|2025-10-08 07:36:11.960230|PBFT-1-0x00007fc8cb1f2700|[g:1][CONSENSUS][PBFT]checkTimeout Succ,view=6,toView=7,nodeIdx=3,changeCycle=1,myNode=87d00b98...,timecost=15
info|2025-10-08 07:36:11.968450|PBFT-1-0x00007fc8cb1f2700|[g:1][CONSENSUS][PBFT]checkAndChangeView: Reach consensus,org_view=6,cur_changeCycle=1,curView=6,view=7
info|2025-10-08 07:36:12.989889|PBFT-1-0x00007fc8cb1f2700|[g:1][CONSENSUS]addRawPrepare,height=127,reqIdx=1,hash=caf45603...,time=0
info|2025-10-08 07:36:12.994170|PBFT-1-0x00007fc8cb1f2700|[g:1][CONSENSUS][PBFT]checkTimeout Succ,view=7,toView=8,nodeIdx=3,changeCycle=1,myNode=87d00b98...,timecost=4
info|2025-10-08 07:36:13.018891|PBFT-1-0x00007fc8cb1f2700|[g:1][CONSENSUS][PBFT]checkAndChangeView: Reach consensus,org_view=7,cur_changeCycle=1,curView=7,view=8
info|2025-10-08 07:36:14.053520|PBFT-1-0x00007fc8cb1f2700|[g:1][CONSENSUS]addRawPrepare,height=127,reqIdx=2,hash=d43fc992...,time=0
info|2025-10-08 07:36:14.061153|PBFT-1-0x00007fc8cb1f2700|[g:1][CONSENSUS][PBFT]checkTimeout Succ,view=8,toView=9,nodeIdx=3,changeCycle=1,myNode=87d00b98...,timecost=7
info|2025-10-08 07:36:14.086333|PBFT-1-0x00007fc8cb1f2700|[g:1][CONSENSUS][PBFT]checkAndChangeView: Reach consensus,org_view=8,cur_changeCycle=1,curView=8,view=9
info|2025-10-08 07:36:15.086658|PBFTSeal-1-0x00007fc8c39e3700|[g:1][CONSENSUS][SEALER]++++++++++++++++ Generating seal on,blkNum=127,tx=0,nodeIdx=3,hash=c95bf96a...
info|2025-10-08 07:36:15.090508|PBFT-1-0x00007fc8cb1f2700|[g:1][CONSENSUS][PBFT]checkTimeout Succ,view=9,toView=10,nodeIdx=3,changeCycle=1,myNode=87d00b98...,timecost=2
info|2025-10-08 07:36:15.104878|PBFT-1-0x00007fc8cb1f2700|[g:1][CONSENSUS][PBFT]checkAndChangeView: Reach consensus,org_view=9,cur_changeCycle=1,curView=9,view=10
info|2025-10-08 07:36:16.123687|PBFT-1-0x00007fc8cb1f2700|[g:1][CONSENSUS]addRawPrepare,height=127,reqIdx=0,hash=4274674f...,time=0
info|2025-10-08 07:36:16.147412|PBFT-1-0x00007fc8cb1f2700|[g:1][CONSENSUS][PBFT]checkTimeout Succ,view=10,toView=11,nodeIdx=3,changeCycle=1,myNode=87d00b98...,timecost=24
info|2025-10-08 07:36:16.154658|PBFT-1-0x00007fc8cb1f2700|[g:1][CONSENSUS][PBFT]checkAndChangeView: Reach consensus,org_view=10,cur_changeCycle=1,curView=10,view=11
info|2025-10-08 07:36:17.113776|PBFTWork-1-0x00007fc8d19ff700|[g:1][CONSENSUS][PartiallyPBFTReqCache]addPartiallyRawPrepare,height=127,reqIdx=1,hash=f8445f3a...
info|2025-10-08 07:36:17.120788|PBFTWork-1-0x00007fc8d19ff700|[g:1][CONSENSUS][PBFT]I am the next leader = 3, filter trans size = 1, total trans = 1
info|2025-10-08 07:36:17.121923|PBFTWork-1-0x00007fc8d19ff700|[g:1][BLOCKVERIFIER][executeBlock]Executing block,txNum=1,num=127,parentHash=fd755004c4e62a98048e4dd962c298c344d240b7c4bf3fe189e0c344381d2700,parentNum=126,parentStateRoot=7407ac004dc56b2c2a888ae10dfd0d8cb0485442daa04f02224374038ba340bd
info|2025-10-08 07:36:17.122675|PBFTWork-1-0x00007fc8d19ff700|[g:1][PRECOMPILED]init GasChargeManagePrecompiled
info|2025-10-08 07:36:17.135999|PBFTWork-1-0x00007fc8c49e5700|[PRECOMPILED][TimerPrecompiled]getCurrentTimeMillis,timeMillis=1759934177135
info|2025-10-08 07:36:17.136330|PBFTWork-1-0x00007fc8c49e5700|[PRECOMPILED][TimerPrecompiled]getCurrentTimeMillis,timeMillis=1759934177136
info|2025-10-08 07:36:17.136667|PBFTWork-1-0x00007fc8d19ff700|[g:1][CONSENSUS][PBFT]execBlock,blkNum=127,reqIdx=1,hash=56426d0b...,nodeIdx=3,myNode=87d00b98...,decodeCost=0,checkCost=5,notifyCost=1,noteSealingCost=0,currentCycle=1,verifyAndSetSenderCost=0,execCost=15,execPerTx=15,totalCost=21
info|2025-10-08 07:36:17.141452|PBFTWork-1-0x00007fc8d19ff700|[g:1][CONSENSUS][PBFT]handlePrepareMsg Succ,timecost=5,INFO=handlePartiallyPrepare,reqIdx=1,view=11,reqNum=127,curNum=126,consNum=127,hash=f8445f3a...,nodeIdx=3,myNode=87d00b98...,curChangeCycle=1
info|2025-10-08 07:36:17.144118|PBFT-1-0x00007fc8cb1f2700|[g:1][CONSENSUS][PBFT]handleSignMsg Succ,Timecost=3,INFO=handleSignMsg,num=127,curNum=126,GenIdx=0,Sview=11,view=11,fromIdx=0,fromNode=064cb676...,fromIp=127.0.0.1:39838,hash=56426d0b...,nodeIdx=3,myNode=87d00b98...
info|2025-10-08 07:36:17.154542|PBFT-1-0x00007fc8cb1f2700|[g:1][CONSENSUS][PBFT]checkReq: Recv future request,prepHash=56426d0b...,INFO=handleSignMsg,num=127,curNum=126,GenIdx=1,Sview=11,view=11,fromIdx=1,fromNode=374bdfe9...,fromIp=127.0.0.1:39830,hash=6e5782f6...,nodeIdx=3,myNode=87d00b98...
info|2025-10-08 07:36:17.154582|PBFT-1-0x00007fc8cb1f2700|[g:1][CONSENSUS][PBFT]FutureBlock,INFO=handleSignMsg,num=127,curNum=126,GenIdx=1,Sview=11,view=11,fromIdx=1,fromNode=374bdfe9...,fromIp=127.0.0.1:39830,hash=6e5782f6...,nodeIdx=3,myNode=87d00b98...
info|2025-10-08 07:36:17.189347|PBFT-1-0x00007fc8cb1f2700|[g:1][CONSENSUS][PBFT]checkReq: Recv future request,prepHash=56426d0b...,INFO=handleSignMsg,num=127,curNum=126,GenIdx=2,Sview=11,view=11,fromIdx=2,fromNode=73994dae...,fromIp=127.0.0.1:39844,hash=6e5782f6...,nodeIdx=3,myNode=87d00b98...
info|2025-10-08 07:36:17.189430|PBFT-1-0x00007fc8cb1f2700|[g:1][CONSENSUS][PBFT]FutureBlock,INFO=handleSignMsg,num=127,curNum=126,GenIdx=2,Sview=11,view=11,fromIdx=2,fromNode=73994dae...,fromIp=127.0.0.1:39844,hash=6e5782f6...,nodeIdx=3,myNode=87d00b98...
info|2025-10-08 07:36:20.880815|io_service-0x00007fc8e5226700|[P2P][Service] heartBeat,connected count=3
info|2025-10-08 07:36:21.640386|PBFT-1-0x00007fc8cb1f2700|[g:1][CONSENSUS][SEALER]decrease maxBlockCanSeal to half for PBFT timeout,org_maxBlockCanSeal=1000,halfed_maxBlockCanSeal=500,timeoutCount=1,lastTimeoutTx=1
warning|2025-10-08 07:36:21.641919|PBFT-1-0x00007fc8cb1f2700|[g:1][CONSENSUS][PBFT]ViewChangeWarning: not caused by omit empty block ,v=11,toV=12,curNum=126,hash=fd755004...,nodeIdx=3,myNode=87d00b98...
info|2025-10-08 07:36:21.642212|PBFT-1-0x00007fc8cb1f2700|[g:1][CONSENSUS][PBFT]checkTimeout Succ,view=11,toView=12,nodeIdx=3,changeCycle=2,myNode=87d00b98...,timecost=2
info|2025-10-08 07:36:21.669106|PBFT-1-0x00007fc8cb1f2700|[g:1][CONSENSUS][PBFT]checkAndChangeView: Reach consensus,org_view=11,cur_changeCycle=2,curView=11,view=12
info|2025-10-08 07:36:22.168697|PBFTWork-1-0x00007fc8d19ff700|[g:1][CONSENSUS][PartiallyPBFTReqCache]addPartiallyRawPrepare,height=127,reqIdx=2,hash=d0e626cd...
info|2025-10-08 07:36:22.169022|PBFTWork-1-0x00007fc8d19ff700|[g:1][CONSENSUS][PBFT]I am the next leader = 3, filter trans size = 1, total trans = 1
info|2025-10-08 07:36:22.169150|PBFTWork-1-0x00007fc8d19ff700|[g:1][BLOCKVERIFIER][executeBlock]Executing block,txNum=1,num=127,parentHash=fd755004c4e62a98048e4dd962c298c344d240b7c4bf3fe189e0c344381d2700,parentNum=126,parentStateRoot=7407ac004dc56b2c2a888ae10dfd0d8cb0485442daa04f02224374038ba340bd
info|2025-10-08 07:36:22.169351|PBFTWork-1-0x00007fc8d19ff700|[g:1][PRECOMPILED]init GasChargeManagePrecompiled
info|2025-10-08 07:36:22.180483|PBFTWork-1-0x00007fc8d19ff700|[g:1][PRECOMPILED][TimerPrecompiled]getCurrentTimeMillis,timeMillis=1759934182180
info|2025-10-08 07:36:22.180932|PBFTWork-1-0x00007fc8d19ff700|[g:1][PRECOMPILED][TimerPrecompiled]getCurrentTimeMillis,timeMillis=1759934182180
info|2025-10-08 07:36:22.182845|PBFTWork-1-0x00007fc8d19ff700|[g:1][CONSENSUS][PBFT]execBlock,blkNum=127,reqIdx=2,hash=b8f636b4...,nodeIdx=3,myNode=87d00b98...,decodeCost=0,checkCost=1,notifyCost=0,noteSealingCost=0,currentCycle=2,verifyAndSetSenderCost=0,execCost=13,execPerTx=13,totalCost=14
info|2025-10-08 07:36:22.185658|PBFTWork-1-0x00007fc8d19ff700|[g:1][CONSENSUS][PBFT]handlePrepareMsg Succ,timecost=3,INFO=handlePartiallyPrepare,reqIdx=2,view=12,reqNum=127,curNum=126,consNum=127,hash=d0e626cd...,nodeIdx=3,myNode=87d00b98...,curChangeCycle=2
info|2025-10-08 07:36:22.190391|PBFT-1-0x00007fc8cb1f2700|[g:1][CONSENSUS][PBFT]checkReq: Recv future request,prepHash=b8f636b4...,INFO=handleSignMsg,num=127,curNum=126,GenIdx=2,Sview=12,view=12,fromIdx=2,fromNode=73994dae...,fromIp=127.0.0.1:39844,hash=2bb1dc37...,nodeIdx=3,myNode=87d00b98...
info|2025-10-08 07:36:22.190465|PBFT-1-0x00007fc8cb1f2700|[g:1][CONSENSUS][PBFT]FutureBlock,INFO=handleSignMsg,num=127,curNum=126,GenIdx=2,Sview=12,view=12,fromIdx=2,fromNode=73994dae...,fromIp=127.0.0.1:39844,hash=2bb1dc37...,nodeIdx=3,myNode=87d00b98...
info|2025-10-08 07:36:22.204242|PBFT-1-0x00007fc8cb1f2700|[g:1][CONSENSUS][PBFT]handleSignMsg Succ,Timecost=3,INFO=handleSignMsg,num=127,curNum=126,GenIdx=0,Sview=12,view=12,fromIdx=0,fromNode=064cb676...,fromIp=127.0.0.1:39838,hash=b8f636b4...,nodeIdx=3,myNode=87d00b98...
info|2025-10-08 07:36:22.212383|PBFT-1-0x00007fc8cb1f2700|[g:1][CONSENSUS][PBFT]checkReq: Recv future request,prepHash=b8f636b4...,INFO=handleSignMsg,num=127,curNum=126,GenIdx=1,Sview=12,view=12,fromIdx=1,fromNode=374bdfe9...,fromIp=127.0.0.1:39830,hash=2bb1dc37...,nodeIdx=3,myNode=87d00b98...
info|2025-10-08 07:36:22.212464|PBFT-1-0x00007fc8cb1f2700|[g:1][CONSENSUS][PBFT]FutureBlock,INFO=handleSignMsg,num=127,curNum=126,GenIdx=1,Sview=12,view=12,fromIdx=1,fromNode=374bdfe9...,fromIp=127.0.0.1:39830,hash=2bb1dc37...,nodeIdx=3,myNode=87d00b98...
info|2025-10-08 07:36:28.945465|PBFT-1-0x00007fc8cb1f2700|[g:1][CONSENSUS][SEALER]decrease maxBlockCanSeal to half for PBFT timeout,org_maxBlockCanSeal=500,halfed_maxBlockCanSeal=250,timeoutCount=2,lastTimeoutTx=1
warning|2025-10-08 07:36:28.952437|PBFT-1-0x00007fc8cb1f2700|[g:1][CONSENSUS][PBFT]ViewChangeWarning: not caused by omit empty block ,v=12,toV=13,curNum=126,hash=fd755004...,nodeIdx=3,myNode=87d00b98...
info|2025-10-08 07:36:28.953437|PBFT-1-0x00007fc8cb1f2700|[g:1][CONSENSUS][PBFT]checkTimeout Succ,view=12,toView=13,nodeIdx=3,changeCycle=3,myNode=87d00b98...,timecost=8
info|2025-10-08 07:36:28.960176|PBFT-1-0x00007fc8cb1f2700|[g:1][CONSENSUS][PBFT]checkAndChangeView: Reach consensus,org_view=12,cur_changeCycle=3,curView=12,view=13
info|2025-10-08 07:36:29.461410|PBFTSeal-1-0x00007fc8c39e3700|[g:1][CONSENSUS][SEALER]++++++++++++++++ Generating seal on,blkNum=127,tx=1,nodeIdx=3,hash=01effa6b...
info|2025-10-08 07:36:29.465471|sealerWorker-0x00007fc8d3202700|[CONSENSUS]addRawPrepare,height=127,reqIdx=3,hash=01effa6b...,time=0
info|2025-10-08 07:36:29.466028|sealerWorker-0x00007fc8d3202700|[BLOCKVERIFIER][executeBlock]Executing block,txNum=1,num=127,parentHash=fd755004c4e62a98048e4dd962c298c344d240b7c4bf3fe189e0c344381d2700,parentNum=126,parentStateRoot=7407ac004dc56b2c2a888ae10dfd0d8cb0485442daa04f02224374038ba340bd
info|2025-10-08 07:36:29.466344|sealerWorker-0x00007fc8d3202700|[PRECOMPILED]init GasChargeManagePrecompiled
info|2025-10-08 07:36:29.471365|PBFTWork-1-0x00007fc8c49e5700|[PRECOMPILED][TimerPrecompiled]getCurrentTimeMillis,timeMillis=1759934189471
info|2025-10-08 07:36:29.471592|PBFTWork-1-0x00007fc8c49e5700|[PRECOMPILED][TimerPrecompiled]getCurrentTimeMillis,timeMillis=1759934189471
info|2025-10-08 07:36:29.471818|sealerWorker-0x00007fc8d3202700|[CONSENSUS][PBFT]execBlock,blkNum=127,reqIdx=3,hash=e39e0db8...,nodeIdx=3,myNode=87d00b98...,decodeCost=0,checkCost=0,notifyCost=0,noteSealingCost=0,currentCycle=3,verifyAndSetSenderCost=0,execCost=6,execPerTx=6,totalCost=6
info|2025-10-08 07:36:29.474586|sealerWorker-0x00007fc8d3202700|[CONSENSUS][PBFT]handlePrepareMsg Succ,timecost=3,INFO=handlePrepareMsg,reqIdx=3,view=13,reqNum=127,curNum=126,consNum=127,curView=13,fromIp=self,hash=01effa6b...,nodeIdx=3,myNode=87d00b98...,curChangeCycle=3
info|2025-10-08 07:36:29.474641|sealerWorker-0x00007fc8d3202700|[CONSENSUS][PBFT]generateLocalPrepare,hash=01effa6b...,H=127,nodeIdx=3,myNode=87d00b98...
info|2025-10-08 07:36:29.492176|PBFT-1-0x00007fc8cb1f2700|[g:1][CONSENSUS][PBFT]handleSignMsg Succ,Timecost=2,INFO=handleSignMsg,num=127,curNum=126,GenIdx=0,Sview=13,view=13,fromIdx=0,fromNode=064cb676...,fromIp=127.0.0.1:39838,hash=e39e0db8...,nodeIdx=3,myNode=87d00b98...
info|2025-10-08 07:36:29.501772|PBFT-1-0x00007fc8cb1f2700|[g:1][CONSENSUS][PBFT]checkReq: Recv future request,prepHash=e39e0db8...,INFO=handleSignMsg,num=127,curNum=126,GenIdx=2,Sview=13,view=13,fromIdx=2,fromNode=73994dae...,fromIp=127.0.0.1:39844,hash=d0cb1c0f...,nodeIdx=3,myNode=87d00b98...
info|2025-10-08 07:36:29.501869|PBFT-1-0x00007fc8cb1f2700|[g:1][CONSENSUS][PBFT]FutureBlock,INFO=handleSignMsg,num=127,curNum=126,GenIdx=2,Sview=13,view=13,fromIdx=2,fromNode=73994dae...,fromIp=127.0.0.1:39844,hash=d0cb1c0f...,nodeIdx=3,myNode=87d00b98...
info|2025-10-08 07:36:29.501898|PBFT-1-0x00007fc8cb1f2700|[g:1][CONSENSUS][PBFT]checkReq: Recv future request,prepHash=e39e0db8...,INFO=handleSignMsg,num=127,curNum=126,GenIdx=1,Sview=13,view=13,fromIdx=1,fromNode=374bdfe9...,fromIp=127.0.0.1:39830,hash=d0cb1c0f...,nodeIdx=3,myNode=87d00b98...
info|2025-10-08 07:36:29.501915|PBFT-1-0x00007fc8cb1f2700|[g:1][CONSENSUS][PBFT]FutureBlock,INFO=handleSignMsg,num=127,curNum=126,GenIdx=1,Sview=13,view=13,fromIdx=1,fromNode=374bdfe9...,fromIp=127.0.0.1:39830,hash=d0cb1c0f...,nodeIdx=3,myNode=87d00b98...
info|2025-10-08 07:36:30.881772|io_service-0x00007fc8e5226700|[P2P][Service] heartBeat,connected count=3
info|2025-10-08 07:36:39.596834|PBFT-1-0x00007fc8cb1f2700|[g:1][CONSENSUS][SEALER]decrease maxBlockCanSeal to half for PBFT timeout,org_maxBlockCanSeal=250,halfed_maxBlockCanSeal=125,timeoutCount=3,lastTimeoutTx=1
warning|2025-10-08 07:36:39.598829|PBFT-1-0x00007fc8cb1f2700|[g:1][CONSENSUS][PBFT]ViewChangeWarning: not caused by omit empty block ,v=13,toV=14,curNum=126,hash=fd755004...,nodeIdx=3,myNode=87d00b98...
info|2025-10-08 07:36:39.600279|PBFT-1-0x00007fc8cb1f2700|[g:1][CONSENSUS][PBFT]checkTimeout Succ,view=13,toView=14,nodeIdx=3,changeCycle=4,myNode=87d00b98...,timecost=4
info|2025-10-08 07:36:39.627801|PBFT-1-0x00007fc8cb1f2700|[g:1][CONSENSUS][PBFT]checkAndChangeView: Reach consensus,org_view=13,cur_changeCycle=4,curView=13,view=14
info|2025-10-08 07:36:40.138012|PBFTWork-1-0x00007fc8d19ff700|[g:1][CONSENSUS][PartiallyPBFTReqCache]addPartiallyRawPrepare,height=127,reqIdx=0,hash=814a1903...
info|2025-10-08 07:36:40.138265|PBFTWork-1-0x00007fc8d19ff700|[g:1][CONSENSUS][PBFT]I am the next leader = 3, filter trans size = 1, total trans = 1
info|2025-10-08 07:36:40.138372|PBFTWork-1-0x00007fc8d19ff700|[g:1][BLOCKVERIFIER][executeBlock]Executing block,txNum=1,num=127,parentHash=fd755004c4e62a98048e4dd962c298c344d240b7c4bf3fe189e0c344381d2700,parentNum=126,parentStateRoot=7407ac004dc56b2c2a888ae10dfd0d8cb0485442daa04f02224374038ba340bd
info|2025-10-08 07:36:40.138529|PBFTWork-1-0x00007fc8d19ff700|[g:1][PRECOMPILED]init GasChargeManagePrecompiled
info|2025-10-08 07:36:40.153848|PBFTWork-1-0x00007fc8d19ff700|[g:1][PRECOMPILED][TimerPrecompiled]getCurrentTimeMillis,timeMillis=1759934200153
info|2025-10-08 07:36:40.154255|PBFTWork-1-0x00007fc8d19ff700|[g:1][PRECOMPILED][TimerPrecompiled]getCurrentTimeMillis,timeMillis=1759934200154
info|2025-10-08 07:36:40.157970|PBFTWork-1-0x00007fc8d19ff700|[g:1][CONSENSUS][PBFT]execBlock,blkNum=127,reqIdx=0,hash=6f544a68...,nodeIdx=3,myNode=87d00b98...,decodeCost=0,checkCost=0,notifyCost=0,noteSealingCost=0,currentCycle=4,verifyAndSetSenderCost=0,execCost=19,execPerTx=19,totalCost=20
info|2025-10-08 07:36:40.164952|PBFTWork-1-0x00007fc8d19ff700|[g:1][CONSENSUS][PBFT]handlePrepareMsg Succ,timecost=6,INFO=handlePartiallyPrepare,reqIdx=0,view=14,reqNum=127,curNum=126,consNum=127,hash=814a1903...,nodeIdx=3,myNode=87d00b98...,curChangeCycle=4
info|2025-10-08 07:36:40.166578|PBFT-1-0x00007fc8cb1f2700|[g:1][CONSENSUS][PBFT]checkReq: Recv future request,prepHash=6f544a68...,INFO=handleSignMsg,num=127,curNum=126,GenIdx=1,Sview=14,view=14,fromIdx=1,fromNode=374bdfe9...,fromIp=127.0.0.1:39830,hash=4ccf166c...,nodeIdx=3,myNode=87d00b98...
info|2025-10-08 07:36:40.166676|PBFT-1-0x00007fc8cb1f2700|[g:1][CONSENSUS][PBFT]FutureBlock,INFO=handleSignMsg,num=127,curNum=126,GenIdx=1,Sview=14,view=14,fromIdx=1,fromNode=374bdfe9...,fromIp=127.0.0.1:39830,hash=4ccf166c...,nodeIdx=3,myNode=87d00b98...
info|2025-10-08 07:36:40.170091|PBFT-1-0x00007fc8cb1f2700|[g:1][CONSENSUS][PBFT]checkReq: Recv future request,prepHash=6f544a68...,INFO=handleSignMsg,num=127,curNum=126,GenIdx=2,Sview=14,view=14,fromIdx=2,fromNode=73994dae...,fromIp=127.0.0.1:39844,hash=3fc99cfa...,nodeIdx=3,myNode=87d00b98...
info|2025-10-08 07:36:40.170133|PBFT-1-0x00007fc8cb1f2700|[g:1][CONSENSUS][PBFT]FutureBlock,INFO=handleSignMsg,num=127,curNum=126,GenIdx=2,Sview=14,view=14,fromIdx=2,fromNode=73994dae...,fromIp=127.0.0.1:39844,hash=3fc99cfa...,nodeIdx=3,myNode=87d00b98...
info|2025-10-08 07:36:40.174509|PBFT-1-0x00007fc8cb1f2700|[g:1][CONSENSUS][PBFT]handleSignMsg Succ,Timecost=2,INFO=handleSignMsg,num=127,curNum=126,GenIdx=0,Sview=14,view=14,fromIdx=0,fromNode=064cb676...,fromIp=127.0.0.1:39838,hash=6f544a68...,nodeIdx=3,myNode=87d00b98...
info|2025-10-08 07:36:40.882223|io_service-0x00007fc8e5226700|[P2P][Service] heartBeat,connected count=3
info|2025-10-08 07:36:50.882650|io_service-0x00007fc8e5226700|[P2P][Service] heartBeat,connected count=3
info|2025-10-08 07:36:55.349431|PBFT-1-0x00007fc8cb1f2700|[g:1][CONSENSUS][SEALER]decrease maxBlockCanSeal to half for PBFT timeout,org_maxBlockCanSeal=124,halfed_maxBlockCanSeal=62,timeoutCount=4,lastTimeoutTx=1
warning|2025-10-08 07:36:55.366625|PBFT-1-0x00007fc8cb1f2700|[g:1][CONSENSUS][PBFT]ViewChangeWarning: not caused by omit empty block ,v=14,toV=15,curNum=126,hash=fd755004...,nodeIdx=3,myNode=87d00b98...
info|2025-10-08 07:36:55.367068|PBFT-1-0x00007fc8cb1f2700|[g:1][CONSENSUS][PBFT]checkTimeout Succ,view=14,toView=15,nodeIdx=3,changeCycle=5,myNode=87d00b98...,timecost=18
info|2025-10-08 07:36:55.381057|PBFT-1-0x00007fc8cb1f2700|[g:1][CONSENSUS][PBFT]checkAndChangeView: Reach consensus,org_view=14,cur_changeCycle=5,curView=14,view=15
info|2025-10-08 07:36:55.886971|PBFTWork-1-0x00007fc8d19ff700|[g:1][CONSENSUS][PartiallyPBFTReqCache]addPartiallyRawPrepare,height=127,reqIdx=1,hash=1b66c03e...
info|2025-10-08 07:36:55.887295|PBFTWork-1-0x00007fc8d19ff700|[g:1][CONSENSUS][PBFT]I am the next leader = 3, filter trans size = 1, total trans = 1
info|2025-10-08 07:36:55.887492|PBFTWork-1-0x00007fc8d19ff700|[g:1][BLOCKVERIFIER][executeBlock]Executing block,txNum=1,num=127,parentHash=fd755004c4e62a98048e4dd962c298c344d240b7c4bf3fe189e0c344381d2700,parentNum=126,parentStateRoot=7407ac004dc56b2c2a888ae10dfd0d8cb0485442daa04f02224374038ba340bd
info|2025-10-08 07:36:55.891546|PBFTWork-1-0x00007fc8d19ff700|[g:1][PRECOMPILED]init GasChargeManagePrecompiled
info|2025-10-08 07:36:55.904406|PBFTWork-1-0x00007fc8d19ff700|[g:1][PRECOMPILED][TimerPrecompiled]getCurrentTimeMillis,timeMillis=1759934215904
info|2025-10-08 07:36:55.906818|PBFTWork-1-0x00007fc8d19ff700|[g:1][PRECOMPILED][TimerPrecompiled]getCurrentTimeMillis,timeMillis=1759934215906
info|2025-10-08 07:36:55.910623|PBFTWork-1-0x00007fc8d19ff700|[g:1][CONSENSUS][PBFT]execBlock,blkNum=127,reqIdx=1,hash=e5830b15...,nodeIdx=3,myNode=87d00b98...,decodeCost=0,checkCost=0,notifyCost=0,noteSealingCost=0,currentCycle=5,verifyAndSetSenderCost=0,execCost=23,execPerTx=23,totalCost=23
info|2025-10-08 07:36:55.915294|PBFTWork-1-0x00007fc8d19ff700|[g:1][CONSENSUS][PBFT]handlePrepareMsg Succ,timecost=5,INFO=handlePartiallyPrepare,reqIdx=1,view=15,reqNum=127,curNum=126,consNum=127,hash=1b66c03e...,nodeIdx=3,myNode=87d00b98...,curChangeCycle=5
info|2025-10-08 07:36:55.916709|PBFT-1-0x00007fc8cb1f2700|[g:1][CONSENSUS][PBFT]checkReq: Recv future request,prepHash=e5830b15...,INFO=handleSignMsg,num=127,curNum=126,GenIdx=0,Sview=15,view=15,fromIdx=0,fromNode=064cb676...,fromIp=127.0.0.1:39838,hash=2d0ec54a...,nodeIdx=3,myNode=87d00b98...
info|2025-10-08 07:36:55.916762|PBFT-1-0x00007fc8cb1f2700|[g:1][CONSENSUS][PBFT]FutureBlock,INFO=handleSignMsg,num=127,curNum=126,GenIdx=0,Sview=15,view=15,fromIdx=0,fromNode=064cb676...,fromIp=127.0.0.1:39838,hash=2d0ec54a...,nodeIdx=3,myNode=87d00b98...
info|2025-10-08 07:36:55.919252|PBFT-1-0x00007fc8cb1f2700|[g:1][CONSENSUS][PBFT]handleSignMsg Succ,Timecost=2,INFO=handleSignMsg,num=127,curNum=126,GenIdx=1,Sview=15,view=15,fromIdx=1,fromNode=374bdfe9...,fromIp=127.0.0.1:39830,hash=e5830b15...,nodeIdx=3,myNode=87d00b98...
info|2025-10-08 07:36:55.922347|PBFT-1-0x00007fc8cb1f2700|[g:1][CONSENSUS][PBFT]checkReq: Recv future request,prepHash=e5830b15...,INFO=handleSignMsg,num=127,curNum=126,GenIdx=2,Sview=15,view=15,fromIdx=2,fromNode=73994dae...,fromIp=127.0.0.1:39844,hash=2d0ec54a...,nodeIdx=3,myNode=87d00b98...
info|2025-10-08 07:36:55.922419|PBFT-1-0x00007fc8cb1f2700|[g:1][CONSENSUS][PBFT]FutureBlock,INFO=handleSignMsg,num=127,curNum=126,GenIdx=2,Sview=15,view=15,fromIdx=2,fromNode=73994dae...,fromIp=127.0.0.1:39844,hash=2d0ec54a...,nodeIdx=3,myNode=87d00b98...
info|2025-10-08 07:37:00.884854|io_service-0x00007fc8e5226700|[P2P][Service] heartBeat,connected count=3
info|2025-10-08 07:37:10.885600|io_service-0x00007fc8e5226700|[P2P][Service] heartBeat,connected count=3
info|2025-10-08 07:37:18.695676|PBFT-1-0x00007fc8cb1f2700|[g:1][CONSENSUS][SEALER]decrease maxBlockCanSeal to half for PBFT timeout,org_maxBlockCanSeal=62,halfed_maxBlockCanSeal=31,timeoutCount=5,lastTimeoutTx=1
warning|2025-10-08 07:37:18.696941|PBFT-1-0x00007fc8cb1f2700|[g:1][CONSENSUS][PBFT]ViewChangeWarning: not caused by omit empty block ,v=15,toV=16,curNum=126,hash=fd755004...,nodeIdx=3,myNode=87d00b98...
info|2025-10-08 07:37:18.697572|PBFT-1-0x00007fc8cb1f2700|[g:1][CONSENSUS][PBFT]checkTimeout Succ,view=15,toView=16,nodeIdx=3,changeCycle=6,myNode=87d00b98...,timecost=2
info|2025-10-08 07:37:18.699271|PBFT-1-0x00007fc8cb1f2700|[g:1][CONSENSUS][PBFT]checkAndChangeView: Reach consensus,org_view=15,cur_changeCycle=6,curView=15,view=16
info|2025-10-08 07:37:19.218269|PBFTWork-1-0x00007fc8d19ff700|[g:1][CONSENSUS][PartiallyPBFTReqCache]addPartiallyRawPrepare,height=127,reqIdx=2,hash=0005c293...
info|2025-10-08 07:37:19.219341|PBFTWork-1-0x00007fc8d19ff700|[g:1][CONSENSUS][PBFT]I am the next leader = 3, filter trans size = 1, total trans = 1
info|2025-10-08 07:37:19.221372|PBFTWork-1-0x00007fc8d19ff700|[g:1][BLOCKVERIFIER][executeBlock]Executing block,txNum=1,num=127,parentHash=fd755004c4e62a98048e4dd962c298c344d240b7c4bf3fe189e0c344381d2700,parentNum=126,parentStateRoot=7407ac004dc56b2c2a888ae10dfd0d8cb0485442daa04f02224374038ba340bd
info|2025-10-08 07:37:19.224898|PBFTWork-1-0x00007fc8d19ff700|[g:1][PRECOMPILED]init GasChargeManagePrecompiled
info|2025-10-08 07:37:19.236945|PBFTWork-1-0x00007fc8d19ff700|[g:1][PRECOMPILED][TimerPrecompiled]getCurrentTimeMillis,timeMillis=1759934239236
info|2025-10-08 07:37:19.238177|PBFTWork-1-0x00007fc8d19ff700|[g:1][PRECOMPILED][TimerPrecompiled]getCurrentTimeMillis,timeMillis=1759934239238
info|2025-10-08 07:37:19.243266|PBFTWork-1-0x00007fc8d19ff700|[g:1][CONSENSUS][PBFT]execBlock,blkNum=127,reqIdx=2,hash=d355970f...,nodeIdx=3,myNode=87d00b98...,decodeCost=0,checkCost=1,notifyCost=0,noteSealingCost=1,currentCycle=6,verifyAndSetSenderCost=0,execCost=23,execPerTx=23,totalCost=25
info|2025-10-08 07:37:19.249167|PBFTWork-1-0x00007fc8d19ff700|[g:1][CONSENSUS][PBFT]handlePrepareMsg Succ,timecost=6,INFO=handlePartiallyPrepare,reqIdx=2,view=16,reqNum=127,curNum=126,consNum=127,hash=0005c293...,nodeIdx=3,myNode=87d00b98...,curChangeCycle=6
info|2025-10-08 07:37:19.249287|PBFT-1-0x00007fc8cb1f2700|[g:1][CONSENSUS][PBFT]checkReq: Recv future request,prepHash=d355970f...,INFO=handleSignMsg,num=127,curNum=126,GenIdx=0,Sview=16,view=16,fromIdx=0,fromNode=064cb676...,fromIp=127.0.0.1:39838,hash=bf217d24...,nodeIdx=3,myNode=87d00b98...
info|2025-10-08 07:37:19.249301|PBFT-1-0x00007fc8cb1f2700|[g:1][CONSENSUS][PBFT]FutureBlock,INFO=handleSignMsg,num=127,curNum=126,GenIdx=0,Sview=16,view=16,fromIdx=0,fromNode=064cb676...,fromIp=127.0.0.1:39838,hash=bf217d24...,nodeIdx=3,myNode=87d00b98...
info|2025-10-08 07:37:19.249370|PBFT-1-0x00007fc8cb1f2700|[g:1][CONSENSUS][PBFT]checkReq: Recv future request,prepHash=d355970f...,INFO=handleSignMsg,num=127,curNum=126,GenIdx=2,Sview=16,view=16,fromIdx=2,fromNode=73994dae...,fromIp=127.0.0.1:39844,hash=bf217d24...,nodeIdx=3,myNode=87d00b98...
info|2025-10-08 07:37:19.249383|PBFT-1-0x00007fc8cb1f2700|[g:1][CONSENSUS][PBFT]FutureBlock,INFO=handleSignMsg,num=127,curNum=126,GenIdx=2,Sview=16,view=16,fromIdx=2,fromNode=73994dae...,fromIp=127.0.0.1:39844,hash=bf217d24...,nodeIdx=3,myNode=87d00b98...
info|2025-10-08 07:37:19.254150|PBFT-1-0x00007fc8cb1f2700|[g:1][CONSENSUS][PBFT]handleSignMsg Succ,Timecost=3,INFO=handleSignMsg,num=127,curNum=126,GenIdx=1,Sview=16,view=16,fromIdx=1,fromNode=374bdfe9...,fromIp=127.0.0.1:39830,hash=d355970f...,nodeIdx=3,myNode=87d00b98...
info|2025-10-08 07:37:20.886519|io_service-0x00007fc8e5226700|[P2P][Service] heartBeat,connected count=3
info|2025-10-08 07:37:30.886878|io_service-0x00007fc8e5226700|[P2P][Service] heartBeat,connected count=3
info|2025-10-08 07:37:38.130032|fisco-bcos-0x00007fc8e7f9fdc0|[LEDGER]stop sealer,groupID=1
info|2025-10-08 07:37:38.130119|fisco-bcos-0x00007fc8e7f9fdc0|[CONSENSUS][SEALER]Stop sealer module...
info|2025-10-08 07:37:38.133626|fisco-bcos-0x00007fc8e7f9fdc0|[CONSENSUS][ConsensusEngine][Stop ConsensusEngineBase]
info|2025-10-08 07:37:38.134681|fisco-bcos-0x00007fc8e7f9fdc0|[CONSENSUS][ConsensusEngine]ConsensusEngineBase stopped
info|2025-10-08 07:37:38.134730|fisco-bcos-0x00007fc8e7f9fdc0|[LEDGER]sealer stopped. stop sync,groupID=1
info|2025-10-08 07:37:38.135793|fisco-bcos-0x00007fc8e7f9fdc0|[g:1] [SYNC][id:87d00b98...]SyncMsgEngine stopped
info|2025-10-08 07:37:38.309406|fisco-bcos-0x00007fc8e7f9fdc0|[GossipBlockStatus]stop GossipBlockStatus succ
info|2025-10-08 07:37:38.730501|fisco-bcos-0x00007fc8e7f9fdc0|[SYNC][id:87d00b98...][g:1]SyncMaster stopped
info|2025-10-08 07:37:38.730623|fisco-bcos-0x00007fc8e7f9fdc0|[LEDGER]sync stopped. stop event filter manager,groupID=1
info|2025-10-08 07:37:38.752948|fisco-bcos-0x00007fc8e7f9fdc0|[EVENT][EventLogFilterManager]stop
info|2025-10-08 07:37:38.753016|fisco-bcos-0x00007fc8e7f9fdc0|[LEDGER]event filter manager stopped. stop tx pool,groupID=1
info|2025-10-08 07:37:38.753554|fisco-bcos-0x00007fc8e7f9fdc0|[LEDGER]removeNetworkStatHandlerByGroupID and removeGroupBandwidthLimiter for service,groupID=1
info|2025-10-08 07:37:38.753599|fisco-bcos-0x00007fc8e7f9fdc0|[CHANNEL]removeSDKAllowListByGroupId,groupId=1
info|2025-10-08 07:37:38.753613|fisco-bcos-0x00007fc8e7f9fdc0|[INITIALIZER]ledgerInitializer stopped
info|2025-10-08 07:37:39.543009|io_service-0x00007fc8e5226700|[NETWORK][Session]doRead failed,endpoint=127.0.0.1:39838,message=short read (SSL routines, SSL routines)
info|2025-10-08 07:37:39.543095|io_service-0x00007fc8e5226700|[NETWORK][Session]drop, call and erase all callbackFunc of the session!,endpoint=127.0.0.1:39838
info|2025-10-08 07:37:39.543133|io_service-0x00007fc8e5226700|[NETWORK][Session][drop] closing remote 127.0.0.1:39838,reason=Low-level TCP communication failed.,endpoint=127.0.0.1:39838
info|2025-10-08 07:37:39.543245|io_service-0x00007fc8e5226700|[NETWORK][Session]Session inactive
info|2025-10-08 07:37:39.543254|io_service-0x00007fc8e5226700|[NETWORK][Session]Session inactive
info|2025-10-08 07:37:39.543260|io_service-0x00007fc8e5226700|[NETWORK][Session][drop] shutdown failed ,code=9,message=Bad file descriptor
info|2025-10-08 07:37:39.543390|P2P-0x00007fc8e6228700|[P2P][Service] disconnect inactive P2PSession,nodeID=064cb676...,endpoint=127.0.0.1:39838,code=3,what=Disconnect
info|2025-10-08 07:37:39.543416|P2P-0x00007fc8e6228700|[P2P][Service] onDisconnect,code=3,what=Dynamic exception type: dev::network::NetworkException
std::exception::what: Disconnect
info|2025-10-08 07:37:39.737461|io_service-0x00007fc8e5226700|[NETWORK][Session]doRead failed,endpoint=127.0.0.1:39830,message=short read (SSL routines, SSL routines)
info|2025-10-08 07:37:39.737573|io_service-0x00007fc8e5226700|[NETWORK][Session]drop, call and erase all callbackFunc of the session!,endpoint=127.0.0.1:39830
info|2025-10-08 07:37:39.737602|io_service-0x00007fc8e5226700|[NETWORK][Session][drop] closing remote 127.0.0.1:39830,reason=Low-level TCP communication failed.,endpoint=127.0.0.1:39830
info|2025-10-08 07:37:39.737862|P2P-0x00007fc8e6a29700|[P2P][Service] disconnect inactive P2PSession,nodeID=374bdfe9...,endpoint=127.0.0.1:39830,code=3,what=Disconnect
info|2025-10-08 07:37:39.737978|P2P-0x00007fc8e6a29700|[P2P][Service] onDisconnect,code=3,what=Dynamic exception type: dev::network::NetworkException
std::exception::what: Disconnect
info|2025-10-08 07:37:39.741176|io_service-0x00007fc8e5226700|[NETWORK][Session][drop] shutdown failed ,code=9,message=Bad file descriptor
info|2025-10-08 07:37:39.747141|io_service-0x00007fc8e5226700|[NETWORK][Session]doRead failed,endpoint=127.0.0.1:39844,message=short read (SSL routines, SSL routines)
info|2025-10-08 07:37:39.747222|io_service-0x00007fc8e5226700|[NETWORK][Session]drop, call and erase all callbackFunc of the session!,endpoint=127.0.0.1:39844
info|2025-10-08 07:37:39.747268|io_service-0x00007fc8e5226700|[NETWORK][Session][drop] closing remote 127.0.0.1:39844,reason=Low-level TCP communication failed.,endpoint=127.0.0.1:39844
info|2025-10-08 07:37:39.747490|io_service-0x00007fc8e5226700|[NETWORK][Session]Session inactive
info|2025-10-08 07:37:39.747561|io_service-0x00007fc8e5226700|[NETWORK][Session]Session inactive
info|2025-10-08 07:37:39.747671|P2P-0x00007fc8e722a700|[P2P][Service] disconnect inactive P2PSession,nodeID=73994dae...,endpoint=127.0.0.1:39844,code=3,what=Disconnect
info|2025-10-08 07:37:39.747706|P2P-0x00007fc8e722a700|[P2P][Service] onDisconnect,code=3,what=Dynamic exception type: dev::network::NetworkException
std::exception::what: Disconnect
info|2025-10-08 07:37:39.747568|io_service-0x00007fc8e5226700|[NETWORK][Session][drop] shutdown failed ,code=9,message=Bad file descriptor
info|2025-10-08 07:37:39.755525|fisco-bcos-0x00007fc8e7f9fdc0|[INITIALIZER]ChannelRPCHttpServer deleted.
info|2025-10-08 07:37:39.756564|fisco-bcos-0x00007fc8e7f9fdc0|[INITIALIZER]JsonrpcHttpServer deleted.
info|2025-10-08 07:37:39.756629|fisco-bcos-0x00007fc8e7f9fdc0|[INITIALIZER]RPCInitializer stopped
info|2025-10-08 07:37:39.756741|io_service-0x00007fc8e5226700|[NETWORK][Host]Host exit
info|2025-10-08 07:37:39.757838|fisco-bcos-0x00007fc8e7f9fdc0|[INITIALIZER]P2PInitializer stopped
info|2025-10-08 07:37:39.757985|fisco-bcos-0x00007fc8e7f9fdc0|[LEDGER]stop sealer,groupID=1
info|2025-10-08 07:37:39.758016|fisco-bcos-0x00007fc8e7f9fdc0|[LEDGER]sealer stopped. stop sync,groupID=1
info|2025-10-08 07:37:39.758042|fisco-bcos-0x00007fc8e7f9fdc0|[g:1] [SYNC][id:87d00b98...]SyncMsgEngine stopped
info|2025-10-08 07:37:39.758077|fisco-bcos-0x00007fc8e7f9fdc0|[GossipBlockStatus]GossipBlockStatus already stopped
info|2025-10-08 07:37:39.758085|fisco-bcos-0x00007fc8e7f9fdc0|[SYNC][id:87d00b98...][g:1]SyncMaster stopped
info|2025-10-08 07:37:39.758092|fisco-bcos-0x00007fc8e7f9fdc0|[LEDGER]sync stopped. stop event filter manager,groupID=1
info|2025-10-08 07:37:39.758101|fisco-bcos-0x00007fc8e7f9fdc0|[LEDGER]event filter manager stopped. stop tx pool,groupID=1
info|2025-10-08 07:37:39.758119|fisco-bcos-0x00007fc8e7f9fdc0|[LEDGER]removeNetworkStatHandlerByGroupID and removeGroupBandwidthLimiter for service,groupID=1
info|2025-10-08 07:37:39.758152|fisco-bcos-0x00007fc8e7f9fdc0|[g:1][STORAGE][CachedStorage]Stopping flushStorage thread
info|2025-10-08 07:37:40.202228|fisco-bcos-0x00007fc8e7f9fdc0|[g:1][STORAGE][CachedStorage]flushStorage thread stopped.
info|2025-10-08 07:37:40.202298|fisco-bcos-0x00007fc8e7f9fdc0|[DBINITIALIZER] storage stopped
info|2025-10-08 07:37:40.224830|fisco-bcos-0x00007fc8e7f9fdc0|[g:1] [SYNC][id:87d00b98...]SyncMsgEngine stopped
info|2025-10-08 07:37:40.224883|fisco-bcos-0x00007fc8e7f9fdc0|[GossipBlockStatus]GossipBlockStatus already stopped
info|2025-10-08 07:37:40.224888|fisco-bcos-0x00007fc8e7f9fdc0|[SYNC][id:87d00b98...][g:1]SyncMaster stopped
info|2025-10-08 07:37:40.224915|fisco-bcos-0x00007fc8e7f9fdc0|[g:1] [SYNC][id:87d00b98...]SyncMsgEngine stopped
