info|2025-10-10 04:29:16.243093|fisco-bcos-0x00007f178e78cdc0|[INITIALIZER][initGlobalConfig],enableCompress=true,compatibilityVersion=2.11.0,versionNumber=34275328,enableStat=false,chainId=1,useSMCrypto=true,IgnoreObserverWriteRequest=false
info|2025-10-10 04:29:16.250566|fisco-bcos-0x00007f178e78cdc0|[INITIALIZER][SecureInitializerGM]get pub of node,nodeID=87d00b98321fc70a5abc85ad9e80db10cce315194133697bf74aace1d3f8430957a766240f751752708f4282f46110d6ea56c3eb5d1c02ce98a66f327f595270
info|2025-10-10 04:29:16.260127|fisco-bcos-0x00007f178e78cdc0|[NETWORK][Host]Connecting to node,endpoint=127.0.0.1:30300
info|2025-10-10 04:29:16.260378|fisco-bcos-0x00007f178e78cdc0|[NETWORK][Host]Connecting to node,endpoint=127.0.0.1:30301
info|2025-10-10 04:29:16.260510|fisco-bcos-0x00007f178e78cdc0|[NETWORK][Host]Connecting to node,endpoint=127.0.0.1:30302
info|2025-10-10 04:29:16.260626|fisco-bcos-0x00007f178e78cdc0|[NETWORK][Host]Connecting to node,endpoint=127.0.0.1:30303
info|2025-10-10 04:29:16.260710|fisco-bcos-0x00007f178e78cdc0|[P2P][Service] heartBeat,connected count=0
info|2025-10-10 04:29:16.260775|fisco-bcos-0x00007f178e78cdc0|[INITIALIZER][RPCInitializer],network_security.check_cert_issuer=true
info|2025-10-10 04:29:16.261901|fisco-bcos-0x00007f178e78cdc0|[CHANNEL][ChannelServer::run],threadPoolSize=8
info|2025-10-10 04:29:16.262123|fisco-bcos-0x00007f178e78cdc0|[CHANNEL]ChannelRPCServer started
info|2025-10-10 04:29:16.262157|fisco-bcos-0x00007f178e78cdc0|[INITIALIZER][RPCInitializer: ChannelRPCHttpServer started.],disableDynamicGroup=false,uncheckGroupMember=false,threadSize=8
info|2025-10-10 04:29:16.262189|fisco-bcos-0x00007f178e78cdc0|[INITIALIZER][LedgerInitializer]initConfig
info|2025-10-10 04:29:16.262218|fisco-bcos-0x00007f178e78cdc0|[LedgerInitializer],groupConfigPath=conf/
info|2025-10-10 04:29:16.262504|fisco-bcos-0x00007f178e78cdc0|[INITIALIZER][initSingleLedger] [GroupId], LedgerConstructor:  1,configFileName=conf/group.1.genesis,dataDir=data/
info|2025-10-10 04:29:16.262659|fisco-bcos-0x00007f178e78cdc0|[g:1][LedgerParam][parseGenesisConfig]initConsensusConfig/initStorageConfig/initTxConfig,configFile=conf/group.1.genesis
info|2025-10-10 04:29:16.262712|fisco-bcos-0x00007f178e78cdc0|[g:1][LedgerParam][initConsensusConfig],type=pbft,consensusTimeout=3,maxTxNum=1000,txGasLimit=300000000
info|2025-10-10 04:29:16.262752|fisco-bcos-0x00007f178e78cdc0|[g:1][LedgerParam][parsePublicKeyListOfSection],sectionName=consensus,it.first=73994dae9e8b8da733108a4153dfe79151d701dff425f84c87b5324e8ebd02ab6a0ebc9e4f1e0298a7ddca50f94a8f95c62b6997226d571e470e8f2b0600634a
info|2025-10-10 04:29:16.263470|io_service-0x00007f178ba13700|[NETWORK][Host]P2P StartAccept,Host=0.0.0.0:30302
info|2025-10-10 04:29:16.267771|io_service-0x00007f178ba13700|[NETWORK][Host]P2P Recv Connect, From=127.0.0.1:49364
info|2025-10-10 04:29:16.267914|io_service-0x00007f178ba13700|[NETWORK][Host]P2P StartAccept,Host=0.0.0.0:30302
info|2025-10-10 04:29:16.271219|io_service-0x00007f178ba13700|[NETWORK][ASIO]asyncResolveConnect,endpoint=127.0.0.1:30300
info|2025-10-10 04:29:16.271366|io_service-0x00007f178ba13700|[NETWORK][ASIO]asyncResolveConnect,endpoint=127.0.0.1:30301
info|2025-10-10 04:29:16.271472|io_service-0x00007f178ba13700|[NETWORK][ASIO]asyncResolveConnect,endpoint=127.0.0.1:30302
info|2025-10-10 04:29:16.271584|io_service-0x00007f178ba13700|[NETWORK][ASIO]asyncResolveConnect,endpoint=127.0.0.1:30303
info|2025-10-10 04:29:16.273844|io_service-0x00007f178ba13700|[NETWORK][Host]P2P Recv Connect, From=127.0.0.1:49378
info|2025-10-10 04:29:16.274467|fisco-bcos-0x00007f178e78cdc0|[g:1][LedgerParam][parsePublicKeyListOfSection],sectionName=consensus,it.first=374bdfe969e1d8ea1200ade93e5d8cf1a7d5741f238011004b0f43ca818706f194b2f067e1708125f7ffc536610b9a72addbd56b238d65f18912be39037ffcc5
info|2025-10-10 04:29:16.275642|fisco-bcos-0x00007f178e78cdc0|[g:1][LedgerParam][parsePublicKeyListOfSection],sectionName=consensus,it.first=87d00b98321fc70a5abc85ad9e80db10cce315194133697bf74aace1d3f8430957a766240f751752708f4282f46110d6ea56c3eb5d1c02ce98a66f327f595270
info|2025-10-10 04:29:16.275713|fisco-bcos-0x00007f178e78cdc0|[g:1][LedgerParam][parsePublicKeyListOfSection],sectionName=consensus,it.first=064cb676a36047a4b52ecbf9c01664b1e987d91b438110ba6a12d96972726622e824d295b1de8b0298b5afe7bbbc0bd04a3890e1a36eae028c1cfbe07971b995
info|2025-10-10 04:29:16.275755|fisco-bcos-0x00007f178e78cdc0|[g:1][LedgerParam][parsePublicKeyListOfSection],totalPubKeySize=4
info|2025-10-10 04:29:16.275821|fisco-bcos-0x00007f178e78cdc0|[g:1][LedgerParam][max_block_range],maxBlockRange=0,maxBlockPerProcess=3
info|2025-10-10 04:29:16.275850|fisco-bcos-0x00007f178e78cdc0|[g:1][LedgerParam][parseGenesisConfig],timestamp=1759762229000
info|2025-10-10 04:29:16.275881|fisco-bcos-0x00007f178e78cdc0|[g:1][LedgerParam]setEVMFlags,enableFreeStorageVMSchedule=false,evmFlags=0
info|2025-10-10 04:29:16.275919|fisco-bcos-0x00007f178e78cdc0|[g:1][LedgerParam]store evmFlag,evmFlag=0
info|2025-10-10 04:29:16.275982|fisco-bcos-0x00007f178e78cdc0|[g:1][LedgerParam]store consensus time,consensusTimeout=3
info|2025-10-10 04:29:16.276041|fisco-bcos-0x00007f178e78cdc0|[g:1][LedgerParam][initMark],genesisMark=1-064cb676a36047a4b52ecbf9c01664b1e987d91b438110ba6a12d96972726622e824d295b1de8b0298b5afe7bbbc0bd04a3890e1a36eae028c1cfbe07971b995,374bdfe969e1d8ea1200ade93e5d8cf1a7d5741f238011004b0f43ca818706f194b2f067e1708125f7ffc536610b9a72addbd56b238d65f18912be39037ffcc5,73994dae9e8b8da733108a4153dfe79151d701dff425f84c87b5324e8ebd02ab6a0ebc9e4f1e0298a7ddca50f94a8f95c62b6997226d571e470e8f2b0600634a,87d00b98321fc70a5abc85ad9e80db10cce315194133697bf74aace1d3f8430957a766240f751752708f4282f46110d6ea56c3eb5d1c02ce98a66f327f595270,-pbft-storage-0-1000-300000000-3
info|2025-10-10 04:29:16.276336|fisco-bcos-0x00007f178e78cdc0|[g:1][LedgerParam][initIniConfig]initTxPoolConfig/initSyncConfig/initTxExecuteConfig,configFile=conf/group.1.ini
info|2025-10-10 04:29:16.276749|fisco-bcos-0x00007f178e78cdc0|[g:1][LedgerParam][initStorageConfig],stateType=storage,storageDB=rocksdb,storagePath=data//group1/block/RocksDB,baseDir=data//group1,dbtype=mysql,dbip=127.0.0.1,dbport=3306,dbcharset=utf8mb4,initconnections=15,maxconnections=50,scrollThreshold=2000,enableReconfirmCommittee=false
info|2025-10-10 04:29:16.277328|fisco-bcos-0x00007f178e78cdc0|[g:1][LedgerParam][initTxPoolConfig],txPoolLimit=150000,memorySizeLimit(MB)=512,notifyWorkerNum=2,txsExpirationTime(ms)=600000
info|2025-10-10 04:29:16.277504|fisco-bcos-0x00007f178e78cdc0|[g:1][LedgerParam][initSyncConfig],idleWaitMs=200
info|2025-10-10 04:29:16.277643|fisco-bcos-0x00007f178e78cdc0|[g:1][LedgerParam][initSyncConfig],enableSendTxsByTree=true,enableSendBlockStatusByTree=true
info|2025-10-10 04:29:16.277795|fisco-bcos-0x00007f178e78cdc0|[g:1][LedgerParam][initSyncConfig],gossipInterval=1000
info|2025-10-10 04:29:16.277847|fisco-bcos-0x00007f178e78cdc0|[g:1][LedgerParam][initSyncConfig],enableSendBlockStatusByTree=true,gossipInterval=1000,gossipPeers=3,syncTreeWidth=3,maxQueueSizeForBlockSync=536870912,txsStatusGossipMaxPeers=5,syncInfoPrintInterval=10,freeNodeRead=false
info|2025-10-10 04:29:16.277933|fisco-bcos-0x00007f178e78cdc0|[g:1][LedgerParam][InitTxExecuteConfig],enableParallel=true
info|2025-10-10 04:29:16.278181|fisco-bcos-0x00007f178e78cdc0|[g:1][LedgerParam][initConsensusIniConfig],maxTTL=2,minBlockGenerationTime=500,enablDynamicBlockSize=true,blockSizeIncreaseRatio=0.5,enableTTLOptimize=true,enablePrepareWithTxsHash=true
info|2025-10-10 04:29:16.278668|io_service-0x00007f178ba13700|[NETWORK][Host]P2P StartAccept,Host=0.0.0.0:30302
info|2025-10-10 04:29:16.279847|fisco-bcos-0x00007f178e78cdc0|[g:1][LedgerParam][initRPBFTConsensusIniConfig],broadcastPrepareByTree=true,prepareStatusBroadcastPercent=33,maxRequestMissedTxsWaitTime=100,maxRequestPrepareWaitTime=100
info|2025-10-10 04:29:16.279911|fisco-bcos-0x00007f178e78cdc0|[g:1][LedgerParam][initFlowControlConfig],maxQPS=9223372036854775807,outGoingBandwidth(Bytes)=9223372036854775807
info|2025-10-10 04:29:16.279988|fisco-bcos-0x00007f178e78cdc0|[g:1][LedgerParam]parseSDKAllowList,sdkAllowList=[],enableSDKAllowListControl=false
info|2025-10-10 04:29:16.280058|fisco-bcos-0x00007f178e78cdc0|[g:1][LEDGER][initLedger][DBInitializer]
info|2025-10-10 04:29:16.280347|fisco-bcos-0x00007f178e78cdc0|[g:1][LEDGER]setSDKAllowList,groupId=1,sdkAllowListSize=0
info|2025-10-10 04:29:16.281015|fisco-bcos-0x00007f178e78cdc0|[g:1][CHANNEL]registerSDKAllowListByGroupId,groupId=1,size=0
info|2025-10-10 04:29:16.281470|fisco-bcos-0x00007f178e78cdc0|[g:1][CHANNEL]Disable group-level sdk permission control for sdk allowlist is empty
info|2025-10-10 04:29:16.282116|fisco-bcos-0x00007f178e78cdc0|[g:1][DBINITIALIZER] [initStorageDB]
info|2025-10-10 04:29:16.282171|fisco-bcos-0x00007f178e78cdc0|[g:1][DBINITIALIZER] [initRocksDBStorage]
info|2025-10-10 04:29:16.282241|fisco-bcos-0x00007f178e78cdc0|[g:1][ROCKSDB]open rocksDB handler,path=data//group1/block/RocksDB
info|2025-10-10 04:29:16.335853|fisco-bcos-0x00007f178e78cdc0|[g:1][g:1][STORAGE][CachedStorage]Init flushStorage thread
info|2025-10-10 04:29:16.336127|fisco-bcos-0x00007f178e78cdc0|[g:1][DBINITIALIZER] [init CachedStorage],maxCapacity=32,maxForwardBlock=10
info|2025-10-10 04:29:16.336184|fisco-bcos-0x00007f178e78cdc0|[g:1][LEDGER][initLedger][initBlockChain]
info|2025-10-10 04:29:16.336499|fisco-bcos-0x00007f178e78cdc0|[g:1][LEDGER]set enableHexBlock to be false,version=34275328
info|2025-10-10 04:29:16.336546|fisco-bcos-0x00007f178e78cdc0|[g:1][BLOCKCHAIN][#checkAndBuildGenesisBlock],shouldBuild=false
info|2025-10-10 04:29:16.337053|fisco-bcos-0x00007f178e78cdc0|[g:1][BLOCKCHAIN][#checkAndBuildGenesisBlock]Already have the 0th block, 0th groupMark is equal to file groupMark.
info|2025-10-10 04:29:16.337121|fisco-bcos-0x00007f178e78cdc0|[g:1][LEDGER][initLedger]initBlockChain SUCC
info|2025-10-10 04:29:16.337211|fisco-bcos-0x00007f178e78cdc0|[g:1][DBINITIALIZER] [createStateFactory],type=storage
info|2025-10-10 04:29:16.337242|fisco-bcos-0x00007f178e78cdc0|[g:1][DBINITIALIZER] createStorageState SUCC
info|2025-10-10 04:29:16.337263|fisco-bcos-0x00007f178e78cdc0|[g:1][DBINITIALIZER] [createStateFactory SUCC]
info|2025-10-10 04:29:16.337283|fisco-bcos-0x00007f178e78cdc0|[g:1][DBINITIALIZER] createExecutiveContext...
info|2025-10-10 04:29:16.337317|fisco-bcos-0x00007f178e78cdc0|[g:1][LEDGER]createGasMetric,vmFlagType=0
info|2025-10-10 04:29:16.337340|fisco-bcos-0x00007f178e78cdc0|[g:1][LEDGER]createGasMetric
info|2025-10-10 04:29:16.337365|fisco-bcos-0x00007f178e78cdc0|[g:1][DBINITIALIZER] create precompiledGasFactory and precompiledResultFactory
info|2025-10-10 04:29:16.337385|fisco-bcos-0x00007f178e78cdc0|[g:1][DBINITIALIZER] createExecutiveContext SUCC
info|2025-10-10 04:29:16.337407|fisco-bcos-0x00007f178e78cdc0|[g:1][DBINITIALIZER] [setSyncNumForCachedStorage],syncNum=289
info|2025-10-10 04:29:16.337436|fisco-bcos-0x00007f178e78cdc0|[g:1][LEDGER][initNetworkBandWidthLimiter: outGoingBandwidthLimit has been disabled],groupId=1
info|2025-10-10 04:29:16.337458|fisco-bcos-0x00007f178e78cdc0|[g:1][LEDGER][QPSLimit has been disabled],groupId=1
info|2025-10-10 04:29:16.337479|fisco-bcos-0x00007f178e78cdc0|[g:1][LEDGER][initLedger][initBlockVerifier]
info|2025-10-10 04:29:16.337504|fisco-bcos-0x00007f178e78cdc0|[g:1][LEDGER][initLedger][initBlockVerifier SUCC],evmFlags=0
info|2025-10-10 04:29:16.337526|fisco-bcos-0x00007f178e78cdc0|[g:1][LEDGER][initLedger][initTxPool],txPoolLimit=150000
info|2025-10-10 04:29:16.345856|io_service-0x00007f178ba13700|[NETWORK][Host]handshakeServer succ,remote endpoint=127.0.0.1:49378
info|2025-10-10 04:29:16.363176|io_service-0x00007f178ba13700|[NETWORK][Host]startPeerSession, Remote=127.0.0.1:49378,local endpoint=127.0.0.1:30302,nodeID=87d00b98...
info|2025-10-10 04:29:16.388277|io_service-0x00007f178ba13700|[NETWORK][Host]handshakeClient succ,local endpoint=127.0.0.1:49378
info|2025-10-10 04:29:16.388428|io_service-0x00007f178ba13700|[NETWORK][Host]startPeerSession, Remote=127.0.0.1:30302,local endpoint=127.0.0.1:49378,nodeID=87d00b98...
info|2025-10-10 04:29:16.388572|io_service-0x00007f178ba13700|[NETWORK][Host]handshakeServer succ,remote endpoint=127.0.0.1:49364
info|2025-10-10 04:29:16.388810|P2P-0x00007f178ca15700|[P2P][Service] Connection established,nodeID=064cb676...,endpoint=127.0.0.1:49364
info|2025-10-10 04:29:16.388906|io_service-0x00007f178ba13700|[NETWORK][Host]startPeerSession, Remote=127.0.0.1:49364,local endpoint=127.0.0.1:30302,nodeID=064cb676...
info|2025-10-10 04:29:16.449310|fisco-bcos-0x00007f178e78cdc0|[g:1][LEDGER][initLedger]initTxPool SUCC
info|2025-10-10 04:29:16.450319|fisco-bcos-0x00007f178e78cdc0|[g:1][LEDGER][initLedger][initSync],idleWaitMs=200,gossipInterval=1000,gossipPeers=3
info|2025-10-10 04:29:16.450707|fisco-bcos-0x00007f178e78cdc0|[g:1][LEDGER]Init sync master,enableSendBlockStatusByTree=true,enableSendTxsByTree=true
info|2025-10-10 04:29:16.452334|fisco-bcos-0x00007f178e78cdc0|[g:1][LEDGER][initLedger]initSync SUCC
info|2025-10-10 04:29:16.452418|fisco-bcos-0x00007f178e78cdc0|[g:1][LEDGER][initLedger][consensusInitFactory]
info|2025-10-10 04:29:16.452439|fisco-bcos-0x00007f178e78cdc0|[g:1][LEDGER][initLedger][createPBFTSealer]
info|2025-10-10 04:29:16.452457|fisco-bcos-0x00007f178e78cdc0|[g:1][LEDGER][initLedger][createPBFTSealer],baseDir=data//group1,Protocol=65544
info|2025-10-10 04:29:16.452528|fisco-bcos-0x00007f178e78cdc0|[g:1][LEDGER][initLedger]createPBFTSealer for PBFT or rPBFT,consensusType=pbft
info|2025-10-10 04:29:16.452556|fisco-bcos-0x00007f178e78cdc0|[g:1][LEDGER]createConsensusEngine: create PBFTEngine
info|2025-10-10 04:29:16.452583|fisco-bcos-0x00007f178e78cdc0|[g:1][CONSENSUS][PBFT]Register handler for PBFTEngine
info|2025-10-10 04:29:16.453439|fisco-bcos-0x00007f178e78cdc0|[g:1][CONSENSUS][PBFT]setMinBlockGenerationTime,minBlockGenerationTime=500,consensusTime=1000
info|2025-10-10 04:29:16.453517|fisco-bcos-0x00007f178e78cdc0|[g:1][LEDGER][initEventLogFilterManager]initEventLogFilterManager SUCC
info|2025-10-10 04:29:16.453539|fisco-bcos-0x00007f178e78cdc0|[LedgerInitializer init group succ],groupID=1
info|2025-10-10 04:29:16.453815|fisco-bcos-0x00007f178e78cdc0|[SafeHttpServer::StartListening]use default epoll
info|2025-10-10 04:29:16.454291|fisco-bcos-0x00007f178e78cdc0|[INITIALIZER][RPCInitializer JsonrpcHttpServer started],jsonrpc_IP=127.0.0.1,jsonrpc_listen_port=8547,jsonrpc_thread_count=8,ipv6=false,disableDynamicGroup=false,uncheckGroupMember=false
info|2025-10-10 04:29:16.454352|fisco-bcos-0x00007f178e78cdc0|[g:1][LEDGER]startAll...
info|2025-10-10 04:29:16.467456|fisco-bcos-0x00007f178e78cdc0|[g:1][GossipBlockStatus]start GossipBlockStatus succ
info|2025-10-10 04:29:16.467507|fisco-bcos-0x00007f178e78cdc0|[g:1][CONSENSUS][ConsensusEngine][Start ConsensusEngineBase]
info|2025-10-10 04:29:16.471810|fisco-bcos-0x00007f178e78cdc0|[g:1][CONSENSUS][PBFT]^^^^^^^^Report,num=289,sealerIdx=2,hash=1f5dc3d5...,next=290,tx=1,nodeIdx=3
info|2025-10-10 04:29:16.471883|fisco-bcos-0x00007f178e78cdc0|[g:1][ROCKSDB]open rocksDB handler,path=data//group1/pbftMsgBackup/RocksDB
info|2025-10-10 04:29:16.505175|fisco-bcos-0x00007f178e78cdc0|[g:1][CONSENSUS][PBFT][PBFT init env successfully]
info|2025-10-10 04:29:16.505250|fisco-bcos-0x00007f178e78cdc0|[g:1][CONSENSUS][PBFT][Start PBFTEngine...]
info|2025-10-10 04:29:16.505391|fisco-bcos-0x00007f178e78cdc0|[g:1][CONSENSUS][SEALER][Start sealer module]
info|2025-10-10 04:29:16.515139|fisco-bcos-0x00007f178e78cdc0|[g:1][EVENT][EventLogFilterManager]start,m_maxBlockRange=0,m_maxBlockPerLoopFilter=3
info|2025-10-10 04:29:16.566113|io_service-0x00007f178ba13700|[NETWORK][Host]handshakeClient succ,local endpoint=127.0.0.1:47758
info|2025-10-10 04:29:16.566292|P2P-0x00007f178c214700|[P2P][Service] Connection established,nodeID=73994dae...,endpoint=127.0.0.1:30300
info|2025-10-10 04:29:16.566355|io_service-0x00007f178ba13700|[NETWORK][Host]startPeerSession, Remote=127.0.0.1:30300,local endpoint=127.0.0.1:47758,nodeID=73994dae...
info|2025-10-10 04:29:16.566558|io_service-0x00007f178ba13700|[NETWORK][Host]handshakeClient succ,local endpoint=127.0.0.1:36760
info|2025-10-10 04:29:16.566680|io_service-0x00007f178ba13700|[NETWORK][Host]startPeerSession, Remote=127.0.0.1:30303,local endpoint=127.0.0.1:36760,nodeID=064cb676...
info|2025-10-10 04:29:16.568933|alignTime-1-0x00007f177c1f4700|[g:1][NodeTimeMaintenance]updateTimeInfo: update median time offset,updatedMedianTimeOffset=-15,peer=73994dae...,peerTime=1760095756553,peerOffset=-15,utcTime=1760095756568
info|2025-10-10 04:29:16.568977|io_service-0x00007f178ba13700|[NETWORK][Host]handshakeClient succ,local endpoint=127.0.0.1:51368
info|2025-10-10 04:29:16.569081|P2P-0x00007f178d216700|[P2P][Service] Connection established,nodeID=374bdfe9...,endpoint=127.0.0.1:30301
info|2025-10-10 04:29:16.569136|io_service-0x00007f178ba13700|[NETWORK][Host]startPeerSession, Remote=127.0.0.1:30301,local endpoint=127.0.0.1:51368,nodeID=374bdfe9...
info|2025-10-10 04:29:16.571803|alignTime-1-0x00007f177c1f4700|[g:1][NodeTimeMaintenance]updateTimeInfo: update median time offset,updatedMedianTimeOffset=-7,peer=374bdfe9...,peerTime=1760095756571,peerOffset=0,utcTime=1760095756571
info|2025-10-10 04:29:16.686964|alignTime-1-0x00007f177c1f4700|[g:1][NodeTimeMaintenance]updateTimeInfo: update median time offset,updatedMedianTimeOffset=0,peer=064cb676...,peerTime=1760095756686,peerOffset=0,utcTime=1760095756686
warning|2025-10-10 04:29:19.476583|PBFT-1-0x00007f17719df700|[g:1][CONSENSUS][PBFT]ViewChangeWarning: not caused by omit empty block ,v=0,toV=1,curNum=289,hash=1f5dc3d5...,nodeIdx=3,myNode=87d00b98...
info|2025-10-10 04:29:19.476877|PBFT-1-0x00007f17719df700|[g:1][CONSENSUS][PBFT]checkTimeout Succ,view=0,toView=1,nodeIdx=3,changeCycle=1,myNode=87d00b98...,timecost=3
info|2025-10-10 04:29:19.487877|PBFT-1-0x00007f17719df700|[g:1][CONSENSUS][PBFT]checkAndChangeView: Reach consensus,org_view=0,cur_changeCycle=1,curView=0,view=1
info|2025-10-10 04:29:20.487318|PBFT-1-0x00007f17719df700|[g:1][CONSENSUS]addRawPrepare,height=290,reqIdx=2,hash=5ecf59ab...,time=0
info|2025-10-10 04:29:20.490291|PBFT-1-0x00007f17719df700|[g:1][CONSENSUS][PBFT]checkTimeout Succ,view=1,toView=2,nodeIdx=3,changeCycle=1,myNode=87d00b98...,timecost=3
info|2025-10-10 04:29:20.502572|PBFT-1-0x00007f17719df700|[g:1][CONSENSUS][PBFT]checkAndChangeView: Reach consensus,org_view=1,cur_changeCycle=1,curView=1,view=2
info|2025-10-10 04:29:21.503920|PBFTSeal-1-0x00007f176a1d0700|[g:1][CONSENSUS][SEALER]++++++++++++++++ Generating seal on,blkNum=290,tx=0,nodeIdx=3,hash=3afd4be9...
info|2025-10-10 04:29:21.522907|PBFT-1-0x00007f17719df700|[g:1][CONSENSUS][PBFT]checkTimeout Succ,view=2,toView=3,nodeIdx=3,changeCycle=1,myNode=87d00b98...,timecost=5
info|2025-10-10 04:29:21.530482|PBFT-1-0x00007f17719df700|[g:1][CONSENSUS][PBFT]checkAndChangeView: Reach consensus,org_view=2,cur_changeCycle=1,curView=2,view=3
info|2025-10-10 04:29:21.552033|P2P-0x00007f178ca15700|[NETWORK][Session]Received topic: [2	_block_notify_1] from 73994dae9e8b8da733108a4153dfe79151d701dff425f84c87b5324e8ebd02ab6a0ebc9e4f1e0298a7ddca50f94a8f95c62b6997226d571e470e8f2b0600634a
info|2025-10-10 04:29:22.535489|PBFT-1-0x00007f17719df700|[g:1][CONSENSUS]addRawPrepare,height=290,reqIdx=0,hash=5eb74c96...,time=0
info|2025-10-10 04:29:22.539777|PBFT-1-0x00007f17719df700|[g:1][CONSENSUS][PBFT]checkTimeout Succ,view=3,toView=4,nodeIdx=3,changeCycle=1,myNode=87d00b98...,timecost=4
info|2025-10-10 04:29:22.543811|PBFT-1-0x00007f17719df700|[g:1][CONSENSUS][PBFT]checkAndChangeView: Reach consensus,org_view=3,cur_changeCycle=1,curView=3,view=4
info|2025-10-10 04:29:26.241327|io_service-0x00007f178ba13700|[NETWORK][Host]P2P Recv Connect, From=127.0.0.1:42832
info|2025-10-10 04:29:26.241399|io_service-0x00007f178ba13700|[NETWORK][Host]P2P StartAccept,Host=0.0.0.0:30302
info|2025-10-10 04:29:26.246692|io_service-0x00007f178ba13700|[NETWORK][Host]P2P Recv Connect, From=127.0.0.1:42840
info|2025-10-10 04:29:26.246767|io_service-0x00007f178ba13700|[NETWORK][Host]P2P StartAccept,Host=0.0.0.0:30302
info|2025-10-10 04:29:26.261914|io_service-0x00007f178ba13700|[NETWORK][Host]handshakeServer succ,remote endpoint=127.0.0.1:42832
info|2025-10-10 04:29:26.262069|io_service-0x00007f178ba13700|[NETWORK][Host]startPeerSession, Remote=127.0.0.1:42832,local endpoint=127.0.0.1:30302,nodeID=73994dae...
info|2025-10-10 04:29:26.268586|io_service-0x00007f178ba13700|[P2P][Service] heartBeat,connected count=3
info|2025-10-10 04:29:26.268718|io_service-0x00007f178ba13700|[NETWORK][Host]handshakeServer succ,remote endpoint=127.0.0.1:42840
info|2025-10-10 04:29:26.268795|io_service-0x00007f178ba13700|[NETWORK][Host]startPeerSession, Remote=127.0.0.1:42840,local endpoint=127.0.0.1:30302,nodeID=374bdfe9...
warning|2025-10-10 04:29:27.048752|PBFT-1-0x00007f17719df700|[g:1][CONSENSUS][PBFT]ViewChangeWarning: not caused by omit empty block ,v=4,toV=5,curNum=289,hash=1f5dc3d5...,nodeIdx=3,myNode=87d00b98...
info|2025-10-10 04:29:27.049422|PBFT-1-0x00007f17719df700|[g:1][CONSENSUS][PBFT]checkTimeout Succ,view=4,toView=5,nodeIdx=3,changeCycle=2,myNode=87d00b98...,timecost=2
info|2025-10-10 04:29:27.060334|PBFT-1-0x00007f17719df700|[g:1][CONSENSUS][PBFT]checkAndChangeView: Reach consensus,org_view=4,cur_changeCycle=2,curView=4,view=5
info|2025-10-10 04:29:28.066300|PBFT-1-0x00007f17719df700|[g:1][CONSENSUS]addRawPrepare,height=290,reqIdx=2,hash=4071e052...,time=0
info|2025-10-10 04:29:28.072241|PBFT-1-0x00007f17719df700|[g:1][CONSENSUS][PBFT]checkTimeout Succ,view=5,toView=6,nodeIdx=3,changeCycle=1,myNode=87d00b98...,timecost=6
info|2025-10-10 04:29:28.076089|PBFT-1-0x00007f17719df700|[g:1][CONSENSUS][PBFT]checkAndChangeView: Reach consensus,org_view=5,cur_changeCycle=1,curView=5,view=6
info|2025-10-10 04:29:29.076097|PBFTSeal-1-0x00007f176a1d0700|[g:1][CONSENSUS][SEALER]++++++++++++++++ Generating seal on,blkNum=290,tx=0,nodeIdx=3,hash=dc0e5942...
info|2025-10-10 04:29:29.095883|PBFT-1-0x00007f17719df700|[g:1][CONSENSUS][PBFT]checkTimeout Succ,view=6,toView=7,nodeIdx=3,changeCycle=1,myNode=87d00b98...,timecost=6
info|2025-10-10 04:29:29.097749|PBFT-1-0x00007f17719df700|[g:1][CONSENSUS][PBFT]checkAndChangeView: Reach consensus,org_view=6,cur_changeCycle=1,curView=6,view=7
info|2025-10-10 04:29:30.115383|PBFT-1-0x00007f17719df700|[g:1][CONSENSUS]addRawPrepare,height=290,reqIdx=0,hash=a6aad974...,time=0
info|2025-10-10 04:29:30.120110|PBFT-1-0x00007f17719df700|[g:1][CONSENSUS][PBFT]checkTimeout Succ,view=7,toView=8,nodeIdx=3,changeCycle=1,myNode=87d00b98...,timecost=5
info|2025-10-10 04:29:30.137791|PBFT-1-0x00007f17719df700|[g:1][CONSENSUS][PBFT]checkAndChangeView: Reach consensus,org_view=7,cur_changeCycle=1,curView=7,view=8
warning|2025-10-10 04:29:34.640948|PBFT-1-0x00007f17719df700|[g:1][CONSENSUS][PBFT]ViewChangeWarning: not caused by omit empty block ,v=8,toV=9,curNum=289,hash=1f5dc3d5...,nodeIdx=3,myNode=87d00b98...
info|2025-10-10 04:29:34.645451|PBFT-1-0x00007f17719df700|[g:1][CONSENSUS][PBFT]checkTimeout Succ,view=8,toView=9,nodeIdx=3,changeCycle=2,myNode=87d00b98...,timecost=6
info|2025-10-10 04:29:34.653391|PBFT-1-0x00007f17719df700|[g:1][CONSENSUS][PBFT]checkAndChangeView: Reach consensus,org_view=8,cur_changeCycle=2,curView=8,view=9
info|2025-10-10 04:29:35.655707|PBFT-1-0x00007f17719df700|[g:1][CONSENSUS]addRawPrepare,height=290,reqIdx=2,hash=cf601315...,time=0
info|2025-10-10 04:29:35.657715|PBFT-1-0x00007f17719df700|[g:1][CONSENSUS][PBFT]checkTimeout Succ,view=9,toView=10,nodeIdx=3,changeCycle=1,myNode=87d00b98...,timecost=2
info|2025-10-10 04:29:35.667147|PBFT-1-0x00007f17719df700|[g:1][CONSENSUS][PBFT]checkAndChangeView: Reach consensus,org_view=9,cur_changeCycle=1,curView=9,view=10
info|2025-10-10 04:29:36.268973|io_service-0x00007f178ba13700|[P2P][Service] heartBeat,connected count=3
info|2025-10-10 04:29:36.667584|PBFTSeal-1-0x00007f176a1d0700|[g:1][CONSENSUS][SEALER]++++++++++++++++ Generating seal on,blkNum=290,tx=0,nodeIdx=3,hash=859ec40f...
info|2025-10-10 04:29:36.679147|PBFT-1-0x00007f17719df700|[g:1][CONSENSUS][PBFT]checkTimeout Succ,view=10,toView=11,nodeIdx=3,changeCycle=1,myNode=87d00b98...,timecost=4
info|2025-10-10 04:29:36.684203|PBFT-1-0x00007f17719df700|[g:1][CONSENSUS][PBFT]checkAndChangeView: Reach consensus,org_view=10,cur_changeCycle=1,curView=10,view=11
info|2025-10-10 04:29:37.691005|PBFT-1-0x00007f17719df700|[g:1][CONSENSUS]addRawPrepare,height=290,reqIdx=0,hash=ff3775a6...,time=1
info|2025-10-10 04:29:37.692752|PBFT-1-0x00007f17719df700|[g:1][CONSENSUS][PBFT]checkTimeout Succ,view=11,toView=12,nodeIdx=3,changeCycle=1,myNode=87d00b98...,timecost=1
info|2025-10-10 04:29:37.702391|PBFT-1-0x00007f17719df700|[g:1][CONSENSUS][PBFT]checkAndChangeView: Reach consensus,org_view=11,cur_changeCycle=1,curView=11,view=12
info|2025-10-10 04:29:39.189910|P2P-0x00007f178ca15700|[g:1] [SYNC][id:87d00b98...][Download][Request]Receive block request,peer=374bdfe9...,from=184,to=184
info|2025-10-10 04:29:39.190777|SyncSend-1-0x00007f177e1f8700|[g:1][SYNC][id:87d00b98...][Download][Request][BlockSync]Batch blocks for sending,blockSize=24480,number=184,peer=374bdfe9...,timeCost=0
info|2025-10-10 04:29:39.190997|SyncSend-1-0x00007f177e1f8700|[g:1][g:1] [SYNC][id:374bdfe9...][Download][Request][BlockSync]Send block packet,peer=374bdfe9...,blocks=1,bytes(V)=24487
warning|2025-10-10 04:29:42.204183|PBFT-1-0x00007f17719df700|[g:1][CONSENSUS][PBFT]ViewChangeWarning: not caused by omit empty block ,v=12,toV=13,curNum=289,hash=1f5dc3d5...,nodeIdx=3,myNode=87d00b98...
info|2025-10-10 04:29:42.204524|PBFT-1-0x00007f17719df700|[g:1][CONSENSUS][PBFT]checkTimeout Succ,view=12,toView=13,nodeIdx=3,changeCycle=2,myNode=87d00b98...,timecost=2
info|2025-10-10 04:29:42.215099|PBFT-1-0x00007f17719df700|[g:1][CONSENSUS][PBFT]checkAndChangeView: Reach consensus,org_view=12,cur_changeCycle=2,curView=12,view=13
info|2025-10-10 04:29:43.221485|PBFT-1-0x00007f17719df700|[g:1][CONSENSUS]addRawPrepare,height=290,reqIdx=2,hash=69738f08...,time=0
info|2025-10-10 04:29:43.225623|PBFT-1-0x00007f17719df700|[g:1][CONSENSUS][PBFT]checkTimeout Succ,view=13,toView=14,nodeIdx=3,changeCycle=1,myNode=87d00b98...,timecost=4
info|2025-10-10 04:29:43.229056|PBFT-1-0x00007f17719df700|[g:1][CONSENSUS][PBFT]checkAndChangeView: Reach consensus,org_view=13,cur_changeCycle=1,curView=13,view=14
info|2025-10-10 04:29:44.229244|PBFTSeal-1-0x00007f176a1d0700|[g:1][CONSENSUS][SEALER]++++++++++++++++ Generating seal on,blkNum=290,tx=0,nodeIdx=3,hash=e8f270f9...
info|2025-10-10 04:29:44.250277|PBFT-1-0x00007f17719df700|[g:1][CONSENSUS][PBFT]checkTimeout Succ,view=14,toView=15,nodeIdx=3,changeCycle=1,myNode=87d00b98...,timecost=3
info|2025-10-10 04:29:44.259363|PBFT-1-0x00007f17719df700|[g:1][CONSENSUS][PBFT]checkAndChangeView: Reach consensus,org_view=14,cur_changeCycle=1,curView=14,view=15
info|2025-10-10 04:29:45.273706|PBFT-1-0x00007f17719df700|[g:1][CONSENSUS]addRawPrepare,height=290,reqIdx=0,hash=fa701c51...,time=0
info|2025-10-10 04:29:45.275629|PBFT-1-0x00007f17719df700|[g:1][CONSENSUS][PBFT]checkTimeout Succ,view=15,toView=16,nodeIdx=3,changeCycle=1,myNode=87d00b98...,timecost=2
info|2025-10-10 04:29:45.289992|PBFT-1-0x00007f17719df700|[g:1][CONSENSUS][PBFT]checkAndChangeView: Reach consensus,org_view=15,cur_changeCycle=1,curView=15,view=16
info|2025-10-10 04:29:45.591910|P2P-0x00007f178c214700|[g:1] [SYNC][id:87d00b98...][Download][Request]Receive block request,peer=374bdfe9...,from=184,to=184
info|2025-10-10 04:29:45.592504|SyncSend-1-0x00007f177e1f8700|[g:1][SYNC][id:87d00b98...][Download][Request][BlockSync]Batch blocks for sending,blockSize=24480,number=184,peer=374bdfe9...,timeCost=0
info|2025-10-10 04:29:45.592674|SyncSend-1-0x00007f177e1f8700|[g:1][g:1] [SYNC][id:374bdfe9...][Download][Request][BlockSync]Send block packet,peer=374bdfe9...,blocks=1,bytes(V)=24487
info|2025-10-10 04:29:46.269187|io_service-0x00007f178ba13700|[P2P][Service] heartBeat,connected count=3
warning|2025-10-10 04:29:49.801585|PBFT-1-0x00007f17719df700|[g:1][CONSENSUS][PBFT]ViewChangeWarning: not caused by omit empty block ,v=16,toV=17,curNum=289,hash=1f5dc3d5...,nodeIdx=3,myNode=87d00b98...
info|2025-10-10 04:29:49.801991|PBFT-1-0x00007f17719df700|[g:1][CONSENSUS][PBFT]checkTimeout Succ,view=16,toView=17,nodeIdx=3,changeCycle=2,myNode=87d00b98...,timecost=6
info|2025-10-10 04:29:49.811816|PBFT-1-0x00007f17719df700|[g:1][CONSENSUS][PBFT]checkAndChangeView: Reach consensus,org_view=16,cur_changeCycle=2,curView=16,view=17
info|2025-10-10 04:29:50.816175|PBFT-1-0x00007f17719df700|[g:1][CONSENSUS]addRawPrepare,height=290,reqIdx=2,hash=3c9635a7...,time=0
info|2025-10-10 04:29:50.827281|PBFT-1-0x00007f17719df700|[g:1][CONSENSUS][PBFT]checkTimeout Succ,view=17,toView=18,nodeIdx=3,changeCycle=1,myNode=87d00b98...,timecost=11
info|2025-10-10 04:29:50.839230|PBFT-1-0x00007f17719df700|[g:1][CONSENSUS][PBFT]checkAndChangeView: Reach consensus,org_view=17,cur_changeCycle=1,curView=17,view=18
info|2025-10-10 04:29:51.838998|PBFTSeal-1-0x00007f176a1d0700|[g:1][CONSENSUS][SEALER]++++++++++++++++ Generating seal on,blkNum=290,tx=0,nodeIdx=3,hash=2fbf6282...
info|2025-10-10 04:29:51.849086|PBFT-1-0x00007f17719df700|[g:1][CONSENSUS][PBFT]checkTimeout Succ,view=18,toView=19,nodeIdx=3,changeCycle=1,myNode=87d00b98...,timecost=2
info|2025-10-10 04:29:51.859732|PBFT-1-0x00007f17719df700|[g:1][CONSENSUS][PBFT]checkAndChangeView: Reach consensus,org_view=18,cur_changeCycle=1,curView=18,view=19
info|2025-10-10 04:29:52.872173|PBFT-1-0x00007f17719df700|[g:1][CONSENSUS]addRawPrepare,height=290,reqIdx=0,hash=5ae0e2cf...,time=0
info|2025-10-10 04:29:52.878762|PBFT-1-0x00007f17719df700|[g:1][CONSENSUS][PBFT]checkTimeout Succ,view=19,toView=20,nodeIdx=3,changeCycle=1,myNode=87d00b98...,timecost=6
info|2025-10-10 04:29:52.889770|PBFT-1-0x00007f17719df700|[g:1][CONSENSUS][PBFT]checkAndChangeView: Reach consensus,org_view=19,cur_changeCycle=1,curView=19,view=20
info|2025-10-10 04:29:56.269336|io_service-0x00007f178ba13700|[P2P][Service] heartBeat,connected count=3
warning|2025-10-10 04:29:57.393065|PBFT-1-0x00007f17719df700|[g:1][CONSENSUS][PBFT]ViewChangeWarning: not caused by omit empty block ,v=20,toV=21,curNum=289,hash=1f5dc3d5...,nodeIdx=3,myNode=87d00b98...
info|2025-10-10 04:29:57.393804|PBFT-1-0x00007f17719df700|[g:1][CONSENSUS][PBFT]checkTimeout Succ,view=20,toView=21,nodeIdx=3,changeCycle=2,myNode=87d00b98...,timecost=3
info|2025-10-10 04:29:57.398699|PBFT-1-0x00007f17719df700|[g:1][CONSENSUS][PBFT]checkAndChangeView: Reach consensus,org_view=20,cur_changeCycle=2,curView=20,view=21
info|2025-10-10 04:29:58.404810|P2P-0x00007f178da17700|[g:1] [SYNC][id:87d00b98...][Download][Request]Receive block request,peer=374bdfe9...,from=184,to=184
info|2025-10-10 04:29:58.405399|SyncSend-1-0x00007f177e1f8700|[g:1][SYNC][id:87d00b98...][Download][Request][BlockSync]Batch blocks for sending,blockSize=24480,number=184,peer=374bdfe9...,timeCost=0
info|2025-10-10 04:29:58.405532|SyncSend-1-0x00007f177e1f8700|[g:1][g:1] [SYNC][id:374bdfe9...][Download][Request][BlockSync]Send block packet,peer=374bdfe9...,blocks=1,bytes(V)=24487
info|2025-10-10 04:29:58.408351|PBFT-1-0x00007f17719df700|[g:1][CONSENSUS]addRawPrepare,height=290,reqIdx=2,hash=4767a2fa...,time=0
info|2025-10-10 04:29:58.413358|PBFT-1-0x00007f17719df700|[g:1][CONSENSUS][PBFT]checkTimeout Succ,view=21,toView=22,nodeIdx=3,changeCycle=1,myNode=87d00b98...,timecost=2
info|2025-10-10 04:29:58.422023|PBFT-1-0x00007f17719df700|[g:1][CONSENSUS][PBFT]checkAndChangeView: Reach consensus,org_view=21,cur_changeCycle=1,curView=21,view=22
info|2025-10-10 04:29:59.422815|PBFTSeal-1-0x00007f176a1d0700|[g:1][CONSENSUS][SEALER]++++++++++++++++ Generating seal on,blkNum=290,tx=0,nodeIdx=3,hash=c70f5de6...
info|2025-10-10 04:29:59.429306|PBFT-1-0x00007f17719df700|[g:1][CONSENSUS][PBFT]checkTimeout Succ,view=22,toView=23,nodeIdx=3,changeCycle=1,myNode=87d00b98...,timecost=4
info|2025-10-10 04:29:59.436938|PBFT-1-0x00007f17719df700|[g:1][CONSENSUS][PBFT]checkAndChangeView: Reach consensus,org_view=22,cur_changeCycle=1,curView=22,view=23
info|2025-10-10 04:30:00.040245|Sync-1-0x00007f17731e2700|[g:1][SYNC][id:87d00b98...]print sync info,peersCount=3,infoJson={"blockNumber":289,"genesisHash":"f0d3e67991e2c3d83533c031601c30c4741aba35d7d8017900779abe4ae22efe","isSyncing":false,"knownHighestNumber":289,"knownLatestHash":"1f5dc3d5081e583a1d494a22125c01a3d44e0ef0027318df5231a97cd03b6b2f","latestHash":"1f5dc3d5081e583a1d494a22125c01a3d44e0ef0027318df5231a97cd03b6b2f","nodeId":"87d00b98321fc70a5abc85ad9e80db10cce315194133697bf74aace1d3f8430957a766240f751752708f4282f46110d6ea56c3eb5d1c02ce98a66f327f595270","peers":[{"blockNumber":289,"genesisHash":"f0d3e67991e2c3d83533c031601c30c4741aba35d7d8017900779abe4ae22efe","latestHash":"1f5dc3d5081e583a1d494a22125c01a3d44e0ef0027318df5231a97cd03b6b2f","nodeId":"064cb676a36047a4b52ecbf9c01664b1e987d91b438110ba6a12d96972726622e824d295b1de8b0298b5afe7bbbc0bd04a3890e1a36eae028c1cfbe07971b995"},{"blockNumber":183,"genesisHash":"f0d3e67991e2c3d83533c031601c30c4741aba35d7d8017900779abe4ae22efe","latestHash":"84b9e5d996bf7a5eb7a7af1e23a8308230a576a20d5c81a92b78a013e510177d","nodeId":"374bdfe969e1d8ea1200ade93e5d8cf1a7d5741f238011004b0f43ca818706f194b2f067e1708125f7ffc536610b9a72addbd56b238d65f18912be39037ffcc5"},{"blockNumber":289,"genesisHash":"f0d3e67991e2c3d83533c031601c30c4741aba35d7d8017900779abe4ae22efe","latestHash":"1f5dc3d5081e583a1d494a22125c01a3d44e0ef0027318df5231a97cd03b6b2f","nodeId":"73994dae9e8b8da733108a4153dfe79151d701dff425f84c87b5324e8ebd02ab6a0ebc9e4f1e0298a7ddca50f94a8f95c62b6997226d571e470e8f2b0600634a"}],"protocolId":65545,"txPoolSize":"0"}
info|2025-10-10 04:30:00.444755|PBFT-1-0x00007f17719df700|[g:1][CONSENSUS]addRawPrepare,height=290,reqIdx=0,hash=d4ff457e...,time=0
info|2025-10-10 04:30:00.446494|PBFT-1-0x00007f17719df700|[g:1][CONSENSUS][PBFT]checkTimeout Succ,view=23,toView=24,nodeIdx=3,changeCycle=1,myNode=87d00b98...,timecost=1
info|2025-10-10 04:30:00.455747|PBFT-1-0x00007f17719df700|[g:1][CONSENSUS][PBFT]checkAndChangeView: Reach consensus,org_view=23,cur_changeCycle=1,curView=23,view=24
warning|2025-10-10 04:30:04.957852|PBFT-1-0x00007f17719df700|[g:1][CONSENSUS][PBFT]ViewChangeWarning: not caused by omit empty block ,v=24,toV=25,curNum=289,hash=1f5dc3d5...,nodeIdx=3,myNode=87d00b98...
info|2025-10-10 04:30:04.958362|PBFT-1-0x00007f17719df700|[g:1][CONSENSUS][PBFT]checkTimeout Succ,view=24,toView=25,nodeIdx=3,changeCycle=2,myNode=87d00b98...,timecost=2
info|2025-10-10 04:30:04.972875|PBFT-1-0x00007f17719df700|[g:1][CONSENSUS][PBFT]checkAndChangeView: Reach consensus,org_view=24,cur_changeCycle=2,curView=24,view=25
info|2025-10-10 04:30:05.977764|PBFT-1-0x00007f17719df700|[g:1][CONSENSUS]addRawPrepare,height=290,reqIdx=2,hash=58d6a443...,time=0
info|2025-10-10 04:30:05.980709|PBFT-1-0x00007f17719df700|[g:1][CONSENSUS][PBFT]checkTimeout Succ,view=25,toView=26,nodeIdx=3,changeCycle=1,myNode=87d00b98...,timecost=1
info|2025-10-10 04:30:05.990153|PBFT-1-0x00007f17719df700|[g:1][CONSENSUS][PBFT]checkAndChangeView: Reach consensus,org_view=25,cur_changeCycle=1,curView=25,view=26
info|2025-10-10 04:30:06.269694|io_service-0x00007f178ba13700|[P2P][Service] heartBeat,connected count=3
info|2025-10-10 04:30:06.989997|PBFTSeal-1-0x00007f176a1d0700|[g:1][CONSENSUS][SEALER]++++++++++++++++ Generating seal on,blkNum=290,tx=0,nodeIdx=3,hash=10a21b90...
info|2025-10-10 04:30:06.999407|PBFT-1-0x00007f17719df700|[g:1][CONSENSUS][PBFT]checkTimeout Succ,view=26,toView=27,nodeIdx=3,changeCycle=1,myNode=87d00b98...,timecost=2
info|2025-10-10 04:30:07.004565|PBFT-1-0x00007f17719df700|[g:1][CONSENSUS][PBFT]checkAndChangeView: Reach consensus,org_view=26,cur_changeCycle=1,curView=26,view=27
info|2025-10-10 04:30:08.012625|PBFT-1-0x00007f17719df700|[g:1][CONSENSUS]addRawPrepare,height=290,reqIdx=0,hash=c6b5a9dd...,time=0
info|2025-10-10 04:30:08.016728|PBFT-1-0x00007f17719df700|[g:1][CONSENSUS][PBFT]checkTimeout Succ,view=27,toView=28,nodeIdx=3,changeCycle=1,myNode=87d00b98...,timecost=4
info|2025-10-10 04:30:08.020990|PBFT-1-0x00007f17719df700|[g:1][CONSENSUS][PBFT]checkAndChangeView: Reach consensus,org_view=27,cur_changeCycle=1,curView=27,view=28
warning|2025-10-10 04:30:12.525478|PBFT-1-0x00007f17719df700|[g:1][CONSENSUS][PBFT]ViewChangeWarning: not caused by omit empty block ,v=28,toV=29,curNum=289,hash=1f5dc3d5...,nodeIdx=3,myNode=87d00b98...
info|2025-10-10 04:30:12.528101|PBFT-1-0x00007f17719df700|[g:1][CONSENSUS][PBFT]checkTimeout Succ,view=28,toView=29,nodeIdx=3,changeCycle=2,myNode=87d00b98...,timecost=5
info|2025-10-10 04:30:12.536798|PBFT-1-0x00007f17719df700|[g:1][CONSENSUS][PBFT]checkAndChangeView: Reach consensus,org_view=28,cur_changeCycle=2,curView=28,view=29
info|2025-10-10 04:30:13.565834|PBFT-1-0x00007f17719df700|[g:1][CONSENSUS]addRawPrepare,height=290,reqIdx=2,hash=c16b611e...,time=0
info|2025-10-10 04:30:13.587212|PBFT-1-0x00007f17719df700|[g:1][CONSENSUS][PBFT]checkTimeout Succ,view=29,toView=30,nodeIdx=3,changeCycle=1,myNode=87d00b98...,timecost=22
info|2025-10-10 04:30:13.624887|PBFT-1-0x00007f17719df700|[g:1][CONSENSUS][PBFT]checkAndChangeView: Reach consensus,org_view=29,cur_changeCycle=1,curView=29,view=30
info|2025-10-10 04:30:14.625485|PBFTSeal-1-0x00007f176a1d0700|[g:1][CONSENSUS][SEALER]++++++++++++++++ Generating seal on,blkNum=290,tx=0,nodeIdx=3,hash=1cc52964...
info|2025-10-10 04:30:14.634942|PBFT-1-0x00007f17719df700|[g:1][CONSENSUS][PBFT]checkTimeout Succ,view=30,toView=31,nodeIdx=3,changeCycle=1,myNode=87d00b98...,timecost=1
info|2025-10-10 04:30:14.648975|PBFT-1-0x00007f17719df700|[g:1][CONSENSUS][PBFT]checkAndChangeView: Reach consensus,org_view=30,cur_changeCycle=1,curView=30,view=31
info|2025-10-10 04:30:15.659987|PBFT-1-0x00007f17719df700|[g:1][CONSENSUS]addRawPrepare,height=290,reqIdx=0,hash=52afc6d2...,time=1
info|2025-10-10 04:30:15.662064|PBFT-1-0x00007f17719df700|[g:1][CONSENSUS][PBFT]checkTimeout Succ,view=31,toView=32,nodeIdx=3,changeCycle=1,myNode=87d00b98...,timecost=2
info|2025-10-10 04:30:15.674669|PBFT-1-0x00007f17719df700|[g:1][CONSENSUS][PBFT]checkAndChangeView: Reach consensus,org_view=31,cur_changeCycle=1,curView=31,view=32
info|2025-10-10 04:30:16.269887|io_service-0x00007f178ba13700|[P2P][Service] heartBeat,connected count=3
info|2025-10-10 04:30:17.817065|P2P-0x00007f178d216700|[g:1] [SYNC][id:87d00b98...][Download][Request]Receive block request,peer=374bdfe9...,from=184,to=184
info|2025-10-10 04:30:17.817699|SyncSend-1-0x00007f177e1f8700|[g:1][SYNC][id:87d00b98...][Download][Request][BlockSync]Batch blocks for sending,blockSize=24480,number=184,peer=374bdfe9...,timeCost=0
info|2025-10-10 04:30:17.817778|SyncSend-1-0x00007f177e1f8700|[g:1][g:1] [SYNC][id:374bdfe9...][Download][Request][BlockSync]Send block packet,peer=374bdfe9...,blocks=1,bytes(V)=24487
warning|2025-10-10 04:30:20.180452|PBFT-1-0x00007f17719df700|[g:1][CONSENSUS][PBFT]ViewChangeWarning: not caused by omit empty block ,v=32,toV=33,curNum=289,hash=1f5dc3d5...,nodeIdx=3,myNode=87d00b98...
info|2025-10-10 04:30:20.181474|PBFT-1-0x00007f17719df700|[g:1][CONSENSUS][PBFT]checkTimeout Succ,view=32,toView=33,nodeIdx=3,changeCycle=2,myNode=87d00b98...,timecost=5
info|2025-10-10 04:30:20.189202|PBFT-1-0x00007f17719df700|[g:1][CONSENSUS][PBFT]checkAndChangeView: Reach consensus,org_view=32,cur_changeCycle=2,curView=32,view=33
info|2025-10-10 04:30:21.206491|PBFT-1-0x00007f17719df700|[g:1][CONSENSUS]addRawPrepare,height=290,reqIdx=2,hash=41ef7f43...,time=0
info|2025-10-10 04:30:21.209012|PBFT-1-0x00007f17719df700|[g:1][CONSENSUS][PBFT]checkTimeout Succ,view=33,toView=34,nodeIdx=3,changeCycle=1,myNode=87d00b98...,timecost=3
info|2025-10-10 04:30:21.242422|PBFT-1-0x00007f17719df700|[g:1][CONSENSUS][PBFT]checkAndChangeView: Reach consensus,org_view=33,cur_changeCycle=1,curView=33,view=34
info|2025-10-10 04:30:22.243840|PBFTSeal-1-0x00007f176a1d0700|[g:1][CONSENSUS][SEALER]++++++++++++++++ Generating seal on,blkNum=290,tx=0,nodeIdx=3,hash=8500fa6c...
info|2025-10-10 04:30:22.255843|PBFT-1-0x00007f17719df700|[g:1][CONSENSUS][PBFT]checkTimeout Succ,view=34,toView=35,nodeIdx=3,changeCycle=1,myNode=87d00b98...,timecost=1
info|2025-10-10 04:30:22.264652|PBFT-1-0x00007f17719df700|[g:1][CONSENSUS][PBFT]checkAndChangeView: Reach consensus,org_view=34,cur_changeCycle=1,curView=34,view=35
info|2025-10-10 04:30:23.277755|PBFT-1-0x00007f17719df700|[g:1][CONSENSUS]addRawPrepare,height=290,reqIdx=0,hash=92b1b830...,time=0
info|2025-10-10 04:30:23.306250|PBFT-1-0x00007f17719df700|[g:1][CONSENSUS][PBFT]checkTimeout Succ,view=35,toView=36,nodeIdx=3,changeCycle=1,myNode=87d00b98...,timecost=19
info|2025-10-10 04:30:23.320820|PBFT-1-0x00007f17719df700|[g:1][CONSENSUS][PBFT]checkAndChangeView: Reach consensus,org_view=35,cur_changeCycle=1,curView=35,view=36
info|2025-10-10 04:30:26.270138|io_service-0x00007f178ba13700|[P2P][Service] heartBeat,connected count=3
warning|2025-10-10 04:30:27.830747|PBFT-1-0x00007f17719df700|[g:1][CONSENSUS][PBFT]ViewChangeWarning: not caused by omit empty block ,v=36,toV=37,curNum=289,hash=1f5dc3d5...,nodeIdx=3,myNode=87d00b98...
info|2025-10-10 04:30:27.835204|PBFT-1-0x00007f17719df700|[g:1][CONSENSUS][PBFT]checkTimeout Succ,view=36,toView=37,nodeIdx=3,changeCycle=2,myNode=87d00b98...,timecost=6
info|2025-10-10 04:30:27.839769|PBFT-1-0x00007f17719df700|[g:1][CONSENSUS][PBFT]checkAndChangeView: Reach consensus,org_view=36,cur_changeCycle=2,curView=36,view=37
info|2025-10-10 04:30:28.346192|PBFTWork-1-0x00007f17781ec700|[g:1][CONSENSUS][PartiallyPBFTReqCache]addPartiallyRawPrepare,height=290,reqIdx=2,hash=170f1936...
info|2025-10-10 04:30:28.347264|PBFTWork-1-0x00007f17781ec700|[g:1][BLOCKVERIFIER][executeBlock]Executing block,txNum=1,num=290,parentHash=1f5dc3d5081e583a1d494a22125c01a3d44e0ef0027318df5231a97cd03b6b2f,parentNum=289,parentStateRoot=1b7819584082f816b9068f10687d222f889c83ca184b4451628030d7cfd0bb94
info|2025-10-10 04:30:28.347936|PBFTWork-1-0x00007f17781ec700|[g:1][PRECOMPILED]init GasChargeManagePrecompiled
info|2025-10-10 04:30:28.351173|PBFTWork-1-0x00007f17781ec700|[g:1][STORAGE][MemoryTableFactory2]createTable,table name=c_9c2ca918ec948bec8776f512491d356209d23eae,keyField=key,valueField=value
info|2025-10-10 04:30:28.355917|PBFTWork-1-0x00007f17781ec700|[g:1][CONSENSUS][PBFT]execBlock,blkNum=290,reqIdx=2,hash=3304936b...,nodeIdx=3,myNode=87d00b98...,decodeCost=0,checkCost=0,notifyCost=0,noteSealingCost=1,currentCycle=2,verifyAndSetSenderCost=0,execCost=8,execPerTx=8,totalCost=9
info|2025-10-10 04:30:28.364554|PBFTWork-1-0x00007f17781ec700|[g:1][CONSENSUS][PBFT]handlePrepareMsg Succ,timecost=7,INFO=handlePartiallyPrepare,reqIdx=2,view=37,reqNum=290,curNum=289,consNum=290,hash=170f1936...,nodeIdx=3,myNode=87d00b98...,curChangeCycle=2
info|2025-10-10 04:30:28.366868|PBFT-1-0x00007f17719df700|[g:1][CONSENSUS][PBFT]handleSignMsg Succ,Timecost=2,INFO=handleSignMsg,num=290,curNum=289,GenIdx=0,Sview=37,view=37,fromIdx=0,fromNode=064cb676...,fromIp=127.0.0.1:49364,hash=3304936b...,nodeIdx=3,myNode=87d00b98...
info|2025-10-10 04:30:28.377917|PBFT-1-0x00007f17719df700|[g:1][CONSENSUS][PBFT]checkAndCommit: backup/updateCommittedPrepare,reqNum=290,hash=170f1936...,nodeIdx=3,myNode=87d00b98...
info|2025-10-10 04:30:28.382904|PBFT-1-0x00007f17719df700|[g:1][CONSENSUS][PBFT]handleSignMsg Succ,Timecost=7,INFO=handleSignMsg,num=290,curNum=289,GenIdx=2,Sview=37,view=37,fromIdx=2,fromNode=73994dae...,fromIp=127.0.0.1:30300,hash=3304936b...,nodeIdx=3,myNode=87d00b98...
info|2025-10-10 04:30:28.384817|PBFT-1-0x00007f17719df700|[g:1][CONSENSUS][PBFT]handleCommitMsg Succ,INFO=handleCommitMsg,reqNum=290,curNum=289,GenIdx=2,Cview=37,view=37,fromIdx=2,fromNode=73994dae...,fromIp=127.0.0.1:30300,hash=3304936b...,nodeIdx=3,myNode=87d00b98...,Timecost=1
info|2025-10-10 04:30:28.388861|PBFT-1-0x00007f17719df700|[g:1][CONSENSUS][PBFT]checkAndSave: CommitReq enough,prepareHeight=290,commitSize=3,hash=3304936b...,nodeIdx=3,myNode=87d00b98...
info|2025-10-10 04:30:28.392019|PBFT-1-0x00007f17719df700|[g:1][g:1][STORAGE][CachedStorage]commit: 9 num: 290
info|2025-10-10 04:30:28.398103|taskPool-1-0x00007f177a9f1700|[g:1][g:1][STORAGE][CachedStorage]Start commit block: 290 to backend storage
info|2025-10-10 04:30:28.399239|taskPool-1-0x00007f177a9f1700|[g:1][g:1][STORAGE][CachedStorage]
---------------------------------------------------------------------
Commit block: 290 to backend storage finished, current cached block: 290
Flush elapsed time: 0.0011s
---------------------------------------------------------------------
info|2025-10-10 04:30:28.399358|PBFT-1-0x00007f17719df700|[g:1][g:1][STORAGE][CachedStorage]Submited block task: 290, current syncd block: 290
info|2025-10-10 04:30:28.399482|PBFT-1-0x00007f17719df700|[g:1]Push block notify: 1-290
info|2025-10-10 04:30:28.399716|PBFT-1-0x00007f17719df700|[g:1][CONSENSUS][PBFT]CommitBlock Succ,prepareHeight=290,reqIdx=2,hash=3304936b...,nodeIdx=3,myNode=87d00b98...,genSigTimeCost=0,commitBlockTimeCost=11,dropTxsTimeCost=0,noteSealingTimeCost=0,totalTimeCost=11
info|2025-10-10 04:30:28.399803|PBFT-1-0x00007f17719df700|[g:1][CONSENSUS][PBFT]handleCommitMsg Succ,INFO=handleCommitMsg,reqNum=290,curNum=289,GenIdx=0,Cview=37,view=37,fromIdx=0,fromNode=064cb676...,fromIp=127.0.0.1:49364,hash=3304936b...,nodeIdx=3,myNode=87d00b98...,Timecost=12
info|2025-10-10 04:30:28.400483|PBFTSeal-1-0x00007f176a1d0700|[g:1][CONSENSUS][SEALER]increase maxNoTimeoutTx,maxNoTimeoutTx=1
info|2025-10-10 04:30:28.400583|PBFTSeal-1-0x00007f176a1d0700|[g:1][CONSENSUS][PBFT]^^^^^^^^Report,num=290,sealerIdx=2,hash=3304936b...,next=291,tx=1,nodeIdx=3
info|2025-10-10 04:30:29.413059|PBFT-1-0x00007f17719df700|[g:1][CONSENSUS]addRawPrepare,height=291,reqIdx=2,hash=801253e4...,time=0
info|2025-10-10 04:30:29.414591|PBFT-1-0x00007f17719df700|[g:1][CONSENSUS][PBFT]checkTimeout Succ,view=0,toView=1,nodeIdx=3,changeCycle=1,myNode=87d00b98...,timecost=1
info|2025-10-10 04:30:29.424298|PBFT-1-0x00007f17719df700|[g:1][CONSENSUS][PBFT]checkAndChangeView: Reach consensus,org_view=0,cur_changeCycle=1,curView=0,view=1
info|2025-10-10 04:30:30.424389|PBFTSeal-1-0x00007f176a1d0700|[g:1][CONSENSUS][SEALER]++++++++++++++++ Generating seal on,blkNum=291,tx=0,nodeIdx=3,hash=5805d578...
info|2025-10-10 04:30:30.428844|PBFT-1-0x00007f17719df700|[g:1][CONSENSUS][PBFT]checkTimeout Succ,view=1,toView=2,nodeIdx=3,changeCycle=1,myNode=87d00b98...,timecost=1
info|2025-10-10 04:30:30.443208|PBFT-1-0x00007f17719df700|[g:1][CONSENSUS][PBFT]checkAndChangeView: Reach consensus,org_view=1,cur_changeCycle=1,curView=1,view=2
info|2025-10-10 04:30:31.455604|PBFT-1-0x00007f17719df700|[g:1][CONSENSUS]addRawPrepare,height=291,reqIdx=0,hash=f3b28a44...,time=0
info|2025-10-10 04:30:31.459300|PBFT-1-0x00007f17719df700|[g:1][CONSENSUS][PBFT]checkTimeout Succ,view=2,toView=3,nodeIdx=3,changeCycle=1,myNode=87d00b98...,timecost=4
info|2025-10-10 04:30:31.469075|PBFT-1-0x00007f17719df700|[g:1][CONSENSUS][PBFT]checkAndChangeView: Reach consensus,org_view=2,cur_changeCycle=1,curView=2,view=3
warning|2025-10-10 04:30:35.975520|PBFT-1-0x00007f17719df700|[g:1][CONSENSUS][PBFT]ViewChangeWarning: not caused by omit empty block ,v=3,toV=4,curNum=290,hash=3304936b...,nodeIdx=3,myNode=87d00b98...
info|2025-10-10 04:30:35.980650|PBFT-1-0x00007f17719df700|[g:1][CONSENSUS][PBFT]checkTimeout Succ,view=3,toView=4,nodeIdx=3,changeCycle=2,myNode=87d00b98...,timecost=7
info|2025-10-10 04:30:35.984844|PBFT-1-0x00007f17719df700|[g:1][CONSENSUS][PBFT]checkAndChangeView: Reach consensus,org_view=3,cur_changeCycle=2,curView=3,view=4
info|2025-10-10 04:30:36.271173|io_service-0x00007f178ba13700|[P2P][Service] heartBeat,connected count=3
info|2025-10-10 04:30:36.992453|PBFT-1-0x00007f17719df700|[g:1][CONSENSUS]addRawPrepare,height=291,reqIdx=2,hash=821bf5a6...,time=0
info|2025-10-10 04:30:36.997845|PBFT-1-0x00007f17719df700|[g:1][CONSENSUS][PBFT]checkTimeout Succ,view=4,toView=5,nodeIdx=3,changeCycle=1,myNode=87d00b98...,timecost=5
info|2025-10-10 04:30:37.004724|PBFT-1-0x00007f17719df700|[g:1][CONSENSUS][PBFT]checkAndChangeView: Reach consensus,org_view=4,cur_changeCycle=1,curView=4,view=5
info|2025-10-10 04:30:37.768455|PBFTSeal-1-0x00007f176a1d0700|[g:1][CONSENSUS][SEALER]++++++++++++++++ Generating seal on,blkNum=291,tx=1,nodeIdx=3,hash=51384648...
info|2025-10-10 04:30:37.776342|sealerWorker-0x00007f17799ef700|[CONSENSUS]addRawPrepare,height=291,reqIdx=3,hash=51384648...,time=0
info|2025-10-10 04:30:37.776603|sealerWorker-0x00007f17799ef700|[BLOCKVERIFIER][executeBlock]Executing block,txNum=1,num=291,parentHash=3304936b58cfd1ceea83648f14e61a7e68664cb843576496ac1661a710f37761,parentNum=290,parentStateRoot=bf1b90168bd7bad499c4c42bbd73ce8d54b11f0b34a634d4f98f00463bc43885
info|2025-10-10 04:30:37.776810|sealerWorker-0x00007f17799ef700|[PRECOMPILED]init GasChargeManagePrecompiled
info|2025-10-10 04:30:37.790304|PBFTWork-1-0x00007f176b1d2700|[PRECOMPILED][TimerPrecompiled]getCurrentTimeMillis,timeMillis=1760095837790
info|2025-10-10 04:30:37.792847|PBFTWork-1-0x00007f176b1d2700|[PRECOMPILED][TimerPrecompiled]getCurrentTimeMillis,timeMillis=1760095837792
info|2025-10-10 04:30:37.801453|sealerWorker-0x00007f17799ef700|[CONSENSUS][PBFT]execBlock,blkNum=291,reqIdx=3,hash=3a117bbd...,nodeIdx=3,myNode=87d00b98...,decodeCost=0,checkCost=0,notifyCost=0,noteSealingCost=0,currentCycle=1,verifyAndSetSenderCost=0,execCost=25,execPerTx=25,totalCost=25
info|2025-10-10 04:30:37.804928|sealerWorker-0x00007f17799ef700|[CONSENSUS][PBFT]handlePrepareMsg Succ,timecost=3,INFO=handlePrepareMsg,reqIdx=3,view=5,reqNum=291,curNum=290,consNum=291,curView=5,fromIp=self,hash=51384648...,nodeIdx=3,myNode=87d00b98...,curChangeCycle=1
info|2025-10-10 04:30:37.804987|sealerWorker-0x00007f17799ef700|[CONSENSUS][PBFT]generateLocalPrepare,hash=51384648...,H=291,nodeIdx=3,myNode=87d00b98...
info|2025-10-10 04:30:37.817922|PBFT-1-0x00007f17719df700|[g:1][CONSENSUS][PBFT]checkReq: Recv future request,prepHash=3a117bbd...,INFO=handleSignMsg,num=291,curNum=290,GenIdx=2,Sview=5,view=5,fromIdx=2,fromNode=73994dae...,fromIp=127.0.0.1:30300,hash=cbe240c8...,nodeIdx=3,myNode=87d00b98...
info|2025-10-10 04:30:37.817954|PBFT-1-0x00007f17719df700|[g:1][CONSENSUS][PBFT]FutureBlock,INFO=handleSignMsg,num=291,curNum=290,GenIdx=2,Sview=5,view=5,fromIdx=2,fromNode=73994dae...,fromIp=127.0.0.1:30300,hash=cbe240c8...,nodeIdx=3,myNode=87d00b98...
info|2025-10-10 04:30:37.823360|PBFT-1-0x00007f17719df700|[g:1][CONSENSUS][PBFT]checkReq: Recv future request,prepHash=3a117bbd...,INFO=handleSignMsg,num=291,curNum=290,GenIdx=0,Sview=5,view=5,fromIdx=0,fromNode=064cb676...,fromIp=127.0.0.1:49364,hash=89612f77...,nodeIdx=3,myNode=87d00b98...
info|2025-10-10 04:30:37.823385|PBFT-1-0x00007f17719df700|[g:1][CONSENSUS][PBFT]FutureBlock,INFO=handleSignMsg,num=291,curNum=290,GenIdx=0,Sview=5,view=5,fromIdx=0,fromNode=064cb676...,fromIp=127.0.0.1:49364,hash=89612f77...,nodeIdx=3,myNode=87d00b98...
info|2025-10-10 04:30:42.311834|PBFT-1-0x00007f17719df700|[g:1][CONSENSUS][SEALER]decrease maxBlockCanSeal to half for PBFT timeout,org_maxBlockCanSeal=1000,halfed_maxBlockCanSeal=500,timeoutCount=1,lastTimeoutTx=1
warning|2025-10-10 04:30:42.313923|PBFT-1-0x00007f17719df700|[g:1][CONSENSUS][PBFT]ViewChangeWarning: not caused by omit empty block ,v=5,toV=6,curNum=290,hash=3304936b...,nodeIdx=3,myNode=87d00b98...
info|2025-10-10 04:30:42.314448|PBFT-1-0x00007f17719df700|[g:1][CONSENSUS][PBFT]checkTimeout Succ,view=5,toView=6,nodeIdx=3,changeCycle=2,myNode=87d00b98...,timecost=3
info|2025-10-10 04:30:42.328037|PBFT-1-0x00007f17719df700|[g:1][CONSENSUS][PBFT]checkAndChangeView: Reach consensus,org_view=5,cur_changeCycle=2,curView=5,view=6
info|2025-10-10 04:30:42.834045|PBFTWork-1-0x00007f17781ec700|[g:1][CONSENSUS][PartiallyPBFTReqCache]addPartiallyRawPrepare,height=291,reqIdx=0,hash=edb915cb...
info|2025-10-10 04:30:42.834251|PBFTWork-1-0x00007f17781ec700|[g:1][CONSENSUS][PBFT]I am the next leader = 3, filter trans size = 1, total trans = 1
info|2025-10-10 04:30:42.834358|PBFTWork-1-0x00007f17781ec700|[g:1][BLOCKVERIFIER][executeBlock]Executing block,txNum=1,num=291,parentHash=3304936b58cfd1ceea83648f14e61a7e68664cb843576496ac1661a710f37761,parentNum=290,parentStateRoot=bf1b90168bd7bad499c4c42bbd73ce8d54b11f0b34a634d4f98f00463bc43885
info|2025-10-10 04:30:42.834515|PBFTWork-1-0x00007f17781ec700|[g:1][PRECOMPILED]init GasChargeManagePrecompiled
info|2025-10-10 04:30:42.859711|PBFTWork-1-0x00007f17781ec700|[g:1][PRECOMPILED][TimerPrecompiled]getCurrentTimeMillis,timeMillis=1760095842859
info|2025-10-10 04:30:42.862972|PBFTWork-1-0x00007f17781ec700|[g:1][PRECOMPILED][TimerPrecompiled]getCurrentTimeMillis,timeMillis=1760095842862
info|2025-10-10 04:30:42.867768|PBFTWork-1-0x00007f17781ec700|[g:1][CONSENSUS][PBFT]execBlock,blkNum=291,reqIdx=0,hash=868f6aae...,nodeIdx=3,myNode=87d00b98...,decodeCost=0,checkCost=0,notifyCost=0,noteSealingCost=0,currentCycle=2,verifyAndSetSenderCost=0,execCost=33,execPerTx=33,totalCost=33
info|2025-10-10 04:30:42.871101|PBFTWork-1-0x00007f17781ec700|[g:1][CONSENSUS][PBFT]handlePrepareMsg Succ,timecost=4,INFO=handlePartiallyPrepare,reqIdx=0,view=6,reqNum=291,curNum=290,consNum=291,hash=edb915cb...,nodeIdx=3,myNode=87d00b98...,curChangeCycle=2
info|2025-10-10 04:30:42.873175|PBFT-1-0x00007f17719df700|[g:1][CONSENSUS][PBFT]handleSignMsg Succ,Timecost=2,INFO=handleSignMsg,num=291,curNum=290,GenIdx=2,Sview=6,view=6,fromIdx=2,fromNode=73994dae...,fromIp=127.0.0.1:30300,hash=868f6aae...,nodeIdx=3,myNode=87d00b98...
info|2025-10-10 04:30:42.873306|PBFT-1-0x00007f17719df700|[g:1][CONSENSUS][PBFT]checkReq: Recv future request,prepHash=868f6aae...,INFO=handleSignMsg,num=291,curNum=290,GenIdx=0,Sview=6,view=6,fromIdx=0,fromNode=064cb676...,fromIp=127.0.0.1:49364,hash=b19547d8...,nodeIdx=3,myNode=87d00b98...
info|2025-10-10 04:30:42.873324|PBFT-1-0x00007f17719df700|[g:1][CONSENSUS][PBFT]FutureBlock,INFO=handleSignMsg,num=291,curNum=290,GenIdx=0,Sview=6,view=6,fromIdx=0,fromNode=064cb676...,fromIp=127.0.0.1:49364,hash=b19547d8...,nodeIdx=3,myNode=87d00b98...
info|2025-10-10 04:30:43.437899|P2P-0x00007f178d216700|[g:1] [SYNC][id:87d00b98...][Download][Request]Receive block request,peer=374bdfe9...,from=184,to=184
info|2025-10-10 04:30:43.438330|SyncSend-1-0x00007f177e1f8700|[g:1][SYNC][id:87d00b98...][Download][Request][BlockSync]Batch blocks for sending,blockSize=24480,number=184,peer=374bdfe9...,timeCost=0
info|2025-10-10 04:30:43.438431|SyncSend-1-0x00007f177e1f8700|[g:1][g:1] [SYNC][id:374bdfe9...][Download][Request][BlockSync]Send block packet,peer=374bdfe9...,blocks=1,bytes(V)=24487
info|2025-10-10 04:30:46.271521|io_service-0x00007f178ba13700|[P2P][Service] heartBeat,connected count=3
info|2025-10-10 04:30:49.618242|PBFT-1-0x00007f17719df700|[g:1][CONSENSUS][PBFT]Trigger fast-viewchange,view=6,toView=6,minView=7,INFO=,reqNum=290,curNum=290,GenIdx=0,Cview=7,view=6,fromIdx=0,fromNode=064cb676...,fromIp=127.0.0.1:49364,hash=3304936b...,nodeIdx=3,myNode=87d00b98...
info|2025-10-10 04:30:49.620575|PBFT-1-0x00007f17719df700|[g:1][CONSENSUS][PBFT]checkAndChangeView: Reach consensus,org_view=6,cur_changeCycle=3,curView=6,view=7
info|2025-10-10 04:30:49.624668|PBFT-1-0x00007f17719df700|[g:1][CONSENSUS][PBFT]checkTimeout Succ,view=7,toView=7,nodeIdx=3,changeCycle=3,myNode=87d00b98...,timecost=6
info|2025-10-10 04:30:56.272854|io_service-0x00007f178ba13700|[P2P][Service] heartBeat,connected count=3
warning|2025-10-10 04:30:59.756325|PBFT-1-0x00007f17719df700|[g:1][CONSENSUS][PBFT]ViewChangeWarning: not caused by omit empty block ,v=7,toV=8,curNum=290,hash=3304936b...,nodeIdx=3,myNode=87d00b98...
info|2025-10-10 04:30:59.758911|PBFT-1-0x00007f17719df700|[g:1][CONSENSUS][PBFT]checkTimeout Succ,view=7,toView=8,nodeIdx=3,changeCycle=4,myNode=87d00b98...,timecost=5
info|2025-10-10 04:30:59.766051|PBFT-1-0x00007f17719df700|[g:1][CONSENSUS][PBFT]checkAndChangeView: Reach consensus,org_view=7,cur_changeCycle=4,curView=7,view=8
info|2025-10-10 04:31:00.292811|PBFTWork-1-0x00007f17781ec700|[g:1][CONSENSUS][PartiallyPBFTReqCache]addPartiallyRawPrepare,height=291,reqIdx=2,hash=c98aafb3...
info|2025-10-10 04:31:00.293143|PBFTWork-1-0x00007f17781ec700|[g:1][CONSENSUS][PBFT]I am the next leader = 3, filter trans size = 1, total trans = 1
info|2025-10-10 04:31:00.293277|PBFTWork-1-0x00007f17781ec700|[g:1][BLOCKVERIFIER][executeBlock]Executing block,txNum=1,num=291,parentHash=3304936b58cfd1ceea83648f14e61a7e68664cb843576496ac1661a710f37761,parentNum=290,parentStateRoot=bf1b90168bd7bad499c4c42bbd73ce8d54b11f0b34a634d4f98f00463bc43885
info|2025-10-10 04:31:00.293726|PBFTWork-1-0x00007f17781ec700|[g:1][PRECOMPILED]init GasChargeManagePrecompiled
info|2025-10-10 04:31:00.311535|PBFTWork-1-0x00007f17781ec700|[g:1][PRECOMPILED][TimerPrecompiled]getCurrentTimeMillis,timeMillis=1760095860311
info|2025-10-10 04:31:00.317073|PBFTWork-1-0x00007f17781ec700|[g:1][PRECOMPILED][TimerPrecompiled]getCurrentTimeMillis,timeMillis=1760095860317
info|2025-10-10 04:31:00.318533|PBFTWork-1-0x00007f17781ec700|[g:1][CONSENSUS][PBFT]execBlock,blkNum=291,reqIdx=2,hash=f4ed1656...,nodeIdx=3,myNode=87d00b98...,decodeCost=0,checkCost=1,notifyCost=0,noteSealingCost=0,currentCycle=4,verifyAndSetSenderCost=0,execCost=25,execPerTx=25,totalCost=26
info|2025-10-10 04:31:00.323588|PBFTWork-1-0x00007f17781ec700|[g:1][CONSENSUS][PBFT]handlePrepareMsg Succ,timecost=5,INFO=handlePartiallyPrepare,reqIdx=2,view=8,reqNum=291,curNum=290,consNum=291,hash=c98aafb3...,nodeIdx=3,myNode=87d00b98...,curChangeCycle=4
info|2025-10-10 04:31:00.324065|PBFT-1-0x00007f17719df700|[g:1][CONSENSUS][PBFT]checkReq: Recv future request,prepHash=f4ed1656...,INFO=handleSignMsg,num=291,curNum=290,GenIdx=2,Sview=8,view=8,fromIdx=2,fromNode=73994dae...,fromIp=127.0.0.1:30300,hash=5fe3aea7...,nodeIdx=3,myNode=87d00b98...
info|2025-10-10 04:31:00.324084|PBFT-1-0x00007f17719df700|[g:1][CONSENSUS][PBFT]FutureBlock,INFO=handleSignMsg,num=291,curNum=290,GenIdx=2,Sview=8,view=8,fromIdx=2,fromNode=73994dae...,fromIp=127.0.0.1:30300,hash=5fe3aea7...,nodeIdx=3,myNode=87d00b98...
info|2025-10-10 04:31:00.326768|PBFT-1-0x00007f17719df700|[g:1][CONSENSUS][PBFT]handleSignMsg Succ,Timecost=1,INFO=handleSignMsg,num=291,curNum=290,GenIdx=0,Sview=8,view=8,fromIdx=0,fromNode=064cb676...,fromIp=127.0.0.1:49364,hash=f4ed1656...,nodeIdx=3,myNode=87d00b98...
info|2025-10-10 04:31:06.273343|io_service-0x00007f178ba13700|[P2P][Service] heartBeat,connected count=3
info|2025-10-10 04:31:15.512426|PBFT-1-0x00007f17719df700|[g:1][CONSENSUS][SEALER]decrease maxBlockCanSeal to half for PBFT timeout,org_maxBlockCanSeal=500,halfed_maxBlockCanSeal=250,timeoutCount=2,lastTimeoutTx=1
warning|2025-10-10 04:31:15.521778|PBFT-1-0x00007f17719df700|[g:1][CONSENSUS][PBFT]ViewChangeWarning: not caused by omit empty block ,v=8,toV=9,curNum=290,hash=3304936b...,nodeIdx=3,myNode=87d00b98...
info|2025-10-10 04:31:15.523499|PBFT-1-0x00007f17719df700|[g:1][CONSENSUS][PBFT]checkTimeout Succ,view=8,toView=9,nodeIdx=3,changeCycle=5,myNode=87d00b98...,timecost=11
info|2025-10-10 04:31:15.526172|PBFT-1-0x00007f17719df700|[g:1][CONSENSUS][PBFT]checkAndChangeView: Reach consensus,org_view=8,cur_changeCycle=5,curView=8,view=9
info|2025-10-10 04:31:16.026432|PBFTSeal-1-0x00007f176a1d0700|[g:1][CONSENSUS][SEALER]++++++++++++++++ Generating seal on,blkNum=291,tx=1,nodeIdx=3,hash=e02e78f6...
info|2025-10-10 04:31:16.049682|sealerWorker-0x00007f17799ef700|[CONSENSUS]addRawPrepare,height=291,reqIdx=3,hash=e02e78f6...,time=0
info|2025-10-10 04:31:16.052538|sealerWorker-0x00007f17799ef700|[BLOCKVERIFIER][executeBlock]Executing block,txNum=1,num=291,parentHash=3304936b58cfd1ceea83648f14e61a7e68664cb843576496ac1661a710f37761,parentNum=290,parentStateRoot=bf1b90168bd7bad499c4c42bbd73ce8d54b11f0b34a634d4f98f00463bc43885
info|2025-10-10 04:31:16.052855|sealerWorker-0x00007f17799ef700|[PRECOMPILED]init GasChargeManagePrecompiled
info|2025-10-10 04:31:16.074016|PBFTWork-1-0x00007f176b1d2700|[PRECOMPILED][TimerPrecompiled]getCurrentTimeMillis,timeMillis=1760095876073
info|2025-10-10 04:31:16.076299|PBFTWork-1-0x00007f176b1d2700|[PRECOMPILED][TimerPrecompiled]getCurrentTimeMillis,timeMillis=1760095876076
info|2025-10-10 04:31:16.076561|sealerWorker-0x00007f17799ef700|[CONSENSUS][PBFT]execBlock,blkNum=291,reqIdx=3,hash=5c83da48...,nodeIdx=3,myNode=87d00b98...,decodeCost=0,checkCost=0,notifyCost=0,noteSealingCost=0,currentCycle=5,verifyAndSetSenderCost=0,execCost=24,execPerTx=24,totalCost=24
info|2025-10-10 04:31:16.081970|sealerWorker-0x00007f17799ef700|[CONSENSUS][PBFT]handlePrepareMsg Succ,timecost=5,INFO=handlePrepareMsg,reqIdx=3,view=9,reqNum=291,curNum=290,consNum=291,curView=9,fromIp=self,hash=e02e78f6...,nodeIdx=3,myNode=87d00b98...,curChangeCycle=5
info|2025-10-10 04:31:16.082141|sealerWorker-0x00007f17799ef700|[CONSENSUS][PBFT]generateLocalPrepare,hash=e02e78f6...,H=291,nodeIdx=3,myNode=87d00b98...
info|2025-10-10 04:31:16.082249|PBFT-1-0x00007f17719df700|[g:1][CONSENSUS][PBFT]checkReq: Recv future request,prepHash=5c83da48...,INFO=handleSignMsg,num=291,curNum=290,GenIdx=0,Sview=9,view=9,fromIdx=0,fromNode=064cb676...,fromIp=127.0.0.1:49364,hash=48466c00...,nodeIdx=3,myNode=87d00b98...
info|2025-10-10 04:31:16.082267|PBFT-1-0x00007f17719df700|[g:1][CONSENSUS][PBFT]FutureBlock,INFO=handleSignMsg,num=291,curNum=290,GenIdx=0,Sview=9,view=9,fromIdx=0,fromNode=064cb676...,fromIp=127.0.0.1:49364,hash=48466c00...,nodeIdx=3,myNode=87d00b98...
info|2025-10-10 04:31:16.084150|PBFT-1-0x00007f17719df700|[g:1][CONSENSUS][PBFT]handleSignMsg Succ,Timecost=2,INFO=handleSignMsg,num=291,curNum=290,GenIdx=2,Sview=9,view=9,fromIdx=2,fromNode=73994dae...,fromIp=127.0.0.1:30300,hash=5c83da48...,nodeIdx=3,myNode=87d00b98...
info|2025-10-10 04:31:16.273914|io_service-0x00007f178ba13700|[P2P][Service] heartBeat,connected count=3
info|2025-10-10 04:31:26.296839|io_service-0x00007f178ba13700|[P2P][Service] heartBeat,connected count=3
info|2025-10-10 04:31:30.186115|fisco-bcos-0x00007f178e78cdc0|[LEDGER]stop sealer,groupID=1
info|2025-10-10 04:31:30.186183|fisco-bcos-0x00007f178e78cdc0|[CONSENSUS][SEALER]Stop sealer module...
info|2025-10-10 04:31:30.196218|fisco-bcos-0x00007f178e78cdc0|[CONSENSUS][ConsensusEngine][Stop ConsensusEngineBase]
info|2025-10-10 04:31:30.200611|fisco-bcos-0x00007f178e78cdc0|[CONSENSUS][ConsensusEngine]ConsensusEngineBase stopped
info|2025-10-10 04:31:30.200677|fisco-bcos-0x00007f178e78cdc0|[LEDGER]sealer stopped. stop sync,groupID=1
info|2025-10-10 04:31:30.201466|fisco-bcos-0x00007f178e78cdc0|[g:1] [SYNC][id:87d00b98...]SyncMsgEngine stopped
info|2025-10-10 04:31:30.391950|fisco-bcos-0x00007f178e78cdc0|[GossipBlockStatus]stop GossipBlockStatus succ
info|2025-10-10 04:31:30.752000|fisco-bcos-0x00007f178e78cdc0|[SYNC][id:87d00b98...][g:1]SyncMaster stopped
info|2025-10-10 04:31:30.752067|fisco-bcos-0x00007f178e78cdc0|[LEDGER]sync stopped. stop event filter manager,groupID=1
info|2025-10-10 04:31:30.792875|fisco-bcos-0x00007f178e78cdc0|[EVENT][EventLogFilterManager]stop
info|2025-10-10 04:31:30.792967|fisco-bcos-0x00007f178e78cdc0|[LEDGER]event filter manager stopped. stop tx pool,groupID=1
info|2025-10-10 04:31:30.793567|fisco-bcos-0x00007f178e78cdc0|[LEDGER]removeNetworkStatHandlerByGroupID and removeGroupBandwidthLimiter for service,groupID=1
info|2025-10-10 04:31:30.793730|fisco-bcos-0x00007f178e78cdc0|[CHANNEL]removeSDKAllowListByGroupId,groupId=1
info|2025-10-10 04:31:30.793759|fisco-bcos-0x00007f178e78cdc0|[INITIALIZER]ledgerInitializer stopped
info|2025-10-10 04:31:31.795122|fisco-bcos-0x00007f178e78cdc0|[INITIALIZER]ChannelRPCHttpServer deleted.
info|2025-10-10 04:31:31.796298|fisco-bcos-0x00007f178e78cdc0|[INITIALIZER]JsonrpcHttpServer deleted.
info|2025-10-10 04:31:31.796371|fisco-bcos-0x00007f178e78cdc0|[INITIALIZER]RPCInitializer stopped
info|2025-10-10 04:31:31.796498|io_service-0x00007f178ba13700|[NETWORK][Host]Host exit
info|2025-10-10 04:31:31.798131|fisco-bcos-0x00007f178e78cdc0|[INITIALIZER]P2PInitializer stopped
info|2025-10-10 04:31:31.798224|fisco-bcos-0x00007f178e78cdc0|[LEDGER]stop sealer,groupID=1
info|2025-10-10 04:31:31.798240|fisco-bcos-0x00007f178e78cdc0|[LEDGER]sealer stopped. stop sync,groupID=1
info|2025-10-10 04:31:31.798258|fisco-bcos-0x00007f178e78cdc0|[g:1] [SYNC][id:87d00b98...]SyncMsgEngine stopped
info|2025-10-10 04:31:31.798279|fisco-bcos-0x00007f178e78cdc0|[GossipBlockStatus]GossipBlockStatus already stopped
info|2025-10-10 04:31:31.798293|fisco-bcos-0x00007f178e78cdc0|[SYNC][id:87d00b98...][g:1]SyncMaster stopped
info|2025-10-10 04:31:31.798300|fisco-bcos-0x00007f178e78cdc0|[LEDGER]sync stopped. stop event filter manager,groupID=1
info|2025-10-10 04:31:31.798308|fisco-bcos-0x00007f178e78cdc0|[LEDGER]event filter manager stopped. stop tx pool,groupID=1
info|2025-10-10 04:31:31.798319|fisco-bcos-0x00007f178e78cdc0|[LEDGER]removeNetworkStatHandlerByGroupID and removeGroupBandwidthLimiter for service,groupID=1
info|2025-10-10 04:31:31.798337|fisco-bcos-0x00007f178e78cdc0|[g:1][STORAGE][CachedStorage]Stopping flushStorage thread
info|2025-10-10 04:31:32.497037|fisco-bcos-0x00007f178e78cdc0|[g:1][STORAGE][CachedStorage]flushStorage thread stopped.
info|2025-10-10 04:31:32.497101|fisco-bcos-0x00007f178e78cdc0|[DBINITIALIZER] storage stopped
info|2025-10-10 04:31:32.509261|fisco-bcos-0x00007f178e78cdc0|[g:1] [SYNC][id:87d00b98...]SyncMsgEngine stopped
info|2025-10-10 04:31:32.509380|fisco-bcos-0x00007f178e78cdc0|[GossipBlockStatus]GossipBlockStatus already stopped
info|2025-10-10 04:31:32.509410|fisco-bcos-0x00007f178e78cdc0|[SYNC][id:87d00b98...][g:1]SyncMaster stopped
info|2025-10-10 04:31:32.509481|fisco-bcos-0x00007f178e78cdc0|[g:1] [SYNC][id:87d00b98...]SyncMsgEngine stopped
