info|2025-10-11 04:09:28.584450|PBFT-1-0x00007f0265502700|[g:1][CONSENSUS]addRawPrepare,height=434,reqIdx=2,hash=ba4445f2...,time=0
info|2025-10-11 04:09:28.587439|PBFT-1-0x00007f0265502700|[g:1][CONSENSUS][PBFT]checkTimeout Succ,view=2733,toView=2734,nodeIdx=3,changeCycle=1,myNode=87d00b98...,timecost=2
info|2025-10-11 04:09:28.594062|PBFT-1-0x00007f0265502700|[g:1][CONSENSUS][PBFT]checkAndChangeView: Reach consensus,org_view=2733,cur_changeCycle=1,curView=2733,view=2734
info|2025-10-11 04:09:28.781469|P2P-0x00007f027fd37700|[g:1] [SYNC][id:87d00b98...][Download][Request]Receive block request,peer=374bdfe9...,from=184,to=184
info|2025-10-11 04:09:28.781959|SyncSend-1-0x00007f0271d1b700|[g:1][SYNC][id:87d00b98...][Download][Request][BlockSync]Batch blocks for sending,blockSize=24480,number=184,peer=374bdfe9...,timeCost=0
info|2025-10-11 04:09:28.782025|SyncSend-1-0x00007f0271d1b700|[g:1][g:1] [SYNC][id:374bdfe9...][Download][Request][BlockSync]Send block packet,peer=374bdfe9...,blocks=1,bytes(V)=24487
info|2025-10-11 04:09:29.595177|PBFTSeal-1-0x00007f025dcf3700|[g:1][CONSENSUS][SEALER]++++++++++++++++ Generating seal on,blkNum=434,tx=0,nodeIdx=3,hash=1d89592c...
info|2025-10-11 04:09:29.606568|PBFT-1-0x00007f0265502700|[g:1][CONSENSUS][PBFT]checkTimeout Succ,view=2734,toView=2735,nodeIdx=3,changeCycle=1,myNode=87d00b98...,timecost=5
info|2025-10-11 04:09:29.611853|PBFT-1-0x00007f0265502700|[g:1][CONSENSUS][PBFT]checkAndChangeView: Reach consensus,org_view=2734,cur_changeCycle=1,curView=2734,view=2735
info|2025-10-11 04:09:30.615678|PBFT-1-0x00007f0265502700|[g:1][CONSENSUS]addRawPrepare,height=434,reqIdx=0,hash=3d61f276...,time=0
info|2025-10-11 04:09:30.617547|PBFT-1-0x00007f0265502700|[g:1][CONSENSUS][PBFT]checkTimeout Succ,view=2735,toView=2736,nodeIdx=3,changeCycle=1,myNode=87d00b98...,timecost=2
info|2025-10-11 04:09:30.623818|PBFT-1-0x00007f0265502700|[g:1][CONSENSUS][PBFT]checkAndChangeView: Reach consensus,org_view=2735,cur_changeCycle=1,curView=2735,view=2736
warning|2025-10-11 04:09:35.127709|PBFT-1-0x00007f0265502700|[g:1][CONSENSUS][PBFT]ViewChangeWarning: not caused by omit empty block ,v=2736,toV=2737,curNum=433,hash=9133b99b...,nodeIdx=3,myNode=87d00b98...
info|2025-10-11 04:09:35.135117|PBFT-1-0x00007f0265502700|[g:1][CONSENSUS][PBFT]checkTimeout Succ,view=2736,toView=2737,nodeIdx=3,changeCycle=2,myNode=87d00b98...,timecost=9
info|2025-10-11 04:09:35.141610|PBFT-1-0x00007f0265502700|[g:1][CONSENSUS][PBFT]checkAndChangeView: Reach consensus,org_view=2736,cur_changeCycle=2,curView=2736,view=2737
info|2025-10-11 04:09:36.144679|PBFT-1-0x00007f0265502700|[g:1][CONSENSUS]addRawPrepare,height=434,reqIdx=2,hash=90fe5002...,time=0
info|2025-10-11 04:09:36.149946|PBFT-1-0x00007f0265502700|[g:1][CONSENSUS][PBFT]checkTimeout Succ,view=2737,toView=2738,nodeIdx=3,changeCycle=1,myNode=87d00b98...,timecost=5
info|2025-10-11 04:09:36.155122|PBFT-1-0x00007f0265502700|[g:1][CONSENSUS][PBFT]checkAndChangeView: Reach consensus,org_view=2737,cur_changeCycle=1,curView=2737,view=2738
info|2025-10-11 04:09:36.860508|io_service-0x00007f027f536700|[P2P][Service] heartBeat,connected count=3
info|2025-10-11 04:09:37.156499|PBFTSeal-1-0x00007f025dcf3700|[g:1][CONSENSUS][SEALER]++++++++++++++++ Generating seal on,blkNum=434,tx=0,nodeIdx=3,hash=61713ebb...
info|2025-10-11 04:09:37.159564|PBFT-1-0x00007f0265502700|[g:1][CONSENSUS][PBFT]checkTimeout Succ,view=2738,toView=2739,nodeIdx=3,changeCycle=1,myNode=87d00b98...,timecost=2
info|2025-10-11 04:09:37.166662|PBFT-1-0x00007f0265502700|[g:1][CONSENSUS][PBFT]checkAndChangeView: Reach consensus,org_view=2738,cur_changeCycle=1,curView=2738,view=2739
info|2025-10-11 04:09:38.177631|PBFT-1-0x00007f0265502700|[g:1][CONSENSUS]addRawPrepare,height=434,reqIdx=0,hash=2c3ad238...,time=0
info|2025-10-11 04:09:38.180900|PBFT-1-0x00007f0265502700|[g:1][CONSENSUS][PBFT]checkTimeout Succ,view=2739,toView=2740,nodeIdx=3,changeCycle=1,myNode=87d00b98...,timecost=2
info|2025-10-11 04:09:38.187547|PBFT-1-0x00007f0265502700|[g:1][CONSENSUS][PBFT]checkAndChangeView: Reach consensus,org_view=2739,cur_changeCycle=1,curView=2739,view=2740
warning|2025-10-11 04:09:42.691954|PBFT-1-0x00007f0265502700|[g:1][CONSENSUS][PBFT]ViewChangeWarning: not caused by omit empty block ,v=2740,toV=2741,curNum=433,hash=9133b99b...,nodeIdx=3,myNode=87d00b98...
info|2025-10-11 04:09:42.692104|PBFT-1-0x00007f0265502700|[g:1][CONSENSUS][PBFT]checkTimeout Succ,view=2740,toView=2741,nodeIdx=3,changeCycle=2,myNode=87d00b98...,timecost=2
info|2025-10-11 04:09:42.696090|PBFT-1-0x00007f0265502700|[g:1][CONSENSUS][PBFT]checkAndChangeView: Reach consensus,org_view=2740,cur_changeCycle=2,curView=2740,view=2741
info|2025-10-11 04:09:43.705936|PBFT-1-0x00007f0265502700|[g:1][CONSENSUS]addRawPrepare,height=434,reqIdx=2,hash=9791a6a6...,time=0
info|2025-10-11 04:09:43.709447|PBFT-1-0x00007f0265502700|[g:1][CONSENSUS][PBFT]checkTimeout Succ,view=2741,toView=2742,nodeIdx=3,changeCycle=1,myNode=87d00b98...,timecost=3
info|2025-10-11 04:09:43.714130|PBFT-1-0x00007f0265502700|[g:1][CONSENSUS][PBFT]checkAndChangeView: Reach consensus,org_view=2741,cur_changeCycle=1,curView=2741,view=2742
info|2025-10-11 04:09:44.715042|PBFTSeal-1-0x00007f025dcf3700|[g:1][CONSENSUS][SEALER]++++++++++++++++ Generating seal on,blkNum=434,tx=0,nodeIdx=3,hash=9ae222a9...
info|2025-10-11 04:09:44.726127|PBFT-1-0x00007f0265502700|[g:1][CONSENSUS][PBFT]checkTimeout Succ,view=2742,toView=2743,nodeIdx=3,changeCycle=1,myNode=87d00b98...,timecost=5
info|2025-10-11 04:09:44.729307|PBFT-1-0x00007f0265502700|[g:1][CONSENSUS][PBFT]checkAndChangeView: Reach consensus,org_view=2742,cur_changeCycle=1,curView=2742,view=2743
info|2025-10-11 04:09:45.732684|PBFT-1-0x00007f0265502700|[g:1][CONSENSUS]addRawPrepare,height=434,reqIdx=0,hash=dfb7bfd6...,time=0
info|2025-10-11 04:09:45.735520|PBFT-1-0x00007f0265502700|[g:1][CONSENSUS][PBFT]checkTimeout Succ,view=2743,toView=2744,nodeIdx=3,changeCycle=1,myNode=87d00b98...,timecost=3
info|2025-10-11 04:09:45.738995|PBFT-1-0x00007f0265502700|[g:1][CONSENSUS][PBFT]checkAndChangeView: Reach consensus,org_view=2743,cur_changeCycle=1,curView=2743,view=2744
info|2025-10-11 04:09:46.861235|io_service-0x00007f027f536700|[P2P][Service] heartBeat,connected count=3
warning|2025-10-11 04:09:50.247093|PBFT-1-0x00007f0265502700|[g:1][CONSENSUS][PBFT]ViewChangeWarning: not caused by omit empty block ,v=2744,toV=2745,curNum=433,hash=9133b99b...,nodeIdx=3,myNode=87d00b98...
info|2025-10-11 04:09:50.250152|PBFT-1-0x00007f0265502700|[g:1][CONSENSUS][PBFT]checkTimeout Succ,view=2744,toView=2745,nodeIdx=3,changeCycle=2,myNode=87d00b98...,timecost=5
info|2025-10-11 04:09:50.258214|PBFT-1-0x00007f0265502700|[g:1][CONSENSUS][PBFT]checkAndChangeView: Reach consensus,org_view=2744,cur_changeCycle=2,curView=2744,view=2745
info|2025-10-11 04:09:51.264734|PBFT-1-0x00007f0265502700|[g:1][CONSENSUS]addRawPrepare,height=434,reqIdx=2,hash=415216fc...,time=0
info|2025-10-11 04:09:51.266529|PBFT-1-0x00007f0265502700|[g:1][CONSENSUS][PBFT]checkTimeout Succ,view=2745,toView=2746,nodeIdx=3,changeCycle=1,myNode=87d00b98...,timecost=1
info|2025-10-11 04:09:51.274126|PBFT-1-0x00007f0265502700|[g:1][CONSENSUS][PBFT]checkAndChangeView: Reach consensus,org_view=2745,cur_changeCycle=1,curView=2745,view=2746
info|2025-10-11 04:09:52.274613|PBFTSeal-1-0x00007f025dcf3700|[g:1][CONSENSUS][SEALER]++++++++++++++++ Generating seal on,blkNum=434,tx=0,nodeIdx=3,hash=438d836d...
info|2025-10-11 04:09:52.281754|PBFT-1-0x00007f0265502700|[g:1][CONSENSUS][PBFT]checkTimeout Succ,view=2746,toView=2747,nodeIdx=3,changeCycle=1,myNode=87d00b98...,timecost=5
info|2025-10-11 04:09:52.290402|PBFT-1-0x00007f0265502700|[g:1][CONSENSUS][PBFT]checkAndChangeView: Reach consensus,org_view=2746,cur_changeCycle=1,curView=2746,view=2747
info|2025-10-11 04:09:53.293285|PBFT-1-0x00007f0265502700|[g:1][CONSENSUS]addRawPrepare,height=434,reqIdx=0,hash=496e6081...,time=0
info|2025-10-11 04:09:53.296130|PBFT-1-0x00007f0265502700|[g:1][CONSENSUS][PBFT]checkTimeout Succ,view=2747,toView=2748,nodeIdx=3,changeCycle=1,myNode=87d00b98...,timecost=3
info|2025-10-11 04:09:53.299762|PBFT-1-0x00007f0265502700|[g:1][CONSENSUS][PBFT]checkAndChangeView: Reach consensus,org_view=2747,cur_changeCycle=1,curView=2747,view=2748
info|2025-10-11 04:09:56.862043|io_service-0x00007f027f536700|[P2P][Service] heartBeat,connected count=3
warning|2025-10-11 04:09:57.804759|PBFT-1-0x00007f0265502700|[g:1][CONSENSUS][PBFT]ViewChangeWarning: not caused by omit empty block ,v=2748,toV=2749,curNum=433,hash=9133b99b...,nodeIdx=3,myNode=87d00b98...
info|2025-10-11 04:09:57.805434|PBFT-1-0x00007f0265502700|[g:1][CONSENSUS][PBFT]checkTimeout Succ,view=2748,toView=2749,nodeIdx=3,changeCycle=2,myNode=87d00b98...,timecost=2
info|2025-10-11 04:09:57.814985|PBFT-1-0x00007f0265502700|[g:1][CONSENSUS][PBFT]checkAndChangeView: Reach consensus,org_view=2748,cur_changeCycle=2,curView=2748,view=2749
info|2025-10-11 04:09:58.821457|PBFT-1-0x00007f0265502700|[g:1][CONSENSUS]addRawPrepare,height=434,reqIdx=2,hash=16e5cd3c...,time=0
info|2025-10-11 04:09:58.823653|PBFT-1-0x00007f0265502700|[g:1][CONSENSUS][PBFT]checkTimeout Succ,view=2749,toView=2750,nodeIdx=3,changeCycle=1,myNode=87d00b98...,timecost=2
info|2025-10-11 04:09:58.827671|PBFT-1-0x00007f0265502700|[g:1][CONSENSUS][PBFT]checkAndChangeView: Reach consensus,org_view=2749,cur_changeCycle=1,curView=2749,view=2750
info|2025-10-11 04:09:59.827921|PBFTSeal-1-0x00007f025dcf3700|[g:1][CONSENSUS][SEALER]++++++++++++++++ Generating seal on,blkNum=434,tx=0,nodeIdx=3,hash=2ddce48c...
info|2025-10-11 04:09:59.835901|PBFT-1-0x00007f0265502700|[g:1][CONSENSUS][PBFT]checkTimeout Succ,view=2750,toView=2751,nodeIdx=3,changeCycle=1,myNode=87d00b98...,timecost=1
info|2025-10-11 04:09:59.861774|PBFT-1-0x00007f0265502700|[g:1][CONSENSUS][PBFT]checkAndChangeView: Reach consensus,org_view=2750,cur_changeCycle=1,curView=2750,view=2751
info|2025-10-11 04:10:00.062984|Sync-1-0x00007f0266d05700|[g:1][SYNC][id:87d00b98...]print sync info,peersCount=3,infoJson={"blockNumber":433,"genesisHash":"f0d3e67991e2c3d83533c031601c30c4741aba35d7d8017900779abe4ae22efe","isSyncing":false,"knownHighestNumber":433,"knownLatestHash":"9133b99b5c3d10981cb9db428eaf0eaddb5e9b1dd9d7cea469cd8d26f55f2fb2","latestHash":"9133b99b5c3d10981cb9db428eaf0eaddb5e9b1dd9d7cea469cd8d26f55f2fb2","nodeId":"87d00b98321fc70a5abc85ad9e80db10cce315194133697bf74aace1d3f8430957a766240f751752708f4282f46110d6ea56c3eb5d1c02ce98a66f327f595270","peers":[{"blockNumber":433,"genesisHash":"f0d3e67991e2c3d83533c031601c30c4741aba35d7d8017900779abe4ae22efe","latestHash":"9133b99b5c3d10981cb9db428eaf0eaddb5e9b1dd9d7cea469cd8d26f55f2fb2","nodeId":"064cb676a36047a4b52ecbf9c01664b1e987d91b438110ba6a12d96972726622e824d295b1de8b0298b5afe7bbbc0bd04a3890e1a36eae028c1cfbe07971b995"},{"blockNumber":183,"genesisHash":"f0d3e67991e2c3d83533c031601c30c4741aba35d7d8017900779abe4ae22efe","latestHash":"84b9e5d996bf7a5eb7a7af1e23a8308230a576a20d5c81a92b78a013e510177d","nodeId":"374bdfe969e1d8ea1200ade93e5d8cf1a7d5741f238011004b0f43ca818706f194b2f067e1708125f7ffc536610b9a72addbd56b238d65f18912be39037ffcc5"},{"blockNumber":433,"genesisHash":"f0d3e67991e2c3d83533c031601c30c4741aba35d7d8017900779abe4ae22efe","latestHash":"9133b99b5c3d10981cb9db428eaf0eaddb5e9b1dd9d7cea469cd8d26f55f2fb2","nodeId":"73994dae9e8b8da733108a4153dfe79151d701dff425f84c87b5324e8ebd02ab6a0ebc9e4f1e0298a7ddca50f94a8f95c62b6997226d571e470e8f2b0600634a"}],"protocolId":65545,"txPoolSize":"0"}
info|2025-10-11 04:10:00.864869|PBFT-1-0x00007f0265502700|[g:1][CONSENSUS]addRawPrepare,height=434,reqIdx=0,hash=dae22f04...,time=0
info|2025-10-11 04:10:00.867333|PBFT-1-0x00007f0265502700|[g:1][CONSENSUS][PBFT]checkTimeout Succ,view=2751,toView=2752,nodeIdx=3,changeCycle=1,myNode=87d00b98...,timecost=3
info|2025-10-11 04:10:00.874096|PBFT-1-0x00007f0265502700|[g:1][CONSENSUS][PBFT]checkAndChangeView: Reach consensus,org_view=2751,cur_changeCycle=1,curView=2751,view=2752
warning|2025-10-11 04:10:05.387654|PBFT-1-0x00007f0265502700|[g:1][CONSENSUS][PBFT]ViewChangeWarning: not caused by omit empty block ,v=2752,toV=2753,curNum=433,hash=9133b99b...,nodeIdx=3,myNode=87d00b98...
info|2025-10-11 04:10:05.387820|PBFT-1-0x00007f0265502700|[g:1][CONSENSUS][PBFT]checkTimeout Succ,view=2752,toView=2753,nodeIdx=3,changeCycle=2,myNode=87d00b98...,timecost=1
info|2025-10-11 04:10:05.391051|PBFT-1-0x00007f0265502700|[g:1][CONSENSUS][PBFT]checkAndChangeView: Reach consensus,org_view=2752,cur_changeCycle=2,curView=2752,view=2753
info|2025-10-11 04:10:06.395450|PBFT-1-0x00007f0265502700|[g:1][CONSENSUS]addRawPrepare,height=434,reqIdx=2,hash=93a6e20a...,time=0
info|2025-10-11 04:10:06.397792|PBFT-1-0x00007f0265502700|[g:1][CONSENSUS][PBFT]checkTimeout Succ,view=2753,toView=2754,nodeIdx=3,changeCycle=1,myNode=87d00b98...,timecost=2
info|2025-10-11 04:10:06.404893|PBFT-1-0x00007f0265502700|[g:1][CONSENSUS][PBFT]checkAndChangeView: Reach consensus,org_view=2753,cur_changeCycle=1,curView=2753,view=2754
info|2025-10-11 04:10:06.862869|io_service-0x00007f027f536700|[P2P][Service] heartBeat,connected count=3
info|2025-10-11 04:10:07.405199|PBFTSeal-1-0x00007f025dcf3700|[g:1][CONSENSUS][SEALER]++++++++++++++++ Generating seal on,blkNum=434,tx=0,nodeIdx=3,hash=ca538023...
info|2025-10-11 04:10:07.413286|PBFT-1-0x00007f0265502700|[g:1][CONSENSUS][PBFT]checkTimeout Succ,view=2754,toView=2755,nodeIdx=3,changeCycle=1,myNode=87d00b98...,timecost=6
info|2025-10-11 04:10:07.419036|PBFT-1-0x00007f0265502700|[g:1][CONSENSUS][PBFT]checkAndChangeView: Reach consensus,org_view=2754,cur_changeCycle=1,curView=2754,view=2755
info|2025-10-11 04:10:08.423364|PBFT-1-0x00007f0265502700|[g:1][CONSENSUS]addRawPrepare,height=434,reqIdx=0,hash=af371f10...,time=0
info|2025-10-11 04:10:08.425668|PBFT-1-0x00007f0265502700|[g:1][CONSENSUS][PBFT]checkTimeout Succ,view=2755,toView=2756,nodeIdx=3,changeCycle=1,myNode=87d00b98...,timecost=2
info|2025-10-11 04:10:08.436828|PBFT-1-0x00007f0265502700|[g:1][CONSENSUS][PBFT]checkAndChangeView: Reach consensus,org_view=2755,cur_changeCycle=1,curView=2755,view=2756
warning|2025-10-11 04:10:12.940050|PBFT-1-0x00007f0265502700|[g:1][CONSENSUS][PBFT]ViewChangeWarning: not caused by omit empty block ,v=2756,toV=2757,curNum=433,hash=9133b99b...,nodeIdx=3,myNode=87d00b98...
info|2025-10-11 04:10:12.940264|PBFT-1-0x00007f0265502700|[g:1][CONSENSUS][PBFT]checkTimeout Succ,view=2756,toView=2757,nodeIdx=3,changeCycle=2,myNode=87d00b98...,timecost=2
info|2025-10-11 04:10:12.943801|PBFT-1-0x00007f0265502700|[g:1][CONSENSUS][PBFT]checkAndChangeView: Reach consensus,org_view=2756,cur_changeCycle=2,curView=2756,view=2757
info|2025-10-11 04:10:13.949290|PBFT-1-0x00007f0265502700|[g:1][CONSENSUS]addRawPrepare,height=434,reqIdx=2,hash=deefd33e...,time=0
info|2025-10-11 04:10:13.950970|PBFT-1-0x00007f0265502700|[g:1][CONSENSUS][PBFT]checkTimeout Succ,view=2757,toView=2758,nodeIdx=3,changeCycle=1,myNode=87d00b98...,timecost=1
info|2025-10-11 04:10:13.957910|PBFT-1-0x00007f0265502700|[g:1][CONSENSUS][PBFT]checkAndChangeView: Reach consensus,org_view=2757,cur_changeCycle=1,curView=2757,view=2758
info|2025-10-11 04:10:14.283994|P2P-0x00007f028153a700|[g:1] [SYNC][id:87d00b98...][Download][Request]Receive block request,peer=374bdfe9...,from=184,to=184
info|2025-10-11 04:10:14.284338|SyncSend-1-0x00007f0271d1b700|[g:1][SYNC][id:87d00b98...][Download][Request][BlockSync]Batch blocks for sending,blockSize=24480,number=184,peer=374bdfe9...,timeCost=0
info|2025-10-11 04:10:14.284462|SyncSend-1-0x00007f0271d1b700|[g:1][g:1] [SYNC][id:374bdfe9...][Download][Request][BlockSync]Send block packet,peer=374bdfe9...,blocks=1,bytes(V)=24487
info|2025-10-11 04:10:14.959059|PBFTSeal-1-0x00007f025dcf3700|[g:1][CONSENSUS][SEALER]++++++++++++++++ Generating seal on,blkNum=434,tx=0,nodeIdx=3,hash=75e316e3...
info|2025-10-11 04:10:14.962544|PBFT-1-0x00007f0265502700|[g:1][CONSENSUS][PBFT]checkTimeout Succ,view=2758,toView=2759,nodeIdx=3,changeCycle=1,myNode=87d00b98...,timecost=2
info|2025-10-11 04:10:14.970539|PBFT-1-0x00007f0265502700|[g:1][CONSENSUS][PBFT]checkAndChangeView: Reach consensus,org_view=2758,cur_changeCycle=1,curView=2758,view=2759
info|2025-10-11 04:10:15.976543|PBFT-1-0x00007f0265502700|[g:1][CONSENSUS]addRawPrepare,height=434,reqIdx=0,hash=8a49f98f...,time=0
info|2025-10-11 04:10:15.978675|PBFT-1-0x00007f0265502700|[g:1][CONSENSUS][PBFT]checkTimeout Succ,view=2759,toView=2760,nodeIdx=3,changeCycle=1,myNode=87d00b98...,timecost=2
info|2025-10-11 04:10:15.986296|PBFT-1-0x00007f0265502700|[g:1][CONSENSUS][PBFT]checkAndChangeView: Reach consensus,org_view=2759,cur_changeCycle=1,curView=2759,view=2760
info|2025-10-11 04:10:16.863295|io_service-0x00007f027f536700|[P2P][Service] heartBeat,connected count=3
warning|2025-10-11 04:10:20.494799|PBFT-1-0x00007f0265502700|[g:1][CONSENSUS][PBFT]ViewChangeWarning: not caused by omit empty block ,v=2760,toV=2761,curNum=433,hash=9133b99b...,nodeIdx=3,myNode=87d00b98...
info|2025-10-11 04:10:20.495030|PBFT-1-0x00007f0265502700|[g:1][CONSENSUS][PBFT]checkTimeout Succ,view=2760,toView=2761,nodeIdx=3,changeCycle=2,myNode=87d00b98...,timecost=2
info|2025-10-11 04:10:20.501476|PBFT-1-0x00007f0265502700|[g:1][CONSENSUS][PBFT]checkAndChangeView: Reach consensus,org_view=2760,cur_changeCycle=2,curView=2760,view=2761
info|2025-10-11 04:10:21.504902|PBFT-1-0x00007f0265502700|[g:1][CONSENSUS]addRawPrepare,height=434,reqIdx=2,hash=cb9bd41f...,time=0
info|2025-10-11 04:10:21.508336|PBFT-1-0x00007f0265502700|[g:1][CONSENSUS][PBFT]checkTimeout Succ,view=2761,toView=2762,nodeIdx=3,changeCycle=1,myNode=87d00b98...,timecost=4
info|2025-10-11 04:10:21.512856|PBFT-1-0x00007f0265502700|[g:1][CONSENSUS][PBFT]checkAndChangeView: Reach consensus,org_view=2761,cur_changeCycle=1,curView=2761,view=2762
info|2025-10-11 04:10:22.513353|PBFTSeal-1-0x00007f025dcf3700|[g:1][CONSENSUS][SEALER]++++++++++++++++ Generating seal on,blkNum=434,tx=0,nodeIdx=3,hash=76dd32b3...
info|2025-10-11 04:10:22.520647|PBFT-1-0x00007f0265502700|[g:1][CONSENSUS][PBFT]checkTimeout Succ,view=2762,toView=2763,nodeIdx=3,changeCycle=1,myNode=87d00b98...,timecost=1
info|2025-10-11 04:10:22.524370|PBFT-1-0x00007f0265502700|[g:1][CONSENSUS][PBFT]checkAndChangeView: Reach consensus,org_view=2762,cur_changeCycle=1,curView=2762,view=2763
info|2025-10-11 04:10:23.532401|PBFT-1-0x00007f0265502700|[g:1][CONSENSUS]addRawPrepare,height=434,reqIdx=0,hash=3798f13b...,time=0
info|2025-10-11 04:10:23.534529|PBFT-1-0x00007f0265502700|[g:1][CONSENSUS][PBFT]checkTimeout Succ,view=2763,toView=2764,nodeIdx=3,changeCycle=1,myNode=87d00b98...,timecost=2
info|2025-10-11 04:10:23.542043|PBFT-1-0x00007f0265502700|[g:1][CONSENSUS][PBFT]checkAndChangeView: Reach consensus,org_view=2763,cur_changeCycle=1,curView=2763,view=2764
info|2025-10-11 04:10:26.863499|io_service-0x00007f027f536700|[P2P][Service] heartBeat,connected count=3
warning|2025-10-11 04:10:28.045849|PBFT-1-0x00007f0265502700|[g:1][CONSENSUS][PBFT]ViewChangeWarning: not caused by omit empty block ,v=2764,toV=2765,curNum=433,hash=9133b99b...,nodeIdx=3,myNode=87d00b98...
info|2025-10-11 04:10:28.046471|PBFT-1-0x00007f0265502700|[g:1][CONSENSUS][PBFT]checkTimeout Succ,view=2764,toView=2765,nodeIdx=3,changeCycle=2,myNode=87d00b98...,timecost=2
info|2025-10-11 04:10:28.053163|PBFT-1-0x00007f0265502700|[g:1][CONSENSUS][PBFT]checkAndChangeView: Reach consensus,org_view=2764,cur_changeCycle=2,curView=2764,view=2765
info|2025-10-11 04:10:29.054432|PBFT-1-0x00007f0265502700|[g:1][CONSENSUS]addRawPrepare,height=434,reqIdx=2,hash=f59d554a...,time=0
info|2025-10-11 04:10:29.055818|PBFT-1-0x00007f0265502700|[g:1][CONSENSUS][PBFT]checkTimeout Succ,view=2765,toView=2766,nodeIdx=3,changeCycle=1,myNode=87d00b98...,timecost=1
info|2025-10-11 04:10:29.061433|PBFT-1-0x00007f0265502700|[g:1][CONSENSUS][PBFT]checkAndChangeView: Reach consensus,org_view=2765,cur_changeCycle=1,curView=2765,view=2766
info|2025-10-11 04:10:30.062958|PBFTSeal-1-0x00007f025dcf3700|[g:1][CONSENSUS][SEALER]++++++++++++++++ Generating seal on,blkNum=434,tx=0,nodeIdx=3,hash=9a5f5dea...
info|2025-10-11 04:10:30.069792|PBFT-1-0x00007f0265502700|[g:1][CONSENSUS][PBFT]checkTimeout Succ,view=2766,toView=2767,nodeIdx=3,changeCycle=1,myNode=87d00b98...,timecost=1
info|2025-10-11 04:10:30.073189|PBFT-1-0x00007f0265502700|[g:1][CONSENSUS][PBFT]checkAndChangeView: Reach consensus,org_view=2766,cur_changeCycle=1,curView=2766,view=2767
info|2025-10-11 04:10:31.081418|PBFT-1-0x00007f0265502700|[g:1][CONSENSUS]addRawPrepare,height=434,reqIdx=0,hash=47256818...,time=0
info|2025-10-11 04:10:31.083360|PBFT-1-0x00007f0265502700|[g:1][CONSENSUS][PBFT]checkTimeout Succ,view=2767,toView=2768,nodeIdx=3,changeCycle=1,myNode=87d00b98...,timecost=2
info|2025-10-11 04:10:31.093307|PBFT-1-0x00007f0265502700|[g:1][CONSENSUS][PBFT]checkAndChangeView: Reach consensus,org_view=2767,cur_changeCycle=1,curView=2767,view=2768
info|2025-10-11 04:10:34.402804|fisco-bcos-0x00007f02822afdc0|[LEDGER]stop sealer,groupID=1
info|2025-10-11 04:10:34.402876|fisco-bcos-0x00007f02822afdc0|[CONSENSUS][SEALER]Stop sealer module...
info|2025-10-11 04:10:34.413231|fisco-bcos-0x00007f02822afdc0|[CONSENSUS][ConsensusEngine][Stop ConsensusEngineBase]
info|2025-10-11 04:10:34.417698|fisco-bcos-0x00007f02822afdc0|[CONSENSUS][ConsensusEngine]ConsensusEngineBase stopped
info|2025-10-11 04:10:34.417772|fisco-bcos-0x00007f02822afdc0|[LEDGER]sealer stopped. stop sync,groupID=1
info|2025-10-11 04:10:34.418577|fisco-bcos-0x00007f02822afdc0|[g:1] [SYNC][id:87d00b98...]SyncMsgEngine stopped
info|2025-10-11 04:10:34.468985|fisco-bcos-0x00007f02822afdc0|[GossipBlockStatus]stop GossipBlockStatus succ
info|2025-10-11 04:10:34.907876|fisco-bcos-0x00007f02822afdc0|[SYNC][id:87d00b98...][g:1]SyncMaster stopped
info|2025-10-11 04:10:34.908019|fisco-bcos-0x00007f02822afdc0|[LEDGER]sync stopped. stop event filter manager,groupID=1
info|2025-10-11 04:10:34.987725|fisco-bcos-0x00007f02822afdc0|[EVENT][EventLogFilterManager]stop
info|2025-10-11 04:10:34.987783|fisco-bcos-0x00007f02822afdc0|[LEDGER]event filter manager stopped. stop tx pool,groupID=1
info|2025-10-11 04:10:34.988383|fisco-bcos-0x00007f02822afdc0|[LEDGER]removeNetworkStatHandlerByGroupID and removeGroupBandwidthLimiter for service,groupID=1
info|2025-10-11 04:10:34.988438|fisco-bcos-0x00007f02822afdc0|[CHANNEL]removeSDKAllowListByGroupId,groupId=1
info|2025-10-11 04:10:34.988455|fisco-bcos-0x00007f02822afdc0|[INITIALIZER]ledgerInitializer stopped
info|2025-10-11 04:10:35.690992|io_service-0x00007f027f536700|[NETWORK][Session]doRead failed,endpoint=127.0.0.1:49076,message=short read (SSL routines, SSL routines)
info|2025-10-11 04:10:35.691159|io_service-0x00007f027f536700|[NETWORK][Session]drop, call and erase all callbackFunc of the session!,endpoint=127.0.0.1:49076
info|2025-10-11 04:10:35.691180|io_service-0x00007f027f536700|[NETWORK][Session][drop] closing remote 127.0.0.1:49076,reason=Low-level TCP communication failed.,endpoint=127.0.0.1:49076
info|2025-10-11 04:10:35.691271|io_service-0x00007f027f536700|[NETWORK][Session]Session inactive
info|2025-10-11 04:10:35.691277|io_service-0x00007f027f536700|[NETWORK][Session]Session inactive
info|2025-10-11 04:10:35.691283|io_service-0x00007f027f536700|[NETWORK][Session][drop] shutdown failed ,code=9,message=Bad file descriptor
info|2025-10-11 04:10:35.692112|P2P-0x00007f027fd37700|[P2P][Service] disconnect inactive P2PSession,nodeID=73994dae...,endpoint=127.0.0.1:49076,code=3,what=Disconnect
info|2025-10-11 04:10:35.692140|P2P-0x00007f027fd37700|[P2P][Service] onDisconnect,code=3,what=Dynamic exception type: dev::network::NetworkException
std::exception::what: Disconnect
info|2025-10-11 04:10:35.792433|io_service-0x00007f027f536700|[NETWORK][Session]doRead failed,endpoint=127.0.0.1:49068,message=short read (SSL routines, SSL routines)
info|2025-10-11 04:10:35.792488|io_service-0x00007f027f536700|[NETWORK][Session]drop, call and erase all callbackFunc of the session!,endpoint=127.0.0.1:49068
info|2025-10-11 04:10:35.792503|io_service-0x00007f027f536700|[NETWORK][Session][drop] closing remote 127.0.0.1:49068,reason=Low-level TCP communication failed.,endpoint=127.0.0.1:49068
info|2025-10-11 04:10:35.792619|io_service-0x00007f027f536700|[NETWORK][Session]Session inactive
info|2025-10-11 04:10:35.792626|io_service-0x00007f027f536700|[NETWORK][Session]Session inactive
info|2025-10-11 04:10:35.792631|io_service-0x00007f027f536700|[NETWORK][Session][drop] shutdown failed ,code=9,message=Bad file descriptor
info|2025-10-11 04:10:35.792732|P2P-0x00007f028153a700|[P2P][Service] disconnect inactive P2PSession,nodeID=374bdfe9...,endpoint=127.0.0.1:49068,code=3,what=Disconnect
info|2025-10-11 04:10:35.792750|P2P-0x00007f028153a700|[P2P][Service] onDisconnect,code=3,what=Dynamic exception type: dev::network::NetworkException
std::exception::what: Disconnect
info|2025-10-11 04:10:35.990910|fisco-bcos-0x00007f02822afdc0|[INITIALIZER]ChannelRPCHttpServer deleted.
info|2025-10-11 04:10:35.991652|fisco-bcos-0x00007f02822afdc0|[INITIALIZER]JsonrpcHttpServer deleted.
info|2025-10-11 04:10:35.991672|fisco-bcos-0x00007f02822afdc0|[INITIALIZER]RPCInitializer stopped
info|2025-10-11 04:10:35.992061|io_service-0x00007f027f536700|[NETWORK][Host]Host exit
info|2025-10-11 04:10:35.993622|fisco-bcos-0x00007f02822afdc0|[INITIALIZER]P2PInitializer stopped
info|2025-10-11 04:10:35.993657|fisco-bcos-0x00007f02822afdc0|[LEDGER]stop sealer,groupID=1
info|2025-10-11 04:10:35.993664|fisco-bcos-0x00007f02822afdc0|[LEDGER]sealer stopped. stop sync,groupID=1
info|2025-10-11 04:10:35.993677|fisco-bcos-0x00007f02822afdc0|[g:1] [SYNC][id:87d00b98...]SyncMsgEngine stopped
info|2025-10-11 04:10:35.993688|fisco-bcos-0x00007f02822afdc0|[GossipBlockStatus]GossipBlockStatus already stopped
info|2025-10-11 04:10:35.993691|fisco-bcos-0x00007f02822afdc0|[SYNC][id:87d00b98...][g:1]SyncMaster stopped
info|2025-10-11 04:10:35.993695|fisco-bcos-0x00007f02822afdc0|[LEDGER]sync stopped. stop event filter manager,groupID=1
info|2025-10-11 04:10:35.993698|fisco-bcos-0x00007f02822afdc0|[LEDGER]event filter manager stopped. stop tx pool,groupID=1
info|2025-10-11 04:10:35.993704|fisco-bcos-0x00007f02822afdc0|[LEDGER]removeNetworkStatHandlerByGroupID and removeGroupBandwidthLimiter for service,groupID=1
info|2025-10-11 04:10:35.993722|fisco-bcos-0x00007f02822afdc0|[g:1][STORAGE][CachedStorage]Stopping flushStorage thread
info|2025-10-11 04:10:36.977139|fisco-bcos-0x00007f02822afdc0|[g:1][STORAGE][CachedStorage]flushStorage thread stopped.
info|2025-10-11 04:10:36.977175|fisco-bcos-0x00007f02822afdc0|[DBINITIALIZER] storage stopped
info|2025-10-11 04:10:36.989562|fisco-bcos-0x00007f02822afdc0|[g:1] [SYNC][id:87d00b98...]SyncMsgEngine stopped
info|2025-10-11 04:10:36.989713|fisco-bcos-0x00007f02822afdc0|[GossipBlockStatus]GossipBlockStatus already stopped
info|2025-10-11 04:10:36.989720|fisco-bcos-0x00007f02822afdc0|[SYNC][id:87d00b98...][g:1]SyncMaster stopped
info|2025-10-11 04:10:36.989745|fisco-bcos-0x00007f02822afdc0|[g:1] [SYNC][id:87d00b98...]SyncMsgEngine stopped
