info|2025-10-13 03:25:16.123777|io_service-0x00007fbc897bd700|[NETWORK][Session]doRead failed,endpoint=127.0.0.1:43278,message=short read (SSL routines, SSL routines)
info|2025-10-13 03:25:16.123827|io_service-0x00007fbc897bd700|[NETWORK][Session]drop, call and erase all callbackFunc of the session!,endpoint=127.0.0.1:43278
info|2025-10-13 03:25:16.123850|io_service-0x00007fbc897bd700|[NETWORK][Session][drop] closing remote 127.0.0.1:43278,reason=Low-level TCP communication failed.,endpoint=127.0.0.1:43278
info|2025-10-13 03:25:16.124036|io_service-0x00007fbc897bd700|[NETWORK][Session]Session inactive
info|2025-10-13 03:25:16.124051|io_service-0x00007fbc897bd700|[NETWORK][Session]Session inactive
info|2025-10-13 03:25:16.124061|io_service-0x00007fbc897bd700|[NETWORK][Session][drop] shutdown failed ,code=9,message=Bad file descriptor
info|2025-10-13 03:25:16.124581|P2P-0x00007fbc8a7bf700|[P2P][Service] disconnect inactive P2PSession,nodeID=73994dae...,endpoint=127.0.0.1:43278,code=3,what=Disconnect
info|2025-10-13 03:25:16.124612|P2P-0x00007fbc8a7bf700|[P2P][Service] onDisconnect,code=3,what=Dynamic exception type: dev::network::NetworkException
std::exception::what: Disconnect
info|2025-10-13 03:25:16.129811|fisco-bcos-0x00007fbc8c536dc0|[INITIALIZER]ChannelRPCHttpServer deleted.
info|2025-10-13 03:25:16.133374|fisco-bcos-0x00007fbc8c536dc0|[INITIALIZER]JsonrpcHttpServer deleted.
info|2025-10-13 03:25:16.133420|fisco-bcos-0x00007fbc8c536dc0|[INITIALIZER]RPCInitializer stopped
info|2025-10-13 03:25:16.133595|io_service-0x00007fbc897bd700|[NETWORK][Host]Host exit
info|2025-10-13 03:25:16.136533|fisco-bcos-0x00007fbc8c536dc0|[INITIALIZER]P2PInitializer stopped
info|2025-10-13 03:25:16.137400|fisco-bcos-0x00007fbc8c536dc0|[LEDGER]stop sealer,groupID=1
info|2025-10-13 03:25:16.137462|fisco-bcos-0x00007fbc8c536dc0|[LEDGER]sealer stopped. stop sync,groupID=1
info|2025-10-13 03:25:16.137500|fisco-bcos-0x00007fbc8c536dc0|[g:1] [SYNC][id:87d00b98...]SyncMsgEngine stopped
info|2025-10-13 03:25:16.137537|fisco-bcos-0x00007fbc8c536dc0|[GossipBlockStatus]GossipBlockStatus already stopped
info|2025-10-13 03:25:16.137564|fisco-bcos-0x00007fbc8c536dc0|[SYNC][id:87d00b98...][g:1]SyncMaster stopped
info|2025-10-13 03:25:16.137592|fisco-bcos-0x00007fbc8c536dc0|[LEDGER]sync stopped. stop event filter manager,groupID=1
info|2025-10-13 03:25:16.137630|fisco-bcos-0x00007fbc8c536dc0|[LEDGER]event filter manager stopped. stop tx pool,groupID=1
info|2025-10-13 03:25:16.137661|fisco-bcos-0x00007fbc8c536dc0|[LEDGER]removeNetworkStatHandlerByGroupID and removeGroupBandwidthLimiter for service,groupID=1
info|2025-10-13 03:25:16.137698|fisco-bcos-0x00007fbc8c536dc0|[g:1][STORAGE][CachedStorage]Stopping flushStorage thread
info|2025-10-13 03:25:16.953430|fisco-bcos-0x00007fbc8c536dc0|[g:1][STORAGE][CachedStorage]flushStorage thread stopped.
info|2025-10-13 03:25:16.953486|fisco-bcos-0x00007fbc8c536dc0|[DBINITIALIZER] storage stopped
info|2025-10-13 03:25:16.982517|fisco-bcos-0x00007fbc8c536dc0|[g:1] [SYNC][id:87d00b98...]SyncMsgEngine stopped
info|2025-10-13 03:25:16.982588|fisco-bcos-0x00007fbc8c536dc0|[GossipBlockStatus]GossipBlockStatus already stopped
info|2025-10-13 03:25:16.982598|fisco-bcos-0x00007fbc8c536dc0|[SYNC][id:87d00b98...][g:1]SyncMaster stopped
info|2025-10-13 03:25:16.982626|fisco-bcos-0x00007fbc8c536dc0|[g:1] [SYNC][id:87d00b98...]SyncMsgEngine stopped
