info|2025-10-07 00:04:23.582857|fisco-bcos-0x00007f649c60adc0|[INITIALIZER][initGlobalConfig],enableCompress=true,compatibilityVersion=2.11.0,versionNumber=34275328,enableStat=false,chainId=1,useSMCrypto=true,IgnoreObserverWriteRequest=false
info|2025-10-07 00:04:23.583743|fisco-bcos-0x00007f649c60adc0|[INITIALIZER][SecureInitializerGM]get pub of node,nodeID=87d00b98321fc70a5abc85ad9e80db10cce315194133697bf74aace1d3f8430957a766240f751752708f4282f46110d6ea56c3eb5d1c02ce98a66f327f595270
info|2025-10-07 00:04:23.585261|fisco-bcos-0x00007f649c60adc0|[NETWORK][Host]Connecting to node,endpoint=127.0.0.1:30300
info|2025-10-07 00:04:23.585385|fisco-bcos-0x00007f649c60adc0|[NETWORK][Host]Connecting to node,endpoint=127.0.0.1:30301
info|2025-10-07 00:04:23.585449|fisco-bcos-0x00007f649c60adc0|[NETWORK][Host]Connecting to node,endpoint=127.0.0.1:30302
info|2025-10-07 00:04:23.585570|fisco-bcos-0x00007f649c60adc0|[NETWORK][Host]Connecting to node,endpoint=127.0.0.1:30303
info|2025-10-07 00:04:23.588910|io_service-0x00007f6499891700|[NETWORK][Host]P2P StartAccept,Host=0.0.0.0:30302
info|2025-10-07 00:04:23.589257|io_service-0x00007f6499891700|[NETWORK][Host]P2P Recv Connect, From=127.0.0.1:40544
info|2025-10-07 00:04:23.589489|io_service-0x00007f6499891700|[NETWORK][Host]P2P StartAccept,Host=0.0.0.0:30302
info|2025-10-07 00:04:23.591666|io_service-0x00007f6499891700|[NETWORK][ASIO]asyncResolveConnect,endpoint=127.0.0.1:30300
info|2025-10-07 00:04:23.591941|io_service-0x00007f6499891700|[NETWORK][ASIO]asyncResolveConnect,endpoint=127.0.0.1:30301
info|2025-10-07 00:04:23.592028|io_service-0x00007f6499891700|[NETWORK][ASIO]asyncResolveConnect,endpoint=127.0.0.1:30302
warning|2025-10-07 00:04:23.592240|io_service-0x00007f6499891700|[NETWORK][Host]TCP Connection refused by node,endpoint=127.0.0.1:30301,message=Connection refused
warning|2025-10-07 00:04:23.594904|P2P-0x00007f649b895700|[P2P][Service] onConnect,code=5,nodeID=00000000...,nodeName=,endpoint=unknown,what=Connect failed
info|2025-10-07 00:04:23.595120|io_service-0x00007f6499891700|[NETWORK][Host]P2P Recv Connect, From=127.0.0.1:40546
info|2025-10-07 00:04:23.595199|io_service-0x00007f6499891700|[NETWORK][Host]P2P StartAccept,Host=0.0.0.0:30302
info|2025-10-07 00:04:23.598074|fisco-bcos-0x00007f649c60adc0|[P2P][Service] heartBeat,connected count=0
info|2025-10-07 00:04:23.598146|fisco-bcos-0x00007f649c60adc0|[INITIALIZER][RPCInitializer],network_security.check_cert_issuer=true
info|2025-10-07 00:04:23.599734|fisco-bcos-0x00007f649c60adc0|[CHANNEL][ChannelServer::run],threadPoolSize=8
info|2025-10-07 00:04:23.599804|fisco-bcos-0x00007f649c60adc0|[CHANNEL]ChannelRPCServer started
info|2025-10-07 00:04:23.599810|fisco-bcos-0x00007f649c60adc0|[INITIALIZER][RPCInitializer: ChannelRPCHttpServer started.],disableDynamicGroup=false,uncheckGroupMember=false,threadSize=8
info|2025-10-07 00:04:23.599819|fisco-bcos-0x00007f649c60adc0|[INITIALIZER][LedgerInitializer]initConfig
info|2025-10-07 00:04:23.599828|fisco-bcos-0x00007f649c60adc0|[LedgerInitializer],groupConfigPath=conf/
info|2025-10-07 00:04:23.614619|fisco-bcos-0x00007f649c60adc0|[INITIALIZER][initSingleLedger] [GroupId], LedgerConstructor:  1,configFileName=conf/group.1.genesis,dataDir=data/
info|2025-10-07 00:04:23.614742|fisco-bcos-0x00007f649c60adc0|[g:1][LedgerParam][parseGenesisConfig]initConsensusConfig/initStorageConfig/initTxConfig,configFile=conf/group.1.genesis
info|2025-10-07 00:04:23.614784|fisco-bcos-0x00007f649c60adc0|[g:1][LedgerParam][initConsensusConfig],type=pbft,consensusTimeout=3,maxTxNum=1000,txGasLimit=300000000
info|2025-10-07 00:04:23.614805|fisco-bcos-0x00007f649c60adc0|[g:1][LedgerParam][parsePublicKeyListOfSection],sectionName=consensus,it.first=73994dae9e8b8da733108a4153dfe79151d701dff425f84c87b5324e8ebd02ab6a0ebc9e4f1e0298a7ddca50f94a8f95c62b6997226d571e470e8f2b0600634a
info|2025-10-07 00:04:23.614820|fisco-bcos-0x00007f649c60adc0|[g:1][LedgerParam][parsePublicKeyListOfSection],sectionName=consensus,it.first=374bdfe969e1d8ea1200ade93e5d8cf1a7d5741f238011004b0f43ca818706f194b2f067e1708125f7ffc536610b9a72addbd56b238d65f18912be39037ffcc5
info|2025-10-07 00:04:23.614853|fisco-bcos-0x00007f649c60adc0|[g:1][LedgerParam][parsePublicKeyListOfSection],sectionName=consensus,it.first=87d00b98321fc70a5abc85ad9e80db10cce315194133697bf74aace1d3f8430957a766240f751752708f4282f46110d6ea56c3eb5d1c02ce98a66f327f595270
info|2025-10-07 00:04:23.614868|fisco-bcos-0x00007f649c60adc0|[g:1][LedgerParam][parsePublicKeyListOfSection],sectionName=consensus,it.first=064cb676a36047a4b52ecbf9c01664b1e987d91b438110ba6a12d96972726622e824d295b1de8b0298b5afe7bbbc0bd04a3890e1a36eae028c1cfbe07971b995
info|2025-10-07 00:04:23.614875|fisco-bcos-0x00007f649c60adc0|[g:1][LedgerParam][parsePublicKeyListOfSection],totalPubKeySize=4
info|2025-10-07 00:04:23.614902|fisco-bcos-0x00007f649c60adc0|[g:1][LedgerParam][max_block_range],maxBlockRange=0,maxBlockPerProcess=3
info|2025-10-07 00:04:23.614910|fisco-bcos-0x00007f649c60adc0|[g:1][LedgerParam][parseGenesisConfig],timestamp=1759762229000
info|2025-10-07 00:04:23.614942|fisco-bcos-0x00007f649c60adc0|[g:1][LedgerParam]setEVMFlags,enableFreeStorageVMSchedule=false,evmFlags=0
info|2025-10-07 00:04:23.614970|fisco-bcos-0x00007f649c60adc0|[g:1][LedgerParam]store evmFlag,evmFlag=0
info|2025-10-07 00:04:23.614996|fisco-bcos-0x00007f649c60adc0|[g:1][LedgerParam]store consensus time,consensusTimeout=3
info|2025-10-07 00:04:23.615004|fisco-bcos-0x00007f649c60adc0|[g:1][LedgerParam][initMark],genesisMark=1-064cb676a36047a4b52ecbf9c01664b1e987d91b438110ba6a12d96972726622e824d295b1de8b0298b5afe7bbbc0bd04a3890e1a36eae028c1cfbe07971b995,374bdfe969e1d8ea1200ade93e5d8cf1a7d5741f238011004b0f43ca818706f194b2f067e1708125f7ffc536610b9a72addbd56b238d65f18912be39037ffcc5,73994dae9e8b8da733108a4153dfe79151d701dff425f84c87b5324e8ebd02ab6a0ebc9e4f1e0298a7ddca50f94a8f95c62b6997226d571e470e8f2b0600634a,87d00b98321fc70a5abc85ad9e80db10cce315194133697bf74aace1d3f8430957a766240f751752708f4282f46110d6ea56c3eb5d1c02ce98a66f327f595270,-pbft-storage-0-1000-300000000-3
info|2025-10-07 00:04:23.615011|fisco-bcos-0x00007f649c60adc0|[g:1][LedgerParam][initIniConfig]initTxPoolConfig/initSyncConfig/initTxExecuteConfig,configFile=conf/group.1.ini
info|2025-10-07 00:04:23.615234|fisco-bcos-0x00007f649c60adc0|[g:1][LedgerParam][initStorageConfig],stateType=storage,storageDB=rocksdb,storagePath=data//group1/block/RocksDB,baseDir=data//group1,dbtype=mysql,dbip=127.0.0.1,dbport=3306,dbcharset=utf8mb4,initconnections=15,maxconnections=50,scrollThreshold=2000,enableReconfirmCommittee=false
info|2025-10-07 00:04:23.615279|fisco-bcos-0x00007f649c60adc0|[g:1][LedgerParam][initTxPoolConfig],txPoolLimit=150000,memorySizeLimit(MB)=512,notifyWorkerNum=2,txsExpirationTime(ms)=600000
info|2025-10-07 00:04:23.615291|fisco-bcos-0x00007f649c60adc0|[g:1][LedgerParam][initSyncConfig],idleWaitMs=200
info|2025-10-07 00:04:23.615301|fisco-bcos-0x00007f649c60adc0|[g:1][LedgerParam][initSyncConfig],enableSendTxsByTree=true,enableSendBlockStatusByTree=true
info|2025-10-07 00:04:23.615308|fisco-bcos-0x00007f649c60adc0|[g:1][LedgerParam][initSyncConfig],gossipInterval=1000
info|2025-10-07 00:04:23.615323|fisco-bcos-0x00007f649c60adc0|[g:1][LedgerParam][initSyncConfig],enableSendBlockStatusByTree=true,gossipInterval=1000,gossipPeers=3,syncTreeWidth=3,maxQueueSizeForBlockSync=536870912,txsStatusGossipMaxPeers=5,syncInfoPrintInterval=10,freeNodeRead=false
info|2025-10-07 00:04:23.615351|fisco-bcos-0x00007f649c60adc0|[g:1][LedgerParam][InitTxExecuteConfig],enableParallel=true
info|2025-10-07 00:04:23.615372|fisco-bcos-0x00007f649c60adc0|[g:1][LedgerParam][initConsensusIniConfig],maxTTL=2,minBlockGenerationTime=500,enablDynamicBlockSize=true,blockSizeIncreaseRatio=0.5,enableTTLOptimize=true,enablePrepareWithTxsHash=true
info|2025-10-07 00:04:23.615535|fisco-bcos-0x00007f649c60adc0|[g:1][LedgerParam][initRPBFTConsensusIniConfig],broadcastPrepareByTree=true,prepareStatusBroadcastPercent=33,maxRequestMissedTxsWaitTime=100,maxRequestPrepareWaitTime=100
info|2025-10-07 00:04:23.615581|fisco-bcos-0x00007f649c60adc0|[g:1][LedgerParam][initFlowControlConfig],maxQPS=9223372036854775807,outGoingBandwidth(Bytes)=9223372036854775807
info|2025-10-07 00:04:23.615595|fisco-bcos-0x00007f649c60adc0|[g:1][LedgerParam]parseSDKAllowList,sdkAllowList=[],enableSDKAllowListControl=false
info|2025-10-07 00:04:23.615621|fisco-bcos-0x00007f649c60adc0|[g:1][LEDGER][initLedger][DBInitializer]
info|2025-10-07 00:04:23.615628|fisco-bcos-0x00007f649c60adc0|[g:1][LEDGER]setSDKAllowList,groupId=1,sdkAllowListSize=0
info|2025-10-07 00:04:23.615635|fisco-bcos-0x00007f649c60adc0|[g:1][CHANNEL]registerSDKAllowListByGroupId,groupId=1,size=0
info|2025-10-07 00:04:23.615643|fisco-bcos-0x00007f649c60adc0|[g:1][CHANNEL]Disable group-level sdk permission control for sdk allowlist is empty
info|2025-10-07 00:04:23.615651|fisco-bcos-0x00007f649c60adc0|[g:1][DBINITIALIZER] [initStorageDB]
info|2025-10-07 00:04:23.615658|fisco-bcos-0x00007f649c60adc0|[g:1][DBINITIALIZER] [initRocksDBStorage]
info|2025-10-07 00:04:23.615698|fisco-bcos-0x00007f649c60adc0|[g:1][ROCKSDB]open rocksDB handler,path=data//group1/block/RocksDB
info|2025-10-07 00:04:23.640646|io_service-0x00007f6499891700|[NETWORK][ASIO]asyncResolveConnect,endpoint=127.0.0.1:30303
info|2025-10-07 00:04:23.668492|io_service-0x00007f6499891700|[NETWORK][Host]P2P Recv Connect, From=127.0.0.1:40560
info|2025-10-07 00:04:23.668576|io_service-0x00007f6499891700|[NETWORK][Host]P2P StartAccept,Host=0.0.0.0:30302
info|2025-10-07 00:04:23.670897|fisco-bcos-0x00007f649c60adc0|[g:1][g:1][STORAGE][CachedStorage]Init flushStorage thread
info|2025-10-07 00:04:23.670985|fisco-bcos-0x00007f649c60adc0|[g:1][DBINITIALIZER] [init CachedStorage],maxCapacity=32,maxForwardBlock=10
info|2025-10-07 00:04:23.670993|fisco-bcos-0x00007f649c60adc0|[g:1][LEDGER][initLedger][initBlockChain]
info|2025-10-07 00:04:23.671225|fisco-bcos-0x00007f649c60adc0|[g:1][LEDGER]set enableHexBlock to be false,version=34275328
info|2025-10-07 00:04:23.671242|fisco-bcos-0x00007f649c60adc0|[g:1][BLOCKCHAIN][#checkAndBuildGenesisBlock],shouldBuild=false
info|2025-10-07 00:04:23.671491|fisco-bcos-0x00007f649c60adc0|[g:1][BLOCKCHAIN][#checkAndBuildGenesisBlock]Already have the 0th block, 0th groupMark is equal to file groupMark.
info|2025-10-07 00:04:23.671497|fisco-bcos-0x00007f649c60adc0|[g:1][LEDGER][initLedger]initBlockChain SUCC
info|2025-10-07 00:04:23.671535|fisco-bcos-0x00007f649c60adc0|[g:1][DBINITIALIZER] [createStateFactory],type=storage
info|2025-10-07 00:04:23.671540|fisco-bcos-0x00007f649c60adc0|[g:1][DBINITIALIZER] createStorageState SUCC
info|2025-10-07 00:04:23.671543|fisco-bcos-0x00007f649c60adc0|[g:1][DBINITIALIZER] [createStateFactory SUCC]
info|2025-10-07 00:04:23.671553|fisco-bcos-0x00007f649c60adc0|[g:1][DBINITIALIZER] createExecutiveContext...
info|2025-10-07 00:04:23.671566|fisco-bcos-0x00007f649c60adc0|[g:1][LEDGER]createGasMetric,vmFlagType=0
info|2025-10-07 00:04:23.671573|fisco-bcos-0x00007f649c60adc0|[g:1][LEDGER]createGasMetric
info|2025-10-07 00:04:23.671579|fisco-bcos-0x00007f649c60adc0|[g:1][DBINITIALIZER] create precompiledGasFactory and precompiledResultFactory
info|2025-10-07 00:04:23.671582|fisco-bcos-0x00007f649c60adc0|[g:1][DBINITIALIZER] createExecutiveContext SUCC
info|2025-10-07 00:04:23.671585|fisco-bcos-0x00007f649c60adc0|[g:1][DBINITIALIZER] [setSyncNumForCachedStorage],syncNum=29
info|2025-10-07 00:04:23.671590|fisco-bcos-0x00007f649c60adc0|[g:1][LEDGER][initNetworkBandWidthLimiter: outGoingBandwidthLimit has been disabled],groupId=1
info|2025-10-07 00:04:23.671594|fisco-bcos-0x00007f649c60adc0|[g:1][LEDGER][QPSLimit has been disabled],groupId=1
info|2025-10-07 00:04:23.671605|fisco-bcos-0x00007f649c60adc0|[g:1][LEDGER][initLedger][initBlockVerifier]
info|2025-10-07 00:04:23.671611|fisco-bcos-0x00007f649c60adc0|[g:1][LEDGER][initLedger][initBlockVerifier SUCC],evmFlags=0
info|2025-10-07 00:04:23.671615|fisco-bcos-0x00007f649c60adc0|[g:1][LEDGER][initLedger][initTxPool],txPoolLimit=150000
info|2025-10-07 00:04:23.684056|fisco-bcos-0x00007f649c60adc0|[g:1][LEDGER][initLedger]initTxPool SUCC
info|2025-10-07 00:04:23.684102|fisco-bcos-0x00007f649c60adc0|[g:1][LEDGER][initLedger][initSync],idleWaitMs=200,gossipInterval=1000,gossipPeers=3
info|2025-10-07 00:04:23.684128|fisco-bcos-0x00007f649c60adc0|[g:1][LEDGER]Init sync master,enableSendBlockStatusByTree=true,enableSendTxsByTree=true
info|2025-10-07 00:04:23.684888|fisco-bcos-0x00007f649c60adc0|[g:1][LEDGER][initLedger]initSync SUCC
info|2025-10-07 00:04:23.685288|fisco-bcos-0x00007f649c60adc0|[g:1][LEDGER][initLedger][consensusInitFactory]
info|2025-10-07 00:04:23.686090|fisco-bcos-0x00007f649c60adc0|[g:1][LEDGER][initLedger][createPBFTSealer]
info|2025-10-07 00:04:23.686236|fisco-bcos-0x00007f649c60adc0|[g:1][LEDGER][initLedger][createPBFTSealer],baseDir=data//group1,Protocol=65544
info|2025-10-07 00:04:23.687422|fisco-bcos-0x00007f649c60adc0|[g:1][LEDGER][initLedger]createPBFTSealer for PBFT or rPBFT,consensusType=pbft
info|2025-10-07 00:04:23.687728|fisco-bcos-0x00007f649c60adc0|[g:1][LEDGER]createConsensusEngine: create PBFTEngine
info|2025-10-07 00:04:23.687912|fisco-bcos-0x00007f649c60adc0|[g:1][CONSENSUS][PBFT]Register handler for PBFTEngine
info|2025-10-07 00:04:23.690854|fisco-bcos-0x00007f649c60adc0|[g:1][CONSENSUS][PBFT]setMinBlockGenerationTime,minBlockGenerationTime=500,consensusTime=1000
info|2025-10-07 00:04:23.690967|fisco-bcos-0x00007f649c60adc0|[g:1][LEDGER][initEventLogFilterManager]initEventLogFilterManager SUCC
info|2025-10-07 00:04:23.690993|fisco-bcos-0x00007f649c60adc0|[LedgerInitializer init group succ],groupID=1
info|2025-10-07 00:04:23.691158|fisco-bcos-0x00007f649c60adc0|[SafeHttpServer::StartListening]use default epoll
info|2025-10-07 00:04:23.691773|fisco-bcos-0x00007f649c60adc0|[INITIALIZER][RPCInitializer JsonrpcHttpServer started],jsonrpc_IP=127.0.0.1,jsonrpc_listen_port=8547,jsonrpc_thread_count=8,ipv6=false,disableDynamicGroup=false,uncheckGroupMember=false
info|2025-10-07 00:04:23.691808|fisco-bcos-0x00007f649c60adc0|[g:1][LEDGER]startAll...
info|2025-10-07 00:04:23.699067|io_service-0x00007f6499891700|[NETWORK][Host]handshakeClient succ,local endpoint=127.0.0.1:39932
info|2025-10-07 00:04:23.699274|P2P-0x00007f649b094700|[P2P][Service] Connection established,nodeID=73994dae...,endpoint=127.0.0.1:30300
info|2025-10-07 00:04:23.699310|io_service-0x00007f6499891700|[NETWORK][Host]startPeerSession, Remote=127.0.0.1:30300,local endpoint=127.0.0.1:39932,nodeID=73994dae...
info|2025-10-07 00:04:23.704203|io_service-0x00007f6499891700|[NETWORK][Host]handshakeServer succ,remote endpoint=127.0.0.1:40544
info|2025-10-07 00:04:23.704362|P2P-0x00007f649a893700|[P2P][Service] Connection established,nodeID=064cb676...,endpoint=127.0.0.1:40544
info|2025-10-07 00:04:23.704402|io_service-0x00007f6499891700|[NETWORK][Host]startPeerSession, Remote=127.0.0.1:40544,local endpoint=127.0.0.1:30302,nodeID=064cb676...
info|2025-10-07 00:04:23.704441|io_service-0x00007f6499891700|[NETWORK][Host]handshakeServer succ,remote endpoint=127.0.0.1:40546
info|2025-10-07 00:04:23.704475|io_service-0x00007f6499891700|[NETWORK][Host]startPeerSession, Remote=127.0.0.1:40546,local endpoint=127.0.0.1:30302,nodeID=87d00b98...
info|2025-10-07 00:04:23.704743|io_service-0x00007f6499891700|[NETWORK][Host]handshakeClient succ,local endpoint=127.0.0.1:40546
info|2025-10-07 00:04:23.704785|io_service-0x00007f6499891700|[NETWORK][Host]startPeerSession, Remote=127.0.0.1:30302,local endpoint=127.0.0.1:40546,nodeID=87d00b98...
info|2025-10-07 00:04:23.707573|fisco-bcos-0x00007f649c60adc0|[g:1][GossipBlockStatus]start GossipBlockStatus succ
info|2025-10-07 00:04:23.707613|fisco-bcos-0x00007f649c60adc0|[g:1][CONSENSUS][ConsensusEngine][Start ConsensusEngineBase]
info|2025-10-07 00:04:23.707927|fisco-bcos-0x00007f649c60adc0|[g:1][CONSENSUS][PBFT]^^^^^^^^Report,num=29,sealerIdx=2,hash=8afc63f2...,next=30,tx=1,nodeIdx=3
info|2025-10-07 00:04:23.707965|fisco-bcos-0x00007f649c60adc0|[g:1][ROCKSDB]open rocksDB handler,path=data//group1/pbftMsgBackup/RocksDB
info|2025-10-07 00:04:23.731755|fisco-bcos-0x00007f649c60adc0|[g:1][CONSENSUS][PBFT][PBFT init env successfully]
info|2025-10-07 00:04:23.731825|fisco-bcos-0x00007f649c60adc0|[g:1][CONSENSUS][PBFT][Start PBFTEngine...]
info|2025-10-07 00:04:23.731839|fisco-bcos-0x00007f649c60adc0|[g:1][CONSENSUS][SEALER][Start sealer module]
info|2025-10-07 00:04:23.733703|fisco-bcos-0x00007f649c60adc0|[g:1][EVENT][EventLogFilterManager]start,m_maxBlockRange=0,m_maxBlockPerLoopFilter=3
info|2025-10-07 00:04:23.735330|alignTime-1-0x00007f648a072700|[g:1][NodeTimeMaintenance]updateTimeInfo: update median time offset,updatedMedianTimeOffset=-85,peer=73994dae...,peerTime=1759820663650,peerOffset=-85,utcTime=1759820663735
info|2025-10-07 00:04:23.735536|io_service-0x00007f6499891700|[NETWORK][Host]handshakeServer succ,remote endpoint=127.0.0.1:40560
info|2025-10-07 00:04:23.735598|P2P-0x00007f649b094700|[P2P][Service] Connection established,nodeID=374bdfe9...,endpoint=127.0.0.1:40560
info|2025-10-07 00:04:23.735619|io_service-0x00007f6499891700|[NETWORK][Host]startPeerSession, Remote=127.0.0.1:40560,local endpoint=127.0.0.1:30302,nodeID=374bdfe9...
info|2025-10-07 00:04:23.735709|io_service-0x00007f6499891700|[NETWORK][Host]handshakeClient succ,local endpoint=127.0.0.1:34738
info|2025-10-07 00:04:23.735742|io_service-0x00007f6499891700|[NETWORK][Host]startPeerSession, Remote=127.0.0.1:30303,local endpoint=127.0.0.1:34738,nodeID=064cb676...
info|2025-10-07 00:04:23.735995|alignTime-1-0x00007f648a072700|[g:1][NodeTimeMaintenance]updateTimeInfo: update median time offset,updatedMedianTimeOffset=-48,peer=064cb676...,peerTime=1759820663723,peerOffset=-12,utcTime=1759820663736
info|2025-10-07 00:04:23.923931|alignTime-1-0x00007f648a072700|[g:1][NodeTimeMaintenance]updateTimeInfo: update median time offset,updatedMedianTimeOffset=-12,peer=374bdfe9...,peerTime=1759820663923,peerOffset=0,utcTime=1759820663923
info|2025-10-07 00:04:24.709341|PBFT-1-0x00007f647f85d700|[g:1][CONSENSUS]addRawPrepare,height=30,reqIdx=1,hash=6524f0cc...,time=0
info|2025-10-07 00:04:24.714083|PBFT-1-0x00007f647f85d700|[g:1][CONSENSUS][PBFT]checkTimeout Succ,view=0,toView=1,nodeIdx=3,changeCycle=1,myNode=87d00b98...,timecost=5
info|2025-10-07 00:04:24.719453|PBFT-1-0x00007f647f85d700|[g:1][CONSENSUS][PBFT]checkAndChangeView: Reach consensus,org_view=0,cur_changeCycle=1,curView=0,view=1
info|2025-10-07 00:04:25.723734|PBFT-1-0x00007f647f85d700|[g:1][CONSENSUS]addRawPrepare,height=30,reqIdx=2,hash=5bfacf54...,time=0
info|2025-10-07 00:04:25.730972|PBFT-1-0x00007f647f85d700|[g:1][CONSENSUS][PBFT]checkTimeout Succ,view=1,toView=2,nodeIdx=3,changeCycle=1,myNode=87d00b98...,timecost=6
info|2025-10-07 00:04:25.737886|PBFT-1-0x00007f647f85d700|[g:1][CONSENSUS][PBFT]checkAndChangeView: Reach consensus,org_view=1,cur_changeCycle=1,curView=1,view=2
info|2025-10-07 00:04:26.737946|PBFTSeal-1-0x00007f647804e700|[g:1][CONSENSUS][SEALER]++++++++++++++++ Generating seal on,blkNum=30,tx=0,nodeIdx=3,hash=202654e8...
info|2025-10-07 00:04:26.743676|PBFT-1-0x00007f647f85d700|[g:1][CONSENSUS][PBFT]checkTimeout Succ,view=2,toView=3,nodeIdx=3,changeCycle=1,myNode=87d00b98...,timecost=2
info|2025-10-07 00:04:26.757183|PBFT-1-0x00007f647f85d700|[g:1][CONSENSUS][PBFT]checkAndChangeView: Reach consensus,org_view=2,cur_changeCycle=1,curView=2,view=3
info|2025-10-07 00:04:27.760371|PBFT-1-0x00007f647f85d700|[g:1][CONSENSUS]addRawPrepare,height=30,reqIdx=0,hash=e2d8676a...,time=0
info|2025-10-07 00:04:27.765694|PBFT-1-0x00007f647f85d700|[g:1][CONSENSUS][PBFT]checkTimeout Succ,view=3,toView=4,nodeIdx=3,changeCycle=1,myNode=87d00b98...,timecost=5
info|2025-10-07 00:04:27.775859|PBFT-1-0x00007f647f85d700|[g:1][CONSENSUS][PBFT]checkAndChangeView: Reach consensus,org_view=3,cur_changeCycle=1,curView=3,view=4
info|2025-10-07 00:04:28.780498|PBFT-1-0x00007f647f85d700|[g:1][CONSENSUS]addRawPrepare,height=30,reqIdx=1,hash=66a29cc6...,time=0
info|2025-10-07 00:04:28.782379|PBFT-1-0x00007f647f85d700|[g:1][CONSENSUS][PBFT]checkTimeout Succ,view=4,toView=5,nodeIdx=3,changeCycle=1,myNode=87d00b98...,timecost=2
info|2025-10-07 00:04:28.787712|PBFT-1-0x00007f647f85d700|[g:1][CONSENSUS][PBFT]checkAndChangeView: Reach consensus,org_view=4,cur_changeCycle=1,curView=4,view=5
info|2025-10-07 00:04:29.798803|PBFT-1-0x00007f647f85d700|[g:1][CONSENSUS]addRawPrepare,height=30,reqIdx=2,hash=d5484f35...,time=0
info|2025-10-07 00:04:29.803007|PBFT-1-0x00007f647f85d700|[g:1][CONSENSUS][PBFT]checkTimeout Succ,view=5,toView=6,nodeIdx=3,changeCycle=1,myNode=87d00b98...,timecost=5
info|2025-10-07 00:04:29.812367|PBFT-1-0x00007f647f85d700|[g:1][CONSENSUS][PBFT]checkAndChangeView: Reach consensus,org_view=5,cur_changeCycle=1,curView=5,view=6
info|2025-10-07 00:04:30.813026|PBFTSeal-1-0x00007f647804e700|[g:1][CONSENSUS][SEALER]++++++++++++++++ Generating seal on,blkNum=30,tx=0,nodeIdx=3,hash=af4c4039...
info|2025-10-07 00:04:30.816840|PBFT-1-0x00007f647f85d700|[g:1][CONSENSUS][PBFT]checkTimeout Succ,view=6,toView=7,nodeIdx=3,changeCycle=1,myNode=87d00b98...,timecost=1
info|2025-10-07 00:04:30.827124|PBFT-1-0x00007f647f85d700|[g:1][CONSENSUS][PBFT]checkAndChangeView: Reach consensus,org_view=6,cur_changeCycle=1,curView=6,view=7
info|2025-10-07 00:04:31.836484|PBFT-1-0x00007f647f85d700|[g:1][CONSENSUS]addRawPrepare,height=30,reqIdx=0,hash=f4f5440d...,time=0
info|2025-10-07 00:04:31.837519|PBFT-1-0x00007f647f85d700|[g:1][CONSENSUS][PBFT]checkTimeout Succ,view=7,toView=8,nodeIdx=3,changeCycle=1,myNode=87d00b98...,timecost=1
info|2025-10-07 00:04:31.845089|PBFT-1-0x00007f647f85d700|[g:1][CONSENSUS][PBFT]checkAndChangeView: Reach consensus,org_view=7,cur_changeCycle=1,curView=7,view=8
info|2025-10-07 00:04:32.853496|PBFT-1-0x00007f647f85d700|[g:1][CONSENSUS]addRawPrepare,height=30,reqIdx=1,hash=02b93c1d...,time=0
info|2025-10-07 00:04:32.857554|PBFT-1-0x00007f647f85d700|[g:1][CONSENSUS][PBFT]checkTimeout Succ,view=8,toView=9,nodeIdx=3,changeCycle=1,myNode=87d00b98...,timecost=4
info|2025-10-07 00:04:32.861816|PBFT-1-0x00007f647f85d700|[g:1][CONSENSUS][PBFT]checkAndChangeView: Reach consensus,org_view=8,cur_changeCycle=1,curView=8,view=9
info|2025-10-07 00:04:33.565425|io_service-0x00007f6499891700|[NETWORK][Host]P2P Recv Connect, From=127.0.0.1:49192
info|2025-10-07 00:04:33.565502|io_service-0x00007f6499891700|[NETWORK][Host]P2P StartAccept,Host=0.0.0.0:30302
info|2025-10-07 00:04:33.595605|io_service-0x00007f6499891700|[NETWORK][Host]handshakeServer succ,remote endpoint=127.0.0.1:49192
info|2025-10-07 00:04:33.595736|io_service-0x00007f6499891700|[NETWORK][Host]startPeerSession, Remote=127.0.0.1:49192,local endpoint=127.0.0.1:30302,nodeID=73994dae...
info|2025-10-07 00:04:33.598398|io_service-0x00007f6499891700|[NETWORK][Host]Connecting to node,endpoint=127.0.0.1:30301
info|2025-10-07 00:04:33.598552|io_service-0x00007f6499891700|[P2P][Service] heartBeat,connected count=3
info|2025-10-07 00:04:33.598722|io_service-0x00007f6499891700|[NETWORK][ASIO]asyncResolveConnect,endpoint=127.0.0.1:30301
info|2025-10-07 00:04:33.612956|io_service-0x00007f6499891700|[NETWORK][Host]handshakeClient succ,local endpoint=127.0.0.1:36034
info|2025-10-07 00:04:33.613047|io_service-0x00007f6499891700|[NETWORK][Host]startPeerSession, Remote=127.0.0.1:30301,local endpoint=127.0.0.1:36034,nodeID=374bdfe9...
info|2025-10-07 00:04:33.866815|PBFT-1-0x00007f647f85d700|[g:1][CONSENSUS]addRawPrepare,height=30,reqIdx=2,hash=414b2a2b...,time=0
info|2025-10-07 00:04:33.868771|PBFT-1-0x00007f647f85d700|[g:1][CONSENSUS][PBFT]checkTimeout Succ,view=9,toView=10,nodeIdx=3,changeCycle=1,myNode=87d00b98...,timecost=2
info|2025-10-07 00:04:33.873543|PBFT-1-0x00007f647f85d700|[g:1][CONSENSUS][PBFT]checkAndChangeView: Reach consensus,org_view=9,cur_changeCycle=1,curView=9,view=10
info|2025-10-07 00:04:34.875175|PBFTSeal-1-0x00007f647804e700|[g:1][CONSENSUS][SEALER]++++++++++++++++ Generating seal on,blkNum=30,tx=0,nodeIdx=3,hash=a6dd3b1d...
info|2025-10-07 00:04:34.887996|PBFT-1-0x00007f647f85d700|[g:1][CONSENSUS][PBFT]checkTimeout Succ,view=10,toView=11,nodeIdx=3,changeCycle=1,myNode=87d00b98...,timecost=5
info|2025-10-07 00:04:34.895272|PBFT-1-0x00007f647f85d700|[g:1][CONSENSUS][PBFT]checkAndChangeView: Reach consensus,org_view=10,cur_changeCycle=1,curView=10,view=11
info|2025-10-07 00:04:35.904661|PBFT-1-0x00007f647f85d700|[g:1][CONSENSUS]addRawPrepare,height=30,reqIdx=0,hash=7e46f1a7...,time=0
info|2025-10-07 00:04:35.906717|PBFT-1-0x00007f647f85d700|[g:1][CONSENSUS][PBFT]checkTimeout Succ,view=11,toView=12,nodeIdx=3,changeCycle=1,myNode=87d00b98...,timecost=2
info|2025-10-07 00:04:35.916028|PBFT-1-0x00007f647f85d700|[g:1][CONSENSUS][PBFT]checkAndChangeView: Reach consensus,org_view=11,cur_changeCycle=1,curView=11,view=12
info|2025-10-07 00:04:36.924924|PBFT-1-0x00007f647f85d700|[g:1][CONSENSUS]addRawPrepare,height=30,reqIdx=1,hash=5f06f298...,time=0
info|2025-10-07 00:04:36.929974|PBFT-1-0x00007f647f85d700|[g:1][CONSENSUS][PBFT]checkTimeout Succ,view=12,toView=13,nodeIdx=3,changeCycle=1,myNode=87d00b98...,timecost=4
info|2025-10-07 00:04:36.935497|PBFT-1-0x00007f647f85d700|[g:1][CONSENSUS][PBFT]checkAndChangeView: Reach consensus,org_view=12,cur_changeCycle=1,curView=12,view=13
info|2025-10-07 00:04:37.945854|PBFT-1-0x00007f647f85d700|[g:1][CONSENSUS]addRawPrepare,height=30,reqIdx=2,hash=2b494578...,time=0
info|2025-10-07 00:04:37.948128|PBFT-1-0x00007f647f85d700|[g:1][CONSENSUS][PBFT]checkTimeout Succ,view=13,toView=14,nodeIdx=3,changeCycle=1,myNode=87d00b98...,timecost=3
info|2025-10-07 00:04:37.951939|PBFT-1-0x00007f647f85d700|[g:1][CONSENSUS][PBFT]checkAndChangeView: Reach consensus,org_view=13,cur_changeCycle=1,curView=13,view=14
info|2025-10-07 00:04:38.951822|PBFTSeal-1-0x00007f647804e700|[g:1][CONSENSUS][SEALER]++++++++++++++++ Generating seal on,blkNum=30,tx=0,nodeIdx=3,hash=7d805694...
info|2025-10-07 00:04:38.964589|PBFT-1-0x00007f647f85d700|[g:1][CONSENSUS][PBFT]checkTimeout Succ,view=14,toView=15,nodeIdx=3,changeCycle=1,myNode=87d00b98...,timecost=2
info|2025-10-07 00:04:38.967291|PBFT-1-0x00007f647f85d700|[g:1][CONSENSUS][PBFT]checkAndChangeView: Reach consensus,org_view=14,cur_changeCycle=1,curView=14,view=15
info|2025-10-07 00:04:39.974461|PBFT-1-0x00007f647f85d700|[g:1][CONSENSUS]addRawPrepare,height=30,reqIdx=0,hash=7f213472...,time=1
info|2025-10-07 00:04:39.976751|PBFT-1-0x00007f647f85d700|[g:1][CONSENSUS][PBFT]checkTimeout Succ,view=15,toView=16,nodeIdx=3,changeCycle=1,myNode=87d00b98...,timecost=1
info|2025-10-07 00:04:39.983325|PBFT-1-0x00007f647f85d700|[g:1][CONSENSUS][PBFT]checkAndChangeView: Reach consensus,org_view=15,cur_changeCycle=1,curView=15,view=16
info|2025-10-07 00:04:40.987439|PBFT-1-0x00007f647f85d700|[g:1][CONSENSUS]addRawPrepare,height=30,reqIdx=1,hash=07f8389c...,time=0
info|2025-10-07 00:04:40.999442|PBFT-1-0x00007f647f85d700|[g:1][CONSENSUS][PBFT]checkTimeout Succ,view=16,toView=17,nodeIdx=3,changeCycle=1,myNode=87d00b98...,timecost=12
info|2025-10-07 00:04:41.003771|PBFT-1-0x00007f647f85d700|[g:1][CONSENSUS][PBFT]checkAndChangeView: Reach consensus,org_view=16,cur_changeCycle=1,curView=16,view=17
info|2025-10-07 00:04:42.016091|PBFT-1-0x00007f647f85d700|[g:1][CONSENSUS]addRawPrepare,height=30,reqIdx=2,hash=76ced786...,time=0
info|2025-10-07 00:04:42.017871|PBFT-1-0x00007f647f85d700|[g:1][CONSENSUS][PBFT]checkTimeout Succ,view=17,toView=18,nodeIdx=3,changeCycle=1,myNode=87d00b98...,timecost=1
info|2025-10-07 00:04:42.021195|PBFT-1-0x00007f647f85d700|[g:1][CONSENSUS][PBFT]checkAndChangeView: Reach consensus,org_view=17,cur_changeCycle=1,curView=17,view=18
info|2025-10-07 00:04:43.025373|PBFTSeal-1-0x00007f647804e700|[g:1][CONSENSUS][SEALER]++++++++++++++++ Generating seal on,blkNum=30,tx=0,nodeIdx=3,hash=a31dab5e...
info|2025-10-07 00:04:43.037406|PBFT-1-0x00007f647f85d700|[g:1][CONSENSUS][PBFT]checkTimeout Succ,view=18,toView=19,nodeIdx=3,changeCycle=1,myNode=87d00b98...,timecost=9
info|2025-10-07 00:04:43.057666|PBFT-1-0x00007f647f85d700|[g:1][CONSENSUS][PBFT]checkAndChangeView: Reach consensus,org_view=18,cur_changeCycle=1,curView=18,view=19
info|2025-10-07 00:04:43.598757|io_service-0x00007f6499891700|[P2P][Service] heartBeat,connected count=3
info|2025-10-07 00:04:43.653019|P2P-0x00007f649b094700|[NETWORK][Session]Received topic: [2	_block_notify_1] from 73994dae9e8b8da733108a4153dfe79151d701dff425f84c87b5324e8ebd02ab6a0ebc9e4f1e0298a7ddca50f94a8f95c62b6997226d571e470e8f2b0600634a
info|2025-10-07 00:04:44.115340|PBFT-1-0x00007f647f85d700|[g:1][CONSENSUS][PBFT]Trigger fast-viewchange,view=19,toView=19,minView=20,INFO=,reqNum=29,curNum=29,GenIdx=0,Cview=20,view=19,fromIdx=0,fromNode=064cb676...,fromIp=127.0.0.1:40544,hash=8afc63f2...,nodeIdx=3,myNode=87d00b98...
info|2025-10-07 00:04:44.117091|PBFT-1-0x00007f647f85d700|[g:1][CONSENSUS][PBFT]checkAndChangeView: Reach consensus,org_view=19,cur_changeCycle=2,curView=19,view=20
info|2025-10-07 00:04:44.117149|PBFT-1-0x00007f647f85d700|[g:1][CONSENSUS][PBFT]checkTimeout Succ,view=20,toView=20,nodeIdx=3,changeCycle=2,myNode=87d00b98...,timecost=2
info|2025-10-07 00:04:45.124923|PBFT-1-0x00007f647f85d700|[g:1][CONSENSUS]addRawPrepare,height=30,reqIdx=1,hash=3bdd6a93...,time=0
info|2025-10-07 00:04:45.131686|PBFT-1-0x00007f647f85d700|[g:1][CONSENSUS][PBFT]checkTimeout Succ,view=20,toView=21,nodeIdx=3,changeCycle=1,myNode=87d00b98...,timecost=7
info|2025-10-07 00:04:45.153021|PBFT-1-0x00007f647f85d700|[g:1][CONSENSUS][PBFT]checkAndChangeView: Reach consensus,org_view=20,cur_changeCycle=1,curView=20,view=21
info|2025-10-07 00:04:46.154819|PBFT-1-0x00007f647f85d700|[g:1][CONSENSUS]addRawPrepare,height=30,reqIdx=2,hash=3cb96ebf...,time=0
info|2025-10-07 00:04:46.158021|PBFT-1-0x00007f647f85d700|[g:1][CONSENSUS][PBFT]checkTimeout Succ,view=21,toView=22,nodeIdx=3,changeCycle=1,myNode=87d00b98...,timecost=4
info|2025-10-07 00:04:46.162948|PBFT-1-0x00007f647f85d700|[g:1][CONSENSUS][PBFT]checkAndChangeView: Reach consensus,org_view=21,cur_changeCycle=1,curView=21,view=22
info|2025-10-07 00:04:47.163024|PBFTSeal-1-0x00007f647804e700|[g:1][CONSENSUS][SEALER]++++++++++++++++ Generating seal on,blkNum=30,tx=0,nodeIdx=3,hash=ce06dc1c...
info|2025-10-07 00:04:47.173579|PBFT-1-0x00007f647f85d700|[g:1][CONSENSUS][PBFT]checkTimeout Succ,view=22,toView=23,nodeIdx=3,changeCycle=1,myNode=87d00b98...,timecost=2
info|2025-10-07 00:04:47.182850|PBFT-1-0x00007f647f85d700|[g:1][CONSENSUS][PBFT]checkAndChangeView: Reach consensus,org_view=22,cur_changeCycle=1,curView=22,view=23
info|2025-10-07 00:04:48.197691|PBFT-1-0x00007f647f85d700|[g:1][CONSENSUS]addRawPrepare,height=30,reqIdx=0,hash=8cbb41a0...,time=0
info|2025-10-07 00:04:48.204516|PBFT-1-0x00007f647f85d700|[g:1][CONSENSUS][PBFT]checkTimeout Succ,view=23,toView=24,nodeIdx=3,changeCycle=1,myNode=87d00b98...,timecost=1
info|2025-10-07 00:04:48.206149|PBFT-1-0x00007f647f85d700|[g:1][CONSENSUS][PBFT]checkAndChangeView: Reach consensus,org_view=23,cur_changeCycle=1,curView=23,view=24
info|2025-10-07 00:04:49.212696|PBFT-1-0x00007f647f85d700|[g:1][CONSENSUS]addRawPrepare,height=30,reqIdx=1,hash=a3d38da0...,time=0
info|2025-10-07 00:04:49.215466|PBFT-1-0x00007f647f85d700|[g:1][CONSENSUS][PBFT]checkTimeout Succ,view=24,toView=25,nodeIdx=3,changeCycle=1,myNode=87d00b98...,timecost=3
info|2025-10-07 00:04:49.218133|PBFT-1-0x00007f647f85d700|[g:1][CONSENSUS][PBFT]checkAndChangeView: Reach consensus,org_view=24,cur_changeCycle=1,curView=24,view=25
info|2025-10-07 00:04:50.224610|PBFT-1-0x00007f647f85d700|[g:1][CONSENSUS]addRawPrepare,height=30,reqIdx=2,hash=37f62bdc...,time=0
info|2025-10-07 00:04:50.230556|PBFT-1-0x00007f647f85d700|[g:1][CONSENSUS][PBFT]checkTimeout Succ,view=25,toView=26,nodeIdx=3,changeCycle=1,myNode=87d00b98...,timecost=6
info|2025-10-07 00:04:50.235468|PBFT-1-0x00007f647f85d700|[g:1][CONSENSUS][PBFT]checkAndChangeView: Reach consensus,org_view=25,cur_changeCycle=1,curView=25,view=26
info|2025-10-07 00:04:51.237262|PBFTSeal-1-0x00007f647804e700|[g:1][CONSENSUS][SEALER]++++++++++++++++ Generating seal on,blkNum=30,tx=0,nodeIdx=3,hash=b3b2bf1c...
info|2025-10-07 00:04:51.247178|PBFT-1-0x00007f647f85d700|[g:1][CONSENSUS][PBFT]checkTimeout Succ,view=26,toView=27,nodeIdx=3,changeCycle=1,myNode=87d00b98...,timecost=4
info|2025-10-07 00:04:51.252626|PBFT-1-0x00007f647f85d700|[g:1][CONSENSUS][PBFT]checkAndChangeView: Reach consensus,org_view=26,cur_changeCycle=1,curView=26,view=27
info|2025-10-07 00:04:52.267301|PBFT-1-0x00007f647f85d700|[g:1][CONSENSUS]addRawPrepare,height=30,reqIdx=0,hash=078835b9...,time=0
info|2025-10-07 00:04:52.268728|PBFT-1-0x00007f647f85d700|[g:1][CONSENSUS][PBFT]checkTimeout Succ,view=27,toView=28,nodeIdx=3,changeCycle=1,myNode=87d00b98...,timecost=1
info|2025-10-07 00:04:52.275952|PBFT-1-0x00007f647f85d700|[g:1][CONSENSUS][PBFT]checkAndChangeView: Reach consensus,org_view=27,cur_changeCycle=1,curView=27,view=28
info|2025-10-07 00:04:53.282942|PBFT-1-0x00007f647f85d700|[g:1][CONSENSUS]addRawPrepare,height=30,reqIdx=1,hash=341f2932...,time=0
info|2025-10-07 00:04:53.287285|PBFT-1-0x00007f647f85d700|[g:1][CONSENSUS][PBFT]checkTimeout Succ,view=28,toView=29,nodeIdx=3,changeCycle=1,myNode=87d00b98...,timecost=4
info|2025-10-07 00:04:53.292835|PBFT-1-0x00007f647f85d700|[g:1][CONSENSUS][PBFT]checkAndChangeView: Reach consensus,org_view=28,cur_changeCycle=1,curView=28,view=29
info|2025-10-07 00:04:53.598962|io_service-0x00007f6499891700|[P2P][Service] heartBeat,connected count=3
info|2025-10-07 00:04:54.301708|PBFT-1-0x00007f647f85d700|[g:1][CONSENSUS]addRawPrepare,height=30,reqIdx=2,hash=c238ae22...,time=0
info|2025-10-07 00:04:54.305218|PBFT-1-0x00007f647f85d700|[g:1][CONSENSUS][PBFT]checkTimeout Succ,view=29,toView=30,nodeIdx=3,changeCycle=1,myNode=87d00b98...,timecost=4
info|2025-10-07 00:04:54.307413|PBFT-1-0x00007f647f85d700|[g:1][CONSENSUS][PBFT]checkAndChangeView: Reach consensus,org_view=29,cur_changeCycle=1,curView=29,view=30
info|2025-10-07 00:04:55.307080|PBFTSeal-1-0x00007f647804e700|[g:1][CONSENSUS][SEALER]++++++++++++++++ Generating seal on,blkNum=30,tx=0,nodeIdx=3,hash=31bd17e5...
info|2025-10-07 00:04:55.313702|PBFT-1-0x00007f647f85d700|[g:1][CONSENSUS][PBFT]checkTimeout Succ,view=30,toView=31,nodeIdx=3,changeCycle=1,myNode=87d00b98...,timecost=1
info|2025-10-07 00:04:55.321171|PBFT-1-0x00007f647f85d700|[g:1][CONSENSUS][PBFT]checkAndChangeView: Reach consensus,org_view=30,cur_changeCycle=1,curView=30,view=31
info|2025-10-07 00:04:56.328054|PBFT-1-0x00007f647f85d700|[g:1][CONSENSUS]addRawPrepare,height=30,reqIdx=0,hash=35fbddfc...,time=0
info|2025-10-07 00:04:56.329691|PBFT-1-0x00007f647f85d700|[g:1][CONSENSUS][PBFT]checkTimeout Succ,view=31,toView=32,nodeIdx=3,changeCycle=1,myNode=87d00b98...,timecost=1
info|2025-10-07 00:04:56.342404|PBFT-1-0x00007f647f85d700|[g:1][CONSENSUS][PBFT]checkAndChangeView: Reach consensus,org_view=31,cur_changeCycle=1,curView=31,view=32
info|2025-10-07 00:04:57.346701|PBFT-1-0x00007f647f85d700|[g:1][CONSENSUS]addRawPrepare,height=30,reqIdx=1,hash=9b1883b4...,time=0
info|2025-10-07 00:04:57.350686|PBFT-1-0x00007f647f85d700|[g:1][CONSENSUS][PBFT]checkTimeout Succ,view=32,toView=33,nodeIdx=3,changeCycle=1,myNode=87d00b98...,timecost=3
info|2025-10-07 00:04:57.355597|PBFT-1-0x00007f647f85d700|[g:1][CONSENSUS][PBFT]checkAndChangeView: Reach consensus,org_view=32,cur_changeCycle=1,curView=32,view=33
info|2025-10-07 00:04:58.360908|PBFT-1-0x00007f647f85d700|[g:1][CONSENSUS]addRawPrepare,height=30,reqIdx=2,hash=2ae1ce94...,time=0
info|2025-10-07 00:04:58.369324|PBFT-1-0x00007f647f85d700|[g:1][CONSENSUS][PBFT]checkTimeout Succ,view=33,toView=34,nodeIdx=3,changeCycle=1,myNode=87d00b98...,timecost=9
info|2025-10-07 00:04:58.376596|PBFT-1-0x00007f647f85d700|[g:1][CONSENSUS][PBFT]checkAndChangeView: Reach consensus,org_view=33,cur_changeCycle=1,curView=33,view=34
info|2025-10-07 00:04:59.377971|PBFTSeal-1-0x00007f647804e700|[g:1][CONSENSUS][SEALER]++++++++++++++++ Generating seal on,blkNum=30,tx=0,nodeIdx=3,hash=72c35736...
info|2025-10-07 00:04:59.388656|PBFT-1-0x00007f647f85d700|[g:1][CONSENSUS][PBFT]checkTimeout Succ,view=34,toView=35,nodeIdx=3,changeCycle=1,myNode=87d00b98...,timecost=3
info|2025-10-07 00:04:59.390253|PBFT-1-0x00007f647f85d700|[g:1][CONSENSUS][PBFT]checkAndChangeView: Reach consensus,org_view=34,cur_changeCycle=1,curView=34,view=35
info|2025-10-07 00:05:00.400570|PBFT-1-0x00007f647f85d700|[g:1][CONSENSUS]addRawPrepare,height=30,reqIdx=0,hash=5c3fae05...,time=0
info|2025-10-07 00:05:00.406596|PBFT-1-0x00007f647f85d700|[g:1][CONSENSUS][PBFT]checkTimeout Succ,view=35,toView=36,nodeIdx=3,changeCycle=1,myNode=87d00b98...,timecost=6
info|2025-10-07 00:05:00.412891|PBFT-1-0x00007f647f85d700|[g:1][CONSENSUS][PBFT]checkAndChangeView: Reach consensus,org_view=35,cur_changeCycle=1,curView=35,view=36
info|2025-10-07 00:05:01.421510|PBFT-1-0x00007f647f85d700|[g:1][CONSENSUS]addRawPrepare,height=30,reqIdx=1,hash=5204ad56...,time=0
info|2025-10-07 00:05:01.425620|PBFT-1-0x00007f647f85d700|[g:1][CONSENSUS][PBFT]checkTimeout Succ,view=36,toView=37,nodeIdx=3,changeCycle=1,myNode=87d00b98...,timecost=4
info|2025-10-07 00:05:01.430951|PBFT-1-0x00007f647f85d700|[g:1][CONSENSUS][PBFT]checkAndChangeView: Reach consensus,org_view=36,cur_changeCycle=1,curView=36,view=37
info|2025-10-07 00:05:02.435264|PBFT-1-0x00007f647f85d700|[g:1][CONSENSUS]addRawPrepare,height=30,reqIdx=2,hash=a4d2f037...,time=0
info|2025-10-07 00:05:02.440074|PBFT-1-0x00007f647f85d700|[g:1][CONSENSUS][PBFT]checkTimeout Succ,view=37,toView=38,nodeIdx=3,changeCycle=1,myNode=87d00b98...,timecost=5
info|2025-10-07 00:05:02.461859|PBFT-1-0x00007f647f85d700|[g:1][CONSENSUS][PBFT]checkAndChangeView: Reach consensus,org_view=37,cur_changeCycle=1,curView=37,view=38
info|2025-10-07 00:05:03.462864|PBFTSeal-1-0x00007f647804e700|[g:1][CONSENSUS][SEALER]++++++++++++++++ Generating seal on,blkNum=30,tx=0,nodeIdx=3,hash=64c09f30...
info|2025-10-07 00:05:03.465665|PBFT-1-0x00007f647f85d700|[g:1][CONSENSUS][PBFT]checkTimeout Succ,view=38,toView=39,nodeIdx=3,changeCycle=1,myNode=87d00b98...,timecost=1
info|2025-10-07 00:05:03.481820|PBFT-1-0x00007f647f85d700|[g:1][CONSENSUS][PBFT]checkAndChangeView: Reach consensus,org_view=38,cur_changeCycle=1,curView=38,view=39
info|2025-10-07 00:05:03.599177|io_service-0x00007f6499891700|[P2P][Service] heartBeat,connected count=3
info|2025-10-07 00:05:04.490297|PBFT-1-0x00007f647f85d700|[g:1][CONSENSUS]addRawPrepare,height=30,reqIdx=0,hash=eeffee72...,time=0
info|2025-10-07 00:05:04.495708|PBFT-1-0x00007f647f85d700|[g:1][CONSENSUS][PBFT]checkTimeout Succ,view=39,toView=40,nodeIdx=3,changeCycle=1,myNode=87d00b98...,timecost=5
info|2025-10-07 00:05:04.504132|PBFT-1-0x00007f647f85d700|[g:1][CONSENSUS][PBFT]checkAndChangeView: Reach consensus,org_view=39,cur_changeCycle=1,curView=39,view=40
info|2025-10-07 00:05:05.505749|PBFT-1-0x00007f647f85d700|[g:1][CONSENSUS]addRawPrepare,height=30,reqIdx=1,hash=b26b8182...,time=0
info|2025-10-07 00:05:05.507971|PBFT-1-0x00007f647f85d700|[g:1][CONSENSUS][PBFT]checkTimeout Succ,view=40,toView=41,nodeIdx=3,changeCycle=1,myNode=87d00b98...,timecost=1
info|2025-10-07 00:05:05.521243|PBFT-1-0x00007f647f85d700|[g:1][CONSENSUS][PBFT]checkAndChangeView: Reach consensus,org_view=40,cur_changeCycle=1,curView=40,view=41
info|2025-10-07 00:05:06.527811|PBFT-1-0x00007f647f85d700|[g:1][CONSENSUS]addRawPrepare,height=30,reqIdx=2,hash=992f4208...,time=0
info|2025-10-07 00:05:06.533546|PBFT-1-0x00007f647f85d700|[g:1][CONSENSUS][PBFT]checkTimeout Succ,view=41,toView=42,nodeIdx=3,changeCycle=1,myNode=87d00b98...,timecost=4
info|2025-10-07 00:05:06.539356|PBFT-1-0x00007f647f85d700|[g:1][CONSENSUS][PBFT]checkAndChangeView: Reach consensus,org_view=41,cur_changeCycle=1,curView=41,view=42
info|2025-10-07 00:05:07.538988|PBFTSeal-1-0x00007f647804e700|[g:1][CONSENSUS][SEALER]++++++++++++++++ Generating seal on,blkNum=30,tx=0,nodeIdx=3,hash=6f0907d1...
info|2025-10-07 00:05:07.552386|PBFT-1-0x00007f647f85d700|[g:1][CONSENSUS][PBFT]checkTimeout Succ,view=42,toView=43,nodeIdx=3,changeCycle=1,myNode=87d00b98...,timecost=11
info|2025-10-07 00:05:07.559546|PBFT-1-0x00007f647f85d700|[g:1][CONSENSUS][PBFT]checkAndChangeView: Reach consensus,org_view=42,cur_changeCycle=1,curView=42,view=43
info|2025-10-07 00:05:08.559666|PBFT-1-0x00007f647f85d700|[g:1][CONSENSUS]addRawPrepare,height=30,reqIdx=0,hash=2146bba5...,time=0
info|2025-10-07 00:05:08.565619|PBFT-1-0x00007f647f85d700|[g:1][CONSENSUS][PBFT]checkTimeout Succ,view=43,toView=44,nodeIdx=3,changeCycle=1,myNode=87d00b98...,timecost=6
info|2025-10-07 00:05:08.571156|PBFT-1-0x00007f647f85d700|[g:1][CONSENSUS][PBFT]checkAndChangeView: Reach consensus,org_view=43,cur_changeCycle=1,curView=43,view=44
info|2025-10-07 00:05:09.579690|PBFT-1-0x00007f647f85d700|[g:1][CONSENSUS]addRawPrepare,height=30,reqIdx=1,hash=40ca9424...,time=0
info|2025-10-07 00:05:09.583377|PBFT-1-0x00007f647f85d700|[g:1][CONSENSUS][PBFT]checkTimeout Succ,view=44,toView=45,nodeIdx=3,changeCycle=1,myNode=87d00b98...,timecost=4
info|2025-10-07 00:05:09.590133|PBFT-1-0x00007f647f85d700|[g:1][CONSENSUS][PBFT]checkAndChangeView: Reach consensus,org_view=44,cur_changeCycle=1,curView=44,view=45
info|2025-10-07 00:05:10.596122|PBFT-1-0x00007f647f85d700|[g:1][CONSENSUS]addRawPrepare,height=30,reqIdx=2,hash=710e566e...,time=0
info|2025-10-07 00:05:10.598723|PBFT-1-0x00007f647f85d700|[g:1][CONSENSUS][PBFT]checkTimeout Succ,view=45,toView=46,nodeIdx=3,changeCycle=1,myNode=87d00b98...,timecost=2
info|2025-10-07 00:05:10.604844|PBFT-1-0x00007f647f85d700|[g:1][CONSENSUS][PBFT]checkAndChangeView: Reach consensus,org_view=45,cur_changeCycle=1,curView=45,view=46
info|2025-10-07 00:05:11.604949|PBFTSeal-1-0x00007f647804e700|[g:1][CONSENSUS][SEALER]++++++++++++++++ Generating seal on,blkNum=30,tx=0,nodeIdx=3,hash=b7790f03...
info|2025-10-07 00:05:11.608151|PBFT-1-0x00007f647f85d700|[g:1][CONSENSUS][PBFT]checkTimeout Succ,view=46,toView=47,nodeIdx=3,changeCycle=1,myNode=87d00b98...,timecost=2
info|2025-10-07 00:05:11.620650|PBFT-1-0x00007f647f85d700|[g:1][CONSENSUS][PBFT]checkAndChangeView: Reach consensus,org_view=46,cur_changeCycle=1,curView=46,view=47
info|2025-10-07 00:05:12.627076|PBFT-1-0x00007f647f85d700|[g:1][CONSENSUS]addRawPrepare,height=30,reqIdx=0,hash=f2492ef4...,time=0
info|2025-10-07 00:05:12.630779|PBFT-1-0x00007f647f85d700|[g:1][CONSENSUS][PBFT]checkTimeout Succ,view=47,toView=48,nodeIdx=3,changeCycle=1,myNode=87d00b98...,timecost=1
info|2025-10-07 00:05:12.637519|PBFT-1-0x00007f647f85d700|[g:1][CONSENSUS][PBFT]checkAndChangeView: Reach consensus,org_view=47,cur_changeCycle=1,curView=47,view=48
info|2025-10-07 00:05:13.599455|io_service-0x00007f6499891700|[P2P][Service] heartBeat,connected count=3
info|2025-10-07 00:05:13.644305|PBFT-1-0x00007f647f85d700|[g:1][CONSENSUS]addRawPrepare,height=30,reqIdx=1,hash=f47bb685...,time=0
info|2025-10-07 00:05:13.646712|PBFT-1-0x00007f647f85d700|[g:1][CONSENSUS][PBFT]checkTimeout Succ,view=48,toView=49,nodeIdx=3,changeCycle=1,myNode=87d00b98...,timecost=2
info|2025-10-07 00:05:13.656285|PBFT-1-0x00007f647f85d700|[g:1][CONSENSUS][PBFT]checkAndChangeView: Reach consensus,org_view=48,cur_changeCycle=1,curView=48,view=49
info|2025-10-07 00:05:14.664267|PBFT-1-0x00007f647f85d700|[g:1][CONSENSUS]addRawPrepare,height=30,reqIdx=2,hash=a4e55d47...,time=0
info|2025-10-07 00:05:14.666372|PBFT-1-0x00007f647f85d700|[g:1][CONSENSUS][PBFT]checkTimeout Succ,view=49,toView=50,nodeIdx=3,changeCycle=1,myNode=87d00b98...,timecost=2
info|2025-10-07 00:05:14.674146|PBFT-1-0x00007f647f85d700|[g:1][CONSENSUS][PBFT]checkAndChangeView: Reach consensus,org_view=49,cur_changeCycle=1,curView=49,view=50
info|2025-10-07 00:05:15.175479|PBFTSeal-1-0x00007f647804e700|[g:1][CONSENSUS][SEALER]++++++++++++++++ Generating seal on,blkNum=30,tx=1,nodeIdx=3,hash=fc9c41b0...
info|2025-10-07 00:05:15.178004|sealerWorker-0x00007f648786d700|[CONSENSUS]addRawPrepare,height=30,reqIdx=3,hash=fc9c41b0...,time=1
info|2025-10-07 00:05:15.178593|sealerWorker-0x00007f648786d700|[BLOCKVERIFIER][executeBlock]Executing block,txNum=1,num=30,parentHash=8afc63f2734c989e2e3aaebb4213c1e93ccaa4815932a8b1a91b930cc3398f1c,parentNum=29,parentStateRoot=8fbd432a738f0bcba72744b56cb733dc7f2aa6a0b8ab2c52c852967da1a555b1
info|2025-10-07 00:05:15.179092|sealerWorker-0x00007f648786d700|[PRECOMPILED]init GasChargeManagePrecompiled
info|2025-10-07 00:05:15.180558|sealerWorker-0x00007f648786d700|[STORAGE][MemoryTableFactory2]createTable,table name=c_17b275e64927954e36324637d77d0f368d297fb4,keyField=key,valueField=value
info|2025-10-07 00:05:15.181278|sealerWorker-0x00007f648786d700|[CONSENSUS][PBFT]execBlock,blkNum=30,reqIdx=3,hash=096b5bf3...,nodeIdx=3,myNode=87d00b98...,decodeCost=0,checkCost=0,notifyCost=0,noteSealingCost=0,currentCycle=1,verifyAndSetSenderCost=0,execCost=3,execPerTx=3,totalCost=3
info|2025-10-07 00:05:15.183883|sealerWorker-0x00007f648786d700|[CONSENSUS][PBFT]handlePrepareMsg Succ,timecost=2,INFO=handlePrepareMsg,reqIdx=3,view=50,reqNum=30,curNum=29,consNum=30,curView=50,fromIp=self,hash=fc9c41b0...,nodeIdx=3,myNode=87d00b98...,curChangeCycle=1
info|2025-10-07 00:05:15.183900|sealerWorker-0x00007f648786d700|[CONSENSUS][PBFT]generateLocalPrepare,hash=fc9c41b0...,H=30,nodeIdx=3,myNode=87d00b98...
info|2025-10-07 00:05:15.190760|PBFT-1-0x00007f647f85d700|[g:1][CONSENSUS][PBFT]handleSignMsg Succ,Timecost=1,INFO=handleSignMsg,num=30,curNum=29,GenIdx=1,Sview=50,view=50,fromIdx=1,fromNode=374bdfe9...,fromIp=127.0.0.1:40560,hash=096b5bf3...,nodeIdx=3,myNode=87d00b98...
info|2025-10-07 00:05:15.198241|PBFT-1-0x00007f647f85d700|[g:1][CONSENSUS][PBFT]checkAndCommit: backup/updateCommittedPrepare,reqNum=30,hash=fc9c41b0...,nodeIdx=3,myNode=87d00b98...
info|2025-10-07 00:05:15.200112|PBFT-1-0x00007f647f85d700|[g:1][CONSENSUS][PBFT]handleSignMsg Succ,Timecost=5,INFO=handleSignMsg,num=30,curNum=29,GenIdx=2,Sview=50,view=50,fromIdx=2,fromNode=73994dae...,fromIp=127.0.0.1:30300,hash=096b5bf3...,nodeIdx=3,myNode=87d00b98...
info|2025-10-07 00:05:15.201467|PBFT-1-0x00007f647f85d700|[g:1][CONSENSUS][PBFT]handleCommitMsg Succ,INFO=handleCommitMsg,reqNum=30,curNum=29,GenIdx=1,Cview=50,view=50,fromIdx=1,fromNode=374bdfe9...,fromIp=127.0.0.1:40560,hash=096b5bf3...,nodeIdx=3,myNode=87d00b98...,Timecost=1
info|2025-10-07 00:05:15.210191|PBFT-1-0x00007f647f85d700|[g:1][CONSENSUS][PBFT]handleSignMsg Succ,Timecost=9,INFO=handleSignMsg,num=30,curNum=29,GenIdx=0,Sview=50,view=50,fromIdx=0,fromNode=064cb676...,fromIp=127.0.0.1:40544,hash=096b5bf3...,nodeIdx=3,myNode=87d00b98...
info|2025-10-07 00:05:15.213799|PBFT-1-0x00007f647f85d700|[g:1][CONSENSUS][PBFT]checkAndSave: CommitReq enough,prepareHeight=30,commitSize=3,hash=096b5bf3...,nodeIdx=3,myNode=87d00b98...
info|2025-10-07 00:05:15.221300|PBFT-1-0x00007f647f85d700|[g:1][g:1][STORAGE][CachedStorage]commit: 9 num: 30
info|2025-10-07 00:05:15.222436|taskPool-1-0x00007f648886f700|[g:1][g:1][STORAGE][CachedStorage]Start commit block: 30 to backend storage
info|2025-10-07 00:05:15.230701|taskPool-1-0x00007f648886f700|[g:1][g:1][STORAGE][CachedStorage]
---------------------------------------------------------------------
Commit block: 30 to backend storage finished, current cached block: 30
Flush elapsed time: 0.0083s
---------------------------------------------------------------------
info|2025-10-07 00:05:15.230811|PBFT-1-0x00007f647f85d700|[g:1][g:1][STORAGE][CachedStorage]Submited block task: 30, current syncd block: 30
info|2025-10-07 00:05:15.230924|PBFT-1-0x00007f647f85d700|[g:1]Push block notify: 1-30
info|2025-10-07 00:05:15.238857|PBFT-1-0x00007f647f85d700|[g:1][CONSENSUS][PBFT]CommitBlock Succ,prepareHeight=30,reqIdx=3,hash=096b5bf3...,nodeIdx=3,myNode=87d00b98...,genSigTimeCost=0,commitBlockTimeCost=25,dropTxsTimeCost=0,noteSealingTimeCost=0,totalTimeCost=25
info|2025-10-07 00:05:15.238890|PBFT-1-0x00007f647f85d700|[g:1][CONSENSUS][PBFT]handleCommitMsg Succ,INFO=handleCommitMsg,reqNum=30,curNum=29,GenIdx=2,Cview=50,view=50,fromIdx=2,fromNode=73994dae...,fromIp=127.0.0.1:30300,hash=096b5bf3...,nodeIdx=3,myNode=87d00b98...,Timecost=28
info|2025-10-07 00:05:15.239068|PBFTSeal-1-0x00007f647804e700|[g:1][CONSENSUS][SEALER]increase maxNoTimeoutTx,maxNoTimeoutTx=1
info|2025-10-07 00:05:15.239076|PBFTSeal-1-0x00007f647804e700|[g:1][CONSENSUS][PBFT]^^^^^^^^Report,num=30,sealerIdx=3,hash=096b5bf3...,next=31,tx=1,nodeIdx=3
info|2025-10-07 00:05:16.231276|PBFT-1-0x00007f647f85d700|[g:1][CONSENSUS]addRawPrepare,height=31,reqIdx=2,hash=f2e944f0...,time=0
info|2025-10-07 00:05:16.234444|PBFT-1-0x00007f647f85d700|[g:1][CONSENSUS][PBFT]checkTimeout Succ,view=0,toView=1,nodeIdx=3,changeCycle=1,myNode=87d00b98...,timecost=3
info|2025-10-07 00:05:16.242438|PBFT-1-0x00007f647f85d700|[g:1][CONSENSUS][PBFT]checkAndChangeView: Reach consensus,org_view=0,cur_changeCycle=1,curView=0,view=1
info|2025-10-07 00:05:17.242812|PBFTSeal-1-0x00007f647804e700|[g:1][CONSENSUS][SEALER]++++++++++++++++ Generating seal on,blkNum=31,tx=0,nodeIdx=3,hash=f872c97c...
info|2025-10-07 00:05:17.251490|PBFT-1-0x00007f647f85d700|[g:1][CONSENSUS][PBFT]checkTimeout Succ,view=1,toView=2,nodeIdx=3,changeCycle=1,myNode=87d00b98...,timecost=3
info|2025-10-07 00:05:17.262336|PBFT-1-0x00007f647f85d700|[g:1][CONSENSUS][PBFT]checkAndChangeView: Reach consensus,org_view=1,cur_changeCycle=1,curView=1,view=2
info|2025-10-07 00:05:18.266915|PBFT-1-0x00007f647f85d700|[g:1][CONSENSUS]addRawPrepare,height=31,reqIdx=0,hash=bbd5d795...,time=0
info|2025-10-07 00:05:18.273748|PBFT-1-0x00007f647f85d700|[g:1][CONSENSUS][PBFT]checkTimeout Succ,view=2,toView=3,nodeIdx=3,changeCycle=1,myNode=87d00b98...,timecost=5
info|2025-10-07 00:05:18.279385|PBFT-1-0x00007f647f85d700|[g:1][CONSENSUS][PBFT]checkAndChangeView: Reach consensus,org_view=2,cur_changeCycle=1,curView=2,view=3
info|2025-10-07 00:05:19.287181|PBFT-1-0x00007f647f85d700|[g:1][CONSENSUS]addRawPrepare,height=31,reqIdx=1,hash=22ddd084...,time=0
info|2025-10-07 00:05:19.290290|PBFT-1-0x00007f647f85d700|[g:1][CONSENSUS][PBFT]checkTimeout Succ,view=3,toView=4,nodeIdx=3,changeCycle=1,myNode=87d00b98...,timecost=4
info|2025-10-07 00:05:19.297420|PBFT-1-0x00007f647f85d700|[g:1][CONSENSUS][PBFT]checkAndChangeView: Reach consensus,org_view=3,cur_changeCycle=1,curView=3,view=4
info|2025-10-07 00:05:20.303550|PBFT-1-0x00007f647f85d700|[g:1][CONSENSUS]addRawPrepare,height=31,reqIdx=2,hash=b0b06cac...,time=0
info|2025-10-07 00:05:20.305006|PBFT-1-0x00007f647f85d700|[g:1][CONSENSUS][PBFT]checkTimeout Succ,view=4,toView=5,nodeIdx=3,changeCycle=1,myNode=87d00b98...,timecost=2
info|2025-10-07 00:05:20.316167|PBFT-1-0x00007f647f85d700|[g:1][CONSENSUS][PBFT]checkAndChangeView: Reach consensus,org_view=4,cur_changeCycle=1,curView=4,view=5
info|2025-10-07 00:05:21.316679|PBFTSeal-1-0x00007f647804e700|[g:1][CONSENSUS][SEALER]++++++++++++++++ Generating seal on,blkNum=31,tx=0,nodeIdx=3,hash=1ec92513...
info|2025-10-07 00:05:21.327697|PBFT-1-0x00007f647f85d700|[g:1][CONSENSUS][PBFT]checkTimeout Succ,view=5,toView=6,nodeIdx=3,changeCycle=1,myNode=87d00b98...,timecost=2
info|2025-10-07 00:05:21.332283|PBFT-1-0x00007f647f85d700|[g:1][CONSENSUS][PBFT]checkAndChangeView: Reach consensus,org_view=5,cur_changeCycle=1,curView=5,view=6
info|2025-10-07 00:05:22.342351|PBFT-1-0x00007f647f85d700|[g:1][CONSENSUS]addRawPrepare,height=31,reqIdx=0,hash=e1224770...,time=0
info|2025-10-07 00:05:22.348572|PBFT-1-0x00007f647f85d700|[g:1][CONSENSUS][PBFT]checkTimeout Succ,view=6,toView=7,nodeIdx=3,changeCycle=1,myNode=87d00b98...,timecost=6
info|2025-10-07 00:05:22.356101|PBFT-1-0x00007f647f85d700|[g:1][CONSENSUS][PBFT]checkAndChangeView: Reach consensus,org_view=6,cur_changeCycle=1,curView=6,view=7
info|2025-10-07 00:05:23.360013|PBFT-1-0x00007f647f85d700|[g:1][CONSENSUS]addRawPrepare,height=31,reqIdx=1,hash=57fad382...,time=0
info|2025-10-07 00:05:23.361350|PBFT-1-0x00007f647f85d700|[g:1][CONSENSUS][PBFT]checkTimeout Succ,view=7,toView=8,nodeIdx=3,changeCycle=1,myNode=87d00b98...,timecost=1
info|2025-10-07 00:05:23.371618|PBFT-1-0x00007f647f85d700|[g:1][CONSENSUS][PBFT]checkAndChangeView: Reach consensus,org_view=7,cur_changeCycle=1,curView=7,view=8
info|2025-10-07 00:05:23.599729|io_service-0x00007f6499891700|[P2P][Service] heartBeat,connected count=3
info|2025-10-07 00:05:24.375220|PBFT-1-0x00007f647f85d700|[g:1][CONSENSUS]addRawPrepare,height=31,reqIdx=2,hash=6c9cba53...,time=0
info|2025-10-07 00:05:24.384158|PBFT-1-0x00007f647f85d700|[g:1][CONSENSUS][PBFT]checkTimeout Succ,view=8,toView=9,nodeIdx=3,changeCycle=1,myNode=87d00b98...,timecost=5
info|2025-10-07 00:05:24.386986|PBFT-1-0x00007f647f85d700|[g:1][CONSENSUS][PBFT]checkAndChangeView: Reach consensus,org_view=8,cur_changeCycle=1,curView=8,view=9
info|2025-10-07 00:05:25.387287|PBFTSeal-1-0x00007f647804e700|[g:1][CONSENSUS][SEALER]++++++++++++++++ Generating seal on,blkNum=31,tx=0,nodeIdx=3,hash=a4ff6af1...
info|2025-10-07 00:05:25.390400|PBFT-1-0x00007f647f85d700|[g:1][CONSENSUS][PBFT]checkTimeout Succ,view=9,toView=10,nodeIdx=3,changeCycle=1,myNode=87d00b98...,timecost=1
info|2025-10-07 00:05:25.401210|PBFT-1-0x00007f647f85d700|[g:1][CONSENSUS][PBFT]checkAndChangeView: Reach consensus,org_view=9,cur_changeCycle=1,curView=9,view=10
info|2025-10-07 00:05:26.412731|PBFT-1-0x00007f647f85d700|[g:1][CONSENSUS]addRawPrepare,height=31,reqIdx=0,hash=45a1c49c...,time=0
info|2025-10-07 00:05:26.415184|PBFT-1-0x00007f647f85d700|[g:1][CONSENSUS][PBFT]checkTimeout Succ,view=10,toView=11,nodeIdx=3,changeCycle=1,myNode=87d00b98...,timecost=3
info|2025-10-07 00:05:26.426328|PBFT-1-0x00007f647f85d700|[g:1][CONSENSUS][PBFT]checkAndChangeView: Reach consensus,org_view=10,cur_changeCycle=1,curView=10,view=11
info|2025-10-07 00:05:27.428121|PBFT-1-0x00007f647f85d700|[g:1][CONSENSUS]addRawPrepare,height=31,reqIdx=1,hash=e7e1e942...,time=0
info|2025-10-07 00:05:27.430960|PBFT-1-0x00007f647f85d700|[g:1][CONSENSUS][PBFT]checkTimeout Succ,view=11,toView=12,nodeIdx=3,changeCycle=1,myNode=87d00b98...,timecost=2
info|2025-10-07 00:05:27.434819|PBFT-1-0x00007f647f85d700|[g:1][CONSENSUS][PBFT]checkAndChangeView: Reach consensus,org_view=11,cur_changeCycle=1,curView=11,view=12
info|2025-10-07 00:05:28.449715|PBFT-1-0x00007f647f85d700|[g:1][CONSENSUS]addRawPrepare,height=31,reqIdx=2,hash=e5e2d8b7...,time=0
info|2025-10-07 00:05:28.453430|PBFT-1-0x00007f647f85d700|[g:1][CONSENSUS][PBFT]checkTimeout Succ,view=12,toView=13,nodeIdx=3,changeCycle=1,myNode=87d00b98...,timecost=2
info|2025-10-07 00:05:28.457612|PBFT-1-0x00007f647f85d700|[g:1][CONSENSUS][PBFT]checkAndChangeView: Reach consensus,org_view=12,cur_changeCycle=1,curView=12,view=13
info|2025-10-07 00:05:29.457940|PBFTSeal-1-0x00007f647804e700|[g:1][CONSENSUS][SEALER]++++++++++++++++ Generating seal on,blkNum=31,tx=0,nodeIdx=3,hash=b8d1c4f3...
info|2025-10-07 00:05:29.463493|PBFT-1-0x00007f647f85d700|[g:1][CONSENSUS][PBFT]checkTimeout Succ,view=13,toView=14,nodeIdx=3,changeCycle=1,myNode=87d00b98...,timecost=4
info|2025-10-07 00:05:29.471202|PBFT-1-0x00007f647f85d700|[g:1][CONSENSUS][PBFT]checkAndChangeView: Reach consensus,org_view=13,cur_changeCycle=1,curView=13,view=14
info|2025-10-07 00:05:30.480409|PBFT-1-0x00007f647f85d700|[g:1][CONSENSUS]addRawPrepare,height=31,reqIdx=0,hash=0b73d114...,time=0
info|2025-10-07 00:05:30.487552|PBFT-1-0x00007f647f85d700|[g:1][CONSENSUS][PBFT]checkTimeout Succ,view=14,toView=15,nodeIdx=3,changeCycle=1,myNode=87d00b98...,timecost=7
info|2025-10-07 00:05:30.491443|PBFT-1-0x00007f647f85d700|[g:1][CONSENSUS][PBFT]checkAndChangeView: Reach consensus,org_view=14,cur_changeCycle=1,curView=14,view=15
info|2025-10-07 00:05:31.498992|PBFT-1-0x00007f647f85d700|[g:1][CONSENSUS]addRawPrepare,height=31,reqIdx=1,hash=6c9f570e...,time=1
info|2025-10-07 00:05:31.500435|PBFT-1-0x00007f647f85d700|[g:1][CONSENSUS][PBFT]checkTimeout Succ,view=15,toView=16,nodeIdx=3,changeCycle=1,myNode=87d00b98...,timecost=1
info|2025-10-07 00:05:31.506997|PBFT-1-0x00007f647f85d700|[g:1][CONSENSUS][PBFT]checkAndChangeView: Reach consensus,org_view=15,cur_changeCycle=1,curView=15,view=16
info|2025-10-07 00:05:32.519243|PBFT-1-0x00007f647f85d700|[g:1][CONSENSUS]addRawPrepare,height=31,reqIdx=2,hash=55978426...,time=0
info|2025-10-07 00:05:32.523870|PBFT-1-0x00007f647f85d700|[g:1][CONSENSUS][PBFT]checkTimeout Succ,view=16,toView=17,nodeIdx=3,changeCycle=1,myNode=87d00b98...,timecost=4
info|2025-10-07 00:05:32.528222|PBFT-1-0x00007f647f85d700|[g:1][CONSENSUS][PBFT]checkAndChangeView: Reach consensus,org_view=16,cur_changeCycle=1,curView=16,view=17
info|2025-10-07 00:05:33.528521|PBFTSeal-1-0x00007f647804e700|[g:1][CONSENSUS][SEALER]++++++++++++++++ Generating seal on,blkNum=31,tx=0,nodeIdx=3,hash=0fdad352...
info|2025-10-07 00:05:33.531301|PBFT-1-0x00007f647f85d700|[g:1][CONSENSUS][PBFT]checkTimeout Succ,view=17,toView=18,nodeIdx=3,changeCycle=1,myNode=87d00b98...,timecost=1
info|2025-10-07 00:05:33.540577|PBFT-1-0x00007f647f85d700|[g:1][CONSENSUS][PBFT]checkAndChangeView: Reach consensus,org_view=17,cur_changeCycle=1,curView=17,view=18
info|2025-10-07 00:05:33.599916|io_service-0x00007f6499891700|[P2P][Service] heartBeat,connected count=3
info|2025-10-07 00:05:34.548578|PBFT-1-0x00007f647f85d700|[g:1][CONSENSUS]addRawPrepare,height=31,reqIdx=0,hash=01282829...,time=0
info|2025-10-07 00:05:34.550265|PBFT-1-0x00007f647f85d700|[g:1][CONSENSUS][PBFT]checkTimeout Succ,view=18,toView=19,nodeIdx=3,changeCycle=1,myNode=87d00b98...,timecost=2
info|2025-10-07 00:05:34.562677|PBFT-1-0x00007f647f85d700|[g:1][CONSENSUS][PBFT]checkAndChangeView: Reach consensus,org_view=18,cur_changeCycle=1,curView=18,view=19
info|2025-10-07 00:05:35.568616|PBFT-1-0x00007f647f85d700|[g:1][CONSENSUS]addRawPrepare,height=31,reqIdx=1,hash=6c1ad7b9...,time=0
info|2025-10-07 00:05:35.571292|PBFT-1-0x00007f647f85d700|[g:1][CONSENSUS][PBFT]checkTimeout Succ,view=19,toView=20,nodeIdx=3,changeCycle=1,myNode=87d00b98...,timecost=3
info|2025-10-07 00:05:35.581040|PBFT-1-0x00007f647f85d700|[g:1][CONSENSUS][PBFT]checkAndChangeView: Reach consensus,org_view=19,cur_changeCycle=1,curView=19,view=20
info|2025-10-07 00:05:37.372359|PBFT-1-0x00007f647f85d700|[g:1][CONSENSUS]addRawPrepare,height=31,reqIdx=2,hash=60fe3c0f...,time=0
info|2025-10-07 00:05:37.373866|PBFT-1-0x00007f647f85d700|[g:1][CONSENSUS][PBFT]checkTimeout Succ,view=20,toView=21,nodeIdx=3,changeCycle=1,myNode=87d00b98...,timecost=1
info|2025-10-07 00:05:37.381282|PBFT-1-0x00007f647f85d700|[g:1][CONSENSUS][PBFT]checkAndChangeView: Reach consensus,org_view=20,cur_changeCycle=1,curView=20,view=21
info|2025-10-07 00:05:38.387317|PBFTSeal-1-0x00007f647804e700|[g:1][CONSENSUS][SEALER]++++++++++++++++ Generating seal on,blkNum=31,tx=0,nodeIdx=3,hash=1d7d215a...
info|2025-10-07 00:05:38.397054|PBFT-1-0x00007f647f85d700|[g:1][CONSENSUS][PBFT]checkTimeout Succ,view=21,toView=22,nodeIdx=3,changeCycle=1,myNode=87d00b98...,timecost=4
info|2025-10-07 00:05:38.402531|PBFT-1-0x00007f647f85d700|[g:1][CONSENSUS][PBFT]checkAndChangeView: Reach consensus,org_view=21,cur_changeCycle=1,curView=21,view=22
info|2025-10-07 00:05:39.416696|PBFT-1-0x00007f647f85d700|[g:1][CONSENSUS][PBFT]Trigger fast-viewchange,view=22,toView=22,minView=23,INFO=,reqNum=30,curNum=30,GenIdx=0,Cview=23,view=22,fromIdx=0,fromNode=064cb676...,fromIp=127.0.0.1:40544,hash=096b5bf3...,nodeIdx=3,myNode=87d00b98...
info|2025-10-07 00:05:39.418262|PBFT-1-0x00007f647f85d700|[g:1][CONSENSUS][PBFT]checkAndChangeView: Reach consensus,org_view=22,cur_changeCycle=2,curView=22,view=23
info|2025-10-07 00:05:39.418336|PBFT-1-0x00007f647f85d700|[g:1][CONSENSUS][PBFT]checkTimeout Succ,view=23,toView=23,nodeIdx=3,changeCycle=2,myNode=87d00b98...,timecost=2
info|2025-10-07 00:05:40.428976|PBFT-1-0x00007f647f85d700|[g:1][CONSENSUS]addRawPrepare,height=31,reqIdx=1,hash=071e62ce...,time=0
info|2025-10-07 00:05:40.433048|PBFT-1-0x00007f647f85d700|[g:1][CONSENSUS][PBFT]checkTimeout Succ,view=23,toView=24,nodeIdx=3,changeCycle=1,myNode=87d00b98...,timecost=4
info|2025-10-07 00:05:40.435888|PBFT-1-0x00007f647f85d700|[g:1][CONSENSUS][PBFT]checkAndChangeView: Reach consensus,org_view=23,cur_changeCycle=1,curView=23,view=24
info|2025-10-07 00:05:41.434449|PBFT-1-0x00007f647f85d700|[g:1][CONSENSUS]addRawPrepare,height=31,reqIdx=2,hash=cc066405...,time=0
info|2025-10-07 00:05:41.436777|PBFT-1-0x00007f647f85d700|[g:1][CONSENSUS][PBFT]checkTimeout Succ,view=24,toView=25,nodeIdx=3,changeCycle=1,myNode=87d00b98...,timecost=2
info|2025-10-07 00:05:41.445501|PBFT-1-0x00007f647f85d700|[g:1][CONSENSUS][PBFT]checkAndChangeView: Reach consensus,org_view=24,cur_changeCycle=1,curView=24,view=25
info|2025-10-07 00:05:42.086297|PBFTSeal-1-0x00007f647804e700|[g:1][CONSENSUS][SEALER]++++++++++++++++ Generating seal on,blkNum=31,tx=1,nodeIdx=3,hash=e7a3fcc7...
info|2025-10-07 00:05:42.088841|sealerWorker-0x00007f648786d700|[CONSENSUS]addRawPrepare,height=31,reqIdx=3,hash=e7a3fcc7...,time=0
info|2025-10-07 00:05:42.105999|sealerWorker-0x00007f648786d700|[BLOCKVERIFIER][executeBlock]Executing block,txNum=1,num=31,parentHash=096b5bf399f795a72e03976b20df0ec2a4b844fd1fe258f4b2d4131510015fe8,parentNum=30,parentStateRoot=a7d07cd56c6c060c2561ba65d0f0169febdfea900e286771495f55191050829c
info|2025-10-07 00:05:42.114329|sealerWorker-0x00007f648786d700|[PRECOMPILED]init GasChargeManagePrecompiled
info|2025-10-07 00:05:43.600055|io_service-0x00007f6499891700|[P2P][Service] heartBeat,connected count=3
info|2025-10-07 00:05:45.706789|sealerWorker-0x00007f648786d700|[PRECOMPILED][TimerPrecompiled]getCurrentTimeMillis,timeMillis=1759820745706
info|2025-10-07 00:05:53.600485|io_service-0x00007f6499891700|[P2P][Service] heartBeat,connected count=3
info|2025-10-07 00:06:03.601089|io_service-0x00007f6499891700|[P2P][Service] heartBeat,connected count=3
error|2025-10-07 00:06:07.732450|sealerWorker-0x00007f648786d700|[EXECUTIVE][TxExeError]Transaction execution error,TransactionExceptionID=12,hash=e512031272cf08a8ffcd9a7ea340a9b3bbd7a421518a03ebd86fe733e51b0fcc
info|2025-10-07 00:06:07.738882|sealerWorker-0x00007f648786d700|[CONSENSUS][PBFT]execBlock,blkNum=31,reqIdx=3,hash=7e29fb24...,nodeIdx=3,myNode=87d00b98...,decodeCost=0,checkCost=0,notifyCost=0,noteSealingCost=0,currentCycle=1,verifyAndSetSenderCost=0,execCost=25633,execPerTx=25633,totalCost=25633
info|2025-10-07 00:06:07.741595|sealerWorker-0x00007f648786d700|[CONSENSUS][PBFT]handlePrepareMsg Succ,timecost=3,INFO=handlePrepareMsg,reqIdx=3,view=25,reqNum=31,curNum=30,consNum=31,curView=25,fromIp=self,hash=e7a3fcc7...,nodeIdx=3,myNode=87d00b98...,curChangeCycle=1
info|2025-10-07 00:06:07.741696|sealerWorker-0x00007f648786d700|[CONSENSUS][PBFT]generateLocalPrepare,hash=e7a3fcc7...,H=31,nodeIdx=3,myNode=87d00b98...
info|2025-10-07 00:06:07.743651|PBFT-1-0x00007f647f85d700|[g:1][CONSENSUS][PBFT]handleSignMsg Succ,Timecost=1,INFO=handleSignMsg,num=31,curNum=30,GenIdx=1,Sview=25,view=25,fromIdx=1,fromNode=374bdfe9...,fromIp=127.0.0.1:40560,hash=7e29fb24...,nodeIdx=3,myNode=87d00b98...
info|2025-10-07 00:06:08.876419|PBFT-1-0x00007f647f85d700|[g:1][CONSENSUS][PBFT]checkAndCommit: backup/updateCommittedPrepare,reqNum=31,hash=e7a3fcc7...,nodeIdx=3,myNode=87d00b98...
info|2025-10-07 00:06:08.877291|PBFT-1-0x00007f647f85d700|[g:1][CONSENSUS][PBFT]handleSignMsg Succ,Timecost=2,INFO=handleSignMsg,num=31,curNum=30,GenIdx=0,Sview=25,view=25,fromIdx=0,fromNode=064cb676...,fromIp=127.0.0.1:40544,hash=7e29fb24...,nodeIdx=3,myNode=87d00b98...
info|2025-10-07 00:06:08.882170|PBFT-1-0x00007f647f85d700|[g:1][CONSENSUS][PBFT]handleCommitMsg Succ,INFO=handleCommitMsg,reqNum=31,curNum=30,GenIdx=1,Cview=25,view=25,fromIdx=1,fromNode=374bdfe9...,fromIp=127.0.0.1:40560,hash=7e29fb24...,nodeIdx=3,myNode=87d00b98...,Timecost=2
info|2025-10-07 00:06:08.884103|PBFT-1-0x00007f647f85d700|[g:1][CONSENSUS][PBFT]checkAndSave: CommitReq enough,prepareHeight=31,commitSize=3,hash=7e29fb24...,nodeIdx=3,myNode=87d00b98...
info|2025-10-07 00:06:08.889319|PBFT-1-0x00007f647f85d700|[g:1][g:1][STORAGE][CachedStorage]commit: 6 num: 31
info|2025-10-07 00:06:08.891231|taskPool-1-0x00007f648886f700|[g:1][g:1][STORAGE][CachedStorage]Start commit block: 31 to backend storage
info|2025-10-07 00:06:08.891415|taskPool-1-0x00007f648886f700|[g:1][g:1][STORAGE][CachedStorage]
---------------------------------------------------------------------
Commit block: 31 to backend storage finished, current cached block: 31
Flush elapsed time: 0.0002s
---------------------------------------------------------------------
info|2025-10-07 00:06:08.891466|PBFT-1-0x00007f647f85d700|[g:1][g:1][STORAGE][CachedStorage]Submited block task: 31, current syncd block: 31
info|2025-10-07 00:06:08.892865|PBFT-1-0x00007f647f85d700|[g:1]Push block notify: 1-31
info|2025-10-07 00:06:08.898273|PBFT-1-0x00007f647f85d700|[g:1][CONSENSUS][PBFT]CommitBlock Succ,prepareHeight=31,reqIdx=3,hash=7e29fb24...,nodeIdx=3,myNode=87d00b98...,genSigTimeCost=1,commitBlockTimeCost=11,dropTxsTimeCost=1,noteSealingTimeCost=1,totalTimeCost=14
info|2025-10-07 00:06:08.898476|PBFT-1-0x00007f647f85d700|[g:1][CONSENSUS][PBFT]handleCommitMsg Succ,INFO=handleCommitMsg,reqNum=31,curNum=30,GenIdx=0,Cview=25,view=25,fromIdx=0,fromNode=064cb676...,fromIp=127.0.0.1:40544,hash=7e29fb24...,nodeIdx=3,myNode=87d00b98...,Timecost=15
info|2025-10-07 00:06:08.898829|PBFTSeal-1-0x00007f647804e700|[g:1][CONSENSUS][PBFT]^^^^^^^^Report,num=31,sealerIdx=3,hash=7e29fb24...,next=32,tx=1,nodeIdx=3
info|2025-10-07 00:06:09.900336|PBFTSeal-1-0x00007f647804e700|[g:1][CONSENSUS][SEALER]++++++++++++++++ Generating seal on,blkNum=32,tx=0,nodeIdx=3,hash=cbfc2f5d...
info|2025-10-07 00:06:09.904173|PBFT-1-0x00007f647f85d700|[g:1][CONSENSUS][PBFT]checkTimeout Succ,view=0,toView=1,nodeIdx=3,changeCycle=1,myNode=87d00b98...,timecost=2
info|2025-10-07 00:06:09.914819|PBFT-1-0x00007f647f85d700|[g:1][CONSENSUS][PBFT]checkAndChangeView: Reach consensus,org_view=0,cur_changeCycle=1,curView=0,view=1
info|2025-10-07 00:06:10.924189|PBFT-1-0x00007f647f85d700|[g:1][CONSENSUS]addRawPrepare,height=32,reqIdx=0,hash=72068965...,time=0
info|2025-10-07 00:06:10.926744|PBFT-1-0x00007f647f85d700|[g:1][CONSENSUS][PBFT]checkTimeout Succ,view=1,toView=2,nodeIdx=3,changeCycle=1,myNode=87d00b98...,timecost=2
info|2025-10-07 00:06:10.932967|PBFT-1-0x00007f647f85d700|[g:1][CONSENSUS][PBFT]checkAndChangeView: Reach consensus,org_view=1,cur_changeCycle=1,curView=1,view=2
info|2025-10-07 00:06:11.940988|PBFT-1-0x00007f647f85d700|[g:1][CONSENSUS]addRawPrepare,height=32,reqIdx=1,hash=323d1786...,time=1
info|2025-10-07 00:06:11.943570|PBFT-1-0x00007f647f85d700|[g:1][CONSENSUS][PBFT]checkTimeout Succ,view=2,toView=3,nodeIdx=3,changeCycle=1,myNode=87d00b98...,timecost=2
info|2025-10-07 00:06:11.947002|PBFT-1-0x00007f647f85d700|[g:1][CONSENSUS][PBFT]checkAndChangeView: Reach consensus,org_view=2,cur_changeCycle=1,curView=2,view=3
info|2025-10-07 00:06:12.953034|PBFT-1-0x00007f647f85d700|[g:1][CONSENSUS]addRawPrepare,height=32,reqIdx=2,hash=9975d6e3...,time=0
info|2025-10-07 00:06:12.954590|PBFT-1-0x00007f647f85d700|[g:1][CONSENSUS][PBFT]checkTimeout Succ,view=3,toView=4,nodeIdx=3,changeCycle=1,myNode=87d00b98...,timecost=1
info|2025-10-07 00:06:12.969798|PBFT-1-0x00007f647f85d700|[g:1][CONSENSUS][PBFT]checkAndChangeView: Reach consensus,org_view=3,cur_changeCycle=1,curView=3,view=4
info|2025-10-07 00:06:13.601823|io_service-0x00007f6499891700|[P2P][Service] heartBeat,connected count=3
info|2025-10-07 00:06:13.970243|PBFTSeal-1-0x00007f647804e700|[g:1][CONSENSUS][SEALER]++++++++++++++++ Generating seal on,blkNum=32,tx=0,nodeIdx=3,hash=9f63d9d2...
info|2025-10-07 00:06:13.973152|PBFT-1-0x00007f647f85d700|[g:1][CONSENSUS][PBFT]checkTimeout Succ,view=4,toView=5,nodeIdx=3,changeCycle=1,myNode=87d00b98...,timecost=2
info|2025-10-07 00:06:13.980773|PBFT-1-0x00007f647f85d700|[g:1][CONSENSUS][PBFT]checkAndChangeView: Reach consensus,org_view=4,cur_changeCycle=1,curView=4,view=5
info|2025-10-07 00:06:14.988862|PBFT-1-0x00007f647f85d700|[g:1][CONSENSUS]addRawPrepare,height=32,reqIdx=0,hash=fa08311f...,time=0
info|2025-10-07 00:06:14.993634|PBFT-1-0x00007f647f85d700|[g:1][CONSENSUS][PBFT]checkTimeout Succ,view=5,toView=6,nodeIdx=3,changeCycle=1,myNode=87d00b98...,timecost=5
info|2025-10-07 00:06:14.996776|PBFT-1-0x00007f647f85d700|[g:1][CONSENSUS][PBFT]checkAndChangeView: Reach consensus,org_view=5,cur_changeCycle=1,curView=5,view=6
info|2025-10-07 00:06:16.002403|PBFT-1-0x00007f647f85d700|[g:1][CONSENSUS]addRawPrepare,height=32,reqIdx=1,hash=232483fb...,time=0
info|2025-10-07 00:06:16.004323|PBFT-1-0x00007f647f85d700|[g:1][CONSENSUS][PBFT]checkTimeout Succ,view=6,toView=7,nodeIdx=3,changeCycle=1,myNode=87d00b98...,timecost=2
info|2025-10-07 00:06:16.012991|PBFT-1-0x00007f647f85d700|[g:1][CONSENSUS][PBFT]checkAndChangeView: Reach consensus,org_view=6,cur_changeCycle=1,curView=6,view=7
info|2025-10-07 00:06:17.018220|PBFT-1-0x00007f647f85d700|[g:1][CONSENSUS]addRawPrepare,height=32,reqIdx=2,hash=c17155e2...,time=0
info|2025-10-07 00:06:17.019757|PBFT-1-0x00007f647f85d700|[g:1][CONSENSUS][PBFT]checkTimeout Succ,view=7,toView=8,nodeIdx=3,changeCycle=1,myNode=87d00b98...,timecost=1
info|2025-10-07 00:06:17.023997|PBFT-1-0x00007f647f85d700|[g:1][CONSENSUS][PBFT]checkAndChangeView: Reach consensus,org_view=7,cur_changeCycle=1,curView=7,view=8
info|2025-10-07 00:06:18.023931|PBFTSeal-1-0x00007f647804e700|[g:1][CONSENSUS][SEALER]++++++++++++++++ Generating seal on,blkNum=32,tx=0,nodeIdx=3,hash=64abe36d...
info|2025-10-07 00:06:18.031056|PBFT-1-0x00007f647f85d700|[g:1][CONSENSUS][PBFT]checkTimeout Succ,view=8,toView=9,nodeIdx=3,changeCycle=1,myNode=87d00b98...,timecost=2
info|2025-10-07 00:06:18.037031|PBFT-1-0x00007f647f85d700|[g:1][CONSENSUS][PBFT]checkAndChangeView: Reach consensus,org_view=8,cur_changeCycle=1,curView=8,view=9
info|2025-10-07 00:06:19.054427|PBFT-1-0x00007f647f85d700|[g:1][CONSENSUS]addRawPrepare,height=32,reqIdx=0,hash=3d88cf20...,time=0
info|2025-10-07 00:06:19.056415|PBFT-1-0x00007f647f85d700|[g:1][CONSENSUS][PBFT]checkTimeout Succ,view=9,toView=10,nodeIdx=3,changeCycle=1,myNode=87d00b98...,timecost=2
info|2025-10-07 00:06:19.058020|PBFT-1-0x00007f647f85d700|[g:1][CONSENSUS][PBFT]checkAndChangeView: Reach consensus,org_view=9,cur_changeCycle=1,curView=9,view=10
info|2025-10-07 00:06:20.059589|PBFT-1-0x00007f647f85d700|[g:1][CONSENSUS]addRawPrepare,height=32,reqIdx=1,hash=f04c8b7a...,time=0
info|2025-10-07 00:06:20.068202|PBFT-1-0x00007f647f85d700|[g:1][CONSENSUS][PBFT]checkTimeout Succ,view=10,toView=11,nodeIdx=3,changeCycle=1,myNode=87d00b98...,timecost=9
info|2025-10-07 00:06:20.074617|PBFT-1-0x00007f647f85d700|[g:1][CONSENSUS][PBFT]checkAndChangeView: Reach consensus,org_view=10,cur_changeCycle=1,curView=10,view=11
info|2025-10-07 00:06:21.080847|PBFT-1-0x00007f647f85d700|[g:1][CONSENSUS]addRawPrepare,height=32,reqIdx=2,hash=63cdb6a6...,time=0
info|2025-10-07 00:06:21.082219|PBFT-1-0x00007f647f85d700|[g:1][CONSENSUS][PBFT]checkTimeout Succ,view=11,toView=12,nodeIdx=3,changeCycle=1,myNode=87d00b98...,timecost=2
info|2025-10-07 00:06:21.087815|PBFT-1-0x00007f647f85d700|[g:1][CONSENSUS][PBFT]checkAndChangeView: Reach consensus,org_view=11,cur_changeCycle=1,curView=11,view=12
info|2025-10-07 00:06:22.088618|PBFTSeal-1-0x00007f647804e700|[g:1][CONSENSUS][SEALER]++++++++++++++++ Generating seal on,blkNum=32,tx=0,nodeIdx=3,hash=c71ebd1b...
info|2025-10-07 00:06:22.098771|PBFT-1-0x00007f647f85d700|[g:1][CONSENSUS][PBFT]checkTimeout Succ,view=12,toView=13,nodeIdx=3,changeCycle=1,myNode=87d00b98...,timecost=3
info|2025-10-07 00:06:22.108306|PBFT-1-0x00007f647f85d700|[g:1][CONSENSUS][PBFT]checkAndChangeView: Reach consensus,org_view=12,cur_changeCycle=1,curView=12,view=13
info|2025-10-07 00:06:23.109299|PBFT-1-0x00007f647f85d700|[g:1][CONSENSUS]addRawPrepare,height=32,reqIdx=0,hash=8c1807e7...,time=0
info|2025-10-07 00:06:23.110938|PBFT-1-0x00007f647f85d700|[g:1][CONSENSUS][PBFT]checkTimeout Succ,view=13,toView=14,nodeIdx=3,changeCycle=1,myNode=87d00b98...,timecost=1
info|2025-10-07 00:06:23.122830|PBFT-1-0x00007f647f85d700|[g:1][CONSENSUS][PBFT]checkAndChangeView: Reach consensus,org_view=13,cur_changeCycle=1,curView=13,view=14
info|2025-10-07 00:06:23.602440|io_service-0x00007f6499891700|[P2P][Service] heartBeat,connected count=3
info|2025-10-07 00:06:24.122075|PBFT-1-0x00007f647f85d700|[g:1][CONSENSUS]addRawPrepare,height=32,reqIdx=1,hash=0e2f14ef...,time=0
info|2025-10-07 00:06:24.124194|PBFT-1-0x00007f647f85d700|[g:1][CONSENSUS][PBFT]checkTimeout Succ,view=14,toView=15,nodeIdx=3,changeCycle=1,myNode=87d00b98...,timecost=2
info|2025-10-07 00:06:24.132203|PBFT-1-0x00007f647f85d700|[g:1][CONSENSUS][PBFT]checkAndChangeView: Reach consensus,org_view=14,cur_changeCycle=1,curView=14,view=15
info|2025-10-07 00:06:25.139382|PBFT-1-0x00007f647f85d700|[g:1][CONSENSUS]addRawPrepare,height=32,reqIdx=2,hash=1e732baf...,time=0
info|2025-10-07 00:06:25.141195|PBFT-1-0x00007f647f85d700|[g:1][CONSENSUS][PBFT]checkTimeout Succ,view=15,toView=16,nodeIdx=3,changeCycle=1,myNode=87d00b98...,timecost=2
info|2025-10-07 00:06:25.151883|PBFT-1-0x00007f647f85d700|[g:1][CONSENSUS][PBFT]checkAndChangeView: Reach consensus,org_view=15,cur_changeCycle=1,curView=15,view=16
info|2025-10-07 00:06:26.152165|PBFTSeal-1-0x00007f647804e700|[g:1][CONSENSUS][SEALER]++++++++++++++++ Generating seal on,blkNum=32,tx=0,nodeIdx=3,hash=8984406c...
info|2025-10-07 00:06:26.155483|PBFT-1-0x00007f647f85d700|[g:1][CONSENSUS][PBFT]checkTimeout Succ,view=16,toView=17,nodeIdx=3,changeCycle=1,myNode=87d00b98...,timecost=1
info|2025-10-07 00:06:26.165358|PBFT-1-0x00007f647f85d700|[g:1][CONSENSUS][PBFT]checkAndChangeView: Reach consensus,org_view=16,cur_changeCycle=1,curView=16,view=17
info|2025-10-07 00:06:26.834367|PBFTWork-1-0x00007f648606a700|[g:1][CONSENSUS][PartiallyPBFTReqCache]addPartiallyRawPrepare,height=32,reqIdx=0,hash=bddf7247...
info|2025-10-07 00:06:26.836035|PBFTWork-1-0x00007f648606a700|[g:1][BLOCKVERIFIER][executeBlock]Executing block,txNum=1,num=32,parentHash=7e29fb24f8782a4455b128fb6b00834beae435b4799e9de9f83b29357d2d5e0a,parentNum=31,parentStateRoot=8fbd432a738f0bcba72744b56cb733dc7f2aa6a0b8ab2c52c852967da1a555b1
info|2025-10-07 00:06:26.836716|PBFTWork-1-0x00007f648606a700|[g:1][PRECOMPILED]init GasChargeManagePrecompiled
info|2025-10-07 00:06:27.158070|sealerWorker-0x00007f6479050700|[PRECOMPILED][TimerPrecompiled]getCurrentTimeMillis,timeMillis=1759820787158
info|2025-10-07 00:06:31.962141|sealerWorker-0x00007f6479050700|[PRECOMPILED][TimerPrecompiled]getCurrentTimeMillis,timeMillis=1759820791962
info|2025-10-07 00:06:31.962258|sealerWorker-0x00007f6479050700|[PRECOMPILED][TimerPrecompiled]getCurrentTimeMillis,timeMillis=1759820791962
info|2025-10-07 00:06:32.683771|sealerWorker-0x00007f6479050700|[PRECOMPILED][TimerPrecompiled]getCurrentTimeMillis,timeMillis=1759820792683
info|2025-10-07 00:06:32.686523|PBFTWork-1-0x00007f648606a700|[g:1][CONSENSUS][PBFT]execBlock,blkNum=32,reqIdx=0,hash=60171eb6...,nodeIdx=3,myNode=87d00b98...,decodeCost=0,checkCost=0,notifyCost=0,noteSealingCost=0,currentCycle=1,verifyAndSetSenderCost=0,execCost=5851,execPerTx=5851,totalCost=5851
info|2025-10-07 00:06:32.688638|PBFTWork-1-0x00007f648606a700|[g:1][CONSENSUS][PBFT]handlePrepareMsg Succ,timecost=2,INFO=handlePartiallyPrepare,reqIdx=0,view=17,reqNum=32,curNum=31,consNum=32,hash=bddf7247...,nodeIdx=3,myNode=87d00b98...,curChangeCycle=1
info|2025-10-07 00:06:32.688694|PBFT-1-0x00007f647f85d700|[g:1][CONSENSUS][PBFT]checkReq: Recv future request,prepHash=60171eb6...,INFO=handleSignMsg,num=32,curNum=31,GenIdx=1,Sview=17,view=17,fromIdx=1,fromNode=374bdfe9...,fromIp=127.0.0.1:40560,hash=a986a362...,nodeIdx=3,myNode=87d00b98...
info|2025-10-07 00:06:32.688703|PBFT-1-0x00007f647f85d700|[g:1][CONSENSUS][PBFT]FutureBlock,INFO=handleSignMsg,num=32,curNum=31,GenIdx=1,Sview=17,view=17,fromIdx=1,fromNode=374bdfe9...,fromIp=127.0.0.1:40560,hash=a986a362...,nodeIdx=3,myNode=87d00b98...
info|2025-10-07 00:06:32.752993|PBFT-1-0x00007f647f85d700|[g:1][CONSENSUS][PBFT]checkReq: Recv future request,prepHash=60171eb6...,INFO=handleSignMsg,num=32,curNum=31,GenIdx=0,Sview=17,view=17,fromIdx=0,fromNode=064cb676...,fromIp=127.0.0.1:40544,hash=74b79420...,nodeIdx=3,myNode=87d00b98...
info|2025-10-07 00:06:32.753014|PBFT-1-0x00007f647f85d700|[g:1][CONSENSUS][PBFT]FutureBlock,INFO=handleSignMsg,num=32,curNum=31,GenIdx=0,Sview=17,view=17,fromIdx=0,fromNode=064cb676...,fromIp=127.0.0.1:40544,hash=74b79420...,nodeIdx=3,myNode=87d00b98...
info|2025-10-07 00:06:32.852974|PBFT-1-0x00007f647f85d700|[g:1][CONSENSUS][PBFT]checkReq: Recv future request,prepHash=60171eb6...,INFO=handleSignMsg,num=32,curNum=31,GenIdx=2,Sview=17,view=17,fromIdx=2,fromNode=73994dae...,fromIp=127.0.0.1:30300,hash=266a1729...,nodeIdx=3,myNode=87d00b98...
info|2025-10-07 00:06:32.852994|PBFT-1-0x00007f647f85d700|[g:1][CONSENSUS][PBFT]FutureBlock,INFO=handleSignMsg,num=32,curNum=31,GenIdx=2,Sview=17,view=17,fromIdx=2,fromNode=73994dae...,fromIp=127.0.0.1:30300,hash=266a1729...,nodeIdx=3,myNode=87d00b98...
info|2025-10-07 00:06:33.603221|io_service-0x00007f6499891700|[P2P][Service] heartBeat,connected count=3
info|2025-10-07 00:06:37.196541|PBFT-1-0x00007f647f85d700|[g:1][CONSENSUS][SEALER]decrease maxBlockCanSeal to half for PBFT timeout,org_maxBlockCanSeal=1000,halfed_maxBlockCanSeal=500,timeoutCount=1,lastTimeoutTx=1
warning|2025-10-07 00:06:37.197863|PBFT-1-0x00007f647f85d700|[g:1][CONSENSUS][PBFT]ViewChangeWarning: not caused by omit empty block ,v=17,toV=18,curNum=31,hash=7e29fb24...,nodeIdx=3,myNode=87d00b98...
info|2025-10-07 00:06:37.198793|PBFT-1-0x00007f647f85d700|[g:1][CONSENSUS][PBFT]checkTimeout Succ,view=17,toView=18,nodeIdx=3,changeCycle=2,myNode=87d00b98...,timecost=2
info|2025-10-07 00:06:37.206753|PBFT-1-0x00007f647f85d700|[g:1][CONSENSUS][PBFT]checkAndChangeView: Reach consensus,org_view=17,cur_changeCycle=2,curView=17,view=18
info|2025-10-07 00:06:37.718827|PBFTWork-1-0x00007f648606a700|[g:1][CONSENSUS][PartiallyPBFTReqCache]addPartiallyRawPrepare,height=32,reqIdx=1,hash=bc67c290...
info|2025-10-07 00:06:37.719115|PBFTWork-1-0x00007f648606a700|[g:1][BLOCKVERIFIER][executeBlock]Executing block,txNum=1,num=32,parentHash=7e29fb24f8782a4455b128fb6b00834beae435b4799e9de9f83b29357d2d5e0a,parentNum=31,parentStateRoot=8fbd432a738f0bcba72744b56cb733dc7f2aa6a0b8ab2c52c852967da1a555b1
info|2025-10-07 00:06:37.719264|PBFTWork-1-0x00007f648606a700|[g:1][PRECOMPILED]init GasChargeManagePrecompiled
info|2025-10-07 00:06:38.182472|PBFTWork-1-0x00007f648606a700|[g:1][PRECOMPILED][TimerPrecompiled]getCurrentTimeMillis,timeMillis=1759820798182
info|2025-10-07 00:06:42.069176|PBFTWork-1-0x00007f648606a700|[g:1][PRECOMPILED][TimerPrecompiled]getCurrentTimeMillis,timeMillis=1759820802069
info|2025-10-07 00:06:42.070710|PBFTWork-1-0x00007f648606a700|[g:1][PRECOMPILED][TimerPrecompiled]getCurrentTimeMillis,timeMillis=1759820802070
info|2025-10-07 00:06:43.603359|io_service-0x00007f6499891700|[P2P][Service] heartBeat,connected count=3
info|2025-10-07 00:06:43.793655|PBFTWork-1-0x00007f648606a700|[g:1][PRECOMPILED][TimerPrecompiled]getCurrentTimeMillis,timeMillis=1759820803793
info|2025-10-07 00:06:43.804687|PBFTWork-1-0x00007f648606a700|[g:1][CONSENSUS][PBFT]execBlock,blkNum=32,reqIdx=1,hash=764c5455...,nodeIdx=3,myNode=87d00b98...,decodeCost=0,checkCost=1,notifyCost=0,noteSealingCost=0,currentCycle=2,verifyAndSetSenderCost=0,execCost=6085,execPerTx=6085,totalCost=6086
info|2025-10-07 00:06:43.809361|PBFTWork-1-0x00007f648606a700|[g:1][CONSENSUS][PBFT]handlePrepareMsg Succ,timecost=5,INFO=handlePartiallyPrepare,reqIdx=1,view=18,reqNum=32,curNum=31,consNum=32,hash=bc67c290...,nodeIdx=3,myNode=87d00b98...,curChangeCycle=2
info|2025-10-07 00:06:43.811228|PBFT-1-0x00007f647f85d700|[g:1][CONSENSUS][PBFT]checkReq: Recv future request,prepHash=764c5455...,INFO=handleSignMsg,num=32,curNum=31,GenIdx=2,Sview=18,view=18,fromIdx=2,fromNode=73994dae...,fromIp=127.0.0.1:30300,hash=dd3c26b8...,nodeIdx=3,myNode=87d00b98...
info|2025-10-07 00:06:43.811277|PBFT-1-0x00007f647f85d700|[g:1][CONSENSUS][PBFT]FutureBlock,INFO=handleSignMsg,num=32,curNum=31,GenIdx=2,Sview=18,view=18,fromIdx=2,fromNode=73994dae...,fromIp=127.0.0.1:30300,hash=dd3c26b8...,nodeIdx=3,myNode=87d00b98...
info|2025-10-07 00:06:44.315988|PBFT-1-0x00007f647f85d700|[g:1][CONSENSUS][PBFT]checkReq: Recv future request,prepHash=764c5455...,INFO=handleSignMsg,num=32,curNum=31,GenIdx=1,Sview=18,view=18,fromIdx=1,fromNode=374bdfe9...,fromIp=127.0.0.1:40560,hash=a0b6162d...,nodeIdx=3,myNode=87d00b98...
info|2025-10-07 00:06:44.316018|PBFT-1-0x00007f647f85d700|[g:1][CONSENSUS][PBFT]FutureBlock,INFO=handleSignMsg,num=32,curNum=31,GenIdx=1,Sview=18,view=18,fromIdx=1,fromNode=374bdfe9...,fromIp=127.0.0.1:40560,hash=a0b6162d...,nodeIdx=3,myNode=87d00b98...
info|2025-10-07 00:06:44.482315|PBFT-1-0x00007f647f85d700|[g:1][CONSENSUS][PBFT]checkReq: Recv future request,prepHash=764c5455...,INFO=handleSignMsg,num=32,curNum=31,GenIdx=0,Sview=18,view=18,fromIdx=0,fromNode=064cb676...,fromIp=127.0.0.1:40544,hash=def151a2...,nodeIdx=3,myNode=87d00b98...
info|2025-10-07 00:06:44.482399|PBFT-1-0x00007f647f85d700|[g:1][CONSENSUS][PBFT]FutureBlock,INFO=handleSignMsg,num=32,curNum=31,GenIdx=0,Sview=18,view=18,fromIdx=0,fromNode=064cb676...,fromIp=127.0.0.1:40544,hash=def151a2...,nodeIdx=3,myNode=87d00b98...
info|2025-10-07 00:06:50.565166|PBFT-1-0x00007f647f85d700|[g:1][CONSENSUS][SEALER]decrease maxBlockCanSeal to half for PBFT timeout,org_maxBlockCanSeal=500,halfed_maxBlockCanSeal=250,timeoutCount=2,lastTimeoutTx=1
warning|2025-10-07 00:06:50.566473|PBFT-1-0x00007f647f85d700|[g:1][CONSENSUS][PBFT]ViewChangeWarning: not caused by omit empty block ,v=18,toV=19,curNum=31,hash=7e29fb24...,nodeIdx=3,myNode=87d00b98...
info|2025-10-07 00:06:50.566611|PBFT-1-0x00007f647f85d700|[g:1][CONSENSUS][PBFT]checkTimeout Succ,view=18,toView=19,nodeIdx=3,changeCycle=3,myNode=87d00b98...,timecost=1
info|2025-10-07 00:06:50.572813|PBFT-1-0x00007f647f85d700|[g:1][CONSENSUS][PBFT]checkAndChangeView: Reach consensus,org_view=18,cur_changeCycle=3,curView=18,view=19
info|2025-10-07 00:06:51.076927|PBFTWork-1-0x00007f648606a700|[g:1][CONSENSUS][PartiallyPBFTReqCache]addPartiallyRawPrepare,height=32,reqIdx=2,hash=cc1e914b...
info|2025-10-07 00:06:51.077321|PBFTWork-1-0x00007f648606a700|[g:1][BLOCKVERIFIER][executeBlock]Executing block,txNum=1,num=32,parentHash=7e29fb24f8782a4455b128fb6b00834beae435b4799e9de9f83b29357d2d5e0a,parentNum=31,parentStateRoot=8fbd432a738f0bcba72744b56cb733dc7f2aa6a0b8ab2c52c852967da1a555b1
info|2025-10-07 00:06:51.077454|PBFTWork-1-0x00007f648606a700|[g:1][PRECOMPILED]init GasChargeManagePrecompiled
info|2025-10-07 00:06:51.401866|PBFTWork-1-0x00007f648606a700|[g:1][PRECOMPILED][TimerPrecompiled]getCurrentTimeMillis,timeMillis=1759820811401
info|2025-10-07 00:06:53.604019|io_service-0x00007f6499891700|[P2P][Service] heartBeat,connected count=3
info|2025-10-07 00:06:55.769499|PBFTWork-1-0x00007f648606a700|[g:1][PRECOMPILED][TimerPrecompiled]getCurrentTimeMillis,timeMillis=1759820815769
info|2025-10-07 00:06:55.769626|PBFTWork-1-0x00007f648606a700|[g:1][PRECOMPILED][TimerPrecompiled]getCurrentTimeMillis,timeMillis=1759820815769
info|2025-10-07 00:06:56.971032|PBFTWork-1-0x00007f648606a700|[g:1][PRECOMPILED][TimerPrecompiled]getCurrentTimeMillis,timeMillis=1759820816971
info|2025-10-07 00:06:56.973221|PBFTWork-1-0x00007f648606a700|[g:1][CONSENSUS][PBFT]execBlock,blkNum=32,reqIdx=2,hash=85ccc980...,nodeIdx=3,myNode=87d00b98...,decodeCost=0,checkCost=0,notifyCost=0,noteSealingCost=0,currentCycle=3,verifyAndSetSenderCost=0,execCost=5896,execPerTx=5896,totalCost=5896
info|2025-10-07 00:06:56.976521|PBFTWork-1-0x00007f648606a700|[g:1][CONSENSUS][PBFT]handlePrepareMsg Succ,timecost=3,INFO=handlePartiallyPrepare,reqIdx=2,view=19,reqNum=32,curNum=31,consNum=32,hash=cc1e914b...,nodeIdx=3,myNode=87d00b98...,curChangeCycle=3
info|2025-10-07 00:06:56.976585|PBFT-1-0x00007f647f85d700|[g:1][CONSENSUS][PBFT]checkReq: Recv future request,prepHash=85ccc980...,INFO=handleSignMsg,num=32,curNum=31,GenIdx=0,Sview=19,view=19,fromIdx=0,fromNode=064cb676...,fromIp=127.0.0.1:40544,hash=7d390c38...,nodeIdx=3,myNode=87d00b98...
info|2025-10-07 00:06:56.976595|PBFT-1-0x00007f647f85d700|[g:1][CONSENSUS][PBFT]FutureBlock,INFO=handleSignMsg,num=32,curNum=31,GenIdx=0,Sview=19,view=19,fromIdx=0,fromNode=064cb676...,fromIp=127.0.0.1:40544,hash=7d390c38...,nodeIdx=3,myNode=87d00b98...
info|2025-10-07 00:06:56.976608|PBFT-1-0x00007f647f85d700|[g:1][CONSENSUS][PBFT]checkReq: Recv future request,prepHash=85ccc980...,INFO=handleSignMsg,num=32,curNum=31,GenIdx=1,Sview=19,view=19,fromIdx=1,fromNode=374bdfe9...,fromIp=127.0.0.1:40560,hash=f0980b9c...,nodeIdx=3,myNode=87d00b98...
info|2025-10-07 00:06:56.976630|PBFT-1-0x00007f647f85d700|[g:1][CONSENSUS][PBFT]FutureBlock,INFO=handleSignMsg,num=32,curNum=31,GenIdx=1,Sview=19,view=19,fromIdx=1,fromNode=374bdfe9...,fromIp=127.0.0.1:40560,hash=f0980b9c...,nodeIdx=3,myNode=87d00b98...
info|2025-10-07 00:06:57.220940|PBFT-1-0x00007f647f85d700|[g:1][CONSENSUS][PBFT]checkReq: Recv future request,prepHash=85ccc980...,INFO=handleSignMsg,num=32,curNum=31,GenIdx=2,Sview=19,view=19,fromIdx=2,fromNode=73994dae...,fromIp=127.0.0.1:30300,hash=e9992ec8...,nodeIdx=3,myNode=87d00b98...
info|2025-10-07 00:06:57.221009|PBFT-1-0x00007f647f85d700|[g:1][CONSENSUS][PBFT]FutureBlock,INFO=handleSignMsg,num=32,curNum=31,GenIdx=2,Sview=19,view=19,fromIdx=2,fromNode=73994dae...,fromIp=127.0.0.1:30300,hash=e9992ec8...,nodeIdx=3,myNode=87d00b98...
info|2025-10-07 00:07:03.604204|io_service-0x00007f6499891700|[P2P][Service] heartBeat,connected count=3
info|2025-10-07 00:07:04.860300|fisco-bcos-0x00007f649c60adc0|[LEDGER]stop sealer,groupID=1
info|2025-10-07 00:07:04.860341|fisco-bcos-0x00007f649c60adc0|[CONSENSUS][SEALER]Stop sealer module...
info|2025-10-07 00:07:04.867147|fisco-bcos-0x00007f649c60adc0|[CONSENSUS][ConsensusEngine][Stop ConsensusEngineBase]
info|2025-10-07 00:07:04.867385|fisco-bcos-0x00007f649c60adc0|[CONSENSUS][ConsensusEngine]ConsensusEngineBase stopped
info|2025-10-07 00:07:04.867413|fisco-bcos-0x00007f649c60adc0|[LEDGER]sealer stopped. stop sync,groupID=1
info|2025-10-07 00:07:04.867818|fisco-bcos-0x00007f649c60adc0|[g:1] [SYNC][id:87d00b98...]SyncMsgEngine stopped
info|2025-10-07 00:07:04.960080|fisco-bcos-0x00007f649c60adc0|[GossipBlockStatus]stop GossipBlockStatus succ
info|2025-10-07 00:07:05.526576|fisco-bcos-0x00007f649c60adc0|[SYNC][id:87d00b98...][g:1]SyncMaster stopped
info|2025-10-07 00:07:05.526632|fisco-bcos-0x00007f649c60adc0|[LEDGER]sync stopped. stop event filter manager,groupID=1
info|2025-10-07 00:07:05.563227|fisco-bcos-0x00007f649c60adc0|[EVENT][EventLogFilterManager]stop
info|2025-10-07 00:07:05.563276|fisco-bcos-0x00007f649c60adc0|[LEDGER]event filter manager stopped. stop tx pool,groupID=1
info|2025-10-07 00:07:05.563686|fisco-bcos-0x00007f649c60adc0|[LEDGER]removeNetworkStatHandlerByGroupID and removeGroupBandwidthLimiter for service,groupID=1
info|2025-10-07 00:07:05.563753|fisco-bcos-0x00007f649c60adc0|[CHANNEL]removeSDKAllowListByGroupId,groupId=1
info|2025-10-07 00:07:05.563763|fisco-bcos-0x00007f649c60adc0|[INITIALIZER]ledgerInitializer stopped
info|2025-10-07 00:07:06.540533|io_service-0x00007f6499891700|[NETWORK][Session]doRead failed,endpoint=127.0.0.1:30300,message=short read (SSL routines, SSL routines)
info|2025-10-07 00:07:06.540565|io_service-0x00007f6499891700|[NETWORK][Session]drop, call and erase all callbackFunc of the session!,endpoint=127.0.0.1:30300
info|2025-10-07 00:07:06.540593|io_service-0x00007f6499891700|[NETWORK][Session][drop] closing remote 127.0.0.1:30300,reason=Low-level TCP communication failed.,endpoint=127.0.0.1:30300
info|2025-10-07 00:07:06.540671|io_service-0x00007f6499891700|[NETWORK][Session]Session inactive
info|2025-10-07 00:07:06.540679|io_service-0x00007f6499891700|[NETWORK][Session]Session inactive
info|2025-10-07 00:07:06.540684|io_service-0x00007f6499891700|[NETWORK][Session][drop] shutdown failed ,code=9,message=Bad file descriptor
info|2025-10-07 00:07:06.540773|P2P-0x00007f649b895700|[P2P][Service] disconnect inactive P2PSession,nodeID=73994dae...,endpoint=127.0.0.1:30300,code=3,what=Disconnect
info|2025-10-07 00:07:06.540794|P2P-0x00007f649b895700|[P2P][Service] onDisconnect,code=3,what=Dynamic exception type: dev::network::NetworkException
std::exception::what: Disconnect
info|2025-10-07 00:07:06.564660|fisco-bcos-0x00007f649c60adc0|[INITIALIZER]ChannelRPCHttpServer deleted.
info|2025-10-07 00:07:06.565424|fisco-bcos-0x00007f649c60adc0|[INITIALIZER]JsonrpcHttpServer deleted.
info|2025-10-07 00:07:06.565453|fisco-bcos-0x00007f649c60adc0|[INITIALIZER]RPCInitializer stopped
info|2025-10-07 00:07:06.565686|io_service-0x00007f6499891700|[NETWORK][Host]Host exit
info|2025-10-07 00:07:06.566777|fisco-bcos-0x00007f649c60adc0|[INITIALIZER]P2PInitializer stopped
info|2025-10-07 00:07:06.566818|fisco-bcos-0x00007f649c60adc0|[LEDGER]stop sealer,groupID=1
info|2025-10-07 00:07:06.566828|fisco-bcos-0x00007f649c60adc0|[LEDGER]sealer stopped. stop sync,groupID=1
info|2025-10-07 00:07:06.566837|fisco-bcos-0x00007f649c60adc0|[g:1] [SYNC][id:87d00b98...]SyncMsgEngine stopped
info|2025-10-07 00:07:06.566852|fisco-bcos-0x00007f649c60adc0|[GossipBlockStatus]GossipBlockStatus already stopped
info|2025-10-07 00:07:06.566856|fisco-bcos-0x00007f649c60adc0|[SYNC][id:87d00b98...][g:1]SyncMaster stopped
info|2025-10-07 00:07:06.566860|fisco-bcos-0x00007f649c60adc0|[LEDGER]sync stopped. stop event filter manager,groupID=1
info|2025-10-07 00:07:06.566864|fisco-bcos-0x00007f649c60adc0|[LEDGER]event filter manager stopped. stop tx pool,groupID=1
info|2025-10-07 00:07:06.566871|fisco-bcos-0x00007f649c60adc0|[LEDGER]removeNetworkStatHandlerByGroupID and removeGroupBandwidthLimiter for service,groupID=1
info|2025-10-07 00:07:06.566883|fisco-bcos-0x00007f649c60adc0|[g:1][STORAGE][CachedStorage]Stopping flushStorage thread
info|2025-10-07 00:07:07.517868|fisco-bcos-0x00007f649c60adc0|[g:1][STORAGE][CachedStorage]flushStorage thread stopped.
info|2025-10-07 00:07:07.517898|fisco-bcos-0x00007f649c60adc0|[DBINITIALIZER] storage stopped
info|2025-10-07 00:07:07.529330|fisco-bcos-0x00007f649c60adc0|[g:1] [SYNC][id:87d00b98...]SyncMsgEngine stopped
info|2025-10-07 00:07:07.529486|fisco-bcos-0x00007f649c60adc0|[GossipBlockStatus]GossipBlockStatus already stopped
info|2025-10-07 00:07:07.529505|fisco-bcos-0x00007f649c60adc0|[SYNC][id:87d00b98...][g:1]SyncMaster stopped
info|2025-10-07 00:07:07.529554|fisco-bcos-0x00007f649c60adc0|[g:1] [SYNC][id:87d00b98...]SyncMsgEngine stopped
