info|2025-10-12 23:00:00.082773|Sync-1-0x00007fef02a19700|[g:1][SYNC][id:87d00b98...]print sync info,peersCount=3,infoJson={"blockNumber":568,"genesisHash":"f0d3e67991e2c3d83533c031601c30c4741aba35d7d8017900779abe4ae22efe","isSyncing":false,"knownHighestNumber":568,"knownLatestHash":"31e4bff87431bde0438bab41c27242df0ffa13fdfbbc3d780480af8e59c3306b","latestHash":"31e4bff87431bde0438bab41c27242df0ffa13fdfbbc3d780480af8e59c3306b","nodeId":"87d00b98321fc70a5abc85ad9e80db10cce315194133697bf74aace1d3f8430957a766240f751752708f4282f46110d6ea56c3eb5d1c02ce98a66f327f595270","peers":[{"blockNumber":568,"genesisHash":"f0d3e67991e2c3d83533c031601c30c4741aba35d7d8017900779abe4ae22efe","latestHash":"31e4bff87431bde0438bab41c27242df0ffa13fdfbbc3d780480af8e59c3306b","nodeId":"064cb676a36047a4b52ecbf9c01664b1e987d91b438110ba6a12d96972726622e824d295b1de8b0298b5afe7bbbc0bd04a3890e1a36eae028c1cfbe07971b995"},{"blockNumber":183,"genesisHash":"f0d3e67991e2c3d83533c031601c30c4741aba35d7d8017900779abe4ae22efe","latestHash":"84b9e5d996bf7a5eb7a7af1e23a8308230a576a20d5c81a92b78a013e510177d","nodeId":"374bdfe969e1d8ea1200ade93e5d8cf1a7d5741f238011004b0f43ca818706f194b2f067e1708125f7ffc536610b9a72addbd56b238d65f18912be39037ffcc5"},{"blockNumber":568,"genesisHash":"f0d3e67991e2c3d83533c031601c30c4741aba35d7d8017900779abe4ae22efe","latestHash":"31e4bff87431bde0438bab41c27242df0ffa13fdfbbc3d780480af8e59c3306b","nodeId":"73994dae9e8b8da733108a4153dfe79151d701dff425f84c87b5324e8ebd02ab6a0ebc9e4f1e0298a7ddca50f94a8f95c62b6997226d571e470e8f2b0600634a"}],"protocolId":65545,"txPoolSize":"0"}
info|2025-10-12 23:00:00.866575|io_service-0x00007fef1b24a700|[P2P][Service] heartBeat,connected count=3
warning|2025-10-12 23:00:00.975022|PBFT-1-0x00007fef01216700|[g:1][CONSENSUS][PBFT]ViewChangeWarning: not caused by omit empty block ,v=109,toV=110,curNum=568,hash=31e4bff8...,nodeIdx=3,myNode=87d00b98...
info|2025-10-12 23:00:00.982555|PBFT-1-0x00007fef01216700|[g:1][CONSENSUS][PBFT]checkTimeout Succ,view=109,toView=110,nodeIdx=3,changeCycle=2,myNode=87d00b98...,timecost=11
info|2025-10-12 23:00:00.991726|PBFT-1-0x00007fef01216700|[g:1][CONSENSUS][PBFT]checkAndChangeView: Reach consensus,org_view=109,cur_changeCycle=2,curView=109,view=110
info|2025-10-12 23:00:01.993486|PBFT-1-0x00007fef01216700|[g:1][CONSENSUS]addRawPrepare,height=569,reqIdx=2,hash=cc53b2c8...,time=0
info|2025-10-12 23:00:01.999816|PBFT-1-0x00007fef01216700|[g:1][CONSENSUS][PBFT]checkTimeout Succ,view=110,toView=111,nodeIdx=3,changeCycle=1,myNode=87d00b98...,timecost=6
info|2025-10-12 23:00:02.013878|PBFT-1-0x00007fef01216700|[g:1][CONSENSUS][PBFT]checkAndChangeView: Reach consensus,org_view=110,cur_changeCycle=1,curView=110,view=111
info|2025-10-12 23:00:03.015986|PBFTSeal-1-0x00007feef9a07700|[g:1][CONSENSUS][SEALER]++++++++++++++++ Generating seal on,blkNum=569,tx=0,nodeIdx=3,hash=cc6ebb95...
info|2025-10-12 23:00:03.031818|PBFT-1-0x00007fef01216700|[g:1][CONSENSUS][PBFT]checkTimeout Succ,view=111,toView=112,nodeIdx=3,changeCycle=1,myNode=87d00b98...,timecost=14
info|2025-10-12 23:00:03.045878|PBFT-1-0x00007fef01216700|[g:1][CONSENSUS][PBFT]checkAndChangeView: Reach consensus,org_view=111,cur_changeCycle=1,curView=111,view=112
info|2025-10-12 23:00:04.054601|PBFT-1-0x00007fef01216700|[g:1][CONSENSUS]addRawPrepare,height=569,reqIdx=0,hash=3bd70140...,time=0
info|2025-10-12 23:00:04.062918|PBFT-1-0x00007fef01216700|[g:1][CONSENSUS][PBFT]checkTimeout Succ,view=112,toView=113,nodeIdx=3,changeCycle=1,myNode=87d00b98...,timecost=4
info|2025-10-12 23:00:04.073044|PBFT-1-0x00007fef01216700|[g:1][CONSENSUS][PBFT]checkAndChangeView: Reach consensus,org_view=112,cur_changeCycle=1,curView=112,view=113
warning|2025-10-12 23:00:08.575966|PBFT-1-0x00007fef01216700|[g:1][CONSENSUS][PBFT]ViewChangeWarning: not caused by omit empty block ,v=113,toV=114,curNum=568,hash=31e4bff8...,nodeIdx=3,myNode=87d00b98...
info|2025-10-12 23:00:08.576179|PBFT-1-0x00007fef01216700|[g:1][CONSENSUS][PBFT]checkTimeout Succ,view=113,toView=114,nodeIdx=3,changeCycle=2,myNode=87d00b98...,timecost=2
info|2025-10-12 23:00:08.589214|PBFT-1-0x00007fef01216700|[g:1][CONSENSUS][PBFT]checkAndChangeView: Reach consensus,org_view=113,cur_changeCycle=2,curView=113,view=114
info|2025-10-12 23:00:09.590738|PBFT-1-0x00007fef01216700|[g:1][CONSENSUS]addRawPrepare,height=569,reqIdx=2,hash=295b456d...,time=0
info|2025-10-12 23:00:09.594382|PBFT-1-0x00007fef01216700|[g:1][CONSENSUS][PBFT]checkTimeout Succ,view=114,toView=115,nodeIdx=3,changeCycle=1,myNode=87d00b98...,timecost=4
info|2025-10-12 23:00:09.606077|PBFT-1-0x00007fef01216700|[g:1][CONSENSUS][PBFT]checkAndChangeView: Reach consensus,org_view=114,cur_changeCycle=1,curView=114,view=115
info|2025-10-12 23:00:10.606583|PBFTSeal-1-0x00007feef9a07700|[g:1][CONSENSUS][SEALER]++++++++++++++++ Generating seal on,blkNum=569,tx=0,nodeIdx=3,hash=baeaeb63...
info|2025-10-12 23:00:10.617355|PBFT-1-0x00007fef01216700|[g:1][CONSENSUS][PBFT]checkTimeout Succ,view=115,toView=116,nodeIdx=3,changeCycle=1,myNode=87d00b98...,timecost=3
info|2025-10-12 23:00:10.631077|PBFT-1-0x00007fef01216700|[g:1][CONSENSUS][PBFT]checkAndChangeView: Reach consensus,org_view=115,cur_changeCycle=1,curView=115,view=116
info|2025-10-12 23:00:10.866758|io_service-0x00007fef1b24a700|[P2P][Service] heartBeat,connected count=3
info|2025-10-12 23:00:11.640525|PBFT-1-0x00007fef01216700|[g:1][CONSENSUS]addRawPrepare,height=569,reqIdx=0,hash=69ddacd2...,time=0
info|2025-10-12 23:00:11.653936|PBFT-1-0x00007fef01216700|[g:1][CONSENSUS][PBFT]checkTimeout Succ,view=116,toView=117,nodeIdx=3,changeCycle=1,myNode=87d00b98...,timecost=13
info|2025-10-12 23:00:11.666036|PBFT-1-0x00007fef01216700|[g:1][CONSENSUS][PBFT]checkAndChangeView: Reach consensus,org_view=116,cur_changeCycle=1,curView=116,view=117
warning|2025-10-12 23:00:16.168183|PBFT-1-0x00007fef01216700|[g:1][CONSENSUS][PBFT]ViewChangeWarning: not caused by omit empty block ,v=117,toV=118,curNum=568,hash=31e4bff8...,nodeIdx=3,myNode=87d00b98...
info|2025-10-12 23:00:16.169382|PBFT-1-0x00007fef01216700|[g:1][CONSENSUS][PBFT]checkTimeout Succ,view=117,toView=118,nodeIdx=3,changeCycle=2,myNode=87d00b98...,timecost=4
info|2025-10-12 23:00:16.179912|PBFT-1-0x00007fef01216700|[g:1][CONSENSUS][PBFT]checkAndChangeView: Reach consensus,org_view=117,cur_changeCycle=2,curView=117,view=118
info|2025-10-12 23:00:17.191588|PBFT-1-0x00007fef01216700|[g:1][CONSENSUS]addRawPrepare,height=569,reqIdx=2,hash=3913f40b...,time=0
info|2025-10-12 23:00:17.193777|PBFT-1-0x00007fef01216700|[g:1][CONSENSUS][PBFT]checkTimeout Succ,view=118,toView=119,nodeIdx=3,changeCycle=1,myNode=87d00b98...,timecost=2
info|2025-10-12 23:00:17.208241|PBFT-1-0x00007fef01216700|[g:1][CONSENSUS][PBFT]checkAndChangeView: Reach consensus,org_view=118,cur_changeCycle=1,curView=118,view=119
info|2025-10-12 23:00:17.540989|P2P-0x00007fef1d24e700|[g:1] [SYNC][id:87d00b98...][Download][Request]Receive block request,peer=374bdfe9...,from=184,to=184
info|2025-10-12 23:00:17.541918|SyncSend-1-0x00007fef0da2f700|[g:1][SYNC][id:87d00b98...][Download][Request][BlockSync]Batch blocks for sending,blockSize=24480,number=184,peer=374bdfe9...,timeCost=0
info|2025-10-12 23:00:17.542113|SyncSend-1-0x00007fef0da2f700|[g:1][g:1] [SYNC][id:374bdfe9...][Download][Request][BlockSync]Send block packet,peer=374bdfe9...,blocks=1,bytes(V)=24487
info|2025-10-12 23:00:18.210741|PBFTSeal-1-0x00007feef9a07700|[g:1][CONSENSUS][SEALER]++++++++++++++++ Generating seal on,blkNum=569,tx=0,nodeIdx=3,hash=1f1f39a8...
info|2025-10-12 23:00:18.237896|PBFT-1-0x00007fef01216700|[g:1][CONSENSUS][PBFT]checkTimeout Succ,view=119,toView=120,nodeIdx=3,changeCycle=1,myNode=87d00b98...,timecost=17
info|2025-10-12 23:00:18.259831|PBFT-1-0x00007fef01216700|[g:1][CONSENSUS][PBFT]checkAndChangeView: Reach consensus,org_view=119,cur_changeCycle=1,curView=119,view=120
info|2025-10-12 23:00:19.276050|PBFT-1-0x00007fef01216700|[g:1][CONSENSUS]addRawPrepare,height=569,reqIdx=0,hash=801a8fb3...,time=0
info|2025-10-12 23:00:19.280712|PBFT-1-0x00007fef01216700|[g:1][CONSENSUS][PBFT]checkTimeout Succ,view=120,toView=121,nodeIdx=3,changeCycle=1,myNode=87d00b98...,timecost=4
info|2025-10-12 23:00:19.353924|PBFT-1-0x00007fef01216700|[g:1][CONSENSUS][PBFT]checkAndChangeView: Reach consensus,org_view=120,cur_changeCycle=1,curView=120,view=121
info|2025-10-12 23:00:20.867567|io_service-0x00007fef1b24a700|[P2P][Service] heartBeat,connected count=3
info|2025-10-12 23:00:23.861224|PBFT-1-0x00007fef01216700|[g:1][CONSENSUS][PBFT]Trigger fast-viewchange,view=121,toView=121,minView=122,INFO=,reqNum=568,curNum=568,GenIdx=2,Cview=122,view=121,fromIdx=2,fromNode=73994dae...,fromIp=127.0.0.1:53970,hash=31e4bff8...,nodeIdx=3,myNode=87d00b98...
info|2025-10-12 23:00:23.864664|PBFT-1-0x00007fef01216700|[g:1][CONSENSUS][PBFT]checkAndChangeView: Reach consensus,org_view=121,cur_changeCycle=2,curView=121,view=122
info|2025-10-12 23:00:23.865072|PBFT-1-0x00007fef01216700|[g:1][CONSENSUS][PBFT]checkTimeout Succ,view=122,toView=122,nodeIdx=3,changeCycle=2,myNode=87d00b98...,timecost=4
info|2025-10-12 23:00:24.879720|PBFT-1-0x00007fef01216700|[g:1][CONSENSUS]addRawPrepare,height=569,reqIdx=2,hash=fa4d9b14...,time=0
info|2025-10-12 23:00:24.885214|PBFT-1-0x00007fef01216700|[g:1][CONSENSUS][PBFT]checkTimeout Succ,view=122,toView=123,nodeIdx=3,changeCycle=1,myNode=87d00b98...,timecost=6
info|2025-10-12 23:00:24.892967|PBFT-1-0x00007fef01216700|[g:1][CONSENSUS][PBFT]checkAndChangeView: Reach consensus,org_view=122,cur_changeCycle=1,curView=122,view=123
info|2025-10-12 23:00:25.894440|PBFTSeal-1-0x00007feef9a07700|[g:1][CONSENSUS][SEALER]++++++++++++++++ Generating seal on,blkNum=569,tx=0,nodeIdx=3,hash=253d18c8...
info|2025-10-12 23:00:25.908845|PBFT-1-0x00007fef01216700|[g:1][CONSENSUS][PBFT]checkTimeout Succ,view=123,toView=124,nodeIdx=3,changeCycle=1,myNode=87d00b98...,timecost=3
info|2025-10-12 23:00:25.919990|PBFT-1-0x00007fef01216700|[g:1][CONSENSUS][PBFT]checkAndChangeView: Reach consensus,org_view=123,cur_changeCycle=1,curView=123,view=124
info|2025-10-12 23:00:26.931569|PBFT-1-0x00007fef01216700|[g:1][CONSENSUS]addRawPrepare,height=569,reqIdx=0,hash=1fab2807...,time=0
info|2025-10-12 23:00:26.934492|PBFT-1-0x00007fef01216700|[g:1][CONSENSUS][PBFT]checkTimeout Succ,view=124,toView=125,nodeIdx=3,changeCycle=1,myNode=87d00b98...,timecost=3
info|2025-10-12 23:00:26.948670|PBFT-1-0x00007fef01216700|[g:1][CONSENSUS][PBFT]checkAndChangeView: Reach consensus,org_view=124,cur_changeCycle=1,curView=124,view=125
info|2025-10-12 23:00:30.868016|io_service-0x00007fef1b24a700|[P2P][Service] heartBeat,connected count=3
warning|2025-10-12 23:00:31.452707|PBFT-1-0x00007fef01216700|[g:1][CONSENSUS][PBFT]ViewChangeWarning: not caused by omit empty block ,v=125,toV=126,curNum=568,hash=31e4bff8...,nodeIdx=3,myNode=87d00b98...
info|2025-10-12 23:00:31.454498|PBFT-1-0x00007fef01216700|[g:1][CONSENSUS][PBFT]checkTimeout Succ,view=125,toView=126,nodeIdx=3,changeCycle=2,myNode=87d00b98...,timecost=4
info|2025-10-12 23:00:31.464531|PBFT-1-0x00007fef01216700|[g:1][CONSENSUS][PBFT]checkAndChangeView: Reach consensus,org_view=125,cur_changeCycle=2,curView=125,view=126
info|2025-10-12 23:00:32.476586|PBFT-1-0x00007fef01216700|[g:1][CONSENSUS]addRawPrepare,height=569,reqIdx=2,hash=4a03b379...,time=0
info|2025-10-12 23:00:32.479262|PBFT-1-0x00007fef01216700|[g:1][CONSENSUS][PBFT]checkTimeout Succ,view=126,toView=127,nodeIdx=3,changeCycle=1,myNode=87d00b98...,timecost=3
info|2025-10-12 23:00:32.495466|PBFT-1-0x00007fef01216700|[g:1][CONSENSUS][PBFT]checkAndChangeView: Reach consensus,org_view=126,cur_changeCycle=1,curView=126,view=127
info|2025-10-12 23:00:33.496204|PBFTSeal-1-0x00007feef9a07700|[g:1][CONSENSUS][SEALER]++++++++++++++++ Generating seal on,blkNum=569,tx=0,nodeIdx=3,hash=6d0a9f2a...
info|2025-10-12 23:00:33.502903|PBFT-1-0x00007fef01216700|[g:1][CONSENSUS][PBFT]checkTimeout Succ,view=127,toView=128,nodeIdx=3,changeCycle=1,myNode=87d00b98...,timecost=2
info|2025-10-12 23:00:33.519753|PBFT-1-0x00007fef01216700|[g:1][CONSENSUS][PBFT]checkAndChangeView: Reach consensus,org_view=127,cur_changeCycle=1,curView=127,view=128
info|2025-10-12 23:00:34.533155|PBFT-1-0x00007fef01216700|[g:1][CONSENSUS]addRawPrepare,height=569,reqIdx=0,hash=4c056915...,time=0
info|2025-10-12 23:00:34.538486|PBFT-1-0x00007fef01216700|[g:1][CONSENSUS][PBFT]checkTimeout Succ,view=128,toView=129,nodeIdx=3,changeCycle=1,myNode=87d00b98...,timecost=5
info|2025-10-12 23:00:34.547059|PBFT-1-0x00007fef01216700|[g:1][CONSENSUS][PBFT]checkAndChangeView: Reach consensus,org_view=128,cur_changeCycle=1,curView=128,view=129
warning|2025-10-12 23:00:39.055272|PBFT-1-0x00007fef01216700|[g:1][CONSENSUS][PBFT]ViewChangeWarning: not caused by omit empty block ,v=129,toV=130,curNum=568,hash=31e4bff8...,nodeIdx=3,myNode=87d00b98...
info|2025-10-12 23:00:39.056423|PBFT-1-0x00007fef01216700|[g:1][CONSENSUS][PBFT]checkTimeout Succ,view=129,toView=130,nodeIdx=3,changeCycle=2,myNode=87d00b98...,timecost=7
info|2025-10-12 23:00:39.065073|PBFT-1-0x00007fef01216700|[g:1][CONSENSUS][PBFT]checkAndChangeView: Reach consensus,org_view=129,cur_changeCycle=2,curView=129,view=130
info|2025-10-12 23:00:40.077896|PBFT-1-0x00007fef01216700|[g:1][CONSENSUS]addRawPrepare,height=569,reqIdx=2,hash=ff6c96cb...,time=0
info|2025-10-12 23:00:40.087717|PBFT-1-0x00007fef01216700|[g:1][CONSENSUS][PBFT]checkTimeout Succ,view=130,toView=131,nodeIdx=3,changeCycle=1,myNode=87d00b98...,timecost=7
info|2025-10-12 23:00:40.097375|PBFT-1-0x00007fef01216700|[g:1][CONSENSUS][PBFT]checkAndChangeView: Reach consensus,org_view=130,cur_changeCycle=1,curView=130,view=131
info|2025-10-12 23:00:40.868762|io_service-0x00007fef1b24a700|[P2P][Service] heartBeat,connected count=3
info|2025-10-12 23:00:41.097924|PBFTSeal-1-0x00007feef9a07700|[g:1][CONSENSUS][SEALER]++++++++++++++++ Generating seal on,blkNum=569,tx=0,nodeIdx=3,hash=a2a2dfec...
info|2025-10-12 23:00:41.107044|PBFT-1-0x00007fef01216700|[g:1][CONSENSUS][PBFT]checkTimeout Succ,view=131,toView=132,nodeIdx=3,changeCycle=1,myNode=87d00b98...,timecost=6
info|2025-10-12 23:00:41.125808|PBFT-1-0x00007fef01216700|[g:1][CONSENSUS][PBFT]checkAndChangeView: Reach consensus,org_view=131,cur_changeCycle=1,curView=131,view=132
info|2025-10-12 23:00:42.138047|PBFT-1-0x00007fef01216700|[g:1][CONSENSUS]addRawPrepare,height=569,reqIdx=0,hash=8d31bc4c...,time=0
info|2025-10-12 23:00:42.152811|PBFT-1-0x00007fef01216700|[g:1][CONSENSUS][PBFT]checkTimeout Succ,view=132,toView=133,nodeIdx=3,changeCycle=1,myNode=87d00b98...,timecost=14
info|2025-10-12 23:00:42.160499|PBFT-1-0x00007fef01216700|[g:1][CONSENSUS][PBFT]checkAndChangeView: Reach consensus,org_view=132,cur_changeCycle=1,curView=132,view=133
warning|2025-10-12 23:00:46.666288|PBFT-1-0x00007fef01216700|[g:1][CONSENSUS][PBFT]ViewChangeWarning: not caused by omit empty block ,v=133,toV=134,curNum=568,hash=31e4bff8...,nodeIdx=3,myNode=87d00b98...
info|2025-10-12 23:00:46.667765|PBFT-1-0x00007fef01216700|[g:1][CONSENSUS][PBFT]checkTimeout Succ,view=133,toView=134,nodeIdx=3,changeCycle=2,myNode=87d00b98...,timecost=4
info|2025-10-12 23:00:46.673386|PBFT-1-0x00007fef01216700|[g:1][CONSENSUS][PBFT]checkAndChangeView: Reach consensus,org_view=133,cur_changeCycle=2,curView=133,view=134
info|2025-10-12 23:00:47.717868|PBFT-1-0x00007fef01216700|[g:1][CONSENSUS]addRawPrepare,height=569,reqIdx=2,hash=e0810afa...,time=0
info|2025-10-12 23:00:47.721891|PBFT-1-0x00007fef01216700|[g:1][CONSENSUS][PBFT]checkTimeout Succ,view=134,toView=135,nodeIdx=3,changeCycle=1,myNode=87d00b98...,timecost=3
info|2025-10-12 23:00:47.733543|PBFT-1-0x00007fef01216700|[g:1][CONSENSUS][PBFT]checkAndChangeView: Reach consensus,org_view=134,cur_changeCycle=1,curView=134,view=135
info|2025-10-12 23:00:48.735284|PBFTSeal-1-0x00007feef9a07700|[g:1][CONSENSUS][SEALER]++++++++++++++++ Generating seal on,blkNum=569,tx=0,nodeIdx=3,hash=59ca1875...
info|2025-10-12 23:00:48.740709|PBFT-1-0x00007fef01216700|[g:1][CONSENSUS][PBFT]checkTimeout Succ,view=135,toView=136,nodeIdx=3,changeCycle=1,myNode=87d00b98...,timecost=2
info|2025-10-12 23:00:48.770083|PBFT-1-0x00007fef01216700|[g:1][CONSENSUS][PBFT]checkAndChangeView: Reach consensus,org_view=135,cur_changeCycle=1,curView=135,view=136
info|2025-10-12 23:00:49.790717|PBFT-1-0x00007fef01216700|[g:1][CONSENSUS]addRawPrepare,height=569,reqIdx=0,hash=5f52fe29...,time=0
info|2025-10-12 23:00:49.796490|PBFT-1-0x00007fef01216700|[g:1][CONSENSUS][PBFT]checkTimeout Succ,view=136,toView=137,nodeIdx=3,changeCycle=1,myNode=87d00b98...,timecost=6
info|2025-10-12 23:00:49.803957|PBFT-1-0x00007fef01216700|[g:1][CONSENSUS][PBFT]checkAndChangeView: Reach consensus,org_view=136,cur_changeCycle=1,curView=136,view=137
info|2025-10-12 23:00:50.869443|io_service-0x00007fef1b24a700|[P2P][Service] heartBeat,connected count=3
warning|2025-10-12 23:00:54.311302|PBFT-1-0x00007fef01216700|[g:1][CONSENSUS][PBFT]ViewChangeWarning: not caused by omit empty block ,v=137,toV=138,curNum=568,hash=31e4bff8...,nodeIdx=3,myNode=87d00b98...
info|2025-10-12 23:00:54.313171|PBFT-1-0x00007fef01216700|[g:1][CONSENSUS][PBFT]checkTimeout Succ,view=137,toView=138,nodeIdx=3,changeCycle=2,myNode=87d00b98...,timecost=6
info|2025-10-12 23:00:54.321194|PBFT-1-0x00007fef01216700|[g:1][CONSENSUS][PBFT]checkAndChangeView: Reach consensus,org_view=137,cur_changeCycle=2,curView=137,view=138
info|2025-10-12 23:00:55.322941|PBFT-1-0x00007fef01216700|[g:1][CONSENSUS]addRawPrepare,height=569,reqIdx=2,hash=e17cae5f...,time=0
info|2025-10-12 23:00:55.325523|PBFT-1-0x00007fef01216700|[g:1][CONSENSUS][PBFT]checkTimeout Succ,view=138,toView=139,nodeIdx=3,changeCycle=1,myNode=87d00b98...,timecost=2
info|2025-10-12 23:00:55.336457|PBFT-1-0x00007fef01216700|[g:1][CONSENSUS][PBFT]checkAndChangeView: Reach consensus,org_view=138,cur_changeCycle=1,curView=138,view=139
info|2025-10-12 23:00:56.337736|PBFTSeal-1-0x00007feef9a07700|[g:1][CONSENSUS][SEALER]++++++++++++++++ Generating seal on,blkNum=569,tx=0,nodeIdx=3,hash=0aa733cd...
info|2025-10-12 23:00:56.347709|PBFT-1-0x00007fef01216700|[g:1][CONSENSUS][PBFT]checkTimeout Succ,view=139,toView=140,nodeIdx=3,changeCycle=1,myNode=87d00b98...,timecost=2
info|2025-10-12 23:00:56.352865|PBFT-1-0x00007fef01216700|[g:1][CONSENSUS][PBFT]checkAndChangeView: Reach consensus,org_view=139,cur_changeCycle=1,curView=139,view=140
info|2025-10-12 23:00:57.358293|PBFT-1-0x00007fef01216700|[g:1][CONSENSUS]addRawPrepare,height=569,reqIdx=0,hash=1e285efc...,time=0
info|2025-10-12 23:00:57.360606|PBFT-1-0x00007fef01216700|[g:1][CONSENSUS][PBFT]checkTimeout Succ,view=140,toView=141,nodeIdx=3,changeCycle=1,myNode=87d00b98...,timecost=2
info|2025-10-12 23:00:57.375795|PBFT-1-0x00007fef01216700|[g:1][CONSENSUS][PBFT]checkAndChangeView: Reach consensus,org_view=140,cur_changeCycle=1,curView=140,view=141
info|2025-10-12 23:01:00.869780|io_service-0x00007fef1b24a700|[P2P][Service] heartBeat,connected count=3
warning|2025-10-12 23:01:01.879349|PBFT-1-0x00007fef01216700|[g:1][CONSENSUS][PBFT]ViewChangeWarning: not caused by omit empty block ,v=141,toV=142,curNum=568,hash=31e4bff8...,nodeIdx=3,myNode=87d00b98...
info|2025-10-12 23:01:01.889439|PBFT-1-0x00007fef01216700|[g:1][CONSENSUS][PBFT]checkTimeout Succ,view=141,toView=142,nodeIdx=3,changeCycle=2,myNode=87d00b98...,timecost=14
info|2025-10-12 23:01:01.910212|PBFT-1-0x00007fef01216700|[g:1][CONSENSUS][PBFT]checkAndChangeView: Reach consensus,org_view=141,cur_changeCycle=2,curView=141,view=142
info|2025-10-12 23:01:02.911257|PBFT-1-0x00007fef01216700|[g:1][CONSENSUS]addRawPrepare,height=569,reqIdx=2,hash=fda82bc7...,time=0
info|2025-10-12 23:01:02.946590|PBFT-1-0x00007fef01216700|[g:1][CONSENSUS][PBFT]checkTimeout Succ,view=142,toView=143,nodeIdx=3,changeCycle=1,myNode=87d00b98...,timecost=26
info|2025-10-12 23:01:02.968898|PBFT-1-0x00007fef01216700|[g:1][CONSENSUS][PBFT]checkAndChangeView: Reach consensus,org_view=142,cur_changeCycle=1,curView=142,view=143
info|2025-10-12 23:01:03.970062|PBFTSeal-1-0x00007feef9a07700|[g:1][CONSENSUS][SEALER]++++++++++++++++ Generating seal on,blkNum=569,tx=0,nodeIdx=3,hash=d8354220...
info|2025-10-12 23:01:03.975315|PBFT-1-0x00007fef01216700|[g:1][CONSENSUS][PBFT]checkTimeout Succ,view=143,toView=144,nodeIdx=3,changeCycle=1,myNode=87d00b98...,timecost=2
info|2025-10-12 23:01:03.989852|PBFT-1-0x00007fef01216700|[g:1][CONSENSUS][PBFT]checkAndChangeView: Reach consensus,org_view=143,cur_changeCycle=1,curView=143,view=144
info|2025-10-12 23:01:05.003483|PBFT-1-0x00007fef01216700|[g:1][CONSENSUS]addRawPrepare,height=569,reqIdx=0,hash=10bfbc88...,time=0
info|2025-10-12 23:01:05.007793|PBFT-1-0x00007fef01216700|[g:1][CONSENSUS][PBFT]checkTimeout Succ,view=144,toView=145,nodeIdx=3,changeCycle=1,myNode=87d00b98...,timecost=8
info|2025-10-12 23:01:05.016826|PBFT-1-0x00007fef01216700|[g:1][CONSENSUS][PBFT]checkAndChangeView: Reach consensus,org_view=144,cur_changeCycle=1,curView=144,view=145
warning|2025-10-12 23:01:09.525925|PBFT-1-0x00007fef01216700|[g:1][CONSENSUS][PBFT]ViewChangeWarning: not caused by omit empty block ,v=145,toV=146,curNum=568,hash=31e4bff8...,nodeIdx=3,myNode=87d00b98...
info|2025-10-12 23:01:09.526206|PBFT-1-0x00007fef01216700|[g:1][CONSENSUS][PBFT]checkTimeout Succ,view=145,toView=146,nodeIdx=3,changeCycle=2,myNode=87d00b98...,timecost=4
info|2025-10-12 23:01:09.535363|PBFT-1-0x00007fef01216700|[g:1][CONSENSUS][PBFT]checkAndChangeView: Reach consensus,org_view=145,cur_changeCycle=2,curView=145,view=146
info|2025-10-12 23:01:10.548612|PBFT-1-0x00007fef01216700|[g:1][CONSENSUS]addRawPrepare,height=569,reqIdx=2,hash=c10e2f35...,time=0
info|2025-10-12 23:01:10.552003|PBFT-1-0x00007fef01216700|[g:1][CONSENSUS][PBFT]checkTimeout Succ,view=146,toView=147,nodeIdx=3,changeCycle=1,myNode=87d00b98...,timecost=4
info|2025-10-12 23:01:10.569090|PBFT-1-0x00007fef01216700|[g:1][CONSENSUS][PBFT]checkAndChangeView: Reach consensus,org_view=146,cur_changeCycle=1,curView=146,view=147
info|2025-10-12 23:01:10.871684|io_service-0x00007fef1b24a700|[P2P][Service] heartBeat,connected count=3
info|2025-10-12 23:01:11.570004|PBFTSeal-1-0x00007feef9a07700|[g:1][CONSENSUS][SEALER]++++++++++++++++ Generating seal on,blkNum=569,tx=0,nodeIdx=3,hash=fa27a024...
info|2025-10-12 23:01:11.580271|PBFT-1-0x00007fef01216700|[g:1][CONSENSUS][PBFT]checkTimeout Succ,view=147,toView=148,nodeIdx=3,changeCycle=1,myNode=87d00b98...,timecost=4
info|2025-10-12 23:01:11.599745|PBFT-1-0x00007fef01216700|[g:1][CONSENSUS][PBFT]checkAndChangeView: Reach consensus,org_view=147,cur_changeCycle=1,curView=147,view=148
info|2025-10-12 23:01:12.608469|PBFT-1-0x00007fef01216700|[g:1][CONSENSUS]addRawPrepare,height=569,reqIdx=0,hash=6c7391ee...,time=0
info|2025-10-12 23:01:12.611684|PBFT-1-0x00007fef01216700|[g:1][CONSENSUS][PBFT]checkTimeout Succ,view=148,toView=149,nodeIdx=3,changeCycle=1,myNode=87d00b98...,timecost=3
info|2025-10-12 23:01:12.627391|PBFT-1-0x00007fef01216700|[g:1][CONSENSUS][PBFT]checkAndChangeView: Reach consensus,org_view=148,cur_changeCycle=1,curView=148,view=149
warning|2025-10-12 23:01:17.141056|PBFT-1-0x00007fef01216700|[g:1][CONSENSUS][PBFT]ViewChangeWarning: not caused by omit empty block ,v=149,toV=150,curNum=568,hash=31e4bff8...,nodeIdx=3,myNode=87d00b98...
info|2025-10-12 23:01:17.142002|PBFT-1-0x00007fef01216700|[g:1][CONSENSUS][PBFT]checkTimeout Succ,view=149,toView=150,nodeIdx=3,changeCycle=2,myNode=87d00b98...,timecost=5
info|2025-10-12 23:01:17.148766|PBFT-1-0x00007fef01216700|[g:1][CONSENSUS][PBFT]checkAndChangeView: Reach consensus,org_view=149,cur_changeCycle=2,curView=149,view=150
info|2025-10-12 23:01:18.163060|PBFT-1-0x00007fef01216700|[g:1][CONSENSUS]addRawPrepare,height=569,reqIdx=2,hash=9d403191...,time=0
info|2025-10-12 23:01:18.165087|PBFT-1-0x00007fef01216700|[g:1][CONSENSUS][PBFT]checkTimeout Succ,view=150,toView=151,nodeIdx=3,changeCycle=1,myNode=87d00b98...,timecost=2
info|2025-10-12 23:01:18.180740|PBFT-1-0x00007fef01216700|[g:1][CONSENSUS][PBFT]checkAndChangeView: Reach consensus,org_view=150,cur_changeCycle=1,curView=150,view=151
info|2025-10-12 23:01:19.183522|PBFTSeal-1-0x00007feef9a07700|[g:1][CONSENSUS][SEALER]++++++++++++++++ Generating seal on,blkNum=569,tx=0,nodeIdx=3,hash=0d0295d0...
info|2025-10-12 23:01:19.197175|PBFT-1-0x00007fef01216700|[g:1][CONSENSUS][PBFT]checkTimeout Succ,view=151,toView=152,nodeIdx=3,changeCycle=1,myNode=87d00b98...,timecost=10
info|2025-10-12 23:01:19.216267|PBFT-1-0x00007fef01216700|[g:1][CONSENSUS][PBFT]checkAndChangeView: Reach consensus,org_view=151,cur_changeCycle=1,curView=151,view=152
info|2025-10-12 23:01:20.220269|PBFT-1-0x00007fef01216700|[g:1][CONSENSUS]addRawPrepare,height=569,reqIdx=0,hash=749cfa3b...,time=0
info|2025-10-12 23:01:20.228797|PBFT-1-0x00007fef01216700|[g:1][CONSENSUS][PBFT]checkTimeout Succ,view=152,toView=153,nodeIdx=3,changeCycle=1,myNode=87d00b98...,timecost=7
info|2025-10-12 23:01:20.235254|PBFT-1-0x00007fef01216700|[g:1][CONSENSUS][PBFT]checkAndChangeView: Reach consensus,org_view=152,cur_changeCycle=1,curView=152,view=153
info|2025-10-12 23:01:20.872155|io_service-0x00007fef1b24a700|[P2P][Service] heartBeat,connected count=3
warning|2025-10-12 23:01:24.746950|PBFT-1-0x00007fef01216700|[g:1][CONSENSUS][PBFT]ViewChangeWarning: not caused by omit empty block ,v=153,toV=154,curNum=568,hash=31e4bff8...,nodeIdx=3,myNode=87d00b98...
info|2025-10-12 23:01:24.747375|PBFT-1-0x00007fef01216700|[g:1][CONSENSUS][PBFT]checkTimeout Succ,view=153,toView=154,nodeIdx=3,changeCycle=2,myNode=87d00b98...,timecost=5
info|2025-10-12 23:01:24.754838|PBFT-1-0x00007fef01216700|[g:1][CONSENSUS][PBFT]checkAndChangeView: Reach consensus,org_view=153,cur_changeCycle=2,curView=153,view=154
info|2025-10-12 23:01:25.761794|PBFT-1-0x00007fef01216700|[g:1][CONSENSUS]addRawPrepare,height=569,reqIdx=2,hash=d59e36f8...,time=0
info|2025-10-12 23:01:25.774671|PBFT-1-0x00007fef01216700|[g:1][CONSENSUS][PBFT]checkTimeout Succ,view=154,toView=155,nodeIdx=3,changeCycle=1,myNode=87d00b98...,timecost=13
info|2025-10-12 23:01:25.778576|PBFT-1-0x00007fef01216700|[g:1][CONSENSUS][PBFT]checkAndChangeView: Reach consensus,org_view=154,cur_changeCycle=1,curView=154,view=155
info|2025-10-12 23:01:26.778614|PBFTSeal-1-0x00007feef9a07700|[g:1][CONSENSUS][SEALER]++++++++++++++++ Generating seal on,blkNum=569,tx=0,nodeIdx=3,hash=d2bd6368...
info|2025-10-12 23:01:26.791067|PBFT-1-0x00007fef01216700|[g:1][CONSENSUS][PBFT]checkTimeout Succ,view=155,toView=156,nodeIdx=3,changeCycle=1,myNode=87d00b98...,timecost=2
info|2025-10-12 23:01:26.796642|PBFT-1-0x00007fef01216700|[g:1][CONSENSUS][PBFT]checkAndChangeView: Reach consensus,org_view=155,cur_changeCycle=1,curView=155,view=156
info|2025-10-12 23:01:27.809941|PBFT-1-0x00007fef01216700|[g:1][CONSENSUS]addRawPrepare,height=569,reqIdx=0,hash=ca8d8256...,time=0
info|2025-10-12 23:01:27.814320|PBFT-1-0x00007fef01216700|[g:1][CONSENSUS][PBFT]checkTimeout Succ,view=156,toView=157,nodeIdx=3,changeCycle=1,myNode=87d00b98...,timecost=4
info|2025-10-12 23:01:27.823791|PBFT-1-0x00007fef01216700|[g:1][CONSENSUS][PBFT]checkAndChangeView: Reach consensus,org_view=156,cur_changeCycle=1,curView=156,view=157
info|2025-10-12 23:01:29.081391|P2P-0x00007fef1d24e700|[g:1] [SYNC][id:87d00b98...][Download][Request]Receive block request,peer=374bdfe9...,from=184,to=184
info|2025-10-12 23:01:29.082211|SyncSend-1-0x00007fef0da2f700|[g:1][SYNC][id:87d00b98...][Download][Request][BlockSync]Batch blocks for sending,blockSize=24480,number=184,peer=374bdfe9...,timeCost=1
info|2025-10-12 23:01:29.082311|SyncSend-1-0x00007fef0da2f700|[g:1][g:1] [SYNC][id:374bdfe9...][Download][Request][BlockSync]Send block packet,peer=374bdfe9...,blocks=1,bytes(V)=24487
info|2025-10-12 23:01:30.872547|io_service-0x00007fef1b24a700|[P2P][Service] heartBeat,connected count=3
warning|2025-10-12 23:01:32.329137|PBFT-1-0x00007fef01216700|[g:1][CONSENSUS][PBFT]ViewChangeWarning: not caused by omit empty block ,v=157,toV=158,curNum=568,hash=31e4bff8...,nodeIdx=3,myNode=87d00b98...
info|2025-10-12 23:01:32.329941|PBFT-1-0x00007fef01216700|[g:1][CONSENSUS][PBFT]checkTimeout Succ,view=157,toView=158,nodeIdx=3,changeCycle=2,myNode=87d00b98...,timecost=4
info|2025-10-12 23:01:32.340852|PBFT-1-0x00007fef01216700|[g:1][CONSENSUS][PBFT]checkAndChangeView: Reach consensus,org_view=157,cur_changeCycle=2,curView=157,view=158
info|2025-10-12 23:01:33.344828|PBFT-1-0x00007fef01216700|[g:1][CONSENSUS]addRawPrepare,height=569,reqIdx=2,hash=665501f6...,time=0
info|2025-10-12 23:01:33.350253|PBFT-1-0x00007fef01216700|[g:1][CONSENSUS][PBFT]checkTimeout Succ,view=158,toView=159,nodeIdx=3,changeCycle=1,myNode=87d00b98...,timecost=6
info|2025-10-12 23:01:33.362757|PBFT-1-0x00007fef01216700|[g:1][CONSENSUS][PBFT]checkAndChangeView: Reach consensus,org_view=158,cur_changeCycle=1,curView=158,view=159
info|2025-10-12 23:01:34.362988|PBFTSeal-1-0x00007feef9a07700|[g:1][CONSENSUS][SEALER]++++++++++++++++ Generating seal on,blkNum=569,tx=0,nodeIdx=3,hash=c3d9285b...
info|2025-10-12 23:01:34.380563|PBFT-1-0x00007fef01216700|[g:1][CONSENSUS][PBFT]checkTimeout Succ,view=159,toView=160,nodeIdx=3,changeCycle=1,myNode=87d00b98...,timecost=5
info|2025-10-12 23:01:34.385901|PBFT-1-0x00007fef01216700|[g:1][CONSENSUS][PBFT]checkAndChangeView: Reach consensus,org_view=159,cur_changeCycle=1,curView=159,view=160
info|2025-10-12 23:01:35.392047|PBFT-1-0x00007fef01216700|[g:1][CONSENSUS]addRawPrepare,height=569,reqIdx=0,hash=219b0442...,time=0
info|2025-10-12 23:01:35.396052|PBFT-1-0x00007fef01216700|[g:1][CONSENSUS][PBFT]checkTimeout Succ,view=160,toView=161,nodeIdx=3,changeCycle=1,myNode=87d00b98...,timecost=4
info|2025-10-12 23:01:35.406329|PBFT-1-0x00007fef01216700|[g:1][CONSENSUS][PBFT]checkAndChangeView: Reach consensus,org_view=160,cur_changeCycle=1,curView=160,view=161
warning|2025-10-12 23:01:39.917948|PBFT-1-0x00007fef01216700|[g:1][CONSENSUS][PBFT]ViewChangeWarning: not caused by omit empty block ,v=161,toV=162,curNum=568,hash=31e4bff8...,nodeIdx=3,myNode=87d00b98...
info|2025-10-12 23:01:39.919152|PBFT-1-0x00007fef01216700|[g:1][CONSENSUS][PBFT]checkTimeout Succ,view=161,toView=162,nodeIdx=3,changeCycle=2,myNode=87d00b98...,timecost=4
info|2025-10-12 23:01:39.930805|PBFT-1-0x00007fef01216700|[g:1][CONSENSUS][PBFT]checkAndChangeView: Reach consensus,org_view=161,cur_changeCycle=2,curView=161,view=162
info|2025-10-12 23:01:40.872884|io_service-0x00007fef1b24a700|[P2P][Service] heartBeat,connected count=3
info|2025-10-12 23:01:40.936765|PBFT-1-0x00007fef01216700|[g:1][CONSENSUS]addRawPrepare,height=569,reqIdx=2,hash=8f0a7df9...,time=0
info|2025-10-12 23:01:40.944079|PBFT-1-0x00007fef01216700|[g:1][CONSENSUS][PBFT]checkTimeout Succ,view=162,toView=163,nodeIdx=3,changeCycle=1,myNode=87d00b98...,timecost=8
info|2025-10-12 23:01:40.952633|PBFT-1-0x00007fef01216700|[g:1][CONSENSUS][PBFT]checkAndChangeView: Reach consensus,org_view=162,cur_changeCycle=1,curView=162,view=163
info|2025-10-12 23:01:41.952902|PBFTSeal-1-0x00007feef9a07700|[g:1][CONSENSUS][SEALER]++++++++++++++++ Generating seal on,blkNum=569,tx=0,nodeIdx=3,hash=4d9ff7f3...
info|2025-10-12 23:01:41.956748|PBFT-1-0x00007fef01216700|[g:1][CONSENSUS][PBFT]checkTimeout Succ,view=163,toView=164,nodeIdx=3,changeCycle=1,myNode=87d00b98...,timecost=1
info|2025-10-12 23:01:41.975672|PBFT-1-0x00007fef01216700|[g:1][CONSENSUS][PBFT]checkAndChangeView: Reach consensus,org_view=163,cur_changeCycle=1,curView=163,view=164
info|2025-10-12 23:01:42.980661|PBFT-1-0x00007fef01216700|[g:1][CONSENSUS]addRawPrepare,height=569,reqIdx=0,hash=b4b16ef6...,time=1
info|2025-10-12 23:01:42.998720|PBFT-1-0x00007fef01216700|[g:1][CONSENSUS][PBFT]checkTimeout Succ,view=164,toView=165,nodeIdx=3,changeCycle=1,myNode=87d00b98...,timecost=17
info|2025-10-12 23:01:43.009356|PBFT-1-0x00007fef01216700|[g:1][CONSENSUS][PBFT]checkAndChangeView: Reach consensus,org_view=164,cur_changeCycle=1,curView=164,view=165
warning|2025-10-12 23:01:47.511859|PBFT-1-0x00007fef01216700|[g:1][CONSENSUS][PBFT]ViewChangeWarning: not caused by omit empty block ,v=165,toV=166,curNum=568,hash=31e4bff8...,nodeIdx=3,myNode=87d00b98...
info|2025-10-12 23:01:47.513356|PBFT-1-0x00007fef01216700|[g:1][CONSENSUS][PBFT]checkTimeout Succ,view=165,toView=166,nodeIdx=3,changeCycle=2,myNode=87d00b98...,timecost=4
info|2025-10-12 23:01:47.524840|PBFT-1-0x00007fef01216700|[g:1][CONSENSUS][PBFT]checkAndChangeView: Reach consensus,org_view=165,cur_changeCycle=2,curView=165,view=166
info|2025-10-12 23:01:48.530746|PBFT-1-0x00007fef01216700|[g:1][CONSENSUS]addRawPrepare,height=569,reqIdx=2,hash=f5adf68a...,time=0
info|2025-10-12 23:01:48.536968|PBFT-1-0x00007fef01216700|[g:1][CONSENSUS][PBFT]checkTimeout Succ,view=166,toView=167,nodeIdx=3,changeCycle=1,myNode=87d00b98...,timecost=4
info|2025-10-12 23:01:48.543040|PBFT-1-0x00007fef01216700|[g:1][CONSENSUS][PBFT]checkAndChangeView: Reach consensus,org_view=166,cur_changeCycle=1,curView=166,view=167
info|2025-10-12 23:01:49.543434|PBFTSeal-1-0x00007feef9a07700|[g:1][CONSENSUS][SEALER]++++++++++++++++ Generating seal on,blkNum=569,tx=0,nodeIdx=3,hash=92b3bb80...
info|2025-10-12 23:01:49.549808|PBFT-1-0x00007fef01216700|[g:1][CONSENSUS][PBFT]checkTimeout Succ,view=167,toView=168,nodeIdx=3,changeCycle=1,myNode=87d00b98...,timecost=2
info|2025-10-12 23:01:49.563466|PBFT-1-0x00007fef01216700|[g:1][CONSENSUS][PBFT]checkAndChangeView: Reach consensus,org_view=167,cur_changeCycle=1,curView=167,view=168
info|2025-10-12 23:01:50.580003|PBFT-1-0x00007fef01216700|[g:1][CONSENSUS]addRawPrepare,height=569,reqIdx=0,hash=06ea53c8...,time=1
info|2025-10-12 23:01:50.585888|PBFT-1-0x00007fef01216700|[g:1][CONSENSUS][PBFT]checkTimeout Succ,view=168,toView=169,nodeIdx=3,changeCycle=1,myNode=87d00b98...,timecost=5
info|2025-10-12 23:01:50.591178|PBFT-1-0x00007fef01216700|[g:1][CONSENSUS][PBFT]checkAndChangeView: Reach consensus,org_view=168,cur_changeCycle=1,curView=168,view=169
info|2025-10-12 23:01:50.873979|io_service-0x00007fef1b24a700|[P2P][Service] heartBeat,connected count=3
warning|2025-10-12 23:01:55.097967|PBFT-1-0x00007fef01216700|[g:1][CONSENSUS][PBFT]ViewChangeWarning: not caused by omit empty block ,v=169,toV=170,curNum=568,hash=31e4bff8...,nodeIdx=3,myNode=87d00b98...
info|2025-10-12 23:01:55.099064|PBFT-1-0x00007fef01216700|[g:1][CONSENSUS][PBFT]checkTimeout Succ,view=169,toView=170,nodeIdx=3,changeCycle=2,myNode=87d00b98...,timecost=4
info|2025-10-12 23:01:55.117005|PBFT-1-0x00007fef01216700|[g:1][CONSENSUS][PBFT]checkAndChangeView: Reach consensus,org_view=169,cur_changeCycle=2,curView=169,view=170
info|2025-10-12 23:01:56.124320|PBFT-1-0x00007fef01216700|[g:1][CONSENSUS]addRawPrepare,height=569,reqIdx=2,hash=4b19c120...,time=0
info|2025-10-12 23:01:56.130659|PBFT-1-0x00007fef01216700|[g:1][CONSENSUS][PBFT]checkTimeout Succ,view=170,toView=171,nodeIdx=3,changeCycle=1,myNode=87d00b98...,timecost=6
info|2025-10-12 23:01:56.136849|PBFT-1-0x00007fef01216700|[g:1][CONSENSUS][PBFT]checkAndChangeView: Reach consensus,org_view=170,cur_changeCycle=1,curView=170,view=171
info|2025-10-12 23:01:57.137397|PBFTSeal-1-0x00007feef9a07700|[g:1][CONSENSUS][SEALER]++++++++++++++++ Generating seal on,blkNum=569,tx=0,nodeIdx=3,hash=cd0bf471...
info|2025-10-12 23:01:57.150594|PBFT-1-0x00007fef01216700|[g:1][CONSENSUS][PBFT]checkTimeout Succ,view=171,toView=172,nodeIdx=3,changeCycle=1,myNode=87d00b98...,timecost=3
info|2025-10-12 23:01:57.158216|PBFT-1-0x00007fef01216700|[g:1][CONSENSUS][PBFT]checkAndChangeView: Reach consensus,org_view=171,cur_changeCycle=1,curView=171,view=172
info|2025-10-12 23:01:58.173050|PBFT-1-0x00007fef01216700|[g:1][CONSENSUS]addRawPrepare,height=569,reqIdx=0,hash=894ed1cc...,time=0
info|2025-10-12 23:01:58.179574|PBFT-1-0x00007fef01216700|[g:1][CONSENSUS][PBFT]checkTimeout Succ,view=172,toView=173,nodeIdx=3,changeCycle=1,myNode=87d00b98...,timecost=6
info|2025-10-12 23:01:58.191631|PBFT-1-0x00007fef01216700|[g:1][CONSENSUS][PBFT]checkAndChangeView: Reach consensus,org_view=172,cur_changeCycle=1,curView=172,view=173
info|2025-10-12 23:02:00.874456|io_service-0x00007fef1b24a700|[P2P][Service] heartBeat,connected count=3
info|2025-10-12 23:02:01.600957|P2P-0x00007fef1c24c700|[g:1] [SYNC][id:87d00b98...][Download][Request]Receive block request,peer=374bdfe9...,from=184,to=184
info|2025-10-12 23:02:01.601407|SyncSend-1-0x00007fef0da2f700|[g:1][SYNC][id:87d00b98...][Download][Request][BlockSync]Batch blocks for sending,blockSize=24480,number=184,peer=374bdfe9...,timeCost=0
info|2025-10-12 23:02:01.601473|SyncSend-1-0x00007fef0da2f700|[g:1][g:1] [SYNC][id:374bdfe9...][Download][Request][BlockSync]Send block packet,peer=374bdfe9...,blocks=1,bytes(V)=24487
warning|2025-10-12 23:02:02.700288|PBFT-1-0x00007fef01216700|[g:1][CONSENSUS][PBFT]ViewChangeWarning: not caused by omit empty block ,v=173,toV=174,curNum=568,hash=31e4bff8...,nodeIdx=3,myNode=87d00b98...
info|2025-10-12 23:02:02.701458|PBFT-1-0x00007fef01216700|[g:1][CONSENSUS][PBFT]checkTimeout Succ,view=173,toView=174,nodeIdx=3,changeCycle=2,myNode=87d00b98...,timecost=4
info|2025-10-12 23:02:02.713201|PBFT-1-0x00007fef01216700|[g:1][CONSENSUS][PBFT]checkAndChangeView: Reach consensus,org_view=173,cur_changeCycle=2,curView=173,view=174
info|2025-10-12 23:02:03.722725|PBFT-1-0x00007fef01216700|[g:1][CONSENSUS]addRawPrepare,height=569,reqIdx=2,hash=b2990522...,time=0
info|2025-10-12 23:02:03.730191|PBFT-1-0x00007fef01216700|[g:1][CONSENSUS][PBFT]checkTimeout Succ,view=174,toView=175,nodeIdx=3,changeCycle=1,myNode=87d00b98...,timecost=8
info|2025-10-12 23:02:03.737761|PBFT-1-0x00007fef01216700|[g:1][CONSENSUS][PBFT]checkAndChangeView: Reach consensus,org_view=174,cur_changeCycle=1,curView=174,view=175
info|2025-10-12 23:02:04.738801|PBFTSeal-1-0x00007feef9a07700|[g:1][CONSENSUS][SEALER]++++++++++++++++ Generating seal on,blkNum=569,tx=0,nodeIdx=3,hash=24a88171...
info|2025-10-12 23:02:04.749429|PBFT-1-0x00007fef01216700|[g:1][CONSENSUS][PBFT]checkTimeout Succ,view=175,toView=176,nodeIdx=3,changeCycle=1,myNode=87d00b98...,timecost=2
info|2025-10-12 23:02:04.757331|PBFT-1-0x00007fef01216700|[g:1][CONSENSUS][PBFT]checkAndChangeView: Reach consensus,org_view=175,cur_changeCycle=1,curView=175,view=176
info|2025-10-12 23:02:05.769369|PBFT-1-0x00007fef01216700|[g:1][CONSENSUS]addRawPrepare,height=569,reqIdx=0,hash=b35ac431...,time=0
info|2025-10-12 23:02:05.772870|PBFT-1-0x00007fef01216700|[g:1][CONSENSUS][PBFT]checkTimeout Succ,view=176,toView=177,nodeIdx=3,changeCycle=1,myNode=87d00b98...,timecost=3
info|2025-10-12 23:02:05.791136|PBFT-1-0x00007fef01216700|[g:1][CONSENSUS][PBFT]checkAndChangeView: Reach consensus,org_view=176,cur_changeCycle=1,curView=176,view=177
info|2025-10-12 23:02:08.114113|P2P-0x00007fef1d24e700|[g:1] [SYNC][id:87d00b98...][Download][Request]Receive block request,peer=374bdfe9...,from=184,to=184
info|2025-10-12 23:02:08.114619|SyncSend-1-0x00007fef0da2f700|[g:1][SYNC][id:87d00b98...][Download][Request][BlockSync]Batch blocks for sending,blockSize=24480,number=184,peer=374bdfe9...,timeCost=0
info|2025-10-12 23:02:08.114742|SyncSend-1-0x00007fef0da2f700|[g:1][g:1] [SYNC][id:374bdfe9...][Download][Request][BlockSync]Send block packet,peer=374bdfe9...,blocks=1,bytes(V)=24487
warning|2025-10-12 23:02:10.305525|PBFT-1-0x00007fef01216700|[g:1][CONSENSUS][PBFT]ViewChangeWarning: not caused by omit empty block ,v=177,toV=178,curNum=568,hash=31e4bff8...,nodeIdx=3,myNode=87d00b98...
info|2025-10-12 23:02:10.305804|PBFT-1-0x00007fef01216700|[g:1][CONSENSUS][PBFT]checkTimeout Succ,view=177,toView=178,nodeIdx=3,changeCycle=2,myNode=87d00b98...,timecost=4
info|2025-10-12 23:02:10.318215|PBFT-1-0x00007fef01216700|[g:1][CONSENSUS][PBFT]checkAndChangeView: Reach consensus,org_view=177,cur_changeCycle=2,curView=177,view=178
info|2025-10-12 23:02:10.874798|io_service-0x00007fef1b24a700|[P2P][Service] heartBeat,connected count=3
info|2025-10-12 23:02:11.317470|PBFT-1-0x00007fef01216700|[g:1][CONSENSUS]addRawPrepare,height=569,reqIdx=2,hash=38281989...,time=0
info|2025-10-12 23:02:11.322976|PBFT-1-0x00007fef01216700|[g:1][CONSENSUS][PBFT]checkTimeout Succ,view=178,toView=179,nodeIdx=3,changeCycle=1,myNode=87d00b98...,timecost=6
info|2025-10-12 23:02:11.335065|PBFT-1-0x00007fef01216700|[g:1][CONSENSUS][PBFT]checkAndChangeView: Reach consensus,org_view=178,cur_changeCycle=1,curView=178,view=179
info|2025-10-12 23:02:12.336611|PBFTSeal-1-0x00007feef9a07700|[g:1][CONSENSUS][SEALER]++++++++++++++++ Generating seal on,blkNum=569,tx=0,nodeIdx=3,hash=4da05edf...
info|2025-10-12 23:02:12.351979|PBFT-1-0x00007fef01216700|[g:1][CONSENSUS][PBFT]checkTimeout Succ,view=179,toView=180,nodeIdx=3,changeCycle=1,myNode=87d00b98...,timecost=5
info|2025-10-12 23:02:12.362786|PBFT-1-0x00007fef01216700|[g:1][CONSENSUS][PBFT]checkAndChangeView: Reach consensus,org_view=179,cur_changeCycle=1,curView=179,view=180
info|2025-10-12 23:02:13.371768|PBFT-1-0x00007fef01216700|[g:1][CONSENSUS]addRawPrepare,height=569,reqIdx=0,hash=e11c6ef2...,time=0
info|2025-10-12 23:02:13.374647|PBFT-1-0x00007fef01216700|[g:1][CONSENSUS][PBFT]checkTimeout Succ,view=180,toView=181,nodeIdx=3,changeCycle=1,myNode=87d00b98...,timecost=3
info|2025-10-12 23:02:13.384439|PBFT-1-0x00007fef01216700|[g:1][CONSENSUS][PBFT]checkAndChangeView: Reach consensus,org_view=180,cur_changeCycle=1,curView=180,view=181
warning|2025-10-12 23:02:17.888264|PBFT-1-0x00007fef01216700|[g:1][CONSENSUS][PBFT]ViewChangeWarning: not caused by omit empty block ,v=181,toV=182,curNum=568,hash=31e4bff8...,nodeIdx=3,myNode=87d00b98...
info|2025-10-12 23:02:17.888643|PBFT-1-0x00007fef01216700|[g:1][CONSENSUS][PBFT]checkTimeout Succ,view=181,toView=182,nodeIdx=3,changeCycle=2,myNode=87d00b98...,timecost=2
info|2025-10-12 23:02:17.898491|PBFT-1-0x00007fef01216700|[g:1][CONSENSUS][PBFT]checkAndChangeView: Reach consensus,org_view=181,cur_changeCycle=2,curView=181,view=182
info|2025-10-12 23:02:18.907641|PBFT-1-0x00007fef01216700|[g:1][CONSENSUS]addRawPrepare,height=569,reqIdx=2,hash=bcd1da1c...,time=0
info|2025-10-12 23:02:18.915432|PBFT-1-0x00007fef01216700|[g:1][CONSENSUS][PBFT]checkTimeout Succ,view=182,toView=183,nodeIdx=3,changeCycle=1,myNode=87d00b98...,timecost=8
info|2025-10-12 23:02:18.921407|PBFT-1-0x00007fef01216700|[g:1][CONSENSUS][PBFT]checkAndChangeView: Reach consensus,org_view=182,cur_changeCycle=1,curView=182,view=183
info|2025-10-12 23:02:19.922503|PBFTSeal-1-0x00007feef9a07700|[g:1][CONSENSUS][SEALER]++++++++++++++++ Generating seal on,blkNum=569,tx=0,nodeIdx=3,hash=76e38359...
info|2025-10-12 23:02:19.929304|PBFT-1-0x00007fef01216700|[g:1][CONSENSUS][PBFT]checkTimeout Succ,view=183,toView=184,nodeIdx=3,changeCycle=1,myNode=87d00b98...,timecost=2
info|2025-10-12 23:02:19.940728|PBFT-1-0x00007fef01216700|[g:1][CONSENSUS][PBFT]checkAndChangeView: Reach consensus,org_view=183,cur_changeCycle=1,curView=183,view=184
info|2025-10-12 23:02:20.875601|io_service-0x00007fef1b24a700|[P2P][Service] heartBeat,connected count=3
info|2025-10-12 23:02:20.947054|PBFT-1-0x00007fef01216700|[g:1][CONSENSUS]addRawPrepare,height=569,reqIdx=0,hash=998df461...,time=0
info|2025-10-12 23:02:20.949133|PBFT-1-0x00007fef01216700|[g:1][CONSENSUS][PBFT]checkTimeout Succ,view=184,toView=185,nodeIdx=3,changeCycle=1,myNode=87d00b98...,timecost=2
info|2025-10-12 23:02:20.982345|PBFT-1-0x00007fef01216700|[g:1][CONSENSUS][PBFT]checkAndChangeView: Reach consensus,org_view=184,cur_changeCycle=1,curView=184,view=185
warning|2025-10-12 23:02:25.494580|PBFT-1-0x00007fef01216700|[g:1][CONSENSUS][PBFT]ViewChangeWarning: not caused by omit empty block ,v=185,toV=186,curNum=568,hash=31e4bff8...,nodeIdx=3,myNode=87d00b98...
info|2025-10-12 23:02:25.495187|PBFT-1-0x00007fef01216700|[g:1][CONSENSUS][PBFT]checkTimeout Succ,view=185,toView=186,nodeIdx=3,changeCycle=2,myNode=87d00b98...,timecost=5
info|2025-10-12 23:02:25.507591|PBFT-1-0x00007fef01216700|[g:1][CONSENSUS][PBFT]checkAndChangeView: Reach consensus,org_view=185,cur_changeCycle=2,curView=185,view=186
info|2025-10-12 23:02:26.532237|PBFT-1-0x00007fef01216700|[g:1][CONSENSUS]addRawPrepare,height=569,reqIdx=2,hash=831c92a8...,time=0
info|2025-10-12 23:02:26.537298|PBFT-1-0x00007fef01216700|[g:1][CONSENSUS][PBFT]checkTimeout Succ,view=186,toView=187,nodeIdx=3,changeCycle=1,myNode=87d00b98...,timecost=5
info|2025-10-12 23:02:26.548237|PBFT-1-0x00007fef01216700|[g:1][CONSENSUS][PBFT]checkAndChangeView: Reach consensus,org_view=186,cur_changeCycle=1,curView=186,view=187
info|2025-10-12 23:02:27.549085|PBFTSeal-1-0x00007feef9a07700|[g:1][CONSENSUS][SEALER]++++++++++++++++ Generating seal on,blkNum=569,tx=0,nodeIdx=3,hash=253e7b36...
info|2025-10-12 23:02:27.553947|PBFT-1-0x00007fef01216700|[g:1][CONSENSUS][PBFT]checkTimeout Succ,view=187,toView=188,nodeIdx=3,changeCycle=1,myNode=87d00b98...,timecost=2
info|2025-10-12 23:02:27.585780|PBFT-1-0x00007fef01216700|[g:1][CONSENSUS][PBFT]checkAndChangeView: Reach consensus,org_view=187,cur_changeCycle=1,curView=187,view=188
info|2025-10-12 23:02:28.595174|PBFT-1-0x00007fef01216700|[g:1][CONSENSUS]addRawPrepare,height=569,reqIdx=0,hash=534d3bc1...,time=0
info|2025-10-12 23:02:28.597268|PBFT-1-0x00007fef01216700|[g:1][CONSENSUS][PBFT]checkTimeout Succ,view=188,toView=189,nodeIdx=3,changeCycle=1,myNode=87d00b98...,timecost=2
info|2025-10-12 23:02:28.609829|PBFT-1-0x00007fef01216700|[g:1][CONSENSUS][PBFT]checkAndChangeView: Reach consensus,org_view=188,cur_changeCycle=1,curView=188,view=189
info|2025-10-12 23:02:30.876456|io_service-0x00007fef1b24a700|[P2P][Service] heartBeat,connected count=3
warning|2025-10-12 23:02:33.121062|PBFT-1-0x00007fef01216700|[g:1][CONSENSUS][PBFT]ViewChangeWarning: not caused by omit empty block ,v=189,toV=190,curNum=568,hash=31e4bff8...,nodeIdx=3,myNode=87d00b98...
info|2025-10-12 23:02:33.121413|PBFT-1-0x00007fef01216700|[g:1][CONSENSUS][PBFT]checkTimeout Succ,view=189,toView=190,nodeIdx=3,changeCycle=2,myNode=87d00b98...,timecost=3
info|2025-10-12 23:02:33.137031|PBFT-1-0x00007fef01216700|[g:1][CONSENSUS][PBFT]checkAndChangeView: Reach consensus,org_view=189,cur_changeCycle=2,curView=189,view=190
info|2025-10-12 23:02:34.145238|PBFT-1-0x00007fef01216700|[g:1][CONSENSUS]addRawPrepare,height=569,reqIdx=2,hash=32a3a4e2...,time=0
info|2025-10-12 23:02:34.155616|PBFT-1-0x00007fef01216700|[g:1][CONSENSUS][PBFT]checkTimeout Succ,view=190,toView=191,nodeIdx=3,changeCycle=1,myNode=87d00b98...,timecost=10
info|2025-10-12 23:02:34.164829|PBFT-1-0x00007fef01216700|[g:1][CONSENSUS][PBFT]checkAndChangeView: Reach consensus,org_view=190,cur_changeCycle=1,curView=190,view=191
info|2025-10-12 23:02:35.165068|PBFTSeal-1-0x00007feef9a07700|[g:1][CONSENSUS][SEALER]++++++++++++++++ Generating seal on,blkNum=569,tx=0,nodeIdx=3,hash=056b9a4b...
info|2025-10-12 23:02:35.178888|PBFT-1-0x00007fef01216700|[g:1][CONSENSUS][PBFT]checkTimeout Succ,view=191,toView=192,nodeIdx=3,changeCycle=1,myNode=87d00b98...,timecost=2
info|2025-10-12 23:02:35.188302|PBFT-1-0x00007fef01216700|[g:1][CONSENSUS][PBFT]checkAndChangeView: Reach consensus,org_view=191,cur_changeCycle=1,curView=191,view=192
info|2025-10-12 23:02:36.190550|PBFT-1-0x00007fef01216700|[g:1][CONSENSUS]addRawPrepare,height=569,reqIdx=0,hash=6b4d6a1c...,time=0
info|2025-10-12 23:02:36.197212|PBFT-1-0x00007fef01216700|[g:1][CONSENSUS][PBFT]checkTimeout Succ,view=192,toView=193,nodeIdx=3,changeCycle=1,myNode=87d00b98...,timecost=7
info|2025-10-12 23:02:36.201741|PBFT-1-0x00007fef01216700|[g:1][CONSENSUS][PBFT]checkAndChangeView: Reach consensus,org_view=192,cur_changeCycle=1,curView=192,view=193
info|2025-10-12 23:02:40.674874|P2P-0x00007fef1d24e700|[g:1] [SYNC][id:87d00b98...][Download][Request]Receive block request,peer=374bdfe9...,from=184,to=184
info|2025-10-12 23:02:40.675532|SyncSend-1-0x00007fef0da2f700|[g:1][SYNC][id:87d00b98...][Download][Request][BlockSync]Batch blocks for sending,blockSize=24480,number=184,peer=374bdfe9...,timeCost=0
info|2025-10-12 23:02:40.675632|SyncSend-1-0x00007fef0da2f700|[g:1][g:1] [SYNC][id:374bdfe9...][Download][Request][BlockSync]Send block packet,peer=374bdfe9...,blocks=1,bytes(V)=24487
warning|2025-10-12 23:02:40.708012|PBFT-1-0x00007fef01216700|[g:1][CONSENSUS][PBFT]ViewChangeWarning: not caused by omit empty block ,v=193,toV=194,curNum=568,hash=31e4bff8...,nodeIdx=3,myNode=87d00b98...
info|2025-10-12 23:02:40.708382|PBFT-1-0x00007fef01216700|[g:1][CONSENSUS][PBFT]checkTimeout Succ,view=193,toView=194,nodeIdx=3,changeCycle=2,myNode=87d00b98...,timecost=3
info|2025-10-12 23:02:40.725598|PBFT-1-0x00007fef01216700|[g:1][CONSENSUS][PBFT]checkAndChangeView: Reach consensus,org_view=193,cur_changeCycle=2,curView=193,view=194
info|2025-10-12 23:02:40.877013|io_service-0x00007fef1b24a700|[P2P][Service] heartBeat,connected count=3
info|2025-10-12 23:02:41.738364|PBFT-1-0x00007fef01216700|[g:1][CONSENSUS]addRawPrepare,height=569,reqIdx=2,hash=fda2eb80...,time=0
info|2025-10-12 23:02:41.742013|PBFT-1-0x00007fef01216700|[g:1][CONSENSUS][PBFT]checkTimeout Succ,view=194,toView=195,nodeIdx=3,changeCycle=1,myNode=87d00b98...,timecost=3
info|2025-10-12 23:02:41.757622|PBFT-1-0x00007fef01216700|[g:1][CONSENSUS][PBFT]checkAndChangeView: Reach consensus,org_view=194,cur_changeCycle=1,curView=194,view=195
info|2025-10-12 23:02:42.759286|PBFTSeal-1-0x00007feef9a07700|[g:1][CONSENSUS][SEALER]++++++++++++++++ Generating seal on,blkNum=569,tx=0,nodeIdx=3,hash=e48c6011...
info|2025-10-12 23:02:42.773264|PBFT-1-0x00007fef01216700|[g:1][CONSENSUS][PBFT]checkTimeout Succ,view=195,toView=196,nodeIdx=3,changeCycle=1,myNode=87d00b98...,timecost=4
info|2025-10-12 23:02:42.782773|PBFT-1-0x00007fef01216700|[g:1][CONSENSUS][PBFT]checkAndChangeView: Reach consensus,org_view=195,cur_changeCycle=1,curView=195,view=196
info|2025-10-12 23:02:43.789145|PBFT-1-0x00007fef01216700|[g:1][CONSENSUS]addRawPrepare,height=569,reqIdx=0,hash=f5f7269e...,time=0
info|2025-10-12 23:02:43.794451|PBFT-1-0x00007fef01216700|[g:1][CONSENSUS][PBFT]checkTimeout Succ,view=196,toView=197,nodeIdx=3,changeCycle=1,myNode=87d00b98...,timecost=3
info|2025-10-12 23:02:43.810317|PBFT-1-0x00007fef01216700|[g:1][CONSENSUS][PBFT]checkAndChangeView: Reach consensus,org_view=196,cur_changeCycle=1,curView=196,view=197
warning|2025-10-12 23:02:48.314562|PBFT-1-0x00007fef01216700|[g:1][CONSENSUS][PBFT]ViewChangeWarning: not caused by omit empty block ,v=197,toV=198,curNum=568,hash=31e4bff8...,nodeIdx=3,myNode=87d00b98...
info|2025-10-12 23:02:48.315861|PBFT-1-0x00007fef01216700|[g:1][CONSENSUS][PBFT]checkTimeout Succ,view=197,toView=198,nodeIdx=3,changeCycle=2,myNode=87d00b98...,timecost=4
info|2025-10-12 23:02:48.319609|PBFT-1-0x00007fef01216700|[g:1][CONSENSUS][PBFT]checkAndChangeView: Reach consensus,org_view=197,cur_changeCycle=2,curView=197,view=198
info|2025-10-12 23:02:49.328940|PBFT-1-0x00007fef01216700|[g:1][CONSENSUS]addRawPrepare,height=569,reqIdx=2,hash=e57f581f...,time=0
info|2025-10-12 23:02:49.332989|PBFT-1-0x00007fef01216700|[g:1][CONSENSUS][PBFT]checkTimeout Succ,view=198,toView=199,nodeIdx=3,changeCycle=1,myNode=87d00b98...,timecost=4
info|2025-10-12 23:02:49.347048|PBFT-1-0x00007fef01216700|[g:1][CONSENSUS][PBFT]checkAndChangeView: Reach consensus,org_view=198,cur_changeCycle=1,curView=198,view=199
info|2025-10-12 23:02:50.347622|PBFTSeal-1-0x00007feef9a07700|[g:1][CONSENSUS][SEALER]++++++++++++++++ Generating seal on,blkNum=569,tx=0,nodeIdx=3,hash=0a92ee81...
info|2025-10-12 23:02:50.360203|PBFT-1-0x00007fef01216700|[g:1][CONSENSUS][PBFT]checkTimeout Succ,view=199,toView=200,nodeIdx=3,changeCycle=1,myNode=87d00b98...,timecost=2
info|2025-10-12 23:02:50.375283|PBFT-1-0x00007fef01216700|[g:1][CONSENSUS][PBFT]checkAndChangeView: Reach consensus,org_view=199,cur_changeCycle=1,curView=199,view=200
info|2025-10-12 23:02:50.877289|io_service-0x00007fef1b24a700|[P2P][Service] heartBeat,connected count=3
info|2025-10-12 23:02:51.392547|PBFT-1-0x00007fef01216700|[g:1][CONSENSUS]addRawPrepare,height=569,reqIdx=0,hash=c069a4bc...,time=0
info|2025-10-12 23:02:51.395363|PBFT-1-0x00007fef01216700|[g:1][CONSENSUS][PBFT]checkTimeout Succ,view=200,toView=201,nodeIdx=3,changeCycle=1,myNode=87d00b98...,timecost=3
info|2025-10-12 23:02:51.404728|PBFT-1-0x00007fef01216700|[g:1][CONSENSUS][PBFT]checkAndChangeView: Reach consensus,org_view=200,cur_changeCycle=1,curView=200,view=201
warning|2025-10-12 23:02:55.913034|PBFT-1-0x00007fef01216700|[g:1][CONSENSUS][PBFT]ViewChangeWarning: not caused by omit empty block ,v=201,toV=202,curNum=568,hash=31e4bff8...,nodeIdx=3,myNode=87d00b98...
info|2025-10-12 23:02:55.914066|PBFT-1-0x00007fef01216700|[g:1][CONSENSUS][PBFT]checkTimeout Succ,view=201,toView=202,nodeIdx=3,changeCycle=2,myNode=87d00b98...,timecost=6
info|2025-10-12 23:02:55.922470|PBFT-1-0x00007fef01216700|[g:1][CONSENSUS][PBFT]checkAndChangeView: Reach consensus,org_view=201,cur_changeCycle=2,curView=201,view=202
info|2025-10-12 23:02:56.926908|PBFT-1-0x00007fef01216700|[g:1][CONSENSUS]addRawPrepare,height=569,reqIdx=2,hash=494931cf...,time=0
info|2025-10-12 23:02:56.930302|PBFT-1-0x00007fef01216700|[g:1][CONSENSUS][PBFT]checkTimeout Succ,view=202,toView=203,nodeIdx=3,changeCycle=1,myNode=87d00b98...,timecost=3
info|2025-10-12 23:02:56.939859|PBFT-1-0x00007fef01216700|[g:1][CONSENSUS][PBFT]checkAndChangeView: Reach consensus,org_view=202,cur_changeCycle=1,curView=202,view=203
info|2025-10-12 23:02:57.939917|PBFTSeal-1-0x00007feef9a07700|[g:1][CONSENSUS][SEALER]++++++++++++++++ Generating seal on,blkNum=569,tx=0,nodeIdx=3,hash=dac059d7...
info|2025-10-12 23:02:57.951621|PBFT-1-0x00007fef01216700|[g:1][CONSENSUS][PBFT]checkTimeout Succ,view=203,toView=204,nodeIdx=3,changeCycle=1,myNode=87d00b98...,timecost=9
info|2025-10-12 23:02:57.960329|PBFT-1-0x00007fef01216700|[g:1][CONSENSUS][PBFT]checkAndChangeView: Reach consensus,org_view=203,cur_changeCycle=1,curView=203,view=204
info|2025-10-12 23:02:58.977868|PBFT-1-0x00007fef01216700|[g:1][CONSENSUS]addRawPrepare,height=569,reqIdx=0,hash=801fc9af...,time=0
info|2025-10-12 23:02:58.981623|PBFT-1-0x00007fef01216700|[g:1][CONSENSUS][PBFT]checkTimeout Succ,view=204,toView=205,nodeIdx=3,changeCycle=1,myNode=87d00b98...,timecost=2
info|2025-10-12 23:02:59.016109|PBFT-1-0x00007fef01216700|[g:1][CONSENSUS][PBFT]checkAndChangeView: Reach consensus,org_view=204,cur_changeCycle=1,curView=204,view=205
info|2025-10-12 23:03:00.877908|io_service-0x00007fef1b24a700|[P2P][Service] heartBeat,connected count=3
warning|2025-10-12 23:03:03.525940|PBFT-1-0x00007fef01216700|[g:1][CONSENSUS][PBFT]ViewChangeWarning: not caused by omit empty block ,v=205,toV=206,curNum=568,hash=31e4bff8...,nodeIdx=3,myNode=87d00b98...
info|2025-10-12 23:03:03.527101|PBFT-1-0x00007fef01216700|[g:1][CONSENSUS][PBFT]checkTimeout Succ,view=205,toView=206,nodeIdx=3,changeCycle=2,myNode=87d00b98...,timecost=4
info|2025-10-12 23:03:03.530117|PBFT-1-0x00007fef01216700|[g:1][CONSENSUS][PBFT]checkAndChangeView: Reach consensus,org_view=205,cur_changeCycle=2,curView=205,view=206
info|2025-10-12 23:03:04.543310|PBFT-1-0x00007fef01216700|[g:1][CONSENSUS]addRawPrepare,height=569,reqIdx=2,hash=4e4c4f9b...,time=0
info|2025-10-12 23:03:04.547850|PBFT-1-0x00007fef01216700|[g:1][CONSENSUS][PBFT]checkTimeout Succ,view=206,toView=207,nodeIdx=3,changeCycle=1,myNode=87d00b98...,timecost=4
info|2025-10-12 23:03:04.562945|PBFT-1-0x00007fef01216700|[g:1][CONSENSUS][PBFT]checkAndChangeView: Reach consensus,org_view=206,cur_changeCycle=1,curView=206,view=207
info|2025-10-12 23:03:05.563727|PBFTSeal-1-0x00007feef9a07700|[g:1][CONSENSUS][SEALER]++++++++++++++++ Generating seal on,blkNum=569,tx=0,nodeIdx=3,hash=8ee7f2f2...
info|2025-10-12 23:03:05.574922|PBFT-1-0x00007fef01216700|[g:1][CONSENSUS][PBFT]checkTimeout Succ,view=207,toView=208,nodeIdx=3,changeCycle=1,myNode=87d00b98...,timecost=3
info|2025-10-12 23:03:05.587611|PBFT-1-0x00007fef01216700|[g:1][CONSENSUS][PBFT]checkAndChangeView: Reach consensus,org_view=207,cur_changeCycle=1,curView=207,view=208
info|2025-10-12 23:03:06.595557|PBFT-1-0x00007fef01216700|[g:1][CONSENSUS]addRawPrepare,height=569,reqIdx=0,hash=0617b2ae...,time=0
info|2025-10-12 23:03:06.601223|PBFT-1-0x00007fef01216700|[g:1][CONSENSUS][PBFT]checkTimeout Succ,view=208,toView=209,nodeIdx=3,changeCycle=1,myNode=87d00b98...,timecost=6
info|2025-10-12 23:03:06.608242|PBFT-1-0x00007fef01216700|[g:1][CONSENSUS][PBFT]checkAndChangeView: Reach consensus,org_view=208,cur_changeCycle=1,curView=208,view=209
info|2025-10-12 23:03:10.878512|io_service-0x00007fef1b24a700|[P2P][Service] heartBeat,connected count=3
warning|2025-10-12 23:03:11.113075|PBFT-1-0x00007fef01216700|[g:1][CONSENSUS][PBFT]ViewChangeWarning: not caused by omit empty block ,v=209,toV=210,curNum=568,hash=31e4bff8...,nodeIdx=3,myNode=87d00b98...
info|2025-10-12 23:03:11.114669|PBFT-1-0x00007fef01216700|[g:1][CONSENSUS][PBFT]checkTimeout Succ,view=209,toView=210,nodeIdx=3,changeCycle=2,myNode=87d00b98...,timecost=5
info|2025-10-12 23:03:11.123436|PBFT-1-0x00007fef01216700|[g:1][CONSENSUS][PBFT]checkAndChangeView: Reach consensus,org_view=209,cur_changeCycle=2,curView=209,view=210
info|2025-10-12 23:03:12.133915|PBFT-1-0x00007fef01216700|[g:1][CONSENSUS]addRawPrepare,height=569,reqIdx=2,hash=6f190e37...,time=0
info|2025-10-12 23:03:12.137575|PBFT-1-0x00007fef01216700|[g:1][CONSENSUS][PBFT]checkTimeout Succ,view=210,toView=211,nodeIdx=3,changeCycle=1,myNode=87d00b98...,timecost=3
info|2025-10-12 23:03:12.149631|PBFT-1-0x00007fef01216700|[g:1][CONSENSUS][PBFT]checkAndChangeView: Reach consensus,org_view=210,cur_changeCycle=1,curView=210,view=211
info|2025-10-12 23:03:13.151257|PBFTSeal-1-0x00007feef9a07700|[g:1][CONSENSUS][SEALER]++++++++++++++++ Generating seal on,blkNum=569,tx=0,nodeIdx=3,hash=78b6cc40...
info|2025-10-12 23:03:13.164919|PBFT-1-0x00007fef01216700|[g:1][CONSENSUS][PBFT]checkTimeout Succ,view=211,toView=212,nodeIdx=3,changeCycle=1,myNode=87d00b98...,timecost=4
info|2025-10-12 23:03:13.181951|PBFT-1-0x00007fef01216700|[g:1][CONSENSUS][PBFT]checkAndChangeView: Reach consensus,org_view=211,cur_changeCycle=1,curView=211,view=212
info|2025-10-12 23:03:14.194506|PBFT-1-0x00007fef01216700|[g:1][CONSENSUS]addRawPrepare,height=569,reqIdx=0,hash=00955c7e...,time=0
info|2025-10-12 23:03:14.198931|PBFT-1-0x00007fef01216700|[g:1][CONSENSUS][PBFT]checkTimeout Succ,view=212,toView=213,nodeIdx=3,changeCycle=1,myNode=87d00b98...,timecost=5
info|2025-10-12 23:03:14.207164|PBFT-1-0x00007fef01216700|[g:1][CONSENSUS][PBFT]checkAndChangeView: Reach consensus,org_view=212,cur_changeCycle=1,curView=212,view=213
warning|2025-10-12 23:03:18.724527|PBFT-1-0x00007fef01216700|[g:1][CONSENSUS][PBFT]ViewChangeWarning: not caused by omit empty block ,v=213,toV=214,curNum=568,hash=31e4bff8...,nodeIdx=3,myNode=87d00b98...
info|2025-10-12 23:03:18.725338|PBFT-1-0x00007fef01216700|[g:1][CONSENSUS][PBFT]checkTimeout Succ,view=213,toView=214,nodeIdx=3,changeCycle=2,myNode=87d00b98...,timecost=5
info|2025-10-12 23:03:18.732169|PBFT-1-0x00007fef01216700|[g:1][CONSENSUS][PBFT]checkAndChangeView: Reach consensus,org_view=213,cur_changeCycle=2,curView=213,view=214
info|2025-10-12 23:03:19.745032|PBFT-1-0x00007fef01216700|[g:1][CONSENSUS]addRawPrepare,height=569,reqIdx=2,hash=7b0ebcfa...,time=0
info|2025-10-12 23:03:19.755731|PBFT-1-0x00007fef01216700|[g:1][CONSENSUS][PBFT]checkTimeout Succ,view=214,toView=215,nodeIdx=3,changeCycle=1,myNode=87d00b98...,timecost=10
info|2025-10-12 23:03:19.760992|PBFT-1-0x00007fef01216700|[g:1][CONSENSUS][PBFT]checkAndChangeView: Reach consensus,org_view=214,cur_changeCycle=1,curView=214,view=215
info|2025-10-12 23:03:20.761420|PBFTSeal-1-0x00007feef9a07700|[g:1][CONSENSUS][SEALER]++++++++++++++++ Generating seal on,blkNum=569,tx=0,nodeIdx=3,hash=2cd92484...
info|2025-10-12 23:03:20.767362|PBFT-1-0x00007fef01216700|[g:1][CONSENSUS][PBFT]checkTimeout Succ,view=215,toView=216,nodeIdx=3,changeCycle=1,myNode=87d00b98...,timecost=2
info|2025-10-12 23:03:20.785306|PBFT-1-0x00007fef01216700|[g:1][CONSENSUS][PBFT]checkAndChangeView: Reach consensus,org_view=215,cur_changeCycle=1,curView=215,view=216
info|2025-10-12 23:03:20.878892|io_service-0x00007fef1b24a700|[P2P][Service] heartBeat,connected count=3
info|2025-10-12 23:03:21.796268|PBFT-1-0x00007fef01216700|[g:1][CONSENSUS]addRawPrepare,height=569,reqIdx=0,hash=b6633e4c...,time=0
info|2025-10-12 23:03:21.800755|PBFT-1-0x00007fef01216700|[g:1][CONSENSUS][PBFT]checkTimeout Succ,view=216,toView=217,nodeIdx=3,changeCycle=1,myNode=87d00b98...,timecost=4
info|2025-10-12 23:03:21.808522|PBFT-1-0x00007fef01216700|[g:1][CONSENSUS][PBFT]checkAndChangeView: Reach consensus,org_view=216,cur_changeCycle=1,curView=216,view=217
warning|2025-10-12 23:03:26.314778|PBFT-1-0x00007fef01216700|[g:1][CONSENSUS][PBFT]ViewChangeWarning: not caused by omit empty block ,v=217,toV=218,curNum=568,hash=31e4bff8...,nodeIdx=3,myNode=87d00b98...
info|2025-10-12 23:03:26.317022|PBFT-1-0x00007fef01216700|[g:1][CONSENSUS][PBFT]checkTimeout Succ,view=217,toView=218,nodeIdx=3,changeCycle=2,myNode=87d00b98...,timecost=6
info|2025-10-12 23:03:26.330369|PBFT-1-0x00007fef01216700|[g:1][CONSENSUS][PBFT]checkAndChangeView: Reach consensus,org_view=217,cur_changeCycle=2,curView=217,view=218
info|2025-10-12 23:03:27.336312|PBFT-1-0x00007fef01216700|[g:1][CONSENSUS]addRawPrepare,height=569,reqIdx=2,hash=012a22c5...,time=0
info|2025-10-12 23:03:27.339203|PBFT-1-0x00007fef01216700|[g:1][CONSENSUS][PBFT]checkTimeout Succ,view=218,toView=219,nodeIdx=3,changeCycle=1,myNode=87d00b98...,timecost=3
info|2025-10-12 23:03:27.355304|PBFT-1-0x00007fef01216700|[g:1][CONSENSUS][PBFT]checkAndChangeView: Reach consensus,org_view=218,cur_changeCycle=1,curView=218,view=219
info|2025-10-12 23:03:28.357651|PBFTSeal-1-0x00007feef9a07700|[g:1][CONSENSUS][SEALER]++++++++++++++++ Generating seal on,blkNum=569,tx=0,nodeIdx=3,hash=3e9c13f0...
info|2025-10-12 23:03:28.364532|PBFT-1-0x00007fef01216700|[g:1][CONSENSUS][PBFT]checkTimeout Succ,view=219,toView=220,nodeIdx=3,changeCycle=1,myNode=87d00b98...,timecost=3
info|2025-10-12 23:03:28.382544|PBFT-1-0x00007fef01216700|[g:1][CONSENSUS][PBFT]checkAndChangeView: Reach consensus,org_view=219,cur_changeCycle=1,curView=219,view=220
info|2025-10-12 23:03:29.386250|PBFT-1-0x00007fef01216700|[g:1][CONSENSUS]addRawPrepare,height=569,reqIdx=0,hash=7837d0de...,time=0
info|2025-10-12 23:03:29.393984|PBFT-1-0x00007fef01216700|[g:1][CONSENSUS][PBFT]checkTimeout Succ,view=220,toView=221,nodeIdx=3,changeCycle=1,myNode=87d00b98...,timecost=7
info|2025-10-12 23:03:29.401865|PBFT-1-0x00007fef01216700|[g:1][CONSENSUS][PBFT]checkAndChangeView: Reach consensus,org_view=220,cur_changeCycle=1,curView=220,view=221
info|2025-10-12 23:03:30.879089|io_service-0x00007fef1b24a700|[P2P][Service] heartBeat,connected count=3
warning|2025-10-12 23:03:33.915510|PBFT-1-0x00007fef01216700|[g:1][CONSENSUS][PBFT]ViewChangeWarning: not caused by omit empty block ,v=221,toV=222,curNum=568,hash=31e4bff8...,nodeIdx=3,myNode=87d00b98...
info|2025-10-12 23:03:33.917023|PBFT-1-0x00007fef01216700|[g:1][CONSENSUS][PBFT]checkTimeout Succ,view=221,toView=222,nodeIdx=3,changeCycle=2,myNode=87d00b98...,timecost=11
info|2025-10-12 23:03:33.924133|PBFT-1-0x00007fef01216700|[g:1][CONSENSUS][PBFT]checkAndChangeView: Reach consensus,org_view=221,cur_changeCycle=2,curView=221,view=222
info|2025-10-12 23:03:34.928971|PBFT-1-0x00007fef01216700|[g:1][CONSENSUS]addRawPrepare,height=569,reqIdx=2,hash=2521aaeb...,time=1
info|2025-10-12 23:03:34.933279|PBFT-1-0x00007fef01216700|[g:1][CONSENSUS][PBFT]checkTimeout Succ,view=222,toView=223,nodeIdx=3,changeCycle=1,myNode=87d00b98...,timecost=4
info|2025-10-12 23:03:34.943372|PBFT-1-0x00007fef01216700|[g:1][CONSENSUS][PBFT]checkAndChangeView: Reach consensus,org_view=222,cur_changeCycle=1,curView=222,view=223
info|2025-10-12 23:03:35.944994|PBFTSeal-1-0x00007feef9a07700|[g:1][CONSENSUS][SEALER]++++++++++++++++ Generating seal on,blkNum=569,tx=0,nodeIdx=3,hash=b8a7f4cb...
info|2025-10-12 23:03:35.958731|PBFT-1-0x00007fef01216700|[g:1][CONSENSUS][PBFT]checkTimeout Succ,view=223,toView=224,nodeIdx=3,changeCycle=1,myNode=87d00b98...,timecost=3
info|2025-10-12 23:03:35.969986|PBFT-1-0x00007fef01216700|[g:1][CONSENSUS][PBFT]checkAndChangeView: Reach consensus,org_view=223,cur_changeCycle=1,curView=223,view=224
info|2025-10-12 23:03:36.979441|PBFT-1-0x00007fef01216700|[g:1][CONSENSUS]addRawPrepare,height=569,reqIdx=0,hash=05756c27...,time=0
info|2025-10-12 23:03:36.987610|PBFT-1-0x00007fef01216700|[g:1][CONSENSUS][PBFT]checkTimeout Succ,view=224,toView=225,nodeIdx=3,changeCycle=1,myNode=87d00b98...,timecost=8
info|2025-10-12 23:03:36.999475|PBFT-1-0x00007fef01216700|[g:1][CONSENSUS][PBFT]checkAndChangeView: Reach consensus,org_view=224,cur_changeCycle=1,curView=224,view=225
info|2025-10-12 23:03:40.880105|io_service-0x00007fef1b24a700|[P2P][Service] heartBeat,connected count=3
warning|2025-10-12 23:03:41.506302|PBFT-1-0x00007fef01216700|[g:1][CONSENSUS][PBFT]ViewChangeWarning: not caused by omit empty block ,v=225,toV=226,curNum=568,hash=31e4bff8...,nodeIdx=3,myNode=87d00b98...
info|2025-10-12 23:03:41.508139|PBFT-1-0x00007fef01216700|[g:1][CONSENSUS][PBFT]checkTimeout Succ,view=225,toView=226,nodeIdx=3,changeCycle=2,myNode=87d00b98...,timecost=5
info|2025-10-12 23:03:41.512811|PBFT-1-0x00007fef01216700|[g:1][CONSENSUS][PBFT]checkAndChangeView: Reach consensus,org_view=225,cur_changeCycle=2,curView=225,view=226
info|2025-10-12 23:03:42.521130|PBFT-1-0x00007fef01216700|[g:1][CONSENSUS]addRawPrepare,height=569,reqIdx=2,hash=77370c06...,time=0
info|2025-10-12 23:03:42.524338|PBFT-1-0x00007fef01216700|[g:1][CONSENSUS][PBFT]checkTimeout Succ,view=226,toView=227,nodeIdx=3,changeCycle=1,myNode=87d00b98...,timecost=3
info|2025-10-12 23:03:42.535799|PBFT-1-0x00007fef01216700|[g:1][CONSENSUS][PBFT]checkAndChangeView: Reach consensus,org_view=226,cur_changeCycle=1,curView=226,view=227
info|2025-10-12 23:03:43.537128|PBFTSeal-1-0x00007feef9a07700|[g:1][CONSENSUS][SEALER]++++++++++++++++ Generating seal on,blkNum=569,tx=0,nodeIdx=3,hash=c7fa151a...
info|2025-10-12 23:03:43.549219|PBFT-1-0x00007fef01216700|[g:1][CONSENSUS][PBFT]checkTimeout Succ,view=227,toView=228,nodeIdx=3,changeCycle=1,myNode=87d00b98...,timecost=3
info|2025-10-12 23:03:43.560652|PBFT-1-0x00007fef01216700|[g:1][CONSENSUS][PBFT]checkAndChangeView: Reach consensus,org_view=227,cur_changeCycle=1,curView=227,view=228
info|2025-10-12 23:03:44.567901|PBFT-1-0x00007fef01216700|[g:1][CONSENSUS]addRawPrepare,height=569,reqIdx=0,hash=ad0342d2...,time=0
info|2025-10-12 23:03:44.570525|PBFT-1-0x00007fef01216700|[g:1][CONSENSUS][PBFT]checkTimeout Succ,view=228,toView=229,nodeIdx=3,changeCycle=1,myNode=87d00b98...,timecost=2
info|2025-10-12 23:03:44.578316|PBFT-1-0x00007fef01216700|[g:1][CONSENSUS][PBFT]checkAndChangeView: Reach consensus,org_view=228,cur_changeCycle=1,curView=228,view=229
warning|2025-10-12 23:03:49.080967|PBFT-1-0x00007fef01216700|[g:1][CONSENSUS][PBFT]ViewChangeWarning: not caused by omit empty block ,v=229,toV=230,curNum=568,hash=31e4bff8...,nodeIdx=3,myNode=87d00b98...
info|2025-10-12 23:03:49.088406|PBFT-1-0x00007fef01216700|[g:1][CONSENSUS][PBFT]checkTimeout Succ,view=229,toView=230,nodeIdx=3,changeCycle=2,myNode=87d00b98...,timecost=10
info|2025-10-12 23:03:49.096839|PBFT-1-0x00007fef01216700|[g:1][CONSENSUS][PBFT]checkAndChangeView: Reach consensus,org_view=229,cur_changeCycle=2,curView=229,view=230
info|2025-10-12 23:03:50.098871|PBFT-1-0x00007fef01216700|[g:1][CONSENSUS]addRawPrepare,height=569,reqIdx=2,hash=07827e0f...,time=0
info|2025-10-12 23:03:50.103915|PBFT-1-0x00007fef01216700|[g:1][CONSENSUS][PBFT]checkTimeout Succ,view=230,toView=231,nodeIdx=3,changeCycle=1,myNode=87d00b98...,timecost=5
info|2025-10-12 23:03:50.114757|PBFT-1-0x00007fef01216700|[g:1][CONSENSUS][PBFT]checkAndChangeView: Reach consensus,org_view=230,cur_changeCycle=1,curView=230,view=231
info|2025-10-12 23:03:50.881060|io_service-0x00007fef1b24a700|[P2P][Service] heartBeat,connected count=3
info|2025-10-12 23:03:51.115688|PBFTSeal-1-0x00007feef9a07700|[g:1][CONSENSUS][SEALER]++++++++++++++++ Generating seal on,blkNum=569,tx=0,nodeIdx=3,hash=1841acfe...
info|2025-10-12 23:03:51.129443|PBFT-1-0x00007fef01216700|[g:1][CONSENSUS][PBFT]checkTimeout Succ,view=231,toView=232,nodeIdx=3,changeCycle=1,myNode=87d00b98...,timecost=6
info|2025-10-12 23:03:51.140593|PBFT-1-0x00007fef01216700|[g:1][CONSENSUS][PBFT]checkAndChangeView: Reach consensus,org_view=231,cur_changeCycle=1,curView=231,view=232
info|2025-10-12 23:03:52.145640|PBFT-1-0x00007fef01216700|[g:1][CONSENSUS]addRawPrepare,height=569,reqIdx=0,hash=ebe428f4...,time=0
info|2025-10-12 23:03:52.147799|PBFT-1-0x00007fef01216700|[g:1][CONSENSUS][PBFT]checkTimeout Succ,view=232,toView=233,nodeIdx=3,changeCycle=1,myNode=87d00b98...,timecost=2
info|2025-10-12 23:03:52.158542|PBFT-1-0x00007fef01216700|[g:1][CONSENSUS][PBFT]checkAndChangeView: Reach consensus,org_view=232,cur_changeCycle=1,curView=232,view=233
info|2025-10-12 23:03:52.209566|P2P-0x00007fef1ca4d700|[g:1] [SYNC][id:87d00b98...][Download][Request]Receive block request,peer=374bdfe9...,from=184,to=184
info|2025-10-12 23:03:52.210014|SyncSend-1-0x00007fef0da2f700|[g:1][SYNC][id:87d00b98...][Download][Request][BlockSync]Batch blocks for sending,blockSize=24480,number=184,peer=374bdfe9...,timeCost=1
info|2025-10-12 23:03:52.210238|SyncSend-1-0x00007fef0da2f700|[g:1][g:1] [SYNC][id:374bdfe9...][Download][Request][BlockSync]Send block packet,peer=374bdfe9...,blocks=1,bytes(V)=24487
warning|2025-10-12 23:03:56.661737|PBFT-1-0x00007fef01216700|[g:1][CONSENSUS][PBFT]ViewChangeWarning: not caused by omit empty block ,v=233,toV=234,curNum=568,hash=31e4bff8...,nodeIdx=3,myNode=87d00b98...
info|2025-10-12 23:03:56.662120|PBFT-1-0x00007fef01216700|[g:1][CONSENSUS][PBFT]checkTimeout Succ,view=233,toView=234,nodeIdx=3,changeCycle=2,myNode=87d00b98...,timecost=2
info|2025-10-12 23:03:56.679802|PBFT-1-0x00007fef01216700|[g:1][CONSENSUS][PBFT]checkAndChangeView: Reach consensus,org_view=233,cur_changeCycle=2,curView=233,view=234
info|2025-10-12 23:03:57.683830|PBFT-1-0x00007fef01216700|[g:1][CONSENSUS]addRawPrepare,height=569,reqIdx=2,hash=fc69249e...,time=0
info|2025-10-12 23:03:57.686693|PBFT-1-0x00007fef01216700|[g:1][CONSENSUS][PBFT]checkTimeout Succ,view=234,toView=235,nodeIdx=3,changeCycle=1,myNode=87d00b98...,timecost=3
info|2025-10-12 23:03:57.701442|PBFT-1-0x00007fef01216700|[g:1][CONSENSUS][PBFT]checkAndChangeView: Reach consensus,org_view=234,cur_changeCycle=1,curView=234,view=235
info|2025-10-12 23:03:58.703131|PBFTSeal-1-0x00007feef9a07700|[g:1][CONSENSUS][SEALER]++++++++++++++++ Generating seal on,blkNum=569,tx=0,nodeIdx=3,hash=8e94f464...
info|2025-10-12 23:03:58.714990|PBFT-1-0x00007fef01216700|[g:1][CONSENSUS][PBFT]checkTimeout Succ,view=235,toView=236,nodeIdx=3,changeCycle=1,myNode=87d00b98...,timecost=4
info|2025-10-12 23:03:58.720905|PBFT-1-0x00007fef01216700|[g:1][CONSENSUS][PBFT]checkAndChangeView: Reach consensus,org_view=235,cur_changeCycle=1,curView=235,view=236
info|2025-10-12 23:03:59.732525|PBFT-1-0x00007fef01216700|[g:1][CONSENSUS]addRawPrepare,height=569,reqIdx=0,hash=e511b6eb...,time=0
info|2025-10-12 23:03:59.738460|PBFT-1-0x00007fef01216700|[g:1][CONSENSUS][PBFT]checkTimeout Succ,view=236,toView=237,nodeIdx=3,changeCycle=1,myNode=87d00b98...,timecost=6
info|2025-10-12 23:03:59.747458|PBFT-1-0x00007fef01216700|[g:1][CONSENSUS][PBFT]checkAndChangeView: Reach consensus,org_view=236,cur_changeCycle=1,curView=236,view=237
info|2025-10-12 23:04:00.882129|io_service-0x00007fef1b24a700|[P2P][Service] heartBeat,connected count=3
warning|2025-10-12 23:04:04.251447|PBFT-1-0x00007fef01216700|[g:1][CONSENSUS][PBFT]ViewChangeWarning: not caused by omit empty block ,v=237,toV=238,curNum=568,hash=31e4bff8...,nodeIdx=3,myNode=87d00b98...
info|2025-10-12 23:04:04.252565|PBFT-1-0x00007fef01216700|[g:1][CONSENSUS][PBFT]checkTimeout Succ,view=237,toView=238,nodeIdx=3,changeCycle=2,myNode=87d00b98...,timecost=4
info|2025-10-12 23:04:04.260808|PBFT-1-0x00007fef01216700|[g:1][CONSENSUS][PBFT]checkAndChangeView: Reach consensus,org_view=237,cur_changeCycle=2,curView=237,view=238
info|2025-10-12 23:04:05.261960|PBFT-1-0x00007fef01216700|[g:1][CONSENSUS]addRawPrepare,height=569,reqIdx=2,hash=6a039905...,time=0
info|2025-10-12 23:04:05.265413|PBFT-1-0x00007fef01216700|[g:1][CONSENSUS][PBFT]checkTimeout Succ,view=238,toView=239,nodeIdx=3,changeCycle=1,myNode=87d00b98...,timecost=3
info|2025-10-12 23:04:05.278091|PBFT-1-0x00007fef01216700|[g:1][CONSENSUS][PBFT]checkAndChangeView: Reach consensus,org_view=238,cur_changeCycle=1,curView=238,view=239
info|2025-10-12 23:04:06.279532|PBFTSeal-1-0x00007feef9a07700|[g:1][CONSENSUS][SEALER]++++++++++++++++ Generating seal on,blkNum=569,tx=0,nodeIdx=3,hash=df9781aa...
info|2025-10-12 23:04:06.287451|PBFT-1-0x00007fef01216700|[g:1][CONSENSUS][PBFT]checkTimeout Succ,view=239,toView=240,nodeIdx=3,changeCycle=1,myNode=87d00b98...,timecost=5
info|2025-10-12 23:04:06.299431|PBFT-1-0x00007fef01216700|[g:1][CONSENSUS][PBFT]checkAndChangeView: Reach consensus,org_view=239,cur_changeCycle=1,curView=239,view=240
info|2025-10-12 23:04:07.308160|PBFT-1-0x00007fef01216700|[g:1][CONSENSUS]addRawPrepare,height=569,reqIdx=0,hash=ba6e7388...,time=0
info|2025-10-12 23:04:07.315324|PBFT-1-0x00007fef01216700|[g:1][CONSENSUS][PBFT]checkTimeout Succ,view=240,toView=241,nodeIdx=3,changeCycle=1,myNode=87d00b98...,timecost=7
info|2025-10-12 23:04:07.323647|PBFT-1-0x00007fef01216700|[g:1][CONSENSUS][PBFT]checkAndChangeView: Reach consensus,org_view=240,cur_changeCycle=1,curView=240,view=241
info|2025-10-12 23:04:10.882834|io_service-0x00007fef1b24a700|[P2P][Service] heartBeat,connected count=3
warning|2025-10-12 23:04:11.827532|PBFT-1-0x00007fef01216700|[g:1][CONSENSUS][PBFT]ViewChangeWarning: not caused by omit empty block ,v=241,toV=242,curNum=568,hash=31e4bff8...,nodeIdx=3,myNode=87d00b98...
info|2025-10-12 23:04:11.829544|PBFT-1-0x00007fef01216700|[g:1][CONSENSUS][PBFT]checkTimeout Succ,view=241,toView=242,nodeIdx=3,changeCycle=2,myNode=87d00b98...,timecost=5
info|2025-10-12 23:04:11.836809|PBFT-1-0x00007fef01216700|[g:1][CONSENSUS][PBFT]checkAndChangeView: Reach consensus,org_view=241,cur_changeCycle=2,curView=241,view=242
info|2025-10-12 23:04:12.844330|PBFT-1-0x00007fef01216700|[g:1][CONSENSUS]addRawPrepare,height=569,reqIdx=2,hash=42fc2e7b...,time=0
info|2025-10-12 23:04:12.848416|PBFT-1-0x00007fef01216700|[g:1][CONSENSUS][PBFT]checkTimeout Succ,view=242,toView=243,nodeIdx=3,changeCycle=1,myNode=87d00b98...,timecost=3
info|2025-10-12 23:04:12.858851|PBFT-1-0x00007fef01216700|[g:1][CONSENSUS][PBFT]checkAndChangeView: Reach consensus,org_view=242,cur_changeCycle=1,curView=242,view=243
info|2025-10-12 23:04:13.859911|PBFTSeal-1-0x00007feef9a07700|[g:1][CONSENSUS][SEALER]++++++++++++++++ Generating seal on,blkNum=569,tx=0,nodeIdx=3,hash=1e403320...
info|2025-10-12 23:04:13.865678|PBFT-1-0x00007fef01216700|[g:1][CONSENSUS][PBFT]checkTimeout Succ,view=243,toView=244,nodeIdx=3,changeCycle=1,myNode=87d00b98...,timecost=2
info|2025-10-12 23:04:13.878413|PBFT-1-0x00007fef01216700|[g:1][CONSENSUS][PBFT]checkAndChangeView: Reach consensus,org_view=243,cur_changeCycle=1,curView=243,view=244
info|2025-10-12 23:04:14.888960|PBFT-1-0x00007fef01216700|[g:1][CONSENSUS]addRawPrepare,height=569,reqIdx=0,hash=914704dc...,time=1
info|2025-10-12 23:04:14.891461|PBFT-1-0x00007fef01216700|[g:1][CONSENSUS][PBFT]checkTimeout Succ,view=244,toView=245,nodeIdx=3,changeCycle=1,myNode=87d00b98...,timecost=2
info|2025-10-12 23:04:14.900047|PBFT-1-0x00007fef01216700|[g:1][CONSENSUS][PBFT]checkAndChangeView: Reach consensus,org_view=244,cur_changeCycle=1,curView=244,view=245
warning|2025-10-12 23:04:19.409108|PBFT-1-0x00007fef01216700|[g:1][CONSENSUS][PBFT]ViewChangeWarning: not caused by omit empty block ,v=245,toV=246,curNum=568,hash=31e4bff8...,nodeIdx=3,myNode=87d00b98...
info|2025-10-12 23:04:19.410659|PBFT-1-0x00007fef01216700|[g:1][CONSENSUS][PBFT]checkTimeout Succ,view=245,toView=246,nodeIdx=3,changeCycle=2,myNode=87d00b98...,timecost=6
info|2025-10-12 23:04:19.456867|PBFT-1-0x00007fef01216700|[g:1][CONSENSUS][PBFT]checkAndChangeView: Reach consensus,org_view=245,cur_changeCycle=2,curView=245,view=246
info|2025-10-12 23:04:20.464788|PBFT-1-0x00007fef01216700|[g:1][CONSENSUS]addRawPrepare,height=569,reqIdx=2,hash=4c6112cd...,time=0
info|2025-10-12 23:04:20.472675|PBFT-1-0x00007fef01216700|[g:1][CONSENSUS][PBFT]checkTimeout Succ,view=246,toView=247,nodeIdx=3,changeCycle=1,myNode=87d00b98...,timecost=7
info|2025-10-12 23:04:20.480064|PBFT-1-0x00007fef01216700|[g:1][CONSENSUS][PBFT]checkAndChangeView: Reach consensus,org_view=246,cur_changeCycle=1,curView=246,view=247
info|2025-10-12 23:04:20.883245|io_service-0x00007fef1b24a700|[P2P][Service] heartBeat,connected count=3
info|2025-10-12 23:04:21.480990|PBFTSeal-1-0x00007feef9a07700|[g:1][CONSENSUS][SEALER]++++++++++++++++ Generating seal on,blkNum=569,tx=0,nodeIdx=3,hash=fa6a7863...
info|2025-10-12 23:04:21.488401|PBFT-1-0x00007fef01216700|[g:1][CONSENSUS][PBFT]checkTimeout Succ,view=247,toView=248,nodeIdx=3,changeCycle=1,myNode=87d00b98...,timecost=4
info|2025-10-12 23:04:21.504260|PBFT-1-0x00007fef01216700|[g:1][CONSENSUS][PBFT]checkAndChangeView: Reach consensus,org_view=247,cur_changeCycle=1,curView=247,view=248
info|2025-10-12 23:04:22.519042|PBFT-1-0x00007fef01216700|[g:1][CONSENSUS]addRawPrepare,height=569,reqIdx=0,hash=dbfb8457...,time=0
info|2025-10-12 23:04:22.532621|PBFT-1-0x00007fef01216700|[g:1][CONSENSUS][PBFT]checkTimeout Succ,view=248,toView=249,nodeIdx=3,changeCycle=1,myNode=87d00b98...,timecost=13
info|2025-10-12 23:04:22.541817|PBFT-1-0x00007fef01216700|[g:1][CONSENSUS][PBFT]checkAndChangeView: Reach consensus,org_view=248,cur_changeCycle=1,curView=248,view=249
info|2025-10-12 23:04:24.766462|P2P-0x00007fef1c24c700|[g:1] [SYNC][id:87d00b98...][Download][Request]Receive block request,peer=374bdfe9...,from=184,to=184
info|2025-10-12 23:04:24.767468|SyncSend-1-0x00007fef0da2f700|[g:1][SYNC][id:87d00b98...][Download][Request][BlockSync]Batch blocks for sending,blockSize=24480,number=184,peer=374bdfe9...,timeCost=1
info|2025-10-12 23:04:24.767635|SyncSend-1-0x00007fef0da2f700|[g:1][g:1] [SYNC][id:374bdfe9...][Download][Request][BlockSync]Send block packet,peer=374bdfe9...,blocks=1,bytes(V)=24487
warning|2025-10-12 23:04:27.053886|PBFT-1-0x00007fef01216700|[g:1][CONSENSUS][PBFT]ViewChangeWarning: not caused by omit empty block ,v=249,toV=250,curNum=568,hash=31e4bff8...,nodeIdx=3,myNode=87d00b98...
info|2025-10-12 23:04:27.055343|PBFT-1-0x00007fef01216700|[g:1][CONSENSUS][PBFT]checkTimeout Succ,view=249,toView=250,nodeIdx=3,changeCycle=2,myNode=87d00b98...,timecost=5
info|2025-10-12 23:04:27.066292|PBFT-1-0x00007fef01216700|[g:1][CONSENSUS][PBFT]checkAndChangeView: Reach consensus,org_view=249,cur_changeCycle=2,curView=249,view=250
info|2025-10-12 23:04:28.072281|PBFT-1-0x00007fef01216700|[g:1][CONSENSUS]addRawPrepare,height=569,reqIdx=2,hash=7acf2777...,time=0
info|2025-10-12 23:04:28.076063|PBFT-1-0x00007fef01216700|[g:1][CONSENSUS][PBFT]checkTimeout Succ,view=250,toView=251,nodeIdx=3,changeCycle=1,myNode=87d00b98...,timecost=4
info|2025-10-12 23:04:28.084781|PBFT-1-0x00007fef01216700|[g:1][CONSENSUS][PBFT]checkAndChangeView: Reach consensus,org_view=250,cur_changeCycle=1,curView=250,view=251
info|2025-10-12 23:04:29.085895|PBFTSeal-1-0x00007feef9a07700|[g:1][CONSENSUS][SEALER]++++++++++++++++ Generating seal on,blkNum=569,tx=0,nodeIdx=3,hash=cc10596b...
info|2025-10-12 23:04:29.090944|PBFT-1-0x00007fef01216700|[g:1][CONSENSUS][PBFT]checkTimeout Succ,view=251,toView=252,nodeIdx=3,changeCycle=1,myNode=87d00b98...,timecost=2
info|2025-10-12 23:04:29.107666|PBFT-1-0x00007fef01216700|[g:1][CONSENSUS][PBFT]checkAndChangeView: Reach consensus,org_view=251,cur_changeCycle=1,curView=251,view=252
info|2025-10-12 23:04:30.118416|PBFT-1-0x00007fef01216700|[g:1][CONSENSUS]addRawPrepare,height=569,reqIdx=0,hash=1f218152...,time=0
info|2025-10-12 23:04:30.124128|PBFT-1-0x00007fef01216700|[g:1][CONSENSUS][PBFT]checkTimeout Succ,view=252,toView=253,nodeIdx=3,changeCycle=1,myNode=87d00b98...,timecost=5
info|2025-10-12 23:04:30.135532|PBFT-1-0x00007fef01216700|[g:1][CONSENSUS][PBFT]checkAndChangeView: Reach consensus,org_view=252,cur_changeCycle=1,curView=252,view=253
info|2025-10-12 23:04:30.884615|io_service-0x00007fef1b24a700|[P2P][Service] heartBeat,connected count=3
info|2025-10-12 23:04:31.241589|P2P-0x00007fef1d24e700|[g:1] [SYNC][id:87d00b98...][Download][Request]Receive block request,peer=374bdfe9...,from=184,to=184
info|2025-10-12 23:04:31.242206|SyncSend-1-0x00007fef0da2f700|[g:1][SYNC][id:87d00b98...][Download][Request][BlockSync]Batch blocks for sending,blockSize=24480,number=184,peer=374bdfe9...,timeCost=1
info|2025-10-12 23:04:31.242321|SyncSend-1-0x00007fef0da2f700|[g:1][g:1] [SYNC][id:374bdfe9...][Download][Request][BlockSync]Send block packet,peer=374bdfe9...,blocks=1,bytes(V)=24487
warning|2025-10-12 23:04:34.641048|PBFT-1-0x00007fef01216700|[g:1][CONSENSUS][PBFT]ViewChangeWarning: not caused by omit empty block ,v=253,toV=254,curNum=568,hash=31e4bff8...,nodeIdx=3,myNode=87d00b98...
info|2025-10-12 23:04:34.647995|PBFT-1-0x00007fef01216700|[g:1][CONSENSUS][PBFT]checkTimeout Succ,view=253,toView=254,nodeIdx=3,changeCycle=2,myNode=87d00b98...,timecost=10
info|2025-10-12 23:04:34.655086|PBFT-1-0x00007fef01216700|[g:1][CONSENSUS][PBFT]checkAndChangeView: Reach consensus,org_view=253,cur_changeCycle=2,curView=253,view=254
info|2025-10-12 23:04:35.671998|PBFT-1-0x00007fef01216700|[g:1][CONSENSUS]addRawPrepare,height=569,reqIdx=2,hash=9004f901...,time=1
info|2025-10-12 23:04:35.674539|PBFT-1-0x00007fef01216700|[g:1][CONSENSUS][PBFT]checkTimeout Succ,view=254,toView=255,nodeIdx=3,changeCycle=1,myNode=87d00b98...,timecost=2
info|2025-10-12 23:04:35.680495|PBFT-1-0x00007fef01216700|[g:1][CONSENSUS][PBFT]checkAndChangeView: Reach consensus,org_view=254,cur_changeCycle=1,curView=254,view=255
info|2025-10-12 23:04:36.682042|PBFTSeal-1-0x00007feef9a07700|[g:1][CONSENSUS][SEALER]++++++++++++++++ Generating seal on,blkNum=569,tx=0,nodeIdx=3,hash=18730080...
info|2025-10-12 23:04:36.694208|PBFT-1-0x00007fef01216700|[g:1][CONSENSUS][PBFT]checkTimeout Succ,view=255,toView=256,nodeIdx=3,changeCycle=1,myNode=87d00b98...,timecost=8
info|2025-10-12 23:04:36.710320|PBFT-1-0x00007fef01216700|[g:1][CONSENSUS][PBFT]checkAndChangeView: Reach consensus,org_view=255,cur_changeCycle=1,curView=255,view=256
info|2025-10-12 23:04:37.725677|PBFT-1-0x00007fef01216700|[g:1][CONSENSUS]addRawPrepare,height=569,reqIdx=0,hash=0cbc4e54...,time=0
info|2025-10-12 23:04:37.732307|PBFT-1-0x00007fef01216700|[g:1][CONSENSUS][PBFT]checkTimeout Succ,view=256,toView=257,nodeIdx=3,changeCycle=1,myNode=87d00b98...,timecost=7
info|2025-10-12 23:04:37.741581|PBFT-1-0x00007fef01216700|[g:1][CONSENSUS][PBFT]checkAndChangeView: Reach consensus,org_view=256,cur_changeCycle=1,curView=256,view=257
info|2025-10-12 23:04:40.885869|io_service-0x00007fef1b24a700|[P2P][Service] heartBeat,connected count=3
warning|2025-10-12 23:04:42.248173|PBFT-1-0x00007fef01216700|[g:1][CONSENSUS][PBFT]ViewChangeWarning: not caused by omit empty block ,v=257,toV=258,curNum=568,hash=31e4bff8...,nodeIdx=3,myNode=87d00b98...
info|2025-10-12 23:04:42.252223|PBFT-1-0x00007fef01216700|[g:1][CONSENSUS][PBFT]checkTimeout Succ,view=257,toView=258,nodeIdx=3,changeCycle=2,myNode=87d00b98...,timecost=7
info|2025-10-12 23:04:42.261459|PBFT-1-0x00007fef01216700|[g:1][CONSENSUS][PBFT]checkAndChangeView: Reach consensus,org_view=257,cur_changeCycle=2,curView=257,view=258
info|2025-10-12 23:04:43.267655|PBFT-1-0x00007fef01216700|[g:1][CONSENSUS]addRawPrepare,height=569,reqIdx=2,hash=b01f399f...,time=0
info|2025-10-12 23:04:43.273383|PBFT-1-0x00007fef01216700|[g:1][CONSENSUS][PBFT]checkTimeout Succ,view=258,toView=259,nodeIdx=3,changeCycle=1,myNode=87d00b98...,timecost=5
info|2025-10-12 23:04:43.285200|PBFT-1-0x00007fef01216700|[g:1][CONSENSUS][PBFT]checkAndChangeView: Reach consensus,org_view=258,cur_changeCycle=1,curView=258,view=259
info|2025-10-12 23:04:44.286524|PBFTSeal-1-0x00007feef9a07700|[g:1][CONSENSUS][SEALER]++++++++++++++++ Generating seal on,blkNum=569,tx=0,nodeIdx=3,hash=3fe087fe...
info|2025-10-12 23:04:44.303119|PBFT-1-0x00007fef01216700|[g:1][CONSENSUS][PBFT]checkTimeout Succ,view=259,toView=260,nodeIdx=3,changeCycle=1,myNode=87d00b98...,timecost=4
info|2025-10-12 23:04:44.310873|PBFT-1-0x00007fef01216700|[g:1][CONSENSUS][PBFT]checkAndChangeView: Reach consensus,org_view=259,cur_changeCycle=1,curView=259,view=260
info|2025-10-12 23:04:45.326187|PBFT-1-0x00007fef01216700|[g:1][CONSENSUS]addRawPrepare,height=569,reqIdx=0,hash=dea7a5a2...,time=0
info|2025-10-12 23:04:45.339463|PBFT-1-0x00007fef01216700|[g:1][CONSENSUS][PBFT]checkTimeout Succ,view=260,toView=261,nodeIdx=3,changeCycle=1,myNode=87d00b98...,timecost=13
info|2025-10-12 23:04:45.358806|PBFT-1-0x00007fef01216700|[g:1][CONSENSUS][PBFT]checkAndChangeView: Reach consensus,org_view=260,cur_changeCycle=1,curView=260,view=261
warning|2025-10-12 23:04:49.866183|PBFT-1-0x00007fef01216700|[g:1][CONSENSUS][PBFT]ViewChangeWarning: not caused by omit empty block ,v=261,toV=262,curNum=568,hash=31e4bff8...,nodeIdx=3,myNode=87d00b98...
info|2025-10-12 23:04:49.867079|PBFT-1-0x00007fef01216700|[g:1][CONSENSUS][PBFT]checkTimeout Succ,view=261,toView=262,nodeIdx=3,changeCycle=2,myNode=87d00b98...,timecost=4
info|2025-10-12 23:04:49.873817|PBFT-1-0x00007fef01216700|[g:1][CONSENSUS][PBFT]checkAndChangeView: Reach consensus,org_view=261,cur_changeCycle=2,curView=261,view=262
info|2025-10-12 23:04:50.886820|io_service-0x00007fef1b24a700|[P2P][Service] heartBeat,connected count=3
info|2025-10-12 23:04:50.889728|PBFT-1-0x00007fef01216700|[g:1][CONSENSUS]addRawPrepare,height=569,reqIdx=2,hash=43572075...,time=0
info|2025-10-12 23:04:50.902141|PBFT-1-0x00007fef01216700|[g:1][CONSENSUS][PBFT]checkTimeout Succ,view=262,toView=263,nodeIdx=3,changeCycle=1,myNode=87d00b98...,timecost=13
info|2025-10-12 23:04:50.913340|PBFT-1-0x00007fef01216700|[g:1][CONSENSUS][PBFT]checkAndChangeView: Reach consensus,org_view=262,cur_changeCycle=1,curView=262,view=263
info|2025-10-12 23:04:51.914273|PBFTSeal-1-0x00007feef9a07700|[g:1][CONSENSUS][SEALER]++++++++++++++++ Generating seal on,blkNum=569,tx=0,nodeIdx=3,hash=98599e1c...
info|2025-10-12 23:04:51.920638|PBFT-1-0x00007fef01216700|[g:1][CONSENSUS][PBFT]checkTimeout Succ,view=263,toView=264,nodeIdx=3,changeCycle=1,myNode=87d00b98...,timecost=2
info|2025-10-12 23:04:51.939331|PBFT-1-0x00007fef01216700|[g:1][CONSENSUS][PBFT]checkAndChangeView: Reach consensus,org_view=263,cur_changeCycle=1,curView=263,view=264
info|2025-10-12 23:04:52.947283|PBFT-1-0x00007fef01216700|[g:1][CONSENSUS]addRawPrepare,height=569,reqIdx=0,hash=541730c3...,time=0
info|2025-10-12 23:04:52.950666|PBFT-1-0x00007fef01216700|[g:1][CONSENSUS][PBFT]checkTimeout Succ,view=264,toView=265,nodeIdx=3,changeCycle=1,myNode=87d00b98...,timecost=3
info|2025-10-12 23:04:52.972740|PBFT-1-0x00007fef01216700|[g:1][CONSENSUS][PBFT]checkAndChangeView: Reach consensus,org_view=264,cur_changeCycle=1,curView=264,view=265
info|2025-10-12 23:04:57.264733|P2P-0x00007fef1ba4b700|[g:1] [SYNC][id:87d00b98...][Download][Request]Receive block request,peer=374bdfe9...,from=184,to=184
info|2025-10-12 23:04:57.265524|SyncSend-1-0x00007fef0da2f700|[g:1][SYNC][id:87d00b98...][Download][Request][BlockSync]Batch blocks for sending,blockSize=24480,number=184,peer=374bdfe9...,timeCost=0
info|2025-10-12 23:04:57.265657|SyncSend-1-0x00007fef0da2f700|[g:1][g:1] [SYNC][id:374bdfe9...][Download][Request][BlockSync]Send block packet,peer=374bdfe9...,blocks=1,bytes(V)=24487
warning|2025-10-12 23:04:57.483188|PBFT-1-0x00007fef01216700|[g:1][CONSENSUS][PBFT]ViewChangeWarning: not caused by omit empty block ,v=265,toV=266,curNum=568,hash=31e4bff8...,nodeIdx=3,myNode=87d00b98...
info|2025-10-12 23:04:57.497826|PBFT-1-0x00007fef01216700|[g:1][CONSENSUS][PBFT]checkTimeout Succ,view=265,toView=266,nodeIdx=3,changeCycle=2,myNode=87d00b98...,timecost=17
info|2025-10-12 23:04:57.504407|PBFT-1-0x00007fef01216700|[g:1][CONSENSUS][PBFT]checkAndChangeView: Reach consensus,org_view=265,cur_changeCycle=2,curView=265,view=266
info|2025-10-12 23:04:58.517132|PBFT-1-0x00007fef01216700|[g:1][CONSENSUS]addRawPrepare,height=569,reqIdx=2,hash=5f916634...,time=0
info|2025-10-12 23:04:58.523039|PBFT-1-0x00007fef01216700|[g:1][CONSENSUS][PBFT]checkTimeout Succ,view=266,toView=267,nodeIdx=3,changeCycle=1,myNode=87d00b98...,timecost=6
info|2025-10-12 23:04:58.529855|PBFT-1-0x00007fef01216700|[g:1][CONSENSUS][PBFT]checkAndChangeView: Reach consensus,org_view=266,cur_changeCycle=1,curView=266,view=267
info|2025-10-12 23:04:59.530066|PBFTSeal-1-0x00007feef9a07700|[g:1][CONSENSUS][SEALER]++++++++++++++++ Generating seal on,blkNum=569,tx=0,nodeIdx=3,hash=f1b87a5d...
info|2025-10-12 23:04:59.544099|PBFT-1-0x00007fef01216700|[g:1][CONSENSUS][PBFT]checkTimeout Succ,view=267,toView=268,nodeIdx=3,changeCycle=1,myNode=87d00b98...,timecost=4
info|2025-10-12 23:04:59.549778|PBFT-1-0x00007fef01216700|[g:1][CONSENSUS][PBFT]checkAndChangeView: Reach consensus,org_view=267,cur_changeCycle=1,curView=267,view=268
info|2025-10-12 23:04:59.925104|fisco-bcos-0x00007fef1dfc3dc0|[LEDGER]stop sealer,groupID=1
info|2025-10-12 23:04:59.925200|fisco-bcos-0x00007fef1dfc3dc0|[CONSENSUS][SEALER]Stop sealer module...
info|2025-10-12 23:04:59.926108|fisco-bcos-0x00007fef1dfc3dc0|[CONSENSUS][ConsensusEngine][Stop ConsensusEngineBase]
info|2025-10-12 23:04:59.928340|fisco-bcos-0x00007fef1dfc3dc0|[CONSENSUS][ConsensusEngine]ConsensusEngineBase stopped
info|2025-10-12 23:04:59.928423|fisco-bcos-0x00007fef1dfc3dc0|[LEDGER]sealer stopped. stop sync,groupID=1
info|2025-10-12 23:04:59.929128|fisco-bcos-0x00007fef1dfc3dc0|[g:1] [SYNC][id:87d00b98...]SyncMsgEngine stopped
info|2025-10-12 23:04:59.947144|fisco-bcos-0x00007fef1dfc3dc0|[GossipBlockStatus]stop GossipBlockStatus succ
info|2025-10-12 23:05:00.554474|fisco-bcos-0x00007fef1dfc3dc0|[SYNC][id:87d00b98...][g:1]SyncMaster stopped
info|2025-10-12 23:05:00.554646|fisco-bcos-0x00007fef1dfc3dc0|[LEDGER]sync stopped. stop event filter manager,groupID=1
info|2025-10-12 23:05:00.651730|fisco-bcos-0x00007fef1dfc3dc0|[EVENT][EventLogFilterManager]stop
info|2025-10-12 23:05:00.651865|fisco-bcos-0x00007fef1dfc3dc0|[LEDGER]event filter manager stopped. stop tx pool,groupID=1
info|2025-10-12 23:05:00.653265|fisco-bcos-0x00007fef1dfc3dc0|[LEDGER]removeNetworkStatHandlerByGroupID and removeGroupBandwidthLimiter for service,groupID=1
info|2025-10-12 23:05:00.653334|fisco-bcos-0x00007fef1dfc3dc0|[CHANNEL]removeSDKAllowListByGroupId,groupId=1
info|2025-10-12 23:05:00.653351|fisco-bcos-0x00007fef1dfc3dc0|[INITIALIZER]ledgerInitializer stopped
info|2025-10-12 23:05:00.887055|io_service-0x00007fef1b24a700|[P2P][Service] heartBeat,connected count=3
info|2025-10-12 23:05:01.234564|io_service-0x00007fef1b24a700|[NETWORK][Session]doRead failed,endpoint=127.0.0.1:53964,message=short read (SSL routines, SSL routines)
info|2025-10-12 23:05:01.234644|io_service-0x00007fef1b24a700|[NETWORK][Session]drop, call and erase all callbackFunc of the session!,endpoint=127.0.0.1:53964
info|2025-10-12 23:05:01.234673|io_service-0x00007fef1b24a700|[NETWORK][Session][drop] closing remote 127.0.0.1:53964,reason=Low-level TCP communication failed.,endpoint=127.0.0.1:53964
info|2025-10-12 23:05:01.234845|io_service-0x00007fef1b24a700|[NETWORK][Session]Session inactive
info|2025-10-12 23:05:01.234862|io_service-0x00007fef1b24a700|[NETWORK][Session]Session inactive
info|2025-10-12 23:05:01.234872|io_service-0x00007fef1b24a700|[NETWORK][Session][drop] shutdown failed ,code=9,message=Bad file descriptor
info|2025-10-12 23:05:01.234966|P2P-0x00007fef1d24e700|[P2P][Service] disconnect inactive P2PSession,nodeID=064cb676...,endpoint=127.0.0.1:53964,code=3,what=Disconnect
info|2025-10-12 23:05:01.235009|P2P-0x00007fef1d24e700|[P2P][Service] onDisconnect,code=3,what=Dynamic exception type: dev::network::NetworkException
std::exception::what: Disconnect
info|2025-10-12 23:05:01.433910|io_service-0x00007fef1b24a700|[NETWORK][Session]doRead failed,endpoint=127.0.0.1:53970,message=short read (SSL routines, SSL routines)
info|2025-10-12 23:05:01.433977|io_service-0x00007fef1b24a700|[NETWORK][Session]drop, call and erase all callbackFunc of the session!,endpoint=127.0.0.1:53970
info|2025-10-12 23:05:01.434046|io_service-0x00007fef1b24a700|[NETWORK][Session][drop] closing remote 127.0.0.1:53970,reason=Low-level TCP communication failed.,endpoint=127.0.0.1:53970
info|2025-10-12 23:05:01.434084|P2P-0x00007fef1c24c700|[P2P][Service] disconnect inactive P2PSession,nodeID=73994dae...,endpoint=127.0.0.1:53970,code=3,what=Disconnect
info|2025-10-12 23:05:01.434111|P2P-0x00007fef1c24c700|[P2P][Service] onDisconnect,code=3,what=Dynamic exception type: dev::network::NetworkException
std::exception::what: Disconnect
info|2025-10-12 23:05:01.434279|io_service-0x00007fef1b24a700|[NETWORK][Session][drop] shutdown failed ,code=9,message=Bad file descriptor
info|2025-10-12 23:05:01.654114|fisco-bcos-0x00007fef1dfc3dc0|[INITIALIZER]ChannelRPCHttpServer deleted.
info|2025-10-12 23:05:01.655091|fisco-bcos-0x00007fef1dfc3dc0|[INITIALIZER]JsonrpcHttpServer deleted.
info|2025-10-12 23:05:01.655176|fisco-bcos-0x00007fef1dfc3dc0|[INITIALIZER]RPCInitializer stopped
info|2025-10-12 23:05:01.655339|io_service-0x00007fef1b24a700|[NETWORK][Host]Host exit
info|2025-10-12 23:05:01.659620|fisco-bcos-0x00007fef1dfc3dc0|[INITIALIZER]P2PInitializer stopped
info|2025-10-12 23:05:01.659756|fisco-bcos-0x00007fef1dfc3dc0|[LEDGER]stop sealer,groupID=1
info|2025-10-12 23:05:01.659781|fisco-bcos-0x00007fef1dfc3dc0|[LEDGER]sealer stopped. stop sync,groupID=1
info|2025-10-12 23:05:01.659798|fisco-bcos-0x00007fef1dfc3dc0|[g:1] [SYNC][id:87d00b98...]SyncMsgEngine stopped
info|2025-10-12 23:05:01.659815|fisco-bcos-0x00007fef1dfc3dc0|[GossipBlockStatus]GossipBlockStatus already stopped
info|2025-10-12 23:05:01.659823|fisco-bcos-0x00007fef1dfc3dc0|[SYNC][id:87d00b98...][g:1]SyncMaster stopped
info|2025-10-12 23:05:01.659832|fisco-bcos-0x00007fef1dfc3dc0|[LEDGER]sync stopped. stop event filter manager,groupID=1
info|2025-10-12 23:05:01.659839|fisco-bcos-0x00007fef1dfc3dc0|[LEDGER]event filter manager stopped. stop tx pool,groupID=1
info|2025-10-12 23:05:01.659851|fisco-bcos-0x00007fef1dfc3dc0|[LEDGER]removeNetworkStatHandlerByGroupID and removeGroupBandwidthLimiter for service,groupID=1
info|2025-10-12 23:05:01.659875|fisco-bcos-0x00007fef1dfc3dc0|[g:1][STORAGE][CachedStorage]Stopping flushStorage thread
info|2025-10-12 23:05:01.948183|fisco-bcos-0x00007fef1dfc3dc0|[g:1][STORAGE][CachedStorage]flushStorage thread stopped.
info|2025-10-12 23:05:01.948264|fisco-bcos-0x00007fef1dfc3dc0|[DBINITIALIZER] storage stopped
info|2025-10-12 23:05:01.958078|fisco-bcos-0x00007fef1dfc3dc0|[g:1] [SYNC][id:87d00b98...]SyncMsgEngine stopped
info|2025-10-12 23:05:01.958167|fisco-bcos-0x00007fef1dfc3dc0|[GossipBlockStatus]GossipBlockStatus already stopped
info|2025-10-12 23:05:01.958181|fisco-bcos-0x00007fef1dfc3dc0|[SYNC][id:87d00b98...][g:1]SyncMaster stopped
info|2025-10-12 23:05:01.958216|fisco-bcos-0x00007fef1dfc3dc0|[g:1] [SYNC][id:87d00b98...]SyncMsgEngine stopped
